<?xml version="1.0" encoding="UTF-8"?>
<testsuite name="my.pkg.addressbook.tests.ContactModificationTest" tests="1" skipped="0" failures="0" errors="0" timestamp="2020-06-25T12:50:15" hostname="DESKTOP-2S7B9KC" time="12.209">
  <properties/>
  <testcase name="testContactModification" classname="my.pkg.addressbook.tests.ContactModificationTest" time="12.209"/>
  <system-out><![CDATA[15:50:11.185 [Test worker] INFO  my.pkg.addressbook.tests.TestBase - Start test testContactModificationwith parameters []
15:50:11.186 [Forwarding findElements on session 14f61660-7bcc-4279-b6a3-7163a94e0626 to remote] DEBUG o.a.netty.request.NettyRequestSender - Using pooled Channel '[id: 0x7c68b8df, L:/127.0.0.1:64390 - R:localhost/127.0.0.1:10889]' for 'POST' to 'http://localhost:10889/session/14f61660-7bcc-4279-b6a3-7163a94e0626/elements'
15:50:11.186 [Forwarding findElements on session 14f61660-7bcc-4279-b6a3-7163a94e0626 to remote] DEBUG o.a.netty.request.NettyRequestSender - Using open Channel [id: 0x7c68b8df, L:/127.0.0.1:64390 - R:localhost/127.0.0.1:10889] for POST '/session/14f61660-7bcc-4279-b6a3-7163a94e0626/elements'
15:50:11.198 [AsyncHttpClient-3-1] DEBUG o.a.netty.handler.HttpHandler - 

Request DefaultHttpRequest(decodeResult: success, version: HTTP/1.1)
POST /session/14f61660-7bcc-4279-b6a3-7163a94e0626/elements HTTP/1.1
User-Agent: selenium/4.0.0-alpha-5 (java windows)
Content-Length: 59
Content-Type: application/json; charset=utf-8
host: localhost:10889
accept: */*

Response DefaultHttpResponse(decodeResult: success, version: HTTP/1.1)
HTTP/1.1 200 OK
content-type: application/json; charset=utf-8
cache-control: no-cache
content-length: 4514
date: Thu, 25 Jun 2020 12:50:11 GMT

15:50:11.198 [AsyncHttpClient-3-1] DEBUG o.a.netty.channel.ChannelManager - Adding key: http://localhost:10889 for channel [id: 0x7c68b8df, L:/127.0.0.1:64390 - R:localhost/127.0.0.1:10889]
15:50:11.199 [Forwarding findChildElement on session 14f61660-7bcc-4279-b6a3-7163a94e0626 to remote] DEBUG o.a.netty.request.NettyRequestSender - Using pooled Channel '[id: 0x7c68b8df, L:/127.0.0.1:64390 - R:localhost/127.0.0.1:10889]' for 'POST' to 'http://localhost:10889/session/14f61660-7bcc-4279-b6a3-7163a94e0626/element/a9982b11-17d5-4145-a2bc-90cd4d5fa68d/element'
15:50:11.199 [Forwarding findChildElement on session 14f61660-7bcc-4279-b6a3-7163a94e0626 to remote] DEBUG o.a.netty.request.NettyRequestSender - Using open Channel [id: 0x7c68b8df, L:/127.0.0.1:64390 - R:localhost/127.0.0.1:10889] for POST '/session/14f61660-7bcc-4279-b6a3-7163a94e0626/element/a9982b11-17d5-4145-a2bc-90cd4d5fa68d/element'
15:50:11.203 [AsyncHttpClient-3-1] DEBUG o.a.netty.handler.HttpHandler - 

Request DefaultHttpRequest(decodeResult: success, version: HTTP/1.1)
POST /session/14f61660-7bcc-4279-b6a3-7163a94e0626/element/a9982b11-17d5-4145-a2bc-90cd4d5fa68d/element HTTP/1.1
User-Agent: selenium/4.0.0-alpha-5 (java windows)
Content-Length: 103
Content-Type: application/json; charset=utf-8
host: localhost:10889
accept: */*

Response DefaultHttpResponse(decodeResult: success, version: HTTP/1.1)
HTTP/1.1 200 OK
content-type: application/json; charset=utf-8
cache-control: no-cache
content-length: 88
date: Thu, 25 Jun 2020 12:50:11 GMT

15:50:11.203 [AsyncHttpClient-3-1] DEBUG o.a.netty.channel.ChannelManager - Adding key: http://localhost:10889 for channel [id: 0x7c68b8df, L:/127.0.0.1:64390 - R:localhost/127.0.0.1:10889]
15:50:11.203 [Forwarding getElementText on session 14f61660-7bcc-4279-b6a3-7163a94e0626 to remote] DEBUG o.a.netty.request.NettyRequestSender - Using pooled Channel '[id: 0x7c68b8df, L:/127.0.0.1:64390 - R:localhost/127.0.0.1:10889]' for 'GET' to 'http://localhost:10889/session/14f61660-7bcc-4279-b6a3-7163a94e0626/element/84329efa-9573-4b9f-9642-ce4b9ae9de51/text'
15:50:11.203 [Forwarding getElementText on session 14f61660-7bcc-4279-b6a3-7163a94e0626 to remote] DEBUG o.a.netty.request.NettyRequestSender - Using open Channel [id: 0x7c68b8df, L:/127.0.0.1:64390 - R:localhost/127.0.0.1:10889] for GET '/session/14f61660-7bcc-4279-b6a3-7163a94e0626/element/84329efa-9573-4b9f-9642-ce4b9ae9de51/text'
15:50:11.208 [AsyncHttpClient-3-1] DEBUG o.a.netty.handler.HttpHandler - 

Request DefaultFullHttpRequest(decodeResult: success, version: HTTP/1.1, content: EmptyByteBufBE)
GET /session/14f61660-7bcc-4279-b6a3-7163a94e0626/element/84329efa-9573-4b9f-9642-ce4b9ae9de51/text HTTP/1.1
User-Agent: selenium/4.0.0-alpha-5 (java windows)
Cache-Control: no-cache
host: localhost:10889
accept: */*

Response DefaultHttpResponse(decodeResult: success, version: HTTP/1.1)
HTTP/1.1 200 OK
content-type: application/json; charset=utf-8
cache-control: no-cache
content-length: 12
date: Thu, 25 Jun 2020 12:50:11 GMT

15:50:11.208 [AsyncHttpClient-3-1] DEBUG o.a.netty.channel.ChannelManager - Adding key: http://localhost:10889 for channel [id: 0x7c68b8df, L:/127.0.0.1:64390 - R:localhost/127.0.0.1:10889]
15:50:11.208 [Forwarding findChildElement on session 14f61660-7bcc-4279-b6a3-7163a94e0626 to remote] DEBUG o.a.netty.request.NettyRequestSender - Using pooled Channel '[id: 0x7c68b8df, L:/127.0.0.1:64390 - R:localhost/127.0.0.1:10889]' for 'POST' to 'http://localhost:10889/session/14f61660-7bcc-4279-b6a3-7163a94e0626/element/a9982b11-17d5-4145-a2bc-90cd4d5fa68d/element'
15:50:11.209 [Forwarding findChildElement on session 14f61660-7bcc-4279-b6a3-7163a94e0626 to remote] DEBUG o.a.netty.request.NettyRequestSender - Using open Channel [id: 0x7c68b8df, L:/127.0.0.1:64390 - R:localhost/127.0.0.1:10889] for POST '/session/14f61660-7bcc-4279-b6a3-7163a94e0626/element/a9982b11-17d5-4145-a2bc-90cd4d5fa68d/element'
15:50:11.213 [AsyncHttpClient-3-1] DEBUG o.a.netty.handler.HttpHandler - 

Request DefaultHttpRequest(decodeResult: success, version: HTTP/1.1)
POST /session/14f61660-7bcc-4279-b6a3-7163a94e0626/element/a9982b11-17d5-4145-a2bc-90cd4d5fa68d/element HTTP/1.1
User-Agent: selenium/4.0.0-alpha-5 (java windows)
Content-Length: 103
Content-Type: application/json; charset=utf-8
host: localhost:10889
accept: */*

Response DefaultHttpResponse(decodeResult: success, version: HTTP/1.1)
HTTP/1.1 200 OK
content-type: application/json; charset=utf-8
cache-control: no-cache
content-length: 88
date: Thu, 25 Jun 2020 12:50:11 GMT

15:50:11.213 [AsyncHttpClient-3-1] DEBUG o.a.netty.channel.ChannelManager - Adding key: http://localhost:10889 for channel [id: 0x7c68b8df, L:/127.0.0.1:64390 - R:localhost/127.0.0.1:10889]
15:50:11.214 [Forwarding getElementText on session 14f61660-7bcc-4279-b6a3-7163a94e0626 to remote] DEBUG o.a.netty.request.NettyRequestSender - Using pooled Channel '[id: 0x7c68b8df, L:/127.0.0.1:64390 - R:localhost/127.0.0.1:10889]' for 'GET' to 'http://localhost:10889/session/14f61660-7bcc-4279-b6a3-7163a94e0626/element/ba84d9b7-e0fc-4a60-8f33-2b084a109efa/text'
15:50:11.214 [Forwarding getElementText on session 14f61660-7bcc-4279-b6a3-7163a94e0626 to remote] DEBUG o.a.netty.request.NettyRequestSender - Using open Channel [id: 0x7c68b8df, L:/127.0.0.1:64390 - R:localhost/127.0.0.1:10889] for GET '/session/14f61660-7bcc-4279-b6a3-7163a94e0626/element/ba84d9b7-e0fc-4a60-8f33-2b084a109efa/text'
15:50:11.219 [AsyncHttpClient-3-1] DEBUG o.a.netty.handler.HttpHandler - 

Request DefaultFullHttpRequest(decodeResult: success, version: HTTP/1.1, content: EmptyByteBufBE)
GET /session/14f61660-7bcc-4279-b6a3-7163a94e0626/element/ba84d9b7-e0fc-4a60-8f33-2b084a109efa/text HTTP/1.1
User-Agent: selenium/4.0.0-alpha-5 (java windows)
Cache-Control: no-cache
host: localhost:10889
accept: */*

Response DefaultHttpResponse(decodeResult: success, version: HTTP/1.1)
HTTP/1.1 200 OK
content-type: application/json; charset=utf-8
cache-control: no-cache
content-length: 22
date: Thu, 25 Jun 2020 12:50:11 GMT

15:50:11.219 [AsyncHttpClient-3-1] DEBUG o.a.netty.channel.ChannelManager - Adding key: http://localhost:10889 for channel [id: 0x7c68b8df, L:/127.0.0.1:64390 - R:localhost/127.0.0.1:10889]
15:50:11.219 [Forwarding findChildElement on session 14f61660-7bcc-4279-b6a3-7163a94e0626 to remote] DEBUG o.a.netty.request.NettyRequestSender - Using pooled Channel '[id: 0x7c68b8df, L:/127.0.0.1:64390 - R:localhost/127.0.0.1:10889]' for 'POST' to 'http://localhost:10889/session/14f61660-7bcc-4279-b6a3-7163a94e0626/element/a9982b11-17d5-4145-a2bc-90cd4d5fa68d/element'
15:50:11.219 [Forwarding findChildElement on session 14f61660-7bcc-4279-b6a3-7163a94e0626 to remote] DEBUG o.a.netty.request.NettyRequestSender - Using open Channel [id: 0x7c68b8df, L:/127.0.0.1:64390 - R:localhost/127.0.0.1:10889] for POST '/session/14f61660-7bcc-4279-b6a3-7163a94e0626/element/a9982b11-17d5-4145-a2bc-90cd4d5fa68d/element'
15:50:11.223 [AsyncHttpClient-3-1] DEBUG o.a.netty.handler.HttpHandler - 

Request DefaultHttpRequest(decodeResult: success, version: HTTP/1.1)
POST /session/14f61660-7bcc-4279-b6a3-7163a94e0626/element/a9982b11-17d5-4145-a2bc-90cd4d5fa68d/element HTTP/1.1
User-Agent: selenium/4.0.0-alpha-5 (java windows)
Content-Length: 103
Content-Type: application/json; charset=utf-8
host: localhost:10889
accept: */*

Response DefaultHttpResponse(decodeResult: success, version: HTTP/1.1)
HTTP/1.1 200 OK
content-type: application/json; charset=utf-8
cache-control: no-cache
content-length: 88
date: Thu, 25 Jun 2020 12:50:11 GMT

15:50:11.223 [AsyncHttpClient-3-1] DEBUG o.a.netty.channel.ChannelManager - Adding key: http://localhost:10889 for channel [id: 0x7c68b8df, L:/127.0.0.1:64390 - R:localhost/127.0.0.1:10889]
15:50:11.223 [Forwarding getElementText on session 14f61660-7bcc-4279-b6a3-7163a94e0626 to remote] DEBUG o.a.netty.request.NettyRequestSender - Using pooled Channel '[id: 0x7c68b8df, L:/127.0.0.1:64390 - R:localhost/127.0.0.1:10889]' for 'GET' to 'http://localhost:10889/session/14f61660-7bcc-4279-b6a3-7163a94e0626/element/71d7dbd2-43ba-4518-9d92-117cf96d22fd/text'
15:50:11.223 [Forwarding getElementText on session 14f61660-7bcc-4279-b6a3-7163a94e0626 to remote] DEBUG o.a.netty.request.NettyRequestSender - Using open Channel [id: 0x7c68b8df, L:/127.0.0.1:64390 - R:localhost/127.0.0.1:10889] for GET '/session/14f61660-7bcc-4279-b6a3-7163a94e0626/element/71d7dbd2-43ba-4518-9d92-117cf96d22fd/text'
15:50:11.228 [AsyncHttpClient-3-1] DEBUG o.a.netty.handler.HttpHandler - 

Request DefaultFullHttpRequest(decodeResult: success, version: HTTP/1.1, content: EmptyByteBufBE)
GET /session/14f61660-7bcc-4279-b6a3-7163a94e0626/element/71d7dbd2-43ba-4518-9d92-117cf96d22fd/text HTTP/1.1
User-Agent: selenium/4.0.0-alpha-5 (java windows)
Cache-Control: no-cache
host: localhost:10889
accept: */*

Response DefaultHttpResponse(decodeResult: success, version: HTTP/1.1)
HTTP/1.1 200 OK
content-type: application/json; charset=utf-8
cache-control: no-cache
content-length: 21
date: Thu, 25 Jun 2020 12:50:11 GMT

15:50:11.228 [AsyncHttpClient-3-1] DEBUG o.a.netty.channel.ChannelManager - Adding key: http://localhost:10889 for channel [id: 0x7c68b8df, L:/127.0.0.1:64390 - R:localhost/127.0.0.1:10889]
15:50:11.229 [Forwarding findChildElement on session 14f61660-7bcc-4279-b6a3-7163a94e0626 to remote] DEBUG o.a.netty.request.NettyRequestSender - Using pooled Channel '[id: 0x7c68b8df, L:/127.0.0.1:64390 - R:localhost/127.0.0.1:10889]' for 'POST' to 'http://localhost:10889/session/14f61660-7bcc-4279-b6a3-7163a94e0626/element/a9982b11-17d5-4145-a2bc-90cd4d5fa68d/element'
15:50:11.229 [Forwarding findChildElement on session 14f61660-7bcc-4279-b6a3-7163a94e0626 to remote] DEBUG o.a.netty.request.NettyRequestSender - Using open Channel [id: 0x7c68b8df, L:/127.0.0.1:64390 - R:localhost/127.0.0.1:10889] for POST '/session/14f61660-7bcc-4279-b6a3-7163a94e0626/element/a9982b11-17d5-4145-a2bc-90cd4d5fa68d/element'
15:50:11.232 [AsyncHttpClient-3-1] DEBUG o.a.netty.handler.HttpHandler - 

Request DefaultHttpRequest(decodeResult: success, version: HTTP/1.1)
POST /session/14f61660-7bcc-4279-b6a3-7163a94e0626/element/a9982b11-17d5-4145-a2bc-90cd4d5fa68d/element HTTP/1.1
User-Agent: selenium/4.0.0-alpha-5 (java windows)
Content-Length: 103
Content-Type: application/json; charset=utf-8
host: localhost:10889
accept: */*

Response DefaultHttpResponse(decodeResult: success, version: HTTP/1.1)
HTTP/1.1 200 OK
content-type: application/json; charset=utf-8
cache-control: no-cache
content-length: 88
date: Thu, 25 Jun 2020 12:50:11 GMT

15:50:11.232 [AsyncHttpClient-3-1] DEBUG o.a.netty.channel.ChannelManager - Adding key: http://localhost:10889 for channel [id: 0x7c68b8df, L:/127.0.0.1:64390 - R:localhost/127.0.0.1:10889]
15:50:11.232 [Forwarding getElementText on session 14f61660-7bcc-4279-b6a3-7163a94e0626 to remote] DEBUG o.a.netty.request.NettyRequestSender - Using pooled Channel '[id: 0x7c68b8df, L:/127.0.0.1:64390 - R:localhost/127.0.0.1:10889]' for 'GET' to 'http://localhost:10889/session/14f61660-7bcc-4279-b6a3-7163a94e0626/element/1e83bf27-a1aa-45a0-80f3-7c0d4e322684/text'
15:50:11.232 [Forwarding getElementText on session 14f61660-7bcc-4279-b6a3-7163a94e0626 to remote] DEBUG o.a.netty.request.NettyRequestSender - Using open Channel [id: 0x7c68b8df, L:/127.0.0.1:64390 - R:localhost/127.0.0.1:10889] for GET '/session/14f61660-7bcc-4279-b6a3-7163a94e0626/element/1e83bf27-a1aa-45a0-80f3-7c0d4e322684/text'
15:50:11.237 [AsyncHttpClient-3-1] DEBUG o.a.netty.handler.HttpHandler - 

Request DefaultFullHttpRequest(decodeResult: success, version: HTTP/1.1, content: EmptyByteBufBE)
GET /session/14f61660-7bcc-4279-b6a3-7163a94e0626/element/1e83bf27-a1aa-45a0-80f3-7c0d4e322684/text HTTP/1.1
User-Agent: selenium/4.0.0-alpha-5 (java windows)
Cache-Control: no-cache
host: localhost:10889
accept: */*

Response DefaultHttpResponse(decodeResult: success, version: HTTP/1.1)
HTTP/1.1 200 OK
content-type: application/json; charset=utf-8
cache-control: no-cache
content-length: 45
date: Thu, 25 Jun 2020 12:50:11 GMT

15:50:11.237 [AsyncHttpClient-3-1] DEBUG o.a.netty.channel.ChannelManager - Adding key: http://localhost:10889 for channel [id: 0x7c68b8df, L:/127.0.0.1:64390 - R:localhost/127.0.0.1:10889]
15:50:11.238 [Forwarding findChildElement on session 14f61660-7bcc-4279-b6a3-7163a94e0626 to remote] DEBUG o.a.netty.request.NettyRequestSender - Using pooled Channel '[id: 0x7c68b8df, L:/127.0.0.1:64390 - R:localhost/127.0.0.1:10889]' for 'POST' to 'http://localhost:10889/session/14f61660-7bcc-4279-b6a3-7163a94e0626/element/a9982b11-17d5-4145-a2bc-90cd4d5fa68d/element'
15:50:11.238 [Forwarding findChildElement on session 14f61660-7bcc-4279-b6a3-7163a94e0626 to remote] DEBUG o.a.netty.request.NettyRequestSender - Using open Channel [id: 0x7c68b8df, L:/127.0.0.1:64390 - R:localhost/127.0.0.1:10889] for POST '/session/14f61660-7bcc-4279-b6a3-7163a94e0626/element/a9982b11-17d5-4145-a2bc-90cd4d5fa68d/element'
15:50:11.241 [AsyncHttpClient-3-1] DEBUG o.a.netty.handler.HttpHandler - 

Request DefaultHttpRequest(decodeResult: success, version: HTTP/1.1)
POST /session/14f61660-7bcc-4279-b6a3-7163a94e0626/element/a9982b11-17d5-4145-a2bc-90cd4d5fa68d/element HTTP/1.1
User-Agent: selenium/4.0.0-alpha-5 (java windows)
Content-Length: 103
Content-Type: application/json; charset=utf-8
host: localhost:10889
accept: */*

Response DefaultHttpResponse(decodeResult: success, version: HTTP/1.1)
HTTP/1.1 200 OK
content-type: application/json; charset=utf-8
cache-control: no-cache
content-length: 88
date: Thu, 25 Jun 2020 12:50:11 GMT

15:50:11.241 [AsyncHttpClient-3-1] DEBUG o.a.netty.channel.ChannelManager - Adding key: http://localhost:10889 for channel [id: 0x7c68b8df, L:/127.0.0.1:64390 - R:localhost/127.0.0.1:10889]
15:50:11.242 [Forwarding getElementText on session 14f61660-7bcc-4279-b6a3-7163a94e0626 to remote] DEBUG o.a.netty.request.NettyRequestSender - Using pooled Channel '[id: 0x7c68b8df, L:/127.0.0.1:64390 - R:localhost/127.0.0.1:10889]' for 'GET' to 'http://localhost:10889/session/14f61660-7bcc-4279-b6a3-7163a94e0626/element/d70c17c3-5255-4871-83b0-44909864e58a/text'
15:50:11.242 [Forwarding getElementText on session 14f61660-7bcc-4279-b6a3-7163a94e0626 to remote] DEBUG o.a.netty.request.NettyRequestSender - Using open Channel [id: 0x7c68b8df, L:/127.0.0.1:64390 - R:localhost/127.0.0.1:10889] for GET '/session/14f61660-7bcc-4279-b6a3-7163a94e0626/element/d70c17c3-5255-4871-83b0-44909864e58a/text'
15:50:11.250 [AsyncHttpClient-3-1] DEBUG o.a.netty.handler.HttpHandler - 

Request DefaultFullHttpRequest(decodeResult: success, version: HTTP/1.1, content: EmptyByteBufBE)
GET /session/14f61660-7bcc-4279-b6a3-7163a94e0626/element/d70c17c3-5255-4871-83b0-44909864e58a/text HTTP/1.1
User-Agent: selenium/4.0.0-alpha-5 (java windows)
Cache-Control: no-cache
host: localhost:10889
accept: */*

Response DefaultHttpResponse(decodeResult: success, version: HTTP/1.1)
HTTP/1.1 200 OK
content-type: application/json; charset=utf-8
cache-control: no-cache
content-length: 57
date: Thu, 25 Jun 2020 12:50:11 GMT

15:50:11.251 [AsyncHttpClient-3-1] DEBUG o.a.netty.channel.ChannelManager - Adding key: http://localhost:10889 for channel [id: 0x7c68b8df, L:/127.0.0.1:64390 - R:localhost/127.0.0.1:10889]
15:50:11.251 [Forwarding findChildElement on session 14f61660-7bcc-4279-b6a3-7163a94e0626 to remote] DEBUG o.a.netty.request.NettyRequestSender - Using pooled Channel '[id: 0x7c68b8df, L:/127.0.0.1:64390 - R:localhost/127.0.0.1:10889]' for 'POST' to 'http://localhost:10889/session/14f61660-7bcc-4279-b6a3-7163a94e0626/element/a9982b11-17d5-4145-a2bc-90cd4d5fa68d/element'
15:50:11.251 [Forwarding findChildElement on session 14f61660-7bcc-4279-b6a3-7163a94e0626 to remote] DEBUG o.a.netty.request.NettyRequestSender - Using open Channel [id: 0x7c68b8df, L:/127.0.0.1:64390 - R:localhost/127.0.0.1:10889] for POST '/session/14f61660-7bcc-4279-b6a3-7163a94e0626/element/a9982b11-17d5-4145-a2bc-90cd4d5fa68d/element'
15:50:11.255 [AsyncHttpClient-3-1] DEBUG o.a.netty.handler.HttpHandler - 

Request DefaultHttpRequest(decodeResult: success, version: HTTP/1.1)
POST /session/14f61660-7bcc-4279-b6a3-7163a94e0626/element/a9982b11-17d5-4145-a2bc-90cd4d5fa68d/element HTTP/1.1
User-Agent: selenium/4.0.0-alpha-5 (java windows)
Content-Length: 97
Content-Type: application/json; charset=utf-8
host: localhost:10889
accept: */*

Response DefaultHttpResponse(decodeResult: success, version: HTTP/1.1)
HTTP/1.1 200 OK
content-type: application/json; charset=utf-8
cache-control: no-cache
content-length: 88
date: Thu, 25 Jun 2020 12:50:11 GMT

15:50:11.255 [AsyncHttpClient-3-1] DEBUG o.a.netty.channel.ChannelManager - Adding key: http://localhost:10889 for channel [id: 0x7c68b8df, L:/127.0.0.1:64390 - R:localhost/127.0.0.1:10889]
15:50:11.258 [Forwarding getElementAttribute on session 14f61660-7bcc-4279-b6a3-7163a94e0626 to remote] DEBUG o.a.netty.request.NettyRequestSender - Using pooled Channel '[id: 0x7c68b8df, L:/127.0.0.1:64390 - R:localhost/127.0.0.1:10889]' for 'POST' to 'http://localhost:10889/session/14f61660-7bcc-4279-b6a3-7163a94e0626/execute/sync'
15:50:11.258 [Forwarding getElementAttribute on session 14f61660-7bcc-4279-b6a3-7163a94e0626 to remote] DEBUG o.a.netty.request.NettyRequestSender - Using open Channel [id: 0x7c68b8df, L:/127.0.0.1:64390 - R:localhost/127.0.0.1:10889] for POST '/session/14f61660-7bcc-4279-b6a3-7163a94e0626/execute/sync'
15:50:11.271 [AsyncHttpClient-3-1] DEBUG o.a.netty.handler.HttpHandler - 

Request DefaultHttpRequest(decodeResult: success, version: HTTP/1.1)
POST /session/14f61660-7bcc-4279-b6a3-7163a94e0626/execute/sync HTTP/1.1
User-Agent: selenium/4.0.0-alpha-5 (java windows)
Content-Length: 39635
Content-Type: application/json; charset=utf-8
host: localhost:10889
accept: */*

Response DefaultHttpResponse(decodeResult: success, version: HTTP/1.1)
HTTP/1.1 200 OK
content-type: application/json; charset=utf-8
cache-control: no-cache
content-length: 15
date: Thu, 25 Jun 2020 12:50:11 GMT

15:50:11.271 [AsyncHttpClient-3-1] DEBUG o.a.netty.channel.ChannelManager - Adding key: http://localhost:10889 for channel [id: 0x7c68b8df, L:/127.0.0.1:64390 - R:localhost/127.0.0.1:10889]
15:50:11.272 [Forwarding findChildElement on session 14f61660-7bcc-4279-b6a3-7163a94e0626 to remote] DEBUG o.a.netty.request.NettyRequestSender - Using pooled Channel '[id: 0x7c68b8df, L:/127.0.0.1:64390 - R:localhost/127.0.0.1:10889]' for 'POST' to 'http://localhost:10889/session/14f61660-7bcc-4279-b6a3-7163a94e0626/element/c5ba24bc-7545-49a5-9a9e-49985ced57a1/element'
15:50:11.272 [Forwarding findChildElement on session 14f61660-7bcc-4279-b6a3-7163a94e0626 to remote] DEBUG o.a.netty.request.NettyRequestSender - Using open Channel [id: 0x7c68b8df, L:/127.0.0.1:64390 - R:localhost/127.0.0.1:10889] for POST '/session/14f61660-7bcc-4279-b6a3-7163a94e0626/element/c5ba24bc-7545-49a5-9a9e-49985ced57a1/element'
15:50:11.275 [AsyncHttpClient-3-1] DEBUG o.a.netty.handler.HttpHandler - 

Request DefaultHttpRequest(decodeResult: success, version: HTTP/1.1)
POST /session/14f61660-7bcc-4279-b6a3-7163a94e0626/element/c5ba24bc-7545-49a5-9a9e-49985ced57a1/element HTTP/1.1
User-Agent: selenium/4.0.0-alpha-5 (java windows)
Content-Length: 103
Content-Type: application/json; charset=utf-8
host: localhost:10889
accept: */*

Response DefaultHttpResponse(decodeResult: success, version: HTTP/1.1)
HTTP/1.1 200 OK
content-type: application/json; charset=utf-8
cache-control: no-cache
content-length: 88
date: Thu, 25 Jun 2020 12:50:11 GMT

15:50:11.275 [AsyncHttpClient-3-1] DEBUG o.a.netty.channel.ChannelManager - Adding key: http://localhost:10889 for channel [id: 0x7c68b8df, L:/127.0.0.1:64390 - R:localhost/127.0.0.1:10889]
15:50:11.275 [Forwarding getElementText on session 14f61660-7bcc-4279-b6a3-7163a94e0626 to remote] DEBUG o.a.netty.request.NettyRequestSender - Using pooled Channel '[id: 0x7c68b8df, L:/127.0.0.1:64390 - R:localhost/127.0.0.1:10889]' for 'GET' to 'http://localhost:10889/session/14f61660-7bcc-4279-b6a3-7163a94e0626/element/23b0f4b5-4ee2-4d59-85ba-d53996bc9fe0/text'
15:50:11.275 [Forwarding getElementText on session 14f61660-7bcc-4279-b6a3-7163a94e0626 to remote] DEBUG o.a.netty.request.NettyRequestSender - Using open Channel [id: 0x7c68b8df, L:/127.0.0.1:64390 - R:localhost/127.0.0.1:10889] for GET '/session/14f61660-7bcc-4279-b6a3-7163a94e0626/element/23b0f4b5-4ee2-4d59-85ba-d53996bc9fe0/text'
15:50:11.280 [AsyncHttpClient-3-1] DEBUG o.a.netty.handler.HttpHandler - 

Request DefaultFullHttpRequest(decodeResult: success, version: HTTP/1.1, content: EmptyByteBufBE)
GET /session/14f61660-7bcc-4279-b6a3-7163a94e0626/element/23b0f4b5-4ee2-4d59-85ba-d53996bc9fe0/text HTTP/1.1
User-Agent: selenium/4.0.0-alpha-5 (java windows)
Cache-Control: no-cache
host: localhost:10889
accept: */*

Response DefaultHttpResponse(decodeResult: success, version: HTTP/1.1)
HTTP/1.1 200 OK
content-type: application/json; charset=utf-8
cache-control: no-cache
content-length: 18
date: Thu, 25 Jun 2020 12:50:11 GMT

15:50:11.280 [AsyncHttpClient-3-1] DEBUG o.a.netty.channel.ChannelManager - Adding key: http://localhost:10889 for channel [id: 0x7c68b8df, L:/127.0.0.1:64390 - R:localhost/127.0.0.1:10889]
15:50:11.280 [Forwarding findChildElement on session 14f61660-7bcc-4279-b6a3-7163a94e0626 to remote] DEBUG o.a.netty.request.NettyRequestSender - Using pooled Channel '[id: 0x7c68b8df, L:/127.0.0.1:64390 - R:localhost/127.0.0.1:10889]' for 'POST' to 'http://localhost:10889/session/14f61660-7bcc-4279-b6a3-7163a94e0626/element/c5ba24bc-7545-49a5-9a9e-49985ced57a1/element'
15:50:11.280 [Forwarding findChildElement on session 14f61660-7bcc-4279-b6a3-7163a94e0626 to remote] DEBUG o.a.netty.request.NettyRequestSender - Using open Channel [id: 0x7c68b8df, L:/127.0.0.1:64390 - R:localhost/127.0.0.1:10889] for POST '/session/14f61660-7bcc-4279-b6a3-7163a94e0626/element/c5ba24bc-7545-49a5-9a9e-49985ced57a1/element'
15:50:11.284 [AsyncHttpClient-3-1] DEBUG o.a.netty.handler.HttpHandler - 

Request DefaultHttpRequest(decodeResult: success, version: HTTP/1.1)
POST /session/14f61660-7bcc-4279-b6a3-7163a94e0626/element/c5ba24bc-7545-49a5-9a9e-49985ced57a1/element HTTP/1.1
User-Agent: selenium/4.0.0-alpha-5 (java windows)
Content-Length: 103
Content-Type: application/json; charset=utf-8
host: localhost:10889
accept: */*

Response DefaultHttpResponse(decodeResult: success, version: HTTP/1.1)
HTTP/1.1 200 OK
content-type: application/json; charset=utf-8
cache-control: no-cache
content-length: 88
date: Thu, 25 Jun 2020 12:50:11 GMT

15:50:11.284 [AsyncHttpClient-3-1] DEBUG o.a.netty.channel.ChannelManager - Adding key: http://localhost:10889 for channel [id: 0x7c68b8df, L:/127.0.0.1:64390 - R:localhost/127.0.0.1:10889]
15:50:11.284 [Forwarding getElementText on session 14f61660-7bcc-4279-b6a3-7163a94e0626 to remote] DEBUG o.a.netty.request.NettyRequestSender - Using pooled Channel '[id: 0x7c68b8df, L:/127.0.0.1:64390 - R:localhost/127.0.0.1:10889]' for 'GET' to 'http://localhost:10889/session/14f61660-7bcc-4279-b6a3-7163a94e0626/element/7c559298-e47b-4ef3-b6bf-b2e1aaee7a53/text'
15:50:11.284 [Forwarding getElementText on session 14f61660-7bcc-4279-b6a3-7163a94e0626 to remote] DEBUG o.a.netty.request.NettyRequestSender - Using open Channel [id: 0x7c68b8df, L:/127.0.0.1:64390 - R:localhost/127.0.0.1:10889] for GET '/session/14f61660-7bcc-4279-b6a3-7163a94e0626/element/7c559298-e47b-4ef3-b6bf-b2e1aaee7a53/text'
15:50:11.289 [AsyncHttpClient-3-1] DEBUG o.a.netty.handler.HttpHandler - 

Request DefaultFullHttpRequest(decodeResult: success, version: HTTP/1.1, content: EmptyByteBufBE)
GET /session/14f61660-7bcc-4279-b6a3-7163a94e0626/element/7c559298-e47b-4ef3-b6bf-b2e1aaee7a53/text HTTP/1.1
User-Agent: selenium/4.0.0-alpha-5 (java windows)
Cache-Control: no-cache
host: localhost:10889
accept: */*

Response DefaultHttpResponse(decodeResult: success, version: HTTP/1.1)
HTTP/1.1 200 OK
content-type: application/json; charset=utf-8
cache-control: no-cache
content-length: 22
date: Thu, 25 Jun 2020 12:50:11 GMT

15:50:11.289 [AsyncHttpClient-3-1] DEBUG o.a.netty.channel.ChannelManager - Adding key: http://localhost:10889 for channel [id: 0x7c68b8df, L:/127.0.0.1:64390 - R:localhost/127.0.0.1:10889]
15:50:11.290 [Forwarding findChildElement on session 14f61660-7bcc-4279-b6a3-7163a94e0626 to remote] DEBUG o.a.netty.request.NettyRequestSender - Using pooled Channel '[id: 0x7c68b8df, L:/127.0.0.1:64390 - R:localhost/127.0.0.1:10889]' for 'POST' to 'http://localhost:10889/session/14f61660-7bcc-4279-b6a3-7163a94e0626/element/c5ba24bc-7545-49a5-9a9e-49985ced57a1/element'
15:50:11.290 [Forwarding findChildElement on session 14f61660-7bcc-4279-b6a3-7163a94e0626 to remote] DEBUG o.a.netty.request.NettyRequestSender - Using open Channel [id: 0x7c68b8df, L:/127.0.0.1:64390 - R:localhost/127.0.0.1:10889] for POST '/session/14f61660-7bcc-4279-b6a3-7163a94e0626/element/c5ba24bc-7545-49a5-9a9e-49985ced57a1/element'
15:50:11.294 [AsyncHttpClient-3-1] DEBUG o.a.netty.handler.HttpHandler - 

Request DefaultHttpRequest(decodeResult: success, version: HTTP/1.1)
POST /session/14f61660-7bcc-4279-b6a3-7163a94e0626/element/c5ba24bc-7545-49a5-9a9e-49985ced57a1/element HTTP/1.1
User-Agent: selenium/4.0.0-alpha-5 (java windows)
Content-Length: 103
Content-Type: application/json; charset=utf-8
host: localhost:10889
accept: */*

Response DefaultHttpResponse(decodeResult: success, version: HTTP/1.1)
HTTP/1.1 200 OK
content-type: application/json; charset=utf-8
cache-control: no-cache
content-length: 88
date: Thu, 25 Jun 2020 12:50:11 GMT

15:50:11.294 [AsyncHttpClient-3-1] DEBUG o.a.netty.channel.ChannelManager - Adding key: http://localhost:10889 for channel [id: 0x7c68b8df, L:/127.0.0.1:64390 - R:localhost/127.0.0.1:10889]
15:50:11.295 [Forwarding getElementText on session 14f61660-7bcc-4279-b6a3-7163a94e0626 to remote] DEBUG o.a.netty.request.NettyRequestSender - Using pooled Channel '[id: 0x7c68b8df, L:/127.0.0.1:64390 - R:localhost/127.0.0.1:10889]' for 'GET' to 'http://localhost:10889/session/14f61660-7bcc-4279-b6a3-7163a94e0626/element/a70dfd33-790c-4c92-834e-c768f1834901/text'
15:50:11.295 [Forwarding getElementText on session 14f61660-7bcc-4279-b6a3-7163a94e0626 to remote] DEBUG o.a.netty.request.NettyRequestSender - Using open Channel [id: 0x7c68b8df, L:/127.0.0.1:64390 - R:localhost/127.0.0.1:10889] for GET '/session/14f61660-7bcc-4279-b6a3-7163a94e0626/element/a70dfd33-790c-4c92-834e-c768f1834901/text'
15:50:11.300 [AsyncHttpClient-3-1] DEBUG o.a.netty.handler.HttpHandler - 

Request DefaultFullHttpRequest(decodeResult: success, version: HTTP/1.1, content: EmptyByteBufBE)
GET /session/14f61660-7bcc-4279-b6a3-7163a94e0626/element/a70dfd33-790c-4c92-834e-c768f1834901/text HTTP/1.1
User-Agent: selenium/4.0.0-alpha-5 (java windows)
Cache-Control: no-cache
host: localhost:10889
accept: */*

Response DefaultHttpResponse(decodeResult: success, version: HTTP/1.1)
HTTP/1.1 200 OK
content-type: application/json; charset=utf-8
cache-control: no-cache
content-length: 21
date: Thu, 25 Jun 2020 12:50:11 GMT

15:50:11.300 [AsyncHttpClient-3-1] DEBUG o.a.netty.channel.ChannelManager - Adding key: http://localhost:10889 for channel [id: 0x7c68b8df, L:/127.0.0.1:64390 - R:localhost/127.0.0.1:10889]
15:50:11.300 [Forwarding findChildElement on session 14f61660-7bcc-4279-b6a3-7163a94e0626 to remote] DEBUG o.a.netty.request.NettyRequestSender - Using pooled Channel '[id: 0x7c68b8df, L:/127.0.0.1:64390 - R:localhost/127.0.0.1:10889]' for 'POST' to 'http://localhost:10889/session/14f61660-7bcc-4279-b6a3-7163a94e0626/element/c5ba24bc-7545-49a5-9a9e-49985ced57a1/element'
15:50:11.300 [Forwarding findChildElement on session 14f61660-7bcc-4279-b6a3-7163a94e0626 to remote] DEBUG o.a.netty.request.NettyRequestSender - Using open Channel [id: 0x7c68b8df, L:/127.0.0.1:64390 - R:localhost/127.0.0.1:10889] for POST '/session/14f61660-7bcc-4279-b6a3-7163a94e0626/element/c5ba24bc-7545-49a5-9a9e-49985ced57a1/element'
15:50:11.304 [AsyncHttpClient-3-1] DEBUG o.a.netty.handler.HttpHandler - 

Request DefaultHttpRequest(decodeResult: success, version: HTTP/1.1)
POST /session/14f61660-7bcc-4279-b6a3-7163a94e0626/element/c5ba24bc-7545-49a5-9a9e-49985ced57a1/element HTTP/1.1
User-Agent: selenium/4.0.0-alpha-5 (java windows)
Content-Length: 103
Content-Type: application/json; charset=utf-8
host: localhost:10889
accept: */*

Response DefaultHttpResponse(decodeResult: success, version: HTTP/1.1)
HTTP/1.1 200 OK
content-type: application/json; charset=utf-8
cache-control: no-cache
content-length: 88
date: Thu, 25 Jun 2020 12:50:11 GMT

15:50:11.304 [AsyncHttpClient-3-1] DEBUG o.a.netty.channel.ChannelManager - Adding key: http://localhost:10889 for channel [id: 0x7c68b8df, L:/127.0.0.1:64390 - R:localhost/127.0.0.1:10889]
15:50:11.304 [Forwarding getElementText on session 14f61660-7bcc-4279-b6a3-7163a94e0626 to remote] DEBUG o.a.netty.request.NettyRequestSender - Using pooled Channel '[id: 0x7c68b8df, L:/127.0.0.1:64390 - R:localhost/127.0.0.1:10889]' for 'GET' to 'http://localhost:10889/session/14f61660-7bcc-4279-b6a3-7163a94e0626/element/bd456fb4-045b-4bcc-933a-837c0c572d28/text'
15:50:11.304 [Forwarding getElementText on session 14f61660-7bcc-4279-b6a3-7163a94e0626 to remote] DEBUG o.a.netty.request.NettyRequestSender - Using open Channel [id: 0x7c68b8df, L:/127.0.0.1:64390 - R:localhost/127.0.0.1:10889] for GET '/session/14f61660-7bcc-4279-b6a3-7163a94e0626/element/bd456fb4-045b-4bcc-933a-837c0c572d28/text'
15:50:11.309 [AsyncHttpClient-3-1] DEBUG o.a.netty.handler.HttpHandler - 

Request DefaultFullHttpRequest(decodeResult: success, version: HTTP/1.1, content: EmptyByteBufBE)
GET /session/14f61660-7bcc-4279-b6a3-7163a94e0626/element/bd456fb4-045b-4bcc-933a-837c0c572d28/text HTTP/1.1
User-Agent: selenium/4.0.0-alpha-5 (java windows)
Cache-Control: no-cache
host: localhost:10889
accept: */*

Response DefaultHttpResponse(decodeResult: success, version: HTTP/1.1)
HTTP/1.1 200 OK
content-type: application/json; charset=utf-8
cache-control: no-cache
content-length: 45
date: Thu, 25 Jun 2020 12:50:11 GMT

15:50:11.309 [AsyncHttpClient-3-1] DEBUG o.a.netty.channel.ChannelManager - Adding key: http://localhost:10889 for channel [id: 0x7c68b8df, L:/127.0.0.1:64390 - R:localhost/127.0.0.1:10889]
15:50:11.309 [Forwarding findChildElement on session 14f61660-7bcc-4279-b6a3-7163a94e0626 to remote] DEBUG o.a.netty.request.NettyRequestSender - Using pooled Channel '[id: 0x7c68b8df, L:/127.0.0.1:64390 - R:localhost/127.0.0.1:10889]' for 'POST' to 'http://localhost:10889/session/14f61660-7bcc-4279-b6a3-7163a94e0626/element/c5ba24bc-7545-49a5-9a9e-49985ced57a1/element'
15:50:11.309 [Forwarding findChildElement on session 14f61660-7bcc-4279-b6a3-7163a94e0626 to remote] DEBUG o.a.netty.request.NettyRequestSender - Using open Channel [id: 0x7c68b8df, L:/127.0.0.1:64390 - R:localhost/127.0.0.1:10889] for POST '/session/14f61660-7bcc-4279-b6a3-7163a94e0626/element/c5ba24bc-7545-49a5-9a9e-49985ced57a1/element'
15:50:11.312 [AsyncHttpClient-3-1] DEBUG o.a.netty.handler.HttpHandler - 

Request DefaultHttpRequest(decodeResult: success, version: HTTP/1.1)
POST /session/14f61660-7bcc-4279-b6a3-7163a94e0626/element/c5ba24bc-7545-49a5-9a9e-49985ced57a1/element HTTP/1.1
User-Agent: selenium/4.0.0-alpha-5 (java windows)
Content-Length: 103
Content-Type: application/json; charset=utf-8
host: localhost:10889
accept: */*

Response DefaultHttpResponse(decodeResult: success, version: HTTP/1.1)
HTTP/1.1 200 OK
content-type: application/json; charset=utf-8
cache-control: no-cache
content-length: 88
date: Thu, 25 Jun 2020 12:50:11 GMT

15:50:11.312 [AsyncHttpClient-3-1] DEBUG o.a.netty.channel.ChannelManager - Adding key: http://localhost:10889 for channel [id: 0x7c68b8df, L:/127.0.0.1:64390 - R:localhost/127.0.0.1:10889]
15:50:11.313 [Forwarding getElementText on session 14f61660-7bcc-4279-b6a3-7163a94e0626 to remote] DEBUG o.a.netty.request.NettyRequestSender - Using pooled Channel '[id: 0x7c68b8df, L:/127.0.0.1:64390 - R:localhost/127.0.0.1:10889]' for 'GET' to 'http://localhost:10889/session/14f61660-7bcc-4279-b6a3-7163a94e0626/element/0edfcdd0-8dc1-4ae3-b84c-e17db43a62a7/text'
15:50:11.313 [Forwarding getElementText on session 14f61660-7bcc-4279-b6a3-7163a94e0626 to remote] DEBUG o.a.netty.request.NettyRequestSender - Using open Channel [id: 0x7c68b8df, L:/127.0.0.1:64390 - R:localhost/127.0.0.1:10889] for GET '/session/14f61660-7bcc-4279-b6a3-7163a94e0626/element/0edfcdd0-8dc1-4ae3-b84c-e17db43a62a7/text'
15:50:11.320 [AsyncHttpClient-3-1] DEBUG o.a.netty.handler.HttpHandler - 

Request DefaultFullHttpRequest(decodeResult: success, version: HTTP/1.1, content: EmptyByteBufBE)
GET /session/14f61660-7bcc-4279-b6a3-7163a94e0626/element/0edfcdd0-8dc1-4ae3-b84c-e17db43a62a7/text HTTP/1.1
User-Agent: selenium/4.0.0-alpha-5 (java windows)
Cache-Control: no-cache
host: localhost:10889
accept: */*

Response DefaultHttpResponse(decodeResult: success, version: HTTP/1.1)
HTTP/1.1 200 OK
content-type: application/json; charset=utf-8
cache-control: no-cache
content-length: 57
date: Thu, 25 Jun 2020 12:50:11 GMT

15:50:11.320 [AsyncHttpClient-3-1] DEBUG o.a.netty.channel.ChannelManager - Adding key: http://localhost:10889 for channel [id: 0x7c68b8df, L:/127.0.0.1:64390 - R:localhost/127.0.0.1:10889]
15:50:11.321 [Forwarding findChildElement on session 14f61660-7bcc-4279-b6a3-7163a94e0626 to remote] DEBUG o.a.netty.request.NettyRequestSender - Using pooled Channel '[id: 0x7c68b8df, L:/127.0.0.1:64390 - R:localhost/127.0.0.1:10889]' for 'POST' to 'http://localhost:10889/session/14f61660-7bcc-4279-b6a3-7163a94e0626/element/c5ba24bc-7545-49a5-9a9e-49985ced57a1/element'
15:50:11.321 [Forwarding findChildElement on session 14f61660-7bcc-4279-b6a3-7163a94e0626 to remote] DEBUG o.a.netty.request.NettyRequestSender - Using open Channel [id: 0x7c68b8df, L:/127.0.0.1:64390 - R:localhost/127.0.0.1:10889] for POST '/session/14f61660-7bcc-4279-b6a3-7163a94e0626/element/c5ba24bc-7545-49a5-9a9e-49985ced57a1/element'
15:50:11.325 [AsyncHttpClient-3-1] DEBUG o.a.netty.handler.HttpHandler - 

Request DefaultHttpRequest(decodeResult: success, version: HTTP/1.1)
POST /session/14f61660-7bcc-4279-b6a3-7163a94e0626/element/c5ba24bc-7545-49a5-9a9e-49985ced57a1/element HTTP/1.1
User-Agent: selenium/4.0.0-alpha-5 (java windows)
Content-Length: 97
Content-Type: application/json; charset=utf-8
host: localhost:10889
accept: */*

Response DefaultHttpResponse(decodeResult: success, version: HTTP/1.1)
HTTP/1.1 200 OK
content-type: application/json; charset=utf-8
cache-control: no-cache
content-length: 88
date: Thu, 25 Jun 2020 12:50:11 GMT

15:50:11.325 [AsyncHttpClient-3-1] DEBUG o.a.netty.channel.ChannelManager - Adding key: http://localhost:10889 for channel [id: 0x7c68b8df, L:/127.0.0.1:64390 - R:localhost/127.0.0.1:10889]
15:50:11.328 [Forwarding getElementAttribute on session 14f61660-7bcc-4279-b6a3-7163a94e0626 to remote] DEBUG o.a.netty.request.NettyRequestSender - Using pooled Channel '[id: 0x7c68b8df, L:/127.0.0.1:64390 - R:localhost/127.0.0.1:10889]' for 'POST' to 'http://localhost:10889/session/14f61660-7bcc-4279-b6a3-7163a94e0626/execute/sync'
15:50:11.328 [Forwarding getElementAttribute on session 14f61660-7bcc-4279-b6a3-7163a94e0626 to remote] DEBUG o.a.netty.request.NettyRequestSender - Using open Channel [id: 0x7c68b8df, L:/127.0.0.1:64390 - R:localhost/127.0.0.1:10889] for POST '/session/14f61660-7bcc-4279-b6a3-7163a94e0626/execute/sync'
15:50:11.341 [AsyncHttpClient-3-1] DEBUG o.a.netty.handler.HttpHandler - 

Request DefaultHttpRequest(decodeResult: success, version: HTTP/1.1)
POST /session/14f61660-7bcc-4279-b6a3-7163a94e0626/execute/sync HTTP/1.1
User-Agent: selenium/4.0.0-alpha-5 (java windows)
Content-Length: 39635
Content-Type: application/json; charset=utf-8
host: localhost:10889
accept: */*

Response DefaultHttpResponse(decodeResult: success, version: HTTP/1.1)
HTTP/1.1 200 OK
content-type: application/json; charset=utf-8
cache-control: no-cache
content-length: 15
date: Thu, 25 Jun 2020 12:50:11 GMT

15:50:11.341 [AsyncHttpClient-3-1] DEBUG o.a.netty.channel.ChannelManager - Adding key: http://localhost:10889 for channel [id: 0x7c68b8df, L:/127.0.0.1:64390 - R:localhost/127.0.0.1:10889]
15:50:11.341 [Forwarding findChildElement on session 14f61660-7bcc-4279-b6a3-7163a94e0626 to remote] DEBUG o.a.netty.request.NettyRequestSender - Using pooled Channel '[id: 0x7c68b8df, L:/127.0.0.1:64390 - R:localhost/127.0.0.1:10889]' for 'POST' to 'http://localhost:10889/session/14f61660-7bcc-4279-b6a3-7163a94e0626/element/03bc1aee-6686-44ee-8e85-7cbe07447b79/element'
15:50:11.342 [Forwarding findChildElement on session 14f61660-7bcc-4279-b6a3-7163a94e0626 to remote] DEBUG o.a.netty.request.NettyRequestSender - Using open Channel [id: 0x7c68b8df, L:/127.0.0.1:64390 - R:localhost/127.0.0.1:10889] for POST '/session/14f61660-7bcc-4279-b6a3-7163a94e0626/element/03bc1aee-6686-44ee-8e85-7cbe07447b79/element'
15:50:11.345 [AsyncHttpClient-3-1] DEBUG o.a.netty.handler.HttpHandler - 

Request DefaultHttpRequest(decodeResult: success, version: HTTP/1.1)
POST /session/14f61660-7bcc-4279-b6a3-7163a94e0626/element/03bc1aee-6686-44ee-8e85-7cbe07447b79/element HTTP/1.1
User-Agent: selenium/4.0.0-alpha-5 (java windows)
Content-Length: 103
Content-Type: application/json; charset=utf-8
host: localhost:10889
accept: */*

Response DefaultHttpResponse(decodeResult: success, version: HTTP/1.1)
HTTP/1.1 200 OK
content-type: application/json; charset=utf-8
cache-control: no-cache
content-length: 88
date: Thu, 25 Jun 2020 12:50:11 GMT

15:50:11.345 [AsyncHttpClient-3-1] DEBUG o.a.netty.channel.ChannelManager - Adding key: http://localhost:10889 for channel [id: 0x7c68b8df, L:/127.0.0.1:64390 - R:localhost/127.0.0.1:10889]
15:50:11.345 [Forwarding getElementText on session 14f61660-7bcc-4279-b6a3-7163a94e0626 to remote] DEBUG o.a.netty.request.NettyRequestSender - Using pooled Channel '[id: 0x7c68b8df, L:/127.0.0.1:64390 - R:localhost/127.0.0.1:10889]' for 'GET' to 'http://localhost:10889/session/14f61660-7bcc-4279-b6a3-7163a94e0626/element/c7c00215-c3f4-4d9e-8129-b8f919f162f7/text'
15:50:11.345 [Forwarding getElementText on session 14f61660-7bcc-4279-b6a3-7163a94e0626 to remote] DEBUG o.a.netty.request.NettyRequestSender - Using open Channel [id: 0x7c68b8df, L:/127.0.0.1:64390 - R:localhost/127.0.0.1:10889] for GET '/session/14f61660-7bcc-4279-b6a3-7163a94e0626/element/c7c00215-c3f4-4d9e-8129-b8f919f162f7/text'
15:50:11.350 [AsyncHttpClient-3-1] DEBUG o.a.netty.handler.HttpHandler - 

Request DefaultFullHttpRequest(decodeResult: success, version: HTTP/1.1, content: EmptyByteBufBE)
GET /session/14f61660-7bcc-4279-b6a3-7163a94e0626/element/c7c00215-c3f4-4d9e-8129-b8f919f162f7/text HTTP/1.1
User-Agent: selenium/4.0.0-alpha-5 (java windows)
Cache-Control: no-cache
host: localhost:10889
accept: */*

Response DefaultHttpResponse(decodeResult: success, version: HTTP/1.1)
HTTP/1.1 200 OK
content-type: application/json; charset=utf-8
cache-control: no-cache
content-length: 18
date: Thu, 25 Jun 2020 12:50:11 GMT

15:50:11.350 [AsyncHttpClient-3-1] DEBUG o.a.netty.channel.ChannelManager - Adding key: http://localhost:10889 for channel [id: 0x7c68b8df, L:/127.0.0.1:64390 - R:localhost/127.0.0.1:10889]
15:50:11.350 [Forwarding findChildElement on session 14f61660-7bcc-4279-b6a3-7163a94e0626 to remote] DEBUG o.a.netty.request.NettyRequestSender - Using pooled Channel '[id: 0x7c68b8df, L:/127.0.0.1:64390 - R:localhost/127.0.0.1:10889]' for 'POST' to 'http://localhost:10889/session/14f61660-7bcc-4279-b6a3-7163a94e0626/element/03bc1aee-6686-44ee-8e85-7cbe07447b79/element'
15:50:11.350 [Forwarding findChildElement on session 14f61660-7bcc-4279-b6a3-7163a94e0626 to remote] DEBUG o.a.netty.request.NettyRequestSender - Using open Channel [id: 0x7c68b8df, L:/127.0.0.1:64390 - R:localhost/127.0.0.1:10889] for POST '/session/14f61660-7bcc-4279-b6a3-7163a94e0626/element/03bc1aee-6686-44ee-8e85-7cbe07447b79/element'
15:50:11.354 [AsyncHttpClient-3-1] DEBUG o.a.netty.handler.HttpHandler - 

Request DefaultHttpRequest(decodeResult: success, version: HTTP/1.1)
POST /session/14f61660-7bcc-4279-b6a3-7163a94e0626/element/03bc1aee-6686-44ee-8e85-7cbe07447b79/element HTTP/1.1
User-Agent: selenium/4.0.0-alpha-5 (java windows)
Content-Length: 103
Content-Type: application/json; charset=utf-8
host: localhost:10889
accept: */*

Response DefaultHttpResponse(decodeResult: success, version: HTTP/1.1)
HTTP/1.1 200 OK
content-type: application/json; charset=utf-8
cache-control: no-cache
content-length: 88
date: Thu, 25 Jun 2020 12:50:11 GMT

15:50:11.354 [AsyncHttpClient-3-1] DEBUG o.a.netty.channel.ChannelManager - Adding key: http://localhost:10889 for channel [id: 0x7c68b8df, L:/127.0.0.1:64390 - R:localhost/127.0.0.1:10889]
15:50:11.354 [Forwarding getElementText on session 14f61660-7bcc-4279-b6a3-7163a94e0626 to remote] DEBUG o.a.netty.request.NettyRequestSender - Using pooled Channel '[id: 0x7c68b8df, L:/127.0.0.1:64390 - R:localhost/127.0.0.1:10889]' for 'GET' to 'http://localhost:10889/session/14f61660-7bcc-4279-b6a3-7163a94e0626/element/a7687b91-3dab-40ae-9b3d-8b2181dd9fd9/text'
15:50:11.354 [Forwarding getElementText on session 14f61660-7bcc-4279-b6a3-7163a94e0626 to remote] DEBUG o.a.netty.request.NettyRequestSender - Using open Channel [id: 0x7c68b8df, L:/127.0.0.1:64390 - R:localhost/127.0.0.1:10889] for GET '/session/14f61660-7bcc-4279-b6a3-7163a94e0626/element/a7687b91-3dab-40ae-9b3d-8b2181dd9fd9/text'
15:50:11.359 [AsyncHttpClient-3-1] DEBUG o.a.netty.handler.HttpHandler - 

Request DefaultFullHttpRequest(decodeResult: success, version: HTTP/1.1, content: EmptyByteBufBE)
GET /session/14f61660-7bcc-4279-b6a3-7163a94e0626/element/a7687b91-3dab-40ae-9b3d-8b2181dd9fd9/text HTTP/1.1
User-Agent: selenium/4.0.0-alpha-5 (java windows)
Cache-Control: no-cache
host: localhost:10889
accept: */*

Response DefaultHttpResponse(decodeResult: success, version: HTTP/1.1)
HTTP/1.1 200 OK
content-type: application/json; charset=utf-8
cache-control: no-cache
content-length: 22
date: Thu, 25 Jun 2020 12:50:11 GMT

15:50:11.359 [AsyncHttpClient-3-1] DEBUG o.a.netty.channel.ChannelManager - Adding key: http://localhost:10889 for channel [id: 0x7c68b8df, L:/127.0.0.1:64390 - R:localhost/127.0.0.1:10889]
15:50:11.360 [Forwarding findChildElement on session 14f61660-7bcc-4279-b6a3-7163a94e0626 to remote] DEBUG o.a.netty.request.NettyRequestSender - Using pooled Channel '[id: 0x7c68b8df, L:/127.0.0.1:64390 - R:localhost/127.0.0.1:10889]' for 'POST' to 'http://localhost:10889/session/14f61660-7bcc-4279-b6a3-7163a94e0626/element/03bc1aee-6686-44ee-8e85-7cbe07447b79/element'
15:50:11.360 [Forwarding findChildElement on session 14f61660-7bcc-4279-b6a3-7163a94e0626 to remote] DEBUG o.a.netty.request.NettyRequestSender - Using open Channel [id: 0x7c68b8df, L:/127.0.0.1:64390 - R:localhost/127.0.0.1:10889] for POST '/session/14f61660-7bcc-4279-b6a3-7163a94e0626/element/03bc1aee-6686-44ee-8e85-7cbe07447b79/element'
15:50:11.363 [AsyncHttpClient-3-1] DEBUG o.a.netty.handler.HttpHandler - 

Request DefaultHttpRequest(decodeResult: success, version: HTTP/1.1)
POST /session/14f61660-7bcc-4279-b6a3-7163a94e0626/element/03bc1aee-6686-44ee-8e85-7cbe07447b79/element HTTP/1.1
User-Agent: selenium/4.0.0-alpha-5 (java windows)
Content-Length: 103
Content-Type: application/json; charset=utf-8
host: localhost:10889
accept: */*

Response DefaultHttpResponse(decodeResult: success, version: HTTP/1.1)
HTTP/1.1 200 OK
content-type: application/json; charset=utf-8
cache-control: no-cache
content-length: 88
date: Thu, 25 Jun 2020 12:50:11 GMT

15:50:11.363 [AsyncHttpClient-3-1] DEBUG o.a.netty.channel.ChannelManager - Adding key: http://localhost:10889 for channel [id: 0x7c68b8df, L:/127.0.0.1:64390 - R:localhost/127.0.0.1:10889]
15:50:11.364 [Forwarding getElementText on session 14f61660-7bcc-4279-b6a3-7163a94e0626 to remote] DEBUG o.a.netty.request.NettyRequestSender - Using pooled Channel '[id: 0x7c68b8df, L:/127.0.0.1:64390 - R:localhost/127.0.0.1:10889]' for 'GET' to 'http://localhost:10889/session/14f61660-7bcc-4279-b6a3-7163a94e0626/element/4c66dac2-76c8-4ebf-ac16-ac12b47a06f5/text'
15:50:11.364 [Forwarding getElementText on session 14f61660-7bcc-4279-b6a3-7163a94e0626 to remote] DEBUG o.a.netty.request.NettyRequestSender - Using open Channel [id: 0x7c68b8df, L:/127.0.0.1:64390 - R:localhost/127.0.0.1:10889] for GET '/session/14f61660-7bcc-4279-b6a3-7163a94e0626/element/4c66dac2-76c8-4ebf-ac16-ac12b47a06f5/text'
15:50:11.368 [AsyncHttpClient-3-1] DEBUG o.a.netty.handler.HttpHandler - 

Request DefaultFullHttpRequest(decodeResult: success, version: HTTP/1.1, content: EmptyByteBufBE)
GET /session/14f61660-7bcc-4279-b6a3-7163a94e0626/element/4c66dac2-76c8-4ebf-ac16-ac12b47a06f5/text HTTP/1.1
User-Agent: selenium/4.0.0-alpha-5 (java windows)
Cache-Control: no-cache
host: localhost:10889
accept: */*

Response DefaultHttpResponse(decodeResult: success, version: HTTP/1.1)
HTTP/1.1 200 OK
content-type: application/json; charset=utf-8
cache-control: no-cache
content-length: 21
date: Thu, 25 Jun 2020 12:50:11 GMT

15:50:11.368 [AsyncHttpClient-3-1] DEBUG o.a.netty.channel.ChannelManager - Adding key: http://localhost:10889 for channel [id: 0x7c68b8df, L:/127.0.0.1:64390 - R:localhost/127.0.0.1:10889]
15:50:11.369 [Forwarding findChildElement on session 14f61660-7bcc-4279-b6a3-7163a94e0626 to remote] DEBUG o.a.netty.request.NettyRequestSender - Using pooled Channel '[id: 0x7c68b8df, L:/127.0.0.1:64390 - R:localhost/127.0.0.1:10889]' for 'POST' to 'http://localhost:10889/session/14f61660-7bcc-4279-b6a3-7163a94e0626/element/03bc1aee-6686-44ee-8e85-7cbe07447b79/element'
15:50:11.369 [Forwarding findChildElement on session 14f61660-7bcc-4279-b6a3-7163a94e0626 to remote] DEBUG o.a.netty.request.NettyRequestSender - Using open Channel [id: 0x7c68b8df, L:/127.0.0.1:64390 - R:localhost/127.0.0.1:10889] for POST '/session/14f61660-7bcc-4279-b6a3-7163a94e0626/element/03bc1aee-6686-44ee-8e85-7cbe07447b79/element'
15:50:11.372 [AsyncHttpClient-3-1] DEBUG o.a.netty.handler.HttpHandler - 

Request DefaultHttpRequest(decodeResult: success, version: HTTP/1.1)
POST /session/14f61660-7bcc-4279-b6a3-7163a94e0626/element/03bc1aee-6686-44ee-8e85-7cbe07447b79/element HTTP/1.1
User-Agent: selenium/4.0.0-alpha-5 (java windows)
Content-Length: 103
Content-Type: application/json; charset=utf-8
host: localhost:10889
accept: */*

Response DefaultHttpResponse(decodeResult: success, version: HTTP/1.1)
HTTP/1.1 200 OK
content-type: application/json; charset=utf-8
cache-control: no-cache
content-length: 88
date: Thu, 25 Jun 2020 12:50:11 GMT

15:50:11.372 [AsyncHttpClient-3-1] DEBUG o.a.netty.channel.ChannelManager - Adding key: http://localhost:10889 for channel [id: 0x7c68b8df, L:/127.0.0.1:64390 - R:localhost/127.0.0.1:10889]
15:50:11.372 [Forwarding getElementText on session 14f61660-7bcc-4279-b6a3-7163a94e0626 to remote] DEBUG o.a.netty.request.NettyRequestSender - Using pooled Channel '[id: 0x7c68b8df, L:/127.0.0.1:64390 - R:localhost/127.0.0.1:10889]' for 'GET' to 'http://localhost:10889/session/14f61660-7bcc-4279-b6a3-7163a94e0626/element/2f21dbee-2023-4181-848f-ba253df1d3b9/text'
15:50:11.373 [Forwarding getElementText on session 14f61660-7bcc-4279-b6a3-7163a94e0626 to remote] DEBUG o.a.netty.request.NettyRequestSender - Using open Channel [id: 0x7c68b8df, L:/127.0.0.1:64390 - R:localhost/127.0.0.1:10889] for GET '/session/14f61660-7bcc-4279-b6a3-7163a94e0626/element/2f21dbee-2023-4181-848f-ba253df1d3b9/text'
15:50:11.377 [AsyncHttpClient-3-1] DEBUG o.a.netty.handler.HttpHandler - 

Request DefaultFullHttpRequest(decodeResult: success, version: HTTP/1.1, content: EmptyByteBufBE)
GET /session/14f61660-7bcc-4279-b6a3-7163a94e0626/element/2f21dbee-2023-4181-848f-ba253df1d3b9/text HTTP/1.1
User-Agent: selenium/4.0.0-alpha-5 (java windows)
Cache-Control: no-cache
host: localhost:10889
accept: */*

Response DefaultHttpResponse(decodeResult: success, version: HTTP/1.1)
HTTP/1.1 200 OK
content-type: application/json; charset=utf-8
cache-control: no-cache
content-length: 45
date: Thu, 25 Jun 2020 12:50:11 GMT

15:50:11.377 [AsyncHttpClient-3-1] DEBUG o.a.netty.channel.ChannelManager - Adding key: http://localhost:10889 for channel [id: 0x7c68b8df, L:/127.0.0.1:64390 - R:localhost/127.0.0.1:10889]
15:50:11.378 [Forwarding findChildElement on session 14f61660-7bcc-4279-b6a3-7163a94e0626 to remote] DEBUG o.a.netty.request.NettyRequestSender - Using pooled Channel '[id: 0x7c68b8df, L:/127.0.0.1:64390 - R:localhost/127.0.0.1:10889]' for 'POST' to 'http://localhost:10889/session/14f61660-7bcc-4279-b6a3-7163a94e0626/element/03bc1aee-6686-44ee-8e85-7cbe07447b79/element'
15:50:11.378 [Forwarding findChildElement on session 14f61660-7bcc-4279-b6a3-7163a94e0626 to remote] DEBUG o.a.netty.request.NettyRequestSender - Using open Channel [id: 0x7c68b8df, L:/127.0.0.1:64390 - R:localhost/127.0.0.1:10889] for POST '/session/14f61660-7bcc-4279-b6a3-7163a94e0626/element/03bc1aee-6686-44ee-8e85-7cbe07447b79/element'
15:50:11.381 [AsyncHttpClient-3-1] DEBUG o.a.netty.handler.HttpHandler - 

Request DefaultHttpRequest(decodeResult: success, version: HTTP/1.1)
POST /session/14f61660-7bcc-4279-b6a3-7163a94e0626/element/03bc1aee-6686-44ee-8e85-7cbe07447b79/element HTTP/1.1
User-Agent: selenium/4.0.0-alpha-5 (java windows)
Content-Length: 103
Content-Type: application/json; charset=utf-8
host: localhost:10889
accept: */*

Response DefaultHttpResponse(decodeResult: success, version: HTTP/1.1)
HTTP/1.1 200 OK
content-type: application/json; charset=utf-8
cache-control: no-cache
content-length: 88
date: Thu, 25 Jun 2020 12:50:11 GMT

15:50:11.381 [AsyncHttpClient-3-1] DEBUG o.a.netty.channel.ChannelManager - Adding key: http://localhost:10889 for channel [id: 0x7c68b8df, L:/127.0.0.1:64390 - R:localhost/127.0.0.1:10889]
15:50:11.381 [Forwarding getElementText on session 14f61660-7bcc-4279-b6a3-7163a94e0626 to remote] DEBUG o.a.netty.request.NettyRequestSender - Using pooled Channel '[id: 0x7c68b8df, L:/127.0.0.1:64390 - R:localhost/127.0.0.1:10889]' for 'GET' to 'http://localhost:10889/session/14f61660-7bcc-4279-b6a3-7163a94e0626/element/0a10ba49-4aef-4930-93b0-73b42781ae06/text'
15:50:11.381 [Forwarding getElementText on session 14f61660-7bcc-4279-b6a3-7163a94e0626 to remote] DEBUG o.a.netty.request.NettyRequestSender - Using open Channel [id: 0x7c68b8df, L:/127.0.0.1:64390 - R:localhost/127.0.0.1:10889] for GET '/session/14f61660-7bcc-4279-b6a3-7163a94e0626/element/0a10ba49-4aef-4930-93b0-73b42781ae06/text'
15:50:11.388 [AsyncHttpClient-3-1] DEBUG o.a.netty.handler.HttpHandler - 

Request DefaultFullHttpRequest(decodeResult: success, version: HTTP/1.1, content: EmptyByteBufBE)
GET /session/14f61660-7bcc-4279-b6a3-7163a94e0626/element/0a10ba49-4aef-4930-93b0-73b42781ae06/text HTTP/1.1
User-Agent: selenium/4.0.0-alpha-5 (java windows)
Cache-Control: no-cache
host: localhost:10889
accept: */*

Response DefaultHttpResponse(decodeResult: success, version: HTTP/1.1)
HTTP/1.1 200 OK
content-type: application/json; charset=utf-8
cache-control: no-cache
content-length: 57
date: Thu, 25 Jun 2020 12:50:11 GMT

15:50:11.389 [AsyncHttpClient-3-1] DEBUG o.a.netty.channel.ChannelManager - Adding key: http://localhost:10889 for channel [id: 0x7c68b8df, L:/127.0.0.1:64390 - R:localhost/127.0.0.1:10889]
15:50:11.389 [Forwarding findChildElement on session 14f61660-7bcc-4279-b6a3-7163a94e0626 to remote] DEBUG o.a.netty.request.NettyRequestSender - Using pooled Channel '[id: 0x7c68b8df, L:/127.0.0.1:64390 - R:localhost/127.0.0.1:10889]' for 'POST' to 'http://localhost:10889/session/14f61660-7bcc-4279-b6a3-7163a94e0626/element/03bc1aee-6686-44ee-8e85-7cbe07447b79/element'
15:50:11.389 [Forwarding findChildElement on session 14f61660-7bcc-4279-b6a3-7163a94e0626 to remote] DEBUG o.a.netty.request.NettyRequestSender - Using open Channel [id: 0x7c68b8df, L:/127.0.0.1:64390 - R:localhost/127.0.0.1:10889] for POST '/session/14f61660-7bcc-4279-b6a3-7163a94e0626/element/03bc1aee-6686-44ee-8e85-7cbe07447b79/element'
15:50:11.392 [AsyncHttpClient-3-1] DEBUG o.a.netty.handler.HttpHandler - 

Request DefaultHttpRequest(decodeResult: success, version: HTTP/1.1)
POST /session/14f61660-7bcc-4279-b6a3-7163a94e0626/element/03bc1aee-6686-44ee-8e85-7cbe07447b79/element HTTP/1.1
User-Agent: selenium/4.0.0-alpha-5 (java windows)
Content-Length: 97
Content-Type: application/json; charset=utf-8
host: localhost:10889
accept: */*

Response DefaultHttpResponse(decodeResult: success, version: HTTP/1.1)
HTTP/1.1 200 OK
content-type: application/json; charset=utf-8
cache-control: no-cache
content-length: 88
date: Thu, 25 Jun 2020 12:50:11 GMT

15:50:11.392 [AsyncHttpClient-3-1] DEBUG o.a.netty.channel.ChannelManager - Adding key: http://localhost:10889 for channel [id: 0x7c68b8df, L:/127.0.0.1:64390 - R:localhost/127.0.0.1:10889]
15:50:11.396 [Forwarding getElementAttribute on session 14f61660-7bcc-4279-b6a3-7163a94e0626 to remote] DEBUG o.a.netty.request.NettyRequestSender - Using pooled Channel '[id: 0x7c68b8df, L:/127.0.0.1:64390 - R:localhost/127.0.0.1:10889]' for 'POST' to 'http://localhost:10889/session/14f61660-7bcc-4279-b6a3-7163a94e0626/execute/sync'
15:50:11.396 [Forwarding getElementAttribute on session 14f61660-7bcc-4279-b6a3-7163a94e0626 to remote] DEBUG o.a.netty.request.NettyRequestSender - Using open Channel [id: 0x7c68b8df, L:/127.0.0.1:64390 - R:localhost/127.0.0.1:10889] for POST '/session/14f61660-7bcc-4279-b6a3-7163a94e0626/execute/sync'
15:50:11.409 [AsyncHttpClient-3-1] DEBUG o.a.netty.handler.HttpHandler - 

Request DefaultHttpRequest(decodeResult: success, version: HTTP/1.1)
POST /session/14f61660-7bcc-4279-b6a3-7163a94e0626/execute/sync HTTP/1.1
User-Agent: selenium/4.0.0-alpha-5 (java windows)
Content-Length: 39635
Content-Type: application/json; charset=utf-8
host: localhost:10889
accept: */*

Response DefaultHttpResponse(decodeResult: success, version: HTTP/1.1)
HTTP/1.1 200 OK
content-type: application/json; charset=utf-8
cache-control: no-cache
content-length: 15
date: Thu, 25 Jun 2020 12:50:11 GMT

15:50:11.409 [AsyncHttpClient-3-1] DEBUG o.a.netty.channel.ChannelManager - Adding key: http://localhost:10889 for channel [id: 0x7c68b8df, L:/127.0.0.1:64390 - R:localhost/127.0.0.1:10889]
15:50:11.409 [Forwarding findChildElement on session 14f61660-7bcc-4279-b6a3-7163a94e0626 to remote] DEBUG o.a.netty.request.NettyRequestSender - Using pooled Channel '[id: 0x7c68b8df, L:/127.0.0.1:64390 - R:localhost/127.0.0.1:10889]' for 'POST' to 'http://localhost:10889/session/14f61660-7bcc-4279-b6a3-7163a94e0626/element/b78ba855-bbf6-4a67-9e39-9ab4a9d14969/element'
15:50:11.409 [Forwarding findChildElement on session 14f61660-7bcc-4279-b6a3-7163a94e0626 to remote] DEBUG o.a.netty.request.NettyRequestSender - Using open Channel [id: 0x7c68b8df, L:/127.0.0.1:64390 - R:localhost/127.0.0.1:10889] for POST '/session/14f61660-7bcc-4279-b6a3-7163a94e0626/element/b78ba855-bbf6-4a67-9e39-9ab4a9d14969/element'
15:50:11.412 [AsyncHttpClient-3-1] DEBUG o.a.netty.handler.HttpHandler - 

Request DefaultHttpRequest(decodeResult: success, version: HTTP/1.1)
POST /session/14f61660-7bcc-4279-b6a3-7163a94e0626/element/b78ba855-bbf6-4a67-9e39-9ab4a9d14969/element HTTP/1.1
User-Agent: selenium/4.0.0-alpha-5 (java windows)
Content-Length: 103
Content-Type: application/json; charset=utf-8
host: localhost:10889
accept: */*

Response DefaultHttpResponse(decodeResult: success, version: HTTP/1.1)
HTTP/1.1 200 OK
content-type: application/json; charset=utf-8
cache-control: no-cache
content-length: 88
date: Thu, 25 Jun 2020 12:50:11 GMT

15:50:11.413 [AsyncHttpClient-3-1] DEBUG o.a.netty.channel.ChannelManager - Adding key: http://localhost:10889 for channel [id: 0x7c68b8df, L:/127.0.0.1:64390 - R:localhost/127.0.0.1:10889]
15:50:11.413 [Forwarding getElementText on session 14f61660-7bcc-4279-b6a3-7163a94e0626 to remote] DEBUG o.a.netty.request.NettyRequestSender - Using pooled Channel '[id: 0x7c68b8df, L:/127.0.0.1:64390 - R:localhost/127.0.0.1:10889]' for 'GET' to 'http://localhost:10889/session/14f61660-7bcc-4279-b6a3-7163a94e0626/element/2a9da712-b700-4b25-b273-45e01de09bcb/text'
15:50:11.413 [Forwarding getElementText on session 14f61660-7bcc-4279-b6a3-7163a94e0626 to remote] DEBUG o.a.netty.request.NettyRequestSender - Using open Channel [id: 0x7c68b8df, L:/127.0.0.1:64390 - R:localhost/127.0.0.1:10889] for GET '/session/14f61660-7bcc-4279-b6a3-7163a94e0626/element/2a9da712-b700-4b25-b273-45e01de09bcb/text'
15:50:11.418 [AsyncHttpClient-3-1] DEBUG o.a.netty.handler.HttpHandler - 

Request DefaultFullHttpRequest(decodeResult: success, version: HTTP/1.1, content: EmptyByteBufBE)
GET /session/14f61660-7bcc-4279-b6a3-7163a94e0626/element/2a9da712-b700-4b25-b273-45e01de09bcb/text HTTP/1.1
User-Agent: selenium/4.0.0-alpha-5 (java windows)
Cache-Control: no-cache
host: localhost:10889
accept: */*

Response DefaultHttpResponse(decodeResult: success, version: HTTP/1.1)
HTTP/1.1 200 OK
content-type: application/json; charset=utf-8
cache-control: no-cache
content-length: 18
date: Thu, 25 Jun 2020 12:50:11 GMT

15:50:11.418 [AsyncHttpClient-3-1] DEBUG o.a.netty.channel.ChannelManager - Adding key: http://localhost:10889 for channel [id: 0x7c68b8df, L:/127.0.0.1:64390 - R:localhost/127.0.0.1:10889]
15:50:11.419 [Forwarding findChildElement on session 14f61660-7bcc-4279-b6a3-7163a94e0626 to remote] DEBUG o.a.netty.request.NettyRequestSender - Using pooled Channel '[id: 0x7c68b8df, L:/127.0.0.1:64390 - R:localhost/127.0.0.1:10889]' for 'POST' to 'http://localhost:10889/session/14f61660-7bcc-4279-b6a3-7163a94e0626/element/b78ba855-bbf6-4a67-9e39-9ab4a9d14969/element'
15:50:11.419 [Forwarding findChildElement on session 14f61660-7bcc-4279-b6a3-7163a94e0626 to remote] DEBUG o.a.netty.request.NettyRequestSender - Using open Channel [id: 0x7c68b8df, L:/127.0.0.1:64390 - R:localhost/127.0.0.1:10889] for POST '/session/14f61660-7bcc-4279-b6a3-7163a94e0626/element/b78ba855-bbf6-4a67-9e39-9ab4a9d14969/element'
15:50:11.423 [AsyncHttpClient-3-1] DEBUG o.a.netty.handler.HttpHandler - 

Request DefaultHttpRequest(decodeResult: success, version: HTTP/1.1)
POST /session/14f61660-7bcc-4279-b6a3-7163a94e0626/element/b78ba855-bbf6-4a67-9e39-9ab4a9d14969/element HTTP/1.1
User-Agent: selenium/4.0.0-alpha-5 (java windows)
Content-Length: 103
Content-Type: application/json; charset=utf-8
host: localhost:10889
accept: */*

Response DefaultHttpResponse(decodeResult: success, version: HTTP/1.1)
HTTP/1.1 200 OK
content-type: application/json; charset=utf-8
cache-control: no-cache
content-length: 88
date: Thu, 25 Jun 2020 12:50:11 GMT

15:50:11.423 [AsyncHttpClient-3-1] DEBUG o.a.netty.channel.ChannelManager - Adding key: http://localhost:10889 for channel [id: 0x7c68b8df, L:/127.0.0.1:64390 - R:localhost/127.0.0.1:10889]
15:50:11.423 [Forwarding getElementText on session 14f61660-7bcc-4279-b6a3-7163a94e0626 to remote] DEBUG o.a.netty.request.NettyRequestSender - Using pooled Channel '[id: 0x7c68b8df, L:/127.0.0.1:64390 - R:localhost/127.0.0.1:10889]' for 'GET' to 'http://localhost:10889/session/14f61660-7bcc-4279-b6a3-7163a94e0626/element/2a84d0fa-f878-4eb0-a1c9-3e0b4522556b/text'
15:50:11.423 [Forwarding getElementText on session 14f61660-7bcc-4279-b6a3-7163a94e0626 to remote] DEBUG o.a.netty.request.NettyRequestSender - Using open Channel [id: 0x7c68b8df, L:/127.0.0.1:64390 - R:localhost/127.0.0.1:10889] for GET '/session/14f61660-7bcc-4279-b6a3-7163a94e0626/element/2a84d0fa-f878-4eb0-a1c9-3e0b4522556b/text'
15:50:11.428 [AsyncHttpClient-3-1] DEBUG o.a.netty.handler.HttpHandler - 

Request DefaultFullHttpRequest(decodeResult: success, version: HTTP/1.1, content: EmptyByteBufBE)
GET /session/14f61660-7bcc-4279-b6a3-7163a94e0626/element/2a84d0fa-f878-4eb0-a1c9-3e0b4522556b/text HTTP/1.1
User-Agent: selenium/4.0.0-alpha-5 (java windows)
Cache-Control: no-cache
host: localhost:10889
accept: */*

Response DefaultHttpResponse(decodeResult: success, version: HTTP/1.1)
HTTP/1.1 200 OK
content-type: application/json; charset=utf-8
cache-control: no-cache
content-length: 22
date: Thu, 25 Jun 2020 12:50:11 GMT

15:50:11.428 [AsyncHttpClient-3-1] DEBUG o.a.netty.channel.ChannelManager - Adding key: http://localhost:10889 for channel [id: 0x7c68b8df, L:/127.0.0.1:64390 - R:localhost/127.0.0.1:10889]
15:50:11.429 [Forwarding findChildElement on session 14f61660-7bcc-4279-b6a3-7163a94e0626 to remote] DEBUG o.a.netty.request.NettyRequestSender - Using pooled Channel '[id: 0x7c68b8df, L:/127.0.0.1:64390 - R:localhost/127.0.0.1:10889]' for 'POST' to 'http://localhost:10889/session/14f61660-7bcc-4279-b6a3-7163a94e0626/element/b78ba855-bbf6-4a67-9e39-9ab4a9d14969/element'
15:50:11.429 [Forwarding findChildElement on session 14f61660-7bcc-4279-b6a3-7163a94e0626 to remote] DEBUG o.a.netty.request.NettyRequestSender - Using open Channel [id: 0x7c68b8df, L:/127.0.0.1:64390 - R:localhost/127.0.0.1:10889] for POST '/session/14f61660-7bcc-4279-b6a3-7163a94e0626/element/b78ba855-bbf6-4a67-9e39-9ab4a9d14969/element'
15:50:11.432 [AsyncHttpClient-3-1] DEBUG o.a.netty.handler.HttpHandler - 

Request DefaultHttpRequest(decodeResult: success, version: HTTP/1.1)
POST /session/14f61660-7bcc-4279-b6a3-7163a94e0626/element/b78ba855-bbf6-4a67-9e39-9ab4a9d14969/element HTTP/1.1
User-Agent: selenium/4.0.0-alpha-5 (java windows)
Content-Length: 103
Content-Type: application/json; charset=utf-8
host: localhost:10889
accept: */*

Response DefaultHttpResponse(decodeResult: success, version: HTTP/1.1)
HTTP/1.1 200 OK
content-type: application/json; charset=utf-8
cache-control: no-cache
content-length: 88
date: Thu, 25 Jun 2020 12:50:11 GMT

15:50:11.432 [AsyncHttpClient-3-1] DEBUG o.a.netty.channel.ChannelManager - Adding key: http://localhost:10889 for channel [id: 0x7c68b8df, L:/127.0.0.1:64390 - R:localhost/127.0.0.1:10889]
15:50:11.433 [Forwarding getElementText on session 14f61660-7bcc-4279-b6a3-7163a94e0626 to remote] DEBUG o.a.netty.request.NettyRequestSender - Using pooled Channel '[id: 0x7c68b8df, L:/127.0.0.1:64390 - R:localhost/127.0.0.1:10889]' for 'GET' to 'http://localhost:10889/session/14f61660-7bcc-4279-b6a3-7163a94e0626/element/27171441-3fb7-4a30-af79-1b141d3b64ec/text'
15:50:11.433 [Forwarding getElementText on session 14f61660-7bcc-4279-b6a3-7163a94e0626 to remote] DEBUG o.a.netty.request.NettyRequestSender - Using open Channel [id: 0x7c68b8df, L:/127.0.0.1:64390 - R:localhost/127.0.0.1:10889] for GET '/session/14f61660-7bcc-4279-b6a3-7163a94e0626/element/27171441-3fb7-4a30-af79-1b141d3b64ec/text'
15:50:11.437 [AsyncHttpClient-3-1] DEBUG o.a.netty.handler.HttpHandler - 

Request DefaultFullHttpRequest(decodeResult: success, version: HTTP/1.1, content: EmptyByteBufBE)
GET /session/14f61660-7bcc-4279-b6a3-7163a94e0626/element/27171441-3fb7-4a30-af79-1b141d3b64ec/text HTTP/1.1
User-Agent: selenium/4.0.0-alpha-5 (java windows)
Cache-Control: no-cache
host: localhost:10889
accept: */*

Response DefaultHttpResponse(decodeResult: success, version: HTTP/1.1)
HTTP/1.1 200 OK
content-type: application/json; charset=utf-8
cache-control: no-cache
content-length: 21
date: Thu, 25 Jun 2020 12:50:11 GMT

15:50:11.438 [AsyncHttpClient-3-1] DEBUG o.a.netty.channel.ChannelManager - Adding key: http://localhost:10889 for channel [id: 0x7c68b8df, L:/127.0.0.1:64390 - R:localhost/127.0.0.1:10889]
15:50:11.438 [Forwarding findChildElement on session 14f61660-7bcc-4279-b6a3-7163a94e0626 to remote] DEBUG o.a.netty.request.NettyRequestSender - Using pooled Channel '[id: 0x7c68b8df, L:/127.0.0.1:64390 - R:localhost/127.0.0.1:10889]' for 'POST' to 'http://localhost:10889/session/14f61660-7bcc-4279-b6a3-7163a94e0626/element/b78ba855-bbf6-4a67-9e39-9ab4a9d14969/element'
15:50:11.438 [Forwarding findChildElement on session 14f61660-7bcc-4279-b6a3-7163a94e0626 to remote] DEBUG o.a.netty.request.NettyRequestSender - Using open Channel [id: 0x7c68b8df, L:/127.0.0.1:64390 - R:localhost/127.0.0.1:10889] for POST '/session/14f61660-7bcc-4279-b6a3-7163a94e0626/element/b78ba855-bbf6-4a67-9e39-9ab4a9d14969/element'
15:50:11.441 [AsyncHttpClient-3-1] DEBUG o.a.netty.handler.HttpHandler - 

Request DefaultHttpRequest(decodeResult: success, version: HTTP/1.1)
POST /session/14f61660-7bcc-4279-b6a3-7163a94e0626/element/b78ba855-bbf6-4a67-9e39-9ab4a9d14969/element HTTP/1.1
User-Agent: selenium/4.0.0-alpha-5 (java windows)
Content-Length: 103
Content-Type: application/json; charset=utf-8
host: localhost:10889
accept: */*

Response DefaultHttpResponse(decodeResult: success, version: HTTP/1.1)
HTTP/1.1 200 OK
content-type: application/json; charset=utf-8
cache-control: no-cache
content-length: 88
date: Thu, 25 Jun 2020 12:50:11 GMT

15:50:11.441 [AsyncHttpClient-3-1] DEBUG o.a.netty.channel.ChannelManager - Adding key: http://localhost:10889 for channel [id: 0x7c68b8df, L:/127.0.0.1:64390 - R:localhost/127.0.0.1:10889]
15:50:11.442 [Forwarding getElementText on session 14f61660-7bcc-4279-b6a3-7163a94e0626 to remote] DEBUG o.a.netty.request.NettyRequestSender - Using pooled Channel '[id: 0x7c68b8df, L:/127.0.0.1:64390 - R:localhost/127.0.0.1:10889]' for 'GET' to 'http://localhost:10889/session/14f61660-7bcc-4279-b6a3-7163a94e0626/element/fda82c14-348c-4c61-8656-a625fcd49488/text'
15:50:11.442 [Forwarding getElementText on session 14f61660-7bcc-4279-b6a3-7163a94e0626 to remote] DEBUG o.a.netty.request.NettyRequestSender - Using open Channel [id: 0x7c68b8df, L:/127.0.0.1:64390 - R:localhost/127.0.0.1:10889] for GET '/session/14f61660-7bcc-4279-b6a3-7163a94e0626/element/fda82c14-348c-4c61-8656-a625fcd49488/text'
15:50:11.446 [AsyncHttpClient-3-1] DEBUG o.a.netty.handler.HttpHandler - 

Request DefaultFullHttpRequest(decodeResult: success, version: HTTP/1.1, content: EmptyByteBufBE)
GET /session/14f61660-7bcc-4279-b6a3-7163a94e0626/element/fda82c14-348c-4c61-8656-a625fcd49488/text HTTP/1.1
User-Agent: selenium/4.0.0-alpha-5 (java windows)
Cache-Control: no-cache
host: localhost:10889
accept: */*

Response DefaultHttpResponse(decodeResult: success, version: HTTP/1.1)
HTTP/1.1 200 OK
content-type: application/json; charset=utf-8
cache-control: no-cache
content-length: 45
date: Thu, 25 Jun 2020 12:50:11 GMT

15:50:11.446 [AsyncHttpClient-3-1] DEBUG o.a.netty.channel.ChannelManager - Adding key: http://localhost:10889 for channel [id: 0x7c68b8df, L:/127.0.0.1:64390 - R:localhost/127.0.0.1:10889]
15:50:11.447 [Forwarding findChildElement on session 14f61660-7bcc-4279-b6a3-7163a94e0626 to remote] DEBUG o.a.netty.request.NettyRequestSender - Using pooled Channel '[id: 0x7c68b8df, L:/127.0.0.1:64390 - R:localhost/127.0.0.1:10889]' for 'POST' to 'http://localhost:10889/session/14f61660-7bcc-4279-b6a3-7163a94e0626/element/b78ba855-bbf6-4a67-9e39-9ab4a9d14969/element'
15:50:11.447 [Forwarding findChildElement on session 14f61660-7bcc-4279-b6a3-7163a94e0626 to remote] DEBUG o.a.netty.request.NettyRequestSender - Using open Channel [id: 0x7c68b8df, L:/127.0.0.1:64390 - R:localhost/127.0.0.1:10889] for POST '/session/14f61660-7bcc-4279-b6a3-7163a94e0626/element/b78ba855-bbf6-4a67-9e39-9ab4a9d14969/element'
15:50:11.451 [AsyncHttpClient-3-1] DEBUG o.a.netty.handler.HttpHandler - 

Request DefaultHttpRequest(decodeResult: success, version: HTTP/1.1)
POST /session/14f61660-7bcc-4279-b6a3-7163a94e0626/element/b78ba855-bbf6-4a67-9e39-9ab4a9d14969/element HTTP/1.1
User-Agent: selenium/4.0.0-alpha-5 (java windows)
Content-Length: 103
Content-Type: application/json; charset=utf-8
host: localhost:10889
accept: */*

Response DefaultHttpResponse(decodeResult: success, version: HTTP/1.1)
HTTP/1.1 200 OK
content-type: application/json; charset=utf-8
cache-control: no-cache
content-length: 88
date: Thu, 25 Jun 2020 12:50:11 GMT

15:50:11.451 [AsyncHttpClient-3-1] DEBUG o.a.netty.channel.ChannelManager - Adding key: http://localhost:10889 for channel [id: 0x7c68b8df, L:/127.0.0.1:64390 - R:localhost/127.0.0.1:10889]
15:50:11.451 [Forwarding getElementText on session 14f61660-7bcc-4279-b6a3-7163a94e0626 to remote] DEBUG o.a.netty.request.NettyRequestSender - Using pooled Channel '[id: 0x7c68b8df, L:/127.0.0.1:64390 - R:localhost/127.0.0.1:10889]' for 'GET' to 'http://localhost:10889/session/14f61660-7bcc-4279-b6a3-7163a94e0626/element/3ff53013-74d1-4f1f-a470-ab9ba4eae573/text'
15:50:11.451 [Forwarding getElementText on session 14f61660-7bcc-4279-b6a3-7163a94e0626 to remote] DEBUG o.a.netty.request.NettyRequestSender - Using open Channel [id: 0x7c68b8df, L:/127.0.0.1:64390 - R:localhost/127.0.0.1:10889] for GET '/session/14f61660-7bcc-4279-b6a3-7163a94e0626/element/3ff53013-74d1-4f1f-a470-ab9ba4eae573/text'
15:50:11.459 [AsyncHttpClient-3-1] DEBUG o.a.netty.handler.HttpHandler - 

Request DefaultFullHttpRequest(decodeResult: success, version: HTTP/1.1, content: EmptyByteBufBE)
GET /session/14f61660-7bcc-4279-b6a3-7163a94e0626/element/3ff53013-74d1-4f1f-a470-ab9ba4eae573/text HTTP/1.1
User-Agent: selenium/4.0.0-alpha-5 (java windows)
Cache-Control: no-cache
host: localhost:10889
accept: */*

Response DefaultHttpResponse(decodeResult: success, version: HTTP/1.1)
HTTP/1.1 200 OK
content-type: application/json; charset=utf-8
cache-control: no-cache
content-length: 57
date: Thu, 25 Jun 2020 12:50:11 GMT

15:50:11.459 [AsyncHttpClient-3-1] DEBUG o.a.netty.channel.ChannelManager - Adding key: http://localhost:10889 for channel [id: 0x7c68b8df, L:/127.0.0.1:64390 - R:localhost/127.0.0.1:10889]
15:50:11.460 [Forwarding findChildElement on session 14f61660-7bcc-4279-b6a3-7163a94e0626 to remote] DEBUG o.a.netty.request.NettyRequestSender - Using pooled Channel '[id: 0x7c68b8df, L:/127.0.0.1:64390 - R:localhost/127.0.0.1:10889]' for 'POST' to 'http://localhost:10889/session/14f61660-7bcc-4279-b6a3-7163a94e0626/element/b78ba855-bbf6-4a67-9e39-9ab4a9d14969/element'
15:50:11.460 [Forwarding findChildElement on session 14f61660-7bcc-4279-b6a3-7163a94e0626 to remote] DEBUG o.a.netty.request.NettyRequestSender - Using open Channel [id: 0x7c68b8df, L:/127.0.0.1:64390 - R:localhost/127.0.0.1:10889] for POST '/session/14f61660-7bcc-4279-b6a3-7163a94e0626/element/b78ba855-bbf6-4a67-9e39-9ab4a9d14969/element'
15:50:11.463 [AsyncHttpClient-3-1] DEBUG o.a.netty.handler.HttpHandler - 

Request DefaultHttpRequest(decodeResult: success, version: HTTP/1.1)
POST /session/14f61660-7bcc-4279-b6a3-7163a94e0626/element/b78ba855-bbf6-4a67-9e39-9ab4a9d14969/element HTTP/1.1
User-Agent: selenium/4.0.0-alpha-5 (java windows)
Content-Length: 97
Content-Type: application/json; charset=utf-8
host: localhost:10889
accept: */*

Response DefaultHttpResponse(decodeResult: success, version: HTTP/1.1)
HTTP/1.1 200 OK
content-type: application/json; charset=utf-8
cache-control: no-cache
content-length: 88
date: Thu, 25 Jun 2020 12:50:11 GMT

15:50:11.463 [AsyncHttpClient-3-1] DEBUG o.a.netty.channel.ChannelManager - Adding key: http://localhost:10889 for channel [id: 0x7c68b8df, L:/127.0.0.1:64390 - R:localhost/127.0.0.1:10889]
15:50:11.466 [Forwarding getElementAttribute on session 14f61660-7bcc-4279-b6a3-7163a94e0626 to remote] DEBUG o.a.netty.request.NettyRequestSender - Using pooled Channel '[id: 0x7c68b8df, L:/127.0.0.1:64390 - R:localhost/127.0.0.1:10889]' for 'POST' to 'http://localhost:10889/session/14f61660-7bcc-4279-b6a3-7163a94e0626/execute/sync'
15:50:11.466 [Forwarding getElementAttribute on session 14f61660-7bcc-4279-b6a3-7163a94e0626 to remote] DEBUG o.a.netty.request.NettyRequestSender - Using open Channel [id: 0x7c68b8df, L:/127.0.0.1:64390 - R:localhost/127.0.0.1:10889] for POST '/session/14f61660-7bcc-4279-b6a3-7163a94e0626/execute/sync'
15:50:11.516 [AsyncHttpClient-3-1] DEBUG o.a.netty.handler.HttpHandler - 

Request DefaultHttpRequest(decodeResult: success, version: HTTP/1.1)
POST /session/14f61660-7bcc-4279-b6a3-7163a94e0626/execute/sync HTTP/1.1
User-Agent: selenium/4.0.0-alpha-5 (java windows)
Content-Length: 39635
Content-Type: application/json; charset=utf-8
host: localhost:10889
accept: */*

Response DefaultHttpResponse(decodeResult: success, version: HTTP/1.1)
HTTP/1.1 200 OK
content-type: application/json; charset=utf-8
cache-control: no-cache
content-length: 15
date: Thu, 25 Jun 2020 12:50:11 GMT

15:50:11.516 [AsyncHttpClient-3-1] DEBUG o.a.netty.channel.ChannelManager - Adding key: http://localhost:10889 for channel [id: 0x7c68b8df, L:/127.0.0.1:64390 - R:localhost/127.0.0.1:10889]
15:50:11.517 [Forwarding findChildElement on session 14f61660-7bcc-4279-b6a3-7163a94e0626 to remote] DEBUG o.a.netty.request.NettyRequestSender - Using pooled Channel '[id: 0x7c68b8df, L:/127.0.0.1:64390 - R:localhost/127.0.0.1:10889]' for 'POST' to 'http://localhost:10889/session/14f61660-7bcc-4279-b6a3-7163a94e0626/element/7258287d-2f15-400e-be3f-03ee0d906f0e/element'
15:50:11.517 [Forwarding findChildElement on session 14f61660-7bcc-4279-b6a3-7163a94e0626 to remote] DEBUG o.a.netty.request.NettyRequestSender - Using open Channel [id: 0x7c68b8df, L:/127.0.0.1:64390 - R:localhost/127.0.0.1:10889] for POST '/session/14f61660-7bcc-4279-b6a3-7163a94e0626/element/7258287d-2f15-400e-be3f-03ee0d906f0e/element'
15:50:11.523 [AsyncHttpClient-3-1] DEBUG o.a.netty.handler.HttpHandler - 

Request DefaultHttpRequest(decodeResult: success, version: HTTP/1.1)
POST /session/14f61660-7bcc-4279-b6a3-7163a94e0626/element/7258287d-2f15-400e-be3f-03ee0d906f0e/element HTTP/1.1
User-Agent: selenium/4.0.0-alpha-5 (java windows)
Content-Length: 103
Content-Type: application/json; charset=utf-8
host: localhost:10889
accept: */*

Response DefaultHttpResponse(decodeResult: success, version: HTTP/1.1)
HTTP/1.1 200 OK
content-type: application/json; charset=utf-8
cache-control: no-cache
content-length: 88
date: Thu, 25 Jun 2020 12:50:11 GMT

15:50:11.523 [AsyncHttpClient-3-1] DEBUG o.a.netty.channel.ChannelManager - Adding key: http://localhost:10889 for channel [id: 0x7c68b8df, L:/127.0.0.1:64390 - R:localhost/127.0.0.1:10889]
15:50:11.523 [Forwarding getElementText on session 14f61660-7bcc-4279-b6a3-7163a94e0626 to remote] DEBUG o.a.netty.request.NettyRequestSender - Using pooled Channel '[id: 0x7c68b8df, L:/127.0.0.1:64390 - R:localhost/127.0.0.1:10889]' for 'GET' to 'http://localhost:10889/session/14f61660-7bcc-4279-b6a3-7163a94e0626/element/53e09871-2c15-4eae-b9a4-9dbd028acddf/text'
15:50:11.523 [Forwarding getElementText on session 14f61660-7bcc-4279-b6a3-7163a94e0626 to remote] DEBUG o.a.netty.request.NettyRequestSender - Using open Channel [id: 0x7c68b8df, L:/127.0.0.1:64390 - R:localhost/127.0.0.1:10889] for GET '/session/14f61660-7bcc-4279-b6a3-7163a94e0626/element/53e09871-2c15-4eae-b9a4-9dbd028acddf/text'
15:50:11.528 [AsyncHttpClient-3-1] DEBUG o.a.netty.handler.HttpHandler - 

Request DefaultFullHttpRequest(decodeResult: success, version: HTTP/1.1, content: EmptyByteBufBE)
GET /session/14f61660-7bcc-4279-b6a3-7163a94e0626/element/53e09871-2c15-4eae-b9a4-9dbd028acddf/text HTTP/1.1
User-Agent: selenium/4.0.0-alpha-5 (java windows)
Cache-Control: no-cache
host: localhost:10889
accept: */*

Response DefaultHttpResponse(decodeResult: success, version: HTTP/1.1)
HTTP/1.1 200 OK
content-type: application/json; charset=utf-8
cache-control: no-cache
content-length: 18
date: Thu, 25 Jun 2020 12:50:11 GMT

15:50:11.528 [AsyncHttpClient-3-1] DEBUG o.a.netty.channel.ChannelManager - Adding key: http://localhost:10889 for channel [id: 0x7c68b8df, L:/127.0.0.1:64390 - R:localhost/127.0.0.1:10889]
15:50:11.529 [Forwarding findChildElement on session 14f61660-7bcc-4279-b6a3-7163a94e0626 to remote] DEBUG o.a.netty.request.NettyRequestSender - Using pooled Channel '[id: 0x7c68b8df, L:/127.0.0.1:64390 - R:localhost/127.0.0.1:10889]' for 'POST' to 'http://localhost:10889/session/14f61660-7bcc-4279-b6a3-7163a94e0626/element/7258287d-2f15-400e-be3f-03ee0d906f0e/element'
15:50:11.529 [Forwarding findChildElement on session 14f61660-7bcc-4279-b6a3-7163a94e0626 to remote] DEBUG o.a.netty.request.NettyRequestSender - Using open Channel [id: 0x7c68b8df, L:/127.0.0.1:64390 - R:localhost/127.0.0.1:10889] for POST '/session/14f61660-7bcc-4279-b6a3-7163a94e0626/element/7258287d-2f15-400e-be3f-03ee0d906f0e/element'
15:50:11.533 [AsyncHttpClient-3-1] DEBUG o.a.netty.handler.HttpHandler - 

Request DefaultHttpRequest(decodeResult: success, version: HTTP/1.1)
POST /session/14f61660-7bcc-4279-b6a3-7163a94e0626/element/7258287d-2f15-400e-be3f-03ee0d906f0e/element HTTP/1.1
User-Agent: selenium/4.0.0-alpha-5 (java windows)
Content-Length: 103
Content-Type: application/json; charset=utf-8
host: localhost:10889
accept: */*

Response DefaultHttpResponse(decodeResult: success, version: HTTP/1.1)
HTTP/1.1 200 OK
content-type: application/json; charset=utf-8
cache-control: no-cache
content-length: 88
date: Thu, 25 Jun 2020 12:50:11 GMT

15:50:11.533 [AsyncHttpClient-3-1] DEBUG o.a.netty.channel.ChannelManager - Adding key: http://localhost:10889 for channel [id: 0x7c68b8df, L:/127.0.0.1:64390 - R:localhost/127.0.0.1:10889]
15:50:11.533 [Forwarding getElementText on session 14f61660-7bcc-4279-b6a3-7163a94e0626 to remote] DEBUG o.a.netty.request.NettyRequestSender - Using pooled Channel '[id: 0x7c68b8df, L:/127.0.0.1:64390 - R:localhost/127.0.0.1:10889]' for 'GET' to 'http://localhost:10889/session/14f61660-7bcc-4279-b6a3-7163a94e0626/element/ebf873a5-d97b-48c5-bf24-50d5ac3120db/text'
15:50:11.534 [Forwarding getElementText on session 14f61660-7bcc-4279-b6a3-7163a94e0626 to remote] DEBUG o.a.netty.request.NettyRequestSender - Using open Channel [id: 0x7c68b8df, L:/127.0.0.1:64390 - R:localhost/127.0.0.1:10889] for GET '/session/14f61660-7bcc-4279-b6a3-7163a94e0626/element/ebf873a5-d97b-48c5-bf24-50d5ac3120db/text'
15:50:11.538 [AsyncHttpClient-3-1] DEBUG o.a.netty.handler.HttpHandler - 

Request DefaultFullHttpRequest(decodeResult: success, version: HTTP/1.1, content: EmptyByteBufBE)
GET /session/14f61660-7bcc-4279-b6a3-7163a94e0626/element/ebf873a5-d97b-48c5-bf24-50d5ac3120db/text HTTP/1.1
User-Agent: selenium/4.0.0-alpha-5 (java windows)
Cache-Control: no-cache
host: localhost:10889
accept: */*

Response DefaultHttpResponse(decodeResult: success, version: HTTP/1.1)
HTTP/1.1 200 OK
content-type: application/json; charset=utf-8
cache-control: no-cache
content-length: 22
date: Thu, 25 Jun 2020 12:50:11 GMT

15:50:11.538 [AsyncHttpClient-3-1] DEBUG o.a.netty.channel.ChannelManager - Adding key: http://localhost:10889 for channel [id: 0x7c68b8df, L:/127.0.0.1:64390 - R:localhost/127.0.0.1:10889]
15:50:11.539 [Forwarding findChildElement on session 14f61660-7bcc-4279-b6a3-7163a94e0626 to remote] DEBUG o.a.netty.request.NettyRequestSender - Using pooled Channel '[id: 0x7c68b8df, L:/127.0.0.1:64390 - R:localhost/127.0.0.1:10889]' for 'POST' to 'http://localhost:10889/session/14f61660-7bcc-4279-b6a3-7163a94e0626/element/7258287d-2f15-400e-be3f-03ee0d906f0e/element'
15:50:11.539 [Forwarding findChildElement on session 14f61660-7bcc-4279-b6a3-7163a94e0626 to remote] DEBUG o.a.netty.request.NettyRequestSender - Using open Channel [id: 0x7c68b8df, L:/127.0.0.1:64390 - R:localhost/127.0.0.1:10889] for POST '/session/14f61660-7bcc-4279-b6a3-7163a94e0626/element/7258287d-2f15-400e-be3f-03ee0d906f0e/element'
15:50:11.545 [AsyncHttpClient-3-1] DEBUG o.a.netty.handler.HttpHandler - 

Request DefaultHttpRequest(decodeResult: success, version: HTTP/1.1)
POST /session/14f61660-7bcc-4279-b6a3-7163a94e0626/element/7258287d-2f15-400e-be3f-03ee0d906f0e/element HTTP/1.1
User-Agent: selenium/4.0.0-alpha-5 (java windows)
Content-Length: 103
Content-Type: application/json; charset=utf-8
host: localhost:10889
accept: */*

Response DefaultHttpResponse(decodeResult: success, version: HTTP/1.1)
HTTP/1.1 200 OK
content-type: application/json; charset=utf-8
cache-control: no-cache
content-length: 88
date: Thu, 25 Jun 2020 12:50:11 GMT

15:50:11.545 [AsyncHttpClient-3-1] DEBUG o.a.netty.channel.ChannelManager - Adding key: http://localhost:10889 for channel [id: 0x7c68b8df, L:/127.0.0.1:64390 - R:localhost/127.0.0.1:10889]
15:50:11.546 [Forwarding getElementText on session 14f61660-7bcc-4279-b6a3-7163a94e0626 to remote] DEBUG o.a.netty.request.NettyRequestSender - Using pooled Channel '[id: 0x7c68b8df, L:/127.0.0.1:64390 - R:localhost/127.0.0.1:10889]' for 'GET' to 'http://localhost:10889/session/14f61660-7bcc-4279-b6a3-7163a94e0626/element/28371c87-a070-43a0-a65d-389dfcfa14fe/text'
15:50:11.546 [Forwarding getElementText on session 14f61660-7bcc-4279-b6a3-7163a94e0626 to remote] DEBUG o.a.netty.request.NettyRequestSender - Using open Channel [id: 0x7c68b8df, L:/127.0.0.1:64390 - R:localhost/127.0.0.1:10889] for GET '/session/14f61660-7bcc-4279-b6a3-7163a94e0626/element/28371c87-a070-43a0-a65d-389dfcfa14fe/text'
15:50:11.551 [AsyncHttpClient-3-1] DEBUG o.a.netty.handler.HttpHandler - 

Request DefaultFullHttpRequest(decodeResult: success, version: HTTP/1.1, content: EmptyByteBufBE)
GET /session/14f61660-7bcc-4279-b6a3-7163a94e0626/element/28371c87-a070-43a0-a65d-389dfcfa14fe/text HTTP/1.1
User-Agent: selenium/4.0.0-alpha-5 (java windows)
Cache-Control: no-cache
host: localhost:10889
accept: */*

Response DefaultHttpResponse(decodeResult: success, version: HTTP/1.1)
HTTP/1.1 200 OK
content-type: application/json; charset=utf-8
cache-control: no-cache
content-length: 21
date: Thu, 25 Jun 2020 12:50:11 GMT

15:50:11.551 [AsyncHttpClient-3-1] DEBUG o.a.netty.channel.ChannelManager - Adding key: http://localhost:10889 for channel [id: 0x7c68b8df, L:/127.0.0.1:64390 - R:localhost/127.0.0.1:10889]
15:50:11.552 [Forwarding findChildElement on session 14f61660-7bcc-4279-b6a3-7163a94e0626 to remote] DEBUG o.a.netty.request.NettyRequestSender - Using pooled Channel '[id: 0x7c68b8df, L:/127.0.0.1:64390 - R:localhost/127.0.0.1:10889]' for 'POST' to 'http://localhost:10889/session/14f61660-7bcc-4279-b6a3-7163a94e0626/element/7258287d-2f15-400e-be3f-03ee0d906f0e/element'
15:50:11.552 [Forwarding findChildElement on session 14f61660-7bcc-4279-b6a3-7163a94e0626 to remote] DEBUG o.a.netty.request.NettyRequestSender - Using open Channel [id: 0x7c68b8df, L:/127.0.0.1:64390 - R:localhost/127.0.0.1:10889] for POST '/session/14f61660-7bcc-4279-b6a3-7163a94e0626/element/7258287d-2f15-400e-be3f-03ee0d906f0e/element'
15:50:11.555 [AsyncHttpClient-3-1] DEBUG o.a.netty.handler.HttpHandler - 

Request DefaultHttpRequest(decodeResult: success, version: HTTP/1.1)
POST /session/14f61660-7bcc-4279-b6a3-7163a94e0626/element/7258287d-2f15-400e-be3f-03ee0d906f0e/element HTTP/1.1
User-Agent: selenium/4.0.0-alpha-5 (java windows)
Content-Length: 103
Content-Type: application/json; charset=utf-8
host: localhost:10889
accept: */*

Response DefaultHttpResponse(decodeResult: success, version: HTTP/1.1)
HTTP/1.1 200 OK
content-type: application/json; charset=utf-8
cache-control: no-cache
content-length: 88
date: Thu, 25 Jun 2020 12:50:11 GMT

15:50:11.555 [AsyncHttpClient-3-1] DEBUG o.a.netty.channel.ChannelManager - Adding key: http://localhost:10889 for channel [id: 0x7c68b8df, L:/127.0.0.1:64390 - R:localhost/127.0.0.1:10889]
15:50:11.556 [Forwarding getElementText on session 14f61660-7bcc-4279-b6a3-7163a94e0626 to remote] DEBUG o.a.netty.request.NettyRequestSender - Using pooled Channel '[id: 0x7c68b8df, L:/127.0.0.1:64390 - R:localhost/127.0.0.1:10889]' for 'GET' to 'http://localhost:10889/session/14f61660-7bcc-4279-b6a3-7163a94e0626/element/d32bb0b8-c031-4e32-815c-37831f090ea5/text'
15:50:11.556 [Forwarding getElementText on session 14f61660-7bcc-4279-b6a3-7163a94e0626 to remote] DEBUG o.a.netty.request.NettyRequestSender - Using open Channel [id: 0x7c68b8df, L:/127.0.0.1:64390 - R:localhost/127.0.0.1:10889] for GET '/session/14f61660-7bcc-4279-b6a3-7163a94e0626/element/d32bb0b8-c031-4e32-815c-37831f090ea5/text'
15:50:11.561 [AsyncHttpClient-3-1] DEBUG o.a.netty.handler.HttpHandler - 

Request DefaultFullHttpRequest(decodeResult: success, version: HTTP/1.1, content: EmptyByteBufBE)
GET /session/14f61660-7bcc-4279-b6a3-7163a94e0626/element/d32bb0b8-c031-4e32-815c-37831f090ea5/text HTTP/1.1
User-Agent: selenium/4.0.0-alpha-5 (java windows)
Cache-Control: no-cache
host: localhost:10889
accept: */*

Response DefaultHttpResponse(decodeResult: success, version: HTTP/1.1)
HTTP/1.1 200 OK
content-type: application/json; charset=utf-8
cache-control: no-cache
content-length: 45
date: Thu, 25 Jun 2020 12:50:11 GMT

15:50:11.561 [AsyncHttpClient-3-1] DEBUG o.a.netty.channel.ChannelManager - Adding key: http://localhost:10889 for channel [id: 0x7c68b8df, L:/127.0.0.1:64390 - R:localhost/127.0.0.1:10889]
15:50:11.561 [Forwarding findChildElement on session 14f61660-7bcc-4279-b6a3-7163a94e0626 to remote] DEBUG o.a.netty.request.NettyRequestSender - Using pooled Channel '[id: 0x7c68b8df, L:/127.0.0.1:64390 - R:localhost/127.0.0.1:10889]' for 'POST' to 'http://localhost:10889/session/14f61660-7bcc-4279-b6a3-7163a94e0626/element/7258287d-2f15-400e-be3f-03ee0d906f0e/element'
15:50:11.561 [Forwarding findChildElement on session 14f61660-7bcc-4279-b6a3-7163a94e0626 to remote] DEBUG o.a.netty.request.NettyRequestSender - Using open Channel [id: 0x7c68b8df, L:/127.0.0.1:64390 - R:localhost/127.0.0.1:10889] for POST '/session/14f61660-7bcc-4279-b6a3-7163a94e0626/element/7258287d-2f15-400e-be3f-03ee0d906f0e/element'
15:50:11.565 [AsyncHttpClient-3-1] DEBUG o.a.netty.handler.HttpHandler - 

Request DefaultHttpRequest(decodeResult: success, version: HTTP/1.1)
POST /session/14f61660-7bcc-4279-b6a3-7163a94e0626/element/7258287d-2f15-400e-be3f-03ee0d906f0e/element HTTP/1.1
User-Agent: selenium/4.0.0-alpha-5 (java windows)
Content-Length: 103
Content-Type: application/json; charset=utf-8
host: localhost:10889
accept: */*

Response DefaultHttpResponse(decodeResult: success, version: HTTP/1.1)
HTTP/1.1 200 OK
content-type: application/json; charset=utf-8
cache-control: no-cache
content-length: 88
date: Thu, 25 Jun 2020 12:50:11 GMT

15:50:11.565 [AsyncHttpClient-3-1] DEBUG o.a.netty.channel.ChannelManager - Adding key: http://localhost:10889 for channel [id: 0x7c68b8df, L:/127.0.0.1:64390 - R:localhost/127.0.0.1:10889]
15:50:11.565 [Forwarding getElementText on session 14f61660-7bcc-4279-b6a3-7163a94e0626 to remote] DEBUG o.a.netty.request.NettyRequestSender - Using pooled Channel '[id: 0x7c68b8df, L:/127.0.0.1:64390 - R:localhost/127.0.0.1:10889]' for 'GET' to 'http://localhost:10889/session/14f61660-7bcc-4279-b6a3-7163a94e0626/element/9d3cdd83-e80d-4135-b25a-65d86429b1ed/text'
15:50:11.565 [Forwarding getElementText on session 14f61660-7bcc-4279-b6a3-7163a94e0626 to remote] DEBUG o.a.netty.request.NettyRequestSender - Using open Channel [id: 0x7c68b8df, L:/127.0.0.1:64390 - R:localhost/127.0.0.1:10889] for GET '/session/14f61660-7bcc-4279-b6a3-7163a94e0626/element/9d3cdd83-e80d-4135-b25a-65d86429b1ed/text'
15:50:11.572 [AsyncHttpClient-3-1] DEBUG o.a.netty.handler.HttpHandler - 

Request DefaultFullHttpRequest(decodeResult: success, version: HTTP/1.1, content: EmptyByteBufBE)
GET /session/14f61660-7bcc-4279-b6a3-7163a94e0626/element/9d3cdd83-e80d-4135-b25a-65d86429b1ed/text HTTP/1.1
User-Agent: selenium/4.0.0-alpha-5 (java windows)
Cache-Control: no-cache
host: localhost:10889
accept: */*

Response DefaultHttpResponse(decodeResult: success, version: HTTP/1.1)
HTTP/1.1 200 OK
content-type: application/json; charset=utf-8
cache-control: no-cache
content-length: 57
date: Thu, 25 Jun 2020 12:50:11 GMT

15:50:11.573 [AsyncHttpClient-3-1] DEBUG o.a.netty.channel.ChannelManager - Adding key: http://localhost:10889 for channel [id: 0x7c68b8df, L:/127.0.0.1:64390 - R:localhost/127.0.0.1:10889]
15:50:11.573 [Forwarding findChildElement on session 14f61660-7bcc-4279-b6a3-7163a94e0626 to remote] DEBUG o.a.netty.request.NettyRequestSender - Using pooled Channel '[id: 0x7c68b8df, L:/127.0.0.1:64390 - R:localhost/127.0.0.1:10889]' for 'POST' to 'http://localhost:10889/session/14f61660-7bcc-4279-b6a3-7163a94e0626/element/7258287d-2f15-400e-be3f-03ee0d906f0e/element'
15:50:11.573 [Forwarding findChildElement on session 14f61660-7bcc-4279-b6a3-7163a94e0626 to remote] DEBUG o.a.netty.request.NettyRequestSender - Using open Channel [id: 0x7c68b8df, L:/127.0.0.1:64390 - R:localhost/127.0.0.1:10889] for POST '/session/14f61660-7bcc-4279-b6a3-7163a94e0626/element/7258287d-2f15-400e-be3f-03ee0d906f0e/element'
15:50:11.578 [AsyncHttpClient-3-1] DEBUG o.a.netty.handler.HttpHandler - 

Request DefaultHttpRequest(decodeResult: success, version: HTTP/1.1)
POST /session/14f61660-7bcc-4279-b6a3-7163a94e0626/element/7258287d-2f15-400e-be3f-03ee0d906f0e/element HTTP/1.1
User-Agent: selenium/4.0.0-alpha-5 (java windows)
Content-Length: 97
Content-Type: application/json; charset=utf-8
host: localhost:10889
accept: */*

Response DefaultHttpResponse(decodeResult: success, version: HTTP/1.1)
HTTP/1.1 200 OK
content-type: application/json; charset=utf-8
cache-control: no-cache
content-length: 88
date: Thu, 25 Jun 2020 12:50:11 GMT

15:50:11.578 [AsyncHttpClient-3-1] DEBUG o.a.netty.channel.ChannelManager - Adding key: http://localhost:10889 for channel [id: 0x7c68b8df, L:/127.0.0.1:64390 - R:localhost/127.0.0.1:10889]
15:50:11.581 [Forwarding getElementAttribute on session 14f61660-7bcc-4279-b6a3-7163a94e0626 to remote] DEBUG o.a.netty.request.NettyRequestSender - Using pooled Channel '[id: 0x7c68b8df, L:/127.0.0.1:64390 - R:localhost/127.0.0.1:10889]' for 'POST' to 'http://localhost:10889/session/14f61660-7bcc-4279-b6a3-7163a94e0626/execute/sync'
15:50:11.581 [Forwarding getElementAttribute on session 14f61660-7bcc-4279-b6a3-7163a94e0626 to remote] DEBUG o.a.netty.request.NettyRequestSender - Using open Channel [id: 0x7c68b8df, L:/127.0.0.1:64390 - R:localhost/127.0.0.1:10889] for POST '/session/14f61660-7bcc-4279-b6a3-7163a94e0626/execute/sync'
15:50:11.595 [AsyncHttpClient-3-1] DEBUG o.a.netty.handler.HttpHandler - 

Request DefaultHttpRequest(decodeResult: success, version: HTTP/1.1)
POST /session/14f61660-7bcc-4279-b6a3-7163a94e0626/execute/sync HTTP/1.1
User-Agent: selenium/4.0.0-alpha-5 (java windows)
Content-Length: 39635
Content-Type: application/json; charset=utf-8
host: localhost:10889
accept: */*

Response DefaultHttpResponse(decodeResult: success, version: HTTP/1.1)
HTTP/1.1 200 OK
content-type: application/json; charset=utf-8
cache-control: no-cache
content-length: 15
date: Thu, 25 Jun 2020 12:50:11 GMT

15:50:11.595 [AsyncHttpClient-3-1] DEBUG o.a.netty.channel.ChannelManager - Adding key: http://localhost:10889 for channel [id: 0x7c68b8df, L:/127.0.0.1:64390 - R:localhost/127.0.0.1:10889]
15:50:11.596 [Forwarding findChildElement on session 14f61660-7bcc-4279-b6a3-7163a94e0626 to remote] DEBUG o.a.netty.request.NettyRequestSender - Using pooled Channel '[id: 0x7c68b8df, L:/127.0.0.1:64390 - R:localhost/127.0.0.1:10889]' for 'POST' to 'http://localhost:10889/session/14f61660-7bcc-4279-b6a3-7163a94e0626/element/bd3eb8fc-dce8-4096-a19f-5bacfd21f44f/element'
15:50:11.596 [Forwarding findChildElement on session 14f61660-7bcc-4279-b6a3-7163a94e0626 to remote] DEBUG o.a.netty.request.NettyRequestSender - Using open Channel [id: 0x7c68b8df, L:/127.0.0.1:64390 - R:localhost/127.0.0.1:10889] for POST '/session/14f61660-7bcc-4279-b6a3-7163a94e0626/element/bd3eb8fc-dce8-4096-a19f-5bacfd21f44f/element'
15:50:11.599 [AsyncHttpClient-3-1] DEBUG o.a.netty.handler.HttpHandler - 

Request DefaultHttpRequest(decodeResult: success, version: HTTP/1.1)
POST /session/14f61660-7bcc-4279-b6a3-7163a94e0626/element/bd3eb8fc-dce8-4096-a19f-5bacfd21f44f/element HTTP/1.1
User-Agent: selenium/4.0.0-alpha-5 (java windows)
Content-Length: 103
Content-Type: application/json; charset=utf-8
host: localhost:10889
accept: */*

Response DefaultHttpResponse(decodeResult: success, version: HTTP/1.1)
HTTP/1.1 200 OK
content-type: application/json; charset=utf-8
cache-control: no-cache
content-length: 88
date: Thu, 25 Jun 2020 12:50:11 GMT

15:50:11.600 [AsyncHttpClient-3-1] DEBUG o.a.netty.channel.ChannelManager - Adding key: http://localhost:10889 for channel [id: 0x7c68b8df, L:/127.0.0.1:64390 - R:localhost/127.0.0.1:10889]
15:50:11.600 [Forwarding getElementText on session 14f61660-7bcc-4279-b6a3-7163a94e0626 to remote] DEBUG o.a.netty.request.NettyRequestSender - Using pooled Channel '[id: 0x7c68b8df, L:/127.0.0.1:64390 - R:localhost/127.0.0.1:10889]' for 'GET' to 'http://localhost:10889/session/14f61660-7bcc-4279-b6a3-7163a94e0626/element/96b75e6a-bf4f-4c70-8e63-8b15b5f3d8ff/text'
15:50:11.600 [Forwarding getElementText on session 14f61660-7bcc-4279-b6a3-7163a94e0626 to remote] DEBUG o.a.netty.request.NettyRequestSender - Using open Channel [id: 0x7c68b8df, L:/127.0.0.1:64390 - R:localhost/127.0.0.1:10889] for GET '/session/14f61660-7bcc-4279-b6a3-7163a94e0626/element/96b75e6a-bf4f-4c70-8e63-8b15b5f3d8ff/text'
15:50:11.604 [AsyncHttpClient-3-1] DEBUG o.a.netty.handler.HttpHandler - 

Request DefaultFullHttpRequest(decodeResult: success, version: HTTP/1.1, content: EmptyByteBufBE)
GET /session/14f61660-7bcc-4279-b6a3-7163a94e0626/element/96b75e6a-bf4f-4c70-8e63-8b15b5f3d8ff/text HTTP/1.1
User-Agent: selenium/4.0.0-alpha-5 (java windows)
Cache-Control: no-cache
host: localhost:10889
accept: */*

Response DefaultHttpResponse(decodeResult: success, version: HTTP/1.1)
HTTP/1.1 200 OK
content-type: application/json; charset=utf-8
cache-control: no-cache
content-length: 18
date: Thu, 25 Jun 2020 12:50:11 GMT

15:50:11.604 [AsyncHttpClient-3-1] DEBUG o.a.netty.channel.ChannelManager - Adding key: http://localhost:10889 for channel [id: 0x7c68b8df, L:/127.0.0.1:64390 - R:localhost/127.0.0.1:10889]
15:50:11.605 [Forwarding findChildElement on session 14f61660-7bcc-4279-b6a3-7163a94e0626 to remote] DEBUG o.a.netty.request.NettyRequestSender - Using pooled Channel '[id: 0x7c68b8df, L:/127.0.0.1:64390 - R:localhost/127.0.0.1:10889]' for 'POST' to 'http://localhost:10889/session/14f61660-7bcc-4279-b6a3-7163a94e0626/element/bd3eb8fc-dce8-4096-a19f-5bacfd21f44f/element'
15:50:11.605 [Forwarding findChildElement on session 14f61660-7bcc-4279-b6a3-7163a94e0626 to remote] DEBUG o.a.netty.request.NettyRequestSender - Using open Channel [id: 0x7c68b8df, L:/127.0.0.1:64390 - R:localhost/127.0.0.1:10889] for POST '/session/14f61660-7bcc-4279-b6a3-7163a94e0626/element/bd3eb8fc-dce8-4096-a19f-5bacfd21f44f/element'
15:50:11.609 [AsyncHttpClient-3-1] DEBUG o.a.netty.handler.HttpHandler - 

Request DefaultHttpRequest(decodeResult: success, version: HTTP/1.1)
POST /session/14f61660-7bcc-4279-b6a3-7163a94e0626/element/bd3eb8fc-dce8-4096-a19f-5bacfd21f44f/element HTTP/1.1
User-Agent: selenium/4.0.0-alpha-5 (java windows)
Content-Length: 103
Content-Type: application/json; charset=utf-8
host: localhost:10889
accept: */*

Response DefaultHttpResponse(decodeResult: success, version: HTTP/1.1)
HTTP/1.1 200 OK
content-type: application/json; charset=utf-8
cache-control: no-cache
content-length: 88
date: Thu, 25 Jun 2020 12:50:11 GMT

15:50:11.609 [AsyncHttpClient-3-1] DEBUG o.a.netty.channel.ChannelManager - Adding key: http://localhost:10889 for channel [id: 0x7c68b8df, L:/127.0.0.1:64390 - R:localhost/127.0.0.1:10889]
15:50:11.610 [Forwarding getElementText on session 14f61660-7bcc-4279-b6a3-7163a94e0626 to remote] DEBUG o.a.netty.request.NettyRequestSender - Using pooled Channel '[id: 0x7c68b8df, L:/127.0.0.1:64390 - R:localhost/127.0.0.1:10889]' for 'GET' to 'http://localhost:10889/session/14f61660-7bcc-4279-b6a3-7163a94e0626/element/4fd6ff2b-4b24-4821-903f-f2bac824f900/text'
15:50:11.610 [Forwarding getElementText on session 14f61660-7bcc-4279-b6a3-7163a94e0626 to remote] DEBUG o.a.netty.request.NettyRequestSender - Using open Channel [id: 0x7c68b8df, L:/127.0.0.1:64390 - R:localhost/127.0.0.1:10889] for GET '/session/14f61660-7bcc-4279-b6a3-7163a94e0626/element/4fd6ff2b-4b24-4821-903f-f2bac824f900/text'
15:50:11.615 [AsyncHttpClient-3-1] DEBUG o.a.netty.handler.HttpHandler - 

Request DefaultFullHttpRequest(decodeResult: success, version: HTTP/1.1, content: EmptyByteBufBE)
GET /session/14f61660-7bcc-4279-b6a3-7163a94e0626/element/4fd6ff2b-4b24-4821-903f-f2bac824f900/text HTTP/1.1
User-Agent: selenium/4.0.0-alpha-5 (java windows)
Cache-Control: no-cache
host: localhost:10889
accept: */*

Response DefaultHttpResponse(decodeResult: success, version: HTTP/1.1)
HTTP/1.1 200 OK
content-type: application/json; charset=utf-8
cache-control: no-cache
content-length: 22
date: Thu, 25 Jun 2020 12:50:11 GMT

15:50:11.616 [AsyncHttpClient-3-1] DEBUG o.a.netty.channel.ChannelManager - Adding key: http://localhost:10889 for channel [id: 0x7c68b8df, L:/127.0.0.1:64390 - R:localhost/127.0.0.1:10889]
15:50:11.616 [Forwarding findChildElement on session 14f61660-7bcc-4279-b6a3-7163a94e0626 to remote] DEBUG o.a.netty.request.NettyRequestSender - Using pooled Channel '[id: 0x7c68b8df, L:/127.0.0.1:64390 - R:localhost/127.0.0.1:10889]' for 'POST' to 'http://localhost:10889/session/14f61660-7bcc-4279-b6a3-7163a94e0626/element/bd3eb8fc-dce8-4096-a19f-5bacfd21f44f/element'
15:50:11.616 [Forwarding findChildElement on session 14f61660-7bcc-4279-b6a3-7163a94e0626 to remote] DEBUG o.a.netty.request.NettyRequestSender - Using open Channel [id: 0x7c68b8df, L:/127.0.0.1:64390 - R:localhost/127.0.0.1:10889] for POST '/session/14f61660-7bcc-4279-b6a3-7163a94e0626/element/bd3eb8fc-dce8-4096-a19f-5bacfd21f44f/element'
15:50:11.620 [AsyncHttpClient-3-1] DEBUG o.a.netty.handler.HttpHandler - 

Request DefaultHttpRequest(decodeResult: success, version: HTTP/1.1)
POST /session/14f61660-7bcc-4279-b6a3-7163a94e0626/element/bd3eb8fc-dce8-4096-a19f-5bacfd21f44f/element HTTP/1.1
User-Agent: selenium/4.0.0-alpha-5 (java windows)
Content-Length: 103
Content-Type: application/json; charset=utf-8
host: localhost:10889
accept: */*

Response DefaultHttpResponse(decodeResult: success, version: HTTP/1.1)
HTTP/1.1 200 OK
content-type: application/json; charset=utf-8
cache-control: no-cache
content-length: 88
date: Thu, 25 Jun 2020 12:50:11 GMT

15:50:11.620 [AsyncHttpClient-3-1] DEBUG o.a.netty.channel.ChannelManager - Adding key: http://localhost:10889 for channel [id: 0x7c68b8df, L:/127.0.0.1:64390 - R:localhost/127.0.0.1:10889]
15:50:11.620 [Forwarding getElementText on session 14f61660-7bcc-4279-b6a3-7163a94e0626 to remote] DEBUG o.a.netty.request.NettyRequestSender - Using pooled Channel '[id: 0x7c68b8df, L:/127.0.0.1:64390 - R:localhost/127.0.0.1:10889]' for 'GET' to 'http://localhost:10889/session/14f61660-7bcc-4279-b6a3-7163a94e0626/element/f3870385-689b-49e6-abf2-498935ff6713/text'
15:50:11.620 [Forwarding getElementText on session 14f61660-7bcc-4279-b6a3-7163a94e0626 to remote] DEBUG o.a.netty.request.NettyRequestSender - Using open Channel [id: 0x7c68b8df, L:/127.0.0.1:64390 - R:localhost/127.0.0.1:10889] for GET '/session/14f61660-7bcc-4279-b6a3-7163a94e0626/element/f3870385-689b-49e6-abf2-498935ff6713/text'
15:50:11.625 [AsyncHttpClient-3-1] DEBUG o.a.netty.handler.HttpHandler - 

Request DefaultFullHttpRequest(decodeResult: success, version: HTTP/1.1, content: EmptyByteBufBE)
GET /session/14f61660-7bcc-4279-b6a3-7163a94e0626/element/f3870385-689b-49e6-abf2-498935ff6713/text HTTP/1.1
User-Agent: selenium/4.0.0-alpha-5 (java windows)
Cache-Control: no-cache
host: localhost:10889
accept: */*

Response DefaultHttpResponse(decodeResult: success, version: HTTP/1.1)
HTTP/1.1 200 OK
content-type: application/json; charset=utf-8
cache-control: no-cache
content-length: 21
date: Thu, 25 Jun 2020 12:50:11 GMT

15:50:11.625 [AsyncHttpClient-3-1] DEBUG o.a.netty.channel.ChannelManager - Adding key: http://localhost:10889 for channel [id: 0x7c68b8df, L:/127.0.0.1:64390 - R:localhost/127.0.0.1:10889]
15:50:11.626 [Forwarding findChildElement on session 14f61660-7bcc-4279-b6a3-7163a94e0626 to remote] DEBUG o.a.netty.request.NettyRequestSender - Using pooled Channel '[id: 0x7c68b8df, L:/127.0.0.1:64390 - R:localhost/127.0.0.1:10889]' for 'POST' to 'http://localhost:10889/session/14f61660-7bcc-4279-b6a3-7163a94e0626/element/bd3eb8fc-dce8-4096-a19f-5bacfd21f44f/element'
15:50:11.626 [Forwarding findChildElement on session 14f61660-7bcc-4279-b6a3-7163a94e0626 to remote] DEBUG o.a.netty.request.NettyRequestSender - Using open Channel [id: 0x7c68b8df, L:/127.0.0.1:64390 - R:localhost/127.0.0.1:10889] for POST '/session/14f61660-7bcc-4279-b6a3-7163a94e0626/element/bd3eb8fc-dce8-4096-a19f-5bacfd21f44f/element'
15:50:11.629 [AsyncHttpClient-3-1] DEBUG o.a.netty.handler.HttpHandler - 

Request DefaultHttpRequest(decodeResult: success, version: HTTP/1.1)
POST /session/14f61660-7bcc-4279-b6a3-7163a94e0626/element/bd3eb8fc-dce8-4096-a19f-5bacfd21f44f/element HTTP/1.1
User-Agent: selenium/4.0.0-alpha-5 (java windows)
Content-Length: 103
Content-Type: application/json; charset=utf-8
host: localhost:10889
accept: */*

Response DefaultHttpResponse(decodeResult: success, version: HTTP/1.1)
HTTP/1.1 200 OK
content-type: application/json; charset=utf-8
cache-control: no-cache
content-length: 88
date: Thu, 25 Jun 2020 12:50:11 GMT

15:50:11.629 [AsyncHttpClient-3-1] DEBUG o.a.netty.channel.ChannelManager - Adding key: http://localhost:10889 for channel [id: 0x7c68b8df, L:/127.0.0.1:64390 - R:localhost/127.0.0.1:10889]
15:50:11.630 [Forwarding getElementText on session 14f61660-7bcc-4279-b6a3-7163a94e0626 to remote] DEBUG o.a.netty.request.NettyRequestSender - Using pooled Channel '[id: 0x7c68b8df, L:/127.0.0.1:64390 - R:localhost/127.0.0.1:10889]' for 'GET' to 'http://localhost:10889/session/14f61660-7bcc-4279-b6a3-7163a94e0626/element/3dbb519c-69eb-40f3-b91e-c84d054db6b2/text'
15:50:11.630 [Forwarding getElementText on session 14f61660-7bcc-4279-b6a3-7163a94e0626 to remote] DEBUG o.a.netty.request.NettyRequestSender - Using open Channel [id: 0x7c68b8df, L:/127.0.0.1:64390 - R:localhost/127.0.0.1:10889] for GET '/session/14f61660-7bcc-4279-b6a3-7163a94e0626/element/3dbb519c-69eb-40f3-b91e-c84d054db6b2/text'
15:50:11.635 [AsyncHttpClient-3-1] DEBUG o.a.netty.handler.HttpHandler - 

Request DefaultFullHttpRequest(decodeResult: success, version: HTTP/1.1, content: EmptyByteBufBE)
GET /session/14f61660-7bcc-4279-b6a3-7163a94e0626/element/3dbb519c-69eb-40f3-b91e-c84d054db6b2/text HTTP/1.1
User-Agent: selenium/4.0.0-alpha-5 (java windows)
Cache-Control: no-cache
host: localhost:10889
accept: */*

Response DefaultHttpResponse(decodeResult: success, version: HTTP/1.1)
HTTP/1.1 200 OK
content-type: application/json; charset=utf-8
cache-control: no-cache
content-length: 45
date: Thu, 25 Jun 2020 12:50:11 GMT

15:50:11.635 [AsyncHttpClient-3-1] DEBUG o.a.netty.channel.ChannelManager - Adding key: http://localhost:10889 for channel [id: 0x7c68b8df, L:/127.0.0.1:64390 - R:localhost/127.0.0.1:10889]
15:50:11.636 [Forwarding findChildElement on session 14f61660-7bcc-4279-b6a3-7163a94e0626 to remote] DEBUG o.a.netty.request.NettyRequestSender - Using pooled Channel '[id: 0x7c68b8df, L:/127.0.0.1:64390 - R:localhost/127.0.0.1:10889]' for 'POST' to 'http://localhost:10889/session/14f61660-7bcc-4279-b6a3-7163a94e0626/element/bd3eb8fc-dce8-4096-a19f-5bacfd21f44f/element'
15:50:11.636 [Forwarding findChildElement on session 14f61660-7bcc-4279-b6a3-7163a94e0626 to remote] DEBUG o.a.netty.request.NettyRequestSender - Using open Channel [id: 0x7c68b8df, L:/127.0.0.1:64390 - R:localhost/127.0.0.1:10889] for POST '/session/14f61660-7bcc-4279-b6a3-7163a94e0626/element/bd3eb8fc-dce8-4096-a19f-5bacfd21f44f/element'
15:50:11.639 [AsyncHttpClient-3-1] DEBUG o.a.netty.handler.HttpHandler - 

Request DefaultHttpRequest(decodeResult: success, version: HTTP/1.1)
POST /session/14f61660-7bcc-4279-b6a3-7163a94e0626/element/bd3eb8fc-dce8-4096-a19f-5bacfd21f44f/element HTTP/1.1
User-Agent: selenium/4.0.0-alpha-5 (java windows)
Content-Length: 103
Content-Type: application/json; charset=utf-8
host: localhost:10889
accept: */*

Response DefaultHttpResponse(decodeResult: success, version: HTTP/1.1)
HTTP/1.1 200 OK
content-type: application/json; charset=utf-8
cache-control: no-cache
content-length: 88
date: Thu, 25 Jun 2020 12:50:11 GMT

15:50:11.640 [AsyncHttpClient-3-1] DEBUG o.a.netty.channel.ChannelManager - Adding key: http://localhost:10889 for channel [id: 0x7c68b8df, L:/127.0.0.1:64390 - R:localhost/127.0.0.1:10889]
15:50:11.640 [Forwarding getElementText on session 14f61660-7bcc-4279-b6a3-7163a94e0626 to remote] DEBUG o.a.netty.request.NettyRequestSender - Using pooled Channel '[id: 0x7c68b8df, L:/127.0.0.1:64390 - R:localhost/127.0.0.1:10889]' for 'GET' to 'http://localhost:10889/session/14f61660-7bcc-4279-b6a3-7163a94e0626/element/b9b8417b-d1b4-4867-9305-73cc7c7eed68/text'
15:50:11.640 [Forwarding getElementText on session 14f61660-7bcc-4279-b6a3-7163a94e0626 to remote] DEBUG o.a.netty.request.NettyRequestSender - Using open Channel [id: 0x7c68b8df, L:/127.0.0.1:64390 - R:localhost/127.0.0.1:10889] for GET '/session/14f61660-7bcc-4279-b6a3-7163a94e0626/element/b9b8417b-d1b4-4867-9305-73cc7c7eed68/text'
15:50:11.651 [AsyncHttpClient-3-1] DEBUG o.a.netty.handler.HttpHandler - 

Request DefaultFullHttpRequest(decodeResult: success, version: HTTP/1.1, content: EmptyByteBufBE)
GET /session/14f61660-7bcc-4279-b6a3-7163a94e0626/element/b9b8417b-d1b4-4867-9305-73cc7c7eed68/text HTTP/1.1
User-Agent: selenium/4.0.0-alpha-5 (java windows)
Cache-Control: no-cache
host: localhost:10889
accept: */*

Response DefaultHttpResponse(decodeResult: success, version: HTTP/1.1)
HTTP/1.1 200 OK
content-type: application/json; charset=utf-8
cache-control: no-cache
content-length: 57
date: Thu, 25 Jun 2020 12:50:11 GMT

15:50:11.651 [AsyncHttpClient-3-1] DEBUG o.a.netty.channel.ChannelManager - Adding key: http://localhost:10889 for channel [id: 0x7c68b8df, L:/127.0.0.1:64390 - R:localhost/127.0.0.1:10889]
15:50:11.652 [Forwarding findChildElement on session 14f61660-7bcc-4279-b6a3-7163a94e0626 to remote] DEBUG o.a.netty.request.NettyRequestSender - Using pooled Channel '[id: 0x7c68b8df, L:/127.0.0.1:64390 - R:localhost/127.0.0.1:10889]' for 'POST' to 'http://localhost:10889/session/14f61660-7bcc-4279-b6a3-7163a94e0626/element/bd3eb8fc-dce8-4096-a19f-5bacfd21f44f/element'
15:50:11.652 [Forwarding findChildElement on session 14f61660-7bcc-4279-b6a3-7163a94e0626 to remote] DEBUG o.a.netty.request.NettyRequestSender - Using open Channel [id: 0x7c68b8df, L:/127.0.0.1:64390 - R:localhost/127.0.0.1:10889] for POST '/session/14f61660-7bcc-4279-b6a3-7163a94e0626/element/bd3eb8fc-dce8-4096-a19f-5bacfd21f44f/element'
15:50:11.655 [AsyncHttpClient-3-1] DEBUG o.a.netty.handler.HttpHandler - 

Request DefaultHttpRequest(decodeResult: success, version: HTTP/1.1)
POST /session/14f61660-7bcc-4279-b6a3-7163a94e0626/element/bd3eb8fc-dce8-4096-a19f-5bacfd21f44f/element HTTP/1.1
User-Agent: selenium/4.0.0-alpha-5 (java windows)
Content-Length: 97
Content-Type: application/json; charset=utf-8
host: localhost:10889
accept: */*

Response DefaultHttpResponse(decodeResult: success, version: HTTP/1.1)
HTTP/1.1 200 OK
content-type: application/json; charset=utf-8
cache-control: no-cache
content-length: 88
date: Thu, 25 Jun 2020 12:50:11 GMT

15:50:11.655 [AsyncHttpClient-3-1] DEBUG o.a.netty.channel.ChannelManager - Adding key: http://localhost:10889 for channel [id: 0x7c68b8df, L:/127.0.0.1:64390 - R:localhost/127.0.0.1:10889]
15:50:11.658 [Forwarding getElementAttribute on session 14f61660-7bcc-4279-b6a3-7163a94e0626 to remote] DEBUG o.a.netty.request.NettyRequestSender - Using pooled Channel '[id: 0x7c68b8df, L:/127.0.0.1:64390 - R:localhost/127.0.0.1:10889]' for 'POST' to 'http://localhost:10889/session/14f61660-7bcc-4279-b6a3-7163a94e0626/execute/sync'
15:50:11.658 [Forwarding getElementAttribute on session 14f61660-7bcc-4279-b6a3-7163a94e0626 to remote] DEBUG o.a.netty.request.NettyRequestSender - Using open Channel [id: 0x7c68b8df, L:/127.0.0.1:64390 - R:localhost/127.0.0.1:10889] for POST '/session/14f61660-7bcc-4279-b6a3-7163a94e0626/execute/sync'
15:50:11.670 [AsyncHttpClient-3-1] DEBUG o.a.netty.handler.HttpHandler - 

Request DefaultHttpRequest(decodeResult: success, version: HTTP/1.1)
POST /session/14f61660-7bcc-4279-b6a3-7163a94e0626/execute/sync HTTP/1.1
User-Agent: selenium/4.0.0-alpha-5 (java windows)
Content-Length: 39635
Content-Type: application/json; charset=utf-8
host: localhost:10889
accept: */*

Response DefaultHttpResponse(decodeResult: success, version: HTTP/1.1)
HTTP/1.1 200 OK
content-type: application/json; charset=utf-8
cache-control: no-cache
content-length: 15
date: Thu, 25 Jun 2020 12:50:11 GMT

15:50:11.670 [AsyncHttpClient-3-1] DEBUG o.a.netty.channel.ChannelManager - Adding key: http://localhost:10889 for channel [id: 0x7c68b8df, L:/127.0.0.1:64390 - R:localhost/127.0.0.1:10889]
15:50:11.671 [Forwarding findChildElement on session 14f61660-7bcc-4279-b6a3-7163a94e0626 to remote] DEBUG o.a.netty.request.NettyRequestSender - Using pooled Channel '[id: 0x7c68b8df, L:/127.0.0.1:64390 - R:localhost/127.0.0.1:10889]' for 'POST' to 'http://localhost:10889/session/14f61660-7bcc-4279-b6a3-7163a94e0626/element/9a539072-e8fb-4f52-9010-886812176600/element'
15:50:11.671 [Forwarding findChildElement on session 14f61660-7bcc-4279-b6a3-7163a94e0626 to remote] DEBUG o.a.netty.request.NettyRequestSender - Using open Channel [id: 0x7c68b8df, L:/127.0.0.1:64390 - R:localhost/127.0.0.1:10889] for POST '/session/14f61660-7bcc-4279-b6a3-7163a94e0626/element/9a539072-e8fb-4f52-9010-886812176600/element'
15:50:11.675 [AsyncHttpClient-3-1] DEBUG o.a.netty.handler.HttpHandler - 

Request DefaultHttpRequest(decodeResult: success, version: HTTP/1.1)
POST /session/14f61660-7bcc-4279-b6a3-7163a94e0626/element/9a539072-e8fb-4f52-9010-886812176600/element HTTP/1.1
User-Agent: selenium/4.0.0-alpha-5 (java windows)
Content-Length: 103
Content-Type: application/json; charset=utf-8
host: localhost:10889
accept: */*

Response DefaultHttpResponse(decodeResult: success, version: HTTP/1.1)
HTTP/1.1 200 OK
content-type: application/json; charset=utf-8
cache-control: no-cache
content-length: 88
date: Thu, 25 Jun 2020 12:50:11 GMT

15:50:11.675 [AsyncHttpClient-3-1] DEBUG o.a.netty.channel.ChannelManager - Adding key: http://localhost:10889 for channel [id: 0x7c68b8df, L:/127.0.0.1:64390 - R:localhost/127.0.0.1:10889]
15:50:11.675 [Forwarding getElementText on session 14f61660-7bcc-4279-b6a3-7163a94e0626 to remote] DEBUG o.a.netty.request.NettyRequestSender - Using pooled Channel '[id: 0x7c68b8df, L:/127.0.0.1:64390 - R:localhost/127.0.0.1:10889]' for 'GET' to 'http://localhost:10889/session/14f61660-7bcc-4279-b6a3-7163a94e0626/element/a7d7c10e-bb75-4886-8d76-866f3e73cafb/text'
15:50:11.675 [Forwarding getElementText on session 14f61660-7bcc-4279-b6a3-7163a94e0626 to remote] DEBUG o.a.netty.request.NettyRequestSender - Using open Channel [id: 0x7c68b8df, L:/127.0.0.1:64390 - R:localhost/127.0.0.1:10889] for GET '/session/14f61660-7bcc-4279-b6a3-7163a94e0626/element/a7d7c10e-bb75-4886-8d76-866f3e73cafb/text'
15:50:11.680 [AsyncHttpClient-3-1] DEBUG o.a.netty.handler.HttpHandler - 

Request DefaultFullHttpRequest(decodeResult: success, version: HTTP/1.1, content: EmptyByteBufBE)
GET /session/14f61660-7bcc-4279-b6a3-7163a94e0626/element/a7d7c10e-bb75-4886-8d76-866f3e73cafb/text HTTP/1.1
User-Agent: selenium/4.0.0-alpha-5 (java windows)
Cache-Control: no-cache
host: localhost:10889
accept: */*

Response DefaultHttpResponse(decodeResult: success, version: HTTP/1.1)
HTTP/1.1 200 OK
content-type: application/json; charset=utf-8
cache-control: no-cache
content-length: 18
date: Thu, 25 Jun 2020 12:50:11 GMT

15:50:11.680 [AsyncHttpClient-3-1] DEBUG o.a.netty.channel.ChannelManager - Adding key: http://localhost:10889 for channel [id: 0x7c68b8df, L:/127.0.0.1:64390 - R:localhost/127.0.0.1:10889]
15:50:11.681 [Forwarding findChildElement on session 14f61660-7bcc-4279-b6a3-7163a94e0626 to remote] DEBUG o.a.netty.request.NettyRequestSender - Using pooled Channel '[id: 0x7c68b8df, L:/127.0.0.1:64390 - R:localhost/127.0.0.1:10889]' for 'POST' to 'http://localhost:10889/session/14f61660-7bcc-4279-b6a3-7163a94e0626/element/9a539072-e8fb-4f52-9010-886812176600/element'
15:50:11.681 [Forwarding findChildElement on session 14f61660-7bcc-4279-b6a3-7163a94e0626 to remote] DEBUG o.a.netty.request.NettyRequestSender - Using open Channel [id: 0x7c68b8df, L:/127.0.0.1:64390 - R:localhost/127.0.0.1:10889] for POST '/session/14f61660-7bcc-4279-b6a3-7163a94e0626/element/9a539072-e8fb-4f52-9010-886812176600/element'
15:50:11.685 [AsyncHttpClient-3-1] DEBUG o.a.netty.handler.HttpHandler - 

Request DefaultHttpRequest(decodeResult: success, version: HTTP/1.1)
POST /session/14f61660-7bcc-4279-b6a3-7163a94e0626/element/9a539072-e8fb-4f52-9010-886812176600/element HTTP/1.1
User-Agent: selenium/4.0.0-alpha-5 (java windows)
Content-Length: 103
Content-Type: application/json; charset=utf-8
host: localhost:10889
accept: */*

Response DefaultHttpResponse(decodeResult: success, version: HTTP/1.1)
HTTP/1.1 200 OK
content-type: application/json; charset=utf-8
cache-control: no-cache
content-length: 88
date: Thu, 25 Jun 2020 12:50:11 GMT

15:50:11.685 [AsyncHttpClient-3-1] DEBUG o.a.netty.channel.ChannelManager - Adding key: http://localhost:10889 for channel [id: 0x7c68b8df, L:/127.0.0.1:64390 - R:localhost/127.0.0.1:10889]
15:50:11.686 [Forwarding getElementText on session 14f61660-7bcc-4279-b6a3-7163a94e0626 to remote] DEBUG o.a.netty.request.NettyRequestSender - Using pooled Channel '[id: 0x7c68b8df, L:/127.0.0.1:64390 - R:localhost/127.0.0.1:10889]' for 'GET' to 'http://localhost:10889/session/14f61660-7bcc-4279-b6a3-7163a94e0626/element/6994ebc8-34c7-48b2-84b1-3c79aabdddb3/text'
15:50:11.686 [Forwarding getElementText on session 14f61660-7bcc-4279-b6a3-7163a94e0626 to remote] DEBUG o.a.netty.request.NettyRequestSender - Using open Channel [id: 0x7c68b8df, L:/127.0.0.1:64390 - R:localhost/127.0.0.1:10889] for GET '/session/14f61660-7bcc-4279-b6a3-7163a94e0626/element/6994ebc8-34c7-48b2-84b1-3c79aabdddb3/text'
15:50:11.690 [AsyncHttpClient-3-1] DEBUG o.a.netty.handler.HttpHandler - 

Request DefaultFullHttpRequest(decodeResult: success, version: HTTP/1.1, content: EmptyByteBufBE)
GET /session/14f61660-7bcc-4279-b6a3-7163a94e0626/element/6994ebc8-34c7-48b2-84b1-3c79aabdddb3/text HTTP/1.1
User-Agent: selenium/4.0.0-alpha-5 (java windows)
Cache-Control: no-cache
host: localhost:10889
accept: */*

Response DefaultHttpResponse(decodeResult: success, version: HTTP/1.1)
HTTP/1.1 200 OK
content-type: application/json; charset=utf-8
cache-control: no-cache
content-length: 22
date: Thu, 25 Jun 2020 12:50:11 GMT

15:50:11.691 [AsyncHttpClient-3-1] DEBUG o.a.netty.channel.ChannelManager - Adding key: http://localhost:10889 for channel [id: 0x7c68b8df, L:/127.0.0.1:64390 - R:localhost/127.0.0.1:10889]
15:50:11.691 [Forwarding findChildElement on session 14f61660-7bcc-4279-b6a3-7163a94e0626 to remote] DEBUG o.a.netty.request.NettyRequestSender - Using pooled Channel '[id: 0x7c68b8df, L:/127.0.0.1:64390 - R:localhost/127.0.0.1:10889]' for 'POST' to 'http://localhost:10889/session/14f61660-7bcc-4279-b6a3-7163a94e0626/element/9a539072-e8fb-4f52-9010-886812176600/element'
15:50:11.691 [Forwarding findChildElement on session 14f61660-7bcc-4279-b6a3-7163a94e0626 to remote] DEBUG o.a.netty.request.NettyRequestSender - Using open Channel [id: 0x7c68b8df, L:/127.0.0.1:64390 - R:localhost/127.0.0.1:10889] for POST '/session/14f61660-7bcc-4279-b6a3-7163a94e0626/element/9a539072-e8fb-4f52-9010-886812176600/element'
15:50:11.695 [AsyncHttpClient-3-1] DEBUG o.a.netty.handler.HttpHandler - 

Request DefaultHttpRequest(decodeResult: success, version: HTTP/1.1)
POST /session/14f61660-7bcc-4279-b6a3-7163a94e0626/element/9a539072-e8fb-4f52-9010-886812176600/element HTTP/1.1
User-Agent: selenium/4.0.0-alpha-5 (java windows)
Content-Length: 103
Content-Type: application/json; charset=utf-8
host: localhost:10889
accept: */*

Response DefaultHttpResponse(decodeResult: success, version: HTTP/1.1)
HTTP/1.1 200 OK
content-type: application/json; charset=utf-8
cache-control: no-cache
content-length: 88
date: Thu, 25 Jun 2020 12:50:11 GMT

15:50:11.695 [AsyncHttpClient-3-1] DEBUG o.a.netty.channel.ChannelManager - Adding key: http://localhost:10889 for channel [id: 0x7c68b8df, L:/127.0.0.1:64390 - R:localhost/127.0.0.1:10889]
15:50:11.695 [Forwarding getElementText on session 14f61660-7bcc-4279-b6a3-7163a94e0626 to remote] DEBUG o.a.netty.request.NettyRequestSender - Using pooled Channel '[id: 0x7c68b8df, L:/127.0.0.1:64390 - R:localhost/127.0.0.1:10889]' for 'GET' to 'http://localhost:10889/session/14f61660-7bcc-4279-b6a3-7163a94e0626/element/bd7ea4ac-d473-4200-a576-f31629f100f0/text'
15:50:11.695 [Forwarding getElementText on session 14f61660-7bcc-4279-b6a3-7163a94e0626 to remote] DEBUG o.a.netty.request.NettyRequestSender - Using open Channel [id: 0x7c68b8df, L:/127.0.0.1:64390 - R:localhost/127.0.0.1:10889] for GET '/session/14f61660-7bcc-4279-b6a3-7163a94e0626/element/bd7ea4ac-d473-4200-a576-f31629f100f0/text'
15:50:11.700 [AsyncHttpClient-3-1] DEBUG o.a.netty.handler.HttpHandler - 

Request DefaultFullHttpRequest(decodeResult: success, version: HTTP/1.1, content: EmptyByteBufBE)
GET /session/14f61660-7bcc-4279-b6a3-7163a94e0626/element/bd7ea4ac-d473-4200-a576-f31629f100f0/text HTTP/1.1
User-Agent: selenium/4.0.0-alpha-5 (java windows)
Cache-Control: no-cache
host: localhost:10889
accept: */*

Response DefaultHttpResponse(decodeResult: success, version: HTTP/1.1)
HTTP/1.1 200 OK
content-type: application/json; charset=utf-8
cache-control: no-cache
content-length: 21
date: Thu, 25 Jun 2020 12:50:11 GMT

15:50:11.700 [AsyncHttpClient-3-1] DEBUG o.a.netty.channel.ChannelManager - Adding key: http://localhost:10889 for channel [id: 0x7c68b8df, L:/127.0.0.1:64390 - R:localhost/127.0.0.1:10889]
15:50:11.700 [Forwarding findChildElement on session 14f61660-7bcc-4279-b6a3-7163a94e0626 to remote] DEBUG o.a.netty.request.NettyRequestSender - Using pooled Channel '[id: 0x7c68b8df, L:/127.0.0.1:64390 - R:localhost/127.0.0.1:10889]' for 'POST' to 'http://localhost:10889/session/14f61660-7bcc-4279-b6a3-7163a94e0626/element/9a539072-e8fb-4f52-9010-886812176600/element'
15:50:11.700 [Forwarding findChildElement on session 14f61660-7bcc-4279-b6a3-7163a94e0626 to remote] DEBUG o.a.netty.request.NettyRequestSender - Using open Channel [id: 0x7c68b8df, L:/127.0.0.1:64390 - R:localhost/127.0.0.1:10889] for POST '/session/14f61660-7bcc-4279-b6a3-7163a94e0626/element/9a539072-e8fb-4f52-9010-886812176600/element'
15:50:11.704 [AsyncHttpClient-3-1] DEBUG o.a.netty.handler.HttpHandler - 

Request DefaultHttpRequest(decodeResult: success, version: HTTP/1.1)
POST /session/14f61660-7bcc-4279-b6a3-7163a94e0626/element/9a539072-e8fb-4f52-9010-886812176600/element HTTP/1.1
User-Agent: selenium/4.0.0-alpha-5 (java windows)
Content-Length: 103
Content-Type: application/json; charset=utf-8
host: localhost:10889
accept: */*

Response DefaultHttpResponse(decodeResult: success, version: HTTP/1.1)
HTTP/1.1 200 OK
content-type: application/json; charset=utf-8
cache-control: no-cache
content-length: 88
date: Thu, 25 Jun 2020 12:50:11 GMT

15:50:11.704 [AsyncHttpClient-3-1] DEBUG o.a.netty.channel.ChannelManager - Adding key: http://localhost:10889 for channel [id: 0x7c68b8df, L:/127.0.0.1:64390 - R:localhost/127.0.0.1:10889]
15:50:11.704 [Forwarding getElementText on session 14f61660-7bcc-4279-b6a3-7163a94e0626 to remote] DEBUG o.a.netty.request.NettyRequestSender - Using pooled Channel '[id: 0x7c68b8df, L:/127.0.0.1:64390 - R:localhost/127.0.0.1:10889]' for 'GET' to 'http://localhost:10889/session/14f61660-7bcc-4279-b6a3-7163a94e0626/element/76a7635a-a27e-4979-bbf4-a466e5551257/text'
15:50:11.704 [Forwarding getElementText on session 14f61660-7bcc-4279-b6a3-7163a94e0626 to remote] DEBUG o.a.netty.request.NettyRequestSender - Using open Channel [id: 0x7c68b8df, L:/127.0.0.1:64390 - R:localhost/127.0.0.1:10889] for GET '/session/14f61660-7bcc-4279-b6a3-7163a94e0626/element/76a7635a-a27e-4979-bbf4-a466e5551257/text'
15:50:11.709 [AsyncHttpClient-3-1] DEBUG o.a.netty.handler.HttpHandler - 

Request DefaultFullHttpRequest(decodeResult: success, version: HTTP/1.1, content: EmptyByteBufBE)
GET /session/14f61660-7bcc-4279-b6a3-7163a94e0626/element/76a7635a-a27e-4979-bbf4-a466e5551257/text HTTP/1.1
User-Agent: selenium/4.0.0-alpha-5 (java windows)
Cache-Control: no-cache
host: localhost:10889
accept: */*

Response DefaultHttpResponse(decodeResult: success, version: HTTP/1.1)
HTTP/1.1 200 OK
content-type: application/json; charset=utf-8
cache-control: no-cache
content-length: 45
date: Thu, 25 Jun 2020 12:50:11 GMT

15:50:11.709 [AsyncHttpClient-3-1] DEBUG o.a.netty.channel.ChannelManager - Adding key: http://localhost:10889 for channel [id: 0x7c68b8df, L:/127.0.0.1:64390 - R:localhost/127.0.0.1:10889]
15:50:11.710 [Forwarding findChildElement on session 14f61660-7bcc-4279-b6a3-7163a94e0626 to remote] DEBUG o.a.netty.request.NettyRequestSender - Using pooled Channel '[id: 0x7c68b8df, L:/127.0.0.1:64390 - R:localhost/127.0.0.1:10889]' for 'POST' to 'http://localhost:10889/session/14f61660-7bcc-4279-b6a3-7163a94e0626/element/9a539072-e8fb-4f52-9010-886812176600/element'
15:50:11.710 [Forwarding findChildElement on session 14f61660-7bcc-4279-b6a3-7163a94e0626 to remote] DEBUG o.a.netty.request.NettyRequestSender - Using open Channel [id: 0x7c68b8df, L:/127.0.0.1:64390 - R:localhost/127.0.0.1:10889] for POST '/session/14f61660-7bcc-4279-b6a3-7163a94e0626/element/9a539072-e8fb-4f52-9010-886812176600/element'
15:50:11.713 [AsyncHttpClient-3-1] DEBUG o.a.netty.handler.HttpHandler - 

Request DefaultHttpRequest(decodeResult: success, version: HTTP/1.1)
POST /session/14f61660-7bcc-4279-b6a3-7163a94e0626/element/9a539072-e8fb-4f52-9010-886812176600/element HTTP/1.1
User-Agent: selenium/4.0.0-alpha-5 (java windows)
Content-Length: 103
Content-Type: application/json; charset=utf-8
host: localhost:10889
accept: */*

Response DefaultHttpResponse(decodeResult: success, version: HTTP/1.1)
HTTP/1.1 200 OK
content-type: application/json; charset=utf-8
cache-control: no-cache
content-length: 88
date: Thu, 25 Jun 2020 12:50:11 GMT

15:50:11.713 [AsyncHttpClient-3-1] DEBUG o.a.netty.channel.ChannelManager - Adding key: http://localhost:10889 for channel [id: 0x7c68b8df, L:/127.0.0.1:64390 - R:localhost/127.0.0.1:10889]
15:50:11.713 [Forwarding getElementText on session 14f61660-7bcc-4279-b6a3-7163a94e0626 to remote] DEBUG o.a.netty.request.NettyRequestSender - Using pooled Channel '[id: 0x7c68b8df, L:/127.0.0.1:64390 - R:localhost/127.0.0.1:10889]' for 'GET' to 'http://localhost:10889/session/14f61660-7bcc-4279-b6a3-7163a94e0626/element/a9d61187-ff67-4ec1-bada-715c11d70dda/text'
15:50:11.714 [Forwarding getElementText on session 14f61660-7bcc-4279-b6a3-7163a94e0626 to remote] DEBUG o.a.netty.request.NettyRequestSender - Using open Channel [id: 0x7c68b8df, L:/127.0.0.1:64390 - R:localhost/127.0.0.1:10889] for GET '/session/14f61660-7bcc-4279-b6a3-7163a94e0626/element/a9d61187-ff67-4ec1-bada-715c11d70dda/text'
15:50:11.722 [AsyncHttpClient-3-1] DEBUG o.a.netty.handler.HttpHandler - 

Request DefaultFullHttpRequest(decodeResult: success, version: HTTP/1.1, content: EmptyByteBufBE)
GET /session/14f61660-7bcc-4279-b6a3-7163a94e0626/element/a9d61187-ff67-4ec1-bada-715c11d70dda/text HTTP/1.1
User-Agent: selenium/4.0.0-alpha-5 (java windows)
Cache-Control: no-cache
host: localhost:10889
accept: */*

Response DefaultHttpResponse(decodeResult: success, version: HTTP/1.1)
HTTP/1.1 200 OK
content-type: application/json; charset=utf-8
cache-control: no-cache
content-length: 57
date: Thu, 25 Jun 2020 12:50:11 GMT

15:50:11.722 [AsyncHttpClient-3-1] DEBUG o.a.netty.channel.ChannelManager - Adding key: http://localhost:10889 for channel [id: 0x7c68b8df, L:/127.0.0.1:64390 - R:localhost/127.0.0.1:10889]
15:50:11.723 [Forwarding findChildElement on session 14f61660-7bcc-4279-b6a3-7163a94e0626 to remote] DEBUG o.a.netty.request.NettyRequestSender - Using pooled Channel '[id: 0x7c68b8df, L:/127.0.0.1:64390 - R:localhost/127.0.0.1:10889]' for 'POST' to 'http://localhost:10889/session/14f61660-7bcc-4279-b6a3-7163a94e0626/element/9a539072-e8fb-4f52-9010-886812176600/element'
15:50:11.723 [Forwarding findChildElement on session 14f61660-7bcc-4279-b6a3-7163a94e0626 to remote] DEBUG o.a.netty.request.NettyRequestSender - Using open Channel [id: 0x7c68b8df, L:/127.0.0.1:64390 - R:localhost/127.0.0.1:10889] for POST '/session/14f61660-7bcc-4279-b6a3-7163a94e0626/element/9a539072-e8fb-4f52-9010-886812176600/element'
15:50:11.726 [AsyncHttpClient-3-1] DEBUG o.a.netty.handler.HttpHandler - 

Request DefaultHttpRequest(decodeResult: success, version: HTTP/1.1)
POST /session/14f61660-7bcc-4279-b6a3-7163a94e0626/element/9a539072-e8fb-4f52-9010-886812176600/element HTTP/1.1
User-Agent: selenium/4.0.0-alpha-5 (java windows)
Content-Length: 97
Content-Type: application/json; charset=utf-8
host: localhost:10889
accept: */*

Response DefaultHttpResponse(decodeResult: success, version: HTTP/1.1)
HTTP/1.1 200 OK
content-type: application/json; charset=utf-8
cache-control: no-cache
content-length: 88
date: Thu, 25 Jun 2020 12:50:11 GMT

15:50:11.726 [AsyncHttpClient-3-1] DEBUG o.a.netty.channel.ChannelManager - Adding key: http://localhost:10889 for channel [id: 0x7c68b8df, L:/127.0.0.1:64390 - R:localhost/127.0.0.1:10889]
15:50:11.729 [Forwarding getElementAttribute on session 14f61660-7bcc-4279-b6a3-7163a94e0626 to remote] DEBUG o.a.netty.request.NettyRequestSender - Using pooled Channel '[id: 0x7c68b8df, L:/127.0.0.1:64390 - R:localhost/127.0.0.1:10889]' for 'POST' to 'http://localhost:10889/session/14f61660-7bcc-4279-b6a3-7163a94e0626/execute/sync'
15:50:11.729 [Forwarding getElementAttribute on session 14f61660-7bcc-4279-b6a3-7163a94e0626 to remote] DEBUG o.a.netty.request.NettyRequestSender - Using open Channel [id: 0x7c68b8df, L:/127.0.0.1:64390 - R:localhost/127.0.0.1:10889] for POST '/session/14f61660-7bcc-4279-b6a3-7163a94e0626/execute/sync'
15:50:11.741 [AsyncHttpClient-3-1] DEBUG o.a.netty.handler.HttpHandler - 

Request DefaultHttpRequest(decodeResult: success, version: HTTP/1.1)
POST /session/14f61660-7bcc-4279-b6a3-7163a94e0626/execute/sync HTTP/1.1
User-Agent: selenium/4.0.0-alpha-5 (java windows)
Content-Length: 39635
Content-Type: application/json; charset=utf-8
host: localhost:10889
accept: */*

Response DefaultHttpResponse(decodeResult: success, version: HTTP/1.1)
HTTP/1.1 200 OK
content-type: application/json; charset=utf-8
cache-control: no-cache
content-length: 15
date: Thu, 25 Jun 2020 12:50:11 GMT

15:50:11.742 [AsyncHttpClient-3-1] DEBUG o.a.netty.channel.ChannelManager - Adding key: http://localhost:10889 for channel [id: 0x7c68b8df, L:/127.0.0.1:64390 - R:localhost/127.0.0.1:10889]
15:50:11.742 [Forwarding findChildElement on session 14f61660-7bcc-4279-b6a3-7163a94e0626 to remote] DEBUG o.a.netty.request.NettyRequestSender - Using pooled Channel '[id: 0x7c68b8df, L:/127.0.0.1:64390 - R:localhost/127.0.0.1:10889]' for 'POST' to 'http://localhost:10889/session/14f61660-7bcc-4279-b6a3-7163a94e0626/element/404c0524-dea0-4c5b-a610-a27dc74de2e6/element'
15:50:11.742 [Forwarding findChildElement on session 14f61660-7bcc-4279-b6a3-7163a94e0626 to remote] DEBUG o.a.netty.request.NettyRequestSender - Using open Channel [id: 0x7c68b8df, L:/127.0.0.1:64390 - R:localhost/127.0.0.1:10889] for POST '/session/14f61660-7bcc-4279-b6a3-7163a94e0626/element/404c0524-dea0-4c5b-a610-a27dc74de2e6/element'
15:50:11.745 [AsyncHttpClient-3-1] DEBUG o.a.netty.handler.HttpHandler - 

Request DefaultHttpRequest(decodeResult: success, version: HTTP/1.1)
POST /session/14f61660-7bcc-4279-b6a3-7163a94e0626/element/404c0524-dea0-4c5b-a610-a27dc74de2e6/element HTTP/1.1
User-Agent: selenium/4.0.0-alpha-5 (java windows)
Content-Length: 103
Content-Type: application/json; charset=utf-8
host: localhost:10889
accept: */*

Response DefaultHttpResponse(decodeResult: success, version: HTTP/1.1)
HTTP/1.1 200 OK
content-type: application/json; charset=utf-8
cache-control: no-cache
content-length: 88
date: Thu, 25 Jun 2020 12:50:11 GMT

15:50:11.745 [AsyncHttpClient-3-1] DEBUG o.a.netty.channel.ChannelManager - Adding key: http://localhost:10889 for channel [id: 0x7c68b8df, L:/127.0.0.1:64390 - R:localhost/127.0.0.1:10889]
15:50:11.746 [Forwarding getElementText on session 14f61660-7bcc-4279-b6a3-7163a94e0626 to remote] DEBUG o.a.netty.request.NettyRequestSender - Using pooled Channel '[id: 0x7c68b8df, L:/127.0.0.1:64390 - R:localhost/127.0.0.1:10889]' for 'GET' to 'http://localhost:10889/session/14f61660-7bcc-4279-b6a3-7163a94e0626/element/88447dca-f588-47e7-b00c-7e1785982779/text'
15:50:11.746 [Forwarding getElementText on session 14f61660-7bcc-4279-b6a3-7163a94e0626 to remote] DEBUG o.a.netty.request.NettyRequestSender - Using open Channel [id: 0x7c68b8df, L:/127.0.0.1:64390 - R:localhost/127.0.0.1:10889] for GET '/session/14f61660-7bcc-4279-b6a3-7163a94e0626/element/88447dca-f588-47e7-b00c-7e1785982779/text'
15:50:11.750 [AsyncHttpClient-3-1] DEBUG o.a.netty.handler.HttpHandler - 

Request DefaultFullHttpRequest(decodeResult: success, version: HTTP/1.1, content: EmptyByteBufBE)
GET /session/14f61660-7bcc-4279-b6a3-7163a94e0626/element/88447dca-f588-47e7-b00c-7e1785982779/text HTTP/1.1
User-Agent: selenium/4.0.0-alpha-5 (java windows)
Cache-Control: no-cache
host: localhost:10889
accept: */*

Response DefaultHttpResponse(decodeResult: success, version: HTTP/1.1)
HTTP/1.1 200 OK
content-type: application/json; charset=utf-8
cache-control: no-cache
content-length: 18
date: Thu, 25 Jun 2020 12:50:11 GMT

15:50:11.750 [AsyncHttpClient-3-1] DEBUG o.a.netty.channel.ChannelManager - Adding key: http://localhost:10889 for channel [id: 0x7c68b8df, L:/127.0.0.1:64390 - R:localhost/127.0.0.1:10889]
15:50:11.751 [Forwarding findChildElement on session 14f61660-7bcc-4279-b6a3-7163a94e0626 to remote] DEBUG o.a.netty.request.NettyRequestSender - Using pooled Channel '[id: 0x7c68b8df, L:/127.0.0.1:64390 - R:localhost/127.0.0.1:10889]' for 'POST' to 'http://localhost:10889/session/14f61660-7bcc-4279-b6a3-7163a94e0626/element/404c0524-dea0-4c5b-a610-a27dc74de2e6/element'
15:50:11.751 [Forwarding findChildElement on session 14f61660-7bcc-4279-b6a3-7163a94e0626 to remote] DEBUG o.a.netty.request.NettyRequestSender - Using open Channel [id: 0x7c68b8df, L:/127.0.0.1:64390 - R:localhost/127.0.0.1:10889] for POST '/session/14f61660-7bcc-4279-b6a3-7163a94e0626/element/404c0524-dea0-4c5b-a610-a27dc74de2e6/element'
15:50:11.755 [AsyncHttpClient-3-1] DEBUG o.a.netty.handler.HttpHandler - 

Request DefaultHttpRequest(decodeResult: success, version: HTTP/1.1)
POST /session/14f61660-7bcc-4279-b6a3-7163a94e0626/element/404c0524-dea0-4c5b-a610-a27dc74de2e6/element HTTP/1.1
User-Agent: selenium/4.0.0-alpha-5 (java windows)
Content-Length: 103
Content-Type: application/json; charset=utf-8
host: localhost:10889
accept: */*

Response DefaultHttpResponse(decodeResult: success, version: HTTP/1.1)
HTTP/1.1 200 OK
content-type: application/json; charset=utf-8
cache-control: no-cache
content-length: 88
date: Thu, 25 Jun 2020 12:50:11 GMT

15:50:11.755 [AsyncHttpClient-3-1] DEBUG o.a.netty.channel.ChannelManager - Adding key: http://localhost:10889 for channel [id: 0x7c68b8df, L:/127.0.0.1:64390 - R:localhost/127.0.0.1:10889]
15:50:11.755 [Forwarding getElementText on session 14f61660-7bcc-4279-b6a3-7163a94e0626 to remote] DEBUG o.a.netty.request.NettyRequestSender - Using pooled Channel '[id: 0x7c68b8df, L:/127.0.0.1:64390 - R:localhost/127.0.0.1:10889]' for 'GET' to 'http://localhost:10889/session/14f61660-7bcc-4279-b6a3-7163a94e0626/element/46fbc4ad-4d58-4cc7-ad02-8e94641ad67e/text'
15:50:11.755 [Forwarding getElementText on session 14f61660-7bcc-4279-b6a3-7163a94e0626 to remote] DEBUG o.a.netty.request.NettyRequestSender - Using open Channel [id: 0x7c68b8df, L:/127.0.0.1:64390 - R:localhost/127.0.0.1:10889] for GET '/session/14f61660-7bcc-4279-b6a3-7163a94e0626/element/46fbc4ad-4d58-4cc7-ad02-8e94641ad67e/text'
15:50:11.760 [AsyncHttpClient-3-1] DEBUG o.a.netty.handler.HttpHandler - 

Request DefaultFullHttpRequest(decodeResult: success, version: HTTP/1.1, content: EmptyByteBufBE)
GET /session/14f61660-7bcc-4279-b6a3-7163a94e0626/element/46fbc4ad-4d58-4cc7-ad02-8e94641ad67e/text HTTP/1.1
User-Agent: selenium/4.0.0-alpha-5 (java windows)
Cache-Control: no-cache
host: localhost:10889
accept: */*

Response DefaultHttpResponse(decodeResult: success, version: HTTP/1.1)
HTTP/1.1 200 OK
content-type: application/json; charset=utf-8
cache-control: no-cache
content-length: 22
date: Thu, 25 Jun 2020 12:50:11 GMT

15:50:11.760 [AsyncHttpClient-3-1] DEBUG o.a.netty.channel.ChannelManager - Adding key: http://localhost:10889 for channel [id: 0x7c68b8df, L:/127.0.0.1:64390 - R:localhost/127.0.0.1:10889]
15:50:11.761 [Forwarding findChildElement on session 14f61660-7bcc-4279-b6a3-7163a94e0626 to remote] DEBUG o.a.netty.request.NettyRequestSender - Using pooled Channel '[id: 0x7c68b8df, L:/127.0.0.1:64390 - R:localhost/127.0.0.1:10889]' for 'POST' to 'http://localhost:10889/session/14f61660-7bcc-4279-b6a3-7163a94e0626/element/404c0524-dea0-4c5b-a610-a27dc74de2e6/element'
15:50:11.761 [Forwarding findChildElement on session 14f61660-7bcc-4279-b6a3-7163a94e0626 to remote] DEBUG o.a.netty.request.NettyRequestSender - Using open Channel [id: 0x7c68b8df, L:/127.0.0.1:64390 - R:localhost/127.0.0.1:10889] for POST '/session/14f61660-7bcc-4279-b6a3-7163a94e0626/element/404c0524-dea0-4c5b-a610-a27dc74de2e6/element'
15:50:11.765 [AsyncHttpClient-3-1] DEBUG o.a.netty.handler.HttpHandler - 

Request DefaultHttpRequest(decodeResult: success, version: HTTP/1.1)
POST /session/14f61660-7bcc-4279-b6a3-7163a94e0626/element/404c0524-dea0-4c5b-a610-a27dc74de2e6/element HTTP/1.1
User-Agent: selenium/4.0.0-alpha-5 (java windows)
Content-Length: 103
Content-Type: application/json; charset=utf-8
host: localhost:10889
accept: */*

Response DefaultHttpResponse(decodeResult: success, version: HTTP/1.1)
HTTP/1.1 200 OK
content-type: application/json; charset=utf-8
cache-control: no-cache
content-length: 88
date: Thu, 25 Jun 2020 12:50:11 GMT

15:50:11.765 [AsyncHttpClient-3-1] DEBUG o.a.netty.channel.ChannelManager - Adding key: http://localhost:10889 for channel [id: 0x7c68b8df, L:/127.0.0.1:64390 - R:localhost/127.0.0.1:10889]
15:50:11.766 [Forwarding getElementText on session 14f61660-7bcc-4279-b6a3-7163a94e0626 to remote] DEBUG o.a.netty.request.NettyRequestSender - Using pooled Channel '[id: 0x7c68b8df, L:/127.0.0.1:64390 - R:localhost/127.0.0.1:10889]' for 'GET' to 'http://localhost:10889/session/14f61660-7bcc-4279-b6a3-7163a94e0626/element/fb3441a4-fa0c-4343-8582-ff320a344ff5/text'
15:50:11.766 [Forwarding getElementText on session 14f61660-7bcc-4279-b6a3-7163a94e0626 to remote] DEBUG o.a.netty.request.NettyRequestSender - Using open Channel [id: 0x7c68b8df, L:/127.0.0.1:64390 - R:localhost/127.0.0.1:10889] for GET '/session/14f61660-7bcc-4279-b6a3-7163a94e0626/element/fb3441a4-fa0c-4343-8582-ff320a344ff5/text'
15:50:11.771 [AsyncHttpClient-3-1] DEBUG o.a.netty.handler.HttpHandler - 

Request DefaultFullHttpRequest(decodeResult: success, version: HTTP/1.1, content: EmptyByteBufBE)
GET /session/14f61660-7bcc-4279-b6a3-7163a94e0626/element/fb3441a4-fa0c-4343-8582-ff320a344ff5/text HTTP/1.1
User-Agent: selenium/4.0.0-alpha-5 (java windows)
Cache-Control: no-cache
host: localhost:10889
accept: */*

Response DefaultHttpResponse(decodeResult: success, version: HTTP/1.1)
HTTP/1.1 200 OK
content-type: application/json; charset=utf-8
cache-control: no-cache
content-length: 21
date: Thu, 25 Jun 2020 12:50:11 GMT

15:50:11.771 [AsyncHttpClient-3-1] DEBUG o.a.netty.channel.ChannelManager - Adding key: http://localhost:10889 for channel [id: 0x7c68b8df, L:/127.0.0.1:64390 - R:localhost/127.0.0.1:10889]
15:50:11.772 [Forwarding findChildElement on session 14f61660-7bcc-4279-b6a3-7163a94e0626 to remote] DEBUG o.a.netty.request.NettyRequestSender - Using pooled Channel '[id: 0x7c68b8df, L:/127.0.0.1:64390 - R:localhost/127.0.0.1:10889]' for 'POST' to 'http://localhost:10889/session/14f61660-7bcc-4279-b6a3-7163a94e0626/element/404c0524-dea0-4c5b-a610-a27dc74de2e6/element'
15:50:11.772 [Forwarding findChildElement on session 14f61660-7bcc-4279-b6a3-7163a94e0626 to remote] DEBUG o.a.netty.request.NettyRequestSender - Using open Channel [id: 0x7c68b8df, L:/127.0.0.1:64390 - R:localhost/127.0.0.1:10889] for POST '/session/14f61660-7bcc-4279-b6a3-7163a94e0626/element/404c0524-dea0-4c5b-a610-a27dc74de2e6/element'
15:50:11.775 [AsyncHttpClient-3-1] DEBUG o.a.netty.handler.HttpHandler - 

Request DefaultHttpRequest(decodeResult: success, version: HTTP/1.1)
POST /session/14f61660-7bcc-4279-b6a3-7163a94e0626/element/404c0524-dea0-4c5b-a610-a27dc74de2e6/element HTTP/1.1
User-Agent: selenium/4.0.0-alpha-5 (java windows)
Content-Length: 103
Content-Type: application/json; charset=utf-8
host: localhost:10889
accept: */*

Response DefaultHttpResponse(decodeResult: success, version: HTTP/1.1)
HTTP/1.1 200 OK
content-type: application/json; charset=utf-8
cache-control: no-cache
content-length: 88
date: Thu, 25 Jun 2020 12:50:11 GMT

15:50:11.775 [AsyncHttpClient-3-1] DEBUG o.a.netty.channel.ChannelManager - Adding key: http://localhost:10889 for channel [id: 0x7c68b8df, L:/127.0.0.1:64390 - R:localhost/127.0.0.1:10889]
15:50:11.775 [Forwarding getElementText on session 14f61660-7bcc-4279-b6a3-7163a94e0626 to remote] DEBUG o.a.netty.request.NettyRequestSender - Using pooled Channel '[id: 0x7c68b8df, L:/127.0.0.1:64390 - R:localhost/127.0.0.1:10889]' for 'GET' to 'http://localhost:10889/session/14f61660-7bcc-4279-b6a3-7163a94e0626/element/855cc738-6ae6-441b-b026-ce8f56c37999/text'
15:50:11.775 [Forwarding getElementText on session 14f61660-7bcc-4279-b6a3-7163a94e0626 to remote] DEBUG o.a.netty.request.NettyRequestSender - Using open Channel [id: 0x7c68b8df, L:/127.0.0.1:64390 - R:localhost/127.0.0.1:10889] for GET '/session/14f61660-7bcc-4279-b6a3-7163a94e0626/element/855cc738-6ae6-441b-b026-ce8f56c37999/text'
15:50:11.780 [AsyncHttpClient-3-1] DEBUG o.a.netty.handler.HttpHandler - 

Request DefaultFullHttpRequest(decodeResult: success, version: HTTP/1.1, content: EmptyByteBufBE)
GET /session/14f61660-7bcc-4279-b6a3-7163a94e0626/element/855cc738-6ae6-441b-b026-ce8f56c37999/text HTTP/1.1
User-Agent: selenium/4.0.0-alpha-5 (java windows)
Cache-Control: no-cache
host: localhost:10889
accept: */*

Response DefaultHttpResponse(decodeResult: success, version: HTTP/1.1)
HTTP/1.1 200 OK
content-type: application/json; charset=utf-8
cache-control: no-cache
content-length: 45
date: Thu, 25 Jun 2020 12:50:11 GMT

15:50:11.780 [AsyncHttpClient-3-1] DEBUG o.a.netty.channel.ChannelManager - Adding key: http://localhost:10889 for channel [id: 0x7c68b8df, L:/127.0.0.1:64390 - R:localhost/127.0.0.1:10889]
15:50:11.781 [Forwarding findChildElement on session 14f61660-7bcc-4279-b6a3-7163a94e0626 to remote] DEBUG o.a.netty.request.NettyRequestSender - Using pooled Channel '[id: 0x7c68b8df, L:/127.0.0.1:64390 - R:localhost/127.0.0.1:10889]' for 'POST' to 'http://localhost:10889/session/14f61660-7bcc-4279-b6a3-7163a94e0626/element/404c0524-dea0-4c5b-a610-a27dc74de2e6/element'
15:50:11.781 [Forwarding findChildElement on session 14f61660-7bcc-4279-b6a3-7163a94e0626 to remote] DEBUG o.a.netty.request.NettyRequestSender - Using open Channel [id: 0x7c68b8df, L:/127.0.0.1:64390 - R:localhost/127.0.0.1:10889] for POST '/session/14f61660-7bcc-4279-b6a3-7163a94e0626/element/404c0524-dea0-4c5b-a610-a27dc74de2e6/element'
15:50:11.786 [AsyncHttpClient-3-1] DEBUG o.a.netty.handler.HttpHandler - 

Request DefaultHttpRequest(decodeResult: success, version: HTTP/1.1)
POST /session/14f61660-7bcc-4279-b6a3-7163a94e0626/element/404c0524-dea0-4c5b-a610-a27dc74de2e6/element HTTP/1.1
User-Agent: selenium/4.0.0-alpha-5 (java windows)
Content-Length: 103
Content-Type: application/json; charset=utf-8
host: localhost:10889
accept: */*

Response DefaultHttpResponse(decodeResult: success, version: HTTP/1.1)
HTTP/1.1 200 OK
content-type: application/json; charset=utf-8
cache-control: no-cache
content-length: 88
date: Thu, 25 Jun 2020 12:50:11 GMT

15:50:11.786 [AsyncHttpClient-3-1] DEBUG o.a.netty.channel.ChannelManager - Adding key: http://localhost:10889 for channel [id: 0x7c68b8df, L:/127.0.0.1:64390 - R:localhost/127.0.0.1:10889]
15:50:11.787 [Forwarding getElementText on session 14f61660-7bcc-4279-b6a3-7163a94e0626 to remote] DEBUG o.a.netty.request.NettyRequestSender - Using pooled Channel '[id: 0x7c68b8df, L:/127.0.0.1:64390 - R:localhost/127.0.0.1:10889]' for 'GET' to 'http://localhost:10889/session/14f61660-7bcc-4279-b6a3-7163a94e0626/element/ac4c9a8d-15c9-4611-b1c7-1cbf678abe35/text'
15:50:11.787 [Forwarding getElementText on session 14f61660-7bcc-4279-b6a3-7163a94e0626 to remote] DEBUG o.a.netty.request.NettyRequestSender - Using open Channel [id: 0x7c68b8df, L:/127.0.0.1:64390 - R:localhost/127.0.0.1:10889] for GET '/session/14f61660-7bcc-4279-b6a3-7163a94e0626/element/ac4c9a8d-15c9-4611-b1c7-1cbf678abe35/text'
15:50:11.793 [AsyncHttpClient-3-1] DEBUG o.a.netty.handler.HttpHandler - 

Request DefaultFullHttpRequest(decodeResult: success, version: HTTP/1.1, content: EmptyByteBufBE)
GET /session/14f61660-7bcc-4279-b6a3-7163a94e0626/element/ac4c9a8d-15c9-4611-b1c7-1cbf678abe35/text HTTP/1.1
User-Agent: selenium/4.0.0-alpha-5 (java windows)
Cache-Control: no-cache
host: localhost:10889
accept: */*

Response DefaultHttpResponse(decodeResult: success, version: HTTP/1.1)
HTTP/1.1 200 OK
content-type: application/json; charset=utf-8
cache-control: no-cache
content-length: 57
date: Thu, 25 Jun 2020 12:50:11 GMT

15:50:11.794 [AsyncHttpClient-3-1] DEBUG o.a.netty.channel.ChannelManager - Adding key: http://localhost:10889 for channel [id: 0x7c68b8df, L:/127.0.0.1:64390 - R:localhost/127.0.0.1:10889]
15:50:11.794 [Forwarding findChildElement on session 14f61660-7bcc-4279-b6a3-7163a94e0626 to remote] DEBUG o.a.netty.request.NettyRequestSender - Using pooled Channel '[id: 0x7c68b8df, L:/127.0.0.1:64390 - R:localhost/127.0.0.1:10889]' for 'POST' to 'http://localhost:10889/session/14f61660-7bcc-4279-b6a3-7163a94e0626/element/404c0524-dea0-4c5b-a610-a27dc74de2e6/element'
15:50:11.794 [Forwarding findChildElement on session 14f61660-7bcc-4279-b6a3-7163a94e0626 to remote] DEBUG o.a.netty.request.NettyRequestSender - Using open Channel [id: 0x7c68b8df, L:/127.0.0.1:64390 - R:localhost/127.0.0.1:10889] for POST '/session/14f61660-7bcc-4279-b6a3-7163a94e0626/element/404c0524-dea0-4c5b-a610-a27dc74de2e6/element'
15:50:11.798 [AsyncHttpClient-3-1] DEBUG o.a.netty.handler.HttpHandler - 

Request DefaultHttpRequest(decodeResult: success, version: HTTP/1.1)
POST /session/14f61660-7bcc-4279-b6a3-7163a94e0626/element/404c0524-dea0-4c5b-a610-a27dc74de2e6/element HTTP/1.1
User-Agent: selenium/4.0.0-alpha-5 (java windows)
Content-Length: 97
Content-Type: application/json; charset=utf-8
host: localhost:10889
accept: */*

Response DefaultHttpResponse(decodeResult: success, version: HTTP/1.1)
HTTP/1.1 200 OK
content-type: application/json; charset=utf-8
cache-control: no-cache
content-length: 88
date: Thu, 25 Jun 2020 12:50:11 GMT

15:50:11.798 [AsyncHttpClient-3-1] DEBUG o.a.netty.channel.ChannelManager - Adding key: http://localhost:10889 for channel [id: 0x7c68b8df, L:/127.0.0.1:64390 - R:localhost/127.0.0.1:10889]
15:50:11.801 [Forwarding getElementAttribute on session 14f61660-7bcc-4279-b6a3-7163a94e0626 to remote] DEBUG o.a.netty.request.NettyRequestSender - Using pooled Channel '[id: 0x7c68b8df, L:/127.0.0.1:64390 - R:localhost/127.0.0.1:10889]' for 'POST' to 'http://localhost:10889/session/14f61660-7bcc-4279-b6a3-7163a94e0626/execute/sync'
15:50:11.801 [Forwarding getElementAttribute on session 14f61660-7bcc-4279-b6a3-7163a94e0626 to remote] DEBUG o.a.netty.request.NettyRequestSender - Using open Channel [id: 0x7c68b8df, L:/127.0.0.1:64390 - R:localhost/127.0.0.1:10889] for POST '/session/14f61660-7bcc-4279-b6a3-7163a94e0626/execute/sync'
15:50:11.814 [AsyncHttpClient-3-1] DEBUG o.a.netty.handler.HttpHandler - 

Request DefaultHttpRequest(decodeResult: success, version: HTTP/1.1)
POST /session/14f61660-7bcc-4279-b6a3-7163a94e0626/execute/sync HTTP/1.1
User-Agent: selenium/4.0.0-alpha-5 (java windows)
Content-Length: 39635
Content-Type: application/json; charset=utf-8
host: localhost:10889
accept: */*

Response DefaultHttpResponse(decodeResult: success, version: HTTP/1.1)
HTTP/1.1 200 OK
content-type: application/json; charset=utf-8
cache-control: no-cache
content-length: 15
date: Thu, 25 Jun 2020 12:50:11 GMT

15:50:11.814 [AsyncHttpClient-3-1] DEBUG o.a.netty.channel.ChannelManager - Adding key: http://localhost:10889 for channel [id: 0x7c68b8df, L:/127.0.0.1:64390 - R:localhost/127.0.0.1:10889]
15:50:11.814 [Forwarding findChildElement on session 14f61660-7bcc-4279-b6a3-7163a94e0626 to remote] DEBUG o.a.netty.request.NettyRequestSender - Using pooled Channel '[id: 0x7c68b8df, L:/127.0.0.1:64390 - R:localhost/127.0.0.1:10889]' for 'POST' to 'http://localhost:10889/session/14f61660-7bcc-4279-b6a3-7163a94e0626/element/be98c677-d7bb-49eb-8144-f7922a9d25b1/element'
15:50:11.814 [Forwarding findChildElement on session 14f61660-7bcc-4279-b6a3-7163a94e0626 to remote] DEBUG o.a.netty.request.NettyRequestSender - Using open Channel [id: 0x7c68b8df, L:/127.0.0.1:64390 - R:localhost/127.0.0.1:10889] for POST '/session/14f61660-7bcc-4279-b6a3-7163a94e0626/element/be98c677-d7bb-49eb-8144-f7922a9d25b1/element'
15:50:11.819 [AsyncHttpClient-3-1] DEBUG o.a.netty.handler.HttpHandler - 

Request DefaultHttpRequest(decodeResult: success, version: HTTP/1.1)
POST /session/14f61660-7bcc-4279-b6a3-7163a94e0626/element/be98c677-d7bb-49eb-8144-f7922a9d25b1/element HTTP/1.1
User-Agent: selenium/4.0.0-alpha-5 (java windows)
Content-Length: 103
Content-Type: application/json; charset=utf-8
host: localhost:10889
accept: */*

Response DefaultHttpResponse(decodeResult: success, version: HTTP/1.1)
HTTP/1.1 200 OK
content-type: application/json; charset=utf-8
cache-control: no-cache
content-length: 88
date: Thu, 25 Jun 2020 12:50:11 GMT

15:50:11.819 [AsyncHttpClient-3-1] DEBUG o.a.netty.channel.ChannelManager - Adding key: http://localhost:10889 for channel [id: 0x7c68b8df, L:/127.0.0.1:64390 - R:localhost/127.0.0.1:10889]
15:50:11.819 [Forwarding getElementText on session 14f61660-7bcc-4279-b6a3-7163a94e0626 to remote] DEBUG o.a.netty.request.NettyRequestSender - Using pooled Channel '[id: 0x7c68b8df, L:/127.0.0.1:64390 - R:localhost/127.0.0.1:10889]' for 'GET' to 'http://localhost:10889/session/14f61660-7bcc-4279-b6a3-7163a94e0626/element/00ee5c66-e064-4857-ad66-71c18f5ce934/text'
15:50:11.819 [Forwarding getElementText on session 14f61660-7bcc-4279-b6a3-7163a94e0626 to remote] DEBUG o.a.netty.request.NettyRequestSender - Using open Channel [id: 0x7c68b8df, L:/127.0.0.1:64390 - R:localhost/127.0.0.1:10889] for GET '/session/14f61660-7bcc-4279-b6a3-7163a94e0626/element/00ee5c66-e064-4857-ad66-71c18f5ce934/text'
15:50:11.824 [AsyncHttpClient-3-1] DEBUG o.a.netty.handler.HttpHandler - 

Request DefaultFullHttpRequest(decodeResult: success, version: HTTP/1.1, content: EmptyByteBufBE)
GET /session/14f61660-7bcc-4279-b6a3-7163a94e0626/element/00ee5c66-e064-4857-ad66-71c18f5ce934/text HTTP/1.1
User-Agent: selenium/4.0.0-alpha-5 (java windows)
Cache-Control: no-cache
host: localhost:10889
accept: */*

Response DefaultHttpResponse(decodeResult: success, version: HTTP/1.1)
HTTP/1.1 200 OK
content-type: application/json; charset=utf-8
cache-control: no-cache
content-length: 18
date: Thu, 25 Jun 2020 12:50:11 GMT

15:50:11.825 [AsyncHttpClient-3-1] DEBUG o.a.netty.channel.ChannelManager - Adding key: http://localhost:10889 for channel [id: 0x7c68b8df, L:/127.0.0.1:64390 - R:localhost/127.0.0.1:10889]
15:50:11.825 [Forwarding findChildElement on session 14f61660-7bcc-4279-b6a3-7163a94e0626 to remote] DEBUG o.a.netty.request.NettyRequestSender - Using pooled Channel '[id: 0x7c68b8df, L:/127.0.0.1:64390 - R:localhost/127.0.0.1:10889]' for 'POST' to 'http://localhost:10889/session/14f61660-7bcc-4279-b6a3-7163a94e0626/element/be98c677-d7bb-49eb-8144-f7922a9d25b1/element'
15:50:11.825 [Forwarding findChildElement on session 14f61660-7bcc-4279-b6a3-7163a94e0626 to remote] DEBUG o.a.netty.request.NettyRequestSender - Using open Channel [id: 0x7c68b8df, L:/127.0.0.1:64390 - R:localhost/127.0.0.1:10889] for POST '/session/14f61660-7bcc-4279-b6a3-7163a94e0626/element/be98c677-d7bb-49eb-8144-f7922a9d25b1/element'
15:50:11.829 [AsyncHttpClient-3-1] DEBUG o.a.netty.handler.HttpHandler - 

Request DefaultHttpRequest(decodeResult: success, version: HTTP/1.1)
POST /session/14f61660-7bcc-4279-b6a3-7163a94e0626/element/be98c677-d7bb-49eb-8144-f7922a9d25b1/element HTTP/1.1
User-Agent: selenium/4.0.0-alpha-5 (java windows)
Content-Length: 103
Content-Type: application/json; charset=utf-8
host: localhost:10889
accept: */*

Response DefaultHttpResponse(decodeResult: success, version: HTTP/1.1)
HTTP/1.1 200 OK
content-type: application/json; charset=utf-8
cache-control: no-cache
content-length: 88
date: Thu, 25 Jun 2020 12:50:11 GMT

15:50:11.829 [AsyncHttpClient-3-1] DEBUG o.a.netty.channel.ChannelManager - Adding key: http://localhost:10889 for channel [id: 0x7c68b8df, L:/127.0.0.1:64390 - R:localhost/127.0.0.1:10889]
15:50:11.829 [Forwarding getElementText on session 14f61660-7bcc-4279-b6a3-7163a94e0626 to remote] DEBUG o.a.netty.request.NettyRequestSender - Using pooled Channel '[id: 0x7c68b8df, L:/127.0.0.1:64390 - R:localhost/127.0.0.1:10889]' for 'GET' to 'http://localhost:10889/session/14f61660-7bcc-4279-b6a3-7163a94e0626/element/fc142989-f9da-4350-a137-a5edd2931e3e/text'
15:50:11.829 [Forwarding getElementText on session 14f61660-7bcc-4279-b6a3-7163a94e0626 to remote] DEBUG o.a.netty.request.NettyRequestSender - Using open Channel [id: 0x7c68b8df, L:/127.0.0.1:64390 - R:localhost/127.0.0.1:10889] for GET '/session/14f61660-7bcc-4279-b6a3-7163a94e0626/element/fc142989-f9da-4350-a137-a5edd2931e3e/text'
15:50:11.833 [AsyncHttpClient-3-1] DEBUG o.a.netty.handler.HttpHandler - 

Request DefaultFullHttpRequest(decodeResult: success, version: HTTP/1.1, content: EmptyByteBufBE)
GET /session/14f61660-7bcc-4279-b6a3-7163a94e0626/element/fc142989-f9da-4350-a137-a5edd2931e3e/text HTTP/1.1
User-Agent: selenium/4.0.0-alpha-5 (java windows)
Cache-Control: no-cache
host: localhost:10889
accept: */*

Response DefaultHttpResponse(decodeResult: success, version: HTTP/1.1)
HTTP/1.1 200 OK
content-type: application/json; charset=utf-8
cache-control: no-cache
content-length: 22
date: Thu, 25 Jun 2020 12:50:11 GMT

15:50:11.833 [AsyncHttpClient-3-1] DEBUG o.a.netty.channel.ChannelManager - Adding key: http://localhost:10889 for channel [id: 0x7c68b8df, L:/127.0.0.1:64390 - R:localhost/127.0.0.1:10889]
15:50:11.834 [Forwarding findChildElement on session 14f61660-7bcc-4279-b6a3-7163a94e0626 to remote] DEBUG o.a.netty.request.NettyRequestSender - Using pooled Channel '[id: 0x7c68b8df, L:/127.0.0.1:64390 - R:localhost/127.0.0.1:10889]' for 'POST' to 'http://localhost:10889/session/14f61660-7bcc-4279-b6a3-7163a94e0626/element/be98c677-d7bb-49eb-8144-f7922a9d25b1/element'
15:50:11.834 [Forwarding findChildElement on session 14f61660-7bcc-4279-b6a3-7163a94e0626 to remote] DEBUG o.a.netty.request.NettyRequestSender - Using open Channel [id: 0x7c68b8df, L:/127.0.0.1:64390 - R:localhost/127.0.0.1:10889] for POST '/session/14f61660-7bcc-4279-b6a3-7163a94e0626/element/be98c677-d7bb-49eb-8144-f7922a9d25b1/element'
15:50:11.838 [AsyncHttpClient-3-1] DEBUG o.a.netty.handler.HttpHandler - 

Request DefaultHttpRequest(decodeResult: success, version: HTTP/1.1)
POST /session/14f61660-7bcc-4279-b6a3-7163a94e0626/element/be98c677-d7bb-49eb-8144-f7922a9d25b1/element HTTP/1.1
User-Agent: selenium/4.0.0-alpha-5 (java windows)
Content-Length: 103
Content-Type: application/json; charset=utf-8
host: localhost:10889
accept: */*

Response DefaultHttpResponse(decodeResult: success, version: HTTP/1.1)
HTTP/1.1 200 OK
content-type: application/json; charset=utf-8
cache-control: no-cache
content-length: 88
date: Thu, 25 Jun 2020 12:50:11 GMT

15:50:11.838 [AsyncHttpClient-3-1] DEBUG o.a.netty.channel.ChannelManager - Adding key: http://localhost:10889 for channel [id: 0x7c68b8df, L:/127.0.0.1:64390 - R:localhost/127.0.0.1:10889]
15:50:11.838 [Forwarding getElementText on session 14f61660-7bcc-4279-b6a3-7163a94e0626 to remote] DEBUG o.a.netty.request.NettyRequestSender - Using pooled Channel '[id: 0x7c68b8df, L:/127.0.0.1:64390 - R:localhost/127.0.0.1:10889]' for 'GET' to 'http://localhost:10889/session/14f61660-7bcc-4279-b6a3-7163a94e0626/element/89ed08bb-6b4e-4e9a-86d5-4686a1077ff0/text'
15:50:11.838 [Forwarding getElementText on session 14f61660-7bcc-4279-b6a3-7163a94e0626 to remote] DEBUG o.a.netty.request.NettyRequestSender - Using open Channel [id: 0x7c68b8df, L:/127.0.0.1:64390 - R:localhost/127.0.0.1:10889] for GET '/session/14f61660-7bcc-4279-b6a3-7163a94e0626/element/89ed08bb-6b4e-4e9a-86d5-4686a1077ff0/text'
15:50:11.842 [AsyncHttpClient-3-1] DEBUG o.a.netty.handler.HttpHandler - 

Request DefaultFullHttpRequest(decodeResult: success, version: HTTP/1.1, content: EmptyByteBufBE)
GET /session/14f61660-7bcc-4279-b6a3-7163a94e0626/element/89ed08bb-6b4e-4e9a-86d5-4686a1077ff0/text HTTP/1.1
User-Agent: selenium/4.0.0-alpha-5 (java windows)
Cache-Control: no-cache
host: localhost:10889
accept: */*

Response DefaultHttpResponse(decodeResult: success, version: HTTP/1.1)
HTTP/1.1 200 OK
content-type: application/json; charset=utf-8
cache-control: no-cache
content-length: 21
date: Thu, 25 Jun 2020 12:50:11 GMT

15:50:11.842 [AsyncHttpClient-3-1] DEBUG o.a.netty.channel.ChannelManager - Adding key: http://localhost:10889 for channel [id: 0x7c68b8df, L:/127.0.0.1:64390 - R:localhost/127.0.0.1:10889]
15:50:11.843 [Forwarding findChildElement on session 14f61660-7bcc-4279-b6a3-7163a94e0626 to remote] DEBUG o.a.netty.request.NettyRequestSender - Using pooled Channel '[id: 0x7c68b8df, L:/127.0.0.1:64390 - R:localhost/127.0.0.1:10889]' for 'POST' to 'http://localhost:10889/session/14f61660-7bcc-4279-b6a3-7163a94e0626/element/be98c677-d7bb-49eb-8144-f7922a9d25b1/element'
15:50:11.843 [Forwarding findChildElement on session 14f61660-7bcc-4279-b6a3-7163a94e0626 to remote] DEBUG o.a.netty.request.NettyRequestSender - Using open Channel [id: 0x7c68b8df, L:/127.0.0.1:64390 - R:localhost/127.0.0.1:10889] for POST '/session/14f61660-7bcc-4279-b6a3-7163a94e0626/element/be98c677-d7bb-49eb-8144-f7922a9d25b1/element'
15:50:11.846 [AsyncHttpClient-3-1] DEBUG o.a.netty.handler.HttpHandler - 

Request DefaultHttpRequest(decodeResult: success, version: HTTP/1.1)
POST /session/14f61660-7bcc-4279-b6a3-7163a94e0626/element/be98c677-d7bb-49eb-8144-f7922a9d25b1/element HTTP/1.1
User-Agent: selenium/4.0.0-alpha-5 (java windows)
Content-Length: 103
Content-Type: application/json; charset=utf-8
host: localhost:10889
accept: */*

Response DefaultHttpResponse(decodeResult: success, version: HTTP/1.1)
HTTP/1.1 200 OK
content-type: application/json; charset=utf-8
cache-control: no-cache
content-length: 88
date: Thu, 25 Jun 2020 12:50:11 GMT

15:50:11.846 [AsyncHttpClient-3-1] DEBUG o.a.netty.channel.ChannelManager - Adding key: http://localhost:10889 for channel [id: 0x7c68b8df, L:/127.0.0.1:64390 - R:localhost/127.0.0.1:10889]
15:50:11.847 [Forwarding getElementText on session 14f61660-7bcc-4279-b6a3-7163a94e0626 to remote] DEBUG o.a.netty.request.NettyRequestSender - Using pooled Channel '[id: 0x7c68b8df, L:/127.0.0.1:64390 - R:localhost/127.0.0.1:10889]' for 'GET' to 'http://localhost:10889/session/14f61660-7bcc-4279-b6a3-7163a94e0626/element/d1b5a199-175f-4b59-b50a-cf7555943b2a/text'
15:50:11.847 [Forwarding getElementText on session 14f61660-7bcc-4279-b6a3-7163a94e0626 to remote] DEBUG o.a.netty.request.NettyRequestSender - Using open Channel [id: 0x7c68b8df, L:/127.0.0.1:64390 - R:localhost/127.0.0.1:10889] for GET '/session/14f61660-7bcc-4279-b6a3-7163a94e0626/element/d1b5a199-175f-4b59-b50a-cf7555943b2a/text'
15:50:11.851 [AsyncHttpClient-3-1] DEBUG o.a.netty.handler.HttpHandler - 

Request DefaultFullHttpRequest(decodeResult: success, version: HTTP/1.1, content: EmptyByteBufBE)
GET /session/14f61660-7bcc-4279-b6a3-7163a94e0626/element/d1b5a199-175f-4b59-b50a-cf7555943b2a/text HTTP/1.1
User-Agent: selenium/4.0.0-alpha-5 (java windows)
Cache-Control: no-cache
host: localhost:10889
accept: */*

Response DefaultHttpResponse(decodeResult: success, version: HTTP/1.1)
HTTP/1.1 200 OK
content-type: application/json; charset=utf-8
cache-control: no-cache
content-length: 45
date: Thu, 25 Jun 2020 12:50:11 GMT

15:50:11.851 [AsyncHttpClient-3-1] DEBUG o.a.netty.channel.ChannelManager - Adding key: http://localhost:10889 for channel [id: 0x7c68b8df, L:/127.0.0.1:64390 - R:localhost/127.0.0.1:10889]
15:50:11.852 [Forwarding findChildElement on session 14f61660-7bcc-4279-b6a3-7163a94e0626 to remote] DEBUG o.a.netty.request.NettyRequestSender - Using pooled Channel '[id: 0x7c68b8df, L:/127.0.0.1:64390 - R:localhost/127.0.0.1:10889]' for 'POST' to 'http://localhost:10889/session/14f61660-7bcc-4279-b6a3-7163a94e0626/element/be98c677-d7bb-49eb-8144-f7922a9d25b1/element'
15:50:11.852 [Forwarding findChildElement on session 14f61660-7bcc-4279-b6a3-7163a94e0626 to remote] DEBUG o.a.netty.request.NettyRequestSender - Using open Channel [id: 0x7c68b8df, L:/127.0.0.1:64390 - R:localhost/127.0.0.1:10889] for POST '/session/14f61660-7bcc-4279-b6a3-7163a94e0626/element/be98c677-d7bb-49eb-8144-f7922a9d25b1/element'
15:50:11.855 [AsyncHttpClient-3-1] DEBUG o.a.netty.handler.HttpHandler - 

Request DefaultHttpRequest(decodeResult: success, version: HTTP/1.1)
POST /session/14f61660-7bcc-4279-b6a3-7163a94e0626/element/be98c677-d7bb-49eb-8144-f7922a9d25b1/element HTTP/1.1
User-Agent: selenium/4.0.0-alpha-5 (java windows)
Content-Length: 103
Content-Type: application/json; charset=utf-8
host: localhost:10889
accept: */*

Response DefaultHttpResponse(decodeResult: success, version: HTTP/1.1)
HTTP/1.1 200 OK
content-type: application/json; charset=utf-8
cache-control: no-cache
content-length: 88
date: Thu, 25 Jun 2020 12:50:11 GMT

15:50:11.855 [AsyncHttpClient-3-1] DEBUG o.a.netty.channel.ChannelManager - Adding key: http://localhost:10889 for channel [id: 0x7c68b8df, L:/127.0.0.1:64390 - R:localhost/127.0.0.1:10889]
15:50:11.855 [Forwarding getElementText on session 14f61660-7bcc-4279-b6a3-7163a94e0626 to remote] DEBUG o.a.netty.request.NettyRequestSender - Using pooled Channel '[id: 0x7c68b8df, L:/127.0.0.1:64390 - R:localhost/127.0.0.1:10889]' for 'GET' to 'http://localhost:10889/session/14f61660-7bcc-4279-b6a3-7163a94e0626/element/8f1bf398-169a-4f21-ba3c-c5d01fb54083/text'
15:50:11.856 [Forwarding getElementText on session 14f61660-7bcc-4279-b6a3-7163a94e0626 to remote] DEBUG o.a.netty.request.NettyRequestSender - Using open Channel [id: 0x7c68b8df, L:/127.0.0.1:64390 - R:localhost/127.0.0.1:10889] for GET '/session/14f61660-7bcc-4279-b6a3-7163a94e0626/element/8f1bf398-169a-4f21-ba3c-c5d01fb54083/text'
15:50:11.864 [AsyncHttpClient-3-1] DEBUG o.a.netty.handler.HttpHandler - 

Request DefaultFullHttpRequest(decodeResult: success, version: HTTP/1.1, content: EmptyByteBufBE)
GET /session/14f61660-7bcc-4279-b6a3-7163a94e0626/element/8f1bf398-169a-4f21-ba3c-c5d01fb54083/text HTTP/1.1
User-Agent: selenium/4.0.0-alpha-5 (java windows)
Cache-Control: no-cache
host: localhost:10889
accept: */*

Response DefaultHttpResponse(decodeResult: success, version: HTTP/1.1)
HTTP/1.1 200 OK
content-type: application/json; charset=utf-8
cache-control: no-cache
content-length: 57
date: Thu, 25 Jun 2020 12:50:11 GMT

15:50:11.864 [AsyncHttpClient-3-1] DEBUG o.a.netty.channel.ChannelManager - Adding key: http://localhost:10889 for channel [id: 0x7c68b8df, L:/127.0.0.1:64390 - R:localhost/127.0.0.1:10889]
15:50:11.864 [Forwarding findChildElement on session 14f61660-7bcc-4279-b6a3-7163a94e0626 to remote] DEBUG o.a.netty.request.NettyRequestSender - Using pooled Channel '[id: 0x7c68b8df, L:/127.0.0.1:64390 - R:localhost/127.0.0.1:10889]' for 'POST' to 'http://localhost:10889/session/14f61660-7bcc-4279-b6a3-7163a94e0626/element/be98c677-d7bb-49eb-8144-f7922a9d25b1/element'
15:50:11.864 [Forwarding findChildElement on session 14f61660-7bcc-4279-b6a3-7163a94e0626 to remote] DEBUG o.a.netty.request.NettyRequestSender - Using open Channel [id: 0x7c68b8df, L:/127.0.0.1:64390 - R:localhost/127.0.0.1:10889] for POST '/session/14f61660-7bcc-4279-b6a3-7163a94e0626/element/be98c677-d7bb-49eb-8144-f7922a9d25b1/element'
15:50:11.867 [AsyncHttpClient-3-1] DEBUG o.a.netty.handler.HttpHandler - 

Request DefaultHttpRequest(decodeResult: success, version: HTTP/1.1)
POST /session/14f61660-7bcc-4279-b6a3-7163a94e0626/element/be98c677-d7bb-49eb-8144-f7922a9d25b1/element HTTP/1.1
User-Agent: selenium/4.0.0-alpha-5 (java windows)
Content-Length: 97
Content-Type: application/json; charset=utf-8
host: localhost:10889
accept: */*

Response DefaultHttpResponse(decodeResult: success, version: HTTP/1.1)
HTTP/1.1 200 OK
content-type: application/json; charset=utf-8
cache-control: no-cache
content-length: 88
date: Thu, 25 Jun 2020 12:50:11 GMT

15:50:11.867 [AsyncHttpClient-3-1] DEBUG o.a.netty.channel.ChannelManager - Adding key: http://localhost:10889 for channel [id: 0x7c68b8df, L:/127.0.0.1:64390 - R:localhost/127.0.0.1:10889]
15:50:11.870 [Forwarding getElementAttribute on session 14f61660-7bcc-4279-b6a3-7163a94e0626 to remote] DEBUG o.a.netty.request.NettyRequestSender - Using pooled Channel '[id: 0x7c68b8df, L:/127.0.0.1:64390 - R:localhost/127.0.0.1:10889]' for 'POST' to 'http://localhost:10889/session/14f61660-7bcc-4279-b6a3-7163a94e0626/execute/sync'
15:50:11.870 [Forwarding getElementAttribute on session 14f61660-7bcc-4279-b6a3-7163a94e0626 to remote] DEBUG o.a.netty.request.NettyRequestSender - Using open Channel [id: 0x7c68b8df, L:/127.0.0.1:64390 - R:localhost/127.0.0.1:10889] for POST '/session/14f61660-7bcc-4279-b6a3-7163a94e0626/execute/sync'
15:50:11.883 [AsyncHttpClient-3-1] DEBUG o.a.netty.handler.HttpHandler - 

Request DefaultHttpRequest(decodeResult: success, version: HTTP/1.1)
POST /session/14f61660-7bcc-4279-b6a3-7163a94e0626/execute/sync HTTP/1.1
User-Agent: selenium/4.0.0-alpha-5 (java windows)
Content-Length: 39635
Content-Type: application/json; charset=utf-8
host: localhost:10889
accept: */*

Response DefaultHttpResponse(decodeResult: success, version: HTTP/1.1)
HTTP/1.1 200 OK
content-type: application/json; charset=utf-8
cache-control: no-cache
content-length: 15
date: Thu, 25 Jun 2020 12:50:11 GMT

15:50:11.883 [AsyncHttpClient-3-1] DEBUG o.a.netty.channel.ChannelManager - Adding key: http://localhost:10889 for channel [id: 0x7c68b8df, L:/127.0.0.1:64390 - R:localhost/127.0.0.1:10889]
15:50:11.884 [Forwarding findChildElement on session 14f61660-7bcc-4279-b6a3-7163a94e0626 to remote] DEBUG o.a.netty.request.NettyRequestSender - Using pooled Channel '[id: 0x7c68b8df, L:/127.0.0.1:64390 - R:localhost/127.0.0.1:10889]' for 'POST' to 'http://localhost:10889/session/14f61660-7bcc-4279-b6a3-7163a94e0626/element/b5a584d6-07be-46d5-8fde-6893a04916e6/element'
15:50:11.884 [Forwarding findChildElement on session 14f61660-7bcc-4279-b6a3-7163a94e0626 to remote] DEBUG o.a.netty.request.NettyRequestSender - Using open Channel [id: 0x7c68b8df, L:/127.0.0.1:64390 - R:localhost/127.0.0.1:10889] for POST '/session/14f61660-7bcc-4279-b6a3-7163a94e0626/element/b5a584d6-07be-46d5-8fde-6893a04916e6/element'
15:50:11.887 [AsyncHttpClient-3-1] DEBUG o.a.netty.handler.HttpHandler - 

Request DefaultHttpRequest(decodeResult: success, version: HTTP/1.1)
POST /session/14f61660-7bcc-4279-b6a3-7163a94e0626/element/b5a584d6-07be-46d5-8fde-6893a04916e6/element HTTP/1.1
User-Agent: selenium/4.0.0-alpha-5 (java windows)
Content-Length: 103
Content-Type: application/json; charset=utf-8
host: localhost:10889
accept: */*

Response DefaultHttpResponse(decodeResult: success, version: HTTP/1.1)
HTTP/1.1 200 OK
content-type: application/json; charset=utf-8
cache-control: no-cache
content-length: 88
date: Thu, 25 Jun 2020 12:50:11 GMT

15:50:11.888 [AsyncHttpClient-3-1] DEBUG o.a.netty.channel.ChannelManager - Adding key: http://localhost:10889 for channel [id: 0x7c68b8df, L:/127.0.0.1:64390 - R:localhost/127.0.0.1:10889]
15:50:11.888 [Forwarding getElementText on session 14f61660-7bcc-4279-b6a3-7163a94e0626 to remote] DEBUG o.a.netty.request.NettyRequestSender - Using pooled Channel '[id: 0x7c68b8df, L:/127.0.0.1:64390 - R:localhost/127.0.0.1:10889]' for 'GET' to 'http://localhost:10889/session/14f61660-7bcc-4279-b6a3-7163a94e0626/element/e469b0bc-6d54-4690-99f4-bd2d5e7229ab/text'
15:50:11.888 [Forwarding getElementText on session 14f61660-7bcc-4279-b6a3-7163a94e0626 to remote] DEBUG o.a.netty.request.NettyRequestSender - Using open Channel [id: 0x7c68b8df, L:/127.0.0.1:64390 - R:localhost/127.0.0.1:10889] for GET '/session/14f61660-7bcc-4279-b6a3-7163a94e0626/element/e469b0bc-6d54-4690-99f4-bd2d5e7229ab/text'
15:50:11.893 [AsyncHttpClient-3-1] DEBUG o.a.netty.handler.HttpHandler - 

Request DefaultFullHttpRequest(decodeResult: success, version: HTTP/1.1, content: EmptyByteBufBE)
GET /session/14f61660-7bcc-4279-b6a3-7163a94e0626/element/e469b0bc-6d54-4690-99f4-bd2d5e7229ab/text HTTP/1.1
User-Agent: selenium/4.0.0-alpha-5 (java windows)
Cache-Control: no-cache
host: localhost:10889
accept: */*

Response DefaultHttpResponse(decodeResult: success, version: HTTP/1.1)
HTTP/1.1 200 OK
content-type: application/json; charset=utf-8
cache-control: no-cache
content-length: 18
date: Thu, 25 Jun 2020 12:50:11 GMT

15:50:11.893 [AsyncHttpClient-3-1] DEBUG o.a.netty.channel.ChannelManager - Adding key: http://localhost:10889 for channel [id: 0x7c68b8df, L:/127.0.0.1:64390 - R:localhost/127.0.0.1:10889]
15:50:11.894 [Forwarding findChildElement on session 14f61660-7bcc-4279-b6a3-7163a94e0626 to remote] DEBUG o.a.netty.request.NettyRequestSender - Using pooled Channel '[id: 0x7c68b8df, L:/127.0.0.1:64390 - R:localhost/127.0.0.1:10889]' for 'POST' to 'http://localhost:10889/session/14f61660-7bcc-4279-b6a3-7163a94e0626/element/b5a584d6-07be-46d5-8fde-6893a04916e6/element'
15:50:11.894 [Forwarding findChildElement on session 14f61660-7bcc-4279-b6a3-7163a94e0626 to remote] DEBUG o.a.netty.request.NettyRequestSender - Using open Channel [id: 0x7c68b8df, L:/127.0.0.1:64390 - R:localhost/127.0.0.1:10889] for POST '/session/14f61660-7bcc-4279-b6a3-7163a94e0626/element/b5a584d6-07be-46d5-8fde-6893a04916e6/element'
15:50:11.897 [AsyncHttpClient-3-1] DEBUG o.a.netty.handler.HttpHandler - 

Request DefaultHttpRequest(decodeResult: success, version: HTTP/1.1)
POST /session/14f61660-7bcc-4279-b6a3-7163a94e0626/element/b5a584d6-07be-46d5-8fde-6893a04916e6/element HTTP/1.1
User-Agent: selenium/4.0.0-alpha-5 (java windows)
Content-Length: 103
Content-Type: application/json; charset=utf-8
host: localhost:10889
accept: */*

Response DefaultHttpResponse(decodeResult: success, version: HTTP/1.1)
HTTP/1.1 200 OK
content-type: application/json; charset=utf-8
cache-control: no-cache
content-length: 88
date: Thu, 25 Jun 2020 12:50:11 GMT

15:50:11.898 [AsyncHttpClient-3-1] DEBUG o.a.netty.channel.ChannelManager - Adding key: http://localhost:10889 for channel [id: 0x7c68b8df, L:/127.0.0.1:64390 - R:localhost/127.0.0.1:10889]
15:50:11.898 [Forwarding getElementText on session 14f61660-7bcc-4279-b6a3-7163a94e0626 to remote] DEBUG o.a.netty.request.NettyRequestSender - Using pooled Channel '[id: 0x7c68b8df, L:/127.0.0.1:64390 - R:localhost/127.0.0.1:10889]' for 'GET' to 'http://localhost:10889/session/14f61660-7bcc-4279-b6a3-7163a94e0626/element/600ba691-1fec-4b32-a7b7-98075177bdbe/text'
15:50:11.898 [Forwarding getElementText on session 14f61660-7bcc-4279-b6a3-7163a94e0626 to remote] DEBUG o.a.netty.request.NettyRequestSender - Using open Channel [id: 0x7c68b8df, L:/127.0.0.1:64390 - R:localhost/127.0.0.1:10889] for GET '/session/14f61660-7bcc-4279-b6a3-7163a94e0626/element/600ba691-1fec-4b32-a7b7-98075177bdbe/text'
15:50:11.902 [AsyncHttpClient-3-1] DEBUG o.a.netty.handler.HttpHandler - 

Request DefaultFullHttpRequest(decodeResult: success, version: HTTP/1.1, content: EmptyByteBufBE)
GET /session/14f61660-7bcc-4279-b6a3-7163a94e0626/element/600ba691-1fec-4b32-a7b7-98075177bdbe/text HTTP/1.1
User-Agent: selenium/4.0.0-alpha-5 (java windows)
Cache-Control: no-cache
host: localhost:10889
accept: */*

Response DefaultHttpResponse(decodeResult: success, version: HTTP/1.1)
HTTP/1.1 200 OK
content-type: application/json; charset=utf-8
cache-control: no-cache
content-length: 22
date: Thu, 25 Jun 2020 12:50:11 GMT

15:50:11.902 [AsyncHttpClient-3-1] DEBUG o.a.netty.channel.ChannelManager - Adding key: http://localhost:10889 for channel [id: 0x7c68b8df, L:/127.0.0.1:64390 - R:localhost/127.0.0.1:10889]
15:50:11.903 [Forwarding findChildElement on session 14f61660-7bcc-4279-b6a3-7163a94e0626 to remote] DEBUG o.a.netty.request.NettyRequestSender - Using pooled Channel '[id: 0x7c68b8df, L:/127.0.0.1:64390 - R:localhost/127.0.0.1:10889]' for 'POST' to 'http://localhost:10889/session/14f61660-7bcc-4279-b6a3-7163a94e0626/element/b5a584d6-07be-46d5-8fde-6893a04916e6/element'
15:50:11.903 [Forwarding findChildElement on session 14f61660-7bcc-4279-b6a3-7163a94e0626 to remote] DEBUG o.a.netty.request.NettyRequestSender - Using open Channel [id: 0x7c68b8df, L:/127.0.0.1:64390 - R:localhost/127.0.0.1:10889] for POST '/session/14f61660-7bcc-4279-b6a3-7163a94e0626/element/b5a584d6-07be-46d5-8fde-6893a04916e6/element'
15:50:11.907 [AsyncHttpClient-3-1] DEBUG o.a.netty.handler.HttpHandler - 

Request DefaultHttpRequest(decodeResult: success, version: HTTP/1.1)
POST /session/14f61660-7bcc-4279-b6a3-7163a94e0626/element/b5a584d6-07be-46d5-8fde-6893a04916e6/element HTTP/1.1
User-Agent: selenium/4.0.0-alpha-5 (java windows)
Content-Length: 103
Content-Type: application/json; charset=utf-8
host: localhost:10889
accept: */*

Response DefaultHttpResponse(decodeResult: success, version: HTTP/1.1)
HTTP/1.1 200 OK
content-type: application/json; charset=utf-8
cache-control: no-cache
content-length: 88
date: Thu, 25 Jun 2020 12:50:11 GMT

15:50:11.907 [AsyncHttpClient-3-1] DEBUG o.a.netty.channel.ChannelManager - Adding key: http://localhost:10889 for channel [id: 0x7c68b8df, L:/127.0.0.1:64390 - R:localhost/127.0.0.1:10889]
15:50:11.907 [Forwarding getElementText on session 14f61660-7bcc-4279-b6a3-7163a94e0626 to remote] DEBUG o.a.netty.request.NettyRequestSender - Using pooled Channel '[id: 0x7c68b8df, L:/127.0.0.1:64390 - R:localhost/127.0.0.1:10889]' for 'GET' to 'http://localhost:10889/session/14f61660-7bcc-4279-b6a3-7163a94e0626/element/13972203-e626-4ed8-8d6b-518d44577a7e/text'
15:50:11.907 [Forwarding getElementText on session 14f61660-7bcc-4279-b6a3-7163a94e0626 to remote] DEBUG o.a.netty.request.NettyRequestSender - Using open Channel [id: 0x7c68b8df, L:/127.0.0.1:64390 - R:localhost/127.0.0.1:10889] for GET '/session/14f61660-7bcc-4279-b6a3-7163a94e0626/element/13972203-e626-4ed8-8d6b-518d44577a7e/text'
15:50:11.911 [AsyncHttpClient-3-1] DEBUG o.a.netty.handler.HttpHandler - 

Request DefaultFullHttpRequest(decodeResult: success, version: HTTP/1.1, content: EmptyByteBufBE)
GET /session/14f61660-7bcc-4279-b6a3-7163a94e0626/element/13972203-e626-4ed8-8d6b-518d44577a7e/text HTTP/1.1
User-Agent: selenium/4.0.0-alpha-5 (java windows)
Cache-Control: no-cache
host: localhost:10889
accept: */*

Response DefaultHttpResponse(decodeResult: success, version: HTTP/1.1)
HTTP/1.1 200 OK
content-type: application/json; charset=utf-8
cache-control: no-cache
content-length: 21
date: Thu, 25 Jun 2020 12:50:11 GMT

15:50:11.911 [AsyncHttpClient-3-1] DEBUG o.a.netty.channel.ChannelManager - Adding key: http://localhost:10889 for channel [id: 0x7c68b8df, L:/127.0.0.1:64390 - R:localhost/127.0.0.1:10889]
15:50:11.912 [Forwarding findChildElement on session 14f61660-7bcc-4279-b6a3-7163a94e0626 to remote] DEBUG o.a.netty.request.NettyRequestSender - Using pooled Channel '[id: 0x7c68b8df, L:/127.0.0.1:64390 - R:localhost/127.0.0.1:10889]' for 'POST' to 'http://localhost:10889/session/14f61660-7bcc-4279-b6a3-7163a94e0626/element/b5a584d6-07be-46d5-8fde-6893a04916e6/element'
15:50:11.912 [Forwarding findChildElement on session 14f61660-7bcc-4279-b6a3-7163a94e0626 to remote] DEBUG o.a.netty.request.NettyRequestSender - Using open Channel [id: 0x7c68b8df, L:/127.0.0.1:64390 - R:localhost/127.0.0.1:10889] for POST '/session/14f61660-7bcc-4279-b6a3-7163a94e0626/element/b5a584d6-07be-46d5-8fde-6893a04916e6/element'
15:50:11.917 [AsyncHttpClient-3-1] DEBUG o.a.netty.handler.HttpHandler - 

Request DefaultHttpRequest(decodeResult: success, version: HTTP/1.1)
POST /session/14f61660-7bcc-4279-b6a3-7163a94e0626/element/b5a584d6-07be-46d5-8fde-6893a04916e6/element HTTP/1.1
User-Agent: selenium/4.0.0-alpha-5 (java windows)
Content-Length: 103
Content-Type: application/json; charset=utf-8
host: localhost:10889
accept: */*

Response DefaultHttpResponse(decodeResult: success, version: HTTP/1.1)
HTTP/1.1 200 OK
content-type: application/json; charset=utf-8
cache-control: no-cache
content-length: 88
date: Thu, 25 Jun 2020 12:50:11 GMT

15:50:11.917 [AsyncHttpClient-3-1] DEBUG o.a.netty.channel.ChannelManager - Adding key: http://localhost:10889 for channel [id: 0x7c68b8df, L:/127.0.0.1:64390 - R:localhost/127.0.0.1:10889]
15:50:11.917 [Forwarding getElementText on session 14f61660-7bcc-4279-b6a3-7163a94e0626 to remote] DEBUG o.a.netty.request.NettyRequestSender - Using pooled Channel '[id: 0x7c68b8df, L:/127.0.0.1:64390 - R:localhost/127.0.0.1:10889]' for 'GET' to 'http://localhost:10889/session/14f61660-7bcc-4279-b6a3-7163a94e0626/element/945ad410-c79d-4a1c-bdb7-37f45f451365/text'
15:50:11.917 [Forwarding getElementText on session 14f61660-7bcc-4279-b6a3-7163a94e0626 to remote] DEBUG o.a.netty.request.NettyRequestSender - Using open Channel [id: 0x7c68b8df, L:/127.0.0.1:64390 - R:localhost/127.0.0.1:10889] for GET '/session/14f61660-7bcc-4279-b6a3-7163a94e0626/element/945ad410-c79d-4a1c-bdb7-37f45f451365/text'
15:50:11.922 [AsyncHttpClient-3-1] DEBUG o.a.netty.handler.HttpHandler - 

Request DefaultFullHttpRequest(decodeResult: success, version: HTTP/1.1, content: EmptyByteBufBE)
GET /session/14f61660-7bcc-4279-b6a3-7163a94e0626/element/945ad410-c79d-4a1c-bdb7-37f45f451365/text HTTP/1.1
User-Agent: selenium/4.0.0-alpha-5 (java windows)
Cache-Control: no-cache
host: localhost:10889
accept: */*

Response DefaultHttpResponse(decodeResult: success, version: HTTP/1.1)
HTTP/1.1 200 OK
content-type: application/json; charset=utf-8
cache-control: no-cache
content-length: 45
date: Thu, 25 Jun 2020 12:50:11 GMT

15:50:11.922 [AsyncHttpClient-3-1] DEBUG o.a.netty.channel.ChannelManager - Adding key: http://localhost:10889 for channel [id: 0x7c68b8df, L:/127.0.0.1:64390 - R:localhost/127.0.0.1:10889]
15:50:11.923 [Forwarding findChildElement on session 14f61660-7bcc-4279-b6a3-7163a94e0626 to remote] DEBUG o.a.netty.request.NettyRequestSender - Using pooled Channel '[id: 0x7c68b8df, L:/127.0.0.1:64390 - R:localhost/127.0.0.1:10889]' for 'POST' to 'http://localhost:10889/session/14f61660-7bcc-4279-b6a3-7163a94e0626/element/b5a584d6-07be-46d5-8fde-6893a04916e6/element'
15:50:11.923 [Forwarding findChildElement on session 14f61660-7bcc-4279-b6a3-7163a94e0626 to remote] DEBUG o.a.netty.request.NettyRequestSender - Using open Channel [id: 0x7c68b8df, L:/127.0.0.1:64390 - R:localhost/127.0.0.1:10889] for POST '/session/14f61660-7bcc-4279-b6a3-7163a94e0626/element/b5a584d6-07be-46d5-8fde-6893a04916e6/element'
15:50:11.926 [AsyncHttpClient-3-1] DEBUG o.a.netty.handler.HttpHandler - 

Request DefaultHttpRequest(decodeResult: success, version: HTTP/1.1)
POST /session/14f61660-7bcc-4279-b6a3-7163a94e0626/element/b5a584d6-07be-46d5-8fde-6893a04916e6/element HTTP/1.1
User-Agent: selenium/4.0.0-alpha-5 (java windows)
Content-Length: 103
Content-Type: application/json; charset=utf-8
host: localhost:10889
accept: */*

Response DefaultHttpResponse(decodeResult: success, version: HTTP/1.1)
HTTP/1.1 200 OK
content-type: application/json; charset=utf-8
cache-control: no-cache
content-length: 88
date: Thu, 25 Jun 2020 12:50:11 GMT

15:50:11.926 [AsyncHttpClient-3-1] DEBUG o.a.netty.channel.ChannelManager - Adding key: http://localhost:10889 for channel [id: 0x7c68b8df, L:/127.0.0.1:64390 - R:localhost/127.0.0.1:10889]
15:50:11.927 [Forwarding getElementText on session 14f61660-7bcc-4279-b6a3-7163a94e0626 to remote] DEBUG o.a.netty.request.NettyRequestSender - Using pooled Channel '[id: 0x7c68b8df, L:/127.0.0.1:64390 - R:localhost/127.0.0.1:10889]' for 'GET' to 'http://localhost:10889/session/14f61660-7bcc-4279-b6a3-7163a94e0626/element/b1b3d751-58f0-4224-b37a-c0bbc304913c/text'
15:50:11.927 [Forwarding getElementText on session 14f61660-7bcc-4279-b6a3-7163a94e0626 to remote] DEBUG o.a.netty.request.NettyRequestSender - Using open Channel [id: 0x7c68b8df, L:/127.0.0.1:64390 - R:localhost/127.0.0.1:10889] for GET '/session/14f61660-7bcc-4279-b6a3-7163a94e0626/element/b1b3d751-58f0-4224-b37a-c0bbc304913c/text'
15:50:11.934 [AsyncHttpClient-3-1] DEBUG o.a.netty.handler.HttpHandler - 

Request DefaultFullHttpRequest(decodeResult: success, version: HTTP/1.1, content: EmptyByteBufBE)
GET /session/14f61660-7bcc-4279-b6a3-7163a94e0626/element/b1b3d751-58f0-4224-b37a-c0bbc304913c/text HTTP/1.1
User-Agent: selenium/4.0.0-alpha-5 (java windows)
Cache-Control: no-cache
host: localhost:10889
accept: */*

Response DefaultHttpResponse(decodeResult: success, version: HTTP/1.1)
HTTP/1.1 200 OK
content-type: application/json; charset=utf-8
cache-control: no-cache
content-length: 57
date: Thu, 25 Jun 2020 12:50:11 GMT

15:50:11.934 [AsyncHttpClient-3-1] DEBUG o.a.netty.channel.ChannelManager - Adding key: http://localhost:10889 for channel [id: 0x7c68b8df, L:/127.0.0.1:64390 - R:localhost/127.0.0.1:10889]
15:50:11.935 [Forwarding findChildElement on session 14f61660-7bcc-4279-b6a3-7163a94e0626 to remote] DEBUG o.a.netty.request.NettyRequestSender - Using pooled Channel '[id: 0x7c68b8df, L:/127.0.0.1:64390 - R:localhost/127.0.0.1:10889]' for 'POST' to 'http://localhost:10889/session/14f61660-7bcc-4279-b6a3-7163a94e0626/element/b5a584d6-07be-46d5-8fde-6893a04916e6/element'
15:50:11.935 [Forwarding findChildElement on session 14f61660-7bcc-4279-b6a3-7163a94e0626 to remote] DEBUG o.a.netty.request.NettyRequestSender - Using open Channel [id: 0x7c68b8df, L:/127.0.0.1:64390 - R:localhost/127.0.0.1:10889] for POST '/session/14f61660-7bcc-4279-b6a3-7163a94e0626/element/b5a584d6-07be-46d5-8fde-6893a04916e6/element'
15:50:11.938 [AsyncHttpClient-3-1] DEBUG o.a.netty.handler.HttpHandler - 

Request DefaultHttpRequest(decodeResult: success, version: HTTP/1.1)
POST /session/14f61660-7bcc-4279-b6a3-7163a94e0626/element/b5a584d6-07be-46d5-8fde-6893a04916e6/element HTTP/1.1
User-Agent: selenium/4.0.0-alpha-5 (java windows)
Content-Length: 97
Content-Type: application/json; charset=utf-8
host: localhost:10889
accept: */*

Response DefaultHttpResponse(decodeResult: success, version: HTTP/1.1)
HTTP/1.1 200 OK
content-type: application/json; charset=utf-8
cache-control: no-cache
content-length: 88
date: Thu, 25 Jun 2020 12:50:11 GMT

15:50:11.939 [AsyncHttpClient-3-1] DEBUG o.a.netty.channel.ChannelManager - Adding key: http://localhost:10889 for channel [id: 0x7c68b8df, L:/127.0.0.1:64390 - R:localhost/127.0.0.1:10889]
15:50:11.941 [Forwarding getElementAttribute on session 14f61660-7bcc-4279-b6a3-7163a94e0626 to remote] DEBUG o.a.netty.request.NettyRequestSender - Using pooled Channel '[id: 0x7c68b8df, L:/127.0.0.1:64390 - R:localhost/127.0.0.1:10889]' for 'POST' to 'http://localhost:10889/session/14f61660-7bcc-4279-b6a3-7163a94e0626/execute/sync'
15:50:11.942 [Forwarding getElementAttribute on session 14f61660-7bcc-4279-b6a3-7163a94e0626 to remote] DEBUG o.a.netty.request.NettyRequestSender - Using open Channel [id: 0x7c68b8df, L:/127.0.0.1:64390 - R:localhost/127.0.0.1:10889] for POST '/session/14f61660-7bcc-4279-b6a3-7163a94e0626/execute/sync'
15:50:11.955 [AsyncHttpClient-3-1] DEBUG o.a.netty.handler.HttpHandler - 

Request DefaultHttpRequest(decodeResult: success, version: HTTP/1.1)
POST /session/14f61660-7bcc-4279-b6a3-7163a94e0626/execute/sync HTTP/1.1
User-Agent: selenium/4.0.0-alpha-5 (java windows)
Content-Length: 39635
Content-Type: application/json; charset=utf-8
host: localhost:10889
accept: */*

Response DefaultHttpResponse(decodeResult: success, version: HTTP/1.1)
HTTP/1.1 200 OK
content-type: application/json; charset=utf-8
cache-control: no-cache
content-length: 15
date: Thu, 25 Jun 2020 12:50:11 GMT

15:50:11.955 [AsyncHttpClient-3-1] DEBUG o.a.netty.channel.ChannelManager - Adding key: http://localhost:10889 for channel [id: 0x7c68b8df, L:/127.0.0.1:64390 - R:localhost/127.0.0.1:10889]
15:50:11.955 [Forwarding findChildElement on session 14f61660-7bcc-4279-b6a3-7163a94e0626 to remote] DEBUG o.a.netty.request.NettyRequestSender - Using pooled Channel '[id: 0x7c68b8df, L:/127.0.0.1:64390 - R:localhost/127.0.0.1:10889]' for 'POST' to 'http://localhost:10889/session/14f61660-7bcc-4279-b6a3-7163a94e0626/element/fc379bf7-be66-402a-b1ad-2f39f248c370/element'
15:50:11.955 [Forwarding findChildElement on session 14f61660-7bcc-4279-b6a3-7163a94e0626 to remote] DEBUG o.a.netty.request.NettyRequestSender - Using open Channel [id: 0x7c68b8df, L:/127.0.0.1:64390 - R:localhost/127.0.0.1:10889] for POST '/session/14f61660-7bcc-4279-b6a3-7163a94e0626/element/fc379bf7-be66-402a-b1ad-2f39f248c370/element'
15:50:11.959 [AsyncHttpClient-3-1] DEBUG o.a.netty.handler.HttpHandler - 

Request DefaultHttpRequest(decodeResult: success, version: HTTP/1.1)
POST /session/14f61660-7bcc-4279-b6a3-7163a94e0626/element/fc379bf7-be66-402a-b1ad-2f39f248c370/element HTTP/1.1
User-Agent: selenium/4.0.0-alpha-5 (java windows)
Content-Length: 103
Content-Type: application/json; charset=utf-8
host: localhost:10889
accept: */*

Response DefaultHttpResponse(decodeResult: success, version: HTTP/1.1)
HTTP/1.1 200 OK
content-type: application/json; charset=utf-8
cache-control: no-cache
content-length: 88
date: Thu, 25 Jun 2020 12:50:11 GMT

15:50:11.959 [AsyncHttpClient-3-1] DEBUG o.a.netty.channel.ChannelManager - Adding key: http://localhost:10889 for channel [id: 0x7c68b8df, L:/127.0.0.1:64390 - R:localhost/127.0.0.1:10889]
15:50:11.960 [Forwarding getElementText on session 14f61660-7bcc-4279-b6a3-7163a94e0626 to remote] DEBUG o.a.netty.request.NettyRequestSender - Using pooled Channel '[id: 0x7c68b8df, L:/127.0.0.1:64390 - R:localhost/127.0.0.1:10889]' for 'GET' to 'http://localhost:10889/session/14f61660-7bcc-4279-b6a3-7163a94e0626/element/23980e52-5371-448d-b8cf-2d97b695db14/text'
15:50:11.960 [Forwarding getElementText on session 14f61660-7bcc-4279-b6a3-7163a94e0626 to remote] DEBUG o.a.netty.request.NettyRequestSender - Using open Channel [id: 0x7c68b8df, L:/127.0.0.1:64390 - R:localhost/127.0.0.1:10889] for GET '/session/14f61660-7bcc-4279-b6a3-7163a94e0626/element/23980e52-5371-448d-b8cf-2d97b695db14/text'
15:50:11.964 [AsyncHttpClient-3-1] DEBUG o.a.netty.handler.HttpHandler - 

Request DefaultFullHttpRequest(decodeResult: success, version: HTTP/1.1, content: EmptyByteBufBE)
GET /session/14f61660-7bcc-4279-b6a3-7163a94e0626/element/23980e52-5371-448d-b8cf-2d97b695db14/text HTTP/1.1
User-Agent: selenium/4.0.0-alpha-5 (java windows)
Cache-Control: no-cache
host: localhost:10889
accept: */*

Response DefaultHttpResponse(decodeResult: success, version: HTTP/1.1)
HTTP/1.1 200 OK
content-type: application/json; charset=utf-8
cache-control: no-cache
content-length: 18
date: Thu, 25 Jun 2020 12:50:11 GMT

15:50:11.964 [AsyncHttpClient-3-1] DEBUG o.a.netty.channel.ChannelManager - Adding key: http://localhost:10889 for channel [id: 0x7c68b8df, L:/127.0.0.1:64390 - R:localhost/127.0.0.1:10889]
15:50:11.965 [Forwarding findChildElement on session 14f61660-7bcc-4279-b6a3-7163a94e0626 to remote] DEBUG o.a.netty.request.NettyRequestSender - Using pooled Channel '[id: 0x7c68b8df, L:/127.0.0.1:64390 - R:localhost/127.0.0.1:10889]' for 'POST' to 'http://localhost:10889/session/14f61660-7bcc-4279-b6a3-7163a94e0626/element/fc379bf7-be66-402a-b1ad-2f39f248c370/element'
15:50:11.965 [Forwarding findChildElement on session 14f61660-7bcc-4279-b6a3-7163a94e0626 to remote] DEBUG o.a.netty.request.NettyRequestSender - Using open Channel [id: 0x7c68b8df, L:/127.0.0.1:64390 - R:localhost/127.0.0.1:10889] for POST '/session/14f61660-7bcc-4279-b6a3-7163a94e0626/element/fc379bf7-be66-402a-b1ad-2f39f248c370/element'
15:50:11.968 [AsyncHttpClient-3-1] DEBUG o.a.netty.handler.HttpHandler - 

Request DefaultHttpRequest(decodeResult: success, version: HTTP/1.1)
POST /session/14f61660-7bcc-4279-b6a3-7163a94e0626/element/fc379bf7-be66-402a-b1ad-2f39f248c370/element HTTP/1.1
User-Agent: selenium/4.0.0-alpha-5 (java windows)
Content-Length: 103
Content-Type: application/json; charset=utf-8
host: localhost:10889
accept: */*

Response DefaultHttpResponse(decodeResult: success, version: HTTP/1.1)
HTTP/1.1 200 OK
content-type: application/json; charset=utf-8
cache-control: no-cache
content-length: 88
date: Thu, 25 Jun 2020 12:50:11 GMT

15:50:11.968 [AsyncHttpClient-3-1] DEBUG o.a.netty.channel.ChannelManager - Adding key: http://localhost:10889 for channel [id: 0x7c68b8df, L:/127.0.0.1:64390 - R:localhost/127.0.0.1:10889]
15:50:11.969 [Forwarding getElementText on session 14f61660-7bcc-4279-b6a3-7163a94e0626 to remote] DEBUG o.a.netty.request.NettyRequestSender - Using pooled Channel '[id: 0x7c68b8df, L:/127.0.0.1:64390 - R:localhost/127.0.0.1:10889]' for 'GET' to 'http://localhost:10889/session/14f61660-7bcc-4279-b6a3-7163a94e0626/element/069f29ac-7963-41b2-bb70-a5b0a6dfcd6f/text'
15:50:11.969 [Forwarding getElementText on session 14f61660-7bcc-4279-b6a3-7163a94e0626 to remote] DEBUG o.a.netty.request.NettyRequestSender - Using open Channel [id: 0x7c68b8df, L:/127.0.0.1:64390 - R:localhost/127.0.0.1:10889] for GET '/session/14f61660-7bcc-4279-b6a3-7163a94e0626/element/069f29ac-7963-41b2-bb70-a5b0a6dfcd6f/text'
15:50:11.973 [AsyncHttpClient-3-1] DEBUG o.a.netty.handler.HttpHandler - 

Request DefaultFullHttpRequest(decodeResult: success, version: HTTP/1.1, content: EmptyByteBufBE)
GET /session/14f61660-7bcc-4279-b6a3-7163a94e0626/element/069f29ac-7963-41b2-bb70-a5b0a6dfcd6f/text HTTP/1.1
User-Agent: selenium/4.0.0-alpha-5 (java windows)
Cache-Control: no-cache
host: localhost:10889
accept: */*

Response DefaultHttpResponse(decodeResult: success, version: HTTP/1.1)
HTTP/1.1 200 OK
content-type: application/json; charset=utf-8
cache-control: no-cache
content-length: 22
date: Thu, 25 Jun 2020 12:50:11 GMT

15:50:11.973 [AsyncHttpClient-3-1] DEBUG o.a.netty.channel.ChannelManager - Adding key: http://localhost:10889 for channel [id: 0x7c68b8df, L:/127.0.0.1:64390 - R:localhost/127.0.0.1:10889]
15:50:11.974 [Forwarding findChildElement on session 14f61660-7bcc-4279-b6a3-7163a94e0626 to remote] DEBUG o.a.netty.request.NettyRequestSender - Using pooled Channel '[id: 0x7c68b8df, L:/127.0.0.1:64390 - R:localhost/127.0.0.1:10889]' for 'POST' to 'http://localhost:10889/session/14f61660-7bcc-4279-b6a3-7163a94e0626/element/fc379bf7-be66-402a-b1ad-2f39f248c370/element'
15:50:11.974 [Forwarding findChildElement on session 14f61660-7bcc-4279-b6a3-7163a94e0626 to remote] DEBUG o.a.netty.request.NettyRequestSender - Using open Channel [id: 0x7c68b8df, L:/127.0.0.1:64390 - R:localhost/127.0.0.1:10889] for POST '/session/14f61660-7bcc-4279-b6a3-7163a94e0626/element/fc379bf7-be66-402a-b1ad-2f39f248c370/element'
15:50:11.977 [AsyncHttpClient-3-1] DEBUG o.a.netty.handler.HttpHandler - 

Request DefaultHttpRequest(decodeResult: success, version: HTTP/1.1)
POST /session/14f61660-7bcc-4279-b6a3-7163a94e0626/element/fc379bf7-be66-402a-b1ad-2f39f248c370/element HTTP/1.1
User-Agent: selenium/4.0.0-alpha-5 (java windows)
Content-Length: 103
Content-Type: application/json; charset=utf-8
host: localhost:10889
accept: */*

Response DefaultHttpResponse(decodeResult: success, version: HTTP/1.1)
HTTP/1.1 200 OK
content-type: application/json; charset=utf-8
cache-control: no-cache
content-length: 88
date: Thu, 25 Jun 2020 12:50:11 GMT

15:50:11.977 [AsyncHttpClient-3-1] DEBUG o.a.netty.channel.ChannelManager - Adding key: http://localhost:10889 for channel [id: 0x7c68b8df, L:/127.0.0.1:64390 - R:localhost/127.0.0.1:10889]
15:50:11.978 [Forwarding getElementText on session 14f61660-7bcc-4279-b6a3-7163a94e0626 to remote] DEBUG o.a.netty.request.NettyRequestSender - Using pooled Channel '[id: 0x7c68b8df, L:/127.0.0.1:64390 - R:localhost/127.0.0.1:10889]' for 'GET' to 'http://localhost:10889/session/14f61660-7bcc-4279-b6a3-7163a94e0626/element/be9eef34-5cbf-42b6-9fc1-cce625afd177/text'
15:50:11.978 [Forwarding getElementText on session 14f61660-7bcc-4279-b6a3-7163a94e0626 to remote] DEBUG o.a.netty.request.NettyRequestSender - Using open Channel [id: 0x7c68b8df, L:/127.0.0.1:64390 - R:localhost/127.0.0.1:10889] for GET '/session/14f61660-7bcc-4279-b6a3-7163a94e0626/element/be9eef34-5cbf-42b6-9fc1-cce625afd177/text'
15:50:11.982 [AsyncHttpClient-3-1] DEBUG o.a.netty.handler.HttpHandler - 

Request DefaultFullHttpRequest(decodeResult: success, version: HTTP/1.1, content: EmptyByteBufBE)
GET /session/14f61660-7bcc-4279-b6a3-7163a94e0626/element/be9eef34-5cbf-42b6-9fc1-cce625afd177/text HTTP/1.1
User-Agent: selenium/4.0.0-alpha-5 (java windows)
Cache-Control: no-cache
host: localhost:10889
accept: */*

Response DefaultHttpResponse(decodeResult: success, version: HTTP/1.1)
HTTP/1.1 200 OK
content-type: application/json; charset=utf-8
cache-control: no-cache
content-length: 21
date: Thu, 25 Jun 2020 12:50:11 GMT

15:50:11.982 [AsyncHttpClient-3-1] DEBUG o.a.netty.channel.ChannelManager - Adding key: http://localhost:10889 for channel [id: 0x7c68b8df, L:/127.0.0.1:64390 - R:localhost/127.0.0.1:10889]
15:50:11.982 [Forwarding findChildElement on session 14f61660-7bcc-4279-b6a3-7163a94e0626 to remote] DEBUG o.a.netty.request.NettyRequestSender - Using pooled Channel '[id: 0x7c68b8df, L:/127.0.0.1:64390 - R:localhost/127.0.0.1:10889]' for 'POST' to 'http://localhost:10889/session/14f61660-7bcc-4279-b6a3-7163a94e0626/element/fc379bf7-be66-402a-b1ad-2f39f248c370/element'
15:50:11.983 [Forwarding findChildElement on session 14f61660-7bcc-4279-b6a3-7163a94e0626 to remote] DEBUG o.a.netty.request.NettyRequestSender - Using open Channel [id: 0x7c68b8df, L:/127.0.0.1:64390 - R:localhost/127.0.0.1:10889] for POST '/session/14f61660-7bcc-4279-b6a3-7163a94e0626/element/fc379bf7-be66-402a-b1ad-2f39f248c370/element'
15:50:11.986 [AsyncHttpClient-3-1] DEBUG o.a.netty.handler.HttpHandler - 

Request DefaultHttpRequest(decodeResult: success, version: HTTP/1.1)
POST /session/14f61660-7bcc-4279-b6a3-7163a94e0626/element/fc379bf7-be66-402a-b1ad-2f39f248c370/element HTTP/1.1
User-Agent: selenium/4.0.0-alpha-5 (java windows)
Content-Length: 103
Content-Type: application/json; charset=utf-8
host: localhost:10889
accept: */*

Response DefaultHttpResponse(decodeResult: success, version: HTTP/1.1)
HTTP/1.1 200 OK
content-type: application/json; charset=utf-8
cache-control: no-cache
content-length: 88
date: Thu, 25 Jun 2020 12:50:11 GMT

15:50:11.986 [AsyncHttpClient-3-1] DEBUG o.a.netty.channel.ChannelManager - Adding key: http://localhost:10889 for channel [id: 0x7c68b8df, L:/127.0.0.1:64390 - R:localhost/127.0.0.1:10889]
15:50:11.986 [Forwarding getElementText on session 14f61660-7bcc-4279-b6a3-7163a94e0626 to remote] DEBUG o.a.netty.request.NettyRequestSender - Using pooled Channel '[id: 0x7c68b8df, L:/127.0.0.1:64390 - R:localhost/127.0.0.1:10889]' for 'GET' to 'http://localhost:10889/session/14f61660-7bcc-4279-b6a3-7163a94e0626/element/7bedc20a-1184-4474-9d80-20ac34bfe89f/text'
15:50:11.986 [Forwarding getElementText on session 14f61660-7bcc-4279-b6a3-7163a94e0626 to remote] DEBUG o.a.netty.request.NettyRequestSender - Using open Channel [id: 0x7c68b8df, L:/127.0.0.1:64390 - R:localhost/127.0.0.1:10889] for GET '/session/14f61660-7bcc-4279-b6a3-7163a94e0626/element/7bedc20a-1184-4474-9d80-20ac34bfe89f/text'
15:50:11.991 [AsyncHttpClient-3-1] DEBUG o.a.netty.handler.HttpHandler - 

Request DefaultFullHttpRequest(decodeResult: success, version: HTTP/1.1, content: EmptyByteBufBE)
GET /session/14f61660-7bcc-4279-b6a3-7163a94e0626/element/7bedc20a-1184-4474-9d80-20ac34bfe89f/text HTTP/1.1
User-Agent: selenium/4.0.0-alpha-5 (java windows)
Cache-Control: no-cache
host: localhost:10889
accept: */*

Response DefaultHttpResponse(decodeResult: success, version: HTTP/1.1)
HTTP/1.1 200 OK
content-type: application/json; charset=utf-8
cache-control: no-cache
content-length: 45
date: Thu, 25 Jun 2020 12:50:11 GMT

15:50:11.991 [AsyncHttpClient-3-1] DEBUG o.a.netty.channel.ChannelManager - Adding key: http://localhost:10889 for channel [id: 0x7c68b8df, L:/127.0.0.1:64390 - R:localhost/127.0.0.1:10889]
15:50:11.991 [Forwarding findChildElement on session 14f61660-7bcc-4279-b6a3-7163a94e0626 to remote] DEBUG o.a.netty.request.NettyRequestSender - Using pooled Channel '[id: 0x7c68b8df, L:/127.0.0.1:64390 - R:localhost/127.0.0.1:10889]' for 'POST' to 'http://localhost:10889/session/14f61660-7bcc-4279-b6a3-7163a94e0626/element/fc379bf7-be66-402a-b1ad-2f39f248c370/element'
15:50:11.991 [Forwarding findChildElement on session 14f61660-7bcc-4279-b6a3-7163a94e0626 to remote] DEBUG o.a.netty.request.NettyRequestSender - Using open Channel [id: 0x7c68b8df, L:/127.0.0.1:64390 - R:localhost/127.0.0.1:10889] for POST '/session/14f61660-7bcc-4279-b6a3-7163a94e0626/element/fc379bf7-be66-402a-b1ad-2f39f248c370/element'
15:50:11.995 [AsyncHttpClient-3-1] DEBUG o.a.netty.handler.HttpHandler - 

Request DefaultHttpRequest(decodeResult: success, version: HTTP/1.1)
POST /session/14f61660-7bcc-4279-b6a3-7163a94e0626/element/fc379bf7-be66-402a-b1ad-2f39f248c370/element HTTP/1.1
User-Agent: selenium/4.0.0-alpha-5 (java windows)
Content-Length: 103
Content-Type: application/json; charset=utf-8
host: localhost:10889
accept: */*

Response DefaultHttpResponse(decodeResult: success, version: HTTP/1.1)
HTTP/1.1 200 OK
content-type: application/json; charset=utf-8
cache-control: no-cache
content-length: 88
date: Thu, 25 Jun 2020 12:50:11 GMT

15:50:11.995 [AsyncHttpClient-3-1] DEBUG o.a.netty.channel.ChannelManager - Adding key: http://localhost:10889 for channel [id: 0x7c68b8df, L:/127.0.0.1:64390 - R:localhost/127.0.0.1:10889]
15:50:11.995 [Forwarding getElementText on session 14f61660-7bcc-4279-b6a3-7163a94e0626 to remote] DEBUG o.a.netty.request.NettyRequestSender - Using pooled Channel '[id: 0x7c68b8df, L:/127.0.0.1:64390 - R:localhost/127.0.0.1:10889]' for 'GET' to 'http://localhost:10889/session/14f61660-7bcc-4279-b6a3-7163a94e0626/element/a7da9b85-f4bf-4b0f-a67f-47cf69a95c27/text'
15:50:11.995 [Forwarding getElementText on session 14f61660-7bcc-4279-b6a3-7163a94e0626 to remote] DEBUG o.a.netty.request.NettyRequestSender - Using open Channel [id: 0x7c68b8df, L:/127.0.0.1:64390 - R:localhost/127.0.0.1:10889] for GET '/session/14f61660-7bcc-4279-b6a3-7163a94e0626/element/a7da9b85-f4bf-4b0f-a67f-47cf69a95c27/text'
15:50:12.001 [AsyncHttpClient-3-1] DEBUG o.a.netty.handler.HttpHandler - 

Request DefaultFullHttpRequest(decodeResult: success, version: HTTP/1.1, content: EmptyByteBufBE)
GET /session/14f61660-7bcc-4279-b6a3-7163a94e0626/element/a7da9b85-f4bf-4b0f-a67f-47cf69a95c27/text HTTP/1.1
User-Agent: selenium/4.0.0-alpha-5 (java windows)
Cache-Control: no-cache
host: localhost:10889
accept: */*

Response DefaultHttpResponse(decodeResult: success, version: HTTP/1.1)
HTTP/1.1 200 OK
content-type: application/json; charset=utf-8
cache-control: no-cache
content-length: 57
date: Thu, 25 Jun 2020 12:50:11 GMT

15:50:12.002 [AsyncHttpClient-3-1] DEBUG o.a.netty.channel.ChannelManager - Adding key: http://localhost:10889 for channel [id: 0x7c68b8df, L:/127.0.0.1:64390 - R:localhost/127.0.0.1:10889]
15:50:12.002 [Forwarding findChildElement on session 14f61660-7bcc-4279-b6a3-7163a94e0626 to remote] DEBUG o.a.netty.request.NettyRequestSender - Using pooled Channel '[id: 0x7c68b8df, L:/127.0.0.1:64390 - R:localhost/127.0.0.1:10889]' for 'POST' to 'http://localhost:10889/session/14f61660-7bcc-4279-b6a3-7163a94e0626/element/fc379bf7-be66-402a-b1ad-2f39f248c370/element'
15:50:12.002 [Forwarding findChildElement on session 14f61660-7bcc-4279-b6a3-7163a94e0626 to remote] DEBUG o.a.netty.request.NettyRequestSender - Using open Channel [id: 0x7c68b8df, L:/127.0.0.1:64390 - R:localhost/127.0.0.1:10889] for POST '/session/14f61660-7bcc-4279-b6a3-7163a94e0626/element/fc379bf7-be66-402a-b1ad-2f39f248c370/element'
15:50:12.005 [AsyncHttpClient-3-1] DEBUG o.a.netty.handler.HttpHandler - 

Request DefaultHttpRequest(decodeResult: success, version: HTTP/1.1)
POST /session/14f61660-7bcc-4279-b6a3-7163a94e0626/element/fc379bf7-be66-402a-b1ad-2f39f248c370/element HTTP/1.1
User-Agent: selenium/4.0.0-alpha-5 (java windows)
Content-Length: 97
Content-Type: application/json; charset=utf-8
host: localhost:10889
accept: */*

Response DefaultHttpResponse(decodeResult: success, version: HTTP/1.1)
HTTP/1.1 200 OK
content-type: application/json; charset=utf-8
cache-control: no-cache
content-length: 88
date: Thu, 25 Jun 2020 12:50:12 GMT

15:50:12.006 [AsyncHttpClient-3-1] DEBUG o.a.netty.channel.ChannelManager - Adding key: http://localhost:10889 for channel [id: 0x7c68b8df, L:/127.0.0.1:64390 - R:localhost/127.0.0.1:10889]
15:50:12.008 [Forwarding getElementAttribute on session 14f61660-7bcc-4279-b6a3-7163a94e0626 to remote] DEBUG o.a.netty.request.NettyRequestSender - Using pooled Channel '[id: 0x7c68b8df, L:/127.0.0.1:64390 - R:localhost/127.0.0.1:10889]' for 'POST' to 'http://localhost:10889/session/14f61660-7bcc-4279-b6a3-7163a94e0626/execute/sync'
15:50:12.008 [Forwarding getElementAttribute on session 14f61660-7bcc-4279-b6a3-7163a94e0626 to remote] DEBUG o.a.netty.request.NettyRequestSender - Using open Channel [id: 0x7c68b8df, L:/127.0.0.1:64390 - R:localhost/127.0.0.1:10889] for POST '/session/14f61660-7bcc-4279-b6a3-7163a94e0626/execute/sync'
15:50:12.022 [AsyncHttpClient-3-1] DEBUG o.a.netty.handler.HttpHandler - 

Request DefaultHttpRequest(decodeResult: success, version: HTTP/1.1)
POST /session/14f61660-7bcc-4279-b6a3-7163a94e0626/execute/sync HTTP/1.1
User-Agent: selenium/4.0.0-alpha-5 (java windows)
Content-Length: 39635
Content-Type: application/json; charset=utf-8
host: localhost:10889
accept: */*

Response DefaultHttpResponse(decodeResult: success, version: HTTP/1.1)
HTTP/1.1 200 OK
content-type: application/json; charset=utf-8
cache-control: no-cache
content-length: 15
date: Thu, 25 Jun 2020 12:50:12 GMT

15:50:12.022 [AsyncHttpClient-3-1] DEBUG o.a.netty.channel.ChannelManager - Adding key: http://localhost:10889 for channel [id: 0x7c68b8df, L:/127.0.0.1:64390 - R:localhost/127.0.0.1:10889]
15:50:12.023 [Forwarding findChildElement on session 14f61660-7bcc-4279-b6a3-7163a94e0626 to remote] DEBUG o.a.netty.request.NettyRequestSender - Using pooled Channel '[id: 0x7c68b8df, L:/127.0.0.1:64390 - R:localhost/127.0.0.1:10889]' for 'POST' to 'http://localhost:10889/session/14f61660-7bcc-4279-b6a3-7163a94e0626/element/b2541b5c-77a2-46b4-970e-80d4e4722d89/element'
15:50:12.023 [Forwarding findChildElement on session 14f61660-7bcc-4279-b6a3-7163a94e0626 to remote] DEBUG o.a.netty.request.NettyRequestSender - Using open Channel [id: 0x7c68b8df, L:/127.0.0.1:64390 - R:localhost/127.0.0.1:10889] for POST '/session/14f61660-7bcc-4279-b6a3-7163a94e0626/element/b2541b5c-77a2-46b4-970e-80d4e4722d89/element'
15:50:12.027 [AsyncHttpClient-3-1] DEBUG o.a.netty.handler.HttpHandler - 

Request DefaultHttpRequest(decodeResult: success, version: HTTP/1.1)
POST /session/14f61660-7bcc-4279-b6a3-7163a94e0626/element/b2541b5c-77a2-46b4-970e-80d4e4722d89/element HTTP/1.1
User-Agent: selenium/4.0.0-alpha-5 (java windows)
Content-Length: 103
Content-Type: application/json; charset=utf-8
host: localhost:10889
accept: */*

Response DefaultHttpResponse(decodeResult: success, version: HTTP/1.1)
HTTP/1.1 200 OK
content-type: application/json; charset=utf-8
cache-control: no-cache
content-length: 88
date: Thu, 25 Jun 2020 12:50:12 GMT

15:50:12.027 [AsyncHttpClient-3-1] DEBUG o.a.netty.channel.ChannelManager - Adding key: http://localhost:10889 for channel [id: 0x7c68b8df, L:/127.0.0.1:64390 - R:localhost/127.0.0.1:10889]
15:50:12.027 [Forwarding getElementText on session 14f61660-7bcc-4279-b6a3-7163a94e0626 to remote] DEBUG o.a.netty.request.NettyRequestSender - Using pooled Channel '[id: 0x7c68b8df, L:/127.0.0.1:64390 - R:localhost/127.0.0.1:10889]' for 'GET' to 'http://localhost:10889/session/14f61660-7bcc-4279-b6a3-7163a94e0626/element/1dea7702-880e-4704-add4-aca2c85122b4/text'
15:50:12.027 [Forwarding getElementText on session 14f61660-7bcc-4279-b6a3-7163a94e0626 to remote] DEBUG o.a.netty.request.NettyRequestSender - Using open Channel [id: 0x7c68b8df, L:/127.0.0.1:64390 - R:localhost/127.0.0.1:10889] for GET '/session/14f61660-7bcc-4279-b6a3-7163a94e0626/element/1dea7702-880e-4704-add4-aca2c85122b4/text'
15:50:12.031 [AsyncHttpClient-3-1] DEBUG o.a.netty.handler.HttpHandler - 

Request DefaultFullHttpRequest(decodeResult: success, version: HTTP/1.1, content: EmptyByteBufBE)
GET /session/14f61660-7bcc-4279-b6a3-7163a94e0626/element/1dea7702-880e-4704-add4-aca2c85122b4/text HTTP/1.1
User-Agent: selenium/4.0.0-alpha-5 (java windows)
Cache-Control: no-cache
host: localhost:10889
accept: */*

Response DefaultHttpResponse(decodeResult: success, version: HTTP/1.1)
HTTP/1.1 200 OK
content-type: application/json; charset=utf-8
cache-control: no-cache
content-length: 18
date: Thu, 25 Jun 2020 12:50:12 GMT

15:50:12.031 [AsyncHttpClient-3-1] DEBUG o.a.netty.channel.ChannelManager - Adding key: http://localhost:10889 for channel [id: 0x7c68b8df, L:/127.0.0.1:64390 - R:localhost/127.0.0.1:10889]
15:50:12.032 [Forwarding findChildElement on session 14f61660-7bcc-4279-b6a3-7163a94e0626 to remote] DEBUG o.a.netty.request.NettyRequestSender - Using pooled Channel '[id: 0x7c68b8df, L:/127.0.0.1:64390 - R:localhost/127.0.0.1:10889]' for 'POST' to 'http://localhost:10889/session/14f61660-7bcc-4279-b6a3-7163a94e0626/element/b2541b5c-77a2-46b4-970e-80d4e4722d89/element'
15:50:12.032 [Forwarding findChildElement on session 14f61660-7bcc-4279-b6a3-7163a94e0626 to remote] DEBUG o.a.netty.request.NettyRequestSender - Using open Channel [id: 0x7c68b8df, L:/127.0.0.1:64390 - R:localhost/127.0.0.1:10889] for POST '/session/14f61660-7bcc-4279-b6a3-7163a94e0626/element/b2541b5c-77a2-46b4-970e-80d4e4722d89/element'
15:50:12.035 [AsyncHttpClient-3-1] DEBUG o.a.netty.handler.HttpHandler - 

Request DefaultHttpRequest(decodeResult: success, version: HTTP/1.1)
POST /session/14f61660-7bcc-4279-b6a3-7163a94e0626/element/b2541b5c-77a2-46b4-970e-80d4e4722d89/element HTTP/1.1
User-Agent: selenium/4.0.0-alpha-5 (java windows)
Content-Length: 103
Content-Type: application/json; charset=utf-8
host: localhost:10889
accept: */*

Response DefaultHttpResponse(decodeResult: success, version: HTTP/1.1)
HTTP/1.1 200 OK
content-type: application/json; charset=utf-8
cache-control: no-cache
content-length: 88
date: Thu, 25 Jun 2020 12:50:12 GMT

15:50:12.035 [AsyncHttpClient-3-1] DEBUG o.a.netty.channel.ChannelManager - Adding key: http://localhost:10889 for channel [id: 0x7c68b8df, L:/127.0.0.1:64390 - R:localhost/127.0.0.1:10889]
15:50:12.036 [Forwarding getElementText on session 14f61660-7bcc-4279-b6a3-7163a94e0626 to remote] DEBUG o.a.netty.request.NettyRequestSender - Using pooled Channel '[id: 0x7c68b8df, L:/127.0.0.1:64390 - R:localhost/127.0.0.1:10889]' for 'GET' to 'http://localhost:10889/session/14f61660-7bcc-4279-b6a3-7163a94e0626/element/ed53f477-e7a1-4dd2-a2fc-7d7e838e1a5c/text'
15:50:12.036 [Forwarding getElementText on session 14f61660-7bcc-4279-b6a3-7163a94e0626 to remote] DEBUG o.a.netty.request.NettyRequestSender - Using open Channel [id: 0x7c68b8df, L:/127.0.0.1:64390 - R:localhost/127.0.0.1:10889] for GET '/session/14f61660-7bcc-4279-b6a3-7163a94e0626/element/ed53f477-e7a1-4dd2-a2fc-7d7e838e1a5c/text'
15:50:12.040 [AsyncHttpClient-3-1] DEBUG o.a.netty.handler.HttpHandler - 

Request DefaultFullHttpRequest(decodeResult: success, version: HTTP/1.1, content: EmptyByteBufBE)
GET /session/14f61660-7bcc-4279-b6a3-7163a94e0626/element/ed53f477-e7a1-4dd2-a2fc-7d7e838e1a5c/text HTTP/1.1
User-Agent: selenium/4.0.0-alpha-5 (java windows)
Cache-Control: no-cache
host: localhost:10889
accept: */*

Response DefaultHttpResponse(decodeResult: success, version: HTTP/1.1)
HTTP/1.1 200 OK
content-type: application/json; charset=utf-8
cache-control: no-cache
content-length: 22
date: Thu, 25 Jun 2020 12:50:12 GMT

15:50:12.040 [AsyncHttpClient-3-1] DEBUG o.a.netty.channel.ChannelManager - Adding key: http://localhost:10889 for channel [id: 0x7c68b8df, L:/127.0.0.1:64390 - R:localhost/127.0.0.1:10889]
15:50:12.040 [Forwarding findChildElement on session 14f61660-7bcc-4279-b6a3-7163a94e0626 to remote] DEBUG o.a.netty.request.NettyRequestSender - Using pooled Channel '[id: 0x7c68b8df, L:/127.0.0.1:64390 - R:localhost/127.0.0.1:10889]' for 'POST' to 'http://localhost:10889/session/14f61660-7bcc-4279-b6a3-7163a94e0626/element/b2541b5c-77a2-46b4-970e-80d4e4722d89/element'
15:50:12.040 [Forwarding findChildElement on session 14f61660-7bcc-4279-b6a3-7163a94e0626 to remote] DEBUG o.a.netty.request.NettyRequestSender - Using open Channel [id: 0x7c68b8df, L:/127.0.0.1:64390 - R:localhost/127.0.0.1:10889] for POST '/session/14f61660-7bcc-4279-b6a3-7163a94e0626/element/b2541b5c-77a2-46b4-970e-80d4e4722d89/element'
15:50:12.044 [AsyncHttpClient-3-1] DEBUG o.a.netty.handler.HttpHandler - 

Request DefaultHttpRequest(decodeResult: success, version: HTTP/1.1)
POST /session/14f61660-7bcc-4279-b6a3-7163a94e0626/element/b2541b5c-77a2-46b4-970e-80d4e4722d89/element HTTP/1.1
User-Agent: selenium/4.0.0-alpha-5 (java windows)
Content-Length: 103
Content-Type: application/json; charset=utf-8
host: localhost:10889
accept: */*

Response DefaultHttpResponse(decodeResult: success, version: HTTP/1.1)
HTTP/1.1 200 OK
content-type: application/json; charset=utf-8
cache-control: no-cache
content-length: 88
date: Thu, 25 Jun 2020 12:50:12 GMT

15:50:12.044 [AsyncHttpClient-3-1] DEBUG o.a.netty.channel.ChannelManager - Adding key: http://localhost:10889 for channel [id: 0x7c68b8df, L:/127.0.0.1:64390 - R:localhost/127.0.0.1:10889]
15:50:12.045 [Forwarding getElementText on session 14f61660-7bcc-4279-b6a3-7163a94e0626 to remote] DEBUG o.a.netty.request.NettyRequestSender - Using pooled Channel '[id: 0x7c68b8df, L:/127.0.0.1:64390 - R:localhost/127.0.0.1:10889]' for 'GET' to 'http://localhost:10889/session/14f61660-7bcc-4279-b6a3-7163a94e0626/element/0c8ee693-1a50-4e6c-915a-e6e793560111/text'
15:50:12.045 [Forwarding getElementText on session 14f61660-7bcc-4279-b6a3-7163a94e0626 to remote] DEBUG o.a.netty.request.NettyRequestSender - Using open Channel [id: 0x7c68b8df, L:/127.0.0.1:64390 - R:localhost/127.0.0.1:10889] for GET '/session/14f61660-7bcc-4279-b6a3-7163a94e0626/element/0c8ee693-1a50-4e6c-915a-e6e793560111/text'
15:50:12.049 [AsyncHttpClient-3-1] DEBUG o.a.netty.handler.HttpHandler - 

Request DefaultFullHttpRequest(decodeResult: success, version: HTTP/1.1, content: EmptyByteBufBE)
GET /session/14f61660-7bcc-4279-b6a3-7163a94e0626/element/0c8ee693-1a50-4e6c-915a-e6e793560111/text HTTP/1.1
User-Agent: selenium/4.0.0-alpha-5 (java windows)
Cache-Control: no-cache
host: localhost:10889
accept: */*

Response DefaultHttpResponse(decodeResult: success, version: HTTP/1.1)
HTTP/1.1 200 OK
content-type: application/json; charset=utf-8
cache-control: no-cache
content-length: 21
date: Thu, 25 Jun 2020 12:50:12 GMT

15:50:12.049 [AsyncHttpClient-3-1] DEBUG o.a.netty.channel.ChannelManager - Adding key: http://localhost:10889 for channel [id: 0x7c68b8df, L:/127.0.0.1:64390 - R:localhost/127.0.0.1:10889]
15:50:12.050 [Forwarding findChildElement on session 14f61660-7bcc-4279-b6a3-7163a94e0626 to remote] DEBUG o.a.netty.request.NettyRequestSender - Using pooled Channel '[id: 0x7c68b8df, L:/127.0.0.1:64390 - R:localhost/127.0.0.1:10889]' for 'POST' to 'http://localhost:10889/session/14f61660-7bcc-4279-b6a3-7163a94e0626/element/b2541b5c-77a2-46b4-970e-80d4e4722d89/element'
15:50:12.050 [Forwarding findChildElement on session 14f61660-7bcc-4279-b6a3-7163a94e0626 to remote] DEBUG o.a.netty.request.NettyRequestSender - Using open Channel [id: 0x7c68b8df, L:/127.0.0.1:64390 - R:localhost/127.0.0.1:10889] for POST '/session/14f61660-7bcc-4279-b6a3-7163a94e0626/element/b2541b5c-77a2-46b4-970e-80d4e4722d89/element'
15:50:12.054 [AsyncHttpClient-3-1] DEBUG o.a.netty.handler.HttpHandler - 

Request DefaultHttpRequest(decodeResult: success, version: HTTP/1.1)
POST /session/14f61660-7bcc-4279-b6a3-7163a94e0626/element/b2541b5c-77a2-46b4-970e-80d4e4722d89/element HTTP/1.1
User-Agent: selenium/4.0.0-alpha-5 (java windows)
Content-Length: 103
Content-Type: application/json; charset=utf-8
host: localhost:10889
accept: */*

Response DefaultHttpResponse(decodeResult: success, version: HTTP/1.1)
HTTP/1.1 200 OK
content-type: application/json; charset=utf-8
cache-control: no-cache
content-length: 88
date: Thu, 25 Jun 2020 12:50:12 GMT

15:50:12.054 [AsyncHttpClient-3-1] DEBUG o.a.netty.channel.ChannelManager - Adding key: http://localhost:10889 for channel [id: 0x7c68b8df, L:/127.0.0.1:64390 - R:localhost/127.0.0.1:10889]
15:50:12.054 [Forwarding getElementText on session 14f61660-7bcc-4279-b6a3-7163a94e0626 to remote] DEBUG o.a.netty.request.NettyRequestSender - Using pooled Channel '[id: 0x7c68b8df, L:/127.0.0.1:64390 - R:localhost/127.0.0.1:10889]' for 'GET' to 'http://localhost:10889/session/14f61660-7bcc-4279-b6a3-7163a94e0626/element/fff9e922-3087-455b-b3cf-1f3e03640ff0/text'
15:50:12.054 [Forwarding getElementText on session 14f61660-7bcc-4279-b6a3-7163a94e0626 to remote] DEBUG o.a.netty.request.NettyRequestSender - Using open Channel [id: 0x7c68b8df, L:/127.0.0.1:64390 - R:localhost/127.0.0.1:10889] for GET '/session/14f61660-7bcc-4279-b6a3-7163a94e0626/element/fff9e922-3087-455b-b3cf-1f3e03640ff0/text'
15:50:12.063 [AsyncHttpClient-3-1] DEBUG o.a.netty.handler.HttpHandler - 

Request DefaultFullHttpRequest(decodeResult: success, version: HTTP/1.1, content: EmptyByteBufBE)
GET /session/14f61660-7bcc-4279-b6a3-7163a94e0626/element/fff9e922-3087-455b-b3cf-1f3e03640ff0/text HTTP/1.1
User-Agent: selenium/4.0.0-alpha-5 (java windows)
Cache-Control: no-cache
host: localhost:10889
accept: */*

Response DefaultHttpResponse(decodeResult: success, version: HTTP/1.1)
HTTP/1.1 200 OK
content-type: application/json; charset=utf-8
cache-control: no-cache
content-length: 45
date: Thu, 25 Jun 2020 12:50:12 GMT

15:50:12.063 [AsyncHttpClient-3-1] DEBUG o.a.netty.channel.ChannelManager - Adding key: http://localhost:10889 for channel [id: 0x7c68b8df, L:/127.0.0.1:64390 - R:localhost/127.0.0.1:10889]
15:50:12.064 [Forwarding findChildElement on session 14f61660-7bcc-4279-b6a3-7163a94e0626 to remote] DEBUG o.a.netty.request.NettyRequestSender - Using pooled Channel '[id: 0x7c68b8df, L:/127.0.0.1:64390 - R:localhost/127.0.0.1:10889]' for 'POST' to 'http://localhost:10889/session/14f61660-7bcc-4279-b6a3-7163a94e0626/element/b2541b5c-77a2-46b4-970e-80d4e4722d89/element'
15:50:12.064 [Forwarding findChildElement on session 14f61660-7bcc-4279-b6a3-7163a94e0626 to remote] DEBUG o.a.netty.request.NettyRequestSender - Using open Channel [id: 0x7c68b8df, L:/127.0.0.1:64390 - R:localhost/127.0.0.1:10889] for POST '/session/14f61660-7bcc-4279-b6a3-7163a94e0626/element/b2541b5c-77a2-46b4-970e-80d4e4722d89/element'
15:50:12.067 [AsyncHttpClient-3-1] DEBUG o.a.netty.handler.HttpHandler - 

Request DefaultHttpRequest(decodeResult: success, version: HTTP/1.1)
POST /session/14f61660-7bcc-4279-b6a3-7163a94e0626/element/b2541b5c-77a2-46b4-970e-80d4e4722d89/element HTTP/1.1
User-Agent: selenium/4.0.0-alpha-5 (java windows)
Content-Length: 103
Content-Type: application/json; charset=utf-8
host: localhost:10889
accept: */*

Response DefaultHttpResponse(decodeResult: success, version: HTTP/1.1)
HTTP/1.1 200 OK
content-type: application/json; charset=utf-8
cache-control: no-cache
content-length: 88
date: Thu, 25 Jun 2020 12:50:12 GMT

15:50:12.067 [AsyncHttpClient-3-1] DEBUG o.a.netty.channel.ChannelManager - Adding key: http://localhost:10889 for channel [id: 0x7c68b8df, L:/127.0.0.1:64390 - R:localhost/127.0.0.1:10889]
15:50:12.068 [Forwarding getElementText on session 14f61660-7bcc-4279-b6a3-7163a94e0626 to remote] DEBUG o.a.netty.request.NettyRequestSender - Using pooled Channel '[id: 0x7c68b8df, L:/127.0.0.1:64390 - R:localhost/127.0.0.1:10889]' for 'GET' to 'http://localhost:10889/session/14f61660-7bcc-4279-b6a3-7163a94e0626/element/7248e360-13b8-461a-8e9e-9233edad14cf/text'
15:50:12.068 [Forwarding getElementText on session 14f61660-7bcc-4279-b6a3-7163a94e0626 to remote] DEBUG o.a.netty.request.NettyRequestSender - Using open Channel [id: 0x7c68b8df, L:/127.0.0.1:64390 - R:localhost/127.0.0.1:10889] for GET '/session/14f61660-7bcc-4279-b6a3-7163a94e0626/element/7248e360-13b8-461a-8e9e-9233edad14cf/text'
15:50:12.075 [AsyncHttpClient-3-1] DEBUG o.a.netty.handler.HttpHandler - 

Request DefaultFullHttpRequest(decodeResult: success, version: HTTP/1.1, content: EmptyByteBufBE)
GET /session/14f61660-7bcc-4279-b6a3-7163a94e0626/element/7248e360-13b8-461a-8e9e-9233edad14cf/text HTTP/1.1
User-Agent: selenium/4.0.0-alpha-5 (java windows)
Cache-Control: no-cache
host: localhost:10889
accept: */*

Response DefaultHttpResponse(decodeResult: success, version: HTTP/1.1)
HTTP/1.1 200 OK
content-type: application/json; charset=utf-8
cache-control: no-cache
content-length: 57
date: Thu, 25 Jun 2020 12:50:12 GMT

15:50:12.075 [AsyncHttpClient-3-1] DEBUG o.a.netty.channel.ChannelManager - Adding key: http://localhost:10889 for channel [id: 0x7c68b8df, L:/127.0.0.1:64390 - R:localhost/127.0.0.1:10889]
15:50:12.076 [Forwarding findChildElement on session 14f61660-7bcc-4279-b6a3-7163a94e0626 to remote] DEBUG o.a.netty.request.NettyRequestSender - Using pooled Channel '[id: 0x7c68b8df, L:/127.0.0.1:64390 - R:localhost/127.0.0.1:10889]' for 'POST' to 'http://localhost:10889/session/14f61660-7bcc-4279-b6a3-7163a94e0626/element/b2541b5c-77a2-46b4-970e-80d4e4722d89/element'
15:50:12.076 [Forwarding findChildElement on session 14f61660-7bcc-4279-b6a3-7163a94e0626 to remote] DEBUG o.a.netty.request.NettyRequestSender - Using open Channel [id: 0x7c68b8df, L:/127.0.0.1:64390 - R:localhost/127.0.0.1:10889] for POST '/session/14f61660-7bcc-4279-b6a3-7163a94e0626/element/b2541b5c-77a2-46b4-970e-80d4e4722d89/element'
15:50:12.079 [AsyncHttpClient-3-1] DEBUG o.a.netty.handler.HttpHandler - 

Request DefaultHttpRequest(decodeResult: success, version: HTTP/1.1)
POST /session/14f61660-7bcc-4279-b6a3-7163a94e0626/element/b2541b5c-77a2-46b4-970e-80d4e4722d89/element HTTP/1.1
User-Agent: selenium/4.0.0-alpha-5 (java windows)
Content-Length: 97
Content-Type: application/json; charset=utf-8
host: localhost:10889
accept: */*

Response DefaultHttpResponse(decodeResult: success, version: HTTP/1.1)
HTTP/1.1 200 OK
content-type: application/json; charset=utf-8
cache-control: no-cache
content-length: 88
date: Thu, 25 Jun 2020 12:50:12 GMT

15:50:12.080 [AsyncHttpClient-3-1] DEBUG o.a.netty.channel.ChannelManager - Adding key: http://localhost:10889 for channel [id: 0x7c68b8df, L:/127.0.0.1:64390 - R:localhost/127.0.0.1:10889]
15:50:12.083 [Forwarding getElementAttribute on session 14f61660-7bcc-4279-b6a3-7163a94e0626 to remote] DEBUG o.a.netty.request.NettyRequestSender - Using pooled Channel '[id: 0x7c68b8df, L:/127.0.0.1:64390 - R:localhost/127.0.0.1:10889]' for 'POST' to 'http://localhost:10889/session/14f61660-7bcc-4279-b6a3-7163a94e0626/execute/sync'
15:50:12.083 [Forwarding getElementAttribute on session 14f61660-7bcc-4279-b6a3-7163a94e0626 to remote] DEBUG o.a.netty.request.NettyRequestSender - Using open Channel [id: 0x7c68b8df, L:/127.0.0.1:64390 - R:localhost/127.0.0.1:10889] for POST '/session/14f61660-7bcc-4279-b6a3-7163a94e0626/execute/sync'
15:50:12.096 [AsyncHttpClient-3-1] DEBUG o.a.netty.handler.HttpHandler - 

Request DefaultHttpRequest(decodeResult: success, version: HTTP/1.1)
POST /session/14f61660-7bcc-4279-b6a3-7163a94e0626/execute/sync HTTP/1.1
User-Agent: selenium/4.0.0-alpha-5 (java windows)
Content-Length: 39635
Content-Type: application/json; charset=utf-8
host: localhost:10889
accept: */*

Response DefaultHttpResponse(decodeResult: success, version: HTTP/1.1)
HTTP/1.1 200 OK
content-type: application/json; charset=utf-8
cache-control: no-cache
content-length: 15
date: Thu, 25 Jun 2020 12:50:12 GMT

15:50:12.096 [AsyncHttpClient-3-1] DEBUG o.a.netty.channel.ChannelManager - Adding key: http://localhost:10889 for channel [id: 0x7c68b8df, L:/127.0.0.1:64390 - R:localhost/127.0.0.1:10889]
15:50:12.096 [Forwarding findChildElement on session 14f61660-7bcc-4279-b6a3-7163a94e0626 to remote] DEBUG o.a.netty.request.NettyRequestSender - Using pooled Channel '[id: 0x7c68b8df, L:/127.0.0.1:64390 - R:localhost/127.0.0.1:10889]' for 'POST' to 'http://localhost:10889/session/14f61660-7bcc-4279-b6a3-7163a94e0626/element/04b2a310-ad0b-4085-8f3d-44bedea84c0a/element'
15:50:12.096 [Forwarding findChildElement on session 14f61660-7bcc-4279-b6a3-7163a94e0626 to remote] DEBUG o.a.netty.request.NettyRequestSender - Using open Channel [id: 0x7c68b8df, L:/127.0.0.1:64390 - R:localhost/127.0.0.1:10889] for POST '/session/14f61660-7bcc-4279-b6a3-7163a94e0626/element/04b2a310-ad0b-4085-8f3d-44bedea84c0a/element'
15:50:12.100 [AsyncHttpClient-3-1] DEBUG o.a.netty.handler.HttpHandler - 

Request DefaultHttpRequest(decodeResult: success, version: HTTP/1.1)
POST /session/14f61660-7bcc-4279-b6a3-7163a94e0626/element/04b2a310-ad0b-4085-8f3d-44bedea84c0a/element HTTP/1.1
User-Agent: selenium/4.0.0-alpha-5 (java windows)
Content-Length: 103
Content-Type: application/json; charset=utf-8
host: localhost:10889
accept: */*

Response DefaultHttpResponse(decodeResult: success, version: HTTP/1.1)
HTTP/1.1 200 OK
content-type: application/json; charset=utf-8
cache-control: no-cache
content-length: 88
date: Thu, 25 Jun 2020 12:50:12 GMT

15:50:12.100 [AsyncHttpClient-3-1] DEBUG o.a.netty.channel.ChannelManager - Adding key: http://localhost:10889 for channel [id: 0x7c68b8df, L:/127.0.0.1:64390 - R:localhost/127.0.0.1:10889]
15:50:12.100 [Forwarding getElementText on session 14f61660-7bcc-4279-b6a3-7163a94e0626 to remote] DEBUG o.a.netty.request.NettyRequestSender - Using pooled Channel '[id: 0x7c68b8df, L:/127.0.0.1:64390 - R:localhost/127.0.0.1:10889]' for 'GET' to 'http://localhost:10889/session/14f61660-7bcc-4279-b6a3-7163a94e0626/element/52db90aa-90d5-4ae9-b81f-41c88d07af40/text'
15:50:12.100 [Forwarding getElementText on session 14f61660-7bcc-4279-b6a3-7163a94e0626 to remote] DEBUG o.a.netty.request.NettyRequestSender - Using open Channel [id: 0x7c68b8df, L:/127.0.0.1:64390 - R:localhost/127.0.0.1:10889] for GET '/session/14f61660-7bcc-4279-b6a3-7163a94e0626/element/52db90aa-90d5-4ae9-b81f-41c88d07af40/text'
15:50:12.105 [AsyncHttpClient-3-1] DEBUG o.a.netty.handler.HttpHandler - 

Request DefaultFullHttpRequest(decodeResult: success, version: HTTP/1.1, content: EmptyByteBufBE)
GET /session/14f61660-7bcc-4279-b6a3-7163a94e0626/element/52db90aa-90d5-4ae9-b81f-41c88d07af40/text HTTP/1.1
User-Agent: selenium/4.0.0-alpha-5 (java windows)
Cache-Control: no-cache
host: localhost:10889
accept: */*

Response DefaultHttpResponse(decodeResult: success, version: HTTP/1.1)
HTTP/1.1 200 OK
content-type: application/json; charset=utf-8
cache-control: no-cache
content-length: 18
date: Thu, 25 Jun 2020 12:50:12 GMT

15:50:12.105 [AsyncHttpClient-3-1] DEBUG o.a.netty.channel.ChannelManager - Adding key: http://localhost:10889 for channel [id: 0x7c68b8df, L:/127.0.0.1:64390 - R:localhost/127.0.0.1:10889]
15:50:12.105 [Forwarding findChildElement on session 14f61660-7bcc-4279-b6a3-7163a94e0626 to remote] DEBUG o.a.netty.request.NettyRequestSender - Using pooled Channel '[id: 0x7c68b8df, L:/127.0.0.1:64390 - R:localhost/127.0.0.1:10889]' for 'POST' to 'http://localhost:10889/session/14f61660-7bcc-4279-b6a3-7163a94e0626/element/04b2a310-ad0b-4085-8f3d-44bedea84c0a/element'
15:50:12.105 [Forwarding findChildElement on session 14f61660-7bcc-4279-b6a3-7163a94e0626 to remote] DEBUG o.a.netty.request.NettyRequestSender - Using open Channel [id: 0x7c68b8df, L:/127.0.0.1:64390 - R:localhost/127.0.0.1:10889] for POST '/session/14f61660-7bcc-4279-b6a3-7163a94e0626/element/04b2a310-ad0b-4085-8f3d-44bedea84c0a/element'
15:50:12.109 [AsyncHttpClient-3-1] DEBUG o.a.netty.handler.HttpHandler - 

Request DefaultHttpRequest(decodeResult: success, version: HTTP/1.1)
POST /session/14f61660-7bcc-4279-b6a3-7163a94e0626/element/04b2a310-ad0b-4085-8f3d-44bedea84c0a/element HTTP/1.1
User-Agent: selenium/4.0.0-alpha-5 (java windows)
Content-Length: 103
Content-Type: application/json; charset=utf-8
host: localhost:10889
accept: */*

Response DefaultHttpResponse(decodeResult: success, version: HTTP/1.1)
HTTP/1.1 200 OK
content-type: application/json; charset=utf-8
cache-control: no-cache
content-length: 88
date: Thu, 25 Jun 2020 12:50:12 GMT

15:50:12.109 [AsyncHttpClient-3-1] DEBUG o.a.netty.channel.ChannelManager - Adding key: http://localhost:10889 for channel [id: 0x7c68b8df, L:/127.0.0.1:64390 - R:localhost/127.0.0.1:10889]
15:50:12.110 [Forwarding getElementText on session 14f61660-7bcc-4279-b6a3-7163a94e0626 to remote] DEBUG o.a.netty.request.NettyRequestSender - Using pooled Channel '[id: 0x7c68b8df, L:/127.0.0.1:64390 - R:localhost/127.0.0.1:10889]' for 'GET' to 'http://localhost:10889/session/14f61660-7bcc-4279-b6a3-7163a94e0626/element/a32a2e87-2446-4ebc-9248-e84e49d324db/text'
15:50:12.110 [Forwarding getElementText on session 14f61660-7bcc-4279-b6a3-7163a94e0626 to remote] DEBUG o.a.netty.request.NettyRequestSender - Using open Channel [id: 0x7c68b8df, L:/127.0.0.1:64390 - R:localhost/127.0.0.1:10889] for GET '/session/14f61660-7bcc-4279-b6a3-7163a94e0626/element/a32a2e87-2446-4ebc-9248-e84e49d324db/text'
15:50:12.116 [AsyncHttpClient-3-1] DEBUG o.a.netty.handler.HttpHandler - 

Request DefaultFullHttpRequest(decodeResult: success, version: HTTP/1.1, content: EmptyByteBufBE)
GET /session/14f61660-7bcc-4279-b6a3-7163a94e0626/element/a32a2e87-2446-4ebc-9248-e84e49d324db/text HTTP/1.1
User-Agent: selenium/4.0.0-alpha-5 (java windows)
Cache-Control: no-cache
host: localhost:10889
accept: */*

Response DefaultHttpResponse(decodeResult: success, version: HTTP/1.1)
HTTP/1.1 200 OK
content-type: application/json; charset=utf-8
cache-control: no-cache
content-length: 22
date: Thu, 25 Jun 2020 12:50:12 GMT

15:50:12.116 [AsyncHttpClient-3-1] DEBUG o.a.netty.channel.ChannelManager - Adding key: http://localhost:10889 for channel [id: 0x7c68b8df, L:/127.0.0.1:64390 - R:localhost/127.0.0.1:10889]
15:50:12.117 [Forwarding findChildElement on session 14f61660-7bcc-4279-b6a3-7163a94e0626 to remote] DEBUG o.a.netty.request.NettyRequestSender - Using pooled Channel '[id: 0x7c68b8df, L:/127.0.0.1:64390 - R:localhost/127.0.0.1:10889]' for 'POST' to 'http://localhost:10889/session/14f61660-7bcc-4279-b6a3-7163a94e0626/element/04b2a310-ad0b-4085-8f3d-44bedea84c0a/element'
15:50:12.117 [Forwarding findChildElement on session 14f61660-7bcc-4279-b6a3-7163a94e0626 to remote] DEBUG o.a.netty.request.NettyRequestSender - Using open Channel [id: 0x7c68b8df, L:/127.0.0.1:64390 - R:localhost/127.0.0.1:10889] for POST '/session/14f61660-7bcc-4279-b6a3-7163a94e0626/element/04b2a310-ad0b-4085-8f3d-44bedea84c0a/element'
15:50:12.123 [AsyncHttpClient-3-1] DEBUG o.a.netty.handler.HttpHandler - 

Request DefaultHttpRequest(decodeResult: success, version: HTTP/1.1)
POST /session/14f61660-7bcc-4279-b6a3-7163a94e0626/element/04b2a310-ad0b-4085-8f3d-44bedea84c0a/element HTTP/1.1
User-Agent: selenium/4.0.0-alpha-5 (java windows)
Content-Length: 103
Content-Type: application/json; charset=utf-8
host: localhost:10889
accept: */*

Response DefaultHttpResponse(decodeResult: success, version: HTTP/1.1)
HTTP/1.1 200 OK
content-type: application/json; charset=utf-8
cache-control: no-cache
content-length: 88
date: Thu, 25 Jun 2020 12:50:12 GMT

15:50:12.124 [AsyncHttpClient-3-1] DEBUG o.a.netty.channel.ChannelManager - Adding key: http://localhost:10889 for channel [id: 0x7c68b8df, L:/127.0.0.1:64390 - R:localhost/127.0.0.1:10889]
15:50:12.124 [Forwarding getElementText on session 14f61660-7bcc-4279-b6a3-7163a94e0626 to remote] DEBUG o.a.netty.request.NettyRequestSender - Using pooled Channel '[id: 0x7c68b8df, L:/127.0.0.1:64390 - R:localhost/127.0.0.1:10889]' for 'GET' to 'http://localhost:10889/session/14f61660-7bcc-4279-b6a3-7163a94e0626/element/a52b8e7e-5964-4186-88fd-138f4e375411/text'
15:50:12.124 [Forwarding getElementText on session 14f61660-7bcc-4279-b6a3-7163a94e0626 to remote] DEBUG o.a.netty.request.NettyRequestSender - Using open Channel [id: 0x7c68b8df, L:/127.0.0.1:64390 - R:localhost/127.0.0.1:10889] for GET '/session/14f61660-7bcc-4279-b6a3-7163a94e0626/element/a52b8e7e-5964-4186-88fd-138f4e375411/text'
15:50:12.128 [AsyncHttpClient-3-1] DEBUG o.a.netty.handler.HttpHandler - 

Request DefaultFullHttpRequest(decodeResult: success, version: HTTP/1.1, content: EmptyByteBufBE)
GET /session/14f61660-7bcc-4279-b6a3-7163a94e0626/element/a52b8e7e-5964-4186-88fd-138f4e375411/text HTTP/1.1
User-Agent: selenium/4.0.0-alpha-5 (java windows)
Cache-Control: no-cache
host: localhost:10889
accept: */*

Response DefaultHttpResponse(decodeResult: success, version: HTTP/1.1)
HTTP/1.1 200 OK
content-type: application/json; charset=utf-8
cache-control: no-cache
content-length: 21
date: Thu, 25 Jun 2020 12:50:12 GMT

15:50:12.129 [AsyncHttpClient-3-1] DEBUG o.a.netty.channel.ChannelManager - Adding key: http://localhost:10889 for channel [id: 0x7c68b8df, L:/127.0.0.1:64390 - R:localhost/127.0.0.1:10889]
15:50:12.129 [Forwarding findChildElement on session 14f61660-7bcc-4279-b6a3-7163a94e0626 to remote] DEBUG o.a.netty.request.NettyRequestSender - Using pooled Channel '[id: 0x7c68b8df, L:/127.0.0.1:64390 - R:localhost/127.0.0.1:10889]' for 'POST' to 'http://localhost:10889/session/14f61660-7bcc-4279-b6a3-7163a94e0626/element/04b2a310-ad0b-4085-8f3d-44bedea84c0a/element'
15:50:12.129 [Forwarding findChildElement on session 14f61660-7bcc-4279-b6a3-7163a94e0626 to remote] DEBUG o.a.netty.request.NettyRequestSender - Using open Channel [id: 0x7c68b8df, L:/127.0.0.1:64390 - R:localhost/127.0.0.1:10889] for POST '/session/14f61660-7bcc-4279-b6a3-7163a94e0626/element/04b2a310-ad0b-4085-8f3d-44bedea84c0a/element'
15:50:12.133 [AsyncHttpClient-3-1] DEBUG o.a.netty.handler.HttpHandler - 

Request DefaultHttpRequest(decodeResult: success, version: HTTP/1.1)
POST /session/14f61660-7bcc-4279-b6a3-7163a94e0626/element/04b2a310-ad0b-4085-8f3d-44bedea84c0a/element HTTP/1.1
User-Agent: selenium/4.0.0-alpha-5 (java windows)
Content-Length: 103
Content-Type: application/json; charset=utf-8
host: localhost:10889
accept: */*

Response DefaultHttpResponse(decodeResult: success, version: HTTP/1.1)
HTTP/1.1 200 OK
content-type: application/json; charset=utf-8
cache-control: no-cache
content-length: 88
date: Thu, 25 Jun 2020 12:50:12 GMT

15:50:12.133 [AsyncHttpClient-3-1] DEBUG o.a.netty.channel.ChannelManager - Adding key: http://localhost:10889 for channel [id: 0x7c68b8df, L:/127.0.0.1:64390 - R:localhost/127.0.0.1:10889]
15:50:12.133 [Forwarding getElementText on session 14f61660-7bcc-4279-b6a3-7163a94e0626 to remote] DEBUG o.a.netty.request.NettyRequestSender - Using pooled Channel '[id: 0x7c68b8df, L:/127.0.0.1:64390 - R:localhost/127.0.0.1:10889]' for 'GET' to 'http://localhost:10889/session/14f61660-7bcc-4279-b6a3-7163a94e0626/element/57294424-8457-4ef9-b0cb-bfae318d7677/text'
15:50:12.133 [Forwarding getElementText on session 14f61660-7bcc-4279-b6a3-7163a94e0626 to remote] DEBUG o.a.netty.request.NettyRequestSender - Using open Channel [id: 0x7c68b8df, L:/127.0.0.1:64390 - R:localhost/127.0.0.1:10889] for GET '/session/14f61660-7bcc-4279-b6a3-7163a94e0626/element/57294424-8457-4ef9-b0cb-bfae318d7677/text'
15:50:12.137 [AsyncHttpClient-3-1] DEBUG o.a.netty.handler.HttpHandler - 

Request DefaultFullHttpRequest(decodeResult: success, version: HTTP/1.1, content: EmptyByteBufBE)
GET /session/14f61660-7bcc-4279-b6a3-7163a94e0626/element/57294424-8457-4ef9-b0cb-bfae318d7677/text HTTP/1.1
User-Agent: selenium/4.0.0-alpha-5 (java windows)
Cache-Control: no-cache
host: localhost:10889
accept: */*

Response DefaultHttpResponse(decodeResult: success, version: HTTP/1.1)
HTTP/1.1 200 OK
content-type: application/json; charset=utf-8
cache-control: no-cache
content-length: 45
date: Thu, 25 Jun 2020 12:50:12 GMT

15:50:12.138 [AsyncHttpClient-3-1] DEBUG o.a.netty.channel.ChannelManager - Adding key: http://localhost:10889 for channel [id: 0x7c68b8df, L:/127.0.0.1:64390 - R:localhost/127.0.0.1:10889]
15:50:12.138 [Forwarding findChildElement on session 14f61660-7bcc-4279-b6a3-7163a94e0626 to remote] DEBUG o.a.netty.request.NettyRequestSender - Using pooled Channel '[id: 0x7c68b8df, L:/127.0.0.1:64390 - R:localhost/127.0.0.1:10889]' for 'POST' to 'http://localhost:10889/session/14f61660-7bcc-4279-b6a3-7163a94e0626/element/04b2a310-ad0b-4085-8f3d-44bedea84c0a/element'
15:50:12.138 [Forwarding findChildElement on session 14f61660-7bcc-4279-b6a3-7163a94e0626 to remote] DEBUG o.a.netty.request.NettyRequestSender - Using open Channel [id: 0x7c68b8df, L:/127.0.0.1:64390 - R:localhost/127.0.0.1:10889] for POST '/session/14f61660-7bcc-4279-b6a3-7163a94e0626/element/04b2a310-ad0b-4085-8f3d-44bedea84c0a/element'
15:50:12.141 [AsyncHttpClient-3-1] DEBUG o.a.netty.handler.HttpHandler - 

Request DefaultHttpRequest(decodeResult: success, version: HTTP/1.1)
POST /session/14f61660-7bcc-4279-b6a3-7163a94e0626/element/04b2a310-ad0b-4085-8f3d-44bedea84c0a/element HTTP/1.1
User-Agent: selenium/4.0.0-alpha-5 (java windows)
Content-Length: 103
Content-Type: application/json; charset=utf-8
host: localhost:10889
accept: */*

Response DefaultHttpResponse(decodeResult: success, version: HTTP/1.1)
HTTP/1.1 200 OK
content-type: application/json; charset=utf-8
cache-control: no-cache
content-length: 88
date: Thu, 25 Jun 2020 12:50:12 GMT

15:50:12.141 [AsyncHttpClient-3-1] DEBUG o.a.netty.channel.ChannelManager - Adding key: http://localhost:10889 for channel [id: 0x7c68b8df, L:/127.0.0.1:64390 - R:localhost/127.0.0.1:10889]
15:50:12.142 [Forwarding getElementText on session 14f61660-7bcc-4279-b6a3-7163a94e0626 to remote] DEBUG o.a.netty.request.NettyRequestSender - Using pooled Channel '[id: 0x7c68b8df, L:/127.0.0.1:64390 - R:localhost/127.0.0.1:10889]' for 'GET' to 'http://localhost:10889/session/14f61660-7bcc-4279-b6a3-7163a94e0626/element/8b5a27bf-9497-4616-9e41-65f3c9b6b335/text'
15:50:12.142 [Forwarding getElementText on session 14f61660-7bcc-4279-b6a3-7163a94e0626 to remote] DEBUG o.a.netty.request.NettyRequestSender - Using open Channel [id: 0x7c68b8df, L:/127.0.0.1:64390 - R:localhost/127.0.0.1:10889] for GET '/session/14f61660-7bcc-4279-b6a3-7163a94e0626/element/8b5a27bf-9497-4616-9e41-65f3c9b6b335/text'
15:50:12.148 [AsyncHttpClient-3-1] DEBUG o.a.netty.handler.HttpHandler - 

Request DefaultFullHttpRequest(decodeResult: success, version: HTTP/1.1, content: EmptyByteBufBE)
GET /session/14f61660-7bcc-4279-b6a3-7163a94e0626/element/8b5a27bf-9497-4616-9e41-65f3c9b6b335/text HTTP/1.1
User-Agent: selenium/4.0.0-alpha-5 (java windows)
Cache-Control: no-cache
host: localhost:10889
accept: */*

Response DefaultHttpResponse(decodeResult: success, version: HTTP/1.1)
HTTP/1.1 200 OK
content-type: application/json; charset=utf-8
cache-control: no-cache
content-length: 57
date: Thu, 25 Jun 2020 12:50:12 GMT

15:50:12.149 [AsyncHttpClient-3-1] DEBUG o.a.netty.channel.ChannelManager - Adding key: http://localhost:10889 for channel [id: 0x7c68b8df, L:/127.0.0.1:64390 - R:localhost/127.0.0.1:10889]
15:50:12.149 [Forwarding findChildElement on session 14f61660-7bcc-4279-b6a3-7163a94e0626 to remote] DEBUG o.a.netty.request.NettyRequestSender - Using pooled Channel '[id: 0x7c68b8df, L:/127.0.0.1:64390 - R:localhost/127.0.0.1:10889]' for 'POST' to 'http://localhost:10889/session/14f61660-7bcc-4279-b6a3-7163a94e0626/element/04b2a310-ad0b-4085-8f3d-44bedea84c0a/element'
15:50:12.149 [Forwarding findChildElement on session 14f61660-7bcc-4279-b6a3-7163a94e0626 to remote] DEBUG o.a.netty.request.NettyRequestSender - Using open Channel [id: 0x7c68b8df, L:/127.0.0.1:64390 - R:localhost/127.0.0.1:10889] for POST '/session/14f61660-7bcc-4279-b6a3-7163a94e0626/element/04b2a310-ad0b-4085-8f3d-44bedea84c0a/element'
15:50:12.152 [AsyncHttpClient-3-1] DEBUG o.a.netty.handler.HttpHandler - 

Request DefaultHttpRequest(decodeResult: success, version: HTTP/1.1)
POST /session/14f61660-7bcc-4279-b6a3-7163a94e0626/element/04b2a310-ad0b-4085-8f3d-44bedea84c0a/element HTTP/1.1
User-Agent: selenium/4.0.0-alpha-5 (java windows)
Content-Length: 97
Content-Type: application/json; charset=utf-8
host: localhost:10889
accept: */*

Response DefaultHttpResponse(decodeResult: success, version: HTTP/1.1)
HTTP/1.1 200 OK
content-type: application/json; charset=utf-8
cache-control: no-cache
content-length: 88
date: Thu, 25 Jun 2020 12:50:12 GMT

15:50:12.153 [AsyncHttpClient-3-1] DEBUG o.a.netty.channel.ChannelManager - Adding key: http://localhost:10889 for channel [id: 0x7c68b8df, L:/127.0.0.1:64390 - R:localhost/127.0.0.1:10889]
15:50:12.156 [Forwarding getElementAttribute on session 14f61660-7bcc-4279-b6a3-7163a94e0626 to remote] DEBUG o.a.netty.request.NettyRequestSender - Using pooled Channel '[id: 0x7c68b8df, L:/127.0.0.1:64390 - R:localhost/127.0.0.1:10889]' for 'POST' to 'http://localhost:10889/session/14f61660-7bcc-4279-b6a3-7163a94e0626/execute/sync'
15:50:12.156 [Forwarding getElementAttribute on session 14f61660-7bcc-4279-b6a3-7163a94e0626 to remote] DEBUG o.a.netty.request.NettyRequestSender - Using open Channel [id: 0x7c68b8df, L:/127.0.0.1:64390 - R:localhost/127.0.0.1:10889] for POST '/session/14f61660-7bcc-4279-b6a3-7163a94e0626/execute/sync'
15:50:12.168 [AsyncHttpClient-3-1] DEBUG o.a.netty.handler.HttpHandler - 

Request DefaultHttpRequest(decodeResult: success, version: HTTP/1.1)
POST /session/14f61660-7bcc-4279-b6a3-7163a94e0626/execute/sync HTTP/1.1
User-Agent: selenium/4.0.0-alpha-5 (java windows)
Content-Length: 39635
Content-Type: application/json; charset=utf-8
host: localhost:10889
accept: */*

Response DefaultHttpResponse(decodeResult: success, version: HTTP/1.1)
HTTP/1.1 200 OK
content-type: application/json; charset=utf-8
cache-control: no-cache
content-length: 15
date: Thu, 25 Jun 2020 12:50:12 GMT

15:50:12.168 [AsyncHttpClient-3-1] DEBUG o.a.netty.channel.ChannelManager - Adding key: http://localhost:10889 for channel [id: 0x7c68b8df, L:/127.0.0.1:64390 - R:localhost/127.0.0.1:10889]
15:50:12.169 [Forwarding findChildElement on session 14f61660-7bcc-4279-b6a3-7163a94e0626 to remote] DEBUG o.a.netty.request.NettyRequestSender - Using pooled Channel '[id: 0x7c68b8df, L:/127.0.0.1:64390 - R:localhost/127.0.0.1:10889]' for 'POST' to 'http://localhost:10889/session/14f61660-7bcc-4279-b6a3-7163a94e0626/element/5a06997f-de22-4a40-8aec-f9ec48059169/element'
15:50:12.169 [Forwarding findChildElement on session 14f61660-7bcc-4279-b6a3-7163a94e0626 to remote] DEBUG o.a.netty.request.NettyRequestSender - Using open Channel [id: 0x7c68b8df, L:/127.0.0.1:64390 - R:localhost/127.0.0.1:10889] for POST '/session/14f61660-7bcc-4279-b6a3-7163a94e0626/element/5a06997f-de22-4a40-8aec-f9ec48059169/element'
15:50:12.172 [AsyncHttpClient-3-1] DEBUG o.a.netty.handler.HttpHandler - 

Request DefaultHttpRequest(decodeResult: success, version: HTTP/1.1)
POST /session/14f61660-7bcc-4279-b6a3-7163a94e0626/element/5a06997f-de22-4a40-8aec-f9ec48059169/element HTTP/1.1
User-Agent: selenium/4.0.0-alpha-5 (java windows)
Content-Length: 103
Content-Type: application/json; charset=utf-8
host: localhost:10889
accept: */*

Response DefaultHttpResponse(decodeResult: success, version: HTTP/1.1)
HTTP/1.1 200 OK
content-type: application/json; charset=utf-8
cache-control: no-cache
content-length: 88
date: Thu, 25 Jun 2020 12:50:12 GMT

15:50:12.172 [AsyncHttpClient-3-1] DEBUG o.a.netty.channel.ChannelManager - Adding key: http://localhost:10889 for channel [id: 0x7c68b8df, L:/127.0.0.1:64390 - R:localhost/127.0.0.1:10889]
15:50:12.172 [Forwarding getElementText on session 14f61660-7bcc-4279-b6a3-7163a94e0626 to remote] DEBUG o.a.netty.request.NettyRequestSender - Using pooled Channel '[id: 0x7c68b8df, L:/127.0.0.1:64390 - R:localhost/127.0.0.1:10889]' for 'GET' to 'http://localhost:10889/session/14f61660-7bcc-4279-b6a3-7163a94e0626/element/874ea78b-cf34-462e-8cb8-966037ab0628/text'
15:50:12.173 [Forwarding getElementText on session 14f61660-7bcc-4279-b6a3-7163a94e0626 to remote] DEBUG o.a.netty.request.NettyRequestSender - Using open Channel [id: 0x7c68b8df, L:/127.0.0.1:64390 - R:localhost/127.0.0.1:10889] for GET '/session/14f61660-7bcc-4279-b6a3-7163a94e0626/element/874ea78b-cf34-462e-8cb8-966037ab0628/text'
15:50:12.177 [AsyncHttpClient-3-1] DEBUG o.a.netty.handler.HttpHandler - 

Request DefaultFullHttpRequest(decodeResult: success, version: HTTP/1.1, content: EmptyByteBufBE)
GET /session/14f61660-7bcc-4279-b6a3-7163a94e0626/element/874ea78b-cf34-462e-8cb8-966037ab0628/text HTTP/1.1
User-Agent: selenium/4.0.0-alpha-5 (java windows)
Cache-Control: no-cache
host: localhost:10889
accept: */*

Response DefaultHttpResponse(decodeResult: success, version: HTTP/1.1)
HTTP/1.1 200 OK
content-type: application/json; charset=utf-8
cache-control: no-cache
content-length: 18
date: Thu, 25 Jun 2020 12:50:12 GMT

15:50:12.177 [AsyncHttpClient-3-1] DEBUG o.a.netty.channel.ChannelManager - Adding key: http://localhost:10889 for channel [id: 0x7c68b8df, L:/127.0.0.1:64390 - R:localhost/127.0.0.1:10889]
15:50:12.177 [Forwarding findChildElement on session 14f61660-7bcc-4279-b6a3-7163a94e0626 to remote] DEBUG o.a.netty.request.NettyRequestSender - Using pooled Channel '[id: 0x7c68b8df, L:/127.0.0.1:64390 - R:localhost/127.0.0.1:10889]' for 'POST' to 'http://localhost:10889/session/14f61660-7bcc-4279-b6a3-7163a94e0626/element/5a06997f-de22-4a40-8aec-f9ec48059169/element'
15:50:12.177 [Forwarding findChildElement on session 14f61660-7bcc-4279-b6a3-7163a94e0626 to remote] DEBUG o.a.netty.request.NettyRequestSender - Using open Channel [id: 0x7c68b8df, L:/127.0.0.1:64390 - R:localhost/127.0.0.1:10889] for POST '/session/14f61660-7bcc-4279-b6a3-7163a94e0626/element/5a06997f-de22-4a40-8aec-f9ec48059169/element'
15:50:12.181 [AsyncHttpClient-3-1] DEBUG o.a.netty.handler.HttpHandler - 

Request DefaultHttpRequest(decodeResult: success, version: HTTP/1.1)
POST /session/14f61660-7bcc-4279-b6a3-7163a94e0626/element/5a06997f-de22-4a40-8aec-f9ec48059169/element HTTP/1.1
User-Agent: selenium/4.0.0-alpha-5 (java windows)
Content-Length: 103
Content-Type: application/json; charset=utf-8
host: localhost:10889
accept: */*

Response DefaultHttpResponse(decodeResult: success, version: HTTP/1.1)
HTTP/1.1 200 OK
content-type: application/json; charset=utf-8
cache-control: no-cache
content-length: 88
date: Thu, 25 Jun 2020 12:50:12 GMT

15:50:12.181 [AsyncHttpClient-3-1] DEBUG o.a.netty.channel.ChannelManager - Adding key: http://localhost:10889 for channel [id: 0x7c68b8df, L:/127.0.0.1:64390 - R:localhost/127.0.0.1:10889]
15:50:12.181 [Forwarding getElementText on session 14f61660-7bcc-4279-b6a3-7163a94e0626 to remote] DEBUG o.a.netty.request.NettyRequestSender - Using pooled Channel '[id: 0x7c68b8df, L:/127.0.0.1:64390 - R:localhost/127.0.0.1:10889]' for 'GET' to 'http://localhost:10889/session/14f61660-7bcc-4279-b6a3-7163a94e0626/element/1271915d-26bf-4a73-a982-dea3095edb48/text'
15:50:12.181 [Forwarding getElementText on session 14f61660-7bcc-4279-b6a3-7163a94e0626 to remote] DEBUG o.a.netty.request.NettyRequestSender - Using open Channel [id: 0x7c68b8df, L:/127.0.0.1:64390 - R:localhost/127.0.0.1:10889] for GET '/session/14f61660-7bcc-4279-b6a3-7163a94e0626/element/1271915d-26bf-4a73-a982-dea3095edb48/text'
15:50:12.186 [AsyncHttpClient-3-1] DEBUG o.a.netty.handler.HttpHandler - 

Request DefaultFullHttpRequest(decodeResult: success, version: HTTP/1.1, content: EmptyByteBufBE)
GET /session/14f61660-7bcc-4279-b6a3-7163a94e0626/element/1271915d-26bf-4a73-a982-dea3095edb48/text HTTP/1.1
User-Agent: selenium/4.0.0-alpha-5 (java windows)
Cache-Control: no-cache
host: localhost:10889
accept: */*

Response DefaultHttpResponse(decodeResult: success, version: HTTP/1.1)
HTTP/1.1 200 OK
content-type: application/json; charset=utf-8
cache-control: no-cache
content-length: 22
date: Thu, 25 Jun 2020 12:50:12 GMT

15:50:12.186 [AsyncHttpClient-3-1] DEBUG o.a.netty.channel.ChannelManager - Adding key: http://localhost:10889 for channel [id: 0x7c68b8df, L:/127.0.0.1:64390 - R:localhost/127.0.0.1:10889]
15:50:12.187 [Forwarding findChildElement on session 14f61660-7bcc-4279-b6a3-7163a94e0626 to remote] DEBUG o.a.netty.request.NettyRequestSender - Using pooled Channel '[id: 0x7c68b8df, L:/127.0.0.1:64390 - R:localhost/127.0.0.1:10889]' for 'POST' to 'http://localhost:10889/session/14f61660-7bcc-4279-b6a3-7163a94e0626/element/5a06997f-de22-4a40-8aec-f9ec48059169/element'
15:50:12.187 [Forwarding findChildElement on session 14f61660-7bcc-4279-b6a3-7163a94e0626 to remote] DEBUG o.a.netty.request.NettyRequestSender - Using open Channel [id: 0x7c68b8df, L:/127.0.0.1:64390 - R:localhost/127.0.0.1:10889] for POST '/session/14f61660-7bcc-4279-b6a3-7163a94e0626/element/5a06997f-de22-4a40-8aec-f9ec48059169/element'
15:50:12.190 [AsyncHttpClient-3-1] DEBUG o.a.netty.handler.HttpHandler - 

Request DefaultHttpRequest(decodeResult: success, version: HTTP/1.1)
POST /session/14f61660-7bcc-4279-b6a3-7163a94e0626/element/5a06997f-de22-4a40-8aec-f9ec48059169/element HTTP/1.1
User-Agent: selenium/4.0.0-alpha-5 (java windows)
Content-Length: 103
Content-Type: application/json; charset=utf-8
host: localhost:10889
accept: */*

Response DefaultHttpResponse(decodeResult: success, version: HTTP/1.1)
HTTP/1.1 200 OK
content-type: application/json; charset=utf-8
cache-control: no-cache
content-length: 88
date: Thu, 25 Jun 2020 12:50:12 GMT

15:50:12.190 [AsyncHttpClient-3-1] DEBUG o.a.netty.channel.ChannelManager - Adding key: http://localhost:10889 for channel [id: 0x7c68b8df, L:/127.0.0.1:64390 - R:localhost/127.0.0.1:10889]
15:50:12.191 [Forwarding getElementText on session 14f61660-7bcc-4279-b6a3-7163a94e0626 to remote] DEBUG o.a.netty.request.NettyRequestSender - Using pooled Channel '[id: 0x7c68b8df, L:/127.0.0.1:64390 - R:localhost/127.0.0.1:10889]' for 'GET' to 'http://localhost:10889/session/14f61660-7bcc-4279-b6a3-7163a94e0626/element/5cb20663-ec2b-4aa6-a3fa-b9901a8528bb/text'
15:50:12.191 [Forwarding getElementText on session 14f61660-7bcc-4279-b6a3-7163a94e0626 to remote] DEBUG o.a.netty.request.NettyRequestSender - Using open Channel [id: 0x7c68b8df, L:/127.0.0.1:64390 - R:localhost/127.0.0.1:10889] for GET '/session/14f61660-7bcc-4279-b6a3-7163a94e0626/element/5cb20663-ec2b-4aa6-a3fa-b9901a8528bb/text'
15:50:12.195 [AsyncHttpClient-3-1] DEBUG o.a.netty.handler.HttpHandler - 

Request DefaultFullHttpRequest(decodeResult: success, version: HTTP/1.1, content: EmptyByteBufBE)
GET /session/14f61660-7bcc-4279-b6a3-7163a94e0626/element/5cb20663-ec2b-4aa6-a3fa-b9901a8528bb/text HTTP/1.1
User-Agent: selenium/4.0.0-alpha-5 (java windows)
Cache-Control: no-cache
host: localhost:10889
accept: */*

Response DefaultHttpResponse(decodeResult: success, version: HTTP/1.1)
HTTP/1.1 200 OK
content-type: application/json; charset=utf-8
cache-control: no-cache
content-length: 21
date: Thu, 25 Jun 2020 12:50:12 GMT

15:50:12.195 [AsyncHttpClient-3-1] DEBUG o.a.netty.channel.ChannelManager - Adding key: http://localhost:10889 for channel [id: 0x7c68b8df, L:/127.0.0.1:64390 - R:localhost/127.0.0.1:10889]
15:50:12.195 [Forwarding findChildElement on session 14f61660-7bcc-4279-b6a3-7163a94e0626 to remote] DEBUG o.a.netty.request.NettyRequestSender - Using pooled Channel '[id: 0x7c68b8df, L:/127.0.0.1:64390 - R:localhost/127.0.0.1:10889]' for 'POST' to 'http://localhost:10889/session/14f61660-7bcc-4279-b6a3-7163a94e0626/element/5a06997f-de22-4a40-8aec-f9ec48059169/element'
15:50:12.195 [Forwarding findChildElement on session 14f61660-7bcc-4279-b6a3-7163a94e0626 to remote] DEBUG o.a.netty.request.NettyRequestSender - Using open Channel [id: 0x7c68b8df, L:/127.0.0.1:64390 - R:localhost/127.0.0.1:10889] for POST '/session/14f61660-7bcc-4279-b6a3-7163a94e0626/element/5a06997f-de22-4a40-8aec-f9ec48059169/element'
15:50:12.198 [AsyncHttpClient-3-1] DEBUG o.a.netty.handler.HttpHandler - 

Request DefaultHttpRequest(decodeResult: success, version: HTTP/1.1)
POST /session/14f61660-7bcc-4279-b6a3-7163a94e0626/element/5a06997f-de22-4a40-8aec-f9ec48059169/element HTTP/1.1
User-Agent: selenium/4.0.0-alpha-5 (java windows)
Content-Length: 103
Content-Type: application/json; charset=utf-8
host: localhost:10889
accept: */*

Response DefaultHttpResponse(decodeResult: success, version: HTTP/1.1)
HTTP/1.1 200 OK
content-type: application/json; charset=utf-8
cache-control: no-cache
content-length: 88
date: Thu, 25 Jun 2020 12:50:12 GMT

15:50:12.198 [AsyncHttpClient-3-1] DEBUG o.a.netty.channel.ChannelManager - Adding key: http://localhost:10889 for channel [id: 0x7c68b8df, L:/127.0.0.1:64390 - R:localhost/127.0.0.1:10889]
15:50:12.199 [Forwarding getElementText on session 14f61660-7bcc-4279-b6a3-7163a94e0626 to remote] DEBUG o.a.netty.request.NettyRequestSender - Using pooled Channel '[id: 0x7c68b8df, L:/127.0.0.1:64390 - R:localhost/127.0.0.1:10889]' for 'GET' to 'http://localhost:10889/session/14f61660-7bcc-4279-b6a3-7163a94e0626/element/ae4ecdaa-6de5-4d12-b693-b9c65752b1c3/text'
15:50:12.199 [Forwarding getElementText on session 14f61660-7bcc-4279-b6a3-7163a94e0626 to remote] DEBUG o.a.netty.request.NettyRequestSender - Using open Channel [id: 0x7c68b8df, L:/127.0.0.1:64390 - R:localhost/127.0.0.1:10889] for GET '/session/14f61660-7bcc-4279-b6a3-7163a94e0626/element/ae4ecdaa-6de5-4d12-b693-b9c65752b1c3/text'
15:50:12.203 [AsyncHttpClient-3-1] DEBUG o.a.netty.handler.HttpHandler - 

Request DefaultFullHttpRequest(decodeResult: success, version: HTTP/1.1, content: EmptyByteBufBE)
GET /session/14f61660-7bcc-4279-b6a3-7163a94e0626/element/ae4ecdaa-6de5-4d12-b693-b9c65752b1c3/text HTTP/1.1
User-Agent: selenium/4.0.0-alpha-5 (java windows)
Cache-Control: no-cache
host: localhost:10889
accept: */*

Response DefaultHttpResponse(decodeResult: success, version: HTTP/1.1)
HTTP/1.1 200 OK
content-type: application/json; charset=utf-8
cache-control: no-cache
content-length: 45
date: Thu, 25 Jun 2020 12:50:12 GMT

15:50:12.203 [AsyncHttpClient-3-1] DEBUG o.a.netty.channel.ChannelManager - Adding key: http://localhost:10889 for channel [id: 0x7c68b8df, L:/127.0.0.1:64390 - R:localhost/127.0.0.1:10889]
15:50:12.204 [Forwarding findChildElement on session 14f61660-7bcc-4279-b6a3-7163a94e0626 to remote] DEBUG o.a.netty.request.NettyRequestSender - Using pooled Channel '[id: 0x7c68b8df, L:/127.0.0.1:64390 - R:localhost/127.0.0.1:10889]' for 'POST' to 'http://localhost:10889/session/14f61660-7bcc-4279-b6a3-7163a94e0626/element/5a06997f-de22-4a40-8aec-f9ec48059169/element'
15:50:12.204 [Forwarding findChildElement on session 14f61660-7bcc-4279-b6a3-7163a94e0626 to remote] DEBUG o.a.netty.request.NettyRequestSender - Using open Channel [id: 0x7c68b8df, L:/127.0.0.1:64390 - R:localhost/127.0.0.1:10889] for POST '/session/14f61660-7bcc-4279-b6a3-7163a94e0626/element/5a06997f-de22-4a40-8aec-f9ec48059169/element'
15:50:12.207 [AsyncHttpClient-3-1] DEBUG o.a.netty.handler.HttpHandler - 

Request DefaultHttpRequest(decodeResult: success, version: HTTP/1.1)
POST /session/14f61660-7bcc-4279-b6a3-7163a94e0626/element/5a06997f-de22-4a40-8aec-f9ec48059169/element HTTP/1.1
User-Agent: selenium/4.0.0-alpha-5 (java windows)
Content-Length: 103
Content-Type: application/json; charset=utf-8
host: localhost:10889
accept: */*

Response DefaultHttpResponse(decodeResult: success, version: HTTP/1.1)
HTTP/1.1 200 OK
content-type: application/json; charset=utf-8
cache-control: no-cache
content-length: 88
date: Thu, 25 Jun 2020 12:50:12 GMT

15:50:12.208 [AsyncHttpClient-3-1] DEBUG o.a.netty.channel.ChannelManager - Adding key: http://localhost:10889 for channel [id: 0x7c68b8df, L:/127.0.0.1:64390 - R:localhost/127.0.0.1:10889]
15:50:12.208 [Forwarding getElementText on session 14f61660-7bcc-4279-b6a3-7163a94e0626 to remote] DEBUG o.a.netty.request.NettyRequestSender - Using pooled Channel '[id: 0x7c68b8df, L:/127.0.0.1:64390 - R:localhost/127.0.0.1:10889]' for 'GET' to 'http://localhost:10889/session/14f61660-7bcc-4279-b6a3-7163a94e0626/element/a92588ae-2b77-4b97-822b-e3dc61145c3f/text'
15:50:12.208 [Forwarding getElementText on session 14f61660-7bcc-4279-b6a3-7163a94e0626 to remote] DEBUG o.a.netty.request.NettyRequestSender - Using open Channel [id: 0x7c68b8df, L:/127.0.0.1:64390 - R:localhost/127.0.0.1:10889] for GET '/session/14f61660-7bcc-4279-b6a3-7163a94e0626/element/a92588ae-2b77-4b97-822b-e3dc61145c3f/text'
15:50:12.216 [AsyncHttpClient-3-1] DEBUG o.a.netty.handler.HttpHandler - 

Request DefaultFullHttpRequest(decodeResult: success, version: HTTP/1.1, content: EmptyByteBufBE)
GET /session/14f61660-7bcc-4279-b6a3-7163a94e0626/element/a92588ae-2b77-4b97-822b-e3dc61145c3f/text HTTP/1.1
User-Agent: selenium/4.0.0-alpha-5 (java windows)
Cache-Control: no-cache
host: localhost:10889
accept: */*

Response DefaultHttpResponse(decodeResult: success, version: HTTP/1.1)
HTTP/1.1 200 OK
content-type: application/json; charset=utf-8
cache-control: no-cache
content-length: 57
date: Thu, 25 Jun 2020 12:50:12 GMT

15:50:12.216 [AsyncHttpClient-3-1] DEBUG o.a.netty.channel.ChannelManager - Adding key: http://localhost:10889 for channel [id: 0x7c68b8df, L:/127.0.0.1:64390 - R:localhost/127.0.0.1:10889]
15:50:12.217 [Forwarding findChildElement on session 14f61660-7bcc-4279-b6a3-7163a94e0626 to remote] DEBUG o.a.netty.request.NettyRequestSender - Using pooled Channel '[id: 0x7c68b8df, L:/127.0.0.1:64390 - R:localhost/127.0.0.1:10889]' for 'POST' to 'http://localhost:10889/session/14f61660-7bcc-4279-b6a3-7163a94e0626/element/5a06997f-de22-4a40-8aec-f9ec48059169/element'
15:50:12.217 [Forwarding findChildElement on session 14f61660-7bcc-4279-b6a3-7163a94e0626 to remote] DEBUG o.a.netty.request.NettyRequestSender - Using open Channel [id: 0x7c68b8df, L:/127.0.0.1:64390 - R:localhost/127.0.0.1:10889] for POST '/session/14f61660-7bcc-4279-b6a3-7163a94e0626/element/5a06997f-de22-4a40-8aec-f9ec48059169/element'
15:50:12.221 [AsyncHttpClient-3-1] DEBUG o.a.netty.handler.HttpHandler - 

Request DefaultHttpRequest(decodeResult: success, version: HTTP/1.1)
POST /session/14f61660-7bcc-4279-b6a3-7163a94e0626/element/5a06997f-de22-4a40-8aec-f9ec48059169/element HTTP/1.1
User-Agent: selenium/4.0.0-alpha-5 (java windows)
Content-Length: 97
Content-Type: application/json; charset=utf-8
host: localhost:10889
accept: */*

Response DefaultHttpResponse(decodeResult: success, version: HTTP/1.1)
HTTP/1.1 200 OK
content-type: application/json; charset=utf-8
cache-control: no-cache
content-length: 88
date: Thu, 25 Jun 2020 12:50:12 GMT

15:50:12.222 [AsyncHttpClient-3-1] DEBUG o.a.netty.channel.ChannelManager - Adding key: http://localhost:10889 for channel [id: 0x7c68b8df, L:/127.0.0.1:64390 - R:localhost/127.0.0.1:10889]
15:50:12.224 [Forwarding getElementAttribute on session 14f61660-7bcc-4279-b6a3-7163a94e0626 to remote] DEBUG o.a.netty.request.NettyRequestSender - Using pooled Channel '[id: 0x7c68b8df, L:/127.0.0.1:64390 - R:localhost/127.0.0.1:10889]' for 'POST' to 'http://localhost:10889/session/14f61660-7bcc-4279-b6a3-7163a94e0626/execute/sync'
15:50:12.224 [Forwarding getElementAttribute on session 14f61660-7bcc-4279-b6a3-7163a94e0626 to remote] DEBUG o.a.netty.request.NettyRequestSender - Using open Channel [id: 0x7c68b8df, L:/127.0.0.1:64390 - R:localhost/127.0.0.1:10889] for POST '/session/14f61660-7bcc-4279-b6a3-7163a94e0626/execute/sync'
15:50:12.236 [AsyncHttpClient-3-1] DEBUG o.a.netty.handler.HttpHandler - 

Request DefaultHttpRequest(decodeResult: success, version: HTTP/1.1)
POST /session/14f61660-7bcc-4279-b6a3-7163a94e0626/execute/sync HTTP/1.1
User-Agent: selenium/4.0.0-alpha-5 (java windows)
Content-Length: 39635
Content-Type: application/json; charset=utf-8
host: localhost:10889
accept: */*

Response DefaultHttpResponse(decodeResult: success, version: HTTP/1.1)
HTTP/1.1 200 OK
content-type: application/json; charset=utf-8
cache-control: no-cache
content-length: 15
date: Thu, 25 Jun 2020 12:50:12 GMT

15:50:12.237 [AsyncHttpClient-3-1] DEBUG o.a.netty.channel.ChannelManager - Adding key: http://localhost:10889 for channel [id: 0x7c68b8df, L:/127.0.0.1:64390 - R:localhost/127.0.0.1:10889]
15:50:12.237 [Forwarding findChildElement on session 14f61660-7bcc-4279-b6a3-7163a94e0626 to remote] DEBUG o.a.netty.request.NettyRequestSender - Using pooled Channel '[id: 0x7c68b8df, L:/127.0.0.1:64390 - R:localhost/127.0.0.1:10889]' for 'POST' to 'http://localhost:10889/session/14f61660-7bcc-4279-b6a3-7163a94e0626/element/c3068db0-f25e-4c63-b3e4-8683852182e9/element'
15:50:12.237 [Forwarding findChildElement on session 14f61660-7bcc-4279-b6a3-7163a94e0626 to remote] DEBUG o.a.netty.request.NettyRequestSender - Using open Channel [id: 0x7c68b8df, L:/127.0.0.1:64390 - R:localhost/127.0.0.1:10889] for POST '/session/14f61660-7bcc-4279-b6a3-7163a94e0626/element/c3068db0-f25e-4c63-b3e4-8683852182e9/element'
15:50:12.241 [AsyncHttpClient-3-1] DEBUG o.a.netty.handler.HttpHandler - 

Request DefaultHttpRequest(decodeResult: success, version: HTTP/1.1)
POST /session/14f61660-7bcc-4279-b6a3-7163a94e0626/element/c3068db0-f25e-4c63-b3e4-8683852182e9/element HTTP/1.1
User-Agent: selenium/4.0.0-alpha-5 (java windows)
Content-Length: 103
Content-Type: application/json; charset=utf-8
host: localhost:10889
accept: */*

Response DefaultHttpResponse(decodeResult: success, version: HTTP/1.1)
HTTP/1.1 200 OK
content-type: application/json; charset=utf-8
cache-control: no-cache
content-length: 88
date: Thu, 25 Jun 2020 12:50:12 GMT

15:50:12.241 [AsyncHttpClient-3-1] DEBUG o.a.netty.channel.ChannelManager - Adding key: http://localhost:10889 for channel [id: 0x7c68b8df, L:/127.0.0.1:64390 - R:localhost/127.0.0.1:10889]
15:50:12.241 [Forwarding getElementText on session 14f61660-7bcc-4279-b6a3-7163a94e0626 to remote] DEBUG o.a.netty.request.NettyRequestSender - Using pooled Channel '[id: 0x7c68b8df, L:/127.0.0.1:64390 - R:localhost/127.0.0.1:10889]' for 'GET' to 'http://localhost:10889/session/14f61660-7bcc-4279-b6a3-7163a94e0626/element/6a5f5e4b-c32e-4bbc-ba22-d1c136f5416a/text'
15:50:12.241 [Forwarding getElementText on session 14f61660-7bcc-4279-b6a3-7163a94e0626 to remote] DEBUG o.a.netty.request.NettyRequestSender - Using open Channel [id: 0x7c68b8df, L:/127.0.0.1:64390 - R:localhost/127.0.0.1:10889] for GET '/session/14f61660-7bcc-4279-b6a3-7163a94e0626/element/6a5f5e4b-c32e-4bbc-ba22-d1c136f5416a/text'
15:50:12.245 [AsyncHttpClient-3-1] DEBUG o.a.netty.handler.HttpHandler - 

Request DefaultFullHttpRequest(decodeResult: success, version: HTTP/1.1, content: EmptyByteBufBE)
GET /session/14f61660-7bcc-4279-b6a3-7163a94e0626/element/6a5f5e4b-c32e-4bbc-ba22-d1c136f5416a/text HTTP/1.1
User-Agent: selenium/4.0.0-alpha-5 (java windows)
Cache-Control: no-cache
host: localhost:10889
accept: */*

Response DefaultHttpResponse(decodeResult: success, version: HTTP/1.1)
HTTP/1.1 200 OK
content-type: application/json; charset=utf-8
cache-control: no-cache
content-length: 18
date: Thu, 25 Jun 2020 12:50:12 GMT

15:50:12.245 [AsyncHttpClient-3-1] DEBUG o.a.netty.channel.ChannelManager - Adding key: http://localhost:10889 for channel [id: 0x7c68b8df, L:/127.0.0.1:64390 - R:localhost/127.0.0.1:10889]
15:50:12.246 [Forwarding findChildElement on session 14f61660-7bcc-4279-b6a3-7163a94e0626 to remote] DEBUG o.a.netty.request.NettyRequestSender - Using pooled Channel '[id: 0x7c68b8df, L:/127.0.0.1:64390 - R:localhost/127.0.0.1:10889]' for 'POST' to 'http://localhost:10889/session/14f61660-7bcc-4279-b6a3-7163a94e0626/element/c3068db0-f25e-4c63-b3e4-8683852182e9/element'
15:50:12.246 [Forwarding findChildElement on session 14f61660-7bcc-4279-b6a3-7163a94e0626 to remote] DEBUG o.a.netty.request.NettyRequestSender - Using open Channel [id: 0x7c68b8df, L:/127.0.0.1:64390 - R:localhost/127.0.0.1:10889] for POST '/session/14f61660-7bcc-4279-b6a3-7163a94e0626/element/c3068db0-f25e-4c63-b3e4-8683852182e9/element'
15:50:12.249 [AsyncHttpClient-3-1] DEBUG o.a.netty.handler.HttpHandler - 

Request DefaultHttpRequest(decodeResult: success, version: HTTP/1.1)
POST /session/14f61660-7bcc-4279-b6a3-7163a94e0626/element/c3068db0-f25e-4c63-b3e4-8683852182e9/element HTTP/1.1
User-Agent: selenium/4.0.0-alpha-5 (java windows)
Content-Length: 103
Content-Type: application/json; charset=utf-8
host: localhost:10889
accept: */*

Response DefaultHttpResponse(decodeResult: success, version: HTTP/1.1)
HTTP/1.1 200 OK
content-type: application/json; charset=utf-8
cache-control: no-cache
content-length: 88
date: Thu, 25 Jun 2020 12:50:12 GMT

15:50:12.250 [AsyncHttpClient-3-1] DEBUG o.a.netty.channel.ChannelManager - Adding key: http://localhost:10889 for channel [id: 0x7c68b8df, L:/127.0.0.1:64390 - R:localhost/127.0.0.1:10889]
15:50:12.250 [Forwarding getElementText on session 14f61660-7bcc-4279-b6a3-7163a94e0626 to remote] DEBUG o.a.netty.request.NettyRequestSender - Using pooled Channel '[id: 0x7c68b8df, L:/127.0.0.1:64390 - R:localhost/127.0.0.1:10889]' for 'GET' to 'http://localhost:10889/session/14f61660-7bcc-4279-b6a3-7163a94e0626/element/4ad23944-a22f-4467-ad6c-7600fbf6d5ab/text'
15:50:12.250 [Forwarding getElementText on session 14f61660-7bcc-4279-b6a3-7163a94e0626 to remote] DEBUG o.a.netty.request.NettyRequestSender - Using open Channel [id: 0x7c68b8df, L:/127.0.0.1:64390 - R:localhost/127.0.0.1:10889] for GET '/session/14f61660-7bcc-4279-b6a3-7163a94e0626/element/4ad23944-a22f-4467-ad6c-7600fbf6d5ab/text'
15:50:12.255 [AsyncHttpClient-3-1] DEBUG o.a.netty.handler.HttpHandler - 

Request DefaultFullHttpRequest(decodeResult: success, version: HTTP/1.1, content: EmptyByteBufBE)
GET /session/14f61660-7bcc-4279-b6a3-7163a94e0626/element/4ad23944-a22f-4467-ad6c-7600fbf6d5ab/text HTTP/1.1
User-Agent: selenium/4.0.0-alpha-5 (java windows)
Cache-Control: no-cache
host: localhost:10889
accept: */*

Response DefaultHttpResponse(decodeResult: success, version: HTTP/1.1)
HTTP/1.1 200 OK
content-type: application/json; charset=utf-8
cache-control: no-cache
content-length: 22
date: Thu, 25 Jun 2020 12:50:12 GMT

15:50:12.255 [AsyncHttpClient-3-1] DEBUG o.a.netty.channel.ChannelManager - Adding key: http://localhost:10889 for channel [id: 0x7c68b8df, L:/127.0.0.1:64390 - R:localhost/127.0.0.1:10889]
15:50:12.255 [Forwarding findChildElement on session 14f61660-7bcc-4279-b6a3-7163a94e0626 to remote] DEBUG o.a.netty.request.NettyRequestSender - Using pooled Channel '[id: 0x7c68b8df, L:/127.0.0.1:64390 - R:localhost/127.0.0.1:10889]' for 'POST' to 'http://localhost:10889/session/14f61660-7bcc-4279-b6a3-7163a94e0626/element/c3068db0-f25e-4c63-b3e4-8683852182e9/element'
15:50:12.256 [Forwarding findChildElement on session 14f61660-7bcc-4279-b6a3-7163a94e0626 to remote] DEBUG o.a.netty.request.NettyRequestSender - Using open Channel [id: 0x7c68b8df, L:/127.0.0.1:64390 - R:localhost/127.0.0.1:10889] for POST '/session/14f61660-7bcc-4279-b6a3-7163a94e0626/element/c3068db0-f25e-4c63-b3e4-8683852182e9/element'
15:50:12.259 [AsyncHttpClient-3-1] DEBUG o.a.netty.handler.HttpHandler - 

Request DefaultHttpRequest(decodeResult: success, version: HTTP/1.1)
POST /session/14f61660-7bcc-4279-b6a3-7163a94e0626/element/c3068db0-f25e-4c63-b3e4-8683852182e9/element HTTP/1.1
User-Agent: selenium/4.0.0-alpha-5 (java windows)
Content-Length: 103
Content-Type: application/json; charset=utf-8
host: localhost:10889
accept: */*

Response DefaultHttpResponse(decodeResult: success, version: HTTP/1.1)
HTTP/1.1 200 OK
content-type: application/json; charset=utf-8
cache-control: no-cache
content-length: 88
date: Thu, 25 Jun 2020 12:50:12 GMT

15:50:12.260 [AsyncHttpClient-3-1] DEBUG o.a.netty.channel.ChannelManager - Adding key: http://localhost:10889 for channel [id: 0x7c68b8df, L:/127.0.0.1:64390 - R:localhost/127.0.0.1:10889]
15:50:12.260 [Forwarding getElementText on session 14f61660-7bcc-4279-b6a3-7163a94e0626 to remote] DEBUG o.a.netty.request.NettyRequestSender - Using pooled Channel '[id: 0x7c68b8df, L:/127.0.0.1:64390 - R:localhost/127.0.0.1:10889]' for 'GET' to 'http://localhost:10889/session/14f61660-7bcc-4279-b6a3-7163a94e0626/element/a2602c24-f453-4834-bbae-c0151725e2cd/text'
15:50:12.260 [Forwarding getElementText on session 14f61660-7bcc-4279-b6a3-7163a94e0626 to remote] DEBUG o.a.netty.request.NettyRequestSender - Using open Channel [id: 0x7c68b8df, L:/127.0.0.1:64390 - R:localhost/127.0.0.1:10889] for GET '/session/14f61660-7bcc-4279-b6a3-7163a94e0626/element/a2602c24-f453-4834-bbae-c0151725e2cd/text'
15:50:12.264 [AsyncHttpClient-3-1] DEBUG o.a.netty.handler.HttpHandler - 

Request DefaultFullHttpRequest(decodeResult: success, version: HTTP/1.1, content: EmptyByteBufBE)
GET /session/14f61660-7bcc-4279-b6a3-7163a94e0626/element/a2602c24-f453-4834-bbae-c0151725e2cd/text HTTP/1.1
User-Agent: selenium/4.0.0-alpha-5 (java windows)
Cache-Control: no-cache
host: localhost:10889
accept: */*

Response DefaultHttpResponse(decodeResult: success, version: HTTP/1.1)
HTTP/1.1 200 OK
content-type: application/json; charset=utf-8
cache-control: no-cache
content-length: 21
date: Thu, 25 Jun 2020 12:50:12 GMT

15:50:12.265 [AsyncHttpClient-3-1] DEBUG o.a.netty.channel.ChannelManager - Adding key: http://localhost:10889 for channel [id: 0x7c68b8df, L:/127.0.0.1:64390 - R:localhost/127.0.0.1:10889]
15:50:12.265 [Forwarding findChildElement on session 14f61660-7bcc-4279-b6a3-7163a94e0626 to remote] DEBUG o.a.netty.request.NettyRequestSender - Using pooled Channel '[id: 0x7c68b8df, L:/127.0.0.1:64390 - R:localhost/127.0.0.1:10889]' for 'POST' to 'http://localhost:10889/session/14f61660-7bcc-4279-b6a3-7163a94e0626/element/c3068db0-f25e-4c63-b3e4-8683852182e9/element'
15:50:12.265 [Forwarding findChildElement on session 14f61660-7bcc-4279-b6a3-7163a94e0626 to remote] DEBUG o.a.netty.request.NettyRequestSender - Using open Channel [id: 0x7c68b8df, L:/127.0.0.1:64390 - R:localhost/127.0.0.1:10889] for POST '/session/14f61660-7bcc-4279-b6a3-7163a94e0626/element/c3068db0-f25e-4c63-b3e4-8683852182e9/element'
15:50:12.268 [AsyncHttpClient-3-1] DEBUG o.a.netty.handler.HttpHandler - 

Request DefaultHttpRequest(decodeResult: success, version: HTTP/1.1)
POST /session/14f61660-7bcc-4279-b6a3-7163a94e0626/element/c3068db0-f25e-4c63-b3e4-8683852182e9/element HTTP/1.1
User-Agent: selenium/4.0.0-alpha-5 (java windows)
Content-Length: 103
Content-Type: application/json; charset=utf-8
host: localhost:10889
accept: */*

Response DefaultHttpResponse(decodeResult: success, version: HTTP/1.1)
HTTP/1.1 200 OK
content-type: application/json; charset=utf-8
cache-control: no-cache
content-length: 88
date: Thu, 25 Jun 2020 12:50:12 GMT

15:50:12.268 [AsyncHttpClient-3-1] DEBUG o.a.netty.channel.ChannelManager - Adding key: http://localhost:10889 for channel [id: 0x7c68b8df, L:/127.0.0.1:64390 - R:localhost/127.0.0.1:10889]
15:50:12.269 [Forwarding getElementText on session 14f61660-7bcc-4279-b6a3-7163a94e0626 to remote] DEBUG o.a.netty.request.NettyRequestSender - Using pooled Channel '[id: 0x7c68b8df, L:/127.0.0.1:64390 - R:localhost/127.0.0.1:10889]' for 'GET' to 'http://localhost:10889/session/14f61660-7bcc-4279-b6a3-7163a94e0626/element/6185cab5-118e-462f-b57f-6adf5c3e6b24/text'
15:50:12.269 [Forwarding getElementText on session 14f61660-7bcc-4279-b6a3-7163a94e0626 to remote] DEBUG o.a.netty.request.NettyRequestSender - Using open Channel [id: 0x7c68b8df, L:/127.0.0.1:64390 - R:localhost/127.0.0.1:10889] for GET '/session/14f61660-7bcc-4279-b6a3-7163a94e0626/element/6185cab5-118e-462f-b57f-6adf5c3e6b24/text'
15:50:12.273 [AsyncHttpClient-3-1] DEBUG o.a.netty.handler.HttpHandler - 

Request DefaultFullHttpRequest(decodeResult: success, version: HTTP/1.1, content: EmptyByteBufBE)
GET /session/14f61660-7bcc-4279-b6a3-7163a94e0626/element/6185cab5-118e-462f-b57f-6adf5c3e6b24/text HTTP/1.1
User-Agent: selenium/4.0.0-alpha-5 (java windows)
Cache-Control: no-cache
host: localhost:10889
accept: */*

Response DefaultHttpResponse(decodeResult: success, version: HTTP/1.1)
HTTP/1.1 200 OK
content-type: application/json; charset=utf-8
cache-control: no-cache
content-length: 45
date: Thu, 25 Jun 2020 12:50:12 GMT

15:50:12.273 [AsyncHttpClient-3-1] DEBUG o.a.netty.channel.ChannelManager - Adding key: http://localhost:10889 for channel [id: 0x7c68b8df, L:/127.0.0.1:64390 - R:localhost/127.0.0.1:10889]
15:50:12.273 [Forwarding findChildElement on session 14f61660-7bcc-4279-b6a3-7163a94e0626 to remote] DEBUG o.a.netty.request.NettyRequestSender - Using pooled Channel '[id: 0x7c68b8df, L:/127.0.0.1:64390 - R:localhost/127.0.0.1:10889]' for 'POST' to 'http://localhost:10889/session/14f61660-7bcc-4279-b6a3-7163a94e0626/element/c3068db0-f25e-4c63-b3e4-8683852182e9/element'
15:50:12.273 [Forwarding findChildElement on session 14f61660-7bcc-4279-b6a3-7163a94e0626 to remote] DEBUG o.a.netty.request.NettyRequestSender - Using open Channel [id: 0x7c68b8df, L:/127.0.0.1:64390 - R:localhost/127.0.0.1:10889] for POST '/session/14f61660-7bcc-4279-b6a3-7163a94e0626/element/c3068db0-f25e-4c63-b3e4-8683852182e9/element'
15:50:12.277 [AsyncHttpClient-3-1] DEBUG o.a.netty.handler.HttpHandler - 

Request DefaultHttpRequest(decodeResult: success, version: HTTP/1.1)
POST /session/14f61660-7bcc-4279-b6a3-7163a94e0626/element/c3068db0-f25e-4c63-b3e4-8683852182e9/element HTTP/1.1
User-Agent: selenium/4.0.0-alpha-5 (java windows)
Content-Length: 103
Content-Type: application/json; charset=utf-8
host: localhost:10889
accept: */*

Response DefaultHttpResponse(decodeResult: success, version: HTTP/1.1)
HTTP/1.1 200 OK
content-type: application/json; charset=utf-8
cache-control: no-cache
content-length: 88
date: Thu, 25 Jun 2020 12:50:12 GMT

15:50:12.277 [AsyncHttpClient-3-1] DEBUG o.a.netty.channel.ChannelManager - Adding key: http://localhost:10889 for channel [id: 0x7c68b8df, L:/127.0.0.1:64390 - R:localhost/127.0.0.1:10889]
15:50:12.277 [Forwarding getElementText on session 14f61660-7bcc-4279-b6a3-7163a94e0626 to remote] DEBUG o.a.netty.request.NettyRequestSender - Using pooled Channel '[id: 0x7c68b8df, L:/127.0.0.1:64390 - R:localhost/127.0.0.1:10889]' for 'GET' to 'http://localhost:10889/session/14f61660-7bcc-4279-b6a3-7163a94e0626/element/d46bf46a-ddc1-4a37-99aa-c03e268c3ef4/text'
15:50:12.277 [Forwarding getElementText on session 14f61660-7bcc-4279-b6a3-7163a94e0626 to remote] DEBUG o.a.netty.request.NettyRequestSender - Using open Channel [id: 0x7c68b8df, L:/127.0.0.1:64390 - R:localhost/127.0.0.1:10889] for GET '/session/14f61660-7bcc-4279-b6a3-7163a94e0626/element/d46bf46a-ddc1-4a37-99aa-c03e268c3ef4/text'
15:50:12.284 [AsyncHttpClient-3-1] DEBUG o.a.netty.handler.HttpHandler - 

Request DefaultFullHttpRequest(decodeResult: success, version: HTTP/1.1, content: EmptyByteBufBE)
GET /session/14f61660-7bcc-4279-b6a3-7163a94e0626/element/d46bf46a-ddc1-4a37-99aa-c03e268c3ef4/text HTTP/1.1
User-Agent: selenium/4.0.0-alpha-5 (java windows)
Cache-Control: no-cache
host: localhost:10889
accept: */*

Response DefaultHttpResponse(decodeResult: success, version: HTTP/1.1)
HTTP/1.1 200 OK
content-type: application/json; charset=utf-8
cache-control: no-cache
content-length: 57
date: Thu, 25 Jun 2020 12:50:12 GMT

15:50:12.284 [AsyncHttpClient-3-1] DEBUG o.a.netty.channel.ChannelManager - Adding key: http://localhost:10889 for channel [id: 0x7c68b8df, L:/127.0.0.1:64390 - R:localhost/127.0.0.1:10889]
15:50:12.284 [Forwarding findChildElement on session 14f61660-7bcc-4279-b6a3-7163a94e0626 to remote] DEBUG o.a.netty.request.NettyRequestSender - Using pooled Channel '[id: 0x7c68b8df, L:/127.0.0.1:64390 - R:localhost/127.0.0.1:10889]' for 'POST' to 'http://localhost:10889/session/14f61660-7bcc-4279-b6a3-7163a94e0626/element/c3068db0-f25e-4c63-b3e4-8683852182e9/element'
15:50:12.284 [Forwarding findChildElement on session 14f61660-7bcc-4279-b6a3-7163a94e0626 to remote] DEBUG o.a.netty.request.NettyRequestSender - Using open Channel [id: 0x7c68b8df, L:/127.0.0.1:64390 - R:localhost/127.0.0.1:10889] for POST '/session/14f61660-7bcc-4279-b6a3-7163a94e0626/element/c3068db0-f25e-4c63-b3e4-8683852182e9/element'
15:50:12.288 [AsyncHttpClient-3-1] DEBUG o.a.netty.handler.HttpHandler - 

Request DefaultHttpRequest(decodeResult: success, version: HTTP/1.1)
POST /session/14f61660-7bcc-4279-b6a3-7163a94e0626/element/c3068db0-f25e-4c63-b3e4-8683852182e9/element HTTP/1.1
User-Agent: selenium/4.0.0-alpha-5 (java windows)
Content-Length: 97
Content-Type: application/json; charset=utf-8
host: localhost:10889
accept: */*

Response DefaultHttpResponse(decodeResult: success, version: HTTP/1.1)
HTTP/1.1 200 OK
content-type: application/json; charset=utf-8
cache-control: no-cache
content-length: 88
date: Thu, 25 Jun 2020 12:50:12 GMT

15:50:12.288 [AsyncHttpClient-3-1] DEBUG o.a.netty.channel.ChannelManager - Adding key: http://localhost:10889 for channel [id: 0x7c68b8df, L:/127.0.0.1:64390 - R:localhost/127.0.0.1:10889]
15:50:12.291 [Forwarding getElementAttribute on session 14f61660-7bcc-4279-b6a3-7163a94e0626 to remote] DEBUG o.a.netty.request.NettyRequestSender - Using pooled Channel '[id: 0x7c68b8df, L:/127.0.0.1:64390 - R:localhost/127.0.0.1:10889]' for 'POST' to 'http://localhost:10889/session/14f61660-7bcc-4279-b6a3-7163a94e0626/execute/sync'
15:50:12.291 [Forwarding getElementAttribute on session 14f61660-7bcc-4279-b6a3-7163a94e0626 to remote] DEBUG o.a.netty.request.NettyRequestSender - Using open Channel [id: 0x7c68b8df, L:/127.0.0.1:64390 - R:localhost/127.0.0.1:10889] for POST '/session/14f61660-7bcc-4279-b6a3-7163a94e0626/execute/sync'
15:50:12.303 [AsyncHttpClient-3-1] DEBUG o.a.netty.handler.HttpHandler - 

Request DefaultHttpRequest(decodeResult: success, version: HTTP/1.1)
POST /session/14f61660-7bcc-4279-b6a3-7163a94e0626/execute/sync HTTP/1.1
User-Agent: selenium/4.0.0-alpha-5 (java windows)
Content-Length: 39635
Content-Type: application/json; charset=utf-8
host: localhost:10889
accept: */*

Response DefaultHttpResponse(decodeResult: success, version: HTTP/1.1)
HTTP/1.1 200 OK
content-type: application/json; charset=utf-8
cache-control: no-cache
content-length: 15
date: Thu, 25 Jun 2020 12:50:12 GMT

15:50:12.304 [AsyncHttpClient-3-1] DEBUG o.a.netty.channel.ChannelManager - Adding key: http://localhost:10889 for channel [id: 0x7c68b8df, L:/127.0.0.1:64390 - R:localhost/127.0.0.1:10889]
15:50:12.304 [Forwarding findChildElement on session 14f61660-7bcc-4279-b6a3-7163a94e0626 to remote] DEBUG o.a.netty.request.NettyRequestSender - Using pooled Channel '[id: 0x7c68b8df, L:/127.0.0.1:64390 - R:localhost/127.0.0.1:10889]' for 'POST' to 'http://localhost:10889/session/14f61660-7bcc-4279-b6a3-7163a94e0626/element/5b92afde-ba1c-472b-bbe1-490f661f4821/element'
15:50:12.304 [Forwarding findChildElement on session 14f61660-7bcc-4279-b6a3-7163a94e0626 to remote] DEBUG o.a.netty.request.NettyRequestSender - Using open Channel [id: 0x7c68b8df, L:/127.0.0.1:64390 - R:localhost/127.0.0.1:10889] for POST '/session/14f61660-7bcc-4279-b6a3-7163a94e0626/element/5b92afde-ba1c-472b-bbe1-490f661f4821/element'
15:50:12.307 [AsyncHttpClient-3-1] DEBUG o.a.netty.handler.HttpHandler - 

Request DefaultHttpRequest(decodeResult: success, version: HTTP/1.1)
POST /session/14f61660-7bcc-4279-b6a3-7163a94e0626/element/5b92afde-ba1c-472b-bbe1-490f661f4821/element HTTP/1.1
User-Agent: selenium/4.0.0-alpha-5 (java windows)
Content-Length: 103
Content-Type: application/json; charset=utf-8
host: localhost:10889
accept: */*

Response DefaultHttpResponse(decodeResult: success, version: HTTP/1.1)
HTTP/1.1 200 OK
content-type: application/json; charset=utf-8
cache-control: no-cache
content-length: 88
date: Thu, 25 Jun 2020 12:50:12 GMT

15:50:12.307 [AsyncHttpClient-3-1] DEBUG o.a.netty.channel.ChannelManager - Adding key: http://localhost:10889 for channel [id: 0x7c68b8df, L:/127.0.0.1:64390 - R:localhost/127.0.0.1:10889]
15:50:12.308 [Forwarding getElementText on session 14f61660-7bcc-4279-b6a3-7163a94e0626 to remote] DEBUG o.a.netty.request.NettyRequestSender - Using pooled Channel '[id: 0x7c68b8df, L:/127.0.0.1:64390 - R:localhost/127.0.0.1:10889]' for 'GET' to 'http://localhost:10889/session/14f61660-7bcc-4279-b6a3-7163a94e0626/element/95fa3f58-5e23-494a-9841-7b056c9fdfbb/text'
15:50:12.308 [Forwarding getElementText on session 14f61660-7bcc-4279-b6a3-7163a94e0626 to remote] DEBUG o.a.netty.request.NettyRequestSender - Using open Channel [id: 0x7c68b8df, L:/127.0.0.1:64390 - R:localhost/127.0.0.1:10889] for GET '/session/14f61660-7bcc-4279-b6a3-7163a94e0626/element/95fa3f58-5e23-494a-9841-7b056c9fdfbb/text'
15:50:12.312 [AsyncHttpClient-3-1] DEBUG o.a.netty.handler.HttpHandler - 

Request DefaultFullHttpRequest(decodeResult: success, version: HTTP/1.1, content: EmptyByteBufBE)
GET /session/14f61660-7bcc-4279-b6a3-7163a94e0626/element/95fa3f58-5e23-494a-9841-7b056c9fdfbb/text HTTP/1.1
User-Agent: selenium/4.0.0-alpha-5 (java windows)
Cache-Control: no-cache
host: localhost:10889
accept: */*

Response DefaultHttpResponse(decodeResult: success, version: HTTP/1.1)
HTTP/1.1 200 OK
content-type: application/json; charset=utf-8
cache-control: no-cache
content-length: 18
date: Thu, 25 Jun 2020 12:50:12 GMT

15:50:12.312 [AsyncHttpClient-3-1] DEBUG o.a.netty.channel.ChannelManager - Adding key: http://localhost:10889 for channel [id: 0x7c68b8df, L:/127.0.0.1:64390 - R:localhost/127.0.0.1:10889]
15:50:12.313 [Forwarding findChildElement on session 14f61660-7bcc-4279-b6a3-7163a94e0626 to remote] DEBUG o.a.netty.request.NettyRequestSender - Using pooled Channel '[id: 0x7c68b8df, L:/127.0.0.1:64390 - R:localhost/127.0.0.1:10889]' for 'POST' to 'http://localhost:10889/session/14f61660-7bcc-4279-b6a3-7163a94e0626/element/5b92afde-ba1c-472b-bbe1-490f661f4821/element'
15:50:12.313 [Forwarding findChildElement on session 14f61660-7bcc-4279-b6a3-7163a94e0626 to remote] DEBUG o.a.netty.request.NettyRequestSender - Using open Channel [id: 0x7c68b8df, L:/127.0.0.1:64390 - R:localhost/127.0.0.1:10889] for POST '/session/14f61660-7bcc-4279-b6a3-7163a94e0626/element/5b92afde-ba1c-472b-bbe1-490f661f4821/element'
15:50:12.317 [AsyncHttpClient-3-1] DEBUG o.a.netty.handler.HttpHandler - 

Request DefaultHttpRequest(decodeResult: success, version: HTTP/1.1)
POST /session/14f61660-7bcc-4279-b6a3-7163a94e0626/element/5b92afde-ba1c-472b-bbe1-490f661f4821/element HTTP/1.1
User-Agent: selenium/4.0.0-alpha-5 (java windows)
Content-Length: 103
Content-Type: application/json; charset=utf-8
host: localhost:10889
accept: */*

Response DefaultHttpResponse(decodeResult: success, version: HTTP/1.1)
HTTP/1.1 200 OK
content-type: application/json; charset=utf-8
cache-control: no-cache
content-length: 88
date: Thu, 25 Jun 2020 12:50:12 GMT

15:50:12.317 [AsyncHttpClient-3-1] DEBUG o.a.netty.channel.ChannelManager - Adding key: http://localhost:10889 for channel [id: 0x7c68b8df, L:/127.0.0.1:64390 - R:localhost/127.0.0.1:10889]
15:50:12.318 [Forwarding getElementText on session 14f61660-7bcc-4279-b6a3-7163a94e0626 to remote] DEBUG o.a.netty.request.NettyRequestSender - Using pooled Channel '[id: 0x7c68b8df, L:/127.0.0.1:64390 - R:localhost/127.0.0.1:10889]' for 'GET' to 'http://localhost:10889/session/14f61660-7bcc-4279-b6a3-7163a94e0626/element/b77ef2be-1735-4a64-a821-adbada8eaa2f/text'
15:50:12.318 [Forwarding getElementText on session 14f61660-7bcc-4279-b6a3-7163a94e0626 to remote] DEBUG o.a.netty.request.NettyRequestSender - Using open Channel [id: 0x7c68b8df, L:/127.0.0.1:64390 - R:localhost/127.0.0.1:10889] for GET '/session/14f61660-7bcc-4279-b6a3-7163a94e0626/element/b77ef2be-1735-4a64-a821-adbada8eaa2f/text'
15:50:12.322 [AsyncHttpClient-3-1] DEBUG o.a.netty.handler.HttpHandler - 

Request DefaultFullHttpRequest(decodeResult: success, version: HTTP/1.1, content: EmptyByteBufBE)
GET /session/14f61660-7bcc-4279-b6a3-7163a94e0626/element/b77ef2be-1735-4a64-a821-adbada8eaa2f/text HTTP/1.1
User-Agent: selenium/4.0.0-alpha-5 (java windows)
Cache-Control: no-cache
host: localhost:10889
accept: */*

Response DefaultHttpResponse(decodeResult: success, version: HTTP/1.1)
HTTP/1.1 200 OK
content-type: application/json; charset=utf-8
cache-control: no-cache
content-length: 22
date: Thu, 25 Jun 2020 12:50:12 GMT

15:50:12.322 [AsyncHttpClient-3-1] DEBUG o.a.netty.channel.ChannelManager - Adding key: http://localhost:10889 for channel [id: 0x7c68b8df, L:/127.0.0.1:64390 - R:localhost/127.0.0.1:10889]
15:50:12.323 [Forwarding findChildElement on session 14f61660-7bcc-4279-b6a3-7163a94e0626 to remote] DEBUG o.a.netty.request.NettyRequestSender - Using pooled Channel '[id: 0x7c68b8df, L:/127.0.0.1:64390 - R:localhost/127.0.0.1:10889]' for 'POST' to 'http://localhost:10889/session/14f61660-7bcc-4279-b6a3-7163a94e0626/element/5b92afde-ba1c-472b-bbe1-490f661f4821/element'
15:50:12.323 [Forwarding findChildElement on session 14f61660-7bcc-4279-b6a3-7163a94e0626 to remote] DEBUG o.a.netty.request.NettyRequestSender - Using open Channel [id: 0x7c68b8df, L:/127.0.0.1:64390 - R:localhost/127.0.0.1:10889] for POST '/session/14f61660-7bcc-4279-b6a3-7163a94e0626/element/5b92afde-ba1c-472b-bbe1-490f661f4821/element'
15:50:12.327 [AsyncHttpClient-3-1] DEBUG o.a.netty.handler.HttpHandler - 

Request DefaultHttpRequest(decodeResult: success, version: HTTP/1.1)
POST /session/14f61660-7bcc-4279-b6a3-7163a94e0626/element/5b92afde-ba1c-472b-bbe1-490f661f4821/element HTTP/1.1
User-Agent: selenium/4.0.0-alpha-5 (java windows)
Content-Length: 103
Content-Type: application/json; charset=utf-8
host: localhost:10889
accept: */*

Response DefaultHttpResponse(decodeResult: success, version: HTTP/1.1)
HTTP/1.1 200 OK
content-type: application/json; charset=utf-8
cache-control: no-cache
content-length: 88
date: Thu, 25 Jun 2020 12:50:12 GMT

15:50:12.327 [AsyncHttpClient-3-1] DEBUG o.a.netty.channel.ChannelManager - Adding key: http://localhost:10889 for channel [id: 0x7c68b8df, L:/127.0.0.1:64390 - R:localhost/127.0.0.1:10889]
15:50:12.327 [Forwarding getElementText on session 14f61660-7bcc-4279-b6a3-7163a94e0626 to remote] DEBUG o.a.netty.request.NettyRequestSender - Using pooled Channel '[id: 0x7c68b8df, L:/127.0.0.1:64390 - R:localhost/127.0.0.1:10889]' for 'GET' to 'http://localhost:10889/session/14f61660-7bcc-4279-b6a3-7163a94e0626/element/74f28da4-fe2f-4380-92cd-8f3c4ecd7175/text'
15:50:12.327 [Forwarding getElementText on session 14f61660-7bcc-4279-b6a3-7163a94e0626 to remote] DEBUG o.a.netty.request.NettyRequestSender - Using open Channel [id: 0x7c68b8df, L:/127.0.0.1:64390 - R:localhost/127.0.0.1:10889] for GET '/session/14f61660-7bcc-4279-b6a3-7163a94e0626/element/74f28da4-fe2f-4380-92cd-8f3c4ecd7175/text'
15:50:12.331 [AsyncHttpClient-3-1] DEBUG o.a.netty.handler.HttpHandler - 

Request DefaultFullHttpRequest(decodeResult: success, version: HTTP/1.1, content: EmptyByteBufBE)
GET /session/14f61660-7bcc-4279-b6a3-7163a94e0626/element/74f28da4-fe2f-4380-92cd-8f3c4ecd7175/text HTTP/1.1
User-Agent: selenium/4.0.0-alpha-5 (java windows)
Cache-Control: no-cache
host: localhost:10889
accept: */*

Response DefaultHttpResponse(decodeResult: success, version: HTTP/1.1)
HTTP/1.1 200 OK
content-type: application/json; charset=utf-8
cache-control: no-cache
content-length: 21
date: Thu, 25 Jun 2020 12:50:12 GMT

15:50:12.331 [AsyncHttpClient-3-1] DEBUG o.a.netty.channel.ChannelManager - Adding key: http://localhost:10889 for channel [id: 0x7c68b8df, L:/127.0.0.1:64390 - R:localhost/127.0.0.1:10889]
15:50:12.332 [Forwarding findChildElement on session 14f61660-7bcc-4279-b6a3-7163a94e0626 to remote] DEBUG o.a.netty.request.NettyRequestSender - Using pooled Channel '[id: 0x7c68b8df, L:/127.0.0.1:64390 - R:localhost/127.0.0.1:10889]' for 'POST' to 'http://localhost:10889/session/14f61660-7bcc-4279-b6a3-7163a94e0626/element/5b92afde-ba1c-472b-bbe1-490f661f4821/element'
15:50:12.332 [Forwarding findChildElement on session 14f61660-7bcc-4279-b6a3-7163a94e0626 to remote] DEBUG o.a.netty.request.NettyRequestSender - Using open Channel [id: 0x7c68b8df, L:/127.0.0.1:64390 - R:localhost/127.0.0.1:10889] for POST '/session/14f61660-7bcc-4279-b6a3-7163a94e0626/element/5b92afde-ba1c-472b-bbe1-490f661f4821/element'
15:50:12.335 [AsyncHttpClient-3-1] DEBUG o.a.netty.handler.HttpHandler - 

Request DefaultHttpRequest(decodeResult: success, version: HTTP/1.1)
POST /session/14f61660-7bcc-4279-b6a3-7163a94e0626/element/5b92afde-ba1c-472b-bbe1-490f661f4821/element HTTP/1.1
User-Agent: selenium/4.0.0-alpha-5 (java windows)
Content-Length: 103
Content-Type: application/json; charset=utf-8
host: localhost:10889
accept: */*

Response DefaultHttpResponse(decodeResult: success, version: HTTP/1.1)
HTTP/1.1 200 OK
content-type: application/json; charset=utf-8
cache-control: no-cache
content-length: 88
date: Thu, 25 Jun 2020 12:50:12 GMT

15:50:12.335 [AsyncHttpClient-3-1] DEBUG o.a.netty.channel.ChannelManager - Adding key: http://localhost:10889 for channel [id: 0x7c68b8df, L:/127.0.0.1:64390 - R:localhost/127.0.0.1:10889]
15:50:12.336 [Forwarding getElementText on session 14f61660-7bcc-4279-b6a3-7163a94e0626 to remote] DEBUG o.a.netty.request.NettyRequestSender - Using pooled Channel '[id: 0x7c68b8df, L:/127.0.0.1:64390 - R:localhost/127.0.0.1:10889]' for 'GET' to 'http://localhost:10889/session/14f61660-7bcc-4279-b6a3-7163a94e0626/element/a5c5b526-0837-456d-a94b-80857b2d073b/text'
15:50:12.336 [Forwarding getElementText on session 14f61660-7bcc-4279-b6a3-7163a94e0626 to remote] DEBUG o.a.netty.request.NettyRequestSender - Using open Channel [id: 0x7c68b8df, L:/127.0.0.1:64390 - R:localhost/127.0.0.1:10889] for GET '/session/14f61660-7bcc-4279-b6a3-7163a94e0626/element/a5c5b526-0837-456d-a94b-80857b2d073b/text'
15:50:12.340 [AsyncHttpClient-3-1] DEBUG o.a.netty.handler.HttpHandler - 

Request DefaultFullHttpRequest(decodeResult: success, version: HTTP/1.1, content: EmptyByteBufBE)
GET /session/14f61660-7bcc-4279-b6a3-7163a94e0626/element/a5c5b526-0837-456d-a94b-80857b2d073b/text HTTP/1.1
User-Agent: selenium/4.0.0-alpha-5 (java windows)
Cache-Control: no-cache
host: localhost:10889
accept: */*

Response DefaultHttpResponse(decodeResult: success, version: HTTP/1.1)
HTTP/1.1 200 OK
content-type: application/json; charset=utf-8
cache-control: no-cache
content-length: 45
date: Thu, 25 Jun 2020 12:50:12 GMT

15:50:12.340 [AsyncHttpClient-3-1] DEBUG o.a.netty.channel.ChannelManager - Adding key: http://localhost:10889 for channel [id: 0x7c68b8df, L:/127.0.0.1:64390 - R:localhost/127.0.0.1:10889]
15:50:12.341 [Forwarding findChildElement on session 14f61660-7bcc-4279-b6a3-7163a94e0626 to remote] DEBUG o.a.netty.request.NettyRequestSender - Using pooled Channel '[id: 0x7c68b8df, L:/127.0.0.1:64390 - R:localhost/127.0.0.1:10889]' for 'POST' to 'http://localhost:10889/session/14f61660-7bcc-4279-b6a3-7163a94e0626/element/5b92afde-ba1c-472b-bbe1-490f661f4821/element'
15:50:12.341 [Forwarding findChildElement on session 14f61660-7bcc-4279-b6a3-7163a94e0626 to remote] DEBUG o.a.netty.request.NettyRequestSender - Using open Channel [id: 0x7c68b8df, L:/127.0.0.1:64390 - R:localhost/127.0.0.1:10889] for POST '/session/14f61660-7bcc-4279-b6a3-7163a94e0626/element/5b92afde-ba1c-472b-bbe1-490f661f4821/element'
15:50:12.344 [AsyncHttpClient-3-1] DEBUG o.a.netty.handler.HttpHandler - 

Request DefaultHttpRequest(decodeResult: success, version: HTTP/1.1)
POST /session/14f61660-7bcc-4279-b6a3-7163a94e0626/element/5b92afde-ba1c-472b-bbe1-490f661f4821/element HTTP/1.1
User-Agent: selenium/4.0.0-alpha-5 (java windows)
Content-Length: 103
Content-Type: application/json; charset=utf-8
host: localhost:10889
accept: */*

Response DefaultHttpResponse(decodeResult: success, version: HTTP/1.1)
HTTP/1.1 200 OK
content-type: application/json; charset=utf-8
cache-control: no-cache
content-length: 88
date: Thu, 25 Jun 2020 12:50:12 GMT

15:50:12.344 [AsyncHttpClient-3-1] DEBUG o.a.netty.channel.ChannelManager - Adding key: http://localhost:10889 for channel [id: 0x7c68b8df, L:/127.0.0.1:64390 - R:localhost/127.0.0.1:10889]
15:50:12.345 [Forwarding getElementText on session 14f61660-7bcc-4279-b6a3-7163a94e0626 to remote] DEBUG o.a.netty.request.NettyRequestSender - Using pooled Channel '[id: 0x7c68b8df, L:/127.0.0.1:64390 - R:localhost/127.0.0.1:10889]' for 'GET' to 'http://localhost:10889/session/14f61660-7bcc-4279-b6a3-7163a94e0626/element/88ad8061-7ad0-43ae-920d-30c21ec3c1be/text'
15:50:12.345 [Forwarding getElementText on session 14f61660-7bcc-4279-b6a3-7163a94e0626 to remote] DEBUG o.a.netty.request.NettyRequestSender - Using open Channel [id: 0x7c68b8df, L:/127.0.0.1:64390 - R:localhost/127.0.0.1:10889] for GET '/session/14f61660-7bcc-4279-b6a3-7163a94e0626/element/88ad8061-7ad0-43ae-920d-30c21ec3c1be/text'
15:50:12.352 [AsyncHttpClient-3-1] DEBUG o.a.netty.handler.HttpHandler - 

Request DefaultFullHttpRequest(decodeResult: success, version: HTTP/1.1, content: EmptyByteBufBE)
GET /session/14f61660-7bcc-4279-b6a3-7163a94e0626/element/88ad8061-7ad0-43ae-920d-30c21ec3c1be/text HTTP/1.1
User-Agent: selenium/4.0.0-alpha-5 (java windows)
Cache-Control: no-cache
host: localhost:10889
accept: */*

Response DefaultHttpResponse(decodeResult: success, version: HTTP/1.1)
HTTP/1.1 200 OK
content-type: application/json; charset=utf-8
cache-control: no-cache
content-length: 57
date: Thu, 25 Jun 2020 12:50:12 GMT

15:50:12.352 [AsyncHttpClient-3-1] DEBUG o.a.netty.channel.ChannelManager - Adding key: http://localhost:10889 for channel [id: 0x7c68b8df, L:/127.0.0.1:64390 - R:localhost/127.0.0.1:10889]
15:50:12.352 [Forwarding findChildElement on session 14f61660-7bcc-4279-b6a3-7163a94e0626 to remote] DEBUG o.a.netty.request.NettyRequestSender - Using pooled Channel '[id: 0x7c68b8df, L:/127.0.0.1:64390 - R:localhost/127.0.0.1:10889]' for 'POST' to 'http://localhost:10889/session/14f61660-7bcc-4279-b6a3-7163a94e0626/element/5b92afde-ba1c-472b-bbe1-490f661f4821/element'
15:50:12.353 [Forwarding findChildElement on session 14f61660-7bcc-4279-b6a3-7163a94e0626 to remote] DEBUG o.a.netty.request.NettyRequestSender - Using open Channel [id: 0x7c68b8df, L:/127.0.0.1:64390 - R:localhost/127.0.0.1:10889] for POST '/session/14f61660-7bcc-4279-b6a3-7163a94e0626/element/5b92afde-ba1c-472b-bbe1-490f661f4821/element'
15:50:12.356 [AsyncHttpClient-3-1] DEBUG o.a.netty.handler.HttpHandler - 

Request DefaultHttpRequest(decodeResult: success, version: HTTP/1.1)
POST /session/14f61660-7bcc-4279-b6a3-7163a94e0626/element/5b92afde-ba1c-472b-bbe1-490f661f4821/element HTTP/1.1
User-Agent: selenium/4.0.0-alpha-5 (java windows)
Content-Length: 97
Content-Type: application/json; charset=utf-8
host: localhost:10889
accept: */*

Response DefaultHttpResponse(decodeResult: success, version: HTTP/1.1)
HTTP/1.1 200 OK
content-type: application/json; charset=utf-8
cache-control: no-cache
content-length: 88
date: Thu, 25 Jun 2020 12:50:12 GMT

15:50:12.356 [AsyncHttpClient-3-1] DEBUG o.a.netty.channel.ChannelManager - Adding key: http://localhost:10889 for channel [id: 0x7c68b8df, L:/127.0.0.1:64390 - R:localhost/127.0.0.1:10889]
15:50:12.359 [Forwarding getElementAttribute on session 14f61660-7bcc-4279-b6a3-7163a94e0626 to remote] DEBUG o.a.netty.request.NettyRequestSender - Using pooled Channel '[id: 0x7c68b8df, L:/127.0.0.1:64390 - R:localhost/127.0.0.1:10889]' for 'POST' to 'http://localhost:10889/session/14f61660-7bcc-4279-b6a3-7163a94e0626/execute/sync'
15:50:12.359 [Forwarding getElementAttribute on session 14f61660-7bcc-4279-b6a3-7163a94e0626 to remote] DEBUG o.a.netty.request.NettyRequestSender - Using open Channel [id: 0x7c68b8df, L:/127.0.0.1:64390 - R:localhost/127.0.0.1:10889] for POST '/session/14f61660-7bcc-4279-b6a3-7163a94e0626/execute/sync'
15:50:12.372 [AsyncHttpClient-3-1] DEBUG o.a.netty.handler.HttpHandler - 

Request DefaultHttpRequest(decodeResult: success, version: HTTP/1.1)
POST /session/14f61660-7bcc-4279-b6a3-7163a94e0626/execute/sync HTTP/1.1
User-Agent: selenium/4.0.0-alpha-5 (java windows)
Content-Length: 39635
Content-Type: application/json; charset=utf-8
host: localhost:10889
accept: */*

Response DefaultHttpResponse(decodeResult: success, version: HTTP/1.1)
HTTP/1.1 200 OK
content-type: application/json; charset=utf-8
cache-control: no-cache
content-length: 15
date: Thu, 25 Jun 2020 12:50:12 GMT

15:50:12.372 [AsyncHttpClient-3-1] DEBUG o.a.netty.channel.ChannelManager - Adding key: http://localhost:10889 for channel [id: 0x7c68b8df, L:/127.0.0.1:64390 - R:localhost/127.0.0.1:10889]
15:50:12.372 [Forwarding findChildElement on session 14f61660-7bcc-4279-b6a3-7163a94e0626 to remote] DEBUG o.a.netty.request.NettyRequestSender - Using pooled Channel '[id: 0x7c68b8df, L:/127.0.0.1:64390 - R:localhost/127.0.0.1:10889]' for 'POST' to 'http://localhost:10889/session/14f61660-7bcc-4279-b6a3-7163a94e0626/element/9f45395a-da0a-4370-9836-de49e327382c/element'
15:50:12.372 [Forwarding findChildElement on session 14f61660-7bcc-4279-b6a3-7163a94e0626 to remote] DEBUG o.a.netty.request.NettyRequestSender - Using open Channel [id: 0x7c68b8df, L:/127.0.0.1:64390 - R:localhost/127.0.0.1:10889] for POST '/session/14f61660-7bcc-4279-b6a3-7163a94e0626/element/9f45395a-da0a-4370-9836-de49e327382c/element'
15:50:12.377 [AsyncHttpClient-3-1] DEBUG o.a.netty.handler.HttpHandler - 

Request DefaultHttpRequest(decodeResult: success, version: HTTP/1.1)
POST /session/14f61660-7bcc-4279-b6a3-7163a94e0626/element/9f45395a-da0a-4370-9836-de49e327382c/element HTTP/1.1
User-Agent: selenium/4.0.0-alpha-5 (java windows)
Content-Length: 103
Content-Type: application/json; charset=utf-8
host: localhost:10889
accept: */*

Response DefaultHttpResponse(decodeResult: success, version: HTTP/1.1)
HTTP/1.1 200 OK
content-type: application/json; charset=utf-8
cache-control: no-cache
content-length: 88
date: Thu, 25 Jun 2020 12:50:12 GMT

15:50:12.377 [AsyncHttpClient-3-1] DEBUG o.a.netty.channel.ChannelManager - Adding key: http://localhost:10889 for channel [id: 0x7c68b8df, L:/127.0.0.1:64390 - R:localhost/127.0.0.1:10889]
15:50:12.378 [Forwarding getElementText on session 14f61660-7bcc-4279-b6a3-7163a94e0626 to remote] DEBUG o.a.netty.request.NettyRequestSender - Using pooled Channel '[id: 0x7c68b8df, L:/127.0.0.1:64390 - R:localhost/127.0.0.1:10889]' for 'GET' to 'http://localhost:10889/session/14f61660-7bcc-4279-b6a3-7163a94e0626/element/6ac46a6c-e79c-4b39-8577-ae114f0b7472/text'
15:50:12.378 [Forwarding getElementText on session 14f61660-7bcc-4279-b6a3-7163a94e0626 to remote] DEBUG o.a.netty.request.NettyRequestSender - Using open Channel [id: 0x7c68b8df, L:/127.0.0.1:64390 - R:localhost/127.0.0.1:10889] for GET '/session/14f61660-7bcc-4279-b6a3-7163a94e0626/element/6ac46a6c-e79c-4b39-8577-ae114f0b7472/text'
15:50:12.383 [AsyncHttpClient-3-1] DEBUG o.a.netty.handler.HttpHandler - 

Request DefaultFullHttpRequest(decodeResult: success, version: HTTP/1.1, content: EmptyByteBufBE)
GET /session/14f61660-7bcc-4279-b6a3-7163a94e0626/element/6ac46a6c-e79c-4b39-8577-ae114f0b7472/text HTTP/1.1
User-Agent: selenium/4.0.0-alpha-5 (java windows)
Cache-Control: no-cache
host: localhost:10889
accept: */*

Response DefaultHttpResponse(decodeResult: success, version: HTTP/1.1)
HTTP/1.1 200 OK
content-type: application/json; charset=utf-8
cache-control: no-cache
content-length: 18
date: Thu, 25 Jun 2020 12:50:12 GMT

15:50:12.383 [AsyncHttpClient-3-1] DEBUG o.a.netty.channel.ChannelManager - Adding key: http://localhost:10889 for channel [id: 0x7c68b8df, L:/127.0.0.1:64390 - R:localhost/127.0.0.1:10889]
15:50:12.383 [Forwarding findChildElement on session 14f61660-7bcc-4279-b6a3-7163a94e0626 to remote] DEBUG o.a.netty.request.NettyRequestSender - Using pooled Channel '[id: 0x7c68b8df, L:/127.0.0.1:64390 - R:localhost/127.0.0.1:10889]' for 'POST' to 'http://localhost:10889/session/14f61660-7bcc-4279-b6a3-7163a94e0626/element/9f45395a-da0a-4370-9836-de49e327382c/element'
15:50:12.383 [Forwarding findChildElement on session 14f61660-7bcc-4279-b6a3-7163a94e0626 to remote] DEBUG o.a.netty.request.NettyRequestSender - Using open Channel [id: 0x7c68b8df, L:/127.0.0.1:64390 - R:localhost/127.0.0.1:10889] for POST '/session/14f61660-7bcc-4279-b6a3-7163a94e0626/element/9f45395a-da0a-4370-9836-de49e327382c/element'
15:50:12.387 [AsyncHttpClient-3-1] DEBUG o.a.netty.handler.HttpHandler - 

Request DefaultHttpRequest(decodeResult: success, version: HTTP/1.1)
POST /session/14f61660-7bcc-4279-b6a3-7163a94e0626/element/9f45395a-da0a-4370-9836-de49e327382c/element HTTP/1.1
User-Agent: selenium/4.0.0-alpha-5 (java windows)
Content-Length: 103
Content-Type: application/json; charset=utf-8
host: localhost:10889
accept: */*

Response DefaultHttpResponse(decodeResult: success, version: HTTP/1.1)
HTTP/1.1 200 OK
content-type: application/json; charset=utf-8
cache-control: no-cache
content-length: 88
date: Thu, 25 Jun 2020 12:50:12 GMT

15:50:12.387 [AsyncHttpClient-3-1] DEBUG o.a.netty.channel.ChannelManager - Adding key: http://localhost:10889 for channel [id: 0x7c68b8df, L:/127.0.0.1:64390 - R:localhost/127.0.0.1:10889]
15:50:12.387 [Forwarding getElementText on session 14f61660-7bcc-4279-b6a3-7163a94e0626 to remote] DEBUG o.a.netty.request.NettyRequestSender - Using pooled Channel '[id: 0x7c68b8df, L:/127.0.0.1:64390 - R:localhost/127.0.0.1:10889]' for 'GET' to 'http://localhost:10889/session/14f61660-7bcc-4279-b6a3-7163a94e0626/element/bad6f18b-221e-40a7-b055-1605a64658d2/text'
15:50:12.387 [Forwarding getElementText on session 14f61660-7bcc-4279-b6a3-7163a94e0626 to remote] DEBUG o.a.netty.request.NettyRequestSender - Using open Channel [id: 0x7c68b8df, L:/127.0.0.1:64390 - R:localhost/127.0.0.1:10889] for GET '/session/14f61660-7bcc-4279-b6a3-7163a94e0626/element/bad6f18b-221e-40a7-b055-1605a64658d2/text'
15:50:12.391 [AsyncHttpClient-3-1] DEBUG o.a.netty.handler.HttpHandler - 

Request DefaultFullHttpRequest(decodeResult: success, version: HTTP/1.1, content: EmptyByteBufBE)
GET /session/14f61660-7bcc-4279-b6a3-7163a94e0626/element/bad6f18b-221e-40a7-b055-1605a64658d2/text HTTP/1.1
User-Agent: selenium/4.0.0-alpha-5 (java windows)
Cache-Control: no-cache
host: localhost:10889
accept: */*

Response DefaultHttpResponse(decodeResult: success, version: HTTP/1.1)
HTTP/1.1 200 OK
content-type: application/json; charset=utf-8
cache-control: no-cache
content-length: 22
date: Thu, 25 Jun 2020 12:50:12 GMT

15:50:12.392 [AsyncHttpClient-3-1] DEBUG o.a.netty.channel.ChannelManager - Adding key: http://localhost:10889 for channel [id: 0x7c68b8df, L:/127.0.0.1:64390 - R:localhost/127.0.0.1:10889]
15:50:12.392 [Forwarding findChildElement on session 14f61660-7bcc-4279-b6a3-7163a94e0626 to remote] DEBUG o.a.netty.request.NettyRequestSender - Using pooled Channel '[id: 0x7c68b8df, L:/127.0.0.1:64390 - R:localhost/127.0.0.1:10889]' for 'POST' to 'http://localhost:10889/session/14f61660-7bcc-4279-b6a3-7163a94e0626/element/9f45395a-da0a-4370-9836-de49e327382c/element'
15:50:12.392 [Forwarding findChildElement on session 14f61660-7bcc-4279-b6a3-7163a94e0626 to remote] DEBUG o.a.netty.request.NettyRequestSender - Using open Channel [id: 0x7c68b8df, L:/127.0.0.1:64390 - R:localhost/127.0.0.1:10889] for POST '/session/14f61660-7bcc-4279-b6a3-7163a94e0626/element/9f45395a-da0a-4370-9836-de49e327382c/element'
15:50:12.395 [AsyncHttpClient-3-1] DEBUG o.a.netty.handler.HttpHandler - 

Request DefaultHttpRequest(decodeResult: success, version: HTTP/1.1)
POST /session/14f61660-7bcc-4279-b6a3-7163a94e0626/element/9f45395a-da0a-4370-9836-de49e327382c/element HTTP/1.1
User-Agent: selenium/4.0.0-alpha-5 (java windows)
Content-Length: 103
Content-Type: application/json; charset=utf-8
host: localhost:10889
accept: */*

Response DefaultHttpResponse(decodeResult: success, version: HTTP/1.1)
HTTP/1.1 200 OK
content-type: application/json; charset=utf-8
cache-control: no-cache
content-length: 88
date: Thu, 25 Jun 2020 12:50:12 GMT

15:50:12.396 [AsyncHttpClient-3-1] DEBUG o.a.netty.channel.ChannelManager - Adding key: http://localhost:10889 for channel [id: 0x7c68b8df, L:/127.0.0.1:64390 - R:localhost/127.0.0.1:10889]
15:50:12.396 [Forwarding getElementText on session 14f61660-7bcc-4279-b6a3-7163a94e0626 to remote] DEBUG o.a.netty.request.NettyRequestSender - Using pooled Channel '[id: 0x7c68b8df, L:/127.0.0.1:64390 - R:localhost/127.0.0.1:10889]' for 'GET' to 'http://localhost:10889/session/14f61660-7bcc-4279-b6a3-7163a94e0626/element/2a2382f4-2486-4a85-9fc4-0652c249ac8e/text'
15:50:12.396 [Forwarding getElementText on session 14f61660-7bcc-4279-b6a3-7163a94e0626 to remote] DEBUG o.a.netty.request.NettyRequestSender - Using open Channel [id: 0x7c68b8df, L:/127.0.0.1:64390 - R:localhost/127.0.0.1:10889] for GET '/session/14f61660-7bcc-4279-b6a3-7163a94e0626/element/2a2382f4-2486-4a85-9fc4-0652c249ac8e/text'
15:50:12.400 [AsyncHttpClient-3-1] DEBUG o.a.netty.handler.HttpHandler - 

Request DefaultFullHttpRequest(decodeResult: success, version: HTTP/1.1, content: EmptyByteBufBE)
GET /session/14f61660-7bcc-4279-b6a3-7163a94e0626/element/2a2382f4-2486-4a85-9fc4-0652c249ac8e/text HTTP/1.1
User-Agent: selenium/4.0.0-alpha-5 (java windows)
Cache-Control: no-cache
host: localhost:10889
accept: */*

Response DefaultHttpResponse(decodeResult: success, version: HTTP/1.1)
HTTP/1.1 200 OK
content-type: application/json; charset=utf-8
cache-control: no-cache
content-length: 21
date: Thu, 25 Jun 2020 12:50:12 GMT

15:50:12.400 [AsyncHttpClient-3-1] DEBUG o.a.netty.channel.ChannelManager - Adding key: http://localhost:10889 for channel [id: 0x7c68b8df, L:/127.0.0.1:64390 - R:localhost/127.0.0.1:10889]
15:50:12.401 [Forwarding findChildElement on session 14f61660-7bcc-4279-b6a3-7163a94e0626 to remote] DEBUG o.a.netty.request.NettyRequestSender - Using pooled Channel '[id: 0x7c68b8df, L:/127.0.0.1:64390 - R:localhost/127.0.0.1:10889]' for 'POST' to 'http://localhost:10889/session/14f61660-7bcc-4279-b6a3-7163a94e0626/element/9f45395a-da0a-4370-9836-de49e327382c/element'
15:50:12.401 [Forwarding findChildElement on session 14f61660-7bcc-4279-b6a3-7163a94e0626 to remote] DEBUG o.a.netty.request.NettyRequestSender - Using open Channel [id: 0x7c68b8df, L:/127.0.0.1:64390 - R:localhost/127.0.0.1:10889] for POST '/session/14f61660-7bcc-4279-b6a3-7163a94e0626/element/9f45395a-da0a-4370-9836-de49e327382c/element'
15:50:12.404 [AsyncHttpClient-3-1] DEBUG o.a.netty.handler.HttpHandler - 

Request DefaultHttpRequest(decodeResult: success, version: HTTP/1.1)
POST /session/14f61660-7bcc-4279-b6a3-7163a94e0626/element/9f45395a-da0a-4370-9836-de49e327382c/element HTTP/1.1
User-Agent: selenium/4.0.0-alpha-5 (java windows)
Content-Length: 103
Content-Type: application/json; charset=utf-8
host: localhost:10889
accept: */*

Response DefaultHttpResponse(decodeResult: success, version: HTTP/1.1)
HTTP/1.1 200 OK
content-type: application/json; charset=utf-8
cache-control: no-cache
content-length: 88
date: Thu, 25 Jun 2020 12:50:12 GMT

15:50:12.404 [AsyncHttpClient-3-1] DEBUG o.a.netty.channel.ChannelManager - Adding key: http://localhost:10889 for channel [id: 0x7c68b8df, L:/127.0.0.1:64390 - R:localhost/127.0.0.1:10889]
15:50:12.405 [Forwarding getElementText on session 14f61660-7bcc-4279-b6a3-7163a94e0626 to remote] DEBUG o.a.netty.request.NettyRequestSender - Using pooled Channel '[id: 0x7c68b8df, L:/127.0.0.1:64390 - R:localhost/127.0.0.1:10889]' for 'GET' to 'http://localhost:10889/session/14f61660-7bcc-4279-b6a3-7163a94e0626/element/932bbd17-b15f-4448-b214-e4a5d5ba7460/text'
15:50:12.405 [Forwarding getElementText on session 14f61660-7bcc-4279-b6a3-7163a94e0626 to remote] DEBUG o.a.netty.request.NettyRequestSender - Using open Channel [id: 0x7c68b8df, L:/127.0.0.1:64390 - R:localhost/127.0.0.1:10889] for GET '/session/14f61660-7bcc-4279-b6a3-7163a94e0626/element/932bbd17-b15f-4448-b214-e4a5d5ba7460/text'
15:50:12.412 [AsyncHttpClient-3-1] DEBUG o.a.netty.handler.HttpHandler - 

Request DefaultFullHttpRequest(decodeResult: success, version: HTTP/1.1, content: EmptyByteBufBE)
GET /session/14f61660-7bcc-4279-b6a3-7163a94e0626/element/932bbd17-b15f-4448-b214-e4a5d5ba7460/text HTTP/1.1
User-Agent: selenium/4.0.0-alpha-5 (java windows)
Cache-Control: no-cache
host: localhost:10889
accept: */*

Response DefaultHttpResponse(decodeResult: success, version: HTTP/1.1)
HTTP/1.1 200 OK
content-type: application/json; charset=utf-8
cache-control: no-cache
content-length: 45
date: Thu, 25 Jun 2020 12:50:12 GMT

15:50:12.412 [AsyncHttpClient-3-1] DEBUG o.a.netty.channel.ChannelManager - Adding key: http://localhost:10889 for channel [id: 0x7c68b8df, L:/127.0.0.1:64390 - R:localhost/127.0.0.1:10889]
15:50:12.413 [Forwarding findChildElement on session 14f61660-7bcc-4279-b6a3-7163a94e0626 to remote] DEBUG o.a.netty.request.NettyRequestSender - Using pooled Channel '[id: 0x7c68b8df, L:/127.0.0.1:64390 - R:localhost/127.0.0.1:10889]' for 'POST' to 'http://localhost:10889/session/14f61660-7bcc-4279-b6a3-7163a94e0626/element/9f45395a-da0a-4370-9836-de49e327382c/element'
15:50:12.413 [Forwarding findChildElement on session 14f61660-7bcc-4279-b6a3-7163a94e0626 to remote] DEBUG o.a.netty.request.NettyRequestSender - Using open Channel [id: 0x7c68b8df, L:/127.0.0.1:64390 - R:localhost/127.0.0.1:10889] for POST '/session/14f61660-7bcc-4279-b6a3-7163a94e0626/element/9f45395a-da0a-4370-9836-de49e327382c/element'
15:50:12.417 [AsyncHttpClient-3-1] DEBUG o.a.netty.handler.HttpHandler - 

Request DefaultHttpRequest(decodeResult: success, version: HTTP/1.1)
POST /session/14f61660-7bcc-4279-b6a3-7163a94e0626/element/9f45395a-da0a-4370-9836-de49e327382c/element HTTP/1.1
User-Agent: selenium/4.0.0-alpha-5 (java windows)
Content-Length: 103
Content-Type: application/json; charset=utf-8
host: localhost:10889
accept: */*

Response DefaultHttpResponse(decodeResult: success, version: HTTP/1.1)
HTTP/1.1 200 OK
content-type: application/json; charset=utf-8
cache-control: no-cache
content-length: 88
date: Thu, 25 Jun 2020 12:50:12 GMT

15:50:12.417 [AsyncHttpClient-3-1] DEBUG o.a.netty.channel.ChannelManager - Adding key: http://localhost:10889 for channel [id: 0x7c68b8df, L:/127.0.0.1:64390 - R:localhost/127.0.0.1:10889]
15:50:12.417 [Forwarding getElementText on session 14f61660-7bcc-4279-b6a3-7163a94e0626 to remote] DEBUG o.a.netty.request.NettyRequestSender - Using pooled Channel '[id: 0x7c68b8df, L:/127.0.0.1:64390 - R:localhost/127.0.0.1:10889]' for 'GET' to 'http://localhost:10889/session/14f61660-7bcc-4279-b6a3-7163a94e0626/element/b688033f-0601-42b0-ba2d-48dd774f09b9/text'
15:50:12.418 [Forwarding getElementText on session 14f61660-7bcc-4279-b6a3-7163a94e0626 to remote] DEBUG o.a.netty.request.NettyRequestSender - Using open Channel [id: 0x7c68b8df, L:/127.0.0.1:64390 - R:localhost/127.0.0.1:10889] for GET '/session/14f61660-7bcc-4279-b6a3-7163a94e0626/element/b688033f-0601-42b0-ba2d-48dd774f09b9/text'
15:50:12.424 [AsyncHttpClient-3-1] DEBUG o.a.netty.handler.HttpHandler - 

Request DefaultFullHttpRequest(decodeResult: success, version: HTTP/1.1, content: EmptyByteBufBE)
GET /session/14f61660-7bcc-4279-b6a3-7163a94e0626/element/b688033f-0601-42b0-ba2d-48dd774f09b9/text HTTP/1.1
User-Agent: selenium/4.0.0-alpha-5 (java windows)
Cache-Control: no-cache
host: localhost:10889
accept: */*

Response DefaultHttpResponse(decodeResult: success, version: HTTP/1.1)
HTTP/1.1 200 OK
content-type: application/json; charset=utf-8
cache-control: no-cache
content-length: 57
date: Thu, 25 Jun 2020 12:50:12 GMT

15:50:12.424 [AsyncHttpClient-3-1] DEBUG o.a.netty.channel.ChannelManager - Adding key: http://localhost:10889 for channel [id: 0x7c68b8df, L:/127.0.0.1:64390 - R:localhost/127.0.0.1:10889]
15:50:12.425 [Forwarding findChildElement on session 14f61660-7bcc-4279-b6a3-7163a94e0626 to remote] DEBUG o.a.netty.request.NettyRequestSender - Using pooled Channel '[id: 0x7c68b8df, L:/127.0.0.1:64390 - R:localhost/127.0.0.1:10889]' for 'POST' to 'http://localhost:10889/session/14f61660-7bcc-4279-b6a3-7163a94e0626/element/9f45395a-da0a-4370-9836-de49e327382c/element'
15:50:12.425 [Forwarding findChildElement on session 14f61660-7bcc-4279-b6a3-7163a94e0626 to remote] DEBUG o.a.netty.request.NettyRequestSender - Using open Channel [id: 0x7c68b8df, L:/127.0.0.1:64390 - R:localhost/127.0.0.1:10889] for POST '/session/14f61660-7bcc-4279-b6a3-7163a94e0626/element/9f45395a-da0a-4370-9836-de49e327382c/element'
15:50:12.428 [AsyncHttpClient-3-1] DEBUG o.a.netty.handler.HttpHandler - 

Request DefaultHttpRequest(decodeResult: success, version: HTTP/1.1)
POST /session/14f61660-7bcc-4279-b6a3-7163a94e0626/element/9f45395a-da0a-4370-9836-de49e327382c/element HTTP/1.1
User-Agent: selenium/4.0.0-alpha-5 (java windows)
Content-Length: 97
Content-Type: application/json; charset=utf-8
host: localhost:10889
accept: */*

Response DefaultHttpResponse(decodeResult: success, version: HTTP/1.1)
HTTP/1.1 200 OK
content-type: application/json; charset=utf-8
cache-control: no-cache
content-length: 88
date: Thu, 25 Jun 2020 12:50:12 GMT

15:50:12.428 [AsyncHttpClient-3-1] DEBUG o.a.netty.channel.ChannelManager - Adding key: http://localhost:10889 for channel [id: 0x7c68b8df, L:/127.0.0.1:64390 - R:localhost/127.0.0.1:10889]
15:50:12.431 [Forwarding getElementAttribute on session 14f61660-7bcc-4279-b6a3-7163a94e0626 to remote] DEBUG o.a.netty.request.NettyRequestSender - Using pooled Channel '[id: 0x7c68b8df, L:/127.0.0.1:64390 - R:localhost/127.0.0.1:10889]' for 'POST' to 'http://localhost:10889/session/14f61660-7bcc-4279-b6a3-7163a94e0626/execute/sync'
15:50:12.431 [Forwarding getElementAttribute on session 14f61660-7bcc-4279-b6a3-7163a94e0626 to remote] DEBUG o.a.netty.request.NettyRequestSender - Using open Channel [id: 0x7c68b8df, L:/127.0.0.1:64390 - R:localhost/127.0.0.1:10889] for POST '/session/14f61660-7bcc-4279-b6a3-7163a94e0626/execute/sync'
15:50:12.444 [AsyncHttpClient-3-1] DEBUG o.a.netty.handler.HttpHandler - 

Request DefaultHttpRequest(decodeResult: success, version: HTTP/1.1)
POST /session/14f61660-7bcc-4279-b6a3-7163a94e0626/execute/sync HTTP/1.1
User-Agent: selenium/4.0.0-alpha-5 (java windows)
Content-Length: 39635
Content-Type: application/json; charset=utf-8
host: localhost:10889
accept: */*

Response DefaultHttpResponse(decodeResult: success, version: HTTP/1.1)
HTTP/1.1 200 OK
content-type: application/json; charset=utf-8
cache-control: no-cache
content-length: 15
date: Thu, 25 Jun 2020 12:50:12 GMT

15:50:12.444 [AsyncHttpClient-3-1] DEBUG o.a.netty.channel.ChannelManager - Adding key: http://localhost:10889 for channel [id: 0x7c68b8df, L:/127.0.0.1:64390 - R:localhost/127.0.0.1:10889]
15:50:12.444 [Forwarding findChildElement on session 14f61660-7bcc-4279-b6a3-7163a94e0626 to remote] DEBUG o.a.netty.request.NettyRequestSender - Using pooled Channel '[id: 0x7c68b8df, L:/127.0.0.1:64390 - R:localhost/127.0.0.1:10889]' for 'POST' to 'http://localhost:10889/session/14f61660-7bcc-4279-b6a3-7163a94e0626/element/1b52b062-ea30-4b20-8b7e-f650d9d8ef1b/element'
15:50:12.445 [Forwarding findChildElement on session 14f61660-7bcc-4279-b6a3-7163a94e0626 to remote] DEBUG o.a.netty.request.NettyRequestSender - Using open Channel [id: 0x7c68b8df, L:/127.0.0.1:64390 - R:localhost/127.0.0.1:10889] for POST '/session/14f61660-7bcc-4279-b6a3-7163a94e0626/element/1b52b062-ea30-4b20-8b7e-f650d9d8ef1b/element'
15:50:12.448 [AsyncHttpClient-3-1] DEBUG o.a.netty.handler.HttpHandler - 

Request DefaultHttpRequest(decodeResult: success, version: HTTP/1.1)
POST /session/14f61660-7bcc-4279-b6a3-7163a94e0626/element/1b52b062-ea30-4b20-8b7e-f650d9d8ef1b/element HTTP/1.1
User-Agent: selenium/4.0.0-alpha-5 (java windows)
Content-Length: 103
Content-Type: application/json; charset=utf-8
host: localhost:10889
accept: */*

Response DefaultHttpResponse(decodeResult: success, version: HTTP/1.1)
HTTP/1.1 200 OK
content-type: application/json; charset=utf-8
cache-control: no-cache
content-length: 88
date: Thu, 25 Jun 2020 12:50:12 GMT

15:50:12.448 [AsyncHttpClient-3-1] DEBUG o.a.netty.channel.ChannelManager - Adding key: http://localhost:10889 for channel [id: 0x7c68b8df, L:/127.0.0.1:64390 - R:localhost/127.0.0.1:10889]
15:50:12.449 [Forwarding getElementText on session 14f61660-7bcc-4279-b6a3-7163a94e0626 to remote] DEBUG o.a.netty.request.NettyRequestSender - Using pooled Channel '[id: 0x7c68b8df, L:/127.0.0.1:64390 - R:localhost/127.0.0.1:10889]' for 'GET' to 'http://localhost:10889/session/14f61660-7bcc-4279-b6a3-7163a94e0626/element/eb5b0f6c-2da4-4c8e-a116-6cb3a15f061a/text'
15:50:12.449 [Forwarding getElementText on session 14f61660-7bcc-4279-b6a3-7163a94e0626 to remote] DEBUG o.a.netty.request.NettyRequestSender - Using open Channel [id: 0x7c68b8df, L:/127.0.0.1:64390 - R:localhost/127.0.0.1:10889] for GET '/session/14f61660-7bcc-4279-b6a3-7163a94e0626/element/eb5b0f6c-2da4-4c8e-a116-6cb3a15f061a/text'
15:50:12.453 [AsyncHttpClient-3-1] DEBUG o.a.netty.handler.HttpHandler - 

Request DefaultFullHttpRequest(decodeResult: success, version: HTTP/1.1, content: EmptyByteBufBE)
GET /session/14f61660-7bcc-4279-b6a3-7163a94e0626/element/eb5b0f6c-2da4-4c8e-a116-6cb3a15f061a/text HTTP/1.1
User-Agent: selenium/4.0.0-alpha-5 (java windows)
Cache-Control: no-cache
host: localhost:10889
accept: */*

Response DefaultHttpResponse(decodeResult: success, version: HTTP/1.1)
HTTP/1.1 200 OK
content-type: application/json; charset=utf-8
cache-control: no-cache
content-length: 18
date: Thu, 25 Jun 2020 12:50:12 GMT

15:50:12.453 [AsyncHttpClient-3-1] DEBUG o.a.netty.channel.ChannelManager - Adding key: http://localhost:10889 for channel [id: 0x7c68b8df, L:/127.0.0.1:64390 - R:localhost/127.0.0.1:10889]
15:50:12.454 [Forwarding findChildElement on session 14f61660-7bcc-4279-b6a3-7163a94e0626 to remote] DEBUG o.a.netty.request.NettyRequestSender - Using pooled Channel '[id: 0x7c68b8df, L:/127.0.0.1:64390 - R:localhost/127.0.0.1:10889]' for 'POST' to 'http://localhost:10889/session/14f61660-7bcc-4279-b6a3-7163a94e0626/element/1b52b062-ea30-4b20-8b7e-f650d9d8ef1b/element'
15:50:12.454 [Forwarding findChildElement on session 14f61660-7bcc-4279-b6a3-7163a94e0626 to remote] DEBUG o.a.netty.request.NettyRequestSender - Using open Channel [id: 0x7c68b8df, L:/127.0.0.1:64390 - R:localhost/127.0.0.1:10889] for POST '/session/14f61660-7bcc-4279-b6a3-7163a94e0626/element/1b52b062-ea30-4b20-8b7e-f650d9d8ef1b/element'
15:50:12.457 [AsyncHttpClient-3-1] DEBUG o.a.netty.handler.HttpHandler - 

Request DefaultHttpRequest(decodeResult: success, version: HTTP/1.1)
POST /session/14f61660-7bcc-4279-b6a3-7163a94e0626/element/1b52b062-ea30-4b20-8b7e-f650d9d8ef1b/element HTTP/1.1
User-Agent: selenium/4.0.0-alpha-5 (java windows)
Content-Length: 103
Content-Type: application/json; charset=utf-8
host: localhost:10889
accept: */*

Response DefaultHttpResponse(decodeResult: success, version: HTTP/1.1)
HTTP/1.1 200 OK
content-type: application/json; charset=utf-8
cache-control: no-cache
content-length: 88
date: Thu, 25 Jun 2020 12:50:12 GMT

15:50:12.458 [AsyncHttpClient-3-1] DEBUG o.a.netty.channel.ChannelManager - Adding key: http://localhost:10889 for channel [id: 0x7c68b8df, L:/127.0.0.1:64390 - R:localhost/127.0.0.1:10889]
15:50:12.458 [Forwarding getElementText on session 14f61660-7bcc-4279-b6a3-7163a94e0626 to remote] DEBUG o.a.netty.request.NettyRequestSender - Using pooled Channel '[id: 0x7c68b8df, L:/127.0.0.1:64390 - R:localhost/127.0.0.1:10889]' for 'GET' to 'http://localhost:10889/session/14f61660-7bcc-4279-b6a3-7163a94e0626/element/2d920d50-872f-431b-8481-475cf0acdeea/text'
15:50:12.458 [Forwarding getElementText on session 14f61660-7bcc-4279-b6a3-7163a94e0626 to remote] DEBUG o.a.netty.request.NettyRequestSender - Using open Channel [id: 0x7c68b8df, L:/127.0.0.1:64390 - R:localhost/127.0.0.1:10889] for GET '/session/14f61660-7bcc-4279-b6a3-7163a94e0626/element/2d920d50-872f-431b-8481-475cf0acdeea/text'
15:50:12.463 [AsyncHttpClient-3-1] DEBUG o.a.netty.handler.HttpHandler - 

Request DefaultFullHttpRequest(decodeResult: success, version: HTTP/1.1, content: EmptyByteBufBE)
GET /session/14f61660-7bcc-4279-b6a3-7163a94e0626/element/2d920d50-872f-431b-8481-475cf0acdeea/text HTTP/1.1
User-Agent: selenium/4.0.0-alpha-5 (java windows)
Cache-Control: no-cache
host: localhost:10889
accept: */*

Response DefaultHttpResponse(decodeResult: success, version: HTTP/1.1)
HTTP/1.1 200 OK
content-type: application/json; charset=utf-8
cache-control: no-cache
content-length: 22
date: Thu, 25 Jun 2020 12:50:12 GMT

15:50:12.463 [AsyncHttpClient-3-1] DEBUG o.a.netty.channel.ChannelManager - Adding key: http://localhost:10889 for channel [id: 0x7c68b8df, L:/127.0.0.1:64390 - R:localhost/127.0.0.1:10889]
15:50:12.464 [Forwarding findChildElement on session 14f61660-7bcc-4279-b6a3-7163a94e0626 to remote] DEBUG o.a.netty.request.NettyRequestSender - Using pooled Channel '[id: 0x7c68b8df, L:/127.0.0.1:64390 - R:localhost/127.0.0.1:10889]' for 'POST' to 'http://localhost:10889/session/14f61660-7bcc-4279-b6a3-7163a94e0626/element/1b52b062-ea30-4b20-8b7e-f650d9d8ef1b/element'
15:50:12.464 [Forwarding findChildElement on session 14f61660-7bcc-4279-b6a3-7163a94e0626 to remote] DEBUG o.a.netty.request.NettyRequestSender - Using open Channel [id: 0x7c68b8df, L:/127.0.0.1:64390 - R:localhost/127.0.0.1:10889] for POST '/session/14f61660-7bcc-4279-b6a3-7163a94e0626/element/1b52b062-ea30-4b20-8b7e-f650d9d8ef1b/element'
15:50:12.467 [AsyncHttpClient-3-1] DEBUG o.a.netty.handler.HttpHandler - 

Request DefaultHttpRequest(decodeResult: success, version: HTTP/1.1)
POST /session/14f61660-7bcc-4279-b6a3-7163a94e0626/element/1b52b062-ea30-4b20-8b7e-f650d9d8ef1b/element HTTP/1.1
User-Agent: selenium/4.0.0-alpha-5 (java windows)
Content-Length: 103
Content-Type: application/json; charset=utf-8
host: localhost:10889
accept: */*

Response DefaultHttpResponse(decodeResult: success, version: HTTP/1.1)
HTTP/1.1 200 OK
content-type: application/json; charset=utf-8
cache-control: no-cache
content-length: 88
date: Thu, 25 Jun 2020 12:50:12 GMT

15:50:12.467 [AsyncHttpClient-3-1] DEBUG o.a.netty.channel.ChannelManager - Adding key: http://localhost:10889 for channel [id: 0x7c68b8df, L:/127.0.0.1:64390 - R:localhost/127.0.0.1:10889]
15:50:12.468 [Forwarding getElementText on session 14f61660-7bcc-4279-b6a3-7163a94e0626 to remote] DEBUG o.a.netty.request.NettyRequestSender - Using pooled Channel '[id: 0x7c68b8df, L:/127.0.0.1:64390 - R:localhost/127.0.0.1:10889]' for 'GET' to 'http://localhost:10889/session/14f61660-7bcc-4279-b6a3-7163a94e0626/element/9fff48ea-624d-4e44-a98b-3abf6210a49b/text'
15:50:12.468 [Forwarding getElementText on session 14f61660-7bcc-4279-b6a3-7163a94e0626 to remote] DEBUG o.a.netty.request.NettyRequestSender - Using open Channel [id: 0x7c68b8df, L:/127.0.0.1:64390 - R:localhost/127.0.0.1:10889] for GET '/session/14f61660-7bcc-4279-b6a3-7163a94e0626/element/9fff48ea-624d-4e44-a98b-3abf6210a49b/text'
15:50:12.476 [AsyncHttpClient-3-1] DEBUG o.a.netty.handler.HttpHandler - 

Request DefaultFullHttpRequest(decodeResult: success, version: HTTP/1.1, content: EmptyByteBufBE)
GET /session/14f61660-7bcc-4279-b6a3-7163a94e0626/element/9fff48ea-624d-4e44-a98b-3abf6210a49b/text HTTP/1.1
User-Agent: selenium/4.0.0-alpha-5 (java windows)
Cache-Control: no-cache
host: localhost:10889
accept: */*

Response DefaultHttpResponse(decodeResult: success, version: HTTP/1.1)
HTTP/1.1 200 OK
content-type: application/json; charset=utf-8
cache-control: no-cache
content-length: 21
date: Thu, 25 Jun 2020 12:50:12 GMT

15:50:12.476 [AsyncHttpClient-3-1] DEBUG o.a.netty.channel.ChannelManager - Adding key: http://localhost:10889 for channel [id: 0x7c68b8df, L:/127.0.0.1:64390 - R:localhost/127.0.0.1:10889]
15:50:12.476 [Forwarding findChildElement on session 14f61660-7bcc-4279-b6a3-7163a94e0626 to remote] DEBUG o.a.netty.request.NettyRequestSender - Using pooled Channel '[id: 0x7c68b8df, L:/127.0.0.1:64390 - R:localhost/127.0.0.1:10889]' for 'POST' to 'http://localhost:10889/session/14f61660-7bcc-4279-b6a3-7163a94e0626/element/1b52b062-ea30-4b20-8b7e-f650d9d8ef1b/element'
15:50:12.476 [Forwarding findChildElement on session 14f61660-7bcc-4279-b6a3-7163a94e0626 to remote] DEBUG o.a.netty.request.NettyRequestSender - Using open Channel [id: 0x7c68b8df, L:/127.0.0.1:64390 - R:localhost/127.0.0.1:10889] for POST '/session/14f61660-7bcc-4279-b6a3-7163a94e0626/element/1b52b062-ea30-4b20-8b7e-f650d9d8ef1b/element'
15:50:12.480 [AsyncHttpClient-3-1] DEBUG o.a.netty.handler.HttpHandler - 

Request DefaultHttpRequest(decodeResult: success, version: HTTP/1.1)
POST /session/14f61660-7bcc-4279-b6a3-7163a94e0626/element/1b52b062-ea30-4b20-8b7e-f650d9d8ef1b/element HTTP/1.1
User-Agent: selenium/4.0.0-alpha-5 (java windows)
Content-Length: 103
Content-Type: application/json; charset=utf-8
host: localhost:10889
accept: */*

Response DefaultHttpResponse(decodeResult: success, version: HTTP/1.1)
HTTP/1.1 200 OK
content-type: application/json; charset=utf-8
cache-control: no-cache
content-length: 88
date: Thu, 25 Jun 2020 12:50:12 GMT

15:50:12.480 [AsyncHttpClient-3-1] DEBUG o.a.netty.channel.ChannelManager - Adding key: http://localhost:10889 for channel [id: 0x7c68b8df, L:/127.0.0.1:64390 - R:localhost/127.0.0.1:10889]
15:50:12.480 [Forwarding getElementText on session 14f61660-7bcc-4279-b6a3-7163a94e0626 to remote] DEBUG o.a.netty.request.NettyRequestSender - Using pooled Channel '[id: 0x7c68b8df, L:/127.0.0.1:64390 - R:localhost/127.0.0.1:10889]' for 'GET' to 'http://localhost:10889/session/14f61660-7bcc-4279-b6a3-7163a94e0626/element/98c0b5ad-20bb-497a-8227-8841a73b8516/text'
15:50:12.480 [Forwarding getElementText on session 14f61660-7bcc-4279-b6a3-7163a94e0626 to remote] DEBUG o.a.netty.request.NettyRequestSender - Using open Channel [id: 0x7c68b8df, L:/127.0.0.1:64390 - R:localhost/127.0.0.1:10889] for GET '/session/14f61660-7bcc-4279-b6a3-7163a94e0626/element/98c0b5ad-20bb-497a-8227-8841a73b8516/text'
15:50:12.484 [AsyncHttpClient-3-1] DEBUG o.a.netty.handler.HttpHandler - 

Request DefaultFullHttpRequest(decodeResult: success, version: HTTP/1.1, content: EmptyByteBufBE)
GET /session/14f61660-7bcc-4279-b6a3-7163a94e0626/element/98c0b5ad-20bb-497a-8227-8841a73b8516/text HTTP/1.1
User-Agent: selenium/4.0.0-alpha-5 (java windows)
Cache-Control: no-cache
host: localhost:10889
accept: */*

Response DefaultHttpResponse(decodeResult: success, version: HTTP/1.1)
HTTP/1.1 200 OK
content-type: application/json; charset=utf-8
cache-control: no-cache
content-length: 45
date: Thu, 25 Jun 2020 12:50:12 GMT

15:50:12.484 [AsyncHttpClient-3-1] DEBUG o.a.netty.channel.ChannelManager - Adding key: http://localhost:10889 for channel [id: 0x7c68b8df, L:/127.0.0.1:64390 - R:localhost/127.0.0.1:10889]
15:50:12.485 [Forwarding findChildElement on session 14f61660-7bcc-4279-b6a3-7163a94e0626 to remote] DEBUG o.a.netty.request.NettyRequestSender - Using pooled Channel '[id: 0x7c68b8df, L:/127.0.0.1:64390 - R:localhost/127.0.0.1:10889]' for 'POST' to 'http://localhost:10889/session/14f61660-7bcc-4279-b6a3-7163a94e0626/element/1b52b062-ea30-4b20-8b7e-f650d9d8ef1b/element'
15:50:12.485 [Forwarding findChildElement on session 14f61660-7bcc-4279-b6a3-7163a94e0626 to remote] DEBUG o.a.netty.request.NettyRequestSender - Using open Channel [id: 0x7c68b8df, L:/127.0.0.1:64390 - R:localhost/127.0.0.1:10889] for POST '/session/14f61660-7bcc-4279-b6a3-7163a94e0626/element/1b52b062-ea30-4b20-8b7e-f650d9d8ef1b/element'
15:50:12.488 [AsyncHttpClient-3-1] DEBUG o.a.netty.handler.HttpHandler - 

Request DefaultHttpRequest(decodeResult: success, version: HTTP/1.1)
POST /session/14f61660-7bcc-4279-b6a3-7163a94e0626/element/1b52b062-ea30-4b20-8b7e-f650d9d8ef1b/element HTTP/1.1
User-Agent: selenium/4.0.0-alpha-5 (java windows)
Content-Length: 103
Content-Type: application/json; charset=utf-8
host: localhost:10889
accept: */*

Response DefaultHttpResponse(decodeResult: success, version: HTTP/1.1)
HTTP/1.1 200 OK
content-type: application/json; charset=utf-8
cache-control: no-cache
content-length: 88
date: Thu, 25 Jun 2020 12:50:12 GMT

15:50:12.489 [AsyncHttpClient-3-1] DEBUG o.a.netty.channel.ChannelManager - Adding key: http://localhost:10889 for channel [id: 0x7c68b8df, L:/127.0.0.1:64390 - R:localhost/127.0.0.1:10889]
15:50:12.489 [Forwarding getElementText on session 14f61660-7bcc-4279-b6a3-7163a94e0626 to remote] DEBUG o.a.netty.request.NettyRequestSender - Using pooled Channel '[id: 0x7c68b8df, L:/127.0.0.1:64390 - R:localhost/127.0.0.1:10889]' for 'GET' to 'http://localhost:10889/session/14f61660-7bcc-4279-b6a3-7163a94e0626/element/d31bf8f1-6841-473b-8313-3cf5ab61fdca/text'
15:50:12.489 [Forwarding getElementText on session 14f61660-7bcc-4279-b6a3-7163a94e0626 to remote] DEBUG o.a.netty.request.NettyRequestSender - Using open Channel [id: 0x7c68b8df, L:/127.0.0.1:64390 - R:localhost/127.0.0.1:10889] for GET '/session/14f61660-7bcc-4279-b6a3-7163a94e0626/element/d31bf8f1-6841-473b-8313-3cf5ab61fdca/text'
15:50:12.496 [AsyncHttpClient-3-1] DEBUG o.a.netty.handler.HttpHandler - 

Request DefaultFullHttpRequest(decodeResult: success, version: HTTP/1.1, content: EmptyByteBufBE)
GET /session/14f61660-7bcc-4279-b6a3-7163a94e0626/element/d31bf8f1-6841-473b-8313-3cf5ab61fdca/text HTTP/1.1
User-Agent: selenium/4.0.0-alpha-5 (java windows)
Cache-Control: no-cache
host: localhost:10889
accept: */*

Response DefaultHttpResponse(decodeResult: success, version: HTTP/1.1)
HTTP/1.1 200 OK
content-type: application/json; charset=utf-8
cache-control: no-cache
content-length: 57
date: Thu, 25 Jun 2020 12:50:12 GMT

15:50:12.496 [AsyncHttpClient-3-1] DEBUG o.a.netty.channel.ChannelManager - Adding key: http://localhost:10889 for channel [id: 0x7c68b8df, L:/127.0.0.1:64390 - R:localhost/127.0.0.1:10889]
15:50:12.496 [Forwarding findChildElement on session 14f61660-7bcc-4279-b6a3-7163a94e0626 to remote] DEBUG o.a.netty.request.NettyRequestSender - Using pooled Channel '[id: 0x7c68b8df, L:/127.0.0.1:64390 - R:localhost/127.0.0.1:10889]' for 'POST' to 'http://localhost:10889/session/14f61660-7bcc-4279-b6a3-7163a94e0626/element/1b52b062-ea30-4b20-8b7e-f650d9d8ef1b/element'
15:50:12.497 [Forwarding findChildElement on session 14f61660-7bcc-4279-b6a3-7163a94e0626 to remote] DEBUG o.a.netty.request.NettyRequestSender - Using open Channel [id: 0x7c68b8df, L:/127.0.0.1:64390 - R:localhost/127.0.0.1:10889] for POST '/session/14f61660-7bcc-4279-b6a3-7163a94e0626/element/1b52b062-ea30-4b20-8b7e-f650d9d8ef1b/element'
15:50:12.500 [AsyncHttpClient-3-1] DEBUG o.a.netty.handler.HttpHandler - 

Request DefaultHttpRequest(decodeResult: success, version: HTTP/1.1)
POST /session/14f61660-7bcc-4279-b6a3-7163a94e0626/element/1b52b062-ea30-4b20-8b7e-f650d9d8ef1b/element HTTP/1.1
User-Agent: selenium/4.0.0-alpha-5 (java windows)
Content-Length: 97
Content-Type: application/json; charset=utf-8
host: localhost:10889
accept: */*

Response DefaultHttpResponse(decodeResult: success, version: HTTP/1.1)
HTTP/1.1 200 OK
content-type: application/json; charset=utf-8
cache-control: no-cache
content-length: 88
date: Thu, 25 Jun 2020 12:50:12 GMT

15:50:12.500 [AsyncHttpClient-3-1] DEBUG o.a.netty.channel.ChannelManager - Adding key: http://localhost:10889 for channel [id: 0x7c68b8df, L:/127.0.0.1:64390 - R:localhost/127.0.0.1:10889]
15:50:12.503 [Forwarding getElementAttribute on session 14f61660-7bcc-4279-b6a3-7163a94e0626 to remote] DEBUG o.a.netty.request.NettyRequestSender - Using pooled Channel '[id: 0x7c68b8df, L:/127.0.0.1:64390 - R:localhost/127.0.0.1:10889]' for 'POST' to 'http://localhost:10889/session/14f61660-7bcc-4279-b6a3-7163a94e0626/execute/sync'
15:50:12.503 [Forwarding getElementAttribute on session 14f61660-7bcc-4279-b6a3-7163a94e0626 to remote] DEBUG o.a.netty.request.NettyRequestSender - Using open Channel [id: 0x7c68b8df, L:/127.0.0.1:64390 - R:localhost/127.0.0.1:10889] for POST '/session/14f61660-7bcc-4279-b6a3-7163a94e0626/execute/sync'
15:50:12.514 [AsyncHttpClient-3-1] DEBUG o.a.netty.handler.HttpHandler - 

Request DefaultHttpRequest(decodeResult: success, version: HTTP/1.1)
POST /session/14f61660-7bcc-4279-b6a3-7163a94e0626/execute/sync HTTP/1.1
User-Agent: selenium/4.0.0-alpha-5 (java windows)
Content-Length: 39635
Content-Type: application/json; charset=utf-8
host: localhost:10889
accept: */*

Response DefaultHttpResponse(decodeResult: success, version: HTTP/1.1)
HTTP/1.1 200 OK
content-type: application/json; charset=utf-8
cache-control: no-cache
content-length: 15
date: Thu, 25 Jun 2020 12:50:12 GMT

15:50:12.514 [AsyncHttpClient-3-1] DEBUG o.a.netty.channel.ChannelManager - Adding key: http://localhost:10889 for channel [id: 0x7c68b8df, L:/127.0.0.1:64390 - R:localhost/127.0.0.1:10889]
15:50:12.515 [Forwarding findChildElement on session 14f61660-7bcc-4279-b6a3-7163a94e0626 to remote] DEBUG o.a.netty.request.NettyRequestSender - Using pooled Channel '[id: 0x7c68b8df, L:/127.0.0.1:64390 - R:localhost/127.0.0.1:10889]' for 'POST' to 'http://localhost:10889/session/14f61660-7bcc-4279-b6a3-7163a94e0626/element/8a4a20de-96cc-4b6f-b2bc-d793880d4c6f/element'
15:50:12.515 [Forwarding findChildElement on session 14f61660-7bcc-4279-b6a3-7163a94e0626 to remote] DEBUG o.a.netty.request.NettyRequestSender - Using open Channel [id: 0x7c68b8df, L:/127.0.0.1:64390 - R:localhost/127.0.0.1:10889] for POST '/session/14f61660-7bcc-4279-b6a3-7163a94e0626/element/8a4a20de-96cc-4b6f-b2bc-d793880d4c6f/element'
15:50:12.518 [AsyncHttpClient-3-1] DEBUG o.a.netty.handler.HttpHandler - 

Request DefaultHttpRequest(decodeResult: success, version: HTTP/1.1)
POST /session/14f61660-7bcc-4279-b6a3-7163a94e0626/element/8a4a20de-96cc-4b6f-b2bc-d793880d4c6f/element HTTP/1.1
User-Agent: selenium/4.0.0-alpha-5 (java windows)
Content-Length: 103
Content-Type: application/json; charset=utf-8
host: localhost:10889
accept: */*

Response DefaultHttpResponse(decodeResult: success, version: HTTP/1.1)
HTTP/1.1 200 OK
content-type: application/json; charset=utf-8
cache-control: no-cache
content-length: 88
date: Thu, 25 Jun 2020 12:50:12 GMT

15:50:12.519 [AsyncHttpClient-3-1] DEBUG o.a.netty.channel.ChannelManager - Adding key: http://localhost:10889 for channel [id: 0x7c68b8df, L:/127.0.0.1:64390 - R:localhost/127.0.0.1:10889]
15:50:12.519 [Forwarding getElementText on session 14f61660-7bcc-4279-b6a3-7163a94e0626 to remote] DEBUG o.a.netty.request.NettyRequestSender - Using pooled Channel '[id: 0x7c68b8df, L:/127.0.0.1:64390 - R:localhost/127.0.0.1:10889]' for 'GET' to 'http://localhost:10889/session/14f61660-7bcc-4279-b6a3-7163a94e0626/element/6cf3a13e-3754-4d55-afb1-22ef694cb593/text'
15:50:12.519 [Forwarding getElementText on session 14f61660-7bcc-4279-b6a3-7163a94e0626 to remote] DEBUG o.a.netty.request.NettyRequestSender - Using open Channel [id: 0x7c68b8df, L:/127.0.0.1:64390 - R:localhost/127.0.0.1:10889] for GET '/session/14f61660-7bcc-4279-b6a3-7163a94e0626/element/6cf3a13e-3754-4d55-afb1-22ef694cb593/text'
15:50:12.524 [AsyncHttpClient-3-1] DEBUG o.a.netty.handler.HttpHandler - 

Request DefaultFullHttpRequest(decodeResult: success, version: HTTP/1.1, content: EmptyByteBufBE)
GET /session/14f61660-7bcc-4279-b6a3-7163a94e0626/element/6cf3a13e-3754-4d55-afb1-22ef694cb593/text HTTP/1.1
User-Agent: selenium/4.0.0-alpha-5 (java windows)
Cache-Control: no-cache
host: localhost:10889
accept: */*

Response DefaultHttpResponse(decodeResult: success, version: HTTP/1.1)
HTTP/1.1 200 OK
content-type: application/json; charset=utf-8
cache-control: no-cache
content-length: 18
date: Thu, 25 Jun 2020 12:50:12 GMT

15:50:12.524 [AsyncHttpClient-3-1] DEBUG o.a.netty.channel.ChannelManager - Adding key: http://localhost:10889 for channel [id: 0x7c68b8df, L:/127.0.0.1:64390 - R:localhost/127.0.0.1:10889]
15:50:12.524 [Forwarding findChildElement on session 14f61660-7bcc-4279-b6a3-7163a94e0626 to remote] DEBUG o.a.netty.request.NettyRequestSender - Using pooled Channel '[id: 0x7c68b8df, L:/127.0.0.1:64390 - R:localhost/127.0.0.1:10889]' for 'POST' to 'http://localhost:10889/session/14f61660-7bcc-4279-b6a3-7163a94e0626/element/8a4a20de-96cc-4b6f-b2bc-d793880d4c6f/element'
15:50:12.524 [Forwarding findChildElement on session 14f61660-7bcc-4279-b6a3-7163a94e0626 to remote] DEBUG o.a.netty.request.NettyRequestSender - Using open Channel [id: 0x7c68b8df, L:/127.0.0.1:64390 - R:localhost/127.0.0.1:10889] for POST '/session/14f61660-7bcc-4279-b6a3-7163a94e0626/element/8a4a20de-96cc-4b6f-b2bc-d793880d4c6f/element'
15:50:12.528 [AsyncHttpClient-3-1] DEBUG o.a.netty.handler.HttpHandler - 

Request DefaultHttpRequest(decodeResult: success, version: HTTP/1.1)
POST /session/14f61660-7bcc-4279-b6a3-7163a94e0626/element/8a4a20de-96cc-4b6f-b2bc-d793880d4c6f/element HTTP/1.1
User-Agent: selenium/4.0.0-alpha-5 (java windows)
Content-Length: 103
Content-Type: application/json; charset=utf-8
host: localhost:10889
accept: */*

Response DefaultHttpResponse(decodeResult: success, version: HTTP/1.1)
HTTP/1.1 200 OK
content-type: application/json; charset=utf-8
cache-control: no-cache
content-length: 88
date: Thu, 25 Jun 2020 12:50:12 GMT

15:50:12.528 [AsyncHttpClient-3-1] DEBUG o.a.netty.channel.ChannelManager - Adding key: http://localhost:10889 for channel [id: 0x7c68b8df, L:/127.0.0.1:64390 - R:localhost/127.0.0.1:10889]
15:50:12.529 [Forwarding getElementText on session 14f61660-7bcc-4279-b6a3-7163a94e0626 to remote] DEBUG o.a.netty.request.NettyRequestSender - Using pooled Channel '[id: 0x7c68b8df, L:/127.0.0.1:64390 - R:localhost/127.0.0.1:10889]' for 'GET' to 'http://localhost:10889/session/14f61660-7bcc-4279-b6a3-7163a94e0626/element/5e8dbe2b-5750-4690-883d-f4d9a99ba9bf/text'
15:50:12.529 [Forwarding getElementText on session 14f61660-7bcc-4279-b6a3-7163a94e0626 to remote] DEBUG o.a.netty.request.NettyRequestSender - Using open Channel [id: 0x7c68b8df, L:/127.0.0.1:64390 - R:localhost/127.0.0.1:10889] for GET '/session/14f61660-7bcc-4279-b6a3-7163a94e0626/element/5e8dbe2b-5750-4690-883d-f4d9a99ba9bf/text'
15:50:12.533 [AsyncHttpClient-3-1] DEBUG o.a.netty.handler.HttpHandler - 

Request DefaultFullHttpRequest(decodeResult: success, version: HTTP/1.1, content: EmptyByteBufBE)
GET /session/14f61660-7bcc-4279-b6a3-7163a94e0626/element/5e8dbe2b-5750-4690-883d-f4d9a99ba9bf/text HTTP/1.1
User-Agent: selenium/4.0.0-alpha-5 (java windows)
Cache-Control: no-cache
host: localhost:10889
accept: */*

Response DefaultHttpResponse(decodeResult: success, version: HTTP/1.1)
HTTP/1.1 200 OK
content-type: application/json; charset=utf-8
cache-control: no-cache
content-length: 22
date: Thu, 25 Jun 2020 12:50:12 GMT

15:50:12.533 [AsyncHttpClient-3-1] DEBUG o.a.netty.channel.ChannelManager - Adding key: http://localhost:10889 for channel [id: 0x7c68b8df, L:/127.0.0.1:64390 - R:localhost/127.0.0.1:10889]
15:50:12.534 [Forwarding findChildElement on session 14f61660-7bcc-4279-b6a3-7163a94e0626 to remote] DEBUG o.a.netty.request.NettyRequestSender - Using pooled Channel '[id: 0x7c68b8df, L:/127.0.0.1:64390 - R:localhost/127.0.0.1:10889]' for 'POST' to 'http://localhost:10889/session/14f61660-7bcc-4279-b6a3-7163a94e0626/element/8a4a20de-96cc-4b6f-b2bc-d793880d4c6f/element'
15:50:12.534 [Forwarding findChildElement on session 14f61660-7bcc-4279-b6a3-7163a94e0626 to remote] DEBUG o.a.netty.request.NettyRequestSender - Using open Channel [id: 0x7c68b8df, L:/127.0.0.1:64390 - R:localhost/127.0.0.1:10889] for POST '/session/14f61660-7bcc-4279-b6a3-7163a94e0626/element/8a4a20de-96cc-4b6f-b2bc-d793880d4c6f/element'
15:50:12.537 [AsyncHttpClient-3-1] DEBUG o.a.netty.handler.HttpHandler - 

Request DefaultHttpRequest(decodeResult: success, version: HTTP/1.1)
POST /session/14f61660-7bcc-4279-b6a3-7163a94e0626/element/8a4a20de-96cc-4b6f-b2bc-d793880d4c6f/element HTTP/1.1
User-Agent: selenium/4.0.0-alpha-5 (java windows)
Content-Length: 103
Content-Type: application/json; charset=utf-8
host: localhost:10889
accept: */*

Response DefaultHttpResponse(decodeResult: success, version: HTTP/1.1)
HTTP/1.1 200 OK
content-type: application/json; charset=utf-8
cache-control: no-cache
content-length: 88
date: Thu, 25 Jun 2020 12:50:12 GMT

15:50:12.537 [AsyncHttpClient-3-1] DEBUG o.a.netty.channel.ChannelManager - Adding key: http://localhost:10889 for channel [id: 0x7c68b8df, L:/127.0.0.1:64390 - R:localhost/127.0.0.1:10889]
15:50:12.538 [Forwarding getElementText on session 14f61660-7bcc-4279-b6a3-7163a94e0626 to remote] DEBUG o.a.netty.request.NettyRequestSender - Using pooled Channel '[id: 0x7c68b8df, L:/127.0.0.1:64390 - R:localhost/127.0.0.1:10889]' for 'GET' to 'http://localhost:10889/session/14f61660-7bcc-4279-b6a3-7163a94e0626/element/fccef067-0883-4ba7-a023-e009883c7bfd/text'
15:50:12.538 [Forwarding getElementText on session 14f61660-7bcc-4279-b6a3-7163a94e0626 to remote] DEBUG o.a.netty.request.NettyRequestSender - Using open Channel [id: 0x7c68b8df, L:/127.0.0.1:64390 - R:localhost/127.0.0.1:10889] for GET '/session/14f61660-7bcc-4279-b6a3-7163a94e0626/element/fccef067-0883-4ba7-a023-e009883c7bfd/text'
15:50:12.542 [AsyncHttpClient-3-1] DEBUG o.a.netty.handler.HttpHandler - 

Request DefaultFullHttpRequest(decodeResult: success, version: HTTP/1.1, content: EmptyByteBufBE)
GET /session/14f61660-7bcc-4279-b6a3-7163a94e0626/element/fccef067-0883-4ba7-a023-e009883c7bfd/text HTTP/1.1
User-Agent: selenium/4.0.0-alpha-5 (java windows)
Cache-Control: no-cache
host: localhost:10889
accept: */*

Response DefaultHttpResponse(decodeResult: success, version: HTTP/1.1)
HTTP/1.1 200 OK
content-type: application/json; charset=utf-8
cache-control: no-cache
content-length: 21
date: Thu, 25 Jun 2020 12:50:12 GMT

15:50:12.542 [AsyncHttpClient-3-1] DEBUG o.a.netty.channel.ChannelManager - Adding key: http://localhost:10889 for channel [id: 0x7c68b8df, L:/127.0.0.1:64390 - R:localhost/127.0.0.1:10889]
15:50:12.543 [Forwarding findChildElement on session 14f61660-7bcc-4279-b6a3-7163a94e0626 to remote] DEBUG o.a.netty.request.NettyRequestSender - Using pooled Channel '[id: 0x7c68b8df, L:/127.0.0.1:64390 - R:localhost/127.0.0.1:10889]' for 'POST' to 'http://localhost:10889/session/14f61660-7bcc-4279-b6a3-7163a94e0626/element/8a4a20de-96cc-4b6f-b2bc-d793880d4c6f/element'
15:50:12.543 [Forwarding findChildElement on session 14f61660-7bcc-4279-b6a3-7163a94e0626 to remote] DEBUG o.a.netty.request.NettyRequestSender - Using open Channel [id: 0x7c68b8df, L:/127.0.0.1:64390 - R:localhost/127.0.0.1:10889] for POST '/session/14f61660-7bcc-4279-b6a3-7163a94e0626/element/8a4a20de-96cc-4b6f-b2bc-d793880d4c6f/element'
15:50:12.546 [AsyncHttpClient-3-1] DEBUG o.a.netty.handler.HttpHandler - 

Request DefaultHttpRequest(decodeResult: success, version: HTTP/1.1)
POST /session/14f61660-7bcc-4279-b6a3-7163a94e0626/element/8a4a20de-96cc-4b6f-b2bc-d793880d4c6f/element HTTP/1.1
User-Agent: selenium/4.0.0-alpha-5 (java windows)
Content-Length: 103
Content-Type: application/json; charset=utf-8
host: localhost:10889
accept: */*

Response DefaultHttpResponse(decodeResult: success, version: HTTP/1.1)
HTTP/1.1 200 OK
content-type: application/json; charset=utf-8
cache-control: no-cache
content-length: 88
date: Thu, 25 Jun 2020 12:50:12 GMT

15:50:12.546 [AsyncHttpClient-3-1] DEBUG o.a.netty.channel.ChannelManager - Adding key: http://localhost:10889 for channel [id: 0x7c68b8df, L:/127.0.0.1:64390 - R:localhost/127.0.0.1:10889]
15:50:12.547 [Forwarding getElementText on session 14f61660-7bcc-4279-b6a3-7163a94e0626 to remote] DEBUG o.a.netty.request.NettyRequestSender - Using pooled Channel '[id: 0x7c68b8df, L:/127.0.0.1:64390 - R:localhost/127.0.0.1:10889]' for 'GET' to 'http://localhost:10889/session/14f61660-7bcc-4279-b6a3-7163a94e0626/element/73edb40d-df7b-47aa-b6c1-21e16836ce29/text'
15:50:12.547 [Forwarding getElementText on session 14f61660-7bcc-4279-b6a3-7163a94e0626 to remote] DEBUG o.a.netty.request.NettyRequestSender - Using open Channel [id: 0x7c68b8df, L:/127.0.0.1:64390 - R:localhost/127.0.0.1:10889] for GET '/session/14f61660-7bcc-4279-b6a3-7163a94e0626/element/73edb40d-df7b-47aa-b6c1-21e16836ce29/text'
15:50:12.551 [AsyncHttpClient-3-1] DEBUG o.a.netty.handler.HttpHandler - 

Request DefaultFullHttpRequest(decodeResult: success, version: HTTP/1.1, content: EmptyByteBufBE)
GET /session/14f61660-7bcc-4279-b6a3-7163a94e0626/element/73edb40d-df7b-47aa-b6c1-21e16836ce29/text HTTP/1.1
User-Agent: selenium/4.0.0-alpha-5 (java windows)
Cache-Control: no-cache
host: localhost:10889
accept: */*

Response DefaultHttpResponse(decodeResult: success, version: HTTP/1.1)
HTTP/1.1 200 OK
content-type: application/json; charset=utf-8
cache-control: no-cache
content-length: 45
date: Thu, 25 Jun 2020 12:50:12 GMT

15:50:12.551 [AsyncHttpClient-3-1] DEBUG o.a.netty.channel.ChannelManager - Adding key: http://localhost:10889 for channel [id: 0x7c68b8df, L:/127.0.0.1:64390 - R:localhost/127.0.0.1:10889]
15:50:12.552 [Forwarding findChildElement on session 14f61660-7bcc-4279-b6a3-7163a94e0626 to remote] DEBUG o.a.netty.request.NettyRequestSender - Using pooled Channel '[id: 0x7c68b8df, L:/127.0.0.1:64390 - R:localhost/127.0.0.1:10889]' for 'POST' to 'http://localhost:10889/session/14f61660-7bcc-4279-b6a3-7163a94e0626/element/8a4a20de-96cc-4b6f-b2bc-d793880d4c6f/element'
15:50:12.552 [Forwarding findChildElement on session 14f61660-7bcc-4279-b6a3-7163a94e0626 to remote] DEBUG o.a.netty.request.NettyRequestSender - Using open Channel [id: 0x7c68b8df, L:/127.0.0.1:64390 - R:localhost/127.0.0.1:10889] for POST '/session/14f61660-7bcc-4279-b6a3-7163a94e0626/element/8a4a20de-96cc-4b6f-b2bc-d793880d4c6f/element'
15:50:12.556 [AsyncHttpClient-3-1] DEBUG o.a.netty.handler.HttpHandler - 

Request DefaultHttpRequest(decodeResult: success, version: HTTP/1.1)
POST /session/14f61660-7bcc-4279-b6a3-7163a94e0626/element/8a4a20de-96cc-4b6f-b2bc-d793880d4c6f/element HTTP/1.1
User-Agent: selenium/4.0.0-alpha-5 (java windows)
Content-Length: 103
Content-Type: application/json; charset=utf-8
host: localhost:10889
accept: */*

Response DefaultHttpResponse(decodeResult: success, version: HTTP/1.1)
HTTP/1.1 200 OK
content-type: application/json; charset=utf-8
cache-control: no-cache
content-length: 88
date: Thu, 25 Jun 2020 12:50:12 GMT

15:50:12.556 [AsyncHttpClient-3-1] DEBUG o.a.netty.channel.ChannelManager - Adding key: http://localhost:10889 for channel [id: 0x7c68b8df, L:/127.0.0.1:64390 - R:localhost/127.0.0.1:10889]
15:50:12.556 [Forwarding getElementText on session 14f61660-7bcc-4279-b6a3-7163a94e0626 to remote] DEBUG o.a.netty.request.NettyRequestSender - Using pooled Channel '[id: 0x7c68b8df, L:/127.0.0.1:64390 - R:localhost/127.0.0.1:10889]' for 'GET' to 'http://localhost:10889/session/14f61660-7bcc-4279-b6a3-7163a94e0626/element/1d1a3351-5dc6-4eb7-8f0d-b4abff79754a/text'
15:50:12.556 [Forwarding getElementText on session 14f61660-7bcc-4279-b6a3-7163a94e0626 to remote] DEBUG o.a.netty.request.NettyRequestSender - Using open Channel [id: 0x7c68b8df, L:/127.0.0.1:64390 - R:localhost/127.0.0.1:10889] for GET '/session/14f61660-7bcc-4279-b6a3-7163a94e0626/element/1d1a3351-5dc6-4eb7-8f0d-b4abff79754a/text'
15:50:12.564 [AsyncHttpClient-3-1] DEBUG o.a.netty.handler.HttpHandler - 

Request DefaultFullHttpRequest(decodeResult: success, version: HTTP/1.1, content: EmptyByteBufBE)
GET /session/14f61660-7bcc-4279-b6a3-7163a94e0626/element/1d1a3351-5dc6-4eb7-8f0d-b4abff79754a/text HTTP/1.1
User-Agent: selenium/4.0.0-alpha-5 (java windows)
Cache-Control: no-cache
host: localhost:10889
accept: */*

Response DefaultHttpResponse(decodeResult: success, version: HTTP/1.1)
HTTP/1.1 200 OK
content-type: application/json; charset=utf-8
cache-control: no-cache
content-length: 57
date: Thu, 25 Jun 2020 12:50:12 GMT

15:50:12.564 [AsyncHttpClient-3-1] DEBUG o.a.netty.channel.ChannelManager - Adding key: http://localhost:10889 for channel [id: 0x7c68b8df, L:/127.0.0.1:64390 - R:localhost/127.0.0.1:10889]
15:50:12.564 [Forwarding findChildElement on session 14f61660-7bcc-4279-b6a3-7163a94e0626 to remote] DEBUG o.a.netty.request.NettyRequestSender - Using pooled Channel '[id: 0x7c68b8df, L:/127.0.0.1:64390 - R:localhost/127.0.0.1:10889]' for 'POST' to 'http://localhost:10889/session/14f61660-7bcc-4279-b6a3-7163a94e0626/element/8a4a20de-96cc-4b6f-b2bc-d793880d4c6f/element'
15:50:12.564 [Forwarding findChildElement on session 14f61660-7bcc-4279-b6a3-7163a94e0626 to remote] DEBUG o.a.netty.request.NettyRequestSender - Using open Channel [id: 0x7c68b8df, L:/127.0.0.1:64390 - R:localhost/127.0.0.1:10889] for POST '/session/14f61660-7bcc-4279-b6a3-7163a94e0626/element/8a4a20de-96cc-4b6f-b2bc-d793880d4c6f/element'
15:50:12.568 [AsyncHttpClient-3-1] DEBUG o.a.netty.handler.HttpHandler - 

Request DefaultHttpRequest(decodeResult: success, version: HTTP/1.1)
POST /session/14f61660-7bcc-4279-b6a3-7163a94e0626/element/8a4a20de-96cc-4b6f-b2bc-d793880d4c6f/element HTTP/1.1
User-Agent: selenium/4.0.0-alpha-5 (java windows)
Content-Length: 97
Content-Type: application/json; charset=utf-8
host: localhost:10889
accept: */*

Response DefaultHttpResponse(decodeResult: success, version: HTTP/1.1)
HTTP/1.1 200 OK
content-type: application/json; charset=utf-8
cache-control: no-cache
content-length: 88
date: Thu, 25 Jun 2020 12:50:12 GMT

15:50:12.568 [AsyncHttpClient-3-1] DEBUG o.a.netty.channel.ChannelManager - Adding key: http://localhost:10889 for channel [id: 0x7c68b8df, L:/127.0.0.1:64390 - R:localhost/127.0.0.1:10889]
15:50:12.570 [Forwarding getElementAttribute on session 14f61660-7bcc-4279-b6a3-7163a94e0626 to remote] DEBUG o.a.netty.request.NettyRequestSender - Using pooled Channel '[id: 0x7c68b8df, L:/127.0.0.1:64390 - R:localhost/127.0.0.1:10889]' for 'POST' to 'http://localhost:10889/session/14f61660-7bcc-4279-b6a3-7163a94e0626/execute/sync'
15:50:12.570 [Forwarding getElementAttribute on session 14f61660-7bcc-4279-b6a3-7163a94e0626 to remote] DEBUG o.a.netty.request.NettyRequestSender - Using open Channel [id: 0x7c68b8df, L:/127.0.0.1:64390 - R:localhost/127.0.0.1:10889] for POST '/session/14f61660-7bcc-4279-b6a3-7163a94e0626/execute/sync'
15:50:12.582 [AsyncHttpClient-3-1] DEBUG o.a.netty.handler.HttpHandler - 

Request DefaultHttpRequest(decodeResult: success, version: HTTP/1.1)
POST /session/14f61660-7bcc-4279-b6a3-7163a94e0626/execute/sync HTTP/1.1
User-Agent: selenium/4.0.0-alpha-5 (java windows)
Content-Length: 39635
Content-Type: application/json; charset=utf-8
host: localhost:10889
accept: */*

Response DefaultHttpResponse(decodeResult: success, version: HTTP/1.1)
HTTP/1.1 200 OK
content-type: application/json; charset=utf-8
cache-control: no-cache
content-length: 15
date: Thu, 25 Jun 2020 12:50:12 GMT

15:50:12.583 [AsyncHttpClient-3-1] DEBUG o.a.netty.channel.ChannelManager - Adding key: http://localhost:10889 for channel [id: 0x7c68b8df, L:/127.0.0.1:64390 - R:localhost/127.0.0.1:10889]
15:50:12.583 [Forwarding findChildElement on session 14f61660-7bcc-4279-b6a3-7163a94e0626 to remote] DEBUG o.a.netty.request.NettyRequestSender - Using pooled Channel '[id: 0x7c68b8df, L:/127.0.0.1:64390 - R:localhost/127.0.0.1:10889]' for 'POST' to 'http://localhost:10889/session/14f61660-7bcc-4279-b6a3-7163a94e0626/element/a02961e9-316f-42c7-bd89-70481a95c2b8/element'
15:50:12.583 [Forwarding findChildElement on session 14f61660-7bcc-4279-b6a3-7163a94e0626 to remote] DEBUG o.a.netty.request.NettyRequestSender - Using open Channel [id: 0x7c68b8df, L:/127.0.0.1:64390 - R:localhost/127.0.0.1:10889] for POST '/session/14f61660-7bcc-4279-b6a3-7163a94e0626/element/a02961e9-316f-42c7-bd89-70481a95c2b8/element'
15:50:12.588 [AsyncHttpClient-3-1] DEBUG o.a.netty.handler.HttpHandler - 

Request DefaultHttpRequest(decodeResult: success, version: HTTP/1.1)
POST /session/14f61660-7bcc-4279-b6a3-7163a94e0626/element/a02961e9-316f-42c7-bd89-70481a95c2b8/element HTTP/1.1
User-Agent: selenium/4.0.0-alpha-5 (java windows)
Content-Length: 103
Content-Type: application/json; charset=utf-8
host: localhost:10889
accept: */*

Response DefaultHttpResponse(decodeResult: success, version: HTTP/1.1)
HTTP/1.1 200 OK
content-type: application/json; charset=utf-8
cache-control: no-cache
content-length: 88
date: Thu, 25 Jun 2020 12:50:12 GMT

15:50:12.588 [AsyncHttpClient-3-1] DEBUG o.a.netty.channel.ChannelManager - Adding key: http://localhost:10889 for channel [id: 0x7c68b8df, L:/127.0.0.1:64390 - R:localhost/127.0.0.1:10889]
15:50:12.588 [Forwarding getElementText on session 14f61660-7bcc-4279-b6a3-7163a94e0626 to remote] DEBUG o.a.netty.request.NettyRequestSender - Using pooled Channel '[id: 0x7c68b8df, L:/127.0.0.1:64390 - R:localhost/127.0.0.1:10889]' for 'GET' to 'http://localhost:10889/session/14f61660-7bcc-4279-b6a3-7163a94e0626/element/e29a7d28-6547-4a8f-9f54-1566bdc29464/text'
15:50:12.588 [Forwarding getElementText on session 14f61660-7bcc-4279-b6a3-7163a94e0626 to remote] DEBUG o.a.netty.request.NettyRequestSender - Using open Channel [id: 0x7c68b8df, L:/127.0.0.1:64390 - R:localhost/127.0.0.1:10889] for GET '/session/14f61660-7bcc-4279-b6a3-7163a94e0626/element/e29a7d28-6547-4a8f-9f54-1566bdc29464/text'
15:50:12.593 [AsyncHttpClient-3-1] DEBUG o.a.netty.handler.HttpHandler - 

Request DefaultFullHttpRequest(decodeResult: success, version: HTTP/1.1, content: EmptyByteBufBE)
GET /session/14f61660-7bcc-4279-b6a3-7163a94e0626/element/e29a7d28-6547-4a8f-9f54-1566bdc29464/text HTTP/1.1
User-Agent: selenium/4.0.0-alpha-5 (java windows)
Cache-Control: no-cache
host: localhost:10889
accept: */*

Response DefaultHttpResponse(decodeResult: success, version: HTTP/1.1)
HTTP/1.1 200 OK
content-type: application/json; charset=utf-8
cache-control: no-cache
content-length: 18
date: Thu, 25 Jun 2020 12:50:12 GMT

15:50:12.593 [AsyncHttpClient-3-1] DEBUG o.a.netty.channel.ChannelManager - Adding key: http://localhost:10889 for channel [id: 0x7c68b8df, L:/127.0.0.1:64390 - R:localhost/127.0.0.1:10889]
15:50:12.593 [Forwarding findChildElement on session 14f61660-7bcc-4279-b6a3-7163a94e0626 to remote] DEBUG o.a.netty.request.NettyRequestSender - Using pooled Channel '[id: 0x7c68b8df, L:/127.0.0.1:64390 - R:localhost/127.0.0.1:10889]' for 'POST' to 'http://localhost:10889/session/14f61660-7bcc-4279-b6a3-7163a94e0626/element/a02961e9-316f-42c7-bd89-70481a95c2b8/element'
15:50:12.594 [Forwarding findChildElement on session 14f61660-7bcc-4279-b6a3-7163a94e0626 to remote] DEBUG o.a.netty.request.NettyRequestSender - Using open Channel [id: 0x7c68b8df, L:/127.0.0.1:64390 - R:localhost/127.0.0.1:10889] for POST '/session/14f61660-7bcc-4279-b6a3-7163a94e0626/element/a02961e9-316f-42c7-bd89-70481a95c2b8/element'
15:50:12.597 [AsyncHttpClient-3-1] DEBUG o.a.netty.handler.HttpHandler - 

Request DefaultHttpRequest(decodeResult: success, version: HTTP/1.1)
POST /session/14f61660-7bcc-4279-b6a3-7163a94e0626/element/a02961e9-316f-42c7-bd89-70481a95c2b8/element HTTP/1.1
User-Agent: selenium/4.0.0-alpha-5 (java windows)
Content-Length: 103
Content-Type: application/json; charset=utf-8
host: localhost:10889
accept: */*

Response DefaultHttpResponse(decodeResult: success, version: HTTP/1.1)
HTTP/1.1 200 OK
content-type: application/json; charset=utf-8
cache-control: no-cache
content-length: 88
date: Thu, 25 Jun 2020 12:50:12 GMT

15:50:12.597 [AsyncHttpClient-3-1] DEBUG o.a.netty.channel.ChannelManager - Adding key: http://localhost:10889 for channel [id: 0x7c68b8df, L:/127.0.0.1:64390 - R:localhost/127.0.0.1:10889]
15:50:12.597 [Forwarding getElementText on session 14f61660-7bcc-4279-b6a3-7163a94e0626 to remote] DEBUG o.a.netty.request.NettyRequestSender - Using pooled Channel '[id: 0x7c68b8df, L:/127.0.0.1:64390 - R:localhost/127.0.0.1:10889]' for 'GET' to 'http://localhost:10889/session/14f61660-7bcc-4279-b6a3-7163a94e0626/element/de2f1c3d-3e34-4b4f-8455-4b3c79028f69/text'
15:50:12.598 [Forwarding getElementText on session 14f61660-7bcc-4279-b6a3-7163a94e0626 to remote] DEBUG o.a.netty.request.NettyRequestSender - Using open Channel [id: 0x7c68b8df, L:/127.0.0.1:64390 - R:localhost/127.0.0.1:10889] for GET '/session/14f61660-7bcc-4279-b6a3-7163a94e0626/element/de2f1c3d-3e34-4b4f-8455-4b3c79028f69/text'
15:50:12.602 [AsyncHttpClient-3-1] DEBUG o.a.netty.handler.HttpHandler - 

Request DefaultFullHttpRequest(decodeResult: success, version: HTTP/1.1, content: EmptyByteBufBE)
GET /session/14f61660-7bcc-4279-b6a3-7163a94e0626/element/de2f1c3d-3e34-4b4f-8455-4b3c79028f69/text HTTP/1.1
User-Agent: selenium/4.0.0-alpha-5 (java windows)
Cache-Control: no-cache
host: localhost:10889
accept: */*

Response DefaultHttpResponse(decodeResult: success, version: HTTP/1.1)
HTTP/1.1 200 OK
content-type: application/json; charset=utf-8
cache-control: no-cache
content-length: 22
date: Thu, 25 Jun 2020 12:50:12 GMT

15:50:12.602 [AsyncHttpClient-3-1] DEBUG o.a.netty.channel.ChannelManager - Adding key: http://localhost:10889 for channel [id: 0x7c68b8df, L:/127.0.0.1:64390 - R:localhost/127.0.0.1:10889]
15:50:12.602 [Forwarding findChildElement on session 14f61660-7bcc-4279-b6a3-7163a94e0626 to remote] DEBUG o.a.netty.request.NettyRequestSender - Using pooled Channel '[id: 0x7c68b8df, L:/127.0.0.1:64390 - R:localhost/127.0.0.1:10889]' for 'POST' to 'http://localhost:10889/session/14f61660-7bcc-4279-b6a3-7163a94e0626/element/a02961e9-316f-42c7-bd89-70481a95c2b8/element'
15:50:12.602 [Forwarding findChildElement on session 14f61660-7bcc-4279-b6a3-7163a94e0626 to remote] DEBUG o.a.netty.request.NettyRequestSender - Using open Channel [id: 0x7c68b8df, L:/127.0.0.1:64390 - R:localhost/127.0.0.1:10889] for POST '/session/14f61660-7bcc-4279-b6a3-7163a94e0626/element/a02961e9-316f-42c7-bd89-70481a95c2b8/element'
15:50:12.606 [AsyncHttpClient-3-1] DEBUG o.a.netty.handler.HttpHandler - 

Request DefaultHttpRequest(decodeResult: success, version: HTTP/1.1)
POST /session/14f61660-7bcc-4279-b6a3-7163a94e0626/element/a02961e9-316f-42c7-bd89-70481a95c2b8/element HTTP/1.1
User-Agent: selenium/4.0.0-alpha-5 (java windows)
Content-Length: 103
Content-Type: application/json; charset=utf-8
host: localhost:10889
accept: */*

Response DefaultHttpResponse(decodeResult: success, version: HTTP/1.1)
HTTP/1.1 200 OK
content-type: application/json; charset=utf-8
cache-control: no-cache
content-length: 88
date: Thu, 25 Jun 2020 12:50:12 GMT

15:50:12.606 [AsyncHttpClient-3-1] DEBUG o.a.netty.channel.ChannelManager - Adding key: http://localhost:10889 for channel [id: 0x7c68b8df, L:/127.0.0.1:64390 - R:localhost/127.0.0.1:10889]
15:50:12.606 [Forwarding getElementText on session 14f61660-7bcc-4279-b6a3-7163a94e0626 to remote] DEBUG o.a.netty.request.NettyRequestSender - Using pooled Channel '[id: 0x7c68b8df, L:/127.0.0.1:64390 - R:localhost/127.0.0.1:10889]' for 'GET' to 'http://localhost:10889/session/14f61660-7bcc-4279-b6a3-7163a94e0626/element/0f0ef3c6-48a2-4a2b-a58a-075e633953c1/text'
15:50:12.606 [Forwarding getElementText on session 14f61660-7bcc-4279-b6a3-7163a94e0626 to remote] DEBUG o.a.netty.request.NettyRequestSender - Using open Channel [id: 0x7c68b8df, L:/127.0.0.1:64390 - R:localhost/127.0.0.1:10889] for GET '/session/14f61660-7bcc-4279-b6a3-7163a94e0626/element/0f0ef3c6-48a2-4a2b-a58a-075e633953c1/text'
15:50:12.611 [AsyncHttpClient-3-1] DEBUG o.a.netty.handler.HttpHandler - 

Request DefaultFullHttpRequest(decodeResult: success, version: HTTP/1.1, content: EmptyByteBufBE)
GET /session/14f61660-7bcc-4279-b6a3-7163a94e0626/element/0f0ef3c6-48a2-4a2b-a58a-075e633953c1/text HTTP/1.1
User-Agent: selenium/4.0.0-alpha-5 (java windows)
Cache-Control: no-cache
host: localhost:10889
accept: */*

Response DefaultHttpResponse(decodeResult: success, version: HTTP/1.1)
HTTP/1.1 200 OK
content-type: application/json; charset=utf-8
cache-control: no-cache
content-length: 21
date: Thu, 25 Jun 2020 12:50:12 GMT

15:50:12.611 [AsyncHttpClient-3-1] DEBUG o.a.netty.channel.ChannelManager - Adding key: http://localhost:10889 for channel [id: 0x7c68b8df, L:/127.0.0.1:64390 - R:localhost/127.0.0.1:10889]
15:50:12.611 [Forwarding findChildElement on session 14f61660-7bcc-4279-b6a3-7163a94e0626 to remote] DEBUG o.a.netty.request.NettyRequestSender - Using pooled Channel '[id: 0x7c68b8df, L:/127.0.0.1:64390 - R:localhost/127.0.0.1:10889]' for 'POST' to 'http://localhost:10889/session/14f61660-7bcc-4279-b6a3-7163a94e0626/element/a02961e9-316f-42c7-bd89-70481a95c2b8/element'
15:50:12.611 [Forwarding findChildElement on session 14f61660-7bcc-4279-b6a3-7163a94e0626 to remote] DEBUG o.a.netty.request.NettyRequestSender - Using open Channel [id: 0x7c68b8df, L:/127.0.0.1:64390 - R:localhost/127.0.0.1:10889] for POST '/session/14f61660-7bcc-4279-b6a3-7163a94e0626/element/a02961e9-316f-42c7-bd89-70481a95c2b8/element'
15:50:12.615 [AsyncHttpClient-3-1] DEBUG o.a.netty.handler.HttpHandler - 

Request DefaultHttpRequest(decodeResult: success, version: HTTP/1.1)
POST /session/14f61660-7bcc-4279-b6a3-7163a94e0626/element/a02961e9-316f-42c7-bd89-70481a95c2b8/element HTTP/1.1
User-Agent: selenium/4.0.0-alpha-5 (java windows)
Content-Length: 103
Content-Type: application/json; charset=utf-8
host: localhost:10889
accept: */*

Response DefaultHttpResponse(decodeResult: success, version: HTTP/1.1)
HTTP/1.1 200 OK
content-type: application/json; charset=utf-8
cache-control: no-cache
content-length: 88
date: Thu, 25 Jun 2020 12:50:12 GMT

15:50:12.615 [AsyncHttpClient-3-1] DEBUG o.a.netty.channel.ChannelManager - Adding key: http://localhost:10889 for channel [id: 0x7c68b8df, L:/127.0.0.1:64390 - R:localhost/127.0.0.1:10889]
15:50:12.615 [Forwarding getElementText on session 14f61660-7bcc-4279-b6a3-7163a94e0626 to remote] DEBUG o.a.netty.request.NettyRequestSender - Using pooled Channel '[id: 0x7c68b8df, L:/127.0.0.1:64390 - R:localhost/127.0.0.1:10889]' for 'GET' to 'http://localhost:10889/session/14f61660-7bcc-4279-b6a3-7163a94e0626/element/d8daaa1b-0d77-4eb9-8f0f-5305246078db/text'
15:50:12.615 [Forwarding getElementText on session 14f61660-7bcc-4279-b6a3-7163a94e0626 to remote] DEBUG o.a.netty.request.NettyRequestSender - Using open Channel [id: 0x7c68b8df, L:/127.0.0.1:64390 - R:localhost/127.0.0.1:10889] for GET '/session/14f61660-7bcc-4279-b6a3-7163a94e0626/element/d8daaa1b-0d77-4eb9-8f0f-5305246078db/text'
15:50:12.620 [AsyncHttpClient-3-1] DEBUG o.a.netty.handler.HttpHandler - 

Request DefaultFullHttpRequest(decodeResult: success, version: HTTP/1.1, content: EmptyByteBufBE)
GET /session/14f61660-7bcc-4279-b6a3-7163a94e0626/element/d8daaa1b-0d77-4eb9-8f0f-5305246078db/text HTTP/1.1
User-Agent: selenium/4.0.0-alpha-5 (java windows)
Cache-Control: no-cache
host: localhost:10889
accept: */*

Response DefaultHttpResponse(decodeResult: success, version: HTTP/1.1)
HTTP/1.1 200 OK
content-type: application/json; charset=utf-8
cache-control: no-cache
content-length: 45
date: Thu, 25 Jun 2020 12:50:12 GMT

15:50:12.620 [AsyncHttpClient-3-1] DEBUG o.a.netty.channel.ChannelManager - Adding key: http://localhost:10889 for channel [id: 0x7c68b8df, L:/127.0.0.1:64390 - R:localhost/127.0.0.1:10889]
15:50:12.621 [Forwarding findChildElement on session 14f61660-7bcc-4279-b6a3-7163a94e0626 to remote] DEBUG o.a.netty.request.NettyRequestSender - Using pooled Channel '[id: 0x7c68b8df, L:/127.0.0.1:64390 - R:localhost/127.0.0.1:10889]' for 'POST' to 'http://localhost:10889/session/14f61660-7bcc-4279-b6a3-7163a94e0626/element/a02961e9-316f-42c7-bd89-70481a95c2b8/element'
15:50:12.621 [Forwarding findChildElement on session 14f61660-7bcc-4279-b6a3-7163a94e0626 to remote] DEBUG o.a.netty.request.NettyRequestSender - Using open Channel [id: 0x7c68b8df, L:/127.0.0.1:64390 - R:localhost/127.0.0.1:10889] for POST '/session/14f61660-7bcc-4279-b6a3-7163a94e0626/element/a02961e9-316f-42c7-bd89-70481a95c2b8/element'
15:50:12.625 [AsyncHttpClient-3-1] DEBUG o.a.netty.handler.HttpHandler - 

Request DefaultHttpRequest(decodeResult: success, version: HTTP/1.1)
POST /session/14f61660-7bcc-4279-b6a3-7163a94e0626/element/a02961e9-316f-42c7-bd89-70481a95c2b8/element HTTP/1.1
User-Agent: selenium/4.0.0-alpha-5 (java windows)
Content-Length: 103
Content-Type: application/json; charset=utf-8
host: localhost:10889
accept: */*

Response DefaultHttpResponse(decodeResult: success, version: HTTP/1.1)
HTTP/1.1 200 OK
content-type: application/json; charset=utf-8
cache-control: no-cache
content-length: 88
date: Thu, 25 Jun 2020 12:50:12 GMT

15:50:12.625 [AsyncHttpClient-3-1] DEBUG o.a.netty.channel.ChannelManager - Adding key: http://localhost:10889 for channel [id: 0x7c68b8df, L:/127.0.0.1:64390 - R:localhost/127.0.0.1:10889]
15:50:12.625 [Forwarding getElementText on session 14f61660-7bcc-4279-b6a3-7163a94e0626 to remote] DEBUG o.a.netty.request.NettyRequestSender - Using pooled Channel '[id: 0x7c68b8df, L:/127.0.0.1:64390 - R:localhost/127.0.0.1:10889]' for 'GET' to 'http://localhost:10889/session/14f61660-7bcc-4279-b6a3-7163a94e0626/element/97dd286e-2b86-4477-ad08-1e2c9c0c255b/text'
15:50:12.625 [Forwarding getElementText on session 14f61660-7bcc-4279-b6a3-7163a94e0626 to remote] DEBUG o.a.netty.request.NettyRequestSender - Using open Channel [id: 0x7c68b8df, L:/127.0.0.1:64390 - R:localhost/127.0.0.1:10889] for GET '/session/14f61660-7bcc-4279-b6a3-7163a94e0626/element/97dd286e-2b86-4477-ad08-1e2c9c0c255b/text'
15:50:12.633 [AsyncHttpClient-3-1] DEBUG o.a.netty.handler.HttpHandler - 

Request DefaultFullHttpRequest(decodeResult: success, version: HTTP/1.1, content: EmptyByteBufBE)
GET /session/14f61660-7bcc-4279-b6a3-7163a94e0626/element/97dd286e-2b86-4477-ad08-1e2c9c0c255b/text HTTP/1.1
User-Agent: selenium/4.0.0-alpha-5 (java windows)
Cache-Control: no-cache
host: localhost:10889
accept: */*

Response DefaultHttpResponse(decodeResult: success, version: HTTP/1.1)
HTTP/1.1 200 OK
content-type: application/json; charset=utf-8
cache-control: no-cache
content-length: 57
date: Thu, 25 Jun 2020 12:50:12 GMT

15:50:12.633 [AsyncHttpClient-3-1] DEBUG o.a.netty.channel.ChannelManager - Adding key: http://localhost:10889 for channel [id: 0x7c68b8df, L:/127.0.0.1:64390 - R:localhost/127.0.0.1:10889]
15:50:12.633 [Forwarding findChildElement on session 14f61660-7bcc-4279-b6a3-7163a94e0626 to remote] DEBUG o.a.netty.request.NettyRequestSender - Using pooled Channel '[id: 0x7c68b8df, L:/127.0.0.1:64390 - R:localhost/127.0.0.1:10889]' for 'POST' to 'http://localhost:10889/session/14f61660-7bcc-4279-b6a3-7163a94e0626/element/a02961e9-316f-42c7-bd89-70481a95c2b8/element'
15:50:12.633 [Forwarding findChildElement on session 14f61660-7bcc-4279-b6a3-7163a94e0626 to remote] DEBUG o.a.netty.request.NettyRequestSender - Using open Channel [id: 0x7c68b8df, L:/127.0.0.1:64390 - R:localhost/127.0.0.1:10889] for POST '/session/14f61660-7bcc-4279-b6a3-7163a94e0626/element/a02961e9-316f-42c7-bd89-70481a95c2b8/element'
15:50:12.637 [AsyncHttpClient-3-1] DEBUG o.a.netty.handler.HttpHandler - 

Request DefaultHttpRequest(decodeResult: success, version: HTTP/1.1)
POST /session/14f61660-7bcc-4279-b6a3-7163a94e0626/element/a02961e9-316f-42c7-bd89-70481a95c2b8/element HTTP/1.1
User-Agent: selenium/4.0.0-alpha-5 (java windows)
Content-Length: 97
Content-Type: application/json; charset=utf-8
host: localhost:10889
accept: */*

Response DefaultHttpResponse(decodeResult: success, version: HTTP/1.1)
HTTP/1.1 200 OK
content-type: application/json; charset=utf-8
cache-control: no-cache
content-length: 88
date: Thu, 25 Jun 2020 12:50:12 GMT

15:50:12.637 [AsyncHttpClient-3-1] DEBUG o.a.netty.channel.ChannelManager - Adding key: http://localhost:10889 for channel [id: 0x7c68b8df, L:/127.0.0.1:64390 - R:localhost/127.0.0.1:10889]
15:50:12.639 [Forwarding getElementAttribute on session 14f61660-7bcc-4279-b6a3-7163a94e0626 to remote] DEBUG o.a.netty.request.NettyRequestSender - Using pooled Channel '[id: 0x7c68b8df, L:/127.0.0.1:64390 - R:localhost/127.0.0.1:10889]' for 'POST' to 'http://localhost:10889/session/14f61660-7bcc-4279-b6a3-7163a94e0626/execute/sync'
15:50:12.640 [Forwarding getElementAttribute on session 14f61660-7bcc-4279-b6a3-7163a94e0626 to remote] DEBUG o.a.netty.request.NettyRequestSender - Using open Channel [id: 0x7c68b8df, L:/127.0.0.1:64390 - R:localhost/127.0.0.1:10889] for POST '/session/14f61660-7bcc-4279-b6a3-7163a94e0626/execute/sync'
15:50:12.652 [AsyncHttpClient-3-1] DEBUG o.a.netty.handler.HttpHandler - 

Request DefaultHttpRequest(decodeResult: success, version: HTTP/1.1)
POST /session/14f61660-7bcc-4279-b6a3-7163a94e0626/execute/sync HTTP/1.1
User-Agent: selenium/4.0.0-alpha-5 (java windows)
Content-Length: 39635
Content-Type: application/json; charset=utf-8
host: localhost:10889
accept: */*

Response DefaultHttpResponse(decodeResult: success, version: HTTP/1.1)
HTTP/1.1 200 OK
content-type: application/json; charset=utf-8
cache-control: no-cache
content-length: 15
date: Thu, 25 Jun 2020 12:50:12 GMT

15:50:12.652 [AsyncHttpClient-3-1] DEBUG o.a.netty.channel.ChannelManager - Adding key: http://localhost:10889 for channel [id: 0x7c68b8df, L:/127.0.0.1:64390 - R:localhost/127.0.0.1:10889]
15:50:12.653 [Forwarding findChildElement on session 14f61660-7bcc-4279-b6a3-7163a94e0626 to remote] DEBUG o.a.netty.request.NettyRequestSender - Using pooled Channel '[id: 0x7c68b8df, L:/127.0.0.1:64390 - R:localhost/127.0.0.1:10889]' for 'POST' to 'http://localhost:10889/session/14f61660-7bcc-4279-b6a3-7163a94e0626/element/98d0afea-7181-417e-b438-828bcf6d9df4/element'
15:50:12.653 [Forwarding findChildElement on session 14f61660-7bcc-4279-b6a3-7163a94e0626 to remote] DEBUG o.a.netty.request.NettyRequestSender - Using open Channel [id: 0x7c68b8df, L:/127.0.0.1:64390 - R:localhost/127.0.0.1:10889] for POST '/session/14f61660-7bcc-4279-b6a3-7163a94e0626/element/98d0afea-7181-417e-b438-828bcf6d9df4/element'
15:50:12.657 [AsyncHttpClient-3-1] DEBUG o.a.netty.handler.HttpHandler - 

Request DefaultHttpRequest(decodeResult: success, version: HTTP/1.1)
POST /session/14f61660-7bcc-4279-b6a3-7163a94e0626/element/98d0afea-7181-417e-b438-828bcf6d9df4/element HTTP/1.1
User-Agent: selenium/4.0.0-alpha-5 (java windows)
Content-Length: 103
Content-Type: application/json; charset=utf-8
host: localhost:10889
accept: */*

Response DefaultHttpResponse(decodeResult: success, version: HTTP/1.1)
HTTP/1.1 200 OK
content-type: application/json; charset=utf-8
cache-control: no-cache
content-length: 88
date: Thu, 25 Jun 2020 12:50:12 GMT

15:50:12.657 [AsyncHttpClient-3-1] DEBUG o.a.netty.channel.ChannelManager - Adding key: http://localhost:10889 for channel [id: 0x7c68b8df, L:/127.0.0.1:64390 - R:localhost/127.0.0.1:10889]
15:50:12.657 [Forwarding getElementText on session 14f61660-7bcc-4279-b6a3-7163a94e0626 to remote] DEBUG o.a.netty.request.NettyRequestSender - Using pooled Channel '[id: 0x7c68b8df, L:/127.0.0.1:64390 - R:localhost/127.0.0.1:10889]' for 'GET' to 'http://localhost:10889/session/14f61660-7bcc-4279-b6a3-7163a94e0626/element/67da2646-7308-4e98-8c2d-b91758d703f8/text'
15:50:12.657 [Forwarding getElementText on session 14f61660-7bcc-4279-b6a3-7163a94e0626 to remote] DEBUG o.a.netty.request.NettyRequestSender - Using open Channel [id: 0x7c68b8df, L:/127.0.0.1:64390 - R:localhost/127.0.0.1:10889] for GET '/session/14f61660-7bcc-4279-b6a3-7163a94e0626/element/67da2646-7308-4e98-8c2d-b91758d703f8/text'
15:50:12.662 [AsyncHttpClient-3-1] DEBUG o.a.netty.handler.HttpHandler - 

Request DefaultFullHttpRequest(decodeResult: success, version: HTTP/1.1, content: EmptyByteBufBE)
GET /session/14f61660-7bcc-4279-b6a3-7163a94e0626/element/67da2646-7308-4e98-8c2d-b91758d703f8/text HTTP/1.1
User-Agent: selenium/4.0.0-alpha-5 (java windows)
Cache-Control: no-cache
host: localhost:10889
accept: */*

Response DefaultHttpResponse(decodeResult: success, version: HTTP/1.1)
HTTP/1.1 200 OK
content-type: application/json; charset=utf-8
cache-control: no-cache
content-length: 18
date: Thu, 25 Jun 2020 12:50:12 GMT

15:50:12.662 [AsyncHttpClient-3-1] DEBUG o.a.netty.channel.ChannelManager - Adding key: http://localhost:10889 for channel [id: 0x7c68b8df, L:/127.0.0.1:64390 - R:localhost/127.0.0.1:10889]
15:50:12.662 [Forwarding findChildElement on session 14f61660-7bcc-4279-b6a3-7163a94e0626 to remote] DEBUG o.a.netty.request.NettyRequestSender - Using pooled Channel '[id: 0x7c68b8df, L:/127.0.0.1:64390 - R:localhost/127.0.0.1:10889]' for 'POST' to 'http://localhost:10889/session/14f61660-7bcc-4279-b6a3-7163a94e0626/element/98d0afea-7181-417e-b438-828bcf6d9df4/element'
15:50:12.663 [Forwarding findChildElement on session 14f61660-7bcc-4279-b6a3-7163a94e0626 to remote] DEBUG o.a.netty.request.NettyRequestSender - Using open Channel [id: 0x7c68b8df, L:/127.0.0.1:64390 - R:localhost/127.0.0.1:10889] for POST '/session/14f61660-7bcc-4279-b6a3-7163a94e0626/element/98d0afea-7181-417e-b438-828bcf6d9df4/element'
15:50:12.666 [AsyncHttpClient-3-1] DEBUG o.a.netty.handler.HttpHandler - 

Request DefaultHttpRequest(decodeResult: success, version: HTTP/1.1)
POST /session/14f61660-7bcc-4279-b6a3-7163a94e0626/element/98d0afea-7181-417e-b438-828bcf6d9df4/element HTTP/1.1
User-Agent: selenium/4.0.0-alpha-5 (java windows)
Content-Length: 103
Content-Type: application/json; charset=utf-8
host: localhost:10889
accept: */*

Response DefaultHttpResponse(decodeResult: success, version: HTTP/1.1)
HTTP/1.1 200 OK
content-type: application/json; charset=utf-8
cache-control: no-cache
content-length: 88
date: Thu, 25 Jun 2020 12:50:12 GMT

15:50:12.666 [AsyncHttpClient-3-1] DEBUG o.a.netty.channel.ChannelManager - Adding key: http://localhost:10889 for channel [id: 0x7c68b8df, L:/127.0.0.1:64390 - R:localhost/127.0.0.1:10889]
15:50:12.666 [Forwarding getElementText on session 14f61660-7bcc-4279-b6a3-7163a94e0626 to remote] DEBUG o.a.netty.request.NettyRequestSender - Using pooled Channel '[id: 0x7c68b8df, L:/127.0.0.1:64390 - R:localhost/127.0.0.1:10889]' for 'GET' to 'http://localhost:10889/session/14f61660-7bcc-4279-b6a3-7163a94e0626/element/55be9a25-5411-4e5d-812d-25eb06ed8f09/text'
15:50:12.666 [Forwarding getElementText on session 14f61660-7bcc-4279-b6a3-7163a94e0626 to remote] DEBUG o.a.netty.request.NettyRequestSender - Using open Channel [id: 0x7c68b8df, L:/127.0.0.1:64390 - R:localhost/127.0.0.1:10889] for GET '/session/14f61660-7bcc-4279-b6a3-7163a94e0626/element/55be9a25-5411-4e5d-812d-25eb06ed8f09/text'
15:50:12.670 [AsyncHttpClient-3-1] DEBUG o.a.netty.handler.HttpHandler - 

Request DefaultFullHttpRequest(decodeResult: success, version: HTTP/1.1, content: EmptyByteBufBE)
GET /session/14f61660-7bcc-4279-b6a3-7163a94e0626/element/55be9a25-5411-4e5d-812d-25eb06ed8f09/text HTTP/1.1
User-Agent: selenium/4.0.0-alpha-5 (java windows)
Cache-Control: no-cache
host: localhost:10889
accept: */*

Response DefaultHttpResponse(decodeResult: success, version: HTTP/1.1)
HTTP/1.1 200 OK
content-type: application/json; charset=utf-8
cache-control: no-cache
content-length: 22
date: Thu, 25 Jun 2020 12:50:12 GMT

15:50:12.670 [AsyncHttpClient-3-1] DEBUG o.a.netty.channel.ChannelManager - Adding key: http://localhost:10889 for channel [id: 0x7c68b8df, L:/127.0.0.1:64390 - R:localhost/127.0.0.1:10889]
15:50:12.671 [Forwarding findChildElement on session 14f61660-7bcc-4279-b6a3-7163a94e0626 to remote] DEBUG o.a.netty.request.NettyRequestSender - Using pooled Channel '[id: 0x7c68b8df, L:/127.0.0.1:64390 - R:localhost/127.0.0.1:10889]' for 'POST' to 'http://localhost:10889/session/14f61660-7bcc-4279-b6a3-7163a94e0626/element/98d0afea-7181-417e-b438-828bcf6d9df4/element'
15:50:12.671 [Forwarding findChildElement on session 14f61660-7bcc-4279-b6a3-7163a94e0626 to remote] DEBUG o.a.netty.request.NettyRequestSender - Using open Channel [id: 0x7c68b8df, L:/127.0.0.1:64390 - R:localhost/127.0.0.1:10889] for POST '/session/14f61660-7bcc-4279-b6a3-7163a94e0626/element/98d0afea-7181-417e-b438-828bcf6d9df4/element'
15:50:12.674 [AsyncHttpClient-3-1] DEBUG o.a.netty.handler.HttpHandler - 

Request DefaultHttpRequest(decodeResult: success, version: HTTP/1.1)
POST /session/14f61660-7bcc-4279-b6a3-7163a94e0626/element/98d0afea-7181-417e-b438-828bcf6d9df4/element HTTP/1.1
User-Agent: selenium/4.0.0-alpha-5 (java windows)
Content-Length: 103
Content-Type: application/json; charset=utf-8
host: localhost:10889
accept: */*

Response DefaultHttpResponse(decodeResult: success, version: HTTP/1.1)
HTTP/1.1 200 OK
content-type: application/json; charset=utf-8
cache-control: no-cache
content-length: 88
date: Thu, 25 Jun 2020 12:50:12 GMT

15:50:12.674 [AsyncHttpClient-3-1] DEBUG o.a.netty.channel.ChannelManager - Adding key: http://localhost:10889 for channel [id: 0x7c68b8df, L:/127.0.0.1:64390 - R:localhost/127.0.0.1:10889]
15:50:12.674 [Forwarding getElementText on session 14f61660-7bcc-4279-b6a3-7163a94e0626 to remote] DEBUG o.a.netty.request.NettyRequestSender - Using pooled Channel '[id: 0x7c68b8df, L:/127.0.0.1:64390 - R:localhost/127.0.0.1:10889]' for 'GET' to 'http://localhost:10889/session/14f61660-7bcc-4279-b6a3-7163a94e0626/element/7967dc4f-331d-4d59-a42d-50678854b78a/text'
15:50:12.674 [Forwarding getElementText on session 14f61660-7bcc-4279-b6a3-7163a94e0626 to remote] DEBUG o.a.netty.request.NettyRequestSender - Using open Channel [id: 0x7c68b8df, L:/127.0.0.1:64390 - R:localhost/127.0.0.1:10889] for GET '/session/14f61660-7bcc-4279-b6a3-7163a94e0626/element/7967dc4f-331d-4d59-a42d-50678854b78a/text'
15:50:12.678 [AsyncHttpClient-3-1] DEBUG o.a.netty.handler.HttpHandler - 

Request DefaultFullHttpRequest(decodeResult: success, version: HTTP/1.1, content: EmptyByteBufBE)
GET /session/14f61660-7bcc-4279-b6a3-7163a94e0626/element/7967dc4f-331d-4d59-a42d-50678854b78a/text HTTP/1.1
User-Agent: selenium/4.0.0-alpha-5 (java windows)
Cache-Control: no-cache
host: localhost:10889
accept: */*

Response DefaultHttpResponse(decodeResult: success, version: HTTP/1.1)
HTTP/1.1 200 OK
content-type: application/json; charset=utf-8
cache-control: no-cache
content-length: 21
date: Thu, 25 Jun 2020 12:50:12 GMT

15:50:12.679 [AsyncHttpClient-3-1] DEBUG o.a.netty.channel.ChannelManager - Adding key: http://localhost:10889 for channel [id: 0x7c68b8df, L:/127.0.0.1:64390 - R:localhost/127.0.0.1:10889]
15:50:12.679 [Forwarding findChildElement on session 14f61660-7bcc-4279-b6a3-7163a94e0626 to remote] DEBUG o.a.netty.request.NettyRequestSender - Using pooled Channel '[id: 0x7c68b8df, L:/127.0.0.1:64390 - R:localhost/127.0.0.1:10889]' for 'POST' to 'http://localhost:10889/session/14f61660-7bcc-4279-b6a3-7163a94e0626/element/98d0afea-7181-417e-b438-828bcf6d9df4/element'
15:50:12.679 [Forwarding findChildElement on session 14f61660-7bcc-4279-b6a3-7163a94e0626 to remote] DEBUG o.a.netty.request.NettyRequestSender - Using open Channel [id: 0x7c68b8df, L:/127.0.0.1:64390 - R:localhost/127.0.0.1:10889] for POST '/session/14f61660-7bcc-4279-b6a3-7163a94e0626/element/98d0afea-7181-417e-b438-828bcf6d9df4/element'
15:50:12.682 [AsyncHttpClient-3-1] DEBUG o.a.netty.handler.HttpHandler - 

Request DefaultHttpRequest(decodeResult: success, version: HTTP/1.1)
POST /session/14f61660-7bcc-4279-b6a3-7163a94e0626/element/98d0afea-7181-417e-b438-828bcf6d9df4/element HTTP/1.1
User-Agent: selenium/4.0.0-alpha-5 (java windows)
Content-Length: 103
Content-Type: application/json; charset=utf-8
host: localhost:10889
accept: */*

Response DefaultHttpResponse(decodeResult: success, version: HTTP/1.1)
HTTP/1.1 200 OK
content-type: application/json; charset=utf-8
cache-control: no-cache
content-length: 88
date: Thu, 25 Jun 2020 12:50:12 GMT

15:50:12.683 [AsyncHttpClient-3-1] DEBUG o.a.netty.channel.ChannelManager - Adding key: http://localhost:10889 for channel [id: 0x7c68b8df, L:/127.0.0.1:64390 - R:localhost/127.0.0.1:10889]
15:50:12.683 [Forwarding getElementText on session 14f61660-7bcc-4279-b6a3-7163a94e0626 to remote] DEBUG o.a.netty.request.NettyRequestSender - Using pooled Channel '[id: 0x7c68b8df, L:/127.0.0.1:64390 - R:localhost/127.0.0.1:10889]' for 'GET' to 'http://localhost:10889/session/14f61660-7bcc-4279-b6a3-7163a94e0626/element/890e9ac4-4d71-4894-ad40-247f97977b70/text'
15:50:12.683 [Forwarding getElementText on session 14f61660-7bcc-4279-b6a3-7163a94e0626 to remote] DEBUG o.a.netty.request.NettyRequestSender - Using open Channel [id: 0x7c68b8df, L:/127.0.0.1:64390 - R:localhost/127.0.0.1:10889] for GET '/session/14f61660-7bcc-4279-b6a3-7163a94e0626/element/890e9ac4-4d71-4894-ad40-247f97977b70/text'
15:50:12.688 [AsyncHttpClient-3-1] DEBUG o.a.netty.handler.HttpHandler - 

Request DefaultFullHttpRequest(decodeResult: success, version: HTTP/1.1, content: EmptyByteBufBE)
GET /session/14f61660-7bcc-4279-b6a3-7163a94e0626/element/890e9ac4-4d71-4894-ad40-247f97977b70/text HTTP/1.1
User-Agent: selenium/4.0.0-alpha-5 (java windows)
Cache-Control: no-cache
host: localhost:10889
accept: */*

Response DefaultHttpResponse(decodeResult: success, version: HTTP/1.1)
HTTP/1.1 200 OK
content-type: application/json; charset=utf-8
cache-control: no-cache
content-length: 45
date: Thu, 25 Jun 2020 12:50:12 GMT

15:50:12.688 [AsyncHttpClient-3-1] DEBUG o.a.netty.channel.ChannelManager - Adding key: http://localhost:10889 for channel [id: 0x7c68b8df, L:/127.0.0.1:64390 - R:localhost/127.0.0.1:10889]
15:50:12.688 [Forwarding findChildElement on session 14f61660-7bcc-4279-b6a3-7163a94e0626 to remote] DEBUG o.a.netty.request.NettyRequestSender - Using pooled Channel '[id: 0x7c68b8df, L:/127.0.0.1:64390 - R:localhost/127.0.0.1:10889]' for 'POST' to 'http://localhost:10889/session/14f61660-7bcc-4279-b6a3-7163a94e0626/element/98d0afea-7181-417e-b438-828bcf6d9df4/element'
15:50:12.688 [Forwarding findChildElement on session 14f61660-7bcc-4279-b6a3-7163a94e0626 to remote] DEBUG o.a.netty.request.NettyRequestSender - Using open Channel [id: 0x7c68b8df, L:/127.0.0.1:64390 - R:localhost/127.0.0.1:10889] for POST '/session/14f61660-7bcc-4279-b6a3-7163a94e0626/element/98d0afea-7181-417e-b438-828bcf6d9df4/element'
15:50:12.691 [AsyncHttpClient-3-1] DEBUG o.a.netty.handler.HttpHandler - 

Request DefaultHttpRequest(decodeResult: success, version: HTTP/1.1)
POST /session/14f61660-7bcc-4279-b6a3-7163a94e0626/element/98d0afea-7181-417e-b438-828bcf6d9df4/element HTTP/1.1
User-Agent: selenium/4.0.0-alpha-5 (java windows)
Content-Length: 103
Content-Type: application/json; charset=utf-8
host: localhost:10889
accept: */*

Response DefaultHttpResponse(decodeResult: success, version: HTTP/1.1)
HTTP/1.1 200 OK
content-type: application/json; charset=utf-8
cache-control: no-cache
content-length: 88
date: Thu, 25 Jun 2020 12:50:12 GMT

15:50:12.692 [AsyncHttpClient-3-1] DEBUG o.a.netty.channel.ChannelManager - Adding key: http://localhost:10889 for channel [id: 0x7c68b8df, L:/127.0.0.1:64390 - R:localhost/127.0.0.1:10889]
15:50:12.692 [Forwarding getElementText on session 14f61660-7bcc-4279-b6a3-7163a94e0626 to remote] DEBUG o.a.netty.request.NettyRequestSender - Using pooled Channel '[id: 0x7c68b8df, L:/127.0.0.1:64390 - R:localhost/127.0.0.1:10889]' for 'GET' to 'http://localhost:10889/session/14f61660-7bcc-4279-b6a3-7163a94e0626/element/52e30e18-4080-4d01-a6d8-7e04b3fae13a/text'
15:50:12.692 [Forwarding getElementText on session 14f61660-7bcc-4279-b6a3-7163a94e0626 to remote] DEBUG o.a.netty.request.NettyRequestSender - Using open Channel [id: 0x7c68b8df, L:/127.0.0.1:64390 - R:localhost/127.0.0.1:10889] for GET '/session/14f61660-7bcc-4279-b6a3-7163a94e0626/element/52e30e18-4080-4d01-a6d8-7e04b3fae13a/text'
15:50:12.698 [AsyncHttpClient-3-1] DEBUG o.a.netty.handler.HttpHandler - 

Request DefaultFullHttpRequest(decodeResult: success, version: HTTP/1.1, content: EmptyByteBufBE)
GET /session/14f61660-7bcc-4279-b6a3-7163a94e0626/element/52e30e18-4080-4d01-a6d8-7e04b3fae13a/text HTTP/1.1
User-Agent: selenium/4.0.0-alpha-5 (java windows)
Cache-Control: no-cache
host: localhost:10889
accept: */*

Response DefaultHttpResponse(decodeResult: success, version: HTTP/1.1)
HTTP/1.1 200 OK
content-type: application/json; charset=utf-8
cache-control: no-cache
content-length: 57
date: Thu, 25 Jun 2020 12:50:12 GMT

15:50:12.699 [AsyncHttpClient-3-1] DEBUG o.a.netty.channel.ChannelManager - Adding key: http://localhost:10889 for channel [id: 0x7c68b8df, L:/127.0.0.1:64390 - R:localhost/127.0.0.1:10889]
15:50:12.699 [Forwarding findChildElement on session 14f61660-7bcc-4279-b6a3-7163a94e0626 to remote] DEBUG o.a.netty.request.NettyRequestSender - Using pooled Channel '[id: 0x7c68b8df, L:/127.0.0.1:64390 - R:localhost/127.0.0.1:10889]' for 'POST' to 'http://localhost:10889/session/14f61660-7bcc-4279-b6a3-7163a94e0626/element/98d0afea-7181-417e-b438-828bcf6d9df4/element'
15:50:12.699 [Forwarding findChildElement on session 14f61660-7bcc-4279-b6a3-7163a94e0626 to remote] DEBUG o.a.netty.request.NettyRequestSender - Using open Channel [id: 0x7c68b8df, L:/127.0.0.1:64390 - R:localhost/127.0.0.1:10889] for POST '/session/14f61660-7bcc-4279-b6a3-7163a94e0626/element/98d0afea-7181-417e-b438-828bcf6d9df4/element'
15:50:12.703 [AsyncHttpClient-3-1] DEBUG o.a.netty.handler.HttpHandler - 

Request DefaultHttpRequest(decodeResult: success, version: HTTP/1.1)
POST /session/14f61660-7bcc-4279-b6a3-7163a94e0626/element/98d0afea-7181-417e-b438-828bcf6d9df4/element HTTP/1.1
User-Agent: selenium/4.0.0-alpha-5 (java windows)
Content-Length: 97
Content-Type: application/json; charset=utf-8
host: localhost:10889
accept: */*

Response DefaultHttpResponse(decodeResult: success, version: HTTP/1.1)
HTTP/1.1 200 OK
content-type: application/json; charset=utf-8
cache-control: no-cache
content-length: 88
date: Thu, 25 Jun 2020 12:50:12 GMT

15:50:12.703 [AsyncHttpClient-3-1] DEBUG o.a.netty.channel.ChannelManager - Adding key: http://localhost:10889 for channel [id: 0x7c68b8df, L:/127.0.0.1:64390 - R:localhost/127.0.0.1:10889]
15:50:12.705 [Forwarding getElementAttribute on session 14f61660-7bcc-4279-b6a3-7163a94e0626 to remote] DEBUG o.a.netty.request.NettyRequestSender - Using pooled Channel '[id: 0x7c68b8df, L:/127.0.0.1:64390 - R:localhost/127.0.0.1:10889]' for 'POST' to 'http://localhost:10889/session/14f61660-7bcc-4279-b6a3-7163a94e0626/execute/sync'
15:50:12.705 [Forwarding getElementAttribute on session 14f61660-7bcc-4279-b6a3-7163a94e0626 to remote] DEBUG o.a.netty.request.NettyRequestSender - Using open Channel [id: 0x7c68b8df, L:/127.0.0.1:64390 - R:localhost/127.0.0.1:10889] for POST '/session/14f61660-7bcc-4279-b6a3-7163a94e0626/execute/sync'
15:50:12.719 [AsyncHttpClient-3-1] DEBUG o.a.netty.handler.HttpHandler - 

Request DefaultHttpRequest(decodeResult: success, version: HTTP/1.1)
POST /session/14f61660-7bcc-4279-b6a3-7163a94e0626/execute/sync HTTP/1.1
User-Agent: selenium/4.0.0-alpha-5 (java windows)
Content-Length: 39635
Content-Type: application/json; charset=utf-8
host: localhost:10889
accept: */*

Response DefaultHttpResponse(decodeResult: success, version: HTTP/1.1)
HTTP/1.1 200 OK
content-type: application/json; charset=utf-8
cache-control: no-cache
content-length: 15
date: Thu, 25 Jun 2020 12:50:12 GMT

15:50:12.719 [AsyncHttpClient-3-1] DEBUG o.a.netty.channel.ChannelManager - Adding key: http://localhost:10889 for channel [id: 0x7c68b8df, L:/127.0.0.1:64390 - R:localhost/127.0.0.1:10889]
15:50:12.719 [Forwarding findChildElement on session 14f61660-7bcc-4279-b6a3-7163a94e0626 to remote] DEBUG o.a.netty.request.NettyRequestSender - Using pooled Channel '[id: 0x7c68b8df, L:/127.0.0.1:64390 - R:localhost/127.0.0.1:10889]' for 'POST' to 'http://localhost:10889/session/14f61660-7bcc-4279-b6a3-7163a94e0626/element/bb14689b-dd75-455a-bf5a-d38f8d7de5a6/element'
15:50:12.719 [Forwarding findChildElement on session 14f61660-7bcc-4279-b6a3-7163a94e0626 to remote] DEBUG o.a.netty.request.NettyRequestSender - Using open Channel [id: 0x7c68b8df, L:/127.0.0.1:64390 - R:localhost/127.0.0.1:10889] for POST '/session/14f61660-7bcc-4279-b6a3-7163a94e0626/element/bb14689b-dd75-455a-bf5a-d38f8d7de5a6/element'
15:50:12.723 [AsyncHttpClient-3-1] DEBUG o.a.netty.handler.HttpHandler - 

Request DefaultHttpRequest(decodeResult: success, version: HTTP/1.1)
POST /session/14f61660-7bcc-4279-b6a3-7163a94e0626/element/bb14689b-dd75-455a-bf5a-d38f8d7de5a6/element HTTP/1.1
User-Agent: selenium/4.0.0-alpha-5 (java windows)
Content-Length: 103
Content-Type: application/json; charset=utf-8
host: localhost:10889
accept: */*

Response DefaultHttpResponse(decodeResult: success, version: HTTP/1.1)
HTTP/1.1 200 OK
content-type: application/json; charset=utf-8
cache-control: no-cache
content-length: 88
date: Thu, 25 Jun 2020 12:50:12 GMT

15:50:12.723 [AsyncHttpClient-3-1] DEBUG o.a.netty.channel.ChannelManager - Adding key: http://localhost:10889 for channel [id: 0x7c68b8df, L:/127.0.0.1:64390 - R:localhost/127.0.0.1:10889]
15:50:12.723 [Forwarding getElementText on session 14f61660-7bcc-4279-b6a3-7163a94e0626 to remote] DEBUG o.a.netty.request.NettyRequestSender - Using pooled Channel '[id: 0x7c68b8df, L:/127.0.0.1:64390 - R:localhost/127.0.0.1:10889]' for 'GET' to 'http://localhost:10889/session/14f61660-7bcc-4279-b6a3-7163a94e0626/element/4a6453f7-052b-4cde-8865-9d1e4478b0cb/text'
15:50:12.723 [Forwarding getElementText on session 14f61660-7bcc-4279-b6a3-7163a94e0626 to remote] DEBUG o.a.netty.request.NettyRequestSender - Using open Channel [id: 0x7c68b8df, L:/127.0.0.1:64390 - R:localhost/127.0.0.1:10889] for GET '/session/14f61660-7bcc-4279-b6a3-7163a94e0626/element/4a6453f7-052b-4cde-8865-9d1e4478b0cb/text'
15:50:12.728 [AsyncHttpClient-3-1] DEBUG o.a.netty.handler.HttpHandler - 

Request DefaultFullHttpRequest(decodeResult: success, version: HTTP/1.1, content: EmptyByteBufBE)
GET /session/14f61660-7bcc-4279-b6a3-7163a94e0626/element/4a6453f7-052b-4cde-8865-9d1e4478b0cb/text HTTP/1.1
User-Agent: selenium/4.0.0-alpha-5 (java windows)
Cache-Control: no-cache
host: localhost:10889
accept: */*

Response DefaultHttpResponse(decodeResult: success, version: HTTP/1.1)
HTTP/1.1 200 OK
content-type: application/json; charset=utf-8
cache-control: no-cache
content-length: 18
date: Thu, 25 Jun 2020 12:50:12 GMT

15:50:12.728 [AsyncHttpClient-3-1] DEBUG o.a.netty.channel.ChannelManager - Adding key: http://localhost:10889 for channel [id: 0x7c68b8df, L:/127.0.0.1:64390 - R:localhost/127.0.0.1:10889]
15:50:12.728 [Forwarding findChildElement on session 14f61660-7bcc-4279-b6a3-7163a94e0626 to remote] DEBUG o.a.netty.request.NettyRequestSender - Using pooled Channel '[id: 0x7c68b8df, L:/127.0.0.1:64390 - R:localhost/127.0.0.1:10889]' for 'POST' to 'http://localhost:10889/session/14f61660-7bcc-4279-b6a3-7163a94e0626/element/bb14689b-dd75-455a-bf5a-d38f8d7de5a6/element'
15:50:12.728 [Forwarding findChildElement on session 14f61660-7bcc-4279-b6a3-7163a94e0626 to remote] DEBUG o.a.netty.request.NettyRequestSender - Using open Channel [id: 0x7c68b8df, L:/127.0.0.1:64390 - R:localhost/127.0.0.1:10889] for POST '/session/14f61660-7bcc-4279-b6a3-7163a94e0626/element/bb14689b-dd75-455a-bf5a-d38f8d7de5a6/element'
15:50:12.732 [AsyncHttpClient-3-1] DEBUG o.a.netty.handler.HttpHandler - 

Request DefaultHttpRequest(decodeResult: success, version: HTTP/1.1)
POST /session/14f61660-7bcc-4279-b6a3-7163a94e0626/element/bb14689b-dd75-455a-bf5a-d38f8d7de5a6/element HTTP/1.1
User-Agent: selenium/4.0.0-alpha-5 (java windows)
Content-Length: 103
Content-Type: application/json; charset=utf-8
host: localhost:10889
accept: */*

Response DefaultHttpResponse(decodeResult: success, version: HTTP/1.1)
HTTP/1.1 200 OK
content-type: application/json; charset=utf-8
cache-control: no-cache
content-length: 88
date: Thu, 25 Jun 2020 12:50:12 GMT

15:50:12.732 [AsyncHttpClient-3-1] DEBUG o.a.netty.channel.ChannelManager - Adding key: http://localhost:10889 for channel [id: 0x7c68b8df, L:/127.0.0.1:64390 - R:localhost/127.0.0.1:10889]
15:50:12.732 [Forwarding getElementText on session 14f61660-7bcc-4279-b6a3-7163a94e0626 to remote] DEBUG o.a.netty.request.NettyRequestSender - Using pooled Channel '[id: 0x7c68b8df, L:/127.0.0.1:64390 - R:localhost/127.0.0.1:10889]' for 'GET' to 'http://localhost:10889/session/14f61660-7bcc-4279-b6a3-7163a94e0626/element/3ef6cb3b-61e5-4766-83cf-40fc179879cd/text'
15:50:12.732 [Forwarding getElementText on session 14f61660-7bcc-4279-b6a3-7163a94e0626 to remote] DEBUG o.a.netty.request.NettyRequestSender - Using open Channel [id: 0x7c68b8df, L:/127.0.0.1:64390 - R:localhost/127.0.0.1:10889] for GET '/session/14f61660-7bcc-4279-b6a3-7163a94e0626/element/3ef6cb3b-61e5-4766-83cf-40fc179879cd/text'
15:50:12.736 [AsyncHttpClient-3-1] DEBUG o.a.netty.handler.HttpHandler - 

Request DefaultFullHttpRequest(decodeResult: success, version: HTTP/1.1, content: EmptyByteBufBE)
GET /session/14f61660-7bcc-4279-b6a3-7163a94e0626/element/3ef6cb3b-61e5-4766-83cf-40fc179879cd/text HTTP/1.1
User-Agent: selenium/4.0.0-alpha-5 (java windows)
Cache-Control: no-cache
host: localhost:10889
accept: */*

Response DefaultHttpResponse(decodeResult: success, version: HTTP/1.1)
HTTP/1.1 200 OK
content-type: application/json; charset=utf-8
cache-control: no-cache
content-length: 22
date: Thu, 25 Jun 2020 12:50:12 GMT

15:50:12.736 [AsyncHttpClient-3-1] DEBUG o.a.netty.channel.ChannelManager - Adding key: http://localhost:10889 for channel [id: 0x7c68b8df, L:/127.0.0.1:64390 - R:localhost/127.0.0.1:10889]
15:50:12.737 [Forwarding findChildElement on session 14f61660-7bcc-4279-b6a3-7163a94e0626 to remote] DEBUG o.a.netty.request.NettyRequestSender - Using pooled Channel '[id: 0x7c68b8df, L:/127.0.0.1:64390 - R:localhost/127.0.0.1:10889]' for 'POST' to 'http://localhost:10889/session/14f61660-7bcc-4279-b6a3-7163a94e0626/element/bb14689b-dd75-455a-bf5a-d38f8d7de5a6/element'
15:50:12.737 [Forwarding findChildElement on session 14f61660-7bcc-4279-b6a3-7163a94e0626 to remote] DEBUG o.a.netty.request.NettyRequestSender - Using open Channel [id: 0x7c68b8df, L:/127.0.0.1:64390 - R:localhost/127.0.0.1:10889] for POST '/session/14f61660-7bcc-4279-b6a3-7163a94e0626/element/bb14689b-dd75-455a-bf5a-d38f8d7de5a6/element'
15:50:12.740 [AsyncHttpClient-3-1] DEBUG o.a.netty.handler.HttpHandler - 

Request DefaultHttpRequest(decodeResult: success, version: HTTP/1.1)
POST /session/14f61660-7bcc-4279-b6a3-7163a94e0626/element/bb14689b-dd75-455a-bf5a-d38f8d7de5a6/element HTTP/1.1
User-Agent: selenium/4.0.0-alpha-5 (java windows)
Content-Length: 103
Content-Type: application/json; charset=utf-8
host: localhost:10889
accept: */*

Response DefaultHttpResponse(decodeResult: success, version: HTTP/1.1)
HTTP/1.1 200 OK
content-type: application/json; charset=utf-8
cache-control: no-cache
content-length: 88
date: Thu, 25 Jun 2020 12:50:12 GMT

15:50:12.740 [AsyncHttpClient-3-1] DEBUG o.a.netty.channel.ChannelManager - Adding key: http://localhost:10889 for channel [id: 0x7c68b8df, L:/127.0.0.1:64390 - R:localhost/127.0.0.1:10889]
15:50:12.741 [Forwarding getElementText on session 14f61660-7bcc-4279-b6a3-7163a94e0626 to remote] DEBUG o.a.netty.request.NettyRequestSender - Using pooled Channel '[id: 0x7c68b8df, L:/127.0.0.1:64390 - R:localhost/127.0.0.1:10889]' for 'GET' to 'http://localhost:10889/session/14f61660-7bcc-4279-b6a3-7163a94e0626/element/d5e12817-0e75-4ce0-8fd8-7edb5ce63005/text'
15:50:12.741 [Forwarding getElementText on session 14f61660-7bcc-4279-b6a3-7163a94e0626 to remote] DEBUG o.a.netty.request.NettyRequestSender - Using open Channel [id: 0x7c68b8df, L:/127.0.0.1:64390 - R:localhost/127.0.0.1:10889] for GET '/session/14f61660-7bcc-4279-b6a3-7163a94e0626/element/d5e12817-0e75-4ce0-8fd8-7edb5ce63005/text'
15:50:12.745 [AsyncHttpClient-3-1] DEBUG o.a.netty.handler.HttpHandler - 

Request DefaultFullHttpRequest(decodeResult: success, version: HTTP/1.1, content: EmptyByteBufBE)
GET /session/14f61660-7bcc-4279-b6a3-7163a94e0626/element/d5e12817-0e75-4ce0-8fd8-7edb5ce63005/text HTTP/1.1
User-Agent: selenium/4.0.0-alpha-5 (java windows)
Cache-Control: no-cache
host: localhost:10889
accept: */*

Response DefaultHttpResponse(decodeResult: success, version: HTTP/1.1)
HTTP/1.1 200 OK
content-type: application/json; charset=utf-8
cache-control: no-cache
content-length: 21
date: Thu, 25 Jun 2020 12:50:12 GMT

15:50:12.745 [AsyncHttpClient-3-1] DEBUG o.a.netty.channel.ChannelManager - Adding key: http://localhost:10889 for channel [id: 0x7c68b8df, L:/127.0.0.1:64390 - R:localhost/127.0.0.1:10889]
15:50:12.746 [Forwarding findChildElement on session 14f61660-7bcc-4279-b6a3-7163a94e0626 to remote] DEBUG o.a.netty.request.NettyRequestSender - Using pooled Channel '[id: 0x7c68b8df, L:/127.0.0.1:64390 - R:localhost/127.0.0.1:10889]' for 'POST' to 'http://localhost:10889/session/14f61660-7bcc-4279-b6a3-7163a94e0626/element/bb14689b-dd75-455a-bf5a-d38f8d7de5a6/element'
15:50:12.746 [Forwarding findChildElement on session 14f61660-7bcc-4279-b6a3-7163a94e0626 to remote] DEBUG o.a.netty.request.NettyRequestSender - Using open Channel [id: 0x7c68b8df, L:/127.0.0.1:64390 - R:localhost/127.0.0.1:10889] for POST '/session/14f61660-7bcc-4279-b6a3-7163a94e0626/element/bb14689b-dd75-455a-bf5a-d38f8d7de5a6/element'
15:50:12.750 [AsyncHttpClient-3-1] DEBUG o.a.netty.handler.HttpHandler - 

Request DefaultHttpRequest(decodeResult: success, version: HTTP/1.1)
POST /session/14f61660-7bcc-4279-b6a3-7163a94e0626/element/bb14689b-dd75-455a-bf5a-d38f8d7de5a6/element HTTP/1.1
User-Agent: selenium/4.0.0-alpha-5 (java windows)
Content-Length: 103
Content-Type: application/json; charset=utf-8
host: localhost:10889
accept: */*

Response DefaultHttpResponse(decodeResult: success, version: HTTP/1.1)
HTTP/1.1 200 OK
content-type: application/json; charset=utf-8
cache-control: no-cache
content-length: 88
date: Thu, 25 Jun 2020 12:50:12 GMT

15:50:12.750 [AsyncHttpClient-3-1] DEBUG o.a.netty.channel.ChannelManager - Adding key: http://localhost:10889 for channel [id: 0x7c68b8df, L:/127.0.0.1:64390 - R:localhost/127.0.0.1:10889]
15:50:12.750 [Forwarding getElementText on session 14f61660-7bcc-4279-b6a3-7163a94e0626 to remote] DEBUG o.a.netty.request.NettyRequestSender - Using pooled Channel '[id: 0x7c68b8df, L:/127.0.0.1:64390 - R:localhost/127.0.0.1:10889]' for 'GET' to 'http://localhost:10889/session/14f61660-7bcc-4279-b6a3-7163a94e0626/element/774652d7-2429-46b0-bd99-7b6b94b9a135/text'
15:50:12.750 [Forwarding getElementText on session 14f61660-7bcc-4279-b6a3-7163a94e0626 to remote] DEBUG o.a.netty.request.NettyRequestSender - Using open Channel [id: 0x7c68b8df, L:/127.0.0.1:64390 - R:localhost/127.0.0.1:10889] for GET '/session/14f61660-7bcc-4279-b6a3-7163a94e0626/element/774652d7-2429-46b0-bd99-7b6b94b9a135/text'
15:50:12.755 [AsyncHttpClient-3-1] DEBUG o.a.netty.handler.HttpHandler - 

Request DefaultFullHttpRequest(decodeResult: success, version: HTTP/1.1, content: EmptyByteBufBE)
GET /session/14f61660-7bcc-4279-b6a3-7163a94e0626/element/774652d7-2429-46b0-bd99-7b6b94b9a135/text HTTP/1.1
User-Agent: selenium/4.0.0-alpha-5 (java windows)
Cache-Control: no-cache
host: localhost:10889
accept: */*

Response DefaultHttpResponse(decodeResult: success, version: HTTP/1.1)
HTTP/1.1 200 OK
content-type: application/json; charset=utf-8
cache-control: no-cache
content-length: 45
date: Thu, 25 Jun 2020 12:50:12 GMT

15:50:12.755 [AsyncHttpClient-3-1] DEBUG o.a.netty.channel.ChannelManager - Adding key: http://localhost:10889 for channel [id: 0x7c68b8df, L:/127.0.0.1:64390 - R:localhost/127.0.0.1:10889]
15:50:12.756 [Forwarding findChildElement on session 14f61660-7bcc-4279-b6a3-7163a94e0626 to remote] DEBUG o.a.netty.request.NettyRequestSender - Using pooled Channel '[id: 0x7c68b8df, L:/127.0.0.1:64390 - R:localhost/127.0.0.1:10889]' for 'POST' to 'http://localhost:10889/session/14f61660-7bcc-4279-b6a3-7163a94e0626/element/bb14689b-dd75-455a-bf5a-d38f8d7de5a6/element'
15:50:12.756 [Forwarding findChildElement on session 14f61660-7bcc-4279-b6a3-7163a94e0626 to remote] DEBUG o.a.netty.request.NettyRequestSender - Using open Channel [id: 0x7c68b8df, L:/127.0.0.1:64390 - R:localhost/127.0.0.1:10889] for POST '/session/14f61660-7bcc-4279-b6a3-7163a94e0626/element/bb14689b-dd75-455a-bf5a-d38f8d7de5a6/element'
15:50:12.759 [AsyncHttpClient-3-1] DEBUG o.a.netty.handler.HttpHandler - 

Request DefaultHttpRequest(decodeResult: success, version: HTTP/1.1)
POST /session/14f61660-7bcc-4279-b6a3-7163a94e0626/element/bb14689b-dd75-455a-bf5a-d38f8d7de5a6/element HTTP/1.1
User-Agent: selenium/4.0.0-alpha-5 (java windows)
Content-Length: 103
Content-Type: application/json; charset=utf-8
host: localhost:10889
accept: */*

Response DefaultHttpResponse(decodeResult: success, version: HTTP/1.1)
HTTP/1.1 200 OK
content-type: application/json; charset=utf-8
cache-control: no-cache
content-length: 88
date: Thu, 25 Jun 2020 12:50:12 GMT

15:50:12.759 [AsyncHttpClient-3-1] DEBUG o.a.netty.channel.ChannelManager - Adding key: http://localhost:10889 for channel [id: 0x7c68b8df, L:/127.0.0.1:64390 - R:localhost/127.0.0.1:10889]
15:50:12.760 [Forwarding getElementText on session 14f61660-7bcc-4279-b6a3-7163a94e0626 to remote] DEBUG o.a.netty.request.NettyRequestSender - Using pooled Channel '[id: 0x7c68b8df, L:/127.0.0.1:64390 - R:localhost/127.0.0.1:10889]' for 'GET' to 'http://localhost:10889/session/14f61660-7bcc-4279-b6a3-7163a94e0626/element/8e2f6b03-497d-4857-b4e5-93d2d616d2a4/text'
15:50:12.760 [Forwarding getElementText on session 14f61660-7bcc-4279-b6a3-7163a94e0626 to remote] DEBUG o.a.netty.request.NettyRequestSender - Using open Channel [id: 0x7c68b8df, L:/127.0.0.1:64390 - R:localhost/127.0.0.1:10889] for GET '/session/14f61660-7bcc-4279-b6a3-7163a94e0626/element/8e2f6b03-497d-4857-b4e5-93d2d616d2a4/text'
15:50:12.766 [AsyncHttpClient-3-1] DEBUG o.a.netty.handler.HttpHandler - 

Request DefaultFullHttpRequest(decodeResult: success, version: HTTP/1.1, content: EmptyByteBufBE)
GET /session/14f61660-7bcc-4279-b6a3-7163a94e0626/element/8e2f6b03-497d-4857-b4e5-93d2d616d2a4/text HTTP/1.1
User-Agent: selenium/4.0.0-alpha-5 (java windows)
Cache-Control: no-cache
host: localhost:10889
accept: */*

Response DefaultHttpResponse(decodeResult: success, version: HTTP/1.1)
HTTP/1.1 200 OK
content-type: application/json; charset=utf-8
cache-control: no-cache
content-length: 57
date: Thu, 25 Jun 2020 12:50:12 GMT

15:50:12.767 [AsyncHttpClient-3-1] DEBUG o.a.netty.channel.ChannelManager - Adding key: http://localhost:10889 for channel [id: 0x7c68b8df, L:/127.0.0.1:64390 - R:localhost/127.0.0.1:10889]
15:50:12.767 [Forwarding findChildElement on session 14f61660-7bcc-4279-b6a3-7163a94e0626 to remote] DEBUG o.a.netty.request.NettyRequestSender - Using pooled Channel '[id: 0x7c68b8df, L:/127.0.0.1:64390 - R:localhost/127.0.0.1:10889]' for 'POST' to 'http://localhost:10889/session/14f61660-7bcc-4279-b6a3-7163a94e0626/element/bb14689b-dd75-455a-bf5a-d38f8d7de5a6/element'
15:50:12.767 [Forwarding findChildElement on session 14f61660-7bcc-4279-b6a3-7163a94e0626 to remote] DEBUG o.a.netty.request.NettyRequestSender - Using open Channel [id: 0x7c68b8df, L:/127.0.0.1:64390 - R:localhost/127.0.0.1:10889] for POST '/session/14f61660-7bcc-4279-b6a3-7163a94e0626/element/bb14689b-dd75-455a-bf5a-d38f8d7de5a6/element'
15:50:12.770 [AsyncHttpClient-3-1] DEBUG o.a.netty.handler.HttpHandler - 

Request DefaultHttpRequest(decodeResult: success, version: HTTP/1.1)
POST /session/14f61660-7bcc-4279-b6a3-7163a94e0626/element/bb14689b-dd75-455a-bf5a-d38f8d7de5a6/element HTTP/1.1
User-Agent: selenium/4.0.0-alpha-5 (java windows)
Content-Length: 97
Content-Type: application/json; charset=utf-8
host: localhost:10889
accept: */*

Response DefaultHttpResponse(decodeResult: success, version: HTTP/1.1)
HTTP/1.1 200 OK
content-type: application/json; charset=utf-8
cache-control: no-cache
content-length: 88
date: Thu, 25 Jun 2020 12:50:12 GMT

15:50:12.771 [AsyncHttpClient-3-1] DEBUG o.a.netty.channel.ChannelManager - Adding key: http://localhost:10889 for channel [id: 0x7c68b8df, L:/127.0.0.1:64390 - R:localhost/127.0.0.1:10889]
15:50:12.773 [Forwarding getElementAttribute on session 14f61660-7bcc-4279-b6a3-7163a94e0626 to remote] DEBUG o.a.netty.request.NettyRequestSender - Using pooled Channel '[id: 0x7c68b8df, L:/127.0.0.1:64390 - R:localhost/127.0.0.1:10889]' for 'POST' to 'http://localhost:10889/session/14f61660-7bcc-4279-b6a3-7163a94e0626/execute/sync'
15:50:12.773 [Forwarding getElementAttribute on session 14f61660-7bcc-4279-b6a3-7163a94e0626 to remote] DEBUG o.a.netty.request.NettyRequestSender - Using open Channel [id: 0x7c68b8df, L:/127.0.0.1:64390 - R:localhost/127.0.0.1:10889] for POST '/session/14f61660-7bcc-4279-b6a3-7163a94e0626/execute/sync'
15:50:12.786 [AsyncHttpClient-3-1] DEBUG o.a.netty.handler.HttpHandler - 

Request DefaultHttpRequest(decodeResult: success, version: HTTP/1.1)
POST /session/14f61660-7bcc-4279-b6a3-7163a94e0626/execute/sync HTTP/1.1
User-Agent: selenium/4.0.0-alpha-5 (java windows)
Content-Length: 39635
Content-Type: application/json; charset=utf-8
host: localhost:10889
accept: */*

Response DefaultHttpResponse(decodeResult: success, version: HTTP/1.1)
HTTP/1.1 200 OK
content-type: application/json; charset=utf-8
cache-control: no-cache
content-length: 15
date: Thu, 25 Jun 2020 12:50:12 GMT

15:50:12.786 [AsyncHttpClient-3-1] DEBUG o.a.netty.channel.ChannelManager - Adding key: http://localhost:10889 for channel [id: 0x7c68b8df, L:/127.0.0.1:64390 - R:localhost/127.0.0.1:10889]
15:50:12.787 [Forwarding findChildElement on session 14f61660-7bcc-4279-b6a3-7163a94e0626 to remote] DEBUG o.a.netty.request.NettyRequestSender - Using pooled Channel '[id: 0x7c68b8df, L:/127.0.0.1:64390 - R:localhost/127.0.0.1:10889]' for 'POST' to 'http://localhost:10889/session/14f61660-7bcc-4279-b6a3-7163a94e0626/element/f441f07e-9a24-4a00-922d-3cd67104671c/element'
15:50:12.787 [Forwarding findChildElement on session 14f61660-7bcc-4279-b6a3-7163a94e0626 to remote] DEBUG o.a.netty.request.NettyRequestSender - Using open Channel [id: 0x7c68b8df, L:/127.0.0.1:64390 - R:localhost/127.0.0.1:10889] for POST '/session/14f61660-7bcc-4279-b6a3-7163a94e0626/element/f441f07e-9a24-4a00-922d-3cd67104671c/element'
15:50:12.791 [AsyncHttpClient-3-1] DEBUG o.a.netty.handler.HttpHandler - 

Request DefaultHttpRequest(decodeResult: success, version: HTTP/1.1)
POST /session/14f61660-7bcc-4279-b6a3-7163a94e0626/element/f441f07e-9a24-4a00-922d-3cd67104671c/element HTTP/1.1
User-Agent: selenium/4.0.0-alpha-5 (java windows)
Content-Length: 103
Content-Type: application/json; charset=utf-8
host: localhost:10889
accept: */*

Response DefaultHttpResponse(decodeResult: success, version: HTTP/1.1)
HTTP/1.1 200 OK
content-type: application/json; charset=utf-8
cache-control: no-cache
content-length: 88
date: Thu, 25 Jun 2020 12:50:12 GMT

15:50:12.791 [AsyncHttpClient-3-1] DEBUG o.a.netty.channel.ChannelManager - Adding key: http://localhost:10889 for channel [id: 0x7c68b8df, L:/127.0.0.1:64390 - R:localhost/127.0.0.1:10889]
15:50:12.791 [Forwarding getElementText on session 14f61660-7bcc-4279-b6a3-7163a94e0626 to remote] DEBUG o.a.netty.request.NettyRequestSender - Using pooled Channel '[id: 0x7c68b8df, L:/127.0.0.1:64390 - R:localhost/127.0.0.1:10889]' for 'GET' to 'http://localhost:10889/session/14f61660-7bcc-4279-b6a3-7163a94e0626/element/2d160e0a-b75b-4368-9bc2-25f7e84b2dc3/text'
15:50:12.791 [Forwarding getElementText on session 14f61660-7bcc-4279-b6a3-7163a94e0626 to remote] DEBUG o.a.netty.request.NettyRequestSender - Using open Channel [id: 0x7c68b8df, L:/127.0.0.1:64390 - R:localhost/127.0.0.1:10889] for GET '/session/14f61660-7bcc-4279-b6a3-7163a94e0626/element/2d160e0a-b75b-4368-9bc2-25f7e84b2dc3/text'
15:50:12.796 [AsyncHttpClient-3-1] DEBUG o.a.netty.handler.HttpHandler - 

Request DefaultFullHttpRequest(decodeResult: success, version: HTTP/1.1, content: EmptyByteBufBE)
GET /session/14f61660-7bcc-4279-b6a3-7163a94e0626/element/2d160e0a-b75b-4368-9bc2-25f7e84b2dc3/text HTTP/1.1
User-Agent: selenium/4.0.0-alpha-5 (java windows)
Cache-Control: no-cache
host: localhost:10889
accept: */*

Response DefaultHttpResponse(decodeResult: success, version: HTTP/1.1)
HTTP/1.1 200 OK
content-type: application/json; charset=utf-8
cache-control: no-cache
content-length: 18
date: Thu, 25 Jun 2020 12:50:12 GMT

15:50:12.796 [AsyncHttpClient-3-1] DEBUG o.a.netty.channel.ChannelManager - Adding key: http://localhost:10889 for channel [id: 0x7c68b8df, L:/127.0.0.1:64390 - R:localhost/127.0.0.1:10889]
15:50:12.796 [Forwarding findChildElement on session 14f61660-7bcc-4279-b6a3-7163a94e0626 to remote] DEBUG o.a.netty.request.NettyRequestSender - Using pooled Channel '[id: 0x7c68b8df, L:/127.0.0.1:64390 - R:localhost/127.0.0.1:10889]' for 'POST' to 'http://localhost:10889/session/14f61660-7bcc-4279-b6a3-7163a94e0626/element/f441f07e-9a24-4a00-922d-3cd67104671c/element'
15:50:12.797 [Forwarding findChildElement on session 14f61660-7bcc-4279-b6a3-7163a94e0626 to remote] DEBUG o.a.netty.request.NettyRequestSender - Using open Channel [id: 0x7c68b8df, L:/127.0.0.1:64390 - R:localhost/127.0.0.1:10889] for POST '/session/14f61660-7bcc-4279-b6a3-7163a94e0626/element/f441f07e-9a24-4a00-922d-3cd67104671c/element'
15:50:12.800 [AsyncHttpClient-3-1] DEBUG o.a.netty.handler.HttpHandler - 

Request DefaultHttpRequest(decodeResult: success, version: HTTP/1.1)
POST /session/14f61660-7bcc-4279-b6a3-7163a94e0626/element/f441f07e-9a24-4a00-922d-3cd67104671c/element HTTP/1.1
User-Agent: selenium/4.0.0-alpha-5 (java windows)
Content-Length: 103
Content-Type: application/json; charset=utf-8
host: localhost:10889
accept: */*

Response DefaultHttpResponse(decodeResult: success, version: HTTP/1.1)
HTTP/1.1 200 OK
content-type: application/json; charset=utf-8
cache-control: no-cache
content-length: 88
date: Thu, 25 Jun 2020 12:50:12 GMT

15:50:12.800 [AsyncHttpClient-3-1] DEBUG o.a.netty.channel.ChannelManager - Adding key: http://localhost:10889 for channel [id: 0x7c68b8df, L:/127.0.0.1:64390 - R:localhost/127.0.0.1:10889]
15:50:12.800 [Forwarding getElementText on session 14f61660-7bcc-4279-b6a3-7163a94e0626 to remote] DEBUG o.a.netty.request.NettyRequestSender - Using pooled Channel '[id: 0x7c68b8df, L:/127.0.0.1:64390 - R:localhost/127.0.0.1:10889]' for 'GET' to 'http://localhost:10889/session/14f61660-7bcc-4279-b6a3-7163a94e0626/element/ff20795e-8de5-4c7a-81b1-7c7f485b7e9e/text'
15:50:12.800 [Forwarding getElementText on session 14f61660-7bcc-4279-b6a3-7163a94e0626 to remote] DEBUG o.a.netty.request.NettyRequestSender - Using open Channel [id: 0x7c68b8df, L:/127.0.0.1:64390 - R:localhost/127.0.0.1:10889] for GET '/session/14f61660-7bcc-4279-b6a3-7163a94e0626/element/ff20795e-8de5-4c7a-81b1-7c7f485b7e9e/text'
15:50:12.805 [AsyncHttpClient-3-1] DEBUG o.a.netty.handler.HttpHandler - 

Request DefaultFullHttpRequest(decodeResult: success, version: HTTP/1.1, content: EmptyByteBufBE)
GET /session/14f61660-7bcc-4279-b6a3-7163a94e0626/element/ff20795e-8de5-4c7a-81b1-7c7f485b7e9e/text HTTP/1.1
User-Agent: selenium/4.0.0-alpha-5 (java windows)
Cache-Control: no-cache
host: localhost:10889
accept: */*

Response DefaultHttpResponse(decodeResult: success, version: HTTP/1.1)
HTTP/1.1 200 OK
content-type: application/json; charset=utf-8
cache-control: no-cache
content-length: 22
date: Thu, 25 Jun 2020 12:50:12 GMT

15:50:12.805 [AsyncHttpClient-3-1] DEBUG o.a.netty.channel.ChannelManager - Adding key: http://localhost:10889 for channel [id: 0x7c68b8df, L:/127.0.0.1:64390 - R:localhost/127.0.0.1:10889]
15:50:12.805 [Forwarding findChildElement on session 14f61660-7bcc-4279-b6a3-7163a94e0626 to remote] DEBUG o.a.netty.request.NettyRequestSender - Using pooled Channel '[id: 0x7c68b8df, L:/127.0.0.1:64390 - R:localhost/127.0.0.1:10889]' for 'POST' to 'http://localhost:10889/session/14f61660-7bcc-4279-b6a3-7163a94e0626/element/f441f07e-9a24-4a00-922d-3cd67104671c/element'
15:50:12.805 [Forwarding findChildElement on session 14f61660-7bcc-4279-b6a3-7163a94e0626 to remote] DEBUG o.a.netty.request.NettyRequestSender - Using open Channel [id: 0x7c68b8df, L:/127.0.0.1:64390 - R:localhost/127.0.0.1:10889] for POST '/session/14f61660-7bcc-4279-b6a3-7163a94e0626/element/f441f07e-9a24-4a00-922d-3cd67104671c/element'
15:50:12.809 [AsyncHttpClient-3-1] DEBUG o.a.netty.handler.HttpHandler - 

Request DefaultHttpRequest(decodeResult: success, version: HTTP/1.1)
POST /session/14f61660-7bcc-4279-b6a3-7163a94e0626/element/f441f07e-9a24-4a00-922d-3cd67104671c/element HTTP/1.1
User-Agent: selenium/4.0.0-alpha-5 (java windows)
Content-Length: 103
Content-Type: application/json; charset=utf-8
host: localhost:10889
accept: */*

Response DefaultHttpResponse(decodeResult: success, version: HTTP/1.1)
HTTP/1.1 200 OK
content-type: application/json; charset=utf-8
cache-control: no-cache
content-length: 88
date: Thu, 25 Jun 2020 12:50:12 GMT

15:50:12.809 [AsyncHttpClient-3-1] DEBUG o.a.netty.channel.ChannelManager - Adding key: http://localhost:10889 for channel [id: 0x7c68b8df, L:/127.0.0.1:64390 - R:localhost/127.0.0.1:10889]
15:50:12.809 [Forwarding getElementText on session 14f61660-7bcc-4279-b6a3-7163a94e0626 to remote] DEBUG o.a.netty.request.NettyRequestSender - Using pooled Channel '[id: 0x7c68b8df, L:/127.0.0.1:64390 - R:localhost/127.0.0.1:10889]' for 'GET' to 'http://localhost:10889/session/14f61660-7bcc-4279-b6a3-7163a94e0626/element/a7737a36-4314-4b57-9b53-c4284a173d16/text'
15:50:12.809 [Forwarding getElementText on session 14f61660-7bcc-4279-b6a3-7163a94e0626 to remote] DEBUG o.a.netty.request.NettyRequestSender - Using open Channel [id: 0x7c68b8df, L:/127.0.0.1:64390 - R:localhost/127.0.0.1:10889] for GET '/session/14f61660-7bcc-4279-b6a3-7163a94e0626/element/a7737a36-4314-4b57-9b53-c4284a173d16/text'
15:50:12.813 [AsyncHttpClient-3-1] DEBUG o.a.netty.handler.HttpHandler - 

Request DefaultFullHttpRequest(decodeResult: success, version: HTTP/1.1, content: EmptyByteBufBE)
GET /session/14f61660-7bcc-4279-b6a3-7163a94e0626/element/a7737a36-4314-4b57-9b53-c4284a173d16/text HTTP/1.1
User-Agent: selenium/4.0.0-alpha-5 (java windows)
Cache-Control: no-cache
host: localhost:10889
accept: */*

Response DefaultHttpResponse(decodeResult: success, version: HTTP/1.1)
HTTP/1.1 200 OK
content-type: application/json; charset=utf-8
cache-control: no-cache
content-length: 21
date: Thu, 25 Jun 2020 12:50:12 GMT

15:50:12.813 [AsyncHttpClient-3-1] DEBUG o.a.netty.channel.ChannelManager - Adding key: http://localhost:10889 for channel [id: 0x7c68b8df, L:/127.0.0.1:64390 - R:localhost/127.0.0.1:10889]
15:50:12.814 [Forwarding findChildElement on session 14f61660-7bcc-4279-b6a3-7163a94e0626 to remote] DEBUG o.a.netty.request.NettyRequestSender - Using pooled Channel '[id: 0x7c68b8df, L:/127.0.0.1:64390 - R:localhost/127.0.0.1:10889]' for 'POST' to 'http://localhost:10889/session/14f61660-7bcc-4279-b6a3-7163a94e0626/element/f441f07e-9a24-4a00-922d-3cd67104671c/element'
15:50:12.814 [Forwarding findChildElement on session 14f61660-7bcc-4279-b6a3-7163a94e0626 to remote] DEBUG o.a.netty.request.NettyRequestSender - Using open Channel [id: 0x7c68b8df, L:/127.0.0.1:64390 - R:localhost/127.0.0.1:10889] for POST '/session/14f61660-7bcc-4279-b6a3-7163a94e0626/element/f441f07e-9a24-4a00-922d-3cd67104671c/element'
15:50:12.817 [AsyncHttpClient-3-1] DEBUG o.a.netty.handler.HttpHandler - 

Request DefaultHttpRequest(decodeResult: success, version: HTTP/1.1)
POST /session/14f61660-7bcc-4279-b6a3-7163a94e0626/element/f441f07e-9a24-4a00-922d-3cd67104671c/element HTTP/1.1
User-Agent: selenium/4.0.0-alpha-5 (java windows)
Content-Length: 103
Content-Type: application/json; charset=utf-8
host: localhost:10889
accept: */*

Response DefaultHttpResponse(decodeResult: success, version: HTTP/1.1)
HTTP/1.1 200 OK
content-type: application/json; charset=utf-8
cache-control: no-cache
content-length: 88
date: Thu, 25 Jun 2020 12:50:12 GMT

15:50:12.817 [AsyncHttpClient-3-1] DEBUG o.a.netty.channel.ChannelManager - Adding key: http://localhost:10889 for channel [id: 0x7c68b8df, L:/127.0.0.1:64390 - R:localhost/127.0.0.1:10889]
15:50:12.818 [Forwarding getElementText on session 14f61660-7bcc-4279-b6a3-7163a94e0626 to remote] DEBUG o.a.netty.request.NettyRequestSender - Using pooled Channel '[id: 0x7c68b8df, L:/127.0.0.1:64390 - R:localhost/127.0.0.1:10889]' for 'GET' to 'http://localhost:10889/session/14f61660-7bcc-4279-b6a3-7163a94e0626/element/851b31a9-5160-4a41-a777-04fbe1f077b6/text'
15:50:12.818 [Forwarding getElementText on session 14f61660-7bcc-4279-b6a3-7163a94e0626 to remote] DEBUG o.a.netty.request.NettyRequestSender - Using open Channel [id: 0x7c68b8df, L:/127.0.0.1:64390 - R:localhost/127.0.0.1:10889] for GET '/session/14f61660-7bcc-4279-b6a3-7163a94e0626/element/851b31a9-5160-4a41-a777-04fbe1f077b6/text'
15:50:12.823 [AsyncHttpClient-3-1] DEBUG o.a.netty.handler.HttpHandler - 

Request DefaultFullHttpRequest(decodeResult: success, version: HTTP/1.1, content: EmptyByteBufBE)
GET /session/14f61660-7bcc-4279-b6a3-7163a94e0626/element/851b31a9-5160-4a41-a777-04fbe1f077b6/text HTTP/1.1
User-Agent: selenium/4.0.0-alpha-5 (java windows)
Cache-Control: no-cache
host: localhost:10889
accept: */*

Response DefaultHttpResponse(decodeResult: success, version: HTTP/1.1)
HTTP/1.1 200 OK
content-type: application/json; charset=utf-8
cache-control: no-cache
content-length: 45
date: Thu, 25 Jun 2020 12:50:12 GMT

15:50:12.823 [AsyncHttpClient-3-1] DEBUG o.a.netty.channel.ChannelManager - Adding key: http://localhost:10889 for channel [id: 0x7c68b8df, L:/127.0.0.1:64390 - R:localhost/127.0.0.1:10889]
15:50:12.824 [Forwarding findChildElement on session 14f61660-7bcc-4279-b6a3-7163a94e0626 to remote] DEBUG o.a.netty.request.NettyRequestSender - Using pooled Channel '[id: 0x7c68b8df, L:/127.0.0.1:64390 - R:localhost/127.0.0.1:10889]' for 'POST' to 'http://localhost:10889/session/14f61660-7bcc-4279-b6a3-7163a94e0626/element/f441f07e-9a24-4a00-922d-3cd67104671c/element'
15:50:12.824 [Forwarding findChildElement on session 14f61660-7bcc-4279-b6a3-7163a94e0626 to remote] DEBUG o.a.netty.request.NettyRequestSender - Using open Channel [id: 0x7c68b8df, L:/127.0.0.1:64390 - R:localhost/127.0.0.1:10889] for POST '/session/14f61660-7bcc-4279-b6a3-7163a94e0626/element/f441f07e-9a24-4a00-922d-3cd67104671c/element'
15:50:12.829 [AsyncHttpClient-3-1] DEBUG o.a.netty.handler.HttpHandler - 

Request DefaultHttpRequest(decodeResult: success, version: HTTP/1.1)
POST /session/14f61660-7bcc-4279-b6a3-7163a94e0626/element/f441f07e-9a24-4a00-922d-3cd67104671c/element HTTP/1.1
User-Agent: selenium/4.0.0-alpha-5 (java windows)
Content-Length: 103
Content-Type: application/json; charset=utf-8
host: localhost:10889
accept: */*

Response DefaultHttpResponse(decodeResult: success, version: HTTP/1.1)
HTTP/1.1 200 OK
content-type: application/json; charset=utf-8
cache-control: no-cache
content-length: 88
date: Thu, 25 Jun 2020 12:50:12 GMT

15:50:12.829 [AsyncHttpClient-3-1] DEBUG o.a.netty.channel.ChannelManager - Adding key: http://localhost:10889 for channel [id: 0x7c68b8df, L:/127.0.0.1:64390 - R:localhost/127.0.0.1:10889]
15:50:12.830 [Forwarding getElementText on session 14f61660-7bcc-4279-b6a3-7163a94e0626 to remote] DEBUG o.a.netty.request.NettyRequestSender - Using pooled Channel '[id: 0x7c68b8df, L:/127.0.0.1:64390 - R:localhost/127.0.0.1:10889]' for 'GET' to 'http://localhost:10889/session/14f61660-7bcc-4279-b6a3-7163a94e0626/element/f9d042dc-cda2-4b02-ba1f-ea116c98af4f/text'
15:50:12.830 [Forwarding getElementText on session 14f61660-7bcc-4279-b6a3-7163a94e0626 to remote] DEBUG o.a.netty.request.NettyRequestSender - Using open Channel [id: 0x7c68b8df, L:/127.0.0.1:64390 - R:localhost/127.0.0.1:10889] for GET '/session/14f61660-7bcc-4279-b6a3-7163a94e0626/element/f9d042dc-cda2-4b02-ba1f-ea116c98af4f/text'
15:50:12.836 [AsyncHttpClient-3-1] DEBUG o.a.netty.handler.HttpHandler - 

Request DefaultFullHttpRequest(decodeResult: success, version: HTTP/1.1, content: EmptyByteBufBE)
GET /session/14f61660-7bcc-4279-b6a3-7163a94e0626/element/f9d042dc-cda2-4b02-ba1f-ea116c98af4f/text HTTP/1.1
User-Agent: selenium/4.0.0-alpha-5 (java windows)
Cache-Control: no-cache
host: localhost:10889
accept: */*

Response DefaultHttpResponse(decodeResult: success, version: HTTP/1.1)
HTTP/1.1 200 OK
content-type: application/json; charset=utf-8
cache-control: no-cache
content-length: 57
date: Thu, 25 Jun 2020 12:50:12 GMT

15:50:12.837 [AsyncHttpClient-3-1] DEBUG o.a.netty.channel.ChannelManager - Adding key: http://localhost:10889 for channel [id: 0x7c68b8df, L:/127.0.0.1:64390 - R:localhost/127.0.0.1:10889]
15:50:12.837 [Forwarding findChildElement on session 14f61660-7bcc-4279-b6a3-7163a94e0626 to remote] DEBUG o.a.netty.request.NettyRequestSender - Using pooled Channel '[id: 0x7c68b8df, L:/127.0.0.1:64390 - R:localhost/127.0.0.1:10889]' for 'POST' to 'http://localhost:10889/session/14f61660-7bcc-4279-b6a3-7163a94e0626/element/f441f07e-9a24-4a00-922d-3cd67104671c/element'
15:50:12.837 [Forwarding findChildElement on session 14f61660-7bcc-4279-b6a3-7163a94e0626 to remote] DEBUG o.a.netty.request.NettyRequestSender - Using open Channel [id: 0x7c68b8df, L:/127.0.0.1:64390 - R:localhost/127.0.0.1:10889] for POST '/session/14f61660-7bcc-4279-b6a3-7163a94e0626/element/f441f07e-9a24-4a00-922d-3cd67104671c/element'
15:50:12.841 [AsyncHttpClient-3-1] DEBUG o.a.netty.handler.HttpHandler - 

Request DefaultHttpRequest(decodeResult: success, version: HTTP/1.1)
POST /session/14f61660-7bcc-4279-b6a3-7163a94e0626/element/f441f07e-9a24-4a00-922d-3cd67104671c/element HTTP/1.1
User-Agent: selenium/4.0.0-alpha-5 (java windows)
Content-Length: 97
Content-Type: application/json; charset=utf-8
host: localhost:10889
accept: */*

Response DefaultHttpResponse(decodeResult: success, version: HTTP/1.1)
HTTP/1.1 200 OK
content-type: application/json; charset=utf-8
cache-control: no-cache
content-length: 88
date: Thu, 25 Jun 2020 12:50:12 GMT

15:50:12.841 [AsyncHttpClient-3-1] DEBUG o.a.netty.channel.ChannelManager - Adding key: http://localhost:10889 for channel [id: 0x7c68b8df, L:/127.0.0.1:64390 - R:localhost/127.0.0.1:10889]
15:50:12.844 [Forwarding getElementAttribute on session 14f61660-7bcc-4279-b6a3-7163a94e0626 to remote] DEBUG o.a.netty.request.NettyRequestSender - Using pooled Channel '[id: 0x7c68b8df, L:/127.0.0.1:64390 - R:localhost/127.0.0.1:10889]' for 'POST' to 'http://localhost:10889/session/14f61660-7bcc-4279-b6a3-7163a94e0626/execute/sync'
15:50:12.844 [Forwarding getElementAttribute on session 14f61660-7bcc-4279-b6a3-7163a94e0626 to remote] DEBUG o.a.netty.request.NettyRequestSender - Using open Channel [id: 0x7c68b8df, L:/127.0.0.1:64390 - R:localhost/127.0.0.1:10889] for POST '/session/14f61660-7bcc-4279-b6a3-7163a94e0626/execute/sync'
15:50:12.857 [AsyncHttpClient-3-1] DEBUG o.a.netty.handler.HttpHandler - 

Request DefaultHttpRequest(decodeResult: success, version: HTTP/1.1)
POST /session/14f61660-7bcc-4279-b6a3-7163a94e0626/execute/sync HTTP/1.1
User-Agent: selenium/4.0.0-alpha-5 (java windows)
Content-Length: 39635
Content-Type: application/json; charset=utf-8
host: localhost:10889
accept: */*

Response DefaultHttpResponse(decodeResult: success, version: HTTP/1.1)
HTTP/1.1 200 OK
content-type: application/json; charset=utf-8
cache-control: no-cache
content-length: 15
date: Thu, 25 Jun 2020 12:50:12 GMT

15:50:12.857 [AsyncHttpClient-3-1] DEBUG o.a.netty.channel.ChannelManager - Adding key: http://localhost:10889 for channel [id: 0x7c68b8df, L:/127.0.0.1:64390 - R:localhost/127.0.0.1:10889]
15:50:12.858 [Forwarding findChildElement on session 14f61660-7bcc-4279-b6a3-7163a94e0626 to remote] DEBUG o.a.netty.request.NettyRequestSender - Using pooled Channel '[id: 0x7c68b8df, L:/127.0.0.1:64390 - R:localhost/127.0.0.1:10889]' for 'POST' to 'http://localhost:10889/session/14f61660-7bcc-4279-b6a3-7163a94e0626/element/ef86c0c4-c9fd-4529-b45e-ea9f24c9c375/element'
15:50:12.858 [Forwarding findChildElement on session 14f61660-7bcc-4279-b6a3-7163a94e0626 to remote] DEBUG o.a.netty.request.NettyRequestSender - Using open Channel [id: 0x7c68b8df, L:/127.0.0.1:64390 - R:localhost/127.0.0.1:10889] for POST '/session/14f61660-7bcc-4279-b6a3-7163a94e0626/element/ef86c0c4-c9fd-4529-b45e-ea9f24c9c375/element'
15:50:12.861 [AsyncHttpClient-3-1] DEBUG o.a.netty.handler.HttpHandler - 

Request DefaultHttpRequest(decodeResult: success, version: HTTP/1.1)
POST /session/14f61660-7bcc-4279-b6a3-7163a94e0626/element/ef86c0c4-c9fd-4529-b45e-ea9f24c9c375/element HTTP/1.1
User-Agent: selenium/4.0.0-alpha-5 (java windows)
Content-Length: 103
Content-Type: application/json; charset=utf-8
host: localhost:10889
accept: */*

Response DefaultHttpResponse(decodeResult: success, version: HTTP/1.1)
HTTP/1.1 200 OK
content-type: application/json; charset=utf-8
cache-control: no-cache
content-length: 88
date: Thu, 25 Jun 2020 12:50:12 GMT

15:50:12.861 [AsyncHttpClient-3-1] DEBUG o.a.netty.channel.ChannelManager - Adding key: http://localhost:10889 for channel [id: 0x7c68b8df, L:/127.0.0.1:64390 - R:localhost/127.0.0.1:10889]
15:50:12.861 [Forwarding getElementText on session 14f61660-7bcc-4279-b6a3-7163a94e0626 to remote] DEBUG o.a.netty.request.NettyRequestSender - Using pooled Channel '[id: 0x7c68b8df, L:/127.0.0.1:64390 - R:localhost/127.0.0.1:10889]' for 'GET' to 'http://localhost:10889/session/14f61660-7bcc-4279-b6a3-7163a94e0626/element/aca0ea06-8690-4f6c-984a-ff0ecad5be05/text'
15:50:12.862 [Forwarding getElementText on session 14f61660-7bcc-4279-b6a3-7163a94e0626 to remote] DEBUG o.a.netty.request.NettyRequestSender - Using open Channel [id: 0x7c68b8df, L:/127.0.0.1:64390 - R:localhost/127.0.0.1:10889] for GET '/session/14f61660-7bcc-4279-b6a3-7163a94e0626/element/aca0ea06-8690-4f6c-984a-ff0ecad5be05/text'
15:50:12.870 [AsyncHttpClient-3-1] DEBUG o.a.netty.handler.HttpHandler - 

Request DefaultFullHttpRequest(decodeResult: success, version: HTTP/1.1, content: EmptyByteBufBE)
GET /session/14f61660-7bcc-4279-b6a3-7163a94e0626/element/aca0ea06-8690-4f6c-984a-ff0ecad5be05/text HTTP/1.1
User-Agent: selenium/4.0.0-alpha-5 (java windows)
Cache-Control: no-cache
host: localhost:10889
accept: */*

Response DefaultHttpResponse(decodeResult: success, version: HTTP/1.1)
HTTP/1.1 200 OK
content-type: application/json; charset=utf-8
cache-control: no-cache
content-length: 18
date: Thu, 25 Jun 2020 12:50:12 GMT

15:50:12.870 [AsyncHttpClient-3-1] DEBUG o.a.netty.channel.ChannelManager - Adding key: http://localhost:10889 for channel [id: 0x7c68b8df, L:/127.0.0.1:64390 - R:localhost/127.0.0.1:10889]
15:50:12.870 [Forwarding findChildElement on session 14f61660-7bcc-4279-b6a3-7163a94e0626 to remote] DEBUG o.a.netty.request.NettyRequestSender - Using pooled Channel '[id: 0x7c68b8df, L:/127.0.0.1:64390 - R:localhost/127.0.0.1:10889]' for 'POST' to 'http://localhost:10889/session/14f61660-7bcc-4279-b6a3-7163a94e0626/element/ef86c0c4-c9fd-4529-b45e-ea9f24c9c375/element'
15:50:12.870 [Forwarding findChildElement on session 14f61660-7bcc-4279-b6a3-7163a94e0626 to remote] DEBUG o.a.netty.request.NettyRequestSender - Using open Channel [id: 0x7c68b8df, L:/127.0.0.1:64390 - R:localhost/127.0.0.1:10889] for POST '/session/14f61660-7bcc-4279-b6a3-7163a94e0626/element/ef86c0c4-c9fd-4529-b45e-ea9f24c9c375/element'
15:50:12.874 [AsyncHttpClient-3-1] DEBUG o.a.netty.handler.HttpHandler - 

Request DefaultHttpRequest(decodeResult: success, version: HTTP/1.1)
POST /session/14f61660-7bcc-4279-b6a3-7163a94e0626/element/ef86c0c4-c9fd-4529-b45e-ea9f24c9c375/element HTTP/1.1
User-Agent: selenium/4.0.0-alpha-5 (java windows)
Content-Length: 103
Content-Type: application/json; charset=utf-8
host: localhost:10889
accept: */*

Response DefaultHttpResponse(decodeResult: success, version: HTTP/1.1)
HTTP/1.1 200 OK
content-type: application/json; charset=utf-8
cache-control: no-cache
content-length: 88
date: Thu, 25 Jun 2020 12:50:12 GMT

15:50:12.874 [AsyncHttpClient-3-1] DEBUG o.a.netty.channel.ChannelManager - Adding key: http://localhost:10889 for channel [id: 0x7c68b8df, L:/127.0.0.1:64390 - R:localhost/127.0.0.1:10889]
15:50:12.875 [Forwarding getElementText on session 14f61660-7bcc-4279-b6a3-7163a94e0626 to remote] DEBUG o.a.netty.request.NettyRequestSender - Using pooled Channel '[id: 0x7c68b8df, L:/127.0.0.1:64390 - R:localhost/127.0.0.1:10889]' for 'GET' to 'http://localhost:10889/session/14f61660-7bcc-4279-b6a3-7163a94e0626/element/af484c77-817e-4308-9bcf-89c7fd68acd9/text'
15:50:12.875 [Forwarding getElementText on session 14f61660-7bcc-4279-b6a3-7163a94e0626 to remote] DEBUG o.a.netty.request.NettyRequestSender - Using open Channel [id: 0x7c68b8df, L:/127.0.0.1:64390 - R:localhost/127.0.0.1:10889] for GET '/session/14f61660-7bcc-4279-b6a3-7163a94e0626/element/af484c77-817e-4308-9bcf-89c7fd68acd9/text'
15:50:12.879 [AsyncHttpClient-3-1] DEBUG o.a.netty.handler.HttpHandler - 

Request DefaultFullHttpRequest(decodeResult: success, version: HTTP/1.1, content: EmptyByteBufBE)
GET /session/14f61660-7bcc-4279-b6a3-7163a94e0626/element/af484c77-817e-4308-9bcf-89c7fd68acd9/text HTTP/1.1
User-Agent: selenium/4.0.0-alpha-5 (java windows)
Cache-Control: no-cache
host: localhost:10889
accept: */*

Response DefaultHttpResponse(decodeResult: success, version: HTTP/1.1)
HTTP/1.1 200 OK
content-type: application/json; charset=utf-8
cache-control: no-cache
content-length: 22
date: Thu, 25 Jun 2020 12:50:12 GMT

15:50:12.879 [AsyncHttpClient-3-1] DEBUG o.a.netty.channel.ChannelManager - Adding key: http://localhost:10889 for channel [id: 0x7c68b8df, L:/127.0.0.1:64390 - R:localhost/127.0.0.1:10889]
15:50:12.880 [Forwarding findChildElement on session 14f61660-7bcc-4279-b6a3-7163a94e0626 to remote] DEBUG o.a.netty.request.NettyRequestSender - Using pooled Channel '[id: 0x7c68b8df, L:/127.0.0.1:64390 - R:localhost/127.0.0.1:10889]' for 'POST' to 'http://localhost:10889/session/14f61660-7bcc-4279-b6a3-7163a94e0626/element/ef86c0c4-c9fd-4529-b45e-ea9f24c9c375/element'
15:50:12.880 [Forwarding findChildElement on session 14f61660-7bcc-4279-b6a3-7163a94e0626 to remote] DEBUG o.a.netty.request.NettyRequestSender - Using open Channel [id: 0x7c68b8df, L:/127.0.0.1:64390 - R:localhost/127.0.0.1:10889] for POST '/session/14f61660-7bcc-4279-b6a3-7163a94e0626/element/ef86c0c4-c9fd-4529-b45e-ea9f24c9c375/element'
15:50:12.883 [AsyncHttpClient-3-1] DEBUG o.a.netty.handler.HttpHandler - 

Request DefaultHttpRequest(decodeResult: success, version: HTTP/1.1)
POST /session/14f61660-7bcc-4279-b6a3-7163a94e0626/element/ef86c0c4-c9fd-4529-b45e-ea9f24c9c375/element HTTP/1.1
User-Agent: selenium/4.0.0-alpha-5 (java windows)
Content-Length: 103
Content-Type: application/json; charset=utf-8
host: localhost:10889
accept: */*

Response DefaultHttpResponse(decodeResult: success, version: HTTP/1.1)
HTTP/1.1 200 OK
content-type: application/json; charset=utf-8
cache-control: no-cache
content-length: 88
date: Thu, 25 Jun 2020 12:50:12 GMT

15:50:12.883 [AsyncHttpClient-3-1] DEBUG o.a.netty.channel.ChannelManager - Adding key: http://localhost:10889 for channel [id: 0x7c68b8df, L:/127.0.0.1:64390 - R:localhost/127.0.0.1:10889]
15:50:12.884 [Forwarding getElementText on session 14f61660-7bcc-4279-b6a3-7163a94e0626 to remote] DEBUG o.a.netty.request.NettyRequestSender - Using pooled Channel '[id: 0x7c68b8df, L:/127.0.0.1:64390 - R:localhost/127.0.0.1:10889]' for 'GET' to 'http://localhost:10889/session/14f61660-7bcc-4279-b6a3-7163a94e0626/element/386af5f4-7f3b-4c20-bfe9-70d356d3ea50/text'
15:50:12.884 [Forwarding getElementText on session 14f61660-7bcc-4279-b6a3-7163a94e0626 to remote] DEBUG o.a.netty.request.NettyRequestSender - Using open Channel [id: 0x7c68b8df, L:/127.0.0.1:64390 - R:localhost/127.0.0.1:10889] for GET '/session/14f61660-7bcc-4279-b6a3-7163a94e0626/element/386af5f4-7f3b-4c20-bfe9-70d356d3ea50/text'
15:50:12.889 [AsyncHttpClient-3-1] DEBUG o.a.netty.handler.HttpHandler - 

Request DefaultFullHttpRequest(decodeResult: success, version: HTTP/1.1, content: EmptyByteBufBE)
GET /session/14f61660-7bcc-4279-b6a3-7163a94e0626/element/386af5f4-7f3b-4c20-bfe9-70d356d3ea50/text HTTP/1.1
User-Agent: selenium/4.0.0-alpha-5 (java windows)
Cache-Control: no-cache
host: localhost:10889
accept: */*

Response DefaultHttpResponse(decodeResult: success, version: HTTP/1.1)
HTTP/1.1 200 OK
content-type: application/json; charset=utf-8
cache-control: no-cache
content-length: 21
date: Thu, 25 Jun 2020 12:50:12 GMT

15:50:12.889 [AsyncHttpClient-3-1] DEBUG o.a.netty.channel.ChannelManager - Adding key: http://localhost:10889 for channel [id: 0x7c68b8df, L:/127.0.0.1:64390 - R:localhost/127.0.0.1:10889]
15:50:12.889 [Forwarding findChildElement on session 14f61660-7bcc-4279-b6a3-7163a94e0626 to remote] DEBUG o.a.netty.request.NettyRequestSender - Using pooled Channel '[id: 0x7c68b8df, L:/127.0.0.1:64390 - R:localhost/127.0.0.1:10889]' for 'POST' to 'http://localhost:10889/session/14f61660-7bcc-4279-b6a3-7163a94e0626/element/ef86c0c4-c9fd-4529-b45e-ea9f24c9c375/element'
15:50:12.889 [Forwarding findChildElement on session 14f61660-7bcc-4279-b6a3-7163a94e0626 to remote] DEBUG o.a.netty.request.NettyRequestSender - Using open Channel [id: 0x7c68b8df, L:/127.0.0.1:64390 - R:localhost/127.0.0.1:10889] for POST '/session/14f61660-7bcc-4279-b6a3-7163a94e0626/element/ef86c0c4-c9fd-4529-b45e-ea9f24c9c375/element'
15:50:12.893 [AsyncHttpClient-3-1] DEBUG o.a.netty.handler.HttpHandler - 

Request DefaultHttpRequest(decodeResult: success, version: HTTP/1.1)
POST /session/14f61660-7bcc-4279-b6a3-7163a94e0626/element/ef86c0c4-c9fd-4529-b45e-ea9f24c9c375/element HTTP/1.1
User-Agent: selenium/4.0.0-alpha-5 (java windows)
Content-Length: 103
Content-Type: application/json; charset=utf-8
host: localhost:10889
accept: */*

Response DefaultHttpResponse(decodeResult: success, version: HTTP/1.1)
HTTP/1.1 200 OK
content-type: application/json; charset=utf-8
cache-control: no-cache
content-length: 88
date: Thu, 25 Jun 2020 12:50:12 GMT

15:50:12.893 [AsyncHttpClient-3-1] DEBUG o.a.netty.channel.ChannelManager - Adding key: http://localhost:10889 for channel [id: 0x7c68b8df, L:/127.0.0.1:64390 - R:localhost/127.0.0.1:10889]
15:50:12.893 [Forwarding getElementText on session 14f61660-7bcc-4279-b6a3-7163a94e0626 to remote] DEBUG o.a.netty.request.NettyRequestSender - Using pooled Channel '[id: 0x7c68b8df, L:/127.0.0.1:64390 - R:localhost/127.0.0.1:10889]' for 'GET' to 'http://localhost:10889/session/14f61660-7bcc-4279-b6a3-7163a94e0626/element/e878ec3b-929f-4999-93f0-09044fe8e707/text'
15:50:12.894 [Forwarding getElementText on session 14f61660-7bcc-4279-b6a3-7163a94e0626 to remote] DEBUG o.a.netty.request.NettyRequestSender - Using open Channel [id: 0x7c68b8df, L:/127.0.0.1:64390 - R:localhost/127.0.0.1:10889] for GET '/session/14f61660-7bcc-4279-b6a3-7163a94e0626/element/e878ec3b-929f-4999-93f0-09044fe8e707/text'
15:50:12.898 [AsyncHttpClient-3-1] DEBUG o.a.netty.handler.HttpHandler - 

Request DefaultFullHttpRequest(decodeResult: success, version: HTTP/1.1, content: EmptyByteBufBE)
GET /session/14f61660-7bcc-4279-b6a3-7163a94e0626/element/e878ec3b-929f-4999-93f0-09044fe8e707/text HTTP/1.1
User-Agent: selenium/4.0.0-alpha-5 (java windows)
Cache-Control: no-cache
host: localhost:10889
accept: */*

Response DefaultHttpResponse(decodeResult: success, version: HTTP/1.1)
HTTP/1.1 200 OK
content-type: application/json; charset=utf-8
cache-control: no-cache
content-length: 45
date: Thu, 25 Jun 2020 12:50:12 GMT

15:50:12.898 [AsyncHttpClient-3-1] DEBUG o.a.netty.channel.ChannelManager - Adding key: http://localhost:10889 for channel [id: 0x7c68b8df, L:/127.0.0.1:64390 - R:localhost/127.0.0.1:10889]
15:50:12.898 [Forwarding findChildElement on session 14f61660-7bcc-4279-b6a3-7163a94e0626 to remote] DEBUG o.a.netty.request.NettyRequestSender - Using pooled Channel '[id: 0x7c68b8df, L:/127.0.0.1:64390 - R:localhost/127.0.0.1:10889]' for 'POST' to 'http://localhost:10889/session/14f61660-7bcc-4279-b6a3-7163a94e0626/element/ef86c0c4-c9fd-4529-b45e-ea9f24c9c375/element'
15:50:12.898 [Forwarding findChildElement on session 14f61660-7bcc-4279-b6a3-7163a94e0626 to remote] DEBUG o.a.netty.request.NettyRequestSender - Using open Channel [id: 0x7c68b8df, L:/127.0.0.1:64390 - R:localhost/127.0.0.1:10889] for POST '/session/14f61660-7bcc-4279-b6a3-7163a94e0626/element/ef86c0c4-c9fd-4529-b45e-ea9f24c9c375/element'
15:50:12.901 [AsyncHttpClient-3-1] DEBUG o.a.netty.handler.HttpHandler - 

Request DefaultHttpRequest(decodeResult: success, version: HTTP/1.1)
POST /session/14f61660-7bcc-4279-b6a3-7163a94e0626/element/ef86c0c4-c9fd-4529-b45e-ea9f24c9c375/element HTTP/1.1
User-Agent: selenium/4.0.0-alpha-5 (java windows)
Content-Length: 103
Content-Type: application/json; charset=utf-8
host: localhost:10889
accept: */*

Response DefaultHttpResponse(decodeResult: success, version: HTTP/1.1)
HTTP/1.1 200 OK
content-type: application/json; charset=utf-8
cache-control: no-cache
content-length: 88
date: Thu, 25 Jun 2020 12:50:12 GMT

15:50:12.902 [AsyncHttpClient-3-1] DEBUG o.a.netty.channel.ChannelManager - Adding key: http://localhost:10889 for channel [id: 0x7c68b8df, L:/127.0.0.1:64390 - R:localhost/127.0.0.1:10889]
15:50:12.902 [Forwarding getElementText on session 14f61660-7bcc-4279-b6a3-7163a94e0626 to remote] DEBUG o.a.netty.request.NettyRequestSender - Using pooled Channel '[id: 0x7c68b8df, L:/127.0.0.1:64390 - R:localhost/127.0.0.1:10889]' for 'GET' to 'http://localhost:10889/session/14f61660-7bcc-4279-b6a3-7163a94e0626/element/cbdd2060-8b65-4614-b779-b3d136af87a6/text'
15:50:12.902 [Forwarding getElementText on session 14f61660-7bcc-4279-b6a3-7163a94e0626 to remote] DEBUG o.a.netty.request.NettyRequestSender - Using open Channel [id: 0x7c68b8df, L:/127.0.0.1:64390 - R:localhost/127.0.0.1:10889] for GET '/session/14f61660-7bcc-4279-b6a3-7163a94e0626/element/cbdd2060-8b65-4614-b779-b3d136af87a6/text'
15:50:12.909 [AsyncHttpClient-3-1] DEBUG o.a.netty.handler.HttpHandler - 

Request DefaultFullHttpRequest(decodeResult: success, version: HTTP/1.1, content: EmptyByteBufBE)
GET /session/14f61660-7bcc-4279-b6a3-7163a94e0626/element/cbdd2060-8b65-4614-b779-b3d136af87a6/text HTTP/1.1
User-Agent: selenium/4.0.0-alpha-5 (java windows)
Cache-Control: no-cache
host: localhost:10889
accept: */*

Response DefaultHttpResponse(decodeResult: success, version: HTTP/1.1)
HTTP/1.1 200 OK
content-type: application/json; charset=utf-8
cache-control: no-cache
content-length: 57
date: Thu, 25 Jun 2020 12:50:12 GMT

15:50:12.909 [AsyncHttpClient-3-1] DEBUG o.a.netty.channel.ChannelManager - Adding key: http://localhost:10889 for channel [id: 0x7c68b8df, L:/127.0.0.1:64390 - R:localhost/127.0.0.1:10889]
15:50:12.909 [Forwarding findChildElement on session 14f61660-7bcc-4279-b6a3-7163a94e0626 to remote] DEBUG o.a.netty.request.NettyRequestSender - Using pooled Channel '[id: 0x7c68b8df, L:/127.0.0.1:64390 - R:localhost/127.0.0.1:10889]' for 'POST' to 'http://localhost:10889/session/14f61660-7bcc-4279-b6a3-7163a94e0626/element/ef86c0c4-c9fd-4529-b45e-ea9f24c9c375/element'
15:50:12.910 [Forwarding findChildElement on session 14f61660-7bcc-4279-b6a3-7163a94e0626 to remote] DEBUG o.a.netty.request.NettyRequestSender - Using open Channel [id: 0x7c68b8df, L:/127.0.0.1:64390 - R:localhost/127.0.0.1:10889] for POST '/session/14f61660-7bcc-4279-b6a3-7163a94e0626/element/ef86c0c4-c9fd-4529-b45e-ea9f24c9c375/element'
15:50:12.913 [AsyncHttpClient-3-1] DEBUG o.a.netty.handler.HttpHandler - 

Request DefaultHttpRequest(decodeResult: success, version: HTTP/1.1)
POST /session/14f61660-7bcc-4279-b6a3-7163a94e0626/element/ef86c0c4-c9fd-4529-b45e-ea9f24c9c375/element HTTP/1.1
User-Agent: selenium/4.0.0-alpha-5 (java windows)
Content-Length: 97
Content-Type: application/json; charset=utf-8
host: localhost:10889
accept: */*

Response DefaultHttpResponse(decodeResult: success, version: HTTP/1.1)
HTTP/1.1 200 OK
content-type: application/json; charset=utf-8
cache-control: no-cache
content-length: 88
date: Thu, 25 Jun 2020 12:50:12 GMT

15:50:12.913 [AsyncHttpClient-3-1] DEBUG o.a.netty.channel.ChannelManager - Adding key: http://localhost:10889 for channel [id: 0x7c68b8df, L:/127.0.0.1:64390 - R:localhost/127.0.0.1:10889]
15:50:12.916 [Forwarding getElementAttribute on session 14f61660-7bcc-4279-b6a3-7163a94e0626 to remote] DEBUG o.a.netty.request.NettyRequestSender - Using pooled Channel '[id: 0x7c68b8df, L:/127.0.0.1:64390 - R:localhost/127.0.0.1:10889]' for 'POST' to 'http://localhost:10889/session/14f61660-7bcc-4279-b6a3-7163a94e0626/execute/sync'
15:50:12.916 [Forwarding getElementAttribute on session 14f61660-7bcc-4279-b6a3-7163a94e0626 to remote] DEBUG o.a.netty.request.NettyRequestSender - Using open Channel [id: 0x7c68b8df, L:/127.0.0.1:64390 - R:localhost/127.0.0.1:10889] for POST '/session/14f61660-7bcc-4279-b6a3-7163a94e0626/execute/sync'
15:50:12.928 [AsyncHttpClient-3-1] DEBUG o.a.netty.handler.HttpHandler - 

Request DefaultHttpRequest(decodeResult: success, version: HTTP/1.1)
POST /session/14f61660-7bcc-4279-b6a3-7163a94e0626/execute/sync HTTP/1.1
User-Agent: selenium/4.0.0-alpha-5 (java windows)
Content-Length: 39635
Content-Type: application/json; charset=utf-8
host: localhost:10889
accept: */*

Response DefaultHttpResponse(decodeResult: success, version: HTTP/1.1)
HTTP/1.1 200 OK
content-type: application/json; charset=utf-8
cache-control: no-cache
content-length: 15
date: Thu, 25 Jun 2020 12:50:12 GMT

15:50:12.929 [AsyncHttpClient-3-1] DEBUG o.a.netty.channel.ChannelManager - Adding key: http://localhost:10889 for channel [id: 0x7c68b8df, L:/127.0.0.1:64390 - R:localhost/127.0.0.1:10889]
15:50:12.929 [Forwarding findChildElement on session 14f61660-7bcc-4279-b6a3-7163a94e0626 to remote] DEBUG o.a.netty.request.NettyRequestSender - Using pooled Channel '[id: 0x7c68b8df, L:/127.0.0.1:64390 - R:localhost/127.0.0.1:10889]' for 'POST' to 'http://localhost:10889/session/14f61660-7bcc-4279-b6a3-7163a94e0626/element/5eca2e9b-269b-4d7a-a2f1-c6cba194c4d0/element'
15:50:12.929 [Forwarding findChildElement on session 14f61660-7bcc-4279-b6a3-7163a94e0626 to remote] DEBUG o.a.netty.request.NettyRequestSender - Using open Channel [id: 0x7c68b8df, L:/127.0.0.1:64390 - R:localhost/127.0.0.1:10889] for POST '/session/14f61660-7bcc-4279-b6a3-7163a94e0626/element/5eca2e9b-269b-4d7a-a2f1-c6cba194c4d0/element'
15:50:12.933 [AsyncHttpClient-3-1] DEBUG o.a.netty.handler.HttpHandler - 

Request DefaultHttpRequest(decodeResult: success, version: HTTP/1.1)
POST /session/14f61660-7bcc-4279-b6a3-7163a94e0626/element/5eca2e9b-269b-4d7a-a2f1-c6cba194c4d0/element HTTP/1.1
User-Agent: selenium/4.0.0-alpha-5 (java windows)
Content-Length: 103
Content-Type: application/json; charset=utf-8
host: localhost:10889
accept: */*

Response DefaultHttpResponse(decodeResult: success, version: HTTP/1.1)
HTTP/1.1 200 OK
content-type: application/json; charset=utf-8
cache-control: no-cache
content-length: 88
date: Thu, 25 Jun 2020 12:50:12 GMT

15:50:12.933 [AsyncHttpClient-3-1] DEBUG o.a.netty.channel.ChannelManager - Adding key: http://localhost:10889 for channel [id: 0x7c68b8df, L:/127.0.0.1:64390 - R:localhost/127.0.0.1:10889]
15:50:12.933 [Forwarding getElementText on session 14f61660-7bcc-4279-b6a3-7163a94e0626 to remote] DEBUG o.a.netty.request.NettyRequestSender - Using pooled Channel '[id: 0x7c68b8df, L:/127.0.0.1:64390 - R:localhost/127.0.0.1:10889]' for 'GET' to 'http://localhost:10889/session/14f61660-7bcc-4279-b6a3-7163a94e0626/element/212ff8a9-6db8-4ccf-8930-0829aa0cb243/text'
15:50:12.933 [Forwarding getElementText on session 14f61660-7bcc-4279-b6a3-7163a94e0626 to remote] DEBUG o.a.netty.request.NettyRequestSender - Using open Channel [id: 0x7c68b8df, L:/127.0.0.1:64390 - R:localhost/127.0.0.1:10889] for GET '/session/14f61660-7bcc-4279-b6a3-7163a94e0626/element/212ff8a9-6db8-4ccf-8930-0829aa0cb243/text'
15:50:12.938 [AsyncHttpClient-3-1] DEBUG o.a.netty.handler.HttpHandler - 

Request DefaultFullHttpRequest(decodeResult: success, version: HTTP/1.1, content: EmptyByteBufBE)
GET /session/14f61660-7bcc-4279-b6a3-7163a94e0626/element/212ff8a9-6db8-4ccf-8930-0829aa0cb243/text HTTP/1.1
User-Agent: selenium/4.0.0-alpha-5 (java windows)
Cache-Control: no-cache
host: localhost:10889
accept: */*

Response DefaultHttpResponse(decodeResult: success, version: HTTP/1.1)
HTTP/1.1 200 OK
content-type: application/json; charset=utf-8
cache-control: no-cache
content-length: 18
date: Thu, 25 Jun 2020 12:50:12 GMT

15:50:12.938 [AsyncHttpClient-3-1] DEBUG o.a.netty.channel.ChannelManager - Adding key: http://localhost:10889 for channel [id: 0x7c68b8df, L:/127.0.0.1:64390 - R:localhost/127.0.0.1:10889]
15:50:12.938 [Forwarding findChildElement on session 14f61660-7bcc-4279-b6a3-7163a94e0626 to remote] DEBUG o.a.netty.request.NettyRequestSender - Using pooled Channel '[id: 0x7c68b8df, L:/127.0.0.1:64390 - R:localhost/127.0.0.1:10889]' for 'POST' to 'http://localhost:10889/session/14f61660-7bcc-4279-b6a3-7163a94e0626/element/5eca2e9b-269b-4d7a-a2f1-c6cba194c4d0/element'
15:50:12.938 [Forwarding findChildElement on session 14f61660-7bcc-4279-b6a3-7163a94e0626 to remote] DEBUG o.a.netty.request.NettyRequestSender - Using open Channel [id: 0x7c68b8df, L:/127.0.0.1:64390 - R:localhost/127.0.0.1:10889] for POST '/session/14f61660-7bcc-4279-b6a3-7163a94e0626/element/5eca2e9b-269b-4d7a-a2f1-c6cba194c4d0/element'
15:50:12.942 [AsyncHttpClient-3-1] DEBUG o.a.netty.handler.HttpHandler - 

Request DefaultHttpRequest(decodeResult: success, version: HTTP/1.1)
POST /session/14f61660-7bcc-4279-b6a3-7163a94e0626/element/5eca2e9b-269b-4d7a-a2f1-c6cba194c4d0/element HTTP/1.1
User-Agent: selenium/4.0.0-alpha-5 (java windows)
Content-Length: 103
Content-Type: application/json; charset=utf-8
host: localhost:10889
accept: */*

Response DefaultHttpResponse(decodeResult: success, version: HTTP/1.1)
HTTP/1.1 200 OK
content-type: application/json; charset=utf-8
cache-control: no-cache
content-length: 88
date: Thu, 25 Jun 2020 12:50:12 GMT

15:50:12.942 [AsyncHttpClient-3-1] DEBUG o.a.netty.channel.ChannelManager - Adding key: http://localhost:10889 for channel [id: 0x7c68b8df, L:/127.0.0.1:64390 - R:localhost/127.0.0.1:10889]
15:50:12.942 [Forwarding getElementText on session 14f61660-7bcc-4279-b6a3-7163a94e0626 to remote] DEBUG o.a.netty.request.NettyRequestSender - Using pooled Channel '[id: 0x7c68b8df, L:/127.0.0.1:64390 - R:localhost/127.0.0.1:10889]' for 'GET' to 'http://localhost:10889/session/14f61660-7bcc-4279-b6a3-7163a94e0626/element/ce84f8ee-6359-4f62-b943-5d5637a088f6/text'
15:50:12.942 [Forwarding getElementText on session 14f61660-7bcc-4279-b6a3-7163a94e0626 to remote] DEBUG o.a.netty.request.NettyRequestSender - Using open Channel [id: 0x7c68b8df, L:/127.0.0.1:64390 - R:localhost/127.0.0.1:10889] for GET '/session/14f61660-7bcc-4279-b6a3-7163a94e0626/element/ce84f8ee-6359-4f62-b943-5d5637a088f6/text'
15:50:12.946 [AsyncHttpClient-3-1] DEBUG o.a.netty.handler.HttpHandler - 

Request DefaultFullHttpRequest(decodeResult: success, version: HTTP/1.1, content: EmptyByteBufBE)
GET /session/14f61660-7bcc-4279-b6a3-7163a94e0626/element/ce84f8ee-6359-4f62-b943-5d5637a088f6/text HTTP/1.1
User-Agent: selenium/4.0.0-alpha-5 (java windows)
Cache-Control: no-cache
host: localhost:10889
accept: */*

Response DefaultHttpResponse(decodeResult: success, version: HTTP/1.1)
HTTP/1.1 200 OK
content-type: application/json; charset=utf-8
cache-control: no-cache
content-length: 22
date: Thu, 25 Jun 2020 12:50:12 GMT

15:50:12.946 [AsyncHttpClient-3-1] DEBUG o.a.netty.channel.ChannelManager - Adding key: http://localhost:10889 for channel [id: 0x7c68b8df, L:/127.0.0.1:64390 - R:localhost/127.0.0.1:10889]
15:50:12.947 [Forwarding findChildElement on session 14f61660-7bcc-4279-b6a3-7163a94e0626 to remote] DEBUG o.a.netty.request.NettyRequestSender - Using pooled Channel '[id: 0x7c68b8df, L:/127.0.0.1:64390 - R:localhost/127.0.0.1:10889]' for 'POST' to 'http://localhost:10889/session/14f61660-7bcc-4279-b6a3-7163a94e0626/element/5eca2e9b-269b-4d7a-a2f1-c6cba194c4d0/element'
15:50:12.947 [Forwarding findChildElement on session 14f61660-7bcc-4279-b6a3-7163a94e0626 to remote] DEBUG o.a.netty.request.NettyRequestSender - Using open Channel [id: 0x7c68b8df, L:/127.0.0.1:64390 - R:localhost/127.0.0.1:10889] for POST '/session/14f61660-7bcc-4279-b6a3-7163a94e0626/element/5eca2e9b-269b-4d7a-a2f1-c6cba194c4d0/element'
15:50:12.950 [AsyncHttpClient-3-1] DEBUG o.a.netty.handler.HttpHandler - 

Request DefaultHttpRequest(decodeResult: success, version: HTTP/1.1)
POST /session/14f61660-7bcc-4279-b6a3-7163a94e0626/element/5eca2e9b-269b-4d7a-a2f1-c6cba194c4d0/element HTTP/1.1
User-Agent: selenium/4.0.0-alpha-5 (java windows)
Content-Length: 103
Content-Type: application/json; charset=utf-8
host: localhost:10889
accept: */*

Response DefaultHttpResponse(decodeResult: success, version: HTTP/1.1)
HTTP/1.1 200 OK
content-type: application/json; charset=utf-8
cache-control: no-cache
content-length: 88
date: Thu, 25 Jun 2020 12:50:12 GMT

15:50:12.950 [AsyncHttpClient-3-1] DEBUG o.a.netty.channel.ChannelManager - Adding key: http://localhost:10889 for channel [id: 0x7c68b8df, L:/127.0.0.1:64390 - R:localhost/127.0.0.1:10889]
15:50:12.951 [Forwarding getElementText on session 14f61660-7bcc-4279-b6a3-7163a94e0626 to remote] DEBUG o.a.netty.request.NettyRequestSender - Using pooled Channel '[id: 0x7c68b8df, L:/127.0.0.1:64390 - R:localhost/127.0.0.1:10889]' for 'GET' to 'http://localhost:10889/session/14f61660-7bcc-4279-b6a3-7163a94e0626/element/78ccec58-1eae-47e7-a9b2-f4246f599f35/text'
15:50:12.951 [Forwarding getElementText on session 14f61660-7bcc-4279-b6a3-7163a94e0626 to remote] DEBUG o.a.netty.request.NettyRequestSender - Using open Channel [id: 0x7c68b8df, L:/127.0.0.1:64390 - R:localhost/127.0.0.1:10889] for GET '/session/14f61660-7bcc-4279-b6a3-7163a94e0626/element/78ccec58-1eae-47e7-a9b2-f4246f599f35/text'
15:50:12.955 [AsyncHttpClient-3-1] DEBUG o.a.netty.handler.HttpHandler - 

Request DefaultFullHttpRequest(decodeResult: success, version: HTTP/1.1, content: EmptyByteBufBE)
GET /session/14f61660-7bcc-4279-b6a3-7163a94e0626/element/78ccec58-1eae-47e7-a9b2-f4246f599f35/text HTTP/1.1
User-Agent: selenium/4.0.0-alpha-5 (java windows)
Cache-Control: no-cache
host: localhost:10889
accept: */*

Response DefaultHttpResponse(decodeResult: success, version: HTTP/1.1)
HTTP/1.1 200 OK
content-type: application/json; charset=utf-8
cache-control: no-cache
content-length: 21
date: Thu, 25 Jun 2020 12:50:12 GMT

15:50:12.955 [AsyncHttpClient-3-1] DEBUG o.a.netty.channel.ChannelManager - Adding key: http://localhost:10889 for channel [id: 0x7c68b8df, L:/127.0.0.1:64390 - R:localhost/127.0.0.1:10889]
15:50:12.956 [Forwarding findChildElement on session 14f61660-7bcc-4279-b6a3-7163a94e0626 to remote] DEBUG o.a.netty.request.NettyRequestSender - Using pooled Channel '[id: 0x7c68b8df, L:/127.0.0.1:64390 - R:localhost/127.0.0.1:10889]' for 'POST' to 'http://localhost:10889/session/14f61660-7bcc-4279-b6a3-7163a94e0626/element/5eca2e9b-269b-4d7a-a2f1-c6cba194c4d0/element'
15:50:12.956 [Forwarding findChildElement on session 14f61660-7bcc-4279-b6a3-7163a94e0626 to remote] DEBUG o.a.netty.request.NettyRequestSender - Using open Channel [id: 0x7c68b8df, L:/127.0.0.1:64390 - R:localhost/127.0.0.1:10889] for POST '/session/14f61660-7bcc-4279-b6a3-7163a94e0626/element/5eca2e9b-269b-4d7a-a2f1-c6cba194c4d0/element'
15:50:12.960 [AsyncHttpClient-3-1] DEBUG o.a.netty.handler.HttpHandler - 

Request DefaultHttpRequest(decodeResult: success, version: HTTP/1.1)
POST /session/14f61660-7bcc-4279-b6a3-7163a94e0626/element/5eca2e9b-269b-4d7a-a2f1-c6cba194c4d0/element HTTP/1.1
User-Agent: selenium/4.0.0-alpha-5 (java windows)
Content-Length: 103
Content-Type: application/json; charset=utf-8
host: localhost:10889
accept: */*

Response DefaultHttpResponse(decodeResult: success, version: HTTP/1.1)
HTTP/1.1 200 OK
content-type: application/json; charset=utf-8
cache-control: no-cache
content-length: 88
date: Thu, 25 Jun 2020 12:50:12 GMT

15:50:12.960 [AsyncHttpClient-3-1] DEBUG o.a.netty.channel.ChannelManager - Adding key: http://localhost:10889 for channel [id: 0x7c68b8df, L:/127.0.0.1:64390 - R:localhost/127.0.0.1:10889]
15:50:12.960 [Forwarding getElementText on session 14f61660-7bcc-4279-b6a3-7163a94e0626 to remote] DEBUG o.a.netty.request.NettyRequestSender - Using pooled Channel '[id: 0x7c68b8df, L:/127.0.0.1:64390 - R:localhost/127.0.0.1:10889]' for 'GET' to 'http://localhost:10889/session/14f61660-7bcc-4279-b6a3-7163a94e0626/element/a00dbda3-c54b-4c17-a251-102abfb4b1db/text'
15:50:12.960 [Forwarding getElementText on session 14f61660-7bcc-4279-b6a3-7163a94e0626 to remote] DEBUG o.a.netty.request.NettyRequestSender - Using open Channel [id: 0x7c68b8df, L:/127.0.0.1:64390 - R:localhost/127.0.0.1:10889] for GET '/session/14f61660-7bcc-4279-b6a3-7163a94e0626/element/a00dbda3-c54b-4c17-a251-102abfb4b1db/text'
15:50:12.965 [AsyncHttpClient-3-1] DEBUG o.a.netty.handler.HttpHandler - 

Request DefaultFullHttpRequest(decodeResult: success, version: HTTP/1.1, content: EmptyByteBufBE)
GET /session/14f61660-7bcc-4279-b6a3-7163a94e0626/element/a00dbda3-c54b-4c17-a251-102abfb4b1db/text HTTP/1.1
User-Agent: selenium/4.0.0-alpha-5 (java windows)
Cache-Control: no-cache
host: localhost:10889
accept: */*

Response DefaultHttpResponse(decodeResult: success, version: HTTP/1.1)
HTTP/1.1 200 OK
content-type: application/json; charset=utf-8
cache-control: no-cache
content-length: 45
date: Thu, 25 Jun 2020 12:50:12 GMT

15:50:12.965 [AsyncHttpClient-3-1] DEBUG o.a.netty.channel.ChannelManager - Adding key: http://localhost:10889 for channel [id: 0x7c68b8df, L:/127.0.0.1:64390 - R:localhost/127.0.0.1:10889]
15:50:12.965 [Forwarding findChildElement on session 14f61660-7bcc-4279-b6a3-7163a94e0626 to remote] DEBUG o.a.netty.request.NettyRequestSender - Using pooled Channel '[id: 0x7c68b8df, L:/127.0.0.1:64390 - R:localhost/127.0.0.1:10889]' for 'POST' to 'http://localhost:10889/session/14f61660-7bcc-4279-b6a3-7163a94e0626/element/5eca2e9b-269b-4d7a-a2f1-c6cba194c4d0/element'
15:50:12.965 [Forwarding findChildElement on session 14f61660-7bcc-4279-b6a3-7163a94e0626 to remote] DEBUG o.a.netty.request.NettyRequestSender - Using open Channel [id: 0x7c68b8df, L:/127.0.0.1:64390 - R:localhost/127.0.0.1:10889] for POST '/session/14f61660-7bcc-4279-b6a3-7163a94e0626/element/5eca2e9b-269b-4d7a-a2f1-c6cba194c4d0/element'
15:50:12.969 [AsyncHttpClient-3-1] DEBUG o.a.netty.handler.HttpHandler - 

Request DefaultHttpRequest(decodeResult: success, version: HTTP/1.1)
POST /session/14f61660-7bcc-4279-b6a3-7163a94e0626/element/5eca2e9b-269b-4d7a-a2f1-c6cba194c4d0/element HTTP/1.1
User-Agent: selenium/4.0.0-alpha-5 (java windows)
Content-Length: 103
Content-Type: application/json; charset=utf-8
host: localhost:10889
accept: */*

Response DefaultHttpResponse(decodeResult: success, version: HTTP/1.1)
HTTP/1.1 200 OK
content-type: application/json; charset=utf-8
cache-control: no-cache
content-length: 88
date: Thu, 25 Jun 2020 12:50:12 GMT

15:50:12.969 [AsyncHttpClient-3-1] DEBUG o.a.netty.channel.ChannelManager - Adding key: http://localhost:10889 for channel [id: 0x7c68b8df, L:/127.0.0.1:64390 - R:localhost/127.0.0.1:10889]
15:50:12.970 [Forwarding getElementText on session 14f61660-7bcc-4279-b6a3-7163a94e0626 to remote] DEBUG o.a.netty.request.NettyRequestSender - Using pooled Channel '[id: 0x7c68b8df, L:/127.0.0.1:64390 - R:localhost/127.0.0.1:10889]' for 'GET' to 'http://localhost:10889/session/14f61660-7bcc-4279-b6a3-7163a94e0626/element/b1cafab4-2329-44de-8cde-05679e439836/text'
15:50:12.970 [Forwarding getElementText on session 14f61660-7bcc-4279-b6a3-7163a94e0626 to remote] DEBUG o.a.netty.request.NettyRequestSender - Using open Channel [id: 0x7c68b8df, L:/127.0.0.1:64390 - R:localhost/127.0.0.1:10889] for GET '/session/14f61660-7bcc-4279-b6a3-7163a94e0626/element/b1cafab4-2329-44de-8cde-05679e439836/text'
15:50:12.976 [AsyncHttpClient-3-1] DEBUG o.a.netty.handler.HttpHandler - 

Request DefaultFullHttpRequest(decodeResult: success, version: HTTP/1.1, content: EmptyByteBufBE)
GET /session/14f61660-7bcc-4279-b6a3-7163a94e0626/element/b1cafab4-2329-44de-8cde-05679e439836/text HTTP/1.1
User-Agent: selenium/4.0.0-alpha-5 (java windows)
Cache-Control: no-cache
host: localhost:10889
accept: */*

Response DefaultHttpResponse(decodeResult: success, version: HTTP/1.1)
HTTP/1.1 200 OK
content-type: application/json; charset=utf-8
cache-control: no-cache
content-length: 57
date: Thu, 25 Jun 2020 12:50:12 GMT

15:50:12.976 [AsyncHttpClient-3-1] DEBUG o.a.netty.channel.ChannelManager - Adding key: http://localhost:10889 for channel [id: 0x7c68b8df, L:/127.0.0.1:64390 - R:localhost/127.0.0.1:10889]
15:50:12.977 [Forwarding findChildElement on session 14f61660-7bcc-4279-b6a3-7163a94e0626 to remote] DEBUG o.a.netty.request.NettyRequestSender - Using pooled Channel '[id: 0x7c68b8df, L:/127.0.0.1:64390 - R:localhost/127.0.0.1:10889]' for 'POST' to 'http://localhost:10889/session/14f61660-7bcc-4279-b6a3-7163a94e0626/element/5eca2e9b-269b-4d7a-a2f1-c6cba194c4d0/element'
15:50:12.977 [Forwarding findChildElement on session 14f61660-7bcc-4279-b6a3-7163a94e0626 to remote] DEBUG o.a.netty.request.NettyRequestSender - Using open Channel [id: 0x7c68b8df, L:/127.0.0.1:64390 - R:localhost/127.0.0.1:10889] for POST '/session/14f61660-7bcc-4279-b6a3-7163a94e0626/element/5eca2e9b-269b-4d7a-a2f1-c6cba194c4d0/element'
15:50:12.981 [AsyncHttpClient-3-1] DEBUG o.a.netty.handler.HttpHandler - 

Request DefaultHttpRequest(decodeResult: success, version: HTTP/1.1)
POST /session/14f61660-7bcc-4279-b6a3-7163a94e0626/element/5eca2e9b-269b-4d7a-a2f1-c6cba194c4d0/element HTTP/1.1
User-Agent: selenium/4.0.0-alpha-5 (java windows)
Content-Length: 97
Content-Type: application/json; charset=utf-8
host: localhost:10889
accept: */*

Response DefaultHttpResponse(decodeResult: success, version: HTTP/1.1)
HTTP/1.1 200 OK
content-type: application/json; charset=utf-8
cache-control: no-cache
content-length: 88
date: Thu, 25 Jun 2020 12:50:12 GMT

15:50:12.981 [AsyncHttpClient-3-1] DEBUG o.a.netty.channel.ChannelManager - Adding key: http://localhost:10889 for channel [id: 0x7c68b8df, L:/127.0.0.1:64390 - R:localhost/127.0.0.1:10889]
15:50:12.983 [Forwarding getElementAttribute on session 14f61660-7bcc-4279-b6a3-7163a94e0626 to remote] DEBUG o.a.netty.request.NettyRequestSender - Using pooled Channel '[id: 0x7c68b8df, L:/127.0.0.1:64390 - R:localhost/127.0.0.1:10889]' for 'POST' to 'http://localhost:10889/session/14f61660-7bcc-4279-b6a3-7163a94e0626/execute/sync'
15:50:12.983 [Forwarding getElementAttribute on session 14f61660-7bcc-4279-b6a3-7163a94e0626 to remote] DEBUG o.a.netty.request.NettyRequestSender - Using open Channel [id: 0x7c68b8df, L:/127.0.0.1:64390 - R:localhost/127.0.0.1:10889] for POST '/session/14f61660-7bcc-4279-b6a3-7163a94e0626/execute/sync'
15:50:12.996 [AsyncHttpClient-3-1] DEBUG o.a.netty.handler.HttpHandler - 

Request DefaultHttpRequest(decodeResult: success, version: HTTP/1.1)
POST /session/14f61660-7bcc-4279-b6a3-7163a94e0626/execute/sync HTTP/1.1
User-Agent: selenium/4.0.0-alpha-5 (java windows)
Content-Length: 39635
Content-Type: application/json; charset=utf-8
host: localhost:10889
accept: */*

Response DefaultHttpResponse(decodeResult: success, version: HTTP/1.1)
HTTP/1.1 200 OK
content-type: application/json; charset=utf-8
cache-control: no-cache
content-length: 15
date: Thu, 25 Jun 2020 12:50:12 GMT

15:50:12.996 [AsyncHttpClient-3-1] DEBUG o.a.netty.channel.ChannelManager - Adding key: http://localhost:10889 for channel [id: 0x7c68b8df, L:/127.0.0.1:64390 - R:localhost/127.0.0.1:10889]
15:50:12.997 [Forwarding findChildElement on session 14f61660-7bcc-4279-b6a3-7163a94e0626 to remote] DEBUG o.a.netty.request.NettyRequestSender - Using pooled Channel '[id: 0x7c68b8df, L:/127.0.0.1:64390 - R:localhost/127.0.0.1:10889]' for 'POST' to 'http://localhost:10889/session/14f61660-7bcc-4279-b6a3-7163a94e0626/element/bdd7be8b-d940-4afe-acc8-917c058c0f59/element'
15:50:12.997 [Forwarding findChildElement on session 14f61660-7bcc-4279-b6a3-7163a94e0626 to remote] DEBUG o.a.netty.request.NettyRequestSender - Using open Channel [id: 0x7c68b8df, L:/127.0.0.1:64390 - R:localhost/127.0.0.1:10889] for POST '/session/14f61660-7bcc-4279-b6a3-7163a94e0626/element/bdd7be8b-d940-4afe-acc8-917c058c0f59/element'
15:50:13.000 [AsyncHttpClient-3-1] DEBUG o.a.netty.handler.HttpHandler - 

Request DefaultHttpRequest(decodeResult: success, version: HTTP/1.1)
POST /session/14f61660-7bcc-4279-b6a3-7163a94e0626/element/bdd7be8b-d940-4afe-acc8-917c058c0f59/element HTTP/1.1
User-Agent: selenium/4.0.0-alpha-5 (java windows)
Content-Length: 103
Content-Type: application/json; charset=utf-8
host: localhost:10889
accept: */*

Response DefaultHttpResponse(decodeResult: success, version: HTTP/1.1)
HTTP/1.1 200 OK
content-type: application/json; charset=utf-8
cache-control: no-cache
content-length: 88
date: Thu, 25 Jun 2020 12:50:12 GMT

15:50:13.001 [AsyncHttpClient-3-1] DEBUG o.a.netty.channel.ChannelManager - Adding key: http://localhost:10889 for channel [id: 0x7c68b8df, L:/127.0.0.1:64390 - R:localhost/127.0.0.1:10889]
15:50:13.001 [Forwarding getElementText on session 14f61660-7bcc-4279-b6a3-7163a94e0626 to remote] DEBUG o.a.netty.request.NettyRequestSender - Using pooled Channel '[id: 0x7c68b8df, L:/127.0.0.1:64390 - R:localhost/127.0.0.1:10889]' for 'GET' to 'http://localhost:10889/session/14f61660-7bcc-4279-b6a3-7163a94e0626/element/ff31f1c0-91e8-4f04-b42f-5873bd2e4e58/text'
15:50:13.001 [Forwarding getElementText on session 14f61660-7bcc-4279-b6a3-7163a94e0626 to remote] DEBUG o.a.netty.request.NettyRequestSender - Using open Channel [id: 0x7c68b8df, L:/127.0.0.1:64390 - R:localhost/127.0.0.1:10889] for GET '/session/14f61660-7bcc-4279-b6a3-7163a94e0626/element/ff31f1c0-91e8-4f04-b42f-5873bd2e4e58/text'
15:50:13.005 [AsyncHttpClient-3-1] DEBUG o.a.netty.handler.HttpHandler - 

Request DefaultFullHttpRequest(decodeResult: success, version: HTTP/1.1, content: EmptyByteBufBE)
GET /session/14f61660-7bcc-4279-b6a3-7163a94e0626/element/ff31f1c0-91e8-4f04-b42f-5873bd2e4e58/text HTTP/1.1
User-Agent: selenium/4.0.0-alpha-5 (java windows)
Cache-Control: no-cache
host: localhost:10889
accept: */*

Response DefaultHttpResponse(decodeResult: success, version: HTTP/1.1)
HTTP/1.1 200 OK
content-type: application/json; charset=utf-8
cache-control: no-cache
content-length: 18
date: Thu, 25 Jun 2020 12:50:13 GMT

15:50:13.005 [AsyncHttpClient-3-1] DEBUG o.a.netty.channel.ChannelManager - Adding key: http://localhost:10889 for channel [id: 0x7c68b8df, L:/127.0.0.1:64390 - R:localhost/127.0.0.1:10889]
15:50:13.006 [Forwarding findChildElement on session 14f61660-7bcc-4279-b6a3-7163a94e0626 to remote] DEBUG o.a.netty.request.NettyRequestSender - Using pooled Channel '[id: 0x7c68b8df, L:/127.0.0.1:64390 - R:localhost/127.0.0.1:10889]' for 'POST' to 'http://localhost:10889/session/14f61660-7bcc-4279-b6a3-7163a94e0626/element/bdd7be8b-d940-4afe-acc8-917c058c0f59/element'
15:50:13.006 [Forwarding findChildElement on session 14f61660-7bcc-4279-b6a3-7163a94e0626 to remote] DEBUG o.a.netty.request.NettyRequestSender - Using open Channel [id: 0x7c68b8df, L:/127.0.0.1:64390 - R:localhost/127.0.0.1:10889] for POST '/session/14f61660-7bcc-4279-b6a3-7163a94e0626/element/bdd7be8b-d940-4afe-acc8-917c058c0f59/element'
15:50:13.009 [AsyncHttpClient-3-1] DEBUG o.a.netty.handler.HttpHandler - 

Request DefaultHttpRequest(decodeResult: success, version: HTTP/1.1)
POST /session/14f61660-7bcc-4279-b6a3-7163a94e0626/element/bdd7be8b-d940-4afe-acc8-917c058c0f59/element HTTP/1.1
User-Agent: selenium/4.0.0-alpha-5 (java windows)
Content-Length: 103
Content-Type: application/json; charset=utf-8
host: localhost:10889
accept: */*

Response DefaultHttpResponse(decodeResult: success, version: HTTP/1.1)
HTTP/1.1 200 OK
content-type: application/json; charset=utf-8
cache-control: no-cache
content-length: 88
date: Thu, 25 Jun 2020 12:50:13 GMT

15:50:13.010 [AsyncHttpClient-3-1] DEBUG o.a.netty.channel.ChannelManager - Adding key: http://localhost:10889 for channel [id: 0x7c68b8df, L:/127.0.0.1:64390 - R:localhost/127.0.0.1:10889]
15:50:13.010 [Forwarding getElementText on session 14f61660-7bcc-4279-b6a3-7163a94e0626 to remote] DEBUG o.a.netty.request.NettyRequestSender - Using pooled Channel '[id: 0x7c68b8df, L:/127.0.0.1:64390 - R:localhost/127.0.0.1:10889]' for 'GET' to 'http://localhost:10889/session/14f61660-7bcc-4279-b6a3-7163a94e0626/element/a64eeab2-0b4c-48b9-9821-0473abe0c20e/text'
15:50:13.010 [Forwarding getElementText on session 14f61660-7bcc-4279-b6a3-7163a94e0626 to remote] DEBUG o.a.netty.request.NettyRequestSender - Using open Channel [id: 0x7c68b8df, L:/127.0.0.1:64390 - R:localhost/127.0.0.1:10889] for GET '/session/14f61660-7bcc-4279-b6a3-7163a94e0626/element/a64eeab2-0b4c-48b9-9821-0473abe0c20e/text'
15:50:13.014 [AsyncHttpClient-3-1] DEBUG o.a.netty.handler.HttpHandler - 

Request DefaultFullHttpRequest(decodeResult: success, version: HTTP/1.1, content: EmptyByteBufBE)
GET /session/14f61660-7bcc-4279-b6a3-7163a94e0626/element/a64eeab2-0b4c-48b9-9821-0473abe0c20e/text HTTP/1.1
User-Agent: selenium/4.0.0-alpha-5 (java windows)
Cache-Control: no-cache
host: localhost:10889
accept: */*

Response DefaultHttpResponse(decodeResult: success, version: HTTP/1.1)
HTTP/1.1 200 OK
content-type: application/json; charset=utf-8
cache-control: no-cache
content-length: 22
date: Thu, 25 Jun 2020 12:50:13 GMT

15:50:13.014 [AsyncHttpClient-3-1] DEBUG o.a.netty.channel.ChannelManager - Adding key: http://localhost:10889 for channel [id: 0x7c68b8df, L:/127.0.0.1:64390 - R:localhost/127.0.0.1:10889]
15:50:13.015 [Forwarding findChildElement on session 14f61660-7bcc-4279-b6a3-7163a94e0626 to remote] DEBUG o.a.netty.request.NettyRequestSender - Using pooled Channel '[id: 0x7c68b8df, L:/127.0.0.1:64390 - R:localhost/127.0.0.1:10889]' for 'POST' to 'http://localhost:10889/session/14f61660-7bcc-4279-b6a3-7163a94e0626/element/bdd7be8b-d940-4afe-acc8-917c058c0f59/element'
15:50:13.015 [Forwarding findChildElement on session 14f61660-7bcc-4279-b6a3-7163a94e0626 to remote] DEBUG o.a.netty.request.NettyRequestSender - Using open Channel [id: 0x7c68b8df, L:/127.0.0.1:64390 - R:localhost/127.0.0.1:10889] for POST '/session/14f61660-7bcc-4279-b6a3-7163a94e0626/element/bdd7be8b-d940-4afe-acc8-917c058c0f59/element'
15:50:13.019 [AsyncHttpClient-3-1] DEBUG o.a.netty.handler.HttpHandler - 

Request DefaultHttpRequest(decodeResult: success, version: HTTP/1.1)
POST /session/14f61660-7bcc-4279-b6a3-7163a94e0626/element/bdd7be8b-d940-4afe-acc8-917c058c0f59/element HTTP/1.1
User-Agent: selenium/4.0.0-alpha-5 (java windows)
Content-Length: 103
Content-Type: application/json; charset=utf-8
host: localhost:10889
accept: */*

Response DefaultHttpResponse(decodeResult: success, version: HTTP/1.1)
HTTP/1.1 200 OK
content-type: application/json; charset=utf-8
cache-control: no-cache
content-length: 88
date: Thu, 25 Jun 2020 12:50:13 GMT

15:50:13.019 [AsyncHttpClient-3-1] DEBUG o.a.netty.channel.ChannelManager - Adding key: http://localhost:10889 for channel [id: 0x7c68b8df, L:/127.0.0.1:64390 - R:localhost/127.0.0.1:10889]
15:50:13.019 [Forwarding getElementText on session 14f61660-7bcc-4279-b6a3-7163a94e0626 to remote] DEBUG o.a.netty.request.NettyRequestSender - Using pooled Channel '[id: 0x7c68b8df, L:/127.0.0.1:64390 - R:localhost/127.0.0.1:10889]' for 'GET' to 'http://localhost:10889/session/14f61660-7bcc-4279-b6a3-7163a94e0626/element/7ec62f6f-2563-41ba-8e1f-9c3472fc7343/text'
15:50:13.019 [Forwarding getElementText on session 14f61660-7bcc-4279-b6a3-7163a94e0626 to remote] DEBUG o.a.netty.request.NettyRequestSender - Using open Channel [id: 0x7c68b8df, L:/127.0.0.1:64390 - R:localhost/127.0.0.1:10889] for GET '/session/14f61660-7bcc-4279-b6a3-7163a94e0626/element/7ec62f6f-2563-41ba-8e1f-9c3472fc7343/text'
15:50:13.023 [AsyncHttpClient-3-1] DEBUG o.a.netty.handler.HttpHandler - 

Request DefaultFullHttpRequest(decodeResult: success, version: HTTP/1.1, content: EmptyByteBufBE)
GET /session/14f61660-7bcc-4279-b6a3-7163a94e0626/element/7ec62f6f-2563-41ba-8e1f-9c3472fc7343/text HTTP/1.1
User-Agent: selenium/4.0.0-alpha-5 (java windows)
Cache-Control: no-cache
host: localhost:10889
accept: */*

Response DefaultHttpResponse(decodeResult: success, version: HTTP/1.1)
HTTP/1.1 200 OK
content-type: application/json; charset=utf-8
cache-control: no-cache
content-length: 21
date: Thu, 25 Jun 2020 12:50:13 GMT

15:50:13.023 [AsyncHttpClient-3-1] DEBUG o.a.netty.channel.ChannelManager - Adding key: http://localhost:10889 for channel [id: 0x7c68b8df, L:/127.0.0.1:64390 - R:localhost/127.0.0.1:10889]
15:50:13.024 [Forwarding findChildElement on session 14f61660-7bcc-4279-b6a3-7163a94e0626 to remote] DEBUG o.a.netty.request.NettyRequestSender - Using pooled Channel '[id: 0x7c68b8df, L:/127.0.0.1:64390 - R:localhost/127.0.0.1:10889]' for 'POST' to 'http://localhost:10889/session/14f61660-7bcc-4279-b6a3-7163a94e0626/element/bdd7be8b-d940-4afe-acc8-917c058c0f59/element'
15:50:13.024 [Forwarding findChildElement on session 14f61660-7bcc-4279-b6a3-7163a94e0626 to remote] DEBUG o.a.netty.request.NettyRequestSender - Using open Channel [id: 0x7c68b8df, L:/127.0.0.1:64390 - R:localhost/127.0.0.1:10889] for POST '/session/14f61660-7bcc-4279-b6a3-7163a94e0626/element/bdd7be8b-d940-4afe-acc8-917c058c0f59/element'
15:50:13.027 [AsyncHttpClient-3-1] DEBUG o.a.netty.handler.HttpHandler - 

Request DefaultHttpRequest(decodeResult: success, version: HTTP/1.1)
POST /session/14f61660-7bcc-4279-b6a3-7163a94e0626/element/bdd7be8b-d940-4afe-acc8-917c058c0f59/element HTTP/1.1
User-Agent: selenium/4.0.0-alpha-5 (java windows)
Content-Length: 103
Content-Type: application/json; charset=utf-8
host: localhost:10889
accept: */*

Response DefaultHttpResponse(decodeResult: success, version: HTTP/1.1)
HTTP/1.1 200 OK
content-type: application/json; charset=utf-8
cache-control: no-cache
content-length: 88
date: Thu, 25 Jun 2020 12:50:13 GMT

15:50:13.027 [AsyncHttpClient-3-1] DEBUG o.a.netty.channel.ChannelManager - Adding key: http://localhost:10889 for channel [id: 0x7c68b8df, L:/127.0.0.1:64390 - R:localhost/127.0.0.1:10889]
15:50:13.028 [Forwarding getElementText on session 14f61660-7bcc-4279-b6a3-7163a94e0626 to remote] DEBUG o.a.netty.request.NettyRequestSender - Using pooled Channel '[id: 0x7c68b8df, L:/127.0.0.1:64390 - R:localhost/127.0.0.1:10889]' for 'GET' to 'http://localhost:10889/session/14f61660-7bcc-4279-b6a3-7163a94e0626/element/fc95b247-2848-4a61-97b3-02ce0f5798ab/text'
15:50:13.028 [Forwarding getElementText on session 14f61660-7bcc-4279-b6a3-7163a94e0626 to remote] DEBUG o.a.netty.request.NettyRequestSender - Using open Channel [id: 0x7c68b8df, L:/127.0.0.1:64390 - R:localhost/127.0.0.1:10889] for GET '/session/14f61660-7bcc-4279-b6a3-7163a94e0626/element/fc95b247-2848-4a61-97b3-02ce0f5798ab/text'
15:50:13.033 [AsyncHttpClient-3-1] DEBUG o.a.netty.handler.HttpHandler - 

Request DefaultFullHttpRequest(decodeResult: success, version: HTTP/1.1, content: EmptyByteBufBE)
GET /session/14f61660-7bcc-4279-b6a3-7163a94e0626/element/fc95b247-2848-4a61-97b3-02ce0f5798ab/text HTTP/1.1
User-Agent: selenium/4.0.0-alpha-5 (java windows)
Cache-Control: no-cache
host: localhost:10889
accept: */*

Response DefaultHttpResponse(decodeResult: success, version: HTTP/1.1)
HTTP/1.1 200 OK
content-type: application/json; charset=utf-8
cache-control: no-cache
content-length: 45
date: Thu, 25 Jun 2020 12:50:13 GMT

15:50:13.033 [AsyncHttpClient-3-1] DEBUG o.a.netty.channel.ChannelManager - Adding key: http://localhost:10889 for channel [id: 0x7c68b8df, L:/127.0.0.1:64390 - R:localhost/127.0.0.1:10889]
15:50:13.034 [Forwarding findChildElement on session 14f61660-7bcc-4279-b6a3-7163a94e0626 to remote] DEBUG o.a.netty.request.NettyRequestSender - Using pooled Channel '[id: 0x7c68b8df, L:/127.0.0.1:64390 - R:localhost/127.0.0.1:10889]' for 'POST' to 'http://localhost:10889/session/14f61660-7bcc-4279-b6a3-7163a94e0626/element/bdd7be8b-d940-4afe-acc8-917c058c0f59/element'
15:50:13.034 [Forwarding findChildElement on session 14f61660-7bcc-4279-b6a3-7163a94e0626 to remote] DEBUG o.a.netty.request.NettyRequestSender - Using open Channel [id: 0x7c68b8df, L:/127.0.0.1:64390 - R:localhost/127.0.0.1:10889] for POST '/session/14f61660-7bcc-4279-b6a3-7163a94e0626/element/bdd7be8b-d940-4afe-acc8-917c058c0f59/element'
15:50:13.037 [AsyncHttpClient-3-1] DEBUG o.a.netty.handler.HttpHandler - 

Request DefaultHttpRequest(decodeResult: success, version: HTTP/1.1)
POST /session/14f61660-7bcc-4279-b6a3-7163a94e0626/element/bdd7be8b-d940-4afe-acc8-917c058c0f59/element HTTP/1.1
User-Agent: selenium/4.0.0-alpha-5 (java windows)
Content-Length: 103
Content-Type: application/json; charset=utf-8
host: localhost:10889
accept: */*

Response DefaultHttpResponse(decodeResult: success, version: HTTP/1.1)
HTTP/1.1 200 OK
content-type: application/json; charset=utf-8
cache-control: no-cache
content-length: 88
date: Thu, 25 Jun 2020 12:50:13 GMT

15:50:13.038 [AsyncHttpClient-3-1] DEBUG o.a.netty.channel.ChannelManager - Adding key: http://localhost:10889 for channel [id: 0x7c68b8df, L:/127.0.0.1:64390 - R:localhost/127.0.0.1:10889]
15:50:13.038 [Forwarding getElementText on session 14f61660-7bcc-4279-b6a3-7163a94e0626 to remote] DEBUG o.a.netty.request.NettyRequestSender - Using pooled Channel '[id: 0x7c68b8df, L:/127.0.0.1:64390 - R:localhost/127.0.0.1:10889]' for 'GET' to 'http://localhost:10889/session/14f61660-7bcc-4279-b6a3-7163a94e0626/element/94e73a78-a66e-473a-85c2-cd4150effa03/text'
15:50:13.038 [Forwarding getElementText on session 14f61660-7bcc-4279-b6a3-7163a94e0626 to remote] DEBUG o.a.netty.request.NettyRequestSender - Using open Channel [id: 0x7c68b8df, L:/127.0.0.1:64390 - R:localhost/127.0.0.1:10889] for GET '/session/14f61660-7bcc-4279-b6a3-7163a94e0626/element/94e73a78-a66e-473a-85c2-cd4150effa03/text'
15:50:13.045 [AsyncHttpClient-3-1] DEBUG o.a.netty.handler.HttpHandler - 

Request DefaultFullHttpRequest(decodeResult: success, version: HTTP/1.1, content: EmptyByteBufBE)
GET /session/14f61660-7bcc-4279-b6a3-7163a94e0626/element/94e73a78-a66e-473a-85c2-cd4150effa03/text HTTP/1.1
User-Agent: selenium/4.0.0-alpha-5 (java windows)
Cache-Control: no-cache
host: localhost:10889
accept: */*

Response DefaultHttpResponse(decodeResult: success, version: HTTP/1.1)
HTTP/1.1 200 OK
content-type: application/json; charset=utf-8
cache-control: no-cache
content-length: 57
date: Thu, 25 Jun 2020 12:50:13 GMT

15:50:13.045 [AsyncHttpClient-3-1] DEBUG o.a.netty.channel.ChannelManager - Adding key: http://localhost:10889 for channel [id: 0x7c68b8df, L:/127.0.0.1:64390 - R:localhost/127.0.0.1:10889]
15:50:13.046 [Forwarding findChildElement on session 14f61660-7bcc-4279-b6a3-7163a94e0626 to remote] DEBUG o.a.netty.request.NettyRequestSender - Using pooled Channel '[id: 0x7c68b8df, L:/127.0.0.1:64390 - R:localhost/127.0.0.1:10889]' for 'POST' to 'http://localhost:10889/session/14f61660-7bcc-4279-b6a3-7163a94e0626/element/bdd7be8b-d940-4afe-acc8-917c058c0f59/element'
15:50:13.046 [Forwarding findChildElement on session 14f61660-7bcc-4279-b6a3-7163a94e0626 to remote] DEBUG o.a.netty.request.NettyRequestSender - Using open Channel [id: 0x7c68b8df, L:/127.0.0.1:64390 - R:localhost/127.0.0.1:10889] for POST '/session/14f61660-7bcc-4279-b6a3-7163a94e0626/element/bdd7be8b-d940-4afe-acc8-917c058c0f59/element'
15:50:13.049 [AsyncHttpClient-3-1] DEBUG o.a.netty.handler.HttpHandler - 

Request DefaultHttpRequest(decodeResult: success, version: HTTP/1.1)
POST /session/14f61660-7bcc-4279-b6a3-7163a94e0626/element/bdd7be8b-d940-4afe-acc8-917c058c0f59/element HTTP/1.1
User-Agent: selenium/4.0.0-alpha-5 (java windows)
Content-Length: 97
Content-Type: application/json; charset=utf-8
host: localhost:10889
accept: */*

Response DefaultHttpResponse(decodeResult: success, version: HTTP/1.1)
HTTP/1.1 200 OK
content-type: application/json; charset=utf-8
cache-control: no-cache
content-length: 88
date: Thu, 25 Jun 2020 12:50:13 GMT

15:50:13.050 [AsyncHttpClient-3-1] DEBUG o.a.netty.channel.ChannelManager - Adding key: http://localhost:10889 for channel [id: 0x7c68b8df, L:/127.0.0.1:64390 - R:localhost/127.0.0.1:10889]
15:50:13.052 [Forwarding getElementAttribute on session 14f61660-7bcc-4279-b6a3-7163a94e0626 to remote] DEBUG o.a.netty.request.NettyRequestSender - Using pooled Channel '[id: 0x7c68b8df, L:/127.0.0.1:64390 - R:localhost/127.0.0.1:10889]' for 'POST' to 'http://localhost:10889/session/14f61660-7bcc-4279-b6a3-7163a94e0626/execute/sync'
15:50:13.052 [Forwarding getElementAttribute on session 14f61660-7bcc-4279-b6a3-7163a94e0626 to remote] DEBUG o.a.netty.request.NettyRequestSender - Using open Channel [id: 0x7c68b8df, L:/127.0.0.1:64390 - R:localhost/127.0.0.1:10889] for POST '/session/14f61660-7bcc-4279-b6a3-7163a94e0626/execute/sync'
15:50:13.066 [AsyncHttpClient-3-1] DEBUG o.a.netty.handler.HttpHandler - 

Request DefaultHttpRequest(decodeResult: success, version: HTTP/1.1)
POST /session/14f61660-7bcc-4279-b6a3-7163a94e0626/execute/sync HTTP/1.1
User-Agent: selenium/4.0.0-alpha-5 (java windows)
Content-Length: 39635
Content-Type: application/json; charset=utf-8
host: localhost:10889
accept: */*

Response DefaultHttpResponse(decodeResult: success, version: HTTP/1.1)
HTTP/1.1 200 OK
content-type: application/json; charset=utf-8
cache-control: no-cache
content-length: 15
date: Thu, 25 Jun 2020 12:50:13 GMT

15:50:13.066 [AsyncHttpClient-3-1] DEBUG o.a.netty.channel.ChannelManager - Adding key: http://localhost:10889 for channel [id: 0x7c68b8df, L:/127.0.0.1:64390 - R:localhost/127.0.0.1:10889]
15:50:13.066 [Forwarding findChildElement on session 14f61660-7bcc-4279-b6a3-7163a94e0626 to remote] DEBUG o.a.netty.request.NettyRequestSender - Using pooled Channel '[id: 0x7c68b8df, L:/127.0.0.1:64390 - R:localhost/127.0.0.1:10889]' for 'POST' to 'http://localhost:10889/session/14f61660-7bcc-4279-b6a3-7163a94e0626/element/c5ad11a2-eb77-4ec3-b724-779e7890ae54/element'
15:50:13.066 [Forwarding findChildElement on session 14f61660-7bcc-4279-b6a3-7163a94e0626 to remote] DEBUG o.a.netty.request.NettyRequestSender - Using open Channel [id: 0x7c68b8df, L:/127.0.0.1:64390 - R:localhost/127.0.0.1:10889] for POST '/session/14f61660-7bcc-4279-b6a3-7163a94e0626/element/c5ad11a2-eb77-4ec3-b724-779e7890ae54/element'
15:50:13.070 [AsyncHttpClient-3-1] DEBUG o.a.netty.handler.HttpHandler - 

Request DefaultHttpRequest(decodeResult: success, version: HTTP/1.1)
POST /session/14f61660-7bcc-4279-b6a3-7163a94e0626/element/c5ad11a2-eb77-4ec3-b724-779e7890ae54/element HTTP/1.1
User-Agent: selenium/4.0.0-alpha-5 (java windows)
Content-Length: 103
Content-Type: application/json; charset=utf-8
host: localhost:10889
accept: */*

Response DefaultHttpResponse(decodeResult: success, version: HTTP/1.1)
HTTP/1.1 200 OK
content-type: application/json; charset=utf-8
cache-control: no-cache
content-length: 88
date: Thu, 25 Jun 2020 12:50:13 GMT

15:50:13.070 [AsyncHttpClient-3-1] DEBUG o.a.netty.channel.ChannelManager - Adding key: http://localhost:10889 for channel [id: 0x7c68b8df, L:/127.0.0.1:64390 - R:localhost/127.0.0.1:10889]
15:50:13.070 [Forwarding getElementText on session 14f61660-7bcc-4279-b6a3-7163a94e0626 to remote] DEBUG o.a.netty.request.NettyRequestSender - Using pooled Channel '[id: 0x7c68b8df, L:/127.0.0.1:64390 - R:localhost/127.0.0.1:10889]' for 'GET' to 'http://localhost:10889/session/14f61660-7bcc-4279-b6a3-7163a94e0626/element/f8a04358-742a-4b0e-a9ec-87fdbe6c0b0b/text'
15:50:13.071 [Forwarding getElementText on session 14f61660-7bcc-4279-b6a3-7163a94e0626 to remote] DEBUG o.a.netty.request.NettyRequestSender - Using open Channel [id: 0x7c68b8df, L:/127.0.0.1:64390 - R:localhost/127.0.0.1:10889] for GET '/session/14f61660-7bcc-4279-b6a3-7163a94e0626/element/f8a04358-742a-4b0e-a9ec-87fdbe6c0b0b/text'
15:50:13.074 [AsyncHttpClient-3-1] DEBUG o.a.netty.handler.HttpHandler - 

Request DefaultFullHttpRequest(decodeResult: success, version: HTTP/1.1, content: EmptyByteBufBE)
GET /session/14f61660-7bcc-4279-b6a3-7163a94e0626/element/f8a04358-742a-4b0e-a9ec-87fdbe6c0b0b/text HTTP/1.1
User-Agent: selenium/4.0.0-alpha-5 (java windows)
Cache-Control: no-cache
host: localhost:10889
accept: */*

Response DefaultHttpResponse(decodeResult: success, version: HTTP/1.1)
HTTP/1.1 200 OK
content-type: application/json; charset=utf-8
cache-control: no-cache
content-length: 18
date: Thu, 25 Jun 2020 12:50:13 GMT

15:50:13.075 [AsyncHttpClient-3-1] DEBUG o.a.netty.channel.ChannelManager - Adding key: http://localhost:10889 for channel [id: 0x7c68b8df, L:/127.0.0.1:64390 - R:localhost/127.0.0.1:10889]
15:50:13.075 [Forwarding findChildElement on session 14f61660-7bcc-4279-b6a3-7163a94e0626 to remote] DEBUG o.a.netty.request.NettyRequestSender - Using pooled Channel '[id: 0x7c68b8df, L:/127.0.0.1:64390 - R:localhost/127.0.0.1:10889]' for 'POST' to 'http://localhost:10889/session/14f61660-7bcc-4279-b6a3-7163a94e0626/element/c5ad11a2-eb77-4ec3-b724-779e7890ae54/element'
15:50:13.075 [Forwarding findChildElement on session 14f61660-7bcc-4279-b6a3-7163a94e0626 to remote] DEBUG o.a.netty.request.NettyRequestSender - Using open Channel [id: 0x7c68b8df, L:/127.0.0.1:64390 - R:localhost/127.0.0.1:10889] for POST '/session/14f61660-7bcc-4279-b6a3-7163a94e0626/element/c5ad11a2-eb77-4ec3-b724-779e7890ae54/element'
15:50:13.079 [AsyncHttpClient-3-1] DEBUG o.a.netty.handler.HttpHandler - 

Request DefaultHttpRequest(decodeResult: success, version: HTTP/1.1)
POST /session/14f61660-7bcc-4279-b6a3-7163a94e0626/element/c5ad11a2-eb77-4ec3-b724-779e7890ae54/element HTTP/1.1
User-Agent: selenium/4.0.0-alpha-5 (java windows)
Content-Length: 103
Content-Type: application/json; charset=utf-8
host: localhost:10889
accept: */*

Response DefaultHttpResponse(decodeResult: success, version: HTTP/1.1)
HTTP/1.1 200 OK
content-type: application/json; charset=utf-8
cache-control: no-cache
content-length: 88
date: Thu, 25 Jun 2020 12:50:13 GMT

15:50:13.079 [AsyncHttpClient-3-1] DEBUG o.a.netty.channel.ChannelManager - Adding key: http://localhost:10889 for channel [id: 0x7c68b8df, L:/127.0.0.1:64390 - R:localhost/127.0.0.1:10889]
15:50:13.079 [Forwarding getElementText on session 14f61660-7bcc-4279-b6a3-7163a94e0626 to remote] DEBUG o.a.netty.request.NettyRequestSender - Using pooled Channel '[id: 0x7c68b8df, L:/127.0.0.1:64390 - R:localhost/127.0.0.1:10889]' for 'GET' to 'http://localhost:10889/session/14f61660-7bcc-4279-b6a3-7163a94e0626/element/832a36ca-98d9-46bb-99e6-6a14455aa842/text'
15:50:13.079 [Forwarding getElementText on session 14f61660-7bcc-4279-b6a3-7163a94e0626 to remote] DEBUG o.a.netty.request.NettyRequestSender - Using open Channel [id: 0x7c68b8df, L:/127.0.0.1:64390 - R:localhost/127.0.0.1:10889] for GET '/session/14f61660-7bcc-4279-b6a3-7163a94e0626/element/832a36ca-98d9-46bb-99e6-6a14455aa842/text'
15:50:13.084 [AsyncHttpClient-3-1] DEBUG o.a.netty.handler.HttpHandler - 

Request DefaultFullHttpRequest(decodeResult: success, version: HTTP/1.1, content: EmptyByteBufBE)
GET /session/14f61660-7bcc-4279-b6a3-7163a94e0626/element/832a36ca-98d9-46bb-99e6-6a14455aa842/text HTTP/1.1
User-Agent: selenium/4.0.0-alpha-5 (java windows)
Cache-Control: no-cache
host: localhost:10889
accept: */*

Response DefaultHttpResponse(decodeResult: success, version: HTTP/1.1)
HTTP/1.1 200 OK
content-type: application/json; charset=utf-8
cache-control: no-cache
content-length: 22
date: Thu, 25 Jun 2020 12:50:13 GMT

15:50:13.084 [AsyncHttpClient-3-1] DEBUG o.a.netty.channel.ChannelManager - Adding key: http://localhost:10889 for channel [id: 0x7c68b8df, L:/127.0.0.1:64390 - R:localhost/127.0.0.1:10889]
15:50:13.084 [Forwarding findChildElement on session 14f61660-7bcc-4279-b6a3-7163a94e0626 to remote] DEBUG o.a.netty.request.NettyRequestSender - Using pooled Channel '[id: 0x7c68b8df, L:/127.0.0.1:64390 - R:localhost/127.0.0.1:10889]' for 'POST' to 'http://localhost:10889/session/14f61660-7bcc-4279-b6a3-7163a94e0626/element/c5ad11a2-eb77-4ec3-b724-779e7890ae54/element'
15:50:13.084 [Forwarding findChildElement on session 14f61660-7bcc-4279-b6a3-7163a94e0626 to remote] DEBUG o.a.netty.request.NettyRequestSender - Using open Channel [id: 0x7c68b8df, L:/127.0.0.1:64390 - R:localhost/127.0.0.1:10889] for POST '/session/14f61660-7bcc-4279-b6a3-7163a94e0626/element/c5ad11a2-eb77-4ec3-b724-779e7890ae54/element'
15:50:13.088 [AsyncHttpClient-3-1] DEBUG o.a.netty.handler.HttpHandler - 

Request DefaultHttpRequest(decodeResult: success, version: HTTP/1.1)
POST /session/14f61660-7bcc-4279-b6a3-7163a94e0626/element/c5ad11a2-eb77-4ec3-b724-779e7890ae54/element HTTP/1.1
User-Agent: selenium/4.0.0-alpha-5 (java windows)
Content-Length: 103
Content-Type: application/json; charset=utf-8
host: localhost:10889
accept: */*

Response DefaultHttpResponse(decodeResult: success, version: HTTP/1.1)
HTTP/1.1 200 OK
content-type: application/json; charset=utf-8
cache-control: no-cache
content-length: 88
date: Thu, 25 Jun 2020 12:50:13 GMT

15:50:13.088 [AsyncHttpClient-3-1] DEBUG o.a.netty.channel.ChannelManager - Adding key: http://localhost:10889 for channel [id: 0x7c68b8df, L:/127.0.0.1:64390 - R:localhost/127.0.0.1:10889]
15:50:13.088 [Forwarding getElementText on session 14f61660-7bcc-4279-b6a3-7163a94e0626 to remote] DEBUG o.a.netty.request.NettyRequestSender - Using pooled Channel '[id: 0x7c68b8df, L:/127.0.0.1:64390 - R:localhost/127.0.0.1:10889]' for 'GET' to 'http://localhost:10889/session/14f61660-7bcc-4279-b6a3-7163a94e0626/element/8259c90a-5589-4fc3-b176-ab50253c88e5/text'
15:50:13.089 [Forwarding getElementText on session 14f61660-7bcc-4279-b6a3-7163a94e0626 to remote] DEBUG o.a.netty.request.NettyRequestSender - Using open Channel [id: 0x7c68b8df, L:/127.0.0.1:64390 - R:localhost/127.0.0.1:10889] for GET '/session/14f61660-7bcc-4279-b6a3-7163a94e0626/element/8259c90a-5589-4fc3-b176-ab50253c88e5/text'
15:50:13.093 [AsyncHttpClient-3-1] DEBUG o.a.netty.handler.HttpHandler - 

Request DefaultFullHttpRequest(decodeResult: success, version: HTTP/1.1, content: EmptyByteBufBE)
GET /session/14f61660-7bcc-4279-b6a3-7163a94e0626/element/8259c90a-5589-4fc3-b176-ab50253c88e5/text HTTP/1.1
User-Agent: selenium/4.0.0-alpha-5 (java windows)
Cache-Control: no-cache
host: localhost:10889
accept: */*

Response DefaultHttpResponse(decodeResult: success, version: HTTP/1.1)
HTTP/1.1 200 OK
content-type: application/json; charset=utf-8
cache-control: no-cache
content-length: 21
date: Thu, 25 Jun 2020 12:50:13 GMT

15:50:13.093 [AsyncHttpClient-3-1] DEBUG o.a.netty.channel.ChannelManager - Adding key: http://localhost:10889 for channel [id: 0x7c68b8df, L:/127.0.0.1:64390 - R:localhost/127.0.0.1:10889]
15:50:13.093 [Forwarding findChildElement on session 14f61660-7bcc-4279-b6a3-7163a94e0626 to remote] DEBUG o.a.netty.request.NettyRequestSender - Using pooled Channel '[id: 0x7c68b8df, L:/127.0.0.1:64390 - R:localhost/127.0.0.1:10889]' for 'POST' to 'http://localhost:10889/session/14f61660-7bcc-4279-b6a3-7163a94e0626/element/c5ad11a2-eb77-4ec3-b724-779e7890ae54/element'
15:50:13.093 [Forwarding findChildElement on session 14f61660-7bcc-4279-b6a3-7163a94e0626 to remote] DEBUG o.a.netty.request.NettyRequestSender - Using open Channel [id: 0x7c68b8df, L:/127.0.0.1:64390 - R:localhost/127.0.0.1:10889] for POST '/session/14f61660-7bcc-4279-b6a3-7163a94e0626/element/c5ad11a2-eb77-4ec3-b724-779e7890ae54/element'
15:50:13.097 [AsyncHttpClient-3-1] DEBUG o.a.netty.handler.HttpHandler - 

Request DefaultHttpRequest(decodeResult: success, version: HTTP/1.1)
POST /session/14f61660-7bcc-4279-b6a3-7163a94e0626/element/c5ad11a2-eb77-4ec3-b724-779e7890ae54/element HTTP/1.1
User-Agent: selenium/4.0.0-alpha-5 (java windows)
Content-Length: 103
Content-Type: application/json; charset=utf-8
host: localhost:10889
accept: */*

Response DefaultHttpResponse(decodeResult: success, version: HTTP/1.1)
HTTP/1.1 200 OK
content-type: application/json; charset=utf-8
cache-control: no-cache
content-length: 88
date: Thu, 25 Jun 2020 12:50:13 GMT

15:50:13.097 [AsyncHttpClient-3-1] DEBUG o.a.netty.channel.ChannelManager - Adding key: http://localhost:10889 for channel [id: 0x7c68b8df, L:/127.0.0.1:64390 - R:localhost/127.0.0.1:10889]
15:50:13.097 [Forwarding getElementText on session 14f61660-7bcc-4279-b6a3-7163a94e0626 to remote] DEBUG o.a.netty.request.NettyRequestSender - Using pooled Channel '[id: 0x7c68b8df, L:/127.0.0.1:64390 - R:localhost/127.0.0.1:10889]' for 'GET' to 'http://localhost:10889/session/14f61660-7bcc-4279-b6a3-7163a94e0626/element/1cfcaa12-3bcd-451c-af8b-bc4350b3bf38/text'
15:50:13.097 [Forwarding getElementText on session 14f61660-7bcc-4279-b6a3-7163a94e0626 to remote] DEBUG o.a.netty.request.NettyRequestSender - Using open Channel [id: 0x7c68b8df, L:/127.0.0.1:64390 - R:localhost/127.0.0.1:10889] for GET '/session/14f61660-7bcc-4279-b6a3-7163a94e0626/element/1cfcaa12-3bcd-451c-af8b-bc4350b3bf38/text'
15:50:13.102 [AsyncHttpClient-3-1] DEBUG o.a.netty.handler.HttpHandler - 

Request DefaultFullHttpRequest(decodeResult: success, version: HTTP/1.1, content: EmptyByteBufBE)
GET /session/14f61660-7bcc-4279-b6a3-7163a94e0626/element/1cfcaa12-3bcd-451c-af8b-bc4350b3bf38/text HTTP/1.1
User-Agent: selenium/4.0.0-alpha-5 (java windows)
Cache-Control: no-cache
host: localhost:10889
accept: */*

Response DefaultHttpResponse(decodeResult: success, version: HTTP/1.1)
HTTP/1.1 200 OK
content-type: application/json; charset=utf-8
cache-control: no-cache
content-length: 45
date: Thu, 25 Jun 2020 12:50:13 GMT

15:50:13.102 [AsyncHttpClient-3-1] DEBUG o.a.netty.channel.ChannelManager - Adding key: http://localhost:10889 for channel [id: 0x7c68b8df, L:/127.0.0.1:64390 - R:localhost/127.0.0.1:10889]
15:50:13.102 [Forwarding findChildElement on session 14f61660-7bcc-4279-b6a3-7163a94e0626 to remote] DEBUG o.a.netty.request.NettyRequestSender - Using pooled Channel '[id: 0x7c68b8df, L:/127.0.0.1:64390 - R:localhost/127.0.0.1:10889]' for 'POST' to 'http://localhost:10889/session/14f61660-7bcc-4279-b6a3-7163a94e0626/element/c5ad11a2-eb77-4ec3-b724-779e7890ae54/element'
15:50:13.102 [Forwarding findChildElement on session 14f61660-7bcc-4279-b6a3-7163a94e0626 to remote] DEBUG o.a.netty.request.NettyRequestSender - Using open Channel [id: 0x7c68b8df, L:/127.0.0.1:64390 - R:localhost/127.0.0.1:10889] for POST '/session/14f61660-7bcc-4279-b6a3-7163a94e0626/element/c5ad11a2-eb77-4ec3-b724-779e7890ae54/element'
15:50:13.106 [AsyncHttpClient-3-1] DEBUG o.a.netty.handler.HttpHandler - 

Request DefaultHttpRequest(decodeResult: success, version: HTTP/1.1)
POST /session/14f61660-7bcc-4279-b6a3-7163a94e0626/element/c5ad11a2-eb77-4ec3-b724-779e7890ae54/element HTTP/1.1
User-Agent: selenium/4.0.0-alpha-5 (java windows)
Content-Length: 103
Content-Type: application/json; charset=utf-8
host: localhost:10889
accept: */*

Response DefaultHttpResponse(decodeResult: success, version: HTTP/1.1)
HTTP/1.1 200 OK
content-type: application/json; charset=utf-8
cache-control: no-cache
content-length: 88
date: Thu, 25 Jun 2020 12:50:13 GMT

15:50:13.106 [AsyncHttpClient-3-1] DEBUG o.a.netty.channel.ChannelManager - Adding key: http://localhost:10889 for channel [id: 0x7c68b8df, L:/127.0.0.1:64390 - R:localhost/127.0.0.1:10889]
15:50:13.107 [Forwarding getElementText on session 14f61660-7bcc-4279-b6a3-7163a94e0626 to remote] DEBUG o.a.netty.request.NettyRequestSender - Using pooled Channel '[id: 0x7c68b8df, L:/127.0.0.1:64390 - R:localhost/127.0.0.1:10889]' for 'GET' to 'http://localhost:10889/session/14f61660-7bcc-4279-b6a3-7163a94e0626/element/114e1d59-8446-4c27-8a74-2f3fa989f76c/text'
15:50:13.107 [Forwarding getElementText on session 14f61660-7bcc-4279-b6a3-7163a94e0626 to remote] DEBUG o.a.netty.request.NettyRequestSender - Using open Channel [id: 0x7c68b8df, L:/127.0.0.1:64390 - R:localhost/127.0.0.1:10889] for GET '/session/14f61660-7bcc-4279-b6a3-7163a94e0626/element/114e1d59-8446-4c27-8a74-2f3fa989f76c/text'
15:50:13.114 [AsyncHttpClient-3-1] DEBUG o.a.netty.handler.HttpHandler - 

Request DefaultFullHttpRequest(decodeResult: success, version: HTTP/1.1, content: EmptyByteBufBE)
GET /session/14f61660-7bcc-4279-b6a3-7163a94e0626/element/114e1d59-8446-4c27-8a74-2f3fa989f76c/text HTTP/1.1
User-Agent: selenium/4.0.0-alpha-5 (java windows)
Cache-Control: no-cache
host: localhost:10889
accept: */*

Response DefaultHttpResponse(decodeResult: success, version: HTTP/1.1)
HTTP/1.1 200 OK
content-type: application/json; charset=utf-8
cache-control: no-cache
content-length: 57
date: Thu, 25 Jun 2020 12:50:13 GMT

15:50:13.114 [AsyncHttpClient-3-1] DEBUG o.a.netty.channel.ChannelManager - Adding key: http://localhost:10889 for channel [id: 0x7c68b8df, L:/127.0.0.1:64390 - R:localhost/127.0.0.1:10889]
15:50:13.114 [Forwarding findChildElement on session 14f61660-7bcc-4279-b6a3-7163a94e0626 to remote] DEBUG o.a.netty.request.NettyRequestSender - Using pooled Channel '[id: 0x7c68b8df, L:/127.0.0.1:64390 - R:localhost/127.0.0.1:10889]' for 'POST' to 'http://localhost:10889/session/14f61660-7bcc-4279-b6a3-7163a94e0626/element/c5ad11a2-eb77-4ec3-b724-779e7890ae54/element'
15:50:13.114 [Forwarding findChildElement on session 14f61660-7bcc-4279-b6a3-7163a94e0626 to remote] DEBUG o.a.netty.request.NettyRequestSender - Using open Channel [id: 0x7c68b8df, L:/127.0.0.1:64390 - R:localhost/127.0.0.1:10889] for POST '/session/14f61660-7bcc-4279-b6a3-7163a94e0626/element/c5ad11a2-eb77-4ec3-b724-779e7890ae54/element'
15:50:13.118 [AsyncHttpClient-3-1] DEBUG o.a.netty.handler.HttpHandler - 

Request DefaultHttpRequest(decodeResult: success, version: HTTP/1.1)
POST /session/14f61660-7bcc-4279-b6a3-7163a94e0626/element/c5ad11a2-eb77-4ec3-b724-779e7890ae54/element HTTP/1.1
User-Agent: selenium/4.0.0-alpha-5 (java windows)
Content-Length: 97
Content-Type: application/json; charset=utf-8
host: localhost:10889
accept: */*

Response DefaultHttpResponse(decodeResult: success, version: HTTP/1.1)
HTTP/1.1 200 OK
content-type: application/json; charset=utf-8
cache-control: no-cache
content-length: 88
date: Thu, 25 Jun 2020 12:50:13 GMT

15:50:13.118 [AsyncHttpClient-3-1] DEBUG o.a.netty.channel.ChannelManager - Adding key: http://localhost:10889 for channel [id: 0x7c68b8df, L:/127.0.0.1:64390 - R:localhost/127.0.0.1:10889]
15:50:13.122 [Forwarding getElementAttribute on session 14f61660-7bcc-4279-b6a3-7163a94e0626 to remote] DEBUG o.a.netty.request.NettyRequestSender - Using pooled Channel '[id: 0x7c68b8df, L:/127.0.0.1:64390 - R:localhost/127.0.0.1:10889]' for 'POST' to 'http://localhost:10889/session/14f61660-7bcc-4279-b6a3-7163a94e0626/execute/sync'
15:50:13.122 [Forwarding getElementAttribute on session 14f61660-7bcc-4279-b6a3-7163a94e0626 to remote] DEBUG o.a.netty.request.NettyRequestSender - Using open Channel [id: 0x7c68b8df, L:/127.0.0.1:64390 - R:localhost/127.0.0.1:10889] for POST '/session/14f61660-7bcc-4279-b6a3-7163a94e0626/execute/sync'
15:50:13.135 [AsyncHttpClient-3-1] DEBUG o.a.netty.handler.HttpHandler - 

Request DefaultHttpRequest(decodeResult: success, version: HTTP/1.1)
POST /session/14f61660-7bcc-4279-b6a3-7163a94e0626/execute/sync HTTP/1.1
User-Agent: selenium/4.0.0-alpha-5 (java windows)
Content-Length: 39635
Content-Type: application/json; charset=utf-8
host: localhost:10889
accept: */*

Response DefaultHttpResponse(decodeResult: success, version: HTTP/1.1)
HTTP/1.1 200 OK
content-type: application/json; charset=utf-8
cache-control: no-cache
content-length: 15
date: Thu, 25 Jun 2020 12:50:13 GMT

15:50:13.135 [AsyncHttpClient-3-1] DEBUG o.a.netty.channel.ChannelManager - Adding key: http://localhost:10889 for channel [id: 0x7c68b8df, L:/127.0.0.1:64390 - R:localhost/127.0.0.1:10889]
15:50:13.136 [Forwarding findChildElement on session 14f61660-7bcc-4279-b6a3-7163a94e0626 to remote] DEBUG o.a.netty.request.NettyRequestSender - Using pooled Channel '[id: 0x7c68b8df, L:/127.0.0.1:64390 - R:localhost/127.0.0.1:10889]' for 'POST' to 'http://localhost:10889/session/14f61660-7bcc-4279-b6a3-7163a94e0626/element/c575ce5b-0dca-4cc2-8aa1-87495c8f3978/element'
15:50:13.136 [Forwarding findChildElement on session 14f61660-7bcc-4279-b6a3-7163a94e0626 to remote] DEBUG o.a.netty.request.NettyRequestSender - Using open Channel [id: 0x7c68b8df, L:/127.0.0.1:64390 - R:localhost/127.0.0.1:10889] for POST '/session/14f61660-7bcc-4279-b6a3-7163a94e0626/element/c575ce5b-0dca-4cc2-8aa1-87495c8f3978/element'
15:50:13.140 [AsyncHttpClient-3-1] DEBUG o.a.netty.handler.HttpHandler - 

Request DefaultHttpRequest(decodeResult: success, version: HTTP/1.1)
POST /session/14f61660-7bcc-4279-b6a3-7163a94e0626/element/c575ce5b-0dca-4cc2-8aa1-87495c8f3978/element HTTP/1.1
User-Agent: selenium/4.0.0-alpha-5 (java windows)
Content-Length: 103
Content-Type: application/json; charset=utf-8
host: localhost:10889
accept: */*

Response DefaultHttpResponse(decodeResult: success, version: HTTP/1.1)
HTTP/1.1 200 OK
content-type: application/json; charset=utf-8
cache-control: no-cache
content-length: 88
date: Thu, 25 Jun 2020 12:50:13 GMT

15:50:13.140 [AsyncHttpClient-3-1] DEBUG o.a.netty.channel.ChannelManager - Adding key: http://localhost:10889 for channel [id: 0x7c68b8df, L:/127.0.0.1:64390 - R:localhost/127.0.0.1:10889]
15:50:13.140 [Forwarding getElementText on session 14f61660-7bcc-4279-b6a3-7163a94e0626 to remote] DEBUG o.a.netty.request.NettyRequestSender - Using pooled Channel '[id: 0x7c68b8df, L:/127.0.0.1:64390 - R:localhost/127.0.0.1:10889]' for 'GET' to 'http://localhost:10889/session/14f61660-7bcc-4279-b6a3-7163a94e0626/element/88802f3c-a9f8-402f-b339-e8031bc15b38/text'
15:50:13.140 [Forwarding getElementText on session 14f61660-7bcc-4279-b6a3-7163a94e0626 to remote] DEBUG o.a.netty.request.NettyRequestSender - Using open Channel [id: 0x7c68b8df, L:/127.0.0.1:64390 - R:localhost/127.0.0.1:10889] for GET '/session/14f61660-7bcc-4279-b6a3-7163a94e0626/element/88802f3c-a9f8-402f-b339-e8031bc15b38/text'
15:50:13.144 [AsyncHttpClient-3-1] DEBUG o.a.netty.handler.HttpHandler - 

Request DefaultFullHttpRequest(decodeResult: success, version: HTTP/1.1, content: EmptyByteBufBE)
GET /session/14f61660-7bcc-4279-b6a3-7163a94e0626/element/88802f3c-a9f8-402f-b339-e8031bc15b38/text HTTP/1.1
User-Agent: selenium/4.0.0-alpha-5 (java windows)
Cache-Control: no-cache
host: localhost:10889
accept: */*

Response DefaultHttpResponse(decodeResult: success, version: HTTP/1.1)
HTTP/1.1 200 OK
content-type: application/json; charset=utf-8
cache-control: no-cache
content-length: 18
date: Thu, 25 Jun 2020 12:50:13 GMT

15:50:13.144 [AsyncHttpClient-3-1] DEBUG o.a.netty.channel.ChannelManager - Adding key: http://localhost:10889 for channel [id: 0x7c68b8df, L:/127.0.0.1:64390 - R:localhost/127.0.0.1:10889]
15:50:13.145 [Forwarding findChildElement on session 14f61660-7bcc-4279-b6a3-7163a94e0626 to remote] DEBUG o.a.netty.request.NettyRequestSender - Using pooled Channel '[id: 0x7c68b8df, L:/127.0.0.1:64390 - R:localhost/127.0.0.1:10889]' for 'POST' to 'http://localhost:10889/session/14f61660-7bcc-4279-b6a3-7163a94e0626/element/c575ce5b-0dca-4cc2-8aa1-87495c8f3978/element'
15:50:13.145 [Forwarding findChildElement on session 14f61660-7bcc-4279-b6a3-7163a94e0626 to remote] DEBUG o.a.netty.request.NettyRequestSender - Using open Channel [id: 0x7c68b8df, L:/127.0.0.1:64390 - R:localhost/127.0.0.1:10889] for POST '/session/14f61660-7bcc-4279-b6a3-7163a94e0626/element/c575ce5b-0dca-4cc2-8aa1-87495c8f3978/element'
15:50:13.149 [AsyncHttpClient-3-1] DEBUG o.a.netty.handler.HttpHandler - 

Request DefaultHttpRequest(decodeResult: success, version: HTTP/1.1)
POST /session/14f61660-7bcc-4279-b6a3-7163a94e0626/element/c575ce5b-0dca-4cc2-8aa1-87495c8f3978/element HTTP/1.1
User-Agent: selenium/4.0.0-alpha-5 (java windows)
Content-Length: 103
Content-Type: application/json; charset=utf-8
host: localhost:10889
accept: */*

Response DefaultHttpResponse(decodeResult: success, version: HTTP/1.1)
HTTP/1.1 200 OK
content-type: application/json; charset=utf-8
cache-control: no-cache
content-length: 88
date: Thu, 25 Jun 2020 12:50:13 GMT

15:50:13.149 [AsyncHttpClient-3-1] DEBUG o.a.netty.channel.ChannelManager - Adding key: http://localhost:10889 for channel [id: 0x7c68b8df, L:/127.0.0.1:64390 - R:localhost/127.0.0.1:10889]
15:50:13.149 [Forwarding getElementText on session 14f61660-7bcc-4279-b6a3-7163a94e0626 to remote] DEBUG o.a.netty.request.NettyRequestSender - Using pooled Channel '[id: 0x7c68b8df, L:/127.0.0.1:64390 - R:localhost/127.0.0.1:10889]' for 'GET' to 'http://localhost:10889/session/14f61660-7bcc-4279-b6a3-7163a94e0626/element/3edb2764-85b5-4495-b4c9-a16b69538934/text'
15:50:13.149 [Forwarding getElementText on session 14f61660-7bcc-4279-b6a3-7163a94e0626 to remote] DEBUG o.a.netty.request.NettyRequestSender - Using open Channel [id: 0x7c68b8df, L:/127.0.0.1:64390 - R:localhost/127.0.0.1:10889] for GET '/session/14f61660-7bcc-4279-b6a3-7163a94e0626/element/3edb2764-85b5-4495-b4c9-a16b69538934/text'
15:50:13.154 [AsyncHttpClient-3-1] DEBUG o.a.netty.handler.HttpHandler - 

Request DefaultFullHttpRequest(decodeResult: success, version: HTTP/1.1, content: EmptyByteBufBE)
GET /session/14f61660-7bcc-4279-b6a3-7163a94e0626/element/3edb2764-85b5-4495-b4c9-a16b69538934/text HTTP/1.1
User-Agent: selenium/4.0.0-alpha-5 (java windows)
Cache-Control: no-cache
host: localhost:10889
accept: */*

Response DefaultHttpResponse(decodeResult: success, version: HTTP/1.1)
HTTP/1.1 200 OK
content-type: application/json; charset=utf-8
cache-control: no-cache
content-length: 22
date: Thu, 25 Jun 2020 12:50:13 GMT

15:50:13.154 [AsyncHttpClient-3-1] DEBUG o.a.netty.channel.ChannelManager - Adding key: http://localhost:10889 for channel [id: 0x7c68b8df, L:/127.0.0.1:64390 - R:localhost/127.0.0.1:10889]
15:50:13.154 [Forwarding findChildElement on session 14f61660-7bcc-4279-b6a3-7163a94e0626 to remote] DEBUG o.a.netty.request.NettyRequestSender - Using pooled Channel '[id: 0x7c68b8df, L:/127.0.0.1:64390 - R:localhost/127.0.0.1:10889]' for 'POST' to 'http://localhost:10889/session/14f61660-7bcc-4279-b6a3-7163a94e0626/element/c575ce5b-0dca-4cc2-8aa1-87495c8f3978/element'
15:50:13.155 [Forwarding findChildElement on session 14f61660-7bcc-4279-b6a3-7163a94e0626 to remote] DEBUG o.a.netty.request.NettyRequestSender - Using open Channel [id: 0x7c68b8df, L:/127.0.0.1:64390 - R:localhost/127.0.0.1:10889] for POST '/session/14f61660-7bcc-4279-b6a3-7163a94e0626/element/c575ce5b-0dca-4cc2-8aa1-87495c8f3978/element'
15:50:13.158 [AsyncHttpClient-3-1] DEBUG o.a.netty.handler.HttpHandler - 

Request DefaultHttpRequest(decodeResult: success, version: HTTP/1.1)
POST /session/14f61660-7bcc-4279-b6a3-7163a94e0626/element/c575ce5b-0dca-4cc2-8aa1-87495c8f3978/element HTTP/1.1
User-Agent: selenium/4.0.0-alpha-5 (java windows)
Content-Length: 103
Content-Type: application/json; charset=utf-8
host: localhost:10889
accept: */*

Response DefaultHttpResponse(decodeResult: success, version: HTTP/1.1)
HTTP/1.1 200 OK
content-type: application/json; charset=utf-8
cache-control: no-cache
content-length: 88
date: Thu, 25 Jun 2020 12:50:13 GMT

15:50:13.158 [AsyncHttpClient-3-1] DEBUG o.a.netty.channel.ChannelManager - Adding key: http://localhost:10889 for channel [id: 0x7c68b8df, L:/127.0.0.1:64390 - R:localhost/127.0.0.1:10889]
15:50:13.159 [Forwarding getElementText on session 14f61660-7bcc-4279-b6a3-7163a94e0626 to remote] DEBUG o.a.netty.request.NettyRequestSender - Using pooled Channel '[id: 0x7c68b8df, L:/127.0.0.1:64390 - R:localhost/127.0.0.1:10889]' for 'GET' to 'http://localhost:10889/session/14f61660-7bcc-4279-b6a3-7163a94e0626/element/3b002744-ac0d-4c98-96f2-3b1f794cb9b9/text'
15:50:13.159 [Forwarding getElementText on session 14f61660-7bcc-4279-b6a3-7163a94e0626 to remote] DEBUG o.a.netty.request.NettyRequestSender - Using open Channel [id: 0x7c68b8df, L:/127.0.0.1:64390 - R:localhost/127.0.0.1:10889] for GET '/session/14f61660-7bcc-4279-b6a3-7163a94e0626/element/3b002744-ac0d-4c98-96f2-3b1f794cb9b9/text'
15:50:13.163 [AsyncHttpClient-3-1] DEBUG o.a.netty.handler.HttpHandler - 

Request DefaultFullHttpRequest(decodeResult: success, version: HTTP/1.1, content: EmptyByteBufBE)
GET /session/14f61660-7bcc-4279-b6a3-7163a94e0626/element/3b002744-ac0d-4c98-96f2-3b1f794cb9b9/text HTTP/1.1
User-Agent: selenium/4.0.0-alpha-5 (java windows)
Cache-Control: no-cache
host: localhost:10889
accept: */*

Response DefaultHttpResponse(decodeResult: success, version: HTTP/1.1)
HTTP/1.1 200 OK
content-type: application/json; charset=utf-8
cache-control: no-cache
content-length: 21
date: Thu, 25 Jun 2020 12:50:13 GMT

15:50:13.163 [AsyncHttpClient-3-1] DEBUG o.a.netty.channel.ChannelManager - Adding key: http://localhost:10889 for channel [id: 0x7c68b8df, L:/127.0.0.1:64390 - R:localhost/127.0.0.1:10889]
15:50:13.164 [Forwarding findChildElement on session 14f61660-7bcc-4279-b6a3-7163a94e0626 to remote] DEBUG o.a.netty.request.NettyRequestSender - Using pooled Channel '[id: 0x7c68b8df, L:/127.0.0.1:64390 - R:localhost/127.0.0.1:10889]' for 'POST' to 'http://localhost:10889/session/14f61660-7bcc-4279-b6a3-7163a94e0626/element/c575ce5b-0dca-4cc2-8aa1-87495c8f3978/element'
15:50:13.164 [Forwarding findChildElement on session 14f61660-7bcc-4279-b6a3-7163a94e0626 to remote] DEBUG o.a.netty.request.NettyRequestSender - Using open Channel [id: 0x7c68b8df, L:/127.0.0.1:64390 - R:localhost/127.0.0.1:10889] for POST '/session/14f61660-7bcc-4279-b6a3-7163a94e0626/element/c575ce5b-0dca-4cc2-8aa1-87495c8f3978/element'
15:50:13.167 [AsyncHttpClient-3-1] DEBUG o.a.netty.handler.HttpHandler - 

Request DefaultHttpRequest(decodeResult: success, version: HTTP/1.1)
POST /session/14f61660-7bcc-4279-b6a3-7163a94e0626/element/c575ce5b-0dca-4cc2-8aa1-87495c8f3978/element HTTP/1.1
User-Agent: selenium/4.0.0-alpha-5 (java windows)
Content-Length: 103
Content-Type: application/json; charset=utf-8
host: localhost:10889
accept: */*

Response DefaultHttpResponse(decodeResult: success, version: HTTP/1.1)
HTTP/1.1 200 OK
content-type: application/json; charset=utf-8
cache-control: no-cache
content-length: 88
date: Thu, 25 Jun 2020 12:50:13 GMT

15:50:13.167 [AsyncHttpClient-3-1] DEBUG o.a.netty.channel.ChannelManager - Adding key: http://localhost:10889 for channel [id: 0x7c68b8df, L:/127.0.0.1:64390 - R:localhost/127.0.0.1:10889]
15:50:13.167 [Forwarding getElementText on session 14f61660-7bcc-4279-b6a3-7163a94e0626 to remote] DEBUG o.a.netty.request.NettyRequestSender - Using pooled Channel '[id: 0x7c68b8df, L:/127.0.0.1:64390 - R:localhost/127.0.0.1:10889]' for 'GET' to 'http://localhost:10889/session/14f61660-7bcc-4279-b6a3-7163a94e0626/element/a4fb22a6-22ec-47df-b094-0da962957fa5/text'
15:50:13.167 [Forwarding getElementText on session 14f61660-7bcc-4279-b6a3-7163a94e0626 to remote] DEBUG o.a.netty.request.NettyRequestSender - Using open Channel [id: 0x7c68b8df, L:/127.0.0.1:64390 - R:localhost/127.0.0.1:10889] for GET '/session/14f61660-7bcc-4279-b6a3-7163a94e0626/element/a4fb22a6-22ec-47df-b094-0da962957fa5/text'
15:50:13.172 [AsyncHttpClient-3-1] DEBUG o.a.netty.handler.HttpHandler - 

Request DefaultFullHttpRequest(decodeResult: success, version: HTTP/1.1, content: EmptyByteBufBE)
GET /session/14f61660-7bcc-4279-b6a3-7163a94e0626/element/a4fb22a6-22ec-47df-b094-0da962957fa5/text HTTP/1.1
User-Agent: selenium/4.0.0-alpha-5 (java windows)
Cache-Control: no-cache
host: localhost:10889
accept: */*

Response DefaultHttpResponse(decodeResult: success, version: HTTP/1.1)
HTTP/1.1 200 OK
content-type: application/json; charset=utf-8
cache-control: no-cache
content-length: 45
date: Thu, 25 Jun 2020 12:50:13 GMT

15:50:13.172 [AsyncHttpClient-3-1] DEBUG o.a.netty.channel.ChannelManager - Adding key: http://localhost:10889 for channel [id: 0x7c68b8df, L:/127.0.0.1:64390 - R:localhost/127.0.0.1:10889]
15:50:13.172 [Forwarding findChildElement on session 14f61660-7bcc-4279-b6a3-7163a94e0626 to remote] DEBUG o.a.netty.request.NettyRequestSender - Using pooled Channel '[id: 0x7c68b8df, L:/127.0.0.1:64390 - R:localhost/127.0.0.1:10889]' for 'POST' to 'http://localhost:10889/session/14f61660-7bcc-4279-b6a3-7163a94e0626/element/c575ce5b-0dca-4cc2-8aa1-87495c8f3978/element'
15:50:13.172 [Forwarding findChildElement on session 14f61660-7bcc-4279-b6a3-7163a94e0626 to remote] DEBUG o.a.netty.request.NettyRequestSender - Using open Channel [id: 0x7c68b8df, L:/127.0.0.1:64390 - R:localhost/127.0.0.1:10889] for POST '/session/14f61660-7bcc-4279-b6a3-7163a94e0626/element/c575ce5b-0dca-4cc2-8aa1-87495c8f3978/element'
15:50:13.175 [AsyncHttpClient-3-1] DEBUG o.a.netty.handler.HttpHandler - 

Request DefaultHttpRequest(decodeResult: success, version: HTTP/1.1)
POST /session/14f61660-7bcc-4279-b6a3-7163a94e0626/element/c575ce5b-0dca-4cc2-8aa1-87495c8f3978/element HTTP/1.1
User-Agent: selenium/4.0.0-alpha-5 (java windows)
Content-Length: 103
Content-Type: application/json; charset=utf-8
host: localhost:10889
accept: */*

Response DefaultHttpResponse(decodeResult: success, version: HTTP/1.1)
HTTP/1.1 200 OK
content-type: application/json; charset=utf-8
cache-control: no-cache
content-length: 88
date: Thu, 25 Jun 2020 12:50:13 GMT

15:50:13.176 [AsyncHttpClient-3-1] DEBUG o.a.netty.channel.ChannelManager - Adding key: http://localhost:10889 for channel [id: 0x7c68b8df, L:/127.0.0.1:64390 - R:localhost/127.0.0.1:10889]
15:50:13.176 [Forwarding getElementText on session 14f61660-7bcc-4279-b6a3-7163a94e0626 to remote] DEBUG o.a.netty.request.NettyRequestSender - Using pooled Channel '[id: 0x7c68b8df, L:/127.0.0.1:64390 - R:localhost/127.0.0.1:10889]' for 'GET' to 'http://localhost:10889/session/14f61660-7bcc-4279-b6a3-7163a94e0626/element/e66dce52-2ebb-4278-958e-a5b55c233702/text'
15:50:13.176 [Forwarding getElementText on session 14f61660-7bcc-4279-b6a3-7163a94e0626 to remote] DEBUG o.a.netty.request.NettyRequestSender - Using open Channel [id: 0x7c68b8df, L:/127.0.0.1:64390 - R:localhost/127.0.0.1:10889] for GET '/session/14f61660-7bcc-4279-b6a3-7163a94e0626/element/e66dce52-2ebb-4278-958e-a5b55c233702/text'
15:50:13.183 [AsyncHttpClient-3-1] DEBUG o.a.netty.handler.HttpHandler - 

Request DefaultFullHttpRequest(decodeResult: success, version: HTTP/1.1, content: EmptyByteBufBE)
GET /session/14f61660-7bcc-4279-b6a3-7163a94e0626/element/e66dce52-2ebb-4278-958e-a5b55c233702/text HTTP/1.1
User-Agent: selenium/4.0.0-alpha-5 (java windows)
Cache-Control: no-cache
host: localhost:10889
accept: */*

Response DefaultHttpResponse(decodeResult: success, version: HTTP/1.1)
HTTP/1.1 200 OK
content-type: application/json; charset=utf-8
cache-control: no-cache
content-length: 57
date: Thu, 25 Jun 2020 12:50:13 GMT

15:50:13.183 [AsyncHttpClient-3-1] DEBUG o.a.netty.channel.ChannelManager - Adding key: http://localhost:10889 for channel [id: 0x7c68b8df, L:/127.0.0.1:64390 - R:localhost/127.0.0.1:10889]
15:50:13.183 [Forwarding findChildElement on session 14f61660-7bcc-4279-b6a3-7163a94e0626 to remote] DEBUG o.a.netty.request.NettyRequestSender - Using pooled Channel '[id: 0x7c68b8df, L:/127.0.0.1:64390 - R:localhost/127.0.0.1:10889]' for 'POST' to 'http://localhost:10889/session/14f61660-7bcc-4279-b6a3-7163a94e0626/element/c575ce5b-0dca-4cc2-8aa1-87495c8f3978/element'
15:50:13.183 [Forwarding findChildElement on session 14f61660-7bcc-4279-b6a3-7163a94e0626 to remote] DEBUG o.a.netty.request.NettyRequestSender - Using open Channel [id: 0x7c68b8df, L:/127.0.0.1:64390 - R:localhost/127.0.0.1:10889] for POST '/session/14f61660-7bcc-4279-b6a3-7163a94e0626/element/c575ce5b-0dca-4cc2-8aa1-87495c8f3978/element'
15:50:13.187 [AsyncHttpClient-3-1] DEBUG o.a.netty.handler.HttpHandler - 

Request DefaultHttpRequest(decodeResult: success, version: HTTP/1.1)
POST /session/14f61660-7bcc-4279-b6a3-7163a94e0626/element/c575ce5b-0dca-4cc2-8aa1-87495c8f3978/element HTTP/1.1
User-Agent: selenium/4.0.0-alpha-5 (java windows)
Content-Length: 97
Content-Type: application/json; charset=utf-8
host: localhost:10889
accept: */*

Response DefaultHttpResponse(decodeResult: success, version: HTTP/1.1)
HTTP/1.1 200 OK
content-type: application/json; charset=utf-8
cache-control: no-cache
content-length: 88
date: Thu, 25 Jun 2020 12:50:13 GMT

15:50:13.187 [AsyncHttpClient-3-1] DEBUG o.a.netty.channel.ChannelManager - Adding key: http://localhost:10889 for channel [id: 0x7c68b8df, L:/127.0.0.1:64390 - R:localhost/127.0.0.1:10889]
15:50:13.190 [Forwarding getElementAttribute on session 14f61660-7bcc-4279-b6a3-7163a94e0626 to remote] DEBUG o.a.netty.request.NettyRequestSender - Using pooled Channel '[id: 0x7c68b8df, L:/127.0.0.1:64390 - R:localhost/127.0.0.1:10889]' for 'POST' to 'http://localhost:10889/session/14f61660-7bcc-4279-b6a3-7163a94e0626/execute/sync'
15:50:13.190 [Forwarding getElementAttribute on session 14f61660-7bcc-4279-b6a3-7163a94e0626 to remote] DEBUG o.a.netty.request.NettyRequestSender - Using open Channel [id: 0x7c68b8df, L:/127.0.0.1:64390 - R:localhost/127.0.0.1:10889] for POST '/session/14f61660-7bcc-4279-b6a3-7163a94e0626/execute/sync'
15:50:13.202 [AsyncHttpClient-3-1] DEBUG o.a.netty.handler.HttpHandler - 

Request DefaultHttpRequest(decodeResult: success, version: HTTP/1.1)
POST /session/14f61660-7bcc-4279-b6a3-7163a94e0626/execute/sync HTTP/1.1
User-Agent: selenium/4.0.0-alpha-5 (java windows)
Content-Length: 39635
Content-Type: application/json; charset=utf-8
host: localhost:10889
accept: */*

Response DefaultHttpResponse(decodeResult: success, version: HTTP/1.1)
HTTP/1.1 200 OK
content-type: application/json; charset=utf-8
cache-control: no-cache
content-length: 15
date: Thu, 25 Jun 2020 12:50:13 GMT

15:50:13.202 [AsyncHttpClient-3-1] DEBUG o.a.netty.channel.ChannelManager - Adding key: http://localhost:10889 for channel [id: 0x7c68b8df, L:/127.0.0.1:64390 - R:localhost/127.0.0.1:10889]
15:50:13.203 [Forwarding findChildElement on session 14f61660-7bcc-4279-b6a3-7163a94e0626 to remote] DEBUG o.a.netty.request.NettyRequestSender - Using pooled Channel '[id: 0x7c68b8df, L:/127.0.0.1:64390 - R:localhost/127.0.0.1:10889]' for 'POST' to 'http://localhost:10889/session/14f61660-7bcc-4279-b6a3-7163a94e0626/element/3bc74aa5-fb02-40e4-8a2c-46a593cabd4c/element'
15:50:13.203 [Forwarding findChildElement on session 14f61660-7bcc-4279-b6a3-7163a94e0626 to remote] DEBUG o.a.netty.request.NettyRequestSender - Using open Channel [id: 0x7c68b8df, L:/127.0.0.1:64390 - R:localhost/127.0.0.1:10889] for POST '/session/14f61660-7bcc-4279-b6a3-7163a94e0626/element/3bc74aa5-fb02-40e4-8a2c-46a593cabd4c/element'
15:50:13.207 [AsyncHttpClient-3-1] DEBUG o.a.netty.handler.HttpHandler - 

Request DefaultHttpRequest(decodeResult: success, version: HTTP/1.1)
POST /session/14f61660-7bcc-4279-b6a3-7163a94e0626/element/3bc74aa5-fb02-40e4-8a2c-46a593cabd4c/element HTTP/1.1
User-Agent: selenium/4.0.0-alpha-5 (java windows)
Content-Length: 103
Content-Type: application/json; charset=utf-8
host: localhost:10889
accept: */*

Response DefaultHttpResponse(decodeResult: success, version: HTTP/1.1)
HTTP/1.1 200 OK
content-type: application/json; charset=utf-8
cache-control: no-cache
content-length: 88
date: Thu, 25 Jun 2020 12:50:13 GMT

15:50:13.207 [AsyncHttpClient-3-1] DEBUG o.a.netty.channel.ChannelManager - Adding key: http://localhost:10889 for channel [id: 0x7c68b8df, L:/127.0.0.1:64390 - R:localhost/127.0.0.1:10889]
15:50:13.207 [Forwarding getElementText on session 14f61660-7bcc-4279-b6a3-7163a94e0626 to remote] DEBUG o.a.netty.request.NettyRequestSender - Using pooled Channel '[id: 0x7c68b8df, L:/127.0.0.1:64390 - R:localhost/127.0.0.1:10889]' for 'GET' to 'http://localhost:10889/session/14f61660-7bcc-4279-b6a3-7163a94e0626/element/6d8bbc3d-00d7-416a-8c66-704c2ee3d303/text'
15:50:13.207 [Forwarding getElementText on session 14f61660-7bcc-4279-b6a3-7163a94e0626 to remote] DEBUG o.a.netty.request.NettyRequestSender - Using open Channel [id: 0x7c68b8df, L:/127.0.0.1:64390 - R:localhost/127.0.0.1:10889] for GET '/session/14f61660-7bcc-4279-b6a3-7163a94e0626/element/6d8bbc3d-00d7-416a-8c66-704c2ee3d303/text'
15:50:13.212 [AsyncHttpClient-3-1] DEBUG o.a.netty.handler.HttpHandler - 

Request DefaultFullHttpRequest(decodeResult: success, version: HTTP/1.1, content: EmptyByteBufBE)
GET /session/14f61660-7bcc-4279-b6a3-7163a94e0626/element/6d8bbc3d-00d7-416a-8c66-704c2ee3d303/text HTTP/1.1
User-Agent: selenium/4.0.0-alpha-5 (java windows)
Cache-Control: no-cache
host: localhost:10889
accept: */*

Response DefaultHttpResponse(decodeResult: success, version: HTTP/1.1)
HTTP/1.1 200 OK
content-type: application/json; charset=utf-8
cache-control: no-cache
content-length: 18
date: Thu, 25 Jun 2020 12:50:13 GMT

15:50:13.212 [AsyncHttpClient-3-1] DEBUG o.a.netty.channel.ChannelManager - Adding key: http://localhost:10889 for channel [id: 0x7c68b8df, L:/127.0.0.1:64390 - R:localhost/127.0.0.1:10889]
15:50:13.212 [Forwarding findChildElement on session 14f61660-7bcc-4279-b6a3-7163a94e0626 to remote] DEBUG o.a.netty.request.NettyRequestSender - Using pooled Channel '[id: 0x7c68b8df, L:/127.0.0.1:64390 - R:localhost/127.0.0.1:10889]' for 'POST' to 'http://localhost:10889/session/14f61660-7bcc-4279-b6a3-7163a94e0626/element/3bc74aa5-fb02-40e4-8a2c-46a593cabd4c/element'
15:50:13.212 [Forwarding findChildElement on session 14f61660-7bcc-4279-b6a3-7163a94e0626 to remote] DEBUG o.a.netty.request.NettyRequestSender - Using open Channel [id: 0x7c68b8df, L:/127.0.0.1:64390 - R:localhost/127.0.0.1:10889] for POST '/session/14f61660-7bcc-4279-b6a3-7163a94e0626/element/3bc74aa5-fb02-40e4-8a2c-46a593cabd4c/element'
15:50:13.216 [AsyncHttpClient-3-1] DEBUG o.a.netty.handler.HttpHandler - 

Request DefaultHttpRequest(decodeResult: success, version: HTTP/1.1)
POST /session/14f61660-7bcc-4279-b6a3-7163a94e0626/element/3bc74aa5-fb02-40e4-8a2c-46a593cabd4c/element HTTP/1.1
User-Agent: selenium/4.0.0-alpha-5 (java windows)
Content-Length: 103
Content-Type: application/json; charset=utf-8
host: localhost:10889
accept: */*

Response DefaultHttpResponse(decodeResult: success, version: HTTP/1.1)
HTTP/1.1 200 OK
content-type: application/json; charset=utf-8
cache-control: no-cache
content-length: 88
date: Thu, 25 Jun 2020 12:50:13 GMT

15:50:13.216 [AsyncHttpClient-3-1] DEBUG o.a.netty.channel.ChannelManager - Adding key: http://localhost:10889 for channel [id: 0x7c68b8df, L:/127.0.0.1:64390 - R:localhost/127.0.0.1:10889]
15:50:13.217 [Forwarding getElementText on session 14f61660-7bcc-4279-b6a3-7163a94e0626 to remote] DEBUG o.a.netty.request.NettyRequestSender - Using pooled Channel '[id: 0x7c68b8df, L:/127.0.0.1:64390 - R:localhost/127.0.0.1:10889]' for 'GET' to 'http://localhost:10889/session/14f61660-7bcc-4279-b6a3-7163a94e0626/element/8bc77675-0e2f-46bf-968a-87fcf2d12936/text'
15:50:13.217 [Forwarding getElementText on session 14f61660-7bcc-4279-b6a3-7163a94e0626 to remote] DEBUG o.a.netty.request.NettyRequestSender - Using open Channel [id: 0x7c68b8df, L:/127.0.0.1:64390 - R:localhost/127.0.0.1:10889] for GET '/session/14f61660-7bcc-4279-b6a3-7163a94e0626/element/8bc77675-0e2f-46bf-968a-87fcf2d12936/text'
15:50:13.223 [AsyncHttpClient-3-1] DEBUG o.a.netty.handler.HttpHandler - 

Request DefaultFullHttpRequest(decodeResult: success, version: HTTP/1.1, content: EmptyByteBufBE)
GET /session/14f61660-7bcc-4279-b6a3-7163a94e0626/element/8bc77675-0e2f-46bf-968a-87fcf2d12936/text HTTP/1.1
User-Agent: selenium/4.0.0-alpha-5 (java windows)
Cache-Control: no-cache
host: localhost:10889
accept: */*

Response DefaultHttpResponse(decodeResult: success, version: HTTP/1.1)
HTTP/1.1 200 OK
content-type: application/json; charset=utf-8
cache-control: no-cache
content-length: 22
date: Thu, 25 Jun 2020 12:50:13 GMT

15:50:13.223 [AsyncHttpClient-3-1] DEBUG o.a.netty.channel.ChannelManager - Adding key: http://localhost:10889 for channel [id: 0x7c68b8df, L:/127.0.0.1:64390 - R:localhost/127.0.0.1:10889]
15:50:13.224 [Forwarding findChildElement on session 14f61660-7bcc-4279-b6a3-7163a94e0626 to remote] DEBUG o.a.netty.request.NettyRequestSender - Using pooled Channel '[id: 0x7c68b8df, L:/127.0.0.1:64390 - R:localhost/127.0.0.1:10889]' for 'POST' to 'http://localhost:10889/session/14f61660-7bcc-4279-b6a3-7163a94e0626/element/3bc74aa5-fb02-40e4-8a2c-46a593cabd4c/element'
15:50:13.224 [Forwarding findChildElement on session 14f61660-7bcc-4279-b6a3-7163a94e0626 to remote] DEBUG o.a.netty.request.NettyRequestSender - Using open Channel [id: 0x7c68b8df, L:/127.0.0.1:64390 - R:localhost/127.0.0.1:10889] for POST '/session/14f61660-7bcc-4279-b6a3-7163a94e0626/element/3bc74aa5-fb02-40e4-8a2c-46a593cabd4c/element'
15:50:13.227 [AsyncHttpClient-3-1] DEBUG o.a.netty.handler.HttpHandler - 

Request DefaultHttpRequest(decodeResult: success, version: HTTP/1.1)
POST /session/14f61660-7bcc-4279-b6a3-7163a94e0626/element/3bc74aa5-fb02-40e4-8a2c-46a593cabd4c/element HTTP/1.1
User-Agent: selenium/4.0.0-alpha-5 (java windows)
Content-Length: 103
Content-Type: application/json; charset=utf-8
host: localhost:10889
accept: */*

Response DefaultHttpResponse(decodeResult: success, version: HTTP/1.1)
HTTP/1.1 200 OK
content-type: application/json; charset=utf-8
cache-control: no-cache
content-length: 88
date: Thu, 25 Jun 2020 12:50:13 GMT

15:50:13.227 [AsyncHttpClient-3-1] DEBUG o.a.netty.channel.ChannelManager - Adding key: http://localhost:10889 for channel [id: 0x7c68b8df, L:/127.0.0.1:64390 - R:localhost/127.0.0.1:10889]
15:50:13.228 [Forwarding getElementText on session 14f61660-7bcc-4279-b6a3-7163a94e0626 to remote] DEBUG o.a.netty.request.NettyRequestSender - Using pooled Channel '[id: 0x7c68b8df, L:/127.0.0.1:64390 - R:localhost/127.0.0.1:10889]' for 'GET' to 'http://localhost:10889/session/14f61660-7bcc-4279-b6a3-7163a94e0626/element/e8c43982-e924-47aa-a180-402fb5ad7ec0/text'
15:50:13.228 [Forwarding getElementText on session 14f61660-7bcc-4279-b6a3-7163a94e0626 to remote] DEBUG o.a.netty.request.NettyRequestSender - Using open Channel [id: 0x7c68b8df, L:/127.0.0.1:64390 - R:localhost/127.0.0.1:10889] for GET '/session/14f61660-7bcc-4279-b6a3-7163a94e0626/element/e8c43982-e924-47aa-a180-402fb5ad7ec0/text'
15:50:13.233 [AsyncHttpClient-3-1] DEBUG o.a.netty.handler.HttpHandler - 

Request DefaultFullHttpRequest(decodeResult: success, version: HTTP/1.1, content: EmptyByteBufBE)
GET /session/14f61660-7bcc-4279-b6a3-7163a94e0626/element/e8c43982-e924-47aa-a180-402fb5ad7ec0/text HTTP/1.1
User-Agent: selenium/4.0.0-alpha-5 (java windows)
Cache-Control: no-cache
host: localhost:10889
accept: */*

Response DefaultHttpResponse(decodeResult: success, version: HTTP/1.1)
HTTP/1.1 200 OK
content-type: application/json; charset=utf-8
cache-control: no-cache
content-length: 21
date: Thu, 25 Jun 2020 12:50:13 GMT

15:50:13.233 [AsyncHttpClient-3-1] DEBUG o.a.netty.channel.ChannelManager - Adding key: http://localhost:10889 for channel [id: 0x7c68b8df, L:/127.0.0.1:64390 - R:localhost/127.0.0.1:10889]
15:50:13.233 [Forwarding findChildElement on session 14f61660-7bcc-4279-b6a3-7163a94e0626 to remote] DEBUG o.a.netty.request.NettyRequestSender - Using pooled Channel '[id: 0x7c68b8df, L:/127.0.0.1:64390 - R:localhost/127.0.0.1:10889]' for 'POST' to 'http://localhost:10889/session/14f61660-7bcc-4279-b6a3-7163a94e0626/element/3bc74aa5-fb02-40e4-8a2c-46a593cabd4c/element'
15:50:13.234 [Forwarding findChildElement on session 14f61660-7bcc-4279-b6a3-7163a94e0626 to remote] DEBUG o.a.netty.request.NettyRequestSender - Using open Channel [id: 0x7c68b8df, L:/127.0.0.1:64390 - R:localhost/127.0.0.1:10889] for POST '/session/14f61660-7bcc-4279-b6a3-7163a94e0626/element/3bc74aa5-fb02-40e4-8a2c-46a593cabd4c/element'
15:50:13.238 [AsyncHttpClient-3-1] DEBUG o.a.netty.handler.HttpHandler - 

Request DefaultHttpRequest(decodeResult: success, version: HTTP/1.1)
POST /session/14f61660-7bcc-4279-b6a3-7163a94e0626/element/3bc74aa5-fb02-40e4-8a2c-46a593cabd4c/element HTTP/1.1
User-Agent: selenium/4.0.0-alpha-5 (java windows)
Content-Length: 103
Content-Type: application/json; charset=utf-8
host: localhost:10889
accept: */*

Response DefaultHttpResponse(decodeResult: success, version: HTTP/1.1)
HTTP/1.1 200 OK
content-type: application/json; charset=utf-8
cache-control: no-cache
content-length: 88
date: Thu, 25 Jun 2020 12:50:13 GMT

15:50:13.238 [AsyncHttpClient-3-1] DEBUG o.a.netty.channel.ChannelManager - Adding key: http://localhost:10889 for channel [id: 0x7c68b8df, L:/127.0.0.1:64390 - R:localhost/127.0.0.1:10889]
15:50:13.238 [Forwarding getElementText on session 14f61660-7bcc-4279-b6a3-7163a94e0626 to remote] DEBUG o.a.netty.request.NettyRequestSender - Using pooled Channel '[id: 0x7c68b8df, L:/127.0.0.1:64390 - R:localhost/127.0.0.1:10889]' for 'GET' to 'http://localhost:10889/session/14f61660-7bcc-4279-b6a3-7163a94e0626/element/ca4d7720-af68-4d20-9c98-77c32090fe7b/text'
15:50:13.238 [Forwarding getElementText on session 14f61660-7bcc-4279-b6a3-7163a94e0626 to remote] DEBUG o.a.netty.request.NettyRequestSender - Using open Channel [id: 0x7c68b8df, L:/127.0.0.1:64390 - R:localhost/127.0.0.1:10889] for GET '/session/14f61660-7bcc-4279-b6a3-7163a94e0626/element/ca4d7720-af68-4d20-9c98-77c32090fe7b/text'
15:50:13.243 [AsyncHttpClient-3-1] DEBUG o.a.netty.handler.HttpHandler - 

Request DefaultFullHttpRequest(decodeResult: success, version: HTTP/1.1, content: EmptyByteBufBE)
GET /session/14f61660-7bcc-4279-b6a3-7163a94e0626/element/ca4d7720-af68-4d20-9c98-77c32090fe7b/text HTTP/1.1
User-Agent: selenium/4.0.0-alpha-5 (java windows)
Cache-Control: no-cache
host: localhost:10889
accept: */*

Response DefaultHttpResponse(decodeResult: success, version: HTTP/1.1)
HTTP/1.1 200 OK
content-type: application/json; charset=utf-8
cache-control: no-cache
content-length: 45
date: Thu, 25 Jun 2020 12:50:13 GMT

15:50:13.243 [AsyncHttpClient-3-1] DEBUG o.a.netty.channel.ChannelManager - Adding key: http://localhost:10889 for channel [id: 0x7c68b8df, L:/127.0.0.1:64390 - R:localhost/127.0.0.1:10889]
15:50:13.244 [Forwarding findChildElement on session 14f61660-7bcc-4279-b6a3-7163a94e0626 to remote] DEBUG o.a.netty.request.NettyRequestSender - Using pooled Channel '[id: 0x7c68b8df, L:/127.0.0.1:64390 - R:localhost/127.0.0.1:10889]' for 'POST' to 'http://localhost:10889/session/14f61660-7bcc-4279-b6a3-7163a94e0626/element/3bc74aa5-fb02-40e4-8a2c-46a593cabd4c/element'
15:50:13.244 [Forwarding findChildElement on session 14f61660-7bcc-4279-b6a3-7163a94e0626 to remote] DEBUG o.a.netty.request.NettyRequestSender - Using open Channel [id: 0x7c68b8df, L:/127.0.0.1:64390 - R:localhost/127.0.0.1:10889] for POST '/session/14f61660-7bcc-4279-b6a3-7163a94e0626/element/3bc74aa5-fb02-40e4-8a2c-46a593cabd4c/element'
15:50:13.249 [AsyncHttpClient-3-1] DEBUG o.a.netty.handler.HttpHandler - 

Request DefaultHttpRequest(decodeResult: success, version: HTTP/1.1)
POST /session/14f61660-7bcc-4279-b6a3-7163a94e0626/element/3bc74aa5-fb02-40e4-8a2c-46a593cabd4c/element HTTP/1.1
User-Agent: selenium/4.0.0-alpha-5 (java windows)
Content-Length: 103
Content-Type: application/json; charset=utf-8
host: localhost:10889
accept: */*

Response DefaultHttpResponse(decodeResult: success, version: HTTP/1.1)
HTTP/1.1 200 OK
content-type: application/json; charset=utf-8
cache-control: no-cache
content-length: 88
date: Thu, 25 Jun 2020 12:50:13 GMT

15:50:13.249 [AsyncHttpClient-3-1] DEBUG o.a.netty.channel.ChannelManager - Adding key: http://localhost:10889 for channel [id: 0x7c68b8df, L:/127.0.0.1:64390 - R:localhost/127.0.0.1:10889]
15:50:13.250 [Forwarding getElementText on session 14f61660-7bcc-4279-b6a3-7163a94e0626 to remote] DEBUG o.a.netty.request.NettyRequestSender - Using pooled Channel '[id: 0x7c68b8df, L:/127.0.0.1:64390 - R:localhost/127.0.0.1:10889]' for 'GET' to 'http://localhost:10889/session/14f61660-7bcc-4279-b6a3-7163a94e0626/element/4239ea20-437c-4d59-bbf1-03bdc408bbef/text'
15:50:13.250 [Forwarding getElementText on session 14f61660-7bcc-4279-b6a3-7163a94e0626 to remote] DEBUG o.a.netty.request.NettyRequestSender - Using open Channel [id: 0x7c68b8df, L:/127.0.0.1:64390 - R:localhost/127.0.0.1:10889] for GET '/session/14f61660-7bcc-4279-b6a3-7163a94e0626/element/4239ea20-437c-4d59-bbf1-03bdc408bbef/text'
15:50:13.259 [AsyncHttpClient-3-1] DEBUG o.a.netty.handler.HttpHandler - 

Request DefaultFullHttpRequest(decodeResult: success, version: HTTP/1.1, content: EmptyByteBufBE)
GET /session/14f61660-7bcc-4279-b6a3-7163a94e0626/element/4239ea20-437c-4d59-bbf1-03bdc408bbef/text HTTP/1.1
User-Agent: selenium/4.0.0-alpha-5 (java windows)
Cache-Control: no-cache
host: localhost:10889
accept: */*

Response DefaultHttpResponse(decodeResult: success, version: HTTP/1.1)
HTTP/1.1 200 OK
content-type: application/json; charset=utf-8
cache-control: no-cache
content-length: 57
date: Thu, 25 Jun 2020 12:50:13 GMT

15:50:13.259 [AsyncHttpClient-3-1] DEBUG o.a.netty.channel.ChannelManager - Adding key: http://localhost:10889 for channel [id: 0x7c68b8df, L:/127.0.0.1:64390 - R:localhost/127.0.0.1:10889]
15:50:13.259 [Forwarding findChildElement on session 14f61660-7bcc-4279-b6a3-7163a94e0626 to remote] DEBUG o.a.netty.request.NettyRequestSender - Using pooled Channel '[id: 0x7c68b8df, L:/127.0.0.1:64390 - R:localhost/127.0.0.1:10889]' for 'POST' to 'http://localhost:10889/session/14f61660-7bcc-4279-b6a3-7163a94e0626/element/3bc74aa5-fb02-40e4-8a2c-46a593cabd4c/element'
15:50:13.259 [Forwarding findChildElement on session 14f61660-7bcc-4279-b6a3-7163a94e0626 to remote] DEBUG o.a.netty.request.NettyRequestSender - Using open Channel [id: 0x7c68b8df, L:/127.0.0.1:64390 - R:localhost/127.0.0.1:10889] for POST '/session/14f61660-7bcc-4279-b6a3-7163a94e0626/element/3bc74aa5-fb02-40e4-8a2c-46a593cabd4c/element'
15:50:13.263 [AsyncHttpClient-3-1] DEBUG o.a.netty.handler.HttpHandler - 

Request DefaultHttpRequest(decodeResult: success, version: HTTP/1.1)
POST /session/14f61660-7bcc-4279-b6a3-7163a94e0626/element/3bc74aa5-fb02-40e4-8a2c-46a593cabd4c/element HTTP/1.1
User-Agent: selenium/4.0.0-alpha-5 (java windows)
Content-Length: 97
Content-Type: application/json; charset=utf-8
host: localhost:10889
accept: */*

Response DefaultHttpResponse(decodeResult: success, version: HTTP/1.1)
HTTP/1.1 200 OK
content-type: application/json; charset=utf-8
cache-control: no-cache
content-length: 88
date: Thu, 25 Jun 2020 12:50:13 GMT

15:50:13.263 [AsyncHttpClient-3-1] DEBUG o.a.netty.channel.ChannelManager - Adding key: http://localhost:10889 for channel [id: 0x7c68b8df, L:/127.0.0.1:64390 - R:localhost/127.0.0.1:10889]
15:50:13.266 [Forwarding getElementAttribute on session 14f61660-7bcc-4279-b6a3-7163a94e0626 to remote] DEBUG o.a.netty.request.NettyRequestSender - Using pooled Channel '[id: 0x7c68b8df, L:/127.0.0.1:64390 - R:localhost/127.0.0.1:10889]' for 'POST' to 'http://localhost:10889/session/14f61660-7bcc-4279-b6a3-7163a94e0626/execute/sync'
15:50:13.266 [Forwarding getElementAttribute on session 14f61660-7bcc-4279-b6a3-7163a94e0626 to remote] DEBUG o.a.netty.request.NettyRequestSender - Using open Channel [id: 0x7c68b8df, L:/127.0.0.1:64390 - R:localhost/127.0.0.1:10889] for POST '/session/14f61660-7bcc-4279-b6a3-7163a94e0626/execute/sync'
15:50:13.284 [AsyncHttpClient-3-1] DEBUG o.a.netty.handler.HttpHandler - 

Request DefaultHttpRequest(decodeResult: success, version: HTTP/1.1)
POST /session/14f61660-7bcc-4279-b6a3-7163a94e0626/execute/sync HTTP/1.1
User-Agent: selenium/4.0.0-alpha-5 (java windows)
Content-Length: 39635
Content-Type: application/json; charset=utf-8
host: localhost:10889
accept: */*

Response DefaultHttpResponse(decodeResult: success, version: HTTP/1.1)
HTTP/1.1 200 OK
content-type: application/json; charset=utf-8
cache-control: no-cache
content-length: 15
date: Thu, 25 Jun 2020 12:50:13 GMT

15:50:13.284 [AsyncHttpClient-3-1] DEBUG o.a.netty.channel.ChannelManager - Adding key: http://localhost:10889 for channel [id: 0x7c68b8df, L:/127.0.0.1:64390 - R:localhost/127.0.0.1:10889]
15:50:13.285 [Forwarding findChildElement on session 14f61660-7bcc-4279-b6a3-7163a94e0626 to remote] DEBUG o.a.netty.request.NettyRequestSender - Using pooled Channel '[id: 0x7c68b8df, L:/127.0.0.1:64390 - R:localhost/127.0.0.1:10889]' for 'POST' to 'http://localhost:10889/session/14f61660-7bcc-4279-b6a3-7163a94e0626/element/93755d49-0947-4369-abbd-2c78702a40b6/element'
15:50:13.285 [Forwarding findChildElement on session 14f61660-7bcc-4279-b6a3-7163a94e0626 to remote] DEBUG o.a.netty.request.NettyRequestSender - Using open Channel [id: 0x7c68b8df, L:/127.0.0.1:64390 - R:localhost/127.0.0.1:10889] for POST '/session/14f61660-7bcc-4279-b6a3-7163a94e0626/element/93755d49-0947-4369-abbd-2c78702a40b6/element'
15:50:13.288 [AsyncHttpClient-3-1] DEBUG o.a.netty.handler.HttpHandler - 

Request DefaultHttpRequest(decodeResult: success, version: HTTP/1.1)
POST /session/14f61660-7bcc-4279-b6a3-7163a94e0626/element/93755d49-0947-4369-abbd-2c78702a40b6/element HTTP/1.1
User-Agent: selenium/4.0.0-alpha-5 (java windows)
Content-Length: 103
Content-Type: application/json; charset=utf-8
host: localhost:10889
accept: */*

Response DefaultHttpResponse(decodeResult: success, version: HTTP/1.1)
HTTP/1.1 200 OK
content-type: application/json; charset=utf-8
cache-control: no-cache
content-length: 88
date: Thu, 25 Jun 2020 12:50:13 GMT

15:50:13.289 [AsyncHttpClient-3-1] DEBUG o.a.netty.channel.ChannelManager - Adding key: http://localhost:10889 for channel [id: 0x7c68b8df, L:/127.0.0.1:64390 - R:localhost/127.0.0.1:10889]
15:50:13.289 [Forwarding getElementText on session 14f61660-7bcc-4279-b6a3-7163a94e0626 to remote] DEBUG o.a.netty.request.NettyRequestSender - Using pooled Channel '[id: 0x7c68b8df, L:/127.0.0.1:64390 - R:localhost/127.0.0.1:10889]' for 'GET' to 'http://localhost:10889/session/14f61660-7bcc-4279-b6a3-7163a94e0626/element/ebd2e2b6-1776-48f2-8401-05f68c034810/text'
15:50:13.289 [Forwarding getElementText on session 14f61660-7bcc-4279-b6a3-7163a94e0626 to remote] DEBUG o.a.netty.request.NettyRequestSender - Using open Channel [id: 0x7c68b8df, L:/127.0.0.1:64390 - R:localhost/127.0.0.1:10889] for GET '/session/14f61660-7bcc-4279-b6a3-7163a94e0626/element/ebd2e2b6-1776-48f2-8401-05f68c034810/text'
15:50:13.293 [AsyncHttpClient-3-1] DEBUG o.a.netty.handler.HttpHandler - 

Request DefaultFullHttpRequest(decodeResult: success, version: HTTP/1.1, content: EmptyByteBufBE)
GET /session/14f61660-7bcc-4279-b6a3-7163a94e0626/element/ebd2e2b6-1776-48f2-8401-05f68c034810/text HTTP/1.1
User-Agent: selenium/4.0.0-alpha-5 (java windows)
Cache-Control: no-cache
host: localhost:10889
accept: */*

Response DefaultHttpResponse(decodeResult: success, version: HTTP/1.1)
HTTP/1.1 200 OK
content-type: application/json; charset=utf-8
cache-control: no-cache
content-length: 18
date: Thu, 25 Jun 2020 12:50:13 GMT

15:50:13.293 [AsyncHttpClient-3-1] DEBUG o.a.netty.channel.ChannelManager - Adding key: http://localhost:10889 for channel [id: 0x7c68b8df, L:/127.0.0.1:64390 - R:localhost/127.0.0.1:10889]
15:50:13.294 [Forwarding findChildElement on session 14f61660-7bcc-4279-b6a3-7163a94e0626 to remote] DEBUG o.a.netty.request.NettyRequestSender - Using pooled Channel '[id: 0x7c68b8df, L:/127.0.0.1:64390 - R:localhost/127.0.0.1:10889]' for 'POST' to 'http://localhost:10889/session/14f61660-7bcc-4279-b6a3-7163a94e0626/element/93755d49-0947-4369-abbd-2c78702a40b6/element'
15:50:13.294 [Forwarding findChildElement on session 14f61660-7bcc-4279-b6a3-7163a94e0626 to remote] DEBUG o.a.netty.request.NettyRequestSender - Using open Channel [id: 0x7c68b8df, L:/127.0.0.1:64390 - R:localhost/127.0.0.1:10889] for POST '/session/14f61660-7bcc-4279-b6a3-7163a94e0626/element/93755d49-0947-4369-abbd-2c78702a40b6/element'
15:50:13.297 [AsyncHttpClient-3-1] DEBUG o.a.netty.handler.HttpHandler - 

Request DefaultHttpRequest(decodeResult: success, version: HTTP/1.1)
POST /session/14f61660-7bcc-4279-b6a3-7163a94e0626/element/93755d49-0947-4369-abbd-2c78702a40b6/element HTTP/1.1
User-Agent: selenium/4.0.0-alpha-5 (java windows)
Content-Length: 103
Content-Type: application/json; charset=utf-8
host: localhost:10889
accept: */*

Response DefaultHttpResponse(decodeResult: success, version: HTTP/1.1)
HTTP/1.1 200 OK
content-type: application/json; charset=utf-8
cache-control: no-cache
content-length: 88
date: Thu, 25 Jun 2020 12:50:13 GMT

15:50:13.297 [AsyncHttpClient-3-1] DEBUG o.a.netty.channel.ChannelManager - Adding key: http://localhost:10889 for channel [id: 0x7c68b8df, L:/127.0.0.1:64390 - R:localhost/127.0.0.1:10889]
15:50:13.297 [Forwarding getElementText on session 14f61660-7bcc-4279-b6a3-7163a94e0626 to remote] DEBUG o.a.netty.request.NettyRequestSender - Using pooled Channel '[id: 0x7c68b8df, L:/127.0.0.1:64390 - R:localhost/127.0.0.1:10889]' for 'GET' to 'http://localhost:10889/session/14f61660-7bcc-4279-b6a3-7163a94e0626/element/1b849e77-4a13-41b3-952e-f1d2f1d8f90a/text'
15:50:13.297 [Forwarding getElementText on session 14f61660-7bcc-4279-b6a3-7163a94e0626 to remote] DEBUG o.a.netty.request.NettyRequestSender - Using open Channel [id: 0x7c68b8df, L:/127.0.0.1:64390 - R:localhost/127.0.0.1:10889] for GET '/session/14f61660-7bcc-4279-b6a3-7163a94e0626/element/1b849e77-4a13-41b3-952e-f1d2f1d8f90a/text'
15:50:13.302 [AsyncHttpClient-3-1] DEBUG o.a.netty.handler.HttpHandler - 

Request DefaultFullHttpRequest(decodeResult: success, version: HTTP/1.1, content: EmptyByteBufBE)
GET /session/14f61660-7bcc-4279-b6a3-7163a94e0626/element/1b849e77-4a13-41b3-952e-f1d2f1d8f90a/text HTTP/1.1
User-Agent: selenium/4.0.0-alpha-5 (java windows)
Cache-Control: no-cache
host: localhost:10889
accept: */*

Response DefaultHttpResponse(decodeResult: success, version: HTTP/1.1)
HTTP/1.1 200 OK
content-type: application/json; charset=utf-8
cache-control: no-cache
content-length: 22
date: Thu, 25 Jun 2020 12:50:13 GMT

15:50:13.302 [AsyncHttpClient-3-1] DEBUG o.a.netty.channel.ChannelManager - Adding key: http://localhost:10889 for channel [id: 0x7c68b8df, L:/127.0.0.1:64390 - R:localhost/127.0.0.1:10889]
15:50:13.303 [Forwarding findChildElement on session 14f61660-7bcc-4279-b6a3-7163a94e0626 to remote] DEBUG o.a.netty.request.NettyRequestSender - Using pooled Channel '[id: 0x7c68b8df, L:/127.0.0.1:64390 - R:localhost/127.0.0.1:10889]' for 'POST' to 'http://localhost:10889/session/14f61660-7bcc-4279-b6a3-7163a94e0626/element/93755d49-0947-4369-abbd-2c78702a40b6/element'
15:50:13.303 [Forwarding findChildElement on session 14f61660-7bcc-4279-b6a3-7163a94e0626 to remote] DEBUG o.a.netty.request.NettyRequestSender - Using open Channel [id: 0x7c68b8df, L:/127.0.0.1:64390 - R:localhost/127.0.0.1:10889] for POST '/session/14f61660-7bcc-4279-b6a3-7163a94e0626/element/93755d49-0947-4369-abbd-2c78702a40b6/element'
15:50:13.306 [AsyncHttpClient-3-1] DEBUG o.a.netty.handler.HttpHandler - 

Request DefaultHttpRequest(decodeResult: success, version: HTTP/1.1)
POST /session/14f61660-7bcc-4279-b6a3-7163a94e0626/element/93755d49-0947-4369-abbd-2c78702a40b6/element HTTP/1.1
User-Agent: selenium/4.0.0-alpha-5 (java windows)
Content-Length: 103
Content-Type: application/json; charset=utf-8
host: localhost:10889
accept: */*

Response DefaultHttpResponse(decodeResult: success, version: HTTP/1.1)
HTTP/1.1 200 OK
content-type: application/json; charset=utf-8
cache-control: no-cache
content-length: 88
date: Thu, 25 Jun 2020 12:50:13 GMT

15:50:13.306 [AsyncHttpClient-3-1] DEBUG o.a.netty.channel.ChannelManager - Adding key: http://localhost:10889 for channel [id: 0x7c68b8df, L:/127.0.0.1:64390 - R:localhost/127.0.0.1:10889]
15:50:13.307 [Forwarding getElementText on session 14f61660-7bcc-4279-b6a3-7163a94e0626 to remote] DEBUG o.a.netty.request.NettyRequestSender - Using pooled Channel '[id: 0x7c68b8df, L:/127.0.0.1:64390 - R:localhost/127.0.0.1:10889]' for 'GET' to 'http://localhost:10889/session/14f61660-7bcc-4279-b6a3-7163a94e0626/element/2b5bf2b2-154a-416b-93cd-3ffa03adfb76/text'
15:50:13.307 [Forwarding getElementText on session 14f61660-7bcc-4279-b6a3-7163a94e0626 to remote] DEBUG o.a.netty.request.NettyRequestSender - Using open Channel [id: 0x7c68b8df, L:/127.0.0.1:64390 - R:localhost/127.0.0.1:10889] for GET '/session/14f61660-7bcc-4279-b6a3-7163a94e0626/element/2b5bf2b2-154a-416b-93cd-3ffa03adfb76/text'
15:50:13.311 [AsyncHttpClient-3-1] DEBUG o.a.netty.handler.HttpHandler - 

Request DefaultFullHttpRequest(decodeResult: success, version: HTTP/1.1, content: EmptyByteBufBE)
GET /session/14f61660-7bcc-4279-b6a3-7163a94e0626/element/2b5bf2b2-154a-416b-93cd-3ffa03adfb76/text HTTP/1.1
User-Agent: selenium/4.0.0-alpha-5 (java windows)
Cache-Control: no-cache
host: localhost:10889
accept: */*

Response DefaultHttpResponse(decodeResult: success, version: HTTP/1.1)
HTTP/1.1 200 OK
content-type: application/json; charset=utf-8
cache-control: no-cache
content-length: 21
date: Thu, 25 Jun 2020 12:50:13 GMT

15:50:13.311 [AsyncHttpClient-3-1] DEBUG o.a.netty.channel.ChannelManager - Adding key: http://localhost:10889 for channel [id: 0x7c68b8df, L:/127.0.0.1:64390 - R:localhost/127.0.0.1:10889]
15:50:13.311 [Forwarding findChildElement on session 14f61660-7bcc-4279-b6a3-7163a94e0626 to remote] DEBUG o.a.netty.request.NettyRequestSender - Using pooled Channel '[id: 0x7c68b8df, L:/127.0.0.1:64390 - R:localhost/127.0.0.1:10889]' for 'POST' to 'http://localhost:10889/session/14f61660-7bcc-4279-b6a3-7163a94e0626/element/93755d49-0947-4369-abbd-2c78702a40b6/element'
15:50:13.311 [Forwarding findChildElement on session 14f61660-7bcc-4279-b6a3-7163a94e0626 to remote] DEBUG o.a.netty.request.NettyRequestSender - Using open Channel [id: 0x7c68b8df, L:/127.0.0.1:64390 - R:localhost/127.0.0.1:10889] for POST '/session/14f61660-7bcc-4279-b6a3-7163a94e0626/element/93755d49-0947-4369-abbd-2c78702a40b6/element'
15:50:13.315 [AsyncHttpClient-3-1] DEBUG o.a.netty.handler.HttpHandler - 

Request DefaultHttpRequest(decodeResult: success, version: HTTP/1.1)
POST /session/14f61660-7bcc-4279-b6a3-7163a94e0626/element/93755d49-0947-4369-abbd-2c78702a40b6/element HTTP/1.1
User-Agent: selenium/4.0.0-alpha-5 (java windows)
Content-Length: 103
Content-Type: application/json; charset=utf-8
host: localhost:10889
accept: */*

Response DefaultHttpResponse(decodeResult: success, version: HTTP/1.1)
HTTP/1.1 200 OK
content-type: application/json; charset=utf-8
cache-control: no-cache
content-length: 88
date: Thu, 25 Jun 2020 12:50:13 GMT

15:50:13.315 [AsyncHttpClient-3-1] DEBUG o.a.netty.channel.ChannelManager - Adding key: http://localhost:10889 for channel [id: 0x7c68b8df, L:/127.0.0.1:64390 - R:localhost/127.0.0.1:10889]
15:50:13.315 [Forwarding getElementText on session 14f61660-7bcc-4279-b6a3-7163a94e0626 to remote] DEBUG o.a.netty.request.NettyRequestSender - Using pooled Channel '[id: 0x7c68b8df, L:/127.0.0.1:64390 - R:localhost/127.0.0.1:10889]' for 'GET' to 'http://localhost:10889/session/14f61660-7bcc-4279-b6a3-7163a94e0626/element/b5f77052-f9ff-4401-bd7c-ed81d1796d9f/text'
15:50:13.315 [Forwarding getElementText on session 14f61660-7bcc-4279-b6a3-7163a94e0626 to remote] DEBUG o.a.netty.request.NettyRequestSender - Using open Channel [id: 0x7c68b8df, L:/127.0.0.1:64390 - R:localhost/127.0.0.1:10889] for GET '/session/14f61660-7bcc-4279-b6a3-7163a94e0626/element/b5f77052-f9ff-4401-bd7c-ed81d1796d9f/text'
15:50:13.320 [AsyncHttpClient-3-1] DEBUG o.a.netty.handler.HttpHandler - 

Request DefaultFullHttpRequest(decodeResult: success, version: HTTP/1.1, content: EmptyByteBufBE)
GET /session/14f61660-7bcc-4279-b6a3-7163a94e0626/element/b5f77052-f9ff-4401-bd7c-ed81d1796d9f/text HTTP/1.1
User-Agent: selenium/4.0.0-alpha-5 (java windows)
Cache-Control: no-cache
host: localhost:10889
accept: */*

Response DefaultHttpResponse(decodeResult: success, version: HTTP/1.1)
HTTP/1.1 200 OK
content-type: application/json; charset=utf-8
cache-control: no-cache
content-length: 45
date: Thu, 25 Jun 2020 12:50:13 GMT

15:50:13.321 [AsyncHttpClient-3-1] DEBUG o.a.netty.channel.ChannelManager - Adding key: http://localhost:10889 for channel [id: 0x7c68b8df, L:/127.0.0.1:64390 - R:localhost/127.0.0.1:10889]
15:50:13.321 [Forwarding findChildElement on session 14f61660-7bcc-4279-b6a3-7163a94e0626 to remote] DEBUG o.a.netty.request.NettyRequestSender - Using pooled Channel '[id: 0x7c68b8df, L:/127.0.0.1:64390 - R:localhost/127.0.0.1:10889]' for 'POST' to 'http://localhost:10889/session/14f61660-7bcc-4279-b6a3-7163a94e0626/element/93755d49-0947-4369-abbd-2c78702a40b6/element'
15:50:13.321 [Forwarding findChildElement on session 14f61660-7bcc-4279-b6a3-7163a94e0626 to remote] DEBUG o.a.netty.request.NettyRequestSender - Using open Channel [id: 0x7c68b8df, L:/127.0.0.1:64390 - R:localhost/127.0.0.1:10889] for POST '/session/14f61660-7bcc-4279-b6a3-7163a94e0626/element/93755d49-0947-4369-abbd-2c78702a40b6/element'
15:50:13.325 [AsyncHttpClient-3-1] DEBUG o.a.netty.handler.HttpHandler - 

Request DefaultHttpRequest(decodeResult: success, version: HTTP/1.1)
POST /session/14f61660-7bcc-4279-b6a3-7163a94e0626/element/93755d49-0947-4369-abbd-2c78702a40b6/element HTTP/1.1
User-Agent: selenium/4.0.0-alpha-5 (java windows)
Content-Length: 103
Content-Type: application/json; charset=utf-8
host: localhost:10889
accept: */*

Response DefaultHttpResponse(decodeResult: success, version: HTTP/1.1)
HTTP/1.1 200 OK
content-type: application/json; charset=utf-8
cache-control: no-cache
content-length: 88
date: Thu, 25 Jun 2020 12:50:13 GMT

15:50:13.325 [AsyncHttpClient-3-1] DEBUG o.a.netty.channel.ChannelManager - Adding key: http://localhost:10889 for channel [id: 0x7c68b8df, L:/127.0.0.1:64390 - R:localhost/127.0.0.1:10889]
15:50:13.326 [Forwarding getElementText on session 14f61660-7bcc-4279-b6a3-7163a94e0626 to remote] DEBUG o.a.netty.request.NettyRequestSender - Using pooled Channel '[id: 0x7c68b8df, L:/127.0.0.1:64390 - R:localhost/127.0.0.1:10889]' for 'GET' to 'http://localhost:10889/session/14f61660-7bcc-4279-b6a3-7163a94e0626/element/382771c0-910f-4373-a4ae-f81bbd3826ac/text'
15:50:13.326 [Forwarding getElementText on session 14f61660-7bcc-4279-b6a3-7163a94e0626 to remote] DEBUG o.a.netty.request.NettyRequestSender - Using open Channel [id: 0x7c68b8df, L:/127.0.0.1:64390 - R:localhost/127.0.0.1:10889] for GET '/session/14f61660-7bcc-4279-b6a3-7163a94e0626/element/382771c0-910f-4373-a4ae-f81bbd3826ac/text'
15:50:13.333 [AsyncHttpClient-3-1] DEBUG o.a.netty.handler.HttpHandler - 

Request DefaultFullHttpRequest(decodeResult: success, version: HTTP/1.1, content: EmptyByteBufBE)
GET /session/14f61660-7bcc-4279-b6a3-7163a94e0626/element/382771c0-910f-4373-a4ae-f81bbd3826ac/text HTTP/1.1
User-Agent: selenium/4.0.0-alpha-5 (java windows)
Cache-Control: no-cache
host: localhost:10889
accept: */*

Response DefaultHttpResponse(decodeResult: success, version: HTTP/1.1)
HTTP/1.1 200 OK
content-type: application/json; charset=utf-8
cache-control: no-cache
content-length: 57
date: Thu, 25 Jun 2020 12:50:13 GMT

15:50:13.333 [AsyncHttpClient-3-1] DEBUG o.a.netty.channel.ChannelManager - Adding key: http://localhost:10889 for channel [id: 0x7c68b8df, L:/127.0.0.1:64390 - R:localhost/127.0.0.1:10889]
15:50:13.334 [Forwarding findChildElement on session 14f61660-7bcc-4279-b6a3-7163a94e0626 to remote] DEBUG o.a.netty.request.NettyRequestSender - Using pooled Channel '[id: 0x7c68b8df, L:/127.0.0.1:64390 - R:localhost/127.0.0.1:10889]' for 'POST' to 'http://localhost:10889/session/14f61660-7bcc-4279-b6a3-7163a94e0626/element/93755d49-0947-4369-abbd-2c78702a40b6/element'
15:50:13.334 [Forwarding findChildElement on session 14f61660-7bcc-4279-b6a3-7163a94e0626 to remote] DEBUG o.a.netty.request.NettyRequestSender - Using open Channel [id: 0x7c68b8df, L:/127.0.0.1:64390 - R:localhost/127.0.0.1:10889] for POST '/session/14f61660-7bcc-4279-b6a3-7163a94e0626/element/93755d49-0947-4369-abbd-2c78702a40b6/element'
15:50:13.338 [AsyncHttpClient-3-1] DEBUG o.a.netty.handler.HttpHandler - 

Request DefaultHttpRequest(decodeResult: success, version: HTTP/1.1)
POST /session/14f61660-7bcc-4279-b6a3-7163a94e0626/element/93755d49-0947-4369-abbd-2c78702a40b6/element HTTP/1.1
User-Agent: selenium/4.0.0-alpha-5 (java windows)
Content-Length: 97
Content-Type: application/json; charset=utf-8
host: localhost:10889
accept: */*

Response DefaultHttpResponse(decodeResult: success, version: HTTP/1.1)
HTTP/1.1 200 OK
content-type: application/json; charset=utf-8
cache-control: no-cache
content-length: 88
date: Thu, 25 Jun 2020 12:50:13 GMT

15:50:13.338 [AsyncHttpClient-3-1] DEBUG o.a.netty.channel.ChannelManager - Adding key: http://localhost:10889 for channel [id: 0x7c68b8df, L:/127.0.0.1:64390 - R:localhost/127.0.0.1:10889]
15:50:13.340 [Forwarding getElementAttribute on session 14f61660-7bcc-4279-b6a3-7163a94e0626 to remote] DEBUG o.a.netty.request.NettyRequestSender - Using pooled Channel '[id: 0x7c68b8df, L:/127.0.0.1:64390 - R:localhost/127.0.0.1:10889]' for 'POST' to 'http://localhost:10889/session/14f61660-7bcc-4279-b6a3-7163a94e0626/execute/sync'
15:50:13.340 [Forwarding getElementAttribute on session 14f61660-7bcc-4279-b6a3-7163a94e0626 to remote] DEBUG o.a.netty.request.NettyRequestSender - Using open Channel [id: 0x7c68b8df, L:/127.0.0.1:64390 - R:localhost/127.0.0.1:10889] for POST '/session/14f61660-7bcc-4279-b6a3-7163a94e0626/execute/sync'
15:50:13.354 [AsyncHttpClient-3-1] DEBUG o.a.netty.handler.HttpHandler - 

Request DefaultHttpRequest(decodeResult: success, version: HTTP/1.1)
POST /session/14f61660-7bcc-4279-b6a3-7163a94e0626/execute/sync HTTP/1.1
User-Agent: selenium/4.0.0-alpha-5 (java windows)
Content-Length: 39635
Content-Type: application/json; charset=utf-8
host: localhost:10889
accept: */*

Response DefaultHttpResponse(decodeResult: success, version: HTTP/1.1)
HTTP/1.1 200 OK
content-type: application/json; charset=utf-8
cache-control: no-cache
content-length: 15
date: Thu, 25 Jun 2020 12:50:13 GMT

15:50:13.354 [AsyncHttpClient-3-1] DEBUG o.a.netty.channel.ChannelManager - Adding key: http://localhost:10889 for channel [id: 0x7c68b8df, L:/127.0.0.1:64390 - R:localhost/127.0.0.1:10889]
15:50:13.354 [Forwarding findChildElement on session 14f61660-7bcc-4279-b6a3-7163a94e0626 to remote] DEBUG o.a.netty.request.NettyRequestSender - Using pooled Channel '[id: 0x7c68b8df, L:/127.0.0.1:64390 - R:localhost/127.0.0.1:10889]' for 'POST' to 'http://localhost:10889/session/14f61660-7bcc-4279-b6a3-7163a94e0626/element/d6d485d7-5293-49ee-a73d-de33e4ee48d3/element'
15:50:13.354 [Forwarding findChildElement on session 14f61660-7bcc-4279-b6a3-7163a94e0626 to remote] DEBUG o.a.netty.request.NettyRequestSender - Using open Channel [id: 0x7c68b8df, L:/127.0.0.1:64390 - R:localhost/127.0.0.1:10889] for POST '/session/14f61660-7bcc-4279-b6a3-7163a94e0626/element/d6d485d7-5293-49ee-a73d-de33e4ee48d3/element'
15:50:13.358 [AsyncHttpClient-3-1] DEBUG o.a.netty.handler.HttpHandler - 

Request DefaultHttpRequest(decodeResult: success, version: HTTP/1.1)
POST /session/14f61660-7bcc-4279-b6a3-7163a94e0626/element/d6d485d7-5293-49ee-a73d-de33e4ee48d3/element HTTP/1.1
User-Agent: selenium/4.0.0-alpha-5 (java windows)
Content-Length: 103
Content-Type: application/json; charset=utf-8
host: localhost:10889
accept: */*

Response DefaultHttpResponse(decodeResult: success, version: HTTP/1.1)
HTTP/1.1 200 OK
content-type: application/json; charset=utf-8
cache-control: no-cache
content-length: 88
date: Thu, 25 Jun 2020 12:50:13 GMT

15:50:13.358 [AsyncHttpClient-3-1] DEBUG o.a.netty.channel.ChannelManager - Adding key: http://localhost:10889 for channel [id: 0x7c68b8df, L:/127.0.0.1:64390 - R:localhost/127.0.0.1:10889]
15:50:13.359 [Forwarding getElementText on session 14f61660-7bcc-4279-b6a3-7163a94e0626 to remote] DEBUG o.a.netty.request.NettyRequestSender - Using pooled Channel '[id: 0x7c68b8df, L:/127.0.0.1:64390 - R:localhost/127.0.0.1:10889]' for 'GET' to 'http://localhost:10889/session/14f61660-7bcc-4279-b6a3-7163a94e0626/element/c1c1cac5-9660-4802-9f01-3b713d817b0b/text'
15:50:13.359 [Forwarding getElementText on session 14f61660-7bcc-4279-b6a3-7163a94e0626 to remote] DEBUG o.a.netty.request.NettyRequestSender - Using open Channel [id: 0x7c68b8df, L:/127.0.0.1:64390 - R:localhost/127.0.0.1:10889] for GET '/session/14f61660-7bcc-4279-b6a3-7163a94e0626/element/c1c1cac5-9660-4802-9f01-3b713d817b0b/text'
15:50:13.363 [AsyncHttpClient-3-1] DEBUG o.a.netty.handler.HttpHandler - 

Request DefaultFullHttpRequest(decodeResult: success, version: HTTP/1.1, content: EmptyByteBufBE)
GET /session/14f61660-7bcc-4279-b6a3-7163a94e0626/element/c1c1cac5-9660-4802-9f01-3b713d817b0b/text HTTP/1.1
User-Agent: selenium/4.0.0-alpha-5 (java windows)
Cache-Control: no-cache
host: localhost:10889
accept: */*

Response DefaultHttpResponse(decodeResult: success, version: HTTP/1.1)
HTTP/1.1 200 OK
content-type: application/json; charset=utf-8
cache-control: no-cache
content-length: 18
date: Thu, 25 Jun 2020 12:50:13 GMT

15:50:13.363 [AsyncHttpClient-3-1] DEBUG o.a.netty.channel.ChannelManager - Adding key: http://localhost:10889 for channel [id: 0x7c68b8df, L:/127.0.0.1:64390 - R:localhost/127.0.0.1:10889]
15:50:13.363 [Forwarding findChildElement on session 14f61660-7bcc-4279-b6a3-7163a94e0626 to remote] DEBUG o.a.netty.request.NettyRequestSender - Using pooled Channel '[id: 0x7c68b8df, L:/127.0.0.1:64390 - R:localhost/127.0.0.1:10889]' for 'POST' to 'http://localhost:10889/session/14f61660-7bcc-4279-b6a3-7163a94e0626/element/d6d485d7-5293-49ee-a73d-de33e4ee48d3/element'
15:50:13.363 [Forwarding findChildElement on session 14f61660-7bcc-4279-b6a3-7163a94e0626 to remote] DEBUG o.a.netty.request.NettyRequestSender - Using open Channel [id: 0x7c68b8df, L:/127.0.0.1:64390 - R:localhost/127.0.0.1:10889] for POST '/session/14f61660-7bcc-4279-b6a3-7163a94e0626/element/d6d485d7-5293-49ee-a73d-de33e4ee48d3/element'
15:50:13.367 [AsyncHttpClient-3-1] DEBUG o.a.netty.handler.HttpHandler - 

Request DefaultHttpRequest(decodeResult: success, version: HTTP/1.1)
POST /session/14f61660-7bcc-4279-b6a3-7163a94e0626/element/d6d485d7-5293-49ee-a73d-de33e4ee48d3/element HTTP/1.1
User-Agent: selenium/4.0.0-alpha-5 (java windows)
Content-Length: 103
Content-Type: application/json; charset=utf-8
host: localhost:10889
accept: */*

Response DefaultHttpResponse(decodeResult: success, version: HTTP/1.1)
HTTP/1.1 200 OK
content-type: application/json; charset=utf-8
cache-control: no-cache
content-length: 88
date: Thu, 25 Jun 2020 12:50:13 GMT

15:50:13.367 [AsyncHttpClient-3-1] DEBUG o.a.netty.channel.ChannelManager - Adding key: http://localhost:10889 for channel [id: 0x7c68b8df, L:/127.0.0.1:64390 - R:localhost/127.0.0.1:10889]
15:50:13.368 [Forwarding getElementText on session 14f61660-7bcc-4279-b6a3-7163a94e0626 to remote] DEBUG o.a.netty.request.NettyRequestSender - Using pooled Channel '[id: 0x7c68b8df, L:/127.0.0.1:64390 - R:localhost/127.0.0.1:10889]' for 'GET' to 'http://localhost:10889/session/14f61660-7bcc-4279-b6a3-7163a94e0626/element/a75c73c5-7c79-4743-8f1a-7f1deaee46d1/text'
15:50:13.368 [Forwarding getElementText on session 14f61660-7bcc-4279-b6a3-7163a94e0626 to remote] DEBUG o.a.netty.request.NettyRequestSender - Using open Channel [id: 0x7c68b8df, L:/127.0.0.1:64390 - R:localhost/127.0.0.1:10889] for GET '/session/14f61660-7bcc-4279-b6a3-7163a94e0626/element/a75c73c5-7c79-4743-8f1a-7f1deaee46d1/text'
15:50:13.372 [AsyncHttpClient-3-1] DEBUG o.a.netty.handler.HttpHandler - 

Request DefaultFullHttpRequest(decodeResult: success, version: HTTP/1.1, content: EmptyByteBufBE)
GET /session/14f61660-7bcc-4279-b6a3-7163a94e0626/element/a75c73c5-7c79-4743-8f1a-7f1deaee46d1/text HTTP/1.1
User-Agent: selenium/4.0.0-alpha-5 (java windows)
Cache-Control: no-cache
host: localhost:10889
accept: */*

Response DefaultHttpResponse(decodeResult: success, version: HTTP/1.1)
HTTP/1.1 200 OK
content-type: application/json; charset=utf-8
cache-control: no-cache
content-length: 22
date: Thu, 25 Jun 2020 12:50:13 GMT

15:50:13.372 [AsyncHttpClient-3-1] DEBUG o.a.netty.channel.ChannelManager - Adding key: http://localhost:10889 for channel [id: 0x7c68b8df, L:/127.0.0.1:64390 - R:localhost/127.0.0.1:10889]
15:50:13.373 [Forwarding findChildElement on session 14f61660-7bcc-4279-b6a3-7163a94e0626 to remote] DEBUG o.a.netty.request.NettyRequestSender - Using pooled Channel '[id: 0x7c68b8df, L:/127.0.0.1:64390 - R:localhost/127.0.0.1:10889]' for 'POST' to 'http://localhost:10889/session/14f61660-7bcc-4279-b6a3-7163a94e0626/element/d6d485d7-5293-49ee-a73d-de33e4ee48d3/element'
15:50:13.373 [Forwarding findChildElement on session 14f61660-7bcc-4279-b6a3-7163a94e0626 to remote] DEBUG o.a.netty.request.NettyRequestSender - Using open Channel [id: 0x7c68b8df, L:/127.0.0.1:64390 - R:localhost/127.0.0.1:10889] for POST '/session/14f61660-7bcc-4279-b6a3-7163a94e0626/element/d6d485d7-5293-49ee-a73d-de33e4ee48d3/element'
15:50:13.376 [AsyncHttpClient-3-1] DEBUG o.a.netty.handler.HttpHandler - 

Request DefaultHttpRequest(decodeResult: success, version: HTTP/1.1)
POST /session/14f61660-7bcc-4279-b6a3-7163a94e0626/element/d6d485d7-5293-49ee-a73d-de33e4ee48d3/element HTTP/1.1
User-Agent: selenium/4.0.0-alpha-5 (java windows)
Content-Length: 103
Content-Type: application/json; charset=utf-8
host: localhost:10889
accept: */*

Response DefaultHttpResponse(decodeResult: success, version: HTTP/1.1)
HTTP/1.1 200 OK
content-type: application/json; charset=utf-8
cache-control: no-cache
content-length: 88
date: Thu, 25 Jun 2020 12:50:13 GMT

15:50:13.376 [AsyncHttpClient-3-1] DEBUG o.a.netty.channel.ChannelManager - Adding key: http://localhost:10889 for channel [id: 0x7c68b8df, L:/127.0.0.1:64390 - R:localhost/127.0.0.1:10889]
15:50:13.377 [Forwarding getElementText on session 14f61660-7bcc-4279-b6a3-7163a94e0626 to remote] DEBUG o.a.netty.request.NettyRequestSender - Using pooled Channel '[id: 0x7c68b8df, L:/127.0.0.1:64390 - R:localhost/127.0.0.1:10889]' for 'GET' to 'http://localhost:10889/session/14f61660-7bcc-4279-b6a3-7163a94e0626/element/25e4ed5e-ff01-442e-aeb6-62d8be644367/text'
15:50:13.377 [Forwarding getElementText on session 14f61660-7bcc-4279-b6a3-7163a94e0626 to remote] DEBUG o.a.netty.request.NettyRequestSender - Using open Channel [id: 0x7c68b8df, L:/127.0.0.1:64390 - R:localhost/127.0.0.1:10889] for GET '/session/14f61660-7bcc-4279-b6a3-7163a94e0626/element/25e4ed5e-ff01-442e-aeb6-62d8be644367/text'
15:50:13.382 [AsyncHttpClient-3-1] DEBUG o.a.netty.handler.HttpHandler - 

Request DefaultFullHttpRequest(decodeResult: success, version: HTTP/1.1, content: EmptyByteBufBE)
GET /session/14f61660-7bcc-4279-b6a3-7163a94e0626/element/25e4ed5e-ff01-442e-aeb6-62d8be644367/text HTTP/1.1
User-Agent: selenium/4.0.0-alpha-5 (java windows)
Cache-Control: no-cache
host: localhost:10889
accept: */*

Response DefaultHttpResponse(decodeResult: success, version: HTTP/1.1)
HTTP/1.1 200 OK
content-type: application/json; charset=utf-8
cache-control: no-cache
content-length: 21
date: Thu, 25 Jun 2020 12:50:13 GMT

15:50:13.382 [AsyncHttpClient-3-1] DEBUG o.a.netty.channel.ChannelManager - Adding key: http://localhost:10889 for channel [id: 0x7c68b8df, L:/127.0.0.1:64390 - R:localhost/127.0.0.1:10889]
15:50:13.382 [Forwarding findChildElement on session 14f61660-7bcc-4279-b6a3-7163a94e0626 to remote] DEBUG o.a.netty.request.NettyRequestSender - Using pooled Channel '[id: 0x7c68b8df, L:/127.0.0.1:64390 - R:localhost/127.0.0.1:10889]' for 'POST' to 'http://localhost:10889/session/14f61660-7bcc-4279-b6a3-7163a94e0626/element/d6d485d7-5293-49ee-a73d-de33e4ee48d3/element'
15:50:13.382 [Forwarding findChildElement on session 14f61660-7bcc-4279-b6a3-7163a94e0626 to remote] DEBUG o.a.netty.request.NettyRequestSender - Using open Channel [id: 0x7c68b8df, L:/127.0.0.1:64390 - R:localhost/127.0.0.1:10889] for POST '/session/14f61660-7bcc-4279-b6a3-7163a94e0626/element/d6d485d7-5293-49ee-a73d-de33e4ee48d3/element'
15:50:13.386 [AsyncHttpClient-3-1] DEBUG o.a.netty.handler.HttpHandler - 

Request DefaultHttpRequest(decodeResult: success, version: HTTP/1.1)
POST /session/14f61660-7bcc-4279-b6a3-7163a94e0626/element/d6d485d7-5293-49ee-a73d-de33e4ee48d3/element HTTP/1.1
User-Agent: selenium/4.0.0-alpha-5 (java windows)
Content-Length: 103
Content-Type: application/json; charset=utf-8
host: localhost:10889
accept: */*

Response DefaultHttpResponse(decodeResult: success, version: HTTP/1.1)
HTTP/1.1 200 OK
content-type: application/json; charset=utf-8
cache-control: no-cache
content-length: 88
date: Thu, 25 Jun 2020 12:50:13 GMT

15:50:13.386 [AsyncHttpClient-3-1] DEBUG o.a.netty.channel.ChannelManager - Adding key: http://localhost:10889 for channel [id: 0x7c68b8df, L:/127.0.0.1:64390 - R:localhost/127.0.0.1:10889]
15:50:13.386 [Forwarding getElementText on session 14f61660-7bcc-4279-b6a3-7163a94e0626 to remote] DEBUG o.a.netty.request.NettyRequestSender - Using pooled Channel '[id: 0x7c68b8df, L:/127.0.0.1:64390 - R:localhost/127.0.0.1:10889]' for 'GET' to 'http://localhost:10889/session/14f61660-7bcc-4279-b6a3-7163a94e0626/element/a21f8358-95b4-453f-89fe-1f24dcff727b/text'
15:50:13.386 [Forwarding getElementText on session 14f61660-7bcc-4279-b6a3-7163a94e0626 to remote] DEBUG o.a.netty.request.NettyRequestSender - Using open Channel [id: 0x7c68b8df, L:/127.0.0.1:64390 - R:localhost/127.0.0.1:10889] for GET '/session/14f61660-7bcc-4279-b6a3-7163a94e0626/element/a21f8358-95b4-453f-89fe-1f24dcff727b/text'
15:50:13.390 [AsyncHttpClient-3-1] DEBUG o.a.netty.handler.HttpHandler - 

Request DefaultFullHttpRequest(decodeResult: success, version: HTTP/1.1, content: EmptyByteBufBE)
GET /session/14f61660-7bcc-4279-b6a3-7163a94e0626/element/a21f8358-95b4-453f-89fe-1f24dcff727b/text HTTP/1.1
User-Agent: selenium/4.0.0-alpha-5 (java windows)
Cache-Control: no-cache
host: localhost:10889
accept: */*

Response DefaultHttpResponse(decodeResult: success, version: HTTP/1.1)
HTTP/1.1 200 OK
content-type: application/json; charset=utf-8
cache-control: no-cache
content-length: 45
date: Thu, 25 Jun 2020 12:50:13 GMT

15:50:13.390 [AsyncHttpClient-3-1] DEBUG o.a.netty.channel.ChannelManager - Adding key: http://localhost:10889 for channel [id: 0x7c68b8df, L:/127.0.0.1:64390 - R:localhost/127.0.0.1:10889]
15:50:13.391 [Forwarding findChildElement on session 14f61660-7bcc-4279-b6a3-7163a94e0626 to remote] DEBUG o.a.netty.request.NettyRequestSender - Using pooled Channel '[id: 0x7c68b8df, L:/127.0.0.1:64390 - R:localhost/127.0.0.1:10889]' for 'POST' to 'http://localhost:10889/session/14f61660-7bcc-4279-b6a3-7163a94e0626/element/d6d485d7-5293-49ee-a73d-de33e4ee48d3/element'
15:50:13.391 [Forwarding findChildElement on session 14f61660-7bcc-4279-b6a3-7163a94e0626 to remote] DEBUG o.a.netty.request.NettyRequestSender - Using open Channel [id: 0x7c68b8df, L:/127.0.0.1:64390 - R:localhost/127.0.0.1:10889] for POST '/session/14f61660-7bcc-4279-b6a3-7163a94e0626/element/d6d485d7-5293-49ee-a73d-de33e4ee48d3/element'
15:50:13.395 [AsyncHttpClient-3-1] DEBUG o.a.netty.handler.HttpHandler - 

Request DefaultHttpRequest(decodeResult: success, version: HTTP/1.1)
POST /session/14f61660-7bcc-4279-b6a3-7163a94e0626/element/d6d485d7-5293-49ee-a73d-de33e4ee48d3/element HTTP/1.1
User-Agent: selenium/4.0.0-alpha-5 (java windows)
Content-Length: 103
Content-Type: application/json; charset=utf-8
host: localhost:10889
accept: */*

Response DefaultHttpResponse(decodeResult: success, version: HTTP/1.1)
HTTP/1.1 200 OK
content-type: application/json; charset=utf-8
cache-control: no-cache
content-length: 88
date: Thu, 25 Jun 2020 12:50:13 GMT

15:50:13.395 [AsyncHttpClient-3-1] DEBUG o.a.netty.channel.ChannelManager - Adding key: http://localhost:10889 for channel [id: 0x7c68b8df, L:/127.0.0.1:64390 - R:localhost/127.0.0.1:10889]
15:50:13.395 [Forwarding getElementText on session 14f61660-7bcc-4279-b6a3-7163a94e0626 to remote] DEBUG o.a.netty.request.NettyRequestSender - Using pooled Channel '[id: 0x7c68b8df, L:/127.0.0.1:64390 - R:localhost/127.0.0.1:10889]' for 'GET' to 'http://localhost:10889/session/14f61660-7bcc-4279-b6a3-7163a94e0626/element/e985f3d8-8843-4916-afcb-77b81e2d912e/text'
15:50:13.395 [Forwarding getElementText on session 14f61660-7bcc-4279-b6a3-7163a94e0626 to remote] DEBUG o.a.netty.request.NettyRequestSender - Using open Channel [id: 0x7c68b8df, L:/127.0.0.1:64390 - R:localhost/127.0.0.1:10889] for GET '/session/14f61660-7bcc-4279-b6a3-7163a94e0626/element/e985f3d8-8843-4916-afcb-77b81e2d912e/text'
15:50:13.404 [AsyncHttpClient-3-1] DEBUG o.a.netty.handler.HttpHandler - 

Request DefaultFullHttpRequest(decodeResult: success, version: HTTP/1.1, content: EmptyByteBufBE)
GET /session/14f61660-7bcc-4279-b6a3-7163a94e0626/element/e985f3d8-8843-4916-afcb-77b81e2d912e/text HTTP/1.1
User-Agent: selenium/4.0.0-alpha-5 (java windows)
Cache-Control: no-cache
host: localhost:10889
accept: */*

Response DefaultHttpResponse(decodeResult: success, version: HTTP/1.1)
HTTP/1.1 200 OK
content-type: application/json; charset=utf-8
cache-control: no-cache
content-length: 57
date: Thu, 25 Jun 2020 12:50:13 GMT

15:50:13.404 [AsyncHttpClient-3-1] DEBUG o.a.netty.channel.ChannelManager - Adding key: http://localhost:10889 for channel [id: 0x7c68b8df, L:/127.0.0.1:64390 - R:localhost/127.0.0.1:10889]
15:50:13.405 [Forwarding findChildElement on session 14f61660-7bcc-4279-b6a3-7163a94e0626 to remote] DEBUG o.a.netty.request.NettyRequestSender - Using pooled Channel '[id: 0x7c68b8df, L:/127.0.0.1:64390 - R:localhost/127.0.0.1:10889]' for 'POST' to 'http://localhost:10889/session/14f61660-7bcc-4279-b6a3-7163a94e0626/element/d6d485d7-5293-49ee-a73d-de33e4ee48d3/element'
15:50:13.405 [Forwarding findChildElement on session 14f61660-7bcc-4279-b6a3-7163a94e0626 to remote] DEBUG o.a.netty.request.NettyRequestSender - Using open Channel [id: 0x7c68b8df, L:/127.0.0.1:64390 - R:localhost/127.0.0.1:10889] for POST '/session/14f61660-7bcc-4279-b6a3-7163a94e0626/element/d6d485d7-5293-49ee-a73d-de33e4ee48d3/element'
15:50:13.408 [AsyncHttpClient-3-1] DEBUG o.a.netty.handler.HttpHandler - 

Request DefaultHttpRequest(decodeResult: success, version: HTTP/1.1)
POST /session/14f61660-7bcc-4279-b6a3-7163a94e0626/element/d6d485d7-5293-49ee-a73d-de33e4ee48d3/element HTTP/1.1
User-Agent: selenium/4.0.0-alpha-5 (java windows)
Content-Length: 97
Content-Type: application/json; charset=utf-8
host: localhost:10889
accept: */*

Response DefaultHttpResponse(decodeResult: success, version: HTTP/1.1)
HTTP/1.1 200 OK
content-type: application/json; charset=utf-8
cache-control: no-cache
content-length: 88
date: Thu, 25 Jun 2020 12:50:13 GMT

15:50:13.408 [AsyncHttpClient-3-1] DEBUG o.a.netty.channel.ChannelManager - Adding key: http://localhost:10889 for channel [id: 0x7c68b8df, L:/127.0.0.1:64390 - R:localhost/127.0.0.1:10889]
15:50:13.411 [Forwarding getElementAttribute on session 14f61660-7bcc-4279-b6a3-7163a94e0626 to remote] DEBUG o.a.netty.request.NettyRequestSender - Using pooled Channel '[id: 0x7c68b8df, L:/127.0.0.1:64390 - R:localhost/127.0.0.1:10889]' for 'POST' to 'http://localhost:10889/session/14f61660-7bcc-4279-b6a3-7163a94e0626/execute/sync'
15:50:13.411 [Forwarding getElementAttribute on session 14f61660-7bcc-4279-b6a3-7163a94e0626 to remote] DEBUG o.a.netty.request.NettyRequestSender - Using open Channel [id: 0x7c68b8df, L:/127.0.0.1:64390 - R:localhost/127.0.0.1:10889] for POST '/session/14f61660-7bcc-4279-b6a3-7163a94e0626/execute/sync'
15:50:13.426 [AsyncHttpClient-3-1] DEBUG o.a.netty.handler.HttpHandler - 

Request DefaultHttpRequest(decodeResult: success, version: HTTP/1.1)
POST /session/14f61660-7bcc-4279-b6a3-7163a94e0626/execute/sync HTTP/1.1
User-Agent: selenium/4.0.0-alpha-5 (java windows)
Content-Length: 39635
Content-Type: application/json; charset=utf-8
host: localhost:10889
accept: */*

Response DefaultHttpResponse(decodeResult: success, version: HTTP/1.1)
HTTP/1.1 200 OK
content-type: application/json; charset=utf-8
cache-control: no-cache
content-length: 15
date: Thu, 25 Jun 2020 12:50:13 GMT

15:50:13.426 [AsyncHttpClient-3-1] DEBUG o.a.netty.channel.ChannelManager - Adding key: http://localhost:10889 for channel [id: 0x7c68b8df, L:/127.0.0.1:64390 - R:localhost/127.0.0.1:10889]
15:50:13.426 [Forwarding findChildElement on session 14f61660-7bcc-4279-b6a3-7163a94e0626 to remote] DEBUG o.a.netty.request.NettyRequestSender - Using pooled Channel '[id: 0x7c68b8df, L:/127.0.0.1:64390 - R:localhost/127.0.0.1:10889]' for 'POST' to 'http://localhost:10889/session/14f61660-7bcc-4279-b6a3-7163a94e0626/element/683efebf-9775-45ef-98b7-e8acfc71cc2c/element'
15:50:13.427 [Forwarding findChildElement on session 14f61660-7bcc-4279-b6a3-7163a94e0626 to remote] DEBUG o.a.netty.request.NettyRequestSender - Using open Channel [id: 0x7c68b8df, L:/127.0.0.1:64390 - R:localhost/127.0.0.1:10889] for POST '/session/14f61660-7bcc-4279-b6a3-7163a94e0626/element/683efebf-9775-45ef-98b7-e8acfc71cc2c/element'
15:50:13.430 [AsyncHttpClient-3-1] DEBUG o.a.netty.handler.HttpHandler - 

Request DefaultHttpRequest(decodeResult: success, version: HTTP/1.1)
POST /session/14f61660-7bcc-4279-b6a3-7163a94e0626/element/683efebf-9775-45ef-98b7-e8acfc71cc2c/element HTTP/1.1
User-Agent: selenium/4.0.0-alpha-5 (java windows)
Content-Length: 103
Content-Type: application/json; charset=utf-8
host: localhost:10889
accept: */*

Response DefaultHttpResponse(decodeResult: success, version: HTTP/1.1)
HTTP/1.1 200 OK
content-type: application/json; charset=utf-8
cache-control: no-cache
content-length: 88
date: Thu, 25 Jun 2020 12:50:13 GMT

15:50:13.431 [AsyncHttpClient-3-1] DEBUG o.a.netty.channel.ChannelManager - Adding key: http://localhost:10889 for channel [id: 0x7c68b8df, L:/127.0.0.1:64390 - R:localhost/127.0.0.1:10889]
15:50:13.431 [Forwarding getElementText on session 14f61660-7bcc-4279-b6a3-7163a94e0626 to remote] DEBUG o.a.netty.request.NettyRequestSender - Using pooled Channel '[id: 0x7c68b8df, L:/127.0.0.1:64390 - R:localhost/127.0.0.1:10889]' for 'GET' to 'http://localhost:10889/session/14f61660-7bcc-4279-b6a3-7163a94e0626/element/99ed9af5-e96d-457b-9495-989712645c53/text'
15:50:13.431 [Forwarding getElementText on session 14f61660-7bcc-4279-b6a3-7163a94e0626 to remote] DEBUG o.a.netty.request.NettyRequestSender - Using open Channel [id: 0x7c68b8df, L:/127.0.0.1:64390 - R:localhost/127.0.0.1:10889] for GET '/session/14f61660-7bcc-4279-b6a3-7163a94e0626/element/99ed9af5-e96d-457b-9495-989712645c53/text'
15:50:13.436 [AsyncHttpClient-3-1] DEBUG o.a.netty.handler.HttpHandler - 

Request DefaultFullHttpRequest(decodeResult: success, version: HTTP/1.1, content: EmptyByteBufBE)
GET /session/14f61660-7bcc-4279-b6a3-7163a94e0626/element/99ed9af5-e96d-457b-9495-989712645c53/text HTTP/1.1
User-Agent: selenium/4.0.0-alpha-5 (java windows)
Cache-Control: no-cache
host: localhost:10889
accept: */*

Response DefaultHttpResponse(decodeResult: success, version: HTTP/1.1)
HTTP/1.1 200 OK
content-type: application/json; charset=utf-8
cache-control: no-cache
content-length: 18
date: Thu, 25 Jun 2020 12:50:13 GMT

15:50:13.436 [AsyncHttpClient-3-1] DEBUG o.a.netty.channel.ChannelManager - Adding key: http://localhost:10889 for channel [id: 0x7c68b8df, L:/127.0.0.1:64390 - R:localhost/127.0.0.1:10889]
15:50:13.437 [Forwarding findChildElement on session 14f61660-7bcc-4279-b6a3-7163a94e0626 to remote] DEBUG o.a.netty.request.NettyRequestSender - Using pooled Channel '[id: 0x7c68b8df, L:/127.0.0.1:64390 - R:localhost/127.0.0.1:10889]' for 'POST' to 'http://localhost:10889/session/14f61660-7bcc-4279-b6a3-7163a94e0626/element/683efebf-9775-45ef-98b7-e8acfc71cc2c/element'
15:50:13.437 [Forwarding findChildElement on session 14f61660-7bcc-4279-b6a3-7163a94e0626 to remote] DEBUG o.a.netty.request.NettyRequestSender - Using open Channel [id: 0x7c68b8df, L:/127.0.0.1:64390 - R:localhost/127.0.0.1:10889] for POST '/session/14f61660-7bcc-4279-b6a3-7163a94e0626/element/683efebf-9775-45ef-98b7-e8acfc71cc2c/element'
15:50:13.440 [AsyncHttpClient-3-1] DEBUG o.a.netty.handler.HttpHandler - 

Request DefaultHttpRequest(decodeResult: success, version: HTTP/1.1)
POST /session/14f61660-7bcc-4279-b6a3-7163a94e0626/element/683efebf-9775-45ef-98b7-e8acfc71cc2c/element HTTP/1.1
User-Agent: selenium/4.0.0-alpha-5 (java windows)
Content-Length: 103
Content-Type: application/json; charset=utf-8
host: localhost:10889
accept: */*

Response DefaultHttpResponse(decodeResult: success, version: HTTP/1.1)
HTTP/1.1 200 OK
content-type: application/json; charset=utf-8
cache-control: no-cache
content-length: 88
date: Thu, 25 Jun 2020 12:50:13 GMT

15:50:13.440 [AsyncHttpClient-3-1] DEBUG o.a.netty.channel.ChannelManager - Adding key: http://localhost:10889 for channel [id: 0x7c68b8df, L:/127.0.0.1:64390 - R:localhost/127.0.0.1:10889]
15:50:13.441 [Forwarding getElementText on session 14f61660-7bcc-4279-b6a3-7163a94e0626 to remote] DEBUG o.a.netty.request.NettyRequestSender - Using pooled Channel '[id: 0x7c68b8df, L:/127.0.0.1:64390 - R:localhost/127.0.0.1:10889]' for 'GET' to 'http://localhost:10889/session/14f61660-7bcc-4279-b6a3-7163a94e0626/element/fb7f1ca3-e561-43f7-9976-763630dbdceb/text'
15:50:13.441 [Forwarding getElementText on session 14f61660-7bcc-4279-b6a3-7163a94e0626 to remote] DEBUG o.a.netty.request.NettyRequestSender - Using open Channel [id: 0x7c68b8df, L:/127.0.0.1:64390 - R:localhost/127.0.0.1:10889] for GET '/session/14f61660-7bcc-4279-b6a3-7163a94e0626/element/fb7f1ca3-e561-43f7-9976-763630dbdceb/text'
15:50:13.446 [AsyncHttpClient-3-1] DEBUG o.a.netty.handler.HttpHandler - 

Request DefaultFullHttpRequest(decodeResult: success, version: HTTP/1.1, content: EmptyByteBufBE)
GET /session/14f61660-7bcc-4279-b6a3-7163a94e0626/element/fb7f1ca3-e561-43f7-9976-763630dbdceb/text HTTP/1.1
User-Agent: selenium/4.0.0-alpha-5 (java windows)
Cache-Control: no-cache
host: localhost:10889
accept: */*

Response DefaultHttpResponse(decodeResult: success, version: HTTP/1.1)
HTTP/1.1 200 OK
content-type: application/json; charset=utf-8
cache-control: no-cache
content-length: 22
date: Thu, 25 Jun 2020 12:50:13 GMT

15:50:13.446 [AsyncHttpClient-3-1] DEBUG o.a.netty.channel.ChannelManager - Adding key: http://localhost:10889 for channel [id: 0x7c68b8df, L:/127.0.0.1:64390 - R:localhost/127.0.0.1:10889]
15:50:13.447 [Forwarding findChildElement on session 14f61660-7bcc-4279-b6a3-7163a94e0626 to remote] DEBUG o.a.netty.request.NettyRequestSender - Using pooled Channel '[id: 0x7c68b8df, L:/127.0.0.1:64390 - R:localhost/127.0.0.1:10889]' for 'POST' to 'http://localhost:10889/session/14f61660-7bcc-4279-b6a3-7163a94e0626/element/683efebf-9775-45ef-98b7-e8acfc71cc2c/element'
15:50:13.447 [Forwarding findChildElement on session 14f61660-7bcc-4279-b6a3-7163a94e0626 to remote] DEBUG o.a.netty.request.NettyRequestSender - Using open Channel [id: 0x7c68b8df, L:/127.0.0.1:64390 - R:localhost/127.0.0.1:10889] for POST '/session/14f61660-7bcc-4279-b6a3-7163a94e0626/element/683efebf-9775-45ef-98b7-e8acfc71cc2c/element'
15:50:13.453 [AsyncHttpClient-3-1] DEBUG o.a.netty.handler.HttpHandler - 

Request DefaultHttpRequest(decodeResult: success, version: HTTP/1.1)
POST /session/14f61660-7bcc-4279-b6a3-7163a94e0626/element/683efebf-9775-45ef-98b7-e8acfc71cc2c/element HTTP/1.1
User-Agent: selenium/4.0.0-alpha-5 (java windows)
Content-Length: 103
Content-Type: application/json; charset=utf-8
host: localhost:10889
accept: */*

Response DefaultHttpResponse(decodeResult: success, version: HTTP/1.1)
HTTP/1.1 200 OK
content-type: application/json; charset=utf-8
cache-control: no-cache
content-length: 88
date: Thu, 25 Jun 2020 12:50:13 GMT

15:50:13.453 [AsyncHttpClient-3-1] DEBUG o.a.netty.channel.ChannelManager - Adding key: http://localhost:10889 for channel [id: 0x7c68b8df, L:/127.0.0.1:64390 - R:localhost/127.0.0.1:10889]
15:50:13.454 [Forwarding getElementText on session 14f61660-7bcc-4279-b6a3-7163a94e0626 to remote] DEBUG o.a.netty.request.NettyRequestSender - Using pooled Channel '[id: 0x7c68b8df, L:/127.0.0.1:64390 - R:localhost/127.0.0.1:10889]' for 'GET' to 'http://localhost:10889/session/14f61660-7bcc-4279-b6a3-7163a94e0626/element/bcab6242-7cd6-4f21-bf60-648a69db5c5d/text'
15:50:13.454 [Forwarding getElementText on session 14f61660-7bcc-4279-b6a3-7163a94e0626 to remote] DEBUG o.a.netty.request.NettyRequestSender - Using open Channel [id: 0x7c68b8df, L:/127.0.0.1:64390 - R:localhost/127.0.0.1:10889] for GET '/session/14f61660-7bcc-4279-b6a3-7163a94e0626/element/bcab6242-7cd6-4f21-bf60-648a69db5c5d/text'
15:50:13.459 [AsyncHttpClient-3-1] DEBUG o.a.netty.handler.HttpHandler - 

Request DefaultFullHttpRequest(decodeResult: success, version: HTTP/1.1, content: EmptyByteBufBE)
GET /session/14f61660-7bcc-4279-b6a3-7163a94e0626/element/bcab6242-7cd6-4f21-bf60-648a69db5c5d/text HTTP/1.1
User-Agent: selenium/4.0.0-alpha-5 (java windows)
Cache-Control: no-cache
host: localhost:10889
accept: */*

Response DefaultHttpResponse(decodeResult: success, version: HTTP/1.1)
HTTP/1.1 200 OK
content-type: application/json; charset=utf-8
cache-control: no-cache
content-length: 21
date: Thu, 25 Jun 2020 12:50:13 GMT

15:50:13.459 [AsyncHttpClient-3-1] DEBUG o.a.netty.channel.ChannelManager - Adding key: http://localhost:10889 for channel [id: 0x7c68b8df, L:/127.0.0.1:64390 - R:localhost/127.0.0.1:10889]
15:50:13.460 [Forwarding findChildElement on session 14f61660-7bcc-4279-b6a3-7163a94e0626 to remote] DEBUG o.a.netty.request.NettyRequestSender - Using pooled Channel '[id: 0x7c68b8df, L:/127.0.0.1:64390 - R:localhost/127.0.0.1:10889]' for 'POST' to 'http://localhost:10889/session/14f61660-7bcc-4279-b6a3-7163a94e0626/element/683efebf-9775-45ef-98b7-e8acfc71cc2c/element'
15:50:13.460 [Forwarding findChildElement on session 14f61660-7bcc-4279-b6a3-7163a94e0626 to remote] DEBUG o.a.netty.request.NettyRequestSender - Using open Channel [id: 0x7c68b8df, L:/127.0.0.1:64390 - R:localhost/127.0.0.1:10889] for POST '/session/14f61660-7bcc-4279-b6a3-7163a94e0626/element/683efebf-9775-45ef-98b7-e8acfc71cc2c/element'
15:50:13.464 [AsyncHttpClient-3-1] DEBUG o.a.netty.handler.HttpHandler - 

Request DefaultHttpRequest(decodeResult: success, version: HTTP/1.1)
POST /session/14f61660-7bcc-4279-b6a3-7163a94e0626/element/683efebf-9775-45ef-98b7-e8acfc71cc2c/element HTTP/1.1
User-Agent: selenium/4.0.0-alpha-5 (java windows)
Content-Length: 103
Content-Type: application/json; charset=utf-8
host: localhost:10889
accept: */*

Response DefaultHttpResponse(decodeResult: success, version: HTTP/1.1)
HTTP/1.1 200 OK
content-type: application/json; charset=utf-8
cache-control: no-cache
content-length: 88
date: Thu, 25 Jun 2020 12:50:13 GMT

15:50:13.464 [AsyncHttpClient-3-1] DEBUG o.a.netty.channel.ChannelManager - Adding key: http://localhost:10889 for channel [id: 0x7c68b8df, L:/127.0.0.1:64390 - R:localhost/127.0.0.1:10889]
15:50:13.464 [Forwarding getElementText on session 14f61660-7bcc-4279-b6a3-7163a94e0626 to remote] DEBUG o.a.netty.request.NettyRequestSender - Using pooled Channel '[id: 0x7c68b8df, L:/127.0.0.1:64390 - R:localhost/127.0.0.1:10889]' for 'GET' to 'http://localhost:10889/session/14f61660-7bcc-4279-b6a3-7163a94e0626/element/ad13b32e-a802-408d-8d84-64d47d662769/text'
15:50:13.464 [Forwarding getElementText on session 14f61660-7bcc-4279-b6a3-7163a94e0626 to remote] DEBUG o.a.netty.request.NettyRequestSender - Using open Channel [id: 0x7c68b8df, L:/127.0.0.1:64390 - R:localhost/127.0.0.1:10889] for GET '/session/14f61660-7bcc-4279-b6a3-7163a94e0626/element/ad13b32e-a802-408d-8d84-64d47d662769/text'
15:50:13.468 [AsyncHttpClient-3-1] DEBUG o.a.netty.handler.HttpHandler - 

Request DefaultFullHttpRequest(decodeResult: success, version: HTTP/1.1, content: EmptyByteBufBE)
GET /session/14f61660-7bcc-4279-b6a3-7163a94e0626/element/ad13b32e-a802-408d-8d84-64d47d662769/text HTTP/1.1
User-Agent: selenium/4.0.0-alpha-5 (java windows)
Cache-Control: no-cache
host: localhost:10889
accept: */*

Response DefaultHttpResponse(decodeResult: success, version: HTTP/1.1)
HTTP/1.1 200 OK
content-type: application/json; charset=utf-8
cache-control: no-cache
content-length: 45
date: Thu, 25 Jun 2020 12:50:13 GMT

15:50:13.468 [AsyncHttpClient-3-1] DEBUG o.a.netty.channel.ChannelManager - Adding key: http://localhost:10889 for channel [id: 0x7c68b8df, L:/127.0.0.1:64390 - R:localhost/127.0.0.1:10889]
15:50:13.469 [Forwarding findChildElement on session 14f61660-7bcc-4279-b6a3-7163a94e0626 to remote] DEBUG o.a.netty.request.NettyRequestSender - Using pooled Channel '[id: 0x7c68b8df, L:/127.0.0.1:64390 - R:localhost/127.0.0.1:10889]' for 'POST' to 'http://localhost:10889/session/14f61660-7bcc-4279-b6a3-7163a94e0626/element/683efebf-9775-45ef-98b7-e8acfc71cc2c/element'
15:50:13.469 [Forwarding findChildElement on session 14f61660-7bcc-4279-b6a3-7163a94e0626 to remote] DEBUG o.a.netty.request.NettyRequestSender - Using open Channel [id: 0x7c68b8df, L:/127.0.0.1:64390 - R:localhost/127.0.0.1:10889] for POST '/session/14f61660-7bcc-4279-b6a3-7163a94e0626/element/683efebf-9775-45ef-98b7-e8acfc71cc2c/element'
15:50:13.473 [AsyncHttpClient-3-1] DEBUG o.a.netty.handler.HttpHandler - 

Request DefaultHttpRequest(decodeResult: success, version: HTTP/1.1)
POST /session/14f61660-7bcc-4279-b6a3-7163a94e0626/element/683efebf-9775-45ef-98b7-e8acfc71cc2c/element HTTP/1.1
User-Agent: selenium/4.0.0-alpha-5 (java windows)
Content-Length: 103
Content-Type: application/json; charset=utf-8
host: localhost:10889
accept: */*

Response DefaultHttpResponse(decodeResult: success, version: HTTP/1.1)
HTTP/1.1 200 OK
content-type: application/json; charset=utf-8
cache-control: no-cache
content-length: 88
date: Thu, 25 Jun 2020 12:50:13 GMT

15:50:13.473 [AsyncHttpClient-3-1] DEBUG o.a.netty.channel.ChannelManager - Adding key: http://localhost:10889 for channel [id: 0x7c68b8df, L:/127.0.0.1:64390 - R:localhost/127.0.0.1:10889]
15:50:13.474 [Forwarding getElementText on session 14f61660-7bcc-4279-b6a3-7163a94e0626 to remote] DEBUG o.a.netty.request.NettyRequestSender - Using pooled Channel '[id: 0x7c68b8df, L:/127.0.0.1:64390 - R:localhost/127.0.0.1:10889]' for 'GET' to 'http://localhost:10889/session/14f61660-7bcc-4279-b6a3-7163a94e0626/element/dbc16d72-3028-45ca-9d96-2a63eef5b658/text'
15:50:13.474 [Forwarding getElementText on session 14f61660-7bcc-4279-b6a3-7163a94e0626 to remote] DEBUG o.a.netty.request.NettyRequestSender - Using open Channel [id: 0x7c68b8df, L:/127.0.0.1:64390 - R:localhost/127.0.0.1:10889] for GET '/session/14f61660-7bcc-4279-b6a3-7163a94e0626/element/dbc16d72-3028-45ca-9d96-2a63eef5b658/text'
15:50:13.481 [AsyncHttpClient-3-1] DEBUG o.a.netty.handler.HttpHandler - 

Request DefaultFullHttpRequest(decodeResult: success, version: HTTP/1.1, content: EmptyByteBufBE)
GET /session/14f61660-7bcc-4279-b6a3-7163a94e0626/element/dbc16d72-3028-45ca-9d96-2a63eef5b658/text HTTP/1.1
User-Agent: selenium/4.0.0-alpha-5 (java windows)
Cache-Control: no-cache
host: localhost:10889
accept: */*

Response DefaultHttpResponse(decodeResult: success, version: HTTP/1.1)
HTTP/1.1 200 OK
content-type: application/json; charset=utf-8
cache-control: no-cache
content-length: 57
date: Thu, 25 Jun 2020 12:50:13 GMT

15:50:13.481 [AsyncHttpClient-3-1] DEBUG o.a.netty.channel.ChannelManager - Adding key: http://localhost:10889 for channel [id: 0x7c68b8df, L:/127.0.0.1:64390 - R:localhost/127.0.0.1:10889]
15:50:13.481 [Forwarding findChildElement on session 14f61660-7bcc-4279-b6a3-7163a94e0626 to remote] DEBUG o.a.netty.request.NettyRequestSender - Using pooled Channel '[id: 0x7c68b8df, L:/127.0.0.1:64390 - R:localhost/127.0.0.1:10889]' for 'POST' to 'http://localhost:10889/session/14f61660-7bcc-4279-b6a3-7163a94e0626/element/683efebf-9775-45ef-98b7-e8acfc71cc2c/element'
15:50:13.481 [Forwarding findChildElement on session 14f61660-7bcc-4279-b6a3-7163a94e0626 to remote] DEBUG o.a.netty.request.NettyRequestSender - Using open Channel [id: 0x7c68b8df, L:/127.0.0.1:64390 - R:localhost/127.0.0.1:10889] for POST '/session/14f61660-7bcc-4279-b6a3-7163a94e0626/element/683efebf-9775-45ef-98b7-e8acfc71cc2c/element'
15:50:13.486 [AsyncHttpClient-3-1] DEBUG o.a.netty.handler.HttpHandler - 

Request DefaultHttpRequest(decodeResult: success, version: HTTP/1.1)
POST /session/14f61660-7bcc-4279-b6a3-7163a94e0626/element/683efebf-9775-45ef-98b7-e8acfc71cc2c/element HTTP/1.1
User-Agent: selenium/4.0.0-alpha-5 (java windows)
Content-Length: 97
Content-Type: application/json; charset=utf-8
host: localhost:10889
accept: */*

Response DefaultHttpResponse(decodeResult: success, version: HTTP/1.1)
HTTP/1.1 200 OK
content-type: application/json; charset=utf-8
cache-control: no-cache
content-length: 88
date: Thu, 25 Jun 2020 12:50:13 GMT

15:50:13.486 [AsyncHttpClient-3-1] DEBUG o.a.netty.channel.ChannelManager - Adding key: http://localhost:10889 for channel [id: 0x7c68b8df, L:/127.0.0.1:64390 - R:localhost/127.0.0.1:10889]
15:50:13.490 [Forwarding getElementAttribute on session 14f61660-7bcc-4279-b6a3-7163a94e0626 to remote] DEBUG o.a.netty.request.NettyRequestSender - Using pooled Channel '[id: 0x7c68b8df, L:/127.0.0.1:64390 - R:localhost/127.0.0.1:10889]' for 'POST' to 'http://localhost:10889/session/14f61660-7bcc-4279-b6a3-7163a94e0626/execute/sync'
15:50:13.490 [Forwarding getElementAttribute on session 14f61660-7bcc-4279-b6a3-7163a94e0626 to remote] DEBUG o.a.netty.request.NettyRequestSender - Using open Channel [id: 0x7c68b8df, L:/127.0.0.1:64390 - R:localhost/127.0.0.1:10889] for POST '/session/14f61660-7bcc-4279-b6a3-7163a94e0626/execute/sync'
15:50:13.502 [AsyncHttpClient-3-1] DEBUG o.a.netty.handler.HttpHandler - 

Request DefaultHttpRequest(decodeResult: success, version: HTTP/1.1)
POST /session/14f61660-7bcc-4279-b6a3-7163a94e0626/execute/sync HTTP/1.1
User-Agent: selenium/4.0.0-alpha-5 (java windows)
Content-Length: 39635
Content-Type: application/json; charset=utf-8
host: localhost:10889
accept: */*

Response DefaultHttpResponse(decodeResult: success, version: HTTP/1.1)
HTTP/1.1 200 OK
content-type: application/json; charset=utf-8
cache-control: no-cache
content-length: 15
date: Thu, 25 Jun 2020 12:50:13 GMT

15:50:13.503 [AsyncHttpClient-3-1] DEBUG o.a.netty.channel.ChannelManager - Adding key: http://localhost:10889 for channel [id: 0x7c68b8df, L:/127.0.0.1:64390 - R:localhost/127.0.0.1:10889]
15:50:13.503 [Forwarding findChildElement on session 14f61660-7bcc-4279-b6a3-7163a94e0626 to remote] DEBUG o.a.netty.request.NettyRequestSender - Using pooled Channel '[id: 0x7c68b8df, L:/127.0.0.1:64390 - R:localhost/127.0.0.1:10889]' for 'POST' to 'http://localhost:10889/session/14f61660-7bcc-4279-b6a3-7163a94e0626/element/56c11bba-fb44-44bb-ba39-0dcf00c22982/element'
15:50:13.504 [Forwarding findChildElement on session 14f61660-7bcc-4279-b6a3-7163a94e0626 to remote] DEBUG o.a.netty.request.NettyRequestSender - Using open Channel [id: 0x7c68b8df, L:/127.0.0.1:64390 - R:localhost/127.0.0.1:10889] for POST '/session/14f61660-7bcc-4279-b6a3-7163a94e0626/element/56c11bba-fb44-44bb-ba39-0dcf00c22982/element'
15:50:13.507 [AsyncHttpClient-3-1] DEBUG o.a.netty.handler.HttpHandler - 

Request DefaultHttpRequest(decodeResult: success, version: HTTP/1.1)
POST /session/14f61660-7bcc-4279-b6a3-7163a94e0626/element/56c11bba-fb44-44bb-ba39-0dcf00c22982/element HTTP/1.1
User-Agent: selenium/4.0.0-alpha-5 (java windows)
Content-Length: 103
Content-Type: application/json; charset=utf-8
host: localhost:10889
accept: */*

Response DefaultHttpResponse(decodeResult: success, version: HTTP/1.1)
HTTP/1.1 200 OK
content-type: application/json; charset=utf-8
cache-control: no-cache
content-length: 88
date: Thu, 25 Jun 2020 12:50:13 GMT

15:50:13.507 [AsyncHttpClient-3-1] DEBUG o.a.netty.channel.ChannelManager - Adding key: http://localhost:10889 for channel [id: 0x7c68b8df, L:/127.0.0.1:64390 - R:localhost/127.0.0.1:10889]
15:50:13.507 [Forwarding getElementText on session 14f61660-7bcc-4279-b6a3-7163a94e0626 to remote] DEBUG o.a.netty.request.NettyRequestSender - Using pooled Channel '[id: 0x7c68b8df, L:/127.0.0.1:64390 - R:localhost/127.0.0.1:10889]' for 'GET' to 'http://localhost:10889/session/14f61660-7bcc-4279-b6a3-7163a94e0626/element/92f58b76-6465-42ee-8eeb-a5d9ceeb7c73/text'
15:50:13.508 [Forwarding getElementText on session 14f61660-7bcc-4279-b6a3-7163a94e0626 to remote] DEBUG o.a.netty.request.NettyRequestSender - Using open Channel [id: 0x7c68b8df, L:/127.0.0.1:64390 - R:localhost/127.0.0.1:10889] for GET '/session/14f61660-7bcc-4279-b6a3-7163a94e0626/element/92f58b76-6465-42ee-8eeb-a5d9ceeb7c73/text'
15:50:13.512 [AsyncHttpClient-3-1] DEBUG o.a.netty.handler.HttpHandler - 

Request DefaultFullHttpRequest(decodeResult: success, version: HTTP/1.1, content: EmptyByteBufBE)
GET /session/14f61660-7bcc-4279-b6a3-7163a94e0626/element/92f58b76-6465-42ee-8eeb-a5d9ceeb7c73/text HTTP/1.1
User-Agent: selenium/4.0.0-alpha-5 (java windows)
Cache-Control: no-cache
host: localhost:10889
accept: */*

Response DefaultHttpResponse(decodeResult: success, version: HTTP/1.1)
HTTP/1.1 200 OK
content-type: application/json; charset=utf-8
cache-control: no-cache
content-length: 18
date: Thu, 25 Jun 2020 12:50:13 GMT

15:50:13.512 [AsyncHttpClient-3-1] DEBUG o.a.netty.channel.ChannelManager - Adding key: http://localhost:10889 for channel [id: 0x7c68b8df, L:/127.0.0.1:64390 - R:localhost/127.0.0.1:10889]
15:50:13.512 [Forwarding findChildElement on session 14f61660-7bcc-4279-b6a3-7163a94e0626 to remote] DEBUG o.a.netty.request.NettyRequestSender - Using pooled Channel '[id: 0x7c68b8df, L:/127.0.0.1:64390 - R:localhost/127.0.0.1:10889]' for 'POST' to 'http://localhost:10889/session/14f61660-7bcc-4279-b6a3-7163a94e0626/element/56c11bba-fb44-44bb-ba39-0dcf00c22982/element'
15:50:13.512 [Forwarding findChildElement on session 14f61660-7bcc-4279-b6a3-7163a94e0626 to remote] DEBUG o.a.netty.request.NettyRequestSender - Using open Channel [id: 0x7c68b8df, L:/127.0.0.1:64390 - R:localhost/127.0.0.1:10889] for POST '/session/14f61660-7bcc-4279-b6a3-7163a94e0626/element/56c11bba-fb44-44bb-ba39-0dcf00c22982/element'
15:50:13.516 [AsyncHttpClient-3-1] DEBUG o.a.netty.handler.HttpHandler - 

Request DefaultHttpRequest(decodeResult: success, version: HTTP/1.1)
POST /session/14f61660-7bcc-4279-b6a3-7163a94e0626/element/56c11bba-fb44-44bb-ba39-0dcf00c22982/element HTTP/1.1
User-Agent: selenium/4.0.0-alpha-5 (java windows)
Content-Length: 103
Content-Type: application/json; charset=utf-8
host: localhost:10889
accept: */*

Response DefaultHttpResponse(decodeResult: success, version: HTTP/1.1)
HTTP/1.1 200 OK
content-type: application/json; charset=utf-8
cache-control: no-cache
content-length: 88
date: Thu, 25 Jun 2020 12:50:13 GMT

15:50:13.516 [AsyncHttpClient-3-1] DEBUG o.a.netty.channel.ChannelManager - Adding key: http://localhost:10889 for channel [id: 0x7c68b8df, L:/127.0.0.1:64390 - R:localhost/127.0.0.1:10889]
15:50:13.516 [Forwarding getElementText on session 14f61660-7bcc-4279-b6a3-7163a94e0626 to remote] DEBUG o.a.netty.request.NettyRequestSender - Using pooled Channel '[id: 0x7c68b8df, L:/127.0.0.1:64390 - R:localhost/127.0.0.1:10889]' for 'GET' to 'http://localhost:10889/session/14f61660-7bcc-4279-b6a3-7163a94e0626/element/92aad920-57b7-4c76-b068-852c55c8dfb3/text'
15:50:13.516 [Forwarding getElementText on session 14f61660-7bcc-4279-b6a3-7163a94e0626 to remote] DEBUG o.a.netty.request.NettyRequestSender - Using open Channel [id: 0x7c68b8df, L:/127.0.0.1:64390 - R:localhost/127.0.0.1:10889] for GET '/session/14f61660-7bcc-4279-b6a3-7163a94e0626/element/92aad920-57b7-4c76-b068-852c55c8dfb3/text'
15:50:13.521 [AsyncHttpClient-3-1] DEBUG o.a.netty.handler.HttpHandler - 

Request DefaultFullHttpRequest(decodeResult: success, version: HTTP/1.1, content: EmptyByteBufBE)
GET /session/14f61660-7bcc-4279-b6a3-7163a94e0626/element/92aad920-57b7-4c76-b068-852c55c8dfb3/text HTTP/1.1
User-Agent: selenium/4.0.0-alpha-5 (java windows)
Cache-Control: no-cache
host: localhost:10889
accept: */*

Response DefaultHttpResponse(decodeResult: success, version: HTTP/1.1)
HTTP/1.1 200 OK
content-type: application/json; charset=utf-8
cache-control: no-cache
content-length: 22
date: Thu, 25 Jun 2020 12:50:13 GMT

15:50:13.521 [AsyncHttpClient-3-1] DEBUG o.a.netty.channel.ChannelManager - Adding key: http://localhost:10889 for channel [id: 0x7c68b8df, L:/127.0.0.1:64390 - R:localhost/127.0.0.1:10889]
15:50:13.521 [Forwarding findChildElement on session 14f61660-7bcc-4279-b6a3-7163a94e0626 to remote] DEBUG o.a.netty.request.NettyRequestSender - Using pooled Channel '[id: 0x7c68b8df, L:/127.0.0.1:64390 - R:localhost/127.0.0.1:10889]' for 'POST' to 'http://localhost:10889/session/14f61660-7bcc-4279-b6a3-7163a94e0626/element/56c11bba-fb44-44bb-ba39-0dcf00c22982/element'
15:50:13.522 [Forwarding findChildElement on session 14f61660-7bcc-4279-b6a3-7163a94e0626 to remote] DEBUG o.a.netty.request.NettyRequestSender - Using open Channel [id: 0x7c68b8df, L:/127.0.0.1:64390 - R:localhost/127.0.0.1:10889] for POST '/session/14f61660-7bcc-4279-b6a3-7163a94e0626/element/56c11bba-fb44-44bb-ba39-0dcf00c22982/element'
15:50:13.525 [AsyncHttpClient-3-1] DEBUG o.a.netty.handler.HttpHandler - 

Request DefaultHttpRequest(decodeResult: success, version: HTTP/1.1)
POST /session/14f61660-7bcc-4279-b6a3-7163a94e0626/element/56c11bba-fb44-44bb-ba39-0dcf00c22982/element HTTP/1.1
User-Agent: selenium/4.0.0-alpha-5 (java windows)
Content-Length: 103
Content-Type: application/json; charset=utf-8
host: localhost:10889
accept: */*

Response DefaultHttpResponse(decodeResult: success, version: HTTP/1.1)
HTTP/1.1 200 OK
content-type: application/json; charset=utf-8
cache-control: no-cache
content-length: 88
date: Thu, 25 Jun 2020 12:50:13 GMT

15:50:13.525 [AsyncHttpClient-3-1] DEBUG o.a.netty.channel.ChannelManager - Adding key: http://localhost:10889 for channel [id: 0x7c68b8df, L:/127.0.0.1:64390 - R:localhost/127.0.0.1:10889]
15:50:13.525 [Forwarding getElementText on session 14f61660-7bcc-4279-b6a3-7163a94e0626 to remote] DEBUG o.a.netty.request.NettyRequestSender - Using pooled Channel '[id: 0x7c68b8df, L:/127.0.0.1:64390 - R:localhost/127.0.0.1:10889]' for 'GET' to 'http://localhost:10889/session/14f61660-7bcc-4279-b6a3-7163a94e0626/element/e822e46c-855f-4245-a23f-e208ab4875f8/text'
15:50:13.526 [Forwarding getElementText on session 14f61660-7bcc-4279-b6a3-7163a94e0626 to remote] DEBUG o.a.netty.request.NettyRequestSender - Using open Channel [id: 0x7c68b8df, L:/127.0.0.1:64390 - R:localhost/127.0.0.1:10889] for GET '/session/14f61660-7bcc-4279-b6a3-7163a94e0626/element/e822e46c-855f-4245-a23f-e208ab4875f8/text'
15:50:13.529 [AsyncHttpClient-3-1] DEBUG o.a.netty.handler.HttpHandler - 

Request DefaultFullHttpRequest(decodeResult: success, version: HTTP/1.1, content: EmptyByteBufBE)
GET /session/14f61660-7bcc-4279-b6a3-7163a94e0626/element/e822e46c-855f-4245-a23f-e208ab4875f8/text HTTP/1.1
User-Agent: selenium/4.0.0-alpha-5 (java windows)
Cache-Control: no-cache
host: localhost:10889
accept: */*

Response DefaultHttpResponse(decodeResult: success, version: HTTP/1.1)
HTTP/1.1 200 OK
content-type: application/json; charset=utf-8
cache-control: no-cache
content-length: 21
date: Thu, 25 Jun 2020 12:50:13 GMT

15:50:13.530 [AsyncHttpClient-3-1] DEBUG o.a.netty.channel.ChannelManager - Adding key: http://localhost:10889 for channel [id: 0x7c68b8df, L:/127.0.0.1:64390 - R:localhost/127.0.0.1:10889]
15:50:13.530 [Forwarding findChildElement on session 14f61660-7bcc-4279-b6a3-7163a94e0626 to remote] DEBUG o.a.netty.request.NettyRequestSender - Using pooled Channel '[id: 0x7c68b8df, L:/127.0.0.1:64390 - R:localhost/127.0.0.1:10889]' for 'POST' to 'http://localhost:10889/session/14f61660-7bcc-4279-b6a3-7163a94e0626/element/56c11bba-fb44-44bb-ba39-0dcf00c22982/element'
15:50:13.530 [Forwarding findChildElement on session 14f61660-7bcc-4279-b6a3-7163a94e0626 to remote] DEBUG o.a.netty.request.NettyRequestSender - Using open Channel [id: 0x7c68b8df, L:/127.0.0.1:64390 - R:localhost/127.0.0.1:10889] for POST '/session/14f61660-7bcc-4279-b6a3-7163a94e0626/element/56c11bba-fb44-44bb-ba39-0dcf00c22982/element'
15:50:13.534 [AsyncHttpClient-3-1] DEBUG o.a.netty.handler.HttpHandler - 

Request DefaultHttpRequest(decodeResult: success, version: HTTP/1.1)
POST /session/14f61660-7bcc-4279-b6a3-7163a94e0626/element/56c11bba-fb44-44bb-ba39-0dcf00c22982/element HTTP/1.1
User-Agent: selenium/4.0.0-alpha-5 (java windows)
Content-Length: 103
Content-Type: application/json; charset=utf-8
host: localhost:10889
accept: */*

Response DefaultHttpResponse(decodeResult: success, version: HTTP/1.1)
HTTP/1.1 200 OK
content-type: application/json; charset=utf-8
cache-control: no-cache
content-length: 88
date: Thu, 25 Jun 2020 12:50:13 GMT

15:50:13.534 [AsyncHttpClient-3-1] DEBUG o.a.netty.channel.ChannelManager - Adding key: http://localhost:10889 for channel [id: 0x7c68b8df, L:/127.0.0.1:64390 - R:localhost/127.0.0.1:10889]
15:50:13.534 [Forwarding getElementText on session 14f61660-7bcc-4279-b6a3-7163a94e0626 to remote] DEBUG o.a.netty.request.NettyRequestSender - Using pooled Channel '[id: 0x7c68b8df, L:/127.0.0.1:64390 - R:localhost/127.0.0.1:10889]' for 'GET' to 'http://localhost:10889/session/14f61660-7bcc-4279-b6a3-7163a94e0626/element/479d0789-1141-4217-b061-90a93ab7b276/text'
15:50:13.534 [Forwarding getElementText on session 14f61660-7bcc-4279-b6a3-7163a94e0626 to remote] DEBUG o.a.netty.request.NettyRequestSender - Using open Channel [id: 0x7c68b8df, L:/127.0.0.1:64390 - R:localhost/127.0.0.1:10889] for GET '/session/14f61660-7bcc-4279-b6a3-7163a94e0626/element/479d0789-1141-4217-b061-90a93ab7b276/text'
15:50:13.539 [AsyncHttpClient-3-1] DEBUG o.a.netty.handler.HttpHandler - 

Request DefaultFullHttpRequest(decodeResult: success, version: HTTP/1.1, content: EmptyByteBufBE)
GET /session/14f61660-7bcc-4279-b6a3-7163a94e0626/element/479d0789-1141-4217-b061-90a93ab7b276/text HTTP/1.1
User-Agent: selenium/4.0.0-alpha-5 (java windows)
Cache-Control: no-cache
host: localhost:10889
accept: */*

Response DefaultHttpResponse(decodeResult: success, version: HTTP/1.1)
HTTP/1.1 200 OK
content-type: application/json; charset=utf-8
cache-control: no-cache
content-length: 45
date: Thu, 25 Jun 2020 12:50:13 GMT

15:50:13.539 [AsyncHttpClient-3-1] DEBUG o.a.netty.channel.ChannelManager - Adding key: http://localhost:10889 for channel [id: 0x7c68b8df, L:/127.0.0.1:64390 - R:localhost/127.0.0.1:10889]
15:50:13.539 [Forwarding findChildElement on session 14f61660-7bcc-4279-b6a3-7163a94e0626 to remote] DEBUG o.a.netty.request.NettyRequestSender - Using pooled Channel '[id: 0x7c68b8df, L:/127.0.0.1:64390 - R:localhost/127.0.0.1:10889]' for 'POST' to 'http://localhost:10889/session/14f61660-7bcc-4279-b6a3-7163a94e0626/element/56c11bba-fb44-44bb-ba39-0dcf00c22982/element'
15:50:13.539 [Forwarding findChildElement on session 14f61660-7bcc-4279-b6a3-7163a94e0626 to remote] DEBUG o.a.netty.request.NettyRequestSender - Using open Channel [id: 0x7c68b8df, L:/127.0.0.1:64390 - R:localhost/127.0.0.1:10889] for POST '/session/14f61660-7bcc-4279-b6a3-7163a94e0626/element/56c11bba-fb44-44bb-ba39-0dcf00c22982/element'
15:50:13.543 [AsyncHttpClient-3-1] DEBUG o.a.netty.handler.HttpHandler - 

Request DefaultHttpRequest(decodeResult: success, version: HTTP/1.1)
POST /session/14f61660-7bcc-4279-b6a3-7163a94e0626/element/56c11bba-fb44-44bb-ba39-0dcf00c22982/element HTTP/1.1
User-Agent: selenium/4.0.0-alpha-5 (java windows)
Content-Length: 103
Content-Type: application/json; charset=utf-8
host: localhost:10889
accept: */*

Response DefaultHttpResponse(decodeResult: success, version: HTTP/1.1)
HTTP/1.1 200 OK
content-type: application/json; charset=utf-8
cache-control: no-cache
content-length: 88
date: Thu, 25 Jun 2020 12:50:13 GMT

15:50:13.543 [AsyncHttpClient-3-1] DEBUG o.a.netty.channel.ChannelManager - Adding key: http://localhost:10889 for channel [id: 0x7c68b8df, L:/127.0.0.1:64390 - R:localhost/127.0.0.1:10889]
15:50:13.543 [Forwarding getElementText on session 14f61660-7bcc-4279-b6a3-7163a94e0626 to remote] DEBUG o.a.netty.request.NettyRequestSender - Using pooled Channel '[id: 0x7c68b8df, L:/127.0.0.1:64390 - R:localhost/127.0.0.1:10889]' for 'GET' to 'http://localhost:10889/session/14f61660-7bcc-4279-b6a3-7163a94e0626/element/0d602095-d559-48b0-bee4-77c88f634e08/text'
15:50:13.543 [Forwarding getElementText on session 14f61660-7bcc-4279-b6a3-7163a94e0626 to remote] DEBUG o.a.netty.request.NettyRequestSender - Using open Channel [id: 0x7c68b8df, L:/127.0.0.1:64390 - R:localhost/127.0.0.1:10889] for GET '/session/14f61660-7bcc-4279-b6a3-7163a94e0626/element/0d602095-d559-48b0-bee4-77c88f634e08/text'
15:50:13.551 [AsyncHttpClient-3-1] DEBUG o.a.netty.handler.HttpHandler - 

Request DefaultFullHttpRequest(decodeResult: success, version: HTTP/1.1, content: EmptyByteBufBE)
GET /session/14f61660-7bcc-4279-b6a3-7163a94e0626/element/0d602095-d559-48b0-bee4-77c88f634e08/text HTTP/1.1
User-Agent: selenium/4.0.0-alpha-5 (java windows)
Cache-Control: no-cache
host: localhost:10889
accept: */*

Response DefaultHttpResponse(decodeResult: success, version: HTTP/1.1)
HTTP/1.1 200 OK
content-type: application/json; charset=utf-8
cache-control: no-cache
content-length: 57
date: Thu, 25 Jun 2020 12:50:13 GMT

15:50:13.551 [AsyncHttpClient-3-1] DEBUG o.a.netty.channel.ChannelManager - Adding key: http://localhost:10889 for channel [id: 0x7c68b8df, L:/127.0.0.1:64390 - R:localhost/127.0.0.1:10889]
15:50:13.551 [Forwarding findChildElement on session 14f61660-7bcc-4279-b6a3-7163a94e0626 to remote] DEBUG o.a.netty.request.NettyRequestSender - Using pooled Channel '[id: 0x7c68b8df, L:/127.0.0.1:64390 - R:localhost/127.0.0.1:10889]' for 'POST' to 'http://localhost:10889/session/14f61660-7bcc-4279-b6a3-7163a94e0626/element/56c11bba-fb44-44bb-ba39-0dcf00c22982/element'
15:50:13.551 [Forwarding findChildElement on session 14f61660-7bcc-4279-b6a3-7163a94e0626 to remote] DEBUG o.a.netty.request.NettyRequestSender - Using open Channel [id: 0x7c68b8df, L:/127.0.0.1:64390 - R:localhost/127.0.0.1:10889] for POST '/session/14f61660-7bcc-4279-b6a3-7163a94e0626/element/56c11bba-fb44-44bb-ba39-0dcf00c22982/element'
15:50:13.555 [AsyncHttpClient-3-1] DEBUG o.a.netty.handler.HttpHandler - 

Request DefaultHttpRequest(decodeResult: success, version: HTTP/1.1)
POST /session/14f61660-7bcc-4279-b6a3-7163a94e0626/element/56c11bba-fb44-44bb-ba39-0dcf00c22982/element HTTP/1.1
User-Agent: selenium/4.0.0-alpha-5 (java windows)
Content-Length: 97
Content-Type: application/json; charset=utf-8
host: localhost:10889
accept: */*

Response DefaultHttpResponse(decodeResult: success, version: HTTP/1.1)
HTTP/1.1 200 OK
content-type: application/json; charset=utf-8
cache-control: no-cache
content-length: 88
date: Thu, 25 Jun 2020 12:50:13 GMT

15:50:13.555 [AsyncHttpClient-3-1] DEBUG o.a.netty.channel.ChannelManager - Adding key: http://localhost:10889 for channel [id: 0x7c68b8df, L:/127.0.0.1:64390 - R:localhost/127.0.0.1:10889]
15:50:13.558 [Forwarding getElementAttribute on session 14f61660-7bcc-4279-b6a3-7163a94e0626 to remote] DEBUG o.a.netty.request.NettyRequestSender - Using pooled Channel '[id: 0x7c68b8df, L:/127.0.0.1:64390 - R:localhost/127.0.0.1:10889]' for 'POST' to 'http://localhost:10889/session/14f61660-7bcc-4279-b6a3-7163a94e0626/execute/sync'
15:50:13.558 [Forwarding getElementAttribute on session 14f61660-7bcc-4279-b6a3-7163a94e0626 to remote] DEBUG o.a.netty.request.NettyRequestSender - Using open Channel [id: 0x7c68b8df, L:/127.0.0.1:64390 - R:localhost/127.0.0.1:10889] for POST '/session/14f61660-7bcc-4279-b6a3-7163a94e0626/execute/sync'
15:50:13.570 [AsyncHttpClient-3-1] DEBUG o.a.netty.handler.HttpHandler - 

Request DefaultHttpRequest(decodeResult: success, version: HTTP/1.1)
POST /session/14f61660-7bcc-4279-b6a3-7163a94e0626/execute/sync HTTP/1.1
User-Agent: selenium/4.0.0-alpha-5 (java windows)
Content-Length: 39635
Content-Type: application/json; charset=utf-8
host: localhost:10889
accept: */*

Response DefaultHttpResponse(decodeResult: success, version: HTTP/1.1)
HTTP/1.1 200 OK
content-type: application/json; charset=utf-8
cache-control: no-cache
content-length: 15
date: Thu, 25 Jun 2020 12:50:13 GMT

15:50:13.570 [AsyncHttpClient-3-1] DEBUG o.a.netty.channel.ChannelManager - Adding key: http://localhost:10889 for channel [id: 0x7c68b8df, L:/127.0.0.1:64390 - R:localhost/127.0.0.1:10889]
15:50:13.571 [Forwarding findChildElement on session 14f61660-7bcc-4279-b6a3-7163a94e0626 to remote] DEBUG o.a.netty.request.NettyRequestSender - Using pooled Channel '[id: 0x7c68b8df, L:/127.0.0.1:64390 - R:localhost/127.0.0.1:10889]' for 'POST' to 'http://localhost:10889/session/14f61660-7bcc-4279-b6a3-7163a94e0626/element/16e81d6e-e77d-42e9-86d5-6561a0eb4a48/element'
15:50:13.571 [Forwarding findChildElement on session 14f61660-7bcc-4279-b6a3-7163a94e0626 to remote] DEBUG o.a.netty.request.NettyRequestSender - Using open Channel [id: 0x7c68b8df, L:/127.0.0.1:64390 - R:localhost/127.0.0.1:10889] for POST '/session/14f61660-7bcc-4279-b6a3-7163a94e0626/element/16e81d6e-e77d-42e9-86d5-6561a0eb4a48/element'
15:50:13.575 [AsyncHttpClient-3-1] DEBUG o.a.netty.handler.HttpHandler - 

Request DefaultHttpRequest(decodeResult: success, version: HTTP/1.1)
POST /session/14f61660-7bcc-4279-b6a3-7163a94e0626/element/16e81d6e-e77d-42e9-86d5-6561a0eb4a48/element HTTP/1.1
User-Agent: selenium/4.0.0-alpha-5 (java windows)
Content-Length: 103
Content-Type: application/json; charset=utf-8
host: localhost:10889
accept: */*

Response DefaultHttpResponse(decodeResult: success, version: HTTP/1.1)
HTTP/1.1 200 OK
content-type: application/json; charset=utf-8
cache-control: no-cache
content-length: 88
date: Thu, 25 Jun 2020 12:50:13 GMT

15:50:13.575 [AsyncHttpClient-3-1] DEBUG o.a.netty.channel.ChannelManager - Adding key: http://localhost:10889 for channel [id: 0x7c68b8df, L:/127.0.0.1:64390 - R:localhost/127.0.0.1:10889]
15:50:13.575 [Forwarding getElementText on session 14f61660-7bcc-4279-b6a3-7163a94e0626 to remote] DEBUG o.a.netty.request.NettyRequestSender - Using pooled Channel '[id: 0x7c68b8df, L:/127.0.0.1:64390 - R:localhost/127.0.0.1:10889]' for 'GET' to 'http://localhost:10889/session/14f61660-7bcc-4279-b6a3-7163a94e0626/element/2ad7b794-f7ab-44ba-9e52-eaa899950fb3/text'
15:50:13.576 [Forwarding getElementText on session 14f61660-7bcc-4279-b6a3-7163a94e0626 to remote] DEBUG o.a.netty.request.NettyRequestSender - Using open Channel [id: 0x7c68b8df, L:/127.0.0.1:64390 - R:localhost/127.0.0.1:10889] for GET '/session/14f61660-7bcc-4279-b6a3-7163a94e0626/element/2ad7b794-f7ab-44ba-9e52-eaa899950fb3/text'
15:50:13.580 [AsyncHttpClient-3-1] DEBUG o.a.netty.handler.HttpHandler - 

Request DefaultFullHttpRequest(decodeResult: success, version: HTTP/1.1, content: EmptyByteBufBE)
GET /session/14f61660-7bcc-4279-b6a3-7163a94e0626/element/2ad7b794-f7ab-44ba-9e52-eaa899950fb3/text HTTP/1.1
User-Agent: selenium/4.0.0-alpha-5 (java windows)
Cache-Control: no-cache
host: localhost:10889
accept: */*

Response DefaultHttpResponse(decodeResult: success, version: HTTP/1.1)
HTTP/1.1 200 OK
content-type: application/json; charset=utf-8
cache-control: no-cache
content-length: 18
date: Thu, 25 Jun 2020 12:50:13 GMT

15:50:13.581 [AsyncHttpClient-3-1] DEBUG o.a.netty.channel.ChannelManager - Adding key: http://localhost:10889 for channel [id: 0x7c68b8df, L:/127.0.0.1:64390 - R:localhost/127.0.0.1:10889]
15:50:13.581 [Forwarding findChildElement on session 14f61660-7bcc-4279-b6a3-7163a94e0626 to remote] DEBUG o.a.netty.request.NettyRequestSender - Using pooled Channel '[id: 0x7c68b8df, L:/127.0.0.1:64390 - R:localhost/127.0.0.1:10889]' for 'POST' to 'http://localhost:10889/session/14f61660-7bcc-4279-b6a3-7163a94e0626/element/16e81d6e-e77d-42e9-86d5-6561a0eb4a48/element'
15:50:13.581 [Forwarding findChildElement on session 14f61660-7bcc-4279-b6a3-7163a94e0626 to remote] DEBUG o.a.netty.request.NettyRequestSender - Using open Channel [id: 0x7c68b8df, L:/127.0.0.1:64390 - R:localhost/127.0.0.1:10889] for POST '/session/14f61660-7bcc-4279-b6a3-7163a94e0626/element/16e81d6e-e77d-42e9-86d5-6561a0eb4a48/element'
15:50:13.585 [AsyncHttpClient-3-1] DEBUG o.a.netty.handler.HttpHandler - 

Request DefaultHttpRequest(decodeResult: success, version: HTTP/1.1)
POST /session/14f61660-7bcc-4279-b6a3-7163a94e0626/element/16e81d6e-e77d-42e9-86d5-6561a0eb4a48/element HTTP/1.1
User-Agent: selenium/4.0.0-alpha-5 (java windows)
Content-Length: 103
Content-Type: application/json; charset=utf-8
host: localhost:10889
accept: */*

Response DefaultHttpResponse(decodeResult: success, version: HTTP/1.1)
HTTP/1.1 200 OK
content-type: application/json; charset=utf-8
cache-control: no-cache
content-length: 88
date: Thu, 25 Jun 2020 12:50:13 GMT

15:50:13.585 [AsyncHttpClient-3-1] DEBUG o.a.netty.channel.ChannelManager - Adding key: http://localhost:10889 for channel [id: 0x7c68b8df, L:/127.0.0.1:64390 - R:localhost/127.0.0.1:10889]
15:50:13.586 [Forwarding getElementText on session 14f61660-7bcc-4279-b6a3-7163a94e0626 to remote] DEBUG o.a.netty.request.NettyRequestSender - Using pooled Channel '[id: 0x7c68b8df, L:/127.0.0.1:64390 - R:localhost/127.0.0.1:10889]' for 'GET' to 'http://localhost:10889/session/14f61660-7bcc-4279-b6a3-7163a94e0626/element/99e6ffb1-a981-4f87-871c-9c272b9afbc8/text'
15:50:13.586 [Forwarding getElementText on session 14f61660-7bcc-4279-b6a3-7163a94e0626 to remote] DEBUG o.a.netty.request.NettyRequestSender - Using open Channel [id: 0x7c68b8df, L:/127.0.0.1:64390 - R:localhost/127.0.0.1:10889] for GET '/session/14f61660-7bcc-4279-b6a3-7163a94e0626/element/99e6ffb1-a981-4f87-871c-9c272b9afbc8/text'
15:50:13.590 [AsyncHttpClient-3-1] DEBUG o.a.netty.handler.HttpHandler - 

Request DefaultFullHttpRequest(decodeResult: success, version: HTTP/1.1, content: EmptyByteBufBE)
GET /session/14f61660-7bcc-4279-b6a3-7163a94e0626/element/99e6ffb1-a981-4f87-871c-9c272b9afbc8/text HTTP/1.1
User-Agent: selenium/4.0.0-alpha-5 (java windows)
Cache-Control: no-cache
host: localhost:10889
accept: */*

Response DefaultHttpResponse(decodeResult: success, version: HTTP/1.1)
HTTP/1.1 200 OK
content-type: application/json; charset=utf-8
cache-control: no-cache
content-length: 22
date: Thu, 25 Jun 2020 12:50:13 GMT

15:50:13.591 [AsyncHttpClient-3-1] DEBUG o.a.netty.channel.ChannelManager - Adding key: http://localhost:10889 for channel [id: 0x7c68b8df, L:/127.0.0.1:64390 - R:localhost/127.0.0.1:10889]
15:50:13.591 [Forwarding findChildElement on session 14f61660-7bcc-4279-b6a3-7163a94e0626 to remote] DEBUG o.a.netty.request.NettyRequestSender - Using pooled Channel '[id: 0x7c68b8df, L:/127.0.0.1:64390 - R:localhost/127.0.0.1:10889]' for 'POST' to 'http://localhost:10889/session/14f61660-7bcc-4279-b6a3-7163a94e0626/element/16e81d6e-e77d-42e9-86d5-6561a0eb4a48/element'
15:50:13.591 [Forwarding findChildElement on session 14f61660-7bcc-4279-b6a3-7163a94e0626 to remote] DEBUG o.a.netty.request.NettyRequestSender - Using open Channel [id: 0x7c68b8df, L:/127.0.0.1:64390 - R:localhost/127.0.0.1:10889] for POST '/session/14f61660-7bcc-4279-b6a3-7163a94e0626/element/16e81d6e-e77d-42e9-86d5-6561a0eb4a48/element'
15:50:13.595 [AsyncHttpClient-3-1] DEBUG o.a.netty.handler.HttpHandler - 

Request DefaultHttpRequest(decodeResult: success, version: HTTP/1.1)
POST /session/14f61660-7bcc-4279-b6a3-7163a94e0626/element/16e81d6e-e77d-42e9-86d5-6561a0eb4a48/element HTTP/1.1
User-Agent: selenium/4.0.0-alpha-5 (java windows)
Content-Length: 103
Content-Type: application/json; charset=utf-8
host: localhost:10889
accept: */*

Response DefaultHttpResponse(decodeResult: success, version: HTTP/1.1)
HTTP/1.1 200 OK
content-type: application/json; charset=utf-8
cache-control: no-cache
content-length: 88
date: Thu, 25 Jun 2020 12:50:13 GMT

15:50:13.595 [AsyncHttpClient-3-1] DEBUG o.a.netty.channel.ChannelManager - Adding key: http://localhost:10889 for channel [id: 0x7c68b8df, L:/127.0.0.1:64390 - R:localhost/127.0.0.1:10889]
15:50:13.595 [Forwarding getElementText on session 14f61660-7bcc-4279-b6a3-7163a94e0626 to remote] DEBUG o.a.netty.request.NettyRequestSender - Using pooled Channel '[id: 0x7c68b8df, L:/127.0.0.1:64390 - R:localhost/127.0.0.1:10889]' for 'GET' to 'http://localhost:10889/session/14f61660-7bcc-4279-b6a3-7163a94e0626/element/16720bb2-2213-4991-b54c-d7d7d1f15493/text'
15:50:13.595 [Forwarding getElementText on session 14f61660-7bcc-4279-b6a3-7163a94e0626 to remote] DEBUG o.a.netty.request.NettyRequestSender - Using open Channel [id: 0x7c68b8df, L:/127.0.0.1:64390 - R:localhost/127.0.0.1:10889] for GET '/session/14f61660-7bcc-4279-b6a3-7163a94e0626/element/16720bb2-2213-4991-b54c-d7d7d1f15493/text'
15:50:13.599 [AsyncHttpClient-3-1] DEBUG o.a.netty.handler.HttpHandler - 

Request DefaultFullHttpRequest(decodeResult: success, version: HTTP/1.1, content: EmptyByteBufBE)
GET /session/14f61660-7bcc-4279-b6a3-7163a94e0626/element/16720bb2-2213-4991-b54c-d7d7d1f15493/text HTTP/1.1
User-Agent: selenium/4.0.0-alpha-5 (java windows)
Cache-Control: no-cache
host: localhost:10889
accept: */*

Response DefaultHttpResponse(decodeResult: success, version: HTTP/1.1)
HTTP/1.1 200 OK
content-type: application/json; charset=utf-8
cache-control: no-cache
content-length: 21
date: Thu, 25 Jun 2020 12:50:13 GMT

15:50:13.599 [AsyncHttpClient-3-1] DEBUG o.a.netty.channel.ChannelManager - Adding key: http://localhost:10889 for channel [id: 0x7c68b8df, L:/127.0.0.1:64390 - R:localhost/127.0.0.1:10889]
15:50:13.600 [Forwarding findChildElement on session 14f61660-7bcc-4279-b6a3-7163a94e0626 to remote] DEBUG o.a.netty.request.NettyRequestSender - Using pooled Channel '[id: 0x7c68b8df, L:/127.0.0.1:64390 - R:localhost/127.0.0.1:10889]' for 'POST' to 'http://localhost:10889/session/14f61660-7bcc-4279-b6a3-7163a94e0626/element/16e81d6e-e77d-42e9-86d5-6561a0eb4a48/element'
15:50:13.600 [Forwarding findChildElement on session 14f61660-7bcc-4279-b6a3-7163a94e0626 to remote] DEBUG o.a.netty.request.NettyRequestSender - Using open Channel [id: 0x7c68b8df, L:/127.0.0.1:64390 - R:localhost/127.0.0.1:10889] for POST '/session/14f61660-7bcc-4279-b6a3-7163a94e0626/element/16e81d6e-e77d-42e9-86d5-6561a0eb4a48/element'
15:50:13.603 [AsyncHttpClient-3-1] DEBUG o.a.netty.handler.HttpHandler - 

Request DefaultHttpRequest(decodeResult: success, version: HTTP/1.1)
POST /session/14f61660-7bcc-4279-b6a3-7163a94e0626/element/16e81d6e-e77d-42e9-86d5-6561a0eb4a48/element HTTP/1.1
User-Agent: selenium/4.0.0-alpha-5 (java windows)
Content-Length: 103
Content-Type: application/json; charset=utf-8
host: localhost:10889
accept: */*

Response DefaultHttpResponse(decodeResult: success, version: HTTP/1.1)
HTTP/1.1 200 OK
content-type: application/json; charset=utf-8
cache-control: no-cache
content-length: 88
date: Thu, 25 Jun 2020 12:50:13 GMT

15:50:13.603 [AsyncHttpClient-3-1] DEBUG o.a.netty.channel.ChannelManager - Adding key: http://localhost:10889 for channel [id: 0x7c68b8df, L:/127.0.0.1:64390 - R:localhost/127.0.0.1:10889]
15:50:13.604 [Forwarding getElementText on session 14f61660-7bcc-4279-b6a3-7163a94e0626 to remote] DEBUG o.a.netty.request.NettyRequestSender - Using pooled Channel '[id: 0x7c68b8df, L:/127.0.0.1:64390 - R:localhost/127.0.0.1:10889]' for 'GET' to 'http://localhost:10889/session/14f61660-7bcc-4279-b6a3-7163a94e0626/element/d49df716-1e03-4ebe-a4f5-9b16cdeab1fb/text'
15:50:13.604 [Forwarding getElementText on session 14f61660-7bcc-4279-b6a3-7163a94e0626 to remote] DEBUG o.a.netty.request.NettyRequestSender - Using open Channel [id: 0x7c68b8df, L:/127.0.0.1:64390 - R:localhost/127.0.0.1:10889] for GET '/session/14f61660-7bcc-4279-b6a3-7163a94e0626/element/d49df716-1e03-4ebe-a4f5-9b16cdeab1fb/text'
15:50:13.608 [AsyncHttpClient-3-1] DEBUG o.a.netty.handler.HttpHandler - 

Request DefaultFullHttpRequest(decodeResult: success, version: HTTP/1.1, content: EmptyByteBufBE)
GET /session/14f61660-7bcc-4279-b6a3-7163a94e0626/element/d49df716-1e03-4ebe-a4f5-9b16cdeab1fb/text HTTP/1.1
User-Agent: selenium/4.0.0-alpha-5 (java windows)
Cache-Control: no-cache
host: localhost:10889
accept: */*

Response DefaultHttpResponse(decodeResult: success, version: HTTP/1.1)
HTTP/1.1 200 OK
content-type: application/json; charset=utf-8
cache-control: no-cache
content-length: 45
date: Thu, 25 Jun 2020 12:50:13 GMT

15:50:13.608 [AsyncHttpClient-3-1] DEBUG o.a.netty.channel.ChannelManager - Adding key: http://localhost:10889 for channel [id: 0x7c68b8df, L:/127.0.0.1:64390 - R:localhost/127.0.0.1:10889]
15:50:13.609 [Forwarding findChildElement on session 14f61660-7bcc-4279-b6a3-7163a94e0626 to remote] DEBUG o.a.netty.request.NettyRequestSender - Using pooled Channel '[id: 0x7c68b8df, L:/127.0.0.1:64390 - R:localhost/127.0.0.1:10889]' for 'POST' to 'http://localhost:10889/session/14f61660-7bcc-4279-b6a3-7163a94e0626/element/16e81d6e-e77d-42e9-86d5-6561a0eb4a48/element'
15:50:13.609 [Forwarding findChildElement on session 14f61660-7bcc-4279-b6a3-7163a94e0626 to remote] DEBUG o.a.netty.request.NettyRequestSender - Using open Channel [id: 0x7c68b8df, L:/127.0.0.1:64390 - R:localhost/127.0.0.1:10889] for POST '/session/14f61660-7bcc-4279-b6a3-7163a94e0626/element/16e81d6e-e77d-42e9-86d5-6561a0eb4a48/element'
15:50:13.612 [AsyncHttpClient-3-1] DEBUG o.a.netty.handler.HttpHandler - 

Request DefaultHttpRequest(decodeResult: success, version: HTTP/1.1)
POST /session/14f61660-7bcc-4279-b6a3-7163a94e0626/element/16e81d6e-e77d-42e9-86d5-6561a0eb4a48/element HTTP/1.1
User-Agent: selenium/4.0.0-alpha-5 (java windows)
Content-Length: 103
Content-Type: application/json; charset=utf-8
host: localhost:10889
accept: */*

Response DefaultHttpResponse(decodeResult: success, version: HTTP/1.1)
HTTP/1.1 200 OK
content-type: application/json; charset=utf-8
cache-control: no-cache
content-length: 88
date: Thu, 25 Jun 2020 12:50:13 GMT

15:50:13.612 [AsyncHttpClient-3-1] DEBUG o.a.netty.channel.ChannelManager - Adding key: http://localhost:10889 for channel [id: 0x7c68b8df, L:/127.0.0.1:64390 - R:localhost/127.0.0.1:10889]
15:50:13.613 [Forwarding getElementText on session 14f61660-7bcc-4279-b6a3-7163a94e0626 to remote] DEBUG o.a.netty.request.NettyRequestSender - Using pooled Channel '[id: 0x7c68b8df, L:/127.0.0.1:64390 - R:localhost/127.0.0.1:10889]' for 'GET' to 'http://localhost:10889/session/14f61660-7bcc-4279-b6a3-7163a94e0626/element/e669991b-01f0-491c-a763-416d999f7984/text'
15:50:13.613 [Forwarding getElementText on session 14f61660-7bcc-4279-b6a3-7163a94e0626 to remote] DEBUG o.a.netty.request.NettyRequestSender - Using open Channel [id: 0x7c68b8df, L:/127.0.0.1:64390 - R:localhost/127.0.0.1:10889] for GET '/session/14f61660-7bcc-4279-b6a3-7163a94e0626/element/e669991b-01f0-491c-a763-416d999f7984/text'
15:50:13.620 [AsyncHttpClient-3-1] DEBUG o.a.netty.handler.HttpHandler - 

Request DefaultFullHttpRequest(decodeResult: success, version: HTTP/1.1, content: EmptyByteBufBE)
GET /session/14f61660-7bcc-4279-b6a3-7163a94e0626/element/e669991b-01f0-491c-a763-416d999f7984/text HTTP/1.1
User-Agent: selenium/4.0.0-alpha-5 (java windows)
Cache-Control: no-cache
host: localhost:10889
accept: */*

Response DefaultHttpResponse(decodeResult: success, version: HTTP/1.1)
HTTP/1.1 200 OK
content-type: application/json; charset=utf-8
cache-control: no-cache
content-length: 57
date: Thu, 25 Jun 2020 12:50:13 GMT

15:50:13.620 [AsyncHttpClient-3-1] DEBUG o.a.netty.channel.ChannelManager - Adding key: http://localhost:10889 for channel [id: 0x7c68b8df, L:/127.0.0.1:64390 - R:localhost/127.0.0.1:10889]
15:50:13.620 [Forwarding findChildElement on session 14f61660-7bcc-4279-b6a3-7163a94e0626 to remote] DEBUG o.a.netty.request.NettyRequestSender - Using pooled Channel '[id: 0x7c68b8df, L:/127.0.0.1:64390 - R:localhost/127.0.0.1:10889]' for 'POST' to 'http://localhost:10889/session/14f61660-7bcc-4279-b6a3-7163a94e0626/element/16e81d6e-e77d-42e9-86d5-6561a0eb4a48/element'
15:50:13.621 [Forwarding findChildElement on session 14f61660-7bcc-4279-b6a3-7163a94e0626 to remote] DEBUG o.a.netty.request.NettyRequestSender - Using open Channel [id: 0x7c68b8df, L:/127.0.0.1:64390 - R:localhost/127.0.0.1:10889] for POST '/session/14f61660-7bcc-4279-b6a3-7163a94e0626/element/16e81d6e-e77d-42e9-86d5-6561a0eb4a48/element'
15:50:13.624 [AsyncHttpClient-3-1] DEBUG o.a.netty.handler.HttpHandler - 

Request DefaultHttpRequest(decodeResult: success, version: HTTP/1.1)
POST /session/14f61660-7bcc-4279-b6a3-7163a94e0626/element/16e81d6e-e77d-42e9-86d5-6561a0eb4a48/element HTTP/1.1
User-Agent: selenium/4.0.0-alpha-5 (java windows)
Content-Length: 97
Content-Type: application/json; charset=utf-8
host: localhost:10889
accept: */*

Response DefaultHttpResponse(decodeResult: success, version: HTTP/1.1)
HTTP/1.1 200 OK
content-type: application/json; charset=utf-8
cache-control: no-cache
content-length: 88
date: Thu, 25 Jun 2020 12:50:13 GMT

15:50:13.624 [AsyncHttpClient-3-1] DEBUG o.a.netty.channel.ChannelManager - Adding key: http://localhost:10889 for channel [id: 0x7c68b8df, L:/127.0.0.1:64390 - R:localhost/127.0.0.1:10889]
15:50:13.627 [Forwarding getElementAttribute on session 14f61660-7bcc-4279-b6a3-7163a94e0626 to remote] DEBUG o.a.netty.request.NettyRequestSender - Using pooled Channel '[id: 0x7c68b8df, L:/127.0.0.1:64390 - R:localhost/127.0.0.1:10889]' for 'POST' to 'http://localhost:10889/session/14f61660-7bcc-4279-b6a3-7163a94e0626/execute/sync'
15:50:13.627 [Forwarding getElementAttribute on session 14f61660-7bcc-4279-b6a3-7163a94e0626 to remote] DEBUG o.a.netty.request.NettyRequestSender - Using open Channel [id: 0x7c68b8df, L:/127.0.0.1:64390 - R:localhost/127.0.0.1:10889] for POST '/session/14f61660-7bcc-4279-b6a3-7163a94e0626/execute/sync'
15:50:13.639 [AsyncHttpClient-3-1] DEBUG o.a.netty.handler.HttpHandler - 

Request DefaultHttpRequest(decodeResult: success, version: HTTP/1.1)
POST /session/14f61660-7bcc-4279-b6a3-7163a94e0626/execute/sync HTTP/1.1
User-Agent: selenium/4.0.0-alpha-5 (java windows)
Content-Length: 39635
Content-Type: application/json; charset=utf-8
host: localhost:10889
accept: */*

Response DefaultHttpResponse(decodeResult: success, version: HTTP/1.1)
HTTP/1.1 200 OK
content-type: application/json; charset=utf-8
cache-control: no-cache
content-length: 15
date: Thu, 25 Jun 2020 12:50:13 GMT

15:50:13.639 [AsyncHttpClient-3-1] DEBUG o.a.netty.channel.ChannelManager - Adding key: http://localhost:10889 for channel [id: 0x7c68b8df, L:/127.0.0.1:64390 - R:localhost/127.0.0.1:10889]
15:50:13.640 [Forwarding findChildElement on session 14f61660-7bcc-4279-b6a3-7163a94e0626 to remote] DEBUG o.a.netty.request.NettyRequestSender - Using pooled Channel '[id: 0x7c68b8df, L:/127.0.0.1:64390 - R:localhost/127.0.0.1:10889]' for 'POST' to 'http://localhost:10889/session/14f61660-7bcc-4279-b6a3-7163a94e0626/element/3a3fb773-5661-452b-b128-f926289fe989/element'
15:50:13.640 [Forwarding findChildElement on session 14f61660-7bcc-4279-b6a3-7163a94e0626 to remote] DEBUG o.a.netty.request.NettyRequestSender - Using open Channel [id: 0x7c68b8df, L:/127.0.0.1:64390 - R:localhost/127.0.0.1:10889] for POST '/session/14f61660-7bcc-4279-b6a3-7163a94e0626/element/3a3fb773-5661-452b-b128-f926289fe989/element'
15:50:13.644 [AsyncHttpClient-3-1] DEBUG o.a.netty.handler.HttpHandler - 

Request DefaultHttpRequest(decodeResult: success, version: HTTP/1.1)
POST /session/14f61660-7bcc-4279-b6a3-7163a94e0626/element/3a3fb773-5661-452b-b128-f926289fe989/element HTTP/1.1
User-Agent: selenium/4.0.0-alpha-5 (java windows)
Content-Length: 103
Content-Type: application/json; charset=utf-8
host: localhost:10889
accept: */*

Response DefaultHttpResponse(decodeResult: success, version: HTTP/1.1)
HTTP/1.1 200 OK
content-type: application/json; charset=utf-8
cache-control: no-cache
content-length: 88
date: Thu, 25 Jun 2020 12:50:13 GMT

15:50:13.644 [AsyncHttpClient-3-1] DEBUG o.a.netty.channel.ChannelManager - Adding key: http://localhost:10889 for channel [id: 0x7c68b8df, L:/127.0.0.1:64390 - R:localhost/127.0.0.1:10889]
15:50:13.644 [Forwarding getElementText on session 14f61660-7bcc-4279-b6a3-7163a94e0626 to remote] DEBUG o.a.netty.request.NettyRequestSender - Using pooled Channel '[id: 0x7c68b8df, L:/127.0.0.1:64390 - R:localhost/127.0.0.1:10889]' for 'GET' to 'http://localhost:10889/session/14f61660-7bcc-4279-b6a3-7163a94e0626/element/22817951-60cf-4a25-a54f-396dbe2aa8d4/text'
15:50:13.644 [Forwarding getElementText on session 14f61660-7bcc-4279-b6a3-7163a94e0626 to remote] DEBUG o.a.netty.request.NettyRequestSender - Using open Channel [id: 0x7c68b8df, L:/127.0.0.1:64390 - R:localhost/127.0.0.1:10889] for GET '/session/14f61660-7bcc-4279-b6a3-7163a94e0626/element/22817951-60cf-4a25-a54f-396dbe2aa8d4/text'
15:50:13.648 [AsyncHttpClient-3-1] DEBUG o.a.netty.handler.HttpHandler - 

Request DefaultFullHttpRequest(decodeResult: success, version: HTTP/1.1, content: EmptyByteBufBE)
GET /session/14f61660-7bcc-4279-b6a3-7163a94e0626/element/22817951-60cf-4a25-a54f-396dbe2aa8d4/text HTTP/1.1
User-Agent: selenium/4.0.0-alpha-5 (java windows)
Cache-Control: no-cache
host: localhost:10889
accept: */*

Response DefaultHttpResponse(decodeResult: success, version: HTTP/1.1)
HTTP/1.1 200 OK
content-type: application/json; charset=utf-8
cache-control: no-cache
content-length: 18
date: Thu, 25 Jun 2020 12:50:13 GMT

15:50:13.649 [AsyncHttpClient-3-1] DEBUG o.a.netty.channel.ChannelManager - Adding key: http://localhost:10889 for channel [id: 0x7c68b8df, L:/127.0.0.1:64390 - R:localhost/127.0.0.1:10889]
15:50:13.649 [Forwarding findChildElement on session 14f61660-7bcc-4279-b6a3-7163a94e0626 to remote] DEBUG o.a.netty.request.NettyRequestSender - Using pooled Channel '[id: 0x7c68b8df, L:/127.0.0.1:64390 - R:localhost/127.0.0.1:10889]' for 'POST' to 'http://localhost:10889/session/14f61660-7bcc-4279-b6a3-7163a94e0626/element/3a3fb773-5661-452b-b128-f926289fe989/element'
15:50:13.649 [Forwarding findChildElement on session 14f61660-7bcc-4279-b6a3-7163a94e0626 to remote] DEBUG o.a.netty.request.NettyRequestSender - Using open Channel [id: 0x7c68b8df, L:/127.0.0.1:64390 - R:localhost/127.0.0.1:10889] for POST '/session/14f61660-7bcc-4279-b6a3-7163a94e0626/element/3a3fb773-5661-452b-b128-f926289fe989/element'
15:50:13.653 [AsyncHttpClient-3-1] DEBUG o.a.netty.handler.HttpHandler - 

Request DefaultHttpRequest(decodeResult: success, version: HTTP/1.1)
POST /session/14f61660-7bcc-4279-b6a3-7163a94e0626/element/3a3fb773-5661-452b-b128-f926289fe989/element HTTP/1.1
User-Agent: selenium/4.0.0-alpha-5 (java windows)
Content-Length: 103
Content-Type: application/json; charset=utf-8
host: localhost:10889
accept: */*

Response DefaultHttpResponse(decodeResult: success, version: HTTP/1.1)
HTTP/1.1 200 OK
content-type: application/json; charset=utf-8
cache-control: no-cache
content-length: 88
date: Thu, 25 Jun 2020 12:50:13 GMT

15:50:13.653 [AsyncHttpClient-3-1] DEBUG o.a.netty.channel.ChannelManager - Adding key: http://localhost:10889 for channel [id: 0x7c68b8df, L:/127.0.0.1:64390 - R:localhost/127.0.0.1:10889]
15:50:13.653 [Forwarding getElementText on session 14f61660-7bcc-4279-b6a3-7163a94e0626 to remote] DEBUG o.a.netty.request.NettyRequestSender - Using pooled Channel '[id: 0x7c68b8df, L:/127.0.0.1:64390 - R:localhost/127.0.0.1:10889]' for 'GET' to 'http://localhost:10889/session/14f61660-7bcc-4279-b6a3-7163a94e0626/element/96106542-8d11-4cb1-8ada-931fd471841a/text'
15:50:13.653 [Forwarding getElementText on session 14f61660-7bcc-4279-b6a3-7163a94e0626 to remote] DEBUG o.a.netty.request.NettyRequestSender - Using open Channel [id: 0x7c68b8df, L:/127.0.0.1:64390 - R:localhost/127.0.0.1:10889] for GET '/session/14f61660-7bcc-4279-b6a3-7163a94e0626/element/96106542-8d11-4cb1-8ada-931fd471841a/text'
15:50:13.658 [AsyncHttpClient-3-1] DEBUG o.a.netty.handler.HttpHandler - 

Request DefaultFullHttpRequest(decodeResult: success, version: HTTP/1.1, content: EmptyByteBufBE)
GET /session/14f61660-7bcc-4279-b6a3-7163a94e0626/element/96106542-8d11-4cb1-8ada-931fd471841a/text HTTP/1.1
User-Agent: selenium/4.0.0-alpha-5 (java windows)
Cache-Control: no-cache
host: localhost:10889
accept: */*

Response DefaultHttpResponse(decodeResult: success, version: HTTP/1.1)
HTTP/1.1 200 OK
content-type: application/json; charset=utf-8
cache-control: no-cache
content-length: 22
date: Thu, 25 Jun 2020 12:50:13 GMT

15:50:13.659 [AsyncHttpClient-3-1] DEBUG o.a.netty.channel.ChannelManager - Adding key: http://localhost:10889 for channel [id: 0x7c68b8df, L:/127.0.0.1:64390 - R:localhost/127.0.0.1:10889]
15:50:13.659 [Forwarding findChildElement on session 14f61660-7bcc-4279-b6a3-7163a94e0626 to remote] DEBUG o.a.netty.request.NettyRequestSender - Using pooled Channel '[id: 0x7c68b8df, L:/127.0.0.1:64390 - R:localhost/127.0.0.1:10889]' for 'POST' to 'http://localhost:10889/session/14f61660-7bcc-4279-b6a3-7163a94e0626/element/3a3fb773-5661-452b-b128-f926289fe989/element'
15:50:13.659 [Forwarding findChildElement on session 14f61660-7bcc-4279-b6a3-7163a94e0626 to remote] DEBUG o.a.netty.request.NettyRequestSender - Using open Channel [id: 0x7c68b8df, L:/127.0.0.1:64390 - R:localhost/127.0.0.1:10889] for POST '/session/14f61660-7bcc-4279-b6a3-7163a94e0626/element/3a3fb773-5661-452b-b128-f926289fe989/element'
15:50:13.662 [AsyncHttpClient-3-1] DEBUG o.a.netty.handler.HttpHandler - 

Request DefaultHttpRequest(decodeResult: success, version: HTTP/1.1)
POST /session/14f61660-7bcc-4279-b6a3-7163a94e0626/element/3a3fb773-5661-452b-b128-f926289fe989/element HTTP/1.1
User-Agent: selenium/4.0.0-alpha-5 (java windows)
Content-Length: 103
Content-Type: application/json; charset=utf-8
host: localhost:10889
accept: */*

Response DefaultHttpResponse(decodeResult: success, version: HTTP/1.1)
HTTP/1.1 200 OK
content-type: application/json; charset=utf-8
cache-control: no-cache
content-length: 88
date: Thu, 25 Jun 2020 12:50:13 GMT

15:50:13.663 [AsyncHttpClient-3-1] DEBUG o.a.netty.channel.ChannelManager - Adding key: http://localhost:10889 for channel [id: 0x7c68b8df, L:/127.0.0.1:64390 - R:localhost/127.0.0.1:10889]
15:50:13.663 [Forwarding getElementText on session 14f61660-7bcc-4279-b6a3-7163a94e0626 to remote] DEBUG o.a.netty.request.NettyRequestSender - Using pooled Channel '[id: 0x7c68b8df, L:/127.0.0.1:64390 - R:localhost/127.0.0.1:10889]' for 'GET' to 'http://localhost:10889/session/14f61660-7bcc-4279-b6a3-7163a94e0626/element/cc7adc55-f3e0-4998-8253-8b6a75cd6fba/text'
15:50:13.663 [Forwarding getElementText on session 14f61660-7bcc-4279-b6a3-7163a94e0626 to remote] DEBUG o.a.netty.request.NettyRequestSender - Using open Channel [id: 0x7c68b8df, L:/127.0.0.1:64390 - R:localhost/127.0.0.1:10889] for GET '/session/14f61660-7bcc-4279-b6a3-7163a94e0626/element/cc7adc55-f3e0-4998-8253-8b6a75cd6fba/text'
15:50:13.667 [AsyncHttpClient-3-1] DEBUG o.a.netty.handler.HttpHandler - 

Request DefaultFullHttpRequest(decodeResult: success, version: HTTP/1.1, content: EmptyByteBufBE)
GET /session/14f61660-7bcc-4279-b6a3-7163a94e0626/element/cc7adc55-f3e0-4998-8253-8b6a75cd6fba/text HTTP/1.1
User-Agent: selenium/4.0.0-alpha-5 (java windows)
Cache-Control: no-cache
host: localhost:10889
accept: */*

Response DefaultHttpResponse(decodeResult: success, version: HTTP/1.1)
HTTP/1.1 200 OK
content-type: application/json; charset=utf-8
cache-control: no-cache
content-length: 21
date: Thu, 25 Jun 2020 12:50:13 GMT

15:50:13.667 [AsyncHttpClient-3-1] DEBUG o.a.netty.channel.ChannelManager - Adding key: http://localhost:10889 for channel [id: 0x7c68b8df, L:/127.0.0.1:64390 - R:localhost/127.0.0.1:10889]
15:50:13.667 [Forwarding findChildElement on session 14f61660-7bcc-4279-b6a3-7163a94e0626 to remote] DEBUG o.a.netty.request.NettyRequestSender - Using pooled Channel '[id: 0x7c68b8df, L:/127.0.0.1:64390 - R:localhost/127.0.0.1:10889]' for 'POST' to 'http://localhost:10889/session/14f61660-7bcc-4279-b6a3-7163a94e0626/element/3a3fb773-5661-452b-b128-f926289fe989/element'
15:50:13.668 [Forwarding findChildElement on session 14f61660-7bcc-4279-b6a3-7163a94e0626 to remote] DEBUG o.a.netty.request.NettyRequestSender - Using open Channel [id: 0x7c68b8df, L:/127.0.0.1:64390 - R:localhost/127.0.0.1:10889] for POST '/session/14f61660-7bcc-4279-b6a3-7163a94e0626/element/3a3fb773-5661-452b-b128-f926289fe989/element'
15:50:13.671 [AsyncHttpClient-3-1] DEBUG o.a.netty.handler.HttpHandler - 

Request DefaultHttpRequest(decodeResult: success, version: HTTP/1.1)
POST /session/14f61660-7bcc-4279-b6a3-7163a94e0626/element/3a3fb773-5661-452b-b128-f926289fe989/element HTTP/1.1
User-Agent: selenium/4.0.0-alpha-5 (java windows)
Content-Length: 103
Content-Type: application/json; charset=utf-8
host: localhost:10889
accept: */*

Response DefaultHttpResponse(decodeResult: success, version: HTTP/1.1)
HTTP/1.1 200 OK
content-type: application/json; charset=utf-8
cache-control: no-cache
content-length: 88
date: Thu, 25 Jun 2020 12:50:13 GMT

15:50:13.671 [AsyncHttpClient-3-1] DEBUG o.a.netty.channel.ChannelManager - Adding key: http://localhost:10889 for channel [id: 0x7c68b8df, L:/127.0.0.1:64390 - R:localhost/127.0.0.1:10889]
15:50:13.671 [Forwarding getElementText on session 14f61660-7bcc-4279-b6a3-7163a94e0626 to remote] DEBUG o.a.netty.request.NettyRequestSender - Using pooled Channel '[id: 0x7c68b8df, L:/127.0.0.1:64390 - R:localhost/127.0.0.1:10889]' for 'GET' to 'http://localhost:10889/session/14f61660-7bcc-4279-b6a3-7163a94e0626/element/7aad6bb8-7d94-41da-975e-607bfb0fa7e3/text'
15:50:13.671 [Forwarding getElementText on session 14f61660-7bcc-4279-b6a3-7163a94e0626 to remote] DEBUG o.a.netty.request.NettyRequestSender - Using open Channel [id: 0x7c68b8df, L:/127.0.0.1:64390 - R:localhost/127.0.0.1:10889] for GET '/session/14f61660-7bcc-4279-b6a3-7163a94e0626/element/7aad6bb8-7d94-41da-975e-607bfb0fa7e3/text'
15:50:13.680 [AsyncHttpClient-3-1] DEBUG o.a.netty.handler.HttpHandler - 

Request DefaultFullHttpRequest(decodeResult: success, version: HTTP/1.1, content: EmptyByteBufBE)
GET /session/14f61660-7bcc-4279-b6a3-7163a94e0626/element/7aad6bb8-7d94-41da-975e-607bfb0fa7e3/text HTTP/1.1
User-Agent: selenium/4.0.0-alpha-5 (java windows)
Cache-Control: no-cache
host: localhost:10889
accept: */*

Response DefaultHttpResponse(decodeResult: success, version: HTTP/1.1)
HTTP/1.1 200 OK
content-type: application/json; charset=utf-8
cache-control: no-cache
content-length: 45
date: Thu, 25 Jun 2020 12:50:13 GMT

15:50:13.680 [AsyncHttpClient-3-1] DEBUG o.a.netty.channel.ChannelManager - Adding key: http://localhost:10889 for channel [id: 0x7c68b8df, L:/127.0.0.1:64390 - R:localhost/127.0.0.1:10889]
15:50:13.681 [Forwarding findChildElement on session 14f61660-7bcc-4279-b6a3-7163a94e0626 to remote] DEBUG o.a.netty.request.NettyRequestSender - Using pooled Channel '[id: 0x7c68b8df, L:/127.0.0.1:64390 - R:localhost/127.0.0.1:10889]' for 'POST' to 'http://localhost:10889/session/14f61660-7bcc-4279-b6a3-7163a94e0626/element/3a3fb773-5661-452b-b128-f926289fe989/element'
15:50:13.681 [Forwarding findChildElement on session 14f61660-7bcc-4279-b6a3-7163a94e0626 to remote] DEBUG o.a.netty.request.NettyRequestSender - Using open Channel [id: 0x7c68b8df, L:/127.0.0.1:64390 - R:localhost/127.0.0.1:10889] for POST '/session/14f61660-7bcc-4279-b6a3-7163a94e0626/element/3a3fb773-5661-452b-b128-f926289fe989/element'
15:50:13.684 [AsyncHttpClient-3-1] DEBUG o.a.netty.handler.HttpHandler - 

Request DefaultHttpRequest(decodeResult: success, version: HTTP/1.1)
POST /session/14f61660-7bcc-4279-b6a3-7163a94e0626/element/3a3fb773-5661-452b-b128-f926289fe989/element HTTP/1.1
User-Agent: selenium/4.0.0-alpha-5 (java windows)
Content-Length: 103
Content-Type: application/json; charset=utf-8
host: localhost:10889
accept: */*

Response DefaultHttpResponse(decodeResult: success, version: HTTP/1.1)
HTTP/1.1 200 OK
content-type: application/json; charset=utf-8
cache-control: no-cache
content-length: 88
date: Thu, 25 Jun 2020 12:50:13 GMT

15:50:13.685 [AsyncHttpClient-3-1] DEBUG o.a.netty.channel.ChannelManager - Adding key: http://localhost:10889 for channel [id: 0x7c68b8df, L:/127.0.0.1:64390 - R:localhost/127.0.0.1:10889]
15:50:13.685 [Forwarding getElementText on session 14f61660-7bcc-4279-b6a3-7163a94e0626 to remote] DEBUG o.a.netty.request.NettyRequestSender - Using pooled Channel '[id: 0x7c68b8df, L:/127.0.0.1:64390 - R:localhost/127.0.0.1:10889]' for 'GET' to 'http://localhost:10889/session/14f61660-7bcc-4279-b6a3-7163a94e0626/element/d26ff12b-a304-40ef-9740-f5dd946d25e9/text'
15:50:13.685 [Forwarding getElementText on session 14f61660-7bcc-4279-b6a3-7163a94e0626 to remote] DEBUG o.a.netty.request.NettyRequestSender - Using open Channel [id: 0x7c68b8df, L:/127.0.0.1:64390 - R:localhost/127.0.0.1:10889] for GET '/session/14f61660-7bcc-4279-b6a3-7163a94e0626/element/d26ff12b-a304-40ef-9740-f5dd946d25e9/text'
15:50:13.693 [AsyncHttpClient-3-1] DEBUG o.a.netty.handler.HttpHandler - 

Request DefaultFullHttpRequest(decodeResult: success, version: HTTP/1.1, content: EmptyByteBufBE)
GET /session/14f61660-7bcc-4279-b6a3-7163a94e0626/element/d26ff12b-a304-40ef-9740-f5dd946d25e9/text HTTP/1.1
User-Agent: selenium/4.0.0-alpha-5 (java windows)
Cache-Control: no-cache
host: localhost:10889
accept: */*

Response DefaultHttpResponse(decodeResult: success, version: HTTP/1.1)
HTTP/1.1 200 OK
content-type: application/json; charset=utf-8
cache-control: no-cache
content-length: 57
date: Thu, 25 Jun 2020 12:50:13 GMT

15:50:13.693 [AsyncHttpClient-3-1] DEBUG o.a.netty.channel.ChannelManager - Adding key: http://localhost:10889 for channel [id: 0x7c68b8df, L:/127.0.0.1:64390 - R:localhost/127.0.0.1:10889]
15:50:13.693 [Forwarding findChildElement on session 14f61660-7bcc-4279-b6a3-7163a94e0626 to remote] DEBUG o.a.netty.request.NettyRequestSender - Using pooled Channel '[id: 0x7c68b8df, L:/127.0.0.1:64390 - R:localhost/127.0.0.1:10889]' for 'POST' to 'http://localhost:10889/session/14f61660-7bcc-4279-b6a3-7163a94e0626/element/3a3fb773-5661-452b-b128-f926289fe989/element'
15:50:13.694 [Forwarding findChildElement on session 14f61660-7bcc-4279-b6a3-7163a94e0626 to remote] DEBUG o.a.netty.request.NettyRequestSender - Using open Channel [id: 0x7c68b8df, L:/127.0.0.1:64390 - R:localhost/127.0.0.1:10889] for POST '/session/14f61660-7bcc-4279-b6a3-7163a94e0626/element/3a3fb773-5661-452b-b128-f926289fe989/element'
15:50:13.697 [AsyncHttpClient-3-1] DEBUG o.a.netty.handler.HttpHandler - 

Request DefaultHttpRequest(decodeResult: success, version: HTTP/1.1)
POST /session/14f61660-7bcc-4279-b6a3-7163a94e0626/element/3a3fb773-5661-452b-b128-f926289fe989/element HTTP/1.1
User-Agent: selenium/4.0.0-alpha-5 (java windows)
Content-Length: 97
Content-Type: application/json; charset=utf-8
host: localhost:10889
accept: */*

Response DefaultHttpResponse(decodeResult: success, version: HTTP/1.1)
HTTP/1.1 200 OK
content-type: application/json; charset=utf-8
cache-control: no-cache
content-length: 88
date: Thu, 25 Jun 2020 12:50:13 GMT

15:50:13.697 [AsyncHttpClient-3-1] DEBUG o.a.netty.channel.ChannelManager - Adding key: http://localhost:10889 for channel [id: 0x7c68b8df, L:/127.0.0.1:64390 - R:localhost/127.0.0.1:10889]
15:50:13.701 [Forwarding getElementAttribute on session 14f61660-7bcc-4279-b6a3-7163a94e0626 to remote] DEBUG o.a.netty.request.NettyRequestSender - Using pooled Channel '[id: 0x7c68b8df, L:/127.0.0.1:64390 - R:localhost/127.0.0.1:10889]' for 'POST' to 'http://localhost:10889/session/14f61660-7bcc-4279-b6a3-7163a94e0626/execute/sync'
15:50:13.701 [Forwarding getElementAttribute on session 14f61660-7bcc-4279-b6a3-7163a94e0626 to remote] DEBUG o.a.netty.request.NettyRequestSender - Using open Channel [id: 0x7c68b8df, L:/127.0.0.1:64390 - R:localhost/127.0.0.1:10889] for POST '/session/14f61660-7bcc-4279-b6a3-7163a94e0626/execute/sync'
15:50:13.714 [AsyncHttpClient-3-1] DEBUG o.a.netty.handler.HttpHandler - 

Request DefaultHttpRequest(decodeResult: success, version: HTTP/1.1)
POST /session/14f61660-7bcc-4279-b6a3-7163a94e0626/execute/sync HTTP/1.1
User-Agent: selenium/4.0.0-alpha-5 (java windows)
Content-Length: 39635
Content-Type: application/json; charset=utf-8
host: localhost:10889
accept: */*

Response DefaultHttpResponse(decodeResult: success, version: HTTP/1.1)
HTTP/1.1 200 OK
content-type: application/json; charset=utf-8
cache-control: no-cache
content-length: 15
date: Thu, 25 Jun 2020 12:50:13 GMT

15:50:13.715 [AsyncHttpClient-3-1] DEBUG o.a.netty.channel.ChannelManager - Adding key: http://localhost:10889 for channel [id: 0x7c68b8df, L:/127.0.0.1:64390 - R:localhost/127.0.0.1:10889]
15:50:13.715 [Forwarding findChildElement on session 14f61660-7bcc-4279-b6a3-7163a94e0626 to remote] DEBUG o.a.netty.request.NettyRequestSender - Using pooled Channel '[id: 0x7c68b8df, L:/127.0.0.1:64390 - R:localhost/127.0.0.1:10889]' for 'POST' to 'http://localhost:10889/session/14f61660-7bcc-4279-b6a3-7163a94e0626/element/d2bb047d-272f-43cd-94dd-c1c937dccff4/element'
15:50:13.715 [Forwarding findChildElement on session 14f61660-7bcc-4279-b6a3-7163a94e0626 to remote] DEBUG o.a.netty.request.NettyRequestSender - Using open Channel [id: 0x7c68b8df, L:/127.0.0.1:64390 - R:localhost/127.0.0.1:10889] for POST '/session/14f61660-7bcc-4279-b6a3-7163a94e0626/element/d2bb047d-272f-43cd-94dd-c1c937dccff4/element'
15:50:13.719 [AsyncHttpClient-3-1] DEBUG o.a.netty.handler.HttpHandler - 

Request DefaultHttpRequest(decodeResult: success, version: HTTP/1.1)
POST /session/14f61660-7bcc-4279-b6a3-7163a94e0626/element/d2bb047d-272f-43cd-94dd-c1c937dccff4/element HTTP/1.1
User-Agent: selenium/4.0.0-alpha-5 (java windows)
Content-Length: 103
Content-Type: application/json; charset=utf-8
host: localhost:10889
accept: */*

Response DefaultHttpResponse(decodeResult: success, version: HTTP/1.1)
HTTP/1.1 200 OK
content-type: application/json; charset=utf-8
cache-control: no-cache
content-length: 88
date: Thu, 25 Jun 2020 12:50:13 GMT

15:50:13.719 [AsyncHttpClient-3-1] DEBUG o.a.netty.channel.ChannelManager - Adding key: http://localhost:10889 for channel [id: 0x7c68b8df, L:/127.0.0.1:64390 - R:localhost/127.0.0.1:10889]
15:50:13.720 [Forwarding getElementText on session 14f61660-7bcc-4279-b6a3-7163a94e0626 to remote] DEBUG o.a.netty.request.NettyRequestSender - Using pooled Channel '[id: 0x7c68b8df, L:/127.0.0.1:64390 - R:localhost/127.0.0.1:10889]' for 'GET' to 'http://localhost:10889/session/14f61660-7bcc-4279-b6a3-7163a94e0626/element/25815dab-d39c-4711-8a40-290763cb9307/text'
15:50:13.720 [Forwarding getElementText on session 14f61660-7bcc-4279-b6a3-7163a94e0626 to remote] DEBUG o.a.netty.request.NettyRequestSender - Using open Channel [id: 0x7c68b8df, L:/127.0.0.1:64390 - R:localhost/127.0.0.1:10889] for GET '/session/14f61660-7bcc-4279-b6a3-7163a94e0626/element/25815dab-d39c-4711-8a40-290763cb9307/text'
15:50:13.725 [AsyncHttpClient-3-1] DEBUG o.a.netty.handler.HttpHandler - 

Request DefaultFullHttpRequest(decodeResult: success, version: HTTP/1.1, content: EmptyByteBufBE)
GET /session/14f61660-7bcc-4279-b6a3-7163a94e0626/element/25815dab-d39c-4711-8a40-290763cb9307/text HTTP/1.1
User-Agent: selenium/4.0.0-alpha-5 (java windows)
Cache-Control: no-cache
host: localhost:10889
accept: */*

Response DefaultHttpResponse(decodeResult: success, version: HTTP/1.1)
HTTP/1.1 200 OK
content-type: application/json; charset=utf-8
cache-control: no-cache
content-length: 18
date: Thu, 25 Jun 2020 12:50:13 GMT

15:50:13.725 [AsyncHttpClient-3-1] DEBUG o.a.netty.channel.ChannelManager - Adding key: http://localhost:10889 for channel [id: 0x7c68b8df, L:/127.0.0.1:64390 - R:localhost/127.0.0.1:10889]
15:50:13.726 [Forwarding findChildElement on session 14f61660-7bcc-4279-b6a3-7163a94e0626 to remote] DEBUG o.a.netty.request.NettyRequestSender - Using pooled Channel '[id: 0x7c68b8df, L:/127.0.0.1:64390 - R:localhost/127.0.0.1:10889]' for 'POST' to 'http://localhost:10889/session/14f61660-7bcc-4279-b6a3-7163a94e0626/element/d2bb047d-272f-43cd-94dd-c1c937dccff4/element'
15:50:13.726 [Forwarding findChildElement on session 14f61660-7bcc-4279-b6a3-7163a94e0626 to remote] DEBUG o.a.netty.request.NettyRequestSender - Using open Channel [id: 0x7c68b8df, L:/127.0.0.1:64390 - R:localhost/127.0.0.1:10889] for POST '/session/14f61660-7bcc-4279-b6a3-7163a94e0626/element/d2bb047d-272f-43cd-94dd-c1c937dccff4/element'
15:50:13.730 [AsyncHttpClient-3-1] DEBUG o.a.netty.handler.HttpHandler - 

Request DefaultHttpRequest(decodeResult: success, version: HTTP/1.1)
POST /session/14f61660-7bcc-4279-b6a3-7163a94e0626/element/d2bb047d-272f-43cd-94dd-c1c937dccff4/element HTTP/1.1
User-Agent: selenium/4.0.0-alpha-5 (java windows)
Content-Length: 103
Content-Type: application/json; charset=utf-8
host: localhost:10889
accept: */*

Response DefaultHttpResponse(decodeResult: success, version: HTTP/1.1)
HTTP/1.1 200 OK
content-type: application/json; charset=utf-8
cache-control: no-cache
content-length: 88
date: Thu, 25 Jun 2020 12:50:13 GMT

15:50:13.730 [AsyncHttpClient-3-1] DEBUG o.a.netty.channel.ChannelManager - Adding key: http://localhost:10889 for channel [id: 0x7c68b8df, L:/127.0.0.1:64390 - R:localhost/127.0.0.1:10889]
15:50:13.730 [Forwarding getElementText on session 14f61660-7bcc-4279-b6a3-7163a94e0626 to remote] DEBUG o.a.netty.request.NettyRequestSender - Using pooled Channel '[id: 0x7c68b8df, L:/127.0.0.1:64390 - R:localhost/127.0.0.1:10889]' for 'GET' to 'http://localhost:10889/session/14f61660-7bcc-4279-b6a3-7163a94e0626/element/07504b69-39ba-4c79-a0d5-45a72d244bee/text'
15:50:13.730 [Forwarding getElementText on session 14f61660-7bcc-4279-b6a3-7163a94e0626 to remote] DEBUG o.a.netty.request.NettyRequestSender - Using open Channel [id: 0x7c68b8df, L:/127.0.0.1:64390 - R:localhost/127.0.0.1:10889] for GET '/session/14f61660-7bcc-4279-b6a3-7163a94e0626/element/07504b69-39ba-4c79-a0d5-45a72d244bee/text'
15:50:13.735 [AsyncHttpClient-3-1] DEBUG o.a.netty.handler.HttpHandler - 

Request DefaultFullHttpRequest(decodeResult: success, version: HTTP/1.1, content: EmptyByteBufBE)
GET /session/14f61660-7bcc-4279-b6a3-7163a94e0626/element/07504b69-39ba-4c79-a0d5-45a72d244bee/text HTTP/1.1
User-Agent: selenium/4.0.0-alpha-5 (java windows)
Cache-Control: no-cache
host: localhost:10889
accept: */*

Response DefaultHttpResponse(decodeResult: success, version: HTTP/1.1)
HTTP/1.1 200 OK
content-type: application/json; charset=utf-8
cache-control: no-cache
content-length: 22
date: Thu, 25 Jun 2020 12:50:13 GMT

15:50:13.735 [AsyncHttpClient-3-1] DEBUG o.a.netty.channel.ChannelManager - Adding key: http://localhost:10889 for channel [id: 0x7c68b8df, L:/127.0.0.1:64390 - R:localhost/127.0.0.1:10889]
15:50:13.735 [Forwarding findChildElement on session 14f61660-7bcc-4279-b6a3-7163a94e0626 to remote] DEBUG o.a.netty.request.NettyRequestSender - Using pooled Channel '[id: 0x7c68b8df, L:/127.0.0.1:64390 - R:localhost/127.0.0.1:10889]' for 'POST' to 'http://localhost:10889/session/14f61660-7bcc-4279-b6a3-7163a94e0626/element/d2bb047d-272f-43cd-94dd-c1c937dccff4/element'
15:50:13.736 [Forwarding findChildElement on session 14f61660-7bcc-4279-b6a3-7163a94e0626 to remote] DEBUG o.a.netty.request.NettyRequestSender - Using open Channel [id: 0x7c68b8df, L:/127.0.0.1:64390 - R:localhost/127.0.0.1:10889] for POST '/session/14f61660-7bcc-4279-b6a3-7163a94e0626/element/d2bb047d-272f-43cd-94dd-c1c937dccff4/element'
15:50:13.739 [AsyncHttpClient-3-1] DEBUG o.a.netty.handler.HttpHandler - 

Request DefaultHttpRequest(decodeResult: success, version: HTTP/1.1)
POST /session/14f61660-7bcc-4279-b6a3-7163a94e0626/element/d2bb047d-272f-43cd-94dd-c1c937dccff4/element HTTP/1.1
User-Agent: selenium/4.0.0-alpha-5 (java windows)
Content-Length: 103
Content-Type: application/json; charset=utf-8
host: localhost:10889
accept: */*

Response DefaultHttpResponse(decodeResult: success, version: HTTP/1.1)
HTTP/1.1 200 OK
content-type: application/json; charset=utf-8
cache-control: no-cache
content-length: 88
date: Thu, 25 Jun 2020 12:50:13 GMT

15:50:13.739 [AsyncHttpClient-3-1] DEBUG o.a.netty.channel.ChannelManager - Adding key: http://localhost:10889 for channel [id: 0x7c68b8df, L:/127.0.0.1:64390 - R:localhost/127.0.0.1:10889]
15:50:13.739 [Forwarding getElementText on session 14f61660-7bcc-4279-b6a3-7163a94e0626 to remote] DEBUG o.a.netty.request.NettyRequestSender - Using pooled Channel '[id: 0x7c68b8df, L:/127.0.0.1:64390 - R:localhost/127.0.0.1:10889]' for 'GET' to 'http://localhost:10889/session/14f61660-7bcc-4279-b6a3-7163a94e0626/element/696d06e3-a24f-4a73-8124-e0f918c59af8/text'
15:50:13.740 [Forwarding getElementText on session 14f61660-7bcc-4279-b6a3-7163a94e0626 to remote] DEBUG o.a.netty.request.NettyRequestSender - Using open Channel [id: 0x7c68b8df, L:/127.0.0.1:64390 - R:localhost/127.0.0.1:10889] for GET '/session/14f61660-7bcc-4279-b6a3-7163a94e0626/element/696d06e3-a24f-4a73-8124-e0f918c59af8/text'
15:50:13.744 [AsyncHttpClient-3-1] DEBUG o.a.netty.handler.HttpHandler - 

Request DefaultFullHttpRequest(decodeResult: success, version: HTTP/1.1, content: EmptyByteBufBE)
GET /session/14f61660-7bcc-4279-b6a3-7163a94e0626/element/696d06e3-a24f-4a73-8124-e0f918c59af8/text HTTP/1.1
User-Agent: selenium/4.0.0-alpha-5 (java windows)
Cache-Control: no-cache
host: localhost:10889
accept: */*

Response DefaultHttpResponse(decodeResult: success, version: HTTP/1.1)
HTTP/1.1 200 OK
content-type: application/json; charset=utf-8
cache-control: no-cache
content-length: 21
date: Thu, 25 Jun 2020 12:50:13 GMT

15:50:13.744 [AsyncHttpClient-3-1] DEBUG o.a.netty.channel.ChannelManager - Adding key: http://localhost:10889 for channel [id: 0x7c68b8df, L:/127.0.0.1:64390 - R:localhost/127.0.0.1:10889]
15:50:13.744 [Forwarding findChildElement on session 14f61660-7bcc-4279-b6a3-7163a94e0626 to remote] DEBUG o.a.netty.request.NettyRequestSender - Using pooled Channel '[id: 0x7c68b8df, L:/127.0.0.1:64390 - R:localhost/127.0.0.1:10889]' for 'POST' to 'http://localhost:10889/session/14f61660-7bcc-4279-b6a3-7163a94e0626/element/d2bb047d-272f-43cd-94dd-c1c937dccff4/element'
15:50:13.744 [Forwarding findChildElement on session 14f61660-7bcc-4279-b6a3-7163a94e0626 to remote] DEBUG o.a.netty.request.NettyRequestSender - Using open Channel [id: 0x7c68b8df, L:/127.0.0.1:64390 - R:localhost/127.0.0.1:10889] for POST '/session/14f61660-7bcc-4279-b6a3-7163a94e0626/element/d2bb047d-272f-43cd-94dd-c1c937dccff4/element'
15:50:13.748 [AsyncHttpClient-3-1] DEBUG o.a.netty.handler.HttpHandler - 

Request DefaultHttpRequest(decodeResult: success, version: HTTP/1.1)
POST /session/14f61660-7bcc-4279-b6a3-7163a94e0626/element/d2bb047d-272f-43cd-94dd-c1c937dccff4/element HTTP/1.1
User-Agent: selenium/4.0.0-alpha-5 (java windows)
Content-Length: 103
Content-Type: application/json; charset=utf-8
host: localhost:10889
accept: */*

Response DefaultHttpResponse(decodeResult: success, version: HTTP/1.1)
HTTP/1.1 200 OK
content-type: application/json; charset=utf-8
cache-control: no-cache
content-length: 88
date: Thu, 25 Jun 2020 12:50:13 GMT

15:50:13.748 [AsyncHttpClient-3-1] DEBUG o.a.netty.channel.ChannelManager - Adding key: http://localhost:10889 for channel [id: 0x7c68b8df, L:/127.0.0.1:64390 - R:localhost/127.0.0.1:10889]
15:50:13.748 [Forwarding getElementText on session 14f61660-7bcc-4279-b6a3-7163a94e0626 to remote] DEBUG o.a.netty.request.NettyRequestSender - Using pooled Channel '[id: 0x7c68b8df, L:/127.0.0.1:64390 - R:localhost/127.0.0.1:10889]' for 'GET' to 'http://localhost:10889/session/14f61660-7bcc-4279-b6a3-7163a94e0626/element/0c4f7a3f-1774-490e-825a-f1e633ceb8ea/text'
15:50:13.748 [Forwarding getElementText on session 14f61660-7bcc-4279-b6a3-7163a94e0626 to remote] DEBUG o.a.netty.request.NettyRequestSender - Using open Channel [id: 0x7c68b8df, L:/127.0.0.1:64390 - R:localhost/127.0.0.1:10889] for GET '/session/14f61660-7bcc-4279-b6a3-7163a94e0626/element/0c4f7a3f-1774-490e-825a-f1e633ceb8ea/text'
15:50:13.752 [AsyncHttpClient-3-1] DEBUG o.a.netty.handler.HttpHandler - 

Request DefaultFullHttpRequest(decodeResult: success, version: HTTP/1.1, content: EmptyByteBufBE)
GET /session/14f61660-7bcc-4279-b6a3-7163a94e0626/element/0c4f7a3f-1774-490e-825a-f1e633ceb8ea/text HTTP/1.1
User-Agent: selenium/4.0.0-alpha-5 (java windows)
Cache-Control: no-cache
host: localhost:10889
accept: */*

Response DefaultHttpResponse(decodeResult: success, version: HTTP/1.1)
HTTP/1.1 200 OK
content-type: application/json; charset=utf-8
cache-control: no-cache
content-length: 45
date: Thu, 25 Jun 2020 12:50:13 GMT

15:50:13.753 [AsyncHttpClient-3-1] DEBUG o.a.netty.channel.ChannelManager - Adding key: http://localhost:10889 for channel [id: 0x7c68b8df, L:/127.0.0.1:64390 - R:localhost/127.0.0.1:10889]
15:50:13.753 [Forwarding findChildElement on session 14f61660-7bcc-4279-b6a3-7163a94e0626 to remote] DEBUG o.a.netty.request.NettyRequestSender - Using pooled Channel '[id: 0x7c68b8df, L:/127.0.0.1:64390 - R:localhost/127.0.0.1:10889]' for 'POST' to 'http://localhost:10889/session/14f61660-7bcc-4279-b6a3-7163a94e0626/element/d2bb047d-272f-43cd-94dd-c1c937dccff4/element'
15:50:13.753 [Forwarding findChildElement on session 14f61660-7bcc-4279-b6a3-7163a94e0626 to remote] DEBUG o.a.netty.request.NettyRequestSender - Using open Channel [id: 0x7c68b8df, L:/127.0.0.1:64390 - R:localhost/127.0.0.1:10889] for POST '/session/14f61660-7bcc-4279-b6a3-7163a94e0626/element/d2bb047d-272f-43cd-94dd-c1c937dccff4/element'
15:50:13.757 [AsyncHttpClient-3-1] DEBUG o.a.netty.handler.HttpHandler - 

Request DefaultHttpRequest(decodeResult: success, version: HTTP/1.1)
POST /session/14f61660-7bcc-4279-b6a3-7163a94e0626/element/d2bb047d-272f-43cd-94dd-c1c937dccff4/element HTTP/1.1
User-Agent: selenium/4.0.0-alpha-5 (java windows)
Content-Length: 103
Content-Type: application/json; charset=utf-8
host: localhost:10889
accept: */*

Response DefaultHttpResponse(decodeResult: success, version: HTTP/1.1)
HTTP/1.1 200 OK
content-type: application/json; charset=utf-8
cache-control: no-cache
content-length: 88
date: Thu, 25 Jun 2020 12:50:13 GMT

15:50:13.758 [AsyncHttpClient-3-1] DEBUG o.a.netty.channel.ChannelManager - Adding key: http://localhost:10889 for channel [id: 0x7c68b8df, L:/127.0.0.1:64390 - R:localhost/127.0.0.1:10889]
15:50:13.758 [Forwarding getElementText on session 14f61660-7bcc-4279-b6a3-7163a94e0626 to remote] DEBUG o.a.netty.request.NettyRequestSender - Using pooled Channel '[id: 0x7c68b8df, L:/127.0.0.1:64390 - R:localhost/127.0.0.1:10889]' for 'GET' to 'http://localhost:10889/session/14f61660-7bcc-4279-b6a3-7163a94e0626/element/6f4c91f5-4225-4353-bedb-75d56e14a13d/text'
15:50:13.758 [Forwarding getElementText on session 14f61660-7bcc-4279-b6a3-7163a94e0626 to remote] DEBUG o.a.netty.request.NettyRequestSender - Using open Channel [id: 0x7c68b8df, L:/127.0.0.1:64390 - R:localhost/127.0.0.1:10889] for GET '/session/14f61660-7bcc-4279-b6a3-7163a94e0626/element/6f4c91f5-4225-4353-bedb-75d56e14a13d/text'
15:50:13.765 [AsyncHttpClient-3-1] DEBUG o.a.netty.handler.HttpHandler - 

Request DefaultFullHttpRequest(decodeResult: success, version: HTTP/1.1, content: EmptyByteBufBE)
GET /session/14f61660-7bcc-4279-b6a3-7163a94e0626/element/6f4c91f5-4225-4353-bedb-75d56e14a13d/text HTTP/1.1
User-Agent: selenium/4.0.0-alpha-5 (java windows)
Cache-Control: no-cache
host: localhost:10889
accept: */*

Response DefaultHttpResponse(decodeResult: success, version: HTTP/1.1)
HTTP/1.1 200 OK
content-type: application/json; charset=utf-8
cache-control: no-cache
content-length: 57
date: Thu, 25 Jun 2020 12:50:13 GMT

15:50:13.765 [AsyncHttpClient-3-1] DEBUG o.a.netty.channel.ChannelManager - Adding key: http://localhost:10889 for channel [id: 0x7c68b8df, L:/127.0.0.1:64390 - R:localhost/127.0.0.1:10889]
15:50:13.766 [Forwarding findChildElement on session 14f61660-7bcc-4279-b6a3-7163a94e0626 to remote] DEBUG o.a.netty.request.NettyRequestSender - Using pooled Channel '[id: 0x7c68b8df, L:/127.0.0.1:64390 - R:localhost/127.0.0.1:10889]' for 'POST' to 'http://localhost:10889/session/14f61660-7bcc-4279-b6a3-7163a94e0626/element/d2bb047d-272f-43cd-94dd-c1c937dccff4/element'
15:50:13.766 [Forwarding findChildElement on session 14f61660-7bcc-4279-b6a3-7163a94e0626 to remote] DEBUG o.a.netty.request.NettyRequestSender - Using open Channel [id: 0x7c68b8df, L:/127.0.0.1:64390 - R:localhost/127.0.0.1:10889] for POST '/session/14f61660-7bcc-4279-b6a3-7163a94e0626/element/d2bb047d-272f-43cd-94dd-c1c937dccff4/element'
15:50:13.771 [AsyncHttpClient-3-1] DEBUG o.a.netty.handler.HttpHandler - 

Request DefaultHttpRequest(decodeResult: success, version: HTTP/1.1)
POST /session/14f61660-7bcc-4279-b6a3-7163a94e0626/element/d2bb047d-272f-43cd-94dd-c1c937dccff4/element HTTP/1.1
User-Agent: selenium/4.0.0-alpha-5 (java windows)
Content-Length: 97
Content-Type: application/json; charset=utf-8
host: localhost:10889
accept: */*

Response DefaultHttpResponse(decodeResult: success, version: HTTP/1.1)
HTTP/1.1 200 OK
content-type: application/json; charset=utf-8
cache-control: no-cache
content-length: 88
date: Thu, 25 Jun 2020 12:50:13 GMT

15:50:13.771 [AsyncHttpClient-3-1] DEBUG o.a.netty.channel.ChannelManager - Adding key: http://localhost:10889 for channel [id: 0x7c68b8df, L:/127.0.0.1:64390 - R:localhost/127.0.0.1:10889]
15:50:13.777 [Forwarding getElementAttribute on session 14f61660-7bcc-4279-b6a3-7163a94e0626 to remote] DEBUG o.a.netty.request.NettyRequestSender - Using pooled Channel '[id: 0x7c68b8df, L:/127.0.0.1:64390 - R:localhost/127.0.0.1:10889]' for 'POST' to 'http://localhost:10889/session/14f61660-7bcc-4279-b6a3-7163a94e0626/execute/sync'
15:50:13.777 [Forwarding getElementAttribute on session 14f61660-7bcc-4279-b6a3-7163a94e0626 to remote] DEBUG o.a.netty.request.NettyRequestSender - Using open Channel [id: 0x7c68b8df, L:/127.0.0.1:64390 - R:localhost/127.0.0.1:10889] for POST '/session/14f61660-7bcc-4279-b6a3-7163a94e0626/execute/sync'
15:50:13.790 [AsyncHttpClient-3-1] DEBUG o.a.netty.handler.HttpHandler - 

Request DefaultHttpRequest(decodeResult: success, version: HTTP/1.1)
POST /session/14f61660-7bcc-4279-b6a3-7163a94e0626/execute/sync HTTP/1.1
User-Agent: selenium/4.0.0-alpha-5 (java windows)
Content-Length: 39635
Content-Type: application/json; charset=utf-8
host: localhost:10889
accept: */*

Response DefaultHttpResponse(decodeResult: success, version: HTTP/1.1)
HTTP/1.1 200 OK
content-type: application/json; charset=utf-8
cache-control: no-cache
content-length: 15
date: Thu, 25 Jun 2020 12:50:13 GMT

15:50:13.790 [AsyncHttpClient-3-1] DEBUG o.a.netty.channel.ChannelManager - Adding key: http://localhost:10889 for channel [id: 0x7c68b8df, L:/127.0.0.1:64390 - R:localhost/127.0.0.1:10889]
15:50:13.791 [Forwarding findChildElement on session 14f61660-7bcc-4279-b6a3-7163a94e0626 to remote] DEBUG o.a.netty.request.NettyRequestSender - Using pooled Channel '[id: 0x7c68b8df, L:/127.0.0.1:64390 - R:localhost/127.0.0.1:10889]' for 'POST' to 'http://localhost:10889/session/14f61660-7bcc-4279-b6a3-7163a94e0626/element/c8f81f7b-da6e-4bda-ac7b-a944344a5f3e/element'
15:50:13.791 [Forwarding findChildElement on session 14f61660-7bcc-4279-b6a3-7163a94e0626 to remote] DEBUG o.a.netty.request.NettyRequestSender - Using open Channel [id: 0x7c68b8df, L:/127.0.0.1:64390 - R:localhost/127.0.0.1:10889] for POST '/session/14f61660-7bcc-4279-b6a3-7163a94e0626/element/c8f81f7b-da6e-4bda-ac7b-a944344a5f3e/element'
15:50:13.795 [AsyncHttpClient-3-1] DEBUG o.a.netty.handler.HttpHandler - 

Request DefaultHttpRequest(decodeResult: success, version: HTTP/1.1)
POST /session/14f61660-7bcc-4279-b6a3-7163a94e0626/element/c8f81f7b-da6e-4bda-ac7b-a944344a5f3e/element HTTP/1.1
User-Agent: selenium/4.0.0-alpha-5 (java windows)
Content-Length: 103
Content-Type: application/json; charset=utf-8
host: localhost:10889
accept: */*

Response DefaultHttpResponse(decodeResult: success, version: HTTP/1.1)
HTTP/1.1 200 OK
content-type: application/json; charset=utf-8
cache-control: no-cache
content-length: 88
date: Thu, 25 Jun 2020 12:50:13 GMT

15:50:13.795 [AsyncHttpClient-3-1] DEBUG o.a.netty.channel.ChannelManager - Adding key: http://localhost:10889 for channel [id: 0x7c68b8df, L:/127.0.0.1:64390 - R:localhost/127.0.0.1:10889]
15:50:13.795 [Forwarding getElementText on session 14f61660-7bcc-4279-b6a3-7163a94e0626 to remote] DEBUG o.a.netty.request.NettyRequestSender - Using pooled Channel '[id: 0x7c68b8df, L:/127.0.0.1:64390 - R:localhost/127.0.0.1:10889]' for 'GET' to 'http://localhost:10889/session/14f61660-7bcc-4279-b6a3-7163a94e0626/element/5441196b-2ee1-4f26-b17c-61a1177d2dea/text'
15:50:13.795 [Forwarding getElementText on session 14f61660-7bcc-4279-b6a3-7163a94e0626 to remote] DEBUG o.a.netty.request.NettyRequestSender - Using open Channel [id: 0x7c68b8df, L:/127.0.0.1:64390 - R:localhost/127.0.0.1:10889] for GET '/session/14f61660-7bcc-4279-b6a3-7163a94e0626/element/5441196b-2ee1-4f26-b17c-61a1177d2dea/text'
15:50:13.800 [AsyncHttpClient-3-1] DEBUG o.a.netty.handler.HttpHandler - 

Request DefaultFullHttpRequest(decodeResult: success, version: HTTP/1.1, content: EmptyByteBufBE)
GET /session/14f61660-7bcc-4279-b6a3-7163a94e0626/element/5441196b-2ee1-4f26-b17c-61a1177d2dea/text HTTP/1.1
User-Agent: selenium/4.0.0-alpha-5 (java windows)
Cache-Control: no-cache
host: localhost:10889
accept: */*

Response DefaultHttpResponse(decodeResult: success, version: HTTP/1.1)
HTTP/1.1 200 OK
content-type: application/json; charset=utf-8
cache-control: no-cache
content-length: 18
date: Thu, 25 Jun 2020 12:50:13 GMT

15:50:13.800 [AsyncHttpClient-3-1] DEBUG o.a.netty.channel.ChannelManager - Adding key: http://localhost:10889 for channel [id: 0x7c68b8df, L:/127.0.0.1:64390 - R:localhost/127.0.0.1:10889]
15:50:13.800 [Forwarding findChildElement on session 14f61660-7bcc-4279-b6a3-7163a94e0626 to remote] DEBUG o.a.netty.request.NettyRequestSender - Using pooled Channel '[id: 0x7c68b8df, L:/127.0.0.1:64390 - R:localhost/127.0.0.1:10889]' for 'POST' to 'http://localhost:10889/session/14f61660-7bcc-4279-b6a3-7163a94e0626/element/c8f81f7b-da6e-4bda-ac7b-a944344a5f3e/element'
15:50:13.800 [Forwarding findChildElement on session 14f61660-7bcc-4279-b6a3-7163a94e0626 to remote] DEBUG o.a.netty.request.NettyRequestSender - Using open Channel [id: 0x7c68b8df, L:/127.0.0.1:64390 - R:localhost/127.0.0.1:10889] for POST '/session/14f61660-7bcc-4279-b6a3-7163a94e0626/element/c8f81f7b-da6e-4bda-ac7b-a944344a5f3e/element'
15:50:13.803 [AsyncHttpClient-3-1] DEBUG o.a.netty.handler.HttpHandler - 

Request DefaultHttpRequest(decodeResult: success, version: HTTP/1.1)
POST /session/14f61660-7bcc-4279-b6a3-7163a94e0626/element/c8f81f7b-da6e-4bda-ac7b-a944344a5f3e/element HTTP/1.1
User-Agent: selenium/4.0.0-alpha-5 (java windows)
Content-Length: 103
Content-Type: application/json; charset=utf-8
host: localhost:10889
accept: */*

Response DefaultHttpResponse(decodeResult: success, version: HTTP/1.1)
HTTP/1.1 200 OK
content-type: application/json; charset=utf-8
cache-control: no-cache
content-length: 88
date: Thu, 25 Jun 2020 12:50:13 GMT

15:50:13.804 [AsyncHttpClient-3-1] DEBUG o.a.netty.channel.ChannelManager - Adding key: http://localhost:10889 for channel [id: 0x7c68b8df, L:/127.0.0.1:64390 - R:localhost/127.0.0.1:10889]
15:50:13.804 [Forwarding getElementText on session 14f61660-7bcc-4279-b6a3-7163a94e0626 to remote] DEBUG o.a.netty.request.NettyRequestSender - Using pooled Channel '[id: 0x7c68b8df, L:/127.0.0.1:64390 - R:localhost/127.0.0.1:10889]' for 'GET' to 'http://localhost:10889/session/14f61660-7bcc-4279-b6a3-7163a94e0626/element/9db807ae-4400-4a6f-9ccf-a9fd828da29f/text'
15:50:13.804 [Forwarding getElementText on session 14f61660-7bcc-4279-b6a3-7163a94e0626 to remote] DEBUG o.a.netty.request.NettyRequestSender - Using open Channel [id: 0x7c68b8df, L:/127.0.0.1:64390 - R:localhost/127.0.0.1:10889] for GET '/session/14f61660-7bcc-4279-b6a3-7163a94e0626/element/9db807ae-4400-4a6f-9ccf-a9fd828da29f/text'
15:50:13.808 [AsyncHttpClient-3-1] DEBUG o.a.netty.handler.HttpHandler - 

Request DefaultFullHttpRequest(decodeResult: success, version: HTTP/1.1, content: EmptyByteBufBE)
GET /session/14f61660-7bcc-4279-b6a3-7163a94e0626/element/9db807ae-4400-4a6f-9ccf-a9fd828da29f/text HTTP/1.1
User-Agent: selenium/4.0.0-alpha-5 (java windows)
Cache-Control: no-cache
host: localhost:10889
accept: */*

Response DefaultHttpResponse(decodeResult: success, version: HTTP/1.1)
HTTP/1.1 200 OK
content-type: application/json; charset=utf-8
cache-control: no-cache
content-length: 22
date: Thu, 25 Jun 2020 12:50:13 GMT

15:50:13.808 [AsyncHttpClient-3-1] DEBUG o.a.netty.channel.ChannelManager - Adding key: http://localhost:10889 for channel [id: 0x7c68b8df, L:/127.0.0.1:64390 - R:localhost/127.0.0.1:10889]
15:50:13.809 [Forwarding findChildElement on session 14f61660-7bcc-4279-b6a3-7163a94e0626 to remote] DEBUG o.a.netty.request.NettyRequestSender - Using pooled Channel '[id: 0x7c68b8df, L:/127.0.0.1:64390 - R:localhost/127.0.0.1:10889]' for 'POST' to 'http://localhost:10889/session/14f61660-7bcc-4279-b6a3-7163a94e0626/element/c8f81f7b-da6e-4bda-ac7b-a944344a5f3e/element'
15:50:13.809 [Forwarding findChildElement on session 14f61660-7bcc-4279-b6a3-7163a94e0626 to remote] DEBUG o.a.netty.request.NettyRequestSender - Using open Channel [id: 0x7c68b8df, L:/127.0.0.1:64390 - R:localhost/127.0.0.1:10889] for POST '/session/14f61660-7bcc-4279-b6a3-7163a94e0626/element/c8f81f7b-da6e-4bda-ac7b-a944344a5f3e/element'
15:50:13.812 [AsyncHttpClient-3-1] DEBUG o.a.netty.handler.HttpHandler - 

Request DefaultHttpRequest(decodeResult: success, version: HTTP/1.1)
POST /session/14f61660-7bcc-4279-b6a3-7163a94e0626/element/c8f81f7b-da6e-4bda-ac7b-a944344a5f3e/element HTTP/1.1
User-Agent: selenium/4.0.0-alpha-5 (java windows)
Content-Length: 103
Content-Type: application/json; charset=utf-8
host: localhost:10889
accept: */*

Response DefaultHttpResponse(decodeResult: success, version: HTTP/1.1)
HTTP/1.1 200 OK
content-type: application/json; charset=utf-8
cache-control: no-cache
content-length: 88
date: Thu, 25 Jun 2020 12:50:13 GMT

15:50:13.813 [AsyncHttpClient-3-1] DEBUG o.a.netty.channel.ChannelManager - Adding key: http://localhost:10889 for channel [id: 0x7c68b8df, L:/127.0.0.1:64390 - R:localhost/127.0.0.1:10889]
15:50:13.813 [Forwarding getElementText on session 14f61660-7bcc-4279-b6a3-7163a94e0626 to remote] DEBUG o.a.netty.request.NettyRequestSender - Using pooled Channel '[id: 0x7c68b8df, L:/127.0.0.1:64390 - R:localhost/127.0.0.1:10889]' for 'GET' to 'http://localhost:10889/session/14f61660-7bcc-4279-b6a3-7163a94e0626/element/521f2d32-19a0-4766-89c9-a83c8cca5c2d/text'
15:50:13.813 [Forwarding getElementText on session 14f61660-7bcc-4279-b6a3-7163a94e0626 to remote] DEBUG o.a.netty.request.NettyRequestSender - Using open Channel [id: 0x7c68b8df, L:/127.0.0.1:64390 - R:localhost/127.0.0.1:10889] for GET '/session/14f61660-7bcc-4279-b6a3-7163a94e0626/element/521f2d32-19a0-4766-89c9-a83c8cca5c2d/text'
15:50:13.817 [AsyncHttpClient-3-1] DEBUG o.a.netty.handler.HttpHandler - 

Request DefaultFullHttpRequest(decodeResult: success, version: HTTP/1.1, content: EmptyByteBufBE)
GET /session/14f61660-7bcc-4279-b6a3-7163a94e0626/element/521f2d32-19a0-4766-89c9-a83c8cca5c2d/text HTTP/1.1
User-Agent: selenium/4.0.0-alpha-5 (java windows)
Cache-Control: no-cache
host: localhost:10889
accept: */*

Response DefaultHttpResponse(decodeResult: success, version: HTTP/1.1)
HTTP/1.1 200 OK
content-type: application/json; charset=utf-8
cache-control: no-cache
content-length: 21
date: Thu, 25 Jun 2020 12:50:13 GMT

15:50:13.818 [AsyncHttpClient-3-1] DEBUG o.a.netty.channel.ChannelManager - Adding key: http://localhost:10889 for channel [id: 0x7c68b8df, L:/127.0.0.1:64390 - R:localhost/127.0.0.1:10889]
15:50:13.818 [Forwarding findChildElement on session 14f61660-7bcc-4279-b6a3-7163a94e0626 to remote] DEBUG o.a.netty.request.NettyRequestSender - Using pooled Channel '[id: 0x7c68b8df, L:/127.0.0.1:64390 - R:localhost/127.0.0.1:10889]' for 'POST' to 'http://localhost:10889/session/14f61660-7bcc-4279-b6a3-7163a94e0626/element/c8f81f7b-da6e-4bda-ac7b-a944344a5f3e/element'
15:50:13.818 [Forwarding findChildElement on session 14f61660-7bcc-4279-b6a3-7163a94e0626 to remote] DEBUG o.a.netty.request.NettyRequestSender - Using open Channel [id: 0x7c68b8df, L:/127.0.0.1:64390 - R:localhost/127.0.0.1:10889] for POST '/session/14f61660-7bcc-4279-b6a3-7163a94e0626/element/c8f81f7b-da6e-4bda-ac7b-a944344a5f3e/element'
15:50:13.822 [AsyncHttpClient-3-1] DEBUG o.a.netty.handler.HttpHandler - 

Request DefaultHttpRequest(decodeResult: success, version: HTTP/1.1)
POST /session/14f61660-7bcc-4279-b6a3-7163a94e0626/element/c8f81f7b-da6e-4bda-ac7b-a944344a5f3e/element HTTP/1.1
User-Agent: selenium/4.0.0-alpha-5 (java windows)
Content-Length: 103
Content-Type: application/json; charset=utf-8
host: localhost:10889
accept: */*

Response DefaultHttpResponse(decodeResult: success, version: HTTP/1.1)
HTTP/1.1 200 OK
content-type: application/json; charset=utf-8
cache-control: no-cache
content-length: 88
date: Thu, 25 Jun 2020 12:50:13 GMT

15:50:13.822 [AsyncHttpClient-3-1] DEBUG o.a.netty.channel.ChannelManager - Adding key: http://localhost:10889 for channel [id: 0x7c68b8df, L:/127.0.0.1:64390 - R:localhost/127.0.0.1:10889]
15:50:13.823 [Forwarding getElementText on session 14f61660-7bcc-4279-b6a3-7163a94e0626 to remote] DEBUG o.a.netty.request.NettyRequestSender - Using pooled Channel '[id: 0x7c68b8df, L:/127.0.0.1:64390 - R:localhost/127.0.0.1:10889]' for 'GET' to 'http://localhost:10889/session/14f61660-7bcc-4279-b6a3-7163a94e0626/element/93687abd-e8bb-45df-bac2-c5782be77e1d/text'
15:50:13.823 [Forwarding getElementText on session 14f61660-7bcc-4279-b6a3-7163a94e0626 to remote] DEBUG o.a.netty.request.NettyRequestSender - Using open Channel [id: 0x7c68b8df, L:/127.0.0.1:64390 - R:localhost/127.0.0.1:10889] for GET '/session/14f61660-7bcc-4279-b6a3-7163a94e0626/element/93687abd-e8bb-45df-bac2-c5782be77e1d/text'
15:50:13.827 [AsyncHttpClient-3-1] DEBUG o.a.netty.handler.HttpHandler - 

Request DefaultFullHttpRequest(decodeResult: success, version: HTTP/1.1, content: EmptyByteBufBE)
GET /session/14f61660-7bcc-4279-b6a3-7163a94e0626/element/93687abd-e8bb-45df-bac2-c5782be77e1d/text HTTP/1.1
User-Agent: selenium/4.0.0-alpha-5 (java windows)
Cache-Control: no-cache
host: localhost:10889
accept: */*

Response DefaultHttpResponse(decodeResult: success, version: HTTP/1.1)
HTTP/1.1 200 OK
content-type: application/json; charset=utf-8
cache-control: no-cache
content-length: 45
date: Thu, 25 Jun 2020 12:50:13 GMT

15:50:13.827 [AsyncHttpClient-3-1] DEBUG o.a.netty.channel.ChannelManager - Adding key: http://localhost:10889 for channel [id: 0x7c68b8df, L:/127.0.0.1:64390 - R:localhost/127.0.0.1:10889]
15:50:13.828 [Forwarding findChildElement on session 14f61660-7bcc-4279-b6a3-7163a94e0626 to remote] DEBUG o.a.netty.request.NettyRequestSender - Using pooled Channel '[id: 0x7c68b8df, L:/127.0.0.1:64390 - R:localhost/127.0.0.1:10889]' for 'POST' to 'http://localhost:10889/session/14f61660-7bcc-4279-b6a3-7163a94e0626/element/c8f81f7b-da6e-4bda-ac7b-a944344a5f3e/element'
15:50:13.828 [Forwarding findChildElement on session 14f61660-7bcc-4279-b6a3-7163a94e0626 to remote] DEBUG o.a.netty.request.NettyRequestSender - Using open Channel [id: 0x7c68b8df, L:/127.0.0.1:64390 - R:localhost/127.0.0.1:10889] for POST '/session/14f61660-7bcc-4279-b6a3-7163a94e0626/element/c8f81f7b-da6e-4bda-ac7b-a944344a5f3e/element'
15:50:13.832 [AsyncHttpClient-3-1] DEBUG o.a.netty.handler.HttpHandler - 

Request DefaultHttpRequest(decodeResult: success, version: HTTP/1.1)
POST /session/14f61660-7bcc-4279-b6a3-7163a94e0626/element/c8f81f7b-da6e-4bda-ac7b-a944344a5f3e/element HTTP/1.1
User-Agent: selenium/4.0.0-alpha-5 (java windows)
Content-Length: 103
Content-Type: application/json; charset=utf-8
host: localhost:10889
accept: */*

Response DefaultHttpResponse(decodeResult: success, version: HTTP/1.1)
HTTP/1.1 200 OK
content-type: application/json; charset=utf-8
cache-control: no-cache
content-length: 88
date: Thu, 25 Jun 2020 12:50:13 GMT

15:50:13.832 [AsyncHttpClient-3-1] DEBUG o.a.netty.channel.ChannelManager - Adding key: http://localhost:10889 for channel [id: 0x7c68b8df, L:/127.0.0.1:64390 - R:localhost/127.0.0.1:10889]
15:50:13.832 [Forwarding getElementText on session 14f61660-7bcc-4279-b6a3-7163a94e0626 to remote] DEBUG o.a.netty.request.NettyRequestSender - Using pooled Channel '[id: 0x7c68b8df, L:/127.0.0.1:64390 - R:localhost/127.0.0.1:10889]' for 'GET' to 'http://localhost:10889/session/14f61660-7bcc-4279-b6a3-7163a94e0626/element/fa4725ac-918d-42d4-bb76-8286840b3800/text'
15:50:13.832 [Forwarding getElementText on session 14f61660-7bcc-4279-b6a3-7163a94e0626 to remote] DEBUG o.a.netty.request.NettyRequestSender - Using open Channel [id: 0x7c68b8df, L:/127.0.0.1:64390 - R:localhost/127.0.0.1:10889] for GET '/session/14f61660-7bcc-4279-b6a3-7163a94e0626/element/fa4725ac-918d-42d4-bb76-8286840b3800/text'
15:50:13.839 [AsyncHttpClient-3-1] DEBUG o.a.netty.handler.HttpHandler - 

Request DefaultFullHttpRequest(decodeResult: success, version: HTTP/1.1, content: EmptyByteBufBE)
GET /session/14f61660-7bcc-4279-b6a3-7163a94e0626/element/fa4725ac-918d-42d4-bb76-8286840b3800/text HTTP/1.1
User-Agent: selenium/4.0.0-alpha-5 (java windows)
Cache-Control: no-cache
host: localhost:10889
accept: */*

Response DefaultHttpResponse(decodeResult: success, version: HTTP/1.1)
HTTP/1.1 200 OK
content-type: application/json; charset=utf-8
cache-control: no-cache
content-length: 57
date: Thu, 25 Jun 2020 12:50:13 GMT

15:50:13.839 [AsyncHttpClient-3-1] DEBUG o.a.netty.channel.ChannelManager - Adding key: http://localhost:10889 for channel [id: 0x7c68b8df, L:/127.0.0.1:64390 - R:localhost/127.0.0.1:10889]
15:50:13.840 [Forwarding findChildElement on session 14f61660-7bcc-4279-b6a3-7163a94e0626 to remote] DEBUG o.a.netty.request.NettyRequestSender - Using pooled Channel '[id: 0x7c68b8df, L:/127.0.0.1:64390 - R:localhost/127.0.0.1:10889]' for 'POST' to 'http://localhost:10889/session/14f61660-7bcc-4279-b6a3-7163a94e0626/element/c8f81f7b-da6e-4bda-ac7b-a944344a5f3e/element'
15:50:13.840 [Forwarding findChildElement on session 14f61660-7bcc-4279-b6a3-7163a94e0626 to remote] DEBUG o.a.netty.request.NettyRequestSender - Using open Channel [id: 0x7c68b8df, L:/127.0.0.1:64390 - R:localhost/127.0.0.1:10889] for POST '/session/14f61660-7bcc-4279-b6a3-7163a94e0626/element/c8f81f7b-da6e-4bda-ac7b-a944344a5f3e/element'
15:50:13.843 [AsyncHttpClient-3-1] DEBUG o.a.netty.handler.HttpHandler - 

Request DefaultHttpRequest(decodeResult: success, version: HTTP/1.1)
POST /session/14f61660-7bcc-4279-b6a3-7163a94e0626/element/c8f81f7b-da6e-4bda-ac7b-a944344a5f3e/element HTTP/1.1
User-Agent: selenium/4.0.0-alpha-5 (java windows)
Content-Length: 97
Content-Type: application/json; charset=utf-8
host: localhost:10889
accept: */*

Response DefaultHttpResponse(decodeResult: success, version: HTTP/1.1)
HTTP/1.1 200 OK
content-type: application/json; charset=utf-8
cache-control: no-cache
content-length: 88
date: Thu, 25 Jun 2020 12:50:13 GMT

15:50:13.843 [AsyncHttpClient-3-1] DEBUG o.a.netty.channel.ChannelManager - Adding key: http://localhost:10889 for channel [id: 0x7c68b8df, L:/127.0.0.1:64390 - R:localhost/127.0.0.1:10889]
15:50:13.846 [Forwarding getElementAttribute on session 14f61660-7bcc-4279-b6a3-7163a94e0626 to remote] DEBUG o.a.netty.request.NettyRequestSender - Using pooled Channel '[id: 0x7c68b8df, L:/127.0.0.1:64390 - R:localhost/127.0.0.1:10889]' for 'POST' to 'http://localhost:10889/session/14f61660-7bcc-4279-b6a3-7163a94e0626/execute/sync'
15:50:13.846 [Forwarding getElementAttribute on session 14f61660-7bcc-4279-b6a3-7163a94e0626 to remote] DEBUG o.a.netty.request.NettyRequestSender - Using open Channel [id: 0x7c68b8df, L:/127.0.0.1:64390 - R:localhost/127.0.0.1:10889] for POST '/session/14f61660-7bcc-4279-b6a3-7163a94e0626/execute/sync'
15:50:13.858 [AsyncHttpClient-3-1] DEBUG o.a.netty.handler.HttpHandler - 

Request DefaultHttpRequest(decodeResult: success, version: HTTP/1.1)
POST /session/14f61660-7bcc-4279-b6a3-7163a94e0626/execute/sync HTTP/1.1
User-Agent: selenium/4.0.0-alpha-5 (java windows)
Content-Length: 39635
Content-Type: application/json; charset=utf-8
host: localhost:10889
accept: */*

Response DefaultHttpResponse(decodeResult: success, version: HTTP/1.1)
HTTP/1.1 200 OK
content-type: application/json; charset=utf-8
cache-control: no-cache
content-length: 15
date: Thu, 25 Jun 2020 12:50:13 GMT

15:50:13.858 [AsyncHttpClient-3-1] DEBUG o.a.netty.channel.ChannelManager - Adding key: http://localhost:10889 for channel [id: 0x7c68b8df, L:/127.0.0.1:64390 - R:localhost/127.0.0.1:10889]
15:50:13.859 [Forwarding findChildElement on session 14f61660-7bcc-4279-b6a3-7163a94e0626 to remote] DEBUG o.a.netty.request.NettyRequestSender - Using pooled Channel '[id: 0x7c68b8df, L:/127.0.0.1:64390 - R:localhost/127.0.0.1:10889]' for 'POST' to 'http://localhost:10889/session/14f61660-7bcc-4279-b6a3-7163a94e0626/element/d6ed5eb4-c2c3-4412-ad2e-d2befa4ffc21/element'
15:50:13.859 [Forwarding findChildElement on session 14f61660-7bcc-4279-b6a3-7163a94e0626 to remote] DEBUG o.a.netty.request.NettyRequestSender - Using open Channel [id: 0x7c68b8df, L:/127.0.0.1:64390 - R:localhost/127.0.0.1:10889] for POST '/session/14f61660-7bcc-4279-b6a3-7163a94e0626/element/d6ed5eb4-c2c3-4412-ad2e-d2befa4ffc21/element'
15:50:13.862 [AsyncHttpClient-3-1] DEBUG o.a.netty.handler.HttpHandler - 

Request DefaultHttpRequest(decodeResult: success, version: HTTP/1.1)
POST /session/14f61660-7bcc-4279-b6a3-7163a94e0626/element/d6ed5eb4-c2c3-4412-ad2e-d2befa4ffc21/element HTTP/1.1
User-Agent: selenium/4.0.0-alpha-5 (java windows)
Content-Length: 103
Content-Type: application/json; charset=utf-8
host: localhost:10889
accept: */*

Response DefaultHttpResponse(decodeResult: success, version: HTTP/1.1)
HTTP/1.1 200 OK
content-type: application/json; charset=utf-8
cache-control: no-cache
content-length: 88
date: Thu, 25 Jun 2020 12:50:13 GMT

15:50:13.862 [AsyncHttpClient-3-1] DEBUG o.a.netty.channel.ChannelManager - Adding key: http://localhost:10889 for channel [id: 0x7c68b8df, L:/127.0.0.1:64390 - R:localhost/127.0.0.1:10889]
15:50:13.862 [Forwarding getElementText on session 14f61660-7bcc-4279-b6a3-7163a94e0626 to remote] DEBUG o.a.netty.request.NettyRequestSender - Using pooled Channel '[id: 0x7c68b8df, L:/127.0.0.1:64390 - R:localhost/127.0.0.1:10889]' for 'GET' to 'http://localhost:10889/session/14f61660-7bcc-4279-b6a3-7163a94e0626/element/ae5ce4b9-5e6d-479b-98b8-efb76d7dcba8/text'
15:50:13.863 [Forwarding getElementText on session 14f61660-7bcc-4279-b6a3-7163a94e0626 to remote] DEBUG o.a.netty.request.NettyRequestSender - Using open Channel [id: 0x7c68b8df, L:/127.0.0.1:64390 - R:localhost/127.0.0.1:10889] for GET '/session/14f61660-7bcc-4279-b6a3-7163a94e0626/element/ae5ce4b9-5e6d-479b-98b8-efb76d7dcba8/text'
15:50:13.866 [AsyncHttpClient-3-1] DEBUG o.a.netty.handler.HttpHandler - 

Request DefaultFullHttpRequest(decodeResult: success, version: HTTP/1.1, content: EmptyByteBufBE)
GET /session/14f61660-7bcc-4279-b6a3-7163a94e0626/element/ae5ce4b9-5e6d-479b-98b8-efb76d7dcba8/text HTTP/1.1
User-Agent: selenium/4.0.0-alpha-5 (java windows)
Cache-Control: no-cache
host: localhost:10889
accept: */*

Response DefaultHttpResponse(decodeResult: success, version: HTTP/1.1)
HTTP/1.1 200 OK
content-type: application/json; charset=utf-8
cache-control: no-cache
content-length: 18
date: Thu, 25 Jun 2020 12:50:13 GMT

15:50:13.867 [AsyncHttpClient-3-1] DEBUG o.a.netty.channel.ChannelManager - Adding key: http://localhost:10889 for channel [id: 0x7c68b8df, L:/127.0.0.1:64390 - R:localhost/127.0.0.1:10889]
15:50:13.867 [Forwarding findChildElement on session 14f61660-7bcc-4279-b6a3-7163a94e0626 to remote] DEBUG o.a.netty.request.NettyRequestSender - Using pooled Channel '[id: 0x7c68b8df, L:/127.0.0.1:64390 - R:localhost/127.0.0.1:10889]' for 'POST' to 'http://localhost:10889/session/14f61660-7bcc-4279-b6a3-7163a94e0626/element/d6ed5eb4-c2c3-4412-ad2e-d2befa4ffc21/element'
15:50:13.867 [Forwarding findChildElement on session 14f61660-7bcc-4279-b6a3-7163a94e0626 to remote] DEBUG o.a.netty.request.NettyRequestSender - Using open Channel [id: 0x7c68b8df, L:/127.0.0.1:64390 - R:localhost/127.0.0.1:10889] for POST '/session/14f61660-7bcc-4279-b6a3-7163a94e0626/element/d6ed5eb4-c2c3-4412-ad2e-d2befa4ffc21/element'
15:50:13.870 [AsyncHttpClient-3-1] DEBUG o.a.netty.handler.HttpHandler - 

Request DefaultHttpRequest(decodeResult: success, version: HTTP/1.1)
POST /session/14f61660-7bcc-4279-b6a3-7163a94e0626/element/d6ed5eb4-c2c3-4412-ad2e-d2befa4ffc21/element HTTP/1.1
User-Agent: selenium/4.0.0-alpha-5 (java windows)
Content-Length: 103
Content-Type: application/json; charset=utf-8
host: localhost:10889
accept: */*

Response DefaultHttpResponse(decodeResult: success, version: HTTP/1.1)
HTTP/1.1 200 OK
content-type: application/json; charset=utf-8
cache-control: no-cache
content-length: 88
date: Thu, 25 Jun 2020 12:50:13 GMT

15:50:13.871 [AsyncHttpClient-3-1] DEBUG o.a.netty.channel.ChannelManager - Adding key: http://localhost:10889 for channel [id: 0x7c68b8df, L:/127.0.0.1:64390 - R:localhost/127.0.0.1:10889]
15:50:13.871 [Forwarding getElementText on session 14f61660-7bcc-4279-b6a3-7163a94e0626 to remote] DEBUG o.a.netty.request.NettyRequestSender - Using pooled Channel '[id: 0x7c68b8df, L:/127.0.0.1:64390 - R:localhost/127.0.0.1:10889]' for 'GET' to 'http://localhost:10889/session/14f61660-7bcc-4279-b6a3-7163a94e0626/element/98b51d94-92c5-44b2-9620-106ce7c76e56/text'
15:50:13.871 [Forwarding getElementText on session 14f61660-7bcc-4279-b6a3-7163a94e0626 to remote] DEBUG o.a.netty.request.NettyRequestSender - Using open Channel [id: 0x7c68b8df, L:/127.0.0.1:64390 - R:localhost/127.0.0.1:10889] for GET '/session/14f61660-7bcc-4279-b6a3-7163a94e0626/element/98b51d94-92c5-44b2-9620-106ce7c76e56/text'
15:50:13.875 [AsyncHttpClient-3-1] DEBUG o.a.netty.handler.HttpHandler - 

Request DefaultFullHttpRequest(decodeResult: success, version: HTTP/1.1, content: EmptyByteBufBE)
GET /session/14f61660-7bcc-4279-b6a3-7163a94e0626/element/98b51d94-92c5-44b2-9620-106ce7c76e56/text HTTP/1.1
User-Agent: selenium/4.0.0-alpha-5 (java windows)
Cache-Control: no-cache
host: localhost:10889
accept: */*

Response DefaultHttpResponse(decodeResult: success, version: HTTP/1.1)
HTTP/1.1 200 OK
content-type: application/json; charset=utf-8
cache-control: no-cache
content-length: 22
date: Thu, 25 Jun 2020 12:50:13 GMT

15:50:13.875 [AsyncHttpClient-3-1] DEBUG o.a.netty.channel.ChannelManager - Adding key: http://localhost:10889 for channel [id: 0x7c68b8df, L:/127.0.0.1:64390 - R:localhost/127.0.0.1:10889]
15:50:13.875 [Forwarding findChildElement on session 14f61660-7bcc-4279-b6a3-7163a94e0626 to remote] DEBUG o.a.netty.request.NettyRequestSender - Using pooled Channel '[id: 0x7c68b8df, L:/127.0.0.1:64390 - R:localhost/127.0.0.1:10889]' for 'POST' to 'http://localhost:10889/session/14f61660-7bcc-4279-b6a3-7163a94e0626/element/d6ed5eb4-c2c3-4412-ad2e-d2befa4ffc21/element'
15:50:13.876 [Forwarding findChildElement on session 14f61660-7bcc-4279-b6a3-7163a94e0626 to remote] DEBUG o.a.netty.request.NettyRequestSender - Using open Channel [id: 0x7c68b8df, L:/127.0.0.1:64390 - R:localhost/127.0.0.1:10889] for POST '/session/14f61660-7bcc-4279-b6a3-7163a94e0626/element/d6ed5eb4-c2c3-4412-ad2e-d2befa4ffc21/element'
15:50:13.879 [AsyncHttpClient-3-1] DEBUG o.a.netty.handler.HttpHandler - 

Request DefaultHttpRequest(decodeResult: success, version: HTTP/1.1)
POST /session/14f61660-7bcc-4279-b6a3-7163a94e0626/element/d6ed5eb4-c2c3-4412-ad2e-d2befa4ffc21/element HTTP/1.1
User-Agent: selenium/4.0.0-alpha-5 (java windows)
Content-Length: 103
Content-Type: application/json; charset=utf-8
host: localhost:10889
accept: */*

Response DefaultHttpResponse(decodeResult: success, version: HTTP/1.1)
HTTP/1.1 200 OK
content-type: application/json; charset=utf-8
cache-control: no-cache
content-length: 88
date: Thu, 25 Jun 2020 12:50:13 GMT

15:50:13.879 [AsyncHttpClient-3-1] DEBUG o.a.netty.channel.ChannelManager - Adding key: http://localhost:10889 for channel [id: 0x7c68b8df, L:/127.0.0.1:64390 - R:localhost/127.0.0.1:10889]
15:50:13.880 [Forwarding getElementText on session 14f61660-7bcc-4279-b6a3-7163a94e0626 to remote] DEBUG o.a.netty.request.NettyRequestSender - Using pooled Channel '[id: 0x7c68b8df, L:/127.0.0.1:64390 - R:localhost/127.0.0.1:10889]' for 'GET' to 'http://localhost:10889/session/14f61660-7bcc-4279-b6a3-7163a94e0626/element/d745c049-b690-41bb-b075-7b94efddeccd/text'
15:50:13.880 [Forwarding getElementText on session 14f61660-7bcc-4279-b6a3-7163a94e0626 to remote] DEBUG o.a.netty.request.NettyRequestSender - Using open Channel [id: 0x7c68b8df, L:/127.0.0.1:64390 - R:localhost/127.0.0.1:10889] for GET '/session/14f61660-7bcc-4279-b6a3-7163a94e0626/element/d745c049-b690-41bb-b075-7b94efddeccd/text'
15:50:13.884 [AsyncHttpClient-3-1] DEBUG o.a.netty.handler.HttpHandler - 

Request DefaultFullHttpRequest(decodeResult: success, version: HTTP/1.1, content: EmptyByteBufBE)
GET /session/14f61660-7bcc-4279-b6a3-7163a94e0626/element/d745c049-b690-41bb-b075-7b94efddeccd/text HTTP/1.1
User-Agent: selenium/4.0.0-alpha-5 (java windows)
Cache-Control: no-cache
host: localhost:10889
accept: */*

Response DefaultHttpResponse(decodeResult: success, version: HTTP/1.1)
HTTP/1.1 200 OK
content-type: application/json; charset=utf-8
cache-control: no-cache
content-length: 21
date: Thu, 25 Jun 2020 12:50:13 GMT

15:50:13.884 [AsyncHttpClient-3-1] DEBUG o.a.netty.channel.ChannelManager - Adding key: http://localhost:10889 for channel [id: 0x7c68b8df, L:/127.0.0.1:64390 - R:localhost/127.0.0.1:10889]
15:50:13.885 [Forwarding findChildElement on session 14f61660-7bcc-4279-b6a3-7163a94e0626 to remote] DEBUG o.a.netty.request.NettyRequestSender - Using pooled Channel '[id: 0x7c68b8df, L:/127.0.0.1:64390 - R:localhost/127.0.0.1:10889]' for 'POST' to 'http://localhost:10889/session/14f61660-7bcc-4279-b6a3-7163a94e0626/element/d6ed5eb4-c2c3-4412-ad2e-d2befa4ffc21/element'
15:50:13.885 [Forwarding findChildElement on session 14f61660-7bcc-4279-b6a3-7163a94e0626 to remote] DEBUG o.a.netty.request.NettyRequestSender - Using open Channel [id: 0x7c68b8df, L:/127.0.0.1:64390 - R:localhost/127.0.0.1:10889] for POST '/session/14f61660-7bcc-4279-b6a3-7163a94e0626/element/d6ed5eb4-c2c3-4412-ad2e-d2befa4ffc21/element'
15:50:13.889 [AsyncHttpClient-3-1] DEBUG o.a.netty.handler.HttpHandler - 

Request DefaultHttpRequest(decodeResult: success, version: HTTP/1.1)
POST /session/14f61660-7bcc-4279-b6a3-7163a94e0626/element/d6ed5eb4-c2c3-4412-ad2e-d2befa4ffc21/element HTTP/1.1
User-Agent: selenium/4.0.0-alpha-5 (java windows)
Content-Length: 103
Content-Type: application/json; charset=utf-8
host: localhost:10889
accept: */*

Response DefaultHttpResponse(decodeResult: success, version: HTTP/1.1)
HTTP/1.1 200 OK
content-type: application/json; charset=utf-8
cache-control: no-cache
content-length: 88
date: Thu, 25 Jun 2020 12:50:13 GMT

15:50:13.889 [AsyncHttpClient-3-1] DEBUG o.a.netty.channel.ChannelManager - Adding key: http://localhost:10889 for channel [id: 0x7c68b8df, L:/127.0.0.1:64390 - R:localhost/127.0.0.1:10889]
15:50:13.889 [Forwarding getElementText on session 14f61660-7bcc-4279-b6a3-7163a94e0626 to remote] DEBUG o.a.netty.request.NettyRequestSender - Using pooled Channel '[id: 0x7c68b8df, L:/127.0.0.1:64390 - R:localhost/127.0.0.1:10889]' for 'GET' to 'http://localhost:10889/session/14f61660-7bcc-4279-b6a3-7163a94e0626/element/1a7ce8a7-1daf-4566-8c54-8a4311df7aa6/text'
15:50:13.889 [Forwarding getElementText on session 14f61660-7bcc-4279-b6a3-7163a94e0626 to remote] DEBUG o.a.netty.request.NettyRequestSender - Using open Channel [id: 0x7c68b8df, L:/127.0.0.1:64390 - R:localhost/127.0.0.1:10889] for GET '/session/14f61660-7bcc-4279-b6a3-7163a94e0626/element/1a7ce8a7-1daf-4566-8c54-8a4311df7aa6/text'
15:50:13.893 [AsyncHttpClient-3-1] DEBUG o.a.netty.handler.HttpHandler - 

Request DefaultFullHttpRequest(decodeResult: success, version: HTTP/1.1, content: EmptyByteBufBE)
GET /session/14f61660-7bcc-4279-b6a3-7163a94e0626/element/1a7ce8a7-1daf-4566-8c54-8a4311df7aa6/text HTTP/1.1
User-Agent: selenium/4.0.0-alpha-5 (java windows)
Cache-Control: no-cache
host: localhost:10889
accept: */*

Response DefaultHttpResponse(decodeResult: success, version: HTTP/1.1)
HTTP/1.1 200 OK
content-type: application/json; charset=utf-8
cache-control: no-cache
content-length: 45
date: Thu, 25 Jun 2020 12:50:13 GMT

15:50:13.894 [AsyncHttpClient-3-1] DEBUG o.a.netty.channel.ChannelManager - Adding key: http://localhost:10889 for channel [id: 0x7c68b8df, L:/127.0.0.1:64390 - R:localhost/127.0.0.1:10889]
15:50:13.894 [Forwarding findChildElement on session 14f61660-7bcc-4279-b6a3-7163a94e0626 to remote] DEBUG o.a.netty.request.NettyRequestSender - Using pooled Channel '[id: 0x7c68b8df, L:/127.0.0.1:64390 - R:localhost/127.0.0.1:10889]' for 'POST' to 'http://localhost:10889/session/14f61660-7bcc-4279-b6a3-7163a94e0626/element/d6ed5eb4-c2c3-4412-ad2e-d2befa4ffc21/element'
15:50:13.894 [Forwarding findChildElement on session 14f61660-7bcc-4279-b6a3-7163a94e0626 to remote] DEBUG o.a.netty.request.NettyRequestSender - Using open Channel [id: 0x7c68b8df, L:/127.0.0.1:64390 - R:localhost/127.0.0.1:10889] for POST '/session/14f61660-7bcc-4279-b6a3-7163a94e0626/element/d6ed5eb4-c2c3-4412-ad2e-d2befa4ffc21/element'
15:50:13.898 [AsyncHttpClient-3-1] DEBUG o.a.netty.handler.HttpHandler - 

Request DefaultHttpRequest(decodeResult: success, version: HTTP/1.1)
POST /session/14f61660-7bcc-4279-b6a3-7163a94e0626/element/d6ed5eb4-c2c3-4412-ad2e-d2befa4ffc21/element HTTP/1.1
User-Agent: selenium/4.0.0-alpha-5 (java windows)
Content-Length: 103
Content-Type: application/json; charset=utf-8
host: localhost:10889
accept: */*

Response DefaultHttpResponse(decodeResult: success, version: HTTP/1.1)
HTTP/1.1 200 OK
content-type: application/json; charset=utf-8
cache-control: no-cache
content-length: 88
date: Thu, 25 Jun 2020 12:50:13 GMT

15:50:13.898 [AsyncHttpClient-3-1] DEBUG o.a.netty.channel.ChannelManager - Adding key: http://localhost:10889 for channel [id: 0x7c68b8df, L:/127.0.0.1:64390 - R:localhost/127.0.0.1:10889]
15:50:13.898 [Forwarding getElementText on session 14f61660-7bcc-4279-b6a3-7163a94e0626 to remote] DEBUG o.a.netty.request.NettyRequestSender - Using pooled Channel '[id: 0x7c68b8df, L:/127.0.0.1:64390 - R:localhost/127.0.0.1:10889]' for 'GET' to 'http://localhost:10889/session/14f61660-7bcc-4279-b6a3-7163a94e0626/element/1234a5ef-ff7a-4a88-8cb0-d17f9105ecf5/text'
15:50:13.898 [Forwarding getElementText on session 14f61660-7bcc-4279-b6a3-7163a94e0626 to remote] DEBUG o.a.netty.request.NettyRequestSender - Using open Channel [id: 0x7c68b8df, L:/127.0.0.1:64390 - R:localhost/127.0.0.1:10889] for GET '/session/14f61660-7bcc-4279-b6a3-7163a94e0626/element/1234a5ef-ff7a-4a88-8cb0-d17f9105ecf5/text'
15:50:13.905 [AsyncHttpClient-3-1] DEBUG o.a.netty.handler.HttpHandler - 

Request DefaultFullHttpRequest(decodeResult: success, version: HTTP/1.1, content: EmptyByteBufBE)
GET /session/14f61660-7bcc-4279-b6a3-7163a94e0626/element/1234a5ef-ff7a-4a88-8cb0-d17f9105ecf5/text HTTP/1.1
User-Agent: selenium/4.0.0-alpha-5 (java windows)
Cache-Control: no-cache
host: localhost:10889
accept: */*

Response DefaultHttpResponse(decodeResult: success, version: HTTP/1.1)
HTTP/1.1 200 OK
content-type: application/json; charset=utf-8
cache-control: no-cache
content-length: 57
date: Thu, 25 Jun 2020 12:50:13 GMT

15:50:13.905 [AsyncHttpClient-3-1] DEBUG o.a.netty.channel.ChannelManager - Adding key: http://localhost:10889 for channel [id: 0x7c68b8df, L:/127.0.0.1:64390 - R:localhost/127.0.0.1:10889]
15:50:13.905 [Forwarding findChildElement on session 14f61660-7bcc-4279-b6a3-7163a94e0626 to remote] DEBUG o.a.netty.request.NettyRequestSender - Using pooled Channel '[id: 0x7c68b8df, L:/127.0.0.1:64390 - R:localhost/127.0.0.1:10889]' for 'POST' to 'http://localhost:10889/session/14f61660-7bcc-4279-b6a3-7163a94e0626/element/d6ed5eb4-c2c3-4412-ad2e-d2befa4ffc21/element'
15:50:13.905 [Forwarding findChildElement on session 14f61660-7bcc-4279-b6a3-7163a94e0626 to remote] DEBUG o.a.netty.request.NettyRequestSender - Using open Channel [id: 0x7c68b8df, L:/127.0.0.1:64390 - R:localhost/127.0.0.1:10889] for POST '/session/14f61660-7bcc-4279-b6a3-7163a94e0626/element/d6ed5eb4-c2c3-4412-ad2e-d2befa4ffc21/element'
15:50:13.909 [AsyncHttpClient-3-1] DEBUG o.a.netty.handler.HttpHandler - 

Request DefaultHttpRequest(decodeResult: success, version: HTTP/1.1)
POST /session/14f61660-7bcc-4279-b6a3-7163a94e0626/element/d6ed5eb4-c2c3-4412-ad2e-d2befa4ffc21/element HTTP/1.1
User-Agent: selenium/4.0.0-alpha-5 (java windows)
Content-Length: 97
Content-Type: application/json; charset=utf-8
host: localhost:10889
accept: */*

Response DefaultHttpResponse(decodeResult: success, version: HTTP/1.1)
HTTP/1.1 200 OK
content-type: application/json; charset=utf-8
cache-control: no-cache
content-length: 88
date: Thu, 25 Jun 2020 12:50:13 GMT

15:50:13.909 [AsyncHttpClient-3-1] DEBUG o.a.netty.channel.ChannelManager - Adding key: http://localhost:10889 for channel [id: 0x7c68b8df, L:/127.0.0.1:64390 - R:localhost/127.0.0.1:10889]
15:50:13.911 [Forwarding getElementAttribute on session 14f61660-7bcc-4279-b6a3-7163a94e0626 to remote] DEBUG o.a.netty.request.NettyRequestSender - Using pooled Channel '[id: 0x7c68b8df, L:/127.0.0.1:64390 - R:localhost/127.0.0.1:10889]' for 'POST' to 'http://localhost:10889/session/14f61660-7bcc-4279-b6a3-7163a94e0626/execute/sync'
15:50:13.912 [Forwarding getElementAttribute on session 14f61660-7bcc-4279-b6a3-7163a94e0626 to remote] DEBUG o.a.netty.request.NettyRequestSender - Using open Channel [id: 0x7c68b8df, L:/127.0.0.1:64390 - R:localhost/127.0.0.1:10889] for POST '/session/14f61660-7bcc-4279-b6a3-7163a94e0626/execute/sync'
15:50:13.925 [AsyncHttpClient-3-1] DEBUG o.a.netty.handler.HttpHandler - 

Request DefaultHttpRequest(decodeResult: success, version: HTTP/1.1)
POST /session/14f61660-7bcc-4279-b6a3-7163a94e0626/execute/sync HTTP/1.1
User-Agent: selenium/4.0.0-alpha-5 (java windows)
Content-Length: 39635
Content-Type: application/json; charset=utf-8
host: localhost:10889
accept: */*

Response DefaultHttpResponse(decodeResult: success, version: HTTP/1.1)
HTTP/1.1 200 OK
content-type: application/json; charset=utf-8
cache-control: no-cache
content-length: 15
date: Thu, 25 Jun 2020 12:50:13 GMT

15:50:13.925 [AsyncHttpClient-3-1] DEBUG o.a.netty.channel.ChannelManager - Adding key: http://localhost:10889 for channel [id: 0x7c68b8df, L:/127.0.0.1:64390 - R:localhost/127.0.0.1:10889]
15:50:13.925 [Forwarding findChildElement on session 14f61660-7bcc-4279-b6a3-7163a94e0626 to remote] DEBUG o.a.netty.request.NettyRequestSender - Using pooled Channel '[id: 0x7c68b8df, L:/127.0.0.1:64390 - R:localhost/127.0.0.1:10889]' for 'POST' to 'http://localhost:10889/session/14f61660-7bcc-4279-b6a3-7163a94e0626/element/2295c95d-2abf-42ca-9334-0661d70536d5/element'
15:50:13.926 [Forwarding findChildElement on session 14f61660-7bcc-4279-b6a3-7163a94e0626 to remote] DEBUG o.a.netty.request.NettyRequestSender - Using open Channel [id: 0x7c68b8df, L:/127.0.0.1:64390 - R:localhost/127.0.0.1:10889] for POST '/session/14f61660-7bcc-4279-b6a3-7163a94e0626/element/2295c95d-2abf-42ca-9334-0661d70536d5/element'
15:50:13.929 [AsyncHttpClient-3-1] DEBUG o.a.netty.handler.HttpHandler - 

Request DefaultHttpRequest(decodeResult: success, version: HTTP/1.1)
POST /session/14f61660-7bcc-4279-b6a3-7163a94e0626/element/2295c95d-2abf-42ca-9334-0661d70536d5/element HTTP/1.1
User-Agent: selenium/4.0.0-alpha-5 (java windows)
Content-Length: 103
Content-Type: application/json; charset=utf-8
host: localhost:10889
accept: */*

Response DefaultHttpResponse(decodeResult: success, version: HTTP/1.1)
HTTP/1.1 200 OK
content-type: application/json; charset=utf-8
cache-control: no-cache
content-length: 88
date: Thu, 25 Jun 2020 12:50:13 GMT

15:50:13.929 [AsyncHttpClient-3-1] DEBUG o.a.netty.channel.ChannelManager - Adding key: http://localhost:10889 for channel [id: 0x7c68b8df, L:/127.0.0.1:64390 - R:localhost/127.0.0.1:10889]
15:50:13.930 [Forwarding getElementText on session 14f61660-7bcc-4279-b6a3-7163a94e0626 to remote] DEBUG o.a.netty.request.NettyRequestSender - Using pooled Channel '[id: 0x7c68b8df, L:/127.0.0.1:64390 - R:localhost/127.0.0.1:10889]' for 'GET' to 'http://localhost:10889/session/14f61660-7bcc-4279-b6a3-7163a94e0626/element/d5eec31a-cecc-4d99-8a93-0564ef48894f/text'
15:50:13.930 [Forwarding getElementText on session 14f61660-7bcc-4279-b6a3-7163a94e0626 to remote] DEBUG o.a.netty.request.NettyRequestSender - Using open Channel [id: 0x7c68b8df, L:/127.0.0.1:64390 - R:localhost/127.0.0.1:10889] for GET '/session/14f61660-7bcc-4279-b6a3-7163a94e0626/element/d5eec31a-cecc-4d99-8a93-0564ef48894f/text'
15:50:13.934 [AsyncHttpClient-3-1] DEBUG o.a.netty.handler.HttpHandler - 

Request DefaultFullHttpRequest(decodeResult: success, version: HTTP/1.1, content: EmptyByteBufBE)
GET /session/14f61660-7bcc-4279-b6a3-7163a94e0626/element/d5eec31a-cecc-4d99-8a93-0564ef48894f/text HTTP/1.1
User-Agent: selenium/4.0.0-alpha-5 (java windows)
Cache-Control: no-cache
host: localhost:10889
accept: */*

Response DefaultHttpResponse(decodeResult: success, version: HTTP/1.1)
HTTP/1.1 200 OK
content-type: application/json; charset=utf-8
cache-control: no-cache
content-length: 18
date: Thu, 25 Jun 2020 12:50:13 GMT

15:50:13.934 [AsyncHttpClient-3-1] DEBUG o.a.netty.channel.ChannelManager - Adding key: http://localhost:10889 for channel [id: 0x7c68b8df, L:/127.0.0.1:64390 - R:localhost/127.0.0.1:10889]
15:50:13.935 [Forwarding findChildElement on session 14f61660-7bcc-4279-b6a3-7163a94e0626 to remote] DEBUG o.a.netty.request.NettyRequestSender - Using pooled Channel '[id: 0x7c68b8df, L:/127.0.0.1:64390 - R:localhost/127.0.0.1:10889]' for 'POST' to 'http://localhost:10889/session/14f61660-7bcc-4279-b6a3-7163a94e0626/element/2295c95d-2abf-42ca-9334-0661d70536d5/element'
15:50:13.935 [Forwarding findChildElement on session 14f61660-7bcc-4279-b6a3-7163a94e0626 to remote] DEBUG o.a.netty.request.NettyRequestSender - Using open Channel [id: 0x7c68b8df, L:/127.0.0.1:64390 - R:localhost/127.0.0.1:10889] for POST '/session/14f61660-7bcc-4279-b6a3-7163a94e0626/element/2295c95d-2abf-42ca-9334-0661d70536d5/element'
15:50:13.938 [AsyncHttpClient-3-1] DEBUG o.a.netty.handler.HttpHandler - 

Request DefaultHttpRequest(decodeResult: success, version: HTTP/1.1)
POST /session/14f61660-7bcc-4279-b6a3-7163a94e0626/element/2295c95d-2abf-42ca-9334-0661d70536d5/element HTTP/1.1
User-Agent: selenium/4.0.0-alpha-5 (java windows)
Content-Length: 103
Content-Type: application/json; charset=utf-8
host: localhost:10889
accept: */*

Response DefaultHttpResponse(decodeResult: success, version: HTTP/1.1)
HTTP/1.1 200 OK
content-type: application/json; charset=utf-8
cache-control: no-cache
content-length: 88
date: Thu, 25 Jun 2020 12:50:13 GMT

15:50:13.938 [AsyncHttpClient-3-1] DEBUG o.a.netty.channel.ChannelManager - Adding key: http://localhost:10889 for channel [id: 0x7c68b8df, L:/127.0.0.1:64390 - R:localhost/127.0.0.1:10889]
15:50:13.939 [Forwarding getElementText on session 14f61660-7bcc-4279-b6a3-7163a94e0626 to remote] DEBUG o.a.netty.request.NettyRequestSender - Using pooled Channel '[id: 0x7c68b8df, L:/127.0.0.1:64390 - R:localhost/127.0.0.1:10889]' for 'GET' to 'http://localhost:10889/session/14f61660-7bcc-4279-b6a3-7163a94e0626/element/d48a9e68-0c5f-4434-afad-2894f8b31b2f/text'
15:50:13.939 [Forwarding getElementText on session 14f61660-7bcc-4279-b6a3-7163a94e0626 to remote] DEBUG o.a.netty.request.NettyRequestSender - Using open Channel [id: 0x7c68b8df, L:/127.0.0.1:64390 - R:localhost/127.0.0.1:10889] for GET '/session/14f61660-7bcc-4279-b6a3-7163a94e0626/element/d48a9e68-0c5f-4434-afad-2894f8b31b2f/text'
15:50:13.944 [AsyncHttpClient-3-1] DEBUG o.a.netty.handler.HttpHandler - 

Request DefaultFullHttpRequest(decodeResult: success, version: HTTP/1.1, content: EmptyByteBufBE)
GET /session/14f61660-7bcc-4279-b6a3-7163a94e0626/element/d48a9e68-0c5f-4434-afad-2894f8b31b2f/text HTTP/1.1
User-Agent: selenium/4.0.0-alpha-5 (java windows)
Cache-Control: no-cache
host: localhost:10889
accept: */*

Response DefaultHttpResponse(decodeResult: success, version: HTTP/1.1)
HTTP/1.1 200 OK
content-type: application/json; charset=utf-8
cache-control: no-cache
content-length: 22
date: Thu, 25 Jun 2020 12:50:13 GMT

15:50:13.944 [AsyncHttpClient-3-1] DEBUG o.a.netty.channel.ChannelManager - Adding key: http://localhost:10889 for channel [id: 0x7c68b8df, L:/127.0.0.1:64390 - R:localhost/127.0.0.1:10889]
15:50:13.944 [Forwarding findChildElement on session 14f61660-7bcc-4279-b6a3-7163a94e0626 to remote] DEBUG o.a.netty.request.NettyRequestSender - Using pooled Channel '[id: 0x7c68b8df, L:/127.0.0.1:64390 - R:localhost/127.0.0.1:10889]' for 'POST' to 'http://localhost:10889/session/14f61660-7bcc-4279-b6a3-7163a94e0626/element/2295c95d-2abf-42ca-9334-0661d70536d5/element'
15:50:13.944 [Forwarding findChildElement on session 14f61660-7bcc-4279-b6a3-7163a94e0626 to remote] DEBUG o.a.netty.request.NettyRequestSender - Using open Channel [id: 0x7c68b8df, L:/127.0.0.1:64390 - R:localhost/127.0.0.1:10889] for POST '/session/14f61660-7bcc-4279-b6a3-7163a94e0626/element/2295c95d-2abf-42ca-9334-0661d70536d5/element'
15:50:13.948 [AsyncHttpClient-3-1] DEBUG o.a.netty.handler.HttpHandler - 

Request DefaultHttpRequest(decodeResult: success, version: HTTP/1.1)
POST /session/14f61660-7bcc-4279-b6a3-7163a94e0626/element/2295c95d-2abf-42ca-9334-0661d70536d5/element HTTP/1.1
User-Agent: selenium/4.0.0-alpha-5 (java windows)
Content-Length: 103
Content-Type: application/json; charset=utf-8
host: localhost:10889
accept: */*

Response DefaultHttpResponse(decodeResult: success, version: HTTP/1.1)
HTTP/1.1 200 OK
content-type: application/json; charset=utf-8
cache-control: no-cache
content-length: 88
date: Thu, 25 Jun 2020 12:50:13 GMT

15:50:13.948 [AsyncHttpClient-3-1] DEBUG o.a.netty.channel.ChannelManager - Adding key: http://localhost:10889 for channel [id: 0x7c68b8df, L:/127.0.0.1:64390 - R:localhost/127.0.0.1:10889]
15:50:13.949 [Forwarding getElementText on session 14f61660-7bcc-4279-b6a3-7163a94e0626 to remote] DEBUG o.a.netty.request.NettyRequestSender - Using pooled Channel '[id: 0x7c68b8df, L:/127.0.0.1:64390 - R:localhost/127.0.0.1:10889]' for 'GET' to 'http://localhost:10889/session/14f61660-7bcc-4279-b6a3-7163a94e0626/element/5f316874-af7f-4f8e-84d2-a3766298332d/text'
15:50:13.949 [Forwarding getElementText on session 14f61660-7bcc-4279-b6a3-7163a94e0626 to remote] DEBUG o.a.netty.request.NettyRequestSender - Using open Channel [id: 0x7c68b8df, L:/127.0.0.1:64390 - R:localhost/127.0.0.1:10889] for GET '/session/14f61660-7bcc-4279-b6a3-7163a94e0626/element/5f316874-af7f-4f8e-84d2-a3766298332d/text'
15:50:13.953 [AsyncHttpClient-3-1] DEBUG o.a.netty.handler.HttpHandler - 

Request DefaultFullHttpRequest(decodeResult: success, version: HTTP/1.1, content: EmptyByteBufBE)
GET /session/14f61660-7bcc-4279-b6a3-7163a94e0626/element/5f316874-af7f-4f8e-84d2-a3766298332d/text HTTP/1.1
User-Agent: selenium/4.0.0-alpha-5 (java windows)
Cache-Control: no-cache
host: localhost:10889
accept: */*

Response DefaultHttpResponse(decodeResult: success, version: HTTP/1.1)
HTTP/1.1 200 OK
content-type: application/json; charset=utf-8
cache-control: no-cache
content-length: 21
date: Thu, 25 Jun 2020 12:50:13 GMT

15:50:13.953 [AsyncHttpClient-3-1] DEBUG o.a.netty.channel.ChannelManager - Adding key: http://localhost:10889 for channel [id: 0x7c68b8df, L:/127.0.0.1:64390 - R:localhost/127.0.0.1:10889]
15:50:13.953 [Forwarding findChildElement on session 14f61660-7bcc-4279-b6a3-7163a94e0626 to remote] DEBUG o.a.netty.request.NettyRequestSender - Using pooled Channel '[id: 0x7c68b8df, L:/127.0.0.1:64390 - R:localhost/127.0.0.1:10889]' for 'POST' to 'http://localhost:10889/session/14f61660-7bcc-4279-b6a3-7163a94e0626/element/2295c95d-2abf-42ca-9334-0661d70536d5/element'
15:50:13.953 [Forwarding findChildElement on session 14f61660-7bcc-4279-b6a3-7163a94e0626 to remote] DEBUG o.a.netty.request.NettyRequestSender - Using open Channel [id: 0x7c68b8df, L:/127.0.0.1:64390 - R:localhost/127.0.0.1:10889] for POST '/session/14f61660-7bcc-4279-b6a3-7163a94e0626/element/2295c95d-2abf-42ca-9334-0661d70536d5/element'
15:50:13.957 [AsyncHttpClient-3-1] DEBUG o.a.netty.handler.HttpHandler - 

Request DefaultHttpRequest(decodeResult: success, version: HTTP/1.1)
POST /session/14f61660-7bcc-4279-b6a3-7163a94e0626/element/2295c95d-2abf-42ca-9334-0661d70536d5/element HTTP/1.1
User-Agent: selenium/4.0.0-alpha-5 (java windows)
Content-Length: 103
Content-Type: application/json; charset=utf-8
host: localhost:10889
accept: */*

Response DefaultHttpResponse(decodeResult: success, version: HTTP/1.1)
HTTP/1.1 200 OK
content-type: application/json; charset=utf-8
cache-control: no-cache
content-length: 88
date: Thu, 25 Jun 2020 12:50:13 GMT

15:50:13.957 [AsyncHttpClient-3-1] DEBUG o.a.netty.channel.ChannelManager - Adding key: http://localhost:10889 for channel [id: 0x7c68b8df, L:/127.0.0.1:64390 - R:localhost/127.0.0.1:10889]
15:50:13.957 [Forwarding getElementText on session 14f61660-7bcc-4279-b6a3-7163a94e0626 to remote] DEBUG o.a.netty.request.NettyRequestSender - Using pooled Channel '[id: 0x7c68b8df, L:/127.0.0.1:64390 - R:localhost/127.0.0.1:10889]' for 'GET' to 'http://localhost:10889/session/14f61660-7bcc-4279-b6a3-7163a94e0626/element/c0e72752-67c8-40cc-a791-b7b05e1d96c6/text'
15:50:13.958 [Forwarding getElementText on session 14f61660-7bcc-4279-b6a3-7163a94e0626 to remote] DEBUG o.a.netty.request.NettyRequestSender - Using open Channel [id: 0x7c68b8df, L:/127.0.0.1:64390 - R:localhost/127.0.0.1:10889] for GET '/session/14f61660-7bcc-4279-b6a3-7163a94e0626/element/c0e72752-67c8-40cc-a791-b7b05e1d96c6/text'
15:50:13.962 [AsyncHttpClient-3-1] DEBUG o.a.netty.handler.HttpHandler - 

Request DefaultFullHttpRequest(decodeResult: success, version: HTTP/1.1, content: EmptyByteBufBE)
GET /session/14f61660-7bcc-4279-b6a3-7163a94e0626/element/c0e72752-67c8-40cc-a791-b7b05e1d96c6/text HTTP/1.1
User-Agent: selenium/4.0.0-alpha-5 (java windows)
Cache-Control: no-cache
host: localhost:10889
accept: */*

Response DefaultHttpResponse(decodeResult: success, version: HTTP/1.1)
HTTP/1.1 200 OK
content-type: application/json; charset=utf-8
cache-control: no-cache
content-length: 45
date: Thu, 25 Jun 2020 12:50:13 GMT

15:50:13.962 [AsyncHttpClient-3-1] DEBUG o.a.netty.channel.ChannelManager - Adding key: http://localhost:10889 for channel [id: 0x7c68b8df, L:/127.0.0.1:64390 - R:localhost/127.0.0.1:10889]
15:50:13.962 [Forwarding findChildElement on session 14f61660-7bcc-4279-b6a3-7163a94e0626 to remote] DEBUG o.a.netty.request.NettyRequestSender - Using pooled Channel '[id: 0x7c68b8df, L:/127.0.0.1:64390 - R:localhost/127.0.0.1:10889]' for 'POST' to 'http://localhost:10889/session/14f61660-7bcc-4279-b6a3-7163a94e0626/element/2295c95d-2abf-42ca-9334-0661d70536d5/element'
15:50:13.962 [Forwarding findChildElement on session 14f61660-7bcc-4279-b6a3-7163a94e0626 to remote] DEBUG o.a.netty.request.NettyRequestSender - Using open Channel [id: 0x7c68b8df, L:/127.0.0.1:64390 - R:localhost/127.0.0.1:10889] for POST '/session/14f61660-7bcc-4279-b6a3-7163a94e0626/element/2295c95d-2abf-42ca-9334-0661d70536d5/element'
15:50:13.966 [AsyncHttpClient-3-1] DEBUG o.a.netty.handler.HttpHandler - 

Request DefaultHttpRequest(decodeResult: success, version: HTTP/1.1)
POST /session/14f61660-7bcc-4279-b6a3-7163a94e0626/element/2295c95d-2abf-42ca-9334-0661d70536d5/element HTTP/1.1
User-Agent: selenium/4.0.0-alpha-5 (java windows)
Content-Length: 103
Content-Type: application/json; charset=utf-8
host: localhost:10889
accept: */*

Response DefaultHttpResponse(decodeResult: success, version: HTTP/1.1)
HTTP/1.1 200 OK
content-type: application/json; charset=utf-8
cache-control: no-cache
content-length: 88
date: Thu, 25 Jun 2020 12:50:13 GMT

15:50:13.966 [AsyncHttpClient-3-1] DEBUG o.a.netty.channel.ChannelManager - Adding key: http://localhost:10889 for channel [id: 0x7c68b8df, L:/127.0.0.1:64390 - R:localhost/127.0.0.1:10889]
15:50:13.966 [Forwarding getElementText on session 14f61660-7bcc-4279-b6a3-7163a94e0626 to remote] DEBUG o.a.netty.request.NettyRequestSender - Using pooled Channel '[id: 0x7c68b8df, L:/127.0.0.1:64390 - R:localhost/127.0.0.1:10889]' for 'GET' to 'http://localhost:10889/session/14f61660-7bcc-4279-b6a3-7163a94e0626/element/4e9a115e-bf1d-4e8d-bf6c-b1ca029c6dbf/text'
15:50:13.966 [Forwarding getElementText on session 14f61660-7bcc-4279-b6a3-7163a94e0626 to remote] DEBUG o.a.netty.request.NettyRequestSender - Using open Channel [id: 0x7c68b8df, L:/127.0.0.1:64390 - R:localhost/127.0.0.1:10889] for GET '/session/14f61660-7bcc-4279-b6a3-7163a94e0626/element/4e9a115e-bf1d-4e8d-bf6c-b1ca029c6dbf/text'
15:50:13.973 [AsyncHttpClient-3-1] DEBUG o.a.netty.handler.HttpHandler - 

Request DefaultFullHttpRequest(decodeResult: success, version: HTTP/1.1, content: EmptyByteBufBE)
GET /session/14f61660-7bcc-4279-b6a3-7163a94e0626/element/4e9a115e-bf1d-4e8d-bf6c-b1ca029c6dbf/text HTTP/1.1
User-Agent: selenium/4.0.0-alpha-5 (java windows)
Cache-Control: no-cache
host: localhost:10889
accept: */*

Response DefaultHttpResponse(decodeResult: success, version: HTTP/1.1)
HTTP/1.1 200 OK
content-type: application/json; charset=utf-8
cache-control: no-cache
content-length: 57
date: Thu, 25 Jun 2020 12:50:13 GMT

15:50:13.973 [AsyncHttpClient-3-1] DEBUG o.a.netty.channel.ChannelManager - Adding key: http://localhost:10889 for channel [id: 0x7c68b8df, L:/127.0.0.1:64390 - R:localhost/127.0.0.1:10889]
15:50:13.974 [Forwarding findChildElement on session 14f61660-7bcc-4279-b6a3-7163a94e0626 to remote] DEBUG o.a.netty.request.NettyRequestSender - Using pooled Channel '[id: 0x7c68b8df, L:/127.0.0.1:64390 - R:localhost/127.0.0.1:10889]' for 'POST' to 'http://localhost:10889/session/14f61660-7bcc-4279-b6a3-7163a94e0626/element/2295c95d-2abf-42ca-9334-0661d70536d5/element'
15:50:13.974 [Forwarding findChildElement on session 14f61660-7bcc-4279-b6a3-7163a94e0626 to remote] DEBUG o.a.netty.request.NettyRequestSender - Using open Channel [id: 0x7c68b8df, L:/127.0.0.1:64390 - R:localhost/127.0.0.1:10889] for POST '/session/14f61660-7bcc-4279-b6a3-7163a94e0626/element/2295c95d-2abf-42ca-9334-0661d70536d5/element'
15:50:13.978 [AsyncHttpClient-3-1] DEBUG o.a.netty.handler.HttpHandler - 

Request DefaultHttpRequest(decodeResult: success, version: HTTP/1.1)
POST /session/14f61660-7bcc-4279-b6a3-7163a94e0626/element/2295c95d-2abf-42ca-9334-0661d70536d5/element HTTP/1.1
User-Agent: selenium/4.0.0-alpha-5 (java windows)
Content-Length: 97
Content-Type: application/json; charset=utf-8
host: localhost:10889
accept: */*

Response DefaultHttpResponse(decodeResult: success, version: HTTP/1.1)
HTTP/1.1 200 OK
content-type: application/json; charset=utf-8
cache-control: no-cache
content-length: 88
date: Thu, 25 Jun 2020 12:50:13 GMT

15:50:13.978 [AsyncHttpClient-3-1] DEBUG o.a.netty.channel.ChannelManager - Adding key: http://localhost:10889 for channel [id: 0x7c68b8df, L:/127.0.0.1:64390 - R:localhost/127.0.0.1:10889]
15:50:13.981 [Forwarding getElementAttribute on session 14f61660-7bcc-4279-b6a3-7163a94e0626 to remote] DEBUG o.a.netty.request.NettyRequestSender - Using pooled Channel '[id: 0x7c68b8df, L:/127.0.0.1:64390 - R:localhost/127.0.0.1:10889]' for 'POST' to 'http://localhost:10889/session/14f61660-7bcc-4279-b6a3-7163a94e0626/execute/sync'
15:50:13.981 [Forwarding getElementAttribute on session 14f61660-7bcc-4279-b6a3-7163a94e0626 to remote] DEBUG o.a.netty.request.NettyRequestSender - Using open Channel [id: 0x7c68b8df, L:/127.0.0.1:64390 - R:localhost/127.0.0.1:10889] for POST '/session/14f61660-7bcc-4279-b6a3-7163a94e0626/execute/sync'
15:50:13.994 [AsyncHttpClient-3-1] DEBUG o.a.netty.handler.HttpHandler - 

Request DefaultHttpRequest(decodeResult: success, version: HTTP/1.1)
POST /session/14f61660-7bcc-4279-b6a3-7163a94e0626/execute/sync HTTP/1.1
User-Agent: selenium/4.0.0-alpha-5 (java windows)
Content-Length: 39635
Content-Type: application/json; charset=utf-8
host: localhost:10889
accept: */*

Response DefaultHttpResponse(decodeResult: success, version: HTTP/1.1)
HTTP/1.1 200 OK
content-type: application/json; charset=utf-8
cache-control: no-cache
content-length: 15
date: Thu, 25 Jun 2020 12:50:13 GMT

15:50:13.994 [AsyncHttpClient-3-1] DEBUG o.a.netty.channel.ChannelManager - Adding key: http://localhost:10889 for channel [id: 0x7c68b8df, L:/127.0.0.1:64390 - R:localhost/127.0.0.1:10889]
15:50:13.995 [Forwarding findChildElement on session 14f61660-7bcc-4279-b6a3-7163a94e0626 to remote] DEBUG o.a.netty.request.NettyRequestSender - Using pooled Channel '[id: 0x7c68b8df, L:/127.0.0.1:64390 - R:localhost/127.0.0.1:10889]' for 'POST' to 'http://localhost:10889/session/14f61660-7bcc-4279-b6a3-7163a94e0626/element/747fd58d-8e10-4f7a-a98c-410987b78775/element'
15:50:13.995 [Forwarding findChildElement on session 14f61660-7bcc-4279-b6a3-7163a94e0626 to remote] DEBUG o.a.netty.request.NettyRequestSender - Using open Channel [id: 0x7c68b8df, L:/127.0.0.1:64390 - R:localhost/127.0.0.1:10889] for POST '/session/14f61660-7bcc-4279-b6a3-7163a94e0626/element/747fd58d-8e10-4f7a-a98c-410987b78775/element'
15:50:13.998 [AsyncHttpClient-3-1] DEBUG o.a.netty.handler.HttpHandler - 

Request DefaultHttpRequest(decodeResult: success, version: HTTP/1.1)
POST /session/14f61660-7bcc-4279-b6a3-7163a94e0626/element/747fd58d-8e10-4f7a-a98c-410987b78775/element HTTP/1.1
User-Agent: selenium/4.0.0-alpha-5 (java windows)
Content-Length: 103
Content-Type: application/json; charset=utf-8
host: localhost:10889
accept: */*

Response DefaultHttpResponse(decodeResult: success, version: HTTP/1.1)
HTTP/1.1 200 OK
content-type: application/json; charset=utf-8
cache-control: no-cache
content-length: 88
date: Thu, 25 Jun 2020 12:50:13 GMT

15:50:13.998 [AsyncHttpClient-3-1] DEBUG o.a.netty.channel.ChannelManager - Adding key: http://localhost:10889 for channel [id: 0x7c68b8df, L:/127.0.0.1:64390 - R:localhost/127.0.0.1:10889]
15:50:13.999 [Forwarding getElementText on session 14f61660-7bcc-4279-b6a3-7163a94e0626 to remote] DEBUG o.a.netty.request.NettyRequestSender - Using pooled Channel '[id: 0x7c68b8df, L:/127.0.0.1:64390 - R:localhost/127.0.0.1:10889]' for 'GET' to 'http://localhost:10889/session/14f61660-7bcc-4279-b6a3-7163a94e0626/element/b1064d15-2798-43e4-908e-a916c5d6f525/text'
15:50:13.999 [Forwarding getElementText on session 14f61660-7bcc-4279-b6a3-7163a94e0626 to remote] DEBUG o.a.netty.request.NettyRequestSender - Using open Channel [id: 0x7c68b8df, L:/127.0.0.1:64390 - R:localhost/127.0.0.1:10889] for GET '/session/14f61660-7bcc-4279-b6a3-7163a94e0626/element/b1064d15-2798-43e4-908e-a916c5d6f525/text'
15:50:14.003 [AsyncHttpClient-3-1] DEBUG o.a.netty.handler.HttpHandler - 

Request DefaultFullHttpRequest(decodeResult: success, version: HTTP/1.1, content: EmptyByteBufBE)
GET /session/14f61660-7bcc-4279-b6a3-7163a94e0626/element/b1064d15-2798-43e4-908e-a916c5d6f525/text HTTP/1.1
User-Agent: selenium/4.0.0-alpha-5 (java windows)
Cache-Control: no-cache
host: localhost:10889
accept: */*

Response DefaultHttpResponse(decodeResult: success, version: HTTP/1.1)
HTTP/1.1 200 OK
content-type: application/json; charset=utf-8
cache-control: no-cache
content-length: 18
date: Thu, 25 Jun 2020 12:50:13 GMT

15:50:14.003 [AsyncHttpClient-3-1] DEBUG o.a.netty.channel.ChannelManager - Adding key: http://localhost:10889 for channel [id: 0x7c68b8df, L:/127.0.0.1:64390 - R:localhost/127.0.0.1:10889]
15:50:14.003 [Forwarding findChildElement on session 14f61660-7bcc-4279-b6a3-7163a94e0626 to remote] DEBUG o.a.netty.request.NettyRequestSender - Using pooled Channel '[id: 0x7c68b8df, L:/127.0.0.1:64390 - R:localhost/127.0.0.1:10889]' for 'POST' to 'http://localhost:10889/session/14f61660-7bcc-4279-b6a3-7163a94e0626/element/747fd58d-8e10-4f7a-a98c-410987b78775/element'
15:50:14.003 [Forwarding findChildElement on session 14f61660-7bcc-4279-b6a3-7163a94e0626 to remote] DEBUG o.a.netty.request.NettyRequestSender - Using open Channel [id: 0x7c68b8df, L:/127.0.0.1:64390 - R:localhost/127.0.0.1:10889] for POST '/session/14f61660-7bcc-4279-b6a3-7163a94e0626/element/747fd58d-8e10-4f7a-a98c-410987b78775/element'
15:50:14.007 [AsyncHttpClient-3-1] DEBUG o.a.netty.handler.HttpHandler - 

Request DefaultHttpRequest(decodeResult: success, version: HTTP/1.1)
POST /session/14f61660-7bcc-4279-b6a3-7163a94e0626/element/747fd58d-8e10-4f7a-a98c-410987b78775/element HTTP/1.1
User-Agent: selenium/4.0.0-alpha-5 (java windows)
Content-Length: 103
Content-Type: application/json; charset=utf-8
host: localhost:10889
accept: */*

Response DefaultHttpResponse(decodeResult: success, version: HTTP/1.1)
HTTP/1.1 200 OK
content-type: application/json; charset=utf-8
cache-control: no-cache
content-length: 88
date: Thu, 25 Jun 2020 12:50:14 GMT

15:50:14.007 [AsyncHttpClient-3-1] DEBUG o.a.netty.channel.ChannelManager - Adding key: http://localhost:10889 for channel [id: 0x7c68b8df, L:/127.0.0.1:64390 - R:localhost/127.0.0.1:10889]
15:50:14.007 [Forwarding getElementText on session 14f61660-7bcc-4279-b6a3-7163a94e0626 to remote] DEBUG o.a.netty.request.NettyRequestSender - Using pooled Channel '[id: 0x7c68b8df, L:/127.0.0.1:64390 - R:localhost/127.0.0.1:10889]' for 'GET' to 'http://localhost:10889/session/14f61660-7bcc-4279-b6a3-7163a94e0626/element/bf0f03f2-480c-467c-b60d-f7fc6cbf15aa/text'
15:50:14.007 [Forwarding getElementText on session 14f61660-7bcc-4279-b6a3-7163a94e0626 to remote] DEBUG o.a.netty.request.NettyRequestSender - Using open Channel [id: 0x7c68b8df, L:/127.0.0.1:64390 - R:localhost/127.0.0.1:10889] for GET '/session/14f61660-7bcc-4279-b6a3-7163a94e0626/element/bf0f03f2-480c-467c-b60d-f7fc6cbf15aa/text'
15:50:14.012 [AsyncHttpClient-3-1] DEBUG o.a.netty.handler.HttpHandler - 

Request DefaultFullHttpRequest(decodeResult: success, version: HTTP/1.1, content: EmptyByteBufBE)
GET /session/14f61660-7bcc-4279-b6a3-7163a94e0626/element/bf0f03f2-480c-467c-b60d-f7fc6cbf15aa/text HTTP/1.1
User-Agent: selenium/4.0.0-alpha-5 (java windows)
Cache-Control: no-cache
host: localhost:10889
accept: */*

Response DefaultHttpResponse(decodeResult: success, version: HTTP/1.1)
HTTP/1.1 200 OK
content-type: application/json; charset=utf-8
cache-control: no-cache
content-length: 22
date: Thu, 25 Jun 2020 12:50:14 GMT

15:50:14.012 [AsyncHttpClient-3-1] DEBUG o.a.netty.channel.ChannelManager - Adding key: http://localhost:10889 for channel [id: 0x7c68b8df, L:/127.0.0.1:64390 - R:localhost/127.0.0.1:10889]
15:50:14.013 [Forwarding findChildElement on session 14f61660-7bcc-4279-b6a3-7163a94e0626 to remote] DEBUG o.a.netty.request.NettyRequestSender - Using pooled Channel '[id: 0x7c68b8df, L:/127.0.0.1:64390 - R:localhost/127.0.0.1:10889]' for 'POST' to 'http://localhost:10889/session/14f61660-7bcc-4279-b6a3-7163a94e0626/element/747fd58d-8e10-4f7a-a98c-410987b78775/element'
15:50:14.013 [Forwarding findChildElement on session 14f61660-7bcc-4279-b6a3-7163a94e0626 to remote] DEBUG o.a.netty.request.NettyRequestSender - Using open Channel [id: 0x7c68b8df, L:/127.0.0.1:64390 - R:localhost/127.0.0.1:10889] for POST '/session/14f61660-7bcc-4279-b6a3-7163a94e0626/element/747fd58d-8e10-4f7a-a98c-410987b78775/element'
15:50:14.017 [AsyncHttpClient-3-1] DEBUG o.a.netty.handler.HttpHandler - 

Request DefaultHttpRequest(decodeResult: success, version: HTTP/1.1)
POST /session/14f61660-7bcc-4279-b6a3-7163a94e0626/element/747fd58d-8e10-4f7a-a98c-410987b78775/element HTTP/1.1
User-Agent: selenium/4.0.0-alpha-5 (java windows)
Content-Length: 103
Content-Type: application/json; charset=utf-8
host: localhost:10889
accept: */*

Response DefaultHttpResponse(decodeResult: success, version: HTTP/1.1)
HTTP/1.1 200 OK
content-type: application/json; charset=utf-8
cache-control: no-cache
content-length: 88
date: Thu, 25 Jun 2020 12:50:14 GMT

15:50:14.017 [AsyncHttpClient-3-1] DEBUG o.a.netty.channel.ChannelManager - Adding key: http://localhost:10889 for channel [id: 0x7c68b8df, L:/127.0.0.1:64390 - R:localhost/127.0.0.1:10889]
15:50:14.017 [Forwarding getElementText on session 14f61660-7bcc-4279-b6a3-7163a94e0626 to remote] DEBUG o.a.netty.request.NettyRequestSender - Using pooled Channel '[id: 0x7c68b8df, L:/127.0.0.1:64390 - R:localhost/127.0.0.1:10889]' for 'GET' to 'http://localhost:10889/session/14f61660-7bcc-4279-b6a3-7163a94e0626/element/05064258-4273-4fa8-a05c-5cafac879869/text'
15:50:14.017 [Forwarding getElementText on session 14f61660-7bcc-4279-b6a3-7163a94e0626 to remote] DEBUG o.a.netty.request.NettyRequestSender - Using open Channel [id: 0x7c68b8df, L:/127.0.0.1:64390 - R:localhost/127.0.0.1:10889] for GET '/session/14f61660-7bcc-4279-b6a3-7163a94e0626/element/05064258-4273-4fa8-a05c-5cafac879869/text'
15:50:14.022 [AsyncHttpClient-3-1] DEBUG o.a.netty.handler.HttpHandler - 

Request DefaultFullHttpRequest(decodeResult: success, version: HTTP/1.1, content: EmptyByteBufBE)
GET /session/14f61660-7bcc-4279-b6a3-7163a94e0626/element/05064258-4273-4fa8-a05c-5cafac879869/text HTTP/1.1
User-Agent: selenium/4.0.0-alpha-5 (java windows)
Cache-Control: no-cache
host: localhost:10889
accept: */*

Response DefaultHttpResponse(decodeResult: success, version: HTTP/1.1)
HTTP/1.1 200 OK
content-type: application/json; charset=utf-8
cache-control: no-cache
content-length: 21
date: Thu, 25 Jun 2020 12:50:14 GMT

15:50:14.022 [AsyncHttpClient-3-1] DEBUG o.a.netty.channel.ChannelManager - Adding key: http://localhost:10889 for channel [id: 0x7c68b8df, L:/127.0.0.1:64390 - R:localhost/127.0.0.1:10889]
15:50:14.022 [Forwarding findChildElement on session 14f61660-7bcc-4279-b6a3-7163a94e0626 to remote] DEBUG o.a.netty.request.NettyRequestSender - Using pooled Channel '[id: 0x7c68b8df, L:/127.0.0.1:64390 - R:localhost/127.0.0.1:10889]' for 'POST' to 'http://localhost:10889/session/14f61660-7bcc-4279-b6a3-7163a94e0626/element/747fd58d-8e10-4f7a-a98c-410987b78775/element'
15:50:14.022 [Forwarding findChildElement on session 14f61660-7bcc-4279-b6a3-7163a94e0626 to remote] DEBUG o.a.netty.request.NettyRequestSender - Using open Channel [id: 0x7c68b8df, L:/127.0.0.1:64390 - R:localhost/127.0.0.1:10889] for POST '/session/14f61660-7bcc-4279-b6a3-7163a94e0626/element/747fd58d-8e10-4f7a-a98c-410987b78775/element'
15:50:14.026 [AsyncHttpClient-3-1] DEBUG o.a.netty.handler.HttpHandler - 

Request DefaultHttpRequest(decodeResult: success, version: HTTP/1.1)
POST /session/14f61660-7bcc-4279-b6a3-7163a94e0626/element/747fd58d-8e10-4f7a-a98c-410987b78775/element HTTP/1.1
User-Agent: selenium/4.0.0-alpha-5 (java windows)
Content-Length: 103
Content-Type: application/json; charset=utf-8
host: localhost:10889
accept: */*

Response DefaultHttpResponse(decodeResult: success, version: HTTP/1.1)
HTTP/1.1 200 OK
content-type: application/json; charset=utf-8
cache-control: no-cache
content-length: 88
date: Thu, 25 Jun 2020 12:50:14 GMT

15:50:14.026 [AsyncHttpClient-3-1] DEBUG o.a.netty.channel.ChannelManager - Adding key: http://localhost:10889 for channel [id: 0x7c68b8df, L:/127.0.0.1:64390 - R:localhost/127.0.0.1:10889]
15:50:14.026 [Forwarding getElementText on session 14f61660-7bcc-4279-b6a3-7163a94e0626 to remote] DEBUG o.a.netty.request.NettyRequestSender - Using pooled Channel '[id: 0x7c68b8df, L:/127.0.0.1:64390 - R:localhost/127.0.0.1:10889]' for 'GET' to 'http://localhost:10889/session/14f61660-7bcc-4279-b6a3-7163a94e0626/element/1ed76109-e401-426d-9b53-93d04826dcc9/text'
15:50:14.026 [Forwarding getElementText on session 14f61660-7bcc-4279-b6a3-7163a94e0626 to remote] DEBUG o.a.netty.request.NettyRequestSender - Using open Channel [id: 0x7c68b8df, L:/127.0.0.1:64390 - R:localhost/127.0.0.1:10889] for GET '/session/14f61660-7bcc-4279-b6a3-7163a94e0626/element/1ed76109-e401-426d-9b53-93d04826dcc9/text'
15:50:14.030 [AsyncHttpClient-3-1] DEBUG o.a.netty.handler.HttpHandler - 

Request DefaultFullHttpRequest(decodeResult: success, version: HTTP/1.1, content: EmptyByteBufBE)
GET /session/14f61660-7bcc-4279-b6a3-7163a94e0626/element/1ed76109-e401-426d-9b53-93d04826dcc9/text HTTP/1.1
User-Agent: selenium/4.0.0-alpha-5 (java windows)
Cache-Control: no-cache
host: localhost:10889
accept: */*

Response DefaultHttpResponse(decodeResult: success, version: HTTP/1.1)
HTTP/1.1 200 OK
content-type: application/json; charset=utf-8
cache-control: no-cache
content-length: 45
date: Thu, 25 Jun 2020 12:50:14 GMT

15:50:14.030 [AsyncHttpClient-3-1] DEBUG o.a.netty.channel.ChannelManager - Adding key: http://localhost:10889 for channel [id: 0x7c68b8df, L:/127.0.0.1:64390 - R:localhost/127.0.0.1:10889]
15:50:14.031 [Forwarding findChildElement on session 14f61660-7bcc-4279-b6a3-7163a94e0626 to remote] DEBUG o.a.netty.request.NettyRequestSender - Using pooled Channel '[id: 0x7c68b8df, L:/127.0.0.1:64390 - R:localhost/127.0.0.1:10889]' for 'POST' to 'http://localhost:10889/session/14f61660-7bcc-4279-b6a3-7163a94e0626/element/747fd58d-8e10-4f7a-a98c-410987b78775/element'
15:50:14.031 [Forwarding findChildElement on session 14f61660-7bcc-4279-b6a3-7163a94e0626 to remote] DEBUG o.a.netty.request.NettyRequestSender - Using open Channel [id: 0x7c68b8df, L:/127.0.0.1:64390 - R:localhost/127.0.0.1:10889] for POST '/session/14f61660-7bcc-4279-b6a3-7163a94e0626/element/747fd58d-8e10-4f7a-a98c-410987b78775/element'
15:50:14.034 [AsyncHttpClient-3-1] DEBUG o.a.netty.handler.HttpHandler - 

Request DefaultHttpRequest(decodeResult: success, version: HTTP/1.1)
POST /session/14f61660-7bcc-4279-b6a3-7163a94e0626/element/747fd58d-8e10-4f7a-a98c-410987b78775/element HTTP/1.1
User-Agent: selenium/4.0.0-alpha-5 (java windows)
Content-Length: 103
Content-Type: application/json; charset=utf-8
host: localhost:10889
accept: */*

Response DefaultHttpResponse(decodeResult: success, version: HTTP/1.1)
HTTP/1.1 200 OK
content-type: application/json; charset=utf-8
cache-control: no-cache
content-length: 88
date: Thu, 25 Jun 2020 12:50:14 GMT

15:50:14.034 [AsyncHttpClient-3-1] DEBUG o.a.netty.channel.ChannelManager - Adding key: http://localhost:10889 for channel [id: 0x7c68b8df, L:/127.0.0.1:64390 - R:localhost/127.0.0.1:10889]
15:50:14.034 [Forwarding getElementText on session 14f61660-7bcc-4279-b6a3-7163a94e0626 to remote] DEBUG o.a.netty.request.NettyRequestSender - Using pooled Channel '[id: 0x7c68b8df, L:/127.0.0.1:64390 - R:localhost/127.0.0.1:10889]' for 'GET' to 'http://localhost:10889/session/14f61660-7bcc-4279-b6a3-7163a94e0626/element/fba110a3-2294-4d2a-864f-a03a21ddef16/text'
15:50:14.034 [Forwarding getElementText on session 14f61660-7bcc-4279-b6a3-7163a94e0626 to remote] DEBUG o.a.netty.request.NettyRequestSender - Using open Channel [id: 0x7c68b8df, L:/127.0.0.1:64390 - R:localhost/127.0.0.1:10889] for GET '/session/14f61660-7bcc-4279-b6a3-7163a94e0626/element/fba110a3-2294-4d2a-864f-a03a21ddef16/text'
15:50:14.041 [AsyncHttpClient-3-1] DEBUG o.a.netty.handler.HttpHandler - 

Request DefaultFullHttpRequest(decodeResult: success, version: HTTP/1.1, content: EmptyByteBufBE)
GET /session/14f61660-7bcc-4279-b6a3-7163a94e0626/element/fba110a3-2294-4d2a-864f-a03a21ddef16/text HTTP/1.1
User-Agent: selenium/4.0.0-alpha-5 (java windows)
Cache-Control: no-cache
host: localhost:10889
accept: */*

Response DefaultHttpResponse(decodeResult: success, version: HTTP/1.1)
HTTP/1.1 200 OK
content-type: application/json; charset=utf-8
cache-control: no-cache
content-length: 57
date: Thu, 25 Jun 2020 12:50:14 GMT

15:50:14.041 [AsyncHttpClient-3-1] DEBUG o.a.netty.channel.ChannelManager - Adding key: http://localhost:10889 for channel [id: 0x7c68b8df, L:/127.0.0.1:64390 - R:localhost/127.0.0.1:10889]
15:50:14.042 [Forwarding findChildElement on session 14f61660-7bcc-4279-b6a3-7163a94e0626 to remote] DEBUG o.a.netty.request.NettyRequestSender - Using pooled Channel '[id: 0x7c68b8df, L:/127.0.0.1:64390 - R:localhost/127.0.0.1:10889]' for 'POST' to 'http://localhost:10889/session/14f61660-7bcc-4279-b6a3-7163a94e0626/element/747fd58d-8e10-4f7a-a98c-410987b78775/element'
15:50:14.042 [Forwarding findChildElement on session 14f61660-7bcc-4279-b6a3-7163a94e0626 to remote] DEBUG o.a.netty.request.NettyRequestSender - Using open Channel [id: 0x7c68b8df, L:/127.0.0.1:64390 - R:localhost/127.0.0.1:10889] for POST '/session/14f61660-7bcc-4279-b6a3-7163a94e0626/element/747fd58d-8e10-4f7a-a98c-410987b78775/element'
15:50:14.046 [AsyncHttpClient-3-1] DEBUG o.a.netty.handler.HttpHandler - 

Request DefaultHttpRequest(decodeResult: success, version: HTTP/1.1)
POST /session/14f61660-7bcc-4279-b6a3-7163a94e0626/element/747fd58d-8e10-4f7a-a98c-410987b78775/element HTTP/1.1
User-Agent: selenium/4.0.0-alpha-5 (java windows)
Content-Length: 97
Content-Type: application/json; charset=utf-8
host: localhost:10889
accept: */*

Response DefaultHttpResponse(decodeResult: success, version: HTTP/1.1)
HTTP/1.1 200 OK
content-type: application/json; charset=utf-8
cache-control: no-cache
content-length: 88
date: Thu, 25 Jun 2020 12:50:14 GMT

15:50:14.046 [AsyncHttpClient-3-1] DEBUG o.a.netty.channel.ChannelManager - Adding key: http://localhost:10889 for channel [id: 0x7c68b8df, L:/127.0.0.1:64390 - R:localhost/127.0.0.1:10889]
15:50:14.049 [Forwarding getElementAttribute on session 14f61660-7bcc-4279-b6a3-7163a94e0626 to remote] DEBUG o.a.netty.request.NettyRequestSender - Using pooled Channel '[id: 0x7c68b8df, L:/127.0.0.1:64390 - R:localhost/127.0.0.1:10889]' for 'POST' to 'http://localhost:10889/session/14f61660-7bcc-4279-b6a3-7163a94e0626/execute/sync'
15:50:14.049 [Forwarding getElementAttribute on session 14f61660-7bcc-4279-b6a3-7163a94e0626 to remote] DEBUG o.a.netty.request.NettyRequestSender - Using open Channel [id: 0x7c68b8df, L:/127.0.0.1:64390 - R:localhost/127.0.0.1:10889] for POST '/session/14f61660-7bcc-4279-b6a3-7163a94e0626/execute/sync'
15:50:14.061 [AsyncHttpClient-3-1] DEBUG o.a.netty.handler.HttpHandler - 

Request DefaultHttpRequest(decodeResult: success, version: HTTP/1.1)
POST /session/14f61660-7bcc-4279-b6a3-7163a94e0626/execute/sync HTTP/1.1
User-Agent: selenium/4.0.0-alpha-5 (java windows)
Content-Length: 39635
Content-Type: application/json; charset=utf-8
host: localhost:10889
accept: */*

Response DefaultHttpResponse(decodeResult: success, version: HTTP/1.1)
HTTP/1.1 200 OK
content-type: application/json; charset=utf-8
cache-control: no-cache
content-length: 15
date: Thu, 25 Jun 2020 12:50:14 GMT

15:50:14.062 [AsyncHttpClient-3-1] DEBUG o.a.netty.channel.ChannelManager - Adding key: http://localhost:10889 for channel [id: 0x7c68b8df, L:/127.0.0.1:64390 - R:localhost/127.0.0.1:10889]
15:50:14.062 [Forwarding findChildElement on session 14f61660-7bcc-4279-b6a3-7163a94e0626 to remote] DEBUG o.a.netty.request.NettyRequestSender - Using pooled Channel '[id: 0x7c68b8df, L:/127.0.0.1:64390 - R:localhost/127.0.0.1:10889]' for 'POST' to 'http://localhost:10889/session/14f61660-7bcc-4279-b6a3-7163a94e0626/element/6ffdeaa7-e41e-4ca3-a478-4a8b5f38590e/element'
15:50:14.062 [Forwarding findChildElement on session 14f61660-7bcc-4279-b6a3-7163a94e0626 to remote] DEBUG o.a.netty.request.NettyRequestSender - Using open Channel [id: 0x7c68b8df, L:/127.0.0.1:64390 - R:localhost/127.0.0.1:10889] for POST '/session/14f61660-7bcc-4279-b6a3-7163a94e0626/element/6ffdeaa7-e41e-4ca3-a478-4a8b5f38590e/element'
15:50:14.065 [AsyncHttpClient-3-1] DEBUG o.a.netty.handler.HttpHandler - 

Request DefaultHttpRequest(decodeResult: success, version: HTTP/1.1)
POST /session/14f61660-7bcc-4279-b6a3-7163a94e0626/element/6ffdeaa7-e41e-4ca3-a478-4a8b5f38590e/element HTTP/1.1
User-Agent: selenium/4.0.0-alpha-5 (java windows)
Content-Length: 103
Content-Type: application/json; charset=utf-8
host: localhost:10889
accept: */*

Response DefaultHttpResponse(decodeResult: success, version: HTTP/1.1)
HTTP/1.1 200 OK
content-type: application/json; charset=utf-8
cache-control: no-cache
content-length: 88
date: Thu, 25 Jun 2020 12:50:14 GMT

15:50:14.066 [AsyncHttpClient-3-1] DEBUG o.a.netty.channel.ChannelManager - Adding key: http://localhost:10889 for channel [id: 0x7c68b8df, L:/127.0.0.1:64390 - R:localhost/127.0.0.1:10889]
15:50:14.066 [Forwarding getElementText on session 14f61660-7bcc-4279-b6a3-7163a94e0626 to remote] DEBUG o.a.netty.request.NettyRequestSender - Using pooled Channel '[id: 0x7c68b8df, L:/127.0.0.1:64390 - R:localhost/127.0.0.1:10889]' for 'GET' to 'http://localhost:10889/session/14f61660-7bcc-4279-b6a3-7163a94e0626/element/2b5aee28-e0b0-4fa5-a401-fd9342315b6c/text'
15:50:14.066 [Forwarding getElementText on session 14f61660-7bcc-4279-b6a3-7163a94e0626 to remote] DEBUG o.a.netty.request.NettyRequestSender - Using open Channel [id: 0x7c68b8df, L:/127.0.0.1:64390 - R:localhost/127.0.0.1:10889] for GET '/session/14f61660-7bcc-4279-b6a3-7163a94e0626/element/2b5aee28-e0b0-4fa5-a401-fd9342315b6c/text'
15:50:14.070 [AsyncHttpClient-3-1] DEBUG o.a.netty.handler.HttpHandler - 

Request DefaultFullHttpRequest(decodeResult: success, version: HTTP/1.1, content: EmptyByteBufBE)
GET /session/14f61660-7bcc-4279-b6a3-7163a94e0626/element/2b5aee28-e0b0-4fa5-a401-fd9342315b6c/text HTTP/1.1
User-Agent: selenium/4.0.0-alpha-5 (java windows)
Cache-Control: no-cache
host: localhost:10889
accept: */*

Response DefaultHttpResponse(decodeResult: success, version: HTTP/1.1)
HTTP/1.1 200 OK
content-type: application/json; charset=utf-8
cache-control: no-cache
content-length: 18
date: Thu, 25 Jun 2020 12:50:14 GMT

15:50:14.070 [AsyncHttpClient-3-1] DEBUG o.a.netty.channel.ChannelManager - Adding key: http://localhost:10889 for channel [id: 0x7c68b8df, L:/127.0.0.1:64390 - R:localhost/127.0.0.1:10889]
15:50:14.071 [Forwarding findChildElement on session 14f61660-7bcc-4279-b6a3-7163a94e0626 to remote] DEBUG o.a.netty.request.NettyRequestSender - Using pooled Channel '[id: 0x7c68b8df, L:/127.0.0.1:64390 - R:localhost/127.0.0.1:10889]' for 'POST' to 'http://localhost:10889/session/14f61660-7bcc-4279-b6a3-7163a94e0626/element/6ffdeaa7-e41e-4ca3-a478-4a8b5f38590e/element'
15:50:14.071 [Forwarding findChildElement on session 14f61660-7bcc-4279-b6a3-7163a94e0626 to remote] DEBUG o.a.netty.request.NettyRequestSender - Using open Channel [id: 0x7c68b8df, L:/127.0.0.1:64390 - R:localhost/127.0.0.1:10889] for POST '/session/14f61660-7bcc-4279-b6a3-7163a94e0626/element/6ffdeaa7-e41e-4ca3-a478-4a8b5f38590e/element'
15:50:14.074 [AsyncHttpClient-3-1] DEBUG o.a.netty.handler.HttpHandler - 

Request DefaultHttpRequest(decodeResult: success, version: HTTP/1.1)
POST /session/14f61660-7bcc-4279-b6a3-7163a94e0626/element/6ffdeaa7-e41e-4ca3-a478-4a8b5f38590e/element HTTP/1.1
User-Agent: selenium/4.0.0-alpha-5 (java windows)
Content-Length: 103
Content-Type: application/json; charset=utf-8
host: localhost:10889
accept: */*

Response DefaultHttpResponse(decodeResult: success, version: HTTP/1.1)
HTTP/1.1 200 OK
content-type: application/json; charset=utf-8
cache-control: no-cache
content-length: 88
date: Thu, 25 Jun 2020 12:50:14 GMT

15:50:14.074 [AsyncHttpClient-3-1] DEBUG o.a.netty.channel.ChannelManager - Adding key: http://localhost:10889 for channel [id: 0x7c68b8df, L:/127.0.0.1:64390 - R:localhost/127.0.0.1:10889]
15:50:14.075 [Forwarding getElementText on session 14f61660-7bcc-4279-b6a3-7163a94e0626 to remote] DEBUG o.a.netty.request.NettyRequestSender - Using pooled Channel '[id: 0x7c68b8df, L:/127.0.0.1:64390 - R:localhost/127.0.0.1:10889]' for 'GET' to 'http://localhost:10889/session/14f61660-7bcc-4279-b6a3-7163a94e0626/element/17c4cd7c-38c9-4cca-bbc9-93dd158fbaeb/text'
15:50:14.075 [Forwarding getElementText on session 14f61660-7bcc-4279-b6a3-7163a94e0626 to remote] DEBUG o.a.netty.request.NettyRequestSender - Using open Channel [id: 0x7c68b8df, L:/127.0.0.1:64390 - R:localhost/127.0.0.1:10889] for GET '/session/14f61660-7bcc-4279-b6a3-7163a94e0626/element/17c4cd7c-38c9-4cca-bbc9-93dd158fbaeb/text'
15:50:14.079 [AsyncHttpClient-3-1] DEBUG o.a.netty.handler.HttpHandler - 

Request DefaultFullHttpRequest(decodeResult: success, version: HTTP/1.1, content: EmptyByteBufBE)
GET /session/14f61660-7bcc-4279-b6a3-7163a94e0626/element/17c4cd7c-38c9-4cca-bbc9-93dd158fbaeb/text HTTP/1.1
User-Agent: selenium/4.0.0-alpha-5 (java windows)
Cache-Control: no-cache
host: localhost:10889
accept: */*

Response DefaultHttpResponse(decodeResult: success, version: HTTP/1.1)
HTTP/1.1 200 OK
content-type: application/json; charset=utf-8
cache-control: no-cache
content-length: 22
date: Thu, 25 Jun 2020 12:50:14 GMT

15:50:14.079 [AsyncHttpClient-3-1] DEBUG o.a.netty.channel.ChannelManager - Adding key: http://localhost:10889 for channel [id: 0x7c68b8df, L:/127.0.0.1:64390 - R:localhost/127.0.0.1:10889]
15:50:14.079 [Forwarding findChildElement on session 14f61660-7bcc-4279-b6a3-7163a94e0626 to remote] DEBUG o.a.netty.request.NettyRequestSender - Using pooled Channel '[id: 0x7c68b8df, L:/127.0.0.1:64390 - R:localhost/127.0.0.1:10889]' for 'POST' to 'http://localhost:10889/session/14f61660-7bcc-4279-b6a3-7163a94e0626/element/6ffdeaa7-e41e-4ca3-a478-4a8b5f38590e/element'
15:50:14.079 [Forwarding findChildElement on session 14f61660-7bcc-4279-b6a3-7163a94e0626 to remote] DEBUG o.a.netty.request.NettyRequestSender - Using open Channel [id: 0x7c68b8df, L:/127.0.0.1:64390 - R:localhost/127.0.0.1:10889] for POST '/session/14f61660-7bcc-4279-b6a3-7163a94e0626/element/6ffdeaa7-e41e-4ca3-a478-4a8b5f38590e/element'
15:50:14.083 [AsyncHttpClient-3-1] DEBUG o.a.netty.handler.HttpHandler - 

Request DefaultHttpRequest(decodeResult: success, version: HTTP/1.1)
POST /session/14f61660-7bcc-4279-b6a3-7163a94e0626/element/6ffdeaa7-e41e-4ca3-a478-4a8b5f38590e/element HTTP/1.1
User-Agent: selenium/4.0.0-alpha-5 (java windows)
Content-Length: 103
Content-Type: application/json; charset=utf-8
host: localhost:10889
accept: */*

Response DefaultHttpResponse(decodeResult: success, version: HTTP/1.1)
HTTP/1.1 200 OK
content-type: application/json; charset=utf-8
cache-control: no-cache
content-length: 88
date: Thu, 25 Jun 2020 12:50:14 GMT

15:50:14.083 [AsyncHttpClient-3-1] DEBUG o.a.netty.channel.ChannelManager - Adding key: http://localhost:10889 for channel [id: 0x7c68b8df, L:/127.0.0.1:64390 - R:localhost/127.0.0.1:10889]
15:50:14.084 [Forwarding getElementText on session 14f61660-7bcc-4279-b6a3-7163a94e0626 to remote] DEBUG o.a.netty.request.NettyRequestSender - Using pooled Channel '[id: 0x7c68b8df, L:/127.0.0.1:64390 - R:localhost/127.0.0.1:10889]' for 'GET' to 'http://localhost:10889/session/14f61660-7bcc-4279-b6a3-7163a94e0626/element/0cacdf56-73c4-4cfb-854b-209551e68acd/text'
15:50:14.084 [Forwarding getElementText on session 14f61660-7bcc-4279-b6a3-7163a94e0626 to remote] DEBUG o.a.netty.request.NettyRequestSender - Using open Channel [id: 0x7c68b8df, L:/127.0.0.1:64390 - R:localhost/127.0.0.1:10889] for GET '/session/14f61660-7bcc-4279-b6a3-7163a94e0626/element/0cacdf56-73c4-4cfb-854b-209551e68acd/text'
15:50:14.093 [AsyncHttpClient-3-1] DEBUG o.a.netty.handler.HttpHandler - 

Request DefaultFullHttpRequest(decodeResult: success, version: HTTP/1.1, content: EmptyByteBufBE)
GET /session/14f61660-7bcc-4279-b6a3-7163a94e0626/element/0cacdf56-73c4-4cfb-854b-209551e68acd/text HTTP/1.1
User-Agent: selenium/4.0.0-alpha-5 (java windows)
Cache-Control: no-cache
host: localhost:10889
accept: */*

Response DefaultHttpResponse(decodeResult: success, version: HTTP/1.1)
HTTP/1.1 200 OK
content-type: application/json; charset=utf-8
cache-control: no-cache
content-length: 21
date: Thu, 25 Jun 2020 12:50:14 GMT

15:50:14.093 [AsyncHttpClient-3-1] DEBUG o.a.netty.channel.ChannelManager - Adding key: http://localhost:10889 for channel [id: 0x7c68b8df, L:/127.0.0.1:64390 - R:localhost/127.0.0.1:10889]
15:50:14.093 [Forwarding findChildElement on session 14f61660-7bcc-4279-b6a3-7163a94e0626 to remote] DEBUG o.a.netty.request.NettyRequestSender - Using pooled Channel '[id: 0x7c68b8df, L:/127.0.0.1:64390 - R:localhost/127.0.0.1:10889]' for 'POST' to 'http://localhost:10889/session/14f61660-7bcc-4279-b6a3-7163a94e0626/element/6ffdeaa7-e41e-4ca3-a478-4a8b5f38590e/element'
15:50:14.093 [Forwarding findChildElement on session 14f61660-7bcc-4279-b6a3-7163a94e0626 to remote] DEBUG o.a.netty.request.NettyRequestSender - Using open Channel [id: 0x7c68b8df, L:/127.0.0.1:64390 - R:localhost/127.0.0.1:10889] for POST '/session/14f61660-7bcc-4279-b6a3-7163a94e0626/element/6ffdeaa7-e41e-4ca3-a478-4a8b5f38590e/element'
15:50:14.097 [AsyncHttpClient-3-1] DEBUG o.a.netty.handler.HttpHandler - 

Request DefaultHttpRequest(decodeResult: success, version: HTTP/1.1)
POST /session/14f61660-7bcc-4279-b6a3-7163a94e0626/element/6ffdeaa7-e41e-4ca3-a478-4a8b5f38590e/element HTTP/1.1
User-Agent: selenium/4.0.0-alpha-5 (java windows)
Content-Length: 103
Content-Type: application/json; charset=utf-8
host: localhost:10889
accept: */*

Response DefaultHttpResponse(decodeResult: success, version: HTTP/1.1)
HTTP/1.1 200 OK
content-type: application/json; charset=utf-8
cache-control: no-cache
content-length: 88
date: Thu, 25 Jun 2020 12:50:14 GMT

15:50:14.097 [AsyncHttpClient-3-1] DEBUG o.a.netty.channel.ChannelManager - Adding key: http://localhost:10889 for channel [id: 0x7c68b8df, L:/127.0.0.1:64390 - R:localhost/127.0.0.1:10889]
15:50:14.097 [Forwarding getElementText on session 14f61660-7bcc-4279-b6a3-7163a94e0626 to remote] DEBUG o.a.netty.request.NettyRequestSender - Using pooled Channel '[id: 0x7c68b8df, L:/127.0.0.1:64390 - R:localhost/127.0.0.1:10889]' for 'GET' to 'http://localhost:10889/session/14f61660-7bcc-4279-b6a3-7163a94e0626/element/d8f2a8cc-0cab-4062-81dd-3abfdd5d4ee0/text'
15:50:14.097 [Forwarding getElementText on session 14f61660-7bcc-4279-b6a3-7163a94e0626 to remote] DEBUG o.a.netty.request.NettyRequestSender - Using open Channel [id: 0x7c68b8df, L:/127.0.0.1:64390 - R:localhost/127.0.0.1:10889] for GET '/session/14f61660-7bcc-4279-b6a3-7163a94e0626/element/d8f2a8cc-0cab-4062-81dd-3abfdd5d4ee0/text'
15:50:14.102 [AsyncHttpClient-3-1] DEBUG o.a.netty.handler.HttpHandler - 

Request DefaultFullHttpRequest(decodeResult: success, version: HTTP/1.1, content: EmptyByteBufBE)
GET /session/14f61660-7bcc-4279-b6a3-7163a94e0626/element/d8f2a8cc-0cab-4062-81dd-3abfdd5d4ee0/text HTTP/1.1
User-Agent: selenium/4.0.0-alpha-5 (java windows)
Cache-Control: no-cache
host: localhost:10889
accept: */*

Response DefaultHttpResponse(decodeResult: success, version: HTTP/1.1)
HTTP/1.1 200 OK
content-type: application/json; charset=utf-8
cache-control: no-cache
content-length: 45
date: Thu, 25 Jun 2020 12:50:14 GMT

15:50:14.102 [AsyncHttpClient-3-1] DEBUG o.a.netty.channel.ChannelManager - Adding key: http://localhost:10889 for channel [id: 0x7c68b8df, L:/127.0.0.1:64390 - R:localhost/127.0.0.1:10889]
15:50:14.102 [Forwarding findChildElement on session 14f61660-7bcc-4279-b6a3-7163a94e0626 to remote] DEBUG o.a.netty.request.NettyRequestSender - Using pooled Channel '[id: 0x7c68b8df, L:/127.0.0.1:64390 - R:localhost/127.0.0.1:10889]' for 'POST' to 'http://localhost:10889/session/14f61660-7bcc-4279-b6a3-7163a94e0626/element/6ffdeaa7-e41e-4ca3-a478-4a8b5f38590e/element'
15:50:14.102 [Forwarding findChildElement on session 14f61660-7bcc-4279-b6a3-7163a94e0626 to remote] DEBUG o.a.netty.request.NettyRequestSender - Using open Channel [id: 0x7c68b8df, L:/127.0.0.1:64390 - R:localhost/127.0.0.1:10889] for POST '/session/14f61660-7bcc-4279-b6a3-7163a94e0626/element/6ffdeaa7-e41e-4ca3-a478-4a8b5f38590e/element'
15:50:14.106 [AsyncHttpClient-3-1] DEBUG o.a.netty.handler.HttpHandler - 

Request DefaultHttpRequest(decodeResult: success, version: HTTP/1.1)
POST /session/14f61660-7bcc-4279-b6a3-7163a94e0626/element/6ffdeaa7-e41e-4ca3-a478-4a8b5f38590e/element HTTP/1.1
User-Agent: selenium/4.0.0-alpha-5 (java windows)
Content-Length: 103
Content-Type: application/json; charset=utf-8
host: localhost:10889
accept: */*

Response DefaultHttpResponse(decodeResult: success, version: HTTP/1.1)
HTTP/1.1 200 OK
content-type: application/json; charset=utf-8
cache-control: no-cache
content-length: 88
date: Thu, 25 Jun 2020 12:50:14 GMT

15:50:14.106 [AsyncHttpClient-3-1] DEBUG o.a.netty.channel.ChannelManager - Adding key: http://localhost:10889 for channel [id: 0x7c68b8df, L:/127.0.0.1:64390 - R:localhost/127.0.0.1:10889]
15:50:14.106 [Forwarding getElementText on session 14f61660-7bcc-4279-b6a3-7163a94e0626 to remote] DEBUG o.a.netty.request.NettyRequestSender - Using pooled Channel '[id: 0x7c68b8df, L:/127.0.0.1:64390 - R:localhost/127.0.0.1:10889]' for 'GET' to 'http://localhost:10889/session/14f61660-7bcc-4279-b6a3-7163a94e0626/element/0f7d098a-9e62-489a-9da1-e54e25d0ec05/text'
15:50:14.106 [Forwarding getElementText on session 14f61660-7bcc-4279-b6a3-7163a94e0626 to remote] DEBUG o.a.netty.request.NettyRequestSender - Using open Channel [id: 0x7c68b8df, L:/127.0.0.1:64390 - R:localhost/127.0.0.1:10889] for GET '/session/14f61660-7bcc-4279-b6a3-7163a94e0626/element/0f7d098a-9e62-489a-9da1-e54e25d0ec05/text'
15:50:14.113 [AsyncHttpClient-3-1] DEBUG o.a.netty.handler.HttpHandler - 

Request DefaultFullHttpRequest(decodeResult: success, version: HTTP/1.1, content: EmptyByteBufBE)
GET /session/14f61660-7bcc-4279-b6a3-7163a94e0626/element/0f7d098a-9e62-489a-9da1-e54e25d0ec05/text HTTP/1.1
User-Agent: selenium/4.0.0-alpha-5 (java windows)
Cache-Control: no-cache
host: localhost:10889
accept: */*

Response DefaultHttpResponse(decodeResult: success, version: HTTP/1.1)
HTTP/1.1 200 OK
content-type: application/json; charset=utf-8
cache-control: no-cache
content-length: 57
date: Thu, 25 Jun 2020 12:50:14 GMT

15:50:14.113 [AsyncHttpClient-3-1] DEBUG o.a.netty.channel.ChannelManager - Adding key: http://localhost:10889 for channel [id: 0x7c68b8df, L:/127.0.0.1:64390 - R:localhost/127.0.0.1:10889]
15:50:14.113 [Forwarding findChildElement on session 14f61660-7bcc-4279-b6a3-7163a94e0626 to remote] DEBUG o.a.netty.request.NettyRequestSender - Using pooled Channel '[id: 0x7c68b8df, L:/127.0.0.1:64390 - R:localhost/127.0.0.1:10889]' for 'POST' to 'http://localhost:10889/session/14f61660-7bcc-4279-b6a3-7163a94e0626/element/6ffdeaa7-e41e-4ca3-a478-4a8b5f38590e/element'
15:50:14.113 [Forwarding findChildElement on session 14f61660-7bcc-4279-b6a3-7163a94e0626 to remote] DEBUG o.a.netty.request.NettyRequestSender - Using open Channel [id: 0x7c68b8df, L:/127.0.0.1:64390 - R:localhost/127.0.0.1:10889] for POST '/session/14f61660-7bcc-4279-b6a3-7163a94e0626/element/6ffdeaa7-e41e-4ca3-a478-4a8b5f38590e/element'
15:50:14.117 [AsyncHttpClient-3-1] DEBUG o.a.netty.handler.HttpHandler - 

Request DefaultHttpRequest(decodeResult: success, version: HTTP/1.1)
POST /session/14f61660-7bcc-4279-b6a3-7163a94e0626/element/6ffdeaa7-e41e-4ca3-a478-4a8b5f38590e/element HTTP/1.1
User-Agent: selenium/4.0.0-alpha-5 (java windows)
Content-Length: 97
Content-Type: application/json; charset=utf-8
host: localhost:10889
accept: */*

Response DefaultHttpResponse(decodeResult: success, version: HTTP/1.1)
HTTP/1.1 200 OK
content-type: application/json; charset=utf-8
cache-control: no-cache
content-length: 88
date: Thu, 25 Jun 2020 12:50:14 GMT

15:50:14.117 [AsyncHttpClient-3-1] DEBUG o.a.netty.channel.ChannelManager - Adding key: http://localhost:10889 for channel [id: 0x7c68b8df, L:/127.0.0.1:64390 - R:localhost/127.0.0.1:10889]
15:50:14.119 [Forwarding getElementAttribute on session 14f61660-7bcc-4279-b6a3-7163a94e0626 to remote] DEBUG o.a.netty.request.NettyRequestSender - Using pooled Channel '[id: 0x7c68b8df, L:/127.0.0.1:64390 - R:localhost/127.0.0.1:10889]' for 'POST' to 'http://localhost:10889/session/14f61660-7bcc-4279-b6a3-7163a94e0626/execute/sync'
15:50:14.120 [Forwarding getElementAttribute on session 14f61660-7bcc-4279-b6a3-7163a94e0626 to remote] DEBUG o.a.netty.request.NettyRequestSender - Using open Channel [id: 0x7c68b8df, L:/127.0.0.1:64390 - R:localhost/127.0.0.1:10889] for POST '/session/14f61660-7bcc-4279-b6a3-7163a94e0626/execute/sync'
15:50:14.133 [AsyncHttpClient-3-1] DEBUG o.a.netty.handler.HttpHandler - 

Request DefaultHttpRequest(decodeResult: success, version: HTTP/1.1)
POST /session/14f61660-7bcc-4279-b6a3-7163a94e0626/execute/sync HTTP/1.1
User-Agent: selenium/4.0.0-alpha-5 (java windows)
Content-Length: 39635
Content-Type: application/json; charset=utf-8
host: localhost:10889
accept: */*

Response DefaultHttpResponse(decodeResult: success, version: HTTP/1.1)
HTTP/1.1 200 OK
content-type: application/json; charset=utf-8
cache-control: no-cache
content-length: 15
date: Thu, 25 Jun 2020 12:50:14 GMT

15:50:14.133 [AsyncHttpClient-3-1] DEBUG o.a.netty.channel.ChannelManager - Adding key: http://localhost:10889 for channel [id: 0x7c68b8df, L:/127.0.0.1:64390 - R:localhost/127.0.0.1:10889]
15:50:14.134 [Forwarding findChildElement on session 14f61660-7bcc-4279-b6a3-7163a94e0626 to remote] DEBUG o.a.netty.request.NettyRequestSender - Using pooled Channel '[id: 0x7c68b8df, L:/127.0.0.1:64390 - R:localhost/127.0.0.1:10889]' for 'POST' to 'http://localhost:10889/session/14f61660-7bcc-4279-b6a3-7163a94e0626/element/5701a58a-e781-4926-a741-ea803f157120/element'
15:50:14.134 [Forwarding findChildElement on session 14f61660-7bcc-4279-b6a3-7163a94e0626 to remote] DEBUG o.a.netty.request.NettyRequestSender - Using open Channel [id: 0x7c68b8df, L:/127.0.0.1:64390 - R:localhost/127.0.0.1:10889] for POST '/session/14f61660-7bcc-4279-b6a3-7163a94e0626/element/5701a58a-e781-4926-a741-ea803f157120/element'
15:50:14.137 [AsyncHttpClient-3-1] DEBUG o.a.netty.handler.HttpHandler - 

Request DefaultHttpRequest(decodeResult: success, version: HTTP/1.1)
POST /session/14f61660-7bcc-4279-b6a3-7163a94e0626/element/5701a58a-e781-4926-a741-ea803f157120/element HTTP/1.1
User-Agent: selenium/4.0.0-alpha-5 (java windows)
Content-Length: 103
Content-Type: application/json; charset=utf-8
host: localhost:10889
accept: */*

Response DefaultHttpResponse(decodeResult: success, version: HTTP/1.1)
HTTP/1.1 200 OK
content-type: application/json; charset=utf-8
cache-control: no-cache
content-length: 88
date: Thu, 25 Jun 2020 12:50:14 GMT

15:50:14.138 [AsyncHttpClient-3-1] DEBUG o.a.netty.channel.ChannelManager - Adding key: http://localhost:10889 for channel [id: 0x7c68b8df, L:/127.0.0.1:64390 - R:localhost/127.0.0.1:10889]
15:50:14.138 [Forwarding getElementText on session 14f61660-7bcc-4279-b6a3-7163a94e0626 to remote] DEBUG o.a.netty.request.NettyRequestSender - Using pooled Channel '[id: 0x7c68b8df, L:/127.0.0.1:64390 - R:localhost/127.0.0.1:10889]' for 'GET' to 'http://localhost:10889/session/14f61660-7bcc-4279-b6a3-7163a94e0626/element/2b44b6f9-34fe-48d9-ab32-5e4eae76893c/text'
15:50:14.138 [Forwarding getElementText on session 14f61660-7bcc-4279-b6a3-7163a94e0626 to remote] DEBUG o.a.netty.request.NettyRequestSender - Using open Channel [id: 0x7c68b8df, L:/127.0.0.1:64390 - R:localhost/127.0.0.1:10889] for GET '/session/14f61660-7bcc-4279-b6a3-7163a94e0626/element/2b44b6f9-34fe-48d9-ab32-5e4eae76893c/text'
15:50:14.142 [AsyncHttpClient-3-1] DEBUG o.a.netty.handler.HttpHandler - 

Request DefaultFullHttpRequest(decodeResult: success, version: HTTP/1.1, content: EmptyByteBufBE)
GET /session/14f61660-7bcc-4279-b6a3-7163a94e0626/element/2b44b6f9-34fe-48d9-ab32-5e4eae76893c/text HTTP/1.1
User-Agent: selenium/4.0.0-alpha-5 (java windows)
Cache-Control: no-cache
host: localhost:10889
accept: */*

Response DefaultHttpResponse(decodeResult: success, version: HTTP/1.1)
HTTP/1.1 200 OK
content-type: application/json; charset=utf-8
cache-control: no-cache
content-length: 18
date: Thu, 25 Jun 2020 12:50:14 GMT

15:50:14.142 [AsyncHttpClient-3-1] DEBUG o.a.netty.channel.ChannelManager - Adding key: http://localhost:10889 for channel [id: 0x7c68b8df, L:/127.0.0.1:64390 - R:localhost/127.0.0.1:10889]
15:50:14.142 [Forwarding findChildElement on session 14f61660-7bcc-4279-b6a3-7163a94e0626 to remote] DEBUG o.a.netty.request.NettyRequestSender - Using pooled Channel '[id: 0x7c68b8df, L:/127.0.0.1:64390 - R:localhost/127.0.0.1:10889]' for 'POST' to 'http://localhost:10889/session/14f61660-7bcc-4279-b6a3-7163a94e0626/element/5701a58a-e781-4926-a741-ea803f157120/element'
15:50:14.142 [Forwarding findChildElement on session 14f61660-7bcc-4279-b6a3-7163a94e0626 to remote] DEBUG o.a.netty.request.NettyRequestSender - Using open Channel [id: 0x7c68b8df, L:/127.0.0.1:64390 - R:localhost/127.0.0.1:10889] for POST '/session/14f61660-7bcc-4279-b6a3-7163a94e0626/element/5701a58a-e781-4926-a741-ea803f157120/element'
15:50:14.146 [AsyncHttpClient-3-1] DEBUG o.a.netty.handler.HttpHandler - 

Request DefaultHttpRequest(decodeResult: success, version: HTTP/1.1)
POST /session/14f61660-7bcc-4279-b6a3-7163a94e0626/element/5701a58a-e781-4926-a741-ea803f157120/element HTTP/1.1
User-Agent: selenium/4.0.0-alpha-5 (java windows)
Content-Length: 103
Content-Type: application/json; charset=utf-8
host: localhost:10889
accept: */*

Response DefaultHttpResponse(decodeResult: success, version: HTTP/1.1)
HTTP/1.1 200 OK
content-type: application/json; charset=utf-8
cache-control: no-cache
content-length: 88
date: Thu, 25 Jun 2020 12:50:14 GMT

15:50:14.146 [AsyncHttpClient-3-1] DEBUG o.a.netty.channel.ChannelManager - Adding key: http://localhost:10889 for channel [id: 0x7c68b8df, L:/127.0.0.1:64390 - R:localhost/127.0.0.1:10889]
15:50:14.146 [Forwarding getElementText on session 14f61660-7bcc-4279-b6a3-7163a94e0626 to remote] DEBUG o.a.netty.request.NettyRequestSender - Using pooled Channel '[id: 0x7c68b8df, L:/127.0.0.1:64390 - R:localhost/127.0.0.1:10889]' for 'GET' to 'http://localhost:10889/session/14f61660-7bcc-4279-b6a3-7163a94e0626/element/b4faa602-90d2-4406-8ecc-a50b17d58703/text'
15:50:14.146 [Forwarding getElementText on session 14f61660-7bcc-4279-b6a3-7163a94e0626 to remote] DEBUG o.a.netty.request.NettyRequestSender - Using open Channel [id: 0x7c68b8df, L:/127.0.0.1:64390 - R:localhost/127.0.0.1:10889] for GET '/session/14f61660-7bcc-4279-b6a3-7163a94e0626/element/b4faa602-90d2-4406-8ecc-a50b17d58703/text'
15:50:14.151 [AsyncHttpClient-3-1] DEBUG o.a.netty.handler.HttpHandler - 

Request DefaultFullHttpRequest(decodeResult: success, version: HTTP/1.1, content: EmptyByteBufBE)
GET /session/14f61660-7bcc-4279-b6a3-7163a94e0626/element/b4faa602-90d2-4406-8ecc-a50b17d58703/text HTTP/1.1
User-Agent: selenium/4.0.0-alpha-5 (java windows)
Cache-Control: no-cache
host: localhost:10889
accept: */*

Response DefaultHttpResponse(decodeResult: success, version: HTTP/1.1)
HTTP/1.1 200 OK
content-type: application/json; charset=utf-8
cache-control: no-cache
content-length: 22
date: Thu, 25 Jun 2020 12:50:14 GMT

15:50:14.151 [AsyncHttpClient-3-1] DEBUG o.a.netty.channel.ChannelManager - Adding key: http://localhost:10889 for channel [id: 0x7c68b8df, L:/127.0.0.1:64390 - R:localhost/127.0.0.1:10889]
15:50:14.152 [Forwarding findChildElement on session 14f61660-7bcc-4279-b6a3-7163a94e0626 to remote] DEBUG o.a.netty.request.NettyRequestSender - Using pooled Channel '[id: 0x7c68b8df, L:/127.0.0.1:64390 - R:localhost/127.0.0.1:10889]' for 'POST' to 'http://localhost:10889/session/14f61660-7bcc-4279-b6a3-7163a94e0626/element/5701a58a-e781-4926-a741-ea803f157120/element'
15:50:14.152 [Forwarding findChildElement on session 14f61660-7bcc-4279-b6a3-7163a94e0626 to remote] DEBUG o.a.netty.request.NettyRequestSender - Using open Channel [id: 0x7c68b8df, L:/127.0.0.1:64390 - R:localhost/127.0.0.1:10889] for POST '/session/14f61660-7bcc-4279-b6a3-7163a94e0626/element/5701a58a-e781-4926-a741-ea803f157120/element'
15:50:14.157 [AsyncHttpClient-3-1] DEBUG o.a.netty.handler.HttpHandler - 

Request DefaultHttpRequest(decodeResult: success, version: HTTP/1.1)
POST /session/14f61660-7bcc-4279-b6a3-7163a94e0626/element/5701a58a-e781-4926-a741-ea803f157120/element HTTP/1.1
User-Agent: selenium/4.0.0-alpha-5 (java windows)
Content-Length: 103
Content-Type: application/json; charset=utf-8
host: localhost:10889
accept: */*

Response DefaultHttpResponse(decodeResult: success, version: HTTP/1.1)
HTTP/1.1 200 OK
content-type: application/json; charset=utf-8
cache-control: no-cache
content-length: 88
date: Thu, 25 Jun 2020 12:50:14 GMT

15:50:14.158 [AsyncHttpClient-3-1] DEBUG o.a.netty.channel.ChannelManager - Adding key: http://localhost:10889 for channel [id: 0x7c68b8df, L:/127.0.0.1:64390 - R:localhost/127.0.0.1:10889]
15:50:14.158 [Forwarding getElementText on session 14f61660-7bcc-4279-b6a3-7163a94e0626 to remote] DEBUG o.a.netty.request.NettyRequestSender - Using pooled Channel '[id: 0x7c68b8df, L:/127.0.0.1:64390 - R:localhost/127.0.0.1:10889]' for 'GET' to 'http://localhost:10889/session/14f61660-7bcc-4279-b6a3-7163a94e0626/element/4d26efff-b3a9-4393-b834-f9c32d0a7b6b/text'
15:50:14.158 [Forwarding getElementText on session 14f61660-7bcc-4279-b6a3-7163a94e0626 to remote] DEBUG o.a.netty.request.NettyRequestSender - Using open Channel [id: 0x7c68b8df, L:/127.0.0.1:64390 - R:localhost/127.0.0.1:10889] for GET '/session/14f61660-7bcc-4279-b6a3-7163a94e0626/element/4d26efff-b3a9-4393-b834-f9c32d0a7b6b/text'
15:50:14.164 [AsyncHttpClient-3-1] DEBUG o.a.netty.handler.HttpHandler - 

Request DefaultFullHttpRequest(decodeResult: success, version: HTTP/1.1, content: EmptyByteBufBE)
GET /session/14f61660-7bcc-4279-b6a3-7163a94e0626/element/4d26efff-b3a9-4393-b834-f9c32d0a7b6b/text HTTP/1.1
User-Agent: selenium/4.0.0-alpha-5 (java windows)
Cache-Control: no-cache
host: localhost:10889
accept: */*

Response DefaultHttpResponse(decodeResult: success, version: HTTP/1.1)
HTTP/1.1 200 OK
content-type: application/json; charset=utf-8
cache-control: no-cache
content-length: 21
date: Thu, 25 Jun 2020 12:50:14 GMT

15:50:14.164 [AsyncHttpClient-3-1] DEBUG o.a.netty.channel.ChannelManager - Adding key: http://localhost:10889 for channel [id: 0x7c68b8df, L:/127.0.0.1:64390 - R:localhost/127.0.0.1:10889]
15:50:14.164 [Forwarding findChildElement on session 14f61660-7bcc-4279-b6a3-7163a94e0626 to remote] DEBUG o.a.netty.request.NettyRequestSender - Using pooled Channel '[id: 0x7c68b8df, L:/127.0.0.1:64390 - R:localhost/127.0.0.1:10889]' for 'POST' to 'http://localhost:10889/session/14f61660-7bcc-4279-b6a3-7163a94e0626/element/5701a58a-e781-4926-a741-ea803f157120/element'
15:50:14.165 [Forwarding findChildElement on session 14f61660-7bcc-4279-b6a3-7163a94e0626 to remote] DEBUG o.a.netty.request.NettyRequestSender - Using open Channel [id: 0x7c68b8df, L:/127.0.0.1:64390 - R:localhost/127.0.0.1:10889] for POST '/session/14f61660-7bcc-4279-b6a3-7163a94e0626/element/5701a58a-e781-4926-a741-ea803f157120/element'
15:50:14.168 [AsyncHttpClient-3-1] DEBUG o.a.netty.handler.HttpHandler - 

Request DefaultHttpRequest(decodeResult: success, version: HTTP/1.1)
POST /session/14f61660-7bcc-4279-b6a3-7163a94e0626/element/5701a58a-e781-4926-a741-ea803f157120/element HTTP/1.1
User-Agent: selenium/4.0.0-alpha-5 (java windows)
Content-Length: 103
Content-Type: application/json; charset=utf-8
host: localhost:10889
accept: */*

Response DefaultHttpResponse(decodeResult: success, version: HTTP/1.1)
HTTP/1.1 200 OK
content-type: application/json; charset=utf-8
cache-control: no-cache
content-length: 88
date: Thu, 25 Jun 2020 12:50:14 GMT

15:50:14.168 [AsyncHttpClient-3-1] DEBUG o.a.netty.channel.ChannelManager - Adding key: http://localhost:10889 for channel [id: 0x7c68b8df, L:/127.0.0.1:64390 - R:localhost/127.0.0.1:10889]
15:50:14.169 [Forwarding getElementText on session 14f61660-7bcc-4279-b6a3-7163a94e0626 to remote] DEBUG o.a.netty.request.NettyRequestSender - Using pooled Channel '[id: 0x7c68b8df, L:/127.0.0.1:64390 - R:localhost/127.0.0.1:10889]' for 'GET' to 'http://localhost:10889/session/14f61660-7bcc-4279-b6a3-7163a94e0626/element/3169fe8b-3977-4a3e-afcf-5d877d5a7eb2/text'
15:50:14.169 [Forwarding getElementText on session 14f61660-7bcc-4279-b6a3-7163a94e0626 to remote] DEBUG o.a.netty.request.NettyRequestSender - Using open Channel [id: 0x7c68b8df, L:/127.0.0.1:64390 - R:localhost/127.0.0.1:10889] for GET '/session/14f61660-7bcc-4279-b6a3-7163a94e0626/element/3169fe8b-3977-4a3e-afcf-5d877d5a7eb2/text'
15:50:14.173 [AsyncHttpClient-3-1] DEBUG o.a.netty.handler.HttpHandler - 

Request DefaultFullHttpRequest(decodeResult: success, version: HTTP/1.1, content: EmptyByteBufBE)
GET /session/14f61660-7bcc-4279-b6a3-7163a94e0626/element/3169fe8b-3977-4a3e-afcf-5d877d5a7eb2/text HTTP/1.1
User-Agent: selenium/4.0.0-alpha-5 (java windows)
Cache-Control: no-cache
host: localhost:10889
accept: */*

Response DefaultHttpResponse(decodeResult: success, version: HTTP/1.1)
HTTP/1.1 200 OK
content-type: application/json; charset=utf-8
cache-control: no-cache
content-length: 45
date: Thu, 25 Jun 2020 12:50:14 GMT

15:50:14.173 [AsyncHttpClient-3-1] DEBUG o.a.netty.channel.ChannelManager - Adding key: http://localhost:10889 for channel [id: 0x7c68b8df, L:/127.0.0.1:64390 - R:localhost/127.0.0.1:10889]
15:50:14.174 [Forwarding findChildElement on session 14f61660-7bcc-4279-b6a3-7163a94e0626 to remote] DEBUG o.a.netty.request.NettyRequestSender - Using pooled Channel '[id: 0x7c68b8df, L:/127.0.0.1:64390 - R:localhost/127.0.0.1:10889]' for 'POST' to 'http://localhost:10889/session/14f61660-7bcc-4279-b6a3-7163a94e0626/element/5701a58a-e781-4926-a741-ea803f157120/element'
15:50:14.174 [Forwarding findChildElement on session 14f61660-7bcc-4279-b6a3-7163a94e0626 to remote] DEBUG o.a.netty.request.NettyRequestSender - Using open Channel [id: 0x7c68b8df, L:/127.0.0.1:64390 - R:localhost/127.0.0.1:10889] for POST '/session/14f61660-7bcc-4279-b6a3-7163a94e0626/element/5701a58a-e781-4926-a741-ea803f157120/element'
15:50:14.177 [AsyncHttpClient-3-1] DEBUG o.a.netty.handler.HttpHandler - 

Request DefaultHttpRequest(decodeResult: success, version: HTTP/1.1)
POST /session/14f61660-7bcc-4279-b6a3-7163a94e0626/element/5701a58a-e781-4926-a741-ea803f157120/element HTTP/1.1
User-Agent: selenium/4.0.0-alpha-5 (java windows)
Content-Length: 103
Content-Type: application/json; charset=utf-8
host: localhost:10889
accept: */*

Response DefaultHttpResponse(decodeResult: success, version: HTTP/1.1)
HTTP/1.1 200 OK
content-type: application/json; charset=utf-8
cache-control: no-cache
content-length: 88
date: Thu, 25 Jun 2020 12:50:14 GMT

15:50:14.177 [AsyncHttpClient-3-1] DEBUG o.a.netty.channel.ChannelManager - Adding key: http://localhost:10889 for channel [id: 0x7c68b8df, L:/127.0.0.1:64390 - R:localhost/127.0.0.1:10889]
15:50:14.177 [Forwarding getElementText on session 14f61660-7bcc-4279-b6a3-7163a94e0626 to remote] DEBUG o.a.netty.request.NettyRequestSender - Using pooled Channel '[id: 0x7c68b8df, L:/127.0.0.1:64390 - R:localhost/127.0.0.1:10889]' for 'GET' to 'http://localhost:10889/session/14f61660-7bcc-4279-b6a3-7163a94e0626/element/6ca9755c-25ed-4510-a8c4-05d56038c967/text'
15:50:14.178 [Forwarding getElementText on session 14f61660-7bcc-4279-b6a3-7163a94e0626 to remote] DEBUG o.a.netty.request.NettyRequestSender - Using open Channel [id: 0x7c68b8df, L:/127.0.0.1:64390 - R:localhost/127.0.0.1:10889] for GET '/session/14f61660-7bcc-4279-b6a3-7163a94e0626/element/6ca9755c-25ed-4510-a8c4-05d56038c967/text'
15:50:14.185 [AsyncHttpClient-3-1] DEBUG o.a.netty.handler.HttpHandler - 

Request DefaultFullHttpRequest(decodeResult: success, version: HTTP/1.1, content: EmptyByteBufBE)
GET /session/14f61660-7bcc-4279-b6a3-7163a94e0626/element/6ca9755c-25ed-4510-a8c4-05d56038c967/text HTTP/1.1
User-Agent: selenium/4.0.0-alpha-5 (java windows)
Cache-Control: no-cache
host: localhost:10889
accept: */*

Response DefaultHttpResponse(decodeResult: success, version: HTTP/1.1)
HTTP/1.1 200 OK
content-type: application/json; charset=utf-8
cache-control: no-cache
content-length: 57
date: Thu, 25 Jun 2020 12:50:14 GMT

15:50:14.185 [AsyncHttpClient-3-1] DEBUG o.a.netty.channel.ChannelManager - Adding key: http://localhost:10889 for channel [id: 0x7c68b8df, L:/127.0.0.1:64390 - R:localhost/127.0.0.1:10889]
15:50:14.186 [Forwarding findChildElement on session 14f61660-7bcc-4279-b6a3-7163a94e0626 to remote] DEBUG o.a.netty.request.NettyRequestSender - Using pooled Channel '[id: 0x7c68b8df, L:/127.0.0.1:64390 - R:localhost/127.0.0.1:10889]' for 'POST' to 'http://localhost:10889/session/14f61660-7bcc-4279-b6a3-7163a94e0626/element/5701a58a-e781-4926-a741-ea803f157120/element'
15:50:14.186 [Forwarding findChildElement on session 14f61660-7bcc-4279-b6a3-7163a94e0626 to remote] DEBUG o.a.netty.request.NettyRequestSender - Using open Channel [id: 0x7c68b8df, L:/127.0.0.1:64390 - R:localhost/127.0.0.1:10889] for POST '/session/14f61660-7bcc-4279-b6a3-7163a94e0626/element/5701a58a-e781-4926-a741-ea803f157120/element'
15:50:14.190 [AsyncHttpClient-3-1] DEBUG o.a.netty.handler.HttpHandler - 

Request DefaultHttpRequest(decodeResult: success, version: HTTP/1.1)
POST /session/14f61660-7bcc-4279-b6a3-7163a94e0626/element/5701a58a-e781-4926-a741-ea803f157120/element HTTP/1.1
User-Agent: selenium/4.0.0-alpha-5 (java windows)
Content-Length: 97
Content-Type: application/json; charset=utf-8
host: localhost:10889
accept: */*

Response DefaultHttpResponse(decodeResult: success, version: HTTP/1.1)
HTTP/1.1 200 OK
content-type: application/json; charset=utf-8
cache-control: no-cache
content-length: 88
date: Thu, 25 Jun 2020 12:50:14 GMT

15:50:14.190 [AsyncHttpClient-3-1] DEBUG o.a.netty.channel.ChannelManager - Adding key: http://localhost:10889 for channel [id: 0x7c68b8df, L:/127.0.0.1:64390 - R:localhost/127.0.0.1:10889]
15:50:14.192 [Forwarding getElementAttribute on session 14f61660-7bcc-4279-b6a3-7163a94e0626 to remote] DEBUG o.a.netty.request.NettyRequestSender - Using pooled Channel '[id: 0x7c68b8df, L:/127.0.0.1:64390 - R:localhost/127.0.0.1:10889]' for 'POST' to 'http://localhost:10889/session/14f61660-7bcc-4279-b6a3-7163a94e0626/execute/sync'
15:50:14.192 [Forwarding getElementAttribute on session 14f61660-7bcc-4279-b6a3-7163a94e0626 to remote] DEBUG o.a.netty.request.NettyRequestSender - Using open Channel [id: 0x7c68b8df, L:/127.0.0.1:64390 - R:localhost/127.0.0.1:10889] for POST '/session/14f61660-7bcc-4279-b6a3-7163a94e0626/execute/sync'
15:50:14.205 [AsyncHttpClient-3-1] DEBUG o.a.netty.handler.HttpHandler - 

Request DefaultHttpRequest(decodeResult: success, version: HTTP/1.1)
POST /session/14f61660-7bcc-4279-b6a3-7163a94e0626/execute/sync HTTP/1.1
User-Agent: selenium/4.0.0-alpha-5 (java windows)
Content-Length: 39635
Content-Type: application/json; charset=utf-8
host: localhost:10889
accept: */*

Response DefaultHttpResponse(decodeResult: success, version: HTTP/1.1)
HTTP/1.1 200 OK
content-type: application/json; charset=utf-8
cache-control: no-cache
content-length: 15
date: Thu, 25 Jun 2020 12:50:14 GMT

15:50:14.205 [AsyncHttpClient-3-1] DEBUG o.a.netty.channel.ChannelManager - Adding key: http://localhost:10889 for channel [id: 0x7c68b8df, L:/127.0.0.1:64390 - R:localhost/127.0.0.1:10889]
15:50:14.206 [Forwarding findChildElement on session 14f61660-7bcc-4279-b6a3-7163a94e0626 to remote] DEBUG o.a.netty.request.NettyRequestSender - Using pooled Channel '[id: 0x7c68b8df, L:/127.0.0.1:64390 - R:localhost/127.0.0.1:10889]' for 'POST' to 'http://localhost:10889/session/14f61660-7bcc-4279-b6a3-7163a94e0626/element/4461408f-435c-4de6-87c6-09de28eaee15/element'
15:50:14.206 [Forwarding findChildElement on session 14f61660-7bcc-4279-b6a3-7163a94e0626 to remote] DEBUG o.a.netty.request.NettyRequestSender - Using open Channel [id: 0x7c68b8df, L:/127.0.0.1:64390 - R:localhost/127.0.0.1:10889] for POST '/session/14f61660-7bcc-4279-b6a3-7163a94e0626/element/4461408f-435c-4de6-87c6-09de28eaee15/element'
15:50:14.209 [AsyncHttpClient-3-1] DEBUG o.a.netty.handler.HttpHandler - 

Request DefaultHttpRequest(decodeResult: success, version: HTTP/1.1)
POST /session/14f61660-7bcc-4279-b6a3-7163a94e0626/element/4461408f-435c-4de6-87c6-09de28eaee15/element HTTP/1.1
User-Agent: selenium/4.0.0-alpha-5 (java windows)
Content-Length: 103
Content-Type: application/json; charset=utf-8
host: localhost:10889
accept: */*

Response DefaultHttpResponse(decodeResult: success, version: HTTP/1.1)
HTTP/1.1 200 OK
content-type: application/json; charset=utf-8
cache-control: no-cache
content-length: 88
date: Thu, 25 Jun 2020 12:50:14 GMT

15:50:14.209 [AsyncHttpClient-3-1] DEBUG o.a.netty.channel.ChannelManager - Adding key: http://localhost:10889 for channel [id: 0x7c68b8df, L:/127.0.0.1:64390 - R:localhost/127.0.0.1:10889]
15:50:14.210 [Forwarding getElementText on session 14f61660-7bcc-4279-b6a3-7163a94e0626 to remote] DEBUG o.a.netty.request.NettyRequestSender - Using pooled Channel '[id: 0x7c68b8df, L:/127.0.0.1:64390 - R:localhost/127.0.0.1:10889]' for 'GET' to 'http://localhost:10889/session/14f61660-7bcc-4279-b6a3-7163a94e0626/element/226e655d-f4ec-4035-ae75-42969d15f533/text'
15:50:14.210 [Forwarding getElementText on session 14f61660-7bcc-4279-b6a3-7163a94e0626 to remote] DEBUG o.a.netty.request.NettyRequestSender - Using open Channel [id: 0x7c68b8df, L:/127.0.0.1:64390 - R:localhost/127.0.0.1:10889] for GET '/session/14f61660-7bcc-4279-b6a3-7163a94e0626/element/226e655d-f4ec-4035-ae75-42969d15f533/text'
15:50:14.214 [AsyncHttpClient-3-1] DEBUG o.a.netty.handler.HttpHandler - 

Request DefaultFullHttpRequest(decodeResult: success, version: HTTP/1.1, content: EmptyByteBufBE)
GET /session/14f61660-7bcc-4279-b6a3-7163a94e0626/element/226e655d-f4ec-4035-ae75-42969d15f533/text HTTP/1.1
User-Agent: selenium/4.0.0-alpha-5 (java windows)
Cache-Control: no-cache
host: localhost:10889
accept: */*

Response DefaultHttpResponse(decodeResult: success, version: HTTP/1.1)
HTTP/1.1 200 OK
content-type: application/json; charset=utf-8
cache-control: no-cache
content-length: 18
date: Thu, 25 Jun 2020 12:50:14 GMT

15:50:14.214 [AsyncHttpClient-3-1] DEBUG o.a.netty.channel.ChannelManager - Adding key: http://localhost:10889 for channel [id: 0x7c68b8df, L:/127.0.0.1:64390 - R:localhost/127.0.0.1:10889]
15:50:14.214 [Forwarding findChildElement on session 14f61660-7bcc-4279-b6a3-7163a94e0626 to remote] DEBUG o.a.netty.request.NettyRequestSender - Using pooled Channel '[id: 0x7c68b8df, L:/127.0.0.1:64390 - R:localhost/127.0.0.1:10889]' for 'POST' to 'http://localhost:10889/session/14f61660-7bcc-4279-b6a3-7163a94e0626/element/4461408f-435c-4de6-87c6-09de28eaee15/element'
15:50:14.214 [Forwarding findChildElement on session 14f61660-7bcc-4279-b6a3-7163a94e0626 to remote] DEBUG o.a.netty.request.NettyRequestSender - Using open Channel [id: 0x7c68b8df, L:/127.0.0.1:64390 - R:localhost/127.0.0.1:10889] for POST '/session/14f61660-7bcc-4279-b6a3-7163a94e0626/element/4461408f-435c-4de6-87c6-09de28eaee15/element'
15:50:14.219 [AsyncHttpClient-3-1] DEBUG o.a.netty.handler.HttpHandler - 

Request DefaultHttpRequest(decodeResult: success, version: HTTP/1.1)
POST /session/14f61660-7bcc-4279-b6a3-7163a94e0626/element/4461408f-435c-4de6-87c6-09de28eaee15/element HTTP/1.1
User-Agent: selenium/4.0.0-alpha-5 (java windows)
Content-Length: 103
Content-Type: application/json; charset=utf-8
host: localhost:10889
accept: */*

Response DefaultHttpResponse(decodeResult: success, version: HTTP/1.1)
HTTP/1.1 200 OK
content-type: application/json; charset=utf-8
cache-control: no-cache
content-length: 88
date: Thu, 25 Jun 2020 12:50:14 GMT

15:50:14.219 [AsyncHttpClient-3-1] DEBUG o.a.netty.channel.ChannelManager - Adding key: http://localhost:10889 for channel [id: 0x7c68b8df, L:/127.0.0.1:64390 - R:localhost/127.0.0.1:10889]
15:50:14.220 [Forwarding getElementText on session 14f61660-7bcc-4279-b6a3-7163a94e0626 to remote] DEBUG o.a.netty.request.NettyRequestSender - Using pooled Channel '[id: 0x7c68b8df, L:/127.0.0.1:64390 - R:localhost/127.0.0.1:10889]' for 'GET' to 'http://localhost:10889/session/14f61660-7bcc-4279-b6a3-7163a94e0626/element/89bc4a42-ce0d-4e8a-99b2-9a9ec833bbcb/text'
15:50:14.220 [Forwarding getElementText on session 14f61660-7bcc-4279-b6a3-7163a94e0626 to remote] DEBUG o.a.netty.request.NettyRequestSender - Using open Channel [id: 0x7c68b8df, L:/127.0.0.1:64390 - R:localhost/127.0.0.1:10889] for GET '/session/14f61660-7bcc-4279-b6a3-7163a94e0626/element/89bc4a42-ce0d-4e8a-99b2-9a9ec833bbcb/text'
15:50:14.224 [AsyncHttpClient-3-1] DEBUG o.a.netty.handler.HttpHandler - 

Request DefaultFullHttpRequest(decodeResult: success, version: HTTP/1.1, content: EmptyByteBufBE)
GET /session/14f61660-7bcc-4279-b6a3-7163a94e0626/element/89bc4a42-ce0d-4e8a-99b2-9a9ec833bbcb/text HTTP/1.1
User-Agent: selenium/4.0.0-alpha-5 (java windows)
Cache-Control: no-cache
host: localhost:10889
accept: */*

Response DefaultHttpResponse(decodeResult: success, version: HTTP/1.1)
HTTP/1.1 200 OK
content-type: application/json; charset=utf-8
cache-control: no-cache
content-length: 22
date: Thu, 25 Jun 2020 12:50:14 GMT

15:50:14.224 [AsyncHttpClient-3-1] DEBUG o.a.netty.channel.ChannelManager - Adding key: http://localhost:10889 for channel [id: 0x7c68b8df, L:/127.0.0.1:64390 - R:localhost/127.0.0.1:10889]
15:50:14.225 [Forwarding findChildElement on session 14f61660-7bcc-4279-b6a3-7163a94e0626 to remote] DEBUG o.a.netty.request.NettyRequestSender - Using pooled Channel '[id: 0x7c68b8df, L:/127.0.0.1:64390 - R:localhost/127.0.0.1:10889]' for 'POST' to 'http://localhost:10889/session/14f61660-7bcc-4279-b6a3-7163a94e0626/element/4461408f-435c-4de6-87c6-09de28eaee15/element'
15:50:14.225 [Forwarding findChildElement on session 14f61660-7bcc-4279-b6a3-7163a94e0626 to remote] DEBUG o.a.netty.request.NettyRequestSender - Using open Channel [id: 0x7c68b8df, L:/127.0.0.1:64390 - R:localhost/127.0.0.1:10889] for POST '/session/14f61660-7bcc-4279-b6a3-7163a94e0626/element/4461408f-435c-4de6-87c6-09de28eaee15/element'
15:50:14.228 [AsyncHttpClient-3-1] DEBUG o.a.netty.handler.HttpHandler - 

Request DefaultHttpRequest(decodeResult: success, version: HTTP/1.1)
POST /session/14f61660-7bcc-4279-b6a3-7163a94e0626/element/4461408f-435c-4de6-87c6-09de28eaee15/element HTTP/1.1
User-Agent: selenium/4.0.0-alpha-5 (java windows)
Content-Length: 103
Content-Type: application/json; charset=utf-8
host: localhost:10889
accept: */*

Response DefaultHttpResponse(decodeResult: success, version: HTTP/1.1)
HTTP/1.1 200 OK
content-type: application/json; charset=utf-8
cache-control: no-cache
content-length: 88
date: Thu, 25 Jun 2020 12:50:14 GMT

15:50:14.229 [AsyncHttpClient-3-1] DEBUG o.a.netty.channel.ChannelManager - Adding key: http://localhost:10889 for channel [id: 0x7c68b8df, L:/127.0.0.1:64390 - R:localhost/127.0.0.1:10889]
15:50:14.229 [Forwarding getElementText on session 14f61660-7bcc-4279-b6a3-7163a94e0626 to remote] DEBUG o.a.netty.request.NettyRequestSender - Using pooled Channel '[id: 0x7c68b8df, L:/127.0.0.1:64390 - R:localhost/127.0.0.1:10889]' for 'GET' to 'http://localhost:10889/session/14f61660-7bcc-4279-b6a3-7163a94e0626/element/cf2965a7-2e0a-4008-bc28-6488dd15420c/text'
15:50:14.229 [Forwarding getElementText on session 14f61660-7bcc-4279-b6a3-7163a94e0626 to remote] DEBUG o.a.netty.request.NettyRequestSender - Using open Channel [id: 0x7c68b8df, L:/127.0.0.1:64390 - R:localhost/127.0.0.1:10889] for GET '/session/14f61660-7bcc-4279-b6a3-7163a94e0626/element/cf2965a7-2e0a-4008-bc28-6488dd15420c/text'
15:50:14.233 [AsyncHttpClient-3-1] DEBUG o.a.netty.handler.HttpHandler - 

Request DefaultFullHttpRequest(decodeResult: success, version: HTTP/1.1, content: EmptyByteBufBE)
GET /session/14f61660-7bcc-4279-b6a3-7163a94e0626/element/cf2965a7-2e0a-4008-bc28-6488dd15420c/text HTTP/1.1
User-Agent: selenium/4.0.0-alpha-5 (java windows)
Cache-Control: no-cache
host: localhost:10889
accept: */*

Response DefaultHttpResponse(decodeResult: success, version: HTTP/1.1)
HTTP/1.1 200 OK
content-type: application/json; charset=utf-8
cache-control: no-cache
content-length: 21
date: Thu, 25 Jun 2020 12:50:14 GMT

15:50:14.234 [AsyncHttpClient-3-1] DEBUG o.a.netty.channel.ChannelManager - Adding key: http://localhost:10889 for channel [id: 0x7c68b8df, L:/127.0.0.1:64390 - R:localhost/127.0.0.1:10889]
15:50:14.234 [Forwarding findChildElement on session 14f61660-7bcc-4279-b6a3-7163a94e0626 to remote] DEBUG o.a.netty.request.NettyRequestSender - Using pooled Channel '[id: 0x7c68b8df, L:/127.0.0.1:64390 - R:localhost/127.0.0.1:10889]' for 'POST' to 'http://localhost:10889/session/14f61660-7bcc-4279-b6a3-7163a94e0626/element/4461408f-435c-4de6-87c6-09de28eaee15/element'
15:50:14.234 [Forwarding findChildElement on session 14f61660-7bcc-4279-b6a3-7163a94e0626 to remote] DEBUG o.a.netty.request.NettyRequestSender - Using open Channel [id: 0x7c68b8df, L:/127.0.0.1:64390 - R:localhost/127.0.0.1:10889] for POST '/session/14f61660-7bcc-4279-b6a3-7163a94e0626/element/4461408f-435c-4de6-87c6-09de28eaee15/element'
15:50:14.238 [AsyncHttpClient-3-1] DEBUG o.a.netty.handler.HttpHandler - 

Request DefaultHttpRequest(decodeResult: success, version: HTTP/1.1)
POST /session/14f61660-7bcc-4279-b6a3-7163a94e0626/element/4461408f-435c-4de6-87c6-09de28eaee15/element HTTP/1.1
User-Agent: selenium/4.0.0-alpha-5 (java windows)
Content-Length: 103
Content-Type: application/json; charset=utf-8
host: localhost:10889
accept: */*

Response DefaultHttpResponse(decodeResult: success, version: HTTP/1.1)
HTTP/1.1 200 OK
content-type: application/json; charset=utf-8
cache-control: no-cache
content-length: 88
date: Thu, 25 Jun 2020 12:50:14 GMT

15:50:14.238 [AsyncHttpClient-3-1] DEBUG o.a.netty.channel.ChannelManager - Adding key: http://localhost:10889 for channel [id: 0x7c68b8df, L:/127.0.0.1:64390 - R:localhost/127.0.0.1:10889]
15:50:14.239 [Forwarding getElementText on session 14f61660-7bcc-4279-b6a3-7163a94e0626 to remote] DEBUG o.a.netty.request.NettyRequestSender - Using pooled Channel '[id: 0x7c68b8df, L:/127.0.0.1:64390 - R:localhost/127.0.0.1:10889]' for 'GET' to 'http://localhost:10889/session/14f61660-7bcc-4279-b6a3-7163a94e0626/element/358848cb-342f-4223-8105-1ab0e59bbe11/text'
15:50:14.239 [Forwarding getElementText on session 14f61660-7bcc-4279-b6a3-7163a94e0626 to remote] DEBUG o.a.netty.request.NettyRequestSender - Using open Channel [id: 0x7c68b8df, L:/127.0.0.1:64390 - R:localhost/127.0.0.1:10889] for GET '/session/14f61660-7bcc-4279-b6a3-7163a94e0626/element/358848cb-342f-4223-8105-1ab0e59bbe11/text'
15:50:14.243 [AsyncHttpClient-3-1] DEBUG o.a.netty.handler.HttpHandler - 

Request DefaultFullHttpRequest(decodeResult: success, version: HTTP/1.1, content: EmptyByteBufBE)
GET /session/14f61660-7bcc-4279-b6a3-7163a94e0626/element/358848cb-342f-4223-8105-1ab0e59bbe11/text HTTP/1.1
User-Agent: selenium/4.0.0-alpha-5 (java windows)
Cache-Control: no-cache
host: localhost:10889
accept: */*

Response DefaultHttpResponse(decodeResult: success, version: HTTP/1.1)
HTTP/1.1 200 OK
content-type: application/json; charset=utf-8
cache-control: no-cache
content-length: 45
date: Thu, 25 Jun 2020 12:50:14 GMT

15:50:14.243 [AsyncHttpClient-3-1] DEBUG o.a.netty.channel.ChannelManager - Adding key: http://localhost:10889 for channel [id: 0x7c68b8df, L:/127.0.0.1:64390 - R:localhost/127.0.0.1:10889]
15:50:14.243 [Forwarding findChildElement on session 14f61660-7bcc-4279-b6a3-7163a94e0626 to remote] DEBUG o.a.netty.request.NettyRequestSender - Using pooled Channel '[id: 0x7c68b8df, L:/127.0.0.1:64390 - R:localhost/127.0.0.1:10889]' for 'POST' to 'http://localhost:10889/session/14f61660-7bcc-4279-b6a3-7163a94e0626/element/4461408f-435c-4de6-87c6-09de28eaee15/element'
15:50:14.243 [Forwarding findChildElement on session 14f61660-7bcc-4279-b6a3-7163a94e0626 to remote] DEBUG o.a.netty.request.NettyRequestSender - Using open Channel [id: 0x7c68b8df, L:/127.0.0.1:64390 - R:localhost/127.0.0.1:10889] for POST '/session/14f61660-7bcc-4279-b6a3-7163a94e0626/element/4461408f-435c-4de6-87c6-09de28eaee15/element'
15:50:14.247 [AsyncHttpClient-3-1] DEBUG o.a.netty.handler.HttpHandler - 

Request DefaultHttpRequest(decodeResult: success, version: HTTP/1.1)
POST /session/14f61660-7bcc-4279-b6a3-7163a94e0626/element/4461408f-435c-4de6-87c6-09de28eaee15/element HTTP/1.1
User-Agent: selenium/4.0.0-alpha-5 (java windows)
Content-Length: 103
Content-Type: application/json; charset=utf-8
host: localhost:10889
accept: */*

Response DefaultHttpResponse(decodeResult: success, version: HTTP/1.1)
HTTP/1.1 200 OK
content-type: application/json; charset=utf-8
cache-control: no-cache
content-length: 88
date: Thu, 25 Jun 2020 12:50:14 GMT

15:50:14.247 [AsyncHttpClient-3-1] DEBUG o.a.netty.channel.ChannelManager - Adding key: http://localhost:10889 for channel [id: 0x7c68b8df, L:/127.0.0.1:64390 - R:localhost/127.0.0.1:10889]
15:50:14.247 [Forwarding getElementText on session 14f61660-7bcc-4279-b6a3-7163a94e0626 to remote] DEBUG o.a.netty.request.NettyRequestSender - Using pooled Channel '[id: 0x7c68b8df, L:/127.0.0.1:64390 - R:localhost/127.0.0.1:10889]' for 'GET' to 'http://localhost:10889/session/14f61660-7bcc-4279-b6a3-7163a94e0626/element/67cf29a6-96ec-4a4b-8f71-1af5d715b187/text'
15:50:14.247 [Forwarding getElementText on session 14f61660-7bcc-4279-b6a3-7163a94e0626 to remote] DEBUG o.a.netty.request.NettyRequestSender - Using open Channel [id: 0x7c68b8df, L:/127.0.0.1:64390 - R:localhost/127.0.0.1:10889] for GET '/session/14f61660-7bcc-4279-b6a3-7163a94e0626/element/67cf29a6-96ec-4a4b-8f71-1af5d715b187/text'
15:50:14.255 [AsyncHttpClient-3-1] DEBUG o.a.netty.handler.HttpHandler - 

Request DefaultFullHttpRequest(decodeResult: success, version: HTTP/1.1, content: EmptyByteBufBE)
GET /session/14f61660-7bcc-4279-b6a3-7163a94e0626/element/67cf29a6-96ec-4a4b-8f71-1af5d715b187/text HTTP/1.1
User-Agent: selenium/4.0.0-alpha-5 (java windows)
Cache-Control: no-cache
host: localhost:10889
accept: */*

Response DefaultHttpResponse(decodeResult: success, version: HTTP/1.1)
HTTP/1.1 200 OK
content-type: application/json; charset=utf-8
cache-control: no-cache
content-length: 57
date: Thu, 25 Jun 2020 12:50:14 GMT

15:50:14.255 [AsyncHttpClient-3-1] DEBUG o.a.netty.channel.ChannelManager - Adding key: http://localhost:10889 for channel [id: 0x7c68b8df, L:/127.0.0.1:64390 - R:localhost/127.0.0.1:10889]
15:50:14.256 [Forwarding findChildElement on session 14f61660-7bcc-4279-b6a3-7163a94e0626 to remote] DEBUG o.a.netty.request.NettyRequestSender - Using pooled Channel '[id: 0x7c68b8df, L:/127.0.0.1:64390 - R:localhost/127.0.0.1:10889]' for 'POST' to 'http://localhost:10889/session/14f61660-7bcc-4279-b6a3-7163a94e0626/element/4461408f-435c-4de6-87c6-09de28eaee15/element'
15:50:14.256 [Forwarding findChildElement on session 14f61660-7bcc-4279-b6a3-7163a94e0626 to remote] DEBUG o.a.netty.request.NettyRequestSender - Using open Channel [id: 0x7c68b8df, L:/127.0.0.1:64390 - R:localhost/127.0.0.1:10889] for POST '/session/14f61660-7bcc-4279-b6a3-7163a94e0626/element/4461408f-435c-4de6-87c6-09de28eaee15/element'
15:50:14.259 [AsyncHttpClient-3-1] DEBUG o.a.netty.handler.HttpHandler - 

Request DefaultHttpRequest(decodeResult: success, version: HTTP/1.1)
POST /session/14f61660-7bcc-4279-b6a3-7163a94e0626/element/4461408f-435c-4de6-87c6-09de28eaee15/element HTTP/1.1
User-Agent: selenium/4.0.0-alpha-5 (java windows)
Content-Length: 97
Content-Type: application/json; charset=utf-8
host: localhost:10889
accept: */*

Response DefaultHttpResponse(decodeResult: success, version: HTTP/1.1)
HTTP/1.1 200 OK
content-type: application/json; charset=utf-8
cache-control: no-cache
content-length: 88
date: Thu, 25 Jun 2020 12:50:14 GMT

15:50:14.259 [AsyncHttpClient-3-1] DEBUG o.a.netty.channel.ChannelManager - Adding key: http://localhost:10889 for channel [id: 0x7c68b8df, L:/127.0.0.1:64390 - R:localhost/127.0.0.1:10889]
15:50:14.262 [Forwarding getElementAttribute on session 14f61660-7bcc-4279-b6a3-7163a94e0626 to remote] DEBUG o.a.netty.request.NettyRequestSender - Using pooled Channel '[id: 0x7c68b8df, L:/127.0.0.1:64390 - R:localhost/127.0.0.1:10889]' for 'POST' to 'http://localhost:10889/session/14f61660-7bcc-4279-b6a3-7163a94e0626/execute/sync'
15:50:14.262 [Forwarding getElementAttribute on session 14f61660-7bcc-4279-b6a3-7163a94e0626 to remote] DEBUG o.a.netty.request.NettyRequestSender - Using open Channel [id: 0x7c68b8df, L:/127.0.0.1:64390 - R:localhost/127.0.0.1:10889] for POST '/session/14f61660-7bcc-4279-b6a3-7163a94e0626/execute/sync'
15:50:14.274 [AsyncHttpClient-3-1] DEBUG o.a.netty.handler.HttpHandler - 

Request DefaultHttpRequest(decodeResult: success, version: HTTP/1.1)
POST /session/14f61660-7bcc-4279-b6a3-7163a94e0626/execute/sync HTTP/1.1
User-Agent: selenium/4.0.0-alpha-5 (java windows)
Content-Length: 39635
Content-Type: application/json; charset=utf-8
host: localhost:10889
accept: */*

Response DefaultHttpResponse(decodeResult: success, version: HTTP/1.1)
HTTP/1.1 200 OK
content-type: application/json; charset=utf-8
cache-control: no-cache
content-length: 15
date: Thu, 25 Jun 2020 12:50:14 GMT

15:50:14.274 [AsyncHttpClient-3-1] DEBUG o.a.netty.channel.ChannelManager - Adding key: http://localhost:10889 for channel [id: 0x7c68b8df, L:/127.0.0.1:64390 - R:localhost/127.0.0.1:10889]
15:50:14.275 [Forwarding findChildElement on session 14f61660-7bcc-4279-b6a3-7163a94e0626 to remote] DEBUG o.a.netty.request.NettyRequestSender - Using pooled Channel '[id: 0x7c68b8df, L:/127.0.0.1:64390 - R:localhost/127.0.0.1:10889]' for 'POST' to 'http://localhost:10889/session/14f61660-7bcc-4279-b6a3-7163a94e0626/element/2a33dd32-8f25-4899-9a20-d3f534218346/element'
15:50:14.275 [Forwarding findChildElement on session 14f61660-7bcc-4279-b6a3-7163a94e0626 to remote] DEBUG o.a.netty.request.NettyRequestSender - Using open Channel [id: 0x7c68b8df, L:/127.0.0.1:64390 - R:localhost/127.0.0.1:10889] for POST '/session/14f61660-7bcc-4279-b6a3-7163a94e0626/element/2a33dd32-8f25-4899-9a20-d3f534218346/element'
15:50:14.278 [AsyncHttpClient-3-1] DEBUG o.a.netty.handler.HttpHandler - 

Request DefaultHttpRequest(decodeResult: success, version: HTTP/1.1)
POST /session/14f61660-7bcc-4279-b6a3-7163a94e0626/element/2a33dd32-8f25-4899-9a20-d3f534218346/element HTTP/1.1
User-Agent: selenium/4.0.0-alpha-5 (java windows)
Content-Length: 103
Content-Type: application/json; charset=utf-8
host: localhost:10889
accept: */*

Response DefaultHttpResponse(decodeResult: success, version: HTTP/1.1)
HTTP/1.1 200 OK
content-type: application/json; charset=utf-8
cache-control: no-cache
content-length: 88
date: Thu, 25 Jun 2020 12:50:14 GMT

15:50:14.278 [AsyncHttpClient-3-1] DEBUG o.a.netty.channel.ChannelManager - Adding key: http://localhost:10889 for channel [id: 0x7c68b8df, L:/127.0.0.1:64390 - R:localhost/127.0.0.1:10889]
15:50:14.279 [Forwarding getElementText on session 14f61660-7bcc-4279-b6a3-7163a94e0626 to remote] DEBUG o.a.netty.request.NettyRequestSender - Using pooled Channel '[id: 0x7c68b8df, L:/127.0.0.1:64390 - R:localhost/127.0.0.1:10889]' for 'GET' to 'http://localhost:10889/session/14f61660-7bcc-4279-b6a3-7163a94e0626/element/27fc0cce-14a4-431b-a253-fc5bba4369aa/text'
15:50:14.279 [Forwarding getElementText on session 14f61660-7bcc-4279-b6a3-7163a94e0626 to remote] DEBUG o.a.netty.request.NettyRequestSender - Using open Channel [id: 0x7c68b8df, L:/127.0.0.1:64390 - R:localhost/127.0.0.1:10889] for GET '/session/14f61660-7bcc-4279-b6a3-7163a94e0626/element/27fc0cce-14a4-431b-a253-fc5bba4369aa/text'
15:50:14.283 [AsyncHttpClient-3-1] DEBUG o.a.netty.handler.HttpHandler - 

Request DefaultFullHttpRequest(decodeResult: success, version: HTTP/1.1, content: EmptyByteBufBE)
GET /session/14f61660-7bcc-4279-b6a3-7163a94e0626/element/27fc0cce-14a4-431b-a253-fc5bba4369aa/text HTTP/1.1
User-Agent: selenium/4.0.0-alpha-5 (java windows)
Cache-Control: no-cache
host: localhost:10889
accept: */*

Response DefaultHttpResponse(decodeResult: success, version: HTTP/1.1)
HTTP/1.1 200 OK
content-type: application/json; charset=utf-8
cache-control: no-cache
content-length: 18
date: Thu, 25 Jun 2020 12:50:14 GMT

15:50:14.283 [AsyncHttpClient-3-1] DEBUG o.a.netty.channel.ChannelManager - Adding key: http://localhost:10889 for channel [id: 0x7c68b8df, L:/127.0.0.1:64390 - R:localhost/127.0.0.1:10889]
15:50:14.283 [Forwarding findChildElement on session 14f61660-7bcc-4279-b6a3-7163a94e0626 to remote] DEBUG o.a.netty.request.NettyRequestSender - Using pooled Channel '[id: 0x7c68b8df, L:/127.0.0.1:64390 - R:localhost/127.0.0.1:10889]' for 'POST' to 'http://localhost:10889/session/14f61660-7bcc-4279-b6a3-7163a94e0626/element/2a33dd32-8f25-4899-9a20-d3f534218346/element'
15:50:14.283 [Forwarding findChildElement on session 14f61660-7bcc-4279-b6a3-7163a94e0626 to remote] DEBUG o.a.netty.request.NettyRequestSender - Using open Channel [id: 0x7c68b8df, L:/127.0.0.1:64390 - R:localhost/127.0.0.1:10889] for POST '/session/14f61660-7bcc-4279-b6a3-7163a94e0626/element/2a33dd32-8f25-4899-9a20-d3f534218346/element'
15:50:14.287 [AsyncHttpClient-3-1] DEBUG o.a.netty.handler.HttpHandler - 

Request DefaultHttpRequest(decodeResult: success, version: HTTP/1.1)
POST /session/14f61660-7bcc-4279-b6a3-7163a94e0626/element/2a33dd32-8f25-4899-9a20-d3f534218346/element HTTP/1.1
User-Agent: selenium/4.0.0-alpha-5 (java windows)
Content-Length: 103
Content-Type: application/json; charset=utf-8
host: localhost:10889
accept: */*

Response DefaultHttpResponse(decodeResult: success, version: HTTP/1.1)
HTTP/1.1 200 OK
content-type: application/json; charset=utf-8
cache-control: no-cache
content-length: 88
date: Thu, 25 Jun 2020 12:50:14 GMT

15:50:14.287 [AsyncHttpClient-3-1] DEBUG o.a.netty.channel.ChannelManager - Adding key: http://localhost:10889 for channel [id: 0x7c68b8df, L:/127.0.0.1:64390 - R:localhost/127.0.0.1:10889]
15:50:14.288 [Forwarding getElementText on session 14f61660-7bcc-4279-b6a3-7163a94e0626 to remote] DEBUG o.a.netty.request.NettyRequestSender - Using pooled Channel '[id: 0x7c68b8df, L:/127.0.0.1:64390 - R:localhost/127.0.0.1:10889]' for 'GET' to 'http://localhost:10889/session/14f61660-7bcc-4279-b6a3-7163a94e0626/element/1302d0e7-ff8f-4018-8ee9-324d27fc87cc/text'
15:50:14.288 [Forwarding getElementText on session 14f61660-7bcc-4279-b6a3-7163a94e0626 to remote] DEBUG o.a.netty.request.NettyRequestSender - Using open Channel [id: 0x7c68b8df, L:/127.0.0.1:64390 - R:localhost/127.0.0.1:10889] for GET '/session/14f61660-7bcc-4279-b6a3-7163a94e0626/element/1302d0e7-ff8f-4018-8ee9-324d27fc87cc/text'
15:50:14.292 [AsyncHttpClient-3-1] DEBUG o.a.netty.handler.HttpHandler - 

Request DefaultFullHttpRequest(decodeResult: success, version: HTTP/1.1, content: EmptyByteBufBE)
GET /session/14f61660-7bcc-4279-b6a3-7163a94e0626/element/1302d0e7-ff8f-4018-8ee9-324d27fc87cc/text HTTP/1.1
User-Agent: selenium/4.0.0-alpha-5 (java windows)
Cache-Control: no-cache
host: localhost:10889
accept: */*

Response DefaultHttpResponse(decodeResult: success, version: HTTP/1.1)
HTTP/1.1 200 OK
content-type: application/json; charset=utf-8
cache-control: no-cache
content-length: 22
date: Thu, 25 Jun 2020 12:50:14 GMT

15:50:14.292 [AsyncHttpClient-3-1] DEBUG o.a.netty.channel.ChannelManager - Adding key: http://localhost:10889 for channel [id: 0x7c68b8df, L:/127.0.0.1:64390 - R:localhost/127.0.0.1:10889]
15:50:14.292 [Forwarding findChildElement on session 14f61660-7bcc-4279-b6a3-7163a94e0626 to remote] DEBUG o.a.netty.request.NettyRequestSender - Using pooled Channel '[id: 0x7c68b8df, L:/127.0.0.1:64390 - R:localhost/127.0.0.1:10889]' for 'POST' to 'http://localhost:10889/session/14f61660-7bcc-4279-b6a3-7163a94e0626/element/2a33dd32-8f25-4899-9a20-d3f534218346/element'
15:50:14.292 [Forwarding findChildElement on session 14f61660-7bcc-4279-b6a3-7163a94e0626 to remote] DEBUG o.a.netty.request.NettyRequestSender - Using open Channel [id: 0x7c68b8df, L:/127.0.0.1:64390 - R:localhost/127.0.0.1:10889] for POST '/session/14f61660-7bcc-4279-b6a3-7163a94e0626/element/2a33dd32-8f25-4899-9a20-d3f534218346/element'
15:50:14.296 [AsyncHttpClient-3-1] DEBUG o.a.netty.handler.HttpHandler - 

Request DefaultHttpRequest(decodeResult: success, version: HTTP/1.1)
POST /session/14f61660-7bcc-4279-b6a3-7163a94e0626/element/2a33dd32-8f25-4899-9a20-d3f534218346/element HTTP/1.1
User-Agent: selenium/4.0.0-alpha-5 (java windows)
Content-Length: 103
Content-Type: application/json; charset=utf-8
host: localhost:10889
accept: */*

Response DefaultHttpResponse(decodeResult: success, version: HTTP/1.1)
HTTP/1.1 200 OK
content-type: application/json; charset=utf-8
cache-control: no-cache
content-length: 88
date: Thu, 25 Jun 2020 12:50:14 GMT

15:50:14.296 [AsyncHttpClient-3-1] DEBUG o.a.netty.channel.ChannelManager - Adding key: http://localhost:10889 for channel [id: 0x7c68b8df, L:/127.0.0.1:64390 - R:localhost/127.0.0.1:10889]
15:50:14.296 [Forwarding getElementText on session 14f61660-7bcc-4279-b6a3-7163a94e0626 to remote] DEBUG o.a.netty.request.NettyRequestSender - Using pooled Channel '[id: 0x7c68b8df, L:/127.0.0.1:64390 - R:localhost/127.0.0.1:10889]' for 'GET' to 'http://localhost:10889/session/14f61660-7bcc-4279-b6a3-7163a94e0626/element/384f564b-6055-4f5b-8e4e-f9456d53f783/text'
15:50:14.297 [Forwarding getElementText on session 14f61660-7bcc-4279-b6a3-7163a94e0626 to remote] DEBUG o.a.netty.request.NettyRequestSender - Using open Channel [id: 0x7c68b8df, L:/127.0.0.1:64390 - R:localhost/127.0.0.1:10889] for GET '/session/14f61660-7bcc-4279-b6a3-7163a94e0626/element/384f564b-6055-4f5b-8e4e-f9456d53f783/text'
15:50:14.301 [AsyncHttpClient-3-1] DEBUG o.a.netty.handler.HttpHandler - 

Request DefaultFullHttpRequest(decodeResult: success, version: HTTP/1.1, content: EmptyByteBufBE)
GET /session/14f61660-7bcc-4279-b6a3-7163a94e0626/element/384f564b-6055-4f5b-8e4e-f9456d53f783/text HTTP/1.1
User-Agent: selenium/4.0.0-alpha-5 (java windows)
Cache-Control: no-cache
host: localhost:10889
accept: */*

Response DefaultHttpResponse(decodeResult: success, version: HTTP/1.1)
HTTP/1.1 200 OK
content-type: application/json; charset=utf-8
cache-control: no-cache
content-length: 21
date: Thu, 25 Jun 2020 12:50:14 GMT

15:50:14.302 [AsyncHttpClient-3-1] DEBUG o.a.netty.channel.ChannelManager - Adding key: http://localhost:10889 for channel [id: 0x7c68b8df, L:/127.0.0.1:64390 - R:localhost/127.0.0.1:10889]
15:50:14.302 [Forwarding findChildElement on session 14f61660-7bcc-4279-b6a3-7163a94e0626 to remote] DEBUG o.a.netty.request.NettyRequestSender - Using pooled Channel '[id: 0x7c68b8df, L:/127.0.0.1:64390 - R:localhost/127.0.0.1:10889]' for 'POST' to 'http://localhost:10889/session/14f61660-7bcc-4279-b6a3-7163a94e0626/element/2a33dd32-8f25-4899-9a20-d3f534218346/element'
15:50:14.302 [Forwarding findChildElement on session 14f61660-7bcc-4279-b6a3-7163a94e0626 to remote] DEBUG o.a.netty.request.NettyRequestSender - Using open Channel [id: 0x7c68b8df, L:/127.0.0.1:64390 - R:localhost/127.0.0.1:10889] for POST '/session/14f61660-7bcc-4279-b6a3-7163a94e0626/element/2a33dd32-8f25-4899-9a20-d3f534218346/element'
15:50:14.305 [AsyncHttpClient-3-1] DEBUG o.a.netty.handler.HttpHandler - 

Request DefaultHttpRequest(decodeResult: success, version: HTTP/1.1)
POST /session/14f61660-7bcc-4279-b6a3-7163a94e0626/element/2a33dd32-8f25-4899-9a20-d3f534218346/element HTTP/1.1
User-Agent: selenium/4.0.0-alpha-5 (java windows)
Content-Length: 103
Content-Type: application/json; charset=utf-8
host: localhost:10889
accept: */*

Response DefaultHttpResponse(decodeResult: success, version: HTTP/1.1)
HTTP/1.1 200 OK
content-type: application/json; charset=utf-8
cache-control: no-cache
content-length: 88
date: Thu, 25 Jun 2020 12:50:14 GMT

15:50:14.306 [AsyncHttpClient-3-1] DEBUG o.a.netty.channel.ChannelManager - Adding key: http://localhost:10889 for channel [id: 0x7c68b8df, L:/127.0.0.1:64390 - R:localhost/127.0.0.1:10889]
15:50:14.306 [Forwarding getElementText on session 14f61660-7bcc-4279-b6a3-7163a94e0626 to remote] DEBUG o.a.netty.request.NettyRequestSender - Using pooled Channel '[id: 0x7c68b8df, L:/127.0.0.1:64390 - R:localhost/127.0.0.1:10889]' for 'GET' to 'http://localhost:10889/session/14f61660-7bcc-4279-b6a3-7163a94e0626/element/b04159e9-7558-4b91-88cc-9d94ed730bcf/text'
15:50:14.306 [Forwarding getElementText on session 14f61660-7bcc-4279-b6a3-7163a94e0626 to remote] DEBUG o.a.netty.request.NettyRequestSender - Using open Channel [id: 0x7c68b8df, L:/127.0.0.1:64390 - R:localhost/127.0.0.1:10889] for GET '/session/14f61660-7bcc-4279-b6a3-7163a94e0626/element/b04159e9-7558-4b91-88cc-9d94ed730bcf/text'
15:50:14.310 [AsyncHttpClient-3-1] DEBUG o.a.netty.handler.HttpHandler - 

Request DefaultFullHttpRequest(decodeResult: success, version: HTTP/1.1, content: EmptyByteBufBE)
GET /session/14f61660-7bcc-4279-b6a3-7163a94e0626/element/b04159e9-7558-4b91-88cc-9d94ed730bcf/text HTTP/1.1
User-Agent: selenium/4.0.0-alpha-5 (java windows)
Cache-Control: no-cache
host: localhost:10889
accept: */*

Response DefaultHttpResponse(decodeResult: success, version: HTTP/1.1)
HTTP/1.1 200 OK
content-type: application/json; charset=utf-8
cache-control: no-cache
content-length: 45
date: Thu, 25 Jun 2020 12:50:14 GMT

15:50:14.310 [AsyncHttpClient-3-1] DEBUG o.a.netty.channel.ChannelManager - Adding key: http://localhost:10889 for channel [id: 0x7c68b8df, L:/127.0.0.1:64390 - R:localhost/127.0.0.1:10889]
15:50:14.311 [Forwarding findChildElement on session 14f61660-7bcc-4279-b6a3-7163a94e0626 to remote] DEBUG o.a.netty.request.NettyRequestSender - Using pooled Channel '[id: 0x7c68b8df, L:/127.0.0.1:64390 - R:localhost/127.0.0.1:10889]' for 'POST' to 'http://localhost:10889/session/14f61660-7bcc-4279-b6a3-7163a94e0626/element/2a33dd32-8f25-4899-9a20-d3f534218346/element'
15:50:14.312 [Forwarding findChildElement on session 14f61660-7bcc-4279-b6a3-7163a94e0626 to remote] DEBUG o.a.netty.request.NettyRequestSender - Using open Channel [id: 0x7c68b8df, L:/127.0.0.1:64390 - R:localhost/127.0.0.1:10889] for POST '/session/14f61660-7bcc-4279-b6a3-7163a94e0626/element/2a33dd32-8f25-4899-9a20-d3f534218346/element'
15:50:14.316 [AsyncHttpClient-3-1] DEBUG o.a.netty.handler.HttpHandler - 

Request DefaultHttpRequest(decodeResult: success, version: HTTP/1.1)
POST /session/14f61660-7bcc-4279-b6a3-7163a94e0626/element/2a33dd32-8f25-4899-9a20-d3f534218346/element HTTP/1.1
User-Agent: selenium/4.0.0-alpha-5 (java windows)
Content-Length: 103
Content-Type: application/json; charset=utf-8
host: localhost:10889
accept: */*

Response DefaultHttpResponse(decodeResult: success, version: HTTP/1.1)
HTTP/1.1 200 OK
content-type: application/json; charset=utf-8
cache-control: no-cache
content-length: 88
date: Thu, 25 Jun 2020 12:50:14 GMT

15:50:14.316 [AsyncHttpClient-3-1] DEBUG o.a.netty.channel.ChannelManager - Adding key: http://localhost:10889 for channel [id: 0x7c68b8df, L:/127.0.0.1:64390 - R:localhost/127.0.0.1:10889]
15:50:14.317 [Forwarding getElementText on session 14f61660-7bcc-4279-b6a3-7163a94e0626 to remote] DEBUG o.a.netty.request.NettyRequestSender - Using pooled Channel '[id: 0x7c68b8df, L:/127.0.0.1:64390 - R:localhost/127.0.0.1:10889]' for 'GET' to 'http://localhost:10889/session/14f61660-7bcc-4279-b6a3-7163a94e0626/element/83ebd836-3640-4dab-acdf-7c7467919df3/text'
15:50:14.317 [Forwarding getElementText on session 14f61660-7bcc-4279-b6a3-7163a94e0626 to remote] DEBUG o.a.netty.request.NettyRequestSender - Using open Channel [id: 0x7c68b8df, L:/127.0.0.1:64390 - R:localhost/127.0.0.1:10889] for GET '/session/14f61660-7bcc-4279-b6a3-7163a94e0626/element/83ebd836-3640-4dab-acdf-7c7467919df3/text'
15:50:14.325 [AsyncHttpClient-3-1] DEBUG o.a.netty.handler.HttpHandler - 

Request DefaultFullHttpRequest(decodeResult: success, version: HTTP/1.1, content: EmptyByteBufBE)
GET /session/14f61660-7bcc-4279-b6a3-7163a94e0626/element/83ebd836-3640-4dab-acdf-7c7467919df3/text HTTP/1.1
User-Agent: selenium/4.0.0-alpha-5 (java windows)
Cache-Control: no-cache
host: localhost:10889
accept: */*

Response DefaultHttpResponse(decodeResult: success, version: HTTP/1.1)
HTTP/1.1 200 OK
content-type: application/json; charset=utf-8
cache-control: no-cache
content-length: 57
date: Thu, 25 Jun 2020 12:50:14 GMT

15:50:14.325 [AsyncHttpClient-3-1] DEBUG o.a.netty.channel.ChannelManager - Adding key: http://localhost:10889 for channel [id: 0x7c68b8df, L:/127.0.0.1:64390 - R:localhost/127.0.0.1:10889]
15:50:14.325 [Forwarding findChildElement on session 14f61660-7bcc-4279-b6a3-7163a94e0626 to remote] DEBUG o.a.netty.request.NettyRequestSender - Using pooled Channel '[id: 0x7c68b8df, L:/127.0.0.1:64390 - R:localhost/127.0.0.1:10889]' for 'POST' to 'http://localhost:10889/session/14f61660-7bcc-4279-b6a3-7163a94e0626/element/2a33dd32-8f25-4899-9a20-d3f534218346/element'
15:50:14.325 [Forwarding findChildElement on session 14f61660-7bcc-4279-b6a3-7163a94e0626 to remote] DEBUG o.a.netty.request.NettyRequestSender - Using open Channel [id: 0x7c68b8df, L:/127.0.0.1:64390 - R:localhost/127.0.0.1:10889] for POST '/session/14f61660-7bcc-4279-b6a3-7163a94e0626/element/2a33dd32-8f25-4899-9a20-d3f534218346/element'
15:50:14.329 [AsyncHttpClient-3-1] DEBUG o.a.netty.handler.HttpHandler - 

Request DefaultHttpRequest(decodeResult: success, version: HTTP/1.1)
POST /session/14f61660-7bcc-4279-b6a3-7163a94e0626/element/2a33dd32-8f25-4899-9a20-d3f534218346/element HTTP/1.1
User-Agent: selenium/4.0.0-alpha-5 (java windows)
Content-Length: 97
Content-Type: application/json; charset=utf-8
host: localhost:10889
accept: */*

Response DefaultHttpResponse(decodeResult: success, version: HTTP/1.1)
HTTP/1.1 200 OK
content-type: application/json; charset=utf-8
cache-control: no-cache
content-length: 88
date: Thu, 25 Jun 2020 12:50:14 GMT

15:50:14.329 [AsyncHttpClient-3-1] DEBUG o.a.netty.channel.ChannelManager - Adding key: http://localhost:10889 for channel [id: 0x7c68b8df, L:/127.0.0.1:64390 - R:localhost/127.0.0.1:10889]
15:50:14.332 [Forwarding getElementAttribute on session 14f61660-7bcc-4279-b6a3-7163a94e0626 to remote] DEBUG o.a.netty.request.NettyRequestSender - Using pooled Channel '[id: 0x7c68b8df, L:/127.0.0.1:64390 - R:localhost/127.0.0.1:10889]' for 'POST' to 'http://localhost:10889/session/14f61660-7bcc-4279-b6a3-7163a94e0626/execute/sync'
15:50:14.332 [Forwarding getElementAttribute on session 14f61660-7bcc-4279-b6a3-7163a94e0626 to remote] DEBUG o.a.netty.request.NettyRequestSender - Using open Channel [id: 0x7c68b8df, L:/127.0.0.1:64390 - R:localhost/127.0.0.1:10889] for POST '/session/14f61660-7bcc-4279-b6a3-7163a94e0626/execute/sync'
15:50:14.344 [AsyncHttpClient-3-1] DEBUG o.a.netty.handler.HttpHandler - 

Request DefaultHttpRequest(decodeResult: success, version: HTTP/1.1)
POST /session/14f61660-7bcc-4279-b6a3-7163a94e0626/execute/sync HTTP/1.1
User-Agent: selenium/4.0.0-alpha-5 (java windows)
Content-Length: 39635
Content-Type: application/json; charset=utf-8
host: localhost:10889
accept: */*

Response DefaultHttpResponse(decodeResult: success, version: HTTP/1.1)
HTTP/1.1 200 OK
content-type: application/json; charset=utf-8
cache-control: no-cache
content-length: 15
date: Thu, 25 Jun 2020 12:50:14 GMT

15:50:14.344 [AsyncHttpClient-3-1] DEBUG o.a.netty.channel.ChannelManager - Adding key: http://localhost:10889 for channel [id: 0x7c68b8df, L:/127.0.0.1:64390 - R:localhost/127.0.0.1:10889]
15:50:14.344 [Forwarding findChildElement on session 14f61660-7bcc-4279-b6a3-7163a94e0626 to remote] DEBUG o.a.netty.request.NettyRequestSender - Using pooled Channel '[id: 0x7c68b8df, L:/127.0.0.1:64390 - R:localhost/127.0.0.1:10889]' for 'POST' to 'http://localhost:10889/session/14f61660-7bcc-4279-b6a3-7163a94e0626/element/5f4b91f5-6cdb-47b8-a720-7e0e75e87c92/element'
15:50:14.344 [Forwarding findChildElement on session 14f61660-7bcc-4279-b6a3-7163a94e0626 to remote] DEBUG o.a.netty.request.NettyRequestSender - Using open Channel [id: 0x7c68b8df, L:/127.0.0.1:64390 - R:localhost/127.0.0.1:10889] for POST '/session/14f61660-7bcc-4279-b6a3-7163a94e0626/element/5f4b91f5-6cdb-47b8-a720-7e0e75e87c92/element'
15:50:14.348 [AsyncHttpClient-3-1] DEBUG o.a.netty.handler.HttpHandler - 

Request DefaultHttpRequest(decodeResult: success, version: HTTP/1.1)
POST /session/14f61660-7bcc-4279-b6a3-7163a94e0626/element/5f4b91f5-6cdb-47b8-a720-7e0e75e87c92/element HTTP/1.1
User-Agent: selenium/4.0.0-alpha-5 (java windows)
Content-Length: 103
Content-Type: application/json; charset=utf-8
host: localhost:10889
accept: */*

Response DefaultHttpResponse(decodeResult: success, version: HTTP/1.1)
HTTP/1.1 200 OK
content-type: application/json; charset=utf-8
cache-control: no-cache
content-length: 88
date: Thu, 25 Jun 2020 12:50:14 GMT

15:50:14.348 [AsyncHttpClient-3-1] DEBUG o.a.netty.channel.ChannelManager - Adding key: http://localhost:10889 for channel [id: 0x7c68b8df, L:/127.0.0.1:64390 - R:localhost/127.0.0.1:10889]
15:50:14.349 [Forwarding getElementText on session 14f61660-7bcc-4279-b6a3-7163a94e0626 to remote] DEBUG o.a.netty.request.NettyRequestSender - Using pooled Channel '[id: 0x7c68b8df, L:/127.0.0.1:64390 - R:localhost/127.0.0.1:10889]' for 'GET' to 'http://localhost:10889/session/14f61660-7bcc-4279-b6a3-7163a94e0626/element/7c92a00b-66ab-470c-b612-00001fdd2755/text'
15:50:14.349 [Forwarding getElementText on session 14f61660-7bcc-4279-b6a3-7163a94e0626 to remote] DEBUG o.a.netty.request.NettyRequestSender - Using open Channel [id: 0x7c68b8df, L:/127.0.0.1:64390 - R:localhost/127.0.0.1:10889] for GET '/session/14f61660-7bcc-4279-b6a3-7163a94e0626/element/7c92a00b-66ab-470c-b612-00001fdd2755/text'
15:50:14.353 [AsyncHttpClient-3-1] DEBUG o.a.netty.handler.HttpHandler - 

Request DefaultFullHttpRequest(decodeResult: success, version: HTTP/1.1, content: EmptyByteBufBE)
GET /session/14f61660-7bcc-4279-b6a3-7163a94e0626/element/7c92a00b-66ab-470c-b612-00001fdd2755/text HTTP/1.1
User-Agent: selenium/4.0.0-alpha-5 (java windows)
Cache-Control: no-cache
host: localhost:10889
accept: */*

Response DefaultHttpResponse(decodeResult: success, version: HTTP/1.1)
HTTP/1.1 200 OK
content-type: application/json; charset=utf-8
cache-control: no-cache
content-length: 18
date: Thu, 25 Jun 2020 12:50:14 GMT

15:50:14.353 [AsyncHttpClient-3-1] DEBUG o.a.netty.channel.ChannelManager - Adding key: http://localhost:10889 for channel [id: 0x7c68b8df, L:/127.0.0.1:64390 - R:localhost/127.0.0.1:10889]
15:50:14.354 [Forwarding findChildElement on session 14f61660-7bcc-4279-b6a3-7163a94e0626 to remote] DEBUG o.a.netty.request.NettyRequestSender - Using pooled Channel '[id: 0x7c68b8df, L:/127.0.0.1:64390 - R:localhost/127.0.0.1:10889]' for 'POST' to 'http://localhost:10889/session/14f61660-7bcc-4279-b6a3-7163a94e0626/element/5f4b91f5-6cdb-47b8-a720-7e0e75e87c92/element'
15:50:14.354 [Forwarding findChildElement on session 14f61660-7bcc-4279-b6a3-7163a94e0626 to remote] DEBUG o.a.netty.request.NettyRequestSender - Using open Channel [id: 0x7c68b8df, L:/127.0.0.1:64390 - R:localhost/127.0.0.1:10889] for POST '/session/14f61660-7bcc-4279-b6a3-7163a94e0626/element/5f4b91f5-6cdb-47b8-a720-7e0e75e87c92/element'
15:50:14.358 [AsyncHttpClient-3-1] DEBUG o.a.netty.handler.HttpHandler - 

Request DefaultHttpRequest(decodeResult: success, version: HTTP/1.1)
POST /session/14f61660-7bcc-4279-b6a3-7163a94e0626/element/5f4b91f5-6cdb-47b8-a720-7e0e75e87c92/element HTTP/1.1
User-Agent: selenium/4.0.0-alpha-5 (java windows)
Content-Length: 103
Content-Type: application/json; charset=utf-8
host: localhost:10889
accept: */*

Response DefaultHttpResponse(decodeResult: success, version: HTTP/1.1)
HTTP/1.1 200 OK
content-type: application/json; charset=utf-8
cache-control: no-cache
content-length: 88
date: Thu, 25 Jun 2020 12:50:14 GMT

15:50:14.358 [AsyncHttpClient-3-1] DEBUG o.a.netty.channel.ChannelManager - Adding key: http://localhost:10889 for channel [id: 0x7c68b8df, L:/127.0.0.1:64390 - R:localhost/127.0.0.1:10889]
15:50:14.358 [Forwarding getElementText on session 14f61660-7bcc-4279-b6a3-7163a94e0626 to remote] DEBUG o.a.netty.request.NettyRequestSender - Using pooled Channel '[id: 0x7c68b8df, L:/127.0.0.1:64390 - R:localhost/127.0.0.1:10889]' for 'GET' to 'http://localhost:10889/session/14f61660-7bcc-4279-b6a3-7163a94e0626/element/545f3675-8623-42d2-a614-8b07c386c812/text'
15:50:14.359 [Forwarding getElementText on session 14f61660-7bcc-4279-b6a3-7163a94e0626 to remote] DEBUG o.a.netty.request.NettyRequestSender - Using open Channel [id: 0x7c68b8df, L:/127.0.0.1:64390 - R:localhost/127.0.0.1:10889] for GET '/session/14f61660-7bcc-4279-b6a3-7163a94e0626/element/545f3675-8623-42d2-a614-8b07c386c812/text'
15:50:14.363 [AsyncHttpClient-3-1] DEBUG o.a.netty.handler.HttpHandler - 

Request DefaultFullHttpRequest(decodeResult: success, version: HTTP/1.1, content: EmptyByteBufBE)
GET /session/14f61660-7bcc-4279-b6a3-7163a94e0626/element/545f3675-8623-42d2-a614-8b07c386c812/text HTTP/1.1
User-Agent: selenium/4.0.0-alpha-5 (java windows)
Cache-Control: no-cache
host: localhost:10889
accept: */*

Response DefaultHttpResponse(decodeResult: success, version: HTTP/1.1)
HTTP/1.1 200 OK
content-type: application/json; charset=utf-8
cache-control: no-cache
content-length: 22
date: Thu, 25 Jun 2020 12:50:14 GMT

15:50:14.363 [AsyncHttpClient-3-1] DEBUG o.a.netty.channel.ChannelManager - Adding key: http://localhost:10889 for channel [id: 0x7c68b8df, L:/127.0.0.1:64390 - R:localhost/127.0.0.1:10889]
15:50:14.363 [Forwarding findChildElement on session 14f61660-7bcc-4279-b6a3-7163a94e0626 to remote] DEBUG o.a.netty.request.NettyRequestSender - Using pooled Channel '[id: 0x7c68b8df, L:/127.0.0.1:64390 - R:localhost/127.0.0.1:10889]' for 'POST' to 'http://localhost:10889/session/14f61660-7bcc-4279-b6a3-7163a94e0626/element/5f4b91f5-6cdb-47b8-a720-7e0e75e87c92/element'
15:50:14.363 [Forwarding findChildElement on session 14f61660-7bcc-4279-b6a3-7163a94e0626 to remote] DEBUG o.a.netty.request.NettyRequestSender - Using open Channel [id: 0x7c68b8df, L:/127.0.0.1:64390 - R:localhost/127.0.0.1:10889] for POST '/session/14f61660-7bcc-4279-b6a3-7163a94e0626/element/5f4b91f5-6cdb-47b8-a720-7e0e75e87c92/element'
15:50:14.367 [AsyncHttpClient-3-1] DEBUG o.a.netty.handler.HttpHandler - 

Request DefaultHttpRequest(decodeResult: success, version: HTTP/1.1)
POST /session/14f61660-7bcc-4279-b6a3-7163a94e0626/element/5f4b91f5-6cdb-47b8-a720-7e0e75e87c92/element HTTP/1.1
User-Agent: selenium/4.0.0-alpha-5 (java windows)
Content-Length: 103
Content-Type: application/json; charset=utf-8
host: localhost:10889
accept: */*

Response DefaultHttpResponse(decodeResult: success, version: HTTP/1.1)
HTTP/1.1 200 OK
content-type: application/json; charset=utf-8
cache-control: no-cache
content-length: 88
date: Thu, 25 Jun 2020 12:50:14 GMT

15:50:14.367 [AsyncHttpClient-3-1] DEBUG o.a.netty.channel.ChannelManager - Adding key: http://localhost:10889 for channel [id: 0x7c68b8df, L:/127.0.0.1:64390 - R:localhost/127.0.0.1:10889]
15:50:14.367 [Forwarding getElementText on session 14f61660-7bcc-4279-b6a3-7163a94e0626 to remote] DEBUG o.a.netty.request.NettyRequestSender - Using pooled Channel '[id: 0x7c68b8df, L:/127.0.0.1:64390 - R:localhost/127.0.0.1:10889]' for 'GET' to 'http://localhost:10889/session/14f61660-7bcc-4279-b6a3-7163a94e0626/element/1af2e087-aba7-420a-9f00-56a4736bbf57/text'
15:50:14.367 [Forwarding getElementText on session 14f61660-7bcc-4279-b6a3-7163a94e0626 to remote] DEBUG o.a.netty.request.NettyRequestSender - Using open Channel [id: 0x7c68b8df, L:/127.0.0.1:64390 - R:localhost/127.0.0.1:10889] for GET '/session/14f61660-7bcc-4279-b6a3-7163a94e0626/element/1af2e087-aba7-420a-9f00-56a4736bbf57/text'
15:50:14.371 [AsyncHttpClient-3-1] DEBUG o.a.netty.handler.HttpHandler - 

Request DefaultFullHttpRequest(decodeResult: success, version: HTTP/1.1, content: EmptyByteBufBE)
GET /session/14f61660-7bcc-4279-b6a3-7163a94e0626/element/1af2e087-aba7-420a-9f00-56a4736bbf57/text HTTP/1.1
User-Agent: selenium/4.0.0-alpha-5 (java windows)
Cache-Control: no-cache
host: localhost:10889
accept: */*

Response DefaultHttpResponse(decodeResult: success, version: HTTP/1.1)
HTTP/1.1 200 OK
content-type: application/json; charset=utf-8
cache-control: no-cache
content-length: 21
date: Thu, 25 Jun 2020 12:50:14 GMT

15:50:14.371 [AsyncHttpClient-3-1] DEBUG o.a.netty.channel.ChannelManager - Adding key: http://localhost:10889 for channel [id: 0x7c68b8df, L:/127.0.0.1:64390 - R:localhost/127.0.0.1:10889]
15:50:14.372 [Forwarding findChildElement on session 14f61660-7bcc-4279-b6a3-7163a94e0626 to remote] DEBUG o.a.netty.request.NettyRequestSender - Using pooled Channel '[id: 0x7c68b8df, L:/127.0.0.1:64390 - R:localhost/127.0.0.1:10889]' for 'POST' to 'http://localhost:10889/session/14f61660-7bcc-4279-b6a3-7163a94e0626/element/5f4b91f5-6cdb-47b8-a720-7e0e75e87c92/element'
15:50:14.372 [Forwarding findChildElement on session 14f61660-7bcc-4279-b6a3-7163a94e0626 to remote] DEBUG o.a.netty.request.NettyRequestSender - Using open Channel [id: 0x7c68b8df, L:/127.0.0.1:64390 - R:localhost/127.0.0.1:10889] for POST '/session/14f61660-7bcc-4279-b6a3-7163a94e0626/element/5f4b91f5-6cdb-47b8-a720-7e0e75e87c92/element'
15:50:14.375 [AsyncHttpClient-3-1] DEBUG o.a.netty.handler.HttpHandler - 

Request DefaultHttpRequest(decodeResult: success, version: HTTP/1.1)
POST /session/14f61660-7bcc-4279-b6a3-7163a94e0626/element/5f4b91f5-6cdb-47b8-a720-7e0e75e87c92/element HTTP/1.1
User-Agent: selenium/4.0.0-alpha-5 (java windows)
Content-Length: 103
Content-Type: application/json; charset=utf-8
host: localhost:10889
accept: */*

Response DefaultHttpResponse(decodeResult: success, version: HTTP/1.1)
HTTP/1.1 200 OK
content-type: application/json; charset=utf-8
cache-control: no-cache
content-length: 88
date: Thu, 25 Jun 2020 12:50:14 GMT

15:50:14.375 [AsyncHttpClient-3-1] DEBUG o.a.netty.channel.ChannelManager - Adding key: http://localhost:10889 for channel [id: 0x7c68b8df, L:/127.0.0.1:64390 - R:localhost/127.0.0.1:10889]
15:50:14.376 [Forwarding getElementText on session 14f61660-7bcc-4279-b6a3-7163a94e0626 to remote] DEBUG o.a.netty.request.NettyRequestSender - Using pooled Channel '[id: 0x7c68b8df, L:/127.0.0.1:64390 - R:localhost/127.0.0.1:10889]' for 'GET' to 'http://localhost:10889/session/14f61660-7bcc-4279-b6a3-7163a94e0626/element/98fce2fc-f47f-42e4-8dab-05519939a0fa/text'
15:50:14.376 [Forwarding getElementText on session 14f61660-7bcc-4279-b6a3-7163a94e0626 to remote] DEBUG o.a.netty.request.NettyRequestSender - Using open Channel [id: 0x7c68b8df, L:/127.0.0.1:64390 - R:localhost/127.0.0.1:10889] for GET '/session/14f61660-7bcc-4279-b6a3-7163a94e0626/element/98fce2fc-f47f-42e4-8dab-05519939a0fa/text'
15:50:14.381 [AsyncHttpClient-3-1] DEBUG o.a.netty.handler.HttpHandler - 

Request DefaultFullHttpRequest(decodeResult: success, version: HTTP/1.1, content: EmptyByteBufBE)
GET /session/14f61660-7bcc-4279-b6a3-7163a94e0626/element/98fce2fc-f47f-42e4-8dab-05519939a0fa/text HTTP/1.1
User-Agent: selenium/4.0.0-alpha-5 (java windows)
Cache-Control: no-cache
host: localhost:10889
accept: */*

Response DefaultHttpResponse(decodeResult: success, version: HTTP/1.1)
HTTP/1.1 200 OK
content-type: application/json; charset=utf-8
cache-control: no-cache
content-length: 45
date: Thu, 25 Jun 2020 12:50:14 GMT

15:50:14.381 [AsyncHttpClient-3-1] DEBUG o.a.netty.channel.ChannelManager - Adding key: http://localhost:10889 for channel [id: 0x7c68b8df, L:/127.0.0.1:64390 - R:localhost/127.0.0.1:10889]
15:50:14.381 [Forwarding findChildElement on session 14f61660-7bcc-4279-b6a3-7163a94e0626 to remote] DEBUG o.a.netty.request.NettyRequestSender - Using pooled Channel '[id: 0x7c68b8df, L:/127.0.0.1:64390 - R:localhost/127.0.0.1:10889]' for 'POST' to 'http://localhost:10889/session/14f61660-7bcc-4279-b6a3-7163a94e0626/element/5f4b91f5-6cdb-47b8-a720-7e0e75e87c92/element'
15:50:14.381 [Forwarding findChildElement on session 14f61660-7bcc-4279-b6a3-7163a94e0626 to remote] DEBUG o.a.netty.request.NettyRequestSender - Using open Channel [id: 0x7c68b8df, L:/127.0.0.1:64390 - R:localhost/127.0.0.1:10889] for POST '/session/14f61660-7bcc-4279-b6a3-7163a94e0626/element/5f4b91f5-6cdb-47b8-a720-7e0e75e87c92/element'
15:50:14.385 [AsyncHttpClient-3-1] DEBUG o.a.netty.handler.HttpHandler - 

Request DefaultHttpRequest(decodeResult: success, version: HTTP/1.1)
POST /session/14f61660-7bcc-4279-b6a3-7163a94e0626/element/5f4b91f5-6cdb-47b8-a720-7e0e75e87c92/element HTTP/1.1
User-Agent: selenium/4.0.0-alpha-5 (java windows)
Content-Length: 103
Content-Type: application/json; charset=utf-8
host: localhost:10889
accept: */*

Response DefaultHttpResponse(decodeResult: success, version: HTTP/1.1)
HTTP/1.1 200 OK
content-type: application/json; charset=utf-8
cache-control: no-cache
content-length: 88
date: Thu, 25 Jun 2020 12:50:14 GMT

15:50:14.385 [AsyncHttpClient-3-1] DEBUG o.a.netty.channel.ChannelManager - Adding key: http://localhost:10889 for channel [id: 0x7c68b8df, L:/127.0.0.1:64390 - R:localhost/127.0.0.1:10889]
15:50:14.385 [Forwarding getElementText on session 14f61660-7bcc-4279-b6a3-7163a94e0626 to remote] DEBUG o.a.netty.request.NettyRequestSender - Using pooled Channel '[id: 0x7c68b8df, L:/127.0.0.1:64390 - R:localhost/127.0.0.1:10889]' for 'GET' to 'http://localhost:10889/session/14f61660-7bcc-4279-b6a3-7163a94e0626/element/dc56ce45-e0dc-4483-99f6-30a3b12f2d0f/text'
15:50:14.385 [Forwarding getElementText on session 14f61660-7bcc-4279-b6a3-7163a94e0626 to remote] DEBUG o.a.netty.request.NettyRequestSender - Using open Channel [id: 0x7c68b8df, L:/127.0.0.1:64390 - R:localhost/127.0.0.1:10889] for GET '/session/14f61660-7bcc-4279-b6a3-7163a94e0626/element/dc56ce45-e0dc-4483-99f6-30a3b12f2d0f/text'
15:50:14.393 [AsyncHttpClient-3-1] DEBUG o.a.netty.handler.HttpHandler - 

Request DefaultFullHttpRequest(decodeResult: success, version: HTTP/1.1, content: EmptyByteBufBE)
GET /session/14f61660-7bcc-4279-b6a3-7163a94e0626/element/dc56ce45-e0dc-4483-99f6-30a3b12f2d0f/text HTTP/1.1
User-Agent: selenium/4.0.0-alpha-5 (java windows)
Cache-Control: no-cache
host: localhost:10889
accept: */*

Response DefaultHttpResponse(decodeResult: success, version: HTTP/1.1)
HTTP/1.1 200 OK
content-type: application/json; charset=utf-8
cache-control: no-cache
content-length: 57
date: Thu, 25 Jun 2020 12:50:14 GMT

15:50:14.393 [AsyncHttpClient-3-1] DEBUG o.a.netty.channel.ChannelManager - Adding key: http://localhost:10889 for channel [id: 0x7c68b8df, L:/127.0.0.1:64390 - R:localhost/127.0.0.1:10889]
15:50:14.393 [Forwarding findChildElement on session 14f61660-7bcc-4279-b6a3-7163a94e0626 to remote] DEBUG o.a.netty.request.NettyRequestSender - Using pooled Channel '[id: 0x7c68b8df, L:/127.0.0.1:64390 - R:localhost/127.0.0.1:10889]' for 'POST' to 'http://localhost:10889/session/14f61660-7bcc-4279-b6a3-7163a94e0626/element/5f4b91f5-6cdb-47b8-a720-7e0e75e87c92/element'
15:50:14.393 [Forwarding findChildElement on session 14f61660-7bcc-4279-b6a3-7163a94e0626 to remote] DEBUG o.a.netty.request.NettyRequestSender - Using open Channel [id: 0x7c68b8df, L:/127.0.0.1:64390 - R:localhost/127.0.0.1:10889] for POST '/session/14f61660-7bcc-4279-b6a3-7163a94e0626/element/5f4b91f5-6cdb-47b8-a720-7e0e75e87c92/element'
15:50:14.397 [AsyncHttpClient-3-1] DEBUG o.a.netty.handler.HttpHandler - 

Request DefaultHttpRequest(decodeResult: success, version: HTTP/1.1)
POST /session/14f61660-7bcc-4279-b6a3-7163a94e0626/element/5f4b91f5-6cdb-47b8-a720-7e0e75e87c92/element HTTP/1.1
User-Agent: selenium/4.0.0-alpha-5 (java windows)
Content-Length: 97
Content-Type: application/json; charset=utf-8
host: localhost:10889
accept: */*

Response DefaultHttpResponse(decodeResult: success, version: HTTP/1.1)
HTTP/1.1 200 OK
content-type: application/json; charset=utf-8
cache-control: no-cache
content-length: 88
date: Thu, 25 Jun 2020 12:50:14 GMT

15:50:14.397 [AsyncHttpClient-3-1] DEBUG o.a.netty.channel.ChannelManager - Adding key: http://localhost:10889 for channel [id: 0x7c68b8df, L:/127.0.0.1:64390 - R:localhost/127.0.0.1:10889]
15:50:14.399 [Forwarding getElementAttribute on session 14f61660-7bcc-4279-b6a3-7163a94e0626 to remote] DEBUG o.a.netty.request.NettyRequestSender - Using pooled Channel '[id: 0x7c68b8df, L:/127.0.0.1:64390 - R:localhost/127.0.0.1:10889]' for 'POST' to 'http://localhost:10889/session/14f61660-7bcc-4279-b6a3-7163a94e0626/execute/sync'
15:50:14.400 [Forwarding getElementAttribute on session 14f61660-7bcc-4279-b6a3-7163a94e0626 to remote] DEBUG o.a.netty.request.NettyRequestSender - Using open Channel [id: 0x7c68b8df, L:/127.0.0.1:64390 - R:localhost/127.0.0.1:10889] for POST '/session/14f61660-7bcc-4279-b6a3-7163a94e0626/execute/sync'
15:50:14.412 [AsyncHttpClient-3-1] DEBUG o.a.netty.handler.HttpHandler - 

Request DefaultHttpRequest(decodeResult: success, version: HTTP/1.1)
POST /session/14f61660-7bcc-4279-b6a3-7163a94e0626/execute/sync HTTP/1.1
User-Agent: selenium/4.0.0-alpha-5 (java windows)
Content-Length: 39635
Content-Type: application/json; charset=utf-8
host: localhost:10889
accept: */*

Response DefaultHttpResponse(decodeResult: success, version: HTTP/1.1)
HTTP/1.1 200 OK
content-type: application/json; charset=utf-8
cache-control: no-cache
content-length: 15
date: Thu, 25 Jun 2020 12:50:14 GMT

15:50:14.412 [AsyncHttpClient-3-1] DEBUG o.a.netty.channel.ChannelManager - Adding key: http://localhost:10889 for channel [id: 0x7c68b8df, L:/127.0.0.1:64390 - R:localhost/127.0.0.1:10889]
15:50:14.412 [Forwarding findChildElement on session 14f61660-7bcc-4279-b6a3-7163a94e0626 to remote] DEBUG o.a.netty.request.NettyRequestSender - Using pooled Channel '[id: 0x7c68b8df, L:/127.0.0.1:64390 - R:localhost/127.0.0.1:10889]' for 'POST' to 'http://localhost:10889/session/14f61660-7bcc-4279-b6a3-7163a94e0626/element/a0e9741b-1215-4d21-a3f5-b0a9cea2a7e9/element'
15:50:14.412 [Forwarding findChildElement on session 14f61660-7bcc-4279-b6a3-7163a94e0626 to remote] DEBUG o.a.netty.request.NettyRequestSender - Using open Channel [id: 0x7c68b8df, L:/127.0.0.1:64390 - R:localhost/127.0.0.1:10889] for POST '/session/14f61660-7bcc-4279-b6a3-7163a94e0626/element/a0e9741b-1215-4d21-a3f5-b0a9cea2a7e9/element'
15:50:14.416 [AsyncHttpClient-3-1] DEBUG o.a.netty.handler.HttpHandler - 

Request DefaultHttpRequest(decodeResult: success, version: HTTP/1.1)
POST /session/14f61660-7bcc-4279-b6a3-7163a94e0626/element/a0e9741b-1215-4d21-a3f5-b0a9cea2a7e9/element HTTP/1.1
User-Agent: selenium/4.0.0-alpha-5 (java windows)
Content-Length: 103
Content-Type: application/json; charset=utf-8
host: localhost:10889
accept: */*

Response DefaultHttpResponse(decodeResult: success, version: HTTP/1.1)
HTTP/1.1 200 OK
content-type: application/json; charset=utf-8
cache-control: no-cache
content-length: 88
date: Thu, 25 Jun 2020 12:50:14 GMT

15:50:14.416 [AsyncHttpClient-3-1] DEBUG o.a.netty.channel.ChannelManager - Adding key: http://localhost:10889 for channel [id: 0x7c68b8df, L:/127.0.0.1:64390 - R:localhost/127.0.0.1:10889]
15:50:14.416 [Forwarding getElementText on session 14f61660-7bcc-4279-b6a3-7163a94e0626 to remote] DEBUG o.a.netty.request.NettyRequestSender - Using pooled Channel '[id: 0x7c68b8df, L:/127.0.0.1:64390 - R:localhost/127.0.0.1:10889]' for 'GET' to 'http://localhost:10889/session/14f61660-7bcc-4279-b6a3-7163a94e0626/element/35963050-e740-431d-afda-4fd29bed9da5/text'
15:50:14.416 [Forwarding getElementText on session 14f61660-7bcc-4279-b6a3-7163a94e0626 to remote] DEBUG o.a.netty.request.NettyRequestSender - Using open Channel [id: 0x7c68b8df, L:/127.0.0.1:64390 - R:localhost/127.0.0.1:10889] for GET '/session/14f61660-7bcc-4279-b6a3-7163a94e0626/element/35963050-e740-431d-afda-4fd29bed9da5/text'
15:50:14.421 [AsyncHttpClient-3-1] DEBUG o.a.netty.handler.HttpHandler - 

Request DefaultFullHttpRequest(decodeResult: success, version: HTTP/1.1, content: EmptyByteBufBE)
GET /session/14f61660-7bcc-4279-b6a3-7163a94e0626/element/35963050-e740-431d-afda-4fd29bed9da5/text HTTP/1.1
User-Agent: selenium/4.0.0-alpha-5 (java windows)
Cache-Control: no-cache
host: localhost:10889
accept: */*

Response DefaultHttpResponse(decodeResult: success, version: HTTP/1.1)
HTTP/1.1 200 OK
content-type: application/json; charset=utf-8
cache-control: no-cache
content-length: 18
date: Thu, 25 Jun 2020 12:50:14 GMT

15:50:14.421 [AsyncHttpClient-3-1] DEBUG o.a.netty.channel.ChannelManager - Adding key: http://localhost:10889 for channel [id: 0x7c68b8df, L:/127.0.0.1:64390 - R:localhost/127.0.0.1:10889]
15:50:14.422 [Forwarding findChildElement on session 14f61660-7bcc-4279-b6a3-7163a94e0626 to remote] DEBUG o.a.netty.request.NettyRequestSender - Using pooled Channel '[id: 0x7c68b8df, L:/127.0.0.1:64390 - R:localhost/127.0.0.1:10889]' for 'POST' to 'http://localhost:10889/session/14f61660-7bcc-4279-b6a3-7163a94e0626/element/a0e9741b-1215-4d21-a3f5-b0a9cea2a7e9/element'
15:50:14.422 [Forwarding findChildElement on session 14f61660-7bcc-4279-b6a3-7163a94e0626 to remote] DEBUG o.a.netty.request.NettyRequestSender - Using open Channel [id: 0x7c68b8df, L:/127.0.0.1:64390 - R:localhost/127.0.0.1:10889] for POST '/session/14f61660-7bcc-4279-b6a3-7163a94e0626/element/a0e9741b-1215-4d21-a3f5-b0a9cea2a7e9/element'
15:50:14.426 [AsyncHttpClient-3-1] DEBUG o.a.netty.handler.HttpHandler - 

Request DefaultHttpRequest(decodeResult: success, version: HTTP/1.1)
POST /session/14f61660-7bcc-4279-b6a3-7163a94e0626/element/a0e9741b-1215-4d21-a3f5-b0a9cea2a7e9/element HTTP/1.1
User-Agent: selenium/4.0.0-alpha-5 (java windows)
Content-Length: 103
Content-Type: application/json; charset=utf-8
host: localhost:10889
accept: */*

Response DefaultHttpResponse(decodeResult: success, version: HTTP/1.1)
HTTP/1.1 200 OK
content-type: application/json; charset=utf-8
cache-control: no-cache
content-length: 88
date: Thu, 25 Jun 2020 12:50:14 GMT

15:50:14.426 [AsyncHttpClient-3-1] DEBUG o.a.netty.channel.ChannelManager - Adding key: http://localhost:10889 for channel [id: 0x7c68b8df, L:/127.0.0.1:64390 - R:localhost/127.0.0.1:10889]
15:50:14.426 [Forwarding getElementText on session 14f61660-7bcc-4279-b6a3-7163a94e0626 to remote] DEBUG o.a.netty.request.NettyRequestSender - Using pooled Channel '[id: 0x7c68b8df, L:/127.0.0.1:64390 - R:localhost/127.0.0.1:10889]' for 'GET' to 'http://localhost:10889/session/14f61660-7bcc-4279-b6a3-7163a94e0626/element/12d64be1-b9e0-4ae8-97d3-3caec7167c75/text'
15:50:14.427 [Forwarding getElementText on session 14f61660-7bcc-4279-b6a3-7163a94e0626 to remote] DEBUG o.a.netty.request.NettyRequestSender - Using open Channel [id: 0x7c68b8df, L:/127.0.0.1:64390 - R:localhost/127.0.0.1:10889] for GET '/session/14f61660-7bcc-4279-b6a3-7163a94e0626/element/12d64be1-b9e0-4ae8-97d3-3caec7167c75/text'
15:50:14.430 [AsyncHttpClient-3-1] DEBUG o.a.netty.handler.HttpHandler - 

Request DefaultFullHttpRequest(decodeResult: success, version: HTTP/1.1, content: EmptyByteBufBE)
GET /session/14f61660-7bcc-4279-b6a3-7163a94e0626/element/12d64be1-b9e0-4ae8-97d3-3caec7167c75/text HTTP/1.1
User-Agent: selenium/4.0.0-alpha-5 (java windows)
Cache-Control: no-cache
host: localhost:10889
accept: */*

Response DefaultHttpResponse(decodeResult: success, version: HTTP/1.1)
HTTP/1.1 200 OK
content-type: application/json; charset=utf-8
cache-control: no-cache
content-length: 22
date: Thu, 25 Jun 2020 12:50:14 GMT

15:50:14.431 [AsyncHttpClient-3-1] DEBUG o.a.netty.channel.ChannelManager - Adding key: http://localhost:10889 for channel [id: 0x7c68b8df, L:/127.0.0.1:64390 - R:localhost/127.0.0.1:10889]
15:50:14.431 [Forwarding findChildElement on session 14f61660-7bcc-4279-b6a3-7163a94e0626 to remote] DEBUG o.a.netty.request.NettyRequestSender - Using pooled Channel '[id: 0x7c68b8df, L:/127.0.0.1:64390 - R:localhost/127.0.0.1:10889]' for 'POST' to 'http://localhost:10889/session/14f61660-7bcc-4279-b6a3-7163a94e0626/element/a0e9741b-1215-4d21-a3f5-b0a9cea2a7e9/element'
15:50:14.431 [Forwarding findChildElement on session 14f61660-7bcc-4279-b6a3-7163a94e0626 to remote] DEBUG o.a.netty.request.NettyRequestSender - Using open Channel [id: 0x7c68b8df, L:/127.0.0.1:64390 - R:localhost/127.0.0.1:10889] for POST '/session/14f61660-7bcc-4279-b6a3-7163a94e0626/element/a0e9741b-1215-4d21-a3f5-b0a9cea2a7e9/element'
15:50:14.435 [AsyncHttpClient-3-1] DEBUG o.a.netty.handler.HttpHandler - 

Request DefaultHttpRequest(decodeResult: success, version: HTTP/1.1)
POST /session/14f61660-7bcc-4279-b6a3-7163a94e0626/element/a0e9741b-1215-4d21-a3f5-b0a9cea2a7e9/element HTTP/1.1
User-Agent: selenium/4.0.0-alpha-5 (java windows)
Content-Length: 103
Content-Type: application/json; charset=utf-8
host: localhost:10889
accept: */*

Response DefaultHttpResponse(decodeResult: success, version: HTTP/1.1)
HTTP/1.1 200 OK
content-type: application/json; charset=utf-8
cache-control: no-cache
content-length: 88
date: Thu, 25 Jun 2020 12:50:14 GMT

15:50:14.435 [AsyncHttpClient-3-1] DEBUG o.a.netty.channel.ChannelManager - Adding key: http://localhost:10889 for channel [id: 0x7c68b8df, L:/127.0.0.1:64390 - R:localhost/127.0.0.1:10889]
15:50:14.435 [Forwarding getElementText on session 14f61660-7bcc-4279-b6a3-7163a94e0626 to remote] DEBUG o.a.netty.request.NettyRequestSender - Using pooled Channel '[id: 0x7c68b8df, L:/127.0.0.1:64390 - R:localhost/127.0.0.1:10889]' for 'GET' to 'http://localhost:10889/session/14f61660-7bcc-4279-b6a3-7163a94e0626/element/e3a7598b-4a5b-4995-8c33-d2ccdf3962d4/text'
15:50:14.435 [Forwarding getElementText on session 14f61660-7bcc-4279-b6a3-7163a94e0626 to remote] DEBUG o.a.netty.request.NettyRequestSender - Using open Channel [id: 0x7c68b8df, L:/127.0.0.1:64390 - R:localhost/127.0.0.1:10889] for GET '/session/14f61660-7bcc-4279-b6a3-7163a94e0626/element/e3a7598b-4a5b-4995-8c33-d2ccdf3962d4/text'
15:50:14.439 [AsyncHttpClient-3-1] DEBUG o.a.netty.handler.HttpHandler - 

Request DefaultFullHttpRequest(decodeResult: success, version: HTTP/1.1, content: EmptyByteBufBE)
GET /session/14f61660-7bcc-4279-b6a3-7163a94e0626/element/e3a7598b-4a5b-4995-8c33-d2ccdf3962d4/text HTTP/1.1
User-Agent: selenium/4.0.0-alpha-5 (java windows)
Cache-Control: no-cache
host: localhost:10889
accept: */*

Response DefaultHttpResponse(decodeResult: success, version: HTTP/1.1)
HTTP/1.1 200 OK
content-type: application/json; charset=utf-8
cache-control: no-cache
content-length: 21
date: Thu, 25 Jun 2020 12:50:14 GMT

15:50:14.440 [AsyncHttpClient-3-1] DEBUG o.a.netty.channel.ChannelManager - Adding key: http://localhost:10889 for channel [id: 0x7c68b8df, L:/127.0.0.1:64390 - R:localhost/127.0.0.1:10889]
15:50:14.440 [Forwarding findChildElement on session 14f61660-7bcc-4279-b6a3-7163a94e0626 to remote] DEBUG o.a.netty.request.NettyRequestSender - Using pooled Channel '[id: 0x7c68b8df, L:/127.0.0.1:64390 - R:localhost/127.0.0.1:10889]' for 'POST' to 'http://localhost:10889/session/14f61660-7bcc-4279-b6a3-7163a94e0626/element/a0e9741b-1215-4d21-a3f5-b0a9cea2a7e9/element'
15:50:14.440 [Forwarding findChildElement on session 14f61660-7bcc-4279-b6a3-7163a94e0626 to remote] DEBUG o.a.netty.request.NettyRequestSender - Using open Channel [id: 0x7c68b8df, L:/127.0.0.1:64390 - R:localhost/127.0.0.1:10889] for POST '/session/14f61660-7bcc-4279-b6a3-7163a94e0626/element/a0e9741b-1215-4d21-a3f5-b0a9cea2a7e9/element'
15:50:14.447 [AsyncHttpClient-3-1] DEBUG o.a.netty.handler.HttpHandler - 

Request DefaultHttpRequest(decodeResult: success, version: HTTP/1.1)
POST /session/14f61660-7bcc-4279-b6a3-7163a94e0626/element/a0e9741b-1215-4d21-a3f5-b0a9cea2a7e9/element HTTP/1.1
User-Agent: selenium/4.0.0-alpha-5 (java windows)
Content-Length: 103
Content-Type: application/json; charset=utf-8
host: localhost:10889
accept: */*

Response DefaultHttpResponse(decodeResult: success, version: HTTP/1.1)
HTTP/1.1 200 OK
content-type: application/json; charset=utf-8
cache-control: no-cache
content-length: 88
date: Thu, 25 Jun 2020 12:50:14 GMT

15:50:14.447 [AsyncHttpClient-3-1] DEBUG o.a.netty.channel.ChannelManager - Adding key: http://localhost:10889 for channel [id: 0x7c68b8df, L:/127.0.0.1:64390 - R:localhost/127.0.0.1:10889]
15:50:14.447 [Forwarding getElementText on session 14f61660-7bcc-4279-b6a3-7163a94e0626 to remote] DEBUG o.a.netty.request.NettyRequestSender - Using pooled Channel '[id: 0x7c68b8df, L:/127.0.0.1:64390 - R:localhost/127.0.0.1:10889]' for 'GET' to 'http://localhost:10889/session/14f61660-7bcc-4279-b6a3-7163a94e0626/element/8377c27c-fb88-4006-a7f1-d41455fc9852/text'
15:50:14.447 [Forwarding getElementText on session 14f61660-7bcc-4279-b6a3-7163a94e0626 to remote] DEBUG o.a.netty.request.NettyRequestSender - Using open Channel [id: 0x7c68b8df, L:/127.0.0.1:64390 - R:localhost/127.0.0.1:10889] for GET '/session/14f61660-7bcc-4279-b6a3-7163a94e0626/element/8377c27c-fb88-4006-a7f1-d41455fc9852/text'
15:50:14.453 [AsyncHttpClient-3-1] DEBUG o.a.netty.handler.HttpHandler - 

Request DefaultFullHttpRequest(decodeResult: success, version: HTTP/1.1, content: EmptyByteBufBE)
GET /session/14f61660-7bcc-4279-b6a3-7163a94e0626/element/8377c27c-fb88-4006-a7f1-d41455fc9852/text HTTP/1.1
User-Agent: selenium/4.0.0-alpha-5 (java windows)
Cache-Control: no-cache
host: localhost:10889
accept: */*

Response DefaultHttpResponse(decodeResult: success, version: HTTP/1.1)
HTTP/1.1 200 OK
content-type: application/json; charset=utf-8
cache-control: no-cache
content-length: 45
date: Thu, 25 Jun 2020 12:50:14 GMT

15:50:14.454 [AsyncHttpClient-3-1] DEBUG o.a.netty.channel.ChannelManager - Adding key: http://localhost:10889 for channel [id: 0x7c68b8df, L:/127.0.0.1:64390 - R:localhost/127.0.0.1:10889]
15:50:14.454 [Forwarding findChildElement on session 14f61660-7bcc-4279-b6a3-7163a94e0626 to remote] DEBUG o.a.netty.request.NettyRequestSender - Using pooled Channel '[id: 0x7c68b8df, L:/127.0.0.1:64390 - R:localhost/127.0.0.1:10889]' for 'POST' to 'http://localhost:10889/session/14f61660-7bcc-4279-b6a3-7163a94e0626/element/a0e9741b-1215-4d21-a3f5-b0a9cea2a7e9/element'
15:50:14.454 [Forwarding findChildElement on session 14f61660-7bcc-4279-b6a3-7163a94e0626 to remote] DEBUG o.a.netty.request.NettyRequestSender - Using open Channel [id: 0x7c68b8df, L:/127.0.0.1:64390 - R:localhost/127.0.0.1:10889] for POST '/session/14f61660-7bcc-4279-b6a3-7163a94e0626/element/a0e9741b-1215-4d21-a3f5-b0a9cea2a7e9/element'
15:50:14.458 [AsyncHttpClient-3-1] DEBUG o.a.netty.handler.HttpHandler - 

Request DefaultHttpRequest(decodeResult: success, version: HTTP/1.1)
POST /session/14f61660-7bcc-4279-b6a3-7163a94e0626/element/a0e9741b-1215-4d21-a3f5-b0a9cea2a7e9/element HTTP/1.1
User-Agent: selenium/4.0.0-alpha-5 (java windows)
Content-Length: 103
Content-Type: application/json; charset=utf-8
host: localhost:10889
accept: */*

Response DefaultHttpResponse(decodeResult: success, version: HTTP/1.1)
HTTP/1.1 200 OK
content-type: application/json; charset=utf-8
cache-control: no-cache
content-length: 88
date: Thu, 25 Jun 2020 12:50:14 GMT

15:50:14.458 [AsyncHttpClient-3-1] DEBUG o.a.netty.channel.ChannelManager - Adding key: http://localhost:10889 for channel [id: 0x7c68b8df, L:/127.0.0.1:64390 - R:localhost/127.0.0.1:10889]
15:50:14.458 [Forwarding getElementText on session 14f61660-7bcc-4279-b6a3-7163a94e0626 to remote] DEBUG o.a.netty.request.NettyRequestSender - Using pooled Channel '[id: 0x7c68b8df, L:/127.0.0.1:64390 - R:localhost/127.0.0.1:10889]' for 'GET' to 'http://localhost:10889/session/14f61660-7bcc-4279-b6a3-7163a94e0626/element/891a7a8d-894b-4d97-a37e-9e02decc1c8b/text'
15:50:14.458 [Forwarding getElementText on session 14f61660-7bcc-4279-b6a3-7163a94e0626 to remote] DEBUG o.a.netty.request.NettyRequestSender - Using open Channel [id: 0x7c68b8df, L:/127.0.0.1:64390 - R:localhost/127.0.0.1:10889] for GET '/session/14f61660-7bcc-4279-b6a3-7163a94e0626/element/891a7a8d-894b-4d97-a37e-9e02decc1c8b/text'
15:50:14.465 [AsyncHttpClient-3-1] DEBUG o.a.netty.handler.HttpHandler - 

Request DefaultFullHttpRequest(decodeResult: success, version: HTTP/1.1, content: EmptyByteBufBE)
GET /session/14f61660-7bcc-4279-b6a3-7163a94e0626/element/891a7a8d-894b-4d97-a37e-9e02decc1c8b/text HTTP/1.1
User-Agent: selenium/4.0.0-alpha-5 (java windows)
Cache-Control: no-cache
host: localhost:10889
accept: */*

Response DefaultHttpResponse(decodeResult: success, version: HTTP/1.1)
HTTP/1.1 200 OK
content-type: application/json; charset=utf-8
cache-control: no-cache
content-length: 57
date: Thu, 25 Jun 2020 12:50:14 GMT

15:50:14.465 [AsyncHttpClient-3-1] DEBUG o.a.netty.channel.ChannelManager - Adding key: http://localhost:10889 for channel [id: 0x7c68b8df, L:/127.0.0.1:64390 - R:localhost/127.0.0.1:10889]
15:50:14.465 [Forwarding findChildElement on session 14f61660-7bcc-4279-b6a3-7163a94e0626 to remote] DEBUG o.a.netty.request.NettyRequestSender - Using pooled Channel '[id: 0x7c68b8df, L:/127.0.0.1:64390 - R:localhost/127.0.0.1:10889]' for 'POST' to 'http://localhost:10889/session/14f61660-7bcc-4279-b6a3-7163a94e0626/element/a0e9741b-1215-4d21-a3f5-b0a9cea2a7e9/element'
15:50:14.466 [Forwarding findChildElement on session 14f61660-7bcc-4279-b6a3-7163a94e0626 to remote] DEBUG o.a.netty.request.NettyRequestSender - Using open Channel [id: 0x7c68b8df, L:/127.0.0.1:64390 - R:localhost/127.0.0.1:10889] for POST '/session/14f61660-7bcc-4279-b6a3-7163a94e0626/element/a0e9741b-1215-4d21-a3f5-b0a9cea2a7e9/element'
15:50:14.469 [AsyncHttpClient-3-1] DEBUG o.a.netty.handler.HttpHandler - 

Request DefaultHttpRequest(decodeResult: success, version: HTTP/1.1)
POST /session/14f61660-7bcc-4279-b6a3-7163a94e0626/element/a0e9741b-1215-4d21-a3f5-b0a9cea2a7e9/element HTTP/1.1
User-Agent: selenium/4.0.0-alpha-5 (java windows)
Content-Length: 97
Content-Type: application/json; charset=utf-8
host: localhost:10889
accept: */*

Response DefaultHttpResponse(decodeResult: success, version: HTTP/1.1)
HTTP/1.1 200 OK
content-type: application/json; charset=utf-8
cache-control: no-cache
content-length: 88
date: Thu, 25 Jun 2020 12:50:14 GMT

15:50:14.469 [AsyncHttpClient-3-1] DEBUG o.a.netty.channel.ChannelManager - Adding key: http://localhost:10889 for channel [id: 0x7c68b8df, L:/127.0.0.1:64390 - R:localhost/127.0.0.1:10889]
15:50:14.472 [Forwarding getElementAttribute on session 14f61660-7bcc-4279-b6a3-7163a94e0626 to remote] DEBUG o.a.netty.request.NettyRequestSender - Using pooled Channel '[id: 0x7c68b8df, L:/127.0.0.1:64390 - R:localhost/127.0.0.1:10889]' for 'POST' to 'http://localhost:10889/session/14f61660-7bcc-4279-b6a3-7163a94e0626/execute/sync'
15:50:14.472 [Forwarding getElementAttribute on session 14f61660-7bcc-4279-b6a3-7163a94e0626 to remote] DEBUG o.a.netty.request.NettyRequestSender - Using open Channel [id: 0x7c68b8df, L:/127.0.0.1:64390 - R:localhost/127.0.0.1:10889] for POST '/session/14f61660-7bcc-4279-b6a3-7163a94e0626/execute/sync'
15:50:14.485 [AsyncHttpClient-3-1] DEBUG o.a.netty.handler.HttpHandler - 

Request DefaultHttpRequest(decodeResult: success, version: HTTP/1.1)
POST /session/14f61660-7bcc-4279-b6a3-7163a94e0626/execute/sync HTTP/1.1
User-Agent: selenium/4.0.0-alpha-5 (java windows)
Content-Length: 39635
Content-Type: application/json; charset=utf-8
host: localhost:10889
accept: */*

Response DefaultHttpResponse(decodeResult: success, version: HTTP/1.1)
HTTP/1.1 200 OK
content-type: application/json; charset=utf-8
cache-control: no-cache
content-length: 15
date: Thu, 25 Jun 2020 12:50:14 GMT

15:50:14.485 [AsyncHttpClient-3-1] DEBUG o.a.netty.channel.ChannelManager - Adding key: http://localhost:10889 for channel [id: 0x7c68b8df, L:/127.0.0.1:64390 - R:localhost/127.0.0.1:10889]
15:50:14.486 [Forwarding findChildElement on session 14f61660-7bcc-4279-b6a3-7163a94e0626 to remote] DEBUG o.a.netty.request.NettyRequestSender - Using pooled Channel '[id: 0x7c68b8df, L:/127.0.0.1:64390 - R:localhost/127.0.0.1:10889]' for 'POST' to 'http://localhost:10889/session/14f61660-7bcc-4279-b6a3-7163a94e0626/element/13b93dc5-62e1-492c-9d92-b1e8f338ba8c/element'
15:50:14.486 [Forwarding findChildElement on session 14f61660-7bcc-4279-b6a3-7163a94e0626 to remote] DEBUG o.a.netty.request.NettyRequestSender - Using open Channel [id: 0x7c68b8df, L:/127.0.0.1:64390 - R:localhost/127.0.0.1:10889] for POST '/session/14f61660-7bcc-4279-b6a3-7163a94e0626/element/13b93dc5-62e1-492c-9d92-b1e8f338ba8c/element'
15:50:14.490 [AsyncHttpClient-3-1] DEBUG o.a.netty.handler.HttpHandler - 

Request DefaultHttpRequest(decodeResult: success, version: HTTP/1.1)
POST /session/14f61660-7bcc-4279-b6a3-7163a94e0626/element/13b93dc5-62e1-492c-9d92-b1e8f338ba8c/element HTTP/1.1
User-Agent: selenium/4.0.0-alpha-5 (java windows)
Content-Length: 103
Content-Type: application/json; charset=utf-8
host: localhost:10889
accept: */*

Response DefaultHttpResponse(decodeResult: success, version: HTTP/1.1)
HTTP/1.1 200 OK
content-type: application/json; charset=utf-8
cache-control: no-cache
content-length: 88
date: Thu, 25 Jun 2020 12:50:14 GMT

15:50:14.490 [AsyncHttpClient-3-1] DEBUG o.a.netty.channel.ChannelManager - Adding key: http://localhost:10889 for channel [id: 0x7c68b8df, L:/127.0.0.1:64390 - R:localhost/127.0.0.1:10889]
15:50:14.490 [Forwarding getElementText on session 14f61660-7bcc-4279-b6a3-7163a94e0626 to remote] DEBUG o.a.netty.request.NettyRequestSender - Using pooled Channel '[id: 0x7c68b8df, L:/127.0.0.1:64390 - R:localhost/127.0.0.1:10889]' for 'GET' to 'http://localhost:10889/session/14f61660-7bcc-4279-b6a3-7163a94e0626/element/5e6aa71f-5e50-4f06-afab-25a23d171ce0/text'
15:50:14.490 [Forwarding getElementText on session 14f61660-7bcc-4279-b6a3-7163a94e0626 to remote] DEBUG o.a.netty.request.NettyRequestSender - Using open Channel [id: 0x7c68b8df, L:/127.0.0.1:64390 - R:localhost/127.0.0.1:10889] for GET '/session/14f61660-7bcc-4279-b6a3-7163a94e0626/element/5e6aa71f-5e50-4f06-afab-25a23d171ce0/text'
15:50:14.498 [AsyncHttpClient-3-1] DEBUG o.a.netty.handler.HttpHandler - 

Request DefaultFullHttpRequest(decodeResult: success, version: HTTP/1.1, content: EmptyByteBufBE)
GET /session/14f61660-7bcc-4279-b6a3-7163a94e0626/element/5e6aa71f-5e50-4f06-afab-25a23d171ce0/text HTTP/1.1
User-Agent: selenium/4.0.0-alpha-5 (java windows)
Cache-Control: no-cache
host: localhost:10889
accept: */*

Response DefaultHttpResponse(decodeResult: success, version: HTTP/1.1)
HTTP/1.1 200 OK
content-type: application/json; charset=utf-8
cache-control: no-cache
content-length: 19
date: Thu, 25 Jun 2020 12:50:14 GMT

15:50:14.498 [AsyncHttpClient-3-1] DEBUG o.a.netty.channel.ChannelManager - Adding key: http://localhost:10889 for channel [id: 0x7c68b8df, L:/127.0.0.1:64390 - R:localhost/127.0.0.1:10889]
15:50:14.498 [Forwarding findChildElement on session 14f61660-7bcc-4279-b6a3-7163a94e0626 to remote] DEBUG o.a.netty.request.NettyRequestSender - Using pooled Channel '[id: 0x7c68b8df, L:/127.0.0.1:64390 - R:localhost/127.0.0.1:10889]' for 'POST' to 'http://localhost:10889/session/14f61660-7bcc-4279-b6a3-7163a94e0626/element/13b93dc5-62e1-492c-9d92-b1e8f338ba8c/element'
15:50:14.498 [Forwarding findChildElement on session 14f61660-7bcc-4279-b6a3-7163a94e0626 to remote] DEBUG o.a.netty.request.NettyRequestSender - Using open Channel [id: 0x7c68b8df, L:/127.0.0.1:64390 - R:localhost/127.0.0.1:10889] for POST '/session/14f61660-7bcc-4279-b6a3-7163a94e0626/element/13b93dc5-62e1-492c-9d92-b1e8f338ba8c/element'
15:50:14.502 [AsyncHttpClient-3-1] DEBUG o.a.netty.handler.HttpHandler - 

Request DefaultHttpRequest(decodeResult: success, version: HTTP/1.1)
POST /session/14f61660-7bcc-4279-b6a3-7163a94e0626/element/13b93dc5-62e1-492c-9d92-b1e8f338ba8c/element HTTP/1.1
User-Agent: selenium/4.0.0-alpha-5 (java windows)
Content-Length: 103
Content-Type: application/json; charset=utf-8
host: localhost:10889
accept: */*

Response DefaultHttpResponse(decodeResult: success, version: HTTP/1.1)
HTTP/1.1 200 OK
content-type: application/json; charset=utf-8
cache-control: no-cache
content-length: 88
date: Thu, 25 Jun 2020 12:50:14 GMT

15:50:14.502 [AsyncHttpClient-3-1] DEBUG o.a.netty.channel.ChannelManager - Adding key: http://localhost:10889 for channel [id: 0x7c68b8df, L:/127.0.0.1:64390 - R:localhost/127.0.0.1:10889]
15:50:14.502 [Forwarding getElementText on session 14f61660-7bcc-4279-b6a3-7163a94e0626 to remote] DEBUG o.a.netty.request.NettyRequestSender - Using pooled Channel '[id: 0x7c68b8df, L:/127.0.0.1:64390 - R:localhost/127.0.0.1:10889]' for 'GET' to 'http://localhost:10889/session/14f61660-7bcc-4279-b6a3-7163a94e0626/element/9029eca9-1086-4ce8-9c01-aec5165a6877/text'
15:50:14.502 [Forwarding getElementText on session 14f61660-7bcc-4279-b6a3-7163a94e0626 to remote] DEBUG o.a.netty.request.NettyRequestSender - Using open Channel [id: 0x7c68b8df, L:/127.0.0.1:64390 - R:localhost/127.0.0.1:10889] for GET '/session/14f61660-7bcc-4279-b6a3-7163a94e0626/element/9029eca9-1086-4ce8-9c01-aec5165a6877/text'
15:50:14.508 [AsyncHttpClient-3-1] DEBUG o.a.netty.handler.HttpHandler - 

Request DefaultFullHttpRequest(decodeResult: success, version: HTTP/1.1, content: EmptyByteBufBE)
GET /session/14f61660-7bcc-4279-b6a3-7163a94e0626/element/9029eca9-1086-4ce8-9c01-aec5165a6877/text HTTP/1.1
User-Agent: selenium/4.0.0-alpha-5 (java windows)
Cache-Control: no-cache
host: localhost:10889
accept: */*

Response DefaultHttpResponse(decodeResult: success, version: HTTP/1.1)
HTTP/1.1 200 OK
content-type: application/json; charset=utf-8
cache-control: no-cache
content-length: 17
date: Thu, 25 Jun 2020 12:50:14 GMT

15:50:14.508 [AsyncHttpClient-3-1] DEBUG o.a.netty.channel.ChannelManager - Adding key: http://localhost:10889 for channel [id: 0x7c68b8df, L:/127.0.0.1:64390 - R:localhost/127.0.0.1:10889]
15:50:14.508 [Forwarding findChildElement on session 14f61660-7bcc-4279-b6a3-7163a94e0626 to remote] DEBUG o.a.netty.request.NettyRequestSender - Using pooled Channel '[id: 0x7c68b8df, L:/127.0.0.1:64390 - R:localhost/127.0.0.1:10889]' for 'POST' to 'http://localhost:10889/session/14f61660-7bcc-4279-b6a3-7163a94e0626/element/13b93dc5-62e1-492c-9d92-b1e8f338ba8c/element'
15:50:14.508 [Forwarding findChildElement on session 14f61660-7bcc-4279-b6a3-7163a94e0626 to remote] DEBUG o.a.netty.request.NettyRequestSender - Using open Channel [id: 0x7c68b8df, L:/127.0.0.1:64390 - R:localhost/127.0.0.1:10889] for POST '/session/14f61660-7bcc-4279-b6a3-7163a94e0626/element/13b93dc5-62e1-492c-9d92-b1e8f338ba8c/element'
15:50:14.512 [AsyncHttpClient-3-1] DEBUG o.a.netty.handler.HttpHandler - 

Request DefaultHttpRequest(decodeResult: success, version: HTTP/1.1)
POST /session/14f61660-7bcc-4279-b6a3-7163a94e0626/element/13b93dc5-62e1-492c-9d92-b1e8f338ba8c/element HTTP/1.1
User-Agent: selenium/4.0.0-alpha-5 (java windows)
Content-Length: 103
Content-Type: application/json; charset=utf-8
host: localhost:10889
accept: */*

Response DefaultHttpResponse(decodeResult: success, version: HTTP/1.1)
HTTP/1.1 200 OK
content-type: application/json; charset=utf-8
cache-control: no-cache
content-length: 88
date: Thu, 25 Jun 2020 12:50:14 GMT

15:50:14.512 [AsyncHttpClient-3-1] DEBUG o.a.netty.channel.ChannelManager - Adding key: http://localhost:10889 for channel [id: 0x7c68b8df, L:/127.0.0.1:64390 - R:localhost/127.0.0.1:10889]
15:50:14.512 [Forwarding getElementText on session 14f61660-7bcc-4279-b6a3-7163a94e0626 to remote] DEBUG o.a.netty.request.NettyRequestSender - Using pooled Channel '[id: 0x7c68b8df, L:/127.0.0.1:64390 - R:localhost/127.0.0.1:10889]' for 'GET' to 'http://localhost:10889/session/14f61660-7bcc-4279-b6a3-7163a94e0626/element/69813659-cd13-4b3a-90f1-028a3ff0dda7/text'
15:50:14.512 [Forwarding getElementText on session 14f61660-7bcc-4279-b6a3-7163a94e0626 to remote] DEBUG o.a.netty.request.NettyRequestSender - Using open Channel [id: 0x7c68b8df, L:/127.0.0.1:64390 - R:localhost/127.0.0.1:10889] for GET '/session/14f61660-7bcc-4279-b6a3-7163a94e0626/element/69813659-cd13-4b3a-90f1-028a3ff0dda7/text'
15:50:14.516 [AsyncHttpClient-3-1] DEBUG o.a.netty.handler.HttpHandler - 

Request DefaultFullHttpRequest(decodeResult: success, version: HTTP/1.1, content: EmptyByteBufBE)
GET /session/14f61660-7bcc-4279-b6a3-7163a94e0626/element/69813659-cd13-4b3a-90f1-028a3ff0dda7/text HTTP/1.1
User-Agent: selenium/4.0.0-alpha-5 (java windows)
Cache-Control: no-cache
host: localhost:10889
accept: */*

Response DefaultHttpResponse(decodeResult: success, version: HTTP/1.1)
HTTP/1.1 200 OK
content-type: application/json; charset=utf-8
cache-control: no-cache
content-length: 23
date: Thu, 25 Jun 2020 12:50:14 GMT

15:50:14.516 [AsyncHttpClient-3-1] DEBUG o.a.netty.channel.ChannelManager - Adding key: http://localhost:10889 for channel [id: 0x7c68b8df, L:/127.0.0.1:64390 - R:localhost/127.0.0.1:10889]
15:50:14.517 [Forwarding findChildElement on session 14f61660-7bcc-4279-b6a3-7163a94e0626 to remote] DEBUG o.a.netty.request.NettyRequestSender - Using pooled Channel '[id: 0x7c68b8df, L:/127.0.0.1:64390 - R:localhost/127.0.0.1:10889]' for 'POST' to 'http://localhost:10889/session/14f61660-7bcc-4279-b6a3-7163a94e0626/element/13b93dc5-62e1-492c-9d92-b1e8f338ba8c/element'
15:50:14.517 [Forwarding findChildElement on session 14f61660-7bcc-4279-b6a3-7163a94e0626 to remote] DEBUG o.a.netty.request.NettyRequestSender - Using open Channel [id: 0x7c68b8df, L:/127.0.0.1:64390 - R:localhost/127.0.0.1:10889] for POST '/session/14f61660-7bcc-4279-b6a3-7163a94e0626/element/13b93dc5-62e1-492c-9d92-b1e8f338ba8c/element'
15:50:14.520 [AsyncHttpClient-3-1] DEBUG o.a.netty.handler.HttpHandler - 

Request DefaultHttpRequest(decodeResult: success, version: HTTP/1.1)
POST /session/14f61660-7bcc-4279-b6a3-7163a94e0626/element/13b93dc5-62e1-492c-9d92-b1e8f338ba8c/element HTTP/1.1
User-Agent: selenium/4.0.0-alpha-5 (java windows)
Content-Length: 103
Content-Type: application/json; charset=utf-8
host: localhost:10889
accept: */*

Response DefaultHttpResponse(decodeResult: success, version: HTTP/1.1)
HTTP/1.1 200 OK
content-type: application/json; charset=utf-8
cache-control: no-cache
content-length: 88
date: Thu, 25 Jun 2020 12:50:14 GMT

15:50:14.521 [AsyncHttpClient-3-1] DEBUG o.a.netty.channel.ChannelManager - Adding key: http://localhost:10889 for channel [id: 0x7c68b8df, L:/127.0.0.1:64390 - R:localhost/127.0.0.1:10889]
15:50:14.521 [Forwarding getElementText on session 14f61660-7bcc-4279-b6a3-7163a94e0626 to remote] DEBUG o.a.netty.request.NettyRequestSender - Using pooled Channel '[id: 0x7c68b8df, L:/127.0.0.1:64390 - R:localhost/127.0.0.1:10889]' for 'GET' to 'http://localhost:10889/session/14f61660-7bcc-4279-b6a3-7163a94e0626/element/32f1a930-6643-4546-8784-b24f60761c55/text'
15:50:14.521 [Forwarding getElementText on session 14f61660-7bcc-4279-b6a3-7163a94e0626 to remote] DEBUG o.a.netty.request.NettyRequestSender - Using open Channel [id: 0x7c68b8df, L:/127.0.0.1:64390 - R:localhost/127.0.0.1:10889] for GET '/session/14f61660-7bcc-4279-b6a3-7163a94e0626/element/32f1a930-6643-4546-8784-b24f60761c55/text'
15:50:14.526 [AsyncHttpClient-3-1] DEBUG o.a.netty.handler.HttpHandler - 

Request DefaultFullHttpRequest(decodeResult: success, version: HTTP/1.1, content: EmptyByteBufBE)
GET /session/14f61660-7bcc-4279-b6a3-7163a94e0626/element/32f1a930-6643-4546-8784-b24f60761c55/text HTTP/1.1
User-Agent: selenium/4.0.0-alpha-5 (java windows)
Cache-Control: no-cache
host: localhost:10889
accept: */*

Response DefaultHttpResponse(decodeResult: success, version: HTTP/1.1)
HTTP/1.1 200 OK
content-type: application/json; charset=utf-8
cache-control: no-cache
content-length: 19
date: Thu, 25 Jun 2020 12:50:14 GMT

15:50:14.526 [AsyncHttpClient-3-1] DEBUG o.a.netty.channel.ChannelManager - Adding key: http://localhost:10889 for channel [id: 0x7c68b8df, L:/127.0.0.1:64390 - R:localhost/127.0.0.1:10889]
15:50:14.527 [Forwarding findChildElement on session 14f61660-7bcc-4279-b6a3-7163a94e0626 to remote] DEBUG o.a.netty.request.NettyRequestSender - Using pooled Channel '[id: 0x7c68b8df, L:/127.0.0.1:64390 - R:localhost/127.0.0.1:10889]' for 'POST' to 'http://localhost:10889/session/14f61660-7bcc-4279-b6a3-7163a94e0626/element/13b93dc5-62e1-492c-9d92-b1e8f338ba8c/element'
15:50:14.527 [Forwarding findChildElement on session 14f61660-7bcc-4279-b6a3-7163a94e0626 to remote] DEBUG o.a.netty.request.NettyRequestSender - Using open Channel [id: 0x7c68b8df, L:/127.0.0.1:64390 - R:localhost/127.0.0.1:10889] for POST '/session/14f61660-7bcc-4279-b6a3-7163a94e0626/element/13b93dc5-62e1-492c-9d92-b1e8f338ba8c/element'
15:50:14.531 [AsyncHttpClient-3-1] DEBUG o.a.netty.handler.HttpHandler - 

Request DefaultHttpRequest(decodeResult: success, version: HTTP/1.1)
POST /session/14f61660-7bcc-4279-b6a3-7163a94e0626/element/13b93dc5-62e1-492c-9d92-b1e8f338ba8c/element HTTP/1.1
User-Agent: selenium/4.0.0-alpha-5 (java windows)
Content-Length: 103
Content-Type: application/json; charset=utf-8
host: localhost:10889
accept: */*

Response DefaultHttpResponse(decodeResult: success, version: HTTP/1.1)
HTTP/1.1 200 OK
content-type: application/json; charset=utf-8
cache-control: no-cache
content-length: 88
date: Thu, 25 Jun 2020 12:50:14 GMT

15:50:14.531 [AsyncHttpClient-3-1] DEBUG o.a.netty.channel.ChannelManager - Adding key: http://localhost:10889 for channel [id: 0x7c68b8df, L:/127.0.0.1:64390 - R:localhost/127.0.0.1:10889]
15:50:14.531 [Forwarding getElementText on session 14f61660-7bcc-4279-b6a3-7163a94e0626 to remote] DEBUG o.a.netty.request.NettyRequestSender - Using pooled Channel '[id: 0x7c68b8df, L:/127.0.0.1:64390 - R:localhost/127.0.0.1:10889]' for 'GET' to 'http://localhost:10889/session/14f61660-7bcc-4279-b6a3-7163a94e0626/element/6713628d-30ea-4c8e-ab25-30ca7d531ca4/text'
15:50:14.531 [Forwarding getElementText on session 14f61660-7bcc-4279-b6a3-7163a94e0626 to remote] DEBUG o.a.netty.request.NettyRequestSender - Using open Channel [id: 0x7c68b8df, L:/127.0.0.1:64390 - R:localhost/127.0.0.1:10889] for GET '/session/14f61660-7bcc-4279-b6a3-7163a94e0626/element/6713628d-30ea-4c8e-ab25-30ca7d531ca4/text'
15:50:14.537 [AsyncHttpClient-3-1] DEBUG o.a.netty.handler.HttpHandler - 

Request DefaultFullHttpRequest(decodeResult: success, version: HTTP/1.1, content: EmptyByteBufBE)
GET /session/14f61660-7bcc-4279-b6a3-7163a94e0626/element/6713628d-30ea-4c8e-ab25-30ca7d531ca4/text HTTP/1.1
User-Agent: selenium/4.0.0-alpha-5 (java windows)
Cache-Control: no-cache
host: localhost:10889
accept: */*

Response DefaultHttpResponse(decodeResult: success, version: HTTP/1.1)
HTTP/1.1 200 OK
content-type: application/json; charset=utf-8
cache-control: no-cache
content-length: 28
date: Thu, 25 Jun 2020 12:50:14 GMT

15:50:14.537 [AsyncHttpClient-3-1] DEBUG o.a.netty.channel.ChannelManager - Adding key: http://localhost:10889 for channel [id: 0x7c68b8df, L:/127.0.0.1:64390 - R:localhost/127.0.0.1:10889]
15:50:14.537 [Forwarding findChildElement on session 14f61660-7bcc-4279-b6a3-7163a94e0626 to remote] DEBUG o.a.netty.request.NettyRequestSender - Using pooled Channel '[id: 0x7c68b8df, L:/127.0.0.1:64390 - R:localhost/127.0.0.1:10889]' for 'POST' to 'http://localhost:10889/session/14f61660-7bcc-4279-b6a3-7163a94e0626/element/13b93dc5-62e1-492c-9d92-b1e8f338ba8c/element'
15:50:14.538 [Forwarding findChildElement on session 14f61660-7bcc-4279-b6a3-7163a94e0626 to remote] DEBUG o.a.netty.request.NettyRequestSender - Using open Channel [id: 0x7c68b8df, L:/127.0.0.1:64390 - R:localhost/127.0.0.1:10889] for POST '/session/14f61660-7bcc-4279-b6a3-7163a94e0626/element/13b93dc5-62e1-492c-9d92-b1e8f338ba8c/element'
15:50:14.541 [AsyncHttpClient-3-1] DEBUG o.a.netty.handler.HttpHandler - 

Request DefaultHttpRequest(decodeResult: success, version: HTTP/1.1)
POST /session/14f61660-7bcc-4279-b6a3-7163a94e0626/element/13b93dc5-62e1-492c-9d92-b1e8f338ba8c/element HTTP/1.1
User-Agent: selenium/4.0.0-alpha-5 (java windows)
Content-Length: 97
Content-Type: application/json; charset=utf-8
host: localhost:10889
accept: */*

Response DefaultHttpResponse(decodeResult: success, version: HTTP/1.1)
HTTP/1.1 200 OK
content-type: application/json; charset=utf-8
cache-control: no-cache
content-length: 88
date: Thu, 25 Jun 2020 12:50:14 GMT

15:50:14.541 [AsyncHttpClient-3-1] DEBUG o.a.netty.channel.ChannelManager - Adding key: http://localhost:10889 for channel [id: 0x7c68b8df, L:/127.0.0.1:64390 - R:localhost/127.0.0.1:10889]
15:50:14.544 [Forwarding getElementAttribute on session 14f61660-7bcc-4279-b6a3-7163a94e0626 to remote] DEBUG o.a.netty.request.NettyRequestSender - Using pooled Channel '[id: 0x7c68b8df, L:/127.0.0.1:64390 - R:localhost/127.0.0.1:10889]' for 'POST' to 'http://localhost:10889/session/14f61660-7bcc-4279-b6a3-7163a94e0626/execute/sync'
15:50:14.544 [Forwarding getElementAttribute on session 14f61660-7bcc-4279-b6a3-7163a94e0626 to remote] DEBUG o.a.netty.request.NettyRequestSender - Using open Channel [id: 0x7c68b8df, L:/127.0.0.1:64390 - R:localhost/127.0.0.1:10889] for POST '/session/14f61660-7bcc-4279-b6a3-7163a94e0626/execute/sync'
15:50:14.558 [AsyncHttpClient-3-1] DEBUG o.a.netty.handler.HttpHandler - 

Request DefaultHttpRequest(decodeResult: success, version: HTTP/1.1)
POST /session/14f61660-7bcc-4279-b6a3-7163a94e0626/execute/sync HTTP/1.1
User-Agent: selenium/4.0.0-alpha-5 (java windows)
Content-Length: 39635
Content-Type: application/json; charset=utf-8
host: localhost:10889
accept: */*

Response DefaultHttpResponse(decodeResult: success, version: HTTP/1.1)
HTTP/1.1 200 OK
content-type: application/json; charset=utf-8
cache-control: no-cache
content-length: 15
date: Thu, 25 Jun 2020 12:50:14 GMT

15:50:14.559 [AsyncHttpClient-3-1] DEBUG o.a.netty.channel.ChannelManager - Adding key: http://localhost:10889 for channel [id: 0x7c68b8df, L:/127.0.0.1:64390 - R:localhost/127.0.0.1:10889]
15:50:14.559 [Forwarding findChildElement on session 14f61660-7bcc-4279-b6a3-7163a94e0626 to remote] DEBUG o.a.netty.request.NettyRequestSender - Using pooled Channel '[id: 0x7c68b8df, L:/127.0.0.1:64390 - R:localhost/127.0.0.1:10889]' for 'POST' to 'http://localhost:10889/session/14f61660-7bcc-4279-b6a3-7163a94e0626/element/3076d6cd-21af-4979-9d13-126e38ee7511/element'
15:50:14.559 [Forwarding findChildElement on session 14f61660-7bcc-4279-b6a3-7163a94e0626 to remote] DEBUG o.a.netty.request.NettyRequestSender - Using open Channel [id: 0x7c68b8df, L:/127.0.0.1:64390 - R:localhost/127.0.0.1:10889] for POST '/session/14f61660-7bcc-4279-b6a3-7163a94e0626/element/3076d6cd-21af-4979-9d13-126e38ee7511/element'
15:50:14.563 [AsyncHttpClient-3-1] DEBUG o.a.netty.handler.HttpHandler - 

Request DefaultHttpRequest(decodeResult: success, version: HTTP/1.1)
POST /session/14f61660-7bcc-4279-b6a3-7163a94e0626/element/3076d6cd-21af-4979-9d13-126e38ee7511/element HTTP/1.1
User-Agent: selenium/4.0.0-alpha-5 (java windows)
Content-Length: 103
Content-Type: application/json; charset=utf-8
host: localhost:10889
accept: */*

Response DefaultHttpResponse(decodeResult: success, version: HTTP/1.1)
HTTP/1.1 200 OK
content-type: application/json; charset=utf-8
cache-control: no-cache
content-length: 88
date: Thu, 25 Jun 2020 12:50:14 GMT

15:50:14.563 [AsyncHttpClient-3-1] DEBUG o.a.netty.channel.ChannelManager - Adding key: http://localhost:10889 for channel [id: 0x7c68b8df, L:/127.0.0.1:64390 - R:localhost/127.0.0.1:10889]
15:50:14.563 [Forwarding getElementText on session 14f61660-7bcc-4279-b6a3-7163a94e0626 to remote] DEBUG o.a.netty.request.NettyRequestSender - Using pooled Channel '[id: 0x7c68b8df, L:/127.0.0.1:64390 - R:localhost/127.0.0.1:10889]' for 'GET' to 'http://localhost:10889/session/14f61660-7bcc-4279-b6a3-7163a94e0626/element/09ffebd0-6337-4351-91dc-949ce1b11ccd/text'
15:50:14.563 [Forwarding getElementText on session 14f61660-7bcc-4279-b6a3-7163a94e0626 to remote] DEBUG o.a.netty.request.NettyRequestSender - Using open Channel [id: 0x7c68b8df, L:/127.0.0.1:64390 - R:localhost/127.0.0.1:10889] for GET '/session/14f61660-7bcc-4279-b6a3-7163a94e0626/element/09ffebd0-6337-4351-91dc-949ce1b11ccd/text'
15:50:14.568 [AsyncHttpClient-3-1] DEBUG o.a.netty.handler.HttpHandler - 

Request DefaultFullHttpRequest(decodeResult: success, version: HTTP/1.1, content: EmptyByteBufBE)
GET /session/14f61660-7bcc-4279-b6a3-7163a94e0626/element/09ffebd0-6337-4351-91dc-949ce1b11ccd/text HTTP/1.1
User-Agent: selenium/4.0.0-alpha-5 (java windows)
Cache-Control: no-cache
host: localhost:10889
accept: */*

Response DefaultHttpResponse(decodeResult: success, version: HTTP/1.1)
HTTP/1.1 200 OK
content-type: application/json; charset=utf-8
cache-control: no-cache
content-length: 19
date: Thu, 25 Jun 2020 12:50:14 GMT

15:50:14.568 [AsyncHttpClient-3-1] DEBUG o.a.netty.channel.ChannelManager - Adding key: http://localhost:10889 for channel [id: 0x7c68b8df, L:/127.0.0.1:64390 - R:localhost/127.0.0.1:10889]
15:50:14.568 [Forwarding findChildElement on session 14f61660-7bcc-4279-b6a3-7163a94e0626 to remote] DEBUG o.a.netty.request.NettyRequestSender - Using pooled Channel '[id: 0x7c68b8df, L:/127.0.0.1:64390 - R:localhost/127.0.0.1:10889]' for 'POST' to 'http://localhost:10889/session/14f61660-7bcc-4279-b6a3-7163a94e0626/element/3076d6cd-21af-4979-9d13-126e38ee7511/element'
15:50:14.568 [Forwarding findChildElement on session 14f61660-7bcc-4279-b6a3-7163a94e0626 to remote] DEBUG o.a.netty.request.NettyRequestSender - Using open Channel [id: 0x7c68b8df, L:/127.0.0.1:64390 - R:localhost/127.0.0.1:10889] for POST '/session/14f61660-7bcc-4279-b6a3-7163a94e0626/element/3076d6cd-21af-4979-9d13-126e38ee7511/element'
15:50:14.572 [AsyncHttpClient-3-1] DEBUG o.a.netty.handler.HttpHandler - 

Request DefaultHttpRequest(decodeResult: success, version: HTTP/1.1)
POST /session/14f61660-7bcc-4279-b6a3-7163a94e0626/element/3076d6cd-21af-4979-9d13-126e38ee7511/element HTTP/1.1
User-Agent: selenium/4.0.0-alpha-5 (java windows)
Content-Length: 103
Content-Type: application/json; charset=utf-8
host: localhost:10889
accept: */*

Response DefaultHttpResponse(decodeResult: success, version: HTTP/1.1)
HTTP/1.1 200 OK
content-type: application/json; charset=utf-8
cache-control: no-cache
content-length: 88
date: Thu, 25 Jun 2020 12:50:14 GMT

15:50:14.572 [AsyncHttpClient-3-1] DEBUG o.a.netty.channel.ChannelManager - Adding key: http://localhost:10889 for channel [id: 0x7c68b8df, L:/127.0.0.1:64390 - R:localhost/127.0.0.1:10889]
15:50:14.572 [Forwarding getElementText on session 14f61660-7bcc-4279-b6a3-7163a94e0626 to remote] DEBUG o.a.netty.request.NettyRequestSender - Using pooled Channel '[id: 0x7c68b8df, L:/127.0.0.1:64390 - R:localhost/127.0.0.1:10889]' for 'GET' to 'http://localhost:10889/session/14f61660-7bcc-4279-b6a3-7163a94e0626/element/d1ac4964-a511-403d-97d2-68e02dc9b7a3/text'
15:50:14.573 [Forwarding getElementText on session 14f61660-7bcc-4279-b6a3-7163a94e0626 to remote] DEBUG o.a.netty.request.NettyRequestSender - Using open Channel [id: 0x7c68b8df, L:/127.0.0.1:64390 - R:localhost/127.0.0.1:10889] for GET '/session/14f61660-7bcc-4279-b6a3-7163a94e0626/element/d1ac4964-a511-403d-97d2-68e02dc9b7a3/text'
15:50:14.576 [AsyncHttpClient-3-1] DEBUG o.a.netty.handler.HttpHandler - 

Request DefaultFullHttpRequest(decodeResult: success, version: HTTP/1.1, content: EmptyByteBufBE)
GET /session/14f61660-7bcc-4279-b6a3-7163a94e0626/element/d1ac4964-a511-403d-97d2-68e02dc9b7a3/text HTTP/1.1
User-Agent: selenium/4.0.0-alpha-5 (java windows)
Cache-Control: no-cache
host: localhost:10889
accept: */*

Response DefaultHttpResponse(decodeResult: success, version: HTTP/1.1)
HTTP/1.1 200 OK
content-type: application/json; charset=utf-8
cache-control: no-cache
content-length: 17
date: Thu, 25 Jun 2020 12:50:14 GMT

15:50:14.577 [AsyncHttpClient-3-1] DEBUG o.a.netty.channel.ChannelManager - Adding key: http://localhost:10889 for channel [id: 0x7c68b8df, L:/127.0.0.1:64390 - R:localhost/127.0.0.1:10889]
15:50:14.577 [Forwarding findChildElement on session 14f61660-7bcc-4279-b6a3-7163a94e0626 to remote] DEBUG o.a.netty.request.NettyRequestSender - Using pooled Channel '[id: 0x7c68b8df, L:/127.0.0.1:64390 - R:localhost/127.0.0.1:10889]' for 'POST' to 'http://localhost:10889/session/14f61660-7bcc-4279-b6a3-7163a94e0626/element/3076d6cd-21af-4979-9d13-126e38ee7511/element'
15:50:14.577 [Forwarding findChildElement on session 14f61660-7bcc-4279-b6a3-7163a94e0626 to remote] DEBUG o.a.netty.request.NettyRequestSender - Using open Channel [id: 0x7c68b8df, L:/127.0.0.1:64390 - R:localhost/127.0.0.1:10889] for POST '/session/14f61660-7bcc-4279-b6a3-7163a94e0626/element/3076d6cd-21af-4979-9d13-126e38ee7511/element'
15:50:14.581 [AsyncHttpClient-3-1] DEBUG o.a.netty.handler.HttpHandler - 

Request DefaultHttpRequest(decodeResult: success, version: HTTP/1.1)
POST /session/14f61660-7bcc-4279-b6a3-7163a94e0626/element/3076d6cd-21af-4979-9d13-126e38ee7511/element HTTP/1.1
User-Agent: selenium/4.0.0-alpha-5 (java windows)
Content-Length: 103
Content-Type: application/json; charset=utf-8
host: localhost:10889
accept: */*

Response DefaultHttpResponse(decodeResult: success, version: HTTP/1.1)
HTTP/1.1 200 OK
content-type: application/json; charset=utf-8
cache-control: no-cache
content-length: 88
date: Thu, 25 Jun 2020 12:50:14 GMT

15:50:14.581 [AsyncHttpClient-3-1] DEBUG o.a.netty.channel.ChannelManager - Adding key: http://localhost:10889 for channel [id: 0x7c68b8df, L:/127.0.0.1:64390 - R:localhost/127.0.0.1:10889]
15:50:14.582 [Forwarding getElementText on session 14f61660-7bcc-4279-b6a3-7163a94e0626 to remote] DEBUG o.a.netty.request.NettyRequestSender - Using pooled Channel '[id: 0x7c68b8df, L:/127.0.0.1:64390 - R:localhost/127.0.0.1:10889]' for 'GET' to 'http://localhost:10889/session/14f61660-7bcc-4279-b6a3-7163a94e0626/element/9bac0923-acf7-479f-9737-d301244b364e/text'
15:50:14.582 [Forwarding getElementText on session 14f61660-7bcc-4279-b6a3-7163a94e0626 to remote] DEBUG o.a.netty.request.NettyRequestSender - Using open Channel [id: 0x7c68b8df, L:/127.0.0.1:64390 - R:localhost/127.0.0.1:10889] for GET '/session/14f61660-7bcc-4279-b6a3-7163a94e0626/element/9bac0923-acf7-479f-9737-d301244b364e/text'
15:50:14.586 [AsyncHttpClient-3-1] DEBUG o.a.netty.handler.HttpHandler - 

Request DefaultFullHttpRequest(decodeResult: success, version: HTTP/1.1, content: EmptyByteBufBE)
GET /session/14f61660-7bcc-4279-b6a3-7163a94e0626/element/9bac0923-acf7-479f-9737-d301244b364e/text HTTP/1.1
User-Agent: selenium/4.0.0-alpha-5 (java windows)
Cache-Control: no-cache
host: localhost:10889
accept: */*

Response DefaultHttpResponse(decodeResult: success, version: HTTP/1.1)
HTTP/1.1 200 OK
content-type: application/json; charset=utf-8
cache-control: no-cache
content-length: 23
date: Thu, 25 Jun 2020 12:50:14 GMT

15:50:14.587 [AsyncHttpClient-3-1] DEBUG o.a.netty.channel.ChannelManager - Adding key: http://localhost:10889 for channel [id: 0x7c68b8df, L:/127.0.0.1:64390 - R:localhost/127.0.0.1:10889]
15:50:14.587 [Forwarding findChildElement on session 14f61660-7bcc-4279-b6a3-7163a94e0626 to remote] DEBUG o.a.netty.request.NettyRequestSender - Using pooled Channel '[id: 0x7c68b8df, L:/127.0.0.1:64390 - R:localhost/127.0.0.1:10889]' for 'POST' to 'http://localhost:10889/session/14f61660-7bcc-4279-b6a3-7163a94e0626/element/3076d6cd-21af-4979-9d13-126e38ee7511/element'
15:50:14.587 [Forwarding findChildElement on session 14f61660-7bcc-4279-b6a3-7163a94e0626 to remote] DEBUG o.a.netty.request.NettyRequestSender - Using open Channel [id: 0x7c68b8df, L:/127.0.0.1:64390 - R:localhost/127.0.0.1:10889] for POST '/session/14f61660-7bcc-4279-b6a3-7163a94e0626/element/3076d6cd-21af-4979-9d13-126e38ee7511/element'
15:50:14.591 [AsyncHttpClient-3-1] DEBUG o.a.netty.handler.HttpHandler - 

Request DefaultHttpRequest(decodeResult: success, version: HTTP/1.1)
POST /session/14f61660-7bcc-4279-b6a3-7163a94e0626/element/3076d6cd-21af-4979-9d13-126e38ee7511/element HTTP/1.1
User-Agent: selenium/4.0.0-alpha-5 (java windows)
Content-Length: 103
Content-Type: application/json; charset=utf-8
host: localhost:10889
accept: */*

Response DefaultHttpResponse(decodeResult: success, version: HTTP/1.1)
HTTP/1.1 200 OK
content-type: application/json; charset=utf-8
cache-control: no-cache
content-length: 88
date: Thu, 25 Jun 2020 12:50:14 GMT

15:50:14.591 [AsyncHttpClient-3-1] DEBUG o.a.netty.channel.ChannelManager - Adding key: http://localhost:10889 for channel [id: 0x7c68b8df, L:/127.0.0.1:64390 - R:localhost/127.0.0.1:10889]
15:50:14.592 [Forwarding getElementText on session 14f61660-7bcc-4279-b6a3-7163a94e0626 to remote] DEBUG o.a.netty.request.NettyRequestSender - Using pooled Channel '[id: 0x7c68b8df, L:/127.0.0.1:64390 - R:localhost/127.0.0.1:10889]' for 'GET' to 'http://localhost:10889/session/14f61660-7bcc-4279-b6a3-7163a94e0626/element/df0603bc-b2b1-4e63-a175-e0cba1590e26/text'
15:50:14.592 [Forwarding getElementText on session 14f61660-7bcc-4279-b6a3-7163a94e0626 to remote] DEBUG o.a.netty.request.NettyRequestSender - Using open Channel [id: 0x7c68b8df, L:/127.0.0.1:64390 - R:localhost/127.0.0.1:10889] for GET '/session/14f61660-7bcc-4279-b6a3-7163a94e0626/element/df0603bc-b2b1-4e63-a175-e0cba1590e26/text'
15:50:14.596 [AsyncHttpClient-3-1] DEBUG o.a.netty.handler.HttpHandler - 

Request DefaultFullHttpRequest(decodeResult: success, version: HTTP/1.1, content: EmptyByteBufBE)
GET /session/14f61660-7bcc-4279-b6a3-7163a94e0626/element/df0603bc-b2b1-4e63-a175-e0cba1590e26/text HTTP/1.1
User-Agent: selenium/4.0.0-alpha-5 (java windows)
Cache-Control: no-cache
host: localhost:10889
accept: */*

Response DefaultHttpResponse(decodeResult: success, version: HTTP/1.1)
HTTP/1.1 200 OK
content-type: application/json; charset=utf-8
cache-control: no-cache
content-length: 19
date: Thu, 25 Jun 2020 12:50:14 GMT

15:50:14.596 [AsyncHttpClient-3-1] DEBUG o.a.netty.channel.ChannelManager - Adding key: http://localhost:10889 for channel [id: 0x7c68b8df, L:/127.0.0.1:64390 - R:localhost/127.0.0.1:10889]
15:50:14.597 [Forwarding findChildElement on session 14f61660-7bcc-4279-b6a3-7163a94e0626 to remote] DEBUG o.a.netty.request.NettyRequestSender - Using pooled Channel '[id: 0x7c68b8df, L:/127.0.0.1:64390 - R:localhost/127.0.0.1:10889]' for 'POST' to 'http://localhost:10889/session/14f61660-7bcc-4279-b6a3-7163a94e0626/element/3076d6cd-21af-4979-9d13-126e38ee7511/element'
15:50:14.597 [Forwarding findChildElement on session 14f61660-7bcc-4279-b6a3-7163a94e0626 to remote] DEBUG o.a.netty.request.NettyRequestSender - Using open Channel [id: 0x7c68b8df, L:/127.0.0.1:64390 - R:localhost/127.0.0.1:10889] for POST '/session/14f61660-7bcc-4279-b6a3-7163a94e0626/element/3076d6cd-21af-4979-9d13-126e38ee7511/element'
15:50:14.600 [AsyncHttpClient-3-1] DEBUG o.a.netty.handler.HttpHandler - 

Request DefaultHttpRequest(decodeResult: success, version: HTTP/1.1)
POST /session/14f61660-7bcc-4279-b6a3-7163a94e0626/element/3076d6cd-21af-4979-9d13-126e38ee7511/element HTTP/1.1
User-Agent: selenium/4.0.0-alpha-5 (java windows)
Content-Length: 103
Content-Type: application/json; charset=utf-8
host: localhost:10889
accept: */*

Response DefaultHttpResponse(decodeResult: success, version: HTTP/1.1)
HTTP/1.1 200 OK
content-type: application/json; charset=utf-8
cache-control: no-cache
content-length: 88
date: Thu, 25 Jun 2020 12:50:14 GMT

15:50:14.601 [AsyncHttpClient-3-1] DEBUG o.a.netty.channel.ChannelManager - Adding key: http://localhost:10889 for channel [id: 0x7c68b8df, L:/127.0.0.1:64390 - R:localhost/127.0.0.1:10889]
15:50:14.601 [Forwarding getElementText on session 14f61660-7bcc-4279-b6a3-7163a94e0626 to remote] DEBUG o.a.netty.request.NettyRequestSender - Using pooled Channel '[id: 0x7c68b8df, L:/127.0.0.1:64390 - R:localhost/127.0.0.1:10889]' for 'GET' to 'http://localhost:10889/session/14f61660-7bcc-4279-b6a3-7163a94e0626/element/54afb018-6ddb-4874-a005-f7ce5d1ffac0/text'
15:50:14.601 [Forwarding getElementText on session 14f61660-7bcc-4279-b6a3-7163a94e0626 to remote] DEBUG o.a.netty.request.NettyRequestSender - Using open Channel [id: 0x7c68b8df, L:/127.0.0.1:64390 - R:localhost/127.0.0.1:10889] for GET '/session/14f61660-7bcc-4279-b6a3-7163a94e0626/element/54afb018-6ddb-4874-a005-f7ce5d1ffac0/text'
15:50:14.606 [AsyncHttpClient-3-1] DEBUG o.a.netty.handler.HttpHandler - 

Request DefaultFullHttpRequest(decodeResult: success, version: HTTP/1.1, content: EmptyByteBufBE)
GET /session/14f61660-7bcc-4279-b6a3-7163a94e0626/element/54afb018-6ddb-4874-a005-f7ce5d1ffac0/text HTTP/1.1
User-Agent: selenium/4.0.0-alpha-5 (java windows)
Cache-Control: no-cache
host: localhost:10889
accept: */*

Response DefaultHttpResponse(decodeResult: success, version: HTTP/1.1)
HTTP/1.1 200 OK
content-type: application/json; charset=utf-8
cache-control: no-cache
content-length: 28
date: Thu, 25 Jun 2020 12:50:14 GMT

15:50:14.606 [AsyncHttpClient-3-1] DEBUG o.a.netty.channel.ChannelManager - Adding key: http://localhost:10889 for channel [id: 0x7c68b8df, L:/127.0.0.1:64390 - R:localhost/127.0.0.1:10889]
15:50:14.606 [Forwarding findChildElement on session 14f61660-7bcc-4279-b6a3-7163a94e0626 to remote] DEBUG o.a.netty.request.NettyRequestSender - Using pooled Channel '[id: 0x7c68b8df, L:/127.0.0.1:64390 - R:localhost/127.0.0.1:10889]' for 'POST' to 'http://localhost:10889/session/14f61660-7bcc-4279-b6a3-7163a94e0626/element/3076d6cd-21af-4979-9d13-126e38ee7511/element'
15:50:14.606 [Forwarding findChildElement on session 14f61660-7bcc-4279-b6a3-7163a94e0626 to remote] DEBUG o.a.netty.request.NettyRequestSender - Using open Channel [id: 0x7c68b8df, L:/127.0.0.1:64390 - R:localhost/127.0.0.1:10889] for POST '/session/14f61660-7bcc-4279-b6a3-7163a94e0626/element/3076d6cd-21af-4979-9d13-126e38ee7511/element'
15:50:14.610 [AsyncHttpClient-3-1] DEBUG o.a.netty.handler.HttpHandler - 

Request DefaultHttpRequest(decodeResult: success, version: HTTP/1.1)
POST /session/14f61660-7bcc-4279-b6a3-7163a94e0626/element/3076d6cd-21af-4979-9d13-126e38ee7511/element HTTP/1.1
User-Agent: selenium/4.0.0-alpha-5 (java windows)
Content-Length: 97
Content-Type: application/json; charset=utf-8
host: localhost:10889
accept: */*

Response DefaultHttpResponse(decodeResult: success, version: HTTP/1.1)
HTTP/1.1 200 OK
content-type: application/json; charset=utf-8
cache-control: no-cache
content-length: 88
date: Thu, 25 Jun 2020 12:50:14 GMT

15:50:14.610 [AsyncHttpClient-3-1] DEBUG o.a.netty.channel.ChannelManager - Adding key: http://localhost:10889 for channel [id: 0x7c68b8df, L:/127.0.0.1:64390 - R:localhost/127.0.0.1:10889]
15:50:14.612 [Forwarding getElementAttribute on session 14f61660-7bcc-4279-b6a3-7163a94e0626 to remote] DEBUG o.a.netty.request.NettyRequestSender - Using pooled Channel '[id: 0x7c68b8df, L:/127.0.0.1:64390 - R:localhost/127.0.0.1:10889]' for 'POST' to 'http://localhost:10889/session/14f61660-7bcc-4279-b6a3-7163a94e0626/execute/sync'
15:50:14.612 [Forwarding getElementAttribute on session 14f61660-7bcc-4279-b6a3-7163a94e0626 to remote] DEBUG o.a.netty.request.NettyRequestSender - Using open Channel [id: 0x7c68b8df, L:/127.0.0.1:64390 - R:localhost/127.0.0.1:10889] for POST '/session/14f61660-7bcc-4279-b6a3-7163a94e0626/execute/sync'
15:50:14.624 [AsyncHttpClient-3-1] DEBUG o.a.netty.handler.HttpHandler - 

Request DefaultHttpRequest(decodeResult: success, version: HTTP/1.1)
POST /session/14f61660-7bcc-4279-b6a3-7163a94e0626/execute/sync HTTP/1.1
User-Agent: selenium/4.0.0-alpha-5 (java windows)
Content-Length: 39635
Content-Type: application/json; charset=utf-8
host: localhost:10889
accept: */*

Response DefaultHttpResponse(decodeResult: success, version: HTTP/1.1)
HTTP/1.1 200 OK
content-type: application/json; charset=utf-8
cache-control: no-cache
content-length: 15
date: Thu, 25 Jun 2020 12:50:14 GMT

15:50:14.625 [AsyncHttpClient-3-1] DEBUG o.a.netty.channel.ChannelManager - Adding key: http://localhost:10889 for channel [id: 0x7c68b8df, L:/127.0.0.1:64390 - R:localhost/127.0.0.1:10889]
15:50:14.625 [Forwarding findChildElement on session 14f61660-7bcc-4279-b6a3-7163a94e0626 to remote] DEBUG o.a.netty.request.NettyRequestSender - Using pooled Channel '[id: 0x7c68b8df, L:/127.0.0.1:64390 - R:localhost/127.0.0.1:10889]' for 'POST' to 'http://localhost:10889/session/14f61660-7bcc-4279-b6a3-7163a94e0626/element/650fd360-d15c-4894-bdf1-641e12d3fa0e/element'
15:50:14.625 [Forwarding findChildElement on session 14f61660-7bcc-4279-b6a3-7163a94e0626 to remote] DEBUG o.a.netty.request.NettyRequestSender - Using open Channel [id: 0x7c68b8df, L:/127.0.0.1:64390 - R:localhost/127.0.0.1:10889] for POST '/session/14f61660-7bcc-4279-b6a3-7163a94e0626/element/650fd360-d15c-4894-bdf1-641e12d3fa0e/element'
15:50:14.629 [AsyncHttpClient-3-1] DEBUG o.a.netty.handler.HttpHandler - 

Request DefaultHttpRequest(decodeResult: success, version: HTTP/1.1)
POST /session/14f61660-7bcc-4279-b6a3-7163a94e0626/element/650fd360-d15c-4894-bdf1-641e12d3fa0e/element HTTP/1.1
User-Agent: selenium/4.0.0-alpha-5 (java windows)
Content-Length: 103
Content-Type: application/json; charset=utf-8
host: localhost:10889
accept: */*

Response DefaultHttpResponse(decodeResult: success, version: HTTP/1.1)
HTTP/1.1 200 OK
content-type: application/json; charset=utf-8
cache-control: no-cache
content-length: 88
date: Thu, 25 Jun 2020 12:50:14 GMT

15:50:14.629 [AsyncHttpClient-3-1] DEBUG o.a.netty.channel.ChannelManager - Adding key: http://localhost:10889 for channel [id: 0x7c68b8df, L:/127.0.0.1:64390 - R:localhost/127.0.0.1:10889]
15:50:14.629 [Forwarding getElementText on session 14f61660-7bcc-4279-b6a3-7163a94e0626 to remote] DEBUG o.a.netty.request.NettyRequestSender - Using pooled Channel '[id: 0x7c68b8df, L:/127.0.0.1:64390 - R:localhost/127.0.0.1:10889]' for 'GET' to 'http://localhost:10889/session/14f61660-7bcc-4279-b6a3-7163a94e0626/element/c9228789-b037-4b64-bf11-4d5b7ca42a7b/text'
15:50:14.629 [Forwarding getElementText on session 14f61660-7bcc-4279-b6a3-7163a94e0626 to remote] DEBUG o.a.netty.request.NettyRequestSender - Using open Channel [id: 0x7c68b8df, L:/127.0.0.1:64390 - R:localhost/127.0.0.1:10889] for GET '/session/14f61660-7bcc-4279-b6a3-7163a94e0626/element/c9228789-b037-4b64-bf11-4d5b7ca42a7b/text'
15:50:14.635 [AsyncHttpClient-3-1] DEBUG o.a.netty.handler.HttpHandler - 

Request DefaultFullHttpRequest(decodeResult: success, version: HTTP/1.1, content: EmptyByteBufBE)
GET /session/14f61660-7bcc-4279-b6a3-7163a94e0626/element/c9228789-b037-4b64-bf11-4d5b7ca42a7b/text HTTP/1.1
User-Agent: selenium/4.0.0-alpha-5 (java windows)
Cache-Control: no-cache
host: localhost:10889
accept: */*

Response DefaultHttpResponse(decodeResult: success, version: HTTP/1.1)
HTTP/1.1 200 OK
content-type: application/json; charset=utf-8
cache-control: no-cache
content-length: 19
date: Thu, 25 Jun 2020 12:50:14 GMT

15:50:14.635 [AsyncHttpClient-3-1] DEBUG o.a.netty.channel.ChannelManager - Adding key: http://localhost:10889 for channel [id: 0x7c68b8df, L:/127.0.0.1:64390 - R:localhost/127.0.0.1:10889]
15:50:14.636 [Forwarding findChildElement on session 14f61660-7bcc-4279-b6a3-7163a94e0626 to remote] DEBUG o.a.netty.request.NettyRequestSender - Using pooled Channel '[id: 0x7c68b8df, L:/127.0.0.1:64390 - R:localhost/127.0.0.1:10889]' for 'POST' to 'http://localhost:10889/session/14f61660-7bcc-4279-b6a3-7163a94e0626/element/650fd360-d15c-4894-bdf1-641e12d3fa0e/element'
15:50:14.636 [Forwarding findChildElement on session 14f61660-7bcc-4279-b6a3-7163a94e0626 to remote] DEBUG o.a.netty.request.NettyRequestSender - Using open Channel [id: 0x7c68b8df, L:/127.0.0.1:64390 - R:localhost/127.0.0.1:10889] for POST '/session/14f61660-7bcc-4279-b6a3-7163a94e0626/element/650fd360-d15c-4894-bdf1-641e12d3fa0e/element'
15:50:14.640 [AsyncHttpClient-3-1] DEBUG o.a.netty.handler.HttpHandler - 

Request DefaultHttpRequest(decodeResult: success, version: HTTP/1.1)
POST /session/14f61660-7bcc-4279-b6a3-7163a94e0626/element/650fd360-d15c-4894-bdf1-641e12d3fa0e/element HTTP/1.1
User-Agent: selenium/4.0.0-alpha-5 (java windows)
Content-Length: 103
Content-Type: application/json; charset=utf-8
host: localhost:10889
accept: */*

Response DefaultHttpResponse(decodeResult: success, version: HTTP/1.1)
HTTP/1.1 200 OK
content-type: application/json; charset=utf-8
cache-control: no-cache
content-length: 88
date: Thu, 25 Jun 2020 12:50:14 GMT

15:50:14.640 [AsyncHttpClient-3-1] DEBUG o.a.netty.channel.ChannelManager - Adding key: http://localhost:10889 for channel [id: 0x7c68b8df, L:/127.0.0.1:64390 - R:localhost/127.0.0.1:10889]
15:50:14.640 [Forwarding getElementText on session 14f61660-7bcc-4279-b6a3-7163a94e0626 to remote] DEBUG o.a.netty.request.NettyRequestSender - Using pooled Channel '[id: 0x7c68b8df, L:/127.0.0.1:64390 - R:localhost/127.0.0.1:10889]' for 'GET' to 'http://localhost:10889/session/14f61660-7bcc-4279-b6a3-7163a94e0626/element/14457d73-c592-4208-b5b0-0e72658de0a1/text'
15:50:14.640 [Forwarding getElementText on session 14f61660-7bcc-4279-b6a3-7163a94e0626 to remote] DEBUG o.a.netty.request.NettyRequestSender - Using open Channel [id: 0x7c68b8df, L:/127.0.0.1:64390 - R:localhost/127.0.0.1:10889] for GET '/session/14f61660-7bcc-4279-b6a3-7163a94e0626/element/14457d73-c592-4208-b5b0-0e72658de0a1/text'
15:50:14.644 [AsyncHttpClient-3-1] DEBUG o.a.netty.handler.HttpHandler - 

Request DefaultFullHttpRequest(decodeResult: success, version: HTTP/1.1, content: EmptyByteBufBE)
GET /session/14f61660-7bcc-4279-b6a3-7163a94e0626/element/14457d73-c592-4208-b5b0-0e72658de0a1/text HTTP/1.1
User-Agent: selenium/4.0.0-alpha-5 (java windows)
Cache-Control: no-cache
host: localhost:10889
accept: */*

Response DefaultHttpResponse(decodeResult: success, version: HTTP/1.1)
HTTP/1.1 200 OK
content-type: application/json; charset=utf-8
cache-control: no-cache
content-length: 19
date: Thu, 25 Jun 2020 12:50:14 GMT

15:50:14.645 [AsyncHttpClient-3-1] DEBUG o.a.netty.channel.ChannelManager - Adding key: http://localhost:10889 for channel [id: 0x7c68b8df, L:/127.0.0.1:64390 - R:localhost/127.0.0.1:10889]
15:50:14.645 [Forwarding findChildElement on session 14f61660-7bcc-4279-b6a3-7163a94e0626 to remote] DEBUG o.a.netty.request.NettyRequestSender - Using pooled Channel '[id: 0x7c68b8df, L:/127.0.0.1:64390 - R:localhost/127.0.0.1:10889]' for 'POST' to 'http://localhost:10889/session/14f61660-7bcc-4279-b6a3-7163a94e0626/element/650fd360-d15c-4894-bdf1-641e12d3fa0e/element'
15:50:14.645 [Forwarding findChildElement on session 14f61660-7bcc-4279-b6a3-7163a94e0626 to remote] DEBUG o.a.netty.request.NettyRequestSender - Using open Channel [id: 0x7c68b8df, L:/127.0.0.1:64390 - R:localhost/127.0.0.1:10889] for POST '/session/14f61660-7bcc-4279-b6a3-7163a94e0626/element/650fd360-d15c-4894-bdf1-641e12d3fa0e/element'
15:50:14.650 [AsyncHttpClient-3-1] DEBUG o.a.netty.handler.HttpHandler - 

Request DefaultHttpRequest(decodeResult: success, version: HTTP/1.1)
POST /session/14f61660-7bcc-4279-b6a3-7163a94e0626/element/650fd360-d15c-4894-bdf1-641e12d3fa0e/element HTTP/1.1
User-Agent: selenium/4.0.0-alpha-5 (java windows)
Content-Length: 103
Content-Type: application/json; charset=utf-8
host: localhost:10889
accept: */*

Response DefaultHttpResponse(decodeResult: success, version: HTTP/1.1)
HTTP/1.1 200 OK
content-type: application/json; charset=utf-8
cache-control: no-cache
content-length: 88
date: Thu, 25 Jun 2020 12:50:14 GMT

15:50:14.650 [AsyncHttpClient-3-1] DEBUG o.a.netty.channel.ChannelManager - Adding key: http://localhost:10889 for channel [id: 0x7c68b8df, L:/127.0.0.1:64390 - R:localhost/127.0.0.1:10889]
15:50:14.650 [Forwarding getElementText on session 14f61660-7bcc-4279-b6a3-7163a94e0626 to remote] DEBUG o.a.netty.request.NettyRequestSender - Using pooled Channel '[id: 0x7c68b8df, L:/127.0.0.1:64390 - R:localhost/127.0.0.1:10889]' for 'GET' to 'http://localhost:10889/session/14f61660-7bcc-4279-b6a3-7163a94e0626/element/a4b5d93b-3838-4007-a6cf-80a9e8951c9c/text'
15:50:14.650 [Forwarding getElementText on session 14f61660-7bcc-4279-b6a3-7163a94e0626 to remote] DEBUG o.a.netty.request.NettyRequestSender - Using open Channel [id: 0x7c68b8df, L:/127.0.0.1:64390 - R:localhost/127.0.0.1:10889] for GET '/session/14f61660-7bcc-4279-b6a3-7163a94e0626/element/a4b5d93b-3838-4007-a6cf-80a9e8951c9c/text'
15:50:14.655 [AsyncHttpClient-3-1] DEBUG o.a.netty.handler.HttpHandler - 

Request DefaultFullHttpRequest(decodeResult: success, version: HTTP/1.1, content: EmptyByteBufBE)
GET /session/14f61660-7bcc-4279-b6a3-7163a94e0626/element/a4b5d93b-3838-4007-a6cf-80a9e8951c9c/text HTTP/1.1
User-Agent: selenium/4.0.0-alpha-5 (java windows)
Cache-Control: no-cache
host: localhost:10889
accept: */*

Response DefaultHttpResponse(decodeResult: success, version: HTTP/1.1)
HTTP/1.1 200 OK
content-type: application/json; charset=utf-8
cache-control: no-cache
content-length: 23
date: Thu, 25 Jun 2020 12:50:14 GMT

15:50:14.655 [AsyncHttpClient-3-1] DEBUG o.a.netty.channel.ChannelManager - Adding key: http://localhost:10889 for channel [id: 0x7c68b8df, L:/127.0.0.1:64390 - R:localhost/127.0.0.1:10889]
15:50:14.656 [Forwarding findChildElement on session 14f61660-7bcc-4279-b6a3-7163a94e0626 to remote] DEBUG o.a.netty.request.NettyRequestSender - Using pooled Channel '[id: 0x7c68b8df, L:/127.0.0.1:64390 - R:localhost/127.0.0.1:10889]' for 'POST' to 'http://localhost:10889/session/14f61660-7bcc-4279-b6a3-7163a94e0626/element/650fd360-d15c-4894-bdf1-641e12d3fa0e/element'
15:50:14.656 [Forwarding findChildElement on session 14f61660-7bcc-4279-b6a3-7163a94e0626 to remote] DEBUG o.a.netty.request.NettyRequestSender - Using open Channel [id: 0x7c68b8df, L:/127.0.0.1:64390 - R:localhost/127.0.0.1:10889] for POST '/session/14f61660-7bcc-4279-b6a3-7163a94e0626/element/650fd360-d15c-4894-bdf1-641e12d3fa0e/element'
15:50:14.659 [AsyncHttpClient-3-1] DEBUG o.a.netty.handler.HttpHandler - 

Request DefaultHttpRequest(decodeResult: success, version: HTTP/1.1)
POST /session/14f61660-7bcc-4279-b6a3-7163a94e0626/element/650fd360-d15c-4894-bdf1-641e12d3fa0e/element HTTP/1.1
User-Agent: selenium/4.0.0-alpha-5 (java windows)
Content-Length: 103
Content-Type: application/json; charset=utf-8
host: localhost:10889
accept: */*

Response DefaultHttpResponse(decodeResult: success, version: HTTP/1.1)
HTTP/1.1 200 OK
content-type: application/json; charset=utf-8
cache-control: no-cache
content-length: 88
date: Thu, 25 Jun 2020 12:50:14 GMT

15:50:14.660 [AsyncHttpClient-3-1] DEBUG o.a.netty.channel.ChannelManager - Adding key: http://localhost:10889 for channel [id: 0x7c68b8df, L:/127.0.0.1:64390 - R:localhost/127.0.0.1:10889]
15:50:14.660 [Forwarding getElementText on session 14f61660-7bcc-4279-b6a3-7163a94e0626 to remote] DEBUG o.a.netty.request.NettyRequestSender - Using pooled Channel '[id: 0x7c68b8df, L:/127.0.0.1:64390 - R:localhost/127.0.0.1:10889]' for 'GET' to 'http://localhost:10889/session/14f61660-7bcc-4279-b6a3-7163a94e0626/element/1ef01bc5-41be-4ea1-a64a-e477f42e091f/text'
15:50:14.660 [Forwarding getElementText on session 14f61660-7bcc-4279-b6a3-7163a94e0626 to remote] DEBUG o.a.netty.request.NettyRequestSender - Using open Channel [id: 0x7c68b8df, L:/127.0.0.1:64390 - R:localhost/127.0.0.1:10889] for GET '/session/14f61660-7bcc-4279-b6a3-7163a94e0626/element/1ef01bc5-41be-4ea1-a64a-e477f42e091f/text'
15:50:14.664 [AsyncHttpClient-3-1] DEBUG o.a.netty.handler.HttpHandler - 

Request DefaultFullHttpRequest(decodeResult: success, version: HTTP/1.1, content: EmptyByteBufBE)
GET /session/14f61660-7bcc-4279-b6a3-7163a94e0626/element/1ef01bc5-41be-4ea1-a64a-e477f42e091f/text HTTP/1.1
User-Agent: selenium/4.0.0-alpha-5 (java windows)
Cache-Control: no-cache
host: localhost:10889
accept: */*

Response DefaultHttpResponse(decodeResult: success, version: HTTP/1.1)
HTTP/1.1 200 OK
content-type: application/json; charset=utf-8
cache-control: no-cache
content-length: 43
date: Thu, 25 Jun 2020 12:50:14 GMT

15:50:14.665 [AsyncHttpClient-3-1] DEBUG o.a.netty.channel.ChannelManager - Adding key: http://localhost:10889 for channel [id: 0x7c68b8df, L:/127.0.0.1:64390 - R:localhost/127.0.0.1:10889]
15:50:14.665 [Forwarding findChildElement on session 14f61660-7bcc-4279-b6a3-7163a94e0626 to remote] DEBUG o.a.netty.request.NettyRequestSender - Using pooled Channel '[id: 0x7c68b8df, L:/127.0.0.1:64390 - R:localhost/127.0.0.1:10889]' for 'POST' to 'http://localhost:10889/session/14f61660-7bcc-4279-b6a3-7163a94e0626/element/650fd360-d15c-4894-bdf1-641e12d3fa0e/element'
15:50:14.665 [Forwarding findChildElement on session 14f61660-7bcc-4279-b6a3-7163a94e0626 to remote] DEBUG o.a.netty.request.NettyRequestSender - Using open Channel [id: 0x7c68b8df, L:/127.0.0.1:64390 - R:localhost/127.0.0.1:10889] for POST '/session/14f61660-7bcc-4279-b6a3-7163a94e0626/element/650fd360-d15c-4894-bdf1-641e12d3fa0e/element'
15:50:14.669 [AsyncHttpClient-3-1] DEBUG o.a.netty.handler.HttpHandler - 

Request DefaultHttpRequest(decodeResult: success, version: HTTP/1.1)
POST /session/14f61660-7bcc-4279-b6a3-7163a94e0626/element/650fd360-d15c-4894-bdf1-641e12d3fa0e/element HTTP/1.1
User-Agent: selenium/4.0.0-alpha-5 (java windows)
Content-Length: 103
Content-Type: application/json; charset=utf-8
host: localhost:10889
accept: */*

Response DefaultHttpResponse(decodeResult: success, version: HTTP/1.1)
HTTP/1.1 200 OK
content-type: application/json; charset=utf-8
cache-control: no-cache
content-length: 88
date: Thu, 25 Jun 2020 12:50:14 GMT

15:50:14.669 [AsyncHttpClient-3-1] DEBUG o.a.netty.channel.ChannelManager - Adding key: http://localhost:10889 for channel [id: 0x7c68b8df, L:/127.0.0.1:64390 - R:localhost/127.0.0.1:10889]
15:50:14.669 [Forwarding getElementText on session 14f61660-7bcc-4279-b6a3-7163a94e0626 to remote] DEBUG o.a.netty.request.NettyRequestSender - Using pooled Channel '[id: 0x7c68b8df, L:/127.0.0.1:64390 - R:localhost/127.0.0.1:10889]' for 'GET' to 'http://localhost:10889/session/14f61660-7bcc-4279-b6a3-7163a94e0626/element/4acb2528-43a0-4917-b9e0-287444930dca/text'
15:50:14.669 [Forwarding getElementText on session 14f61660-7bcc-4279-b6a3-7163a94e0626 to remote] DEBUG o.a.netty.request.NettyRequestSender - Using open Channel [id: 0x7c68b8df, L:/127.0.0.1:64390 - R:localhost/127.0.0.1:10889] for GET '/session/14f61660-7bcc-4279-b6a3-7163a94e0626/element/4acb2528-43a0-4917-b9e0-287444930dca/text'
15:50:14.676 [AsyncHttpClient-3-1] DEBUG o.a.netty.handler.HttpHandler - 

Request DefaultFullHttpRequest(decodeResult: success, version: HTTP/1.1, content: EmptyByteBufBE)
GET /session/14f61660-7bcc-4279-b6a3-7163a94e0626/element/4acb2528-43a0-4917-b9e0-287444930dca/text HTTP/1.1
User-Agent: selenium/4.0.0-alpha-5 (java windows)
Cache-Control: no-cache
host: localhost:10889
accept: */*

Response DefaultHttpResponse(decodeResult: success, version: HTTP/1.1)
HTTP/1.1 200 OK
content-type: application/json; charset=utf-8
cache-control: no-cache
content-length: 60
date: Thu, 25 Jun 2020 12:50:14 GMT

15:50:14.676 [AsyncHttpClient-3-1] DEBUG o.a.netty.channel.ChannelManager - Adding key: http://localhost:10889 for channel [id: 0x7c68b8df, L:/127.0.0.1:64390 - R:localhost/127.0.0.1:10889]
15:50:14.676 [Forwarding findChildElement on session 14f61660-7bcc-4279-b6a3-7163a94e0626 to remote] DEBUG o.a.netty.request.NettyRequestSender - Using pooled Channel '[id: 0x7c68b8df, L:/127.0.0.1:64390 - R:localhost/127.0.0.1:10889]' for 'POST' to 'http://localhost:10889/session/14f61660-7bcc-4279-b6a3-7163a94e0626/element/650fd360-d15c-4894-bdf1-641e12d3fa0e/element'
15:50:14.676 [Forwarding findChildElement on session 14f61660-7bcc-4279-b6a3-7163a94e0626 to remote] DEBUG o.a.netty.request.NettyRequestSender - Using open Channel [id: 0x7c68b8df, L:/127.0.0.1:64390 - R:localhost/127.0.0.1:10889] for POST '/session/14f61660-7bcc-4279-b6a3-7163a94e0626/element/650fd360-d15c-4894-bdf1-641e12d3fa0e/element'
15:50:14.680 [AsyncHttpClient-3-1] DEBUG o.a.netty.handler.HttpHandler - 

Request DefaultHttpRequest(decodeResult: success, version: HTTP/1.1)
POST /session/14f61660-7bcc-4279-b6a3-7163a94e0626/element/650fd360-d15c-4894-bdf1-641e12d3fa0e/element HTTP/1.1
User-Agent: selenium/4.0.0-alpha-5 (java windows)
Content-Length: 97
Content-Type: application/json; charset=utf-8
host: localhost:10889
accept: */*

Response DefaultHttpResponse(decodeResult: success, version: HTTP/1.1)
HTTP/1.1 200 OK
content-type: application/json; charset=utf-8
cache-control: no-cache
content-length: 88
date: Thu, 25 Jun 2020 12:50:14 GMT

15:50:14.680 [AsyncHttpClient-3-1] DEBUG o.a.netty.channel.ChannelManager - Adding key: http://localhost:10889 for channel [id: 0x7c68b8df, L:/127.0.0.1:64390 - R:localhost/127.0.0.1:10889]
15:50:14.683 [Forwarding getElementAttribute on session 14f61660-7bcc-4279-b6a3-7163a94e0626 to remote] DEBUG o.a.netty.request.NettyRequestSender - Using pooled Channel '[id: 0x7c68b8df, L:/127.0.0.1:64390 - R:localhost/127.0.0.1:10889]' for 'POST' to 'http://localhost:10889/session/14f61660-7bcc-4279-b6a3-7163a94e0626/execute/sync'
15:50:14.683 [Forwarding getElementAttribute on session 14f61660-7bcc-4279-b6a3-7163a94e0626 to remote] DEBUG o.a.netty.request.NettyRequestSender - Using open Channel [id: 0x7c68b8df, L:/127.0.0.1:64390 - R:localhost/127.0.0.1:10889] for POST '/session/14f61660-7bcc-4279-b6a3-7163a94e0626/execute/sync'
15:50:14.708 [AsyncHttpClient-3-1] DEBUG o.a.netty.handler.HttpHandler - 

Request DefaultHttpRequest(decodeResult: success, version: HTTP/1.1)
POST /session/14f61660-7bcc-4279-b6a3-7163a94e0626/execute/sync HTTP/1.1
User-Agent: selenium/4.0.0-alpha-5 (java windows)
Content-Length: 39635
Content-Type: application/json; charset=utf-8
host: localhost:10889
accept: */*

Response DefaultHttpResponse(decodeResult: success, version: HTTP/1.1)
HTTP/1.1 200 OK
content-type: application/json; charset=utf-8
cache-control: no-cache
content-length: 15
date: Thu, 25 Jun 2020 12:50:14 GMT

15:50:14.708 [AsyncHttpClient-3-1] DEBUG o.a.netty.channel.ChannelManager - Adding key: http://localhost:10889 for channel [id: 0x7c68b8df, L:/127.0.0.1:64390 - R:localhost/127.0.0.1:10889]
15:50:14.708 [Forwarding findChildElement on session 14f61660-7bcc-4279-b6a3-7163a94e0626 to remote] DEBUG o.a.netty.request.NettyRequestSender - Using pooled Channel '[id: 0x7c68b8df, L:/127.0.0.1:64390 - R:localhost/127.0.0.1:10889]' for 'POST' to 'http://localhost:10889/session/14f61660-7bcc-4279-b6a3-7163a94e0626/element/bd7b35d1-3367-426c-b5c7-68e0846fb4eb/element'
15:50:14.708 [Forwarding findChildElement on session 14f61660-7bcc-4279-b6a3-7163a94e0626 to remote] DEBUG o.a.netty.request.NettyRequestSender - Using open Channel [id: 0x7c68b8df, L:/127.0.0.1:64390 - R:localhost/127.0.0.1:10889] for POST '/session/14f61660-7bcc-4279-b6a3-7163a94e0626/element/bd7b35d1-3367-426c-b5c7-68e0846fb4eb/element'
15:50:14.729 [AsyncHttpClient-3-1] DEBUG o.a.netty.handler.HttpHandler - 

Request DefaultHttpRequest(decodeResult: success, version: HTTP/1.1)
POST /session/14f61660-7bcc-4279-b6a3-7163a94e0626/element/bd7b35d1-3367-426c-b5c7-68e0846fb4eb/element HTTP/1.1
User-Agent: selenium/4.0.0-alpha-5 (java windows)
Content-Length: 103
Content-Type: application/json; charset=utf-8
host: localhost:10889
accept: */*

Response DefaultHttpResponse(decodeResult: success, version: HTTP/1.1)
HTTP/1.1 200 OK
content-type: application/json; charset=utf-8
cache-control: no-cache
content-length: 88
date: Thu, 25 Jun 2020 12:50:14 GMT

15:50:14.729 [AsyncHttpClient-3-1] DEBUG o.a.netty.channel.ChannelManager - Adding key: http://localhost:10889 for channel [id: 0x7c68b8df, L:/127.0.0.1:64390 - R:localhost/127.0.0.1:10889]
15:50:14.730 [Forwarding getElementText on session 14f61660-7bcc-4279-b6a3-7163a94e0626 to remote] DEBUG o.a.netty.request.NettyRequestSender - Using pooled Channel '[id: 0x7c68b8df, L:/127.0.0.1:64390 - R:localhost/127.0.0.1:10889]' for 'GET' to 'http://localhost:10889/session/14f61660-7bcc-4279-b6a3-7163a94e0626/element/bbede34e-4ee9-4dfb-83b9-6d02965d817d/text'
15:50:14.730 [Forwarding getElementText on session 14f61660-7bcc-4279-b6a3-7163a94e0626 to remote] DEBUG o.a.netty.request.NettyRequestSender - Using open Channel [id: 0x7c68b8df, L:/127.0.0.1:64390 - R:localhost/127.0.0.1:10889] for GET '/session/14f61660-7bcc-4279-b6a3-7163a94e0626/element/bbede34e-4ee9-4dfb-83b9-6d02965d817d/text'
15:50:14.741 [AsyncHttpClient-3-1] DEBUG o.a.netty.handler.HttpHandler - 

Request DefaultFullHttpRequest(decodeResult: success, version: HTTP/1.1, content: EmptyByteBufBE)
GET /session/14f61660-7bcc-4279-b6a3-7163a94e0626/element/bbede34e-4ee9-4dfb-83b9-6d02965d817d/text HTTP/1.1
User-Agent: selenium/4.0.0-alpha-5 (java windows)
Cache-Control: no-cache
host: localhost:10889
accept: */*

Response DefaultHttpResponse(decodeResult: success, version: HTTP/1.1)
HTTP/1.1 200 OK
content-type: application/json; charset=utf-8
cache-control: no-cache
content-length: 19
date: Thu, 25 Jun 2020 12:50:14 GMT

15:50:14.741 [AsyncHttpClient-3-1] DEBUG o.a.netty.channel.ChannelManager - Adding key: http://localhost:10889 for channel [id: 0x7c68b8df, L:/127.0.0.1:64390 - R:localhost/127.0.0.1:10889]
15:50:14.742 [Forwarding findChildElement on session 14f61660-7bcc-4279-b6a3-7163a94e0626 to remote] DEBUG o.a.netty.request.NettyRequestSender - Using pooled Channel '[id: 0x7c68b8df, L:/127.0.0.1:64390 - R:localhost/127.0.0.1:10889]' for 'POST' to 'http://localhost:10889/session/14f61660-7bcc-4279-b6a3-7163a94e0626/element/bd7b35d1-3367-426c-b5c7-68e0846fb4eb/element'
15:50:14.742 [Forwarding findChildElement on session 14f61660-7bcc-4279-b6a3-7163a94e0626 to remote] DEBUG o.a.netty.request.NettyRequestSender - Using open Channel [id: 0x7c68b8df, L:/127.0.0.1:64390 - R:localhost/127.0.0.1:10889] for POST '/session/14f61660-7bcc-4279-b6a3-7163a94e0626/element/bd7b35d1-3367-426c-b5c7-68e0846fb4eb/element'
15:50:14.746 [AsyncHttpClient-3-1] DEBUG o.a.netty.handler.HttpHandler - 

Request DefaultHttpRequest(decodeResult: success, version: HTTP/1.1)
POST /session/14f61660-7bcc-4279-b6a3-7163a94e0626/element/bd7b35d1-3367-426c-b5c7-68e0846fb4eb/element HTTP/1.1
User-Agent: selenium/4.0.0-alpha-5 (java windows)
Content-Length: 103
Content-Type: application/json; charset=utf-8
host: localhost:10889
accept: */*

Response DefaultHttpResponse(decodeResult: success, version: HTTP/1.1)
HTTP/1.1 200 OK
content-type: application/json; charset=utf-8
cache-control: no-cache
content-length: 88
date: Thu, 25 Jun 2020 12:50:14 GMT

15:50:14.746 [AsyncHttpClient-3-1] DEBUG o.a.netty.channel.ChannelManager - Adding key: http://localhost:10889 for channel [id: 0x7c68b8df, L:/127.0.0.1:64390 - R:localhost/127.0.0.1:10889]
15:50:14.747 [Forwarding getElementText on session 14f61660-7bcc-4279-b6a3-7163a94e0626 to remote] DEBUG o.a.netty.request.NettyRequestSender - Using pooled Channel '[id: 0x7c68b8df, L:/127.0.0.1:64390 - R:localhost/127.0.0.1:10889]' for 'GET' to 'http://localhost:10889/session/14f61660-7bcc-4279-b6a3-7163a94e0626/element/8d7ffe0a-0c55-4568-9aca-4c7f00fb05ea/text'
15:50:14.747 [Forwarding getElementText on session 14f61660-7bcc-4279-b6a3-7163a94e0626 to remote] DEBUG o.a.netty.request.NettyRequestSender - Using open Channel [id: 0x7c68b8df, L:/127.0.0.1:64390 - R:localhost/127.0.0.1:10889] for GET '/session/14f61660-7bcc-4279-b6a3-7163a94e0626/element/8d7ffe0a-0c55-4568-9aca-4c7f00fb05ea/text'
15:50:14.753 [AsyncHttpClient-3-1] DEBUG o.a.netty.handler.HttpHandler - 

Request DefaultFullHttpRequest(decodeResult: success, version: HTTP/1.1, content: EmptyByteBufBE)
GET /session/14f61660-7bcc-4279-b6a3-7163a94e0626/element/8d7ffe0a-0c55-4568-9aca-4c7f00fb05ea/text HTTP/1.1
User-Agent: selenium/4.0.0-alpha-5 (java windows)
Cache-Control: no-cache
host: localhost:10889
accept: */*

Response DefaultHttpResponse(decodeResult: success, version: HTTP/1.1)
HTTP/1.1 200 OK
content-type: application/json; charset=utf-8
cache-control: no-cache
content-length: 19
date: Thu, 25 Jun 2020 12:50:14 GMT

15:50:14.753 [AsyncHttpClient-3-1] DEBUG o.a.netty.channel.ChannelManager - Adding key: http://localhost:10889 for channel [id: 0x7c68b8df, L:/127.0.0.1:64390 - R:localhost/127.0.0.1:10889]
15:50:14.754 [Forwarding findChildElement on session 14f61660-7bcc-4279-b6a3-7163a94e0626 to remote] DEBUG o.a.netty.request.NettyRequestSender - Using pooled Channel '[id: 0x7c68b8df, L:/127.0.0.1:64390 - R:localhost/127.0.0.1:10889]' for 'POST' to 'http://localhost:10889/session/14f61660-7bcc-4279-b6a3-7163a94e0626/element/bd7b35d1-3367-426c-b5c7-68e0846fb4eb/element'
15:50:14.754 [Forwarding findChildElement on session 14f61660-7bcc-4279-b6a3-7163a94e0626 to remote] DEBUG o.a.netty.request.NettyRequestSender - Using open Channel [id: 0x7c68b8df, L:/127.0.0.1:64390 - R:localhost/127.0.0.1:10889] for POST '/session/14f61660-7bcc-4279-b6a3-7163a94e0626/element/bd7b35d1-3367-426c-b5c7-68e0846fb4eb/element'
15:50:14.759 [AsyncHttpClient-3-1] DEBUG o.a.netty.handler.HttpHandler - 

Request DefaultHttpRequest(decodeResult: success, version: HTTP/1.1)
POST /session/14f61660-7bcc-4279-b6a3-7163a94e0626/element/bd7b35d1-3367-426c-b5c7-68e0846fb4eb/element HTTP/1.1
User-Agent: selenium/4.0.0-alpha-5 (java windows)
Content-Length: 103
Content-Type: application/json; charset=utf-8
host: localhost:10889
accept: */*

Response DefaultHttpResponse(decodeResult: success, version: HTTP/1.1)
HTTP/1.1 200 OK
content-type: application/json; charset=utf-8
cache-control: no-cache
content-length: 88
date: Thu, 25 Jun 2020 12:50:14 GMT

15:50:14.759 [AsyncHttpClient-3-1] DEBUG o.a.netty.channel.ChannelManager - Adding key: http://localhost:10889 for channel [id: 0x7c68b8df, L:/127.0.0.1:64390 - R:localhost/127.0.0.1:10889]
15:50:14.759 [Forwarding getElementText on session 14f61660-7bcc-4279-b6a3-7163a94e0626 to remote] DEBUG o.a.netty.request.NettyRequestSender - Using pooled Channel '[id: 0x7c68b8df, L:/127.0.0.1:64390 - R:localhost/127.0.0.1:10889]' for 'GET' to 'http://localhost:10889/session/14f61660-7bcc-4279-b6a3-7163a94e0626/element/e05ea990-535c-4c69-b0cb-dea6f8cda721/text'
15:50:14.759 [Forwarding getElementText on session 14f61660-7bcc-4279-b6a3-7163a94e0626 to remote] DEBUG o.a.netty.request.NettyRequestSender - Using open Channel [id: 0x7c68b8df, L:/127.0.0.1:64390 - R:localhost/127.0.0.1:10889] for GET '/session/14f61660-7bcc-4279-b6a3-7163a94e0626/element/e05ea990-535c-4c69-b0cb-dea6f8cda721/text'
15:50:14.765 [AsyncHttpClient-3-1] DEBUG o.a.netty.handler.HttpHandler - 

Request DefaultFullHttpRequest(decodeResult: success, version: HTTP/1.1, content: EmptyByteBufBE)
GET /session/14f61660-7bcc-4279-b6a3-7163a94e0626/element/e05ea990-535c-4c69-b0cb-dea6f8cda721/text HTTP/1.1
User-Agent: selenium/4.0.0-alpha-5 (java windows)
Cache-Control: no-cache
host: localhost:10889
accept: */*

Response DefaultHttpResponse(decodeResult: success, version: HTTP/1.1)
HTTP/1.1 200 OK
content-type: application/json; charset=utf-8
cache-control: no-cache
content-length: 23
date: Thu, 25 Jun 2020 12:50:14 GMT

15:50:14.765 [AsyncHttpClient-3-1] DEBUG o.a.netty.channel.ChannelManager - Adding key: http://localhost:10889 for channel [id: 0x7c68b8df, L:/127.0.0.1:64390 - R:localhost/127.0.0.1:10889]
15:50:14.765 [Forwarding findChildElement on session 14f61660-7bcc-4279-b6a3-7163a94e0626 to remote] DEBUG o.a.netty.request.NettyRequestSender - Using pooled Channel '[id: 0x7c68b8df, L:/127.0.0.1:64390 - R:localhost/127.0.0.1:10889]' for 'POST' to 'http://localhost:10889/session/14f61660-7bcc-4279-b6a3-7163a94e0626/element/bd7b35d1-3367-426c-b5c7-68e0846fb4eb/element'
15:50:14.765 [Forwarding findChildElement on session 14f61660-7bcc-4279-b6a3-7163a94e0626 to remote] DEBUG o.a.netty.request.NettyRequestSender - Using open Channel [id: 0x7c68b8df, L:/127.0.0.1:64390 - R:localhost/127.0.0.1:10889] for POST '/session/14f61660-7bcc-4279-b6a3-7163a94e0626/element/bd7b35d1-3367-426c-b5c7-68e0846fb4eb/element'
15:50:14.770 [AsyncHttpClient-3-1] DEBUG o.a.netty.handler.HttpHandler - 

Request DefaultHttpRequest(decodeResult: success, version: HTTP/1.1)
POST /session/14f61660-7bcc-4279-b6a3-7163a94e0626/element/bd7b35d1-3367-426c-b5c7-68e0846fb4eb/element HTTP/1.1
User-Agent: selenium/4.0.0-alpha-5 (java windows)
Content-Length: 103
Content-Type: application/json; charset=utf-8
host: localhost:10889
accept: */*

Response DefaultHttpResponse(decodeResult: success, version: HTTP/1.1)
HTTP/1.1 200 OK
content-type: application/json; charset=utf-8
cache-control: no-cache
content-length: 88
date: Thu, 25 Jun 2020 12:50:14 GMT

15:50:14.770 [AsyncHttpClient-3-1] DEBUG o.a.netty.channel.ChannelManager - Adding key: http://localhost:10889 for channel [id: 0x7c68b8df, L:/127.0.0.1:64390 - R:localhost/127.0.0.1:10889]
15:50:14.770 [Forwarding getElementText on session 14f61660-7bcc-4279-b6a3-7163a94e0626 to remote] DEBUG o.a.netty.request.NettyRequestSender - Using pooled Channel '[id: 0x7c68b8df, L:/127.0.0.1:64390 - R:localhost/127.0.0.1:10889]' for 'GET' to 'http://localhost:10889/session/14f61660-7bcc-4279-b6a3-7163a94e0626/element/16de5c00-d683-4fa9-aaed-25fc40fe484c/text'
15:50:14.770 [Forwarding getElementText on session 14f61660-7bcc-4279-b6a3-7163a94e0626 to remote] DEBUG o.a.netty.request.NettyRequestSender - Using open Channel [id: 0x7c68b8df, L:/127.0.0.1:64390 - R:localhost/127.0.0.1:10889] for GET '/session/14f61660-7bcc-4279-b6a3-7163a94e0626/element/16de5c00-d683-4fa9-aaed-25fc40fe484c/text'
15:50:14.775 [AsyncHttpClient-3-1] DEBUG o.a.netty.handler.HttpHandler - 

Request DefaultFullHttpRequest(decodeResult: success, version: HTTP/1.1, content: EmptyByteBufBE)
GET /session/14f61660-7bcc-4279-b6a3-7163a94e0626/element/16de5c00-d683-4fa9-aaed-25fc40fe484c/text HTTP/1.1
User-Agent: selenium/4.0.0-alpha-5 (java windows)
Cache-Control: no-cache
host: localhost:10889
accept: */*

Response DefaultHttpResponse(decodeResult: success, version: HTTP/1.1)
HTTP/1.1 200 OK
content-type: application/json; charset=utf-8
cache-control: no-cache
content-length: 43
date: Thu, 25 Jun 2020 12:50:14 GMT

15:50:14.775 [AsyncHttpClient-3-1] DEBUG o.a.netty.channel.ChannelManager - Adding key: http://localhost:10889 for channel [id: 0x7c68b8df, L:/127.0.0.1:64390 - R:localhost/127.0.0.1:10889]
15:50:14.776 [Forwarding findChildElement on session 14f61660-7bcc-4279-b6a3-7163a94e0626 to remote] DEBUG o.a.netty.request.NettyRequestSender - Using pooled Channel '[id: 0x7c68b8df, L:/127.0.0.1:64390 - R:localhost/127.0.0.1:10889]' for 'POST' to 'http://localhost:10889/session/14f61660-7bcc-4279-b6a3-7163a94e0626/element/bd7b35d1-3367-426c-b5c7-68e0846fb4eb/element'
15:50:14.776 [Forwarding findChildElement on session 14f61660-7bcc-4279-b6a3-7163a94e0626 to remote] DEBUG o.a.netty.request.NettyRequestSender - Using open Channel [id: 0x7c68b8df, L:/127.0.0.1:64390 - R:localhost/127.0.0.1:10889] for POST '/session/14f61660-7bcc-4279-b6a3-7163a94e0626/element/bd7b35d1-3367-426c-b5c7-68e0846fb4eb/element'
15:50:14.781 [AsyncHttpClient-3-1] DEBUG o.a.netty.handler.HttpHandler - 

Request DefaultHttpRequest(decodeResult: success, version: HTTP/1.1)
POST /session/14f61660-7bcc-4279-b6a3-7163a94e0626/element/bd7b35d1-3367-426c-b5c7-68e0846fb4eb/element HTTP/1.1
User-Agent: selenium/4.0.0-alpha-5 (java windows)
Content-Length: 103
Content-Type: application/json; charset=utf-8
host: localhost:10889
accept: */*

Response DefaultHttpResponse(decodeResult: success, version: HTTP/1.1)
HTTP/1.1 200 OK
content-type: application/json; charset=utf-8
cache-control: no-cache
content-length: 88
date: Thu, 25 Jun 2020 12:50:14 GMT

15:50:14.781 [AsyncHttpClient-3-1] DEBUG o.a.netty.channel.ChannelManager - Adding key: http://localhost:10889 for channel [id: 0x7c68b8df, L:/127.0.0.1:64390 - R:localhost/127.0.0.1:10889]
15:50:14.781 [Forwarding getElementText on session 14f61660-7bcc-4279-b6a3-7163a94e0626 to remote] DEBUG o.a.netty.request.NettyRequestSender - Using pooled Channel '[id: 0x7c68b8df, L:/127.0.0.1:64390 - R:localhost/127.0.0.1:10889]' for 'GET' to 'http://localhost:10889/session/14f61660-7bcc-4279-b6a3-7163a94e0626/element/cb2d35da-dbb0-42ce-98fd-5a1476fe3994/text'
15:50:14.781 [Forwarding getElementText on session 14f61660-7bcc-4279-b6a3-7163a94e0626 to remote] DEBUG o.a.netty.request.NettyRequestSender - Using open Channel [id: 0x7c68b8df, L:/127.0.0.1:64390 - R:localhost/127.0.0.1:10889] for GET '/session/14f61660-7bcc-4279-b6a3-7163a94e0626/element/cb2d35da-dbb0-42ce-98fd-5a1476fe3994/text'
15:50:14.791 [AsyncHttpClient-3-1] DEBUG o.a.netty.handler.HttpHandler - 

Request DefaultFullHttpRequest(decodeResult: success, version: HTTP/1.1, content: EmptyByteBufBE)
GET /session/14f61660-7bcc-4279-b6a3-7163a94e0626/element/cb2d35da-dbb0-42ce-98fd-5a1476fe3994/text HTTP/1.1
User-Agent: selenium/4.0.0-alpha-5 (java windows)
Cache-Control: no-cache
host: localhost:10889
accept: */*

Response DefaultHttpResponse(decodeResult: success, version: HTTP/1.1)
HTTP/1.1 200 OK
content-type: application/json; charset=utf-8
cache-control: no-cache
content-length: 60
date: Thu, 25 Jun 2020 12:50:14 GMT

15:50:14.791 [AsyncHttpClient-3-1] DEBUG o.a.netty.channel.ChannelManager - Adding key: http://localhost:10889 for channel [id: 0x7c68b8df, L:/127.0.0.1:64390 - R:localhost/127.0.0.1:10889]
15:50:14.791 [Forwarding findChildElement on session 14f61660-7bcc-4279-b6a3-7163a94e0626 to remote] DEBUG o.a.netty.request.NettyRequestSender - Using pooled Channel '[id: 0x7c68b8df, L:/127.0.0.1:64390 - R:localhost/127.0.0.1:10889]' for 'POST' to 'http://localhost:10889/session/14f61660-7bcc-4279-b6a3-7163a94e0626/element/bd7b35d1-3367-426c-b5c7-68e0846fb4eb/element'
15:50:14.792 [Forwarding findChildElement on session 14f61660-7bcc-4279-b6a3-7163a94e0626 to remote] DEBUG o.a.netty.request.NettyRequestSender - Using open Channel [id: 0x7c68b8df, L:/127.0.0.1:64390 - R:localhost/127.0.0.1:10889] for POST '/session/14f61660-7bcc-4279-b6a3-7163a94e0626/element/bd7b35d1-3367-426c-b5c7-68e0846fb4eb/element'
15:50:14.795 [AsyncHttpClient-3-1] DEBUG o.a.netty.handler.HttpHandler - 

Request DefaultHttpRequest(decodeResult: success, version: HTTP/1.1)
POST /session/14f61660-7bcc-4279-b6a3-7163a94e0626/element/bd7b35d1-3367-426c-b5c7-68e0846fb4eb/element HTTP/1.1
User-Agent: selenium/4.0.0-alpha-5 (java windows)
Content-Length: 97
Content-Type: application/json; charset=utf-8
host: localhost:10889
accept: */*

Response DefaultHttpResponse(decodeResult: success, version: HTTP/1.1)
HTTP/1.1 200 OK
content-type: application/json; charset=utf-8
cache-control: no-cache
content-length: 88
date: Thu, 25 Jun 2020 12:50:14 GMT

15:50:14.795 [AsyncHttpClient-3-1] DEBUG o.a.netty.channel.ChannelManager - Adding key: http://localhost:10889 for channel [id: 0x7c68b8df, L:/127.0.0.1:64390 - R:localhost/127.0.0.1:10889]
15:50:14.798 [Forwarding getElementAttribute on session 14f61660-7bcc-4279-b6a3-7163a94e0626 to remote] DEBUG o.a.netty.request.NettyRequestSender - Using pooled Channel '[id: 0x7c68b8df, L:/127.0.0.1:64390 - R:localhost/127.0.0.1:10889]' for 'POST' to 'http://localhost:10889/session/14f61660-7bcc-4279-b6a3-7163a94e0626/execute/sync'
15:50:14.798 [Forwarding getElementAttribute on session 14f61660-7bcc-4279-b6a3-7163a94e0626 to remote] DEBUG o.a.netty.request.NettyRequestSender - Using open Channel [id: 0x7c68b8df, L:/127.0.0.1:64390 - R:localhost/127.0.0.1:10889] for POST '/session/14f61660-7bcc-4279-b6a3-7163a94e0626/execute/sync'
15:50:14.810 [AsyncHttpClient-3-1] DEBUG o.a.netty.handler.HttpHandler - 

Request DefaultHttpRequest(decodeResult: success, version: HTTP/1.1)
POST /session/14f61660-7bcc-4279-b6a3-7163a94e0626/execute/sync HTTP/1.1
User-Agent: selenium/4.0.0-alpha-5 (java windows)
Content-Length: 39635
Content-Type: application/json; charset=utf-8
host: localhost:10889
accept: */*

Response DefaultHttpResponse(decodeResult: success, version: HTTP/1.1)
HTTP/1.1 200 OK
content-type: application/json; charset=utf-8
cache-control: no-cache
content-length: 15
date: Thu, 25 Jun 2020 12:50:14 GMT

15:50:14.811 [AsyncHttpClient-3-1] DEBUG o.a.netty.channel.ChannelManager - Adding key: http://localhost:10889 for channel [id: 0x7c68b8df, L:/127.0.0.1:64390 - R:localhost/127.0.0.1:10889]
15:50:14.811 [Forwarding findChildElement on session 14f61660-7bcc-4279-b6a3-7163a94e0626 to remote] DEBUG o.a.netty.request.NettyRequestSender - Using pooled Channel '[id: 0x7c68b8df, L:/127.0.0.1:64390 - R:localhost/127.0.0.1:10889]' for 'POST' to 'http://localhost:10889/session/14f61660-7bcc-4279-b6a3-7163a94e0626/element/99d0c268-6337-4ddb-9b4d-c5eb8dbcd090/element'
15:50:14.811 [Forwarding findChildElement on session 14f61660-7bcc-4279-b6a3-7163a94e0626 to remote] DEBUG o.a.netty.request.NettyRequestSender - Using open Channel [id: 0x7c68b8df, L:/127.0.0.1:64390 - R:localhost/127.0.0.1:10889] for POST '/session/14f61660-7bcc-4279-b6a3-7163a94e0626/element/99d0c268-6337-4ddb-9b4d-c5eb8dbcd090/element'
15:50:14.825 [AsyncHttpClient-3-1] DEBUG o.a.netty.handler.HttpHandler - 

Request DefaultHttpRequest(decodeResult: success, version: HTTP/1.1)
POST /session/14f61660-7bcc-4279-b6a3-7163a94e0626/element/99d0c268-6337-4ddb-9b4d-c5eb8dbcd090/element HTTP/1.1
User-Agent: selenium/4.0.0-alpha-5 (java windows)
Content-Length: 103
Content-Type: application/json; charset=utf-8
host: localhost:10889
accept: */*

Response DefaultHttpResponse(decodeResult: success, version: HTTP/1.1)
HTTP/1.1 200 OK
content-type: application/json; charset=utf-8
cache-control: no-cache
content-length: 88
date: Thu, 25 Jun 2020 12:50:14 GMT

15:50:14.825 [AsyncHttpClient-3-1] DEBUG o.a.netty.channel.ChannelManager - Adding key: http://localhost:10889 for channel [id: 0x7c68b8df, L:/127.0.0.1:64390 - R:localhost/127.0.0.1:10889]
15:50:14.826 [Forwarding getElementText on session 14f61660-7bcc-4279-b6a3-7163a94e0626 to remote] DEBUG o.a.netty.request.NettyRequestSender - Using pooled Channel '[id: 0x7c68b8df, L:/127.0.0.1:64390 - R:localhost/127.0.0.1:10889]' for 'GET' to 'http://localhost:10889/session/14f61660-7bcc-4279-b6a3-7163a94e0626/element/e2a48614-b0b2-4d21-8692-70ad0dc65b11/text'
15:50:14.826 [Forwarding getElementText on session 14f61660-7bcc-4279-b6a3-7163a94e0626 to remote] DEBUG o.a.netty.request.NettyRequestSender - Using open Channel [id: 0x7c68b8df, L:/127.0.0.1:64390 - R:localhost/127.0.0.1:10889] for GET '/session/14f61660-7bcc-4279-b6a3-7163a94e0626/element/e2a48614-b0b2-4d21-8692-70ad0dc65b11/text'
15:50:14.831 [AsyncHttpClient-3-1] DEBUG o.a.netty.handler.HttpHandler - 

Request DefaultFullHttpRequest(decodeResult: success, version: HTTP/1.1, content: EmptyByteBufBE)
GET /session/14f61660-7bcc-4279-b6a3-7163a94e0626/element/e2a48614-b0b2-4d21-8692-70ad0dc65b11/text HTTP/1.1
User-Agent: selenium/4.0.0-alpha-5 (java windows)
Cache-Control: no-cache
host: localhost:10889
accept: */*

Response DefaultHttpResponse(decodeResult: success, version: HTTP/1.1)
HTTP/1.1 200 OK
content-type: application/json; charset=utf-8
cache-control: no-cache
content-length: 19
date: Thu, 25 Jun 2020 12:50:14 GMT

15:50:14.831 [AsyncHttpClient-3-1] DEBUG o.a.netty.channel.ChannelManager - Adding key: http://localhost:10889 for channel [id: 0x7c68b8df, L:/127.0.0.1:64390 - R:localhost/127.0.0.1:10889]
15:50:14.832 [Forwarding findChildElement on session 14f61660-7bcc-4279-b6a3-7163a94e0626 to remote] DEBUG o.a.netty.request.NettyRequestSender - Using pooled Channel '[id: 0x7c68b8df, L:/127.0.0.1:64390 - R:localhost/127.0.0.1:10889]' for 'POST' to 'http://localhost:10889/session/14f61660-7bcc-4279-b6a3-7163a94e0626/element/99d0c268-6337-4ddb-9b4d-c5eb8dbcd090/element'
15:50:14.832 [Forwarding findChildElement on session 14f61660-7bcc-4279-b6a3-7163a94e0626 to remote] DEBUG o.a.netty.request.NettyRequestSender - Using open Channel [id: 0x7c68b8df, L:/127.0.0.1:64390 - R:localhost/127.0.0.1:10889] for POST '/session/14f61660-7bcc-4279-b6a3-7163a94e0626/element/99d0c268-6337-4ddb-9b4d-c5eb8dbcd090/element'
15:50:14.835 [AsyncHttpClient-3-1] DEBUG o.a.netty.handler.HttpHandler - 

Request DefaultHttpRequest(decodeResult: success, version: HTTP/1.1)
POST /session/14f61660-7bcc-4279-b6a3-7163a94e0626/element/99d0c268-6337-4ddb-9b4d-c5eb8dbcd090/element HTTP/1.1
User-Agent: selenium/4.0.0-alpha-5 (java windows)
Content-Length: 103
Content-Type: application/json; charset=utf-8
host: localhost:10889
accept: */*

Response DefaultHttpResponse(decodeResult: success, version: HTTP/1.1)
HTTP/1.1 200 OK
content-type: application/json; charset=utf-8
cache-control: no-cache
content-length: 88
date: Thu, 25 Jun 2020 12:50:14 GMT

15:50:14.835 [AsyncHttpClient-3-1] DEBUG o.a.netty.channel.ChannelManager - Adding key: http://localhost:10889 for channel [id: 0x7c68b8df, L:/127.0.0.1:64390 - R:localhost/127.0.0.1:10889]
15:50:14.836 [Forwarding getElementText on session 14f61660-7bcc-4279-b6a3-7163a94e0626 to remote] DEBUG o.a.netty.request.NettyRequestSender - Using pooled Channel '[id: 0x7c68b8df, L:/127.0.0.1:64390 - R:localhost/127.0.0.1:10889]' for 'GET' to 'http://localhost:10889/session/14f61660-7bcc-4279-b6a3-7163a94e0626/element/4f93fb3b-2fbf-48a8-9898-51ab11c73488/text'
15:50:14.836 [Forwarding getElementText on session 14f61660-7bcc-4279-b6a3-7163a94e0626 to remote] DEBUG o.a.netty.request.NettyRequestSender - Using open Channel [id: 0x7c68b8df, L:/127.0.0.1:64390 - R:localhost/127.0.0.1:10889] for GET '/session/14f61660-7bcc-4279-b6a3-7163a94e0626/element/4f93fb3b-2fbf-48a8-9898-51ab11c73488/text'
15:50:14.841 [AsyncHttpClient-3-1] DEBUG o.a.netty.handler.HttpHandler - 

Request DefaultFullHttpRequest(decodeResult: success, version: HTTP/1.1, content: EmptyByteBufBE)
GET /session/14f61660-7bcc-4279-b6a3-7163a94e0626/element/4f93fb3b-2fbf-48a8-9898-51ab11c73488/text HTTP/1.1
User-Agent: selenium/4.0.0-alpha-5 (java windows)
Cache-Control: no-cache
host: localhost:10889
accept: */*

Response DefaultHttpResponse(decodeResult: success, version: HTTP/1.1)
HTTP/1.1 200 OK
content-type: application/json; charset=utf-8
cache-control: no-cache
content-length: 19
date: Thu, 25 Jun 2020 12:50:14 GMT

15:50:14.841 [AsyncHttpClient-3-1] DEBUG o.a.netty.channel.ChannelManager - Adding key: http://localhost:10889 for channel [id: 0x7c68b8df, L:/127.0.0.1:64390 - R:localhost/127.0.0.1:10889]
15:50:14.841 [Forwarding findChildElement on session 14f61660-7bcc-4279-b6a3-7163a94e0626 to remote] DEBUG o.a.netty.request.NettyRequestSender - Using pooled Channel '[id: 0x7c68b8df, L:/127.0.0.1:64390 - R:localhost/127.0.0.1:10889]' for 'POST' to 'http://localhost:10889/session/14f61660-7bcc-4279-b6a3-7163a94e0626/element/99d0c268-6337-4ddb-9b4d-c5eb8dbcd090/element'
15:50:14.842 [Forwarding findChildElement on session 14f61660-7bcc-4279-b6a3-7163a94e0626 to remote] DEBUG o.a.netty.request.NettyRequestSender - Using open Channel [id: 0x7c68b8df, L:/127.0.0.1:64390 - R:localhost/127.0.0.1:10889] for POST '/session/14f61660-7bcc-4279-b6a3-7163a94e0626/element/99d0c268-6337-4ddb-9b4d-c5eb8dbcd090/element'
15:50:14.845 [AsyncHttpClient-3-1] DEBUG o.a.netty.handler.HttpHandler - 

Request DefaultHttpRequest(decodeResult: success, version: HTTP/1.1)
POST /session/14f61660-7bcc-4279-b6a3-7163a94e0626/element/99d0c268-6337-4ddb-9b4d-c5eb8dbcd090/element HTTP/1.1
User-Agent: selenium/4.0.0-alpha-5 (java windows)
Content-Length: 103
Content-Type: application/json; charset=utf-8
host: localhost:10889
accept: */*

Response DefaultHttpResponse(decodeResult: success, version: HTTP/1.1)
HTTP/1.1 200 OK
content-type: application/json; charset=utf-8
cache-control: no-cache
content-length: 88
date: Thu, 25 Jun 2020 12:50:14 GMT

15:50:14.846 [AsyncHttpClient-3-1] DEBUG o.a.netty.channel.ChannelManager - Adding key: http://localhost:10889 for channel [id: 0x7c68b8df, L:/127.0.0.1:64390 - R:localhost/127.0.0.1:10889]
15:50:14.846 [Forwarding getElementText on session 14f61660-7bcc-4279-b6a3-7163a94e0626 to remote] DEBUG o.a.netty.request.NettyRequestSender - Using pooled Channel '[id: 0x7c68b8df, L:/127.0.0.1:64390 - R:localhost/127.0.0.1:10889]' for 'GET' to 'http://localhost:10889/session/14f61660-7bcc-4279-b6a3-7163a94e0626/element/216475d6-32f7-4c87-8fb3-29f5f2eacff1/text'
15:50:14.846 [Forwarding getElementText on session 14f61660-7bcc-4279-b6a3-7163a94e0626 to remote] DEBUG o.a.netty.request.NettyRequestSender - Using open Channel [id: 0x7c68b8df, L:/127.0.0.1:64390 - R:localhost/127.0.0.1:10889] for GET '/session/14f61660-7bcc-4279-b6a3-7163a94e0626/element/216475d6-32f7-4c87-8fb3-29f5f2eacff1/text'
15:50:14.851 [AsyncHttpClient-3-1] DEBUG o.a.netty.handler.HttpHandler - 

Request DefaultFullHttpRequest(decodeResult: success, version: HTTP/1.1, content: EmptyByteBufBE)
GET /session/14f61660-7bcc-4279-b6a3-7163a94e0626/element/216475d6-32f7-4c87-8fb3-29f5f2eacff1/text HTTP/1.1
User-Agent: selenium/4.0.0-alpha-5 (java windows)
Cache-Control: no-cache
host: localhost:10889
accept: */*

Response DefaultHttpResponse(decodeResult: success, version: HTTP/1.1)
HTTP/1.1 200 OK
content-type: application/json; charset=utf-8
cache-control: no-cache
content-length: 23
date: Thu, 25 Jun 2020 12:50:14 GMT

15:50:14.851 [AsyncHttpClient-3-1] DEBUG o.a.netty.channel.ChannelManager - Adding key: http://localhost:10889 for channel [id: 0x7c68b8df, L:/127.0.0.1:64390 - R:localhost/127.0.0.1:10889]
15:50:14.852 [Forwarding findChildElement on session 14f61660-7bcc-4279-b6a3-7163a94e0626 to remote] DEBUG o.a.netty.request.NettyRequestSender - Using pooled Channel '[id: 0x7c68b8df, L:/127.0.0.1:64390 - R:localhost/127.0.0.1:10889]' for 'POST' to 'http://localhost:10889/session/14f61660-7bcc-4279-b6a3-7163a94e0626/element/99d0c268-6337-4ddb-9b4d-c5eb8dbcd090/element'
15:50:14.852 [Forwarding findChildElement on session 14f61660-7bcc-4279-b6a3-7163a94e0626 to remote] DEBUG o.a.netty.request.NettyRequestSender - Using open Channel [id: 0x7c68b8df, L:/127.0.0.1:64390 - R:localhost/127.0.0.1:10889] for POST '/session/14f61660-7bcc-4279-b6a3-7163a94e0626/element/99d0c268-6337-4ddb-9b4d-c5eb8dbcd090/element'
15:50:14.856 [AsyncHttpClient-3-1] DEBUG o.a.netty.handler.HttpHandler - 

Request DefaultHttpRequest(decodeResult: success, version: HTTP/1.1)
POST /session/14f61660-7bcc-4279-b6a3-7163a94e0626/element/99d0c268-6337-4ddb-9b4d-c5eb8dbcd090/element HTTP/1.1
User-Agent: selenium/4.0.0-alpha-5 (java windows)
Content-Length: 103
Content-Type: application/json; charset=utf-8
host: localhost:10889
accept: */*

Response DefaultHttpResponse(decodeResult: success, version: HTTP/1.1)
HTTP/1.1 200 OK
content-type: application/json; charset=utf-8
cache-control: no-cache
content-length: 88
date: Thu, 25 Jun 2020 12:50:14 GMT

15:50:14.856 [AsyncHttpClient-3-1] DEBUG o.a.netty.channel.ChannelManager - Adding key: http://localhost:10889 for channel [id: 0x7c68b8df, L:/127.0.0.1:64390 - R:localhost/127.0.0.1:10889]
15:50:14.856 [Forwarding getElementText on session 14f61660-7bcc-4279-b6a3-7163a94e0626 to remote] DEBUG o.a.netty.request.NettyRequestSender - Using pooled Channel '[id: 0x7c68b8df, L:/127.0.0.1:64390 - R:localhost/127.0.0.1:10889]' for 'GET' to 'http://localhost:10889/session/14f61660-7bcc-4279-b6a3-7163a94e0626/element/f4a3a278-65cf-473d-a2f6-cbee7ed4361d/text'
15:50:14.856 [Forwarding getElementText on session 14f61660-7bcc-4279-b6a3-7163a94e0626 to remote] DEBUG o.a.netty.request.NettyRequestSender - Using open Channel [id: 0x7c68b8df, L:/127.0.0.1:64390 - R:localhost/127.0.0.1:10889] for GET '/session/14f61660-7bcc-4279-b6a3-7163a94e0626/element/f4a3a278-65cf-473d-a2f6-cbee7ed4361d/text'
15:50:14.861 [AsyncHttpClient-3-1] DEBUG o.a.netty.handler.HttpHandler - 

Request DefaultFullHttpRequest(decodeResult: success, version: HTTP/1.1, content: EmptyByteBufBE)
GET /session/14f61660-7bcc-4279-b6a3-7163a94e0626/element/f4a3a278-65cf-473d-a2f6-cbee7ed4361d/text HTTP/1.1
User-Agent: selenium/4.0.0-alpha-5 (java windows)
Cache-Control: no-cache
host: localhost:10889
accept: */*

Response DefaultHttpResponse(decodeResult: success, version: HTTP/1.1)
HTTP/1.1 200 OK
content-type: application/json; charset=utf-8
cache-control: no-cache
content-length: 43
date: Thu, 25 Jun 2020 12:50:14 GMT

15:50:14.861 [AsyncHttpClient-3-1] DEBUG o.a.netty.channel.ChannelManager - Adding key: http://localhost:10889 for channel [id: 0x7c68b8df, L:/127.0.0.1:64390 - R:localhost/127.0.0.1:10889]
15:50:14.861 [Forwarding findChildElement on session 14f61660-7bcc-4279-b6a3-7163a94e0626 to remote] DEBUG o.a.netty.request.NettyRequestSender - Using pooled Channel '[id: 0x7c68b8df, L:/127.0.0.1:64390 - R:localhost/127.0.0.1:10889]' for 'POST' to 'http://localhost:10889/session/14f61660-7bcc-4279-b6a3-7163a94e0626/element/99d0c268-6337-4ddb-9b4d-c5eb8dbcd090/element'
15:50:14.861 [Forwarding findChildElement on session 14f61660-7bcc-4279-b6a3-7163a94e0626 to remote] DEBUG o.a.netty.request.NettyRequestSender - Using open Channel [id: 0x7c68b8df, L:/127.0.0.1:64390 - R:localhost/127.0.0.1:10889] for POST '/session/14f61660-7bcc-4279-b6a3-7163a94e0626/element/99d0c268-6337-4ddb-9b4d-c5eb8dbcd090/element'
15:50:14.865 [AsyncHttpClient-3-1] DEBUG o.a.netty.handler.HttpHandler - 

Request DefaultHttpRequest(decodeResult: success, version: HTTP/1.1)
POST /session/14f61660-7bcc-4279-b6a3-7163a94e0626/element/99d0c268-6337-4ddb-9b4d-c5eb8dbcd090/element HTTP/1.1
User-Agent: selenium/4.0.0-alpha-5 (java windows)
Content-Length: 103
Content-Type: application/json; charset=utf-8
host: localhost:10889
accept: */*

Response DefaultHttpResponse(decodeResult: success, version: HTTP/1.1)
HTTP/1.1 200 OK
content-type: application/json; charset=utf-8
cache-control: no-cache
content-length: 88
date: Thu, 25 Jun 2020 12:50:14 GMT

15:50:14.866 [AsyncHttpClient-3-1] DEBUG o.a.netty.channel.ChannelManager - Adding key: http://localhost:10889 for channel [id: 0x7c68b8df, L:/127.0.0.1:64390 - R:localhost/127.0.0.1:10889]
15:50:14.866 [Forwarding getElementText on session 14f61660-7bcc-4279-b6a3-7163a94e0626 to remote] DEBUG o.a.netty.request.NettyRequestSender - Using pooled Channel '[id: 0x7c68b8df, L:/127.0.0.1:64390 - R:localhost/127.0.0.1:10889]' for 'GET' to 'http://localhost:10889/session/14f61660-7bcc-4279-b6a3-7163a94e0626/element/447212d5-f196-410d-97dc-2fc3f4336d5a/text'
15:50:14.866 [Forwarding getElementText on session 14f61660-7bcc-4279-b6a3-7163a94e0626 to remote] DEBUG o.a.netty.request.NettyRequestSender - Using open Channel [id: 0x7c68b8df, L:/127.0.0.1:64390 - R:localhost/127.0.0.1:10889] for GET '/session/14f61660-7bcc-4279-b6a3-7163a94e0626/element/447212d5-f196-410d-97dc-2fc3f4336d5a/text'
15:50:14.875 [AsyncHttpClient-3-1] DEBUG o.a.netty.handler.HttpHandler - 

Request DefaultFullHttpRequest(decodeResult: success, version: HTTP/1.1, content: EmptyByteBufBE)
GET /session/14f61660-7bcc-4279-b6a3-7163a94e0626/element/447212d5-f196-410d-97dc-2fc3f4336d5a/text HTTP/1.1
User-Agent: selenium/4.0.0-alpha-5 (java windows)
Cache-Control: no-cache
host: localhost:10889
accept: */*

Response DefaultHttpResponse(decodeResult: success, version: HTTP/1.1)
HTTP/1.1 200 OK
content-type: application/json; charset=utf-8
cache-control: no-cache
content-length: 60
date: Thu, 25 Jun 2020 12:50:14 GMT

15:50:14.875 [AsyncHttpClient-3-1] DEBUG o.a.netty.channel.ChannelManager - Adding key: http://localhost:10889 for channel [id: 0x7c68b8df, L:/127.0.0.1:64390 - R:localhost/127.0.0.1:10889]
15:50:14.876 [Forwarding findChildElement on session 14f61660-7bcc-4279-b6a3-7163a94e0626 to remote] DEBUG o.a.netty.request.NettyRequestSender - Using pooled Channel '[id: 0x7c68b8df, L:/127.0.0.1:64390 - R:localhost/127.0.0.1:10889]' for 'POST' to 'http://localhost:10889/session/14f61660-7bcc-4279-b6a3-7163a94e0626/element/99d0c268-6337-4ddb-9b4d-c5eb8dbcd090/element'
15:50:14.876 [Forwarding findChildElement on session 14f61660-7bcc-4279-b6a3-7163a94e0626 to remote] DEBUG o.a.netty.request.NettyRequestSender - Using open Channel [id: 0x7c68b8df, L:/127.0.0.1:64390 - R:localhost/127.0.0.1:10889] for POST '/session/14f61660-7bcc-4279-b6a3-7163a94e0626/element/99d0c268-6337-4ddb-9b4d-c5eb8dbcd090/element'
15:50:14.879 [AsyncHttpClient-3-1] DEBUG o.a.netty.handler.HttpHandler - 

Request DefaultHttpRequest(decodeResult: success, version: HTTP/1.1)
POST /session/14f61660-7bcc-4279-b6a3-7163a94e0626/element/99d0c268-6337-4ddb-9b4d-c5eb8dbcd090/element HTTP/1.1
User-Agent: selenium/4.0.0-alpha-5 (java windows)
Content-Length: 97
Content-Type: application/json; charset=utf-8
host: localhost:10889
accept: */*

Response DefaultHttpResponse(decodeResult: success, version: HTTP/1.1)
HTTP/1.1 200 OK
content-type: application/json; charset=utf-8
cache-control: no-cache
content-length: 88
date: Thu, 25 Jun 2020 12:50:14 GMT

15:50:14.880 [AsyncHttpClient-3-1] DEBUG o.a.netty.channel.ChannelManager - Adding key: http://localhost:10889 for channel [id: 0x7c68b8df, L:/127.0.0.1:64390 - R:localhost/127.0.0.1:10889]
15:50:14.882 [Forwarding getElementAttribute on session 14f61660-7bcc-4279-b6a3-7163a94e0626 to remote] DEBUG o.a.netty.request.NettyRequestSender - Using pooled Channel '[id: 0x7c68b8df, L:/127.0.0.1:64390 - R:localhost/127.0.0.1:10889]' for 'POST' to 'http://localhost:10889/session/14f61660-7bcc-4279-b6a3-7163a94e0626/execute/sync'
15:50:14.882 [Forwarding getElementAttribute on session 14f61660-7bcc-4279-b6a3-7163a94e0626 to remote] DEBUG o.a.netty.request.NettyRequestSender - Using open Channel [id: 0x7c68b8df, L:/127.0.0.1:64390 - R:localhost/127.0.0.1:10889] for POST '/session/14f61660-7bcc-4279-b6a3-7163a94e0626/execute/sync'
15:50:14.895 [AsyncHttpClient-3-1] DEBUG o.a.netty.handler.HttpHandler - 

Request DefaultHttpRequest(decodeResult: success, version: HTTP/1.1)
POST /session/14f61660-7bcc-4279-b6a3-7163a94e0626/execute/sync HTTP/1.1
User-Agent: selenium/4.0.0-alpha-5 (java windows)
Content-Length: 39635
Content-Type: application/json; charset=utf-8
host: localhost:10889
accept: */*

Response DefaultHttpResponse(decodeResult: success, version: HTTP/1.1)
HTTP/1.1 200 OK
content-type: application/json; charset=utf-8
cache-control: no-cache
content-length: 15
date: Thu, 25 Jun 2020 12:50:14 GMT

15:50:14.895 [AsyncHttpClient-3-1] DEBUG o.a.netty.channel.ChannelManager - Adding key: http://localhost:10889 for channel [id: 0x7c68b8df, L:/127.0.0.1:64390 - R:localhost/127.0.0.1:10889]
15:50:14.895 [Forwarding findChildElement on session 14f61660-7bcc-4279-b6a3-7163a94e0626 to remote] DEBUG o.a.netty.request.NettyRequestSender - Using pooled Channel '[id: 0x7c68b8df, L:/127.0.0.1:64390 - R:localhost/127.0.0.1:10889]' for 'POST' to 'http://localhost:10889/session/14f61660-7bcc-4279-b6a3-7163a94e0626/element/648f8c2e-416e-46fd-aba4-6927e469057b/element'
15:50:14.895 [Forwarding findChildElement on session 14f61660-7bcc-4279-b6a3-7163a94e0626 to remote] DEBUG o.a.netty.request.NettyRequestSender - Using open Channel [id: 0x7c68b8df, L:/127.0.0.1:64390 - R:localhost/127.0.0.1:10889] for POST '/session/14f61660-7bcc-4279-b6a3-7163a94e0626/element/648f8c2e-416e-46fd-aba4-6927e469057b/element'
15:50:14.899 [AsyncHttpClient-3-1] DEBUG o.a.netty.handler.HttpHandler - 

Request DefaultHttpRequest(decodeResult: success, version: HTTP/1.1)
POST /session/14f61660-7bcc-4279-b6a3-7163a94e0626/element/648f8c2e-416e-46fd-aba4-6927e469057b/element HTTP/1.1
User-Agent: selenium/4.0.0-alpha-5 (java windows)
Content-Length: 103
Content-Type: application/json; charset=utf-8
host: localhost:10889
accept: */*

Response DefaultHttpResponse(decodeResult: success, version: HTTP/1.1)
HTTP/1.1 200 OK
content-type: application/json; charset=utf-8
cache-control: no-cache
content-length: 88
date: Thu, 25 Jun 2020 12:50:14 GMT

15:50:14.899 [AsyncHttpClient-3-1] DEBUG o.a.netty.channel.ChannelManager - Adding key: http://localhost:10889 for channel [id: 0x7c68b8df, L:/127.0.0.1:64390 - R:localhost/127.0.0.1:10889]
15:50:14.899 [Forwarding getElementText on session 14f61660-7bcc-4279-b6a3-7163a94e0626 to remote] DEBUG o.a.netty.request.NettyRequestSender - Using pooled Channel '[id: 0x7c68b8df, L:/127.0.0.1:64390 - R:localhost/127.0.0.1:10889]' for 'GET' to 'http://localhost:10889/session/14f61660-7bcc-4279-b6a3-7163a94e0626/element/7f60dfdd-56a5-4f37-bd94-fa1446892429/text'
15:50:14.899 [Forwarding getElementText on session 14f61660-7bcc-4279-b6a3-7163a94e0626 to remote] DEBUG o.a.netty.request.NettyRequestSender - Using open Channel [id: 0x7c68b8df, L:/127.0.0.1:64390 - R:localhost/127.0.0.1:10889] for GET '/session/14f61660-7bcc-4279-b6a3-7163a94e0626/element/7f60dfdd-56a5-4f37-bd94-fa1446892429/text'
15:50:14.905 [AsyncHttpClient-3-1] DEBUG o.a.netty.handler.HttpHandler - 

Request DefaultFullHttpRequest(decodeResult: success, version: HTTP/1.1, content: EmptyByteBufBE)
GET /session/14f61660-7bcc-4279-b6a3-7163a94e0626/element/7f60dfdd-56a5-4f37-bd94-fa1446892429/text HTTP/1.1
User-Agent: selenium/4.0.0-alpha-5 (java windows)
Cache-Control: no-cache
host: localhost:10889
accept: */*

Response DefaultHttpResponse(decodeResult: success, version: HTTP/1.1)
HTTP/1.1 200 OK
content-type: application/json; charset=utf-8
cache-control: no-cache
content-length: 19
date: Thu, 25 Jun 2020 12:50:14 GMT

15:50:14.905 [AsyncHttpClient-3-1] DEBUG o.a.netty.channel.ChannelManager - Adding key: http://localhost:10889 for channel [id: 0x7c68b8df, L:/127.0.0.1:64390 - R:localhost/127.0.0.1:10889]
15:50:14.906 [Forwarding findChildElement on session 14f61660-7bcc-4279-b6a3-7163a94e0626 to remote] DEBUG o.a.netty.request.NettyRequestSender - Using pooled Channel '[id: 0x7c68b8df, L:/127.0.0.1:64390 - R:localhost/127.0.0.1:10889]' for 'POST' to 'http://localhost:10889/session/14f61660-7bcc-4279-b6a3-7163a94e0626/element/648f8c2e-416e-46fd-aba4-6927e469057b/element'
15:50:14.906 [Forwarding findChildElement on session 14f61660-7bcc-4279-b6a3-7163a94e0626 to remote] DEBUG o.a.netty.request.NettyRequestSender - Using open Channel [id: 0x7c68b8df, L:/127.0.0.1:64390 - R:localhost/127.0.0.1:10889] for POST '/session/14f61660-7bcc-4279-b6a3-7163a94e0626/element/648f8c2e-416e-46fd-aba4-6927e469057b/element'
15:50:14.910 [AsyncHttpClient-3-1] DEBUG o.a.netty.handler.HttpHandler - 

Request DefaultHttpRequest(decodeResult: success, version: HTTP/1.1)
POST /session/14f61660-7bcc-4279-b6a3-7163a94e0626/element/648f8c2e-416e-46fd-aba4-6927e469057b/element HTTP/1.1
User-Agent: selenium/4.0.0-alpha-5 (java windows)
Content-Length: 103
Content-Type: application/json; charset=utf-8
host: localhost:10889
accept: */*

Response DefaultHttpResponse(decodeResult: success, version: HTTP/1.1)
HTTP/1.1 200 OK
content-type: application/json; charset=utf-8
cache-control: no-cache
content-length: 88
date: Thu, 25 Jun 2020 12:50:14 GMT

15:50:14.910 [AsyncHttpClient-3-1] DEBUG o.a.netty.channel.ChannelManager - Adding key: http://localhost:10889 for channel [id: 0x7c68b8df, L:/127.0.0.1:64390 - R:localhost/127.0.0.1:10889]
15:50:14.910 [Forwarding getElementText on session 14f61660-7bcc-4279-b6a3-7163a94e0626 to remote] DEBUG o.a.netty.request.NettyRequestSender - Using pooled Channel '[id: 0x7c68b8df, L:/127.0.0.1:64390 - R:localhost/127.0.0.1:10889]' for 'GET' to 'http://localhost:10889/session/14f61660-7bcc-4279-b6a3-7163a94e0626/element/9f2b8392-b0de-4297-a08c-d960ca331a00/text'
15:50:14.910 [Forwarding getElementText on session 14f61660-7bcc-4279-b6a3-7163a94e0626 to remote] DEBUG o.a.netty.request.NettyRequestSender - Using open Channel [id: 0x7c68b8df, L:/127.0.0.1:64390 - R:localhost/127.0.0.1:10889] for GET '/session/14f61660-7bcc-4279-b6a3-7163a94e0626/element/9f2b8392-b0de-4297-a08c-d960ca331a00/text'
15:50:14.915 [AsyncHttpClient-3-1] DEBUG o.a.netty.handler.HttpHandler - 

Request DefaultFullHttpRequest(decodeResult: success, version: HTTP/1.1, content: EmptyByteBufBE)
GET /session/14f61660-7bcc-4279-b6a3-7163a94e0626/element/9f2b8392-b0de-4297-a08c-d960ca331a00/text HTTP/1.1
User-Agent: selenium/4.0.0-alpha-5 (java windows)
Cache-Control: no-cache
host: localhost:10889
accept: */*

Response DefaultHttpResponse(decodeResult: success, version: HTTP/1.1)
HTTP/1.1 200 OK
content-type: application/json; charset=utf-8
cache-control: no-cache
content-length: 19
date: Thu, 25 Jun 2020 12:50:14 GMT

15:50:14.916 [AsyncHttpClient-3-1] DEBUG o.a.netty.channel.ChannelManager - Adding key: http://localhost:10889 for channel [id: 0x7c68b8df, L:/127.0.0.1:64390 - R:localhost/127.0.0.1:10889]
15:50:14.916 [Forwarding findChildElement on session 14f61660-7bcc-4279-b6a3-7163a94e0626 to remote] DEBUG o.a.netty.request.NettyRequestSender - Using pooled Channel '[id: 0x7c68b8df, L:/127.0.0.1:64390 - R:localhost/127.0.0.1:10889]' for 'POST' to 'http://localhost:10889/session/14f61660-7bcc-4279-b6a3-7163a94e0626/element/648f8c2e-416e-46fd-aba4-6927e469057b/element'
15:50:14.916 [Forwarding findChildElement on session 14f61660-7bcc-4279-b6a3-7163a94e0626 to remote] DEBUG o.a.netty.request.NettyRequestSender - Using open Channel [id: 0x7c68b8df, L:/127.0.0.1:64390 - R:localhost/127.0.0.1:10889] for POST '/session/14f61660-7bcc-4279-b6a3-7163a94e0626/element/648f8c2e-416e-46fd-aba4-6927e469057b/element'
15:50:14.920 [AsyncHttpClient-3-1] DEBUG o.a.netty.handler.HttpHandler - 

Request DefaultHttpRequest(decodeResult: success, version: HTTP/1.1)
POST /session/14f61660-7bcc-4279-b6a3-7163a94e0626/element/648f8c2e-416e-46fd-aba4-6927e469057b/element HTTP/1.1
User-Agent: selenium/4.0.0-alpha-5 (java windows)
Content-Length: 103
Content-Type: application/json; charset=utf-8
host: localhost:10889
accept: */*

Response DefaultHttpResponse(decodeResult: success, version: HTTP/1.1)
HTTP/1.1 200 OK
content-type: application/json; charset=utf-8
cache-control: no-cache
content-length: 88
date: Thu, 25 Jun 2020 12:50:14 GMT

15:50:14.920 [AsyncHttpClient-3-1] DEBUG o.a.netty.channel.ChannelManager - Adding key: http://localhost:10889 for channel [id: 0x7c68b8df, L:/127.0.0.1:64390 - R:localhost/127.0.0.1:10889]
15:50:14.920 [Forwarding getElementText on session 14f61660-7bcc-4279-b6a3-7163a94e0626 to remote] DEBUG o.a.netty.request.NettyRequestSender - Using pooled Channel '[id: 0x7c68b8df, L:/127.0.0.1:64390 - R:localhost/127.0.0.1:10889]' for 'GET' to 'http://localhost:10889/session/14f61660-7bcc-4279-b6a3-7163a94e0626/element/17c6c99a-cb04-453a-998d-56e5158685fb/text'
15:50:14.920 [Forwarding getElementText on session 14f61660-7bcc-4279-b6a3-7163a94e0626 to remote] DEBUG o.a.netty.request.NettyRequestSender - Using open Channel [id: 0x7c68b8df, L:/127.0.0.1:64390 - R:localhost/127.0.0.1:10889] for GET '/session/14f61660-7bcc-4279-b6a3-7163a94e0626/element/17c6c99a-cb04-453a-998d-56e5158685fb/text'
15:50:14.925 [AsyncHttpClient-3-1] DEBUG o.a.netty.handler.HttpHandler - 

Request DefaultFullHttpRequest(decodeResult: success, version: HTTP/1.1, content: EmptyByteBufBE)
GET /session/14f61660-7bcc-4279-b6a3-7163a94e0626/element/17c6c99a-cb04-453a-998d-56e5158685fb/text HTTP/1.1
User-Agent: selenium/4.0.0-alpha-5 (java windows)
Cache-Control: no-cache
host: localhost:10889
accept: */*

Response DefaultHttpResponse(decodeResult: success, version: HTTP/1.1)
HTTP/1.1 200 OK
content-type: application/json; charset=utf-8
cache-control: no-cache
content-length: 23
date: Thu, 25 Jun 2020 12:50:14 GMT

15:50:14.925 [AsyncHttpClient-3-1] DEBUG o.a.netty.channel.ChannelManager - Adding key: http://localhost:10889 for channel [id: 0x7c68b8df, L:/127.0.0.1:64390 - R:localhost/127.0.0.1:10889]
15:50:14.926 [Forwarding findChildElement on session 14f61660-7bcc-4279-b6a3-7163a94e0626 to remote] DEBUG o.a.netty.request.NettyRequestSender - Using pooled Channel '[id: 0x7c68b8df, L:/127.0.0.1:64390 - R:localhost/127.0.0.1:10889]' for 'POST' to 'http://localhost:10889/session/14f61660-7bcc-4279-b6a3-7163a94e0626/element/648f8c2e-416e-46fd-aba4-6927e469057b/element'
15:50:14.926 [Forwarding findChildElement on session 14f61660-7bcc-4279-b6a3-7163a94e0626 to remote] DEBUG o.a.netty.request.NettyRequestSender - Using open Channel [id: 0x7c68b8df, L:/127.0.0.1:64390 - R:localhost/127.0.0.1:10889] for POST '/session/14f61660-7bcc-4279-b6a3-7163a94e0626/element/648f8c2e-416e-46fd-aba4-6927e469057b/element'
15:50:14.930 [AsyncHttpClient-3-1] DEBUG o.a.netty.handler.HttpHandler - 

Request DefaultHttpRequest(decodeResult: success, version: HTTP/1.1)
POST /session/14f61660-7bcc-4279-b6a3-7163a94e0626/element/648f8c2e-416e-46fd-aba4-6927e469057b/element HTTP/1.1
User-Agent: selenium/4.0.0-alpha-5 (java windows)
Content-Length: 103
Content-Type: application/json; charset=utf-8
host: localhost:10889
accept: */*

Response DefaultHttpResponse(decodeResult: success, version: HTTP/1.1)
HTTP/1.1 200 OK
content-type: application/json; charset=utf-8
cache-control: no-cache
content-length: 88
date: Thu, 25 Jun 2020 12:50:14 GMT

15:50:14.930 [AsyncHttpClient-3-1] DEBUG o.a.netty.channel.ChannelManager - Adding key: http://localhost:10889 for channel [id: 0x7c68b8df, L:/127.0.0.1:64390 - R:localhost/127.0.0.1:10889]
15:50:14.930 [Forwarding getElementText on session 14f61660-7bcc-4279-b6a3-7163a94e0626 to remote] DEBUG o.a.netty.request.NettyRequestSender - Using pooled Channel '[id: 0x7c68b8df, L:/127.0.0.1:64390 - R:localhost/127.0.0.1:10889]' for 'GET' to 'http://localhost:10889/session/14f61660-7bcc-4279-b6a3-7163a94e0626/element/387e5dfb-83d9-4fff-8670-5eddc02d9432/text'
15:50:14.930 [Forwarding getElementText on session 14f61660-7bcc-4279-b6a3-7163a94e0626 to remote] DEBUG o.a.netty.request.NettyRequestSender - Using open Channel [id: 0x7c68b8df, L:/127.0.0.1:64390 - R:localhost/127.0.0.1:10889] for GET '/session/14f61660-7bcc-4279-b6a3-7163a94e0626/element/387e5dfb-83d9-4fff-8670-5eddc02d9432/text'
15:50:14.935 [AsyncHttpClient-3-1] DEBUG o.a.netty.handler.HttpHandler - 

Request DefaultFullHttpRequest(decodeResult: success, version: HTTP/1.1, content: EmptyByteBufBE)
GET /session/14f61660-7bcc-4279-b6a3-7163a94e0626/element/387e5dfb-83d9-4fff-8670-5eddc02d9432/text HTTP/1.1
User-Agent: selenium/4.0.0-alpha-5 (java windows)
Cache-Control: no-cache
host: localhost:10889
accept: */*

Response DefaultHttpResponse(decodeResult: success, version: HTTP/1.1)
HTTP/1.1 200 OK
content-type: application/json; charset=utf-8
cache-control: no-cache
content-length: 19
date: Thu, 25 Jun 2020 12:50:14 GMT

15:50:14.935 [AsyncHttpClient-3-1] DEBUG o.a.netty.channel.ChannelManager - Adding key: http://localhost:10889 for channel [id: 0x7c68b8df, L:/127.0.0.1:64390 - R:localhost/127.0.0.1:10889]
15:50:14.936 [Forwarding findChildElement on session 14f61660-7bcc-4279-b6a3-7163a94e0626 to remote] DEBUG o.a.netty.request.NettyRequestSender - Using pooled Channel '[id: 0x7c68b8df, L:/127.0.0.1:64390 - R:localhost/127.0.0.1:10889]' for 'POST' to 'http://localhost:10889/session/14f61660-7bcc-4279-b6a3-7163a94e0626/element/648f8c2e-416e-46fd-aba4-6927e469057b/element'
15:50:14.936 [Forwarding findChildElement on session 14f61660-7bcc-4279-b6a3-7163a94e0626 to remote] DEBUG o.a.netty.request.NettyRequestSender - Using open Channel [id: 0x7c68b8df, L:/127.0.0.1:64390 - R:localhost/127.0.0.1:10889] for POST '/session/14f61660-7bcc-4279-b6a3-7163a94e0626/element/648f8c2e-416e-46fd-aba4-6927e469057b/element'
15:50:14.940 [AsyncHttpClient-3-1] DEBUG o.a.netty.handler.HttpHandler - 

Request DefaultHttpRequest(decodeResult: success, version: HTTP/1.1)
POST /session/14f61660-7bcc-4279-b6a3-7163a94e0626/element/648f8c2e-416e-46fd-aba4-6927e469057b/element HTTP/1.1
User-Agent: selenium/4.0.0-alpha-5 (java windows)
Content-Length: 103
Content-Type: application/json; charset=utf-8
host: localhost:10889
accept: */*

Response DefaultHttpResponse(decodeResult: success, version: HTTP/1.1)
HTTP/1.1 200 OK
content-type: application/json; charset=utf-8
cache-control: no-cache
content-length: 88
date: Thu, 25 Jun 2020 12:50:14 GMT

15:50:14.940 [AsyncHttpClient-3-1] DEBUG o.a.netty.channel.ChannelManager - Adding key: http://localhost:10889 for channel [id: 0x7c68b8df, L:/127.0.0.1:64390 - R:localhost/127.0.0.1:10889]
15:50:14.940 [Forwarding getElementText on session 14f61660-7bcc-4279-b6a3-7163a94e0626 to remote] DEBUG o.a.netty.request.NettyRequestSender - Using pooled Channel '[id: 0x7c68b8df, L:/127.0.0.1:64390 - R:localhost/127.0.0.1:10889]' for 'GET' to 'http://localhost:10889/session/14f61660-7bcc-4279-b6a3-7163a94e0626/element/13d7b16b-da5d-49fe-b4a0-14a0ad229a5a/text'
15:50:14.940 [Forwarding getElementText on session 14f61660-7bcc-4279-b6a3-7163a94e0626 to remote] DEBUG o.a.netty.request.NettyRequestSender - Using open Channel [id: 0x7c68b8df, L:/127.0.0.1:64390 - R:localhost/127.0.0.1:10889] for GET '/session/14f61660-7bcc-4279-b6a3-7163a94e0626/element/13d7b16b-da5d-49fe-b4a0-14a0ad229a5a/text'
15:50:14.946 [AsyncHttpClient-3-1] DEBUG o.a.netty.handler.HttpHandler - 

Request DefaultFullHttpRequest(decodeResult: success, version: HTTP/1.1, content: EmptyByteBufBE)
GET /session/14f61660-7bcc-4279-b6a3-7163a94e0626/element/13d7b16b-da5d-49fe-b4a0-14a0ad229a5a/text HTTP/1.1
User-Agent: selenium/4.0.0-alpha-5 (java windows)
Cache-Control: no-cache
host: localhost:10889
accept: */*

Response DefaultHttpResponse(decodeResult: success, version: HTTP/1.1)
HTTP/1.1 200 OK
content-type: application/json; charset=utf-8
cache-control: no-cache
content-length: 28
date: Thu, 25 Jun 2020 12:50:14 GMT

15:50:14.946 [AsyncHttpClient-3-1] DEBUG o.a.netty.channel.ChannelManager - Adding key: http://localhost:10889 for channel [id: 0x7c68b8df, L:/127.0.0.1:64390 - R:localhost/127.0.0.1:10889]
15:50:14.947 [Forwarding findChildElement on session 14f61660-7bcc-4279-b6a3-7163a94e0626 to remote] DEBUG o.a.netty.request.NettyRequestSender - Using pooled Channel '[id: 0x7c68b8df, L:/127.0.0.1:64390 - R:localhost/127.0.0.1:10889]' for 'POST' to 'http://localhost:10889/session/14f61660-7bcc-4279-b6a3-7163a94e0626/element/648f8c2e-416e-46fd-aba4-6927e469057b/element'
15:50:14.947 [Forwarding findChildElement on session 14f61660-7bcc-4279-b6a3-7163a94e0626 to remote] DEBUG o.a.netty.request.NettyRequestSender - Using open Channel [id: 0x7c68b8df, L:/127.0.0.1:64390 - R:localhost/127.0.0.1:10889] for POST '/session/14f61660-7bcc-4279-b6a3-7163a94e0626/element/648f8c2e-416e-46fd-aba4-6927e469057b/element'
15:50:14.950 [AsyncHttpClient-3-1] DEBUG o.a.netty.handler.HttpHandler - 

Request DefaultHttpRequest(decodeResult: success, version: HTTP/1.1)
POST /session/14f61660-7bcc-4279-b6a3-7163a94e0626/element/648f8c2e-416e-46fd-aba4-6927e469057b/element HTTP/1.1
User-Agent: selenium/4.0.0-alpha-5 (java windows)
Content-Length: 97
Content-Type: application/json; charset=utf-8
host: localhost:10889
accept: */*

Response DefaultHttpResponse(decodeResult: success, version: HTTP/1.1)
HTTP/1.1 200 OK
content-type: application/json; charset=utf-8
cache-control: no-cache
content-length: 88
date: Thu, 25 Jun 2020 12:50:14 GMT

15:50:14.951 [AsyncHttpClient-3-1] DEBUG o.a.netty.channel.ChannelManager - Adding key: http://localhost:10889 for channel [id: 0x7c68b8df, L:/127.0.0.1:64390 - R:localhost/127.0.0.1:10889]
15:50:14.954 [Forwarding getElementAttribute on session 14f61660-7bcc-4279-b6a3-7163a94e0626 to remote] DEBUG o.a.netty.request.NettyRequestSender - Using pooled Channel '[id: 0x7c68b8df, L:/127.0.0.1:64390 - R:localhost/127.0.0.1:10889]' for 'POST' to 'http://localhost:10889/session/14f61660-7bcc-4279-b6a3-7163a94e0626/execute/sync'
15:50:14.954 [Forwarding getElementAttribute on session 14f61660-7bcc-4279-b6a3-7163a94e0626 to remote] DEBUG o.a.netty.request.NettyRequestSender - Using open Channel [id: 0x7c68b8df, L:/127.0.0.1:64390 - R:localhost/127.0.0.1:10889] for POST '/session/14f61660-7bcc-4279-b6a3-7163a94e0626/execute/sync'
15:50:14.969 [AsyncHttpClient-3-1] DEBUG o.a.netty.handler.HttpHandler - 

Request DefaultHttpRequest(decodeResult: success, version: HTTP/1.1)
POST /session/14f61660-7bcc-4279-b6a3-7163a94e0626/execute/sync HTTP/1.1
User-Agent: selenium/4.0.0-alpha-5 (java windows)
Content-Length: 39635
Content-Type: application/json; charset=utf-8
host: localhost:10889
accept: */*

Response DefaultHttpResponse(decodeResult: success, version: HTTP/1.1)
HTTP/1.1 200 OK
content-type: application/json; charset=utf-8
cache-control: no-cache
content-length: 15
date: Thu, 25 Jun 2020 12:50:14 GMT

15:50:14.969 [AsyncHttpClient-3-1] DEBUG o.a.netty.channel.ChannelManager - Adding key: http://localhost:10889 for channel [id: 0x7c68b8df, L:/127.0.0.1:64390 - R:localhost/127.0.0.1:10889]
15:50:14.970 [Forwarding findChildElement on session 14f61660-7bcc-4279-b6a3-7163a94e0626 to remote] DEBUG o.a.netty.request.NettyRequestSender - Using pooled Channel '[id: 0x7c68b8df, L:/127.0.0.1:64390 - R:localhost/127.0.0.1:10889]' for 'POST' to 'http://localhost:10889/session/14f61660-7bcc-4279-b6a3-7163a94e0626/element/af9fab64-cf97-4d5f-9e41-dc6628ed3b7e/element'
15:50:14.970 [Forwarding findChildElement on session 14f61660-7bcc-4279-b6a3-7163a94e0626 to remote] DEBUG o.a.netty.request.NettyRequestSender - Using open Channel [id: 0x7c68b8df, L:/127.0.0.1:64390 - R:localhost/127.0.0.1:10889] for POST '/session/14f61660-7bcc-4279-b6a3-7163a94e0626/element/af9fab64-cf97-4d5f-9e41-dc6628ed3b7e/element'
15:50:14.974 [AsyncHttpClient-3-1] DEBUG o.a.netty.handler.HttpHandler - 

Request DefaultHttpRequest(decodeResult: success, version: HTTP/1.1)
POST /session/14f61660-7bcc-4279-b6a3-7163a94e0626/element/af9fab64-cf97-4d5f-9e41-dc6628ed3b7e/element HTTP/1.1
User-Agent: selenium/4.0.0-alpha-5 (java windows)
Content-Length: 103
Content-Type: application/json; charset=utf-8
host: localhost:10889
accept: */*

Response DefaultHttpResponse(decodeResult: success, version: HTTP/1.1)
HTTP/1.1 200 OK
content-type: application/json; charset=utf-8
cache-control: no-cache
content-length: 88
date: Thu, 25 Jun 2020 12:50:14 GMT

15:50:14.974 [AsyncHttpClient-3-1] DEBUG o.a.netty.channel.ChannelManager - Adding key: http://localhost:10889 for channel [id: 0x7c68b8df, L:/127.0.0.1:64390 - R:localhost/127.0.0.1:10889]
15:50:14.974 [Forwarding getElementText on session 14f61660-7bcc-4279-b6a3-7163a94e0626 to remote] DEBUG o.a.netty.request.NettyRequestSender - Using pooled Channel '[id: 0x7c68b8df, L:/127.0.0.1:64390 - R:localhost/127.0.0.1:10889]' for 'GET' to 'http://localhost:10889/session/14f61660-7bcc-4279-b6a3-7163a94e0626/element/9b32d8e5-52fd-4baa-82c9-65d9cdd2756c/text'
15:50:14.974 [Forwarding getElementText on session 14f61660-7bcc-4279-b6a3-7163a94e0626 to remote] DEBUG o.a.netty.request.NettyRequestSender - Using open Channel [id: 0x7c68b8df, L:/127.0.0.1:64390 - R:localhost/127.0.0.1:10889] for GET '/session/14f61660-7bcc-4279-b6a3-7163a94e0626/element/9b32d8e5-52fd-4baa-82c9-65d9cdd2756c/text'
15:50:14.979 [AsyncHttpClient-3-1] DEBUG o.a.netty.handler.HttpHandler - 

Request DefaultFullHttpRequest(decodeResult: success, version: HTTP/1.1, content: EmptyByteBufBE)
GET /session/14f61660-7bcc-4279-b6a3-7163a94e0626/element/9b32d8e5-52fd-4baa-82c9-65d9cdd2756c/text HTTP/1.1
User-Agent: selenium/4.0.0-alpha-5 (java windows)
Cache-Control: no-cache
host: localhost:10889
accept: */*

Response DefaultHttpResponse(decodeResult: success, version: HTTP/1.1)
HTTP/1.1 200 OK
content-type: application/json; charset=utf-8
cache-control: no-cache
content-length: 19
date: Thu, 25 Jun 2020 12:50:14 GMT

15:50:14.979 [AsyncHttpClient-3-1] DEBUG o.a.netty.channel.ChannelManager - Adding key: http://localhost:10889 for channel [id: 0x7c68b8df, L:/127.0.0.1:64390 - R:localhost/127.0.0.1:10889]
15:50:14.979 [Forwarding findChildElement on session 14f61660-7bcc-4279-b6a3-7163a94e0626 to remote] DEBUG o.a.netty.request.NettyRequestSender - Using pooled Channel '[id: 0x7c68b8df, L:/127.0.0.1:64390 - R:localhost/127.0.0.1:10889]' for 'POST' to 'http://localhost:10889/session/14f61660-7bcc-4279-b6a3-7163a94e0626/element/af9fab64-cf97-4d5f-9e41-dc6628ed3b7e/element'
15:50:14.980 [Forwarding findChildElement on session 14f61660-7bcc-4279-b6a3-7163a94e0626 to remote] DEBUG o.a.netty.request.NettyRequestSender - Using open Channel [id: 0x7c68b8df, L:/127.0.0.1:64390 - R:localhost/127.0.0.1:10889] for POST '/session/14f61660-7bcc-4279-b6a3-7163a94e0626/element/af9fab64-cf97-4d5f-9e41-dc6628ed3b7e/element'
15:50:14.983 [AsyncHttpClient-3-1] DEBUG o.a.netty.handler.HttpHandler - 

Request DefaultHttpRequest(decodeResult: success, version: HTTP/1.1)
POST /session/14f61660-7bcc-4279-b6a3-7163a94e0626/element/af9fab64-cf97-4d5f-9e41-dc6628ed3b7e/element HTTP/1.1
User-Agent: selenium/4.0.0-alpha-5 (java windows)
Content-Length: 103
Content-Type: application/json; charset=utf-8
host: localhost:10889
accept: */*

Response DefaultHttpResponse(decodeResult: success, version: HTTP/1.1)
HTTP/1.1 200 OK
content-type: application/json; charset=utf-8
cache-control: no-cache
content-length: 88
date: Thu, 25 Jun 2020 12:50:14 GMT

15:50:14.983 [AsyncHttpClient-3-1] DEBUG o.a.netty.channel.ChannelManager - Adding key: http://localhost:10889 for channel [id: 0x7c68b8df, L:/127.0.0.1:64390 - R:localhost/127.0.0.1:10889]
15:50:14.984 [Forwarding getElementText on session 14f61660-7bcc-4279-b6a3-7163a94e0626 to remote] DEBUG o.a.netty.request.NettyRequestSender - Using pooled Channel '[id: 0x7c68b8df, L:/127.0.0.1:64390 - R:localhost/127.0.0.1:10889]' for 'GET' to 'http://localhost:10889/session/14f61660-7bcc-4279-b6a3-7163a94e0626/element/2f89d559-82a1-4fc2-b5b7-545440690dfd/text'
15:50:14.984 [Forwarding getElementText on session 14f61660-7bcc-4279-b6a3-7163a94e0626 to remote] DEBUG o.a.netty.request.NettyRequestSender - Using open Channel [id: 0x7c68b8df, L:/127.0.0.1:64390 - R:localhost/127.0.0.1:10889] for GET '/session/14f61660-7bcc-4279-b6a3-7163a94e0626/element/2f89d559-82a1-4fc2-b5b7-545440690dfd/text'
15:50:14.989 [AsyncHttpClient-3-1] DEBUG o.a.netty.handler.HttpHandler - 

Request DefaultFullHttpRequest(decodeResult: success, version: HTTP/1.1, content: EmptyByteBufBE)
GET /session/14f61660-7bcc-4279-b6a3-7163a94e0626/element/2f89d559-82a1-4fc2-b5b7-545440690dfd/text HTTP/1.1
User-Agent: selenium/4.0.0-alpha-5 (java windows)
Cache-Control: no-cache
host: localhost:10889
accept: */*

Response DefaultHttpResponse(decodeResult: success, version: HTTP/1.1)
HTTP/1.1 200 OK
content-type: application/json; charset=utf-8
cache-control: no-cache
content-length: 19
date: Thu, 25 Jun 2020 12:50:14 GMT

15:50:14.989 [AsyncHttpClient-3-1] DEBUG o.a.netty.channel.ChannelManager - Adding key: http://localhost:10889 for channel [id: 0x7c68b8df, L:/127.0.0.1:64390 - R:localhost/127.0.0.1:10889]
15:50:14.990 [Forwarding findChildElement on session 14f61660-7bcc-4279-b6a3-7163a94e0626 to remote] DEBUG o.a.netty.request.NettyRequestSender - Using pooled Channel '[id: 0x7c68b8df, L:/127.0.0.1:64390 - R:localhost/127.0.0.1:10889]' for 'POST' to 'http://localhost:10889/session/14f61660-7bcc-4279-b6a3-7163a94e0626/element/af9fab64-cf97-4d5f-9e41-dc6628ed3b7e/element'
15:50:14.990 [Forwarding findChildElement on session 14f61660-7bcc-4279-b6a3-7163a94e0626 to remote] DEBUG o.a.netty.request.NettyRequestSender - Using open Channel [id: 0x7c68b8df, L:/127.0.0.1:64390 - R:localhost/127.0.0.1:10889] for POST '/session/14f61660-7bcc-4279-b6a3-7163a94e0626/element/af9fab64-cf97-4d5f-9e41-dc6628ed3b7e/element'
15:50:14.994 [AsyncHttpClient-3-1] DEBUG o.a.netty.handler.HttpHandler - 

Request DefaultHttpRequest(decodeResult: success, version: HTTP/1.1)
POST /session/14f61660-7bcc-4279-b6a3-7163a94e0626/element/af9fab64-cf97-4d5f-9e41-dc6628ed3b7e/element HTTP/1.1
User-Agent: selenium/4.0.0-alpha-5 (java windows)
Content-Length: 103
Content-Type: application/json; charset=utf-8
host: localhost:10889
accept: */*

Response DefaultHttpResponse(decodeResult: success, version: HTTP/1.1)
HTTP/1.1 200 OK
content-type: application/json; charset=utf-8
cache-control: no-cache
content-length: 88
date: Thu, 25 Jun 2020 12:50:14 GMT

15:50:14.994 [AsyncHttpClient-3-1] DEBUG o.a.netty.channel.ChannelManager - Adding key: http://localhost:10889 for channel [id: 0x7c68b8df, L:/127.0.0.1:64390 - R:localhost/127.0.0.1:10889]
15:50:14.994 [Forwarding getElementText on session 14f61660-7bcc-4279-b6a3-7163a94e0626 to remote] DEBUG o.a.netty.request.NettyRequestSender - Using pooled Channel '[id: 0x7c68b8df, L:/127.0.0.1:64390 - R:localhost/127.0.0.1:10889]' for 'GET' to 'http://localhost:10889/session/14f61660-7bcc-4279-b6a3-7163a94e0626/element/3d76c462-69a6-4adb-8c26-63bc559bde3c/text'
15:50:14.994 [Forwarding getElementText on session 14f61660-7bcc-4279-b6a3-7163a94e0626 to remote] DEBUG o.a.netty.request.NettyRequestSender - Using open Channel [id: 0x7c68b8df, L:/127.0.0.1:64390 - R:localhost/127.0.0.1:10889] for GET '/session/14f61660-7bcc-4279-b6a3-7163a94e0626/element/3d76c462-69a6-4adb-8c26-63bc559bde3c/text'
15:50:14.999 [AsyncHttpClient-3-1] DEBUG o.a.netty.handler.HttpHandler - 

Request DefaultFullHttpRequest(decodeResult: success, version: HTTP/1.1, content: EmptyByteBufBE)
GET /session/14f61660-7bcc-4279-b6a3-7163a94e0626/element/3d76c462-69a6-4adb-8c26-63bc559bde3c/text HTTP/1.1
User-Agent: selenium/4.0.0-alpha-5 (java windows)
Cache-Control: no-cache
host: localhost:10889
accept: */*

Response DefaultHttpResponse(decodeResult: success, version: HTTP/1.1)
HTTP/1.1 200 OK
content-type: application/json; charset=utf-8
cache-control: no-cache
content-length: 12
date: Thu, 25 Jun 2020 12:50:14 GMT

15:50:14.999 [AsyncHttpClient-3-1] DEBUG o.a.netty.channel.ChannelManager - Adding key: http://localhost:10889 for channel [id: 0x7c68b8df, L:/127.0.0.1:64390 - R:localhost/127.0.0.1:10889]
15:50:15.000 [Forwarding findChildElement on session 14f61660-7bcc-4279-b6a3-7163a94e0626 to remote] DEBUG o.a.netty.request.NettyRequestSender - Using pooled Channel '[id: 0x7c68b8df, L:/127.0.0.1:64390 - R:localhost/127.0.0.1:10889]' for 'POST' to 'http://localhost:10889/session/14f61660-7bcc-4279-b6a3-7163a94e0626/element/af9fab64-cf97-4d5f-9e41-dc6628ed3b7e/element'
15:50:15.000 [Forwarding findChildElement on session 14f61660-7bcc-4279-b6a3-7163a94e0626 to remote] DEBUG o.a.netty.request.NettyRequestSender - Using open Channel [id: 0x7c68b8df, L:/127.0.0.1:64390 - R:localhost/127.0.0.1:10889] for POST '/session/14f61660-7bcc-4279-b6a3-7163a94e0626/element/af9fab64-cf97-4d5f-9e41-dc6628ed3b7e/element'
15:50:15.003 [AsyncHttpClient-3-1] DEBUG o.a.netty.handler.HttpHandler - 

Request DefaultHttpRequest(decodeResult: success, version: HTTP/1.1)
POST /session/14f61660-7bcc-4279-b6a3-7163a94e0626/element/af9fab64-cf97-4d5f-9e41-dc6628ed3b7e/element HTTP/1.1
User-Agent: selenium/4.0.0-alpha-5 (java windows)
Content-Length: 103
Content-Type: application/json; charset=utf-8
host: localhost:10889
accept: */*

Response DefaultHttpResponse(decodeResult: success, version: HTTP/1.1)
HTTP/1.1 200 OK
content-type: application/json; charset=utf-8
cache-control: no-cache
content-length: 88
date: Thu, 25 Jun 2020 12:50:15 GMT

15:50:15.004 [AsyncHttpClient-3-1] DEBUG o.a.netty.channel.ChannelManager - Adding key: http://localhost:10889 for channel [id: 0x7c68b8df, L:/127.0.0.1:64390 - R:localhost/127.0.0.1:10889]
15:50:15.004 [Forwarding getElementText on session 14f61660-7bcc-4279-b6a3-7163a94e0626 to remote] DEBUG o.a.netty.request.NettyRequestSender - Using pooled Channel '[id: 0x7c68b8df, L:/127.0.0.1:64390 - R:localhost/127.0.0.1:10889]' for 'GET' to 'http://localhost:10889/session/14f61660-7bcc-4279-b6a3-7163a94e0626/element/650dc120-da2b-43a5-a235-4cf0792ba858/text'
15:50:15.004 [Forwarding getElementText on session 14f61660-7bcc-4279-b6a3-7163a94e0626 to remote] DEBUG o.a.netty.request.NettyRequestSender - Using open Channel [id: 0x7c68b8df, L:/127.0.0.1:64390 - R:localhost/127.0.0.1:10889] for GET '/session/14f61660-7bcc-4279-b6a3-7163a94e0626/element/650dc120-da2b-43a5-a235-4cf0792ba858/text'
15:50:15.008 [AsyncHttpClient-3-1] DEBUG o.a.netty.handler.HttpHandler - 

Request DefaultFullHttpRequest(decodeResult: success, version: HTTP/1.1, content: EmptyByteBufBE)
GET /session/14f61660-7bcc-4279-b6a3-7163a94e0626/element/650dc120-da2b-43a5-a235-4cf0792ba858/text HTTP/1.1
User-Agent: selenium/4.0.0-alpha-5 (java windows)
Cache-Control: no-cache
host: localhost:10889
accept: */*

Response DefaultHttpResponse(decodeResult: success, version: HTTP/1.1)
HTTP/1.1 200 OK
content-type: application/json; charset=utf-8
cache-control: no-cache
content-length: 19
date: Thu, 25 Jun 2020 12:50:15 GMT

15:50:15.008 [AsyncHttpClient-3-1] DEBUG o.a.netty.channel.ChannelManager - Adding key: http://localhost:10889 for channel [id: 0x7c68b8df, L:/127.0.0.1:64390 - R:localhost/127.0.0.1:10889]
15:50:15.009 [Forwarding findChildElement on session 14f61660-7bcc-4279-b6a3-7163a94e0626 to remote] DEBUG o.a.netty.request.NettyRequestSender - Using pooled Channel '[id: 0x7c68b8df, L:/127.0.0.1:64390 - R:localhost/127.0.0.1:10889]' for 'POST' to 'http://localhost:10889/session/14f61660-7bcc-4279-b6a3-7163a94e0626/element/af9fab64-cf97-4d5f-9e41-dc6628ed3b7e/element'
15:50:15.009 [Forwarding findChildElement on session 14f61660-7bcc-4279-b6a3-7163a94e0626 to remote] DEBUG o.a.netty.request.NettyRequestSender - Using open Channel [id: 0x7c68b8df, L:/127.0.0.1:64390 - R:localhost/127.0.0.1:10889] for POST '/session/14f61660-7bcc-4279-b6a3-7163a94e0626/element/af9fab64-cf97-4d5f-9e41-dc6628ed3b7e/element'
15:50:15.012 [AsyncHttpClient-3-1] DEBUG o.a.netty.handler.HttpHandler - 

Request DefaultHttpRequest(decodeResult: success, version: HTTP/1.1)
POST /session/14f61660-7bcc-4279-b6a3-7163a94e0626/element/af9fab64-cf97-4d5f-9e41-dc6628ed3b7e/element HTTP/1.1
User-Agent: selenium/4.0.0-alpha-5 (java windows)
Content-Length: 103
Content-Type: application/json; charset=utf-8
host: localhost:10889
accept: */*

Response DefaultHttpResponse(decodeResult: success, version: HTTP/1.1)
HTTP/1.1 200 OK
content-type: application/json; charset=utf-8
cache-control: no-cache
content-length: 88
date: Thu, 25 Jun 2020 12:50:15 GMT

15:50:15.012 [AsyncHttpClient-3-1] DEBUG o.a.netty.channel.ChannelManager - Adding key: http://localhost:10889 for channel [id: 0x7c68b8df, L:/127.0.0.1:64390 - R:localhost/127.0.0.1:10889]
15:50:15.013 [Forwarding getElementText on session 14f61660-7bcc-4279-b6a3-7163a94e0626 to remote] DEBUG o.a.netty.request.NettyRequestSender - Using pooled Channel '[id: 0x7c68b8df, L:/127.0.0.1:64390 - R:localhost/127.0.0.1:10889]' for 'GET' to 'http://localhost:10889/session/14f61660-7bcc-4279-b6a3-7163a94e0626/element/ca065e22-0ab5-4ab3-95de-501af8393cc7/text'
15:50:15.013 [Forwarding getElementText on session 14f61660-7bcc-4279-b6a3-7163a94e0626 to remote] DEBUG o.a.netty.request.NettyRequestSender - Using open Channel [id: 0x7c68b8df, L:/127.0.0.1:64390 - R:localhost/127.0.0.1:10889] for GET '/session/14f61660-7bcc-4279-b6a3-7163a94e0626/element/ca065e22-0ab5-4ab3-95de-501af8393cc7/text'
15:50:15.020 [AsyncHttpClient-3-1] DEBUG o.a.netty.handler.HttpHandler - 

Request DefaultFullHttpRequest(decodeResult: success, version: HTTP/1.1, content: EmptyByteBufBE)
GET /session/14f61660-7bcc-4279-b6a3-7163a94e0626/element/ca065e22-0ab5-4ab3-95de-501af8393cc7/text HTTP/1.1
User-Agent: selenium/4.0.0-alpha-5 (java windows)
Cache-Control: no-cache
host: localhost:10889
accept: */*

Response DefaultHttpResponse(decodeResult: success, version: HTTP/1.1)
HTTP/1.1 200 OK
content-type: application/json; charset=utf-8
cache-control: no-cache
content-length: 28
date: Thu, 25 Jun 2020 12:50:15 GMT

15:50:15.020 [AsyncHttpClient-3-1] DEBUG o.a.netty.channel.ChannelManager - Adding key: http://localhost:10889 for channel [id: 0x7c68b8df, L:/127.0.0.1:64390 - R:localhost/127.0.0.1:10889]
15:50:15.020 [Forwarding findChildElement on session 14f61660-7bcc-4279-b6a3-7163a94e0626 to remote] DEBUG o.a.netty.request.NettyRequestSender - Using pooled Channel '[id: 0x7c68b8df, L:/127.0.0.1:64390 - R:localhost/127.0.0.1:10889]' for 'POST' to 'http://localhost:10889/session/14f61660-7bcc-4279-b6a3-7163a94e0626/element/af9fab64-cf97-4d5f-9e41-dc6628ed3b7e/element'
15:50:15.021 [Forwarding findChildElement on session 14f61660-7bcc-4279-b6a3-7163a94e0626 to remote] DEBUG o.a.netty.request.NettyRequestSender - Using open Channel [id: 0x7c68b8df, L:/127.0.0.1:64390 - R:localhost/127.0.0.1:10889] for POST '/session/14f61660-7bcc-4279-b6a3-7163a94e0626/element/af9fab64-cf97-4d5f-9e41-dc6628ed3b7e/element'
15:50:15.024 [AsyncHttpClient-3-1] DEBUG o.a.netty.handler.HttpHandler - 

Request DefaultHttpRequest(decodeResult: success, version: HTTP/1.1)
POST /session/14f61660-7bcc-4279-b6a3-7163a94e0626/element/af9fab64-cf97-4d5f-9e41-dc6628ed3b7e/element HTTP/1.1
User-Agent: selenium/4.0.0-alpha-5 (java windows)
Content-Length: 97
Content-Type: application/json; charset=utf-8
host: localhost:10889
accept: */*

Response DefaultHttpResponse(decodeResult: success, version: HTTP/1.1)
HTTP/1.1 200 OK
content-type: application/json; charset=utf-8
cache-control: no-cache
content-length: 88
date: Thu, 25 Jun 2020 12:50:15 GMT

15:50:15.025 [AsyncHttpClient-3-1] DEBUG o.a.netty.channel.ChannelManager - Adding key: http://localhost:10889 for channel [id: 0x7c68b8df, L:/127.0.0.1:64390 - R:localhost/127.0.0.1:10889]
15:50:15.027 [Forwarding getElementAttribute on session 14f61660-7bcc-4279-b6a3-7163a94e0626 to remote] DEBUG o.a.netty.request.NettyRequestSender - Using pooled Channel '[id: 0x7c68b8df, L:/127.0.0.1:64390 - R:localhost/127.0.0.1:10889]' for 'POST' to 'http://localhost:10889/session/14f61660-7bcc-4279-b6a3-7163a94e0626/execute/sync'
15:50:15.027 [Forwarding getElementAttribute on session 14f61660-7bcc-4279-b6a3-7163a94e0626 to remote] DEBUG o.a.netty.request.NettyRequestSender - Using open Channel [id: 0x7c68b8df, L:/127.0.0.1:64390 - R:localhost/127.0.0.1:10889] for POST '/session/14f61660-7bcc-4279-b6a3-7163a94e0626/execute/sync'
15:50:15.040 [AsyncHttpClient-3-1] DEBUG o.a.netty.handler.HttpHandler - 

Request DefaultHttpRequest(decodeResult: success, version: HTTP/1.1)
POST /session/14f61660-7bcc-4279-b6a3-7163a94e0626/execute/sync HTTP/1.1
User-Agent: selenium/4.0.0-alpha-5 (java windows)
Content-Length: 39635
Content-Type: application/json; charset=utf-8
host: localhost:10889
accept: */*

Response DefaultHttpResponse(decodeResult: success, version: HTTP/1.1)
HTTP/1.1 200 OK
content-type: application/json; charset=utf-8
cache-control: no-cache
content-length: 15
date: Thu, 25 Jun 2020 12:50:15 GMT

15:50:15.040 [AsyncHttpClient-3-1] DEBUG o.a.netty.channel.ChannelManager - Adding key: http://localhost:10889 for channel [id: 0x7c68b8df, L:/127.0.0.1:64390 - R:localhost/127.0.0.1:10889]
15:50:15.041 [Forwarding findChildElement on session 14f61660-7bcc-4279-b6a3-7163a94e0626 to remote] DEBUG o.a.netty.request.NettyRequestSender - Using pooled Channel '[id: 0x7c68b8df, L:/127.0.0.1:64390 - R:localhost/127.0.0.1:10889]' for 'POST' to 'http://localhost:10889/session/14f61660-7bcc-4279-b6a3-7163a94e0626/element/1945fe4a-0f76-4cb8-9575-170b11445af6/element'
15:50:15.041 [Forwarding findChildElement on session 14f61660-7bcc-4279-b6a3-7163a94e0626 to remote] DEBUG o.a.netty.request.NettyRequestSender - Using open Channel [id: 0x7c68b8df, L:/127.0.0.1:64390 - R:localhost/127.0.0.1:10889] for POST '/session/14f61660-7bcc-4279-b6a3-7163a94e0626/element/1945fe4a-0f76-4cb8-9575-170b11445af6/element'
15:50:15.045 [AsyncHttpClient-3-1] DEBUG o.a.netty.handler.HttpHandler - 

Request DefaultHttpRequest(decodeResult: success, version: HTTP/1.1)
POST /session/14f61660-7bcc-4279-b6a3-7163a94e0626/element/1945fe4a-0f76-4cb8-9575-170b11445af6/element HTTP/1.1
User-Agent: selenium/4.0.0-alpha-5 (java windows)
Content-Length: 103
Content-Type: application/json; charset=utf-8
host: localhost:10889
accept: */*

Response DefaultHttpResponse(decodeResult: success, version: HTTP/1.1)
HTTP/1.1 200 OK
content-type: application/json; charset=utf-8
cache-control: no-cache
content-length: 88
date: Thu, 25 Jun 2020 12:50:15 GMT

15:50:15.045 [AsyncHttpClient-3-1] DEBUG o.a.netty.channel.ChannelManager - Adding key: http://localhost:10889 for channel [id: 0x7c68b8df, L:/127.0.0.1:64390 - R:localhost/127.0.0.1:10889]
15:50:15.045 [Forwarding getElementText on session 14f61660-7bcc-4279-b6a3-7163a94e0626 to remote] DEBUG o.a.netty.request.NettyRequestSender - Using pooled Channel '[id: 0x7c68b8df, L:/127.0.0.1:64390 - R:localhost/127.0.0.1:10889]' for 'GET' to 'http://localhost:10889/session/14f61660-7bcc-4279-b6a3-7163a94e0626/element/a135c4f9-ef49-472e-982d-c6cf26c75946/text'
15:50:15.045 [Forwarding getElementText on session 14f61660-7bcc-4279-b6a3-7163a94e0626 to remote] DEBUG o.a.netty.request.NettyRequestSender - Using open Channel [id: 0x7c68b8df, L:/127.0.0.1:64390 - R:localhost/127.0.0.1:10889] for GET '/session/14f61660-7bcc-4279-b6a3-7163a94e0626/element/a135c4f9-ef49-472e-982d-c6cf26c75946/text'
15:50:15.051 [AsyncHttpClient-3-1] DEBUG o.a.netty.handler.HttpHandler - 

Request DefaultFullHttpRequest(decodeResult: success, version: HTTP/1.1, content: EmptyByteBufBE)
GET /session/14f61660-7bcc-4279-b6a3-7163a94e0626/element/a135c4f9-ef49-472e-982d-c6cf26c75946/text HTTP/1.1
User-Agent: selenium/4.0.0-alpha-5 (java windows)
Cache-Control: no-cache
host: localhost:10889
accept: */*

Response DefaultHttpResponse(decodeResult: success, version: HTTP/1.1)
HTTP/1.1 200 OK
content-type: application/json; charset=utf-8
cache-control: no-cache
content-length: 19
date: Thu, 25 Jun 2020 12:50:15 GMT

15:50:15.051 [AsyncHttpClient-3-1] DEBUG o.a.netty.channel.ChannelManager - Adding key: http://localhost:10889 for channel [id: 0x7c68b8df, L:/127.0.0.1:64390 - R:localhost/127.0.0.1:10889]
15:50:15.051 [Forwarding findChildElement on session 14f61660-7bcc-4279-b6a3-7163a94e0626 to remote] DEBUG o.a.netty.request.NettyRequestSender - Using pooled Channel '[id: 0x7c68b8df, L:/127.0.0.1:64390 - R:localhost/127.0.0.1:10889]' for 'POST' to 'http://localhost:10889/session/14f61660-7bcc-4279-b6a3-7163a94e0626/element/1945fe4a-0f76-4cb8-9575-170b11445af6/element'
15:50:15.051 [Forwarding findChildElement on session 14f61660-7bcc-4279-b6a3-7163a94e0626 to remote] DEBUG o.a.netty.request.NettyRequestSender - Using open Channel [id: 0x7c68b8df, L:/127.0.0.1:64390 - R:localhost/127.0.0.1:10889] for POST '/session/14f61660-7bcc-4279-b6a3-7163a94e0626/element/1945fe4a-0f76-4cb8-9575-170b11445af6/element'
15:50:15.057 [AsyncHttpClient-3-1] DEBUG o.a.netty.handler.HttpHandler - 

Request DefaultHttpRequest(decodeResult: success, version: HTTP/1.1)
POST /session/14f61660-7bcc-4279-b6a3-7163a94e0626/element/1945fe4a-0f76-4cb8-9575-170b11445af6/element HTTP/1.1
User-Agent: selenium/4.0.0-alpha-5 (java windows)
Content-Length: 103
Content-Type: application/json; charset=utf-8
host: localhost:10889
accept: */*

Response DefaultHttpResponse(decodeResult: success, version: HTTP/1.1)
HTTP/1.1 200 OK
content-type: application/json; charset=utf-8
cache-control: no-cache
content-length: 88
date: Thu, 25 Jun 2020 12:50:15 GMT

15:50:15.058 [AsyncHttpClient-3-1] DEBUG o.a.netty.channel.ChannelManager - Adding key: http://localhost:10889 for channel [id: 0x7c68b8df, L:/127.0.0.1:64390 - R:localhost/127.0.0.1:10889]
15:50:15.058 [Forwarding getElementText on session 14f61660-7bcc-4279-b6a3-7163a94e0626 to remote] DEBUG o.a.netty.request.NettyRequestSender - Using pooled Channel '[id: 0x7c68b8df, L:/127.0.0.1:64390 - R:localhost/127.0.0.1:10889]' for 'GET' to 'http://localhost:10889/session/14f61660-7bcc-4279-b6a3-7163a94e0626/element/8b4ab89e-b6f2-4ed5-b1f4-7df3e1b83b21/text'
15:50:15.058 [Forwarding getElementText on session 14f61660-7bcc-4279-b6a3-7163a94e0626 to remote] DEBUG o.a.netty.request.NettyRequestSender - Using open Channel [id: 0x7c68b8df, L:/127.0.0.1:64390 - R:localhost/127.0.0.1:10889] for GET '/session/14f61660-7bcc-4279-b6a3-7163a94e0626/element/8b4ab89e-b6f2-4ed5-b1f4-7df3e1b83b21/text'
15:50:15.063 [AsyncHttpClient-3-1] DEBUG o.a.netty.handler.HttpHandler - 

Request DefaultFullHttpRequest(decodeResult: success, version: HTTP/1.1, content: EmptyByteBufBE)
GET /session/14f61660-7bcc-4279-b6a3-7163a94e0626/element/8b4ab89e-b6f2-4ed5-b1f4-7df3e1b83b21/text HTTP/1.1
User-Agent: selenium/4.0.0-alpha-5 (java windows)
Cache-Control: no-cache
host: localhost:10889
accept: */*

Response DefaultHttpResponse(decodeResult: success, version: HTTP/1.1)
HTTP/1.1 200 OK
content-type: application/json; charset=utf-8
cache-control: no-cache
content-length: 19
date: Thu, 25 Jun 2020 12:50:15 GMT

15:50:15.063 [AsyncHttpClient-3-1] DEBUG o.a.netty.channel.ChannelManager - Adding key: http://localhost:10889 for channel [id: 0x7c68b8df, L:/127.0.0.1:64390 - R:localhost/127.0.0.1:10889]
15:50:15.064 [Forwarding findChildElement on session 14f61660-7bcc-4279-b6a3-7163a94e0626 to remote] DEBUG o.a.netty.request.NettyRequestSender - Using pooled Channel '[id: 0x7c68b8df, L:/127.0.0.1:64390 - R:localhost/127.0.0.1:10889]' for 'POST' to 'http://localhost:10889/session/14f61660-7bcc-4279-b6a3-7163a94e0626/element/1945fe4a-0f76-4cb8-9575-170b11445af6/element'
15:50:15.064 [Forwarding findChildElement on session 14f61660-7bcc-4279-b6a3-7163a94e0626 to remote] DEBUG o.a.netty.request.NettyRequestSender - Using open Channel [id: 0x7c68b8df, L:/127.0.0.1:64390 - R:localhost/127.0.0.1:10889] for POST '/session/14f61660-7bcc-4279-b6a3-7163a94e0626/element/1945fe4a-0f76-4cb8-9575-170b11445af6/element'
15:50:15.067 [AsyncHttpClient-3-1] DEBUG o.a.netty.handler.HttpHandler - 

Request DefaultHttpRequest(decodeResult: success, version: HTTP/1.1)
POST /session/14f61660-7bcc-4279-b6a3-7163a94e0626/element/1945fe4a-0f76-4cb8-9575-170b11445af6/element HTTP/1.1
User-Agent: selenium/4.0.0-alpha-5 (java windows)
Content-Length: 103
Content-Type: application/json; charset=utf-8
host: localhost:10889
accept: */*

Response DefaultHttpResponse(decodeResult: success, version: HTTP/1.1)
HTTP/1.1 200 OK
content-type: application/json; charset=utf-8
cache-control: no-cache
content-length: 88
date: Thu, 25 Jun 2020 12:50:15 GMT

15:50:15.068 [AsyncHttpClient-3-1] DEBUG o.a.netty.channel.ChannelManager - Adding key: http://localhost:10889 for channel [id: 0x7c68b8df, L:/127.0.0.1:64390 - R:localhost/127.0.0.1:10889]
15:50:15.068 [Forwarding getElementText on session 14f61660-7bcc-4279-b6a3-7163a94e0626 to remote] DEBUG o.a.netty.request.NettyRequestSender - Using pooled Channel '[id: 0x7c68b8df, L:/127.0.0.1:64390 - R:localhost/127.0.0.1:10889]' for 'GET' to 'http://localhost:10889/session/14f61660-7bcc-4279-b6a3-7163a94e0626/element/cd84ae97-8731-470f-9df9-f29f1f69664d/text'
15:50:15.068 [Forwarding getElementText on session 14f61660-7bcc-4279-b6a3-7163a94e0626 to remote] DEBUG o.a.netty.request.NettyRequestSender - Using open Channel [id: 0x7c68b8df, L:/127.0.0.1:64390 - R:localhost/127.0.0.1:10889] for GET '/session/14f61660-7bcc-4279-b6a3-7163a94e0626/element/cd84ae97-8731-470f-9df9-f29f1f69664d/text'
15:50:15.072 [AsyncHttpClient-3-1] DEBUG o.a.netty.handler.HttpHandler - 

Request DefaultFullHttpRequest(decodeResult: success, version: HTTP/1.1, content: EmptyByteBufBE)
GET /session/14f61660-7bcc-4279-b6a3-7163a94e0626/element/cd84ae97-8731-470f-9df9-f29f1f69664d/text HTTP/1.1
User-Agent: selenium/4.0.0-alpha-5 (java windows)
Cache-Control: no-cache
host: localhost:10889
accept: */*

Response DefaultHttpResponse(decodeResult: success, version: HTTP/1.1)
HTTP/1.1 200 OK
content-type: application/json; charset=utf-8
cache-control: no-cache
content-length: 23
date: Thu, 25 Jun 2020 12:50:15 GMT

15:50:15.072 [AsyncHttpClient-3-1] DEBUG o.a.netty.channel.ChannelManager - Adding key: http://localhost:10889 for channel [id: 0x7c68b8df, L:/127.0.0.1:64390 - R:localhost/127.0.0.1:10889]
15:50:15.073 [Forwarding findChildElement on session 14f61660-7bcc-4279-b6a3-7163a94e0626 to remote] DEBUG o.a.netty.request.NettyRequestSender - Using pooled Channel '[id: 0x7c68b8df, L:/127.0.0.1:64390 - R:localhost/127.0.0.1:10889]' for 'POST' to 'http://localhost:10889/session/14f61660-7bcc-4279-b6a3-7163a94e0626/element/1945fe4a-0f76-4cb8-9575-170b11445af6/element'
15:50:15.073 [Forwarding findChildElement on session 14f61660-7bcc-4279-b6a3-7163a94e0626 to remote] DEBUG o.a.netty.request.NettyRequestSender - Using open Channel [id: 0x7c68b8df, L:/127.0.0.1:64390 - R:localhost/127.0.0.1:10889] for POST '/session/14f61660-7bcc-4279-b6a3-7163a94e0626/element/1945fe4a-0f76-4cb8-9575-170b11445af6/element'
15:50:15.076 [AsyncHttpClient-3-1] DEBUG o.a.netty.handler.HttpHandler - 

Request DefaultHttpRequest(decodeResult: success, version: HTTP/1.1)
POST /session/14f61660-7bcc-4279-b6a3-7163a94e0626/element/1945fe4a-0f76-4cb8-9575-170b11445af6/element HTTP/1.1
User-Agent: selenium/4.0.0-alpha-5 (java windows)
Content-Length: 103
Content-Type: application/json; charset=utf-8
host: localhost:10889
accept: */*

Response DefaultHttpResponse(decodeResult: success, version: HTTP/1.1)
HTTP/1.1 200 OK
content-type: application/json; charset=utf-8
cache-control: no-cache
content-length: 88
date: Thu, 25 Jun 2020 12:50:15 GMT

15:50:15.076 [AsyncHttpClient-3-1] DEBUG o.a.netty.channel.ChannelManager - Adding key: http://localhost:10889 for channel [id: 0x7c68b8df, L:/127.0.0.1:64390 - R:localhost/127.0.0.1:10889]
15:50:15.077 [Forwarding getElementText on session 14f61660-7bcc-4279-b6a3-7163a94e0626 to remote] DEBUG o.a.netty.request.NettyRequestSender - Using pooled Channel '[id: 0x7c68b8df, L:/127.0.0.1:64390 - R:localhost/127.0.0.1:10889]' for 'GET' to 'http://localhost:10889/session/14f61660-7bcc-4279-b6a3-7163a94e0626/element/ab17156a-6831-4019-ba5e-325c103cd1fe/text'
15:50:15.077 [Forwarding getElementText on session 14f61660-7bcc-4279-b6a3-7163a94e0626 to remote] DEBUG o.a.netty.request.NettyRequestSender - Using open Channel [id: 0x7c68b8df, L:/127.0.0.1:64390 - R:localhost/127.0.0.1:10889] for GET '/session/14f61660-7bcc-4279-b6a3-7163a94e0626/element/ab17156a-6831-4019-ba5e-325c103cd1fe/text'
15:50:15.081 [AsyncHttpClient-3-1] DEBUG o.a.netty.handler.HttpHandler - 

Request DefaultFullHttpRequest(decodeResult: success, version: HTTP/1.1, content: EmptyByteBufBE)
GET /session/14f61660-7bcc-4279-b6a3-7163a94e0626/element/ab17156a-6831-4019-ba5e-325c103cd1fe/text HTTP/1.1
User-Agent: selenium/4.0.0-alpha-5 (java windows)
Cache-Control: no-cache
host: localhost:10889
accept: */*

Response DefaultHttpResponse(decodeResult: success, version: HTTP/1.1)
HTTP/1.1 200 OK
content-type: application/json; charset=utf-8
cache-control: no-cache
content-length: 43
date: Thu, 25 Jun 2020 12:50:15 GMT

15:50:15.082 [AsyncHttpClient-3-1] DEBUG o.a.netty.channel.ChannelManager - Adding key: http://localhost:10889 for channel [id: 0x7c68b8df, L:/127.0.0.1:64390 - R:localhost/127.0.0.1:10889]
15:50:15.082 [Forwarding findChildElement on session 14f61660-7bcc-4279-b6a3-7163a94e0626 to remote] DEBUG o.a.netty.request.NettyRequestSender - Using pooled Channel '[id: 0x7c68b8df, L:/127.0.0.1:64390 - R:localhost/127.0.0.1:10889]' for 'POST' to 'http://localhost:10889/session/14f61660-7bcc-4279-b6a3-7163a94e0626/element/1945fe4a-0f76-4cb8-9575-170b11445af6/element'
15:50:15.082 [Forwarding findChildElement on session 14f61660-7bcc-4279-b6a3-7163a94e0626 to remote] DEBUG o.a.netty.request.NettyRequestSender - Using open Channel [id: 0x7c68b8df, L:/127.0.0.1:64390 - R:localhost/127.0.0.1:10889] for POST '/session/14f61660-7bcc-4279-b6a3-7163a94e0626/element/1945fe4a-0f76-4cb8-9575-170b11445af6/element'
15:50:15.087 [AsyncHttpClient-3-1] DEBUG o.a.netty.handler.HttpHandler - 

Request DefaultHttpRequest(decodeResult: success, version: HTTP/1.1)
POST /session/14f61660-7bcc-4279-b6a3-7163a94e0626/element/1945fe4a-0f76-4cb8-9575-170b11445af6/element HTTP/1.1
User-Agent: selenium/4.0.0-alpha-5 (java windows)
Content-Length: 103
Content-Type: application/json; charset=utf-8
host: localhost:10889
accept: */*

Response DefaultHttpResponse(decodeResult: success, version: HTTP/1.1)
HTTP/1.1 200 OK
content-type: application/json; charset=utf-8
cache-control: no-cache
content-length: 88
date: Thu, 25 Jun 2020 12:50:15 GMT

15:50:15.087 [AsyncHttpClient-3-1] DEBUG o.a.netty.channel.ChannelManager - Adding key: http://localhost:10889 for channel [id: 0x7c68b8df, L:/127.0.0.1:64390 - R:localhost/127.0.0.1:10889]
15:50:15.087 [Forwarding getElementText on session 14f61660-7bcc-4279-b6a3-7163a94e0626 to remote] DEBUG o.a.netty.request.NettyRequestSender - Using pooled Channel '[id: 0x7c68b8df, L:/127.0.0.1:64390 - R:localhost/127.0.0.1:10889]' for 'GET' to 'http://localhost:10889/session/14f61660-7bcc-4279-b6a3-7163a94e0626/element/153b10a9-110b-487b-bf7b-27bf4c2bb3a1/text'
15:50:15.087 [Forwarding getElementText on session 14f61660-7bcc-4279-b6a3-7163a94e0626 to remote] DEBUG o.a.netty.request.NettyRequestSender - Using open Channel [id: 0x7c68b8df, L:/127.0.0.1:64390 - R:localhost/127.0.0.1:10889] for GET '/session/14f61660-7bcc-4279-b6a3-7163a94e0626/element/153b10a9-110b-487b-bf7b-27bf4c2bb3a1/text'
15:50:15.094 [AsyncHttpClient-3-1] DEBUG o.a.netty.handler.HttpHandler - 

Request DefaultFullHttpRequest(decodeResult: success, version: HTTP/1.1, content: EmptyByteBufBE)
GET /session/14f61660-7bcc-4279-b6a3-7163a94e0626/element/153b10a9-110b-487b-bf7b-27bf4c2bb3a1/text HTTP/1.1
User-Agent: selenium/4.0.0-alpha-5 (java windows)
Cache-Control: no-cache
host: localhost:10889
accept: */*

Response DefaultHttpResponse(decodeResult: success, version: HTTP/1.1)
HTTP/1.1 200 OK
content-type: application/json; charset=utf-8
cache-control: no-cache
content-length: 60
date: Thu, 25 Jun 2020 12:50:15 GMT

15:50:15.095 [AsyncHttpClient-3-1] DEBUG o.a.netty.channel.ChannelManager - Adding key: http://localhost:10889 for channel [id: 0x7c68b8df, L:/127.0.0.1:64390 - R:localhost/127.0.0.1:10889]
15:50:15.095 [Forwarding findChildElement on session 14f61660-7bcc-4279-b6a3-7163a94e0626 to remote] DEBUG o.a.netty.request.NettyRequestSender - Using pooled Channel '[id: 0x7c68b8df, L:/127.0.0.1:64390 - R:localhost/127.0.0.1:10889]' for 'POST' to 'http://localhost:10889/session/14f61660-7bcc-4279-b6a3-7163a94e0626/element/1945fe4a-0f76-4cb8-9575-170b11445af6/element'
15:50:15.095 [Forwarding findChildElement on session 14f61660-7bcc-4279-b6a3-7163a94e0626 to remote] DEBUG o.a.netty.request.NettyRequestSender - Using open Channel [id: 0x7c68b8df, L:/127.0.0.1:64390 - R:localhost/127.0.0.1:10889] for POST '/session/14f61660-7bcc-4279-b6a3-7163a94e0626/element/1945fe4a-0f76-4cb8-9575-170b11445af6/element'
15:50:15.099 [AsyncHttpClient-3-1] DEBUG o.a.netty.handler.HttpHandler - 

Request DefaultHttpRequest(decodeResult: success, version: HTTP/1.1)
POST /session/14f61660-7bcc-4279-b6a3-7163a94e0626/element/1945fe4a-0f76-4cb8-9575-170b11445af6/element HTTP/1.1
User-Agent: selenium/4.0.0-alpha-5 (java windows)
Content-Length: 97
Content-Type: application/json; charset=utf-8
host: localhost:10889
accept: */*

Response DefaultHttpResponse(decodeResult: success, version: HTTP/1.1)
HTTP/1.1 200 OK
content-type: application/json; charset=utf-8
cache-control: no-cache
content-length: 88
date: Thu, 25 Jun 2020 12:50:15 GMT

15:50:15.099 [AsyncHttpClient-3-1] DEBUG o.a.netty.channel.ChannelManager - Adding key: http://localhost:10889 for channel [id: 0x7c68b8df, L:/127.0.0.1:64390 - R:localhost/127.0.0.1:10889]
15:50:15.102 [Forwarding getElementAttribute on session 14f61660-7bcc-4279-b6a3-7163a94e0626 to remote] DEBUG o.a.netty.request.NettyRequestSender - Using pooled Channel '[id: 0x7c68b8df, L:/127.0.0.1:64390 - R:localhost/127.0.0.1:10889]' for 'POST' to 'http://localhost:10889/session/14f61660-7bcc-4279-b6a3-7163a94e0626/execute/sync'
15:50:15.102 [Forwarding getElementAttribute on session 14f61660-7bcc-4279-b6a3-7163a94e0626 to remote] DEBUG o.a.netty.request.NettyRequestSender - Using open Channel [id: 0x7c68b8df, L:/127.0.0.1:64390 - R:localhost/127.0.0.1:10889] for POST '/session/14f61660-7bcc-4279-b6a3-7163a94e0626/execute/sync'
15:50:15.114 [AsyncHttpClient-3-1] DEBUG o.a.netty.handler.HttpHandler - 

Request DefaultHttpRequest(decodeResult: success, version: HTTP/1.1)
POST /session/14f61660-7bcc-4279-b6a3-7163a94e0626/execute/sync HTTP/1.1
User-Agent: selenium/4.0.0-alpha-5 (java windows)
Content-Length: 39635
Content-Type: application/json; charset=utf-8
host: localhost:10889
accept: */*

Response DefaultHttpResponse(decodeResult: success, version: HTTP/1.1)
HTTP/1.1 200 OK
content-type: application/json; charset=utf-8
cache-control: no-cache
content-length: 15
date: Thu, 25 Jun 2020 12:50:15 GMT

15:50:15.114 [AsyncHttpClient-3-1] DEBUG o.a.netty.channel.ChannelManager - Adding key: http://localhost:10889 for channel [id: 0x7c68b8df, L:/127.0.0.1:64390 - R:localhost/127.0.0.1:10889]
15:50:15.115 [Forwarding findChildElement on session 14f61660-7bcc-4279-b6a3-7163a94e0626 to remote] DEBUG o.a.netty.request.NettyRequestSender - Using pooled Channel '[id: 0x7c68b8df, L:/127.0.0.1:64390 - R:localhost/127.0.0.1:10889]' for 'POST' to 'http://localhost:10889/session/14f61660-7bcc-4279-b6a3-7163a94e0626/element/7157fbe6-ac72-4350-9160-c61132b0d1bb/element'
15:50:15.115 [Forwarding findChildElement on session 14f61660-7bcc-4279-b6a3-7163a94e0626 to remote] DEBUG o.a.netty.request.NettyRequestSender - Using open Channel [id: 0x7c68b8df, L:/127.0.0.1:64390 - R:localhost/127.0.0.1:10889] for POST '/session/14f61660-7bcc-4279-b6a3-7163a94e0626/element/7157fbe6-ac72-4350-9160-c61132b0d1bb/element'
15:50:15.119 [AsyncHttpClient-3-1] DEBUG o.a.netty.handler.HttpHandler - 

Request DefaultHttpRequest(decodeResult: success, version: HTTP/1.1)
POST /session/14f61660-7bcc-4279-b6a3-7163a94e0626/element/7157fbe6-ac72-4350-9160-c61132b0d1bb/element HTTP/1.1
User-Agent: selenium/4.0.0-alpha-5 (java windows)
Content-Length: 103
Content-Type: application/json; charset=utf-8
host: localhost:10889
accept: */*

Response DefaultHttpResponse(decodeResult: success, version: HTTP/1.1)
HTTP/1.1 200 OK
content-type: application/json; charset=utf-8
cache-control: no-cache
content-length: 88
date: Thu, 25 Jun 2020 12:50:15 GMT

15:50:15.119 [AsyncHttpClient-3-1] DEBUG o.a.netty.channel.ChannelManager - Adding key: http://localhost:10889 for channel [id: 0x7c68b8df, L:/127.0.0.1:64390 - R:localhost/127.0.0.1:10889]
15:50:15.119 [Forwarding getElementText on session 14f61660-7bcc-4279-b6a3-7163a94e0626 to remote] DEBUG o.a.netty.request.NettyRequestSender - Using pooled Channel '[id: 0x7c68b8df, L:/127.0.0.1:64390 - R:localhost/127.0.0.1:10889]' for 'GET' to 'http://localhost:10889/session/14f61660-7bcc-4279-b6a3-7163a94e0626/element/ca08b77d-1a47-4876-b071-a1b891358c9d/text'
15:50:15.119 [Forwarding getElementText on session 14f61660-7bcc-4279-b6a3-7163a94e0626 to remote] DEBUG o.a.netty.request.NettyRequestSender - Using open Channel [id: 0x7c68b8df, L:/127.0.0.1:64390 - R:localhost/127.0.0.1:10889] for GET '/session/14f61660-7bcc-4279-b6a3-7163a94e0626/element/ca08b77d-1a47-4876-b071-a1b891358c9d/text'
15:50:15.123 [AsyncHttpClient-3-1] DEBUG o.a.netty.handler.HttpHandler - 

Request DefaultFullHttpRequest(decodeResult: success, version: HTTP/1.1, content: EmptyByteBufBE)
GET /session/14f61660-7bcc-4279-b6a3-7163a94e0626/element/ca08b77d-1a47-4876-b071-a1b891358c9d/text HTTP/1.1
User-Agent: selenium/4.0.0-alpha-5 (java windows)
Cache-Control: no-cache
host: localhost:10889
accept: */*

Response DefaultHttpResponse(decodeResult: success, version: HTTP/1.1)
HTTP/1.1 200 OK
content-type: application/json; charset=utf-8
cache-control: no-cache
content-length: 19
date: Thu, 25 Jun 2020 12:50:15 GMT

15:50:15.123 [AsyncHttpClient-3-1] DEBUG o.a.netty.channel.ChannelManager - Adding key: http://localhost:10889 for channel [id: 0x7c68b8df, L:/127.0.0.1:64390 - R:localhost/127.0.0.1:10889]
15:50:15.124 [Forwarding findChildElement on session 14f61660-7bcc-4279-b6a3-7163a94e0626 to remote] DEBUG o.a.netty.request.NettyRequestSender - Using pooled Channel '[id: 0x7c68b8df, L:/127.0.0.1:64390 - R:localhost/127.0.0.1:10889]' for 'POST' to 'http://localhost:10889/session/14f61660-7bcc-4279-b6a3-7163a94e0626/element/7157fbe6-ac72-4350-9160-c61132b0d1bb/element'
15:50:15.124 [Forwarding findChildElement on session 14f61660-7bcc-4279-b6a3-7163a94e0626 to remote] DEBUG o.a.netty.request.NettyRequestSender - Using open Channel [id: 0x7c68b8df, L:/127.0.0.1:64390 - R:localhost/127.0.0.1:10889] for POST '/session/14f61660-7bcc-4279-b6a3-7163a94e0626/element/7157fbe6-ac72-4350-9160-c61132b0d1bb/element'
15:50:15.127 [AsyncHttpClient-3-1] DEBUG o.a.netty.handler.HttpHandler - 

Request DefaultHttpRequest(decodeResult: success, version: HTTP/1.1)
POST /session/14f61660-7bcc-4279-b6a3-7163a94e0626/element/7157fbe6-ac72-4350-9160-c61132b0d1bb/element HTTP/1.1
User-Agent: selenium/4.0.0-alpha-5 (java windows)
Content-Length: 103
Content-Type: application/json; charset=utf-8
host: localhost:10889
accept: */*

Response DefaultHttpResponse(decodeResult: success, version: HTTP/1.1)
HTTP/1.1 200 OK
content-type: application/json; charset=utf-8
cache-control: no-cache
content-length: 88
date: Thu, 25 Jun 2020 12:50:15 GMT

15:50:15.127 [AsyncHttpClient-3-1] DEBUG o.a.netty.channel.ChannelManager - Adding key: http://localhost:10889 for channel [id: 0x7c68b8df, L:/127.0.0.1:64390 - R:localhost/127.0.0.1:10889]
15:50:15.128 [Forwarding getElementText on session 14f61660-7bcc-4279-b6a3-7163a94e0626 to remote] DEBUG o.a.netty.request.NettyRequestSender - Using pooled Channel '[id: 0x7c68b8df, L:/127.0.0.1:64390 - R:localhost/127.0.0.1:10889]' for 'GET' to 'http://localhost:10889/session/14f61660-7bcc-4279-b6a3-7163a94e0626/element/a3e604b0-5682-43ad-afa9-8d9170f23487/text'
15:50:15.128 [Forwarding getElementText on session 14f61660-7bcc-4279-b6a3-7163a94e0626 to remote] DEBUG o.a.netty.request.NettyRequestSender - Using open Channel [id: 0x7c68b8df, L:/127.0.0.1:64390 - R:localhost/127.0.0.1:10889] for GET '/session/14f61660-7bcc-4279-b6a3-7163a94e0626/element/a3e604b0-5682-43ad-afa9-8d9170f23487/text'
15:50:15.132 [AsyncHttpClient-3-1] DEBUG o.a.netty.handler.HttpHandler - 

Request DefaultFullHttpRequest(decodeResult: success, version: HTTP/1.1, content: EmptyByteBufBE)
GET /session/14f61660-7bcc-4279-b6a3-7163a94e0626/element/a3e604b0-5682-43ad-afa9-8d9170f23487/text HTTP/1.1
User-Agent: selenium/4.0.0-alpha-5 (java windows)
Cache-Control: no-cache
host: localhost:10889
accept: */*

Response DefaultHttpResponse(decodeResult: success, version: HTTP/1.1)
HTTP/1.1 200 OK
content-type: application/json; charset=utf-8
cache-control: no-cache
content-length: 19
date: Thu, 25 Jun 2020 12:50:15 GMT

15:50:15.132 [AsyncHttpClient-3-1] DEBUG o.a.netty.channel.ChannelManager - Adding key: http://localhost:10889 for channel [id: 0x7c68b8df, L:/127.0.0.1:64390 - R:localhost/127.0.0.1:10889]
15:50:15.132 [Forwarding findChildElement on session 14f61660-7bcc-4279-b6a3-7163a94e0626 to remote] DEBUG o.a.netty.request.NettyRequestSender - Using pooled Channel '[id: 0x7c68b8df, L:/127.0.0.1:64390 - R:localhost/127.0.0.1:10889]' for 'POST' to 'http://localhost:10889/session/14f61660-7bcc-4279-b6a3-7163a94e0626/element/7157fbe6-ac72-4350-9160-c61132b0d1bb/element'
15:50:15.132 [Forwarding findChildElement on session 14f61660-7bcc-4279-b6a3-7163a94e0626 to remote] DEBUG o.a.netty.request.NettyRequestSender - Using open Channel [id: 0x7c68b8df, L:/127.0.0.1:64390 - R:localhost/127.0.0.1:10889] for POST '/session/14f61660-7bcc-4279-b6a3-7163a94e0626/element/7157fbe6-ac72-4350-9160-c61132b0d1bb/element'
15:50:15.136 [AsyncHttpClient-3-1] DEBUG o.a.netty.handler.HttpHandler - 

Request DefaultHttpRequest(decodeResult: success, version: HTTP/1.1)
POST /session/14f61660-7bcc-4279-b6a3-7163a94e0626/element/7157fbe6-ac72-4350-9160-c61132b0d1bb/element HTTP/1.1
User-Agent: selenium/4.0.0-alpha-5 (java windows)
Content-Length: 103
Content-Type: application/json; charset=utf-8
host: localhost:10889
accept: */*

Response DefaultHttpResponse(decodeResult: success, version: HTTP/1.1)
HTTP/1.1 200 OK
content-type: application/json; charset=utf-8
cache-control: no-cache
content-length: 88
date: Thu, 25 Jun 2020 12:50:15 GMT

15:50:15.136 [AsyncHttpClient-3-1] DEBUG o.a.netty.channel.ChannelManager - Adding key: http://localhost:10889 for channel [id: 0x7c68b8df, L:/127.0.0.1:64390 - R:localhost/127.0.0.1:10889]
15:50:15.136 [Forwarding getElementText on session 14f61660-7bcc-4279-b6a3-7163a94e0626 to remote] DEBUG o.a.netty.request.NettyRequestSender - Using pooled Channel '[id: 0x7c68b8df, L:/127.0.0.1:64390 - R:localhost/127.0.0.1:10889]' for 'GET' to 'http://localhost:10889/session/14f61660-7bcc-4279-b6a3-7163a94e0626/element/50443e4a-6aa8-4bce-9137-8984b579061e/text'
15:50:15.136 [Forwarding getElementText on session 14f61660-7bcc-4279-b6a3-7163a94e0626 to remote] DEBUG o.a.netty.request.NettyRequestSender - Using open Channel [id: 0x7c68b8df, L:/127.0.0.1:64390 - R:localhost/127.0.0.1:10889] for GET '/session/14f61660-7bcc-4279-b6a3-7163a94e0626/element/50443e4a-6aa8-4bce-9137-8984b579061e/text'
15:50:15.141 [AsyncHttpClient-3-1] DEBUG o.a.netty.handler.HttpHandler - 

Request DefaultFullHttpRequest(decodeResult: success, version: HTTP/1.1, content: EmptyByteBufBE)
GET /session/14f61660-7bcc-4279-b6a3-7163a94e0626/element/50443e4a-6aa8-4bce-9137-8984b579061e/text HTTP/1.1
User-Agent: selenium/4.0.0-alpha-5 (java windows)
Cache-Control: no-cache
host: localhost:10889
accept: */*

Response DefaultHttpResponse(decodeResult: success, version: HTTP/1.1)
HTTP/1.1 200 OK
content-type: application/json; charset=utf-8
cache-control: no-cache
content-length: 23
date: Thu, 25 Jun 2020 12:50:15 GMT

15:50:15.141 [AsyncHttpClient-3-1] DEBUG o.a.netty.channel.ChannelManager - Adding key: http://localhost:10889 for channel [id: 0x7c68b8df, L:/127.0.0.1:64390 - R:localhost/127.0.0.1:10889]
15:50:15.141 [Forwarding findChildElement on session 14f61660-7bcc-4279-b6a3-7163a94e0626 to remote] DEBUG o.a.netty.request.NettyRequestSender - Using pooled Channel '[id: 0x7c68b8df, L:/127.0.0.1:64390 - R:localhost/127.0.0.1:10889]' for 'POST' to 'http://localhost:10889/session/14f61660-7bcc-4279-b6a3-7163a94e0626/element/7157fbe6-ac72-4350-9160-c61132b0d1bb/element'
15:50:15.141 [Forwarding findChildElement on session 14f61660-7bcc-4279-b6a3-7163a94e0626 to remote] DEBUG o.a.netty.request.NettyRequestSender - Using open Channel [id: 0x7c68b8df, L:/127.0.0.1:64390 - R:localhost/127.0.0.1:10889] for POST '/session/14f61660-7bcc-4279-b6a3-7163a94e0626/element/7157fbe6-ac72-4350-9160-c61132b0d1bb/element'
15:50:15.145 [AsyncHttpClient-3-1] DEBUG o.a.netty.handler.HttpHandler - 

Request DefaultHttpRequest(decodeResult: success, version: HTTP/1.1)
POST /session/14f61660-7bcc-4279-b6a3-7163a94e0626/element/7157fbe6-ac72-4350-9160-c61132b0d1bb/element HTTP/1.1
User-Agent: selenium/4.0.0-alpha-5 (java windows)
Content-Length: 103
Content-Type: application/json; charset=utf-8
host: localhost:10889
accept: */*

Response DefaultHttpResponse(decodeResult: success, version: HTTP/1.1)
HTTP/1.1 200 OK
content-type: application/json; charset=utf-8
cache-control: no-cache
content-length: 88
date: Thu, 25 Jun 2020 12:50:15 GMT

15:50:15.146 [AsyncHttpClient-3-1] DEBUG o.a.netty.channel.ChannelManager - Adding key: http://localhost:10889 for channel [id: 0x7c68b8df, L:/127.0.0.1:64390 - R:localhost/127.0.0.1:10889]
15:50:15.146 [Forwarding getElementText on session 14f61660-7bcc-4279-b6a3-7163a94e0626 to remote] DEBUG o.a.netty.request.NettyRequestSender - Using pooled Channel '[id: 0x7c68b8df, L:/127.0.0.1:64390 - R:localhost/127.0.0.1:10889]' for 'GET' to 'http://localhost:10889/session/14f61660-7bcc-4279-b6a3-7163a94e0626/element/fab63727-2054-4651-958a-308817a46313/text'
15:50:15.146 [Forwarding getElementText on session 14f61660-7bcc-4279-b6a3-7163a94e0626 to remote] DEBUG o.a.netty.request.NettyRequestSender - Using open Channel [id: 0x7c68b8df, L:/127.0.0.1:64390 - R:localhost/127.0.0.1:10889] for GET '/session/14f61660-7bcc-4279-b6a3-7163a94e0626/element/fab63727-2054-4651-958a-308817a46313/text'
15:50:15.151 [AsyncHttpClient-3-1] DEBUG o.a.netty.handler.HttpHandler - 

Request DefaultFullHttpRequest(decodeResult: success, version: HTTP/1.1, content: EmptyByteBufBE)
GET /session/14f61660-7bcc-4279-b6a3-7163a94e0626/element/fab63727-2054-4651-958a-308817a46313/text HTTP/1.1
User-Agent: selenium/4.0.0-alpha-5 (java windows)
Cache-Control: no-cache
host: localhost:10889
accept: */*

Response DefaultHttpResponse(decodeResult: success, version: HTTP/1.1)
HTTP/1.1 200 OK
content-type: application/json; charset=utf-8
cache-control: no-cache
content-length: 45
date: Thu, 25 Jun 2020 12:50:15 GMT

15:50:15.151 [AsyncHttpClient-3-1] DEBUG o.a.netty.channel.ChannelManager - Adding key: http://localhost:10889 for channel [id: 0x7c68b8df, L:/127.0.0.1:64390 - R:localhost/127.0.0.1:10889]
15:50:15.151 [Forwarding findChildElement on session 14f61660-7bcc-4279-b6a3-7163a94e0626 to remote] DEBUG o.a.netty.request.NettyRequestSender - Using pooled Channel '[id: 0x7c68b8df, L:/127.0.0.1:64390 - R:localhost/127.0.0.1:10889]' for 'POST' to 'http://localhost:10889/session/14f61660-7bcc-4279-b6a3-7163a94e0626/element/7157fbe6-ac72-4350-9160-c61132b0d1bb/element'
15:50:15.151 [Forwarding findChildElement on session 14f61660-7bcc-4279-b6a3-7163a94e0626 to remote] DEBUG o.a.netty.request.NettyRequestSender - Using open Channel [id: 0x7c68b8df, L:/127.0.0.1:64390 - R:localhost/127.0.0.1:10889] for POST '/session/14f61660-7bcc-4279-b6a3-7163a94e0626/element/7157fbe6-ac72-4350-9160-c61132b0d1bb/element'
15:50:15.155 [AsyncHttpClient-3-1] DEBUG o.a.netty.handler.HttpHandler - 

Request DefaultHttpRequest(decodeResult: success, version: HTTP/1.1)
POST /session/14f61660-7bcc-4279-b6a3-7163a94e0626/element/7157fbe6-ac72-4350-9160-c61132b0d1bb/element HTTP/1.1
User-Agent: selenium/4.0.0-alpha-5 (java windows)
Content-Length: 103
Content-Type: application/json; charset=utf-8
host: localhost:10889
accept: */*

Response DefaultHttpResponse(decodeResult: success, version: HTTP/1.1)
HTTP/1.1 200 OK
content-type: application/json; charset=utf-8
cache-control: no-cache
content-length: 88
date: Thu, 25 Jun 2020 12:50:15 GMT

15:50:15.155 [AsyncHttpClient-3-1] DEBUG o.a.netty.channel.ChannelManager - Adding key: http://localhost:10889 for channel [id: 0x7c68b8df, L:/127.0.0.1:64390 - R:localhost/127.0.0.1:10889]
15:50:15.156 [Forwarding getElementText on session 14f61660-7bcc-4279-b6a3-7163a94e0626 to remote] DEBUG o.a.netty.request.NettyRequestSender - Using pooled Channel '[id: 0x7c68b8df, L:/127.0.0.1:64390 - R:localhost/127.0.0.1:10889]' for 'GET' to 'http://localhost:10889/session/14f61660-7bcc-4279-b6a3-7163a94e0626/element/43d0e695-3b7d-4d41-a6c2-ec6201524e80/text'
15:50:15.156 [Forwarding getElementText on session 14f61660-7bcc-4279-b6a3-7163a94e0626 to remote] DEBUG o.a.netty.request.NettyRequestSender - Using open Channel [id: 0x7c68b8df, L:/127.0.0.1:64390 - R:localhost/127.0.0.1:10889] for GET '/session/14f61660-7bcc-4279-b6a3-7163a94e0626/element/43d0e695-3b7d-4d41-a6c2-ec6201524e80/text'
15:50:15.163 [AsyncHttpClient-3-1] DEBUG o.a.netty.handler.HttpHandler - 

Request DefaultFullHttpRequest(decodeResult: success, version: HTTP/1.1, content: EmptyByteBufBE)
GET /session/14f61660-7bcc-4279-b6a3-7163a94e0626/element/43d0e695-3b7d-4d41-a6c2-ec6201524e80/text HTTP/1.1
User-Agent: selenium/4.0.0-alpha-5 (java windows)
Cache-Control: no-cache
host: localhost:10889
accept: */*

Response DefaultHttpResponse(decodeResult: success, version: HTTP/1.1)
HTTP/1.1 200 OK
content-type: application/json; charset=utf-8
cache-control: no-cache
content-length: 62
date: Thu, 25 Jun 2020 12:50:15 GMT

15:50:15.163 [AsyncHttpClient-3-1] DEBUG o.a.netty.channel.ChannelManager - Adding key: http://localhost:10889 for channel [id: 0x7c68b8df, L:/127.0.0.1:64390 - R:localhost/127.0.0.1:10889]
15:50:15.163 [Forwarding findChildElement on session 14f61660-7bcc-4279-b6a3-7163a94e0626 to remote] DEBUG o.a.netty.request.NettyRequestSender - Using pooled Channel '[id: 0x7c68b8df, L:/127.0.0.1:64390 - R:localhost/127.0.0.1:10889]' for 'POST' to 'http://localhost:10889/session/14f61660-7bcc-4279-b6a3-7163a94e0626/element/7157fbe6-ac72-4350-9160-c61132b0d1bb/element'
15:50:15.163 [Forwarding findChildElement on session 14f61660-7bcc-4279-b6a3-7163a94e0626 to remote] DEBUG o.a.netty.request.NettyRequestSender - Using open Channel [id: 0x7c68b8df, L:/127.0.0.1:64390 - R:localhost/127.0.0.1:10889] for POST '/session/14f61660-7bcc-4279-b6a3-7163a94e0626/element/7157fbe6-ac72-4350-9160-c61132b0d1bb/element'
15:50:15.167 [AsyncHttpClient-3-1] DEBUG o.a.netty.handler.HttpHandler - 

Request DefaultHttpRequest(decodeResult: success, version: HTTP/1.1)
POST /session/14f61660-7bcc-4279-b6a3-7163a94e0626/element/7157fbe6-ac72-4350-9160-c61132b0d1bb/element HTTP/1.1
User-Agent: selenium/4.0.0-alpha-5 (java windows)
Content-Length: 97
Content-Type: application/json; charset=utf-8
host: localhost:10889
accept: */*

Response DefaultHttpResponse(decodeResult: success, version: HTTP/1.1)
HTTP/1.1 200 OK
content-type: application/json; charset=utf-8
cache-control: no-cache
content-length: 88
date: Thu, 25 Jun 2020 12:50:15 GMT

15:50:15.167 [AsyncHttpClient-3-1] DEBUG o.a.netty.channel.ChannelManager - Adding key: http://localhost:10889 for channel [id: 0x7c68b8df, L:/127.0.0.1:64390 - R:localhost/127.0.0.1:10889]
15:50:15.170 [Forwarding getElementAttribute on session 14f61660-7bcc-4279-b6a3-7163a94e0626 to remote] DEBUG o.a.netty.request.NettyRequestSender - Using pooled Channel '[id: 0x7c68b8df, L:/127.0.0.1:64390 - R:localhost/127.0.0.1:10889]' for 'POST' to 'http://localhost:10889/session/14f61660-7bcc-4279-b6a3-7163a94e0626/execute/sync'
15:50:15.170 [Forwarding getElementAttribute on session 14f61660-7bcc-4279-b6a3-7163a94e0626 to remote] DEBUG o.a.netty.request.NettyRequestSender - Using open Channel [id: 0x7c68b8df, L:/127.0.0.1:64390 - R:localhost/127.0.0.1:10889] for POST '/session/14f61660-7bcc-4279-b6a3-7163a94e0626/execute/sync'
15:50:15.182 [AsyncHttpClient-3-1] DEBUG o.a.netty.handler.HttpHandler - 

Request DefaultHttpRequest(decodeResult: success, version: HTTP/1.1)
POST /session/14f61660-7bcc-4279-b6a3-7163a94e0626/execute/sync HTTP/1.1
User-Agent: selenium/4.0.0-alpha-5 (java windows)
Content-Length: 39635
Content-Type: application/json; charset=utf-8
host: localhost:10889
accept: */*

Response DefaultHttpResponse(decodeResult: success, version: HTTP/1.1)
HTTP/1.1 200 OK
content-type: application/json; charset=utf-8
cache-control: no-cache
content-length: 15
date: Thu, 25 Jun 2020 12:50:15 GMT

15:50:15.183 [AsyncHttpClient-3-1] DEBUG o.a.netty.channel.ChannelManager - Adding key: http://localhost:10889 for channel [id: 0x7c68b8df, L:/127.0.0.1:64390 - R:localhost/127.0.0.1:10889]
15:50:15.183 [Forwarding findChildElement on session 14f61660-7bcc-4279-b6a3-7163a94e0626 to remote] DEBUG o.a.netty.request.NettyRequestSender - Using pooled Channel '[id: 0x7c68b8df, L:/127.0.0.1:64390 - R:localhost/127.0.0.1:10889]' for 'POST' to 'http://localhost:10889/session/14f61660-7bcc-4279-b6a3-7163a94e0626/element/8437f73f-83e9-485c-be31-5a32fb4dc754/element'
15:50:15.183 [Forwarding findChildElement on session 14f61660-7bcc-4279-b6a3-7163a94e0626 to remote] DEBUG o.a.netty.request.NettyRequestSender - Using open Channel [id: 0x7c68b8df, L:/127.0.0.1:64390 - R:localhost/127.0.0.1:10889] for POST '/session/14f61660-7bcc-4279-b6a3-7163a94e0626/element/8437f73f-83e9-485c-be31-5a32fb4dc754/element'
15:50:15.187 [AsyncHttpClient-3-1] DEBUG o.a.netty.handler.HttpHandler - 

Request DefaultHttpRequest(decodeResult: success, version: HTTP/1.1)
POST /session/14f61660-7bcc-4279-b6a3-7163a94e0626/element/8437f73f-83e9-485c-be31-5a32fb4dc754/element HTTP/1.1
User-Agent: selenium/4.0.0-alpha-5 (java windows)
Content-Length: 103
Content-Type: application/json; charset=utf-8
host: localhost:10889
accept: */*

Response DefaultHttpResponse(decodeResult: success, version: HTTP/1.1)
HTTP/1.1 200 OK
content-type: application/json; charset=utf-8
cache-control: no-cache
content-length: 88
date: Thu, 25 Jun 2020 12:50:15 GMT

15:50:15.187 [AsyncHttpClient-3-1] DEBUG o.a.netty.channel.ChannelManager - Adding key: http://localhost:10889 for channel [id: 0x7c68b8df, L:/127.0.0.1:64390 - R:localhost/127.0.0.1:10889]
15:50:15.188 [Forwarding getElementText on session 14f61660-7bcc-4279-b6a3-7163a94e0626 to remote] DEBUG o.a.netty.request.NettyRequestSender - Using pooled Channel '[id: 0x7c68b8df, L:/127.0.0.1:64390 - R:localhost/127.0.0.1:10889]' for 'GET' to 'http://localhost:10889/session/14f61660-7bcc-4279-b6a3-7163a94e0626/element/cc88d9d8-d162-437d-807d-d074c1561260/text'
15:50:15.188 [Forwarding getElementText on session 14f61660-7bcc-4279-b6a3-7163a94e0626 to remote] DEBUG o.a.netty.request.NettyRequestSender - Using open Channel [id: 0x7c68b8df, L:/127.0.0.1:64390 - R:localhost/127.0.0.1:10889] for GET '/session/14f61660-7bcc-4279-b6a3-7163a94e0626/element/cc88d9d8-d162-437d-807d-d074c1561260/text'
15:50:15.192 [AsyncHttpClient-3-1] DEBUG o.a.netty.handler.HttpHandler - 

Request DefaultFullHttpRequest(decodeResult: success, version: HTTP/1.1, content: EmptyByteBufBE)
GET /session/14f61660-7bcc-4279-b6a3-7163a94e0626/element/cc88d9d8-d162-437d-807d-d074c1561260/text HTTP/1.1
User-Agent: selenium/4.0.0-alpha-5 (java windows)
Cache-Control: no-cache
host: localhost:10889
accept: */*

Response DefaultHttpResponse(decodeResult: success, version: HTTP/1.1)
HTTP/1.1 200 OK
content-type: application/json; charset=utf-8
cache-control: no-cache
content-length: 19
date: Thu, 25 Jun 2020 12:50:15 GMT

15:50:15.192 [AsyncHttpClient-3-1] DEBUG o.a.netty.channel.ChannelManager - Adding key: http://localhost:10889 for channel [id: 0x7c68b8df, L:/127.0.0.1:64390 - R:localhost/127.0.0.1:10889]
15:50:15.195 [Forwarding findChildElement on session 14f61660-7bcc-4279-b6a3-7163a94e0626 to remote] DEBUG o.a.netty.request.NettyRequestSender - Using pooled Channel '[id: 0x7c68b8df, L:/127.0.0.1:64390 - R:localhost/127.0.0.1:10889]' for 'POST' to 'http://localhost:10889/session/14f61660-7bcc-4279-b6a3-7163a94e0626/element/8437f73f-83e9-485c-be31-5a32fb4dc754/element'
15:50:15.196 [Forwarding findChildElement on session 14f61660-7bcc-4279-b6a3-7163a94e0626 to remote] DEBUG o.a.netty.request.NettyRequestSender - Using open Channel [id: 0x7c68b8df, L:/127.0.0.1:64390 - R:localhost/127.0.0.1:10889] for POST '/session/14f61660-7bcc-4279-b6a3-7163a94e0626/element/8437f73f-83e9-485c-be31-5a32fb4dc754/element'
15:50:15.199 [AsyncHttpClient-3-1] DEBUG o.a.netty.handler.HttpHandler - 

Request DefaultHttpRequest(decodeResult: success, version: HTTP/1.1)
POST /session/14f61660-7bcc-4279-b6a3-7163a94e0626/element/8437f73f-83e9-485c-be31-5a32fb4dc754/element HTTP/1.1
User-Agent: selenium/4.0.0-alpha-5 (java windows)
Content-Length: 103
Content-Type: application/json; charset=utf-8
host: localhost:10889
accept: */*

Response DefaultHttpResponse(decodeResult: success, version: HTTP/1.1)
HTTP/1.1 200 OK
content-type: application/json; charset=utf-8
cache-control: no-cache
content-length: 88
date: Thu, 25 Jun 2020 12:50:15 GMT

15:50:15.199 [AsyncHttpClient-3-1] DEBUG o.a.netty.channel.ChannelManager - Adding key: http://localhost:10889 for channel [id: 0x7c68b8df, L:/127.0.0.1:64390 - R:localhost/127.0.0.1:10889]
15:50:15.200 [Forwarding getElementText on session 14f61660-7bcc-4279-b6a3-7163a94e0626 to remote] DEBUG o.a.netty.request.NettyRequestSender - Using pooled Channel '[id: 0x7c68b8df, L:/127.0.0.1:64390 - R:localhost/127.0.0.1:10889]' for 'GET' to 'http://localhost:10889/session/14f61660-7bcc-4279-b6a3-7163a94e0626/element/e17146a4-7f7e-4b05-be65-ae4fe77e9122/text'
15:50:15.200 [Forwarding getElementText on session 14f61660-7bcc-4279-b6a3-7163a94e0626 to remote] DEBUG o.a.netty.request.NettyRequestSender - Using open Channel [id: 0x7c68b8df, L:/127.0.0.1:64390 - R:localhost/127.0.0.1:10889] for GET '/session/14f61660-7bcc-4279-b6a3-7163a94e0626/element/e17146a4-7f7e-4b05-be65-ae4fe77e9122/text'
15:50:15.204 [AsyncHttpClient-3-1] DEBUG o.a.netty.handler.HttpHandler - 

Request DefaultFullHttpRequest(decodeResult: success, version: HTTP/1.1, content: EmptyByteBufBE)
GET /session/14f61660-7bcc-4279-b6a3-7163a94e0626/element/e17146a4-7f7e-4b05-be65-ae4fe77e9122/text HTTP/1.1
User-Agent: selenium/4.0.0-alpha-5 (java windows)
Cache-Control: no-cache
host: localhost:10889
accept: */*

Response DefaultHttpResponse(decodeResult: success, version: HTTP/1.1)
HTTP/1.1 200 OK
content-type: application/json; charset=utf-8
cache-control: no-cache
content-length: 19
date: Thu, 25 Jun 2020 12:50:15 GMT

15:50:15.204 [AsyncHttpClient-3-1] DEBUG o.a.netty.channel.ChannelManager - Adding key: http://localhost:10889 for channel [id: 0x7c68b8df, L:/127.0.0.1:64390 - R:localhost/127.0.0.1:10889]
15:50:15.205 [Forwarding findChildElement on session 14f61660-7bcc-4279-b6a3-7163a94e0626 to remote] DEBUG o.a.netty.request.NettyRequestSender - Using pooled Channel '[id: 0x7c68b8df, L:/127.0.0.1:64390 - R:localhost/127.0.0.1:10889]' for 'POST' to 'http://localhost:10889/session/14f61660-7bcc-4279-b6a3-7163a94e0626/element/8437f73f-83e9-485c-be31-5a32fb4dc754/element'
15:50:15.205 [Forwarding findChildElement on session 14f61660-7bcc-4279-b6a3-7163a94e0626 to remote] DEBUG o.a.netty.request.NettyRequestSender - Using open Channel [id: 0x7c68b8df, L:/127.0.0.1:64390 - R:localhost/127.0.0.1:10889] for POST '/session/14f61660-7bcc-4279-b6a3-7163a94e0626/element/8437f73f-83e9-485c-be31-5a32fb4dc754/element'
15:50:15.209 [AsyncHttpClient-3-1] DEBUG o.a.netty.handler.HttpHandler - 

Request DefaultHttpRequest(decodeResult: success, version: HTTP/1.1)
POST /session/14f61660-7bcc-4279-b6a3-7163a94e0626/element/8437f73f-83e9-485c-be31-5a32fb4dc754/element HTTP/1.1
User-Agent: selenium/4.0.0-alpha-5 (java windows)
Content-Length: 103
Content-Type: application/json; charset=utf-8
host: localhost:10889
accept: */*

Response DefaultHttpResponse(decodeResult: success, version: HTTP/1.1)
HTTP/1.1 200 OK
content-type: application/json; charset=utf-8
cache-control: no-cache
content-length: 88
date: Thu, 25 Jun 2020 12:50:15 GMT

15:50:15.209 [AsyncHttpClient-3-1] DEBUG o.a.netty.channel.ChannelManager - Adding key: http://localhost:10889 for channel [id: 0x7c68b8df, L:/127.0.0.1:64390 - R:localhost/127.0.0.1:10889]
15:50:15.209 [Forwarding getElementText on session 14f61660-7bcc-4279-b6a3-7163a94e0626 to remote] DEBUG o.a.netty.request.NettyRequestSender - Using pooled Channel '[id: 0x7c68b8df, L:/127.0.0.1:64390 - R:localhost/127.0.0.1:10889]' for 'GET' to 'http://localhost:10889/session/14f61660-7bcc-4279-b6a3-7163a94e0626/element/fca09144-ca66-4d61-8440-f0004009a09c/text'
15:50:15.209 [Forwarding getElementText on session 14f61660-7bcc-4279-b6a3-7163a94e0626 to remote] DEBUG o.a.netty.request.NettyRequestSender - Using open Channel [id: 0x7c68b8df, L:/127.0.0.1:64390 - R:localhost/127.0.0.1:10889] for GET '/session/14f61660-7bcc-4279-b6a3-7163a94e0626/element/fca09144-ca66-4d61-8440-f0004009a09c/text'
15:50:15.214 [AsyncHttpClient-3-1] DEBUG o.a.netty.handler.HttpHandler - 

Request DefaultFullHttpRequest(decodeResult: success, version: HTTP/1.1, content: EmptyByteBufBE)
GET /session/14f61660-7bcc-4279-b6a3-7163a94e0626/element/fca09144-ca66-4d61-8440-f0004009a09c/text HTTP/1.1
User-Agent: selenium/4.0.0-alpha-5 (java windows)
Cache-Control: no-cache
host: localhost:10889
accept: */*

Response DefaultHttpResponse(decodeResult: success, version: HTTP/1.1)
HTTP/1.1 200 OK
content-type: application/json; charset=utf-8
cache-control: no-cache
content-length: 23
date: Thu, 25 Jun 2020 12:50:15 GMT

15:50:15.214 [AsyncHttpClient-3-1] DEBUG o.a.netty.channel.ChannelManager - Adding key: http://localhost:10889 for channel [id: 0x7c68b8df, L:/127.0.0.1:64390 - R:localhost/127.0.0.1:10889]
15:50:15.215 [Forwarding findChildElement on session 14f61660-7bcc-4279-b6a3-7163a94e0626 to remote] DEBUG o.a.netty.request.NettyRequestSender - Using pooled Channel '[id: 0x7c68b8df, L:/127.0.0.1:64390 - R:localhost/127.0.0.1:10889]' for 'POST' to 'http://localhost:10889/session/14f61660-7bcc-4279-b6a3-7163a94e0626/element/8437f73f-83e9-485c-be31-5a32fb4dc754/element'
15:50:15.215 [Forwarding findChildElement on session 14f61660-7bcc-4279-b6a3-7163a94e0626 to remote] DEBUG o.a.netty.request.NettyRequestSender - Using open Channel [id: 0x7c68b8df, L:/127.0.0.1:64390 - R:localhost/127.0.0.1:10889] for POST '/session/14f61660-7bcc-4279-b6a3-7163a94e0626/element/8437f73f-83e9-485c-be31-5a32fb4dc754/element'
15:50:15.219 [AsyncHttpClient-3-1] DEBUG o.a.netty.handler.HttpHandler - 

Request DefaultHttpRequest(decodeResult: success, version: HTTP/1.1)
POST /session/14f61660-7bcc-4279-b6a3-7163a94e0626/element/8437f73f-83e9-485c-be31-5a32fb4dc754/element HTTP/1.1
User-Agent: selenium/4.0.0-alpha-5 (java windows)
Content-Length: 103
Content-Type: application/json; charset=utf-8
host: localhost:10889
accept: */*

Response DefaultHttpResponse(decodeResult: success, version: HTTP/1.1)
HTTP/1.1 200 OK
content-type: application/json; charset=utf-8
cache-control: no-cache
content-length: 88
date: Thu, 25 Jun 2020 12:50:15 GMT

15:50:15.219 [AsyncHttpClient-3-1] DEBUG o.a.netty.channel.ChannelManager - Adding key: http://localhost:10889 for channel [id: 0x7c68b8df, L:/127.0.0.1:64390 - R:localhost/127.0.0.1:10889]
15:50:15.219 [Forwarding getElementText on session 14f61660-7bcc-4279-b6a3-7163a94e0626 to remote] DEBUG o.a.netty.request.NettyRequestSender - Using pooled Channel '[id: 0x7c68b8df, L:/127.0.0.1:64390 - R:localhost/127.0.0.1:10889]' for 'GET' to 'http://localhost:10889/session/14f61660-7bcc-4279-b6a3-7163a94e0626/element/1e1fd485-74f9-40c2-97b4-cc9fc129dbd9/text'
15:50:15.220 [Forwarding getElementText on session 14f61660-7bcc-4279-b6a3-7163a94e0626 to remote] DEBUG o.a.netty.request.NettyRequestSender - Using open Channel [id: 0x7c68b8df, L:/127.0.0.1:64390 - R:localhost/127.0.0.1:10889] for GET '/session/14f61660-7bcc-4279-b6a3-7163a94e0626/element/1e1fd485-74f9-40c2-97b4-cc9fc129dbd9/text'
15:50:15.229 [AsyncHttpClient-3-1] DEBUG o.a.netty.handler.HttpHandler - 

Request DefaultFullHttpRequest(decodeResult: success, version: HTTP/1.1, content: EmptyByteBufBE)
GET /session/14f61660-7bcc-4279-b6a3-7163a94e0626/element/1e1fd485-74f9-40c2-97b4-cc9fc129dbd9/text HTTP/1.1
User-Agent: selenium/4.0.0-alpha-5 (java windows)
Cache-Control: no-cache
host: localhost:10889
accept: */*

Response DefaultHttpResponse(decodeResult: success, version: HTTP/1.1)
HTTP/1.1 200 OK
content-type: application/json; charset=utf-8
cache-control: no-cache
content-length: 45
date: Thu, 25 Jun 2020 12:50:15 GMT

15:50:15.229 [AsyncHttpClient-3-1] DEBUG o.a.netty.channel.ChannelManager - Adding key: http://localhost:10889 for channel [id: 0x7c68b8df, L:/127.0.0.1:64390 - R:localhost/127.0.0.1:10889]
15:50:15.230 [Forwarding findChildElement on session 14f61660-7bcc-4279-b6a3-7163a94e0626 to remote] DEBUG o.a.netty.request.NettyRequestSender - Using pooled Channel '[id: 0x7c68b8df, L:/127.0.0.1:64390 - R:localhost/127.0.0.1:10889]' for 'POST' to 'http://localhost:10889/session/14f61660-7bcc-4279-b6a3-7163a94e0626/element/8437f73f-83e9-485c-be31-5a32fb4dc754/element'
15:50:15.230 [Forwarding findChildElement on session 14f61660-7bcc-4279-b6a3-7163a94e0626 to remote] DEBUG o.a.netty.request.NettyRequestSender - Using open Channel [id: 0x7c68b8df, L:/127.0.0.1:64390 - R:localhost/127.0.0.1:10889] for POST '/session/14f61660-7bcc-4279-b6a3-7163a94e0626/element/8437f73f-83e9-485c-be31-5a32fb4dc754/element'
15:50:15.233 [AsyncHttpClient-3-1] DEBUG o.a.netty.handler.HttpHandler - 

Request DefaultHttpRequest(decodeResult: success, version: HTTP/1.1)
POST /session/14f61660-7bcc-4279-b6a3-7163a94e0626/element/8437f73f-83e9-485c-be31-5a32fb4dc754/element HTTP/1.1
User-Agent: selenium/4.0.0-alpha-5 (java windows)
Content-Length: 103
Content-Type: application/json; charset=utf-8
host: localhost:10889
accept: */*

Response DefaultHttpResponse(decodeResult: success, version: HTTP/1.1)
HTTP/1.1 200 OK
content-type: application/json; charset=utf-8
cache-control: no-cache
content-length: 88
date: Thu, 25 Jun 2020 12:50:15 GMT

15:50:15.233 [AsyncHttpClient-3-1] DEBUG o.a.netty.channel.ChannelManager - Adding key: http://localhost:10889 for channel [id: 0x7c68b8df, L:/127.0.0.1:64390 - R:localhost/127.0.0.1:10889]
15:50:15.234 [Forwarding getElementText on session 14f61660-7bcc-4279-b6a3-7163a94e0626 to remote] DEBUG o.a.netty.request.NettyRequestSender - Using pooled Channel '[id: 0x7c68b8df, L:/127.0.0.1:64390 - R:localhost/127.0.0.1:10889]' for 'GET' to 'http://localhost:10889/session/14f61660-7bcc-4279-b6a3-7163a94e0626/element/4a763c4e-9498-4bd8-bc7d-409a9995d41b/text'
15:50:15.234 [Forwarding getElementText on session 14f61660-7bcc-4279-b6a3-7163a94e0626 to remote] DEBUG o.a.netty.request.NettyRequestSender - Using open Channel [id: 0x7c68b8df, L:/127.0.0.1:64390 - R:localhost/127.0.0.1:10889] for GET '/session/14f61660-7bcc-4279-b6a3-7163a94e0626/element/4a763c4e-9498-4bd8-bc7d-409a9995d41b/text'
15:50:15.244 [AsyncHttpClient-3-1] DEBUG o.a.netty.handler.HttpHandler - 

Request DefaultFullHttpRequest(decodeResult: success, version: HTTP/1.1, content: EmptyByteBufBE)
GET /session/14f61660-7bcc-4279-b6a3-7163a94e0626/element/4a763c4e-9498-4bd8-bc7d-409a9995d41b/text HTTP/1.1
User-Agent: selenium/4.0.0-alpha-5 (java windows)
Cache-Control: no-cache
host: localhost:10889
accept: */*

Response DefaultHttpResponse(decodeResult: success, version: HTTP/1.1)
HTTP/1.1 200 OK
content-type: application/json; charset=utf-8
cache-control: no-cache
content-length: 62
date: Thu, 25 Jun 2020 12:50:15 GMT

15:50:15.244 [AsyncHttpClient-3-1] DEBUG o.a.netty.channel.ChannelManager - Adding key: http://localhost:10889 for channel [id: 0x7c68b8df, L:/127.0.0.1:64390 - R:localhost/127.0.0.1:10889]
15:50:15.244 [Forwarding findChildElement on session 14f61660-7bcc-4279-b6a3-7163a94e0626 to remote] DEBUG o.a.netty.request.NettyRequestSender - Using pooled Channel '[id: 0x7c68b8df, L:/127.0.0.1:64390 - R:localhost/127.0.0.1:10889]' for 'POST' to 'http://localhost:10889/session/14f61660-7bcc-4279-b6a3-7163a94e0626/element/8437f73f-83e9-485c-be31-5a32fb4dc754/element'
15:50:15.244 [Forwarding findChildElement on session 14f61660-7bcc-4279-b6a3-7163a94e0626 to remote] DEBUG o.a.netty.request.NettyRequestSender - Using open Channel [id: 0x7c68b8df, L:/127.0.0.1:64390 - R:localhost/127.0.0.1:10889] for POST '/session/14f61660-7bcc-4279-b6a3-7163a94e0626/element/8437f73f-83e9-485c-be31-5a32fb4dc754/element'
15:50:15.249 [AsyncHttpClient-3-1] DEBUG o.a.netty.handler.HttpHandler - 

Request DefaultHttpRequest(decodeResult: success, version: HTTP/1.1)
POST /session/14f61660-7bcc-4279-b6a3-7163a94e0626/element/8437f73f-83e9-485c-be31-5a32fb4dc754/element HTTP/1.1
User-Agent: selenium/4.0.0-alpha-5 (java windows)
Content-Length: 97
Content-Type: application/json; charset=utf-8
host: localhost:10889
accept: */*

Response DefaultHttpResponse(decodeResult: success, version: HTTP/1.1)
HTTP/1.1 200 OK
content-type: application/json; charset=utf-8
cache-control: no-cache
content-length: 88
date: Thu, 25 Jun 2020 12:50:15 GMT

15:50:15.249 [AsyncHttpClient-3-1] DEBUG o.a.netty.channel.ChannelManager - Adding key: http://localhost:10889 for channel [id: 0x7c68b8df, L:/127.0.0.1:64390 - R:localhost/127.0.0.1:10889]
15:50:15.253 [Forwarding getElementAttribute on session 14f61660-7bcc-4279-b6a3-7163a94e0626 to remote] DEBUG o.a.netty.request.NettyRequestSender - Using pooled Channel '[id: 0x7c68b8df, L:/127.0.0.1:64390 - R:localhost/127.0.0.1:10889]' for 'POST' to 'http://localhost:10889/session/14f61660-7bcc-4279-b6a3-7163a94e0626/execute/sync'
15:50:15.253 [Forwarding getElementAttribute on session 14f61660-7bcc-4279-b6a3-7163a94e0626 to remote] DEBUG o.a.netty.request.NettyRequestSender - Using open Channel [id: 0x7c68b8df, L:/127.0.0.1:64390 - R:localhost/127.0.0.1:10889] for POST '/session/14f61660-7bcc-4279-b6a3-7163a94e0626/execute/sync'
15:50:15.266 [AsyncHttpClient-3-1] DEBUG o.a.netty.handler.HttpHandler - 

Request DefaultHttpRequest(decodeResult: success, version: HTTP/1.1)
POST /session/14f61660-7bcc-4279-b6a3-7163a94e0626/execute/sync HTTP/1.1
User-Agent: selenium/4.0.0-alpha-5 (java windows)
Content-Length: 39635
Content-Type: application/json; charset=utf-8
host: localhost:10889
accept: */*

Response DefaultHttpResponse(decodeResult: success, version: HTTP/1.1)
HTTP/1.1 200 OK
content-type: application/json; charset=utf-8
cache-control: no-cache
content-length: 15
date: Thu, 25 Jun 2020 12:50:15 GMT

15:50:15.266 [AsyncHttpClient-3-1] DEBUG o.a.netty.channel.ChannelManager - Adding key: http://localhost:10889 for channel [id: 0x7c68b8df, L:/127.0.0.1:64390 - R:localhost/127.0.0.1:10889]
15:50:15.266 [Forwarding findChildElement on session 14f61660-7bcc-4279-b6a3-7163a94e0626 to remote] DEBUG o.a.netty.request.NettyRequestSender - Using pooled Channel '[id: 0x7c68b8df, L:/127.0.0.1:64390 - R:localhost/127.0.0.1:10889]' for 'POST' to 'http://localhost:10889/session/14f61660-7bcc-4279-b6a3-7163a94e0626/element/7d403b19-038d-4087-bb83-a210d90102c8/element'
15:50:15.267 [Forwarding findChildElement on session 14f61660-7bcc-4279-b6a3-7163a94e0626 to remote] DEBUG o.a.netty.request.NettyRequestSender - Using open Channel [id: 0x7c68b8df, L:/127.0.0.1:64390 - R:localhost/127.0.0.1:10889] for POST '/session/14f61660-7bcc-4279-b6a3-7163a94e0626/element/7d403b19-038d-4087-bb83-a210d90102c8/element'
15:50:15.270 [AsyncHttpClient-3-1] DEBUG o.a.netty.handler.HttpHandler - 

Request DefaultHttpRequest(decodeResult: success, version: HTTP/1.1)
POST /session/14f61660-7bcc-4279-b6a3-7163a94e0626/element/7d403b19-038d-4087-bb83-a210d90102c8/element HTTP/1.1
User-Agent: selenium/4.0.0-alpha-5 (java windows)
Content-Length: 103
Content-Type: application/json; charset=utf-8
host: localhost:10889
accept: */*

Response DefaultHttpResponse(decodeResult: success, version: HTTP/1.1)
HTTP/1.1 200 OK
content-type: application/json; charset=utf-8
cache-control: no-cache
content-length: 88
date: Thu, 25 Jun 2020 12:50:15 GMT

15:50:15.270 [AsyncHttpClient-3-1] DEBUG o.a.netty.channel.ChannelManager - Adding key: http://localhost:10889 for channel [id: 0x7c68b8df, L:/127.0.0.1:64390 - R:localhost/127.0.0.1:10889]
15:50:15.271 [Forwarding getElementText on session 14f61660-7bcc-4279-b6a3-7163a94e0626 to remote] DEBUG o.a.netty.request.NettyRequestSender - Using pooled Channel '[id: 0x7c68b8df, L:/127.0.0.1:64390 - R:localhost/127.0.0.1:10889]' for 'GET' to 'http://localhost:10889/session/14f61660-7bcc-4279-b6a3-7163a94e0626/element/a82978dd-ba8f-4ead-9b01-6a7cc67b0248/text'
15:50:15.271 [Forwarding getElementText on session 14f61660-7bcc-4279-b6a3-7163a94e0626 to remote] DEBUG o.a.netty.request.NettyRequestSender - Using open Channel [id: 0x7c68b8df, L:/127.0.0.1:64390 - R:localhost/127.0.0.1:10889] for GET '/session/14f61660-7bcc-4279-b6a3-7163a94e0626/element/a82978dd-ba8f-4ead-9b01-6a7cc67b0248/text'
15:50:15.275 [AsyncHttpClient-3-1] DEBUG o.a.netty.handler.HttpHandler - 

Request DefaultFullHttpRequest(decodeResult: success, version: HTTP/1.1, content: EmptyByteBufBE)
GET /session/14f61660-7bcc-4279-b6a3-7163a94e0626/element/a82978dd-ba8f-4ead-9b01-6a7cc67b0248/text HTTP/1.1
User-Agent: selenium/4.0.0-alpha-5 (java windows)
Cache-Control: no-cache
host: localhost:10889
accept: */*

Response DefaultHttpResponse(decodeResult: success, version: HTTP/1.1)
HTTP/1.1 200 OK
content-type: application/json; charset=utf-8
cache-control: no-cache
content-length: 19
date: Thu, 25 Jun 2020 12:50:15 GMT

15:50:15.276 [AsyncHttpClient-3-1] DEBUG o.a.netty.channel.ChannelManager - Adding key: http://localhost:10889 for channel [id: 0x7c68b8df, L:/127.0.0.1:64390 - R:localhost/127.0.0.1:10889]
15:50:15.276 [Forwarding findChildElement on session 14f61660-7bcc-4279-b6a3-7163a94e0626 to remote] DEBUG o.a.netty.request.NettyRequestSender - Using pooled Channel '[id: 0x7c68b8df, L:/127.0.0.1:64390 - R:localhost/127.0.0.1:10889]' for 'POST' to 'http://localhost:10889/session/14f61660-7bcc-4279-b6a3-7163a94e0626/element/7d403b19-038d-4087-bb83-a210d90102c8/element'
15:50:15.276 [Forwarding findChildElement on session 14f61660-7bcc-4279-b6a3-7163a94e0626 to remote] DEBUG o.a.netty.request.NettyRequestSender - Using open Channel [id: 0x7c68b8df, L:/127.0.0.1:64390 - R:localhost/127.0.0.1:10889] for POST '/session/14f61660-7bcc-4279-b6a3-7163a94e0626/element/7d403b19-038d-4087-bb83-a210d90102c8/element'
15:50:15.280 [AsyncHttpClient-3-1] DEBUG o.a.netty.handler.HttpHandler - 

Request DefaultHttpRequest(decodeResult: success, version: HTTP/1.1)
POST /session/14f61660-7bcc-4279-b6a3-7163a94e0626/element/7d403b19-038d-4087-bb83-a210d90102c8/element HTTP/1.1
User-Agent: selenium/4.0.0-alpha-5 (java windows)
Content-Length: 103
Content-Type: application/json; charset=utf-8
host: localhost:10889
accept: */*

Response DefaultHttpResponse(decodeResult: success, version: HTTP/1.1)
HTTP/1.1 200 OK
content-type: application/json; charset=utf-8
cache-control: no-cache
content-length: 88
date: Thu, 25 Jun 2020 12:50:15 GMT

15:50:15.280 [AsyncHttpClient-3-1] DEBUG o.a.netty.channel.ChannelManager - Adding key: http://localhost:10889 for channel [id: 0x7c68b8df, L:/127.0.0.1:64390 - R:localhost/127.0.0.1:10889]
15:50:15.281 [Forwarding getElementText on session 14f61660-7bcc-4279-b6a3-7163a94e0626 to remote] DEBUG o.a.netty.request.NettyRequestSender - Using pooled Channel '[id: 0x7c68b8df, L:/127.0.0.1:64390 - R:localhost/127.0.0.1:10889]' for 'GET' to 'http://localhost:10889/session/14f61660-7bcc-4279-b6a3-7163a94e0626/element/25360d0e-1e08-41af-903a-f3b4ecda8672/text'
15:50:15.281 [Forwarding getElementText on session 14f61660-7bcc-4279-b6a3-7163a94e0626 to remote] DEBUG o.a.netty.request.NettyRequestSender - Using open Channel [id: 0x7c68b8df, L:/127.0.0.1:64390 - R:localhost/127.0.0.1:10889] for GET '/session/14f61660-7bcc-4279-b6a3-7163a94e0626/element/25360d0e-1e08-41af-903a-f3b4ecda8672/text'
15:50:15.285 [AsyncHttpClient-3-1] DEBUG o.a.netty.handler.HttpHandler - 

Request DefaultFullHttpRequest(decodeResult: success, version: HTTP/1.1, content: EmptyByteBufBE)
GET /session/14f61660-7bcc-4279-b6a3-7163a94e0626/element/25360d0e-1e08-41af-903a-f3b4ecda8672/text HTTP/1.1
User-Agent: selenium/4.0.0-alpha-5 (java windows)
Cache-Control: no-cache
host: localhost:10889
accept: */*

Response DefaultHttpResponse(decodeResult: success, version: HTTP/1.1)
HTTP/1.1 200 OK
content-type: application/json; charset=utf-8
cache-control: no-cache
content-length: 19
date: Thu, 25 Jun 2020 12:50:15 GMT

15:50:15.286 [AsyncHttpClient-3-1] DEBUG o.a.netty.channel.ChannelManager - Adding key: http://localhost:10889 for channel [id: 0x7c68b8df, L:/127.0.0.1:64390 - R:localhost/127.0.0.1:10889]
15:50:15.286 [Forwarding findChildElement on session 14f61660-7bcc-4279-b6a3-7163a94e0626 to remote] DEBUG o.a.netty.request.NettyRequestSender - Using pooled Channel '[id: 0x7c68b8df, L:/127.0.0.1:64390 - R:localhost/127.0.0.1:10889]' for 'POST' to 'http://localhost:10889/session/14f61660-7bcc-4279-b6a3-7163a94e0626/element/7d403b19-038d-4087-bb83-a210d90102c8/element'
15:50:15.286 [Forwarding findChildElement on session 14f61660-7bcc-4279-b6a3-7163a94e0626 to remote] DEBUG o.a.netty.request.NettyRequestSender - Using open Channel [id: 0x7c68b8df, L:/127.0.0.1:64390 - R:localhost/127.0.0.1:10889] for POST '/session/14f61660-7bcc-4279-b6a3-7163a94e0626/element/7d403b19-038d-4087-bb83-a210d90102c8/element'
15:50:15.290 [AsyncHttpClient-3-1] DEBUG o.a.netty.handler.HttpHandler - 

Request DefaultHttpRequest(decodeResult: success, version: HTTP/1.1)
POST /session/14f61660-7bcc-4279-b6a3-7163a94e0626/element/7d403b19-038d-4087-bb83-a210d90102c8/element HTTP/1.1
User-Agent: selenium/4.0.0-alpha-5 (java windows)
Content-Length: 103
Content-Type: application/json; charset=utf-8
host: localhost:10889
accept: */*

Response DefaultHttpResponse(decodeResult: success, version: HTTP/1.1)
HTTP/1.1 200 OK
content-type: application/json; charset=utf-8
cache-control: no-cache
content-length: 88
date: Thu, 25 Jun 2020 12:50:15 GMT

15:50:15.290 [AsyncHttpClient-3-1] DEBUG o.a.netty.channel.ChannelManager - Adding key: http://localhost:10889 for channel [id: 0x7c68b8df, L:/127.0.0.1:64390 - R:localhost/127.0.0.1:10889]
15:50:15.290 [Forwarding getElementText on session 14f61660-7bcc-4279-b6a3-7163a94e0626 to remote] DEBUG o.a.netty.request.NettyRequestSender - Using pooled Channel '[id: 0x7c68b8df, L:/127.0.0.1:64390 - R:localhost/127.0.0.1:10889]' for 'GET' to 'http://localhost:10889/session/14f61660-7bcc-4279-b6a3-7163a94e0626/element/3d490c4f-a0dd-4fa8-a9bf-e7b3767226e1/text'
15:50:15.291 [Forwarding getElementText on session 14f61660-7bcc-4279-b6a3-7163a94e0626 to remote] DEBUG o.a.netty.request.NettyRequestSender - Using open Channel [id: 0x7c68b8df, L:/127.0.0.1:64390 - R:localhost/127.0.0.1:10889] for GET '/session/14f61660-7bcc-4279-b6a3-7163a94e0626/element/3d490c4f-a0dd-4fa8-a9bf-e7b3767226e1/text'
15:50:15.295 [AsyncHttpClient-3-1] DEBUG o.a.netty.handler.HttpHandler - 

Request DefaultFullHttpRequest(decodeResult: success, version: HTTP/1.1, content: EmptyByteBufBE)
GET /session/14f61660-7bcc-4279-b6a3-7163a94e0626/element/3d490c4f-a0dd-4fa8-a9bf-e7b3767226e1/text HTTP/1.1
User-Agent: selenium/4.0.0-alpha-5 (java windows)
Cache-Control: no-cache
host: localhost:10889
accept: */*

Response DefaultHttpResponse(decodeResult: success, version: HTTP/1.1)
HTTP/1.1 200 OK
content-type: application/json; charset=utf-8
cache-control: no-cache
content-length: 23
date: Thu, 25 Jun 2020 12:50:15 GMT

15:50:15.296 [AsyncHttpClient-3-1] DEBUG o.a.netty.channel.ChannelManager - Adding key: http://localhost:10889 for channel [id: 0x7c68b8df, L:/127.0.0.1:64390 - R:localhost/127.0.0.1:10889]
15:50:15.296 [Forwarding findChildElement on session 14f61660-7bcc-4279-b6a3-7163a94e0626 to remote] DEBUG o.a.netty.request.NettyRequestSender - Using pooled Channel '[id: 0x7c68b8df, L:/127.0.0.1:64390 - R:localhost/127.0.0.1:10889]' for 'POST' to 'http://localhost:10889/session/14f61660-7bcc-4279-b6a3-7163a94e0626/element/7d403b19-038d-4087-bb83-a210d90102c8/element'
15:50:15.296 [Forwarding findChildElement on session 14f61660-7bcc-4279-b6a3-7163a94e0626 to remote] DEBUG o.a.netty.request.NettyRequestSender - Using open Channel [id: 0x7c68b8df, L:/127.0.0.1:64390 - R:localhost/127.0.0.1:10889] for POST '/session/14f61660-7bcc-4279-b6a3-7163a94e0626/element/7d403b19-038d-4087-bb83-a210d90102c8/element'
15:50:15.300 [AsyncHttpClient-3-1] DEBUG o.a.netty.handler.HttpHandler - 

Request DefaultHttpRequest(decodeResult: success, version: HTTP/1.1)
POST /session/14f61660-7bcc-4279-b6a3-7163a94e0626/element/7d403b19-038d-4087-bb83-a210d90102c8/element HTTP/1.1
User-Agent: selenium/4.0.0-alpha-5 (java windows)
Content-Length: 103
Content-Type: application/json; charset=utf-8
host: localhost:10889
accept: */*

Response DefaultHttpResponse(decodeResult: success, version: HTTP/1.1)
HTTP/1.1 200 OK
content-type: application/json; charset=utf-8
cache-control: no-cache
content-length: 88
date: Thu, 25 Jun 2020 12:50:15 GMT

15:50:15.300 [AsyncHttpClient-3-1] DEBUG o.a.netty.channel.ChannelManager - Adding key: http://localhost:10889 for channel [id: 0x7c68b8df, L:/127.0.0.1:64390 - R:localhost/127.0.0.1:10889]
15:50:15.300 [Forwarding getElementText on session 14f61660-7bcc-4279-b6a3-7163a94e0626 to remote] DEBUG o.a.netty.request.NettyRequestSender - Using pooled Channel '[id: 0x7c68b8df, L:/127.0.0.1:64390 - R:localhost/127.0.0.1:10889]' for 'GET' to 'http://localhost:10889/session/14f61660-7bcc-4279-b6a3-7163a94e0626/element/073685fa-cede-4f6f-9d8f-83126695ace8/text'
15:50:15.300 [Forwarding getElementText on session 14f61660-7bcc-4279-b6a3-7163a94e0626 to remote] DEBUG o.a.netty.request.NettyRequestSender - Using open Channel [id: 0x7c68b8df, L:/127.0.0.1:64390 - R:localhost/127.0.0.1:10889] for GET '/session/14f61660-7bcc-4279-b6a3-7163a94e0626/element/073685fa-cede-4f6f-9d8f-83126695ace8/text'
15:50:15.305 [AsyncHttpClient-3-1] DEBUG o.a.netty.handler.HttpHandler - 

Request DefaultFullHttpRequest(decodeResult: success, version: HTTP/1.1, content: EmptyByteBufBE)
GET /session/14f61660-7bcc-4279-b6a3-7163a94e0626/element/073685fa-cede-4f6f-9d8f-83126695ace8/text HTTP/1.1
User-Agent: selenium/4.0.0-alpha-5 (java windows)
Cache-Control: no-cache
host: localhost:10889
accept: */*

Response DefaultHttpResponse(decodeResult: success, version: HTTP/1.1)
HTTP/1.1 200 OK
content-type: application/json; charset=utf-8
cache-control: no-cache
content-length: 45
date: Thu, 25 Jun 2020 12:50:15 GMT

15:50:15.305 [AsyncHttpClient-3-1] DEBUG o.a.netty.channel.ChannelManager - Adding key: http://localhost:10889 for channel [id: 0x7c68b8df, L:/127.0.0.1:64390 - R:localhost/127.0.0.1:10889]
15:50:15.306 [Forwarding findChildElement on session 14f61660-7bcc-4279-b6a3-7163a94e0626 to remote] DEBUG o.a.netty.request.NettyRequestSender - Using pooled Channel '[id: 0x7c68b8df, L:/127.0.0.1:64390 - R:localhost/127.0.0.1:10889]' for 'POST' to 'http://localhost:10889/session/14f61660-7bcc-4279-b6a3-7163a94e0626/element/7d403b19-038d-4087-bb83-a210d90102c8/element'
15:50:15.306 [Forwarding findChildElement on session 14f61660-7bcc-4279-b6a3-7163a94e0626 to remote] DEBUG o.a.netty.request.NettyRequestSender - Using open Channel [id: 0x7c68b8df, L:/127.0.0.1:64390 - R:localhost/127.0.0.1:10889] for POST '/session/14f61660-7bcc-4279-b6a3-7163a94e0626/element/7d403b19-038d-4087-bb83-a210d90102c8/element'
15:50:15.309 [AsyncHttpClient-3-1] DEBUG o.a.netty.handler.HttpHandler - 

Request DefaultHttpRequest(decodeResult: success, version: HTTP/1.1)
POST /session/14f61660-7bcc-4279-b6a3-7163a94e0626/element/7d403b19-038d-4087-bb83-a210d90102c8/element HTTP/1.1
User-Agent: selenium/4.0.0-alpha-5 (java windows)
Content-Length: 103
Content-Type: application/json; charset=utf-8
host: localhost:10889
accept: */*

Response DefaultHttpResponse(decodeResult: success, version: HTTP/1.1)
HTTP/1.1 200 OK
content-type: application/json; charset=utf-8
cache-control: no-cache
content-length: 88
date: Thu, 25 Jun 2020 12:50:15 GMT

15:50:15.309 [AsyncHttpClient-3-1] DEBUG o.a.netty.channel.ChannelManager - Adding key: http://localhost:10889 for channel [id: 0x7c68b8df, L:/127.0.0.1:64390 - R:localhost/127.0.0.1:10889]
15:50:15.310 [Forwarding getElementText on session 14f61660-7bcc-4279-b6a3-7163a94e0626 to remote] DEBUG o.a.netty.request.NettyRequestSender - Using pooled Channel '[id: 0x7c68b8df, L:/127.0.0.1:64390 - R:localhost/127.0.0.1:10889]' for 'GET' to 'http://localhost:10889/session/14f61660-7bcc-4279-b6a3-7163a94e0626/element/e997f792-9dba-4aa2-84c0-41f8b5c2a898/text'
15:50:15.310 [Forwarding getElementText on session 14f61660-7bcc-4279-b6a3-7163a94e0626 to remote] DEBUG o.a.netty.request.NettyRequestSender - Using open Channel [id: 0x7c68b8df, L:/127.0.0.1:64390 - R:localhost/127.0.0.1:10889] for GET '/session/14f61660-7bcc-4279-b6a3-7163a94e0626/element/e997f792-9dba-4aa2-84c0-41f8b5c2a898/text'
15:50:15.318 [AsyncHttpClient-3-1] DEBUG o.a.netty.handler.HttpHandler - 

Request DefaultFullHttpRequest(decodeResult: success, version: HTTP/1.1, content: EmptyByteBufBE)
GET /session/14f61660-7bcc-4279-b6a3-7163a94e0626/element/e997f792-9dba-4aa2-84c0-41f8b5c2a898/text HTTP/1.1
User-Agent: selenium/4.0.0-alpha-5 (java windows)
Cache-Control: no-cache
host: localhost:10889
accept: */*

Response DefaultHttpResponse(decodeResult: success, version: HTTP/1.1)
HTTP/1.1 200 OK
content-type: application/json; charset=utf-8
cache-control: no-cache
content-length: 62
date: Thu, 25 Jun 2020 12:50:15 GMT

15:50:15.318 [AsyncHttpClient-3-1] DEBUG o.a.netty.channel.ChannelManager - Adding key: http://localhost:10889 for channel [id: 0x7c68b8df, L:/127.0.0.1:64390 - R:localhost/127.0.0.1:10889]
15:50:15.319 [Forwarding findChildElement on session 14f61660-7bcc-4279-b6a3-7163a94e0626 to remote] DEBUG o.a.netty.request.NettyRequestSender - Using pooled Channel '[id: 0x7c68b8df, L:/127.0.0.1:64390 - R:localhost/127.0.0.1:10889]' for 'POST' to 'http://localhost:10889/session/14f61660-7bcc-4279-b6a3-7163a94e0626/element/7d403b19-038d-4087-bb83-a210d90102c8/element'
15:50:15.319 [Forwarding findChildElement on session 14f61660-7bcc-4279-b6a3-7163a94e0626 to remote] DEBUG o.a.netty.request.NettyRequestSender - Using open Channel [id: 0x7c68b8df, L:/127.0.0.1:64390 - R:localhost/127.0.0.1:10889] for POST '/session/14f61660-7bcc-4279-b6a3-7163a94e0626/element/7d403b19-038d-4087-bb83-a210d90102c8/element'
15:50:15.323 [AsyncHttpClient-3-1] DEBUG o.a.netty.handler.HttpHandler - 

Request DefaultHttpRequest(decodeResult: success, version: HTTP/1.1)
POST /session/14f61660-7bcc-4279-b6a3-7163a94e0626/element/7d403b19-038d-4087-bb83-a210d90102c8/element HTTP/1.1
User-Agent: selenium/4.0.0-alpha-5 (java windows)
Content-Length: 97
Content-Type: application/json; charset=utf-8
host: localhost:10889
accept: */*

Response DefaultHttpResponse(decodeResult: success, version: HTTP/1.1)
HTTP/1.1 200 OK
content-type: application/json; charset=utf-8
cache-control: no-cache
content-length: 88
date: Thu, 25 Jun 2020 12:50:15 GMT

15:50:15.323 [AsyncHttpClient-3-1] DEBUG o.a.netty.channel.ChannelManager - Adding key: http://localhost:10889 for channel [id: 0x7c68b8df, L:/127.0.0.1:64390 - R:localhost/127.0.0.1:10889]
15:50:15.326 [Forwarding getElementAttribute on session 14f61660-7bcc-4279-b6a3-7163a94e0626 to remote] DEBUG o.a.netty.request.NettyRequestSender - Using pooled Channel '[id: 0x7c68b8df, L:/127.0.0.1:64390 - R:localhost/127.0.0.1:10889]' for 'POST' to 'http://localhost:10889/session/14f61660-7bcc-4279-b6a3-7163a94e0626/execute/sync'
15:50:15.326 [Forwarding getElementAttribute on session 14f61660-7bcc-4279-b6a3-7163a94e0626 to remote] DEBUG o.a.netty.request.NettyRequestSender - Using open Channel [id: 0x7c68b8df, L:/127.0.0.1:64390 - R:localhost/127.0.0.1:10889] for POST '/session/14f61660-7bcc-4279-b6a3-7163a94e0626/execute/sync'
15:50:15.338 [AsyncHttpClient-3-1] DEBUG o.a.netty.handler.HttpHandler - 

Request DefaultHttpRequest(decodeResult: success, version: HTTP/1.1)
POST /session/14f61660-7bcc-4279-b6a3-7163a94e0626/execute/sync HTTP/1.1
User-Agent: selenium/4.0.0-alpha-5 (java windows)
Content-Length: 39635
Content-Type: application/json; charset=utf-8
host: localhost:10889
accept: */*

Response DefaultHttpResponse(decodeResult: success, version: HTTP/1.1)
HTTP/1.1 200 OK
content-type: application/json; charset=utf-8
cache-control: no-cache
content-length: 15
date: Thu, 25 Jun 2020 12:50:15 GMT

15:50:15.338 [AsyncHttpClient-3-1] DEBUG o.a.netty.channel.ChannelManager - Adding key: http://localhost:10889 for channel [id: 0x7c68b8df, L:/127.0.0.1:64390 - R:localhost/127.0.0.1:10889]
15:50:15.340 [Forwarding findElements on session 14f61660-7bcc-4279-b6a3-7163a94e0626 to remote] DEBUG o.a.netty.request.NettyRequestSender - Using pooled Channel '[id: 0x7c68b8df, L:/127.0.0.1:64390 - R:localhost/127.0.0.1:10889]' for 'POST' to 'http://localhost:10889/session/14f61660-7bcc-4279-b6a3-7163a94e0626/elements'
15:50:15.340 [Forwarding findElements on session 14f61660-7bcc-4279-b6a3-7163a94e0626 to remote] DEBUG o.a.netty.request.NettyRequestSender - Using open Channel [id: 0x7c68b8df, L:/127.0.0.1:64390 - R:localhost/127.0.0.1:10889] for POST '/session/14f61660-7bcc-4279-b6a3-7163a94e0626/elements'
15:50:15.350 [AsyncHttpClient-3-1] DEBUG o.a.netty.handler.HttpHandler - 

Request DefaultHttpRequest(decodeResult: success, version: HTTP/1.1)
POST /session/14f61660-7bcc-4279-b6a3-7163a94e0626/elements HTTP/1.1
User-Agent: selenium/4.0.0-alpha-5 (java windows)
Content-Length: 59
Content-Type: application/json; charset=utf-8
host: localhost:10889
accept: */*

Response DefaultHttpResponse(decodeResult: success, version: HTTP/1.1)
HTTP/1.1 200 OK
content-type: application/json; charset=utf-8
cache-control: no-cache
content-length: 4514
date: Thu, 25 Jun 2020 12:50:15 GMT

15:50:15.350 [AsyncHttpClient-3-1] DEBUG o.a.netty.channel.ChannelManager - Adding key: http://localhost:10889 for channel [id: 0x7c68b8df, L:/127.0.0.1:64390 - R:localhost/127.0.0.1:10889]
15:50:15.352 [Forwarding findChildElement on session 14f61660-7bcc-4279-b6a3-7163a94e0626 to remote] DEBUG o.a.netty.request.NettyRequestSender - Using pooled Channel '[id: 0x7c68b8df, L:/127.0.0.1:64390 - R:localhost/127.0.0.1:10889]' for 'POST' to 'http://localhost:10889/session/14f61660-7bcc-4279-b6a3-7163a94e0626/element/a9982b11-17d5-4145-a2bc-90cd4d5fa68d/element'
15:50:15.352 [Forwarding findChildElement on session 14f61660-7bcc-4279-b6a3-7163a94e0626 to remote] DEBUG o.a.netty.request.NettyRequestSender - Using open Channel [id: 0x7c68b8df, L:/127.0.0.1:64390 - R:localhost/127.0.0.1:10889] for POST '/session/14f61660-7bcc-4279-b6a3-7163a94e0626/element/a9982b11-17d5-4145-a2bc-90cd4d5fa68d/element'
15:50:15.356 [AsyncHttpClient-3-1] DEBUG o.a.netty.handler.HttpHandler - 

Request DefaultHttpRequest(decodeResult: success, version: HTTP/1.1)
POST /session/14f61660-7bcc-4279-b6a3-7163a94e0626/element/a9982b11-17d5-4145-a2bc-90cd4d5fa68d/element HTTP/1.1
User-Agent: selenium/4.0.0-alpha-5 (java windows)
Content-Length: 103
Content-Type: application/json; charset=utf-8
host: localhost:10889
accept: */*

Response DefaultHttpResponse(decodeResult: success, version: HTTP/1.1)
HTTP/1.1 200 OK
content-type: application/json; charset=utf-8
cache-control: no-cache
content-length: 88
date: Thu, 25 Jun 2020 12:50:15 GMT

15:50:15.356 [AsyncHttpClient-3-1] DEBUG o.a.netty.channel.ChannelManager - Adding key: http://localhost:10889 for channel [id: 0x7c68b8df, L:/127.0.0.1:64390 - R:localhost/127.0.0.1:10889]
15:50:15.357 [Forwarding getElementText on session 14f61660-7bcc-4279-b6a3-7163a94e0626 to remote] DEBUG o.a.netty.request.NettyRequestSender - Using pooled Channel '[id: 0x7c68b8df, L:/127.0.0.1:64390 - R:localhost/127.0.0.1:10889]' for 'GET' to 'http://localhost:10889/session/14f61660-7bcc-4279-b6a3-7163a94e0626/element/84329efa-9573-4b9f-9642-ce4b9ae9de51/text'
15:50:15.357 [Forwarding getElementText on session 14f61660-7bcc-4279-b6a3-7163a94e0626 to remote] DEBUG o.a.netty.request.NettyRequestSender - Using open Channel [id: 0x7c68b8df, L:/127.0.0.1:64390 - R:localhost/127.0.0.1:10889] for GET '/session/14f61660-7bcc-4279-b6a3-7163a94e0626/element/84329efa-9573-4b9f-9642-ce4b9ae9de51/text'
15:50:15.362 [AsyncHttpClient-3-1] DEBUG o.a.netty.handler.HttpHandler - 

Request DefaultFullHttpRequest(decodeResult: success, version: HTTP/1.1, content: EmptyByteBufBE)
GET /session/14f61660-7bcc-4279-b6a3-7163a94e0626/element/84329efa-9573-4b9f-9642-ce4b9ae9de51/text HTTP/1.1
User-Agent: selenium/4.0.0-alpha-5 (java windows)
Cache-Control: no-cache
host: localhost:10889
accept: */*

Response DefaultHttpResponse(decodeResult: success, version: HTTP/1.1)
HTTP/1.1 200 OK
content-type: application/json; charset=utf-8
cache-control: no-cache
content-length: 12
date: Thu, 25 Jun 2020 12:50:15 GMT

15:50:15.362 [AsyncHttpClient-3-1] DEBUG o.a.netty.channel.ChannelManager - Adding key: http://localhost:10889 for channel [id: 0x7c68b8df, L:/127.0.0.1:64390 - R:localhost/127.0.0.1:10889]
15:50:15.363 [Forwarding findChildElement on session 14f61660-7bcc-4279-b6a3-7163a94e0626 to remote] DEBUG o.a.netty.request.NettyRequestSender - Using pooled Channel '[id: 0x7c68b8df, L:/127.0.0.1:64390 - R:localhost/127.0.0.1:10889]' for 'POST' to 'http://localhost:10889/session/14f61660-7bcc-4279-b6a3-7163a94e0626/element/a9982b11-17d5-4145-a2bc-90cd4d5fa68d/element'
15:50:15.363 [Forwarding findChildElement on session 14f61660-7bcc-4279-b6a3-7163a94e0626 to remote] DEBUG o.a.netty.request.NettyRequestSender - Using open Channel [id: 0x7c68b8df, L:/127.0.0.1:64390 - R:localhost/127.0.0.1:10889] for POST '/session/14f61660-7bcc-4279-b6a3-7163a94e0626/element/a9982b11-17d5-4145-a2bc-90cd4d5fa68d/element'
15:50:15.366 [AsyncHttpClient-3-1] DEBUG o.a.netty.handler.HttpHandler - 

Request DefaultHttpRequest(decodeResult: success, version: HTTP/1.1)
POST /session/14f61660-7bcc-4279-b6a3-7163a94e0626/element/a9982b11-17d5-4145-a2bc-90cd4d5fa68d/element HTTP/1.1
User-Agent: selenium/4.0.0-alpha-5 (java windows)
Content-Length: 103
Content-Type: application/json; charset=utf-8
host: localhost:10889
accept: */*

Response DefaultHttpResponse(decodeResult: success, version: HTTP/1.1)
HTTP/1.1 200 OK
content-type: application/json; charset=utf-8
cache-control: no-cache
content-length: 88
date: Thu, 25 Jun 2020 12:50:15 GMT

15:50:15.366 [AsyncHttpClient-3-1] DEBUG o.a.netty.channel.ChannelManager - Adding key: http://localhost:10889 for channel [id: 0x7c68b8df, L:/127.0.0.1:64390 - R:localhost/127.0.0.1:10889]
15:50:15.367 [Forwarding getElementText on session 14f61660-7bcc-4279-b6a3-7163a94e0626 to remote] DEBUG o.a.netty.request.NettyRequestSender - Using pooled Channel '[id: 0x7c68b8df, L:/127.0.0.1:64390 - R:localhost/127.0.0.1:10889]' for 'GET' to 'http://localhost:10889/session/14f61660-7bcc-4279-b6a3-7163a94e0626/element/ba84d9b7-e0fc-4a60-8f33-2b084a109efa/text'
15:50:15.367 [Forwarding getElementText on session 14f61660-7bcc-4279-b6a3-7163a94e0626 to remote] DEBUG o.a.netty.request.NettyRequestSender - Using open Channel [id: 0x7c68b8df, L:/127.0.0.1:64390 - R:localhost/127.0.0.1:10889] for GET '/session/14f61660-7bcc-4279-b6a3-7163a94e0626/element/ba84d9b7-e0fc-4a60-8f33-2b084a109efa/text'
15:50:15.371 [AsyncHttpClient-3-1] DEBUG o.a.netty.handler.HttpHandler - 

Request DefaultFullHttpRequest(decodeResult: success, version: HTTP/1.1, content: EmptyByteBufBE)
GET /session/14f61660-7bcc-4279-b6a3-7163a94e0626/element/ba84d9b7-e0fc-4a60-8f33-2b084a109efa/text HTTP/1.1
User-Agent: selenium/4.0.0-alpha-5 (java windows)
Cache-Control: no-cache
host: localhost:10889
accept: */*

Response DefaultHttpResponse(decodeResult: success, version: HTTP/1.1)
HTTP/1.1 200 OK
content-type: application/json; charset=utf-8
cache-control: no-cache
content-length: 22
date: Thu, 25 Jun 2020 12:50:15 GMT

15:50:15.371 [AsyncHttpClient-3-1] DEBUG o.a.netty.channel.ChannelManager - Adding key: http://localhost:10889 for channel [id: 0x7c68b8df, L:/127.0.0.1:64390 - R:localhost/127.0.0.1:10889]
15:50:15.372 [Forwarding findChildElement on session 14f61660-7bcc-4279-b6a3-7163a94e0626 to remote] DEBUG o.a.netty.request.NettyRequestSender - Using pooled Channel '[id: 0x7c68b8df, L:/127.0.0.1:64390 - R:localhost/127.0.0.1:10889]' for 'POST' to 'http://localhost:10889/session/14f61660-7bcc-4279-b6a3-7163a94e0626/element/a9982b11-17d5-4145-a2bc-90cd4d5fa68d/element'
15:50:15.372 [Forwarding findChildElement on session 14f61660-7bcc-4279-b6a3-7163a94e0626 to remote] DEBUG o.a.netty.request.NettyRequestSender - Using open Channel [id: 0x7c68b8df, L:/127.0.0.1:64390 - R:localhost/127.0.0.1:10889] for POST '/session/14f61660-7bcc-4279-b6a3-7163a94e0626/element/a9982b11-17d5-4145-a2bc-90cd4d5fa68d/element'
15:50:15.375 [AsyncHttpClient-3-1] DEBUG o.a.netty.handler.HttpHandler - 

Request DefaultHttpRequest(decodeResult: success, version: HTTP/1.1)
POST /session/14f61660-7bcc-4279-b6a3-7163a94e0626/element/a9982b11-17d5-4145-a2bc-90cd4d5fa68d/element HTTP/1.1
User-Agent: selenium/4.0.0-alpha-5 (java windows)
Content-Length: 103
Content-Type: application/json; charset=utf-8
host: localhost:10889
accept: */*

Response DefaultHttpResponse(decodeResult: success, version: HTTP/1.1)
HTTP/1.1 200 OK
content-type: application/json; charset=utf-8
cache-control: no-cache
content-length: 88
date: Thu, 25 Jun 2020 12:50:15 GMT

15:50:15.375 [AsyncHttpClient-3-1] DEBUG o.a.netty.channel.ChannelManager - Adding key: http://localhost:10889 for channel [id: 0x7c68b8df, L:/127.0.0.1:64390 - R:localhost/127.0.0.1:10889]
15:50:15.376 [Forwarding getElementText on session 14f61660-7bcc-4279-b6a3-7163a94e0626 to remote] DEBUG o.a.netty.request.NettyRequestSender - Using pooled Channel '[id: 0x7c68b8df, L:/127.0.0.1:64390 - R:localhost/127.0.0.1:10889]' for 'GET' to 'http://localhost:10889/session/14f61660-7bcc-4279-b6a3-7163a94e0626/element/71d7dbd2-43ba-4518-9d92-117cf96d22fd/text'
15:50:15.376 [Forwarding getElementText on session 14f61660-7bcc-4279-b6a3-7163a94e0626 to remote] DEBUG o.a.netty.request.NettyRequestSender - Using open Channel [id: 0x7c68b8df, L:/127.0.0.1:64390 - R:localhost/127.0.0.1:10889] for GET '/session/14f61660-7bcc-4279-b6a3-7163a94e0626/element/71d7dbd2-43ba-4518-9d92-117cf96d22fd/text'
15:50:15.380 [AsyncHttpClient-3-1] DEBUG o.a.netty.handler.HttpHandler - 

Request DefaultFullHttpRequest(decodeResult: success, version: HTTP/1.1, content: EmptyByteBufBE)
GET /session/14f61660-7bcc-4279-b6a3-7163a94e0626/element/71d7dbd2-43ba-4518-9d92-117cf96d22fd/text HTTP/1.1
User-Agent: selenium/4.0.0-alpha-5 (java windows)
Cache-Control: no-cache
host: localhost:10889
accept: */*

Response DefaultHttpResponse(decodeResult: success, version: HTTP/1.1)
HTTP/1.1 200 OK
content-type: application/json; charset=utf-8
cache-control: no-cache
content-length: 21
date: Thu, 25 Jun 2020 12:50:15 GMT

15:50:15.380 [AsyncHttpClient-3-1] DEBUG o.a.netty.channel.ChannelManager - Adding key: http://localhost:10889 for channel [id: 0x7c68b8df, L:/127.0.0.1:64390 - R:localhost/127.0.0.1:10889]
15:50:15.380 [Forwarding findChildElement on session 14f61660-7bcc-4279-b6a3-7163a94e0626 to remote] DEBUG o.a.netty.request.NettyRequestSender - Using pooled Channel '[id: 0x7c68b8df, L:/127.0.0.1:64390 - R:localhost/127.0.0.1:10889]' for 'POST' to 'http://localhost:10889/session/14f61660-7bcc-4279-b6a3-7163a94e0626/element/a9982b11-17d5-4145-a2bc-90cd4d5fa68d/element'
15:50:15.381 [Forwarding findChildElement on session 14f61660-7bcc-4279-b6a3-7163a94e0626 to remote] DEBUG o.a.netty.request.NettyRequestSender - Using open Channel [id: 0x7c68b8df, L:/127.0.0.1:64390 - R:localhost/127.0.0.1:10889] for POST '/session/14f61660-7bcc-4279-b6a3-7163a94e0626/element/a9982b11-17d5-4145-a2bc-90cd4d5fa68d/element'
15:50:15.384 [AsyncHttpClient-3-1] DEBUG o.a.netty.handler.HttpHandler - 

Request DefaultHttpRequest(decodeResult: success, version: HTTP/1.1)
POST /session/14f61660-7bcc-4279-b6a3-7163a94e0626/element/a9982b11-17d5-4145-a2bc-90cd4d5fa68d/element HTTP/1.1
User-Agent: selenium/4.0.0-alpha-5 (java windows)
Content-Length: 103
Content-Type: application/json; charset=utf-8
host: localhost:10889
accept: */*

Response DefaultHttpResponse(decodeResult: success, version: HTTP/1.1)
HTTP/1.1 200 OK
content-type: application/json; charset=utf-8
cache-control: no-cache
content-length: 88
date: Thu, 25 Jun 2020 12:50:15 GMT

15:50:15.384 [AsyncHttpClient-3-1] DEBUG o.a.netty.channel.ChannelManager - Adding key: http://localhost:10889 for channel [id: 0x7c68b8df, L:/127.0.0.1:64390 - R:localhost/127.0.0.1:10889]
15:50:15.384 [Forwarding getElementText on session 14f61660-7bcc-4279-b6a3-7163a94e0626 to remote] DEBUG o.a.netty.request.NettyRequestSender - Using pooled Channel '[id: 0x7c68b8df, L:/127.0.0.1:64390 - R:localhost/127.0.0.1:10889]' for 'GET' to 'http://localhost:10889/session/14f61660-7bcc-4279-b6a3-7163a94e0626/element/1e83bf27-a1aa-45a0-80f3-7c0d4e322684/text'
15:50:15.384 [Forwarding getElementText on session 14f61660-7bcc-4279-b6a3-7163a94e0626 to remote] DEBUG o.a.netty.request.NettyRequestSender - Using open Channel [id: 0x7c68b8df, L:/127.0.0.1:64390 - R:localhost/127.0.0.1:10889] for GET '/session/14f61660-7bcc-4279-b6a3-7163a94e0626/element/1e83bf27-a1aa-45a0-80f3-7c0d4e322684/text'
15:50:15.389 [AsyncHttpClient-3-1] DEBUG o.a.netty.handler.HttpHandler - 

Request DefaultFullHttpRequest(decodeResult: success, version: HTTP/1.1, content: EmptyByteBufBE)
GET /session/14f61660-7bcc-4279-b6a3-7163a94e0626/element/1e83bf27-a1aa-45a0-80f3-7c0d4e322684/text HTTP/1.1
User-Agent: selenium/4.0.0-alpha-5 (java windows)
Cache-Control: no-cache
host: localhost:10889
accept: */*

Response DefaultHttpResponse(decodeResult: success, version: HTTP/1.1)
HTTP/1.1 200 OK
content-type: application/json; charset=utf-8
cache-control: no-cache
content-length: 45
date: Thu, 25 Jun 2020 12:50:15 GMT

15:50:15.390 [AsyncHttpClient-3-1] DEBUG o.a.netty.channel.ChannelManager - Adding key: http://localhost:10889 for channel [id: 0x7c68b8df, L:/127.0.0.1:64390 - R:localhost/127.0.0.1:10889]
15:50:15.390 [Forwarding findChildElement on session 14f61660-7bcc-4279-b6a3-7163a94e0626 to remote] DEBUG o.a.netty.request.NettyRequestSender - Using pooled Channel '[id: 0x7c68b8df, L:/127.0.0.1:64390 - R:localhost/127.0.0.1:10889]' for 'POST' to 'http://localhost:10889/session/14f61660-7bcc-4279-b6a3-7163a94e0626/element/a9982b11-17d5-4145-a2bc-90cd4d5fa68d/element'
15:50:15.390 [Forwarding findChildElement on session 14f61660-7bcc-4279-b6a3-7163a94e0626 to remote] DEBUG o.a.netty.request.NettyRequestSender - Using open Channel [id: 0x7c68b8df, L:/127.0.0.1:64390 - R:localhost/127.0.0.1:10889] for POST '/session/14f61660-7bcc-4279-b6a3-7163a94e0626/element/a9982b11-17d5-4145-a2bc-90cd4d5fa68d/element'
15:50:15.393 [AsyncHttpClient-3-1] DEBUG o.a.netty.handler.HttpHandler - 

Request DefaultHttpRequest(decodeResult: success, version: HTTP/1.1)
POST /session/14f61660-7bcc-4279-b6a3-7163a94e0626/element/a9982b11-17d5-4145-a2bc-90cd4d5fa68d/element HTTP/1.1
User-Agent: selenium/4.0.0-alpha-5 (java windows)
Content-Length: 103
Content-Type: application/json; charset=utf-8
host: localhost:10889
accept: */*

Response DefaultHttpResponse(decodeResult: success, version: HTTP/1.1)
HTTP/1.1 200 OK
content-type: application/json; charset=utf-8
cache-control: no-cache
content-length: 88
date: Thu, 25 Jun 2020 12:50:15 GMT

15:50:15.393 [AsyncHttpClient-3-1] DEBUG o.a.netty.channel.ChannelManager - Adding key: http://localhost:10889 for channel [id: 0x7c68b8df, L:/127.0.0.1:64390 - R:localhost/127.0.0.1:10889]
15:50:15.394 [Forwarding getElementText on session 14f61660-7bcc-4279-b6a3-7163a94e0626 to remote] DEBUG o.a.netty.request.NettyRequestSender - Using pooled Channel '[id: 0x7c68b8df, L:/127.0.0.1:64390 - R:localhost/127.0.0.1:10889]' for 'GET' to 'http://localhost:10889/session/14f61660-7bcc-4279-b6a3-7163a94e0626/element/d70c17c3-5255-4871-83b0-44909864e58a/text'
15:50:15.394 [Forwarding getElementText on session 14f61660-7bcc-4279-b6a3-7163a94e0626 to remote] DEBUG o.a.netty.request.NettyRequestSender - Using open Channel [id: 0x7c68b8df, L:/127.0.0.1:64390 - R:localhost/127.0.0.1:10889] for GET '/session/14f61660-7bcc-4279-b6a3-7163a94e0626/element/d70c17c3-5255-4871-83b0-44909864e58a/text'
15:50:15.401 [AsyncHttpClient-3-1] DEBUG o.a.netty.handler.HttpHandler - 

Request DefaultFullHttpRequest(decodeResult: success, version: HTTP/1.1, content: EmptyByteBufBE)
GET /session/14f61660-7bcc-4279-b6a3-7163a94e0626/element/d70c17c3-5255-4871-83b0-44909864e58a/text HTTP/1.1
User-Agent: selenium/4.0.0-alpha-5 (java windows)
Cache-Control: no-cache
host: localhost:10889
accept: */*

Response DefaultHttpResponse(decodeResult: success, version: HTTP/1.1)
HTTP/1.1 200 OK
content-type: application/json; charset=utf-8
cache-control: no-cache
content-length: 57
date: Thu, 25 Jun 2020 12:50:15 GMT

15:50:15.401 [AsyncHttpClient-3-1] DEBUG o.a.netty.channel.ChannelManager - Adding key: http://localhost:10889 for channel [id: 0x7c68b8df, L:/127.0.0.1:64390 - R:localhost/127.0.0.1:10889]
15:50:15.402 [Forwarding findChildElement on session 14f61660-7bcc-4279-b6a3-7163a94e0626 to remote] DEBUG o.a.netty.request.NettyRequestSender - Using pooled Channel '[id: 0x7c68b8df, L:/127.0.0.1:64390 - R:localhost/127.0.0.1:10889]' for 'POST' to 'http://localhost:10889/session/14f61660-7bcc-4279-b6a3-7163a94e0626/element/a9982b11-17d5-4145-a2bc-90cd4d5fa68d/element'
15:50:15.402 [Forwarding findChildElement on session 14f61660-7bcc-4279-b6a3-7163a94e0626 to remote] DEBUG o.a.netty.request.NettyRequestSender - Using open Channel [id: 0x7c68b8df, L:/127.0.0.1:64390 - R:localhost/127.0.0.1:10889] for POST '/session/14f61660-7bcc-4279-b6a3-7163a94e0626/element/a9982b11-17d5-4145-a2bc-90cd4d5fa68d/element'
15:50:15.405 [AsyncHttpClient-3-1] DEBUG o.a.netty.handler.HttpHandler - 

Request DefaultHttpRequest(decodeResult: success, version: HTTP/1.1)
POST /session/14f61660-7bcc-4279-b6a3-7163a94e0626/element/a9982b11-17d5-4145-a2bc-90cd4d5fa68d/element HTTP/1.1
User-Agent: selenium/4.0.0-alpha-5 (java windows)
Content-Length: 97
Content-Type: application/json; charset=utf-8
host: localhost:10889
accept: */*

Response DefaultHttpResponse(decodeResult: success, version: HTTP/1.1)
HTTP/1.1 200 OK
content-type: application/json; charset=utf-8
cache-control: no-cache
content-length: 88
date: Thu, 25 Jun 2020 12:50:15 GMT

15:50:15.405 [AsyncHttpClient-3-1] DEBUG o.a.netty.channel.ChannelManager - Adding key: http://localhost:10889 for channel [id: 0x7c68b8df, L:/127.0.0.1:64390 - R:localhost/127.0.0.1:10889]
15:50:15.408 [Forwarding getElementAttribute on session 14f61660-7bcc-4279-b6a3-7163a94e0626 to remote] DEBUG o.a.netty.request.NettyRequestSender - Using pooled Channel '[id: 0x7c68b8df, L:/127.0.0.1:64390 - R:localhost/127.0.0.1:10889]' for 'POST' to 'http://localhost:10889/session/14f61660-7bcc-4279-b6a3-7163a94e0626/execute/sync'
15:50:15.408 [Forwarding getElementAttribute on session 14f61660-7bcc-4279-b6a3-7163a94e0626 to remote] DEBUG o.a.netty.request.NettyRequestSender - Using open Channel [id: 0x7c68b8df, L:/127.0.0.1:64390 - R:localhost/127.0.0.1:10889] for POST '/session/14f61660-7bcc-4279-b6a3-7163a94e0626/execute/sync'
15:50:15.421 [AsyncHttpClient-3-1] DEBUG o.a.netty.handler.HttpHandler - 

Request DefaultHttpRequest(decodeResult: success, version: HTTP/1.1)
POST /session/14f61660-7bcc-4279-b6a3-7163a94e0626/execute/sync HTTP/1.1
User-Agent: selenium/4.0.0-alpha-5 (java windows)
Content-Length: 39635
Content-Type: application/json; charset=utf-8
host: localhost:10889
accept: */*

Response DefaultHttpResponse(decodeResult: success, version: HTTP/1.1)
HTTP/1.1 200 OK
content-type: application/json; charset=utf-8
cache-control: no-cache
content-length: 15
date: Thu, 25 Jun 2020 12:50:15 GMT

15:50:15.422 [AsyncHttpClient-3-1] DEBUG o.a.netty.channel.ChannelManager - Adding key: http://localhost:10889 for channel [id: 0x7c68b8df, L:/127.0.0.1:64390 - R:localhost/127.0.0.1:10889]
15:50:15.422 [Forwarding findChildElement on session 14f61660-7bcc-4279-b6a3-7163a94e0626 to remote] DEBUG o.a.netty.request.NettyRequestSender - Using pooled Channel '[id: 0x7c68b8df, L:/127.0.0.1:64390 - R:localhost/127.0.0.1:10889]' for 'POST' to 'http://localhost:10889/session/14f61660-7bcc-4279-b6a3-7163a94e0626/element/c5ba24bc-7545-49a5-9a9e-49985ced57a1/element'
15:50:15.422 [Forwarding findChildElement on session 14f61660-7bcc-4279-b6a3-7163a94e0626 to remote] DEBUG o.a.netty.request.NettyRequestSender - Using open Channel [id: 0x7c68b8df, L:/127.0.0.1:64390 - R:localhost/127.0.0.1:10889] for POST '/session/14f61660-7bcc-4279-b6a3-7163a94e0626/element/c5ba24bc-7545-49a5-9a9e-49985ced57a1/element'
15:50:15.425 [AsyncHttpClient-3-1] DEBUG o.a.netty.handler.HttpHandler - 

Request DefaultHttpRequest(decodeResult: success, version: HTTP/1.1)
POST /session/14f61660-7bcc-4279-b6a3-7163a94e0626/element/c5ba24bc-7545-49a5-9a9e-49985ced57a1/element HTTP/1.1
User-Agent: selenium/4.0.0-alpha-5 (java windows)
Content-Length: 103
Content-Type: application/json; charset=utf-8
host: localhost:10889
accept: */*

Response DefaultHttpResponse(decodeResult: success, version: HTTP/1.1)
HTTP/1.1 200 OK
content-type: application/json; charset=utf-8
cache-control: no-cache
content-length: 88
date: Thu, 25 Jun 2020 12:50:15 GMT

15:50:15.426 [AsyncHttpClient-3-1] DEBUG o.a.netty.channel.ChannelManager - Adding key: http://localhost:10889 for channel [id: 0x7c68b8df, L:/127.0.0.1:64390 - R:localhost/127.0.0.1:10889]
15:50:15.426 [Forwarding getElementText on session 14f61660-7bcc-4279-b6a3-7163a94e0626 to remote] DEBUG o.a.netty.request.NettyRequestSender - Using pooled Channel '[id: 0x7c68b8df, L:/127.0.0.1:64390 - R:localhost/127.0.0.1:10889]' for 'GET' to 'http://localhost:10889/session/14f61660-7bcc-4279-b6a3-7163a94e0626/element/23b0f4b5-4ee2-4d59-85ba-d53996bc9fe0/text'
15:50:15.426 [Forwarding getElementText on session 14f61660-7bcc-4279-b6a3-7163a94e0626 to remote] DEBUG o.a.netty.request.NettyRequestSender - Using open Channel [id: 0x7c68b8df, L:/127.0.0.1:64390 - R:localhost/127.0.0.1:10889] for GET '/session/14f61660-7bcc-4279-b6a3-7163a94e0626/element/23b0f4b5-4ee2-4d59-85ba-d53996bc9fe0/text'
15:50:15.430 [AsyncHttpClient-3-1] DEBUG o.a.netty.handler.HttpHandler - 

Request DefaultFullHttpRequest(decodeResult: success, version: HTTP/1.1, content: EmptyByteBufBE)
GET /session/14f61660-7bcc-4279-b6a3-7163a94e0626/element/23b0f4b5-4ee2-4d59-85ba-d53996bc9fe0/text HTTP/1.1
User-Agent: selenium/4.0.0-alpha-5 (java windows)
Cache-Control: no-cache
host: localhost:10889
accept: */*

Response DefaultHttpResponse(decodeResult: success, version: HTTP/1.1)
HTTP/1.1 200 OK
content-type: application/json; charset=utf-8
cache-control: no-cache
content-length: 18
date: Thu, 25 Jun 2020 12:50:15 GMT

15:50:15.430 [AsyncHttpClient-3-1] DEBUG o.a.netty.channel.ChannelManager - Adding key: http://localhost:10889 for channel [id: 0x7c68b8df, L:/127.0.0.1:64390 - R:localhost/127.0.0.1:10889]
15:50:15.431 [Forwarding findChildElement on session 14f61660-7bcc-4279-b6a3-7163a94e0626 to remote] DEBUG o.a.netty.request.NettyRequestSender - Using pooled Channel '[id: 0x7c68b8df, L:/127.0.0.1:64390 - R:localhost/127.0.0.1:10889]' for 'POST' to 'http://localhost:10889/session/14f61660-7bcc-4279-b6a3-7163a94e0626/element/c5ba24bc-7545-49a5-9a9e-49985ced57a1/element'
15:50:15.431 [Forwarding findChildElement on session 14f61660-7bcc-4279-b6a3-7163a94e0626 to remote] DEBUG o.a.netty.request.NettyRequestSender - Using open Channel [id: 0x7c68b8df, L:/127.0.0.1:64390 - R:localhost/127.0.0.1:10889] for POST '/session/14f61660-7bcc-4279-b6a3-7163a94e0626/element/c5ba24bc-7545-49a5-9a9e-49985ced57a1/element'
15:50:15.434 [AsyncHttpClient-3-1] DEBUG o.a.netty.handler.HttpHandler - 

Request DefaultHttpRequest(decodeResult: success, version: HTTP/1.1)
POST /session/14f61660-7bcc-4279-b6a3-7163a94e0626/element/c5ba24bc-7545-49a5-9a9e-49985ced57a1/element HTTP/1.1
User-Agent: selenium/4.0.0-alpha-5 (java windows)
Content-Length: 103
Content-Type: application/json; charset=utf-8
host: localhost:10889
accept: */*

Response DefaultHttpResponse(decodeResult: success, version: HTTP/1.1)
HTTP/1.1 200 OK
content-type: application/json; charset=utf-8
cache-control: no-cache
content-length: 88
date: Thu, 25 Jun 2020 12:50:15 GMT

15:50:15.434 [AsyncHttpClient-3-1] DEBUG o.a.netty.channel.ChannelManager - Adding key: http://localhost:10889 for channel [id: 0x7c68b8df, L:/127.0.0.1:64390 - R:localhost/127.0.0.1:10889]
15:50:15.435 [Forwarding getElementText on session 14f61660-7bcc-4279-b6a3-7163a94e0626 to remote] DEBUG o.a.netty.request.NettyRequestSender - Using pooled Channel '[id: 0x7c68b8df, L:/127.0.0.1:64390 - R:localhost/127.0.0.1:10889]' for 'GET' to 'http://localhost:10889/session/14f61660-7bcc-4279-b6a3-7163a94e0626/element/7c559298-e47b-4ef3-b6bf-b2e1aaee7a53/text'
15:50:15.435 [Forwarding getElementText on session 14f61660-7bcc-4279-b6a3-7163a94e0626 to remote] DEBUG o.a.netty.request.NettyRequestSender - Using open Channel [id: 0x7c68b8df, L:/127.0.0.1:64390 - R:localhost/127.0.0.1:10889] for GET '/session/14f61660-7bcc-4279-b6a3-7163a94e0626/element/7c559298-e47b-4ef3-b6bf-b2e1aaee7a53/text'
15:50:15.439 [AsyncHttpClient-3-1] DEBUG o.a.netty.handler.HttpHandler - 

Request DefaultFullHttpRequest(decodeResult: success, version: HTTP/1.1, content: EmptyByteBufBE)
GET /session/14f61660-7bcc-4279-b6a3-7163a94e0626/element/7c559298-e47b-4ef3-b6bf-b2e1aaee7a53/text HTTP/1.1
User-Agent: selenium/4.0.0-alpha-5 (java windows)
Cache-Control: no-cache
host: localhost:10889
accept: */*

Response DefaultHttpResponse(decodeResult: success, version: HTTP/1.1)
HTTP/1.1 200 OK
content-type: application/json; charset=utf-8
cache-control: no-cache
content-length: 22
date: Thu, 25 Jun 2020 12:50:15 GMT

15:50:15.439 [AsyncHttpClient-3-1] DEBUG o.a.netty.channel.ChannelManager - Adding key: http://localhost:10889 for channel [id: 0x7c68b8df, L:/127.0.0.1:64390 - R:localhost/127.0.0.1:10889]
15:50:15.439 [Forwarding findChildElement on session 14f61660-7bcc-4279-b6a3-7163a94e0626 to remote] DEBUG o.a.netty.request.NettyRequestSender - Using pooled Channel '[id: 0x7c68b8df, L:/127.0.0.1:64390 - R:localhost/127.0.0.1:10889]' for 'POST' to 'http://localhost:10889/session/14f61660-7bcc-4279-b6a3-7163a94e0626/element/c5ba24bc-7545-49a5-9a9e-49985ced57a1/element'
15:50:15.439 [Forwarding findChildElement on session 14f61660-7bcc-4279-b6a3-7163a94e0626 to remote] DEBUG o.a.netty.request.NettyRequestSender - Using open Channel [id: 0x7c68b8df, L:/127.0.0.1:64390 - R:localhost/127.0.0.1:10889] for POST '/session/14f61660-7bcc-4279-b6a3-7163a94e0626/element/c5ba24bc-7545-49a5-9a9e-49985ced57a1/element'
15:50:15.443 [AsyncHttpClient-3-1] DEBUG o.a.netty.handler.HttpHandler - 

Request DefaultHttpRequest(decodeResult: success, version: HTTP/1.1)
POST /session/14f61660-7bcc-4279-b6a3-7163a94e0626/element/c5ba24bc-7545-49a5-9a9e-49985ced57a1/element HTTP/1.1
User-Agent: selenium/4.0.0-alpha-5 (java windows)
Content-Length: 103
Content-Type: application/json; charset=utf-8
host: localhost:10889
accept: */*

Response DefaultHttpResponse(decodeResult: success, version: HTTP/1.1)
HTTP/1.1 200 OK
content-type: application/json; charset=utf-8
cache-control: no-cache
content-length: 88
date: Thu, 25 Jun 2020 12:50:15 GMT

15:50:15.443 [AsyncHttpClient-3-1] DEBUG o.a.netty.channel.ChannelManager - Adding key: http://localhost:10889 for channel [id: 0x7c68b8df, L:/127.0.0.1:64390 - R:localhost/127.0.0.1:10889]
15:50:15.443 [Forwarding getElementText on session 14f61660-7bcc-4279-b6a3-7163a94e0626 to remote] DEBUG o.a.netty.request.NettyRequestSender - Using pooled Channel '[id: 0x7c68b8df, L:/127.0.0.1:64390 - R:localhost/127.0.0.1:10889]' for 'GET' to 'http://localhost:10889/session/14f61660-7bcc-4279-b6a3-7163a94e0626/element/a70dfd33-790c-4c92-834e-c768f1834901/text'
15:50:15.443 [Forwarding getElementText on session 14f61660-7bcc-4279-b6a3-7163a94e0626 to remote] DEBUG o.a.netty.request.NettyRequestSender - Using open Channel [id: 0x7c68b8df, L:/127.0.0.1:64390 - R:localhost/127.0.0.1:10889] for GET '/session/14f61660-7bcc-4279-b6a3-7163a94e0626/element/a70dfd33-790c-4c92-834e-c768f1834901/text'
15:50:15.447 [AsyncHttpClient-3-1] DEBUG o.a.netty.handler.HttpHandler - 

Request DefaultFullHttpRequest(decodeResult: success, version: HTTP/1.1, content: EmptyByteBufBE)
GET /session/14f61660-7bcc-4279-b6a3-7163a94e0626/element/a70dfd33-790c-4c92-834e-c768f1834901/text HTTP/1.1
User-Agent: selenium/4.0.0-alpha-5 (java windows)
Cache-Control: no-cache
host: localhost:10889
accept: */*

Response DefaultHttpResponse(decodeResult: success, version: HTTP/1.1)
HTTP/1.1 200 OK
content-type: application/json; charset=utf-8
cache-control: no-cache
content-length: 21
date: Thu, 25 Jun 2020 12:50:15 GMT

15:50:15.447 [AsyncHttpClient-3-1] DEBUG o.a.netty.channel.ChannelManager - Adding key: http://localhost:10889 for channel [id: 0x7c68b8df, L:/127.0.0.1:64390 - R:localhost/127.0.0.1:10889]
15:50:15.448 [Forwarding findChildElement on session 14f61660-7bcc-4279-b6a3-7163a94e0626 to remote] DEBUG o.a.netty.request.NettyRequestSender - Using pooled Channel '[id: 0x7c68b8df, L:/127.0.0.1:64390 - R:localhost/127.0.0.1:10889]' for 'POST' to 'http://localhost:10889/session/14f61660-7bcc-4279-b6a3-7163a94e0626/element/c5ba24bc-7545-49a5-9a9e-49985ced57a1/element'
15:50:15.448 [Forwarding findChildElement on session 14f61660-7bcc-4279-b6a3-7163a94e0626 to remote] DEBUG o.a.netty.request.NettyRequestSender - Using open Channel [id: 0x7c68b8df, L:/127.0.0.1:64390 - R:localhost/127.0.0.1:10889] for POST '/session/14f61660-7bcc-4279-b6a3-7163a94e0626/element/c5ba24bc-7545-49a5-9a9e-49985ced57a1/element'
15:50:15.451 [AsyncHttpClient-3-1] DEBUG o.a.netty.handler.HttpHandler - 

Request DefaultHttpRequest(decodeResult: success, version: HTTP/1.1)
POST /session/14f61660-7bcc-4279-b6a3-7163a94e0626/element/c5ba24bc-7545-49a5-9a9e-49985ced57a1/element HTTP/1.1
User-Agent: selenium/4.0.0-alpha-5 (java windows)
Content-Length: 103
Content-Type: application/json; charset=utf-8
host: localhost:10889
accept: */*

Response DefaultHttpResponse(decodeResult: success, version: HTTP/1.1)
HTTP/1.1 200 OK
content-type: application/json; charset=utf-8
cache-control: no-cache
content-length: 88
date: Thu, 25 Jun 2020 12:50:15 GMT

15:50:15.451 [AsyncHttpClient-3-1] DEBUG o.a.netty.channel.ChannelManager - Adding key: http://localhost:10889 for channel [id: 0x7c68b8df, L:/127.0.0.1:64390 - R:localhost/127.0.0.1:10889]
15:50:15.452 [Forwarding getElementText on session 14f61660-7bcc-4279-b6a3-7163a94e0626 to remote] DEBUG o.a.netty.request.NettyRequestSender - Using pooled Channel '[id: 0x7c68b8df, L:/127.0.0.1:64390 - R:localhost/127.0.0.1:10889]' for 'GET' to 'http://localhost:10889/session/14f61660-7bcc-4279-b6a3-7163a94e0626/element/bd456fb4-045b-4bcc-933a-837c0c572d28/text'
15:50:15.452 [Forwarding getElementText on session 14f61660-7bcc-4279-b6a3-7163a94e0626 to remote] DEBUG o.a.netty.request.NettyRequestSender - Using open Channel [id: 0x7c68b8df, L:/127.0.0.1:64390 - R:localhost/127.0.0.1:10889] for GET '/session/14f61660-7bcc-4279-b6a3-7163a94e0626/element/bd456fb4-045b-4bcc-933a-837c0c572d28/text'
15:50:15.457 [AsyncHttpClient-3-1] DEBUG o.a.netty.handler.HttpHandler - 

Request DefaultFullHttpRequest(decodeResult: success, version: HTTP/1.1, content: EmptyByteBufBE)
GET /session/14f61660-7bcc-4279-b6a3-7163a94e0626/element/bd456fb4-045b-4bcc-933a-837c0c572d28/text HTTP/1.1
User-Agent: selenium/4.0.0-alpha-5 (java windows)
Cache-Control: no-cache
host: localhost:10889
accept: */*

Response DefaultHttpResponse(decodeResult: success, version: HTTP/1.1)
HTTP/1.1 200 OK
content-type: application/json; charset=utf-8
cache-control: no-cache
content-length: 45
date: Thu, 25 Jun 2020 12:50:15 GMT

15:50:15.458 [AsyncHttpClient-3-1] DEBUG o.a.netty.channel.ChannelManager - Adding key: http://localhost:10889 for channel [id: 0x7c68b8df, L:/127.0.0.1:64390 - R:localhost/127.0.0.1:10889]
15:50:15.459 [Forwarding findChildElement on session 14f61660-7bcc-4279-b6a3-7163a94e0626 to remote] DEBUG o.a.netty.request.NettyRequestSender - Using pooled Channel '[id: 0x7c68b8df, L:/127.0.0.1:64390 - R:localhost/127.0.0.1:10889]' for 'POST' to 'http://localhost:10889/session/14f61660-7bcc-4279-b6a3-7163a94e0626/element/c5ba24bc-7545-49a5-9a9e-49985ced57a1/element'
15:50:15.459 [Forwarding findChildElement on session 14f61660-7bcc-4279-b6a3-7163a94e0626 to remote] DEBUG o.a.netty.request.NettyRequestSender - Using open Channel [id: 0x7c68b8df, L:/127.0.0.1:64390 - R:localhost/127.0.0.1:10889] for POST '/session/14f61660-7bcc-4279-b6a3-7163a94e0626/element/c5ba24bc-7545-49a5-9a9e-49985ced57a1/element'
15:50:15.463 [AsyncHttpClient-3-1] DEBUG o.a.netty.handler.HttpHandler - 

Request DefaultHttpRequest(decodeResult: success, version: HTTP/1.1)
POST /session/14f61660-7bcc-4279-b6a3-7163a94e0626/element/c5ba24bc-7545-49a5-9a9e-49985ced57a1/element HTTP/1.1
User-Agent: selenium/4.0.0-alpha-5 (java windows)
Content-Length: 103
Content-Type: application/json; charset=utf-8
host: localhost:10889
accept: */*

Response DefaultHttpResponse(decodeResult: success, version: HTTP/1.1)
HTTP/1.1 200 OK
content-type: application/json; charset=utf-8
cache-control: no-cache
content-length: 88
date: Thu, 25 Jun 2020 12:50:15 GMT

15:50:15.463 [AsyncHttpClient-3-1] DEBUG o.a.netty.channel.ChannelManager - Adding key: http://localhost:10889 for channel [id: 0x7c68b8df, L:/127.0.0.1:64390 - R:localhost/127.0.0.1:10889]
15:50:15.464 [Forwarding getElementText on session 14f61660-7bcc-4279-b6a3-7163a94e0626 to remote] DEBUG o.a.netty.request.NettyRequestSender - Using pooled Channel '[id: 0x7c68b8df, L:/127.0.0.1:64390 - R:localhost/127.0.0.1:10889]' for 'GET' to 'http://localhost:10889/session/14f61660-7bcc-4279-b6a3-7163a94e0626/element/0edfcdd0-8dc1-4ae3-b84c-e17db43a62a7/text'
15:50:15.464 [Forwarding getElementText on session 14f61660-7bcc-4279-b6a3-7163a94e0626 to remote] DEBUG o.a.netty.request.NettyRequestSender - Using open Channel [id: 0x7c68b8df, L:/127.0.0.1:64390 - R:localhost/127.0.0.1:10889] for GET '/session/14f61660-7bcc-4279-b6a3-7163a94e0626/element/0edfcdd0-8dc1-4ae3-b84c-e17db43a62a7/text'
15:50:15.470 [AsyncHttpClient-3-1] DEBUG o.a.netty.handler.HttpHandler - 

Request DefaultFullHttpRequest(decodeResult: success, version: HTTP/1.1, content: EmptyByteBufBE)
GET /session/14f61660-7bcc-4279-b6a3-7163a94e0626/element/0edfcdd0-8dc1-4ae3-b84c-e17db43a62a7/text HTTP/1.1
User-Agent: selenium/4.0.0-alpha-5 (java windows)
Cache-Control: no-cache
host: localhost:10889
accept: */*

Response DefaultHttpResponse(decodeResult: success, version: HTTP/1.1)
HTTP/1.1 200 OK
content-type: application/json; charset=utf-8
cache-control: no-cache
content-length: 57
date: Thu, 25 Jun 2020 12:50:15 GMT

15:50:15.471 [AsyncHttpClient-3-1] DEBUG o.a.netty.channel.ChannelManager - Adding key: http://localhost:10889 for channel [id: 0x7c68b8df, L:/127.0.0.1:64390 - R:localhost/127.0.0.1:10889]
15:50:15.471 [Forwarding findChildElement on session 14f61660-7bcc-4279-b6a3-7163a94e0626 to remote] DEBUG o.a.netty.request.NettyRequestSender - Using pooled Channel '[id: 0x7c68b8df, L:/127.0.0.1:64390 - R:localhost/127.0.0.1:10889]' for 'POST' to 'http://localhost:10889/session/14f61660-7bcc-4279-b6a3-7163a94e0626/element/c5ba24bc-7545-49a5-9a9e-49985ced57a1/element'
15:50:15.471 [Forwarding findChildElement on session 14f61660-7bcc-4279-b6a3-7163a94e0626 to remote] DEBUG o.a.netty.request.NettyRequestSender - Using open Channel [id: 0x7c68b8df, L:/127.0.0.1:64390 - R:localhost/127.0.0.1:10889] for POST '/session/14f61660-7bcc-4279-b6a3-7163a94e0626/element/c5ba24bc-7545-49a5-9a9e-49985ced57a1/element'
15:50:15.474 [AsyncHttpClient-3-1] DEBUG o.a.netty.handler.HttpHandler - 

Request DefaultHttpRequest(decodeResult: success, version: HTTP/1.1)
POST /session/14f61660-7bcc-4279-b6a3-7163a94e0626/element/c5ba24bc-7545-49a5-9a9e-49985ced57a1/element HTTP/1.1
User-Agent: selenium/4.0.0-alpha-5 (java windows)
Content-Length: 97
Content-Type: application/json; charset=utf-8
host: localhost:10889
accept: */*

Response DefaultHttpResponse(decodeResult: success, version: HTTP/1.1)
HTTP/1.1 200 OK
content-type: application/json; charset=utf-8
cache-control: no-cache
content-length: 88
date: Thu, 25 Jun 2020 12:50:15 GMT

15:50:15.474 [AsyncHttpClient-3-1] DEBUG o.a.netty.channel.ChannelManager - Adding key: http://localhost:10889 for channel [id: 0x7c68b8df, L:/127.0.0.1:64390 - R:localhost/127.0.0.1:10889]
15:50:15.477 [Forwarding getElementAttribute on session 14f61660-7bcc-4279-b6a3-7163a94e0626 to remote] DEBUG o.a.netty.request.NettyRequestSender - Using pooled Channel '[id: 0x7c68b8df, L:/127.0.0.1:64390 - R:localhost/127.0.0.1:10889]' for 'POST' to 'http://localhost:10889/session/14f61660-7bcc-4279-b6a3-7163a94e0626/execute/sync'
15:50:15.477 [Forwarding getElementAttribute on session 14f61660-7bcc-4279-b6a3-7163a94e0626 to remote] DEBUG o.a.netty.request.NettyRequestSender - Using open Channel [id: 0x7c68b8df, L:/127.0.0.1:64390 - R:localhost/127.0.0.1:10889] for POST '/session/14f61660-7bcc-4279-b6a3-7163a94e0626/execute/sync'
15:50:15.490 [AsyncHttpClient-3-1] DEBUG o.a.netty.handler.HttpHandler - 

Request DefaultHttpRequest(decodeResult: success, version: HTTP/1.1)
POST /session/14f61660-7bcc-4279-b6a3-7163a94e0626/execute/sync HTTP/1.1
User-Agent: selenium/4.0.0-alpha-5 (java windows)
Content-Length: 39635
Content-Type: application/json; charset=utf-8
host: localhost:10889
accept: */*

Response DefaultHttpResponse(decodeResult: success, version: HTTP/1.1)
HTTP/1.1 200 OK
content-type: application/json; charset=utf-8
cache-control: no-cache
content-length: 15
date: Thu, 25 Jun 2020 12:50:15 GMT

15:50:15.490 [AsyncHttpClient-3-1] DEBUG o.a.netty.channel.ChannelManager - Adding key: http://localhost:10889 for channel [id: 0x7c68b8df, L:/127.0.0.1:64390 - R:localhost/127.0.0.1:10889]
15:50:15.491 [Forwarding findChildElement on session 14f61660-7bcc-4279-b6a3-7163a94e0626 to remote] DEBUG o.a.netty.request.NettyRequestSender - Using pooled Channel '[id: 0x7c68b8df, L:/127.0.0.1:64390 - R:localhost/127.0.0.1:10889]' for 'POST' to 'http://localhost:10889/session/14f61660-7bcc-4279-b6a3-7163a94e0626/element/03bc1aee-6686-44ee-8e85-7cbe07447b79/element'
15:50:15.491 [Forwarding findChildElement on session 14f61660-7bcc-4279-b6a3-7163a94e0626 to remote] DEBUG o.a.netty.request.NettyRequestSender - Using open Channel [id: 0x7c68b8df, L:/127.0.0.1:64390 - R:localhost/127.0.0.1:10889] for POST '/session/14f61660-7bcc-4279-b6a3-7163a94e0626/element/03bc1aee-6686-44ee-8e85-7cbe07447b79/element'
15:50:15.494 [AsyncHttpClient-3-1] DEBUG o.a.netty.handler.HttpHandler - 

Request DefaultHttpRequest(decodeResult: success, version: HTTP/1.1)
POST /session/14f61660-7bcc-4279-b6a3-7163a94e0626/element/03bc1aee-6686-44ee-8e85-7cbe07447b79/element HTTP/1.1
User-Agent: selenium/4.0.0-alpha-5 (java windows)
Content-Length: 103
Content-Type: application/json; charset=utf-8
host: localhost:10889
accept: */*

Response DefaultHttpResponse(decodeResult: success, version: HTTP/1.1)
HTTP/1.1 200 OK
content-type: application/json; charset=utf-8
cache-control: no-cache
content-length: 88
date: Thu, 25 Jun 2020 12:50:15 GMT

15:50:15.494 [AsyncHttpClient-3-1] DEBUG o.a.netty.channel.ChannelManager - Adding key: http://localhost:10889 for channel [id: 0x7c68b8df, L:/127.0.0.1:64390 - R:localhost/127.0.0.1:10889]
15:50:15.495 [Forwarding getElementText on session 14f61660-7bcc-4279-b6a3-7163a94e0626 to remote] DEBUG o.a.netty.request.NettyRequestSender - Using pooled Channel '[id: 0x7c68b8df, L:/127.0.0.1:64390 - R:localhost/127.0.0.1:10889]' for 'GET' to 'http://localhost:10889/session/14f61660-7bcc-4279-b6a3-7163a94e0626/element/c7c00215-c3f4-4d9e-8129-b8f919f162f7/text'
15:50:15.495 [Forwarding getElementText on session 14f61660-7bcc-4279-b6a3-7163a94e0626 to remote] DEBUG o.a.netty.request.NettyRequestSender - Using open Channel [id: 0x7c68b8df, L:/127.0.0.1:64390 - R:localhost/127.0.0.1:10889] for GET '/session/14f61660-7bcc-4279-b6a3-7163a94e0626/element/c7c00215-c3f4-4d9e-8129-b8f919f162f7/text'
15:50:15.499 [AsyncHttpClient-3-1] DEBUG o.a.netty.handler.HttpHandler - 

Request DefaultFullHttpRequest(decodeResult: success, version: HTTP/1.1, content: EmptyByteBufBE)
GET /session/14f61660-7bcc-4279-b6a3-7163a94e0626/element/c7c00215-c3f4-4d9e-8129-b8f919f162f7/text HTTP/1.1
User-Agent: selenium/4.0.0-alpha-5 (java windows)
Cache-Control: no-cache
host: localhost:10889
accept: */*

Response DefaultHttpResponse(decodeResult: success, version: HTTP/1.1)
HTTP/1.1 200 OK
content-type: application/json; charset=utf-8
cache-control: no-cache
content-length: 18
date: Thu, 25 Jun 2020 12:50:15 GMT

15:50:15.499 [AsyncHttpClient-3-1] DEBUG o.a.netty.channel.ChannelManager - Adding key: http://localhost:10889 for channel [id: 0x7c68b8df, L:/127.0.0.1:64390 - R:localhost/127.0.0.1:10889]
15:50:15.499 [Forwarding findChildElement on session 14f61660-7bcc-4279-b6a3-7163a94e0626 to remote] DEBUG o.a.netty.request.NettyRequestSender - Using pooled Channel '[id: 0x7c68b8df, L:/127.0.0.1:64390 - R:localhost/127.0.0.1:10889]' for 'POST' to 'http://localhost:10889/session/14f61660-7bcc-4279-b6a3-7163a94e0626/element/03bc1aee-6686-44ee-8e85-7cbe07447b79/element'
15:50:15.500 [Forwarding findChildElement on session 14f61660-7bcc-4279-b6a3-7163a94e0626 to remote] DEBUG o.a.netty.request.NettyRequestSender - Using open Channel [id: 0x7c68b8df, L:/127.0.0.1:64390 - R:localhost/127.0.0.1:10889] for POST '/session/14f61660-7bcc-4279-b6a3-7163a94e0626/element/03bc1aee-6686-44ee-8e85-7cbe07447b79/element'
15:50:15.503 [AsyncHttpClient-3-1] DEBUG o.a.netty.handler.HttpHandler - 

Request DefaultHttpRequest(decodeResult: success, version: HTTP/1.1)
POST /session/14f61660-7bcc-4279-b6a3-7163a94e0626/element/03bc1aee-6686-44ee-8e85-7cbe07447b79/element HTTP/1.1
User-Agent: selenium/4.0.0-alpha-5 (java windows)
Content-Length: 103
Content-Type: application/json; charset=utf-8
host: localhost:10889
accept: */*

Response DefaultHttpResponse(decodeResult: success, version: HTTP/1.1)
HTTP/1.1 200 OK
content-type: application/json; charset=utf-8
cache-control: no-cache
content-length: 88
date: Thu, 25 Jun 2020 12:50:15 GMT

15:50:15.503 [AsyncHttpClient-3-1] DEBUG o.a.netty.channel.ChannelManager - Adding key: http://localhost:10889 for channel [id: 0x7c68b8df, L:/127.0.0.1:64390 - R:localhost/127.0.0.1:10889]
15:50:15.503 [Forwarding getElementText on session 14f61660-7bcc-4279-b6a3-7163a94e0626 to remote] DEBUG o.a.netty.request.NettyRequestSender - Using pooled Channel '[id: 0x7c68b8df, L:/127.0.0.1:64390 - R:localhost/127.0.0.1:10889]' for 'GET' to 'http://localhost:10889/session/14f61660-7bcc-4279-b6a3-7163a94e0626/element/a7687b91-3dab-40ae-9b3d-8b2181dd9fd9/text'
15:50:15.503 [Forwarding getElementText on session 14f61660-7bcc-4279-b6a3-7163a94e0626 to remote] DEBUG o.a.netty.request.NettyRequestSender - Using open Channel [id: 0x7c68b8df, L:/127.0.0.1:64390 - R:localhost/127.0.0.1:10889] for GET '/session/14f61660-7bcc-4279-b6a3-7163a94e0626/element/a7687b91-3dab-40ae-9b3d-8b2181dd9fd9/text'
15:50:15.507 [AsyncHttpClient-3-1] DEBUG o.a.netty.handler.HttpHandler - 

Request DefaultFullHttpRequest(decodeResult: success, version: HTTP/1.1, content: EmptyByteBufBE)
GET /session/14f61660-7bcc-4279-b6a3-7163a94e0626/element/a7687b91-3dab-40ae-9b3d-8b2181dd9fd9/text HTTP/1.1
User-Agent: selenium/4.0.0-alpha-5 (java windows)
Cache-Control: no-cache
host: localhost:10889
accept: */*

Response DefaultHttpResponse(decodeResult: success, version: HTTP/1.1)
HTTP/1.1 200 OK
content-type: application/json; charset=utf-8
cache-control: no-cache
content-length: 22
date: Thu, 25 Jun 2020 12:50:15 GMT

15:50:15.507 [AsyncHttpClient-3-1] DEBUG o.a.netty.channel.ChannelManager - Adding key: http://localhost:10889 for channel [id: 0x7c68b8df, L:/127.0.0.1:64390 - R:localhost/127.0.0.1:10889]
15:50:15.507 [Forwarding findChildElement on session 14f61660-7bcc-4279-b6a3-7163a94e0626 to remote] DEBUG o.a.netty.request.NettyRequestSender - Using pooled Channel '[id: 0x7c68b8df, L:/127.0.0.1:64390 - R:localhost/127.0.0.1:10889]' for 'POST' to 'http://localhost:10889/session/14f61660-7bcc-4279-b6a3-7163a94e0626/element/03bc1aee-6686-44ee-8e85-7cbe07447b79/element'
15:50:15.508 [Forwarding findChildElement on session 14f61660-7bcc-4279-b6a3-7163a94e0626 to remote] DEBUG o.a.netty.request.NettyRequestSender - Using open Channel [id: 0x7c68b8df, L:/127.0.0.1:64390 - R:localhost/127.0.0.1:10889] for POST '/session/14f61660-7bcc-4279-b6a3-7163a94e0626/element/03bc1aee-6686-44ee-8e85-7cbe07447b79/element'
15:50:15.511 [AsyncHttpClient-3-1] DEBUG o.a.netty.handler.HttpHandler - 

Request DefaultHttpRequest(decodeResult: success, version: HTTP/1.1)
POST /session/14f61660-7bcc-4279-b6a3-7163a94e0626/element/03bc1aee-6686-44ee-8e85-7cbe07447b79/element HTTP/1.1
User-Agent: selenium/4.0.0-alpha-5 (java windows)
Content-Length: 103
Content-Type: application/json; charset=utf-8
host: localhost:10889
accept: */*

Response DefaultHttpResponse(decodeResult: success, version: HTTP/1.1)
HTTP/1.1 200 OK
content-type: application/json; charset=utf-8
cache-control: no-cache
content-length: 88
date: Thu, 25 Jun 2020 12:50:15 GMT

15:50:15.512 [AsyncHttpClient-3-1] DEBUG o.a.netty.channel.ChannelManager - Adding key: http://localhost:10889 for channel [id: 0x7c68b8df, L:/127.0.0.1:64390 - R:localhost/127.0.0.1:10889]
15:50:15.512 [Forwarding getElementText on session 14f61660-7bcc-4279-b6a3-7163a94e0626 to remote] DEBUG o.a.netty.request.NettyRequestSender - Using pooled Channel '[id: 0x7c68b8df, L:/127.0.0.1:64390 - R:localhost/127.0.0.1:10889]' for 'GET' to 'http://localhost:10889/session/14f61660-7bcc-4279-b6a3-7163a94e0626/element/4c66dac2-76c8-4ebf-ac16-ac12b47a06f5/text'
15:50:15.512 [Forwarding getElementText on session 14f61660-7bcc-4279-b6a3-7163a94e0626 to remote] DEBUG o.a.netty.request.NettyRequestSender - Using open Channel [id: 0x7c68b8df, L:/127.0.0.1:64390 - R:localhost/127.0.0.1:10889] for GET '/session/14f61660-7bcc-4279-b6a3-7163a94e0626/element/4c66dac2-76c8-4ebf-ac16-ac12b47a06f5/text'
15:50:15.516 [AsyncHttpClient-3-1] DEBUG o.a.netty.handler.HttpHandler - 

Request DefaultFullHttpRequest(decodeResult: success, version: HTTP/1.1, content: EmptyByteBufBE)
GET /session/14f61660-7bcc-4279-b6a3-7163a94e0626/element/4c66dac2-76c8-4ebf-ac16-ac12b47a06f5/text HTTP/1.1
User-Agent: selenium/4.0.0-alpha-5 (java windows)
Cache-Control: no-cache
host: localhost:10889
accept: */*

Response DefaultHttpResponse(decodeResult: success, version: HTTP/1.1)
HTTP/1.1 200 OK
content-type: application/json; charset=utf-8
cache-control: no-cache
content-length: 21
date: Thu, 25 Jun 2020 12:50:15 GMT

15:50:15.517 [AsyncHttpClient-3-1] DEBUG o.a.netty.channel.ChannelManager - Adding key: http://localhost:10889 for channel [id: 0x7c68b8df, L:/127.0.0.1:64390 - R:localhost/127.0.0.1:10889]
15:50:15.517 [Forwarding findChildElement on session 14f61660-7bcc-4279-b6a3-7163a94e0626 to remote] DEBUG o.a.netty.request.NettyRequestSender - Using pooled Channel '[id: 0x7c68b8df, L:/127.0.0.1:64390 - R:localhost/127.0.0.1:10889]' for 'POST' to 'http://localhost:10889/session/14f61660-7bcc-4279-b6a3-7163a94e0626/element/03bc1aee-6686-44ee-8e85-7cbe07447b79/element'
15:50:15.517 [Forwarding findChildElement on session 14f61660-7bcc-4279-b6a3-7163a94e0626 to remote] DEBUG o.a.netty.request.NettyRequestSender - Using open Channel [id: 0x7c68b8df, L:/127.0.0.1:64390 - R:localhost/127.0.0.1:10889] for POST '/session/14f61660-7bcc-4279-b6a3-7163a94e0626/element/03bc1aee-6686-44ee-8e85-7cbe07447b79/element'
15:50:15.521 [AsyncHttpClient-3-1] DEBUG o.a.netty.handler.HttpHandler - 

Request DefaultHttpRequest(decodeResult: success, version: HTTP/1.1)
POST /session/14f61660-7bcc-4279-b6a3-7163a94e0626/element/03bc1aee-6686-44ee-8e85-7cbe07447b79/element HTTP/1.1
User-Agent: selenium/4.0.0-alpha-5 (java windows)
Content-Length: 103
Content-Type: application/json; charset=utf-8
host: localhost:10889
accept: */*

Response DefaultHttpResponse(decodeResult: success, version: HTTP/1.1)
HTTP/1.1 200 OK
content-type: application/json; charset=utf-8
cache-control: no-cache
content-length: 88
date: Thu, 25 Jun 2020 12:50:15 GMT

15:50:15.521 [AsyncHttpClient-3-1] DEBUG o.a.netty.channel.ChannelManager - Adding key: http://localhost:10889 for channel [id: 0x7c68b8df, L:/127.0.0.1:64390 - R:localhost/127.0.0.1:10889]
15:50:15.521 [Forwarding getElementText on session 14f61660-7bcc-4279-b6a3-7163a94e0626 to remote] DEBUG o.a.netty.request.NettyRequestSender - Using pooled Channel '[id: 0x7c68b8df, L:/127.0.0.1:64390 - R:localhost/127.0.0.1:10889]' for 'GET' to 'http://localhost:10889/session/14f61660-7bcc-4279-b6a3-7163a94e0626/element/2f21dbee-2023-4181-848f-ba253df1d3b9/text'
15:50:15.521 [Forwarding getElementText on session 14f61660-7bcc-4279-b6a3-7163a94e0626 to remote] DEBUG o.a.netty.request.NettyRequestSender - Using open Channel [id: 0x7c68b8df, L:/127.0.0.1:64390 - R:localhost/127.0.0.1:10889] for GET '/session/14f61660-7bcc-4279-b6a3-7163a94e0626/element/2f21dbee-2023-4181-848f-ba253df1d3b9/text'
15:50:15.525 [AsyncHttpClient-3-1] DEBUG o.a.netty.handler.HttpHandler - 

Request DefaultFullHttpRequest(decodeResult: success, version: HTTP/1.1, content: EmptyByteBufBE)
GET /session/14f61660-7bcc-4279-b6a3-7163a94e0626/element/2f21dbee-2023-4181-848f-ba253df1d3b9/text HTTP/1.1
User-Agent: selenium/4.0.0-alpha-5 (java windows)
Cache-Control: no-cache
host: localhost:10889
accept: */*

Response DefaultHttpResponse(decodeResult: success, version: HTTP/1.1)
HTTP/1.1 200 OK
content-type: application/json; charset=utf-8
cache-control: no-cache
content-length: 45
date: Thu, 25 Jun 2020 12:50:15 GMT

15:50:15.526 [AsyncHttpClient-3-1] DEBUG o.a.netty.channel.ChannelManager - Adding key: http://localhost:10889 for channel [id: 0x7c68b8df, L:/127.0.0.1:64390 - R:localhost/127.0.0.1:10889]
15:50:15.526 [Forwarding findChildElement on session 14f61660-7bcc-4279-b6a3-7163a94e0626 to remote] DEBUG o.a.netty.request.NettyRequestSender - Using pooled Channel '[id: 0x7c68b8df, L:/127.0.0.1:64390 - R:localhost/127.0.0.1:10889]' for 'POST' to 'http://localhost:10889/session/14f61660-7bcc-4279-b6a3-7163a94e0626/element/03bc1aee-6686-44ee-8e85-7cbe07447b79/element'
15:50:15.526 [Forwarding findChildElement on session 14f61660-7bcc-4279-b6a3-7163a94e0626 to remote] DEBUG o.a.netty.request.NettyRequestSender - Using open Channel [id: 0x7c68b8df, L:/127.0.0.1:64390 - R:localhost/127.0.0.1:10889] for POST '/session/14f61660-7bcc-4279-b6a3-7163a94e0626/element/03bc1aee-6686-44ee-8e85-7cbe07447b79/element'
15:50:15.529 [AsyncHttpClient-3-1] DEBUG o.a.netty.handler.HttpHandler - 

Request DefaultHttpRequest(decodeResult: success, version: HTTP/1.1)
POST /session/14f61660-7bcc-4279-b6a3-7163a94e0626/element/03bc1aee-6686-44ee-8e85-7cbe07447b79/element HTTP/1.1
User-Agent: selenium/4.0.0-alpha-5 (java windows)
Content-Length: 103
Content-Type: application/json; charset=utf-8
host: localhost:10889
accept: */*

Response DefaultHttpResponse(decodeResult: success, version: HTTP/1.1)
HTTP/1.1 200 OK
content-type: application/json; charset=utf-8
cache-control: no-cache
content-length: 88
date: Thu, 25 Jun 2020 12:50:15 GMT

15:50:15.529 [AsyncHttpClient-3-1] DEBUG o.a.netty.channel.ChannelManager - Adding key: http://localhost:10889 for channel [id: 0x7c68b8df, L:/127.0.0.1:64390 - R:localhost/127.0.0.1:10889]
15:50:15.530 [Forwarding getElementText on session 14f61660-7bcc-4279-b6a3-7163a94e0626 to remote] DEBUG o.a.netty.request.NettyRequestSender - Using pooled Channel '[id: 0x7c68b8df, L:/127.0.0.1:64390 - R:localhost/127.0.0.1:10889]' for 'GET' to 'http://localhost:10889/session/14f61660-7bcc-4279-b6a3-7163a94e0626/element/0a10ba49-4aef-4930-93b0-73b42781ae06/text'
15:50:15.530 [Forwarding getElementText on session 14f61660-7bcc-4279-b6a3-7163a94e0626 to remote] DEBUG o.a.netty.request.NettyRequestSender - Using open Channel [id: 0x7c68b8df, L:/127.0.0.1:64390 - R:localhost/127.0.0.1:10889] for GET '/session/14f61660-7bcc-4279-b6a3-7163a94e0626/element/0a10ba49-4aef-4930-93b0-73b42781ae06/text'
15:50:15.536 [AsyncHttpClient-3-1] DEBUG o.a.netty.handler.HttpHandler - 

Request DefaultFullHttpRequest(decodeResult: success, version: HTTP/1.1, content: EmptyByteBufBE)
GET /session/14f61660-7bcc-4279-b6a3-7163a94e0626/element/0a10ba49-4aef-4930-93b0-73b42781ae06/text HTTP/1.1
User-Agent: selenium/4.0.0-alpha-5 (java windows)
Cache-Control: no-cache
host: localhost:10889
accept: */*

Response DefaultHttpResponse(decodeResult: success, version: HTTP/1.1)
HTTP/1.1 200 OK
content-type: application/json; charset=utf-8
cache-control: no-cache
content-length: 57
date: Thu, 25 Jun 2020 12:50:15 GMT

15:50:15.536 [AsyncHttpClient-3-1] DEBUG o.a.netty.channel.ChannelManager - Adding key: http://localhost:10889 for channel [id: 0x7c68b8df, L:/127.0.0.1:64390 - R:localhost/127.0.0.1:10889]
15:50:15.537 [Forwarding findChildElement on session 14f61660-7bcc-4279-b6a3-7163a94e0626 to remote] DEBUG o.a.netty.request.NettyRequestSender - Using pooled Channel '[id: 0x7c68b8df, L:/127.0.0.1:64390 - R:localhost/127.0.0.1:10889]' for 'POST' to 'http://localhost:10889/session/14f61660-7bcc-4279-b6a3-7163a94e0626/element/03bc1aee-6686-44ee-8e85-7cbe07447b79/element'
15:50:15.537 [Forwarding findChildElement on session 14f61660-7bcc-4279-b6a3-7163a94e0626 to remote] DEBUG o.a.netty.request.NettyRequestSender - Using open Channel [id: 0x7c68b8df, L:/127.0.0.1:64390 - R:localhost/127.0.0.1:10889] for POST '/session/14f61660-7bcc-4279-b6a3-7163a94e0626/element/03bc1aee-6686-44ee-8e85-7cbe07447b79/element'
15:50:15.540 [AsyncHttpClient-3-1] DEBUG o.a.netty.handler.HttpHandler - 

Request DefaultHttpRequest(decodeResult: success, version: HTTP/1.1)
POST /session/14f61660-7bcc-4279-b6a3-7163a94e0626/element/03bc1aee-6686-44ee-8e85-7cbe07447b79/element HTTP/1.1
User-Agent: selenium/4.0.0-alpha-5 (java windows)
Content-Length: 97
Content-Type: application/json; charset=utf-8
host: localhost:10889
accept: */*

Response DefaultHttpResponse(decodeResult: success, version: HTTP/1.1)
HTTP/1.1 200 OK
content-type: application/json; charset=utf-8
cache-control: no-cache
content-length: 88
date: Thu, 25 Jun 2020 12:50:15 GMT

15:50:15.540 [AsyncHttpClient-3-1] DEBUG o.a.netty.channel.ChannelManager - Adding key: http://localhost:10889 for channel [id: 0x7c68b8df, L:/127.0.0.1:64390 - R:localhost/127.0.0.1:10889]
15:50:15.543 [Forwarding getElementAttribute on session 14f61660-7bcc-4279-b6a3-7163a94e0626 to remote] DEBUG o.a.netty.request.NettyRequestSender - Using pooled Channel '[id: 0x7c68b8df, L:/127.0.0.1:64390 - R:localhost/127.0.0.1:10889]' for 'POST' to 'http://localhost:10889/session/14f61660-7bcc-4279-b6a3-7163a94e0626/execute/sync'
15:50:15.543 [Forwarding getElementAttribute on session 14f61660-7bcc-4279-b6a3-7163a94e0626 to remote] DEBUG o.a.netty.request.NettyRequestSender - Using open Channel [id: 0x7c68b8df, L:/127.0.0.1:64390 - R:localhost/127.0.0.1:10889] for POST '/session/14f61660-7bcc-4279-b6a3-7163a94e0626/execute/sync'
15:50:15.595 [AsyncHttpClient-3-1] DEBUG o.a.netty.handler.HttpHandler - 

Request DefaultHttpRequest(decodeResult: success, version: HTTP/1.1)
POST /session/14f61660-7bcc-4279-b6a3-7163a94e0626/execute/sync HTTP/1.1
User-Agent: selenium/4.0.0-alpha-5 (java windows)
Content-Length: 39635
Content-Type: application/json; charset=utf-8
host: localhost:10889
accept: */*

Response DefaultHttpResponse(decodeResult: success, version: HTTP/1.1)
HTTP/1.1 200 OK
content-type: application/json; charset=utf-8
cache-control: no-cache
content-length: 15
date: Thu, 25 Jun 2020 12:50:15 GMT

15:50:15.596 [AsyncHttpClient-3-1] DEBUG o.a.netty.channel.ChannelManager - Adding key: http://localhost:10889 for channel [id: 0x7c68b8df, L:/127.0.0.1:64390 - R:localhost/127.0.0.1:10889]
15:50:15.596 [Forwarding findChildElement on session 14f61660-7bcc-4279-b6a3-7163a94e0626 to remote] DEBUG o.a.netty.request.NettyRequestSender - Using pooled Channel '[id: 0x7c68b8df, L:/127.0.0.1:64390 - R:localhost/127.0.0.1:10889]' for 'POST' to 'http://localhost:10889/session/14f61660-7bcc-4279-b6a3-7163a94e0626/element/b78ba855-bbf6-4a67-9e39-9ab4a9d14969/element'
15:50:15.596 [Forwarding findChildElement on session 14f61660-7bcc-4279-b6a3-7163a94e0626 to remote] DEBUG o.a.netty.request.NettyRequestSender - Using open Channel [id: 0x7c68b8df, L:/127.0.0.1:64390 - R:localhost/127.0.0.1:10889] for POST '/session/14f61660-7bcc-4279-b6a3-7163a94e0626/element/b78ba855-bbf6-4a67-9e39-9ab4a9d14969/element'
15:50:15.601 [AsyncHttpClient-3-1] DEBUG o.a.netty.handler.HttpHandler - 

Request DefaultHttpRequest(decodeResult: success, version: HTTP/1.1)
POST /session/14f61660-7bcc-4279-b6a3-7163a94e0626/element/b78ba855-bbf6-4a67-9e39-9ab4a9d14969/element HTTP/1.1
User-Agent: selenium/4.0.0-alpha-5 (java windows)
Content-Length: 103
Content-Type: application/json; charset=utf-8
host: localhost:10889
accept: */*

Response DefaultHttpResponse(decodeResult: success, version: HTTP/1.1)
HTTP/1.1 200 OK
content-type: application/json; charset=utf-8
cache-control: no-cache
content-length: 88
date: Thu, 25 Jun 2020 12:50:15 GMT

15:50:15.601 [AsyncHttpClient-3-1] DEBUG o.a.netty.channel.ChannelManager - Adding key: http://localhost:10889 for channel [id: 0x7c68b8df, L:/127.0.0.1:64390 - R:localhost/127.0.0.1:10889]
15:50:15.601 [Forwarding getElementText on session 14f61660-7bcc-4279-b6a3-7163a94e0626 to remote] DEBUG o.a.netty.request.NettyRequestSender - Using pooled Channel '[id: 0x7c68b8df, L:/127.0.0.1:64390 - R:localhost/127.0.0.1:10889]' for 'GET' to 'http://localhost:10889/session/14f61660-7bcc-4279-b6a3-7163a94e0626/element/2a9da712-b700-4b25-b273-45e01de09bcb/text'
15:50:15.602 [Forwarding getElementText on session 14f61660-7bcc-4279-b6a3-7163a94e0626 to remote] DEBUG o.a.netty.request.NettyRequestSender - Using open Channel [id: 0x7c68b8df, L:/127.0.0.1:64390 - R:localhost/127.0.0.1:10889] for GET '/session/14f61660-7bcc-4279-b6a3-7163a94e0626/element/2a9da712-b700-4b25-b273-45e01de09bcb/text'
15:50:15.606 [AsyncHttpClient-3-1] DEBUG o.a.netty.handler.HttpHandler - 

Request DefaultFullHttpRequest(decodeResult: success, version: HTTP/1.1, content: EmptyByteBufBE)
GET /session/14f61660-7bcc-4279-b6a3-7163a94e0626/element/2a9da712-b700-4b25-b273-45e01de09bcb/text HTTP/1.1
User-Agent: selenium/4.0.0-alpha-5 (java windows)
Cache-Control: no-cache
host: localhost:10889
accept: */*

Response DefaultHttpResponse(decodeResult: success, version: HTTP/1.1)
HTTP/1.1 200 OK
content-type: application/json; charset=utf-8
cache-control: no-cache
content-length: 18
date: Thu, 25 Jun 2020 12:50:15 GMT

15:50:15.607 [AsyncHttpClient-3-1] DEBUG o.a.netty.channel.ChannelManager - Adding key: http://localhost:10889 for channel [id: 0x7c68b8df, L:/127.0.0.1:64390 - R:localhost/127.0.0.1:10889]
15:50:15.607 [Forwarding findChildElement on session 14f61660-7bcc-4279-b6a3-7163a94e0626 to remote] DEBUG o.a.netty.request.NettyRequestSender - Using pooled Channel '[id: 0x7c68b8df, L:/127.0.0.1:64390 - R:localhost/127.0.0.1:10889]' for 'POST' to 'http://localhost:10889/session/14f61660-7bcc-4279-b6a3-7163a94e0626/element/b78ba855-bbf6-4a67-9e39-9ab4a9d14969/element'
15:50:15.607 [Forwarding findChildElement on session 14f61660-7bcc-4279-b6a3-7163a94e0626 to remote] DEBUG o.a.netty.request.NettyRequestSender - Using open Channel [id: 0x7c68b8df, L:/127.0.0.1:64390 - R:localhost/127.0.0.1:10889] for POST '/session/14f61660-7bcc-4279-b6a3-7163a94e0626/element/b78ba855-bbf6-4a67-9e39-9ab4a9d14969/element'
15:50:15.613 [AsyncHttpClient-3-1] DEBUG o.a.netty.handler.HttpHandler - 

Request DefaultHttpRequest(decodeResult: success, version: HTTP/1.1)
POST /session/14f61660-7bcc-4279-b6a3-7163a94e0626/element/b78ba855-bbf6-4a67-9e39-9ab4a9d14969/element HTTP/1.1
User-Agent: selenium/4.0.0-alpha-5 (java windows)
Content-Length: 103
Content-Type: application/json; charset=utf-8
host: localhost:10889
accept: */*

Response DefaultHttpResponse(decodeResult: success, version: HTTP/1.1)
HTTP/1.1 200 OK
content-type: application/json; charset=utf-8
cache-control: no-cache
content-length: 88
date: Thu, 25 Jun 2020 12:50:15 GMT

15:50:15.613 [AsyncHttpClient-3-1] DEBUG o.a.netty.channel.ChannelManager - Adding key: http://localhost:10889 for channel [id: 0x7c68b8df, L:/127.0.0.1:64390 - R:localhost/127.0.0.1:10889]
15:50:15.613 [Forwarding getElementText on session 14f61660-7bcc-4279-b6a3-7163a94e0626 to remote] DEBUG o.a.netty.request.NettyRequestSender - Using pooled Channel '[id: 0x7c68b8df, L:/127.0.0.1:64390 - R:localhost/127.0.0.1:10889]' for 'GET' to 'http://localhost:10889/session/14f61660-7bcc-4279-b6a3-7163a94e0626/element/2a84d0fa-f878-4eb0-a1c9-3e0b4522556b/text'
15:50:15.613 [Forwarding getElementText on session 14f61660-7bcc-4279-b6a3-7163a94e0626 to remote] DEBUG o.a.netty.request.NettyRequestSender - Using open Channel [id: 0x7c68b8df, L:/127.0.0.1:64390 - R:localhost/127.0.0.1:10889] for GET '/session/14f61660-7bcc-4279-b6a3-7163a94e0626/element/2a84d0fa-f878-4eb0-a1c9-3e0b4522556b/text'
15:50:15.619 [AsyncHttpClient-3-1] DEBUG o.a.netty.handler.HttpHandler - 

Request DefaultFullHttpRequest(decodeResult: success, version: HTTP/1.1, content: EmptyByteBufBE)
GET /session/14f61660-7bcc-4279-b6a3-7163a94e0626/element/2a84d0fa-f878-4eb0-a1c9-3e0b4522556b/text HTTP/1.1
User-Agent: selenium/4.0.0-alpha-5 (java windows)
Cache-Control: no-cache
host: localhost:10889
accept: */*

Response DefaultHttpResponse(decodeResult: success, version: HTTP/1.1)
HTTP/1.1 200 OK
content-type: application/json; charset=utf-8
cache-control: no-cache
content-length: 22
date: Thu, 25 Jun 2020 12:50:15 GMT

15:50:15.619 [AsyncHttpClient-3-1] DEBUG o.a.netty.channel.ChannelManager - Adding key: http://localhost:10889 for channel [id: 0x7c68b8df, L:/127.0.0.1:64390 - R:localhost/127.0.0.1:10889]
15:50:15.619 [Forwarding findChildElement on session 14f61660-7bcc-4279-b6a3-7163a94e0626 to remote] DEBUG o.a.netty.request.NettyRequestSender - Using pooled Channel '[id: 0x7c68b8df, L:/127.0.0.1:64390 - R:localhost/127.0.0.1:10889]' for 'POST' to 'http://localhost:10889/session/14f61660-7bcc-4279-b6a3-7163a94e0626/element/b78ba855-bbf6-4a67-9e39-9ab4a9d14969/element'
15:50:15.620 [Forwarding findChildElement on session 14f61660-7bcc-4279-b6a3-7163a94e0626 to remote] DEBUG o.a.netty.request.NettyRequestSender - Using open Channel [id: 0x7c68b8df, L:/127.0.0.1:64390 - R:localhost/127.0.0.1:10889] for POST '/session/14f61660-7bcc-4279-b6a3-7163a94e0626/element/b78ba855-bbf6-4a67-9e39-9ab4a9d14969/element'
15:50:15.625 [AsyncHttpClient-3-1] DEBUG o.a.netty.handler.HttpHandler - 

Request DefaultHttpRequest(decodeResult: success, version: HTTP/1.1)
POST /session/14f61660-7bcc-4279-b6a3-7163a94e0626/element/b78ba855-bbf6-4a67-9e39-9ab4a9d14969/element HTTP/1.1
User-Agent: selenium/4.0.0-alpha-5 (java windows)
Content-Length: 103
Content-Type: application/json; charset=utf-8
host: localhost:10889
accept: */*

Response DefaultHttpResponse(decodeResult: success, version: HTTP/1.1)
HTTP/1.1 200 OK
content-type: application/json; charset=utf-8
cache-control: no-cache
content-length: 88
date: Thu, 25 Jun 2020 12:50:15 GMT

15:50:15.626 [AsyncHttpClient-3-1] DEBUG o.a.netty.channel.ChannelManager - Adding key: http://localhost:10889 for channel [id: 0x7c68b8df, L:/127.0.0.1:64390 - R:localhost/127.0.0.1:10889]
15:50:15.626 [Forwarding getElementText on session 14f61660-7bcc-4279-b6a3-7163a94e0626 to remote] DEBUG o.a.netty.request.NettyRequestSender - Using pooled Channel '[id: 0x7c68b8df, L:/127.0.0.1:64390 - R:localhost/127.0.0.1:10889]' for 'GET' to 'http://localhost:10889/session/14f61660-7bcc-4279-b6a3-7163a94e0626/element/27171441-3fb7-4a30-af79-1b141d3b64ec/text'
15:50:15.626 [Forwarding getElementText on session 14f61660-7bcc-4279-b6a3-7163a94e0626 to remote] DEBUG o.a.netty.request.NettyRequestSender - Using open Channel [id: 0x7c68b8df, L:/127.0.0.1:64390 - R:localhost/127.0.0.1:10889] for GET '/session/14f61660-7bcc-4279-b6a3-7163a94e0626/element/27171441-3fb7-4a30-af79-1b141d3b64ec/text'
15:50:15.630 [AsyncHttpClient-3-1] DEBUG o.a.netty.handler.HttpHandler - 

Request DefaultFullHttpRequest(decodeResult: success, version: HTTP/1.1, content: EmptyByteBufBE)
GET /session/14f61660-7bcc-4279-b6a3-7163a94e0626/element/27171441-3fb7-4a30-af79-1b141d3b64ec/text HTTP/1.1
User-Agent: selenium/4.0.0-alpha-5 (java windows)
Cache-Control: no-cache
host: localhost:10889
accept: */*

Response DefaultHttpResponse(decodeResult: success, version: HTTP/1.1)
HTTP/1.1 200 OK
content-type: application/json; charset=utf-8
cache-control: no-cache
content-length: 21
date: Thu, 25 Jun 2020 12:50:15 GMT

15:50:15.631 [AsyncHttpClient-3-1] DEBUG o.a.netty.channel.ChannelManager - Adding key: http://localhost:10889 for channel [id: 0x7c68b8df, L:/127.0.0.1:64390 - R:localhost/127.0.0.1:10889]
15:50:15.631 [Forwarding findChildElement on session 14f61660-7bcc-4279-b6a3-7163a94e0626 to remote] DEBUG o.a.netty.request.NettyRequestSender - Using pooled Channel '[id: 0x7c68b8df, L:/127.0.0.1:64390 - R:localhost/127.0.0.1:10889]' for 'POST' to 'http://localhost:10889/session/14f61660-7bcc-4279-b6a3-7163a94e0626/element/b78ba855-bbf6-4a67-9e39-9ab4a9d14969/element'
15:50:15.631 [Forwarding findChildElement on session 14f61660-7bcc-4279-b6a3-7163a94e0626 to remote] DEBUG o.a.netty.request.NettyRequestSender - Using open Channel [id: 0x7c68b8df, L:/127.0.0.1:64390 - R:localhost/127.0.0.1:10889] for POST '/session/14f61660-7bcc-4279-b6a3-7163a94e0626/element/b78ba855-bbf6-4a67-9e39-9ab4a9d14969/element'
15:50:15.635 [AsyncHttpClient-3-1] DEBUG o.a.netty.handler.HttpHandler - 

Request DefaultHttpRequest(decodeResult: success, version: HTTP/1.1)
POST /session/14f61660-7bcc-4279-b6a3-7163a94e0626/element/b78ba855-bbf6-4a67-9e39-9ab4a9d14969/element HTTP/1.1
User-Agent: selenium/4.0.0-alpha-5 (java windows)
Content-Length: 103
Content-Type: application/json; charset=utf-8
host: localhost:10889
accept: */*

Response DefaultHttpResponse(decodeResult: success, version: HTTP/1.1)
HTTP/1.1 200 OK
content-type: application/json; charset=utf-8
cache-control: no-cache
content-length: 88
date: Thu, 25 Jun 2020 12:50:15 GMT

15:50:15.635 [AsyncHttpClient-3-1] DEBUG o.a.netty.channel.ChannelManager - Adding key: http://localhost:10889 for channel [id: 0x7c68b8df, L:/127.0.0.1:64390 - R:localhost/127.0.0.1:10889]
15:50:15.635 [Forwarding getElementText on session 14f61660-7bcc-4279-b6a3-7163a94e0626 to remote] DEBUG o.a.netty.request.NettyRequestSender - Using pooled Channel '[id: 0x7c68b8df, L:/127.0.0.1:64390 - R:localhost/127.0.0.1:10889]' for 'GET' to 'http://localhost:10889/session/14f61660-7bcc-4279-b6a3-7163a94e0626/element/fda82c14-348c-4c61-8656-a625fcd49488/text'
15:50:15.635 [Forwarding getElementText on session 14f61660-7bcc-4279-b6a3-7163a94e0626 to remote] DEBUG o.a.netty.request.NettyRequestSender - Using open Channel [id: 0x7c68b8df, L:/127.0.0.1:64390 - R:localhost/127.0.0.1:10889] for GET '/session/14f61660-7bcc-4279-b6a3-7163a94e0626/element/fda82c14-348c-4c61-8656-a625fcd49488/text'
15:50:15.640 [AsyncHttpClient-3-1] DEBUG o.a.netty.handler.HttpHandler - 

Request DefaultFullHttpRequest(decodeResult: success, version: HTTP/1.1, content: EmptyByteBufBE)
GET /session/14f61660-7bcc-4279-b6a3-7163a94e0626/element/fda82c14-348c-4c61-8656-a625fcd49488/text HTTP/1.1
User-Agent: selenium/4.0.0-alpha-5 (java windows)
Cache-Control: no-cache
host: localhost:10889
accept: */*

Response DefaultHttpResponse(decodeResult: success, version: HTTP/1.1)
HTTP/1.1 200 OK
content-type: application/json; charset=utf-8
cache-control: no-cache
content-length: 45
date: Thu, 25 Jun 2020 12:50:15 GMT

15:50:15.640 [AsyncHttpClient-3-1] DEBUG o.a.netty.channel.ChannelManager - Adding key: http://localhost:10889 for channel [id: 0x7c68b8df, L:/127.0.0.1:64390 - R:localhost/127.0.0.1:10889]
15:50:15.640 [Forwarding findChildElement on session 14f61660-7bcc-4279-b6a3-7163a94e0626 to remote] DEBUG o.a.netty.request.NettyRequestSender - Using pooled Channel '[id: 0x7c68b8df, L:/127.0.0.1:64390 - R:localhost/127.0.0.1:10889]' for 'POST' to 'http://localhost:10889/session/14f61660-7bcc-4279-b6a3-7163a94e0626/element/b78ba855-bbf6-4a67-9e39-9ab4a9d14969/element'
15:50:15.641 [Forwarding findChildElement on session 14f61660-7bcc-4279-b6a3-7163a94e0626 to remote] DEBUG o.a.netty.request.NettyRequestSender - Using open Channel [id: 0x7c68b8df, L:/127.0.0.1:64390 - R:localhost/127.0.0.1:10889] for POST '/session/14f61660-7bcc-4279-b6a3-7163a94e0626/element/b78ba855-bbf6-4a67-9e39-9ab4a9d14969/element'
15:50:15.645 [AsyncHttpClient-3-1] DEBUG o.a.netty.handler.HttpHandler - 

Request DefaultHttpRequest(decodeResult: success, version: HTTP/1.1)
POST /session/14f61660-7bcc-4279-b6a3-7163a94e0626/element/b78ba855-bbf6-4a67-9e39-9ab4a9d14969/element HTTP/1.1
User-Agent: selenium/4.0.0-alpha-5 (java windows)
Content-Length: 103
Content-Type: application/json; charset=utf-8
host: localhost:10889
accept: */*

Response DefaultHttpResponse(decodeResult: success, version: HTTP/1.1)
HTTP/1.1 200 OK
content-type: application/json; charset=utf-8
cache-control: no-cache
content-length: 88
date: Thu, 25 Jun 2020 12:50:15 GMT

15:50:15.645 [AsyncHttpClient-3-1] DEBUG o.a.netty.channel.ChannelManager - Adding key: http://localhost:10889 for channel [id: 0x7c68b8df, L:/127.0.0.1:64390 - R:localhost/127.0.0.1:10889]
15:50:15.645 [Forwarding getElementText on session 14f61660-7bcc-4279-b6a3-7163a94e0626 to remote] DEBUG o.a.netty.request.NettyRequestSender - Using pooled Channel '[id: 0x7c68b8df, L:/127.0.0.1:64390 - R:localhost/127.0.0.1:10889]' for 'GET' to 'http://localhost:10889/session/14f61660-7bcc-4279-b6a3-7163a94e0626/element/3ff53013-74d1-4f1f-a470-ab9ba4eae573/text'
15:50:15.645 [Forwarding getElementText on session 14f61660-7bcc-4279-b6a3-7163a94e0626 to remote] DEBUG o.a.netty.request.NettyRequestSender - Using open Channel [id: 0x7c68b8df, L:/127.0.0.1:64390 - R:localhost/127.0.0.1:10889] for GET '/session/14f61660-7bcc-4279-b6a3-7163a94e0626/element/3ff53013-74d1-4f1f-a470-ab9ba4eae573/text'
15:50:15.653 [AsyncHttpClient-3-1] DEBUG o.a.netty.handler.HttpHandler - 

Request DefaultFullHttpRequest(decodeResult: success, version: HTTP/1.1, content: EmptyByteBufBE)
GET /session/14f61660-7bcc-4279-b6a3-7163a94e0626/element/3ff53013-74d1-4f1f-a470-ab9ba4eae573/text HTTP/1.1
User-Agent: selenium/4.0.0-alpha-5 (java windows)
Cache-Control: no-cache
host: localhost:10889
accept: */*

Response DefaultHttpResponse(decodeResult: success, version: HTTP/1.1)
HTTP/1.1 200 OK
content-type: application/json; charset=utf-8
cache-control: no-cache
content-length: 57
date: Thu, 25 Jun 2020 12:50:15 GMT

15:50:15.653 [AsyncHttpClient-3-1] DEBUG o.a.netty.channel.ChannelManager - Adding key: http://localhost:10889 for channel [id: 0x7c68b8df, L:/127.0.0.1:64390 - R:localhost/127.0.0.1:10889]
15:50:15.654 [Forwarding findChildElement on session 14f61660-7bcc-4279-b6a3-7163a94e0626 to remote] DEBUG o.a.netty.request.NettyRequestSender - Using pooled Channel '[id: 0x7c68b8df, L:/127.0.0.1:64390 - R:localhost/127.0.0.1:10889]' for 'POST' to 'http://localhost:10889/session/14f61660-7bcc-4279-b6a3-7163a94e0626/element/b78ba855-bbf6-4a67-9e39-9ab4a9d14969/element'
15:50:15.654 [Forwarding findChildElement on session 14f61660-7bcc-4279-b6a3-7163a94e0626 to remote] DEBUG o.a.netty.request.NettyRequestSender - Using open Channel [id: 0x7c68b8df, L:/127.0.0.1:64390 - R:localhost/127.0.0.1:10889] for POST '/session/14f61660-7bcc-4279-b6a3-7163a94e0626/element/b78ba855-bbf6-4a67-9e39-9ab4a9d14969/element'
15:50:15.658 [AsyncHttpClient-3-1] DEBUG o.a.netty.handler.HttpHandler - 

Request DefaultHttpRequest(decodeResult: success, version: HTTP/1.1)
POST /session/14f61660-7bcc-4279-b6a3-7163a94e0626/element/b78ba855-bbf6-4a67-9e39-9ab4a9d14969/element HTTP/1.1
User-Agent: selenium/4.0.0-alpha-5 (java windows)
Content-Length: 97
Content-Type: application/json; charset=utf-8
host: localhost:10889
accept: */*

Response DefaultHttpResponse(decodeResult: success, version: HTTP/1.1)
HTTP/1.1 200 OK
content-type: application/json; charset=utf-8
cache-control: no-cache
content-length: 88
date: Thu, 25 Jun 2020 12:50:15 GMT

15:50:15.658 [AsyncHttpClient-3-1] DEBUG o.a.netty.channel.ChannelManager - Adding key: http://localhost:10889 for channel [id: 0x7c68b8df, L:/127.0.0.1:64390 - R:localhost/127.0.0.1:10889]
15:50:15.661 [Forwarding getElementAttribute on session 14f61660-7bcc-4279-b6a3-7163a94e0626 to remote] DEBUG o.a.netty.request.NettyRequestSender - Using pooled Channel '[id: 0x7c68b8df, L:/127.0.0.1:64390 - R:localhost/127.0.0.1:10889]' for 'POST' to 'http://localhost:10889/session/14f61660-7bcc-4279-b6a3-7163a94e0626/execute/sync'
15:50:15.661 [Forwarding getElementAttribute on session 14f61660-7bcc-4279-b6a3-7163a94e0626 to remote] DEBUG o.a.netty.request.NettyRequestSender - Using open Channel [id: 0x7c68b8df, L:/127.0.0.1:64390 - R:localhost/127.0.0.1:10889] for POST '/session/14f61660-7bcc-4279-b6a3-7163a94e0626/execute/sync'
15:50:15.674 [AsyncHttpClient-3-1] DEBUG o.a.netty.handler.HttpHandler - 

Request DefaultHttpRequest(decodeResult: success, version: HTTP/1.1)
POST /session/14f61660-7bcc-4279-b6a3-7163a94e0626/execute/sync HTTP/1.1
User-Agent: selenium/4.0.0-alpha-5 (java windows)
Content-Length: 39635
Content-Type: application/json; charset=utf-8
host: localhost:10889
accept: */*

Response DefaultHttpResponse(decodeResult: success, version: HTTP/1.1)
HTTP/1.1 200 OK
content-type: application/json; charset=utf-8
cache-control: no-cache
content-length: 15
date: Thu, 25 Jun 2020 12:50:15 GMT

15:50:15.674 [AsyncHttpClient-3-1] DEBUG o.a.netty.channel.ChannelManager - Adding key: http://localhost:10889 for channel [id: 0x7c68b8df, L:/127.0.0.1:64390 - R:localhost/127.0.0.1:10889]
15:50:15.675 [Forwarding findChildElement on session 14f61660-7bcc-4279-b6a3-7163a94e0626 to remote] DEBUG o.a.netty.request.NettyRequestSender - Using pooled Channel '[id: 0x7c68b8df, L:/127.0.0.1:64390 - R:localhost/127.0.0.1:10889]' for 'POST' to 'http://localhost:10889/session/14f61660-7bcc-4279-b6a3-7163a94e0626/element/7258287d-2f15-400e-be3f-03ee0d906f0e/element'
15:50:15.675 [Forwarding findChildElement on session 14f61660-7bcc-4279-b6a3-7163a94e0626 to remote] DEBUG o.a.netty.request.NettyRequestSender - Using open Channel [id: 0x7c68b8df, L:/127.0.0.1:64390 - R:localhost/127.0.0.1:10889] for POST '/session/14f61660-7bcc-4279-b6a3-7163a94e0626/element/7258287d-2f15-400e-be3f-03ee0d906f0e/element'
15:50:15.678 [AsyncHttpClient-3-1] DEBUG o.a.netty.handler.HttpHandler - 

Request DefaultHttpRequest(decodeResult: success, version: HTTP/1.1)
POST /session/14f61660-7bcc-4279-b6a3-7163a94e0626/element/7258287d-2f15-400e-be3f-03ee0d906f0e/element HTTP/1.1
User-Agent: selenium/4.0.0-alpha-5 (java windows)
Content-Length: 103
Content-Type: application/json; charset=utf-8
host: localhost:10889
accept: */*

Response DefaultHttpResponse(decodeResult: success, version: HTTP/1.1)
HTTP/1.1 200 OK
content-type: application/json; charset=utf-8
cache-control: no-cache
content-length: 88
date: Thu, 25 Jun 2020 12:50:15 GMT

15:50:15.679 [AsyncHttpClient-3-1] DEBUG o.a.netty.channel.ChannelManager - Adding key: http://localhost:10889 for channel [id: 0x7c68b8df, L:/127.0.0.1:64390 - R:localhost/127.0.0.1:10889]
15:50:15.679 [Forwarding getElementText on session 14f61660-7bcc-4279-b6a3-7163a94e0626 to remote] DEBUG o.a.netty.request.NettyRequestSender - Using pooled Channel '[id: 0x7c68b8df, L:/127.0.0.1:64390 - R:localhost/127.0.0.1:10889]' for 'GET' to 'http://localhost:10889/session/14f61660-7bcc-4279-b6a3-7163a94e0626/element/53e09871-2c15-4eae-b9a4-9dbd028acddf/text'
15:50:15.679 [Forwarding getElementText on session 14f61660-7bcc-4279-b6a3-7163a94e0626 to remote] DEBUG o.a.netty.request.NettyRequestSender - Using open Channel [id: 0x7c68b8df, L:/127.0.0.1:64390 - R:localhost/127.0.0.1:10889] for GET '/session/14f61660-7bcc-4279-b6a3-7163a94e0626/element/53e09871-2c15-4eae-b9a4-9dbd028acddf/text'
15:50:15.684 [AsyncHttpClient-3-1] DEBUG o.a.netty.handler.HttpHandler - 

Request DefaultFullHttpRequest(decodeResult: success, version: HTTP/1.1, content: EmptyByteBufBE)
GET /session/14f61660-7bcc-4279-b6a3-7163a94e0626/element/53e09871-2c15-4eae-b9a4-9dbd028acddf/text HTTP/1.1
User-Agent: selenium/4.0.0-alpha-5 (java windows)
Cache-Control: no-cache
host: localhost:10889
accept: */*

Response DefaultHttpResponse(decodeResult: success, version: HTTP/1.1)
HTTP/1.1 200 OK
content-type: application/json; charset=utf-8
cache-control: no-cache
content-length: 18
date: Thu, 25 Jun 2020 12:50:15 GMT

15:50:15.684 [AsyncHttpClient-3-1] DEBUG o.a.netty.channel.ChannelManager - Adding key: http://localhost:10889 for channel [id: 0x7c68b8df, L:/127.0.0.1:64390 - R:localhost/127.0.0.1:10889]
15:50:15.685 [Forwarding findChildElement on session 14f61660-7bcc-4279-b6a3-7163a94e0626 to remote] DEBUG o.a.netty.request.NettyRequestSender - Using pooled Channel '[id: 0x7c68b8df, L:/127.0.0.1:64390 - R:localhost/127.0.0.1:10889]' for 'POST' to 'http://localhost:10889/session/14f61660-7bcc-4279-b6a3-7163a94e0626/element/7258287d-2f15-400e-be3f-03ee0d906f0e/element'
15:50:15.685 [Forwarding findChildElement on session 14f61660-7bcc-4279-b6a3-7163a94e0626 to remote] DEBUG o.a.netty.request.NettyRequestSender - Using open Channel [id: 0x7c68b8df, L:/127.0.0.1:64390 - R:localhost/127.0.0.1:10889] for POST '/session/14f61660-7bcc-4279-b6a3-7163a94e0626/element/7258287d-2f15-400e-be3f-03ee0d906f0e/element'
15:50:15.689 [AsyncHttpClient-3-1] DEBUG o.a.netty.handler.HttpHandler - 

Request DefaultHttpRequest(decodeResult: success, version: HTTP/1.1)
POST /session/14f61660-7bcc-4279-b6a3-7163a94e0626/element/7258287d-2f15-400e-be3f-03ee0d906f0e/element HTTP/1.1
User-Agent: selenium/4.0.0-alpha-5 (java windows)
Content-Length: 103
Content-Type: application/json; charset=utf-8
host: localhost:10889
accept: */*

Response DefaultHttpResponse(decodeResult: success, version: HTTP/1.1)
HTTP/1.1 200 OK
content-type: application/json; charset=utf-8
cache-control: no-cache
content-length: 88
date: Thu, 25 Jun 2020 12:50:15 GMT

15:50:15.689 [AsyncHttpClient-3-1] DEBUG o.a.netty.channel.ChannelManager - Adding key: http://localhost:10889 for channel [id: 0x7c68b8df, L:/127.0.0.1:64390 - R:localhost/127.0.0.1:10889]
15:50:15.689 [Forwarding getElementText on session 14f61660-7bcc-4279-b6a3-7163a94e0626 to remote] DEBUG o.a.netty.request.NettyRequestSender - Using pooled Channel '[id: 0x7c68b8df, L:/127.0.0.1:64390 - R:localhost/127.0.0.1:10889]' for 'GET' to 'http://localhost:10889/session/14f61660-7bcc-4279-b6a3-7163a94e0626/element/ebf873a5-d97b-48c5-bf24-50d5ac3120db/text'
15:50:15.689 [Forwarding getElementText on session 14f61660-7bcc-4279-b6a3-7163a94e0626 to remote] DEBUG o.a.netty.request.NettyRequestSender - Using open Channel [id: 0x7c68b8df, L:/127.0.0.1:64390 - R:localhost/127.0.0.1:10889] for GET '/session/14f61660-7bcc-4279-b6a3-7163a94e0626/element/ebf873a5-d97b-48c5-bf24-50d5ac3120db/text'
15:50:15.694 [AsyncHttpClient-3-1] DEBUG o.a.netty.handler.HttpHandler - 

Request DefaultFullHttpRequest(decodeResult: success, version: HTTP/1.1, content: EmptyByteBufBE)
GET /session/14f61660-7bcc-4279-b6a3-7163a94e0626/element/ebf873a5-d97b-48c5-bf24-50d5ac3120db/text HTTP/1.1
User-Agent: selenium/4.0.0-alpha-5 (java windows)
Cache-Control: no-cache
host: localhost:10889
accept: */*

Response DefaultHttpResponse(decodeResult: success, version: HTTP/1.1)
HTTP/1.1 200 OK
content-type: application/json; charset=utf-8
cache-control: no-cache
content-length: 22
date: Thu, 25 Jun 2020 12:50:15 GMT

15:50:15.694 [AsyncHttpClient-3-1] DEBUG o.a.netty.channel.ChannelManager - Adding key: http://localhost:10889 for channel [id: 0x7c68b8df, L:/127.0.0.1:64390 - R:localhost/127.0.0.1:10889]
15:50:15.694 [Forwarding findChildElement on session 14f61660-7bcc-4279-b6a3-7163a94e0626 to remote] DEBUG o.a.netty.request.NettyRequestSender - Using pooled Channel '[id: 0x7c68b8df, L:/127.0.0.1:64390 - R:localhost/127.0.0.1:10889]' for 'POST' to 'http://localhost:10889/session/14f61660-7bcc-4279-b6a3-7163a94e0626/element/7258287d-2f15-400e-be3f-03ee0d906f0e/element'
15:50:15.694 [Forwarding findChildElement on session 14f61660-7bcc-4279-b6a3-7163a94e0626 to remote] DEBUG o.a.netty.request.NettyRequestSender - Using open Channel [id: 0x7c68b8df, L:/127.0.0.1:64390 - R:localhost/127.0.0.1:10889] for POST '/session/14f61660-7bcc-4279-b6a3-7163a94e0626/element/7258287d-2f15-400e-be3f-03ee0d906f0e/element'
15:50:15.698 [AsyncHttpClient-3-1] DEBUG o.a.netty.handler.HttpHandler - 

Request DefaultHttpRequest(decodeResult: success, version: HTTP/1.1)
POST /session/14f61660-7bcc-4279-b6a3-7163a94e0626/element/7258287d-2f15-400e-be3f-03ee0d906f0e/element HTTP/1.1
User-Agent: selenium/4.0.0-alpha-5 (java windows)
Content-Length: 103
Content-Type: application/json; charset=utf-8
host: localhost:10889
accept: */*

Response DefaultHttpResponse(decodeResult: success, version: HTTP/1.1)
HTTP/1.1 200 OK
content-type: application/json; charset=utf-8
cache-control: no-cache
content-length: 88
date: Thu, 25 Jun 2020 12:50:15 GMT

15:50:15.698 [AsyncHttpClient-3-1] DEBUG o.a.netty.channel.ChannelManager - Adding key: http://localhost:10889 for channel [id: 0x7c68b8df, L:/127.0.0.1:64390 - R:localhost/127.0.0.1:10889]
15:50:15.698 [Forwarding getElementText on session 14f61660-7bcc-4279-b6a3-7163a94e0626 to remote] DEBUG o.a.netty.request.NettyRequestSender - Using pooled Channel '[id: 0x7c68b8df, L:/127.0.0.1:64390 - R:localhost/127.0.0.1:10889]' for 'GET' to 'http://localhost:10889/session/14f61660-7bcc-4279-b6a3-7163a94e0626/element/28371c87-a070-43a0-a65d-389dfcfa14fe/text'
15:50:15.698 [Forwarding getElementText on session 14f61660-7bcc-4279-b6a3-7163a94e0626 to remote] DEBUG o.a.netty.request.NettyRequestSender - Using open Channel [id: 0x7c68b8df, L:/127.0.0.1:64390 - R:localhost/127.0.0.1:10889] for GET '/session/14f61660-7bcc-4279-b6a3-7163a94e0626/element/28371c87-a070-43a0-a65d-389dfcfa14fe/text'
15:50:15.706 [AsyncHttpClient-3-1] DEBUG o.a.netty.handler.HttpHandler - 

Request DefaultFullHttpRequest(decodeResult: success, version: HTTP/1.1, content: EmptyByteBufBE)
GET /session/14f61660-7bcc-4279-b6a3-7163a94e0626/element/28371c87-a070-43a0-a65d-389dfcfa14fe/text HTTP/1.1
User-Agent: selenium/4.0.0-alpha-5 (java windows)
Cache-Control: no-cache
host: localhost:10889
accept: */*

Response DefaultHttpResponse(decodeResult: success, version: HTTP/1.1)
HTTP/1.1 200 OK
content-type: application/json; charset=utf-8
cache-control: no-cache
content-length: 21
date: Thu, 25 Jun 2020 12:50:15 GMT

15:50:15.707 [AsyncHttpClient-3-1] DEBUG o.a.netty.channel.ChannelManager - Adding key: http://localhost:10889 for channel [id: 0x7c68b8df, L:/127.0.0.1:64390 - R:localhost/127.0.0.1:10889]
15:50:15.707 [Forwarding findChildElement on session 14f61660-7bcc-4279-b6a3-7163a94e0626 to remote] DEBUG o.a.netty.request.NettyRequestSender - Using pooled Channel '[id: 0x7c68b8df, L:/127.0.0.1:64390 - R:localhost/127.0.0.1:10889]' for 'POST' to 'http://localhost:10889/session/14f61660-7bcc-4279-b6a3-7163a94e0626/element/7258287d-2f15-400e-be3f-03ee0d906f0e/element'
15:50:15.707 [Forwarding findChildElement on session 14f61660-7bcc-4279-b6a3-7163a94e0626 to remote] DEBUG o.a.netty.request.NettyRequestSender - Using open Channel [id: 0x7c68b8df, L:/127.0.0.1:64390 - R:localhost/127.0.0.1:10889] for POST '/session/14f61660-7bcc-4279-b6a3-7163a94e0626/element/7258287d-2f15-400e-be3f-03ee0d906f0e/element'
15:50:15.710 [AsyncHttpClient-3-1] DEBUG o.a.netty.handler.HttpHandler - 

Request DefaultHttpRequest(decodeResult: success, version: HTTP/1.1)
POST /session/14f61660-7bcc-4279-b6a3-7163a94e0626/element/7258287d-2f15-400e-be3f-03ee0d906f0e/element HTTP/1.1
User-Agent: selenium/4.0.0-alpha-5 (java windows)
Content-Length: 103
Content-Type: application/json; charset=utf-8
host: localhost:10889
accept: */*

Response DefaultHttpResponse(decodeResult: success, version: HTTP/1.1)
HTTP/1.1 200 OK
content-type: application/json; charset=utf-8
cache-control: no-cache
content-length: 88
date: Thu, 25 Jun 2020 12:50:15 GMT

15:50:15.710 [AsyncHttpClient-3-1] DEBUG o.a.netty.channel.ChannelManager - Adding key: http://localhost:10889 for channel [id: 0x7c68b8df, L:/127.0.0.1:64390 - R:localhost/127.0.0.1:10889]
15:50:15.711 [Forwarding getElementText on session 14f61660-7bcc-4279-b6a3-7163a94e0626 to remote] DEBUG o.a.netty.request.NettyRequestSender - Using pooled Channel '[id: 0x7c68b8df, L:/127.0.0.1:64390 - R:localhost/127.0.0.1:10889]' for 'GET' to 'http://localhost:10889/session/14f61660-7bcc-4279-b6a3-7163a94e0626/element/d32bb0b8-c031-4e32-815c-37831f090ea5/text'
15:50:15.711 [Forwarding getElementText on session 14f61660-7bcc-4279-b6a3-7163a94e0626 to remote] DEBUG o.a.netty.request.NettyRequestSender - Using open Channel [id: 0x7c68b8df, L:/127.0.0.1:64390 - R:localhost/127.0.0.1:10889] for GET '/session/14f61660-7bcc-4279-b6a3-7163a94e0626/element/d32bb0b8-c031-4e32-815c-37831f090ea5/text'
15:50:15.716 [AsyncHttpClient-3-1] DEBUG o.a.netty.handler.HttpHandler - 

Request DefaultFullHttpRequest(decodeResult: success, version: HTTP/1.1, content: EmptyByteBufBE)
GET /session/14f61660-7bcc-4279-b6a3-7163a94e0626/element/d32bb0b8-c031-4e32-815c-37831f090ea5/text HTTP/1.1
User-Agent: selenium/4.0.0-alpha-5 (java windows)
Cache-Control: no-cache
host: localhost:10889
accept: */*

Response DefaultHttpResponse(decodeResult: success, version: HTTP/1.1)
HTTP/1.1 200 OK
content-type: application/json; charset=utf-8
cache-control: no-cache
content-length: 45
date: Thu, 25 Jun 2020 12:50:15 GMT

15:50:15.716 [AsyncHttpClient-3-1] DEBUG o.a.netty.channel.ChannelManager - Adding key: http://localhost:10889 for channel [id: 0x7c68b8df, L:/127.0.0.1:64390 - R:localhost/127.0.0.1:10889]
15:50:15.716 [Forwarding findChildElement on session 14f61660-7bcc-4279-b6a3-7163a94e0626 to remote] DEBUG o.a.netty.request.NettyRequestSender - Using pooled Channel '[id: 0x7c68b8df, L:/127.0.0.1:64390 - R:localhost/127.0.0.1:10889]' for 'POST' to 'http://localhost:10889/session/14f61660-7bcc-4279-b6a3-7163a94e0626/element/7258287d-2f15-400e-be3f-03ee0d906f0e/element'
15:50:15.716 [Forwarding findChildElement on session 14f61660-7bcc-4279-b6a3-7163a94e0626 to remote] DEBUG o.a.netty.request.NettyRequestSender - Using open Channel [id: 0x7c68b8df, L:/127.0.0.1:64390 - R:localhost/127.0.0.1:10889] for POST '/session/14f61660-7bcc-4279-b6a3-7163a94e0626/element/7258287d-2f15-400e-be3f-03ee0d906f0e/element'
15:50:15.722 [AsyncHttpClient-3-1] DEBUG o.a.netty.handler.HttpHandler - 

Request DefaultHttpRequest(decodeResult: success, version: HTTP/1.1)
POST /session/14f61660-7bcc-4279-b6a3-7163a94e0626/element/7258287d-2f15-400e-be3f-03ee0d906f0e/element HTTP/1.1
User-Agent: selenium/4.0.0-alpha-5 (java windows)
Content-Length: 103
Content-Type: application/json; charset=utf-8
host: localhost:10889
accept: */*

Response DefaultHttpResponse(decodeResult: success, version: HTTP/1.1)
HTTP/1.1 200 OK
content-type: application/json; charset=utf-8
cache-control: no-cache
content-length: 88
date: Thu, 25 Jun 2020 12:50:15 GMT

15:50:15.722 [AsyncHttpClient-3-1] DEBUG o.a.netty.channel.ChannelManager - Adding key: http://localhost:10889 for channel [id: 0x7c68b8df, L:/127.0.0.1:64390 - R:localhost/127.0.0.1:10889]
15:50:15.723 [Forwarding getElementText on session 14f61660-7bcc-4279-b6a3-7163a94e0626 to remote] DEBUG o.a.netty.request.NettyRequestSender - Using pooled Channel '[id: 0x7c68b8df, L:/127.0.0.1:64390 - R:localhost/127.0.0.1:10889]' for 'GET' to 'http://localhost:10889/session/14f61660-7bcc-4279-b6a3-7163a94e0626/element/9d3cdd83-e80d-4135-b25a-65d86429b1ed/text'
15:50:15.723 [Forwarding getElementText on session 14f61660-7bcc-4279-b6a3-7163a94e0626 to remote] DEBUG o.a.netty.request.NettyRequestSender - Using open Channel [id: 0x7c68b8df, L:/127.0.0.1:64390 - R:localhost/127.0.0.1:10889] for GET '/session/14f61660-7bcc-4279-b6a3-7163a94e0626/element/9d3cdd83-e80d-4135-b25a-65d86429b1ed/text'
15:50:15.731 [AsyncHttpClient-3-1] DEBUG o.a.netty.handler.HttpHandler - 

Request DefaultFullHttpRequest(decodeResult: success, version: HTTP/1.1, content: EmptyByteBufBE)
GET /session/14f61660-7bcc-4279-b6a3-7163a94e0626/element/9d3cdd83-e80d-4135-b25a-65d86429b1ed/text HTTP/1.1
User-Agent: selenium/4.0.0-alpha-5 (java windows)
Cache-Control: no-cache
host: localhost:10889
accept: */*

Response DefaultHttpResponse(decodeResult: success, version: HTTP/1.1)
HTTP/1.1 200 OK
content-type: application/json; charset=utf-8
cache-control: no-cache
content-length: 57
date: Thu, 25 Jun 2020 12:50:15 GMT

15:50:15.731 [AsyncHttpClient-3-1] DEBUG o.a.netty.channel.ChannelManager - Adding key: http://localhost:10889 for channel [id: 0x7c68b8df, L:/127.0.0.1:64390 - R:localhost/127.0.0.1:10889]
15:50:15.732 [Forwarding findChildElement on session 14f61660-7bcc-4279-b6a3-7163a94e0626 to remote] DEBUG o.a.netty.request.NettyRequestSender - Using pooled Channel '[id: 0x7c68b8df, L:/127.0.0.1:64390 - R:localhost/127.0.0.1:10889]' for 'POST' to 'http://localhost:10889/session/14f61660-7bcc-4279-b6a3-7163a94e0626/element/7258287d-2f15-400e-be3f-03ee0d906f0e/element'
15:50:15.732 [Forwarding findChildElement on session 14f61660-7bcc-4279-b6a3-7163a94e0626 to remote] DEBUG o.a.netty.request.NettyRequestSender - Using open Channel [id: 0x7c68b8df, L:/127.0.0.1:64390 - R:localhost/127.0.0.1:10889] for POST '/session/14f61660-7bcc-4279-b6a3-7163a94e0626/element/7258287d-2f15-400e-be3f-03ee0d906f0e/element'
15:50:15.735 [AsyncHttpClient-3-1] DEBUG o.a.netty.handler.HttpHandler - 

Request DefaultHttpRequest(decodeResult: success, version: HTTP/1.1)
POST /session/14f61660-7bcc-4279-b6a3-7163a94e0626/element/7258287d-2f15-400e-be3f-03ee0d906f0e/element HTTP/1.1
User-Agent: selenium/4.0.0-alpha-5 (java windows)
Content-Length: 97
Content-Type: application/json; charset=utf-8
host: localhost:10889
accept: */*

Response DefaultHttpResponse(decodeResult: success, version: HTTP/1.1)
HTTP/1.1 200 OK
content-type: application/json; charset=utf-8
cache-control: no-cache
content-length: 88
date: Thu, 25 Jun 2020 12:50:15 GMT

15:50:15.735 [AsyncHttpClient-3-1] DEBUG o.a.netty.channel.ChannelManager - Adding key: http://localhost:10889 for channel [id: 0x7c68b8df, L:/127.0.0.1:64390 - R:localhost/127.0.0.1:10889]
15:50:15.739 [Forwarding getElementAttribute on session 14f61660-7bcc-4279-b6a3-7163a94e0626 to remote] DEBUG o.a.netty.request.NettyRequestSender - Using pooled Channel '[id: 0x7c68b8df, L:/127.0.0.1:64390 - R:localhost/127.0.0.1:10889]' for 'POST' to 'http://localhost:10889/session/14f61660-7bcc-4279-b6a3-7163a94e0626/execute/sync'
15:50:15.739 [Forwarding getElementAttribute on session 14f61660-7bcc-4279-b6a3-7163a94e0626 to remote] DEBUG o.a.netty.request.NettyRequestSender - Using open Channel [id: 0x7c68b8df, L:/127.0.0.1:64390 - R:localhost/127.0.0.1:10889] for POST '/session/14f61660-7bcc-4279-b6a3-7163a94e0626/execute/sync'
15:50:15.751 [AsyncHttpClient-3-1] DEBUG o.a.netty.handler.HttpHandler - 

Request DefaultHttpRequest(decodeResult: success, version: HTTP/1.1)
POST /session/14f61660-7bcc-4279-b6a3-7163a94e0626/execute/sync HTTP/1.1
User-Agent: selenium/4.0.0-alpha-5 (java windows)
Content-Length: 39635
Content-Type: application/json; charset=utf-8
host: localhost:10889
accept: */*

Response DefaultHttpResponse(decodeResult: success, version: HTTP/1.1)
HTTP/1.1 200 OK
content-type: application/json; charset=utf-8
cache-control: no-cache
content-length: 15
date: Thu, 25 Jun 2020 12:50:15 GMT

15:50:15.751 [AsyncHttpClient-3-1] DEBUG o.a.netty.channel.ChannelManager - Adding key: http://localhost:10889 for channel [id: 0x7c68b8df, L:/127.0.0.1:64390 - R:localhost/127.0.0.1:10889]
15:50:15.752 [Forwarding findChildElement on session 14f61660-7bcc-4279-b6a3-7163a94e0626 to remote] DEBUG o.a.netty.request.NettyRequestSender - Using pooled Channel '[id: 0x7c68b8df, L:/127.0.0.1:64390 - R:localhost/127.0.0.1:10889]' for 'POST' to 'http://localhost:10889/session/14f61660-7bcc-4279-b6a3-7163a94e0626/element/bd3eb8fc-dce8-4096-a19f-5bacfd21f44f/element'
15:50:15.752 [Forwarding findChildElement on session 14f61660-7bcc-4279-b6a3-7163a94e0626 to remote] DEBUG o.a.netty.request.NettyRequestSender - Using open Channel [id: 0x7c68b8df, L:/127.0.0.1:64390 - R:localhost/127.0.0.1:10889] for POST '/session/14f61660-7bcc-4279-b6a3-7163a94e0626/element/bd3eb8fc-dce8-4096-a19f-5bacfd21f44f/element'
15:50:15.756 [AsyncHttpClient-3-1] DEBUG o.a.netty.handler.HttpHandler - 

Request DefaultHttpRequest(decodeResult: success, version: HTTP/1.1)
POST /session/14f61660-7bcc-4279-b6a3-7163a94e0626/element/bd3eb8fc-dce8-4096-a19f-5bacfd21f44f/element HTTP/1.1
User-Agent: selenium/4.0.0-alpha-5 (java windows)
Content-Length: 103
Content-Type: application/json; charset=utf-8
host: localhost:10889
accept: */*

Response DefaultHttpResponse(decodeResult: success, version: HTTP/1.1)
HTTP/1.1 200 OK
content-type: application/json; charset=utf-8
cache-control: no-cache
content-length: 88
date: Thu, 25 Jun 2020 12:50:15 GMT

15:50:15.756 [AsyncHttpClient-3-1] DEBUG o.a.netty.channel.ChannelManager - Adding key: http://localhost:10889 for channel [id: 0x7c68b8df, L:/127.0.0.1:64390 - R:localhost/127.0.0.1:10889]
15:50:15.756 [Forwarding getElementText on session 14f61660-7bcc-4279-b6a3-7163a94e0626 to remote] DEBUG o.a.netty.request.NettyRequestSender - Using pooled Channel '[id: 0x7c68b8df, L:/127.0.0.1:64390 - R:localhost/127.0.0.1:10889]' for 'GET' to 'http://localhost:10889/session/14f61660-7bcc-4279-b6a3-7163a94e0626/element/96b75e6a-bf4f-4c70-8e63-8b15b5f3d8ff/text'
15:50:15.756 [Forwarding getElementText on session 14f61660-7bcc-4279-b6a3-7163a94e0626 to remote] DEBUG o.a.netty.request.NettyRequestSender - Using open Channel [id: 0x7c68b8df, L:/127.0.0.1:64390 - R:localhost/127.0.0.1:10889] for GET '/session/14f61660-7bcc-4279-b6a3-7163a94e0626/element/96b75e6a-bf4f-4c70-8e63-8b15b5f3d8ff/text'
15:50:15.761 [AsyncHttpClient-3-1] DEBUG o.a.netty.handler.HttpHandler - 

Request DefaultFullHttpRequest(decodeResult: success, version: HTTP/1.1, content: EmptyByteBufBE)
GET /session/14f61660-7bcc-4279-b6a3-7163a94e0626/element/96b75e6a-bf4f-4c70-8e63-8b15b5f3d8ff/text HTTP/1.1
User-Agent: selenium/4.0.0-alpha-5 (java windows)
Cache-Control: no-cache
host: localhost:10889
accept: */*

Response DefaultHttpResponse(decodeResult: success, version: HTTP/1.1)
HTTP/1.1 200 OK
content-type: application/json; charset=utf-8
cache-control: no-cache
content-length: 18
date: Thu, 25 Jun 2020 12:50:15 GMT

15:50:15.761 [AsyncHttpClient-3-1] DEBUG o.a.netty.channel.ChannelManager - Adding key: http://localhost:10889 for channel [id: 0x7c68b8df, L:/127.0.0.1:64390 - R:localhost/127.0.0.1:10889]
15:50:15.762 [Forwarding findChildElement on session 14f61660-7bcc-4279-b6a3-7163a94e0626 to remote] DEBUG o.a.netty.request.NettyRequestSender - Using pooled Channel '[id: 0x7c68b8df, L:/127.0.0.1:64390 - R:localhost/127.0.0.1:10889]' for 'POST' to 'http://localhost:10889/session/14f61660-7bcc-4279-b6a3-7163a94e0626/element/bd3eb8fc-dce8-4096-a19f-5bacfd21f44f/element'
15:50:15.762 [Forwarding findChildElement on session 14f61660-7bcc-4279-b6a3-7163a94e0626 to remote] DEBUG o.a.netty.request.NettyRequestSender - Using open Channel [id: 0x7c68b8df, L:/127.0.0.1:64390 - R:localhost/127.0.0.1:10889] for POST '/session/14f61660-7bcc-4279-b6a3-7163a94e0626/element/bd3eb8fc-dce8-4096-a19f-5bacfd21f44f/element'
15:50:15.765 [AsyncHttpClient-3-1] DEBUG o.a.netty.handler.HttpHandler - 

Request DefaultHttpRequest(decodeResult: success, version: HTTP/1.1)
POST /session/14f61660-7bcc-4279-b6a3-7163a94e0626/element/bd3eb8fc-dce8-4096-a19f-5bacfd21f44f/element HTTP/1.1
User-Agent: selenium/4.0.0-alpha-5 (java windows)
Content-Length: 103
Content-Type: application/json; charset=utf-8
host: localhost:10889
accept: */*

Response DefaultHttpResponse(decodeResult: success, version: HTTP/1.1)
HTTP/1.1 200 OK
content-type: application/json; charset=utf-8
cache-control: no-cache
content-length: 88
date: Thu, 25 Jun 2020 12:50:15 GMT

15:50:15.765 [AsyncHttpClient-3-1] DEBUG o.a.netty.channel.ChannelManager - Adding key: http://localhost:10889 for channel [id: 0x7c68b8df, L:/127.0.0.1:64390 - R:localhost/127.0.0.1:10889]
15:50:15.765 [Forwarding getElementText on session 14f61660-7bcc-4279-b6a3-7163a94e0626 to remote] DEBUG o.a.netty.request.NettyRequestSender - Using pooled Channel '[id: 0x7c68b8df, L:/127.0.0.1:64390 - R:localhost/127.0.0.1:10889]' for 'GET' to 'http://localhost:10889/session/14f61660-7bcc-4279-b6a3-7163a94e0626/element/4fd6ff2b-4b24-4821-903f-f2bac824f900/text'
15:50:15.766 [Forwarding getElementText on session 14f61660-7bcc-4279-b6a3-7163a94e0626 to remote] DEBUG o.a.netty.request.NettyRequestSender - Using open Channel [id: 0x7c68b8df, L:/127.0.0.1:64390 - R:localhost/127.0.0.1:10889] for GET '/session/14f61660-7bcc-4279-b6a3-7163a94e0626/element/4fd6ff2b-4b24-4821-903f-f2bac824f900/text'
15:50:15.770 [AsyncHttpClient-3-1] DEBUG o.a.netty.handler.HttpHandler - 

Request DefaultFullHttpRequest(decodeResult: success, version: HTTP/1.1, content: EmptyByteBufBE)
GET /session/14f61660-7bcc-4279-b6a3-7163a94e0626/element/4fd6ff2b-4b24-4821-903f-f2bac824f900/text HTTP/1.1
User-Agent: selenium/4.0.0-alpha-5 (java windows)
Cache-Control: no-cache
host: localhost:10889
accept: */*

Response DefaultHttpResponse(decodeResult: success, version: HTTP/1.1)
HTTP/1.1 200 OK
content-type: application/json; charset=utf-8
cache-control: no-cache
content-length: 22
date: Thu, 25 Jun 2020 12:50:15 GMT

15:50:15.770 [AsyncHttpClient-3-1] DEBUG o.a.netty.channel.ChannelManager - Adding key: http://localhost:10889 for channel [id: 0x7c68b8df, L:/127.0.0.1:64390 - R:localhost/127.0.0.1:10889]
15:50:15.771 [Forwarding findChildElement on session 14f61660-7bcc-4279-b6a3-7163a94e0626 to remote] DEBUG o.a.netty.request.NettyRequestSender - Using pooled Channel '[id: 0x7c68b8df, L:/127.0.0.1:64390 - R:localhost/127.0.0.1:10889]' for 'POST' to 'http://localhost:10889/session/14f61660-7bcc-4279-b6a3-7163a94e0626/element/bd3eb8fc-dce8-4096-a19f-5bacfd21f44f/element'
15:50:15.771 [Forwarding findChildElement on session 14f61660-7bcc-4279-b6a3-7163a94e0626 to remote] DEBUG o.a.netty.request.NettyRequestSender - Using open Channel [id: 0x7c68b8df, L:/127.0.0.1:64390 - R:localhost/127.0.0.1:10889] for POST '/session/14f61660-7bcc-4279-b6a3-7163a94e0626/element/bd3eb8fc-dce8-4096-a19f-5bacfd21f44f/element'
15:50:15.774 [AsyncHttpClient-3-1] DEBUG o.a.netty.handler.HttpHandler - 

Request DefaultHttpRequest(decodeResult: success, version: HTTP/1.1)
POST /session/14f61660-7bcc-4279-b6a3-7163a94e0626/element/bd3eb8fc-dce8-4096-a19f-5bacfd21f44f/element HTTP/1.1
User-Agent: selenium/4.0.0-alpha-5 (java windows)
Content-Length: 103
Content-Type: application/json; charset=utf-8
host: localhost:10889
accept: */*

Response DefaultHttpResponse(decodeResult: success, version: HTTP/1.1)
HTTP/1.1 200 OK
content-type: application/json; charset=utf-8
cache-control: no-cache
content-length: 88
date: Thu, 25 Jun 2020 12:50:15 GMT

15:50:15.774 [AsyncHttpClient-3-1] DEBUG o.a.netty.channel.ChannelManager - Adding key: http://localhost:10889 for channel [id: 0x7c68b8df, L:/127.0.0.1:64390 - R:localhost/127.0.0.1:10889]
15:50:15.774 [Forwarding getElementText on session 14f61660-7bcc-4279-b6a3-7163a94e0626 to remote] DEBUG o.a.netty.request.NettyRequestSender - Using pooled Channel '[id: 0x7c68b8df, L:/127.0.0.1:64390 - R:localhost/127.0.0.1:10889]' for 'GET' to 'http://localhost:10889/session/14f61660-7bcc-4279-b6a3-7163a94e0626/element/f3870385-689b-49e6-abf2-498935ff6713/text'
15:50:15.774 [Forwarding getElementText on session 14f61660-7bcc-4279-b6a3-7163a94e0626 to remote] DEBUG o.a.netty.request.NettyRequestSender - Using open Channel [id: 0x7c68b8df, L:/127.0.0.1:64390 - R:localhost/127.0.0.1:10889] for GET '/session/14f61660-7bcc-4279-b6a3-7163a94e0626/element/f3870385-689b-49e6-abf2-498935ff6713/text'
15:50:15.778 [AsyncHttpClient-3-1] DEBUG o.a.netty.handler.HttpHandler - 

Request DefaultFullHttpRequest(decodeResult: success, version: HTTP/1.1, content: EmptyByteBufBE)
GET /session/14f61660-7bcc-4279-b6a3-7163a94e0626/element/f3870385-689b-49e6-abf2-498935ff6713/text HTTP/1.1
User-Agent: selenium/4.0.0-alpha-5 (java windows)
Cache-Control: no-cache
host: localhost:10889
accept: */*

Response DefaultHttpResponse(decodeResult: success, version: HTTP/1.1)
HTTP/1.1 200 OK
content-type: application/json; charset=utf-8
cache-control: no-cache
content-length: 21
date: Thu, 25 Jun 2020 12:50:15 GMT

15:50:15.779 [AsyncHttpClient-3-1] DEBUG o.a.netty.channel.ChannelManager - Adding key: http://localhost:10889 for channel [id: 0x7c68b8df, L:/127.0.0.1:64390 - R:localhost/127.0.0.1:10889]
15:50:15.779 [Forwarding findChildElement on session 14f61660-7bcc-4279-b6a3-7163a94e0626 to remote] DEBUG o.a.netty.request.NettyRequestSender - Using pooled Channel '[id: 0x7c68b8df, L:/127.0.0.1:64390 - R:localhost/127.0.0.1:10889]' for 'POST' to 'http://localhost:10889/session/14f61660-7bcc-4279-b6a3-7163a94e0626/element/bd3eb8fc-dce8-4096-a19f-5bacfd21f44f/element'
15:50:15.779 [Forwarding findChildElement on session 14f61660-7bcc-4279-b6a3-7163a94e0626 to remote] DEBUG o.a.netty.request.NettyRequestSender - Using open Channel [id: 0x7c68b8df, L:/127.0.0.1:64390 - R:localhost/127.0.0.1:10889] for POST '/session/14f61660-7bcc-4279-b6a3-7163a94e0626/element/bd3eb8fc-dce8-4096-a19f-5bacfd21f44f/element'
15:50:15.782 [AsyncHttpClient-3-1] DEBUG o.a.netty.handler.HttpHandler - 

Request DefaultHttpRequest(decodeResult: success, version: HTTP/1.1)
POST /session/14f61660-7bcc-4279-b6a3-7163a94e0626/element/bd3eb8fc-dce8-4096-a19f-5bacfd21f44f/element HTTP/1.1
User-Agent: selenium/4.0.0-alpha-5 (java windows)
Content-Length: 103
Content-Type: application/json; charset=utf-8
host: localhost:10889
accept: */*

Response DefaultHttpResponse(decodeResult: success, version: HTTP/1.1)
HTTP/1.1 200 OK
content-type: application/json; charset=utf-8
cache-control: no-cache
content-length: 88
date: Thu, 25 Jun 2020 12:50:15 GMT

15:50:15.783 [AsyncHttpClient-3-1] DEBUG o.a.netty.channel.ChannelManager - Adding key: http://localhost:10889 for channel [id: 0x7c68b8df, L:/127.0.0.1:64390 - R:localhost/127.0.0.1:10889]
15:50:15.783 [Forwarding getElementText on session 14f61660-7bcc-4279-b6a3-7163a94e0626 to remote] DEBUG o.a.netty.request.NettyRequestSender - Using pooled Channel '[id: 0x7c68b8df, L:/127.0.0.1:64390 - R:localhost/127.0.0.1:10889]' for 'GET' to 'http://localhost:10889/session/14f61660-7bcc-4279-b6a3-7163a94e0626/element/3dbb519c-69eb-40f3-b91e-c84d054db6b2/text'
15:50:15.783 [Forwarding getElementText on session 14f61660-7bcc-4279-b6a3-7163a94e0626 to remote] DEBUG o.a.netty.request.NettyRequestSender - Using open Channel [id: 0x7c68b8df, L:/127.0.0.1:64390 - R:localhost/127.0.0.1:10889] for GET '/session/14f61660-7bcc-4279-b6a3-7163a94e0626/element/3dbb519c-69eb-40f3-b91e-c84d054db6b2/text'
15:50:15.787 [AsyncHttpClient-3-1] DEBUG o.a.netty.handler.HttpHandler - 

Request DefaultFullHttpRequest(decodeResult: success, version: HTTP/1.1, content: EmptyByteBufBE)
GET /session/14f61660-7bcc-4279-b6a3-7163a94e0626/element/3dbb519c-69eb-40f3-b91e-c84d054db6b2/text HTTP/1.1
User-Agent: selenium/4.0.0-alpha-5 (java windows)
Cache-Control: no-cache
host: localhost:10889
accept: */*

Response DefaultHttpResponse(decodeResult: success, version: HTTP/1.1)
HTTP/1.1 200 OK
content-type: application/json; charset=utf-8
cache-control: no-cache
content-length: 45
date: Thu, 25 Jun 2020 12:50:15 GMT

15:50:15.787 [AsyncHttpClient-3-1] DEBUG o.a.netty.channel.ChannelManager - Adding key: http://localhost:10889 for channel [id: 0x7c68b8df, L:/127.0.0.1:64390 - R:localhost/127.0.0.1:10889]
15:50:15.788 [Forwarding findChildElement on session 14f61660-7bcc-4279-b6a3-7163a94e0626 to remote] DEBUG o.a.netty.request.NettyRequestSender - Using pooled Channel '[id: 0x7c68b8df, L:/127.0.0.1:64390 - R:localhost/127.0.0.1:10889]' for 'POST' to 'http://localhost:10889/session/14f61660-7bcc-4279-b6a3-7163a94e0626/element/bd3eb8fc-dce8-4096-a19f-5bacfd21f44f/element'
15:50:15.788 [Forwarding findChildElement on session 14f61660-7bcc-4279-b6a3-7163a94e0626 to remote] DEBUG o.a.netty.request.NettyRequestSender - Using open Channel [id: 0x7c68b8df, L:/127.0.0.1:64390 - R:localhost/127.0.0.1:10889] for POST '/session/14f61660-7bcc-4279-b6a3-7163a94e0626/element/bd3eb8fc-dce8-4096-a19f-5bacfd21f44f/element'
15:50:15.792 [AsyncHttpClient-3-1] DEBUG o.a.netty.handler.HttpHandler - 

Request DefaultHttpRequest(decodeResult: success, version: HTTP/1.1)
POST /session/14f61660-7bcc-4279-b6a3-7163a94e0626/element/bd3eb8fc-dce8-4096-a19f-5bacfd21f44f/element HTTP/1.1
User-Agent: selenium/4.0.0-alpha-5 (java windows)
Content-Length: 103
Content-Type: application/json; charset=utf-8
host: localhost:10889
accept: */*

Response DefaultHttpResponse(decodeResult: success, version: HTTP/1.1)
HTTP/1.1 200 OK
content-type: application/json; charset=utf-8
cache-control: no-cache
content-length: 88
date: Thu, 25 Jun 2020 12:50:15 GMT

15:50:15.792 [AsyncHttpClient-3-1] DEBUG o.a.netty.channel.ChannelManager - Adding key: http://localhost:10889 for channel [id: 0x7c68b8df, L:/127.0.0.1:64390 - R:localhost/127.0.0.1:10889]
15:50:15.792 [Forwarding getElementText on session 14f61660-7bcc-4279-b6a3-7163a94e0626 to remote] DEBUG o.a.netty.request.NettyRequestSender - Using pooled Channel '[id: 0x7c68b8df, L:/127.0.0.1:64390 - R:localhost/127.0.0.1:10889]' for 'GET' to 'http://localhost:10889/session/14f61660-7bcc-4279-b6a3-7163a94e0626/element/b9b8417b-d1b4-4867-9305-73cc7c7eed68/text'
15:50:15.792 [Forwarding getElementText on session 14f61660-7bcc-4279-b6a3-7163a94e0626 to remote] DEBUG o.a.netty.request.NettyRequestSender - Using open Channel [id: 0x7c68b8df, L:/127.0.0.1:64390 - R:localhost/127.0.0.1:10889] for GET '/session/14f61660-7bcc-4279-b6a3-7163a94e0626/element/b9b8417b-d1b4-4867-9305-73cc7c7eed68/text'
15:50:15.799 [AsyncHttpClient-3-1] DEBUG o.a.netty.handler.HttpHandler - 

Request DefaultFullHttpRequest(decodeResult: success, version: HTTP/1.1, content: EmptyByteBufBE)
GET /session/14f61660-7bcc-4279-b6a3-7163a94e0626/element/b9b8417b-d1b4-4867-9305-73cc7c7eed68/text HTTP/1.1
User-Agent: selenium/4.0.0-alpha-5 (java windows)
Cache-Control: no-cache
host: localhost:10889
accept: */*

Response DefaultHttpResponse(decodeResult: success, version: HTTP/1.1)
HTTP/1.1 200 OK
content-type: application/json; charset=utf-8
cache-control: no-cache
content-length: 57
date: Thu, 25 Jun 2020 12:50:15 GMT

15:50:15.799 [AsyncHttpClient-3-1] DEBUG o.a.netty.channel.ChannelManager - Adding key: http://localhost:10889 for channel [id: 0x7c68b8df, L:/127.0.0.1:64390 - R:localhost/127.0.0.1:10889]
15:50:15.799 [Forwarding findChildElement on session 14f61660-7bcc-4279-b6a3-7163a94e0626 to remote] DEBUG o.a.netty.request.NettyRequestSender - Using pooled Channel '[id: 0x7c68b8df, L:/127.0.0.1:64390 - R:localhost/127.0.0.1:10889]' for 'POST' to 'http://localhost:10889/session/14f61660-7bcc-4279-b6a3-7163a94e0626/element/bd3eb8fc-dce8-4096-a19f-5bacfd21f44f/element'
15:50:15.799 [Forwarding findChildElement on session 14f61660-7bcc-4279-b6a3-7163a94e0626 to remote] DEBUG o.a.netty.request.NettyRequestSender - Using open Channel [id: 0x7c68b8df, L:/127.0.0.1:64390 - R:localhost/127.0.0.1:10889] for POST '/session/14f61660-7bcc-4279-b6a3-7163a94e0626/element/bd3eb8fc-dce8-4096-a19f-5bacfd21f44f/element'
15:50:15.802 [AsyncHttpClient-3-1] DEBUG o.a.netty.handler.HttpHandler - 

Request DefaultHttpRequest(decodeResult: success, version: HTTP/1.1)
POST /session/14f61660-7bcc-4279-b6a3-7163a94e0626/element/bd3eb8fc-dce8-4096-a19f-5bacfd21f44f/element HTTP/1.1
User-Agent: selenium/4.0.0-alpha-5 (java windows)
Content-Length: 97
Content-Type: application/json; charset=utf-8
host: localhost:10889
accept: */*

Response DefaultHttpResponse(decodeResult: success, version: HTTP/1.1)
HTTP/1.1 200 OK
content-type: application/json; charset=utf-8
cache-control: no-cache
content-length: 88
date: Thu, 25 Jun 2020 12:50:15 GMT

15:50:15.803 [AsyncHttpClient-3-1] DEBUG o.a.netty.channel.ChannelManager - Adding key: http://localhost:10889 for channel [id: 0x7c68b8df, L:/127.0.0.1:64390 - R:localhost/127.0.0.1:10889]
15:50:15.805 [Forwarding getElementAttribute on session 14f61660-7bcc-4279-b6a3-7163a94e0626 to remote] DEBUG o.a.netty.request.NettyRequestSender - Using pooled Channel '[id: 0x7c68b8df, L:/127.0.0.1:64390 - R:localhost/127.0.0.1:10889]' for 'POST' to 'http://localhost:10889/session/14f61660-7bcc-4279-b6a3-7163a94e0626/execute/sync'
15:50:15.805 [Forwarding getElementAttribute on session 14f61660-7bcc-4279-b6a3-7163a94e0626 to remote] DEBUG o.a.netty.request.NettyRequestSender - Using open Channel [id: 0x7c68b8df, L:/127.0.0.1:64390 - R:localhost/127.0.0.1:10889] for POST '/session/14f61660-7bcc-4279-b6a3-7163a94e0626/execute/sync'
15:50:15.817 [AsyncHttpClient-3-1] DEBUG o.a.netty.handler.HttpHandler - 

Request DefaultHttpRequest(decodeResult: success, version: HTTP/1.1)
POST /session/14f61660-7bcc-4279-b6a3-7163a94e0626/execute/sync HTTP/1.1
User-Agent: selenium/4.0.0-alpha-5 (java windows)
Content-Length: 39635
Content-Type: application/json; charset=utf-8
host: localhost:10889
accept: */*

Response DefaultHttpResponse(decodeResult: success, version: HTTP/1.1)
HTTP/1.1 200 OK
content-type: application/json; charset=utf-8
cache-control: no-cache
content-length: 15
date: Thu, 25 Jun 2020 12:50:15 GMT

15:50:15.817 [AsyncHttpClient-3-1] DEBUG o.a.netty.channel.ChannelManager - Adding key: http://localhost:10889 for channel [id: 0x7c68b8df, L:/127.0.0.1:64390 - R:localhost/127.0.0.1:10889]
15:50:15.818 [Forwarding findChildElement on session 14f61660-7bcc-4279-b6a3-7163a94e0626 to remote] DEBUG o.a.netty.request.NettyRequestSender - Using pooled Channel '[id: 0x7c68b8df, L:/127.0.0.1:64390 - R:localhost/127.0.0.1:10889]' for 'POST' to 'http://localhost:10889/session/14f61660-7bcc-4279-b6a3-7163a94e0626/element/9a539072-e8fb-4f52-9010-886812176600/element'
15:50:15.818 [Forwarding findChildElement on session 14f61660-7bcc-4279-b6a3-7163a94e0626 to remote] DEBUG o.a.netty.request.NettyRequestSender - Using open Channel [id: 0x7c68b8df, L:/127.0.0.1:64390 - R:localhost/127.0.0.1:10889] for POST '/session/14f61660-7bcc-4279-b6a3-7163a94e0626/element/9a539072-e8fb-4f52-9010-886812176600/element'
15:50:15.822 [AsyncHttpClient-3-1] DEBUG o.a.netty.handler.HttpHandler - 

Request DefaultHttpRequest(decodeResult: success, version: HTTP/1.1)
POST /session/14f61660-7bcc-4279-b6a3-7163a94e0626/element/9a539072-e8fb-4f52-9010-886812176600/element HTTP/1.1
User-Agent: selenium/4.0.0-alpha-5 (java windows)
Content-Length: 103
Content-Type: application/json; charset=utf-8
host: localhost:10889
accept: */*

Response DefaultHttpResponse(decodeResult: success, version: HTTP/1.1)
HTTP/1.1 200 OK
content-type: application/json; charset=utf-8
cache-control: no-cache
content-length: 88
date: Thu, 25 Jun 2020 12:50:15 GMT

15:50:15.822 [AsyncHttpClient-3-1] DEBUG o.a.netty.channel.ChannelManager - Adding key: http://localhost:10889 for channel [id: 0x7c68b8df, L:/127.0.0.1:64390 - R:localhost/127.0.0.1:10889]
15:50:15.823 [Forwarding getElementText on session 14f61660-7bcc-4279-b6a3-7163a94e0626 to remote] DEBUG o.a.netty.request.NettyRequestSender - Using pooled Channel '[id: 0x7c68b8df, L:/127.0.0.1:64390 - R:localhost/127.0.0.1:10889]' for 'GET' to 'http://localhost:10889/session/14f61660-7bcc-4279-b6a3-7163a94e0626/element/a7d7c10e-bb75-4886-8d76-866f3e73cafb/text'
15:50:15.823 [Forwarding getElementText on session 14f61660-7bcc-4279-b6a3-7163a94e0626 to remote] DEBUG o.a.netty.request.NettyRequestSender - Using open Channel [id: 0x7c68b8df, L:/127.0.0.1:64390 - R:localhost/127.0.0.1:10889] for GET '/session/14f61660-7bcc-4279-b6a3-7163a94e0626/element/a7d7c10e-bb75-4886-8d76-866f3e73cafb/text'
15:50:15.826 [AsyncHttpClient-3-1] DEBUG o.a.netty.handler.HttpHandler - 

Request DefaultFullHttpRequest(decodeResult: success, version: HTTP/1.1, content: EmptyByteBufBE)
GET /session/14f61660-7bcc-4279-b6a3-7163a94e0626/element/a7d7c10e-bb75-4886-8d76-866f3e73cafb/text HTTP/1.1
User-Agent: selenium/4.0.0-alpha-5 (java windows)
Cache-Control: no-cache
host: localhost:10889
accept: */*

Response DefaultHttpResponse(decodeResult: success, version: HTTP/1.1)
HTTP/1.1 200 OK
content-type: application/json; charset=utf-8
cache-control: no-cache
content-length: 18
date: Thu, 25 Jun 2020 12:50:15 GMT

15:50:15.827 [AsyncHttpClient-3-1] DEBUG o.a.netty.channel.ChannelManager - Adding key: http://localhost:10889 for channel [id: 0x7c68b8df, L:/127.0.0.1:64390 - R:localhost/127.0.0.1:10889]
15:50:15.827 [Forwarding findChildElement on session 14f61660-7bcc-4279-b6a3-7163a94e0626 to remote] DEBUG o.a.netty.request.NettyRequestSender - Using pooled Channel '[id: 0x7c68b8df, L:/127.0.0.1:64390 - R:localhost/127.0.0.1:10889]' for 'POST' to 'http://localhost:10889/session/14f61660-7bcc-4279-b6a3-7163a94e0626/element/9a539072-e8fb-4f52-9010-886812176600/element'
15:50:15.827 [Forwarding findChildElement on session 14f61660-7bcc-4279-b6a3-7163a94e0626 to remote] DEBUG o.a.netty.request.NettyRequestSender - Using open Channel [id: 0x7c68b8df, L:/127.0.0.1:64390 - R:localhost/127.0.0.1:10889] for POST '/session/14f61660-7bcc-4279-b6a3-7163a94e0626/element/9a539072-e8fb-4f52-9010-886812176600/element'
15:50:15.831 [AsyncHttpClient-3-1] DEBUG o.a.netty.handler.HttpHandler - 

Request DefaultHttpRequest(decodeResult: success, version: HTTP/1.1)
POST /session/14f61660-7bcc-4279-b6a3-7163a94e0626/element/9a539072-e8fb-4f52-9010-886812176600/element HTTP/1.1
User-Agent: selenium/4.0.0-alpha-5 (java windows)
Content-Length: 103
Content-Type: application/json; charset=utf-8
host: localhost:10889
accept: */*

Response DefaultHttpResponse(decodeResult: success, version: HTTP/1.1)
HTTP/1.1 200 OK
content-type: application/json; charset=utf-8
cache-control: no-cache
content-length: 88
date: Thu, 25 Jun 2020 12:50:15 GMT

15:50:15.831 [AsyncHttpClient-3-1] DEBUG o.a.netty.channel.ChannelManager - Adding key: http://localhost:10889 for channel [id: 0x7c68b8df, L:/127.0.0.1:64390 - R:localhost/127.0.0.1:10889]
15:50:15.831 [Forwarding getElementText on session 14f61660-7bcc-4279-b6a3-7163a94e0626 to remote] DEBUG o.a.netty.request.NettyRequestSender - Using pooled Channel '[id: 0x7c68b8df, L:/127.0.0.1:64390 - R:localhost/127.0.0.1:10889]' for 'GET' to 'http://localhost:10889/session/14f61660-7bcc-4279-b6a3-7163a94e0626/element/6994ebc8-34c7-48b2-84b1-3c79aabdddb3/text'
15:50:15.831 [Forwarding getElementText on session 14f61660-7bcc-4279-b6a3-7163a94e0626 to remote] DEBUG o.a.netty.request.NettyRequestSender - Using open Channel [id: 0x7c68b8df, L:/127.0.0.1:64390 - R:localhost/127.0.0.1:10889] for GET '/session/14f61660-7bcc-4279-b6a3-7163a94e0626/element/6994ebc8-34c7-48b2-84b1-3c79aabdddb3/text'
15:50:15.835 [AsyncHttpClient-3-1] DEBUG o.a.netty.handler.HttpHandler - 

Request DefaultFullHttpRequest(decodeResult: success, version: HTTP/1.1, content: EmptyByteBufBE)
GET /session/14f61660-7bcc-4279-b6a3-7163a94e0626/element/6994ebc8-34c7-48b2-84b1-3c79aabdddb3/text HTTP/1.1
User-Agent: selenium/4.0.0-alpha-5 (java windows)
Cache-Control: no-cache
host: localhost:10889
accept: */*

Response DefaultHttpResponse(decodeResult: success, version: HTTP/1.1)
HTTP/1.1 200 OK
content-type: application/json; charset=utf-8
cache-control: no-cache
content-length: 22
date: Thu, 25 Jun 2020 12:50:15 GMT

15:50:15.836 [AsyncHttpClient-3-1] DEBUG o.a.netty.channel.ChannelManager - Adding key: http://localhost:10889 for channel [id: 0x7c68b8df, L:/127.0.0.1:64390 - R:localhost/127.0.0.1:10889]
15:50:15.836 [Forwarding findChildElement on session 14f61660-7bcc-4279-b6a3-7163a94e0626 to remote] DEBUG o.a.netty.request.NettyRequestSender - Using pooled Channel '[id: 0x7c68b8df, L:/127.0.0.1:64390 - R:localhost/127.0.0.1:10889]' for 'POST' to 'http://localhost:10889/session/14f61660-7bcc-4279-b6a3-7163a94e0626/element/9a539072-e8fb-4f52-9010-886812176600/element'
15:50:15.836 [Forwarding findChildElement on session 14f61660-7bcc-4279-b6a3-7163a94e0626 to remote] DEBUG o.a.netty.request.NettyRequestSender - Using open Channel [id: 0x7c68b8df, L:/127.0.0.1:64390 - R:localhost/127.0.0.1:10889] for POST '/session/14f61660-7bcc-4279-b6a3-7163a94e0626/element/9a539072-e8fb-4f52-9010-886812176600/element'
15:50:15.839 [AsyncHttpClient-3-1] DEBUG o.a.netty.handler.HttpHandler - 

Request DefaultHttpRequest(decodeResult: success, version: HTTP/1.1)
POST /session/14f61660-7bcc-4279-b6a3-7163a94e0626/element/9a539072-e8fb-4f52-9010-886812176600/element HTTP/1.1
User-Agent: selenium/4.0.0-alpha-5 (java windows)
Content-Length: 103
Content-Type: application/json; charset=utf-8
host: localhost:10889
accept: */*

Response DefaultHttpResponse(decodeResult: success, version: HTTP/1.1)
HTTP/1.1 200 OK
content-type: application/json; charset=utf-8
cache-control: no-cache
content-length: 88
date: Thu, 25 Jun 2020 12:50:15 GMT

15:50:15.839 [AsyncHttpClient-3-1] DEBUG o.a.netty.channel.ChannelManager - Adding key: http://localhost:10889 for channel [id: 0x7c68b8df, L:/127.0.0.1:64390 - R:localhost/127.0.0.1:10889]
15:50:15.840 [Forwarding getElementText on session 14f61660-7bcc-4279-b6a3-7163a94e0626 to remote] DEBUG o.a.netty.request.NettyRequestSender - Using pooled Channel '[id: 0x7c68b8df, L:/127.0.0.1:64390 - R:localhost/127.0.0.1:10889]' for 'GET' to 'http://localhost:10889/session/14f61660-7bcc-4279-b6a3-7163a94e0626/element/bd7ea4ac-d473-4200-a576-f31629f100f0/text'
15:50:15.840 [Forwarding getElementText on session 14f61660-7bcc-4279-b6a3-7163a94e0626 to remote] DEBUG o.a.netty.request.NettyRequestSender - Using open Channel [id: 0x7c68b8df, L:/127.0.0.1:64390 - R:localhost/127.0.0.1:10889] for GET '/session/14f61660-7bcc-4279-b6a3-7163a94e0626/element/bd7ea4ac-d473-4200-a576-f31629f100f0/text'
15:50:15.844 [AsyncHttpClient-3-1] DEBUG o.a.netty.handler.HttpHandler - 

Request DefaultFullHttpRequest(decodeResult: success, version: HTTP/1.1, content: EmptyByteBufBE)
GET /session/14f61660-7bcc-4279-b6a3-7163a94e0626/element/bd7ea4ac-d473-4200-a576-f31629f100f0/text HTTP/1.1
User-Agent: selenium/4.0.0-alpha-5 (java windows)
Cache-Control: no-cache
host: localhost:10889
accept: */*

Response DefaultHttpResponse(decodeResult: success, version: HTTP/1.1)
HTTP/1.1 200 OK
content-type: application/json; charset=utf-8
cache-control: no-cache
content-length: 21
date: Thu, 25 Jun 2020 12:50:15 GMT

15:50:15.844 [AsyncHttpClient-3-1] DEBUG o.a.netty.channel.ChannelManager - Adding key: http://localhost:10889 for channel [id: 0x7c68b8df, L:/127.0.0.1:64390 - R:localhost/127.0.0.1:10889]
15:50:15.844 [Forwarding findChildElement on session 14f61660-7bcc-4279-b6a3-7163a94e0626 to remote] DEBUG o.a.netty.request.NettyRequestSender - Using pooled Channel '[id: 0x7c68b8df, L:/127.0.0.1:64390 - R:localhost/127.0.0.1:10889]' for 'POST' to 'http://localhost:10889/session/14f61660-7bcc-4279-b6a3-7163a94e0626/element/9a539072-e8fb-4f52-9010-886812176600/element'
15:50:15.844 [Forwarding findChildElement on session 14f61660-7bcc-4279-b6a3-7163a94e0626 to remote] DEBUG o.a.netty.request.NettyRequestSender - Using open Channel [id: 0x7c68b8df, L:/127.0.0.1:64390 - R:localhost/127.0.0.1:10889] for POST '/session/14f61660-7bcc-4279-b6a3-7163a94e0626/element/9a539072-e8fb-4f52-9010-886812176600/element'
15:50:15.847 [AsyncHttpClient-3-1] DEBUG o.a.netty.handler.HttpHandler - 

Request DefaultHttpRequest(decodeResult: success, version: HTTP/1.1)
POST /session/14f61660-7bcc-4279-b6a3-7163a94e0626/element/9a539072-e8fb-4f52-9010-886812176600/element HTTP/1.1
User-Agent: selenium/4.0.0-alpha-5 (java windows)
Content-Length: 103
Content-Type: application/json; charset=utf-8
host: localhost:10889
accept: */*

Response DefaultHttpResponse(decodeResult: success, version: HTTP/1.1)
HTTP/1.1 200 OK
content-type: application/json; charset=utf-8
cache-control: no-cache
content-length: 88
date: Thu, 25 Jun 2020 12:50:15 GMT

15:50:15.848 [AsyncHttpClient-3-1] DEBUG o.a.netty.channel.ChannelManager - Adding key: http://localhost:10889 for channel [id: 0x7c68b8df, L:/127.0.0.1:64390 - R:localhost/127.0.0.1:10889]
15:50:15.848 [Forwarding getElementText on session 14f61660-7bcc-4279-b6a3-7163a94e0626 to remote] DEBUG o.a.netty.request.NettyRequestSender - Using pooled Channel '[id: 0x7c68b8df, L:/127.0.0.1:64390 - R:localhost/127.0.0.1:10889]' for 'GET' to 'http://localhost:10889/session/14f61660-7bcc-4279-b6a3-7163a94e0626/element/76a7635a-a27e-4979-bbf4-a466e5551257/text'
15:50:15.848 [Forwarding getElementText on session 14f61660-7bcc-4279-b6a3-7163a94e0626 to remote] DEBUG o.a.netty.request.NettyRequestSender - Using open Channel [id: 0x7c68b8df, L:/127.0.0.1:64390 - R:localhost/127.0.0.1:10889] for GET '/session/14f61660-7bcc-4279-b6a3-7163a94e0626/element/76a7635a-a27e-4979-bbf4-a466e5551257/text'
15:50:15.853 [AsyncHttpClient-3-1] DEBUG o.a.netty.handler.HttpHandler - 

Request DefaultFullHttpRequest(decodeResult: success, version: HTTP/1.1, content: EmptyByteBufBE)
GET /session/14f61660-7bcc-4279-b6a3-7163a94e0626/element/76a7635a-a27e-4979-bbf4-a466e5551257/text HTTP/1.1
User-Agent: selenium/4.0.0-alpha-5 (java windows)
Cache-Control: no-cache
host: localhost:10889
accept: */*

Response DefaultHttpResponse(decodeResult: success, version: HTTP/1.1)
HTTP/1.1 200 OK
content-type: application/json; charset=utf-8
cache-control: no-cache
content-length: 45
date: Thu, 25 Jun 2020 12:50:15 GMT

15:50:15.853 [AsyncHttpClient-3-1] DEBUG o.a.netty.channel.ChannelManager - Adding key: http://localhost:10889 for channel [id: 0x7c68b8df, L:/127.0.0.1:64390 - R:localhost/127.0.0.1:10889]
15:50:15.853 [Forwarding findChildElement on session 14f61660-7bcc-4279-b6a3-7163a94e0626 to remote] DEBUG o.a.netty.request.NettyRequestSender - Using pooled Channel '[id: 0x7c68b8df, L:/127.0.0.1:64390 - R:localhost/127.0.0.1:10889]' for 'POST' to 'http://localhost:10889/session/14f61660-7bcc-4279-b6a3-7163a94e0626/element/9a539072-e8fb-4f52-9010-886812176600/element'
15:50:15.853 [Forwarding findChildElement on session 14f61660-7bcc-4279-b6a3-7163a94e0626 to remote] DEBUG o.a.netty.request.NettyRequestSender - Using open Channel [id: 0x7c68b8df, L:/127.0.0.1:64390 - R:localhost/127.0.0.1:10889] for POST '/session/14f61660-7bcc-4279-b6a3-7163a94e0626/element/9a539072-e8fb-4f52-9010-886812176600/element'
15:50:15.857 [AsyncHttpClient-3-1] DEBUG o.a.netty.handler.HttpHandler - 

Request DefaultHttpRequest(decodeResult: success, version: HTTP/1.1)
POST /session/14f61660-7bcc-4279-b6a3-7163a94e0626/element/9a539072-e8fb-4f52-9010-886812176600/element HTTP/1.1
User-Agent: selenium/4.0.0-alpha-5 (java windows)
Content-Length: 103
Content-Type: application/json; charset=utf-8
host: localhost:10889
accept: */*

Response DefaultHttpResponse(decodeResult: success, version: HTTP/1.1)
HTTP/1.1 200 OK
content-type: application/json; charset=utf-8
cache-control: no-cache
content-length: 88
date: Thu, 25 Jun 2020 12:50:15 GMT

15:50:15.857 [AsyncHttpClient-3-1] DEBUG o.a.netty.channel.ChannelManager - Adding key: http://localhost:10889 for channel [id: 0x7c68b8df, L:/127.0.0.1:64390 - R:localhost/127.0.0.1:10889]
15:50:15.857 [Forwarding getElementText on session 14f61660-7bcc-4279-b6a3-7163a94e0626 to remote] DEBUG o.a.netty.request.NettyRequestSender - Using pooled Channel '[id: 0x7c68b8df, L:/127.0.0.1:64390 - R:localhost/127.0.0.1:10889]' for 'GET' to 'http://localhost:10889/session/14f61660-7bcc-4279-b6a3-7163a94e0626/element/a9d61187-ff67-4ec1-bada-715c11d70dda/text'
15:50:15.857 [Forwarding getElementText on session 14f61660-7bcc-4279-b6a3-7163a94e0626 to remote] DEBUG o.a.netty.request.NettyRequestSender - Using open Channel [id: 0x7c68b8df, L:/127.0.0.1:64390 - R:localhost/127.0.0.1:10889] for GET '/session/14f61660-7bcc-4279-b6a3-7163a94e0626/element/a9d61187-ff67-4ec1-bada-715c11d70dda/text'
15:50:15.864 [AsyncHttpClient-3-1] DEBUG o.a.netty.handler.HttpHandler - 

Request DefaultFullHttpRequest(decodeResult: success, version: HTTP/1.1, content: EmptyByteBufBE)
GET /session/14f61660-7bcc-4279-b6a3-7163a94e0626/element/a9d61187-ff67-4ec1-bada-715c11d70dda/text HTTP/1.1
User-Agent: selenium/4.0.0-alpha-5 (java windows)
Cache-Control: no-cache
host: localhost:10889
accept: */*

Response DefaultHttpResponse(decodeResult: success, version: HTTP/1.1)
HTTP/1.1 200 OK
content-type: application/json; charset=utf-8
cache-control: no-cache
content-length: 57
date: Thu, 25 Jun 2020 12:50:15 GMT

15:50:15.864 [AsyncHttpClient-3-1] DEBUG o.a.netty.channel.ChannelManager - Adding key: http://localhost:10889 for channel [id: 0x7c68b8df, L:/127.0.0.1:64390 - R:localhost/127.0.0.1:10889]
15:50:15.865 [Forwarding findChildElement on session 14f61660-7bcc-4279-b6a3-7163a94e0626 to remote] DEBUG o.a.netty.request.NettyRequestSender - Using pooled Channel '[id: 0x7c68b8df, L:/127.0.0.1:64390 - R:localhost/127.0.0.1:10889]' for 'POST' to 'http://localhost:10889/session/14f61660-7bcc-4279-b6a3-7163a94e0626/element/9a539072-e8fb-4f52-9010-886812176600/element'
15:50:15.865 [Forwarding findChildElement on session 14f61660-7bcc-4279-b6a3-7163a94e0626 to remote] DEBUG o.a.netty.request.NettyRequestSender - Using open Channel [id: 0x7c68b8df, L:/127.0.0.1:64390 - R:localhost/127.0.0.1:10889] for POST '/session/14f61660-7bcc-4279-b6a3-7163a94e0626/element/9a539072-e8fb-4f52-9010-886812176600/element'
15:50:15.869 [AsyncHttpClient-3-1] DEBUG o.a.netty.handler.HttpHandler - 

Request DefaultHttpRequest(decodeResult: success, version: HTTP/1.1)
POST /session/14f61660-7bcc-4279-b6a3-7163a94e0626/element/9a539072-e8fb-4f52-9010-886812176600/element HTTP/1.1
User-Agent: selenium/4.0.0-alpha-5 (java windows)
Content-Length: 97
Content-Type: application/json; charset=utf-8
host: localhost:10889
accept: */*

Response DefaultHttpResponse(decodeResult: success, version: HTTP/1.1)
HTTP/1.1 200 OK
content-type: application/json; charset=utf-8
cache-control: no-cache
content-length: 88
date: Thu, 25 Jun 2020 12:50:15 GMT

15:50:15.869 [AsyncHttpClient-3-1] DEBUG o.a.netty.channel.ChannelManager - Adding key: http://localhost:10889 for channel [id: 0x7c68b8df, L:/127.0.0.1:64390 - R:localhost/127.0.0.1:10889]
15:50:15.872 [Forwarding getElementAttribute on session 14f61660-7bcc-4279-b6a3-7163a94e0626 to remote] DEBUG o.a.netty.request.NettyRequestSender - Using pooled Channel '[id: 0x7c68b8df, L:/127.0.0.1:64390 - R:localhost/127.0.0.1:10889]' for 'POST' to 'http://localhost:10889/session/14f61660-7bcc-4279-b6a3-7163a94e0626/execute/sync'
15:50:15.872 [Forwarding getElementAttribute on session 14f61660-7bcc-4279-b6a3-7163a94e0626 to remote] DEBUG o.a.netty.request.NettyRequestSender - Using open Channel [id: 0x7c68b8df, L:/127.0.0.1:64390 - R:localhost/127.0.0.1:10889] for POST '/session/14f61660-7bcc-4279-b6a3-7163a94e0626/execute/sync'
15:50:15.885 [AsyncHttpClient-3-1] DEBUG o.a.netty.handler.HttpHandler - 

Request DefaultHttpRequest(decodeResult: success, version: HTTP/1.1)
POST /session/14f61660-7bcc-4279-b6a3-7163a94e0626/execute/sync HTTP/1.1
User-Agent: selenium/4.0.0-alpha-5 (java windows)
Content-Length: 39635
Content-Type: application/json; charset=utf-8
host: localhost:10889
accept: */*

Response DefaultHttpResponse(decodeResult: success, version: HTTP/1.1)
HTTP/1.1 200 OK
content-type: application/json; charset=utf-8
cache-control: no-cache
content-length: 15
date: Thu, 25 Jun 2020 12:50:15 GMT

15:50:15.885 [AsyncHttpClient-3-1] DEBUG o.a.netty.channel.ChannelManager - Adding key: http://localhost:10889 for channel [id: 0x7c68b8df, L:/127.0.0.1:64390 - R:localhost/127.0.0.1:10889]
15:50:15.886 [Forwarding findChildElement on session 14f61660-7bcc-4279-b6a3-7163a94e0626 to remote] DEBUG o.a.netty.request.NettyRequestSender - Using pooled Channel '[id: 0x7c68b8df, L:/127.0.0.1:64390 - R:localhost/127.0.0.1:10889]' for 'POST' to 'http://localhost:10889/session/14f61660-7bcc-4279-b6a3-7163a94e0626/element/404c0524-dea0-4c5b-a610-a27dc74de2e6/element'
15:50:15.886 [Forwarding findChildElement on session 14f61660-7bcc-4279-b6a3-7163a94e0626 to remote] DEBUG o.a.netty.request.NettyRequestSender - Using open Channel [id: 0x7c68b8df, L:/127.0.0.1:64390 - R:localhost/127.0.0.1:10889] for POST '/session/14f61660-7bcc-4279-b6a3-7163a94e0626/element/404c0524-dea0-4c5b-a610-a27dc74de2e6/element'
15:50:15.889 [AsyncHttpClient-3-1] DEBUG o.a.netty.handler.HttpHandler - 

Request DefaultHttpRequest(decodeResult: success, version: HTTP/1.1)
POST /session/14f61660-7bcc-4279-b6a3-7163a94e0626/element/404c0524-dea0-4c5b-a610-a27dc74de2e6/element HTTP/1.1
User-Agent: selenium/4.0.0-alpha-5 (java windows)
Content-Length: 103
Content-Type: application/json; charset=utf-8
host: localhost:10889
accept: */*

Response DefaultHttpResponse(decodeResult: success, version: HTTP/1.1)
HTTP/1.1 200 OK
content-type: application/json; charset=utf-8
cache-control: no-cache
content-length: 88
date: Thu, 25 Jun 2020 12:50:15 GMT

15:50:15.889 [AsyncHttpClient-3-1] DEBUG o.a.netty.channel.ChannelManager - Adding key: http://localhost:10889 for channel [id: 0x7c68b8df, L:/127.0.0.1:64390 - R:localhost/127.0.0.1:10889]
15:50:15.890 [Forwarding getElementText on session 14f61660-7bcc-4279-b6a3-7163a94e0626 to remote] DEBUG o.a.netty.request.NettyRequestSender - Using pooled Channel '[id: 0x7c68b8df, L:/127.0.0.1:64390 - R:localhost/127.0.0.1:10889]' for 'GET' to 'http://localhost:10889/session/14f61660-7bcc-4279-b6a3-7163a94e0626/element/88447dca-f588-47e7-b00c-7e1785982779/text'
15:50:15.890 [Forwarding getElementText on session 14f61660-7bcc-4279-b6a3-7163a94e0626 to remote] DEBUG o.a.netty.request.NettyRequestSender - Using open Channel [id: 0x7c68b8df, L:/127.0.0.1:64390 - R:localhost/127.0.0.1:10889] for GET '/session/14f61660-7bcc-4279-b6a3-7163a94e0626/element/88447dca-f588-47e7-b00c-7e1785982779/text'
15:50:15.895 [AsyncHttpClient-3-1] DEBUG o.a.netty.handler.HttpHandler - 

Request DefaultFullHttpRequest(decodeResult: success, version: HTTP/1.1, content: EmptyByteBufBE)
GET /session/14f61660-7bcc-4279-b6a3-7163a94e0626/element/88447dca-f588-47e7-b00c-7e1785982779/text HTTP/1.1
User-Agent: selenium/4.0.0-alpha-5 (java windows)
Cache-Control: no-cache
host: localhost:10889
accept: */*

Response DefaultHttpResponse(decodeResult: success, version: HTTP/1.1)
HTTP/1.1 200 OK
content-type: application/json; charset=utf-8
cache-control: no-cache
content-length: 18
date: Thu, 25 Jun 2020 12:50:15 GMT

15:50:15.895 [AsyncHttpClient-3-1] DEBUG o.a.netty.channel.ChannelManager - Adding key: http://localhost:10889 for channel [id: 0x7c68b8df, L:/127.0.0.1:64390 - R:localhost/127.0.0.1:10889]
15:50:15.895 [Forwarding findChildElement on session 14f61660-7bcc-4279-b6a3-7163a94e0626 to remote] DEBUG o.a.netty.request.NettyRequestSender - Using pooled Channel '[id: 0x7c68b8df, L:/127.0.0.1:64390 - R:localhost/127.0.0.1:10889]' for 'POST' to 'http://localhost:10889/session/14f61660-7bcc-4279-b6a3-7163a94e0626/element/404c0524-dea0-4c5b-a610-a27dc74de2e6/element'
15:50:15.895 [Forwarding findChildElement on session 14f61660-7bcc-4279-b6a3-7163a94e0626 to remote] DEBUG o.a.netty.request.NettyRequestSender - Using open Channel [id: 0x7c68b8df, L:/127.0.0.1:64390 - R:localhost/127.0.0.1:10889] for POST '/session/14f61660-7bcc-4279-b6a3-7163a94e0626/element/404c0524-dea0-4c5b-a610-a27dc74de2e6/element'
15:50:15.899 [AsyncHttpClient-3-1] DEBUG o.a.netty.handler.HttpHandler - 

Request DefaultHttpRequest(decodeResult: success, version: HTTP/1.1)
POST /session/14f61660-7bcc-4279-b6a3-7163a94e0626/element/404c0524-dea0-4c5b-a610-a27dc74de2e6/element HTTP/1.1
User-Agent: selenium/4.0.0-alpha-5 (java windows)
Content-Length: 103
Content-Type: application/json; charset=utf-8
host: localhost:10889
accept: */*

Response DefaultHttpResponse(decodeResult: success, version: HTTP/1.1)
HTTP/1.1 200 OK
content-type: application/json; charset=utf-8
cache-control: no-cache
content-length: 88
date: Thu, 25 Jun 2020 12:50:15 GMT

15:50:15.899 [AsyncHttpClient-3-1] DEBUG o.a.netty.channel.ChannelManager - Adding key: http://localhost:10889 for channel [id: 0x7c68b8df, L:/127.0.0.1:64390 - R:localhost/127.0.0.1:10889]
15:50:15.899 [Forwarding getElementText on session 14f61660-7bcc-4279-b6a3-7163a94e0626 to remote] DEBUG o.a.netty.request.NettyRequestSender - Using pooled Channel '[id: 0x7c68b8df, L:/127.0.0.1:64390 - R:localhost/127.0.0.1:10889]' for 'GET' to 'http://localhost:10889/session/14f61660-7bcc-4279-b6a3-7163a94e0626/element/46fbc4ad-4d58-4cc7-ad02-8e94641ad67e/text'
15:50:15.899 [Forwarding getElementText on session 14f61660-7bcc-4279-b6a3-7163a94e0626 to remote] DEBUG o.a.netty.request.NettyRequestSender - Using open Channel [id: 0x7c68b8df, L:/127.0.0.1:64390 - R:localhost/127.0.0.1:10889] for GET '/session/14f61660-7bcc-4279-b6a3-7163a94e0626/element/46fbc4ad-4d58-4cc7-ad02-8e94641ad67e/text'
15:50:15.904 [AsyncHttpClient-3-1] DEBUG o.a.netty.handler.HttpHandler - 

Request DefaultFullHttpRequest(decodeResult: success, version: HTTP/1.1, content: EmptyByteBufBE)
GET /session/14f61660-7bcc-4279-b6a3-7163a94e0626/element/46fbc4ad-4d58-4cc7-ad02-8e94641ad67e/text HTTP/1.1
User-Agent: selenium/4.0.0-alpha-5 (java windows)
Cache-Control: no-cache
host: localhost:10889
accept: */*

Response DefaultHttpResponse(decodeResult: success, version: HTTP/1.1)
HTTP/1.1 200 OK
content-type: application/json; charset=utf-8
cache-control: no-cache
content-length: 22
date: Thu, 25 Jun 2020 12:50:15 GMT

15:50:15.904 [AsyncHttpClient-3-1] DEBUG o.a.netty.channel.ChannelManager - Adding key: http://localhost:10889 for channel [id: 0x7c68b8df, L:/127.0.0.1:64390 - R:localhost/127.0.0.1:10889]
15:50:15.904 [Forwarding findChildElement on session 14f61660-7bcc-4279-b6a3-7163a94e0626 to remote] DEBUG o.a.netty.request.NettyRequestSender - Using pooled Channel '[id: 0x7c68b8df, L:/127.0.0.1:64390 - R:localhost/127.0.0.1:10889]' for 'POST' to 'http://localhost:10889/session/14f61660-7bcc-4279-b6a3-7163a94e0626/element/404c0524-dea0-4c5b-a610-a27dc74de2e6/element'
15:50:15.904 [Forwarding findChildElement on session 14f61660-7bcc-4279-b6a3-7163a94e0626 to remote] DEBUG o.a.netty.request.NettyRequestSender - Using open Channel [id: 0x7c68b8df, L:/127.0.0.1:64390 - R:localhost/127.0.0.1:10889] for POST '/session/14f61660-7bcc-4279-b6a3-7163a94e0626/element/404c0524-dea0-4c5b-a610-a27dc74de2e6/element'
15:50:15.907 [AsyncHttpClient-3-1] DEBUG o.a.netty.handler.HttpHandler - 

Request DefaultHttpRequest(decodeResult: success, version: HTTP/1.1)
POST /session/14f61660-7bcc-4279-b6a3-7163a94e0626/element/404c0524-dea0-4c5b-a610-a27dc74de2e6/element HTTP/1.1
User-Agent: selenium/4.0.0-alpha-5 (java windows)
Content-Length: 103
Content-Type: application/json; charset=utf-8
host: localhost:10889
accept: */*

Response DefaultHttpResponse(decodeResult: success, version: HTTP/1.1)
HTTP/1.1 200 OK
content-type: application/json; charset=utf-8
cache-control: no-cache
content-length: 88
date: Thu, 25 Jun 2020 12:50:15 GMT

15:50:15.908 [AsyncHttpClient-3-1] DEBUG o.a.netty.channel.ChannelManager - Adding key: http://localhost:10889 for channel [id: 0x7c68b8df, L:/127.0.0.1:64390 - R:localhost/127.0.0.1:10889]
15:50:15.908 [Forwarding getElementText on session 14f61660-7bcc-4279-b6a3-7163a94e0626 to remote] DEBUG o.a.netty.request.NettyRequestSender - Using pooled Channel '[id: 0x7c68b8df, L:/127.0.0.1:64390 - R:localhost/127.0.0.1:10889]' for 'GET' to 'http://localhost:10889/session/14f61660-7bcc-4279-b6a3-7163a94e0626/element/fb3441a4-fa0c-4343-8582-ff320a344ff5/text'
15:50:15.908 [Forwarding getElementText on session 14f61660-7bcc-4279-b6a3-7163a94e0626 to remote] DEBUG o.a.netty.request.NettyRequestSender - Using open Channel [id: 0x7c68b8df, L:/127.0.0.1:64390 - R:localhost/127.0.0.1:10889] for GET '/session/14f61660-7bcc-4279-b6a3-7163a94e0626/element/fb3441a4-fa0c-4343-8582-ff320a344ff5/text'
15:50:15.913 [AsyncHttpClient-3-1] DEBUG o.a.netty.handler.HttpHandler - 

Request DefaultFullHttpRequest(decodeResult: success, version: HTTP/1.1, content: EmptyByteBufBE)
GET /session/14f61660-7bcc-4279-b6a3-7163a94e0626/element/fb3441a4-fa0c-4343-8582-ff320a344ff5/text HTTP/1.1
User-Agent: selenium/4.0.0-alpha-5 (java windows)
Cache-Control: no-cache
host: localhost:10889
accept: */*

Response DefaultHttpResponse(decodeResult: success, version: HTTP/1.1)
HTTP/1.1 200 OK
content-type: application/json; charset=utf-8
cache-control: no-cache
content-length: 21
date: Thu, 25 Jun 2020 12:50:15 GMT

15:50:15.913 [AsyncHttpClient-3-1] DEBUG o.a.netty.channel.ChannelManager - Adding key: http://localhost:10889 for channel [id: 0x7c68b8df, L:/127.0.0.1:64390 - R:localhost/127.0.0.1:10889]
15:50:15.914 [Forwarding findChildElement on session 14f61660-7bcc-4279-b6a3-7163a94e0626 to remote] DEBUG o.a.netty.request.NettyRequestSender - Using pooled Channel '[id: 0x7c68b8df, L:/127.0.0.1:64390 - R:localhost/127.0.0.1:10889]' for 'POST' to 'http://localhost:10889/session/14f61660-7bcc-4279-b6a3-7163a94e0626/element/404c0524-dea0-4c5b-a610-a27dc74de2e6/element'
15:50:15.914 [Forwarding findChildElement on session 14f61660-7bcc-4279-b6a3-7163a94e0626 to remote] DEBUG o.a.netty.request.NettyRequestSender - Using open Channel [id: 0x7c68b8df, L:/127.0.0.1:64390 - R:localhost/127.0.0.1:10889] for POST '/session/14f61660-7bcc-4279-b6a3-7163a94e0626/element/404c0524-dea0-4c5b-a610-a27dc74de2e6/element'
15:50:15.917 [AsyncHttpClient-3-1] DEBUG o.a.netty.handler.HttpHandler - 

Request DefaultHttpRequest(decodeResult: success, version: HTTP/1.1)
POST /session/14f61660-7bcc-4279-b6a3-7163a94e0626/element/404c0524-dea0-4c5b-a610-a27dc74de2e6/element HTTP/1.1
User-Agent: selenium/4.0.0-alpha-5 (java windows)
Content-Length: 103
Content-Type: application/json; charset=utf-8
host: localhost:10889
accept: */*

Response DefaultHttpResponse(decodeResult: success, version: HTTP/1.1)
HTTP/1.1 200 OK
content-type: application/json; charset=utf-8
cache-control: no-cache
content-length: 88
date: Thu, 25 Jun 2020 12:50:15 GMT

15:50:15.917 [AsyncHttpClient-3-1] DEBUG o.a.netty.channel.ChannelManager - Adding key: http://localhost:10889 for channel [id: 0x7c68b8df, L:/127.0.0.1:64390 - R:localhost/127.0.0.1:10889]
15:50:15.918 [Forwarding getElementText on session 14f61660-7bcc-4279-b6a3-7163a94e0626 to remote] DEBUG o.a.netty.request.NettyRequestSender - Using pooled Channel '[id: 0x7c68b8df, L:/127.0.0.1:64390 - R:localhost/127.0.0.1:10889]' for 'GET' to 'http://localhost:10889/session/14f61660-7bcc-4279-b6a3-7163a94e0626/element/855cc738-6ae6-441b-b026-ce8f56c37999/text'
15:50:15.918 [Forwarding getElementText on session 14f61660-7bcc-4279-b6a3-7163a94e0626 to remote] DEBUG o.a.netty.request.NettyRequestSender - Using open Channel [id: 0x7c68b8df, L:/127.0.0.1:64390 - R:localhost/127.0.0.1:10889] for GET '/session/14f61660-7bcc-4279-b6a3-7163a94e0626/element/855cc738-6ae6-441b-b026-ce8f56c37999/text'
15:50:15.923 [AsyncHttpClient-3-1] DEBUG o.a.netty.handler.HttpHandler - 

Request DefaultFullHttpRequest(decodeResult: success, version: HTTP/1.1, content: EmptyByteBufBE)
GET /session/14f61660-7bcc-4279-b6a3-7163a94e0626/element/855cc738-6ae6-441b-b026-ce8f56c37999/text HTTP/1.1
User-Agent: selenium/4.0.0-alpha-5 (java windows)
Cache-Control: no-cache
host: localhost:10889
accept: */*

Response DefaultHttpResponse(decodeResult: success, version: HTTP/1.1)
HTTP/1.1 200 OK
content-type: application/json; charset=utf-8
cache-control: no-cache
content-length: 45
date: Thu, 25 Jun 2020 12:50:15 GMT

15:50:15.923 [AsyncHttpClient-3-1] DEBUG o.a.netty.channel.ChannelManager - Adding key: http://localhost:10889 for channel [id: 0x7c68b8df, L:/127.0.0.1:64390 - R:localhost/127.0.0.1:10889]
15:50:15.923 [Forwarding findChildElement on session 14f61660-7bcc-4279-b6a3-7163a94e0626 to remote] DEBUG o.a.netty.request.NettyRequestSender - Using pooled Channel '[id: 0x7c68b8df, L:/127.0.0.1:64390 - R:localhost/127.0.0.1:10889]' for 'POST' to 'http://localhost:10889/session/14f61660-7bcc-4279-b6a3-7163a94e0626/element/404c0524-dea0-4c5b-a610-a27dc74de2e6/element'
15:50:15.924 [Forwarding findChildElement on session 14f61660-7bcc-4279-b6a3-7163a94e0626 to remote] DEBUG o.a.netty.request.NettyRequestSender - Using open Channel [id: 0x7c68b8df, L:/127.0.0.1:64390 - R:localhost/127.0.0.1:10889] for POST '/session/14f61660-7bcc-4279-b6a3-7163a94e0626/element/404c0524-dea0-4c5b-a610-a27dc74de2e6/element'
15:50:15.927 [AsyncHttpClient-3-1] DEBUG o.a.netty.handler.HttpHandler - 

Request DefaultHttpRequest(decodeResult: success, version: HTTP/1.1)
POST /session/14f61660-7bcc-4279-b6a3-7163a94e0626/element/404c0524-dea0-4c5b-a610-a27dc74de2e6/element HTTP/1.1
User-Agent: selenium/4.0.0-alpha-5 (java windows)
Content-Length: 103
Content-Type: application/json; charset=utf-8
host: localhost:10889
accept: */*

Response DefaultHttpResponse(decodeResult: success, version: HTTP/1.1)
HTTP/1.1 200 OK
content-type: application/json; charset=utf-8
cache-control: no-cache
content-length: 88
date: Thu, 25 Jun 2020 12:50:15 GMT

15:50:15.927 [AsyncHttpClient-3-1] DEBUG o.a.netty.channel.ChannelManager - Adding key: http://localhost:10889 for channel [id: 0x7c68b8df, L:/127.0.0.1:64390 - R:localhost/127.0.0.1:10889]
15:50:15.927 [Forwarding getElementText on session 14f61660-7bcc-4279-b6a3-7163a94e0626 to remote] DEBUG o.a.netty.request.NettyRequestSender - Using pooled Channel '[id: 0x7c68b8df, L:/127.0.0.1:64390 - R:localhost/127.0.0.1:10889]' for 'GET' to 'http://localhost:10889/session/14f61660-7bcc-4279-b6a3-7163a94e0626/element/ac4c9a8d-15c9-4611-b1c7-1cbf678abe35/text'
15:50:15.927 [Forwarding getElementText on session 14f61660-7bcc-4279-b6a3-7163a94e0626 to remote] DEBUG o.a.netty.request.NettyRequestSender - Using open Channel [id: 0x7c68b8df, L:/127.0.0.1:64390 - R:localhost/127.0.0.1:10889] for GET '/session/14f61660-7bcc-4279-b6a3-7163a94e0626/element/ac4c9a8d-15c9-4611-b1c7-1cbf678abe35/text'
15:50:15.934 [AsyncHttpClient-3-1] DEBUG o.a.netty.handler.HttpHandler - 

Request DefaultFullHttpRequest(decodeResult: success, version: HTTP/1.1, content: EmptyByteBufBE)
GET /session/14f61660-7bcc-4279-b6a3-7163a94e0626/element/ac4c9a8d-15c9-4611-b1c7-1cbf678abe35/text HTTP/1.1
User-Agent: selenium/4.0.0-alpha-5 (java windows)
Cache-Control: no-cache
host: localhost:10889
accept: */*

Response DefaultHttpResponse(decodeResult: success, version: HTTP/1.1)
HTTP/1.1 200 OK
content-type: application/json; charset=utf-8
cache-control: no-cache
content-length: 57
date: Thu, 25 Jun 2020 12:50:15 GMT

15:50:15.934 [AsyncHttpClient-3-1] DEBUG o.a.netty.channel.ChannelManager - Adding key: http://localhost:10889 for channel [id: 0x7c68b8df, L:/127.0.0.1:64390 - R:localhost/127.0.0.1:10889]
15:50:15.935 [Forwarding findChildElement on session 14f61660-7bcc-4279-b6a3-7163a94e0626 to remote] DEBUG o.a.netty.request.NettyRequestSender - Using pooled Channel '[id: 0x7c68b8df, L:/127.0.0.1:64390 - R:localhost/127.0.0.1:10889]' for 'POST' to 'http://localhost:10889/session/14f61660-7bcc-4279-b6a3-7163a94e0626/element/404c0524-dea0-4c5b-a610-a27dc74de2e6/element'
15:50:15.935 [Forwarding findChildElement on session 14f61660-7bcc-4279-b6a3-7163a94e0626 to remote] DEBUG o.a.netty.request.NettyRequestSender - Using open Channel [id: 0x7c68b8df, L:/127.0.0.1:64390 - R:localhost/127.0.0.1:10889] for POST '/session/14f61660-7bcc-4279-b6a3-7163a94e0626/element/404c0524-dea0-4c5b-a610-a27dc74de2e6/element'
15:50:15.938 [AsyncHttpClient-3-1] DEBUG o.a.netty.handler.HttpHandler - 

Request DefaultHttpRequest(decodeResult: success, version: HTTP/1.1)
POST /session/14f61660-7bcc-4279-b6a3-7163a94e0626/element/404c0524-dea0-4c5b-a610-a27dc74de2e6/element HTTP/1.1
User-Agent: selenium/4.0.0-alpha-5 (java windows)
Content-Length: 97
Content-Type: application/json; charset=utf-8
host: localhost:10889
accept: */*

Response DefaultHttpResponse(decodeResult: success, version: HTTP/1.1)
HTTP/1.1 200 OK
content-type: application/json; charset=utf-8
cache-control: no-cache
content-length: 88
date: Thu, 25 Jun 2020 12:50:15 GMT

15:50:15.938 [AsyncHttpClient-3-1] DEBUG o.a.netty.channel.ChannelManager - Adding key: http://localhost:10889 for channel [id: 0x7c68b8df, L:/127.0.0.1:64390 - R:localhost/127.0.0.1:10889]
15:50:15.941 [Forwarding getElementAttribute on session 14f61660-7bcc-4279-b6a3-7163a94e0626 to remote] DEBUG o.a.netty.request.NettyRequestSender - Using pooled Channel '[id: 0x7c68b8df, L:/127.0.0.1:64390 - R:localhost/127.0.0.1:10889]' for 'POST' to 'http://localhost:10889/session/14f61660-7bcc-4279-b6a3-7163a94e0626/execute/sync'
15:50:15.941 [Forwarding getElementAttribute on session 14f61660-7bcc-4279-b6a3-7163a94e0626 to remote] DEBUG o.a.netty.request.NettyRequestSender - Using open Channel [id: 0x7c68b8df, L:/127.0.0.1:64390 - R:localhost/127.0.0.1:10889] for POST '/session/14f61660-7bcc-4279-b6a3-7163a94e0626/execute/sync'
15:50:15.953 [AsyncHttpClient-3-1] DEBUG o.a.netty.handler.HttpHandler - 

Request DefaultHttpRequest(decodeResult: success, version: HTTP/1.1)
POST /session/14f61660-7bcc-4279-b6a3-7163a94e0626/execute/sync HTTP/1.1
User-Agent: selenium/4.0.0-alpha-5 (java windows)
Content-Length: 39635
Content-Type: application/json; charset=utf-8
host: localhost:10889
accept: */*

Response DefaultHttpResponse(decodeResult: success, version: HTTP/1.1)
HTTP/1.1 200 OK
content-type: application/json; charset=utf-8
cache-control: no-cache
content-length: 15
date: Thu, 25 Jun 2020 12:50:15 GMT

15:50:15.953 [AsyncHttpClient-3-1] DEBUG o.a.netty.channel.ChannelManager - Adding key: http://localhost:10889 for channel [id: 0x7c68b8df, L:/127.0.0.1:64390 - R:localhost/127.0.0.1:10889]
15:50:15.954 [Forwarding findChildElement on session 14f61660-7bcc-4279-b6a3-7163a94e0626 to remote] DEBUG o.a.netty.request.NettyRequestSender - Using pooled Channel '[id: 0x7c68b8df, L:/127.0.0.1:64390 - R:localhost/127.0.0.1:10889]' for 'POST' to 'http://localhost:10889/session/14f61660-7bcc-4279-b6a3-7163a94e0626/element/be98c677-d7bb-49eb-8144-f7922a9d25b1/element'
15:50:15.954 [Forwarding findChildElement on session 14f61660-7bcc-4279-b6a3-7163a94e0626 to remote] DEBUG o.a.netty.request.NettyRequestSender - Using open Channel [id: 0x7c68b8df, L:/127.0.0.1:64390 - R:localhost/127.0.0.1:10889] for POST '/session/14f61660-7bcc-4279-b6a3-7163a94e0626/element/be98c677-d7bb-49eb-8144-f7922a9d25b1/element'
15:50:15.957 [AsyncHttpClient-3-1] DEBUG o.a.netty.handler.HttpHandler - 

Request DefaultHttpRequest(decodeResult: success, version: HTTP/1.1)
POST /session/14f61660-7bcc-4279-b6a3-7163a94e0626/element/be98c677-d7bb-49eb-8144-f7922a9d25b1/element HTTP/1.1
User-Agent: selenium/4.0.0-alpha-5 (java windows)
Content-Length: 103
Content-Type: application/json; charset=utf-8
host: localhost:10889
accept: */*

Response DefaultHttpResponse(decodeResult: success, version: HTTP/1.1)
HTTP/1.1 200 OK
content-type: application/json; charset=utf-8
cache-control: no-cache
content-length: 88
date: Thu, 25 Jun 2020 12:50:15 GMT

15:50:15.957 [AsyncHttpClient-3-1] DEBUG o.a.netty.channel.ChannelManager - Adding key: http://localhost:10889 for channel [id: 0x7c68b8df, L:/127.0.0.1:64390 - R:localhost/127.0.0.1:10889]
15:50:15.958 [Forwarding getElementText on session 14f61660-7bcc-4279-b6a3-7163a94e0626 to remote] DEBUG o.a.netty.request.NettyRequestSender - Using pooled Channel '[id: 0x7c68b8df, L:/127.0.0.1:64390 - R:localhost/127.0.0.1:10889]' for 'GET' to 'http://localhost:10889/session/14f61660-7bcc-4279-b6a3-7163a94e0626/element/00ee5c66-e064-4857-ad66-71c18f5ce934/text'
15:50:15.958 [Forwarding getElementText on session 14f61660-7bcc-4279-b6a3-7163a94e0626 to remote] DEBUG o.a.netty.request.NettyRequestSender - Using open Channel [id: 0x7c68b8df, L:/127.0.0.1:64390 - R:localhost/127.0.0.1:10889] for GET '/session/14f61660-7bcc-4279-b6a3-7163a94e0626/element/00ee5c66-e064-4857-ad66-71c18f5ce934/text'
15:50:15.962 [AsyncHttpClient-3-1] DEBUG o.a.netty.handler.HttpHandler - 

Request DefaultFullHttpRequest(decodeResult: success, version: HTTP/1.1, content: EmptyByteBufBE)
GET /session/14f61660-7bcc-4279-b6a3-7163a94e0626/element/00ee5c66-e064-4857-ad66-71c18f5ce934/text HTTP/1.1
User-Agent: selenium/4.0.0-alpha-5 (java windows)
Cache-Control: no-cache
host: localhost:10889
accept: */*

Response DefaultHttpResponse(decodeResult: success, version: HTTP/1.1)
HTTP/1.1 200 OK
content-type: application/json; charset=utf-8
cache-control: no-cache
content-length: 18
date: Thu, 25 Jun 2020 12:50:15 GMT

15:50:15.962 [AsyncHttpClient-3-1] DEBUG o.a.netty.channel.ChannelManager - Adding key: http://localhost:10889 for channel [id: 0x7c68b8df, L:/127.0.0.1:64390 - R:localhost/127.0.0.1:10889]
15:50:15.962 [Forwarding findChildElement on session 14f61660-7bcc-4279-b6a3-7163a94e0626 to remote] DEBUG o.a.netty.request.NettyRequestSender - Using pooled Channel '[id: 0x7c68b8df, L:/127.0.0.1:64390 - R:localhost/127.0.0.1:10889]' for 'POST' to 'http://localhost:10889/session/14f61660-7bcc-4279-b6a3-7163a94e0626/element/be98c677-d7bb-49eb-8144-f7922a9d25b1/element'
15:50:15.963 [Forwarding findChildElement on session 14f61660-7bcc-4279-b6a3-7163a94e0626 to remote] DEBUG o.a.netty.request.NettyRequestSender - Using open Channel [id: 0x7c68b8df, L:/127.0.0.1:64390 - R:localhost/127.0.0.1:10889] for POST '/session/14f61660-7bcc-4279-b6a3-7163a94e0626/element/be98c677-d7bb-49eb-8144-f7922a9d25b1/element'
15:50:15.966 [AsyncHttpClient-3-1] DEBUG o.a.netty.handler.HttpHandler - 

Request DefaultHttpRequest(decodeResult: success, version: HTTP/1.1)
POST /session/14f61660-7bcc-4279-b6a3-7163a94e0626/element/be98c677-d7bb-49eb-8144-f7922a9d25b1/element HTTP/1.1
User-Agent: selenium/4.0.0-alpha-5 (java windows)
Content-Length: 103
Content-Type: application/json; charset=utf-8
host: localhost:10889
accept: */*

Response DefaultHttpResponse(decodeResult: success, version: HTTP/1.1)
HTTP/1.1 200 OK
content-type: application/json; charset=utf-8
cache-control: no-cache
content-length: 88
date: Thu, 25 Jun 2020 12:50:15 GMT

15:50:15.966 [AsyncHttpClient-3-1] DEBUG o.a.netty.channel.ChannelManager - Adding key: http://localhost:10889 for channel [id: 0x7c68b8df, L:/127.0.0.1:64390 - R:localhost/127.0.0.1:10889]
15:50:15.966 [Forwarding getElementText on session 14f61660-7bcc-4279-b6a3-7163a94e0626 to remote] DEBUG o.a.netty.request.NettyRequestSender - Using pooled Channel '[id: 0x7c68b8df, L:/127.0.0.1:64390 - R:localhost/127.0.0.1:10889]' for 'GET' to 'http://localhost:10889/session/14f61660-7bcc-4279-b6a3-7163a94e0626/element/fc142989-f9da-4350-a137-a5edd2931e3e/text'
15:50:15.966 [Forwarding getElementText on session 14f61660-7bcc-4279-b6a3-7163a94e0626 to remote] DEBUG o.a.netty.request.NettyRequestSender - Using open Channel [id: 0x7c68b8df, L:/127.0.0.1:64390 - R:localhost/127.0.0.1:10889] for GET '/session/14f61660-7bcc-4279-b6a3-7163a94e0626/element/fc142989-f9da-4350-a137-a5edd2931e3e/text'
15:50:15.970 [AsyncHttpClient-3-1] DEBUG o.a.netty.handler.HttpHandler - 

Request DefaultFullHttpRequest(decodeResult: success, version: HTTP/1.1, content: EmptyByteBufBE)
GET /session/14f61660-7bcc-4279-b6a3-7163a94e0626/element/fc142989-f9da-4350-a137-a5edd2931e3e/text HTTP/1.1
User-Agent: selenium/4.0.0-alpha-5 (java windows)
Cache-Control: no-cache
host: localhost:10889
accept: */*

Response DefaultHttpResponse(decodeResult: success, version: HTTP/1.1)
HTTP/1.1 200 OK
content-type: application/json; charset=utf-8
cache-control: no-cache
content-length: 22
date: Thu, 25 Jun 2020 12:50:15 GMT

15:50:15.971 [AsyncHttpClient-3-1] DEBUG o.a.netty.channel.ChannelManager - Adding key: http://localhost:10889 for channel [id: 0x7c68b8df, L:/127.0.0.1:64390 - R:localhost/127.0.0.1:10889]
15:50:15.971 [Forwarding findChildElement on session 14f61660-7bcc-4279-b6a3-7163a94e0626 to remote] DEBUG o.a.netty.request.NettyRequestSender - Using pooled Channel '[id: 0x7c68b8df, L:/127.0.0.1:64390 - R:localhost/127.0.0.1:10889]' for 'POST' to 'http://localhost:10889/session/14f61660-7bcc-4279-b6a3-7163a94e0626/element/be98c677-d7bb-49eb-8144-f7922a9d25b1/element'
15:50:15.971 [Forwarding findChildElement on session 14f61660-7bcc-4279-b6a3-7163a94e0626 to remote] DEBUG o.a.netty.request.NettyRequestSender - Using open Channel [id: 0x7c68b8df, L:/127.0.0.1:64390 - R:localhost/127.0.0.1:10889] for POST '/session/14f61660-7bcc-4279-b6a3-7163a94e0626/element/be98c677-d7bb-49eb-8144-f7922a9d25b1/element'
15:50:15.975 [AsyncHttpClient-3-1] DEBUG o.a.netty.handler.HttpHandler - 

Request DefaultHttpRequest(decodeResult: success, version: HTTP/1.1)
POST /session/14f61660-7bcc-4279-b6a3-7163a94e0626/element/be98c677-d7bb-49eb-8144-f7922a9d25b1/element HTTP/1.1
User-Agent: selenium/4.0.0-alpha-5 (java windows)
Content-Length: 103
Content-Type: application/json; charset=utf-8
host: localhost:10889
accept: */*

Response DefaultHttpResponse(decodeResult: success, version: HTTP/1.1)
HTTP/1.1 200 OK
content-type: application/json; charset=utf-8
cache-control: no-cache
content-length: 88
date: Thu, 25 Jun 2020 12:50:15 GMT

15:50:15.975 [AsyncHttpClient-3-1] DEBUG o.a.netty.channel.ChannelManager - Adding key: http://localhost:10889 for channel [id: 0x7c68b8df, L:/127.0.0.1:64390 - R:localhost/127.0.0.1:10889]
15:50:15.976 [Forwarding getElementText on session 14f61660-7bcc-4279-b6a3-7163a94e0626 to remote] DEBUG o.a.netty.request.NettyRequestSender - Using pooled Channel '[id: 0x7c68b8df, L:/127.0.0.1:64390 - R:localhost/127.0.0.1:10889]' for 'GET' to 'http://localhost:10889/session/14f61660-7bcc-4279-b6a3-7163a94e0626/element/89ed08bb-6b4e-4e9a-86d5-4686a1077ff0/text'
15:50:15.976 [Forwarding getElementText on session 14f61660-7bcc-4279-b6a3-7163a94e0626 to remote] DEBUG o.a.netty.request.NettyRequestSender - Using open Channel [id: 0x7c68b8df, L:/127.0.0.1:64390 - R:localhost/127.0.0.1:10889] for GET '/session/14f61660-7bcc-4279-b6a3-7163a94e0626/element/89ed08bb-6b4e-4e9a-86d5-4686a1077ff0/text'
15:50:15.983 [AsyncHttpClient-3-1] DEBUG o.a.netty.handler.HttpHandler - 

Request DefaultFullHttpRequest(decodeResult: success, version: HTTP/1.1, content: EmptyByteBufBE)
GET /session/14f61660-7bcc-4279-b6a3-7163a94e0626/element/89ed08bb-6b4e-4e9a-86d5-4686a1077ff0/text HTTP/1.1
User-Agent: selenium/4.0.0-alpha-5 (java windows)
Cache-Control: no-cache
host: localhost:10889
accept: */*

Response DefaultHttpResponse(decodeResult: success, version: HTTP/1.1)
HTTP/1.1 200 OK
content-type: application/json; charset=utf-8
cache-control: no-cache
content-length: 21
date: Thu, 25 Jun 2020 12:50:15 GMT

15:50:15.983 [AsyncHttpClient-3-1] DEBUG o.a.netty.channel.ChannelManager - Adding key: http://localhost:10889 for channel [id: 0x7c68b8df, L:/127.0.0.1:64390 - R:localhost/127.0.0.1:10889]
15:50:15.983 [Forwarding findChildElement on session 14f61660-7bcc-4279-b6a3-7163a94e0626 to remote] DEBUG o.a.netty.request.NettyRequestSender - Using pooled Channel '[id: 0x7c68b8df, L:/127.0.0.1:64390 - R:localhost/127.0.0.1:10889]' for 'POST' to 'http://localhost:10889/session/14f61660-7bcc-4279-b6a3-7163a94e0626/element/be98c677-d7bb-49eb-8144-f7922a9d25b1/element'
15:50:15.984 [Forwarding findChildElement on session 14f61660-7bcc-4279-b6a3-7163a94e0626 to remote] DEBUG o.a.netty.request.NettyRequestSender - Using open Channel [id: 0x7c68b8df, L:/127.0.0.1:64390 - R:localhost/127.0.0.1:10889] for POST '/session/14f61660-7bcc-4279-b6a3-7163a94e0626/element/be98c677-d7bb-49eb-8144-f7922a9d25b1/element'
15:50:15.989 [AsyncHttpClient-3-1] DEBUG o.a.netty.handler.HttpHandler - 

Request DefaultHttpRequest(decodeResult: success, version: HTTP/1.1)
POST /session/14f61660-7bcc-4279-b6a3-7163a94e0626/element/be98c677-d7bb-49eb-8144-f7922a9d25b1/element HTTP/1.1
User-Agent: selenium/4.0.0-alpha-5 (java windows)
Content-Length: 103
Content-Type: application/json; charset=utf-8
host: localhost:10889
accept: */*

Response DefaultHttpResponse(decodeResult: success, version: HTTP/1.1)
HTTP/1.1 200 OK
content-type: application/json; charset=utf-8
cache-control: no-cache
content-length: 88
date: Thu, 25 Jun 2020 12:50:15 GMT

15:50:15.989 [AsyncHttpClient-3-1] DEBUG o.a.netty.channel.ChannelManager - Adding key: http://localhost:10889 for channel [id: 0x7c68b8df, L:/127.0.0.1:64390 - R:localhost/127.0.0.1:10889]
15:50:15.990 [Forwarding getElementText on session 14f61660-7bcc-4279-b6a3-7163a94e0626 to remote] DEBUG o.a.netty.request.NettyRequestSender - Using pooled Channel '[id: 0x7c68b8df, L:/127.0.0.1:64390 - R:localhost/127.0.0.1:10889]' for 'GET' to 'http://localhost:10889/session/14f61660-7bcc-4279-b6a3-7163a94e0626/element/d1b5a199-175f-4b59-b50a-cf7555943b2a/text'
15:50:15.990 [Forwarding getElementText on session 14f61660-7bcc-4279-b6a3-7163a94e0626 to remote] DEBUG o.a.netty.request.NettyRequestSender - Using open Channel [id: 0x7c68b8df, L:/127.0.0.1:64390 - R:localhost/127.0.0.1:10889] for GET '/session/14f61660-7bcc-4279-b6a3-7163a94e0626/element/d1b5a199-175f-4b59-b50a-cf7555943b2a/text'
15:50:15.994 [AsyncHttpClient-3-1] DEBUG o.a.netty.handler.HttpHandler - 

Request DefaultFullHttpRequest(decodeResult: success, version: HTTP/1.1, content: EmptyByteBufBE)
GET /session/14f61660-7bcc-4279-b6a3-7163a94e0626/element/d1b5a199-175f-4b59-b50a-cf7555943b2a/text HTTP/1.1
User-Agent: selenium/4.0.0-alpha-5 (java windows)
Cache-Control: no-cache
host: localhost:10889
accept: */*

Response DefaultHttpResponse(decodeResult: success, version: HTTP/1.1)
HTTP/1.1 200 OK
content-type: application/json; charset=utf-8
cache-control: no-cache
content-length: 45
date: Thu, 25 Jun 2020 12:50:15 GMT

15:50:15.995 [AsyncHttpClient-3-1] DEBUG o.a.netty.channel.ChannelManager - Adding key: http://localhost:10889 for channel [id: 0x7c68b8df, L:/127.0.0.1:64390 - R:localhost/127.0.0.1:10889]
15:50:15.995 [Forwarding findChildElement on session 14f61660-7bcc-4279-b6a3-7163a94e0626 to remote] DEBUG o.a.netty.request.NettyRequestSender - Using pooled Channel '[id: 0x7c68b8df, L:/127.0.0.1:64390 - R:localhost/127.0.0.1:10889]' for 'POST' to 'http://localhost:10889/session/14f61660-7bcc-4279-b6a3-7163a94e0626/element/be98c677-d7bb-49eb-8144-f7922a9d25b1/element'
15:50:15.995 [Forwarding findChildElement on session 14f61660-7bcc-4279-b6a3-7163a94e0626 to remote] DEBUG o.a.netty.request.NettyRequestSender - Using open Channel [id: 0x7c68b8df, L:/127.0.0.1:64390 - R:localhost/127.0.0.1:10889] for POST '/session/14f61660-7bcc-4279-b6a3-7163a94e0626/element/be98c677-d7bb-49eb-8144-f7922a9d25b1/element'
15:50:15.998 [AsyncHttpClient-3-1] DEBUG o.a.netty.handler.HttpHandler - 

Request DefaultHttpRequest(decodeResult: success, version: HTTP/1.1)
POST /session/14f61660-7bcc-4279-b6a3-7163a94e0626/element/be98c677-d7bb-49eb-8144-f7922a9d25b1/element HTTP/1.1
User-Agent: selenium/4.0.0-alpha-5 (java windows)
Content-Length: 103
Content-Type: application/json; charset=utf-8
host: localhost:10889
accept: */*

Response DefaultHttpResponse(decodeResult: success, version: HTTP/1.1)
HTTP/1.1 200 OK
content-type: application/json; charset=utf-8
cache-control: no-cache
content-length: 88
date: Thu, 25 Jun 2020 12:50:15 GMT

15:50:15.999 [AsyncHttpClient-3-1] DEBUG o.a.netty.channel.ChannelManager - Adding key: http://localhost:10889 for channel [id: 0x7c68b8df, L:/127.0.0.1:64390 - R:localhost/127.0.0.1:10889]
15:50:15.999 [Forwarding getElementText on session 14f61660-7bcc-4279-b6a3-7163a94e0626 to remote] DEBUG o.a.netty.request.NettyRequestSender - Using pooled Channel '[id: 0x7c68b8df, L:/127.0.0.1:64390 - R:localhost/127.0.0.1:10889]' for 'GET' to 'http://localhost:10889/session/14f61660-7bcc-4279-b6a3-7163a94e0626/element/8f1bf398-169a-4f21-ba3c-c5d01fb54083/text'
15:50:15.999 [Forwarding getElementText on session 14f61660-7bcc-4279-b6a3-7163a94e0626 to remote] DEBUG o.a.netty.request.NettyRequestSender - Using open Channel [id: 0x7c68b8df, L:/127.0.0.1:64390 - R:localhost/127.0.0.1:10889] for GET '/session/14f61660-7bcc-4279-b6a3-7163a94e0626/element/8f1bf398-169a-4f21-ba3c-c5d01fb54083/text'
15:50:16.007 [AsyncHttpClient-3-1] DEBUG o.a.netty.handler.HttpHandler - 

Request DefaultFullHttpRequest(decodeResult: success, version: HTTP/1.1, content: EmptyByteBufBE)
GET /session/14f61660-7bcc-4279-b6a3-7163a94e0626/element/8f1bf398-169a-4f21-ba3c-c5d01fb54083/text HTTP/1.1
User-Agent: selenium/4.0.0-alpha-5 (java windows)
Cache-Control: no-cache
host: localhost:10889
accept: */*

Response DefaultHttpResponse(decodeResult: success, version: HTTP/1.1)
HTTP/1.1 200 OK
content-type: application/json; charset=utf-8
cache-control: no-cache
content-length: 57
date: Thu, 25 Jun 2020 12:50:15 GMT

15:50:16.007 [AsyncHttpClient-3-1] DEBUG o.a.netty.channel.ChannelManager - Adding key: http://localhost:10889 for channel [id: 0x7c68b8df, L:/127.0.0.1:64390 - R:localhost/127.0.0.1:10889]
15:50:16.007 [Forwarding findChildElement on session 14f61660-7bcc-4279-b6a3-7163a94e0626 to remote] DEBUG o.a.netty.request.NettyRequestSender - Using pooled Channel '[id: 0x7c68b8df, L:/127.0.0.1:64390 - R:localhost/127.0.0.1:10889]' for 'POST' to 'http://localhost:10889/session/14f61660-7bcc-4279-b6a3-7163a94e0626/element/be98c677-d7bb-49eb-8144-f7922a9d25b1/element'
15:50:16.007 [Forwarding findChildElement on session 14f61660-7bcc-4279-b6a3-7163a94e0626 to remote] DEBUG o.a.netty.request.NettyRequestSender - Using open Channel [id: 0x7c68b8df, L:/127.0.0.1:64390 - R:localhost/127.0.0.1:10889] for POST '/session/14f61660-7bcc-4279-b6a3-7163a94e0626/element/be98c677-d7bb-49eb-8144-f7922a9d25b1/element'
15:50:16.011 [AsyncHttpClient-3-1] DEBUG o.a.netty.handler.HttpHandler - 

Request DefaultHttpRequest(decodeResult: success, version: HTTP/1.1)
POST /session/14f61660-7bcc-4279-b6a3-7163a94e0626/element/be98c677-d7bb-49eb-8144-f7922a9d25b1/element HTTP/1.1
User-Agent: selenium/4.0.0-alpha-5 (java windows)
Content-Length: 97
Content-Type: application/json; charset=utf-8
host: localhost:10889
accept: */*

Response DefaultHttpResponse(decodeResult: success, version: HTTP/1.1)
HTTP/1.1 200 OK
content-type: application/json; charset=utf-8
cache-control: no-cache
content-length: 88
date: Thu, 25 Jun 2020 12:50:16 GMT

15:50:16.011 [AsyncHttpClient-3-1] DEBUG o.a.netty.channel.ChannelManager - Adding key: http://localhost:10889 for channel [id: 0x7c68b8df, L:/127.0.0.1:64390 - R:localhost/127.0.0.1:10889]
15:50:16.014 [Forwarding getElementAttribute on session 14f61660-7bcc-4279-b6a3-7163a94e0626 to remote] DEBUG o.a.netty.request.NettyRequestSender - Using pooled Channel '[id: 0x7c68b8df, L:/127.0.0.1:64390 - R:localhost/127.0.0.1:10889]' for 'POST' to 'http://localhost:10889/session/14f61660-7bcc-4279-b6a3-7163a94e0626/execute/sync'
15:50:16.014 [Forwarding getElementAttribute on session 14f61660-7bcc-4279-b6a3-7163a94e0626 to remote] DEBUG o.a.netty.request.NettyRequestSender - Using open Channel [id: 0x7c68b8df, L:/127.0.0.1:64390 - R:localhost/127.0.0.1:10889] for POST '/session/14f61660-7bcc-4279-b6a3-7163a94e0626/execute/sync'
15:50:16.027 [AsyncHttpClient-3-1] DEBUG o.a.netty.handler.HttpHandler - 

Request DefaultHttpRequest(decodeResult: success, version: HTTP/1.1)
POST /session/14f61660-7bcc-4279-b6a3-7163a94e0626/execute/sync HTTP/1.1
User-Agent: selenium/4.0.0-alpha-5 (java windows)
Content-Length: 39635
Content-Type: application/json; charset=utf-8
host: localhost:10889
accept: */*

Response DefaultHttpResponse(decodeResult: success, version: HTTP/1.1)
HTTP/1.1 200 OK
content-type: application/json; charset=utf-8
cache-control: no-cache
content-length: 15
date: Thu, 25 Jun 2020 12:50:16 GMT

15:50:16.027 [AsyncHttpClient-3-1] DEBUG o.a.netty.channel.ChannelManager - Adding key: http://localhost:10889 for channel [id: 0x7c68b8df, L:/127.0.0.1:64390 - R:localhost/127.0.0.1:10889]
15:50:16.027 [Forwarding findChildElement on session 14f61660-7bcc-4279-b6a3-7163a94e0626 to remote] DEBUG o.a.netty.request.NettyRequestSender - Using pooled Channel '[id: 0x7c68b8df, L:/127.0.0.1:64390 - R:localhost/127.0.0.1:10889]' for 'POST' to 'http://localhost:10889/session/14f61660-7bcc-4279-b6a3-7163a94e0626/element/b5a584d6-07be-46d5-8fde-6893a04916e6/element'
15:50:16.027 [Forwarding findChildElement on session 14f61660-7bcc-4279-b6a3-7163a94e0626 to remote] DEBUG o.a.netty.request.NettyRequestSender - Using open Channel [id: 0x7c68b8df, L:/127.0.0.1:64390 - R:localhost/127.0.0.1:10889] for POST '/session/14f61660-7bcc-4279-b6a3-7163a94e0626/element/b5a584d6-07be-46d5-8fde-6893a04916e6/element'
15:50:16.031 [AsyncHttpClient-3-1] DEBUG o.a.netty.handler.HttpHandler - 

Request DefaultHttpRequest(decodeResult: success, version: HTTP/1.1)
POST /session/14f61660-7bcc-4279-b6a3-7163a94e0626/element/b5a584d6-07be-46d5-8fde-6893a04916e6/element HTTP/1.1
User-Agent: selenium/4.0.0-alpha-5 (java windows)
Content-Length: 103
Content-Type: application/json; charset=utf-8
host: localhost:10889
accept: */*

Response DefaultHttpResponse(decodeResult: success, version: HTTP/1.1)
HTTP/1.1 200 OK
content-type: application/json; charset=utf-8
cache-control: no-cache
content-length: 88
date: Thu, 25 Jun 2020 12:50:16 GMT

15:50:16.031 [AsyncHttpClient-3-1] DEBUG o.a.netty.channel.ChannelManager - Adding key: http://localhost:10889 for channel [id: 0x7c68b8df, L:/127.0.0.1:64390 - R:localhost/127.0.0.1:10889]
15:50:16.031 [Forwarding getElementText on session 14f61660-7bcc-4279-b6a3-7163a94e0626 to remote] DEBUG o.a.netty.request.NettyRequestSender - Using pooled Channel '[id: 0x7c68b8df, L:/127.0.0.1:64390 - R:localhost/127.0.0.1:10889]' for 'GET' to 'http://localhost:10889/session/14f61660-7bcc-4279-b6a3-7163a94e0626/element/e469b0bc-6d54-4690-99f4-bd2d5e7229ab/text'
15:50:16.031 [Forwarding getElementText on session 14f61660-7bcc-4279-b6a3-7163a94e0626 to remote] DEBUG o.a.netty.request.NettyRequestSender - Using open Channel [id: 0x7c68b8df, L:/127.0.0.1:64390 - R:localhost/127.0.0.1:10889] for GET '/session/14f61660-7bcc-4279-b6a3-7163a94e0626/element/e469b0bc-6d54-4690-99f4-bd2d5e7229ab/text'
15:50:16.035 [AsyncHttpClient-3-1] DEBUG o.a.netty.handler.HttpHandler - 

Request DefaultFullHttpRequest(decodeResult: success, version: HTTP/1.1, content: EmptyByteBufBE)
GET /session/14f61660-7bcc-4279-b6a3-7163a94e0626/element/e469b0bc-6d54-4690-99f4-bd2d5e7229ab/text HTTP/1.1
User-Agent: selenium/4.0.0-alpha-5 (java windows)
Cache-Control: no-cache
host: localhost:10889
accept: */*

Response DefaultHttpResponse(decodeResult: success, version: HTTP/1.1)
HTTP/1.1 200 OK
content-type: application/json; charset=utf-8
cache-control: no-cache
content-length: 18
date: Thu, 25 Jun 2020 12:50:16 GMT

15:50:16.035 [AsyncHttpClient-3-1] DEBUG o.a.netty.channel.ChannelManager - Adding key: http://localhost:10889 for channel [id: 0x7c68b8df, L:/127.0.0.1:64390 - R:localhost/127.0.0.1:10889]
15:50:16.036 [Forwarding findChildElement on session 14f61660-7bcc-4279-b6a3-7163a94e0626 to remote] DEBUG o.a.netty.request.NettyRequestSender - Using pooled Channel '[id: 0x7c68b8df, L:/127.0.0.1:64390 - R:localhost/127.0.0.1:10889]' for 'POST' to 'http://localhost:10889/session/14f61660-7bcc-4279-b6a3-7163a94e0626/element/b5a584d6-07be-46d5-8fde-6893a04916e6/element'
15:50:16.036 [Forwarding findChildElement on session 14f61660-7bcc-4279-b6a3-7163a94e0626 to remote] DEBUG o.a.netty.request.NettyRequestSender - Using open Channel [id: 0x7c68b8df, L:/127.0.0.1:64390 - R:localhost/127.0.0.1:10889] for POST '/session/14f61660-7bcc-4279-b6a3-7163a94e0626/element/b5a584d6-07be-46d5-8fde-6893a04916e6/element'
15:50:16.039 [AsyncHttpClient-3-1] DEBUG o.a.netty.handler.HttpHandler - 

Request DefaultHttpRequest(decodeResult: success, version: HTTP/1.1)
POST /session/14f61660-7bcc-4279-b6a3-7163a94e0626/element/b5a584d6-07be-46d5-8fde-6893a04916e6/element HTTP/1.1
User-Agent: selenium/4.0.0-alpha-5 (java windows)
Content-Length: 103
Content-Type: application/json; charset=utf-8
host: localhost:10889
accept: */*

Response DefaultHttpResponse(decodeResult: success, version: HTTP/1.1)
HTTP/1.1 200 OK
content-type: application/json; charset=utf-8
cache-control: no-cache
content-length: 88
date: Thu, 25 Jun 2020 12:50:16 GMT

15:50:16.039 [AsyncHttpClient-3-1] DEBUG o.a.netty.channel.ChannelManager - Adding key: http://localhost:10889 for channel [id: 0x7c68b8df, L:/127.0.0.1:64390 - R:localhost/127.0.0.1:10889]
15:50:16.040 [Forwarding getElementText on session 14f61660-7bcc-4279-b6a3-7163a94e0626 to remote] DEBUG o.a.netty.request.NettyRequestSender - Using pooled Channel '[id: 0x7c68b8df, L:/127.0.0.1:64390 - R:localhost/127.0.0.1:10889]' for 'GET' to 'http://localhost:10889/session/14f61660-7bcc-4279-b6a3-7163a94e0626/element/600ba691-1fec-4b32-a7b7-98075177bdbe/text'
15:50:16.040 [Forwarding getElementText on session 14f61660-7bcc-4279-b6a3-7163a94e0626 to remote] DEBUG o.a.netty.request.NettyRequestSender - Using open Channel [id: 0x7c68b8df, L:/127.0.0.1:64390 - R:localhost/127.0.0.1:10889] for GET '/session/14f61660-7bcc-4279-b6a3-7163a94e0626/element/600ba691-1fec-4b32-a7b7-98075177bdbe/text'
15:50:16.045 [AsyncHttpClient-3-1] DEBUG o.a.netty.handler.HttpHandler - 

Request DefaultFullHttpRequest(decodeResult: success, version: HTTP/1.1, content: EmptyByteBufBE)
GET /session/14f61660-7bcc-4279-b6a3-7163a94e0626/element/600ba691-1fec-4b32-a7b7-98075177bdbe/text HTTP/1.1
User-Agent: selenium/4.0.0-alpha-5 (java windows)
Cache-Control: no-cache
host: localhost:10889
accept: */*

Response DefaultHttpResponse(decodeResult: success, version: HTTP/1.1)
HTTP/1.1 200 OK
content-type: application/json; charset=utf-8
cache-control: no-cache
content-length: 22
date: Thu, 25 Jun 2020 12:50:16 GMT

15:50:16.045 [AsyncHttpClient-3-1] DEBUG o.a.netty.channel.ChannelManager - Adding key: http://localhost:10889 for channel [id: 0x7c68b8df, L:/127.0.0.1:64390 - R:localhost/127.0.0.1:10889]
15:50:16.045 [Forwarding findChildElement on session 14f61660-7bcc-4279-b6a3-7163a94e0626 to remote] DEBUG o.a.netty.request.NettyRequestSender - Using pooled Channel '[id: 0x7c68b8df, L:/127.0.0.1:64390 - R:localhost/127.0.0.1:10889]' for 'POST' to 'http://localhost:10889/session/14f61660-7bcc-4279-b6a3-7163a94e0626/element/b5a584d6-07be-46d5-8fde-6893a04916e6/element'
15:50:16.045 [Forwarding findChildElement on session 14f61660-7bcc-4279-b6a3-7163a94e0626 to remote] DEBUG o.a.netty.request.NettyRequestSender - Using open Channel [id: 0x7c68b8df, L:/127.0.0.1:64390 - R:localhost/127.0.0.1:10889] for POST '/session/14f61660-7bcc-4279-b6a3-7163a94e0626/element/b5a584d6-07be-46d5-8fde-6893a04916e6/element'
15:50:16.049 [AsyncHttpClient-3-1] DEBUG o.a.netty.handler.HttpHandler - 

Request DefaultHttpRequest(decodeResult: success, version: HTTP/1.1)
POST /session/14f61660-7bcc-4279-b6a3-7163a94e0626/element/b5a584d6-07be-46d5-8fde-6893a04916e6/element HTTP/1.1
User-Agent: selenium/4.0.0-alpha-5 (java windows)
Content-Length: 103
Content-Type: application/json; charset=utf-8
host: localhost:10889
accept: */*

Response DefaultHttpResponse(decodeResult: success, version: HTTP/1.1)
HTTP/1.1 200 OK
content-type: application/json; charset=utf-8
cache-control: no-cache
content-length: 88
date: Thu, 25 Jun 2020 12:50:16 GMT

15:50:16.049 [AsyncHttpClient-3-1] DEBUG o.a.netty.channel.ChannelManager - Adding key: http://localhost:10889 for channel [id: 0x7c68b8df, L:/127.0.0.1:64390 - R:localhost/127.0.0.1:10889]
15:50:16.049 [Forwarding getElementText on session 14f61660-7bcc-4279-b6a3-7163a94e0626 to remote] DEBUG o.a.netty.request.NettyRequestSender - Using pooled Channel '[id: 0x7c68b8df, L:/127.0.0.1:64390 - R:localhost/127.0.0.1:10889]' for 'GET' to 'http://localhost:10889/session/14f61660-7bcc-4279-b6a3-7163a94e0626/element/13972203-e626-4ed8-8d6b-518d44577a7e/text'
15:50:16.049 [Forwarding getElementText on session 14f61660-7bcc-4279-b6a3-7163a94e0626 to remote] DEBUG o.a.netty.request.NettyRequestSender - Using open Channel [id: 0x7c68b8df, L:/127.0.0.1:64390 - R:localhost/127.0.0.1:10889] for GET '/session/14f61660-7bcc-4279-b6a3-7163a94e0626/element/13972203-e626-4ed8-8d6b-518d44577a7e/text'
15:50:16.053 [AsyncHttpClient-3-1] DEBUG o.a.netty.handler.HttpHandler - 

Request DefaultFullHttpRequest(decodeResult: success, version: HTTP/1.1, content: EmptyByteBufBE)
GET /session/14f61660-7bcc-4279-b6a3-7163a94e0626/element/13972203-e626-4ed8-8d6b-518d44577a7e/text HTTP/1.1
User-Agent: selenium/4.0.0-alpha-5 (java windows)
Cache-Control: no-cache
host: localhost:10889
accept: */*

Response DefaultHttpResponse(decodeResult: success, version: HTTP/1.1)
HTTP/1.1 200 OK
content-type: application/json; charset=utf-8
cache-control: no-cache
content-length: 21
date: Thu, 25 Jun 2020 12:50:16 GMT

15:50:16.054 [AsyncHttpClient-3-1] DEBUG o.a.netty.channel.ChannelManager - Adding key: http://localhost:10889 for channel [id: 0x7c68b8df, L:/127.0.0.1:64390 - R:localhost/127.0.0.1:10889]
15:50:16.054 [Forwarding findChildElement on session 14f61660-7bcc-4279-b6a3-7163a94e0626 to remote] DEBUG o.a.netty.request.NettyRequestSender - Using pooled Channel '[id: 0x7c68b8df, L:/127.0.0.1:64390 - R:localhost/127.0.0.1:10889]' for 'POST' to 'http://localhost:10889/session/14f61660-7bcc-4279-b6a3-7163a94e0626/element/b5a584d6-07be-46d5-8fde-6893a04916e6/element'
15:50:16.054 [Forwarding findChildElement on session 14f61660-7bcc-4279-b6a3-7163a94e0626 to remote] DEBUG o.a.netty.request.NettyRequestSender - Using open Channel [id: 0x7c68b8df, L:/127.0.0.1:64390 - R:localhost/127.0.0.1:10889] for POST '/session/14f61660-7bcc-4279-b6a3-7163a94e0626/element/b5a584d6-07be-46d5-8fde-6893a04916e6/element'
15:50:16.058 [AsyncHttpClient-3-1] DEBUG o.a.netty.handler.HttpHandler - 

Request DefaultHttpRequest(decodeResult: success, version: HTTP/1.1)
POST /session/14f61660-7bcc-4279-b6a3-7163a94e0626/element/b5a584d6-07be-46d5-8fde-6893a04916e6/element HTTP/1.1
User-Agent: selenium/4.0.0-alpha-5 (java windows)
Content-Length: 103
Content-Type: application/json; charset=utf-8
host: localhost:10889
accept: */*

Response DefaultHttpResponse(decodeResult: success, version: HTTP/1.1)
HTTP/1.1 200 OK
content-type: application/json; charset=utf-8
cache-control: no-cache
content-length: 88
date: Thu, 25 Jun 2020 12:50:16 GMT

15:50:16.058 [AsyncHttpClient-3-1] DEBUG o.a.netty.channel.ChannelManager - Adding key: http://localhost:10889 for channel [id: 0x7c68b8df, L:/127.0.0.1:64390 - R:localhost/127.0.0.1:10889]
15:50:16.058 [Forwarding getElementText on session 14f61660-7bcc-4279-b6a3-7163a94e0626 to remote] DEBUG o.a.netty.request.NettyRequestSender - Using pooled Channel '[id: 0x7c68b8df, L:/127.0.0.1:64390 - R:localhost/127.0.0.1:10889]' for 'GET' to 'http://localhost:10889/session/14f61660-7bcc-4279-b6a3-7163a94e0626/element/945ad410-c79d-4a1c-bdb7-37f45f451365/text'
15:50:16.058 [Forwarding getElementText on session 14f61660-7bcc-4279-b6a3-7163a94e0626 to remote] DEBUG o.a.netty.request.NettyRequestSender - Using open Channel [id: 0x7c68b8df, L:/127.0.0.1:64390 - R:localhost/127.0.0.1:10889] for GET '/session/14f61660-7bcc-4279-b6a3-7163a94e0626/element/945ad410-c79d-4a1c-bdb7-37f45f451365/text'
15:50:16.062 [AsyncHttpClient-3-1] DEBUG o.a.netty.handler.HttpHandler - 

Request DefaultFullHttpRequest(decodeResult: success, version: HTTP/1.1, content: EmptyByteBufBE)
GET /session/14f61660-7bcc-4279-b6a3-7163a94e0626/element/945ad410-c79d-4a1c-bdb7-37f45f451365/text HTTP/1.1
User-Agent: selenium/4.0.0-alpha-5 (java windows)
Cache-Control: no-cache
host: localhost:10889
accept: */*

Response DefaultHttpResponse(decodeResult: success, version: HTTP/1.1)
HTTP/1.1 200 OK
content-type: application/json; charset=utf-8
cache-control: no-cache
content-length: 45
date: Thu, 25 Jun 2020 12:50:16 GMT

15:50:16.063 [AsyncHttpClient-3-1] DEBUG o.a.netty.channel.ChannelManager - Adding key: http://localhost:10889 for channel [id: 0x7c68b8df, L:/127.0.0.1:64390 - R:localhost/127.0.0.1:10889]
15:50:16.063 [Forwarding findChildElement on session 14f61660-7bcc-4279-b6a3-7163a94e0626 to remote] DEBUG o.a.netty.request.NettyRequestSender - Using pooled Channel '[id: 0x7c68b8df, L:/127.0.0.1:64390 - R:localhost/127.0.0.1:10889]' for 'POST' to 'http://localhost:10889/session/14f61660-7bcc-4279-b6a3-7163a94e0626/element/b5a584d6-07be-46d5-8fde-6893a04916e6/element'
15:50:16.063 [Forwarding findChildElement on session 14f61660-7bcc-4279-b6a3-7163a94e0626 to remote] DEBUG o.a.netty.request.NettyRequestSender - Using open Channel [id: 0x7c68b8df, L:/127.0.0.1:64390 - R:localhost/127.0.0.1:10889] for POST '/session/14f61660-7bcc-4279-b6a3-7163a94e0626/element/b5a584d6-07be-46d5-8fde-6893a04916e6/element'
15:50:16.066 [AsyncHttpClient-3-1] DEBUG o.a.netty.handler.HttpHandler - 

Request DefaultHttpRequest(decodeResult: success, version: HTTP/1.1)
POST /session/14f61660-7bcc-4279-b6a3-7163a94e0626/element/b5a584d6-07be-46d5-8fde-6893a04916e6/element HTTP/1.1
User-Agent: selenium/4.0.0-alpha-5 (java windows)
Content-Length: 103
Content-Type: application/json; charset=utf-8
host: localhost:10889
accept: */*

Response DefaultHttpResponse(decodeResult: success, version: HTTP/1.1)
HTTP/1.1 200 OK
content-type: application/json; charset=utf-8
cache-control: no-cache
content-length: 88
date: Thu, 25 Jun 2020 12:50:16 GMT

15:50:16.066 [AsyncHttpClient-3-1] DEBUG o.a.netty.channel.ChannelManager - Adding key: http://localhost:10889 for channel [id: 0x7c68b8df, L:/127.0.0.1:64390 - R:localhost/127.0.0.1:10889]
15:50:16.067 [Forwarding getElementText on session 14f61660-7bcc-4279-b6a3-7163a94e0626 to remote] DEBUG o.a.netty.request.NettyRequestSender - Using pooled Channel '[id: 0x7c68b8df, L:/127.0.0.1:64390 - R:localhost/127.0.0.1:10889]' for 'GET' to 'http://localhost:10889/session/14f61660-7bcc-4279-b6a3-7163a94e0626/element/b1b3d751-58f0-4224-b37a-c0bbc304913c/text'
15:50:16.067 [Forwarding getElementText on session 14f61660-7bcc-4279-b6a3-7163a94e0626 to remote] DEBUG o.a.netty.request.NettyRequestSender - Using open Channel [id: 0x7c68b8df, L:/127.0.0.1:64390 - R:localhost/127.0.0.1:10889] for GET '/session/14f61660-7bcc-4279-b6a3-7163a94e0626/element/b1b3d751-58f0-4224-b37a-c0bbc304913c/text'
15:50:16.074 [AsyncHttpClient-3-1] DEBUG o.a.netty.handler.HttpHandler - 

Request DefaultFullHttpRequest(decodeResult: success, version: HTTP/1.1, content: EmptyByteBufBE)
GET /session/14f61660-7bcc-4279-b6a3-7163a94e0626/element/b1b3d751-58f0-4224-b37a-c0bbc304913c/text HTTP/1.1
User-Agent: selenium/4.0.0-alpha-5 (java windows)
Cache-Control: no-cache
host: localhost:10889
accept: */*

Response DefaultHttpResponse(decodeResult: success, version: HTTP/1.1)
HTTP/1.1 200 OK
content-type: application/json; charset=utf-8
cache-control: no-cache
content-length: 57
date: Thu, 25 Jun 2020 12:50:16 GMT

15:50:16.074 [AsyncHttpClient-3-1] DEBUG o.a.netty.channel.ChannelManager - Adding key: http://localhost:10889 for channel [id: 0x7c68b8df, L:/127.0.0.1:64390 - R:localhost/127.0.0.1:10889]
15:50:16.074 [Forwarding findChildElement on session 14f61660-7bcc-4279-b6a3-7163a94e0626 to remote] DEBUG o.a.netty.request.NettyRequestSender - Using pooled Channel '[id: 0x7c68b8df, L:/127.0.0.1:64390 - R:localhost/127.0.0.1:10889]' for 'POST' to 'http://localhost:10889/session/14f61660-7bcc-4279-b6a3-7163a94e0626/element/b5a584d6-07be-46d5-8fde-6893a04916e6/element'
15:50:16.074 [Forwarding findChildElement on session 14f61660-7bcc-4279-b6a3-7163a94e0626 to remote] DEBUG o.a.netty.request.NettyRequestSender - Using open Channel [id: 0x7c68b8df, L:/127.0.0.1:64390 - R:localhost/127.0.0.1:10889] for POST '/session/14f61660-7bcc-4279-b6a3-7163a94e0626/element/b5a584d6-07be-46d5-8fde-6893a04916e6/element'
15:50:16.078 [AsyncHttpClient-3-1] DEBUG o.a.netty.handler.HttpHandler - 

Request DefaultHttpRequest(decodeResult: success, version: HTTP/1.1)
POST /session/14f61660-7bcc-4279-b6a3-7163a94e0626/element/b5a584d6-07be-46d5-8fde-6893a04916e6/element HTTP/1.1
User-Agent: selenium/4.0.0-alpha-5 (java windows)
Content-Length: 97
Content-Type: application/json; charset=utf-8
host: localhost:10889
accept: */*

Response DefaultHttpResponse(decodeResult: success, version: HTTP/1.1)
HTTP/1.1 200 OK
content-type: application/json; charset=utf-8
cache-control: no-cache
content-length: 88
date: Thu, 25 Jun 2020 12:50:16 GMT

15:50:16.078 [AsyncHttpClient-3-1] DEBUG o.a.netty.channel.ChannelManager - Adding key: http://localhost:10889 for channel [id: 0x7c68b8df, L:/127.0.0.1:64390 - R:localhost/127.0.0.1:10889]
15:50:16.081 [Forwarding getElementAttribute on session 14f61660-7bcc-4279-b6a3-7163a94e0626 to remote] DEBUG o.a.netty.request.NettyRequestSender - Using pooled Channel '[id: 0x7c68b8df, L:/127.0.0.1:64390 - R:localhost/127.0.0.1:10889]' for 'POST' to 'http://localhost:10889/session/14f61660-7bcc-4279-b6a3-7163a94e0626/execute/sync'
15:50:16.081 [Forwarding getElementAttribute on session 14f61660-7bcc-4279-b6a3-7163a94e0626 to remote] DEBUG o.a.netty.request.NettyRequestSender - Using open Channel [id: 0x7c68b8df, L:/127.0.0.1:64390 - R:localhost/127.0.0.1:10889] for POST '/session/14f61660-7bcc-4279-b6a3-7163a94e0626/execute/sync'
15:50:16.093 [AsyncHttpClient-3-1] DEBUG o.a.netty.handler.HttpHandler - 

Request DefaultHttpRequest(decodeResult: success, version: HTTP/1.1)
POST /session/14f61660-7bcc-4279-b6a3-7163a94e0626/execute/sync HTTP/1.1
User-Agent: selenium/4.0.0-alpha-5 (java windows)
Content-Length: 39635
Content-Type: application/json; charset=utf-8
host: localhost:10889
accept: */*

Response DefaultHttpResponse(decodeResult: success, version: HTTP/1.1)
HTTP/1.1 200 OK
content-type: application/json; charset=utf-8
cache-control: no-cache
content-length: 15
date: Thu, 25 Jun 2020 12:50:16 GMT

15:50:16.093 [AsyncHttpClient-3-1] DEBUG o.a.netty.channel.ChannelManager - Adding key: http://localhost:10889 for channel [id: 0x7c68b8df, L:/127.0.0.1:64390 - R:localhost/127.0.0.1:10889]
15:50:16.093 [Forwarding findChildElement on session 14f61660-7bcc-4279-b6a3-7163a94e0626 to remote] DEBUG o.a.netty.request.NettyRequestSender - Using pooled Channel '[id: 0x7c68b8df, L:/127.0.0.1:64390 - R:localhost/127.0.0.1:10889]' for 'POST' to 'http://localhost:10889/session/14f61660-7bcc-4279-b6a3-7163a94e0626/element/fc379bf7-be66-402a-b1ad-2f39f248c370/element'
15:50:16.093 [Forwarding findChildElement on session 14f61660-7bcc-4279-b6a3-7163a94e0626 to remote] DEBUG o.a.netty.request.NettyRequestSender - Using open Channel [id: 0x7c68b8df, L:/127.0.0.1:64390 - R:localhost/127.0.0.1:10889] for POST '/session/14f61660-7bcc-4279-b6a3-7163a94e0626/element/fc379bf7-be66-402a-b1ad-2f39f248c370/element'
15:50:16.096 [AsyncHttpClient-3-1] DEBUG o.a.netty.handler.HttpHandler - 

Request DefaultHttpRequest(decodeResult: success, version: HTTP/1.1)
POST /session/14f61660-7bcc-4279-b6a3-7163a94e0626/element/fc379bf7-be66-402a-b1ad-2f39f248c370/element HTTP/1.1
User-Agent: selenium/4.0.0-alpha-5 (java windows)
Content-Length: 103
Content-Type: application/json; charset=utf-8
host: localhost:10889
accept: */*

Response DefaultHttpResponse(decodeResult: success, version: HTTP/1.1)
HTTP/1.1 200 OK
content-type: application/json; charset=utf-8
cache-control: no-cache
content-length: 88
date: Thu, 25 Jun 2020 12:50:16 GMT

15:50:16.096 [AsyncHttpClient-3-1] DEBUG o.a.netty.channel.ChannelManager - Adding key: http://localhost:10889 for channel [id: 0x7c68b8df, L:/127.0.0.1:64390 - R:localhost/127.0.0.1:10889]
15:50:16.097 [Forwarding getElementText on session 14f61660-7bcc-4279-b6a3-7163a94e0626 to remote] DEBUG o.a.netty.request.NettyRequestSender - Using pooled Channel '[id: 0x7c68b8df, L:/127.0.0.1:64390 - R:localhost/127.0.0.1:10889]' for 'GET' to 'http://localhost:10889/session/14f61660-7bcc-4279-b6a3-7163a94e0626/element/23980e52-5371-448d-b8cf-2d97b695db14/text'
15:50:16.097 [Forwarding getElementText on session 14f61660-7bcc-4279-b6a3-7163a94e0626 to remote] DEBUG o.a.netty.request.NettyRequestSender - Using open Channel [id: 0x7c68b8df, L:/127.0.0.1:64390 - R:localhost/127.0.0.1:10889] for GET '/session/14f61660-7bcc-4279-b6a3-7163a94e0626/element/23980e52-5371-448d-b8cf-2d97b695db14/text'
15:50:16.101 [AsyncHttpClient-3-1] DEBUG o.a.netty.handler.HttpHandler - 

Request DefaultFullHttpRequest(decodeResult: success, version: HTTP/1.1, content: EmptyByteBufBE)
GET /session/14f61660-7bcc-4279-b6a3-7163a94e0626/element/23980e52-5371-448d-b8cf-2d97b695db14/text HTTP/1.1
User-Agent: selenium/4.0.0-alpha-5 (java windows)
Cache-Control: no-cache
host: localhost:10889
accept: */*

Response DefaultHttpResponse(decodeResult: success, version: HTTP/1.1)
HTTP/1.1 200 OK
content-type: application/json; charset=utf-8
cache-control: no-cache
content-length: 18
date: Thu, 25 Jun 2020 12:50:16 GMT

15:50:16.101 [AsyncHttpClient-3-1] DEBUG o.a.netty.channel.ChannelManager - Adding key: http://localhost:10889 for channel [id: 0x7c68b8df, L:/127.0.0.1:64390 - R:localhost/127.0.0.1:10889]
15:50:16.101 [Forwarding findChildElement on session 14f61660-7bcc-4279-b6a3-7163a94e0626 to remote] DEBUG o.a.netty.request.NettyRequestSender - Using pooled Channel '[id: 0x7c68b8df, L:/127.0.0.1:64390 - R:localhost/127.0.0.1:10889]' for 'POST' to 'http://localhost:10889/session/14f61660-7bcc-4279-b6a3-7163a94e0626/element/fc379bf7-be66-402a-b1ad-2f39f248c370/element'
15:50:16.102 [Forwarding findChildElement on session 14f61660-7bcc-4279-b6a3-7163a94e0626 to remote] DEBUG o.a.netty.request.NettyRequestSender - Using open Channel [id: 0x7c68b8df, L:/127.0.0.1:64390 - R:localhost/127.0.0.1:10889] for POST '/session/14f61660-7bcc-4279-b6a3-7163a94e0626/element/fc379bf7-be66-402a-b1ad-2f39f248c370/element'
15:50:16.105 [AsyncHttpClient-3-1] DEBUG o.a.netty.handler.HttpHandler - 

Request DefaultHttpRequest(decodeResult: success, version: HTTP/1.1)
POST /session/14f61660-7bcc-4279-b6a3-7163a94e0626/element/fc379bf7-be66-402a-b1ad-2f39f248c370/element HTTP/1.1
User-Agent: selenium/4.0.0-alpha-5 (java windows)
Content-Length: 103
Content-Type: application/json; charset=utf-8
host: localhost:10889
accept: */*

Response DefaultHttpResponse(decodeResult: success, version: HTTP/1.1)
HTTP/1.1 200 OK
content-type: application/json; charset=utf-8
cache-control: no-cache
content-length: 88
date: Thu, 25 Jun 2020 12:50:16 GMT

15:50:16.105 [AsyncHttpClient-3-1] DEBUG o.a.netty.channel.ChannelManager - Adding key: http://localhost:10889 for channel [id: 0x7c68b8df, L:/127.0.0.1:64390 - R:localhost/127.0.0.1:10889]
15:50:16.105 [Forwarding getElementText on session 14f61660-7bcc-4279-b6a3-7163a94e0626 to remote] DEBUG o.a.netty.request.NettyRequestSender - Using pooled Channel '[id: 0x7c68b8df, L:/127.0.0.1:64390 - R:localhost/127.0.0.1:10889]' for 'GET' to 'http://localhost:10889/session/14f61660-7bcc-4279-b6a3-7163a94e0626/element/069f29ac-7963-41b2-bb70-a5b0a6dfcd6f/text'
15:50:16.105 [Forwarding getElementText on session 14f61660-7bcc-4279-b6a3-7163a94e0626 to remote] DEBUG o.a.netty.request.NettyRequestSender - Using open Channel [id: 0x7c68b8df, L:/127.0.0.1:64390 - R:localhost/127.0.0.1:10889] for GET '/session/14f61660-7bcc-4279-b6a3-7163a94e0626/element/069f29ac-7963-41b2-bb70-a5b0a6dfcd6f/text'
15:50:16.110 [AsyncHttpClient-3-1] DEBUG o.a.netty.handler.HttpHandler - 

Request DefaultFullHttpRequest(decodeResult: success, version: HTTP/1.1, content: EmptyByteBufBE)
GET /session/14f61660-7bcc-4279-b6a3-7163a94e0626/element/069f29ac-7963-41b2-bb70-a5b0a6dfcd6f/text HTTP/1.1
User-Agent: selenium/4.0.0-alpha-5 (java windows)
Cache-Control: no-cache
host: localhost:10889
accept: */*

Response DefaultHttpResponse(decodeResult: success, version: HTTP/1.1)
HTTP/1.1 200 OK
content-type: application/json; charset=utf-8
cache-control: no-cache
content-length: 22
date: Thu, 25 Jun 2020 12:50:16 GMT

15:50:16.110 [AsyncHttpClient-3-1] DEBUG o.a.netty.channel.ChannelManager - Adding key: http://localhost:10889 for channel [id: 0x7c68b8df, L:/127.0.0.1:64390 - R:localhost/127.0.0.1:10889]
15:50:16.110 [Forwarding findChildElement on session 14f61660-7bcc-4279-b6a3-7163a94e0626 to remote] DEBUG o.a.netty.request.NettyRequestSender - Using pooled Channel '[id: 0x7c68b8df, L:/127.0.0.1:64390 - R:localhost/127.0.0.1:10889]' for 'POST' to 'http://localhost:10889/session/14f61660-7bcc-4279-b6a3-7163a94e0626/element/fc379bf7-be66-402a-b1ad-2f39f248c370/element'
15:50:16.110 [Forwarding findChildElement on session 14f61660-7bcc-4279-b6a3-7163a94e0626 to remote] DEBUG o.a.netty.request.NettyRequestSender - Using open Channel [id: 0x7c68b8df, L:/127.0.0.1:64390 - R:localhost/127.0.0.1:10889] for POST '/session/14f61660-7bcc-4279-b6a3-7163a94e0626/element/fc379bf7-be66-402a-b1ad-2f39f248c370/element'
15:50:16.113 [AsyncHttpClient-3-1] DEBUG o.a.netty.handler.HttpHandler - 

Request DefaultHttpRequest(decodeResult: success, version: HTTP/1.1)
POST /session/14f61660-7bcc-4279-b6a3-7163a94e0626/element/fc379bf7-be66-402a-b1ad-2f39f248c370/element HTTP/1.1
User-Agent: selenium/4.0.0-alpha-5 (java windows)
Content-Length: 103
Content-Type: application/json; charset=utf-8
host: localhost:10889
accept: */*

Response DefaultHttpResponse(decodeResult: success, version: HTTP/1.1)
HTTP/1.1 200 OK
content-type: application/json; charset=utf-8
cache-control: no-cache
content-length: 88
date: Thu, 25 Jun 2020 12:50:16 GMT

15:50:16.114 [AsyncHttpClient-3-1] DEBUG o.a.netty.channel.ChannelManager - Adding key: http://localhost:10889 for channel [id: 0x7c68b8df, L:/127.0.0.1:64390 - R:localhost/127.0.0.1:10889]
15:50:16.114 [Forwarding getElementText on session 14f61660-7bcc-4279-b6a3-7163a94e0626 to remote] DEBUG o.a.netty.request.NettyRequestSender - Using pooled Channel '[id: 0x7c68b8df, L:/127.0.0.1:64390 - R:localhost/127.0.0.1:10889]' for 'GET' to 'http://localhost:10889/session/14f61660-7bcc-4279-b6a3-7163a94e0626/element/be9eef34-5cbf-42b6-9fc1-cce625afd177/text'
15:50:16.114 [Forwarding getElementText on session 14f61660-7bcc-4279-b6a3-7163a94e0626 to remote] DEBUG o.a.netty.request.NettyRequestSender - Using open Channel [id: 0x7c68b8df, L:/127.0.0.1:64390 - R:localhost/127.0.0.1:10889] for GET '/session/14f61660-7bcc-4279-b6a3-7163a94e0626/element/be9eef34-5cbf-42b6-9fc1-cce625afd177/text'
15:50:16.122 [AsyncHttpClient-3-1] DEBUG o.a.netty.handler.HttpHandler - 

Request DefaultFullHttpRequest(decodeResult: success, version: HTTP/1.1, content: EmptyByteBufBE)
GET /session/14f61660-7bcc-4279-b6a3-7163a94e0626/element/be9eef34-5cbf-42b6-9fc1-cce625afd177/text HTTP/1.1
User-Agent: selenium/4.0.0-alpha-5 (java windows)
Cache-Control: no-cache
host: localhost:10889
accept: */*

Response DefaultHttpResponse(decodeResult: success, version: HTTP/1.1)
HTTP/1.1 200 OK
content-type: application/json; charset=utf-8
cache-control: no-cache
content-length: 21
date: Thu, 25 Jun 2020 12:50:16 GMT

15:50:16.122 [AsyncHttpClient-3-1] DEBUG o.a.netty.channel.ChannelManager - Adding key: http://localhost:10889 for channel [id: 0x7c68b8df, L:/127.0.0.1:64390 - R:localhost/127.0.0.1:10889]
15:50:16.123 [Forwarding findChildElement on session 14f61660-7bcc-4279-b6a3-7163a94e0626 to remote] DEBUG o.a.netty.request.NettyRequestSender - Using pooled Channel '[id: 0x7c68b8df, L:/127.0.0.1:64390 - R:localhost/127.0.0.1:10889]' for 'POST' to 'http://localhost:10889/session/14f61660-7bcc-4279-b6a3-7163a94e0626/element/fc379bf7-be66-402a-b1ad-2f39f248c370/element'
15:50:16.123 [Forwarding findChildElement on session 14f61660-7bcc-4279-b6a3-7163a94e0626 to remote] DEBUG o.a.netty.request.NettyRequestSender - Using open Channel [id: 0x7c68b8df, L:/127.0.0.1:64390 - R:localhost/127.0.0.1:10889] for POST '/session/14f61660-7bcc-4279-b6a3-7163a94e0626/element/fc379bf7-be66-402a-b1ad-2f39f248c370/element'
15:50:16.127 [AsyncHttpClient-3-1] DEBUG o.a.netty.handler.HttpHandler - 

Request DefaultHttpRequest(decodeResult: success, version: HTTP/1.1)
POST /session/14f61660-7bcc-4279-b6a3-7163a94e0626/element/fc379bf7-be66-402a-b1ad-2f39f248c370/element HTTP/1.1
User-Agent: selenium/4.0.0-alpha-5 (java windows)
Content-Length: 103
Content-Type: application/json; charset=utf-8
host: localhost:10889
accept: */*

Response DefaultHttpResponse(decodeResult: success, version: HTTP/1.1)
HTTP/1.1 200 OK
content-type: application/json; charset=utf-8
cache-control: no-cache
content-length: 88
date: Thu, 25 Jun 2020 12:50:16 GMT

15:50:16.127 [AsyncHttpClient-3-1] DEBUG o.a.netty.channel.ChannelManager - Adding key: http://localhost:10889 for channel [id: 0x7c68b8df, L:/127.0.0.1:64390 - R:localhost/127.0.0.1:10889]
15:50:16.127 [Forwarding getElementText on session 14f61660-7bcc-4279-b6a3-7163a94e0626 to remote] DEBUG o.a.netty.request.NettyRequestSender - Using pooled Channel '[id: 0x7c68b8df, L:/127.0.0.1:64390 - R:localhost/127.0.0.1:10889]' for 'GET' to 'http://localhost:10889/session/14f61660-7bcc-4279-b6a3-7163a94e0626/element/7bedc20a-1184-4474-9d80-20ac34bfe89f/text'
15:50:16.127 [Forwarding getElementText on session 14f61660-7bcc-4279-b6a3-7163a94e0626 to remote] DEBUG o.a.netty.request.NettyRequestSender - Using open Channel [id: 0x7c68b8df, L:/127.0.0.1:64390 - R:localhost/127.0.0.1:10889] for GET '/session/14f61660-7bcc-4279-b6a3-7163a94e0626/element/7bedc20a-1184-4474-9d80-20ac34bfe89f/text'
15:50:16.132 [AsyncHttpClient-3-1] DEBUG o.a.netty.handler.HttpHandler - 

Request DefaultFullHttpRequest(decodeResult: success, version: HTTP/1.1, content: EmptyByteBufBE)
GET /session/14f61660-7bcc-4279-b6a3-7163a94e0626/element/7bedc20a-1184-4474-9d80-20ac34bfe89f/text HTTP/1.1
User-Agent: selenium/4.0.0-alpha-5 (java windows)
Cache-Control: no-cache
host: localhost:10889
accept: */*

Response DefaultHttpResponse(decodeResult: success, version: HTTP/1.1)
HTTP/1.1 200 OK
content-type: application/json; charset=utf-8
cache-control: no-cache
content-length: 45
date: Thu, 25 Jun 2020 12:50:16 GMT

15:50:16.132 [AsyncHttpClient-3-1] DEBUG o.a.netty.channel.ChannelManager - Adding key: http://localhost:10889 for channel [id: 0x7c68b8df, L:/127.0.0.1:64390 - R:localhost/127.0.0.1:10889]
15:50:16.132 [Forwarding findChildElement on session 14f61660-7bcc-4279-b6a3-7163a94e0626 to remote] DEBUG o.a.netty.request.NettyRequestSender - Using pooled Channel '[id: 0x7c68b8df, L:/127.0.0.1:64390 - R:localhost/127.0.0.1:10889]' for 'POST' to 'http://localhost:10889/session/14f61660-7bcc-4279-b6a3-7163a94e0626/element/fc379bf7-be66-402a-b1ad-2f39f248c370/element'
15:50:16.132 [Forwarding findChildElement on session 14f61660-7bcc-4279-b6a3-7163a94e0626 to remote] DEBUG o.a.netty.request.NettyRequestSender - Using open Channel [id: 0x7c68b8df, L:/127.0.0.1:64390 - R:localhost/127.0.0.1:10889] for POST '/session/14f61660-7bcc-4279-b6a3-7163a94e0626/element/fc379bf7-be66-402a-b1ad-2f39f248c370/element'
15:50:16.136 [AsyncHttpClient-3-1] DEBUG o.a.netty.handler.HttpHandler - 

Request DefaultHttpRequest(decodeResult: success, version: HTTP/1.1)
POST /session/14f61660-7bcc-4279-b6a3-7163a94e0626/element/fc379bf7-be66-402a-b1ad-2f39f248c370/element HTTP/1.1
User-Agent: selenium/4.0.0-alpha-5 (java windows)
Content-Length: 103
Content-Type: application/json; charset=utf-8
host: localhost:10889
accept: */*

Response DefaultHttpResponse(decodeResult: success, version: HTTP/1.1)
HTTP/1.1 200 OK
content-type: application/json; charset=utf-8
cache-control: no-cache
content-length: 88
date: Thu, 25 Jun 2020 12:50:16 GMT

15:50:16.136 [AsyncHttpClient-3-1] DEBUG o.a.netty.channel.ChannelManager - Adding key: http://localhost:10889 for channel [id: 0x7c68b8df, L:/127.0.0.1:64390 - R:localhost/127.0.0.1:10889]
15:50:16.137 [Forwarding getElementText on session 14f61660-7bcc-4279-b6a3-7163a94e0626 to remote] DEBUG o.a.netty.request.NettyRequestSender - Using pooled Channel '[id: 0x7c68b8df, L:/127.0.0.1:64390 - R:localhost/127.0.0.1:10889]' for 'GET' to 'http://localhost:10889/session/14f61660-7bcc-4279-b6a3-7163a94e0626/element/a7da9b85-f4bf-4b0f-a67f-47cf69a95c27/text'
15:50:16.137 [Forwarding getElementText on session 14f61660-7bcc-4279-b6a3-7163a94e0626 to remote] DEBUG o.a.netty.request.NettyRequestSender - Using open Channel [id: 0x7c68b8df, L:/127.0.0.1:64390 - R:localhost/127.0.0.1:10889] for GET '/session/14f61660-7bcc-4279-b6a3-7163a94e0626/element/a7da9b85-f4bf-4b0f-a67f-47cf69a95c27/text'
15:50:16.143 [AsyncHttpClient-3-1] DEBUG o.a.netty.handler.HttpHandler - 

Request DefaultFullHttpRequest(decodeResult: success, version: HTTP/1.1, content: EmptyByteBufBE)
GET /session/14f61660-7bcc-4279-b6a3-7163a94e0626/element/a7da9b85-f4bf-4b0f-a67f-47cf69a95c27/text HTTP/1.1
User-Agent: selenium/4.0.0-alpha-5 (java windows)
Cache-Control: no-cache
host: localhost:10889
accept: */*

Response DefaultHttpResponse(decodeResult: success, version: HTTP/1.1)
HTTP/1.1 200 OK
content-type: application/json; charset=utf-8
cache-control: no-cache
content-length: 57
date: Thu, 25 Jun 2020 12:50:16 GMT

15:50:16.143 [AsyncHttpClient-3-1] DEBUG o.a.netty.channel.ChannelManager - Adding key: http://localhost:10889 for channel [id: 0x7c68b8df, L:/127.0.0.1:64390 - R:localhost/127.0.0.1:10889]
15:50:16.144 [Forwarding findChildElement on session 14f61660-7bcc-4279-b6a3-7163a94e0626 to remote] DEBUG o.a.netty.request.NettyRequestSender - Using pooled Channel '[id: 0x7c68b8df, L:/127.0.0.1:64390 - R:localhost/127.0.0.1:10889]' for 'POST' to 'http://localhost:10889/session/14f61660-7bcc-4279-b6a3-7163a94e0626/element/fc379bf7-be66-402a-b1ad-2f39f248c370/element'
15:50:16.144 [Forwarding findChildElement on session 14f61660-7bcc-4279-b6a3-7163a94e0626 to remote] DEBUG o.a.netty.request.NettyRequestSender - Using open Channel [id: 0x7c68b8df, L:/127.0.0.1:64390 - R:localhost/127.0.0.1:10889] for POST '/session/14f61660-7bcc-4279-b6a3-7163a94e0626/element/fc379bf7-be66-402a-b1ad-2f39f248c370/element'
15:50:16.147 [AsyncHttpClient-3-1] DEBUG o.a.netty.handler.HttpHandler - 

Request DefaultHttpRequest(decodeResult: success, version: HTTP/1.1)
POST /session/14f61660-7bcc-4279-b6a3-7163a94e0626/element/fc379bf7-be66-402a-b1ad-2f39f248c370/element HTTP/1.1
User-Agent: selenium/4.0.0-alpha-5 (java windows)
Content-Length: 97
Content-Type: application/json; charset=utf-8
host: localhost:10889
accept: */*

Response DefaultHttpResponse(decodeResult: success, version: HTTP/1.1)
HTTP/1.1 200 OK
content-type: application/json; charset=utf-8
cache-control: no-cache
content-length: 88
date: Thu, 25 Jun 2020 12:50:16 GMT

15:50:16.147 [AsyncHttpClient-3-1] DEBUG o.a.netty.channel.ChannelManager - Adding key: http://localhost:10889 for channel [id: 0x7c68b8df, L:/127.0.0.1:64390 - R:localhost/127.0.0.1:10889]
15:50:16.150 [Forwarding getElementAttribute on session 14f61660-7bcc-4279-b6a3-7163a94e0626 to remote] DEBUG o.a.netty.request.NettyRequestSender - Using pooled Channel '[id: 0x7c68b8df, L:/127.0.0.1:64390 - R:localhost/127.0.0.1:10889]' for 'POST' to 'http://localhost:10889/session/14f61660-7bcc-4279-b6a3-7163a94e0626/execute/sync'
15:50:16.150 [Forwarding getElementAttribute on session 14f61660-7bcc-4279-b6a3-7163a94e0626 to remote] DEBUG o.a.netty.request.NettyRequestSender - Using open Channel [id: 0x7c68b8df, L:/127.0.0.1:64390 - R:localhost/127.0.0.1:10889] for POST '/session/14f61660-7bcc-4279-b6a3-7163a94e0626/execute/sync'
15:50:16.163 [AsyncHttpClient-3-1] DEBUG o.a.netty.handler.HttpHandler - 

Request DefaultHttpRequest(decodeResult: success, version: HTTP/1.1)
POST /session/14f61660-7bcc-4279-b6a3-7163a94e0626/execute/sync HTTP/1.1
User-Agent: selenium/4.0.0-alpha-5 (java windows)
Content-Length: 39635
Content-Type: application/json; charset=utf-8
host: localhost:10889
accept: */*

Response DefaultHttpResponse(decodeResult: success, version: HTTP/1.1)
HTTP/1.1 200 OK
content-type: application/json; charset=utf-8
cache-control: no-cache
content-length: 15
date: Thu, 25 Jun 2020 12:50:16 GMT

15:50:16.163 [AsyncHttpClient-3-1] DEBUG o.a.netty.channel.ChannelManager - Adding key: http://localhost:10889 for channel [id: 0x7c68b8df, L:/127.0.0.1:64390 - R:localhost/127.0.0.1:10889]
15:50:16.164 [Forwarding findChildElement on session 14f61660-7bcc-4279-b6a3-7163a94e0626 to remote] DEBUG o.a.netty.request.NettyRequestSender - Using pooled Channel '[id: 0x7c68b8df, L:/127.0.0.1:64390 - R:localhost/127.0.0.1:10889]' for 'POST' to 'http://localhost:10889/session/14f61660-7bcc-4279-b6a3-7163a94e0626/element/b2541b5c-77a2-46b4-970e-80d4e4722d89/element'
15:50:16.164 [Forwarding findChildElement on session 14f61660-7bcc-4279-b6a3-7163a94e0626 to remote] DEBUG o.a.netty.request.NettyRequestSender - Using open Channel [id: 0x7c68b8df, L:/127.0.0.1:64390 - R:localhost/127.0.0.1:10889] for POST '/session/14f61660-7bcc-4279-b6a3-7163a94e0626/element/b2541b5c-77a2-46b4-970e-80d4e4722d89/element'
15:50:16.167 [AsyncHttpClient-3-1] DEBUG o.a.netty.handler.HttpHandler - 

Request DefaultHttpRequest(decodeResult: success, version: HTTP/1.1)
POST /session/14f61660-7bcc-4279-b6a3-7163a94e0626/element/b2541b5c-77a2-46b4-970e-80d4e4722d89/element HTTP/1.1
User-Agent: selenium/4.0.0-alpha-5 (java windows)
Content-Length: 103
Content-Type: application/json; charset=utf-8
host: localhost:10889
accept: */*

Response DefaultHttpResponse(decodeResult: success, version: HTTP/1.1)
HTTP/1.1 200 OK
content-type: application/json; charset=utf-8
cache-control: no-cache
content-length: 88
date: Thu, 25 Jun 2020 12:50:16 GMT

15:50:16.168 [AsyncHttpClient-3-1] DEBUG o.a.netty.channel.ChannelManager - Adding key: http://localhost:10889 for channel [id: 0x7c68b8df, L:/127.0.0.1:64390 - R:localhost/127.0.0.1:10889]
15:50:16.168 [Forwarding getElementText on session 14f61660-7bcc-4279-b6a3-7163a94e0626 to remote] DEBUG o.a.netty.request.NettyRequestSender - Using pooled Channel '[id: 0x7c68b8df, L:/127.0.0.1:64390 - R:localhost/127.0.0.1:10889]' for 'GET' to 'http://localhost:10889/session/14f61660-7bcc-4279-b6a3-7163a94e0626/element/1dea7702-880e-4704-add4-aca2c85122b4/text'
15:50:16.168 [Forwarding getElementText on session 14f61660-7bcc-4279-b6a3-7163a94e0626 to remote] DEBUG o.a.netty.request.NettyRequestSender - Using open Channel [id: 0x7c68b8df, L:/127.0.0.1:64390 - R:localhost/127.0.0.1:10889] for GET '/session/14f61660-7bcc-4279-b6a3-7163a94e0626/element/1dea7702-880e-4704-add4-aca2c85122b4/text'
15:50:16.172 [AsyncHttpClient-3-1] DEBUG o.a.netty.handler.HttpHandler - 

Request DefaultFullHttpRequest(decodeResult: success, version: HTTP/1.1, content: EmptyByteBufBE)
GET /session/14f61660-7bcc-4279-b6a3-7163a94e0626/element/1dea7702-880e-4704-add4-aca2c85122b4/text HTTP/1.1
User-Agent: selenium/4.0.0-alpha-5 (java windows)
Cache-Control: no-cache
host: localhost:10889
accept: */*

Response DefaultHttpResponse(decodeResult: success, version: HTTP/1.1)
HTTP/1.1 200 OK
content-type: application/json; charset=utf-8
cache-control: no-cache
content-length: 18
date: Thu, 25 Jun 2020 12:50:16 GMT

15:50:16.172 [AsyncHttpClient-3-1] DEBUG o.a.netty.channel.ChannelManager - Adding key: http://localhost:10889 for channel [id: 0x7c68b8df, L:/127.0.0.1:64390 - R:localhost/127.0.0.1:10889]
15:50:16.172 [Forwarding findChildElement on session 14f61660-7bcc-4279-b6a3-7163a94e0626 to remote] DEBUG o.a.netty.request.NettyRequestSender - Using pooled Channel '[id: 0x7c68b8df, L:/127.0.0.1:64390 - R:localhost/127.0.0.1:10889]' for 'POST' to 'http://localhost:10889/session/14f61660-7bcc-4279-b6a3-7163a94e0626/element/b2541b5c-77a2-46b4-970e-80d4e4722d89/element'
15:50:16.173 [Forwarding findChildElement on session 14f61660-7bcc-4279-b6a3-7163a94e0626 to remote] DEBUG o.a.netty.request.NettyRequestSender - Using open Channel [id: 0x7c68b8df, L:/127.0.0.1:64390 - R:localhost/127.0.0.1:10889] for POST '/session/14f61660-7bcc-4279-b6a3-7163a94e0626/element/b2541b5c-77a2-46b4-970e-80d4e4722d89/element'
15:50:16.176 [AsyncHttpClient-3-1] DEBUG o.a.netty.handler.HttpHandler - 

Request DefaultHttpRequest(decodeResult: success, version: HTTP/1.1)
POST /session/14f61660-7bcc-4279-b6a3-7163a94e0626/element/b2541b5c-77a2-46b4-970e-80d4e4722d89/element HTTP/1.1
User-Agent: selenium/4.0.0-alpha-5 (java windows)
Content-Length: 103
Content-Type: application/json; charset=utf-8
host: localhost:10889
accept: */*

Response DefaultHttpResponse(decodeResult: success, version: HTTP/1.1)
HTTP/1.1 200 OK
content-type: application/json; charset=utf-8
cache-control: no-cache
content-length: 88
date: Thu, 25 Jun 2020 12:50:16 GMT

15:50:16.176 [AsyncHttpClient-3-1] DEBUG o.a.netty.channel.ChannelManager - Adding key: http://localhost:10889 for channel [id: 0x7c68b8df, L:/127.0.0.1:64390 - R:localhost/127.0.0.1:10889]
15:50:16.177 [Forwarding getElementText on session 14f61660-7bcc-4279-b6a3-7163a94e0626 to remote] DEBUG o.a.netty.request.NettyRequestSender - Using pooled Channel '[id: 0x7c68b8df, L:/127.0.0.1:64390 - R:localhost/127.0.0.1:10889]' for 'GET' to 'http://localhost:10889/session/14f61660-7bcc-4279-b6a3-7163a94e0626/element/ed53f477-e7a1-4dd2-a2fc-7d7e838e1a5c/text'
15:50:16.177 [Forwarding getElementText on session 14f61660-7bcc-4279-b6a3-7163a94e0626 to remote] DEBUG o.a.netty.request.NettyRequestSender - Using open Channel [id: 0x7c68b8df, L:/127.0.0.1:64390 - R:localhost/127.0.0.1:10889] for GET '/session/14f61660-7bcc-4279-b6a3-7163a94e0626/element/ed53f477-e7a1-4dd2-a2fc-7d7e838e1a5c/text'
15:50:16.182 [AsyncHttpClient-3-1] DEBUG o.a.netty.handler.HttpHandler - 

Request DefaultFullHttpRequest(decodeResult: success, version: HTTP/1.1, content: EmptyByteBufBE)
GET /session/14f61660-7bcc-4279-b6a3-7163a94e0626/element/ed53f477-e7a1-4dd2-a2fc-7d7e838e1a5c/text HTTP/1.1
User-Agent: selenium/4.0.0-alpha-5 (java windows)
Cache-Control: no-cache
host: localhost:10889
accept: */*

Response DefaultHttpResponse(decodeResult: success, version: HTTP/1.1)
HTTP/1.1 200 OK
content-type: application/json; charset=utf-8
cache-control: no-cache
content-length: 22
date: Thu, 25 Jun 2020 12:50:16 GMT

15:50:16.182 [AsyncHttpClient-3-1] DEBUG o.a.netty.channel.ChannelManager - Adding key: http://localhost:10889 for channel [id: 0x7c68b8df, L:/127.0.0.1:64390 - R:localhost/127.0.0.1:10889]
15:50:16.182 [Forwarding findChildElement on session 14f61660-7bcc-4279-b6a3-7163a94e0626 to remote] DEBUG o.a.netty.request.NettyRequestSender - Using pooled Channel '[id: 0x7c68b8df, L:/127.0.0.1:64390 - R:localhost/127.0.0.1:10889]' for 'POST' to 'http://localhost:10889/session/14f61660-7bcc-4279-b6a3-7163a94e0626/element/b2541b5c-77a2-46b4-970e-80d4e4722d89/element'
15:50:16.182 [Forwarding findChildElement on session 14f61660-7bcc-4279-b6a3-7163a94e0626 to remote] DEBUG o.a.netty.request.NettyRequestSender - Using open Channel [id: 0x7c68b8df, L:/127.0.0.1:64390 - R:localhost/127.0.0.1:10889] for POST '/session/14f61660-7bcc-4279-b6a3-7163a94e0626/element/b2541b5c-77a2-46b4-970e-80d4e4722d89/element'
15:50:16.186 [AsyncHttpClient-3-1] DEBUG o.a.netty.handler.HttpHandler - 

Request DefaultHttpRequest(decodeResult: success, version: HTTP/1.1)
POST /session/14f61660-7bcc-4279-b6a3-7163a94e0626/element/b2541b5c-77a2-46b4-970e-80d4e4722d89/element HTTP/1.1
User-Agent: selenium/4.0.0-alpha-5 (java windows)
Content-Length: 103
Content-Type: application/json; charset=utf-8
host: localhost:10889
accept: */*

Response DefaultHttpResponse(decodeResult: success, version: HTTP/1.1)
HTTP/1.1 200 OK
content-type: application/json; charset=utf-8
cache-control: no-cache
content-length: 88
date: Thu, 25 Jun 2020 12:50:16 GMT

15:50:16.186 [AsyncHttpClient-3-1] DEBUG o.a.netty.channel.ChannelManager - Adding key: http://localhost:10889 for channel [id: 0x7c68b8df, L:/127.0.0.1:64390 - R:localhost/127.0.0.1:10889]
15:50:16.187 [Forwarding getElementText on session 14f61660-7bcc-4279-b6a3-7163a94e0626 to remote] DEBUG o.a.netty.request.NettyRequestSender - Using pooled Channel '[id: 0x7c68b8df, L:/127.0.0.1:64390 - R:localhost/127.0.0.1:10889]' for 'GET' to 'http://localhost:10889/session/14f61660-7bcc-4279-b6a3-7163a94e0626/element/0c8ee693-1a50-4e6c-915a-e6e793560111/text'
15:50:16.187 [Forwarding getElementText on session 14f61660-7bcc-4279-b6a3-7163a94e0626 to remote] DEBUG o.a.netty.request.NettyRequestSender - Using open Channel [id: 0x7c68b8df, L:/127.0.0.1:64390 - R:localhost/127.0.0.1:10889] for GET '/session/14f61660-7bcc-4279-b6a3-7163a94e0626/element/0c8ee693-1a50-4e6c-915a-e6e793560111/text'
15:50:16.193 [AsyncHttpClient-3-1] DEBUG o.a.netty.handler.HttpHandler - 

Request DefaultFullHttpRequest(decodeResult: success, version: HTTP/1.1, content: EmptyByteBufBE)
GET /session/14f61660-7bcc-4279-b6a3-7163a94e0626/element/0c8ee693-1a50-4e6c-915a-e6e793560111/text HTTP/1.1
User-Agent: selenium/4.0.0-alpha-5 (java windows)
Cache-Control: no-cache
host: localhost:10889
accept: */*

Response DefaultHttpResponse(decodeResult: success, version: HTTP/1.1)
HTTP/1.1 200 OK
content-type: application/json; charset=utf-8
cache-control: no-cache
content-length: 21
date: Thu, 25 Jun 2020 12:50:16 GMT

15:50:16.193 [AsyncHttpClient-3-1] DEBUG o.a.netty.channel.ChannelManager - Adding key: http://localhost:10889 for channel [id: 0x7c68b8df, L:/127.0.0.1:64390 - R:localhost/127.0.0.1:10889]
15:50:16.194 [Forwarding findChildElement on session 14f61660-7bcc-4279-b6a3-7163a94e0626 to remote] DEBUG o.a.netty.request.NettyRequestSender - Using pooled Channel '[id: 0x7c68b8df, L:/127.0.0.1:64390 - R:localhost/127.0.0.1:10889]' for 'POST' to 'http://localhost:10889/session/14f61660-7bcc-4279-b6a3-7163a94e0626/element/b2541b5c-77a2-46b4-970e-80d4e4722d89/element'
15:50:16.194 [Forwarding findChildElement on session 14f61660-7bcc-4279-b6a3-7163a94e0626 to remote] DEBUG o.a.netty.request.NettyRequestSender - Using open Channel [id: 0x7c68b8df, L:/127.0.0.1:64390 - R:localhost/127.0.0.1:10889] for POST '/session/14f61660-7bcc-4279-b6a3-7163a94e0626/element/b2541b5c-77a2-46b4-970e-80d4e4722d89/element'
15:50:16.197 [AsyncHttpClient-3-1] DEBUG o.a.netty.handler.HttpHandler - 

Request DefaultHttpRequest(decodeResult: success, version: HTTP/1.1)
POST /session/14f61660-7bcc-4279-b6a3-7163a94e0626/element/b2541b5c-77a2-46b4-970e-80d4e4722d89/element HTTP/1.1
User-Agent: selenium/4.0.0-alpha-5 (java windows)
Content-Length: 103
Content-Type: application/json; charset=utf-8
host: localhost:10889
accept: */*

Response DefaultHttpResponse(decodeResult: success, version: HTTP/1.1)
HTTP/1.1 200 OK
content-type: application/json; charset=utf-8
cache-control: no-cache
content-length: 88
date: Thu, 25 Jun 2020 12:50:16 GMT

15:50:16.197 [AsyncHttpClient-3-1] DEBUG o.a.netty.channel.ChannelManager - Adding key: http://localhost:10889 for channel [id: 0x7c68b8df, L:/127.0.0.1:64390 - R:localhost/127.0.0.1:10889]
15:50:16.198 [Forwarding getElementText on session 14f61660-7bcc-4279-b6a3-7163a94e0626 to remote] DEBUG o.a.netty.request.NettyRequestSender - Using pooled Channel '[id: 0x7c68b8df, L:/127.0.0.1:64390 - R:localhost/127.0.0.1:10889]' for 'GET' to 'http://localhost:10889/session/14f61660-7bcc-4279-b6a3-7163a94e0626/element/fff9e922-3087-455b-b3cf-1f3e03640ff0/text'
15:50:16.198 [Forwarding getElementText on session 14f61660-7bcc-4279-b6a3-7163a94e0626 to remote] DEBUG o.a.netty.request.NettyRequestSender - Using open Channel [id: 0x7c68b8df, L:/127.0.0.1:64390 - R:localhost/127.0.0.1:10889] for GET '/session/14f61660-7bcc-4279-b6a3-7163a94e0626/element/fff9e922-3087-455b-b3cf-1f3e03640ff0/text'
15:50:16.202 [AsyncHttpClient-3-1] DEBUG o.a.netty.handler.HttpHandler - 

Request DefaultFullHttpRequest(decodeResult: success, version: HTTP/1.1, content: EmptyByteBufBE)
GET /session/14f61660-7bcc-4279-b6a3-7163a94e0626/element/fff9e922-3087-455b-b3cf-1f3e03640ff0/text HTTP/1.1
User-Agent: selenium/4.0.0-alpha-5 (java windows)
Cache-Control: no-cache
host: localhost:10889
accept: */*

Response DefaultHttpResponse(decodeResult: success, version: HTTP/1.1)
HTTP/1.1 200 OK
content-type: application/json; charset=utf-8
cache-control: no-cache
content-length: 45
date: Thu, 25 Jun 2020 12:50:16 GMT

15:50:16.202 [AsyncHttpClient-3-1] DEBUG o.a.netty.channel.ChannelManager - Adding key: http://localhost:10889 for channel [id: 0x7c68b8df, L:/127.0.0.1:64390 - R:localhost/127.0.0.1:10889]
15:50:16.203 [Forwarding findChildElement on session 14f61660-7bcc-4279-b6a3-7163a94e0626 to remote] DEBUG o.a.netty.request.NettyRequestSender - Using pooled Channel '[id: 0x7c68b8df, L:/127.0.0.1:64390 - R:localhost/127.0.0.1:10889]' for 'POST' to 'http://localhost:10889/session/14f61660-7bcc-4279-b6a3-7163a94e0626/element/b2541b5c-77a2-46b4-970e-80d4e4722d89/element'
15:50:16.203 [Forwarding findChildElement on session 14f61660-7bcc-4279-b6a3-7163a94e0626 to remote] DEBUG o.a.netty.request.NettyRequestSender - Using open Channel [id: 0x7c68b8df, L:/127.0.0.1:64390 - R:localhost/127.0.0.1:10889] for POST '/session/14f61660-7bcc-4279-b6a3-7163a94e0626/element/b2541b5c-77a2-46b4-970e-80d4e4722d89/element'
15:50:16.206 [AsyncHttpClient-3-1] DEBUG o.a.netty.handler.HttpHandler - 

Request DefaultHttpRequest(decodeResult: success, version: HTTP/1.1)
POST /session/14f61660-7bcc-4279-b6a3-7163a94e0626/element/b2541b5c-77a2-46b4-970e-80d4e4722d89/element HTTP/1.1
User-Agent: selenium/4.0.0-alpha-5 (java windows)
Content-Length: 103
Content-Type: application/json; charset=utf-8
host: localhost:10889
accept: */*

Response DefaultHttpResponse(decodeResult: success, version: HTTP/1.1)
HTTP/1.1 200 OK
content-type: application/json; charset=utf-8
cache-control: no-cache
content-length: 88
date: Thu, 25 Jun 2020 12:50:16 GMT

15:50:16.206 [AsyncHttpClient-3-1] DEBUG o.a.netty.channel.ChannelManager - Adding key: http://localhost:10889 for channel [id: 0x7c68b8df, L:/127.0.0.1:64390 - R:localhost/127.0.0.1:10889]
15:50:16.207 [Forwarding getElementText on session 14f61660-7bcc-4279-b6a3-7163a94e0626 to remote] DEBUG o.a.netty.request.NettyRequestSender - Using pooled Channel '[id: 0x7c68b8df, L:/127.0.0.1:64390 - R:localhost/127.0.0.1:10889]' for 'GET' to 'http://localhost:10889/session/14f61660-7bcc-4279-b6a3-7163a94e0626/element/7248e360-13b8-461a-8e9e-9233edad14cf/text'
15:50:16.207 [Forwarding getElementText on session 14f61660-7bcc-4279-b6a3-7163a94e0626 to remote] DEBUG o.a.netty.request.NettyRequestSender - Using open Channel [id: 0x7c68b8df, L:/127.0.0.1:64390 - R:localhost/127.0.0.1:10889] for GET '/session/14f61660-7bcc-4279-b6a3-7163a94e0626/element/7248e360-13b8-461a-8e9e-9233edad14cf/text'
15:50:16.214 [AsyncHttpClient-3-1] DEBUG o.a.netty.handler.HttpHandler - 

Request DefaultFullHttpRequest(decodeResult: success, version: HTTP/1.1, content: EmptyByteBufBE)
GET /session/14f61660-7bcc-4279-b6a3-7163a94e0626/element/7248e360-13b8-461a-8e9e-9233edad14cf/text HTTP/1.1
User-Agent: selenium/4.0.0-alpha-5 (java windows)
Cache-Control: no-cache
host: localhost:10889
accept: */*

Response DefaultHttpResponse(decodeResult: success, version: HTTP/1.1)
HTTP/1.1 200 OK
content-type: application/json; charset=utf-8
cache-control: no-cache
content-length: 57
date: Thu, 25 Jun 2020 12:50:16 GMT

15:50:16.214 [AsyncHttpClient-3-1] DEBUG o.a.netty.channel.ChannelManager - Adding key: http://localhost:10889 for channel [id: 0x7c68b8df, L:/127.0.0.1:64390 - R:localhost/127.0.0.1:10889]
15:50:16.215 [Forwarding findChildElement on session 14f61660-7bcc-4279-b6a3-7163a94e0626 to remote] DEBUG o.a.netty.request.NettyRequestSender - Using pooled Channel '[id: 0x7c68b8df, L:/127.0.0.1:64390 - R:localhost/127.0.0.1:10889]' for 'POST' to 'http://localhost:10889/session/14f61660-7bcc-4279-b6a3-7163a94e0626/element/b2541b5c-77a2-46b4-970e-80d4e4722d89/element'
15:50:16.215 [Forwarding findChildElement on session 14f61660-7bcc-4279-b6a3-7163a94e0626 to remote] DEBUG o.a.netty.request.NettyRequestSender - Using open Channel [id: 0x7c68b8df, L:/127.0.0.1:64390 - R:localhost/127.0.0.1:10889] for POST '/session/14f61660-7bcc-4279-b6a3-7163a94e0626/element/b2541b5c-77a2-46b4-970e-80d4e4722d89/element'
15:50:16.219 [AsyncHttpClient-3-1] DEBUG o.a.netty.handler.HttpHandler - 

Request DefaultHttpRequest(decodeResult: success, version: HTTP/1.1)
POST /session/14f61660-7bcc-4279-b6a3-7163a94e0626/element/b2541b5c-77a2-46b4-970e-80d4e4722d89/element HTTP/1.1
User-Agent: selenium/4.0.0-alpha-5 (java windows)
Content-Length: 97
Content-Type: application/json; charset=utf-8
host: localhost:10889
accept: */*

Response DefaultHttpResponse(decodeResult: success, version: HTTP/1.1)
HTTP/1.1 200 OK
content-type: application/json; charset=utf-8
cache-control: no-cache
content-length: 88
date: Thu, 25 Jun 2020 12:50:16 GMT

15:50:16.219 [AsyncHttpClient-3-1] DEBUG o.a.netty.channel.ChannelManager - Adding key: http://localhost:10889 for channel [id: 0x7c68b8df, L:/127.0.0.1:64390 - R:localhost/127.0.0.1:10889]
15:50:16.222 [Forwarding getElementAttribute on session 14f61660-7bcc-4279-b6a3-7163a94e0626 to remote] DEBUG o.a.netty.request.NettyRequestSender - Using pooled Channel '[id: 0x7c68b8df, L:/127.0.0.1:64390 - R:localhost/127.0.0.1:10889]' for 'POST' to 'http://localhost:10889/session/14f61660-7bcc-4279-b6a3-7163a94e0626/execute/sync'
15:50:16.222 [Forwarding getElementAttribute on session 14f61660-7bcc-4279-b6a3-7163a94e0626 to remote] DEBUG o.a.netty.request.NettyRequestSender - Using open Channel [id: 0x7c68b8df, L:/127.0.0.1:64390 - R:localhost/127.0.0.1:10889] for POST '/session/14f61660-7bcc-4279-b6a3-7163a94e0626/execute/sync'
15:50:16.235 [AsyncHttpClient-3-1] DEBUG o.a.netty.handler.HttpHandler - 

Request DefaultHttpRequest(decodeResult: success, version: HTTP/1.1)
POST /session/14f61660-7bcc-4279-b6a3-7163a94e0626/execute/sync HTTP/1.1
User-Agent: selenium/4.0.0-alpha-5 (java windows)
Content-Length: 39635
Content-Type: application/json; charset=utf-8
host: localhost:10889
accept: */*

Response DefaultHttpResponse(decodeResult: success, version: HTTP/1.1)
HTTP/1.1 200 OK
content-type: application/json; charset=utf-8
cache-control: no-cache
content-length: 15
date: Thu, 25 Jun 2020 12:50:16 GMT

15:50:16.235 [AsyncHttpClient-3-1] DEBUG o.a.netty.channel.ChannelManager - Adding key: http://localhost:10889 for channel [id: 0x7c68b8df, L:/127.0.0.1:64390 - R:localhost/127.0.0.1:10889]
15:50:16.235 [Forwarding findChildElement on session 14f61660-7bcc-4279-b6a3-7163a94e0626 to remote] DEBUG o.a.netty.request.NettyRequestSender - Using pooled Channel '[id: 0x7c68b8df, L:/127.0.0.1:64390 - R:localhost/127.0.0.1:10889]' for 'POST' to 'http://localhost:10889/session/14f61660-7bcc-4279-b6a3-7163a94e0626/element/04b2a310-ad0b-4085-8f3d-44bedea84c0a/element'
15:50:16.235 [Forwarding findChildElement on session 14f61660-7bcc-4279-b6a3-7163a94e0626 to remote] DEBUG o.a.netty.request.NettyRequestSender - Using open Channel [id: 0x7c68b8df, L:/127.0.0.1:64390 - R:localhost/127.0.0.1:10889] for POST '/session/14f61660-7bcc-4279-b6a3-7163a94e0626/element/04b2a310-ad0b-4085-8f3d-44bedea84c0a/element'
15:50:16.239 [AsyncHttpClient-3-1] DEBUG o.a.netty.handler.HttpHandler - 

Request DefaultHttpRequest(decodeResult: success, version: HTTP/1.1)
POST /session/14f61660-7bcc-4279-b6a3-7163a94e0626/element/04b2a310-ad0b-4085-8f3d-44bedea84c0a/element HTTP/1.1
User-Agent: selenium/4.0.0-alpha-5 (java windows)
Content-Length: 103
Content-Type: application/json; charset=utf-8
host: localhost:10889
accept: */*

Response DefaultHttpResponse(decodeResult: success, version: HTTP/1.1)
HTTP/1.1 200 OK
content-type: application/json; charset=utf-8
cache-control: no-cache
content-length: 88
date: Thu, 25 Jun 2020 12:50:16 GMT

15:50:16.239 [AsyncHttpClient-3-1] DEBUG o.a.netty.channel.ChannelManager - Adding key: http://localhost:10889 for channel [id: 0x7c68b8df, L:/127.0.0.1:64390 - R:localhost/127.0.0.1:10889]
15:50:16.239 [Forwarding getElementText on session 14f61660-7bcc-4279-b6a3-7163a94e0626 to remote] DEBUG o.a.netty.request.NettyRequestSender - Using pooled Channel '[id: 0x7c68b8df, L:/127.0.0.1:64390 - R:localhost/127.0.0.1:10889]' for 'GET' to 'http://localhost:10889/session/14f61660-7bcc-4279-b6a3-7163a94e0626/element/52db90aa-90d5-4ae9-b81f-41c88d07af40/text'
15:50:16.239 [Forwarding getElementText on session 14f61660-7bcc-4279-b6a3-7163a94e0626 to remote] DEBUG o.a.netty.request.NettyRequestSender - Using open Channel [id: 0x7c68b8df, L:/127.0.0.1:64390 - R:localhost/127.0.0.1:10889] for GET '/session/14f61660-7bcc-4279-b6a3-7163a94e0626/element/52db90aa-90d5-4ae9-b81f-41c88d07af40/text'
15:50:16.243 [AsyncHttpClient-3-1] DEBUG o.a.netty.handler.HttpHandler - 

Request DefaultFullHttpRequest(decodeResult: success, version: HTTP/1.1, content: EmptyByteBufBE)
GET /session/14f61660-7bcc-4279-b6a3-7163a94e0626/element/52db90aa-90d5-4ae9-b81f-41c88d07af40/text HTTP/1.1
User-Agent: selenium/4.0.0-alpha-5 (java windows)
Cache-Control: no-cache
host: localhost:10889
accept: */*

Response DefaultHttpResponse(decodeResult: success, version: HTTP/1.1)
HTTP/1.1 200 OK
content-type: application/json; charset=utf-8
cache-control: no-cache
content-length: 18
date: Thu, 25 Jun 2020 12:50:16 GMT

15:50:16.243 [AsyncHttpClient-3-1] DEBUG o.a.netty.channel.ChannelManager - Adding key: http://localhost:10889 for channel [id: 0x7c68b8df, L:/127.0.0.1:64390 - R:localhost/127.0.0.1:10889]
15:50:16.244 [Forwarding findChildElement on session 14f61660-7bcc-4279-b6a3-7163a94e0626 to remote] DEBUG o.a.netty.request.NettyRequestSender - Using pooled Channel '[id: 0x7c68b8df, L:/127.0.0.1:64390 - R:localhost/127.0.0.1:10889]' for 'POST' to 'http://localhost:10889/session/14f61660-7bcc-4279-b6a3-7163a94e0626/element/04b2a310-ad0b-4085-8f3d-44bedea84c0a/element'
15:50:16.244 [Forwarding findChildElement on session 14f61660-7bcc-4279-b6a3-7163a94e0626 to remote] DEBUG o.a.netty.request.NettyRequestSender - Using open Channel [id: 0x7c68b8df, L:/127.0.0.1:64390 - R:localhost/127.0.0.1:10889] for POST '/session/14f61660-7bcc-4279-b6a3-7163a94e0626/element/04b2a310-ad0b-4085-8f3d-44bedea84c0a/element'
15:50:16.247 [AsyncHttpClient-3-1] DEBUG o.a.netty.handler.HttpHandler - 

Request DefaultHttpRequest(decodeResult: success, version: HTTP/1.1)
POST /session/14f61660-7bcc-4279-b6a3-7163a94e0626/element/04b2a310-ad0b-4085-8f3d-44bedea84c0a/element HTTP/1.1
User-Agent: selenium/4.0.0-alpha-5 (java windows)
Content-Length: 103
Content-Type: application/json; charset=utf-8
host: localhost:10889
accept: */*

Response DefaultHttpResponse(decodeResult: success, version: HTTP/1.1)
HTTP/1.1 200 OK
content-type: application/json; charset=utf-8
cache-control: no-cache
content-length: 88
date: Thu, 25 Jun 2020 12:50:16 GMT

15:50:16.247 [AsyncHttpClient-3-1] DEBUG o.a.netty.channel.ChannelManager - Adding key: http://localhost:10889 for channel [id: 0x7c68b8df, L:/127.0.0.1:64390 - R:localhost/127.0.0.1:10889]
15:50:16.248 [Forwarding getElementText on session 14f61660-7bcc-4279-b6a3-7163a94e0626 to remote] DEBUG o.a.netty.request.NettyRequestSender - Using pooled Channel '[id: 0x7c68b8df, L:/127.0.0.1:64390 - R:localhost/127.0.0.1:10889]' for 'GET' to 'http://localhost:10889/session/14f61660-7bcc-4279-b6a3-7163a94e0626/element/a32a2e87-2446-4ebc-9248-e84e49d324db/text'
15:50:16.248 [Forwarding getElementText on session 14f61660-7bcc-4279-b6a3-7163a94e0626 to remote] DEBUG o.a.netty.request.NettyRequestSender - Using open Channel [id: 0x7c68b8df, L:/127.0.0.1:64390 - R:localhost/127.0.0.1:10889] for GET '/session/14f61660-7bcc-4279-b6a3-7163a94e0626/element/a32a2e87-2446-4ebc-9248-e84e49d324db/text'
15:50:16.252 [AsyncHttpClient-3-1] DEBUG o.a.netty.handler.HttpHandler - 

Request DefaultFullHttpRequest(decodeResult: success, version: HTTP/1.1, content: EmptyByteBufBE)
GET /session/14f61660-7bcc-4279-b6a3-7163a94e0626/element/a32a2e87-2446-4ebc-9248-e84e49d324db/text HTTP/1.1
User-Agent: selenium/4.0.0-alpha-5 (java windows)
Cache-Control: no-cache
host: localhost:10889
accept: */*

Response DefaultHttpResponse(decodeResult: success, version: HTTP/1.1)
HTTP/1.1 200 OK
content-type: application/json; charset=utf-8
cache-control: no-cache
content-length: 22
date: Thu, 25 Jun 2020 12:50:16 GMT

15:50:16.253 [AsyncHttpClient-3-1] DEBUG o.a.netty.channel.ChannelManager - Adding key: http://localhost:10889 for channel [id: 0x7c68b8df, L:/127.0.0.1:64390 - R:localhost/127.0.0.1:10889]
15:50:16.253 [Forwarding findChildElement on session 14f61660-7bcc-4279-b6a3-7163a94e0626 to remote] DEBUG o.a.netty.request.NettyRequestSender - Using pooled Channel '[id: 0x7c68b8df, L:/127.0.0.1:64390 - R:localhost/127.0.0.1:10889]' for 'POST' to 'http://localhost:10889/session/14f61660-7bcc-4279-b6a3-7163a94e0626/element/04b2a310-ad0b-4085-8f3d-44bedea84c0a/element'
15:50:16.253 [Forwarding findChildElement on session 14f61660-7bcc-4279-b6a3-7163a94e0626 to remote] DEBUG o.a.netty.request.NettyRequestSender - Using open Channel [id: 0x7c68b8df, L:/127.0.0.1:64390 - R:localhost/127.0.0.1:10889] for POST '/session/14f61660-7bcc-4279-b6a3-7163a94e0626/element/04b2a310-ad0b-4085-8f3d-44bedea84c0a/element'
15:50:16.257 [AsyncHttpClient-3-1] DEBUG o.a.netty.handler.HttpHandler - 

Request DefaultHttpRequest(decodeResult: success, version: HTTP/1.1)
POST /session/14f61660-7bcc-4279-b6a3-7163a94e0626/element/04b2a310-ad0b-4085-8f3d-44bedea84c0a/element HTTP/1.1
User-Agent: selenium/4.0.0-alpha-5 (java windows)
Content-Length: 103
Content-Type: application/json; charset=utf-8
host: localhost:10889
accept: */*

Response DefaultHttpResponse(decodeResult: success, version: HTTP/1.1)
HTTP/1.1 200 OK
content-type: application/json; charset=utf-8
cache-control: no-cache
content-length: 88
date: Thu, 25 Jun 2020 12:50:16 GMT

15:50:16.257 [AsyncHttpClient-3-1] DEBUG o.a.netty.channel.ChannelManager - Adding key: http://localhost:10889 for channel [id: 0x7c68b8df, L:/127.0.0.1:64390 - R:localhost/127.0.0.1:10889]
15:50:16.257 [Forwarding getElementText on session 14f61660-7bcc-4279-b6a3-7163a94e0626 to remote] DEBUG o.a.netty.request.NettyRequestSender - Using pooled Channel '[id: 0x7c68b8df, L:/127.0.0.1:64390 - R:localhost/127.0.0.1:10889]' for 'GET' to 'http://localhost:10889/session/14f61660-7bcc-4279-b6a3-7163a94e0626/element/a52b8e7e-5964-4186-88fd-138f4e375411/text'
15:50:16.257 [Forwarding getElementText on session 14f61660-7bcc-4279-b6a3-7163a94e0626 to remote] DEBUG o.a.netty.request.NettyRequestSender - Using open Channel [id: 0x7c68b8df, L:/127.0.0.1:64390 - R:localhost/127.0.0.1:10889] for GET '/session/14f61660-7bcc-4279-b6a3-7163a94e0626/element/a52b8e7e-5964-4186-88fd-138f4e375411/text'
15:50:16.261 [AsyncHttpClient-3-1] DEBUG o.a.netty.handler.HttpHandler - 

Request DefaultFullHttpRequest(decodeResult: success, version: HTTP/1.1, content: EmptyByteBufBE)
GET /session/14f61660-7bcc-4279-b6a3-7163a94e0626/element/a52b8e7e-5964-4186-88fd-138f4e375411/text HTTP/1.1
User-Agent: selenium/4.0.0-alpha-5 (java windows)
Cache-Control: no-cache
host: localhost:10889
accept: */*

Response DefaultHttpResponse(decodeResult: success, version: HTTP/1.1)
HTTP/1.1 200 OK
content-type: application/json; charset=utf-8
cache-control: no-cache
content-length: 21
date: Thu, 25 Jun 2020 12:50:16 GMT

15:50:16.262 [AsyncHttpClient-3-1] DEBUG o.a.netty.channel.ChannelManager - Adding key: http://localhost:10889 for channel [id: 0x7c68b8df, L:/127.0.0.1:64390 - R:localhost/127.0.0.1:10889]
15:50:16.262 [Forwarding findChildElement on session 14f61660-7bcc-4279-b6a3-7163a94e0626 to remote] DEBUG o.a.netty.request.NettyRequestSender - Using pooled Channel '[id: 0x7c68b8df, L:/127.0.0.1:64390 - R:localhost/127.0.0.1:10889]' for 'POST' to 'http://localhost:10889/session/14f61660-7bcc-4279-b6a3-7163a94e0626/element/04b2a310-ad0b-4085-8f3d-44bedea84c0a/element'
15:50:16.262 [Forwarding findChildElement on session 14f61660-7bcc-4279-b6a3-7163a94e0626 to remote] DEBUG o.a.netty.request.NettyRequestSender - Using open Channel [id: 0x7c68b8df, L:/127.0.0.1:64390 - R:localhost/127.0.0.1:10889] for POST '/session/14f61660-7bcc-4279-b6a3-7163a94e0626/element/04b2a310-ad0b-4085-8f3d-44bedea84c0a/element'
15:50:16.266 [AsyncHttpClient-3-1] DEBUG o.a.netty.handler.HttpHandler - 

Request DefaultHttpRequest(decodeResult: success, version: HTTP/1.1)
POST /session/14f61660-7bcc-4279-b6a3-7163a94e0626/element/04b2a310-ad0b-4085-8f3d-44bedea84c0a/element HTTP/1.1
User-Agent: selenium/4.0.0-alpha-5 (java windows)
Content-Length: 103
Content-Type: application/json; charset=utf-8
host: localhost:10889
accept: */*

Response DefaultHttpResponse(decodeResult: success, version: HTTP/1.1)
HTTP/1.1 200 OK
content-type: application/json; charset=utf-8
cache-control: no-cache
content-length: 88
date: Thu, 25 Jun 2020 12:50:16 GMT

15:50:16.266 [AsyncHttpClient-3-1] DEBUG o.a.netty.channel.ChannelManager - Adding key: http://localhost:10889 for channel [id: 0x7c68b8df, L:/127.0.0.1:64390 - R:localhost/127.0.0.1:10889]
15:50:16.266 [Forwarding getElementText on session 14f61660-7bcc-4279-b6a3-7163a94e0626 to remote] DEBUG o.a.netty.request.NettyRequestSender - Using pooled Channel '[id: 0x7c68b8df, L:/127.0.0.1:64390 - R:localhost/127.0.0.1:10889]' for 'GET' to 'http://localhost:10889/session/14f61660-7bcc-4279-b6a3-7163a94e0626/element/57294424-8457-4ef9-b0cb-bfae318d7677/text'
15:50:16.266 [Forwarding getElementText on session 14f61660-7bcc-4279-b6a3-7163a94e0626 to remote] DEBUG o.a.netty.request.NettyRequestSender - Using open Channel [id: 0x7c68b8df, L:/127.0.0.1:64390 - R:localhost/127.0.0.1:10889] for GET '/session/14f61660-7bcc-4279-b6a3-7163a94e0626/element/57294424-8457-4ef9-b0cb-bfae318d7677/text'
15:50:16.270 [AsyncHttpClient-3-1] DEBUG o.a.netty.handler.HttpHandler - 

Request DefaultFullHttpRequest(decodeResult: success, version: HTTP/1.1, content: EmptyByteBufBE)
GET /session/14f61660-7bcc-4279-b6a3-7163a94e0626/element/57294424-8457-4ef9-b0cb-bfae318d7677/text HTTP/1.1
User-Agent: selenium/4.0.0-alpha-5 (java windows)
Cache-Control: no-cache
host: localhost:10889
accept: */*

Response DefaultHttpResponse(decodeResult: success, version: HTTP/1.1)
HTTP/1.1 200 OK
content-type: application/json; charset=utf-8
cache-control: no-cache
content-length: 45
date: Thu, 25 Jun 2020 12:50:16 GMT

15:50:16.271 [AsyncHttpClient-3-1] DEBUG o.a.netty.channel.ChannelManager - Adding key: http://localhost:10889 for channel [id: 0x7c68b8df, L:/127.0.0.1:64390 - R:localhost/127.0.0.1:10889]
15:50:16.271 [Forwarding findChildElement on session 14f61660-7bcc-4279-b6a3-7163a94e0626 to remote] DEBUG o.a.netty.request.NettyRequestSender - Using pooled Channel '[id: 0x7c68b8df, L:/127.0.0.1:64390 - R:localhost/127.0.0.1:10889]' for 'POST' to 'http://localhost:10889/session/14f61660-7bcc-4279-b6a3-7163a94e0626/element/04b2a310-ad0b-4085-8f3d-44bedea84c0a/element'
15:50:16.271 [Forwarding findChildElement on session 14f61660-7bcc-4279-b6a3-7163a94e0626 to remote] DEBUG o.a.netty.request.NettyRequestSender - Using open Channel [id: 0x7c68b8df, L:/127.0.0.1:64390 - R:localhost/127.0.0.1:10889] for POST '/session/14f61660-7bcc-4279-b6a3-7163a94e0626/element/04b2a310-ad0b-4085-8f3d-44bedea84c0a/element'
15:50:16.275 [AsyncHttpClient-3-1] DEBUG o.a.netty.handler.HttpHandler - 

Request DefaultHttpRequest(decodeResult: success, version: HTTP/1.1)
POST /session/14f61660-7bcc-4279-b6a3-7163a94e0626/element/04b2a310-ad0b-4085-8f3d-44bedea84c0a/element HTTP/1.1
User-Agent: selenium/4.0.0-alpha-5 (java windows)
Content-Length: 103
Content-Type: application/json; charset=utf-8
host: localhost:10889
accept: */*

Response DefaultHttpResponse(decodeResult: success, version: HTTP/1.1)
HTTP/1.1 200 OK
content-type: application/json; charset=utf-8
cache-control: no-cache
content-length: 88
date: Thu, 25 Jun 2020 12:50:16 GMT

15:50:16.275 [AsyncHttpClient-3-1] DEBUG o.a.netty.channel.ChannelManager - Adding key: http://localhost:10889 for channel [id: 0x7c68b8df, L:/127.0.0.1:64390 - R:localhost/127.0.0.1:10889]
15:50:16.275 [Forwarding getElementText on session 14f61660-7bcc-4279-b6a3-7163a94e0626 to remote] DEBUG o.a.netty.request.NettyRequestSender - Using pooled Channel '[id: 0x7c68b8df, L:/127.0.0.1:64390 - R:localhost/127.0.0.1:10889]' for 'GET' to 'http://localhost:10889/session/14f61660-7bcc-4279-b6a3-7163a94e0626/element/8b5a27bf-9497-4616-9e41-65f3c9b6b335/text'
15:50:16.275 [Forwarding getElementText on session 14f61660-7bcc-4279-b6a3-7163a94e0626 to remote] DEBUG o.a.netty.request.NettyRequestSender - Using open Channel [id: 0x7c68b8df, L:/127.0.0.1:64390 - R:localhost/127.0.0.1:10889] for GET '/session/14f61660-7bcc-4279-b6a3-7163a94e0626/element/8b5a27bf-9497-4616-9e41-65f3c9b6b335/text'
15:50:16.282 [AsyncHttpClient-3-1] DEBUG o.a.netty.handler.HttpHandler - 

Request DefaultFullHttpRequest(decodeResult: success, version: HTTP/1.1, content: EmptyByteBufBE)
GET /session/14f61660-7bcc-4279-b6a3-7163a94e0626/element/8b5a27bf-9497-4616-9e41-65f3c9b6b335/text HTTP/1.1
User-Agent: selenium/4.0.0-alpha-5 (java windows)
Cache-Control: no-cache
host: localhost:10889
accept: */*

Response DefaultHttpResponse(decodeResult: success, version: HTTP/1.1)
HTTP/1.1 200 OK
content-type: application/json; charset=utf-8
cache-control: no-cache
content-length: 57
date: Thu, 25 Jun 2020 12:50:16 GMT

15:50:16.282 [AsyncHttpClient-3-1] DEBUG o.a.netty.channel.ChannelManager - Adding key: http://localhost:10889 for channel [id: 0x7c68b8df, L:/127.0.0.1:64390 - R:localhost/127.0.0.1:10889]
15:50:16.283 [Forwarding findChildElement on session 14f61660-7bcc-4279-b6a3-7163a94e0626 to remote] DEBUG o.a.netty.request.NettyRequestSender - Using pooled Channel '[id: 0x7c68b8df, L:/127.0.0.1:64390 - R:localhost/127.0.0.1:10889]' for 'POST' to 'http://localhost:10889/session/14f61660-7bcc-4279-b6a3-7163a94e0626/element/04b2a310-ad0b-4085-8f3d-44bedea84c0a/element'
15:50:16.283 [Forwarding findChildElement on session 14f61660-7bcc-4279-b6a3-7163a94e0626 to remote] DEBUG o.a.netty.request.NettyRequestSender - Using open Channel [id: 0x7c68b8df, L:/127.0.0.1:64390 - R:localhost/127.0.0.1:10889] for POST '/session/14f61660-7bcc-4279-b6a3-7163a94e0626/element/04b2a310-ad0b-4085-8f3d-44bedea84c0a/element'
15:50:16.286 [AsyncHttpClient-3-1] DEBUG o.a.netty.handler.HttpHandler - 

Request DefaultHttpRequest(decodeResult: success, version: HTTP/1.1)
POST /session/14f61660-7bcc-4279-b6a3-7163a94e0626/element/04b2a310-ad0b-4085-8f3d-44bedea84c0a/element HTTP/1.1
User-Agent: selenium/4.0.0-alpha-5 (java windows)
Content-Length: 97
Content-Type: application/json; charset=utf-8
host: localhost:10889
accept: */*

Response DefaultHttpResponse(decodeResult: success, version: HTTP/1.1)
HTTP/1.1 200 OK
content-type: application/json; charset=utf-8
cache-control: no-cache
content-length: 88
date: Thu, 25 Jun 2020 12:50:16 GMT

15:50:16.286 [AsyncHttpClient-3-1] DEBUG o.a.netty.channel.ChannelManager - Adding key: http://localhost:10889 for channel [id: 0x7c68b8df, L:/127.0.0.1:64390 - R:localhost/127.0.0.1:10889]
15:50:16.289 [Forwarding getElementAttribute on session 14f61660-7bcc-4279-b6a3-7163a94e0626 to remote] DEBUG o.a.netty.request.NettyRequestSender - Using pooled Channel '[id: 0x7c68b8df, L:/127.0.0.1:64390 - R:localhost/127.0.0.1:10889]' for 'POST' to 'http://localhost:10889/session/14f61660-7bcc-4279-b6a3-7163a94e0626/execute/sync'
15:50:16.289 [Forwarding getElementAttribute on session 14f61660-7bcc-4279-b6a3-7163a94e0626 to remote] DEBUG o.a.netty.request.NettyRequestSender - Using open Channel [id: 0x7c68b8df, L:/127.0.0.1:64390 - R:localhost/127.0.0.1:10889] for POST '/session/14f61660-7bcc-4279-b6a3-7163a94e0626/execute/sync'
15:50:16.302 [AsyncHttpClient-3-1] DEBUG o.a.netty.handler.HttpHandler - 

Request DefaultHttpRequest(decodeResult: success, version: HTTP/1.1)
POST /session/14f61660-7bcc-4279-b6a3-7163a94e0626/execute/sync HTTP/1.1
User-Agent: selenium/4.0.0-alpha-5 (java windows)
Content-Length: 39635
Content-Type: application/json; charset=utf-8
host: localhost:10889
accept: */*

Response DefaultHttpResponse(decodeResult: success, version: HTTP/1.1)
HTTP/1.1 200 OK
content-type: application/json; charset=utf-8
cache-control: no-cache
content-length: 15
date: Thu, 25 Jun 2020 12:50:16 GMT

15:50:16.302 [AsyncHttpClient-3-1] DEBUG o.a.netty.channel.ChannelManager - Adding key: http://localhost:10889 for channel [id: 0x7c68b8df, L:/127.0.0.1:64390 - R:localhost/127.0.0.1:10889]
15:50:16.303 [Forwarding findChildElement on session 14f61660-7bcc-4279-b6a3-7163a94e0626 to remote] DEBUG o.a.netty.request.NettyRequestSender - Using pooled Channel '[id: 0x7c68b8df, L:/127.0.0.1:64390 - R:localhost/127.0.0.1:10889]' for 'POST' to 'http://localhost:10889/session/14f61660-7bcc-4279-b6a3-7163a94e0626/element/5a06997f-de22-4a40-8aec-f9ec48059169/element'
15:50:16.303 [Forwarding findChildElement on session 14f61660-7bcc-4279-b6a3-7163a94e0626 to remote] DEBUG o.a.netty.request.NettyRequestSender - Using open Channel [id: 0x7c68b8df, L:/127.0.0.1:64390 - R:localhost/127.0.0.1:10889] for POST '/session/14f61660-7bcc-4279-b6a3-7163a94e0626/element/5a06997f-de22-4a40-8aec-f9ec48059169/element'
15:50:16.306 [AsyncHttpClient-3-1] DEBUG o.a.netty.handler.HttpHandler - 

Request DefaultHttpRequest(decodeResult: success, version: HTTP/1.1)
POST /session/14f61660-7bcc-4279-b6a3-7163a94e0626/element/5a06997f-de22-4a40-8aec-f9ec48059169/element HTTP/1.1
User-Agent: selenium/4.0.0-alpha-5 (java windows)
Content-Length: 103
Content-Type: application/json; charset=utf-8
host: localhost:10889
accept: */*

Response DefaultHttpResponse(decodeResult: success, version: HTTP/1.1)
HTTP/1.1 200 OK
content-type: application/json; charset=utf-8
cache-control: no-cache
content-length: 88
date: Thu, 25 Jun 2020 12:50:16 GMT

15:50:16.306 [AsyncHttpClient-3-1] DEBUG o.a.netty.channel.ChannelManager - Adding key: http://localhost:10889 for channel [id: 0x7c68b8df, L:/127.0.0.1:64390 - R:localhost/127.0.0.1:10889]
15:50:16.307 [Forwarding getElementText on session 14f61660-7bcc-4279-b6a3-7163a94e0626 to remote] DEBUG o.a.netty.request.NettyRequestSender - Using pooled Channel '[id: 0x7c68b8df, L:/127.0.0.1:64390 - R:localhost/127.0.0.1:10889]' for 'GET' to 'http://localhost:10889/session/14f61660-7bcc-4279-b6a3-7163a94e0626/element/874ea78b-cf34-462e-8cb8-966037ab0628/text'
15:50:16.307 [Forwarding getElementText on session 14f61660-7bcc-4279-b6a3-7163a94e0626 to remote] DEBUG o.a.netty.request.NettyRequestSender - Using open Channel [id: 0x7c68b8df, L:/127.0.0.1:64390 - R:localhost/127.0.0.1:10889] for GET '/session/14f61660-7bcc-4279-b6a3-7163a94e0626/element/874ea78b-cf34-462e-8cb8-966037ab0628/text'
15:50:16.311 [AsyncHttpClient-3-1] DEBUG o.a.netty.handler.HttpHandler - 

Request DefaultFullHttpRequest(decodeResult: success, version: HTTP/1.1, content: EmptyByteBufBE)
GET /session/14f61660-7bcc-4279-b6a3-7163a94e0626/element/874ea78b-cf34-462e-8cb8-966037ab0628/text HTTP/1.1
User-Agent: selenium/4.0.0-alpha-5 (java windows)
Cache-Control: no-cache
host: localhost:10889
accept: */*

Response DefaultHttpResponse(decodeResult: success, version: HTTP/1.1)
HTTP/1.1 200 OK
content-type: application/json; charset=utf-8
cache-control: no-cache
content-length: 18
date: Thu, 25 Jun 2020 12:50:16 GMT

15:50:16.311 [AsyncHttpClient-3-1] DEBUG o.a.netty.channel.ChannelManager - Adding key: http://localhost:10889 for channel [id: 0x7c68b8df, L:/127.0.0.1:64390 - R:localhost/127.0.0.1:10889]
15:50:16.311 [Forwarding findChildElement on session 14f61660-7bcc-4279-b6a3-7163a94e0626 to remote] DEBUG o.a.netty.request.NettyRequestSender - Using pooled Channel '[id: 0x7c68b8df, L:/127.0.0.1:64390 - R:localhost/127.0.0.1:10889]' for 'POST' to 'http://localhost:10889/session/14f61660-7bcc-4279-b6a3-7163a94e0626/element/5a06997f-de22-4a40-8aec-f9ec48059169/element'
15:50:16.311 [Forwarding findChildElement on session 14f61660-7bcc-4279-b6a3-7163a94e0626 to remote] DEBUG o.a.netty.request.NettyRequestSender - Using open Channel [id: 0x7c68b8df, L:/127.0.0.1:64390 - R:localhost/127.0.0.1:10889] for POST '/session/14f61660-7bcc-4279-b6a3-7163a94e0626/element/5a06997f-de22-4a40-8aec-f9ec48059169/element'
15:50:16.315 [AsyncHttpClient-3-1] DEBUG o.a.netty.handler.HttpHandler - 

Request DefaultHttpRequest(decodeResult: success, version: HTTP/1.1)
POST /session/14f61660-7bcc-4279-b6a3-7163a94e0626/element/5a06997f-de22-4a40-8aec-f9ec48059169/element HTTP/1.1
User-Agent: selenium/4.0.0-alpha-5 (java windows)
Content-Length: 103
Content-Type: application/json; charset=utf-8
host: localhost:10889
accept: */*

Response DefaultHttpResponse(decodeResult: success, version: HTTP/1.1)
HTTP/1.1 200 OK
content-type: application/json; charset=utf-8
cache-control: no-cache
content-length: 88
date: Thu, 25 Jun 2020 12:50:16 GMT

15:50:16.315 [AsyncHttpClient-3-1] DEBUG o.a.netty.channel.ChannelManager - Adding key: http://localhost:10889 for channel [id: 0x7c68b8df, L:/127.0.0.1:64390 - R:localhost/127.0.0.1:10889]
15:50:16.316 [Forwarding getElementText on session 14f61660-7bcc-4279-b6a3-7163a94e0626 to remote] DEBUG o.a.netty.request.NettyRequestSender - Using pooled Channel '[id: 0x7c68b8df, L:/127.0.0.1:64390 - R:localhost/127.0.0.1:10889]' for 'GET' to 'http://localhost:10889/session/14f61660-7bcc-4279-b6a3-7163a94e0626/element/1271915d-26bf-4a73-a982-dea3095edb48/text'
15:50:16.316 [Forwarding getElementText on session 14f61660-7bcc-4279-b6a3-7163a94e0626 to remote] DEBUG o.a.netty.request.NettyRequestSender - Using open Channel [id: 0x7c68b8df, L:/127.0.0.1:64390 - R:localhost/127.0.0.1:10889] for GET '/session/14f61660-7bcc-4279-b6a3-7163a94e0626/element/1271915d-26bf-4a73-a982-dea3095edb48/text'
15:50:16.321 [AsyncHttpClient-3-1] DEBUG o.a.netty.handler.HttpHandler - 

Request DefaultFullHttpRequest(decodeResult: success, version: HTTP/1.1, content: EmptyByteBufBE)
GET /session/14f61660-7bcc-4279-b6a3-7163a94e0626/element/1271915d-26bf-4a73-a982-dea3095edb48/text HTTP/1.1
User-Agent: selenium/4.0.0-alpha-5 (java windows)
Cache-Control: no-cache
host: localhost:10889
accept: */*

Response DefaultHttpResponse(decodeResult: success, version: HTTP/1.1)
HTTP/1.1 200 OK
content-type: application/json; charset=utf-8
cache-control: no-cache
content-length: 22
date: Thu, 25 Jun 2020 12:50:16 GMT

15:50:16.322 [AsyncHttpClient-3-1] DEBUG o.a.netty.channel.ChannelManager - Adding key: http://localhost:10889 for channel [id: 0x7c68b8df, L:/127.0.0.1:64390 - R:localhost/127.0.0.1:10889]
15:50:16.322 [Forwarding findChildElement on session 14f61660-7bcc-4279-b6a3-7163a94e0626 to remote] DEBUG o.a.netty.request.NettyRequestSender - Using pooled Channel '[id: 0x7c68b8df, L:/127.0.0.1:64390 - R:localhost/127.0.0.1:10889]' for 'POST' to 'http://localhost:10889/session/14f61660-7bcc-4279-b6a3-7163a94e0626/element/5a06997f-de22-4a40-8aec-f9ec48059169/element'
15:50:16.322 [Forwarding findChildElement on session 14f61660-7bcc-4279-b6a3-7163a94e0626 to remote] DEBUG o.a.netty.request.NettyRequestSender - Using open Channel [id: 0x7c68b8df, L:/127.0.0.1:64390 - R:localhost/127.0.0.1:10889] for POST '/session/14f61660-7bcc-4279-b6a3-7163a94e0626/element/5a06997f-de22-4a40-8aec-f9ec48059169/element'
15:50:16.326 [AsyncHttpClient-3-1] DEBUG o.a.netty.handler.HttpHandler - 

Request DefaultHttpRequest(decodeResult: success, version: HTTP/1.1)
POST /session/14f61660-7bcc-4279-b6a3-7163a94e0626/element/5a06997f-de22-4a40-8aec-f9ec48059169/element HTTP/1.1
User-Agent: selenium/4.0.0-alpha-5 (java windows)
Content-Length: 103
Content-Type: application/json; charset=utf-8
host: localhost:10889
accept: */*

Response DefaultHttpResponse(decodeResult: success, version: HTTP/1.1)
HTTP/1.1 200 OK
content-type: application/json; charset=utf-8
cache-control: no-cache
content-length: 88
date: Thu, 25 Jun 2020 12:50:16 GMT

15:50:16.326 [AsyncHttpClient-3-1] DEBUG o.a.netty.channel.ChannelManager - Adding key: http://localhost:10889 for channel [id: 0x7c68b8df, L:/127.0.0.1:64390 - R:localhost/127.0.0.1:10889]
15:50:16.326 [Forwarding getElementText on session 14f61660-7bcc-4279-b6a3-7163a94e0626 to remote] DEBUG o.a.netty.request.NettyRequestSender - Using pooled Channel '[id: 0x7c68b8df, L:/127.0.0.1:64390 - R:localhost/127.0.0.1:10889]' for 'GET' to 'http://localhost:10889/session/14f61660-7bcc-4279-b6a3-7163a94e0626/element/5cb20663-ec2b-4aa6-a3fa-b9901a8528bb/text'
15:50:16.326 [Forwarding getElementText on session 14f61660-7bcc-4279-b6a3-7163a94e0626 to remote] DEBUG o.a.netty.request.NettyRequestSender - Using open Channel [id: 0x7c68b8df, L:/127.0.0.1:64390 - R:localhost/127.0.0.1:10889] for GET '/session/14f61660-7bcc-4279-b6a3-7163a94e0626/element/5cb20663-ec2b-4aa6-a3fa-b9901a8528bb/text'
15:50:16.331 [AsyncHttpClient-3-1] DEBUG o.a.netty.handler.HttpHandler - 

Request DefaultFullHttpRequest(decodeResult: success, version: HTTP/1.1, content: EmptyByteBufBE)
GET /session/14f61660-7bcc-4279-b6a3-7163a94e0626/element/5cb20663-ec2b-4aa6-a3fa-b9901a8528bb/text HTTP/1.1
User-Agent: selenium/4.0.0-alpha-5 (java windows)
Cache-Control: no-cache
host: localhost:10889
accept: */*

Response DefaultHttpResponse(decodeResult: success, version: HTTP/1.1)
HTTP/1.1 200 OK
content-type: application/json; charset=utf-8
cache-control: no-cache
content-length: 21
date: Thu, 25 Jun 2020 12:50:16 GMT

15:50:16.331 [AsyncHttpClient-3-1] DEBUG o.a.netty.channel.ChannelManager - Adding key: http://localhost:10889 for channel [id: 0x7c68b8df, L:/127.0.0.1:64390 - R:localhost/127.0.0.1:10889]
15:50:16.332 [Forwarding findChildElement on session 14f61660-7bcc-4279-b6a3-7163a94e0626 to remote] DEBUG o.a.netty.request.NettyRequestSender - Using pooled Channel '[id: 0x7c68b8df, L:/127.0.0.1:64390 - R:localhost/127.0.0.1:10889]' for 'POST' to 'http://localhost:10889/session/14f61660-7bcc-4279-b6a3-7163a94e0626/element/5a06997f-de22-4a40-8aec-f9ec48059169/element'
15:50:16.332 [Forwarding findChildElement on session 14f61660-7bcc-4279-b6a3-7163a94e0626 to remote] DEBUG o.a.netty.request.NettyRequestSender - Using open Channel [id: 0x7c68b8df, L:/127.0.0.1:64390 - R:localhost/127.0.0.1:10889] for POST '/session/14f61660-7bcc-4279-b6a3-7163a94e0626/element/5a06997f-de22-4a40-8aec-f9ec48059169/element'
15:50:16.335 [AsyncHttpClient-3-1] DEBUG o.a.netty.handler.HttpHandler - 

Request DefaultHttpRequest(decodeResult: success, version: HTTP/1.1)
POST /session/14f61660-7bcc-4279-b6a3-7163a94e0626/element/5a06997f-de22-4a40-8aec-f9ec48059169/element HTTP/1.1
User-Agent: selenium/4.0.0-alpha-5 (java windows)
Content-Length: 103
Content-Type: application/json; charset=utf-8
host: localhost:10889
accept: */*

Response DefaultHttpResponse(decodeResult: success, version: HTTP/1.1)
HTTP/1.1 200 OK
content-type: application/json; charset=utf-8
cache-control: no-cache
content-length: 88
date: Thu, 25 Jun 2020 12:50:16 GMT

15:50:16.335 [AsyncHttpClient-3-1] DEBUG o.a.netty.channel.ChannelManager - Adding key: http://localhost:10889 for channel [id: 0x7c68b8df, L:/127.0.0.1:64390 - R:localhost/127.0.0.1:10889]
15:50:16.336 [Forwarding getElementText on session 14f61660-7bcc-4279-b6a3-7163a94e0626 to remote] DEBUG o.a.netty.request.NettyRequestSender - Using pooled Channel '[id: 0x7c68b8df, L:/127.0.0.1:64390 - R:localhost/127.0.0.1:10889]' for 'GET' to 'http://localhost:10889/session/14f61660-7bcc-4279-b6a3-7163a94e0626/element/ae4ecdaa-6de5-4d12-b693-b9c65752b1c3/text'
15:50:16.336 [Forwarding getElementText on session 14f61660-7bcc-4279-b6a3-7163a94e0626 to remote] DEBUG o.a.netty.request.NettyRequestSender - Using open Channel [id: 0x7c68b8df, L:/127.0.0.1:64390 - R:localhost/127.0.0.1:10889] for GET '/session/14f61660-7bcc-4279-b6a3-7163a94e0626/element/ae4ecdaa-6de5-4d12-b693-b9c65752b1c3/text'
15:50:16.340 [AsyncHttpClient-3-1] DEBUG o.a.netty.handler.HttpHandler - 

Request DefaultFullHttpRequest(decodeResult: success, version: HTTP/1.1, content: EmptyByteBufBE)
GET /session/14f61660-7bcc-4279-b6a3-7163a94e0626/element/ae4ecdaa-6de5-4d12-b693-b9c65752b1c3/text HTTP/1.1
User-Agent: selenium/4.0.0-alpha-5 (java windows)
Cache-Control: no-cache
host: localhost:10889
accept: */*

Response DefaultHttpResponse(decodeResult: success, version: HTTP/1.1)
HTTP/1.1 200 OK
content-type: application/json; charset=utf-8
cache-control: no-cache
content-length: 45
date: Thu, 25 Jun 2020 12:50:16 GMT

15:50:16.340 [AsyncHttpClient-3-1] DEBUG o.a.netty.channel.ChannelManager - Adding key: http://localhost:10889 for channel [id: 0x7c68b8df, L:/127.0.0.1:64390 - R:localhost/127.0.0.1:10889]
15:50:16.340 [Forwarding findChildElement on session 14f61660-7bcc-4279-b6a3-7163a94e0626 to remote] DEBUG o.a.netty.request.NettyRequestSender - Using pooled Channel '[id: 0x7c68b8df, L:/127.0.0.1:64390 - R:localhost/127.0.0.1:10889]' for 'POST' to 'http://localhost:10889/session/14f61660-7bcc-4279-b6a3-7163a94e0626/element/5a06997f-de22-4a40-8aec-f9ec48059169/element'
15:50:16.341 [Forwarding findChildElement on session 14f61660-7bcc-4279-b6a3-7163a94e0626 to remote] DEBUG o.a.netty.request.NettyRequestSender - Using open Channel [id: 0x7c68b8df, L:/127.0.0.1:64390 - R:localhost/127.0.0.1:10889] for POST '/session/14f61660-7bcc-4279-b6a3-7163a94e0626/element/5a06997f-de22-4a40-8aec-f9ec48059169/element'
15:50:16.343 [AsyncHttpClient-3-1] DEBUG o.a.netty.handler.HttpHandler - 

Request DefaultHttpRequest(decodeResult: success, version: HTTP/1.1)
POST /session/14f61660-7bcc-4279-b6a3-7163a94e0626/element/5a06997f-de22-4a40-8aec-f9ec48059169/element HTTP/1.1
User-Agent: selenium/4.0.0-alpha-5 (java windows)
Content-Length: 103
Content-Type: application/json; charset=utf-8
host: localhost:10889
accept: */*

Response DefaultHttpResponse(decodeResult: success, version: HTTP/1.1)
HTTP/1.1 200 OK
content-type: application/json; charset=utf-8
cache-control: no-cache
content-length: 88
date: Thu, 25 Jun 2020 12:50:16 GMT

15:50:16.344 [AsyncHttpClient-3-1] DEBUG o.a.netty.channel.ChannelManager - Adding key: http://localhost:10889 for channel [id: 0x7c68b8df, L:/127.0.0.1:64390 - R:localhost/127.0.0.1:10889]
15:50:16.344 [Forwarding getElementText on session 14f61660-7bcc-4279-b6a3-7163a94e0626 to remote] DEBUG o.a.netty.request.NettyRequestSender - Using pooled Channel '[id: 0x7c68b8df, L:/127.0.0.1:64390 - R:localhost/127.0.0.1:10889]' for 'GET' to 'http://localhost:10889/session/14f61660-7bcc-4279-b6a3-7163a94e0626/element/a92588ae-2b77-4b97-822b-e3dc61145c3f/text'
15:50:16.344 [Forwarding getElementText on session 14f61660-7bcc-4279-b6a3-7163a94e0626 to remote] DEBUG o.a.netty.request.NettyRequestSender - Using open Channel [id: 0x7c68b8df, L:/127.0.0.1:64390 - R:localhost/127.0.0.1:10889] for GET '/session/14f61660-7bcc-4279-b6a3-7163a94e0626/element/a92588ae-2b77-4b97-822b-e3dc61145c3f/text'
15:50:16.351 [AsyncHttpClient-3-1] DEBUG o.a.netty.handler.HttpHandler - 

Request DefaultFullHttpRequest(decodeResult: success, version: HTTP/1.1, content: EmptyByteBufBE)
GET /session/14f61660-7bcc-4279-b6a3-7163a94e0626/element/a92588ae-2b77-4b97-822b-e3dc61145c3f/text HTTP/1.1
User-Agent: selenium/4.0.0-alpha-5 (java windows)
Cache-Control: no-cache
host: localhost:10889
accept: */*

Response DefaultHttpResponse(decodeResult: success, version: HTTP/1.1)
HTTP/1.1 200 OK
content-type: application/json; charset=utf-8
cache-control: no-cache
content-length: 57
date: Thu, 25 Jun 2020 12:50:16 GMT

15:50:16.352 [AsyncHttpClient-3-1] DEBUG o.a.netty.channel.ChannelManager - Adding key: http://localhost:10889 for channel [id: 0x7c68b8df, L:/127.0.0.1:64390 - R:localhost/127.0.0.1:10889]
15:50:16.352 [Forwarding findChildElement on session 14f61660-7bcc-4279-b6a3-7163a94e0626 to remote] DEBUG o.a.netty.request.NettyRequestSender - Using pooled Channel '[id: 0x7c68b8df, L:/127.0.0.1:64390 - R:localhost/127.0.0.1:10889]' for 'POST' to 'http://localhost:10889/session/14f61660-7bcc-4279-b6a3-7163a94e0626/element/5a06997f-de22-4a40-8aec-f9ec48059169/element'
15:50:16.352 [Forwarding findChildElement on session 14f61660-7bcc-4279-b6a3-7163a94e0626 to remote] DEBUG o.a.netty.request.NettyRequestSender - Using open Channel [id: 0x7c68b8df, L:/127.0.0.1:64390 - R:localhost/127.0.0.1:10889] for POST '/session/14f61660-7bcc-4279-b6a3-7163a94e0626/element/5a06997f-de22-4a40-8aec-f9ec48059169/element'
15:50:16.355 [AsyncHttpClient-3-1] DEBUG o.a.netty.handler.HttpHandler - 

Request DefaultHttpRequest(decodeResult: success, version: HTTP/1.1)
POST /session/14f61660-7bcc-4279-b6a3-7163a94e0626/element/5a06997f-de22-4a40-8aec-f9ec48059169/element HTTP/1.1
User-Agent: selenium/4.0.0-alpha-5 (java windows)
Content-Length: 97
Content-Type: application/json; charset=utf-8
host: localhost:10889
accept: */*

Response DefaultHttpResponse(decodeResult: success, version: HTTP/1.1)
HTTP/1.1 200 OK
content-type: application/json; charset=utf-8
cache-control: no-cache
content-length: 88
date: Thu, 25 Jun 2020 12:50:16 GMT

15:50:16.356 [AsyncHttpClient-3-1] DEBUG o.a.netty.channel.ChannelManager - Adding key: http://localhost:10889 for channel [id: 0x7c68b8df, L:/127.0.0.1:64390 - R:localhost/127.0.0.1:10889]
15:50:16.358 [Forwarding getElementAttribute on session 14f61660-7bcc-4279-b6a3-7163a94e0626 to remote] DEBUG o.a.netty.request.NettyRequestSender - Using pooled Channel '[id: 0x7c68b8df, L:/127.0.0.1:64390 - R:localhost/127.0.0.1:10889]' for 'POST' to 'http://localhost:10889/session/14f61660-7bcc-4279-b6a3-7163a94e0626/execute/sync'
15:50:16.358 [Forwarding getElementAttribute on session 14f61660-7bcc-4279-b6a3-7163a94e0626 to remote] DEBUG o.a.netty.request.NettyRequestSender - Using open Channel [id: 0x7c68b8df, L:/127.0.0.1:64390 - R:localhost/127.0.0.1:10889] for POST '/session/14f61660-7bcc-4279-b6a3-7163a94e0626/execute/sync'
15:50:16.370 [AsyncHttpClient-3-1] DEBUG o.a.netty.handler.HttpHandler - 

Request DefaultHttpRequest(decodeResult: success, version: HTTP/1.1)
POST /session/14f61660-7bcc-4279-b6a3-7163a94e0626/execute/sync HTTP/1.1
User-Agent: selenium/4.0.0-alpha-5 (java windows)
Content-Length: 39635
Content-Type: application/json; charset=utf-8
host: localhost:10889
accept: */*

Response DefaultHttpResponse(decodeResult: success, version: HTTP/1.1)
HTTP/1.1 200 OK
content-type: application/json; charset=utf-8
cache-control: no-cache
content-length: 15
date: Thu, 25 Jun 2020 12:50:16 GMT

15:50:16.370 [AsyncHttpClient-3-1] DEBUG o.a.netty.channel.ChannelManager - Adding key: http://localhost:10889 for channel [id: 0x7c68b8df, L:/127.0.0.1:64390 - R:localhost/127.0.0.1:10889]
15:50:16.371 [Forwarding findChildElement on session 14f61660-7bcc-4279-b6a3-7163a94e0626 to remote] DEBUG o.a.netty.request.NettyRequestSender - Using pooled Channel '[id: 0x7c68b8df, L:/127.0.0.1:64390 - R:localhost/127.0.0.1:10889]' for 'POST' to 'http://localhost:10889/session/14f61660-7bcc-4279-b6a3-7163a94e0626/element/c3068db0-f25e-4c63-b3e4-8683852182e9/element'
15:50:16.371 [Forwarding findChildElement on session 14f61660-7bcc-4279-b6a3-7163a94e0626 to remote] DEBUG o.a.netty.request.NettyRequestSender - Using open Channel [id: 0x7c68b8df, L:/127.0.0.1:64390 - R:localhost/127.0.0.1:10889] for POST '/session/14f61660-7bcc-4279-b6a3-7163a94e0626/element/c3068db0-f25e-4c63-b3e4-8683852182e9/element'
15:50:16.374 [AsyncHttpClient-3-1] DEBUG o.a.netty.handler.HttpHandler - 

Request DefaultHttpRequest(decodeResult: success, version: HTTP/1.1)
POST /session/14f61660-7bcc-4279-b6a3-7163a94e0626/element/c3068db0-f25e-4c63-b3e4-8683852182e9/element HTTP/1.1
User-Agent: selenium/4.0.0-alpha-5 (java windows)
Content-Length: 103
Content-Type: application/json; charset=utf-8
host: localhost:10889
accept: */*

Response DefaultHttpResponse(decodeResult: success, version: HTTP/1.1)
HTTP/1.1 200 OK
content-type: application/json; charset=utf-8
cache-control: no-cache
content-length: 88
date: Thu, 25 Jun 2020 12:50:16 GMT

15:50:16.374 [AsyncHttpClient-3-1] DEBUG o.a.netty.channel.ChannelManager - Adding key: http://localhost:10889 for channel [id: 0x7c68b8df, L:/127.0.0.1:64390 - R:localhost/127.0.0.1:10889]
15:50:16.374 [Forwarding getElementText on session 14f61660-7bcc-4279-b6a3-7163a94e0626 to remote] DEBUG o.a.netty.request.NettyRequestSender - Using pooled Channel '[id: 0x7c68b8df, L:/127.0.0.1:64390 - R:localhost/127.0.0.1:10889]' for 'GET' to 'http://localhost:10889/session/14f61660-7bcc-4279-b6a3-7163a94e0626/element/6a5f5e4b-c32e-4bbc-ba22-d1c136f5416a/text'
15:50:16.374 [Forwarding getElementText on session 14f61660-7bcc-4279-b6a3-7163a94e0626 to remote] DEBUG o.a.netty.request.NettyRequestSender - Using open Channel [id: 0x7c68b8df, L:/127.0.0.1:64390 - R:localhost/127.0.0.1:10889] for GET '/session/14f61660-7bcc-4279-b6a3-7163a94e0626/element/6a5f5e4b-c32e-4bbc-ba22-d1c136f5416a/text'
15:50:16.379 [AsyncHttpClient-3-1] DEBUG o.a.netty.handler.HttpHandler - 

Request DefaultFullHttpRequest(decodeResult: success, version: HTTP/1.1, content: EmptyByteBufBE)
GET /session/14f61660-7bcc-4279-b6a3-7163a94e0626/element/6a5f5e4b-c32e-4bbc-ba22-d1c136f5416a/text HTTP/1.1
User-Agent: selenium/4.0.0-alpha-5 (java windows)
Cache-Control: no-cache
host: localhost:10889
accept: */*

Response DefaultHttpResponse(decodeResult: success, version: HTTP/1.1)
HTTP/1.1 200 OK
content-type: application/json; charset=utf-8
cache-control: no-cache
content-length: 18
date: Thu, 25 Jun 2020 12:50:16 GMT

15:50:16.379 [AsyncHttpClient-3-1] DEBUG o.a.netty.channel.ChannelManager - Adding key: http://localhost:10889 for channel [id: 0x7c68b8df, L:/127.0.0.1:64390 - R:localhost/127.0.0.1:10889]
15:50:16.380 [Forwarding findChildElement on session 14f61660-7bcc-4279-b6a3-7163a94e0626 to remote] DEBUG o.a.netty.request.NettyRequestSender - Using pooled Channel '[id: 0x7c68b8df, L:/127.0.0.1:64390 - R:localhost/127.0.0.1:10889]' for 'POST' to 'http://localhost:10889/session/14f61660-7bcc-4279-b6a3-7163a94e0626/element/c3068db0-f25e-4c63-b3e4-8683852182e9/element'
15:50:16.380 [Forwarding findChildElement on session 14f61660-7bcc-4279-b6a3-7163a94e0626 to remote] DEBUG o.a.netty.request.NettyRequestSender - Using open Channel [id: 0x7c68b8df, L:/127.0.0.1:64390 - R:localhost/127.0.0.1:10889] for POST '/session/14f61660-7bcc-4279-b6a3-7163a94e0626/element/c3068db0-f25e-4c63-b3e4-8683852182e9/element'
15:50:16.383 [AsyncHttpClient-3-1] DEBUG o.a.netty.handler.HttpHandler - 

Request DefaultHttpRequest(decodeResult: success, version: HTTP/1.1)
POST /session/14f61660-7bcc-4279-b6a3-7163a94e0626/element/c3068db0-f25e-4c63-b3e4-8683852182e9/element HTTP/1.1
User-Agent: selenium/4.0.0-alpha-5 (java windows)
Content-Length: 103
Content-Type: application/json; charset=utf-8
host: localhost:10889
accept: */*

Response DefaultHttpResponse(decodeResult: success, version: HTTP/1.1)
HTTP/1.1 200 OK
content-type: application/json; charset=utf-8
cache-control: no-cache
content-length: 88
date: Thu, 25 Jun 2020 12:50:16 GMT

15:50:16.384 [AsyncHttpClient-3-1] DEBUG o.a.netty.channel.ChannelManager - Adding key: http://localhost:10889 for channel [id: 0x7c68b8df, L:/127.0.0.1:64390 - R:localhost/127.0.0.1:10889]
15:50:16.384 [Forwarding getElementText on session 14f61660-7bcc-4279-b6a3-7163a94e0626 to remote] DEBUG o.a.netty.request.NettyRequestSender - Using pooled Channel '[id: 0x7c68b8df, L:/127.0.0.1:64390 - R:localhost/127.0.0.1:10889]' for 'GET' to 'http://localhost:10889/session/14f61660-7bcc-4279-b6a3-7163a94e0626/element/4ad23944-a22f-4467-ad6c-7600fbf6d5ab/text'
15:50:16.384 [Forwarding getElementText on session 14f61660-7bcc-4279-b6a3-7163a94e0626 to remote] DEBUG o.a.netty.request.NettyRequestSender - Using open Channel [id: 0x7c68b8df, L:/127.0.0.1:64390 - R:localhost/127.0.0.1:10889] for GET '/session/14f61660-7bcc-4279-b6a3-7163a94e0626/element/4ad23944-a22f-4467-ad6c-7600fbf6d5ab/text'
15:50:16.388 [AsyncHttpClient-3-1] DEBUG o.a.netty.handler.HttpHandler - 

Request DefaultFullHttpRequest(decodeResult: success, version: HTTP/1.1, content: EmptyByteBufBE)
GET /session/14f61660-7bcc-4279-b6a3-7163a94e0626/element/4ad23944-a22f-4467-ad6c-7600fbf6d5ab/text HTTP/1.1
User-Agent: selenium/4.0.0-alpha-5 (java windows)
Cache-Control: no-cache
host: localhost:10889
accept: */*

Response DefaultHttpResponse(decodeResult: success, version: HTTP/1.1)
HTTP/1.1 200 OK
content-type: application/json; charset=utf-8
cache-control: no-cache
content-length: 22
date: Thu, 25 Jun 2020 12:50:16 GMT

15:50:16.388 [AsyncHttpClient-3-1] DEBUG o.a.netty.channel.ChannelManager - Adding key: http://localhost:10889 for channel [id: 0x7c68b8df, L:/127.0.0.1:64390 - R:localhost/127.0.0.1:10889]
15:50:16.389 [Forwarding findChildElement on session 14f61660-7bcc-4279-b6a3-7163a94e0626 to remote] DEBUG o.a.netty.request.NettyRequestSender - Using pooled Channel '[id: 0x7c68b8df, L:/127.0.0.1:64390 - R:localhost/127.0.0.1:10889]' for 'POST' to 'http://localhost:10889/session/14f61660-7bcc-4279-b6a3-7163a94e0626/element/c3068db0-f25e-4c63-b3e4-8683852182e9/element'
15:50:16.389 [Forwarding findChildElement on session 14f61660-7bcc-4279-b6a3-7163a94e0626 to remote] DEBUG o.a.netty.request.NettyRequestSender - Using open Channel [id: 0x7c68b8df, L:/127.0.0.1:64390 - R:localhost/127.0.0.1:10889] for POST '/session/14f61660-7bcc-4279-b6a3-7163a94e0626/element/c3068db0-f25e-4c63-b3e4-8683852182e9/element'
15:50:16.393 [AsyncHttpClient-3-1] DEBUG o.a.netty.handler.HttpHandler - 

Request DefaultHttpRequest(decodeResult: success, version: HTTP/1.1)
POST /session/14f61660-7bcc-4279-b6a3-7163a94e0626/element/c3068db0-f25e-4c63-b3e4-8683852182e9/element HTTP/1.1
User-Agent: selenium/4.0.0-alpha-5 (java windows)
Content-Length: 103
Content-Type: application/json; charset=utf-8
host: localhost:10889
accept: */*

Response DefaultHttpResponse(decodeResult: success, version: HTTP/1.1)
HTTP/1.1 200 OK
content-type: application/json; charset=utf-8
cache-control: no-cache
content-length: 88
date: Thu, 25 Jun 2020 12:50:16 GMT

15:50:16.393 [AsyncHttpClient-3-1] DEBUG o.a.netty.channel.ChannelManager - Adding key: http://localhost:10889 for channel [id: 0x7c68b8df, L:/127.0.0.1:64390 - R:localhost/127.0.0.1:10889]
15:50:16.393 [Forwarding getElementText on session 14f61660-7bcc-4279-b6a3-7163a94e0626 to remote] DEBUG o.a.netty.request.NettyRequestSender - Using pooled Channel '[id: 0x7c68b8df, L:/127.0.0.1:64390 - R:localhost/127.0.0.1:10889]' for 'GET' to 'http://localhost:10889/session/14f61660-7bcc-4279-b6a3-7163a94e0626/element/a2602c24-f453-4834-bbae-c0151725e2cd/text'
15:50:16.393 [Forwarding getElementText on session 14f61660-7bcc-4279-b6a3-7163a94e0626 to remote] DEBUG o.a.netty.request.NettyRequestSender - Using open Channel [id: 0x7c68b8df, L:/127.0.0.1:64390 - R:localhost/127.0.0.1:10889] for GET '/session/14f61660-7bcc-4279-b6a3-7163a94e0626/element/a2602c24-f453-4834-bbae-c0151725e2cd/text'
15:50:16.397 [AsyncHttpClient-3-1] DEBUG o.a.netty.handler.HttpHandler - 

Request DefaultFullHttpRequest(decodeResult: success, version: HTTP/1.1, content: EmptyByteBufBE)
GET /session/14f61660-7bcc-4279-b6a3-7163a94e0626/element/a2602c24-f453-4834-bbae-c0151725e2cd/text HTTP/1.1
User-Agent: selenium/4.0.0-alpha-5 (java windows)
Cache-Control: no-cache
host: localhost:10889
accept: */*

Response DefaultHttpResponse(decodeResult: success, version: HTTP/1.1)
HTTP/1.1 200 OK
content-type: application/json; charset=utf-8
cache-control: no-cache
content-length: 21
date: Thu, 25 Jun 2020 12:50:16 GMT

15:50:16.397 [AsyncHttpClient-3-1] DEBUG o.a.netty.channel.ChannelManager - Adding key: http://localhost:10889 for channel [id: 0x7c68b8df, L:/127.0.0.1:64390 - R:localhost/127.0.0.1:10889]
15:50:16.398 [Forwarding findChildElement on session 14f61660-7bcc-4279-b6a3-7163a94e0626 to remote] DEBUG o.a.netty.request.NettyRequestSender - Using pooled Channel '[id: 0x7c68b8df, L:/127.0.0.1:64390 - R:localhost/127.0.0.1:10889]' for 'POST' to 'http://localhost:10889/session/14f61660-7bcc-4279-b6a3-7163a94e0626/element/c3068db0-f25e-4c63-b3e4-8683852182e9/element'
15:50:16.398 [Forwarding findChildElement on session 14f61660-7bcc-4279-b6a3-7163a94e0626 to remote] DEBUG o.a.netty.request.NettyRequestSender - Using open Channel [id: 0x7c68b8df, L:/127.0.0.1:64390 - R:localhost/127.0.0.1:10889] for POST '/session/14f61660-7bcc-4279-b6a3-7163a94e0626/element/c3068db0-f25e-4c63-b3e4-8683852182e9/element'
15:50:16.401 [AsyncHttpClient-3-1] DEBUG o.a.netty.handler.HttpHandler - 

Request DefaultHttpRequest(decodeResult: success, version: HTTP/1.1)
POST /session/14f61660-7bcc-4279-b6a3-7163a94e0626/element/c3068db0-f25e-4c63-b3e4-8683852182e9/element HTTP/1.1
User-Agent: selenium/4.0.0-alpha-5 (java windows)
Content-Length: 103
Content-Type: application/json; charset=utf-8
host: localhost:10889
accept: */*

Response DefaultHttpResponse(decodeResult: success, version: HTTP/1.1)
HTTP/1.1 200 OK
content-type: application/json; charset=utf-8
cache-control: no-cache
content-length: 88
date: Thu, 25 Jun 2020 12:50:16 GMT

15:50:16.401 [AsyncHttpClient-3-1] DEBUG o.a.netty.channel.ChannelManager - Adding key: http://localhost:10889 for channel [id: 0x7c68b8df, L:/127.0.0.1:64390 - R:localhost/127.0.0.1:10889]
15:50:16.402 [Forwarding getElementText on session 14f61660-7bcc-4279-b6a3-7163a94e0626 to remote] DEBUG o.a.netty.request.NettyRequestSender - Using pooled Channel '[id: 0x7c68b8df, L:/127.0.0.1:64390 - R:localhost/127.0.0.1:10889]' for 'GET' to 'http://localhost:10889/session/14f61660-7bcc-4279-b6a3-7163a94e0626/element/6185cab5-118e-462f-b57f-6adf5c3e6b24/text'
15:50:16.402 [Forwarding getElementText on session 14f61660-7bcc-4279-b6a3-7163a94e0626 to remote] DEBUG o.a.netty.request.NettyRequestSender - Using open Channel [id: 0x7c68b8df, L:/127.0.0.1:64390 - R:localhost/127.0.0.1:10889] for GET '/session/14f61660-7bcc-4279-b6a3-7163a94e0626/element/6185cab5-118e-462f-b57f-6adf5c3e6b24/text'
15:50:16.406 [AsyncHttpClient-3-1] DEBUG o.a.netty.handler.HttpHandler - 

Request DefaultFullHttpRequest(decodeResult: success, version: HTTP/1.1, content: EmptyByteBufBE)
GET /session/14f61660-7bcc-4279-b6a3-7163a94e0626/element/6185cab5-118e-462f-b57f-6adf5c3e6b24/text HTTP/1.1
User-Agent: selenium/4.0.0-alpha-5 (java windows)
Cache-Control: no-cache
host: localhost:10889
accept: */*

Response DefaultHttpResponse(decodeResult: success, version: HTTP/1.1)
HTTP/1.1 200 OK
content-type: application/json; charset=utf-8
cache-control: no-cache
content-length: 45
date: Thu, 25 Jun 2020 12:50:16 GMT

15:50:16.406 [AsyncHttpClient-3-1] DEBUG o.a.netty.channel.ChannelManager - Adding key: http://localhost:10889 for channel [id: 0x7c68b8df, L:/127.0.0.1:64390 - R:localhost/127.0.0.1:10889]
15:50:16.407 [Forwarding findChildElement on session 14f61660-7bcc-4279-b6a3-7163a94e0626 to remote] DEBUG o.a.netty.request.NettyRequestSender - Using pooled Channel '[id: 0x7c68b8df, L:/127.0.0.1:64390 - R:localhost/127.0.0.1:10889]' for 'POST' to 'http://localhost:10889/session/14f61660-7bcc-4279-b6a3-7163a94e0626/element/c3068db0-f25e-4c63-b3e4-8683852182e9/element'
15:50:16.407 [Forwarding findChildElement on session 14f61660-7bcc-4279-b6a3-7163a94e0626 to remote] DEBUG o.a.netty.request.NettyRequestSender - Using open Channel [id: 0x7c68b8df, L:/127.0.0.1:64390 - R:localhost/127.0.0.1:10889] for POST '/session/14f61660-7bcc-4279-b6a3-7163a94e0626/element/c3068db0-f25e-4c63-b3e4-8683852182e9/element'
15:50:16.410 [AsyncHttpClient-3-1] DEBUG o.a.netty.handler.HttpHandler - 

Request DefaultHttpRequest(decodeResult: success, version: HTTP/1.1)
POST /session/14f61660-7bcc-4279-b6a3-7163a94e0626/element/c3068db0-f25e-4c63-b3e4-8683852182e9/element HTTP/1.1
User-Agent: selenium/4.0.0-alpha-5 (java windows)
Content-Length: 103
Content-Type: application/json; charset=utf-8
host: localhost:10889
accept: */*

Response DefaultHttpResponse(decodeResult: success, version: HTTP/1.1)
HTTP/1.1 200 OK
content-type: application/json; charset=utf-8
cache-control: no-cache
content-length: 88
date: Thu, 25 Jun 2020 12:50:16 GMT

15:50:16.410 [AsyncHttpClient-3-1] DEBUG o.a.netty.channel.ChannelManager - Adding key: http://localhost:10889 for channel [id: 0x7c68b8df, L:/127.0.0.1:64390 - R:localhost/127.0.0.1:10889]
15:50:16.410 [Forwarding getElementText on session 14f61660-7bcc-4279-b6a3-7163a94e0626 to remote] DEBUG o.a.netty.request.NettyRequestSender - Using pooled Channel '[id: 0x7c68b8df, L:/127.0.0.1:64390 - R:localhost/127.0.0.1:10889]' for 'GET' to 'http://localhost:10889/session/14f61660-7bcc-4279-b6a3-7163a94e0626/element/d46bf46a-ddc1-4a37-99aa-c03e268c3ef4/text'
15:50:16.411 [Forwarding getElementText on session 14f61660-7bcc-4279-b6a3-7163a94e0626 to remote] DEBUG o.a.netty.request.NettyRequestSender - Using open Channel [id: 0x7c68b8df, L:/127.0.0.1:64390 - R:localhost/127.0.0.1:10889] for GET '/session/14f61660-7bcc-4279-b6a3-7163a94e0626/element/d46bf46a-ddc1-4a37-99aa-c03e268c3ef4/text'
15:50:16.417 [AsyncHttpClient-3-1] DEBUG o.a.netty.handler.HttpHandler - 

Request DefaultFullHttpRequest(decodeResult: success, version: HTTP/1.1, content: EmptyByteBufBE)
GET /session/14f61660-7bcc-4279-b6a3-7163a94e0626/element/d46bf46a-ddc1-4a37-99aa-c03e268c3ef4/text HTTP/1.1
User-Agent: selenium/4.0.0-alpha-5 (java windows)
Cache-Control: no-cache
host: localhost:10889
accept: */*

Response DefaultHttpResponse(decodeResult: success, version: HTTP/1.1)
HTTP/1.1 200 OK
content-type: application/json; charset=utf-8
cache-control: no-cache
content-length: 57
date: Thu, 25 Jun 2020 12:50:16 GMT

15:50:16.417 [AsyncHttpClient-3-1] DEBUG o.a.netty.channel.ChannelManager - Adding key: http://localhost:10889 for channel [id: 0x7c68b8df, L:/127.0.0.1:64390 - R:localhost/127.0.0.1:10889]
15:50:16.418 [Forwarding findChildElement on session 14f61660-7bcc-4279-b6a3-7163a94e0626 to remote] DEBUG o.a.netty.request.NettyRequestSender - Using pooled Channel '[id: 0x7c68b8df, L:/127.0.0.1:64390 - R:localhost/127.0.0.1:10889]' for 'POST' to 'http://localhost:10889/session/14f61660-7bcc-4279-b6a3-7163a94e0626/element/c3068db0-f25e-4c63-b3e4-8683852182e9/element'
15:50:16.418 [Forwarding findChildElement on session 14f61660-7bcc-4279-b6a3-7163a94e0626 to remote] DEBUG o.a.netty.request.NettyRequestSender - Using open Channel [id: 0x7c68b8df, L:/127.0.0.1:64390 - R:localhost/127.0.0.1:10889] for POST '/session/14f61660-7bcc-4279-b6a3-7163a94e0626/element/c3068db0-f25e-4c63-b3e4-8683852182e9/element'
15:50:16.421 [AsyncHttpClient-3-1] DEBUG o.a.netty.handler.HttpHandler - 

Request DefaultHttpRequest(decodeResult: success, version: HTTP/1.1)
POST /session/14f61660-7bcc-4279-b6a3-7163a94e0626/element/c3068db0-f25e-4c63-b3e4-8683852182e9/element HTTP/1.1
User-Agent: selenium/4.0.0-alpha-5 (java windows)
Content-Length: 97
Content-Type: application/json; charset=utf-8
host: localhost:10889
accept: */*

Response DefaultHttpResponse(decodeResult: success, version: HTTP/1.1)
HTTP/1.1 200 OK
content-type: application/json; charset=utf-8
cache-control: no-cache
content-length: 88
date: Thu, 25 Jun 2020 12:50:16 GMT

15:50:16.421 [AsyncHttpClient-3-1] DEBUG o.a.netty.channel.ChannelManager - Adding key: http://localhost:10889 for channel [id: 0x7c68b8df, L:/127.0.0.1:64390 - R:localhost/127.0.0.1:10889]
15:50:16.423 [Forwarding getElementAttribute on session 14f61660-7bcc-4279-b6a3-7163a94e0626 to remote] DEBUG o.a.netty.request.NettyRequestSender - Using pooled Channel '[id: 0x7c68b8df, L:/127.0.0.1:64390 - R:localhost/127.0.0.1:10889]' for 'POST' to 'http://localhost:10889/session/14f61660-7bcc-4279-b6a3-7163a94e0626/execute/sync'
15:50:16.424 [Forwarding getElementAttribute on session 14f61660-7bcc-4279-b6a3-7163a94e0626 to remote] DEBUG o.a.netty.request.NettyRequestSender - Using open Channel [id: 0x7c68b8df, L:/127.0.0.1:64390 - R:localhost/127.0.0.1:10889] for POST '/session/14f61660-7bcc-4279-b6a3-7163a94e0626/execute/sync'
15:50:16.436 [AsyncHttpClient-3-1] DEBUG o.a.netty.handler.HttpHandler - 

Request DefaultHttpRequest(decodeResult: success, version: HTTP/1.1)
POST /session/14f61660-7bcc-4279-b6a3-7163a94e0626/execute/sync HTTP/1.1
User-Agent: selenium/4.0.0-alpha-5 (java windows)
Content-Length: 39635
Content-Type: application/json; charset=utf-8
host: localhost:10889
accept: */*

Response DefaultHttpResponse(decodeResult: success, version: HTTP/1.1)
HTTP/1.1 200 OK
content-type: application/json; charset=utf-8
cache-control: no-cache
content-length: 15
date: Thu, 25 Jun 2020 12:50:16 GMT

15:50:16.436 [AsyncHttpClient-3-1] DEBUG o.a.netty.channel.ChannelManager - Adding key: http://localhost:10889 for channel [id: 0x7c68b8df, L:/127.0.0.1:64390 - R:localhost/127.0.0.1:10889]
15:50:16.436 [Forwarding findChildElement on session 14f61660-7bcc-4279-b6a3-7163a94e0626 to remote] DEBUG o.a.netty.request.NettyRequestSender - Using pooled Channel '[id: 0x7c68b8df, L:/127.0.0.1:64390 - R:localhost/127.0.0.1:10889]' for 'POST' to 'http://localhost:10889/session/14f61660-7bcc-4279-b6a3-7163a94e0626/element/5b92afde-ba1c-472b-bbe1-490f661f4821/element'
15:50:16.436 [Forwarding findChildElement on session 14f61660-7bcc-4279-b6a3-7163a94e0626 to remote] DEBUG o.a.netty.request.NettyRequestSender - Using open Channel [id: 0x7c68b8df, L:/127.0.0.1:64390 - R:localhost/127.0.0.1:10889] for POST '/session/14f61660-7bcc-4279-b6a3-7163a94e0626/element/5b92afde-ba1c-472b-bbe1-490f661f4821/element'
15:50:16.440 [AsyncHttpClient-3-1] DEBUG o.a.netty.handler.HttpHandler - 

Request DefaultHttpRequest(decodeResult: success, version: HTTP/1.1)
POST /session/14f61660-7bcc-4279-b6a3-7163a94e0626/element/5b92afde-ba1c-472b-bbe1-490f661f4821/element HTTP/1.1
User-Agent: selenium/4.0.0-alpha-5 (java windows)
Content-Length: 103
Content-Type: application/json; charset=utf-8
host: localhost:10889
accept: */*

Response DefaultHttpResponse(decodeResult: success, version: HTTP/1.1)
HTTP/1.1 200 OK
content-type: application/json; charset=utf-8
cache-control: no-cache
content-length: 88
date: Thu, 25 Jun 2020 12:50:16 GMT

15:50:16.440 [AsyncHttpClient-3-1] DEBUG o.a.netty.channel.ChannelManager - Adding key: http://localhost:10889 for channel [id: 0x7c68b8df, L:/127.0.0.1:64390 - R:localhost/127.0.0.1:10889]
15:50:16.440 [Forwarding getElementText on session 14f61660-7bcc-4279-b6a3-7163a94e0626 to remote] DEBUG o.a.netty.request.NettyRequestSender - Using pooled Channel '[id: 0x7c68b8df, L:/127.0.0.1:64390 - R:localhost/127.0.0.1:10889]' for 'GET' to 'http://localhost:10889/session/14f61660-7bcc-4279-b6a3-7163a94e0626/element/95fa3f58-5e23-494a-9841-7b056c9fdfbb/text'
15:50:16.440 [Forwarding getElementText on session 14f61660-7bcc-4279-b6a3-7163a94e0626 to remote] DEBUG o.a.netty.request.NettyRequestSender - Using open Channel [id: 0x7c68b8df, L:/127.0.0.1:64390 - R:localhost/127.0.0.1:10889] for GET '/session/14f61660-7bcc-4279-b6a3-7163a94e0626/element/95fa3f58-5e23-494a-9841-7b056c9fdfbb/text'
15:50:16.445 [AsyncHttpClient-3-1] DEBUG o.a.netty.handler.HttpHandler - 

Request DefaultFullHttpRequest(decodeResult: success, version: HTTP/1.1, content: EmptyByteBufBE)
GET /session/14f61660-7bcc-4279-b6a3-7163a94e0626/element/95fa3f58-5e23-494a-9841-7b056c9fdfbb/text HTTP/1.1
User-Agent: selenium/4.0.0-alpha-5 (java windows)
Cache-Control: no-cache
host: localhost:10889
accept: */*

Response DefaultHttpResponse(decodeResult: success, version: HTTP/1.1)
HTTP/1.1 200 OK
content-type: application/json; charset=utf-8
cache-control: no-cache
content-length: 18
date: Thu, 25 Jun 2020 12:50:16 GMT

15:50:16.445 [AsyncHttpClient-3-1] DEBUG o.a.netty.channel.ChannelManager - Adding key: http://localhost:10889 for channel [id: 0x7c68b8df, L:/127.0.0.1:64390 - R:localhost/127.0.0.1:10889]
15:50:16.446 [Forwarding findChildElement on session 14f61660-7bcc-4279-b6a3-7163a94e0626 to remote] DEBUG o.a.netty.request.NettyRequestSender - Using pooled Channel '[id: 0x7c68b8df, L:/127.0.0.1:64390 - R:localhost/127.0.0.1:10889]' for 'POST' to 'http://localhost:10889/session/14f61660-7bcc-4279-b6a3-7163a94e0626/element/5b92afde-ba1c-472b-bbe1-490f661f4821/element'
15:50:16.446 [Forwarding findChildElement on session 14f61660-7bcc-4279-b6a3-7163a94e0626 to remote] DEBUG o.a.netty.request.NettyRequestSender - Using open Channel [id: 0x7c68b8df, L:/127.0.0.1:64390 - R:localhost/127.0.0.1:10889] for POST '/session/14f61660-7bcc-4279-b6a3-7163a94e0626/element/5b92afde-ba1c-472b-bbe1-490f661f4821/element'
15:50:16.449 [AsyncHttpClient-3-1] DEBUG o.a.netty.handler.HttpHandler - 

Request DefaultHttpRequest(decodeResult: success, version: HTTP/1.1)
POST /session/14f61660-7bcc-4279-b6a3-7163a94e0626/element/5b92afde-ba1c-472b-bbe1-490f661f4821/element HTTP/1.1
User-Agent: selenium/4.0.0-alpha-5 (java windows)
Content-Length: 103
Content-Type: application/json; charset=utf-8
host: localhost:10889
accept: */*

Response DefaultHttpResponse(decodeResult: success, version: HTTP/1.1)
HTTP/1.1 200 OK
content-type: application/json; charset=utf-8
cache-control: no-cache
content-length: 88
date: Thu, 25 Jun 2020 12:50:16 GMT

15:50:16.449 [AsyncHttpClient-3-1] DEBUG o.a.netty.channel.ChannelManager - Adding key: http://localhost:10889 for channel [id: 0x7c68b8df, L:/127.0.0.1:64390 - R:localhost/127.0.0.1:10889]
15:50:16.450 [Forwarding getElementText on session 14f61660-7bcc-4279-b6a3-7163a94e0626 to remote] DEBUG o.a.netty.request.NettyRequestSender - Using pooled Channel '[id: 0x7c68b8df, L:/127.0.0.1:64390 - R:localhost/127.0.0.1:10889]' for 'GET' to 'http://localhost:10889/session/14f61660-7bcc-4279-b6a3-7163a94e0626/element/b77ef2be-1735-4a64-a821-adbada8eaa2f/text'
15:50:16.450 [Forwarding getElementText on session 14f61660-7bcc-4279-b6a3-7163a94e0626 to remote] DEBUG o.a.netty.request.NettyRequestSender - Using open Channel [id: 0x7c68b8df, L:/127.0.0.1:64390 - R:localhost/127.0.0.1:10889] for GET '/session/14f61660-7bcc-4279-b6a3-7163a94e0626/element/b77ef2be-1735-4a64-a821-adbada8eaa2f/text'
15:50:16.454 [AsyncHttpClient-3-1] DEBUG o.a.netty.handler.HttpHandler - 

Request DefaultFullHttpRequest(decodeResult: success, version: HTTP/1.1, content: EmptyByteBufBE)
GET /session/14f61660-7bcc-4279-b6a3-7163a94e0626/element/b77ef2be-1735-4a64-a821-adbada8eaa2f/text HTTP/1.1
User-Agent: selenium/4.0.0-alpha-5 (java windows)
Cache-Control: no-cache
host: localhost:10889
accept: */*

Response DefaultHttpResponse(decodeResult: success, version: HTTP/1.1)
HTTP/1.1 200 OK
content-type: application/json; charset=utf-8
cache-control: no-cache
content-length: 22
date: Thu, 25 Jun 2020 12:50:16 GMT

15:50:16.454 [AsyncHttpClient-3-1] DEBUG o.a.netty.channel.ChannelManager - Adding key: http://localhost:10889 for channel [id: 0x7c68b8df, L:/127.0.0.1:64390 - R:localhost/127.0.0.1:10889]
15:50:16.455 [Forwarding findChildElement on session 14f61660-7bcc-4279-b6a3-7163a94e0626 to remote] DEBUG o.a.netty.request.NettyRequestSender - Using pooled Channel '[id: 0x7c68b8df, L:/127.0.0.1:64390 - R:localhost/127.0.0.1:10889]' for 'POST' to 'http://localhost:10889/session/14f61660-7bcc-4279-b6a3-7163a94e0626/element/5b92afde-ba1c-472b-bbe1-490f661f4821/element'
15:50:16.455 [Forwarding findChildElement on session 14f61660-7bcc-4279-b6a3-7163a94e0626 to remote] DEBUG o.a.netty.request.NettyRequestSender - Using open Channel [id: 0x7c68b8df, L:/127.0.0.1:64390 - R:localhost/127.0.0.1:10889] for POST '/session/14f61660-7bcc-4279-b6a3-7163a94e0626/element/5b92afde-ba1c-472b-bbe1-490f661f4821/element'
15:50:16.458 [AsyncHttpClient-3-1] DEBUG o.a.netty.handler.HttpHandler - 

Request DefaultHttpRequest(decodeResult: success, version: HTTP/1.1)
POST /session/14f61660-7bcc-4279-b6a3-7163a94e0626/element/5b92afde-ba1c-472b-bbe1-490f661f4821/element HTTP/1.1
User-Agent: selenium/4.0.0-alpha-5 (java windows)
Content-Length: 103
Content-Type: application/json; charset=utf-8
host: localhost:10889
accept: */*

Response DefaultHttpResponse(decodeResult: success, version: HTTP/1.1)
HTTP/1.1 200 OK
content-type: application/json; charset=utf-8
cache-control: no-cache
content-length: 88
date: Thu, 25 Jun 2020 12:50:16 GMT

15:50:16.458 [AsyncHttpClient-3-1] DEBUG o.a.netty.channel.ChannelManager - Adding key: http://localhost:10889 for channel [id: 0x7c68b8df, L:/127.0.0.1:64390 - R:localhost/127.0.0.1:10889]
15:50:16.458 [Forwarding getElementText on session 14f61660-7bcc-4279-b6a3-7163a94e0626 to remote] DEBUG o.a.netty.request.NettyRequestSender - Using pooled Channel '[id: 0x7c68b8df, L:/127.0.0.1:64390 - R:localhost/127.0.0.1:10889]' for 'GET' to 'http://localhost:10889/session/14f61660-7bcc-4279-b6a3-7163a94e0626/element/74f28da4-fe2f-4380-92cd-8f3c4ecd7175/text'
15:50:16.458 [Forwarding getElementText on session 14f61660-7bcc-4279-b6a3-7163a94e0626 to remote] DEBUG o.a.netty.request.NettyRequestSender - Using open Channel [id: 0x7c68b8df, L:/127.0.0.1:64390 - R:localhost/127.0.0.1:10889] for GET '/session/14f61660-7bcc-4279-b6a3-7163a94e0626/element/74f28da4-fe2f-4380-92cd-8f3c4ecd7175/text'
15:50:16.462 [AsyncHttpClient-3-1] DEBUG o.a.netty.handler.HttpHandler - 

Request DefaultFullHttpRequest(decodeResult: success, version: HTTP/1.1, content: EmptyByteBufBE)
GET /session/14f61660-7bcc-4279-b6a3-7163a94e0626/element/74f28da4-fe2f-4380-92cd-8f3c4ecd7175/text HTTP/1.1
User-Agent: selenium/4.0.0-alpha-5 (java windows)
Cache-Control: no-cache
host: localhost:10889
accept: */*

Response DefaultHttpResponse(decodeResult: success, version: HTTP/1.1)
HTTP/1.1 200 OK
content-type: application/json; charset=utf-8
cache-control: no-cache
content-length: 21
date: Thu, 25 Jun 2020 12:50:16 GMT

15:50:16.463 [AsyncHttpClient-3-1] DEBUG o.a.netty.channel.ChannelManager - Adding key: http://localhost:10889 for channel [id: 0x7c68b8df, L:/127.0.0.1:64390 - R:localhost/127.0.0.1:10889]
15:50:16.463 [Forwarding findChildElement on session 14f61660-7bcc-4279-b6a3-7163a94e0626 to remote] DEBUG o.a.netty.request.NettyRequestSender - Using pooled Channel '[id: 0x7c68b8df, L:/127.0.0.1:64390 - R:localhost/127.0.0.1:10889]' for 'POST' to 'http://localhost:10889/session/14f61660-7bcc-4279-b6a3-7163a94e0626/element/5b92afde-ba1c-472b-bbe1-490f661f4821/element'
15:50:16.463 [Forwarding findChildElement on session 14f61660-7bcc-4279-b6a3-7163a94e0626 to remote] DEBUG o.a.netty.request.NettyRequestSender - Using open Channel [id: 0x7c68b8df, L:/127.0.0.1:64390 - R:localhost/127.0.0.1:10889] for POST '/session/14f61660-7bcc-4279-b6a3-7163a94e0626/element/5b92afde-ba1c-472b-bbe1-490f661f4821/element'
15:50:16.466 [AsyncHttpClient-3-1] DEBUG o.a.netty.handler.HttpHandler - 

Request DefaultHttpRequest(decodeResult: success, version: HTTP/1.1)
POST /session/14f61660-7bcc-4279-b6a3-7163a94e0626/element/5b92afde-ba1c-472b-bbe1-490f661f4821/element HTTP/1.1
User-Agent: selenium/4.0.0-alpha-5 (java windows)
Content-Length: 103
Content-Type: application/json; charset=utf-8
host: localhost:10889
accept: */*

Response DefaultHttpResponse(decodeResult: success, version: HTTP/1.1)
HTTP/1.1 200 OK
content-type: application/json; charset=utf-8
cache-control: no-cache
content-length: 88
date: Thu, 25 Jun 2020 12:50:16 GMT

15:50:16.467 [AsyncHttpClient-3-1] DEBUG o.a.netty.channel.ChannelManager - Adding key: http://localhost:10889 for channel [id: 0x7c68b8df, L:/127.0.0.1:64390 - R:localhost/127.0.0.1:10889]
15:50:16.467 [Forwarding getElementText on session 14f61660-7bcc-4279-b6a3-7163a94e0626 to remote] DEBUG o.a.netty.request.NettyRequestSender - Using pooled Channel '[id: 0x7c68b8df, L:/127.0.0.1:64390 - R:localhost/127.0.0.1:10889]' for 'GET' to 'http://localhost:10889/session/14f61660-7bcc-4279-b6a3-7163a94e0626/element/a5c5b526-0837-456d-a94b-80857b2d073b/text'
15:50:16.467 [Forwarding getElementText on session 14f61660-7bcc-4279-b6a3-7163a94e0626 to remote] DEBUG o.a.netty.request.NettyRequestSender - Using open Channel [id: 0x7c68b8df, L:/127.0.0.1:64390 - R:localhost/127.0.0.1:10889] for GET '/session/14f61660-7bcc-4279-b6a3-7163a94e0626/element/a5c5b526-0837-456d-a94b-80857b2d073b/text'
15:50:16.472 [AsyncHttpClient-3-1] DEBUG o.a.netty.handler.HttpHandler - 

Request DefaultFullHttpRequest(decodeResult: success, version: HTTP/1.1, content: EmptyByteBufBE)
GET /session/14f61660-7bcc-4279-b6a3-7163a94e0626/element/a5c5b526-0837-456d-a94b-80857b2d073b/text HTTP/1.1
User-Agent: selenium/4.0.0-alpha-5 (java windows)
Cache-Control: no-cache
host: localhost:10889
accept: */*

Response DefaultHttpResponse(decodeResult: success, version: HTTP/1.1)
HTTP/1.1 200 OK
content-type: application/json; charset=utf-8
cache-control: no-cache
content-length: 45
date: Thu, 25 Jun 2020 12:50:16 GMT

15:50:16.472 [AsyncHttpClient-3-1] DEBUG o.a.netty.channel.ChannelManager - Adding key: http://localhost:10889 for channel [id: 0x7c68b8df, L:/127.0.0.1:64390 - R:localhost/127.0.0.1:10889]
15:50:16.472 [Forwarding findChildElement on session 14f61660-7bcc-4279-b6a3-7163a94e0626 to remote] DEBUG o.a.netty.request.NettyRequestSender - Using pooled Channel '[id: 0x7c68b8df, L:/127.0.0.1:64390 - R:localhost/127.0.0.1:10889]' for 'POST' to 'http://localhost:10889/session/14f61660-7bcc-4279-b6a3-7163a94e0626/element/5b92afde-ba1c-472b-bbe1-490f661f4821/element'
15:50:16.472 [Forwarding findChildElement on session 14f61660-7bcc-4279-b6a3-7163a94e0626 to remote] DEBUG o.a.netty.request.NettyRequestSender - Using open Channel [id: 0x7c68b8df, L:/127.0.0.1:64390 - R:localhost/127.0.0.1:10889] for POST '/session/14f61660-7bcc-4279-b6a3-7163a94e0626/element/5b92afde-ba1c-472b-bbe1-490f661f4821/element'
15:50:16.476 [AsyncHttpClient-3-1] DEBUG o.a.netty.handler.HttpHandler - 

Request DefaultHttpRequest(decodeResult: success, version: HTTP/1.1)
POST /session/14f61660-7bcc-4279-b6a3-7163a94e0626/element/5b92afde-ba1c-472b-bbe1-490f661f4821/element HTTP/1.1
User-Agent: selenium/4.0.0-alpha-5 (java windows)
Content-Length: 103
Content-Type: application/json; charset=utf-8
host: localhost:10889
accept: */*

Response DefaultHttpResponse(decodeResult: success, version: HTTP/1.1)
HTTP/1.1 200 OK
content-type: application/json; charset=utf-8
cache-control: no-cache
content-length: 88
date: Thu, 25 Jun 2020 12:50:16 GMT

15:50:16.476 [AsyncHttpClient-3-1] DEBUG o.a.netty.channel.ChannelManager - Adding key: http://localhost:10889 for channel [id: 0x7c68b8df, L:/127.0.0.1:64390 - R:localhost/127.0.0.1:10889]
15:50:16.477 [Forwarding getElementText on session 14f61660-7bcc-4279-b6a3-7163a94e0626 to remote] DEBUG o.a.netty.request.NettyRequestSender - Using pooled Channel '[id: 0x7c68b8df, L:/127.0.0.1:64390 - R:localhost/127.0.0.1:10889]' for 'GET' to 'http://localhost:10889/session/14f61660-7bcc-4279-b6a3-7163a94e0626/element/88ad8061-7ad0-43ae-920d-30c21ec3c1be/text'
15:50:16.477 [Forwarding getElementText on session 14f61660-7bcc-4279-b6a3-7163a94e0626 to remote] DEBUG o.a.netty.request.NettyRequestSender - Using open Channel [id: 0x7c68b8df, L:/127.0.0.1:64390 - R:localhost/127.0.0.1:10889] for GET '/session/14f61660-7bcc-4279-b6a3-7163a94e0626/element/88ad8061-7ad0-43ae-920d-30c21ec3c1be/text'
15:50:16.484 [AsyncHttpClient-3-1] DEBUG o.a.netty.handler.HttpHandler - 

Request DefaultFullHttpRequest(decodeResult: success, version: HTTP/1.1, content: EmptyByteBufBE)
GET /session/14f61660-7bcc-4279-b6a3-7163a94e0626/element/88ad8061-7ad0-43ae-920d-30c21ec3c1be/text HTTP/1.1
User-Agent: selenium/4.0.0-alpha-5 (java windows)
Cache-Control: no-cache
host: localhost:10889
accept: */*

Response DefaultHttpResponse(decodeResult: success, version: HTTP/1.1)
HTTP/1.1 200 OK
content-type: application/json; charset=utf-8
cache-control: no-cache
content-length: 57
date: Thu, 25 Jun 2020 12:50:16 GMT

15:50:16.484 [AsyncHttpClient-3-1] DEBUG o.a.netty.channel.ChannelManager - Adding key: http://localhost:10889 for channel [id: 0x7c68b8df, L:/127.0.0.1:64390 - R:localhost/127.0.0.1:10889]
15:50:16.484 [Forwarding findChildElement on session 14f61660-7bcc-4279-b6a3-7163a94e0626 to remote] DEBUG o.a.netty.request.NettyRequestSender - Using pooled Channel '[id: 0x7c68b8df, L:/127.0.0.1:64390 - R:localhost/127.0.0.1:10889]' for 'POST' to 'http://localhost:10889/session/14f61660-7bcc-4279-b6a3-7163a94e0626/element/5b92afde-ba1c-472b-bbe1-490f661f4821/element'
15:50:16.484 [Forwarding findChildElement on session 14f61660-7bcc-4279-b6a3-7163a94e0626 to remote] DEBUG o.a.netty.request.NettyRequestSender - Using open Channel [id: 0x7c68b8df, L:/127.0.0.1:64390 - R:localhost/127.0.0.1:10889] for POST '/session/14f61660-7bcc-4279-b6a3-7163a94e0626/element/5b92afde-ba1c-472b-bbe1-490f661f4821/element'
15:50:16.488 [AsyncHttpClient-3-1] DEBUG o.a.netty.handler.HttpHandler - 

Request DefaultHttpRequest(decodeResult: success, version: HTTP/1.1)
POST /session/14f61660-7bcc-4279-b6a3-7163a94e0626/element/5b92afde-ba1c-472b-bbe1-490f661f4821/element HTTP/1.1
User-Agent: selenium/4.0.0-alpha-5 (java windows)
Content-Length: 97
Content-Type: application/json; charset=utf-8
host: localhost:10889
accept: */*

Response DefaultHttpResponse(decodeResult: success, version: HTTP/1.1)
HTTP/1.1 200 OK
content-type: application/json; charset=utf-8
cache-control: no-cache
content-length: 88
date: Thu, 25 Jun 2020 12:50:16 GMT

15:50:16.488 [AsyncHttpClient-3-1] DEBUG o.a.netty.channel.ChannelManager - Adding key: http://localhost:10889 for channel [id: 0x7c68b8df, L:/127.0.0.1:64390 - R:localhost/127.0.0.1:10889]
15:50:16.491 [Forwarding getElementAttribute on session 14f61660-7bcc-4279-b6a3-7163a94e0626 to remote] DEBUG o.a.netty.request.NettyRequestSender - Using pooled Channel '[id: 0x7c68b8df, L:/127.0.0.1:64390 - R:localhost/127.0.0.1:10889]' for 'POST' to 'http://localhost:10889/session/14f61660-7bcc-4279-b6a3-7163a94e0626/execute/sync'
15:50:16.491 [Forwarding getElementAttribute on session 14f61660-7bcc-4279-b6a3-7163a94e0626 to remote] DEBUG o.a.netty.request.NettyRequestSender - Using open Channel [id: 0x7c68b8df, L:/127.0.0.1:64390 - R:localhost/127.0.0.1:10889] for POST '/session/14f61660-7bcc-4279-b6a3-7163a94e0626/execute/sync'
15:50:16.503 [AsyncHttpClient-3-1] DEBUG o.a.netty.handler.HttpHandler - 

Request DefaultHttpRequest(decodeResult: success, version: HTTP/1.1)
POST /session/14f61660-7bcc-4279-b6a3-7163a94e0626/execute/sync HTTP/1.1
User-Agent: selenium/4.0.0-alpha-5 (java windows)
Content-Length: 39635
Content-Type: application/json; charset=utf-8
host: localhost:10889
accept: */*

Response DefaultHttpResponse(decodeResult: success, version: HTTP/1.1)
HTTP/1.1 200 OK
content-type: application/json; charset=utf-8
cache-control: no-cache
content-length: 15
date: Thu, 25 Jun 2020 12:50:16 GMT

15:50:16.503 [AsyncHttpClient-3-1] DEBUG o.a.netty.channel.ChannelManager - Adding key: http://localhost:10889 for channel [id: 0x7c68b8df, L:/127.0.0.1:64390 - R:localhost/127.0.0.1:10889]
15:50:16.504 [Forwarding findChildElement on session 14f61660-7bcc-4279-b6a3-7163a94e0626 to remote] DEBUG o.a.netty.request.NettyRequestSender - Using pooled Channel '[id: 0x7c68b8df, L:/127.0.0.1:64390 - R:localhost/127.0.0.1:10889]' for 'POST' to 'http://localhost:10889/session/14f61660-7bcc-4279-b6a3-7163a94e0626/element/9f45395a-da0a-4370-9836-de49e327382c/element'
15:50:16.504 [Forwarding findChildElement on session 14f61660-7bcc-4279-b6a3-7163a94e0626 to remote] DEBUG o.a.netty.request.NettyRequestSender - Using open Channel [id: 0x7c68b8df, L:/127.0.0.1:64390 - R:localhost/127.0.0.1:10889] for POST '/session/14f61660-7bcc-4279-b6a3-7163a94e0626/element/9f45395a-da0a-4370-9836-de49e327382c/element'
15:50:16.507 [AsyncHttpClient-3-1] DEBUG o.a.netty.handler.HttpHandler - 

Request DefaultHttpRequest(decodeResult: success, version: HTTP/1.1)
POST /session/14f61660-7bcc-4279-b6a3-7163a94e0626/element/9f45395a-da0a-4370-9836-de49e327382c/element HTTP/1.1
User-Agent: selenium/4.0.0-alpha-5 (java windows)
Content-Length: 103
Content-Type: application/json; charset=utf-8
host: localhost:10889
accept: */*

Response DefaultHttpResponse(decodeResult: success, version: HTTP/1.1)
HTTP/1.1 200 OK
content-type: application/json; charset=utf-8
cache-control: no-cache
content-length: 88
date: Thu, 25 Jun 2020 12:50:16 GMT

15:50:16.507 [AsyncHttpClient-3-1] DEBUG o.a.netty.channel.ChannelManager - Adding key: http://localhost:10889 for channel [id: 0x7c68b8df, L:/127.0.0.1:64390 - R:localhost/127.0.0.1:10889]
15:50:16.508 [Forwarding getElementText on session 14f61660-7bcc-4279-b6a3-7163a94e0626 to remote] DEBUG o.a.netty.request.NettyRequestSender - Using pooled Channel '[id: 0x7c68b8df, L:/127.0.0.1:64390 - R:localhost/127.0.0.1:10889]' for 'GET' to 'http://localhost:10889/session/14f61660-7bcc-4279-b6a3-7163a94e0626/element/6ac46a6c-e79c-4b39-8577-ae114f0b7472/text'
15:50:16.508 [Forwarding getElementText on session 14f61660-7bcc-4279-b6a3-7163a94e0626 to remote] DEBUG o.a.netty.request.NettyRequestSender - Using open Channel [id: 0x7c68b8df, L:/127.0.0.1:64390 - R:localhost/127.0.0.1:10889] for GET '/session/14f61660-7bcc-4279-b6a3-7163a94e0626/element/6ac46a6c-e79c-4b39-8577-ae114f0b7472/text'
15:50:16.512 [AsyncHttpClient-3-1] DEBUG o.a.netty.handler.HttpHandler - 

Request DefaultFullHttpRequest(decodeResult: success, version: HTTP/1.1, content: EmptyByteBufBE)
GET /session/14f61660-7bcc-4279-b6a3-7163a94e0626/element/6ac46a6c-e79c-4b39-8577-ae114f0b7472/text HTTP/1.1
User-Agent: selenium/4.0.0-alpha-5 (java windows)
Cache-Control: no-cache
host: localhost:10889
accept: */*

Response DefaultHttpResponse(decodeResult: success, version: HTTP/1.1)
HTTP/1.1 200 OK
content-type: application/json; charset=utf-8
cache-control: no-cache
content-length: 18
date: Thu, 25 Jun 2020 12:50:16 GMT

15:50:16.513 [AsyncHttpClient-3-1] DEBUG o.a.netty.channel.ChannelManager - Adding key: http://localhost:10889 for channel [id: 0x7c68b8df, L:/127.0.0.1:64390 - R:localhost/127.0.0.1:10889]
15:50:16.513 [Forwarding findChildElement on session 14f61660-7bcc-4279-b6a3-7163a94e0626 to remote] DEBUG o.a.netty.request.NettyRequestSender - Using pooled Channel '[id: 0x7c68b8df, L:/127.0.0.1:64390 - R:localhost/127.0.0.1:10889]' for 'POST' to 'http://localhost:10889/session/14f61660-7bcc-4279-b6a3-7163a94e0626/element/9f45395a-da0a-4370-9836-de49e327382c/element'
15:50:16.513 [Forwarding findChildElement on session 14f61660-7bcc-4279-b6a3-7163a94e0626 to remote] DEBUG o.a.netty.request.NettyRequestSender - Using open Channel [id: 0x7c68b8df, L:/127.0.0.1:64390 - R:localhost/127.0.0.1:10889] for POST '/session/14f61660-7bcc-4279-b6a3-7163a94e0626/element/9f45395a-da0a-4370-9836-de49e327382c/element'
15:50:16.517 [AsyncHttpClient-3-1] DEBUG o.a.netty.handler.HttpHandler - 

Request DefaultHttpRequest(decodeResult: success, version: HTTP/1.1)
POST /session/14f61660-7bcc-4279-b6a3-7163a94e0626/element/9f45395a-da0a-4370-9836-de49e327382c/element HTTP/1.1
User-Agent: selenium/4.0.0-alpha-5 (java windows)
Content-Length: 103
Content-Type: application/json; charset=utf-8
host: localhost:10889
accept: */*

Response DefaultHttpResponse(decodeResult: success, version: HTTP/1.1)
HTTP/1.1 200 OK
content-type: application/json; charset=utf-8
cache-control: no-cache
content-length: 88
date: Thu, 25 Jun 2020 12:50:16 GMT

15:50:16.517 [AsyncHttpClient-3-1] DEBUG o.a.netty.channel.ChannelManager - Adding key: http://localhost:10889 for channel [id: 0x7c68b8df, L:/127.0.0.1:64390 - R:localhost/127.0.0.1:10889]
15:50:16.518 [Forwarding getElementText on session 14f61660-7bcc-4279-b6a3-7163a94e0626 to remote] DEBUG o.a.netty.request.NettyRequestSender - Using pooled Channel '[id: 0x7c68b8df, L:/127.0.0.1:64390 - R:localhost/127.0.0.1:10889]' for 'GET' to 'http://localhost:10889/session/14f61660-7bcc-4279-b6a3-7163a94e0626/element/bad6f18b-221e-40a7-b055-1605a64658d2/text'
15:50:16.518 [Forwarding getElementText on session 14f61660-7bcc-4279-b6a3-7163a94e0626 to remote] DEBUG o.a.netty.request.NettyRequestSender - Using open Channel [id: 0x7c68b8df, L:/127.0.0.1:64390 - R:localhost/127.0.0.1:10889] for GET '/session/14f61660-7bcc-4279-b6a3-7163a94e0626/element/bad6f18b-221e-40a7-b055-1605a64658d2/text'
15:50:16.528 [AsyncHttpClient-3-1] DEBUG o.a.netty.handler.HttpHandler - 

Request DefaultFullHttpRequest(decodeResult: success, version: HTTP/1.1, content: EmptyByteBufBE)
GET /session/14f61660-7bcc-4279-b6a3-7163a94e0626/element/bad6f18b-221e-40a7-b055-1605a64658d2/text HTTP/1.1
User-Agent: selenium/4.0.0-alpha-5 (java windows)
Cache-Control: no-cache
host: localhost:10889
accept: */*

Response DefaultHttpResponse(decodeResult: success, version: HTTP/1.1)
HTTP/1.1 200 OK
content-type: application/json; charset=utf-8
cache-control: no-cache
content-length: 22
date: Thu, 25 Jun 2020 12:50:16 GMT

15:50:16.528 [AsyncHttpClient-3-1] DEBUG o.a.netty.channel.ChannelManager - Adding key: http://localhost:10889 for channel [id: 0x7c68b8df, L:/127.0.0.1:64390 - R:localhost/127.0.0.1:10889]
15:50:16.528 [Forwarding findChildElement on session 14f61660-7bcc-4279-b6a3-7163a94e0626 to remote] DEBUG o.a.netty.request.NettyRequestSender - Using pooled Channel '[id: 0x7c68b8df, L:/127.0.0.1:64390 - R:localhost/127.0.0.1:10889]' for 'POST' to 'http://localhost:10889/session/14f61660-7bcc-4279-b6a3-7163a94e0626/element/9f45395a-da0a-4370-9836-de49e327382c/element'
15:50:16.528 [Forwarding findChildElement on session 14f61660-7bcc-4279-b6a3-7163a94e0626 to remote] DEBUG o.a.netty.request.NettyRequestSender - Using open Channel [id: 0x7c68b8df, L:/127.0.0.1:64390 - R:localhost/127.0.0.1:10889] for POST '/session/14f61660-7bcc-4279-b6a3-7163a94e0626/element/9f45395a-da0a-4370-9836-de49e327382c/element'
15:50:16.532 [AsyncHttpClient-3-1] DEBUG o.a.netty.handler.HttpHandler - 

Request DefaultHttpRequest(decodeResult: success, version: HTTP/1.1)
POST /session/14f61660-7bcc-4279-b6a3-7163a94e0626/element/9f45395a-da0a-4370-9836-de49e327382c/element HTTP/1.1
User-Agent: selenium/4.0.0-alpha-5 (java windows)
Content-Length: 103
Content-Type: application/json; charset=utf-8
host: localhost:10889
accept: */*

Response DefaultHttpResponse(decodeResult: success, version: HTTP/1.1)
HTTP/1.1 200 OK
content-type: application/json; charset=utf-8
cache-control: no-cache
content-length: 88
date: Thu, 25 Jun 2020 12:50:16 GMT

15:50:16.532 [AsyncHttpClient-3-1] DEBUG o.a.netty.channel.ChannelManager - Adding key: http://localhost:10889 for channel [id: 0x7c68b8df, L:/127.0.0.1:64390 - R:localhost/127.0.0.1:10889]
15:50:16.532 [Forwarding getElementText on session 14f61660-7bcc-4279-b6a3-7163a94e0626 to remote] DEBUG o.a.netty.request.NettyRequestSender - Using pooled Channel '[id: 0x7c68b8df, L:/127.0.0.1:64390 - R:localhost/127.0.0.1:10889]' for 'GET' to 'http://localhost:10889/session/14f61660-7bcc-4279-b6a3-7163a94e0626/element/2a2382f4-2486-4a85-9fc4-0652c249ac8e/text'
15:50:16.533 [Forwarding getElementText on session 14f61660-7bcc-4279-b6a3-7163a94e0626 to remote] DEBUG o.a.netty.request.NettyRequestSender - Using open Channel [id: 0x7c68b8df, L:/127.0.0.1:64390 - R:localhost/127.0.0.1:10889] for GET '/session/14f61660-7bcc-4279-b6a3-7163a94e0626/element/2a2382f4-2486-4a85-9fc4-0652c249ac8e/text'
15:50:16.537 [AsyncHttpClient-3-1] DEBUG o.a.netty.handler.HttpHandler - 

Request DefaultFullHttpRequest(decodeResult: success, version: HTTP/1.1, content: EmptyByteBufBE)
GET /session/14f61660-7bcc-4279-b6a3-7163a94e0626/element/2a2382f4-2486-4a85-9fc4-0652c249ac8e/text HTTP/1.1
User-Agent: selenium/4.0.0-alpha-5 (java windows)
Cache-Control: no-cache
host: localhost:10889
accept: */*

Response DefaultHttpResponse(decodeResult: success, version: HTTP/1.1)
HTTP/1.1 200 OK
content-type: application/json; charset=utf-8
cache-control: no-cache
content-length: 21
date: Thu, 25 Jun 2020 12:50:16 GMT

15:50:16.537 [AsyncHttpClient-3-1] DEBUG o.a.netty.channel.ChannelManager - Adding key: http://localhost:10889 for channel [id: 0x7c68b8df, L:/127.0.0.1:64390 - R:localhost/127.0.0.1:10889]
15:50:16.537 [Forwarding findChildElement on session 14f61660-7bcc-4279-b6a3-7163a94e0626 to remote] DEBUG o.a.netty.request.NettyRequestSender - Using pooled Channel '[id: 0x7c68b8df, L:/127.0.0.1:64390 - R:localhost/127.0.0.1:10889]' for 'POST' to 'http://localhost:10889/session/14f61660-7bcc-4279-b6a3-7163a94e0626/element/9f45395a-da0a-4370-9836-de49e327382c/element'
15:50:16.537 [Forwarding findChildElement on session 14f61660-7bcc-4279-b6a3-7163a94e0626 to remote] DEBUG o.a.netty.request.NettyRequestSender - Using open Channel [id: 0x7c68b8df, L:/127.0.0.1:64390 - R:localhost/127.0.0.1:10889] for POST '/session/14f61660-7bcc-4279-b6a3-7163a94e0626/element/9f45395a-da0a-4370-9836-de49e327382c/element'
15:50:16.541 [AsyncHttpClient-3-1] DEBUG o.a.netty.handler.HttpHandler - 

Request DefaultHttpRequest(decodeResult: success, version: HTTP/1.1)
POST /session/14f61660-7bcc-4279-b6a3-7163a94e0626/element/9f45395a-da0a-4370-9836-de49e327382c/element HTTP/1.1
User-Agent: selenium/4.0.0-alpha-5 (java windows)
Content-Length: 103
Content-Type: application/json; charset=utf-8
host: localhost:10889
accept: */*

Response DefaultHttpResponse(decodeResult: success, version: HTTP/1.1)
HTTP/1.1 200 OK
content-type: application/json; charset=utf-8
cache-control: no-cache
content-length: 88
date: Thu, 25 Jun 2020 12:50:16 GMT

15:50:16.542 [AsyncHttpClient-3-1] DEBUG o.a.netty.channel.ChannelManager - Adding key: http://localhost:10889 for channel [id: 0x7c68b8df, L:/127.0.0.1:64390 - R:localhost/127.0.0.1:10889]
15:50:16.542 [Forwarding getElementText on session 14f61660-7bcc-4279-b6a3-7163a94e0626 to remote] DEBUG o.a.netty.request.NettyRequestSender - Using pooled Channel '[id: 0x7c68b8df, L:/127.0.0.1:64390 - R:localhost/127.0.0.1:10889]' for 'GET' to 'http://localhost:10889/session/14f61660-7bcc-4279-b6a3-7163a94e0626/element/932bbd17-b15f-4448-b214-e4a5d5ba7460/text'
15:50:16.542 [Forwarding getElementText on session 14f61660-7bcc-4279-b6a3-7163a94e0626 to remote] DEBUG o.a.netty.request.NettyRequestSender - Using open Channel [id: 0x7c68b8df, L:/127.0.0.1:64390 - R:localhost/127.0.0.1:10889] for GET '/session/14f61660-7bcc-4279-b6a3-7163a94e0626/element/932bbd17-b15f-4448-b214-e4a5d5ba7460/text'
15:50:16.546 [AsyncHttpClient-3-1] DEBUG o.a.netty.handler.HttpHandler - 

Request DefaultFullHttpRequest(decodeResult: success, version: HTTP/1.1, content: EmptyByteBufBE)
GET /session/14f61660-7bcc-4279-b6a3-7163a94e0626/element/932bbd17-b15f-4448-b214-e4a5d5ba7460/text HTTP/1.1
User-Agent: selenium/4.0.0-alpha-5 (java windows)
Cache-Control: no-cache
host: localhost:10889
accept: */*

Response DefaultHttpResponse(decodeResult: success, version: HTTP/1.1)
HTTP/1.1 200 OK
content-type: application/json; charset=utf-8
cache-control: no-cache
content-length: 45
date: Thu, 25 Jun 2020 12:50:16 GMT

15:50:16.546 [AsyncHttpClient-3-1] DEBUG o.a.netty.channel.ChannelManager - Adding key: http://localhost:10889 for channel [id: 0x7c68b8df, L:/127.0.0.1:64390 - R:localhost/127.0.0.1:10889]
15:50:16.546 [Forwarding findChildElement on session 14f61660-7bcc-4279-b6a3-7163a94e0626 to remote] DEBUG o.a.netty.request.NettyRequestSender - Using pooled Channel '[id: 0x7c68b8df, L:/127.0.0.1:64390 - R:localhost/127.0.0.1:10889]' for 'POST' to 'http://localhost:10889/session/14f61660-7bcc-4279-b6a3-7163a94e0626/element/9f45395a-da0a-4370-9836-de49e327382c/element'
15:50:16.547 [Forwarding findChildElement on session 14f61660-7bcc-4279-b6a3-7163a94e0626 to remote] DEBUG o.a.netty.request.NettyRequestSender - Using open Channel [id: 0x7c68b8df, L:/127.0.0.1:64390 - R:localhost/127.0.0.1:10889] for POST '/session/14f61660-7bcc-4279-b6a3-7163a94e0626/element/9f45395a-da0a-4370-9836-de49e327382c/element'
15:50:16.550 [AsyncHttpClient-3-1] DEBUG o.a.netty.handler.HttpHandler - 

Request DefaultHttpRequest(decodeResult: success, version: HTTP/1.1)
POST /session/14f61660-7bcc-4279-b6a3-7163a94e0626/element/9f45395a-da0a-4370-9836-de49e327382c/element HTTP/1.1
User-Agent: selenium/4.0.0-alpha-5 (java windows)
Content-Length: 103
Content-Type: application/json; charset=utf-8
host: localhost:10889
accept: */*

Response DefaultHttpResponse(decodeResult: success, version: HTTP/1.1)
HTTP/1.1 200 OK
content-type: application/json; charset=utf-8
cache-control: no-cache
content-length: 88
date: Thu, 25 Jun 2020 12:50:16 GMT

15:50:16.550 [AsyncHttpClient-3-1] DEBUG o.a.netty.channel.ChannelManager - Adding key: http://localhost:10889 for channel [id: 0x7c68b8df, L:/127.0.0.1:64390 - R:localhost/127.0.0.1:10889]
15:50:16.550 [Forwarding getElementText on session 14f61660-7bcc-4279-b6a3-7163a94e0626 to remote] DEBUG o.a.netty.request.NettyRequestSender - Using pooled Channel '[id: 0x7c68b8df, L:/127.0.0.1:64390 - R:localhost/127.0.0.1:10889]' for 'GET' to 'http://localhost:10889/session/14f61660-7bcc-4279-b6a3-7163a94e0626/element/b688033f-0601-42b0-ba2d-48dd774f09b9/text'
15:50:16.550 [Forwarding getElementText on session 14f61660-7bcc-4279-b6a3-7163a94e0626 to remote] DEBUG o.a.netty.request.NettyRequestSender - Using open Channel [id: 0x7c68b8df, L:/127.0.0.1:64390 - R:localhost/127.0.0.1:10889] for GET '/session/14f61660-7bcc-4279-b6a3-7163a94e0626/element/b688033f-0601-42b0-ba2d-48dd774f09b9/text'
15:50:16.558 [AsyncHttpClient-3-1] DEBUG o.a.netty.handler.HttpHandler - 

Request DefaultFullHttpRequest(decodeResult: success, version: HTTP/1.1, content: EmptyByteBufBE)
GET /session/14f61660-7bcc-4279-b6a3-7163a94e0626/element/b688033f-0601-42b0-ba2d-48dd774f09b9/text HTTP/1.1
User-Agent: selenium/4.0.0-alpha-5 (java windows)
Cache-Control: no-cache
host: localhost:10889
accept: */*

Response DefaultHttpResponse(decodeResult: success, version: HTTP/1.1)
HTTP/1.1 200 OK
content-type: application/json; charset=utf-8
cache-control: no-cache
content-length: 57
date: Thu, 25 Jun 2020 12:50:16 GMT

15:50:16.558 [AsyncHttpClient-3-1] DEBUG o.a.netty.channel.ChannelManager - Adding key: http://localhost:10889 for channel [id: 0x7c68b8df, L:/127.0.0.1:64390 - R:localhost/127.0.0.1:10889]
15:50:16.558 [Forwarding findChildElement on session 14f61660-7bcc-4279-b6a3-7163a94e0626 to remote] DEBUG o.a.netty.request.NettyRequestSender - Using pooled Channel '[id: 0x7c68b8df, L:/127.0.0.1:64390 - R:localhost/127.0.0.1:10889]' for 'POST' to 'http://localhost:10889/session/14f61660-7bcc-4279-b6a3-7163a94e0626/element/9f45395a-da0a-4370-9836-de49e327382c/element'
15:50:16.558 [Forwarding findChildElement on session 14f61660-7bcc-4279-b6a3-7163a94e0626 to remote] DEBUG o.a.netty.request.NettyRequestSender - Using open Channel [id: 0x7c68b8df, L:/127.0.0.1:64390 - R:localhost/127.0.0.1:10889] for POST '/session/14f61660-7bcc-4279-b6a3-7163a94e0626/element/9f45395a-da0a-4370-9836-de49e327382c/element'
15:50:16.562 [AsyncHttpClient-3-1] DEBUG o.a.netty.handler.HttpHandler - 

Request DefaultHttpRequest(decodeResult: success, version: HTTP/1.1)
POST /session/14f61660-7bcc-4279-b6a3-7163a94e0626/element/9f45395a-da0a-4370-9836-de49e327382c/element HTTP/1.1
User-Agent: selenium/4.0.0-alpha-5 (java windows)
Content-Length: 97
Content-Type: application/json; charset=utf-8
host: localhost:10889
accept: */*

Response DefaultHttpResponse(decodeResult: success, version: HTTP/1.1)
HTTP/1.1 200 OK
content-type: application/json; charset=utf-8
cache-control: no-cache
content-length: 88
date: Thu, 25 Jun 2020 12:50:16 GMT

15:50:16.562 [AsyncHttpClient-3-1] DEBUG o.a.netty.channel.ChannelManager - Adding key: http://localhost:10889 for channel [id: 0x7c68b8df, L:/127.0.0.1:64390 - R:localhost/127.0.0.1:10889]
15:50:16.564 [Forwarding getElementAttribute on session 14f61660-7bcc-4279-b6a3-7163a94e0626 to remote] DEBUG o.a.netty.request.NettyRequestSender - Using pooled Channel '[id: 0x7c68b8df, L:/127.0.0.1:64390 - R:localhost/127.0.0.1:10889]' for 'POST' to 'http://localhost:10889/session/14f61660-7bcc-4279-b6a3-7163a94e0626/execute/sync'
15:50:16.564 [Forwarding getElementAttribute on session 14f61660-7bcc-4279-b6a3-7163a94e0626 to remote] DEBUG o.a.netty.request.NettyRequestSender - Using open Channel [id: 0x7c68b8df, L:/127.0.0.1:64390 - R:localhost/127.0.0.1:10889] for POST '/session/14f61660-7bcc-4279-b6a3-7163a94e0626/execute/sync'
15:50:16.577 [AsyncHttpClient-3-1] DEBUG o.a.netty.handler.HttpHandler - 

Request DefaultHttpRequest(decodeResult: success, version: HTTP/1.1)
POST /session/14f61660-7bcc-4279-b6a3-7163a94e0626/execute/sync HTTP/1.1
User-Agent: selenium/4.0.0-alpha-5 (java windows)
Content-Length: 39635
Content-Type: application/json; charset=utf-8
host: localhost:10889
accept: */*

Response DefaultHttpResponse(decodeResult: success, version: HTTP/1.1)
HTTP/1.1 200 OK
content-type: application/json; charset=utf-8
cache-control: no-cache
content-length: 15
date: Thu, 25 Jun 2020 12:50:16 GMT

15:50:16.577 [AsyncHttpClient-3-1] DEBUG o.a.netty.channel.ChannelManager - Adding key: http://localhost:10889 for channel [id: 0x7c68b8df, L:/127.0.0.1:64390 - R:localhost/127.0.0.1:10889]
15:50:16.577 [Forwarding findChildElement on session 14f61660-7bcc-4279-b6a3-7163a94e0626 to remote] DEBUG o.a.netty.request.NettyRequestSender - Using pooled Channel '[id: 0x7c68b8df, L:/127.0.0.1:64390 - R:localhost/127.0.0.1:10889]' for 'POST' to 'http://localhost:10889/session/14f61660-7bcc-4279-b6a3-7163a94e0626/element/1b52b062-ea30-4b20-8b7e-f650d9d8ef1b/element'
15:50:16.577 [Forwarding findChildElement on session 14f61660-7bcc-4279-b6a3-7163a94e0626 to remote] DEBUG o.a.netty.request.NettyRequestSender - Using open Channel [id: 0x7c68b8df, L:/127.0.0.1:64390 - R:localhost/127.0.0.1:10889] for POST '/session/14f61660-7bcc-4279-b6a3-7163a94e0626/element/1b52b062-ea30-4b20-8b7e-f650d9d8ef1b/element'
15:50:16.581 [AsyncHttpClient-3-1] DEBUG o.a.netty.handler.HttpHandler - 

Request DefaultHttpRequest(decodeResult: success, version: HTTP/1.1)
POST /session/14f61660-7bcc-4279-b6a3-7163a94e0626/element/1b52b062-ea30-4b20-8b7e-f650d9d8ef1b/element HTTP/1.1
User-Agent: selenium/4.0.0-alpha-5 (java windows)
Content-Length: 103
Content-Type: application/json; charset=utf-8
host: localhost:10889
accept: */*

Response DefaultHttpResponse(decodeResult: success, version: HTTP/1.1)
HTTP/1.1 200 OK
content-type: application/json; charset=utf-8
cache-control: no-cache
content-length: 88
date: Thu, 25 Jun 2020 12:50:16 GMT

15:50:16.581 [AsyncHttpClient-3-1] DEBUG o.a.netty.channel.ChannelManager - Adding key: http://localhost:10889 for channel [id: 0x7c68b8df, L:/127.0.0.1:64390 - R:localhost/127.0.0.1:10889]
15:50:16.581 [Forwarding getElementText on session 14f61660-7bcc-4279-b6a3-7163a94e0626 to remote] DEBUG o.a.netty.request.NettyRequestSender - Using pooled Channel '[id: 0x7c68b8df, L:/127.0.0.1:64390 - R:localhost/127.0.0.1:10889]' for 'GET' to 'http://localhost:10889/session/14f61660-7bcc-4279-b6a3-7163a94e0626/element/eb5b0f6c-2da4-4c8e-a116-6cb3a15f061a/text'
15:50:16.581 [Forwarding getElementText on session 14f61660-7bcc-4279-b6a3-7163a94e0626 to remote] DEBUG o.a.netty.request.NettyRequestSender - Using open Channel [id: 0x7c68b8df, L:/127.0.0.1:64390 - R:localhost/127.0.0.1:10889] for GET '/session/14f61660-7bcc-4279-b6a3-7163a94e0626/element/eb5b0f6c-2da4-4c8e-a116-6cb3a15f061a/text'
15:50:16.586 [AsyncHttpClient-3-1] DEBUG o.a.netty.handler.HttpHandler - 

Request DefaultFullHttpRequest(decodeResult: success, version: HTTP/1.1, content: EmptyByteBufBE)
GET /session/14f61660-7bcc-4279-b6a3-7163a94e0626/element/eb5b0f6c-2da4-4c8e-a116-6cb3a15f061a/text HTTP/1.1
User-Agent: selenium/4.0.0-alpha-5 (java windows)
Cache-Control: no-cache
host: localhost:10889
accept: */*

Response DefaultHttpResponse(decodeResult: success, version: HTTP/1.1)
HTTP/1.1 200 OK
content-type: application/json; charset=utf-8
cache-control: no-cache
content-length: 18
date: Thu, 25 Jun 2020 12:50:16 GMT

15:50:16.586 [AsyncHttpClient-3-1] DEBUG o.a.netty.channel.ChannelManager - Adding key: http://localhost:10889 for channel [id: 0x7c68b8df, L:/127.0.0.1:64390 - R:localhost/127.0.0.1:10889]
15:50:16.586 [Forwarding findChildElement on session 14f61660-7bcc-4279-b6a3-7163a94e0626 to remote] DEBUG o.a.netty.request.NettyRequestSender - Using pooled Channel '[id: 0x7c68b8df, L:/127.0.0.1:64390 - R:localhost/127.0.0.1:10889]' for 'POST' to 'http://localhost:10889/session/14f61660-7bcc-4279-b6a3-7163a94e0626/element/1b52b062-ea30-4b20-8b7e-f650d9d8ef1b/element'
15:50:16.587 [Forwarding findChildElement on session 14f61660-7bcc-4279-b6a3-7163a94e0626 to remote] DEBUG o.a.netty.request.NettyRequestSender - Using open Channel [id: 0x7c68b8df, L:/127.0.0.1:64390 - R:localhost/127.0.0.1:10889] for POST '/session/14f61660-7bcc-4279-b6a3-7163a94e0626/element/1b52b062-ea30-4b20-8b7e-f650d9d8ef1b/element'
15:50:16.590 [AsyncHttpClient-3-1] DEBUG o.a.netty.handler.HttpHandler - 

Request DefaultHttpRequest(decodeResult: success, version: HTTP/1.1)
POST /session/14f61660-7bcc-4279-b6a3-7163a94e0626/element/1b52b062-ea30-4b20-8b7e-f650d9d8ef1b/element HTTP/1.1
User-Agent: selenium/4.0.0-alpha-5 (java windows)
Content-Length: 103
Content-Type: application/json; charset=utf-8
host: localhost:10889
accept: */*

Response DefaultHttpResponse(decodeResult: success, version: HTTP/1.1)
HTTP/1.1 200 OK
content-type: application/json; charset=utf-8
cache-control: no-cache
content-length: 88
date: Thu, 25 Jun 2020 12:50:16 GMT

15:50:16.591 [AsyncHttpClient-3-1] DEBUG o.a.netty.channel.ChannelManager - Adding key: http://localhost:10889 for channel [id: 0x7c68b8df, L:/127.0.0.1:64390 - R:localhost/127.0.0.1:10889]
15:50:16.591 [Forwarding getElementText on session 14f61660-7bcc-4279-b6a3-7163a94e0626 to remote] DEBUG o.a.netty.request.NettyRequestSender - Using pooled Channel '[id: 0x7c68b8df, L:/127.0.0.1:64390 - R:localhost/127.0.0.1:10889]' for 'GET' to 'http://localhost:10889/session/14f61660-7bcc-4279-b6a3-7163a94e0626/element/2d920d50-872f-431b-8481-475cf0acdeea/text'
15:50:16.591 [Forwarding getElementText on session 14f61660-7bcc-4279-b6a3-7163a94e0626 to remote] DEBUG o.a.netty.request.NettyRequestSender - Using open Channel [id: 0x7c68b8df, L:/127.0.0.1:64390 - R:localhost/127.0.0.1:10889] for GET '/session/14f61660-7bcc-4279-b6a3-7163a94e0626/element/2d920d50-872f-431b-8481-475cf0acdeea/text'
15:50:16.595 [AsyncHttpClient-3-1] DEBUG o.a.netty.handler.HttpHandler - 

Request DefaultFullHttpRequest(decodeResult: success, version: HTTP/1.1, content: EmptyByteBufBE)
GET /session/14f61660-7bcc-4279-b6a3-7163a94e0626/element/2d920d50-872f-431b-8481-475cf0acdeea/text HTTP/1.1
User-Agent: selenium/4.0.0-alpha-5 (java windows)
Cache-Control: no-cache
host: localhost:10889
accept: */*

Response DefaultHttpResponse(decodeResult: success, version: HTTP/1.1)
HTTP/1.1 200 OK
content-type: application/json; charset=utf-8
cache-control: no-cache
content-length: 22
date: Thu, 25 Jun 2020 12:50:16 GMT

15:50:16.595 [AsyncHttpClient-3-1] DEBUG o.a.netty.channel.ChannelManager - Adding key: http://localhost:10889 for channel [id: 0x7c68b8df, L:/127.0.0.1:64390 - R:localhost/127.0.0.1:10889]
15:50:16.596 [Forwarding findChildElement on session 14f61660-7bcc-4279-b6a3-7163a94e0626 to remote] DEBUG o.a.netty.request.NettyRequestSender - Using pooled Channel '[id: 0x7c68b8df, L:/127.0.0.1:64390 - R:localhost/127.0.0.1:10889]' for 'POST' to 'http://localhost:10889/session/14f61660-7bcc-4279-b6a3-7163a94e0626/element/1b52b062-ea30-4b20-8b7e-f650d9d8ef1b/element'
15:50:16.596 [Forwarding findChildElement on session 14f61660-7bcc-4279-b6a3-7163a94e0626 to remote] DEBUG o.a.netty.request.NettyRequestSender - Using open Channel [id: 0x7c68b8df, L:/127.0.0.1:64390 - R:localhost/127.0.0.1:10889] for POST '/session/14f61660-7bcc-4279-b6a3-7163a94e0626/element/1b52b062-ea30-4b20-8b7e-f650d9d8ef1b/element'
15:50:16.600 [AsyncHttpClient-3-1] DEBUG o.a.netty.handler.HttpHandler - 

Request DefaultHttpRequest(decodeResult: success, version: HTTP/1.1)
POST /session/14f61660-7bcc-4279-b6a3-7163a94e0626/element/1b52b062-ea30-4b20-8b7e-f650d9d8ef1b/element HTTP/1.1
User-Agent: selenium/4.0.0-alpha-5 (java windows)
Content-Length: 103
Content-Type: application/json; charset=utf-8
host: localhost:10889
accept: */*

Response DefaultHttpResponse(decodeResult: success, version: HTTP/1.1)
HTTP/1.1 200 OK
content-type: application/json; charset=utf-8
cache-control: no-cache
content-length: 88
date: Thu, 25 Jun 2020 12:50:16 GMT

15:50:16.600 [AsyncHttpClient-3-1] DEBUG o.a.netty.channel.ChannelManager - Adding key: http://localhost:10889 for channel [id: 0x7c68b8df, L:/127.0.0.1:64390 - R:localhost/127.0.0.1:10889]
15:50:16.600 [Forwarding getElementText on session 14f61660-7bcc-4279-b6a3-7163a94e0626 to remote] DEBUG o.a.netty.request.NettyRequestSender - Using pooled Channel '[id: 0x7c68b8df, L:/127.0.0.1:64390 - R:localhost/127.0.0.1:10889]' for 'GET' to 'http://localhost:10889/session/14f61660-7bcc-4279-b6a3-7163a94e0626/element/9fff48ea-624d-4e44-a98b-3abf6210a49b/text'
15:50:16.600 [Forwarding getElementText on session 14f61660-7bcc-4279-b6a3-7163a94e0626 to remote] DEBUG o.a.netty.request.NettyRequestSender - Using open Channel [id: 0x7c68b8df, L:/127.0.0.1:64390 - R:localhost/127.0.0.1:10889] for GET '/session/14f61660-7bcc-4279-b6a3-7163a94e0626/element/9fff48ea-624d-4e44-a98b-3abf6210a49b/text'
15:50:16.604 [AsyncHttpClient-3-1] DEBUG o.a.netty.handler.HttpHandler - 

Request DefaultFullHttpRequest(decodeResult: success, version: HTTP/1.1, content: EmptyByteBufBE)
GET /session/14f61660-7bcc-4279-b6a3-7163a94e0626/element/9fff48ea-624d-4e44-a98b-3abf6210a49b/text HTTP/1.1
User-Agent: selenium/4.0.0-alpha-5 (java windows)
Cache-Control: no-cache
host: localhost:10889
accept: */*

Response DefaultHttpResponse(decodeResult: success, version: HTTP/1.1)
HTTP/1.1 200 OK
content-type: application/json; charset=utf-8
cache-control: no-cache
content-length: 21
date: Thu, 25 Jun 2020 12:50:16 GMT

15:50:16.604 [AsyncHttpClient-3-1] DEBUG o.a.netty.channel.ChannelManager - Adding key: http://localhost:10889 for channel [id: 0x7c68b8df, L:/127.0.0.1:64390 - R:localhost/127.0.0.1:10889]
15:50:16.605 [Forwarding findChildElement on session 14f61660-7bcc-4279-b6a3-7163a94e0626 to remote] DEBUG o.a.netty.request.NettyRequestSender - Using pooled Channel '[id: 0x7c68b8df, L:/127.0.0.1:64390 - R:localhost/127.0.0.1:10889]' for 'POST' to 'http://localhost:10889/session/14f61660-7bcc-4279-b6a3-7163a94e0626/element/1b52b062-ea30-4b20-8b7e-f650d9d8ef1b/element'
15:50:16.605 [Forwarding findChildElement on session 14f61660-7bcc-4279-b6a3-7163a94e0626 to remote] DEBUG o.a.netty.request.NettyRequestSender - Using open Channel [id: 0x7c68b8df, L:/127.0.0.1:64390 - R:localhost/127.0.0.1:10889] for POST '/session/14f61660-7bcc-4279-b6a3-7163a94e0626/element/1b52b062-ea30-4b20-8b7e-f650d9d8ef1b/element'
15:50:16.608 [AsyncHttpClient-3-1] DEBUG o.a.netty.handler.HttpHandler - 

Request DefaultHttpRequest(decodeResult: success, version: HTTP/1.1)
POST /session/14f61660-7bcc-4279-b6a3-7163a94e0626/element/1b52b062-ea30-4b20-8b7e-f650d9d8ef1b/element HTTP/1.1
User-Agent: selenium/4.0.0-alpha-5 (java windows)
Content-Length: 103
Content-Type: application/json; charset=utf-8
host: localhost:10889
accept: */*

Response DefaultHttpResponse(decodeResult: success, version: HTTP/1.1)
HTTP/1.1 200 OK
content-type: application/json; charset=utf-8
cache-control: no-cache
content-length: 88
date: Thu, 25 Jun 2020 12:50:16 GMT

15:50:16.608 [AsyncHttpClient-3-1] DEBUG o.a.netty.channel.ChannelManager - Adding key: http://localhost:10889 for channel [id: 0x7c68b8df, L:/127.0.0.1:64390 - R:localhost/127.0.0.1:10889]
15:50:16.609 [Forwarding getElementText on session 14f61660-7bcc-4279-b6a3-7163a94e0626 to remote] DEBUG o.a.netty.request.NettyRequestSender - Using pooled Channel '[id: 0x7c68b8df, L:/127.0.0.1:64390 - R:localhost/127.0.0.1:10889]' for 'GET' to 'http://localhost:10889/session/14f61660-7bcc-4279-b6a3-7163a94e0626/element/98c0b5ad-20bb-497a-8227-8841a73b8516/text'
15:50:16.609 [Forwarding getElementText on session 14f61660-7bcc-4279-b6a3-7163a94e0626 to remote] DEBUG o.a.netty.request.NettyRequestSender - Using open Channel [id: 0x7c68b8df, L:/127.0.0.1:64390 - R:localhost/127.0.0.1:10889] for GET '/session/14f61660-7bcc-4279-b6a3-7163a94e0626/element/98c0b5ad-20bb-497a-8227-8841a73b8516/text'
15:50:16.613 [AsyncHttpClient-3-1] DEBUG o.a.netty.handler.HttpHandler - 

Request DefaultFullHttpRequest(decodeResult: success, version: HTTP/1.1, content: EmptyByteBufBE)
GET /session/14f61660-7bcc-4279-b6a3-7163a94e0626/element/98c0b5ad-20bb-497a-8227-8841a73b8516/text HTTP/1.1
User-Agent: selenium/4.0.0-alpha-5 (java windows)
Cache-Control: no-cache
host: localhost:10889
accept: */*

Response DefaultHttpResponse(decodeResult: success, version: HTTP/1.1)
HTTP/1.1 200 OK
content-type: application/json; charset=utf-8
cache-control: no-cache
content-length: 45
date: Thu, 25 Jun 2020 12:50:16 GMT

15:50:16.613 [AsyncHttpClient-3-1] DEBUG o.a.netty.channel.ChannelManager - Adding key: http://localhost:10889 for channel [id: 0x7c68b8df, L:/127.0.0.1:64390 - R:localhost/127.0.0.1:10889]
15:50:16.614 [Forwarding findChildElement on session 14f61660-7bcc-4279-b6a3-7163a94e0626 to remote] DEBUG o.a.netty.request.NettyRequestSender - Using pooled Channel '[id: 0x7c68b8df, L:/127.0.0.1:64390 - R:localhost/127.0.0.1:10889]' for 'POST' to 'http://localhost:10889/session/14f61660-7bcc-4279-b6a3-7163a94e0626/element/1b52b062-ea30-4b20-8b7e-f650d9d8ef1b/element'
15:50:16.614 [Forwarding findChildElement on session 14f61660-7bcc-4279-b6a3-7163a94e0626 to remote] DEBUG o.a.netty.request.NettyRequestSender - Using open Channel [id: 0x7c68b8df, L:/127.0.0.1:64390 - R:localhost/127.0.0.1:10889] for POST '/session/14f61660-7bcc-4279-b6a3-7163a94e0626/element/1b52b062-ea30-4b20-8b7e-f650d9d8ef1b/element'
15:50:16.617 [AsyncHttpClient-3-1] DEBUG o.a.netty.handler.HttpHandler - 

Request DefaultHttpRequest(decodeResult: success, version: HTTP/1.1)
POST /session/14f61660-7bcc-4279-b6a3-7163a94e0626/element/1b52b062-ea30-4b20-8b7e-f650d9d8ef1b/element HTTP/1.1
User-Agent: selenium/4.0.0-alpha-5 (java windows)
Content-Length: 103
Content-Type: application/json; charset=utf-8
host: localhost:10889
accept: */*

Response DefaultHttpResponse(decodeResult: success, version: HTTP/1.1)
HTTP/1.1 200 OK
content-type: application/json; charset=utf-8
cache-control: no-cache
content-length: 88
date: Thu, 25 Jun 2020 12:50:16 GMT

15:50:16.618 [AsyncHttpClient-3-1] DEBUG o.a.netty.channel.ChannelManager - Adding key: http://localhost:10889 for channel [id: 0x7c68b8df, L:/127.0.0.1:64390 - R:localhost/127.0.0.1:10889]
15:50:16.618 [Forwarding getElementText on session 14f61660-7bcc-4279-b6a3-7163a94e0626 to remote] DEBUG o.a.netty.request.NettyRequestSender - Using pooled Channel '[id: 0x7c68b8df, L:/127.0.0.1:64390 - R:localhost/127.0.0.1:10889]' for 'GET' to 'http://localhost:10889/session/14f61660-7bcc-4279-b6a3-7163a94e0626/element/d31bf8f1-6841-473b-8313-3cf5ab61fdca/text'
15:50:16.618 [Forwarding getElementText on session 14f61660-7bcc-4279-b6a3-7163a94e0626 to remote] DEBUG o.a.netty.request.NettyRequestSender - Using open Channel [id: 0x7c68b8df, L:/127.0.0.1:64390 - R:localhost/127.0.0.1:10889] for GET '/session/14f61660-7bcc-4279-b6a3-7163a94e0626/element/d31bf8f1-6841-473b-8313-3cf5ab61fdca/text'
15:50:16.627 [AsyncHttpClient-3-1] DEBUG o.a.netty.handler.HttpHandler - 

Request DefaultFullHttpRequest(decodeResult: success, version: HTTP/1.1, content: EmptyByteBufBE)
GET /session/14f61660-7bcc-4279-b6a3-7163a94e0626/element/d31bf8f1-6841-473b-8313-3cf5ab61fdca/text HTTP/1.1
User-Agent: selenium/4.0.0-alpha-5 (java windows)
Cache-Control: no-cache
host: localhost:10889
accept: */*

Response DefaultHttpResponse(decodeResult: success, version: HTTP/1.1)
HTTP/1.1 200 OK
content-type: application/json; charset=utf-8
cache-control: no-cache
content-length: 57
date: Thu, 25 Jun 2020 12:50:16 GMT

15:50:16.627 [AsyncHttpClient-3-1] DEBUG o.a.netty.channel.ChannelManager - Adding key: http://localhost:10889 for channel [id: 0x7c68b8df, L:/127.0.0.1:64390 - R:localhost/127.0.0.1:10889]
15:50:16.628 [Forwarding findChildElement on session 14f61660-7bcc-4279-b6a3-7163a94e0626 to remote] DEBUG o.a.netty.request.NettyRequestSender - Using pooled Channel '[id: 0x7c68b8df, L:/127.0.0.1:64390 - R:localhost/127.0.0.1:10889]' for 'POST' to 'http://localhost:10889/session/14f61660-7bcc-4279-b6a3-7163a94e0626/element/1b52b062-ea30-4b20-8b7e-f650d9d8ef1b/element'
15:50:16.628 [Forwarding findChildElement on session 14f61660-7bcc-4279-b6a3-7163a94e0626 to remote] DEBUG o.a.netty.request.NettyRequestSender - Using open Channel [id: 0x7c68b8df, L:/127.0.0.1:64390 - R:localhost/127.0.0.1:10889] for POST '/session/14f61660-7bcc-4279-b6a3-7163a94e0626/element/1b52b062-ea30-4b20-8b7e-f650d9d8ef1b/element'
15:50:16.631 [AsyncHttpClient-3-1] DEBUG o.a.netty.handler.HttpHandler - 

Request DefaultHttpRequest(decodeResult: success, version: HTTP/1.1)
POST /session/14f61660-7bcc-4279-b6a3-7163a94e0626/element/1b52b062-ea30-4b20-8b7e-f650d9d8ef1b/element HTTP/1.1
User-Agent: selenium/4.0.0-alpha-5 (java windows)
Content-Length: 97
Content-Type: application/json; charset=utf-8
host: localhost:10889
accept: */*

Response DefaultHttpResponse(decodeResult: success, version: HTTP/1.1)
HTTP/1.1 200 OK
content-type: application/json; charset=utf-8
cache-control: no-cache
content-length: 88
date: Thu, 25 Jun 2020 12:50:16 GMT

15:50:16.632 [AsyncHttpClient-3-1] DEBUG o.a.netty.channel.ChannelManager - Adding key: http://localhost:10889 for channel [id: 0x7c68b8df, L:/127.0.0.1:64390 - R:localhost/127.0.0.1:10889]
15:50:16.634 [Forwarding getElementAttribute on session 14f61660-7bcc-4279-b6a3-7163a94e0626 to remote] DEBUG o.a.netty.request.NettyRequestSender - Using pooled Channel '[id: 0x7c68b8df, L:/127.0.0.1:64390 - R:localhost/127.0.0.1:10889]' for 'POST' to 'http://localhost:10889/session/14f61660-7bcc-4279-b6a3-7163a94e0626/execute/sync'
15:50:16.634 [Forwarding getElementAttribute on session 14f61660-7bcc-4279-b6a3-7163a94e0626 to remote] DEBUG o.a.netty.request.NettyRequestSender - Using open Channel [id: 0x7c68b8df, L:/127.0.0.1:64390 - R:localhost/127.0.0.1:10889] for POST '/session/14f61660-7bcc-4279-b6a3-7163a94e0626/execute/sync'
15:50:16.646 [AsyncHttpClient-3-1] DEBUG o.a.netty.handler.HttpHandler - 

Request DefaultHttpRequest(decodeResult: success, version: HTTP/1.1)
POST /session/14f61660-7bcc-4279-b6a3-7163a94e0626/execute/sync HTTP/1.1
User-Agent: selenium/4.0.0-alpha-5 (java windows)
Content-Length: 39635
Content-Type: application/json; charset=utf-8
host: localhost:10889
accept: */*

Response DefaultHttpResponse(decodeResult: success, version: HTTP/1.1)
HTTP/1.1 200 OK
content-type: application/json; charset=utf-8
cache-control: no-cache
content-length: 15
date: Thu, 25 Jun 2020 12:50:16 GMT

15:50:16.647 [AsyncHttpClient-3-1] DEBUG o.a.netty.channel.ChannelManager - Adding key: http://localhost:10889 for channel [id: 0x7c68b8df, L:/127.0.0.1:64390 - R:localhost/127.0.0.1:10889]
15:50:16.647 [Forwarding findChildElement on session 14f61660-7bcc-4279-b6a3-7163a94e0626 to remote] DEBUG o.a.netty.request.NettyRequestSender - Using pooled Channel '[id: 0x7c68b8df, L:/127.0.0.1:64390 - R:localhost/127.0.0.1:10889]' for 'POST' to 'http://localhost:10889/session/14f61660-7bcc-4279-b6a3-7163a94e0626/element/8a4a20de-96cc-4b6f-b2bc-d793880d4c6f/element'
15:50:16.647 [Forwarding findChildElement on session 14f61660-7bcc-4279-b6a3-7163a94e0626 to remote] DEBUG o.a.netty.request.NettyRequestSender - Using open Channel [id: 0x7c68b8df, L:/127.0.0.1:64390 - R:localhost/127.0.0.1:10889] for POST '/session/14f61660-7bcc-4279-b6a3-7163a94e0626/element/8a4a20de-96cc-4b6f-b2bc-d793880d4c6f/element'
15:50:16.651 [AsyncHttpClient-3-1] DEBUG o.a.netty.handler.HttpHandler - 

Request DefaultHttpRequest(decodeResult: success, version: HTTP/1.1)
POST /session/14f61660-7bcc-4279-b6a3-7163a94e0626/element/8a4a20de-96cc-4b6f-b2bc-d793880d4c6f/element HTTP/1.1
User-Agent: selenium/4.0.0-alpha-5 (java windows)
Content-Length: 103
Content-Type: application/json; charset=utf-8
host: localhost:10889
accept: */*

Response DefaultHttpResponse(decodeResult: success, version: HTTP/1.1)
HTTP/1.1 200 OK
content-type: application/json; charset=utf-8
cache-control: no-cache
content-length: 88
date: Thu, 25 Jun 2020 12:50:16 GMT

15:50:16.651 [AsyncHttpClient-3-1] DEBUG o.a.netty.channel.ChannelManager - Adding key: http://localhost:10889 for channel [id: 0x7c68b8df, L:/127.0.0.1:64390 - R:localhost/127.0.0.1:10889]
15:50:16.652 [Forwarding getElementText on session 14f61660-7bcc-4279-b6a3-7163a94e0626 to remote] DEBUG o.a.netty.request.NettyRequestSender - Using pooled Channel '[id: 0x7c68b8df, L:/127.0.0.1:64390 - R:localhost/127.0.0.1:10889]' for 'GET' to 'http://localhost:10889/session/14f61660-7bcc-4279-b6a3-7163a94e0626/element/6cf3a13e-3754-4d55-afb1-22ef694cb593/text'
15:50:16.652 [Forwarding getElementText on session 14f61660-7bcc-4279-b6a3-7163a94e0626 to remote] DEBUG o.a.netty.request.NettyRequestSender - Using open Channel [id: 0x7c68b8df, L:/127.0.0.1:64390 - R:localhost/127.0.0.1:10889] for GET '/session/14f61660-7bcc-4279-b6a3-7163a94e0626/element/6cf3a13e-3754-4d55-afb1-22ef694cb593/text'
15:50:16.656 [AsyncHttpClient-3-1] DEBUG o.a.netty.handler.HttpHandler - 

Request DefaultFullHttpRequest(decodeResult: success, version: HTTP/1.1, content: EmptyByteBufBE)
GET /session/14f61660-7bcc-4279-b6a3-7163a94e0626/element/6cf3a13e-3754-4d55-afb1-22ef694cb593/text HTTP/1.1
User-Agent: selenium/4.0.0-alpha-5 (java windows)
Cache-Control: no-cache
host: localhost:10889
accept: */*

Response DefaultHttpResponse(decodeResult: success, version: HTTP/1.1)
HTTP/1.1 200 OK
content-type: application/json; charset=utf-8
cache-control: no-cache
content-length: 18
date: Thu, 25 Jun 2020 12:50:16 GMT

15:50:16.656 [AsyncHttpClient-3-1] DEBUG o.a.netty.channel.ChannelManager - Adding key: http://localhost:10889 for channel [id: 0x7c68b8df, L:/127.0.0.1:64390 - R:localhost/127.0.0.1:10889]
15:50:16.657 [Forwarding findChildElement on session 14f61660-7bcc-4279-b6a3-7163a94e0626 to remote] DEBUG o.a.netty.request.NettyRequestSender - Using pooled Channel '[id: 0x7c68b8df, L:/127.0.0.1:64390 - R:localhost/127.0.0.1:10889]' for 'POST' to 'http://localhost:10889/session/14f61660-7bcc-4279-b6a3-7163a94e0626/element/8a4a20de-96cc-4b6f-b2bc-d793880d4c6f/element'
15:50:16.657 [Forwarding findChildElement on session 14f61660-7bcc-4279-b6a3-7163a94e0626 to remote] DEBUG o.a.netty.request.NettyRequestSender - Using open Channel [id: 0x7c68b8df, L:/127.0.0.1:64390 - R:localhost/127.0.0.1:10889] for POST '/session/14f61660-7bcc-4279-b6a3-7163a94e0626/element/8a4a20de-96cc-4b6f-b2bc-d793880d4c6f/element'
15:50:16.661 [AsyncHttpClient-3-1] DEBUG o.a.netty.handler.HttpHandler - 

Request DefaultHttpRequest(decodeResult: success, version: HTTP/1.1)
POST /session/14f61660-7bcc-4279-b6a3-7163a94e0626/element/8a4a20de-96cc-4b6f-b2bc-d793880d4c6f/element HTTP/1.1
User-Agent: selenium/4.0.0-alpha-5 (java windows)
Content-Length: 103
Content-Type: application/json; charset=utf-8
host: localhost:10889
accept: */*

Response DefaultHttpResponse(decodeResult: success, version: HTTP/1.1)
HTTP/1.1 200 OK
content-type: application/json; charset=utf-8
cache-control: no-cache
content-length: 88
date: Thu, 25 Jun 2020 12:50:16 GMT

15:50:16.661 [AsyncHttpClient-3-1] DEBUG o.a.netty.channel.ChannelManager - Adding key: http://localhost:10889 for channel [id: 0x7c68b8df, L:/127.0.0.1:64390 - R:localhost/127.0.0.1:10889]
15:50:16.661 [Forwarding getElementText on session 14f61660-7bcc-4279-b6a3-7163a94e0626 to remote] DEBUG o.a.netty.request.NettyRequestSender - Using pooled Channel '[id: 0x7c68b8df, L:/127.0.0.1:64390 - R:localhost/127.0.0.1:10889]' for 'GET' to 'http://localhost:10889/session/14f61660-7bcc-4279-b6a3-7163a94e0626/element/5e8dbe2b-5750-4690-883d-f4d9a99ba9bf/text'
15:50:16.661 [Forwarding getElementText on session 14f61660-7bcc-4279-b6a3-7163a94e0626 to remote] DEBUG o.a.netty.request.NettyRequestSender - Using open Channel [id: 0x7c68b8df, L:/127.0.0.1:64390 - R:localhost/127.0.0.1:10889] for GET '/session/14f61660-7bcc-4279-b6a3-7163a94e0626/element/5e8dbe2b-5750-4690-883d-f4d9a99ba9bf/text'
15:50:16.665 [AsyncHttpClient-3-1] DEBUG o.a.netty.handler.HttpHandler - 

Request DefaultFullHttpRequest(decodeResult: success, version: HTTP/1.1, content: EmptyByteBufBE)
GET /session/14f61660-7bcc-4279-b6a3-7163a94e0626/element/5e8dbe2b-5750-4690-883d-f4d9a99ba9bf/text HTTP/1.1
User-Agent: selenium/4.0.0-alpha-5 (java windows)
Cache-Control: no-cache
host: localhost:10889
accept: */*

Response DefaultHttpResponse(decodeResult: success, version: HTTP/1.1)
HTTP/1.1 200 OK
content-type: application/json; charset=utf-8
cache-control: no-cache
content-length: 22
date: Thu, 25 Jun 2020 12:50:16 GMT

15:50:16.666 [AsyncHttpClient-3-1] DEBUG o.a.netty.channel.ChannelManager - Adding key: http://localhost:10889 for channel [id: 0x7c68b8df, L:/127.0.0.1:64390 - R:localhost/127.0.0.1:10889]
15:50:16.666 [Forwarding findChildElement on session 14f61660-7bcc-4279-b6a3-7163a94e0626 to remote] DEBUG o.a.netty.request.NettyRequestSender - Using pooled Channel '[id: 0x7c68b8df, L:/127.0.0.1:64390 - R:localhost/127.0.0.1:10889]' for 'POST' to 'http://localhost:10889/session/14f61660-7bcc-4279-b6a3-7163a94e0626/element/8a4a20de-96cc-4b6f-b2bc-d793880d4c6f/element'
15:50:16.666 [Forwarding findChildElement on session 14f61660-7bcc-4279-b6a3-7163a94e0626 to remote] DEBUG o.a.netty.request.NettyRequestSender - Using open Channel [id: 0x7c68b8df, L:/127.0.0.1:64390 - R:localhost/127.0.0.1:10889] for POST '/session/14f61660-7bcc-4279-b6a3-7163a94e0626/element/8a4a20de-96cc-4b6f-b2bc-d793880d4c6f/element'
15:50:16.670 [AsyncHttpClient-3-1] DEBUG o.a.netty.handler.HttpHandler - 

Request DefaultHttpRequest(decodeResult: success, version: HTTP/1.1)
POST /session/14f61660-7bcc-4279-b6a3-7163a94e0626/element/8a4a20de-96cc-4b6f-b2bc-d793880d4c6f/element HTTP/1.1
User-Agent: selenium/4.0.0-alpha-5 (java windows)
Content-Length: 103
Content-Type: application/json; charset=utf-8
host: localhost:10889
accept: */*

Response DefaultHttpResponse(decodeResult: success, version: HTTP/1.1)
HTTP/1.1 200 OK
content-type: application/json; charset=utf-8
cache-control: no-cache
content-length: 88
date: Thu, 25 Jun 2020 12:50:16 GMT

15:50:16.670 [AsyncHttpClient-3-1] DEBUG o.a.netty.channel.ChannelManager - Adding key: http://localhost:10889 for channel [id: 0x7c68b8df, L:/127.0.0.1:64390 - R:localhost/127.0.0.1:10889]
15:50:16.671 [Forwarding getElementText on session 14f61660-7bcc-4279-b6a3-7163a94e0626 to remote] DEBUG o.a.netty.request.NettyRequestSender - Using pooled Channel '[id: 0x7c68b8df, L:/127.0.0.1:64390 - R:localhost/127.0.0.1:10889]' for 'GET' to 'http://localhost:10889/session/14f61660-7bcc-4279-b6a3-7163a94e0626/element/fccef067-0883-4ba7-a023-e009883c7bfd/text'
15:50:16.671 [Forwarding getElementText on session 14f61660-7bcc-4279-b6a3-7163a94e0626 to remote] DEBUG o.a.netty.request.NettyRequestSender - Using open Channel [id: 0x7c68b8df, L:/127.0.0.1:64390 - R:localhost/127.0.0.1:10889] for GET '/session/14f61660-7bcc-4279-b6a3-7163a94e0626/element/fccef067-0883-4ba7-a023-e009883c7bfd/text'
15:50:16.675 [AsyncHttpClient-3-1] DEBUG o.a.netty.handler.HttpHandler - 

Request DefaultFullHttpRequest(decodeResult: success, version: HTTP/1.1, content: EmptyByteBufBE)
GET /session/14f61660-7bcc-4279-b6a3-7163a94e0626/element/fccef067-0883-4ba7-a023-e009883c7bfd/text HTTP/1.1
User-Agent: selenium/4.0.0-alpha-5 (java windows)
Cache-Control: no-cache
host: localhost:10889
accept: */*

Response DefaultHttpResponse(decodeResult: success, version: HTTP/1.1)
HTTP/1.1 200 OK
content-type: application/json; charset=utf-8
cache-control: no-cache
content-length: 21
date: Thu, 25 Jun 2020 12:50:16 GMT

15:50:16.675 [AsyncHttpClient-3-1] DEBUG o.a.netty.channel.ChannelManager - Adding key: http://localhost:10889 for channel [id: 0x7c68b8df, L:/127.0.0.1:64390 - R:localhost/127.0.0.1:10889]
15:50:16.675 [Forwarding findChildElement on session 14f61660-7bcc-4279-b6a3-7163a94e0626 to remote] DEBUG o.a.netty.request.NettyRequestSender - Using pooled Channel '[id: 0x7c68b8df, L:/127.0.0.1:64390 - R:localhost/127.0.0.1:10889]' for 'POST' to 'http://localhost:10889/session/14f61660-7bcc-4279-b6a3-7163a94e0626/element/8a4a20de-96cc-4b6f-b2bc-d793880d4c6f/element'
15:50:16.675 [Forwarding findChildElement on session 14f61660-7bcc-4279-b6a3-7163a94e0626 to remote] DEBUG o.a.netty.request.NettyRequestSender - Using open Channel [id: 0x7c68b8df, L:/127.0.0.1:64390 - R:localhost/127.0.0.1:10889] for POST '/session/14f61660-7bcc-4279-b6a3-7163a94e0626/element/8a4a20de-96cc-4b6f-b2bc-d793880d4c6f/element'
15:50:16.678 [AsyncHttpClient-3-1] DEBUG o.a.netty.handler.HttpHandler - 

Request DefaultHttpRequest(decodeResult: success, version: HTTP/1.1)
POST /session/14f61660-7bcc-4279-b6a3-7163a94e0626/element/8a4a20de-96cc-4b6f-b2bc-d793880d4c6f/element HTTP/1.1
User-Agent: selenium/4.0.0-alpha-5 (java windows)
Content-Length: 103
Content-Type: application/json; charset=utf-8
host: localhost:10889
accept: */*

Response DefaultHttpResponse(decodeResult: success, version: HTTP/1.1)
HTTP/1.1 200 OK
content-type: application/json; charset=utf-8
cache-control: no-cache
content-length: 88
date: Thu, 25 Jun 2020 12:50:16 GMT

15:50:16.679 [AsyncHttpClient-3-1] DEBUG o.a.netty.channel.ChannelManager - Adding key: http://localhost:10889 for channel [id: 0x7c68b8df, L:/127.0.0.1:64390 - R:localhost/127.0.0.1:10889]
15:50:16.679 [Forwarding getElementText on session 14f61660-7bcc-4279-b6a3-7163a94e0626 to remote] DEBUG o.a.netty.request.NettyRequestSender - Using pooled Channel '[id: 0x7c68b8df, L:/127.0.0.1:64390 - R:localhost/127.0.0.1:10889]' for 'GET' to 'http://localhost:10889/session/14f61660-7bcc-4279-b6a3-7163a94e0626/element/73edb40d-df7b-47aa-b6c1-21e16836ce29/text'
15:50:16.679 [Forwarding getElementText on session 14f61660-7bcc-4279-b6a3-7163a94e0626 to remote] DEBUG o.a.netty.request.NettyRequestSender - Using open Channel [id: 0x7c68b8df, L:/127.0.0.1:64390 - R:localhost/127.0.0.1:10889] for GET '/session/14f61660-7bcc-4279-b6a3-7163a94e0626/element/73edb40d-df7b-47aa-b6c1-21e16836ce29/text'
15:50:16.683 [AsyncHttpClient-3-1] DEBUG o.a.netty.handler.HttpHandler - 

Request DefaultFullHttpRequest(decodeResult: success, version: HTTP/1.1, content: EmptyByteBufBE)
GET /session/14f61660-7bcc-4279-b6a3-7163a94e0626/element/73edb40d-df7b-47aa-b6c1-21e16836ce29/text HTTP/1.1
User-Agent: selenium/4.0.0-alpha-5 (java windows)
Cache-Control: no-cache
host: localhost:10889
accept: */*

Response DefaultHttpResponse(decodeResult: success, version: HTTP/1.1)
HTTP/1.1 200 OK
content-type: application/json; charset=utf-8
cache-control: no-cache
content-length: 45
date: Thu, 25 Jun 2020 12:50:16 GMT

15:50:16.683 [AsyncHttpClient-3-1] DEBUG o.a.netty.channel.ChannelManager - Adding key: http://localhost:10889 for channel [id: 0x7c68b8df, L:/127.0.0.1:64390 - R:localhost/127.0.0.1:10889]
15:50:16.684 [Forwarding findChildElement on session 14f61660-7bcc-4279-b6a3-7163a94e0626 to remote] DEBUG o.a.netty.request.NettyRequestSender - Using pooled Channel '[id: 0x7c68b8df, L:/127.0.0.1:64390 - R:localhost/127.0.0.1:10889]' for 'POST' to 'http://localhost:10889/session/14f61660-7bcc-4279-b6a3-7163a94e0626/element/8a4a20de-96cc-4b6f-b2bc-d793880d4c6f/element'
15:50:16.684 [Forwarding findChildElement on session 14f61660-7bcc-4279-b6a3-7163a94e0626 to remote] DEBUG o.a.netty.request.NettyRequestSender - Using open Channel [id: 0x7c68b8df, L:/127.0.0.1:64390 - R:localhost/127.0.0.1:10889] for POST '/session/14f61660-7bcc-4279-b6a3-7163a94e0626/element/8a4a20de-96cc-4b6f-b2bc-d793880d4c6f/element'
15:50:16.687 [AsyncHttpClient-3-1] DEBUG o.a.netty.handler.HttpHandler - 

Request DefaultHttpRequest(decodeResult: success, version: HTTP/1.1)
POST /session/14f61660-7bcc-4279-b6a3-7163a94e0626/element/8a4a20de-96cc-4b6f-b2bc-d793880d4c6f/element HTTP/1.1
User-Agent: selenium/4.0.0-alpha-5 (java windows)
Content-Length: 103
Content-Type: application/json; charset=utf-8
host: localhost:10889
accept: */*

Response DefaultHttpResponse(decodeResult: success, version: HTTP/1.1)
HTTP/1.1 200 OK
content-type: application/json; charset=utf-8
cache-control: no-cache
content-length: 88
date: Thu, 25 Jun 2020 12:50:16 GMT

15:50:16.687 [AsyncHttpClient-3-1] DEBUG o.a.netty.channel.ChannelManager - Adding key: http://localhost:10889 for channel [id: 0x7c68b8df, L:/127.0.0.1:64390 - R:localhost/127.0.0.1:10889]
15:50:16.687 [Forwarding getElementText on session 14f61660-7bcc-4279-b6a3-7163a94e0626 to remote] DEBUG o.a.netty.request.NettyRequestSender - Using pooled Channel '[id: 0x7c68b8df, L:/127.0.0.1:64390 - R:localhost/127.0.0.1:10889]' for 'GET' to 'http://localhost:10889/session/14f61660-7bcc-4279-b6a3-7163a94e0626/element/1d1a3351-5dc6-4eb7-8f0d-b4abff79754a/text'
15:50:16.687 [Forwarding getElementText on session 14f61660-7bcc-4279-b6a3-7163a94e0626 to remote] DEBUG o.a.netty.request.NettyRequestSender - Using open Channel [id: 0x7c68b8df, L:/127.0.0.1:64390 - R:localhost/127.0.0.1:10889] for GET '/session/14f61660-7bcc-4279-b6a3-7163a94e0626/element/1d1a3351-5dc6-4eb7-8f0d-b4abff79754a/text'
15:50:16.694 [AsyncHttpClient-3-1] DEBUG o.a.netty.handler.HttpHandler - 

Request DefaultFullHttpRequest(decodeResult: success, version: HTTP/1.1, content: EmptyByteBufBE)
GET /session/14f61660-7bcc-4279-b6a3-7163a94e0626/element/1d1a3351-5dc6-4eb7-8f0d-b4abff79754a/text HTTP/1.1
User-Agent: selenium/4.0.0-alpha-5 (java windows)
Cache-Control: no-cache
host: localhost:10889
accept: */*

Response DefaultHttpResponse(decodeResult: success, version: HTTP/1.1)
HTTP/1.1 200 OK
content-type: application/json; charset=utf-8
cache-control: no-cache
content-length: 57
date: Thu, 25 Jun 2020 12:50:16 GMT

15:50:16.694 [AsyncHttpClient-3-1] DEBUG o.a.netty.channel.ChannelManager - Adding key: http://localhost:10889 for channel [id: 0x7c68b8df, L:/127.0.0.1:64390 - R:localhost/127.0.0.1:10889]
15:50:16.695 [Forwarding findChildElement on session 14f61660-7bcc-4279-b6a3-7163a94e0626 to remote] DEBUG o.a.netty.request.NettyRequestSender - Using pooled Channel '[id: 0x7c68b8df, L:/127.0.0.1:64390 - R:localhost/127.0.0.1:10889]' for 'POST' to 'http://localhost:10889/session/14f61660-7bcc-4279-b6a3-7163a94e0626/element/8a4a20de-96cc-4b6f-b2bc-d793880d4c6f/element'
15:50:16.695 [Forwarding findChildElement on session 14f61660-7bcc-4279-b6a3-7163a94e0626 to remote] DEBUG o.a.netty.request.NettyRequestSender - Using open Channel [id: 0x7c68b8df, L:/127.0.0.1:64390 - R:localhost/127.0.0.1:10889] for POST '/session/14f61660-7bcc-4279-b6a3-7163a94e0626/element/8a4a20de-96cc-4b6f-b2bc-d793880d4c6f/element'
15:50:16.698 [AsyncHttpClient-3-1] DEBUG o.a.netty.handler.HttpHandler - 

Request DefaultHttpRequest(decodeResult: success, version: HTTP/1.1)
POST /session/14f61660-7bcc-4279-b6a3-7163a94e0626/element/8a4a20de-96cc-4b6f-b2bc-d793880d4c6f/element HTTP/1.1
User-Agent: selenium/4.0.0-alpha-5 (java windows)
Content-Length: 97
Content-Type: application/json; charset=utf-8
host: localhost:10889
accept: */*

Response DefaultHttpResponse(decodeResult: success, version: HTTP/1.1)
HTTP/1.1 200 OK
content-type: application/json; charset=utf-8
cache-control: no-cache
content-length: 88
date: Thu, 25 Jun 2020 12:50:16 GMT

15:50:16.698 [AsyncHttpClient-3-1] DEBUG o.a.netty.channel.ChannelManager - Adding key: http://localhost:10889 for channel [id: 0x7c68b8df, L:/127.0.0.1:64390 - R:localhost/127.0.0.1:10889]
15:50:16.706 [Forwarding getElementAttribute on session 14f61660-7bcc-4279-b6a3-7163a94e0626 to remote] DEBUG o.a.netty.request.NettyRequestSender - Using pooled Channel '[id: 0x7c68b8df, L:/127.0.0.1:64390 - R:localhost/127.0.0.1:10889]' for 'POST' to 'http://localhost:10889/session/14f61660-7bcc-4279-b6a3-7163a94e0626/execute/sync'
15:50:16.706 [Forwarding getElementAttribute on session 14f61660-7bcc-4279-b6a3-7163a94e0626 to remote] DEBUG o.a.netty.request.NettyRequestSender - Using open Channel [id: 0x7c68b8df, L:/127.0.0.1:64390 - R:localhost/127.0.0.1:10889] for POST '/session/14f61660-7bcc-4279-b6a3-7163a94e0626/execute/sync'
15:50:16.721 [AsyncHttpClient-3-1] DEBUG o.a.netty.handler.HttpHandler - 

Request DefaultHttpRequest(decodeResult: success, version: HTTP/1.1)
POST /session/14f61660-7bcc-4279-b6a3-7163a94e0626/execute/sync HTTP/1.1
User-Agent: selenium/4.0.0-alpha-5 (java windows)
Content-Length: 39635
Content-Type: application/json; charset=utf-8
host: localhost:10889
accept: */*

Response DefaultHttpResponse(decodeResult: success, version: HTTP/1.1)
HTTP/1.1 200 OK
content-type: application/json; charset=utf-8
cache-control: no-cache
content-length: 15
date: Thu, 25 Jun 2020 12:50:16 GMT

15:50:16.721 [AsyncHttpClient-3-1] DEBUG o.a.netty.channel.ChannelManager - Adding key: http://localhost:10889 for channel [id: 0x7c68b8df, L:/127.0.0.1:64390 - R:localhost/127.0.0.1:10889]
15:50:16.721 [Forwarding findChildElement on session 14f61660-7bcc-4279-b6a3-7163a94e0626 to remote] DEBUG o.a.netty.request.NettyRequestSender - Using pooled Channel '[id: 0x7c68b8df, L:/127.0.0.1:64390 - R:localhost/127.0.0.1:10889]' for 'POST' to 'http://localhost:10889/session/14f61660-7bcc-4279-b6a3-7163a94e0626/element/a02961e9-316f-42c7-bd89-70481a95c2b8/element'
15:50:16.721 [Forwarding findChildElement on session 14f61660-7bcc-4279-b6a3-7163a94e0626 to remote] DEBUG o.a.netty.request.NettyRequestSender - Using open Channel [id: 0x7c68b8df, L:/127.0.0.1:64390 - R:localhost/127.0.0.1:10889] for POST '/session/14f61660-7bcc-4279-b6a3-7163a94e0626/element/a02961e9-316f-42c7-bd89-70481a95c2b8/element'
15:50:16.725 [AsyncHttpClient-3-1] DEBUG o.a.netty.handler.HttpHandler - 

Request DefaultHttpRequest(decodeResult: success, version: HTTP/1.1)
POST /session/14f61660-7bcc-4279-b6a3-7163a94e0626/element/a02961e9-316f-42c7-bd89-70481a95c2b8/element HTTP/1.1
User-Agent: selenium/4.0.0-alpha-5 (java windows)
Content-Length: 103
Content-Type: application/json; charset=utf-8
host: localhost:10889
accept: */*

Response DefaultHttpResponse(decodeResult: success, version: HTTP/1.1)
HTTP/1.1 200 OK
content-type: application/json; charset=utf-8
cache-control: no-cache
content-length: 88
date: Thu, 25 Jun 2020 12:50:16 GMT

15:50:16.725 [AsyncHttpClient-3-1] DEBUG o.a.netty.channel.ChannelManager - Adding key: http://localhost:10889 for channel [id: 0x7c68b8df, L:/127.0.0.1:64390 - R:localhost/127.0.0.1:10889]
15:50:16.725 [Forwarding getElementText on session 14f61660-7bcc-4279-b6a3-7163a94e0626 to remote] DEBUG o.a.netty.request.NettyRequestSender - Using pooled Channel '[id: 0x7c68b8df, L:/127.0.0.1:64390 - R:localhost/127.0.0.1:10889]' for 'GET' to 'http://localhost:10889/session/14f61660-7bcc-4279-b6a3-7163a94e0626/element/e29a7d28-6547-4a8f-9f54-1566bdc29464/text'
15:50:16.725 [Forwarding getElementText on session 14f61660-7bcc-4279-b6a3-7163a94e0626 to remote] DEBUG o.a.netty.request.NettyRequestSender - Using open Channel [id: 0x7c68b8df, L:/127.0.0.1:64390 - R:localhost/127.0.0.1:10889] for GET '/session/14f61660-7bcc-4279-b6a3-7163a94e0626/element/e29a7d28-6547-4a8f-9f54-1566bdc29464/text'
15:50:16.729 [AsyncHttpClient-3-1] DEBUG o.a.netty.handler.HttpHandler - 

Request DefaultFullHttpRequest(decodeResult: success, version: HTTP/1.1, content: EmptyByteBufBE)
GET /session/14f61660-7bcc-4279-b6a3-7163a94e0626/element/e29a7d28-6547-4a8f-9f54-1566bdc29464/text HTTP/1.1
User-Agent: selenium/4.0.0-alpha-5 (java windows)
Cache-Control: no-cache
host: localhost:10889
accept: */*

Response DefaultHttpResponse(decodeResult: success, version: HTTP/1.1)
HTTP/1.1 200 OK
content-type: application/json; charset=utf-8
cache-control: no-cache
content-length: 18
date: Thu, 25 Jun 2020 12:50:16 GMT

15:50:16.730 [AsyncHttpClient-3-1] DEBUG o.a.netty.channel.ChannelManager - Adding key: http://localhost:10889 for channel [id: 0x7c68b8df, L:/127.0.0.1:64390 - R:localhost/127.0.0.1:10889]
15:50:16.730 [Forwarding findChildElement on session 14f61660-7bcc-4279-b6a3-7163a94e0626 to remote] DEBUG o.a.netty.request.NettyRequestSender - Using pooled Channel '[id: 0x7c68b8df, L:/127.0.0.1:64390 - R:localhost/127.0.0.1:10889]' for 'POST' to 'http://localhost:10889/session/14f61660-7bcc-4279-b6a3-7163a94e0626/element/a02961e9-316f-42c7-bd89-70481a95c2b8/element'
15:50:16.730 [Forwarding findChildElement on session 14f61660-7bcc-4279-b6a3-7163a94e0626 to remote] DEBUG o.a.netty.request.NettyRequestSender - Using open Channel [id: 0x7c68b8df, L:/127.0.0.1:64390 - R:localhost/127.0.0.1:10889] for POST '/session/14f61660-7bcc-4279-b6a3-7163a94e0626/element/a02961e9-316f-42c7-bd89-70481a95c2b8/element'
15:50:16.733 [AsyncHttpClient-3-1] DEBUG o.a.netty.handler.HttpHandler - 

Request DefaultHttpRequest(decodeResult: success, version: HTTP/1.1)
POST /session/14f61660-7bcc-4279-b6a3-7163a94e0626/element/a02961e9-316f-42c7-bd89-70481a95c2b8/element HTTP/1.1
User-Agent: selenium/4.0.0-alpha-5 (java windows)
Content-Length: 103
Content-Type: application/json; charset=utf-8
host: localhost:10889
accept: */*

Response DefaultHttpResponse(decodeResult: success, version: HTTP/1.1)
HTTP/1.1 200 OK
content-type: application/json; charset=utf-8
cache-control: no-cache
content-length: 88
date: Thu, 25 Jun 2020 12:50:16 GMT

15:50:16.733 [AsyncHttpClient-3-1] DEBUG o.a.netty.channel.ChannelManager - Adding key: http://localhost:10889 for channel [id: 0x7c68b8df, L:/127.0.0.1:64390 - R:localhost/127.0.0.1:10889]
15:50:16.734 [Forwarding getElementText on session 14f61660-7bcc-4279-b6a3-7163a94e0626 to remote] DEBUG o.a.netty.request.NettyRequestSender - Using pooled Channel '[id: 0x7c68b8df, L:/127.0.0.1:64390 - R:localhost/127.0.0.1:10889]' for 'GET' to 'http://localhost:10889/session/14f61660-7bcc-4279-b6a3-7163a94e0626/element/de2f1c3d-3e34-4b4f-8455-4b3c79028f69/text'
15:50:16.734 [Forwarding getElementText on session 14f61660-7bcc-4279-b6a3-7163a94e0626 to remote] DEBUG o.a.netty.request.NettyRequestSender - Using open Channel [id: 0x7c68b8df, L:/127.0.0.1:64390 - R:localhost/127.0.0.1:10889] for GET '/session/14f61660-7bcc-4279-b6a3-7163a94e0626/element/de2f1c3d-3e34-4b4f-8455-4b3c79028f69/text'
15:50:16.738 [AsyncHttpClient-3-1] DEBUG o.a.netty.handler.HttpHandler - 

Request DefaultFullHttpRequest(decodeResult: success, version: HTTP/1.1, content: EmptyByteBufBE)
GET /session/14f61660-7bcc-4279-b6a3-7163a94e0626/element/de2f1c3d-3e34-4b4f-8455-4b3c79028f69/text HTTP/1.1
User-Agent: selenium/4.0.0-alpha-5 (java windows)
Cache-Control: no-cache
host: localhost:10889
accept: */*

Response DefaultHttpResponse(decodeResult: success, version: HTTP/1.1)
HTTP/1.1 200 OK
content-type: application/json; charset=utf-8
cache-control: no-cache
content-length: 22
date: Thu, 25 Jun 2020 12:50:16 GMT

15:50:16.738 [AsyncHttpClient-3-1] DEBUG o.a.netty.channel.ChannelManager - Adding key: http://localhost:10889 for channel [id: 0x7c68b8df, L:/127.0.0.1:64390 - R:localhost/127.0.0.1:10889]
15:50:16.738 [Forwarding findChildElement on session 14f61660-7bcc-4279-b6a3-7163a94e0626 to remote] DEBUG o.a.netty.request.NettyRequestSender - Using pooled Channel '[id: 0x7c68b8df, L:/127.0.0.1:64390 - R:localhost/127.0.0.1:10889]' for 'POST' to 'http://localhost:10889/session/14f61660-7bcc-4279-b6a3-7163a94e0626/element/a02961e9-316f-42c7-bd89-70481a95c2b8/element'
15:50:16.738 [Forwarding findChildElement on session 14f61660-7bcc-4279-b6a3-7163a94e0626 to remote] DEBUG o.a.netty.request.NettyRequestSender - Using open Channel [id: 0x7c68b8df, L:/127.0.0.1:64390 - R:localhost/127.0.0.1:10889] for POST '/session/14f61660-7bcc-4279-b6a3-7163a94e0626/element/a02961e9-316f-42c7-bd89-70481a95c2b8/element'
15:50:16.742 [AsyncHttpClient-3-1] DEBUG o.a.netty.handler.HttpHandler - 

Request DefaultHttpRequest(decodeResult: success, version: HTTP/1.1)
POST /session/14f61660-7bcc-4279-b6a3-7163a94e0626/element/a02961e9-316f-42c7-bd89-70481a95c2b8/element HTTP/1.1
User-Agent: selenium/4.0.0-alpha-5 (java windows)
Content-Length: 103
Content-Type: application/json; charset=utf-8
host: localhost:10889
accept: */*

Response DefaultHttpResponse(decodeResult: success, version: HTTP/1.1)
HTTP/1.1 200 OK
content-type: application/json; charset=utf-8
cache-control: no-cache
content-length: 88
date: Thu, 25 Jun 2020 12:50:16 GMT

15:50:16.742 [AsyncHttpClient-3-1] DEBUG o.a.netty.channel.ChannelManager - Adding key: http://localhost:10889 for channel [id: 0x7c68b8df, L:/127.0.0.1:64390 - R:localhost/127.0.0.1:10889]
15:50:16.742 [Forwarding getElementText on session 14f61660-7bcc-4279-b6a3-7163a94e0626 to remote] DEBUG o.a.netty.request.NettyRequestSender - Using pooled Channel '[id: 0x7c68b8df, L:/127.0.0.1:64390 - R:localhost/127.0.0.1:10889]' for 'GET' to 'http://localhost:10889/session/14f61660-7bcc-4279-b6a3-7163a94e0626/element/0f0ef3c6-48a2-4a2b-a58a-075e633953c1/text'
15:50:16.742 [Forwarding getElementText on session 14f61660-7bcc-4279-b6a3-7163a94e0626 to remote] DEBUG o.a.netty.request.NettyRequestSender - Using open Channel [id: 0x7c68b8df, L:/127.0.0.1:64390 - R:localhost/127.0.0.1:10889] for GET '/session/14f61660-7bcc-4279-b6a3-7163a94e0626/element/0f0ef3c6-48a2-4a2b-a58a-075e633953c1/text'
15:50:16.747 [AsyncHttpClient-3-1] DEBUG o.a.netty.handler.HttpHandler - 

Request DefaultFullHttpRequest(decodeResult: success, version: HTTP/1.1, content: EmptyByteBufBE)
GET /session/14f61660-7bcc-4279-b6a3-7163a94e0626/element/0f0ef3c6-48a2-4a2b-a58a-075e633953c1/text HTTP/1.1
User-Agent: selenium/4.0.0-alpha-5 (java windows)
Cache-Control: no-cache
host: localhost:10889
accept: */*

Response DefaultHttpResponse(decodeResult: success, version: HTTP/1.1)
HTTP/1.1 200 OK
content-type: application/json; charset=utf-8
cache-control: no-cache
content-length: 21
date: Thu, 25 Jun 2020 12:50:16 GMT

15:50:16.747 [AsyncHttpClient-3-1] DEBUG o.a.netty.channel.ChannelManager - Adding key: http://localhost:10889 for channel [id: 0x7c68b8df, L:/127.0.0.1:64390 - R:localhost/127.0.0.1:10889]
15:50:16.748 [Forwarding findChildElement on session 14f61660-7bcc-4279-b6a3-7163a94e0626 to remote] DEBUG o.a.netty.request.NettyRequestSender - Using pooled Channel '[id: 0x7c68b8df, L:/127.0.0.1:64390 - R:localhost/127.0.0.1:10889]' for 'POST' to 'http://localhost:10889/session/14f61660-7bcc-4279-b6a3-7163a94e0626/element/a02961e9-316f-42c7-bd89-70481a95c2b8/element'
15:50:16.748 [Forwarding findChildElement on session 14f61660-7bcc-4279-b6a3-7163a94e0626 to remote] DEBUG o.a.netty.request.NettyRequestSender - Using open Channel [id: 0x7c68b8df, L:/127.0.0.1:64390 - R:localhost/127.0.0.1:10889] for POST '/session/14f61660-7bcc-4279-b6a3-7163a94e0626/element/a02961e9-316f-42c7-bd89-70481a95c2b8/element'
15:50:16.751 [AsyncHttpClient-3-1] DEBUG o.a.netty.handler.HttpHandler - 

Request DefaultHttpRequest(decodeResult: success, version: HTTP/1.1)
POST /session/14f61660-7bcc-4279-b6a3-7163a94e0626/element/a02961e9-316f-42c7-bd89-70481a95c2b8/element HTTP/1.1
User-Agent: selenium/4.0.0-alpha-5 (java windows)
Content-Length: 103
Content-Type: application/json; charset=utf-8
host: localhost:10889
accept: */*

Response DefaultHttpResponse(decodeResult: success, version: HTTP/1.1)
HTTP/1.1 200 OK
content-type: application/json; charset=utf-8
cache-control: no-cache
content-length: 88
date: Thu, 25 Jun 2020 12:50:16 GMT

15:50:16.751 [AsyncHttpClient-3-1] DEBUG o.a.netty.channel.ChannelManager - Adding key: http://localhost:10889 for channel [id: 0x7c68b8df, L:/127.0.0.1:64390 - R:localhost/127.0.0.1:10889]
15:50:16.752 [Forwarding getElementText on session 14f61660-7bcc-4279-b6a3-7163a94e0626 to remote] DEBUG o.a.netty.request.NettyRequestSender - Using pooled Channel '[id: 0x7c68b8df, L:/127.0.0.1:64390 - R:localhost/127.0.0.1:10889]' for 'GET' to 'http://localhost:10889/session/14f61660-7bcc-4279-b6a3-7163a94e0626/element/d8daaa1b-0d77-4eb9-8f0f-5305246078db/text'
15:50:16.752 [Forwarding getElementText on session 14f61660-7bcc-4279-b6a3-7163a94e0626 to remote] DEBUG o.a.netty.request.NettyRequestSender - Using open Channel [id: 0x7c68b8df, L:/127.0.0.1:64390 - R:localhost/127.0.0.1:10889] for GET '/session/14f61660-7bcc-4279-b6a3-7163a94e0626/element/d8daaa1b-0d77-4eb9-8f0f-5305246078db/text'
15:50:16.756 [AsyncHttpClient-3-1] DEBUG o.a.netty.handler.HttpHandler - 

Request DefaultFullHttpRequest(decodeResult: success, version: HTTP/1.1, content: EmptyByteBufBE)
GET /session/14f61660-7bcc-4279-b6a3-7163a94e0626/element/d8daaa1b-0d77-4eb9-8f0f-5305246078db/text HTTP/1.1
User-Agent: selenium/4.0.0-alpha-5 (java windows)
Cache-Control: no-cache
host: localhost:10889
accept: */*

Response DefaultHttpResponse(decodeResult: success, version: HTTP/1.1)
HTTP/1.1 200 OK
content-type: application/json; charset=utf-8
cache-control: no-cache
content-length: 45
date: Thu, 25 Jun 2020 12:50:16 GMT

15:50:16.756 [AsyncHttpClient-3-1] DEBUG o.a.netty.channel.ChannelManager - Adding key: http://localhost:10889 for channel [id: 0x7c68b8df, L:/127.0.0.1:64390 - R:localhost/127.0.0.1:10889]
15:50:16.757 [Forwarding findChildElement on session 14f61660-7bcc-4279-b6a3-7163a94e0626 to remote] DEBUG o.a.netty.request.NettyRequestSender - Using pooled Channel '[id: 0x7c68b8df, L:/127.0.0.1:64390 - R:localhost/127.0.0.1:10889]' for 'POST' to 'http://localhost:10889/session/14f61660-7bcc-4279-b6a3-7163a94e0626/element/a02961e9-316f-42c7-bd89-70481a95c2b8/element'
15:50:16.757 [Forwarding findChildElement on session 14f61660-7bcc-4279-b6a3-7163a94e0626 to remote] DEBUG o.a.netty.request.NettyRequestSender - Using open Channel [id: 0x7c68b8df, L:/127.0.0.1:64390 - R:localhost/127.0.0.1:10889] for POST '/session/14f61660-7bcc-4279-b6a3-7163a94e0626/element/a02961e9-316f-42c7-bd89-70481a95c2b8/element'
15:50:16.761 [AsyncHttpClient-3-1] DEBUG o.a.netty.handler.HttpHandler - 

Request DefaultHttpRequest(decodeResult: success, version: HTTP/1.1)
POST /session/14f61660-7bcc-4279-b6a3-7163a94e0626/element/a02961e9-316f-42c7-bd89-70481a95c2b8/element HTTP/1.1
User-Agent: selenium/4.0.0-alpha-5 (java windows)
Content-Length: 103
Content-Type: application/json; charset=utf-8
host: localhost:10889
accept: */*

Response DefaultHttpResponse(decodeResult: success, version: HTTP/1.1)
HTTP/1.1 200 OK
content-type: application/json; charset=utf-8
cache-control: no-cache
content-length: 88
date: Thu, 25 Jun 2020 12:50:16 GMT

15:50:16.761 [AsyncHttpClient-3-1] DEBUG o.a.netty.channel.ChannelManager - Adding key: http://localhost:10889 for channel [id: 0x7c68b8df, L:/127.0.0.1:64390 - R:localhost/127.0.0.1:10889]
15:50:16.761 [Forwarding getElementText on session 14f61660-7bcc-4279-b6a3-7163a94e0626 to remote] DEBUG o.a.netty.request.NettyRequestSender - Using pooled Channel '[id: 0x7c68b8df, L:/127.0.0.1:64390 - R:localhost/127.0.0.1:10889]' for 'GET' to 'http://localhost:10889/session/14f61660-7bcc-4279-b6a3-7163a94e0626/element/97dd286e-2b86-4477-ad08-1e2c9c0c255b/text'
15:50:16.761 [Forwarding getElementText on session 14f61660-7bcc-4279-b6a3-7163a94e0626 to remote] DEBUG o.a.netty.request.NettyRequestSender - Using open Channel [id: 0x7c68b8df, L:/127.0.0.1:64390 - R:localhost/127.0.0.1:10889] for GET '/session/14f61660-7bcc-4279-b6a3-7163a94e0626/element/97dd286e-2b86-4477-ad08-1e2c9c0c255b/text'
15:50:16.768 [AsyncHttpClient-3-1] DEBUG o.a.netty.handler.HttpHandler - 

Request DefaultFullHttpRequest(decodeResult: success, version: HTTP/1.1, content: EmptyByteBufBE)
GET /session/14f61660-7bcc-4279-b6a3-7163a94e0626/element/97dd286e-2b86-4477-ad08-1e2c9c0c255b/text HTTP/1.1
User-Agent: selenium/4.0.0-alpha-5 (java windows)
Cache-Control: no-cache
host: localhost:10889
accept: */*

Response DefaultHttpResponse(decodeResult: success, version: HTTP/1.1)
HTTP/1.1 200 OK
content-type: application/json; charset=utf-8
cache-control: no-cache
content-length: 57
date: Thu, 25 Jun 2020 12:50:16 GMT

15:50:16.768 [AsyncHttpClient-3-1] DEBUG o.a.netty.channel.ChannelManager - Adding key: http://localhost:10889 for channel [id: 0x7c68b8df, L:/127.0.0.1:64390 - R:localhost/127.0.0.1:10889]
15:50:16.768 [Forwarding findChildElement on session 14f61660-7bcc-4279-b6a3-7163a94e0626 to remote] DEBUG o.a.netty.request.NettyRequestSender - Using pooled Channel '[id: 0x7c68b8df, L:/127.0.0.1:64390 - R:localhost/127.0.0.1:10889]' for 'POST' to 'http://localhost:10889/session/14f61660-7bcc-4279-b6a3-7163a94e0626/element/a02961e9-316f-42c7-bd89-70481a95c2b8/element'
15:50:16.768 [Forwarding findChildElement on session 14f61660-7bcc-4279-b6a3-7163a94e0626 to remote] DEBUG o.a.netty.request.NettyRequestSender - Using open Channel [id: 0x7c68b8df, L:/127.0.0.1:64390 - R:localhost/127.0.0.1:10889] for POST '/session/14f61660-7bcc-4279-b6a3-7163a94e0626/element/a02961e9-316f-42c7-bd89-70481a95c2b8/element'
15:50:16.772 [AsyncHttpClient-3-1] DEBUG o.a.netty.handler.HttpHandler - 

Request DefaultHttpRequest(decodeResult: success, version: HTTP/1.1)
POST /session/14f61660-7bcc-4279-b6a3-7163a94e0626/element/a02961e9-316f-42c7-bd89-70481a95c2b8/element HTTP/1.1
User-Agent: selenium/4.0.0-alpha-5 (java windows)
Content-Length: 97
Content-Type: application/json; charset=utf-8
host: localhost:10889
accept: */*

Response DefaultHttpResponse(decodeResult: success, version: HTTP/1.1)
HTTP/1.1 200 OK
content-type: application/json; charset=utf-8
cache-control: no-cache
content-length: 88
date: Thu, 25 Jun 2020 12:50:16 GMT

15:50:16.772 [AsyncHttpClient-3-1] DEBUG o.a.netty.channel.ChannelManager - Adding key: http://localhost:10889 for channel [id: 0x7c68b8df, L:/127.0.0.1:64390 - R:localhost/127.0.0.1:10889]
15:50:16.774 [Forwarding getElementAttribute on session 14f61660-7bcc-4279-b6a3-7163a94e0626 to remote] DEBUG o.a.netty.request.NettyRequestSender - Using pooled Channel '[id: 0x7c68b8df, L:/127.0.0.1:64390 - R:localhost/127.0.0.1:10889]' for 'POST' to 'http://localhost:10889/session/14f61660-7bcc-4279-b6a3-7163a94e0626/execute/sync'
15:50:16.775 [Forwarding getElementAttribute on session 14f61660-7bcc-4279-b6a3-7163a94e0626 to remote] DEBUG o.a.netty.request.NettyRequestSender - Using open Channel [id: 0x7c68b8df, L:/127.0.0.1:64390 - R:localhost/127.0.0.1:10889] for POST '/session/14f61660-7bcc-4279-b6a3-7163a94e0626/execute/sync'
15:50:16.788 [AsyncHttpClient-3-1] DEBUG o.a.netty.handler.HttpHandler - 

Request DefaultHttpRequest(decodeResult: success, version: HTTP/1.1)
POST /session/14f61660-7bcc-4279-b6a3-7163a94e0626/execute/sync HTTP/1.1
User-Agent: selenium/4.0.0-alpha-5 (java windows)
Content-Length: 39635
Content-Type: application/json; charset=utf-8
host: localhost:10889
accept: */*

Response DefaultHttpResponse(decodeResult: success, version: HTTP/1.1)
HTTP/1.1 200 OK
content-type: application/json; charset=utf-8
cache-control: no-cache
content-length: 15
date: Thu, 25 Jun 2020 12:50:16 GMT

15:50:16.788 [AsyncHttpClient-3-1] DEBUG o.a.netty.channel.ChannelManager - Adding key: http://localhost:10889 for channel [id: 0x7c68b8df, L:/127.0.0.1:64390 - R:localhost/127.0.0.1:10889]
15:50:16.788 [Forwarding findChildElement on session 14f61660-7bcc-4279-b6a3-7163a94e0626 to remote] DEBUG o.a.netty.request.NettyRequestSender - Using pooled Channel '[id: 0x7c68b8df, L:/127.0.0.1:64390 - R:localhost/127.0.0.1:10889]' for 'POST' to 'http://localhost:10889/session/14f61660-7bcc-4279-b6a3-7163a94e0626/element/98d0afea-7181-417e-b438-828bcf6d9df4/element'
15:50:16.789 [Forwarding findChildElement on session 14f61660-7bcc-4279-b6a3-7163a94e0626 to remote] DEBUG o.a.netty.request.NettyRequestSender - Using open Channel [id: 0x7c68b8df, L:/127.0.0.1:64390 - R:localhost/127.0.0.1:10889] for POST '/session/14f61660-7bcc-4279-b6a3-7163a94e0626/element/98d0afea-7181-417e-b438-828bcf6d9df4/element'
15:50:16.792 [AsyncHttpClient-3-1] DEBUG o.a.netty.handler.HttpHandler - 

Request DefaultHttpRequest(decodeResult: success, version: HTTP/1.1)
POST /session/14f61660-7bcc-4279-b6a3-7163a94e0626/element/98d0afea-7181-417e-b438-828bcf6d9df4/element HTTP/1.1
User-Agent: selenium/4.0.0-alpha-5 (java windows)
Content-Length: 103
Content-Type: application/json; charset=utf-8
host: localhost:10889
accept: */*

Response DefaultHttpResponse(decodeResult: success, version: HTTP/1.1)
HTTP/1.1 200 OK
content-type: application/json; charset=utf-8
cache-control: no-cache
content-length: 88
date: Thu, 25 Jun 2020 12:50:16 GMT

15:50:16.792 [AsyncHttpClient-3-1] DEBUG o.a.netty.channel.ChannelManager - Adding key: http://localhost:10889 for channel [id: 0x7c68b8df, L:/127.0.0.1:64390 - R:localhost/127.0.0.1:10889]
15:50:16.792 [Forwarding getElementText on session 14f61660-7bcc-4279-b6a3-7163a94e0626 to remote] DEBUG o.a.netty.request.NettyRequestSender - Using pooled Channel '[id: 0x7c68b8df, L:/127.0.0.1:64390 - R:localhost/127.0.0.1:10889]' for 'GET' to 'http://localhost:10889/session/14f61660-7bcc-4279-b6a3-7163a94e0626/element/67da2646-7308-4e98-8c2d-b91758d703f8/text'
15:50:16.792 [Forwarding getElementText on session 14f61660-7bcc-4279-b6a3-7163a94e0626 to remote] DEBUG o.a.netty.request.NettyRequestSender - Using open Channel [id: 0x7c68b8df, L:/127.0.0.1:64390 - R:localhost/127.0.0.1:10889] for GET '/session/14f61660-7bcc-4279-b6a3-7163a94e0626/element/67da2646-7308-4e98-8c2d-b91758d703f8/text'
15:50:16.797 [AsyncHttpClient-3-1] DEBUG o.a.netty.handler.HttpHandler - 

Request DefaultFullHttpRequest(decodeResult: success, version: HTTP/1.1, content: EmptyByteBufBE)
GET /session/14f61660-7bcc-4279-b6a3-7163a94e0626/element/67da2646-7308-4e98-8c2d-b91758d703f8/text HTTP/1.1
User-Agent: selenium/4.0.0-alpha-5 (java windows)
Cache-Control: no-cache
host: localhost:10889
accept: */*

Response DefaultHttpResponse(decodeResult: success, version: HTTP/1.1)
HTTP/1.1 200 OK
content-type: application/json; charset=utf-8
cache-control: no-cache
content-length: 18
date: Thu, 25 Jun 2020 12:50:16 GMT

15:50:16.797 [AsyncHttpClient-3-1] DEBUG o.a.netty.channel.ChannelManager - Adding key: http://localhost:10889 for channel [id: 0x7c68b8df, L:/127.0.0.1:64390 - R:localhost/127.0.0.1:10889]
15:50:16.797 [Forwarding findChildElement on session 14f61660-7bcc-4279-b6a3-7163a94e0626 to remote] DEBUG o.a.netty.request.NettyRequestSender - Using pooled Channel '[id: 0x7c68b8df, L:/127.0.0.1:64390 - R:localhost/127.0.0.1:10889]' for 'POST' to 'http://localhost:10889/session/14f61660-7bcc-4279-b6a3-7163a94e0626/element/98d0afea-7181-417e-b438-828bcf6d9df4/element'
15:50:16.798 [Forwarding findChildElement on session 14f61660-7bcc-4279-b6a3-7163a94e0626 to remote] DEBUG o.a.netty.request.NettyRequestSender - Using open Channel [id: 0x7c68b8df, L:/127.0.0.1:64390 - R:localhost/127.0.0.1:10889] for POST '/session/14f61660-7bcc-4279-b6a3-7163a94e0626/element/98d0afea-7181-417e-b438-828bcf6d9df4/element'
15:50:16.801 [AsyncHttpClient-3-1] DEBUG o.a.netty.handler.HttpHandler - 

Request DefaultHttpRequest(decodeResult: success, version: HTTP/1.1)
POST /session/14f61660-7bcc-4279-b6a3-7163a94e0626/element/98d0afea-7181-417e-b438-828bcf6d9df4/element HTTP/1.1
User-Agent: selenium/4.0.0-alpha-5 (java windows)
Content-Length: 103
Content-Type: application/json; charset=utf-8
host: localhost:10889
accept: */*

Response DefaultHttpResponse(decodeResult: success, version: HTTP/1.1)
HTTP/1.1 200 OK
content-type: application/json; charset=utf-8
cache-control: no-cache
content-length: 88
date: Thu, 25 Jun 2020 12:50:16 GMT

15:50:16.801 [AsyncHttpClient-3-1] DEBUG o.a.netty.channel.ChannelManager - Adding key: http://localhost:10889 for channel [id: 0x7c68b8df, L:/127.0.0.1:64390 - R:localhost/127.0.0.1:10889]
15:50:16.801 [Forwarding getElementText on session 14f61660-7bcc-4279-b6a3-7163a94e0626 to remote] DEBUG o.a.netty.request.NettyRequestSender - Using pooled Channel '[id: 0x7c68b8df, L:/127.0.0.1:64390 - R:localhost/127.0.0.1:10889]' for 'GET' to 'http://localhost:10889/session/14f61660-7bcc-4279-b6a3-7163a94e0626/element/55be9a25-5411-4e5d-812d-25eb06ed8f09/text'
15:50:16.801 [Forwarding getElementText on session 14f61660-7bcc-4279-b6a3-7163a94e0626 to remote] DEBUG o.a.netty.request.NettyRequestSender - Using open Channel [id: 0x7c68b8df, L:/127.0.0.1:64390 - R:localhost/127.0.0.1:10889] for GET '/session/14f61660-7bcc-4279-b6a3-7163a94e0626/element/55be9a25-5411-4e5d-812d-25eb06ed8f09/text'
15:50:16.805 [AsyncHttpClient-3-1] DEBUG o.a.netty.handler.HttpHandler - 

Request DefaultFullHttpRequest(decodeResult: success, version: HTTP/1.1, content: EmptyByteBufBE)
GET /session/14f61660-7bcc-4279-b6a3-7163a94e0626/element/55be9a25-5411-4e5d-812d-25eb06ed8f09/text HTTP/1.1
User-Agent: selenium/4.0.0-alpha-5 (java windows)
Cache-Control: no-cache
host: localhost:10889
accept: */*

Response DefaultHttpResponse(decodeResult: success, version: HTTP/1.1)
HTTP/1.1 200 OK
content-type: application/json; charset=utf-8
cache-control: no-cache
content-length: 22
date: Thu, 25 Jun 2020 12:50:16 GMT

15:50:16.805 [AsyncHttpClient-3-1] DEBUG o.a.netty.channel.ChannelManager - Adding key: http://localhost:10889 for channel [id: 0x7c68b8df, L:/127.0.0.1:64390 - R:localhost/127.0.0.1:10889]
15:50:16.806 [Forwarding findChildElement on session 14f61660-7bcc-4279-b6a3-7163a94e0626 to remote] DEBUG o.a.netty.request.NettyRequestSender - Using pooled Channel '[id: 0x7c68b8df, L:/127.0.0.1:64390 - R:localhost/127.0.0.1:10889]' for 'POST' to 'http://localhost:10889/session/14f61660-7bcc-4279-b6a3-7163a94e0626/element/98d0afea-7181-417e-b438-828bcf6d9df4/element'
15:50:16.806 [Forwarding findChildElement on session 14f61660-7bcc-4279-b6a3-7163a94e0626 to remote] DEBUG o.a.netty.request.NettyRequestSender - Using open Channel [id: 0x7c68b8df, L:/127.0.0.1:64390 - R:localhost/127.0.0.1:10889] for POST '/session/14f61660-7bcc-4279-b6a3-7163a94e0626/element/98d0afea-7181-417e-b438-828bcf6d9df4/element'
15:50:16.809 [AsyncHttpClient-3-1] DEBUG o.a.netty.handler.HttpHandler - 

Request DefaultHttpRequest(decodeResult: success, version: HTTP/1.1)
POST /session/14f61660-7bcc-4279-b6a3-7163a94e0626/element/98d0afea-7181-417e-b438-828bcf6d9df4/element HTTP/1.1
User-Agent: selenium/4.0.0-alpha-5 (java windows)
Content-Length: 103
Content-Type: application/json; charset=utf-8
host: localhost:10889
accept: */*

Response DefaultHttpResponse(decodeResult: success, version: HTTP/1.1)
HTTP/1.1 200 OK
content-type: application/json; charset=utf-8
cache-control: no-cache
content-length: 88
date: Thu, 25 Jun 2020 12:50:16 GMT

15:50:16.810 [AsyncHttpClient-3-1] DEBUG o.a.netty.channel.ChannelManager - Adding key: http://localhost:10889 for channel [id: 0x7c68b8df, L:/127.0.0.1:64390 - R:localhost/127.0.0.1:10889]
15:50:16.810 [Forwarding getElementText on session 14f61660-7bcc-4279-b6a3-7163a94e0626 to remote] DEBUG o.a.netty.request.NettyRequestSender - Using pooled Channel '[id: 0x7c68b8df, L:/127.0.0.1:64390 - R:localhost/127.0.0.1:10889]' for 'GET' to 'http://localhost:10889/session/14f61660-7bcc-4279-b6a3-7163a94e0626/element/7967dc4f-331d-4d59-a42d-50678854b78a/text'
15:50:16.810 [Forwarding getElementText on session 14f61660-7bcc-4279-b6a3-7163a94e0626 to remote] DEBUG o.a.netty.request.NettyRequestSender - Using open Channel [id: 0x7c68b8df, L:/127.0.0.1:64390 - R:localhost/127.0.0.1:10889] for GET '/session/14f61660-7bcc-4279-b6a3-7163a94e0626/element/7967dc4f-331d-4d59-a42d-50678854b78a/text'
15:50:16.815 [AsyncHttpClient-3-1] DEBUG o.a.netty.handler.HttpHandler - 

Request DefaultFullHttpRequest(decodeResult: success, version: HTTP/1.1, content: EmptyByteBufBE)
GET /session/14f61660-7bcc-4279-b6a3-7163a94e0626/element/7967dc4f-331d-4d59-a42d-50678854b78a/text HTTP/1.1
User-Agent: selenium/4.0.0-alpha-5 (java windows)
Cache-Control: no-cache
host: localhost:10889
accept: */*

Response DefaultHttpResponse(decodeResult: success, version: HTTP/1.1)
HTTP/1.1 200 OK
content-type: application/json; charset=utf-8
cache-control: no-cache
content-length: 21
date: Thu, 25 Jun 2020 12:50:16 GMT

15:50:16.815 [AsyncHttpClient-3-1] DEBUG o.a.netty.channel.ChannelManager - Adding key: http://localhost:10889 for channel [id: 0x7c68b8df, L:/127.0.0.1:64390 - R:localhost/127.0.0.1:10889]
15:50:16.815 [Forwarding findChildElement on session 14f61660-7bcc-4279-b6a3-7163a94e0626 to remote] DEBUG o.a.netty.request.NettyRequestSender - Using pooled Channel '[id: 0x7c68b8df, L:/127.0.0.1:64390 - R:localhost/127.0.0.1:10889]' for 'POST' to 'http://localhost:10889/session/14f61660-7bcc-4279-b6a3-7163a94e0626/element/98d0afea-7181-417e-b438-828bcf6d9df4/element'
15:50:16.815 [Forwarding findChildElement on session 14f61660-7bcc-4279-b6a3-7163a94e0626 to remote] DEBUG o.a.netty.request.NettyRequestSender - Using open Channel [id: 0x7c68b8df, L:/127.0.0.1:64390 - R:localhost/127.0.0.1:10889] for POST '/session/14f61660-7bcc-4279-b6a3-7163a94e0626/element/98d0afea-7181-417e-b438-828bcf6d9df4/element'
15:50:16.819 [AsyncHttpClient-3-1] DEBUG o.a.netty.handler.HttpHandler - 

Request DefaultHttpRequest(decodeResult: success, version: HTTP/1.1)
POST /session/14f61660-7bcc-4279-b6a3-7163a94e0626/element/98d0afea-7181-417e-b438-828bcf6d9df4/element HTTP/1.1
User-Agent: selenium/4.0.0-alpha-5 (java windows)
Content-Length: 103
Content-Type: application/json; charset=utf-8
host: localhost:10889
accept: */*

Response DefaultHttpResponse(decodeResult: success, version: HTTP/1.1)
HTTP/1.1 200 OK
content-type: application/json; charset=utf-8
cache-control: no-cache
content-length: 88
date: Thu, 25 Jun 2020 12:50:16 GMT

15:50:16.819 [AsyncHttpClient-3-1] DEBUG o.a.netty.channel.ChannelManager - Adding key: http://localhost:10889 for channel [id: 0x7c68b8df, L:/127.0.0.1:64390 - R:localhost/127.0.0.1:10889]
15:50:16.819 [Forwarding getElementText on session 14f61660-7bcc-4279-b6a3-7163a94e0626 to remote] DEBUG o.a.netty.request.NettyRequestSender - Using pooled Channel '[id: 0x7c68b8df, L:/127.0.0.1:64390 - R:localhost/127.0.0.1:10889]' for 'GET' to 'http://localhost:10889/session/14f61660-7bcc-4279-b6a3-7163a94e0626/element/890e9ac4-4d71-4894-ad40-247f97977b70/text'
15:50:16.819 [Forwarding getElementText on session 14f61660-7bcc-4279-b6a3-7163a94e0626 to remote] DEBUG o.a.netty.request.NettyRequestSender - Using open Channel [id: 0x7c68b8df, L:/127.0.0.1:64390 - R:localhost/127.0.0.1:10889] for GET '/session/14f61660-7bcc-4279-b6a3-7163a94e0626/element/890e9ac4-4d71-4894-ad40-247f97977b70/text'
15:50:16.825 [AsyncHttpClient-3-1] DEBUG o.a.netty.handler.HttpHandler - 

Request DefaultFullHttpRequest(decodeResult: success, version: HTTP/1.1, content: EmptyByteBufBE)
GET /session/14f61660-7bcc-4279-b6a3-7163a94e0626/element/890e9ac4-4d71-4894-ad40-247f97977b70/text HTTP/1.1
User-Agent: selenium/4.0.0-alpha-5 (java windows)
Cache-Control: no-cache
host: localhost:10889
accept: */*

Response DefaultHttpResponse(decodeResult: success, version: HTTP/1.1)
HTTP/1.1 200 OK
content-type: application/json; charset=utf-8
cache-control: no-cache
content-length: 45
date: Thu, 25 Jun 2020 12:50:16 GMT

15:50:16.825 [AsyncHttpClient-3-1] DEBUG o.a.netty.channel.ChannelManager - Adding key: http://localhost:10889 for channel [id: 0x7c68b8df, L:/127.0.0.1:64390 - R:localhost/127.0.0.1:10889]
15:50:16.825 [Forwarding findChildElement on session 14f61660-7bcc-4279-b6a3-7163a94e0626 to remote] DEBUG o.a.netty.request.NettyRequestSender - Using pooled Channel '[id: 0x7c68b8df, L:/127.0.0.1:64390 - R:localhost/127.0.0.1:10889]' for 'POST' to 'http://localhost:10889/session/14f61660-7bcc-4279-b6a3-7163a94e0626/element/98d0afea-7181-417e-b438-828bcf6d9df4/element'
15:50:16.825 [Forwarding findChildElement on session 14f61660-7bcc-4279-b6a3-7163a94e0626 to remote] DEBUG o.a.netty.request.NettyRequestSender - Using open Channel [id: 0x7c68b8df, L:/127.0.0.1:64390 - R:localhost/127.0.0.1:10889] for POST '/session/14f61660-7bcc-4279-b6a3-7163a94e0626/element/98d0afea-7181-417e-b438-828bcf6d9df4/element'
15:50:16.829 [AsyncHttpClient-3-1] DEBUG o.a.netty.handler.HttpHandler - 

Request DefaultHttpRequest(decodeResult: success, version: HTTP/1.1)
POST /session/14f61660-7bcc-4279-b6a3-7163a94e0626/element/98d0afea-7181-417e-b438-828bcf6d9df4/element HTTP/1.1
User-Agent: selenium/4.0.0-alpha-5 (java windows)
Content-Length: 103
Content-Type: application/json; charset=utf-8
host: localhost:10889
accept: */*

Response DefaultHttpResponse(decodeResult: success, version: HTTP/1.1)
HTTP/1.1 200 OK
content-type: application/json; charset=utf-8
cache-control: no-cache
content-length: 88
date: Thu, 25 Jun 2020 12:50:16 GMT

15:50:16.829 [AsyncHttpClient-3-1] DEBUG o.a.netty.channel.ChannelManager - Adding key: http://localhost:10889 for channel [id: 0x7c68b8df, L:/127.0.0.1:64390 - R:localhost/127.0.0.1:10889]
15:50:16.829 [Forwarding getElementText on session 14f61660-7bcc-4279-b6a3-7163a94e0626 to remote] DEBUG o.a.netty.request.NettyRequestSender - Using pooled Channel '[id: 0x7c68b8df, L:/127.0.0.1:64390 - R:localhost/127.0.0.1:10889]' for 'GET' to 'http://localhost:10889/session/14f61660-7bcc-4279-b6a3-7163a94e0626/element/52e30e18-4080-4d01-a6d8-7e04b3fae13a/text'
15:50:16.829 [Forwarding getElementText on session 14f61660-7bcc-4279-b6a3-7163a94e0626 to remote] DEBUG o.a.netty.request.NettyRequestSender - Using open Channel [id: 0x7c68b8df, L:/127.0.0.1:64390 - R:localhost/127.0.0.1:10889] for GET '/session/14f61660-7bcc-4279-b6a3-7163a94e0626/element/52e30e18-4080-4d01-a6d8-7e04b3fae13a/text'
15:50:16.837 [AsyncHttpClient-3-1] DEBUG o.a.netty.handler.HttpHandler - 

Request DefaultFullHttpRequest(decodeResult: success, version: HTTP/1.1, content: EmptyByteBufBE)
GET /session/14f61660-7bcc-4279-b6a3-7163a94e0626/element/52e30e18-4080-4d01-a6d8-7e04b3fae13a/text HTTP/1.1
User-Agent: selenium/4.0.0-alpha-5 (java windows)
Cache-Control: no-cache
host: localhost:10889
accept: */*

Response DefaultHttpResponse(decodeResult: success, version: HTTP/1.1)
HTTP/1.1 200 OK
content-type: application/json; charset=utf-8
cache-control: no-cache
content-length: 57
date: Thu, 25 Jun 2020 12:50:16 GMT

15:50:16.837 [AsyncHttpClient-3-1] DEBUG o.a.netty.channel.ChannelManager - Adding key: http://localhost:10889 for channel [id: 0x7c68b8df, L:/127.0.0.1:64390 - R:localhost/127.0.0.1:10889]
15:50:16.837 [Forwarding findChildElement on session 14f61660-7bcc-4279-b6a3-7163a94e0626 to remote] DEBUG o.a.netty.request.NettyRequestSender - Using pooled Channel '[id: 0x7c68b8df, L:/127.0.0.1:64390 - R:localhost/127.0.0.1:10889]' for 'POST' to 'http://localhost:10889/session/14f61660-7bcc-4279-b6a3-7163a94e0626/element/98d0afea-7181-417e-b438-828bcf6d9df4/element'
15:50:16.837 [Forwarding findChildElement on session 14f61660-7bcc-4279-b6a3-7163a94e0626 to remote] DEBUG o.a.netty.request.NettyRequestSender - Using open Channel [id: 0x7c68b8df, L:/127.0.0.1:64390 - R:localhost/127.0.0.1:10889] for POST '/session/14f61660-7bcc-4279-b6a3-7163a94e0626/element/98d0afea-7181-417e-b438-828bcf6d9df4/element'
15:50:16.841 [AsyncHttpClient-3-1] DEBUG o.a.netty.handler.HttpHandler - 

Request DefaultHttpRequest(decodeResult: success, version: HTTP/1.1)
POST /session/14f61660-7bcc-4279-b6a3-7163a94e0626/element/98d0afea-7181-417e-b438-828bcf6d9df4/element HTTP/1.1
User-Agent: selenium/4.0.0-alpha-5 (java windows)
Content-Length: 97
Content-Type: application/json; charset=utf-8
host: localhost:10889
accept: */*

Response DefaultHttpResponse(decodeResult: success, version: HTTP/1.1)
HTTP/1.1 200 OK
content-type: application/json; charset=utf-8
cache-control: no-cache
content-length: 88
date: Thu, 25 Jun 2020 12:50:16 GMT

15:50:16.841 [AsyncHttpClient-3-1] DEBUG o.a.netty.channel.ChannelManager - Adding key: http://localhost:10889 for channel [id: 0x7c68b8df, L:/127.0.0.1:64390 - R:localhost/127.0.0.1:10889]
15:50:16.844 [Forwarding getElementAttribute on session 14f61660-7bcc-4279-b6a3-7163a94e0626 to remote] DEBUG o.a.netty.request.NettyRequestSender - Using pooled Channel '[id: 0x7c68b8df, L:/127.0.0.1:64390 - R:localhost/127.0.0.1:10889]' for 'POST' to 'http://localhost:10889/session/14f61660-7bcc-4279-b6a3-7163a94e0626/execute/sync'
15:50:16.844 [Forwarding getElementAttribute on session 14f61660-7bcc-4279-b6a3-7163a94e0626 to remote] DEBUG o.a.netty.request.NettyRequestSender - Using open Channel [id: 0x7c68b8df, L:/127.0.0.1:64390 - R:localhost/127.0.0.1:10889] for POST '/session/14f61660-7bcc-4279-b6a3-7163a94e0626/execute/sync'
15:50:16.856 [AsyncHttpClient-3-1] DEBUG o.a.netty.handler.HttpHandler - 

Request DefaultHttpRequest(decodeResult: success, version: HTTP/1.1)
POST /session/14f61660-7bcc-4279-b6a3-7163a94e0626/execute/sync HTTP/1.1
User-Agent: selenium/4.0.0-alpha-5 (java windows)
Content-Length: 39635
Content-Type: application/json; charset=utf-8
host: localhost:10889
accept: */*

Response DefaultHttpResponse(decodeResult: success, version: HTTP/1.1)
HTTP/1.1 200 OK
content-type: application/json; charset=utf-8
cache-control: no-cache
content-length: 15
date: Thu, 25 Jun 2020 12:50:16 GMT

15:50:16.856 [AsyncHttpClient-3-1] DEBUG o.a.netty.channel.ChannelManager - Adding key: http://localhost:10889 for channel [id: 0x7c68b8df, L:/127.0.0.1:64390 - R:localhost/127.0.0.1:10889]
15:50:16.856 [Forwarding findChildElement on session 14f61660-7bcc-4279-b6a3-7163a94e0626 to remote] DEBUG o.a.netty.request.NettyRequestSender - Using pooled Channel '[id: 0x7c68b8df, L:/127.0.0.1:64390 - R:localhost/127.0.0.1:10889]' for 'POST' to 'http://localhost:10889/session/14f61660-7bcc-4279-b6a3-7163a94e0626/element/bb14689b-dd75-455a-bf5a-d38f8d7de5a6/element'
15:50:16.856 [Forwarding findChildElement on session 14f61660-7bcc-4279-b6a3-7163a94e0626 to remote] DEBUG o.a.netty.request.NettyRequestSender - Using open Channel [id: 0x7c68b8df, L:/127.0.0.1:64390 - R:localhost/127.0.0.1:10889] for POST '/session/14f61660-7bcc-4279-b6a3-7163a94e0626/element/bb14689b-dd75-455a-bf5a-d38f8d7de5a6/element'
15:50:16.860 [AsyncHttpClient-3-1] DEBUG o.a.netty.handler.HttpHandler - 

Request DefaultHttpRequest(decodeResult: success, version: HTTP/1.1)
POST /session/14f61660-7bcc-4279-b6a3-7163a94e0626/element/bb14689b-dd75-455a-bf5a-d38f8d7de5a6/element HTTP/1.1
User-Agent: selenium/4.0.0-alpha-5 (java windows)
Content-Length: 103
Content-Type: application/json; charset=utf-8
host: localhost:10889
accept: */*

Response DefaultHttpResponse(decodeResult: success, version: HTTP/1.1)
HTTP/1.1 200 OK
content-type: application/json; charset=utf-8
cache-control: no-cache
content-length: 88
date: Thu, 25 Jun 2020 12:50:16 GMT

15:50:16.860 [AsyncHttpClient-3-1] DEBUG o.a.netty.channel.ChannelManager - Adding key: http://localhost:10889 for channel [id: 0x7c68b8df, L:/127.0.0.1:64390 - R:localhost/127.0.0.1:10889]
15:50:16.860 [Forwarding getElementText on session 14f61660-7bcc-4279-b6a3-7163a94e0626 to remote] DEBUG o.a.netty.request.NettyRequestSender - Using pooled Channel '[id: 0x7c68b8df, L:/127.0.0.1:64390 - R:localhost/127.0.0.1:10889]' for 'GET' to 'http://localhost:10889/session/14f61660-7bcc-4279-b6a3-7163a94e0626/element/4a6453f7-052b-4cde-8865-9d1e4478b0cb/text'
15:50:16.860 [Forwarding getElementText on session 14f61660-7bcc-4279-b6a3-7163a94e0626 to remote] DEBUG o.a.netty.request.NettyRequestSender - Using open Channel [id: 0x7c68b8df, L:/127.0.0.1:64390 - R:localhost/127.0.0.1:10889] for GET '/session/14f61660-7bcc-4279-b6a3-7163a94e0626/element/4a6453f7-052b-4cde-8865-9d1e4478b0cb/text'
15:50:16.864 [AsyncHttpClient-3-1] DEBUG o.a.netty.handler.HttpHandler - 

Request DefaultFullHttpRequest(decodeResult: success, version: HTTP/1.1, content: EmptyByteBufBE)
GET /session/14f61660-7bcc-4279-b6a3-7163a94e0626/element/4a6453f7-052b-4cde-8865-9d1e4478b0cb/text HTTP/1.1
User-Agent: selenium/4.0.0-alpha-5 (java windows)
Cache-Control: no-cache
host: localhost:10889
accept: */*

Response DefaultHttpResponse(decodeResult: success, version: HTTP/1.1)
HTTP/1.1 200 OK
content-type: application/json; charset=utf-8
cache-control: no-cache
content-length: 18
date: Thu, 25 Jun 2020 12:50:16 GMT

15:50:16.865 [AsyncHttpClient-3-1] DEBUG o.a.netty.channel.ChannelManager - Adding key: http://localhost:10889 for channel [id: 0x7c68b8df, L:/127.0.0.1:64390 - R:localhost/127.0.0.1:10889]
15:50:16.865 [Forwarding findChildElement on session 14f61660-7bcc-4279-b6a3-7163a94e0626 to remote] DEBUG o.a.netty.request.NettyRequestSender - Using pooled Channel '[id: 0x7c68b8df, L:/127.0.0.1:64390 - R:localhost/127.0.0.1:10889]' for 'POST' to 'http://localhost:10889/session/14f61660-7bcc-4279-b6a3-7163a94e0626/element/bb14689b-dd75-455a-bf5a-d38f8d7de5a6/element'
15:50:16.865 [Forwarding findChildElement on session 14f61660-7bcc-4279-b6a3-7163a94e0626 to remote] DEBUG o.a.netty.request.NettyRequestSender - Using open Channel [id: 0x7c68b8df, L:/127.0.0.1:64390 - R:localhost/127.0.0.1:10889] for POST '/session/14f61660-7bcc-4279-b6a3-7163a94e0626/element/bb14689b-dd75-455a-bf5a-d38f8d7de5a6/element'
15:50:16.868 [AsyncHttpClient-3-1] DEBUG o.a.netty.handler.HttpHandler - 

Request DefaultHttpRequest(decodeResult: success, version: HTTP/1.1)
POST /session/14f61660-7bcc-4279-b6a3-7163a94e0626/element/bb14689b-dd75-455a-bf5a-d38f8d7de5a6/element HTTP/1.1
User-Agent: selenium/4.0.0-alpha-5 (java windows)
Content-Length: 103
Content-Type: application/json; charset=utf-8
host: localhost:10889
accept: */*

Response DefaultHttpResponse(decodeResult: success, version: HTTP/1.1)
HTTP/1.1 200 OK
content-type: application/json; charset=utf-8
cache-control: no-cache
content-length: 88
date: Thu, 25 Jun 2020 12:50:16 GMT

15:50:16.868 [AsyncHttpClient-3-1] DEBUG o.a.netty.channel.ChannelManager - Adding key: http://localhost:10889 for channel [id: 0x7c68b8df, L:/127.0.0.1:64390 - R:localhost/127.0.0.1:10889]
15:50:16.869 [Forwarding getElementText on session 14f61660-7bcc-4279-b6a3-7163a94e0626 to remote] DEBUG o.a.netty.request.NettyRequestSender - Using pooled Channel '[id: 0x7c68b8df, L:/127.0.0.1:64390 - R:localhost/127.0.0.1:10889]' for 'GET' to 'http://localhost:10889/session/14f61660-7bcc-4279-b6a3-7163a94e0626/element/3ef6cb3b-61e5-4766-83cf-40fc179879cd/text'
15:50:16.869 [Forwarding getElementText on session 14f61660-7bcc-4279-b6a3-7163a94e0626 to remote] DEBUG o.a.netty.request.NettyRequestSender - Using open Channel [id: 0x7c68b8df, L:/127.0.0.1:64390 - R:localhost/127.0.0.1:10889] for GET '/session/14f61660-7bcc-4279-b6a3-7163a94e0626/element/3ef6cb3b-61e5-4766-83cf-40fc179879cd/text'
15:50:16.874 [AsyncHttpClient-3-1] DEBUG o.a.netty.handler.HttpHandler - 

Request DefaultFullHttpRequest(decodeResult: success, version: HTTP/1.1, content: EmptyByteBufBE)
GET /session/14f61660-7bcc-4279-b6a3-7163a94e0626/element/3ef6cb3b-61e5-4766-83cf-40fc179879cd/text HTTP/1.1
User-Agent: selenium/4.0.0-alpha-5 (java windows)
Cache-Control: no-cache
host: localhost:10889
accept: */*

Response DefaultHttpResponse(decodeResult: success, version: HTTP/1.1)
HTTP/1.1 200 OK
content-type: application/json; charset=utf-8
cache-control: no-cache
content-length: 22
date: Thu, 25 Jun 2020 12:50:16 GMT

15:50:16.874 [AsyncHttpClient-3-1] DEBUG o.a.netty.channel.ChannelManager - Adding key: http://localhost:10889 for channel [id: 0x7c68b8df, L:/127.0.0.1:64390 - R:localhost/127.0.0.1:10889]
15:50:16.875 [Forwarding findChildElement on session 14f61660-7bcc-4279-b6a3-7163a94e0626 to remote] DEBUG o.a.netty.request.NettyRequestSender - Using pooled Channel '[id: 0x7c68b8df, L:/127.0.0.1:64390 - R:localhost/127.0.0.1:10889]' for 'POST' to 'http://localhost:10889/session/14f61660-7bcc-4279-b6a3-7163a94e0626/element/bb14689b-dd75-455a-bf5a-d38f8d7de5a6/element'
15:50:16.875 [Forwarding findChildElement on session 14f61660-7bcc-4279-b6a3-7163a94e0626 to remote] DEBUG o.a.netty.request.NettyRequestSender - Using open Channel [id: 0x7c68b8df, L:/127.0.0.1:64390 - R:localhost/127.0.0.1:10889] for POST '/session/14f61660-7bcc-4279-b6a3-7163a94e0626/element/bb14689b-dd75-455a-bf5a-d38f8d7de5a6/element'
15:50:16.878 [AsyncHttpClient-3-1] DEBUG o.a.netty.handler.HttpHandler - 

Request DefaultHttpRequest(decodeResult: success, version: HTTP/1.1)
POST /session/14f61660-7bcc-4279-b6a3-7163a94e0626/element/bb14689b-dd75-455a-bf5a-d38f8d7de5a6/element HTTP/1.1
User-Agent: selenium/4.0.0-alpha-5 (java windows)
Content-Length: 103
Content-Type: application/json; charset=utf-8
host: localhost:10889
accept: */*

Response DefaultHttpResponse(decodeResult: success, version: HTTP/1.1)
HTTP/1.1 200 OK
content-type: application/json; charset=utf-8
cache-control: no-cache
content-length: 88
date: Thu, 25 Jun 2020 12:50:16 GMT

15:50:16.879 [AsyncHttpClient-3-1] DEBUG o.a.netty.channel.ChannelManager - Adding key: http://localhost:10889 for channel [id: 0x7c68b8df, L:/127.0.0.1:64390 - R:localhost/127.0.0.1:10889]
15:50:16.879 [Forwarding getElementText on session 14f61660-7bcc-4279-b6a3-7163a94e0626 to remote] DEBUG o.a.netty.request.NettyRequestSender - Using pooled Channel '[id: 0x7c68b8df, L:/127.0.0.1:64390 - R:localhost/127.0.0.1:10889]' for 'GET' to 'http://localhost:10889/session/14f61660-7bcc-4279-b6a3-7163a94e0626/element/d5e12817-0e75-4ce0-8fd8-7edb5ce63005/text'
15:50:16.879 [Forwarding getElementText on session 14f61660-7bcc-4279-b6a3-7163a94e0626 to remote] DEBUG o.a.netty.request.NettyRequestSender - Using open Channel [id: 0x7c68b8df, L:/127.0.0.1:64390 - R:localhost/127.0.0.1:10889] for GET '/session/14f61660-7bcc-4279-b6a3-7163a94e0626/element/d5e12817-0e75-4ce0-8fd8-7edb5ce63005/text'
15:50:16.883 [AsyncHttpClient-3-1] DEBUG o.a.netty.handler.HttpHandler - 

Request DefaultFullHttpRequest(decodeResult: success, version: HTTP/1.1, content: EmptyByteBufBE)
GET /session/14f61660-7bcc-4279-b6a3-7163a94e0626/element/d5e12817-0e75-4ce0-8fd8-7edb5ce63005/text HTTP/1.1
User-Agent: selenium/4.0.0-alpha-5 (java windows)
Cache-Control: no-cache
host: localhost:10889
accept: */*

Response DefaultHttpResponse(decodeResult: success, version: HTTP/1.1)
HTTP/1.1 200 OK
content-type: application/json; charset=utf-8
cache-control: no-cache
content-length: 21
date: Thu, 25 Jun 2020 12:50:16 GMT

15:50:16.883 [AsyncHttpClient-3-1] DEBUG o.a.netty.channel.ChannelManager - Adding key: http://localhost:10889 for channel [id: 0x7c68b8df, L:/127.0.0.1:64390 - R:localhost/127.0.0.1:10889]
15:50:16.884 [Forwarding findChildElement on session 14f61660-7bcc-4279-b6a3-7163a94e0626 to remote] DEBUG o.a.netty.request.NettyRequestSender - Using pooled Channel '[id: 0x7c68b8df, L:/127.0.0.1:64390 - R:localhost/127.0.0.1:10889]' for 'POST' to 'http://localhost:10889/session/14f61660-7bcc-4279-b6a3-7163a94e0626/element/bb14689b-dd75-455a-bf5a-d38f8d7de5a6/element'
15:50:16.884 [Forwarding findChildElement on session 14f61660-7bcc-4279-b6a3-7163a94e0626 to remote] DEBUG o.a.netty.request.NettyRequestSender - Using open Channel [id: 0x7c68b8df, L:/127.0.0.1:64390 - R:localhost/127.0.0.1:10889] for POST '/session/14f61660-7bcc-4279-b6a3-7163a94e0626/element/bb14689b-dd75-455a-bf5a-d38f8d7de5a6/element'
15:50:16.887 [AsyncHttpClient-3-1] DEBUG o.a.netty.handler.HttpHandler - 

Request DefaultHttpRequest(decodeResult: success, version: HTTP/1.1)
POST /session/14f61660-7bcc-4279-b6a3-7163a94e0626/element/bb14689b-dd75-455a-bf5a-d38f8d7de5a6/element HTTP/1.1
User-Agent: selenium/4.0.0-alpha-5 (java windows)
Content-Length: 103
Content-Type: application/json; charset=utf-8
host: localhost:10889
accept: */*

Response DefaultHttpResponse(decodeResult: success, version: HTTP/1.1)
HTTP/1.1 200 OK
content-type: application/json; charset=utf-8
cache-control: no-cache
content-length: 88
date: Thu, 25 Jun 2020 12:50:16 GMT

15:50:16.888 [AsyncHttpClient-3-1] DEBUG o.a.netty.channel.ChannelManager - Adding key: http://localhost:10889 for channel [id: 0x7c68b8df, L:/127.0.0.1:64390 - R:localhost/127.0.0.1:10889]
15:50:16.888 [Forwarding getElementText on session 14f61660-7bcc-4279-b6a3-7163a94e0626 to remote] DEBUG o.a.netty.request.NettyRequestSender - Using pooled Channel '[id: 0x7c68b8df, L:/127.0.0.1:64390 - R:localhost/127.0.0.1:10889]' for 'GET' to 'http://localhost:10889/session/14f61660-7bcc-4279-b6a3-7163a94e0626/element/774652d7-2429-46b0-bd99-7b6b94b9a135/text'
15:50:16.888 [Forwarding getElementText on session 14f61660-7bcc-4279-b6a3-7163a94e0626 to remote] DEBUG o.a.netty.request.NettyRequestSender - Using open Channel [id: 0x7c68b8df, L:/127.0.0.1:64390 - R:localhost/127.0.0.1:10889] for GET '/session/14f61660-7bcc-4279-b6a3-7163a94e0626/element/774652d7-2429-46b0-bd99-7b6b94b9a135/text'
15:50:16.892 [AsyncHttpClient-3-1] DEBUG o.a.netty.handler.HttpHandler - 

Request DefaultFullHttpRequest(decodeResult: success, version: HTTP/1.1, content: EmptyByteBufBE)
GET /session/14f61660-7bcc-4279-b6a3-7163a94e0626/element/774652d7-2429-46b0-bd99-7b6b94b9a135/text HTTP/1.1
User-Agent: selenium/4.0.0-alpha-5 (java windows)
Cache-Control: no-cache
host: localhost:10889
accept: */*

Response DefaultHttpResponse(decodeResult: success, version: HTTP/1.1)
HTTP/1.1 200 OK
content-type: application/json; charset=utf-8
cache-control: no-cache
content-length: 45
date: Thu, 25 Jun 2020 12:50:16 GMT

15:50:16.893 [AsyncHttpClient-3-1] DEBUG o.a.netty.channel.ChannelManager - Adding key: http://localhost:10889 for channel [id: 0x7c68b8df, L:/127.0.0.1:64390 - R:localhost/127.0.0.1:10889]
15:50:16.893 [Forwarding findChildElement on session 14f61660-7bcc-4279-b6a3-7163a94e0626 to remote] DEBUG o.a.netty.request.NettyRequestSender - Using pooled Channel '[id: 0x7c68b8df, L:/127.0.0.1:64390 - R:localhost/127.0.0.1:10889]' for 'POST' to 'http://localhost:10889/session/14f61660-7bcc-4279-b6a3-7163a94e0626/element/bb14689b-dd75-455a-bf5a-d38f8d7de5a6/element'
15:50:16.893 [Forwarding findChildElement on session 14f61660-7bcc-4279-b6a3-7163a94e0626 to remote] DEBUG o.a.netty.request.NettyRequestSender - Using open Channel [id: 0x7c68b8df, L:/127.0.0.1:64390 - R:localhost/127.0.0.1:10889] for POST '/session/14f61660-7bcc-4279-b6a3-7163a94e0626/element/bb14689b-dd75-455a-bf5a-d38f8d7de5a6/element'
15:50:16.896 [AsyncHttpClient-3-1] DEBUG o.a.netty.handler.HttpHandler - 

Request DefaultHttpRequest(decodeResult: success, version: HTTP/1.1)
POST /session/14f61660-7bcc-4279-b6a3-7163a94e0626/element/bb14689b-dd75-455a-bf5a-d38f8d7de5a6/element HTTP/1.1
User-Agent: selenium/4.0.0-alpha-5 (java windows)
Content-Length: 103
Content-Type: application/json; charset=utf-8
host: localhost:10889
accept: */*

Response DefaultHttpResponse(decodeResult: success, version: HTTP/1.1)
HTTP/1.1 200 OK
content-type: application/json; charset=utf-8
cache-control: no-cache
content-length: 88
date: Thu, 25 Jun 2020 12:50:16 GMT

15:50:16.896 [AsyncHttpClient-3-1] DEBUG o.a.netty.channel.ChannelManager - Adding key: http://localhost:10889 for channel [id: 0x7c68b8df, L:/127.0.0.1:64390 - R:localhost/127.0.0.1:10889]
15:50:16.897 [Forwarding getElementText on session 14f61660-7bcc-4279-b6a3-7163a94e0626 to remote] DEBUG o.a.netty.request.NettyRequestSender - Using pooled Channel '[id: 0x7c68b8df, L:/127.0.0.1:64390 - R:localhost/127.0.0.1:10889]' for 'GET' to 'http://localhost:10889/session/14f61660-7bcc-4279-b6a3-7163a94e0626/element/8e2f6b03-497d-4857-b4e5-93d2d616d2a4/text'
15:50:16.897 [Forwarding getElementText on session 14f61660-7bcc-4279-b6a3-7163a94e0626 to remote] DEBUG o.a.netty.request.NettyRequestSender - Using open Channel [id: 0x7c68b8df, L:/127.0.0.1:64390 - R:localhost/127.0.0.1:10889] for GET '/session/14f61660-7bcc-4279-b6a3-7163a94e0626/element/8e2f6b03-497d-4857-b4e5-93d2d616d2a4/text'
15:50:16.903 [AsyncHttpClient-3-1] DEBUG o.a.netty.handler.HttpHandler - 

Request DefaultFullHttpRequest(decodeResult: success, version: HTTP/1.1, content: EmptyByteBufBE)
GET /session/14f61660-7bcc-4279-b6a3-7163a94e0626/element/8e2f6b03-497d-4857-b4e5-93d2d616d2a4/text HTTP/1.1
User-Agent: selenium/4.0.0-alpha-5 (java windows)
Cache-Control: no-cache
host: localhost:10889
accept: */*

Response DefaultHttpResponse(decodeResult: success, version: HTTP/1.1)
HTTP/1.1 200 OK
content-type: application/json; charset=utf-8
cache-control: no-cache
content-length: 57
date: Thu, 25 Jun 2020 12:50:16 GMT

15:50:16.903 [AsyncHttpClient-3-1] DEBUG o.a.netty.channel.ChannelManager - Adding key: http://localhost:10889 for channel [id: 0x7c68b8df, L:/127.0.0.1:64390 - R:localhost/127.0.0.1:10889]
15:50:16.904 [Forwarding findChildElement on session 14f61660-7bcc-4279-b6a3-7163a94e0626 to remote] DEBUG o.a.netty.request.NettyRequestSender - Using pooled Channel '[id: 0x7c68b8df, L:/127.0.0.1:64390 - R:localhost/127.0.0.1:10889]' for 'POST' to 'http://localhost:10889/session/14f61660-7bcc-4279-b6a3-7163a94e0626/element/bb14689b-dd75-455a-bf5a-d38f8d7de5a6/element'
15:50:16.904 [Forwarding findChildElement on session 14f61660-7bcc-4279-b6a3-7163a94e0626 to remote] DEBUG o.a.netty.request.NettyRequestSender - Using open Channel [id: 0x7c68b8df, L:/127.0.0.1:64390 - R:localhost/127.0.0.1:10889] for POST '/session/14f61660-7bcc-4279-b6a3-7163a94e0626/element/bb14689b-dd75-455a-bf5a-d38f8d7de5a6/element'
15:50:16.907 [AsyncHttpClient-3-1] DEBUG o.a.netty.handler.HttpHandler - 

Request DefaultHttpRequest(decodeResult: success, version: HTTP/1.1)
POST /session/14f61660-7bcc-4279-b6a3-7163a94e0626/element/bb14689b-dd75-455a-bf5a-d38f8d7de5a6/element HTTP/1.1
User-Agent: selenium/4.0.0-alpha-5 (java windows)
Content-Length: 97
Content-Type: application/json; charset=utf-8
host: localhost:10889
accept: */*

Response DefaultHttpResponse(decodeResult: success, version: HTTP/1.1)
HTTP/1.1 200 OK
content-type: application/json; charset=utf-8
cache-control: no-cache
content-length: 88
date: Thu, 25 Jun 2020 12:50:16 GMT

15:50:16.907 [AsyncHttpClient-3-1] DEBUG o.a.netty.channel.ChannelManager - Adding key: http://localhost:10889 for channel [id: 0x7c68b8df, L:/127.0.0.1:64390 - R:localhost/127.0.0.1:10889]
15:50:16.910 [Forwarding getElementAttribute on session 14f61660-7bcc-4279-b6a3-7163a94e0626 to remote] DEBUG o.a.netty.request.NettyRequestSender - Using pooled Channel '[id: 0x7c68b8df, L:/127.0.0.1:64390 - R:localhost/127.0.0.1:10889]' for 'POST' to 'http://localhost:10889/session/14f61660-7bcc-4279-b6a3-7163a94e0626/execute/sync'
15:50:16.910 [Forwarding getElementAttribute on session 14f61660-7bcc-4279-b6a3-7163a94e0626 to remote] DEBUG o.a.netty.request.NettyRequestSender - Using open Channel [id: 0x7c68b8df, L:/127.0.0.1:64390 - R:localhost/127.0.0.1:10889] for POST '/session/14f61660-7bcc-4279-b6a3-7163a94e0626/execute/sync'
15:50:16.927 [AsyncHttpClient-3-1] DEBUG o.a.netty.handler.HttpHandler - 

Request DefaultHttpRequest(decodeResult: success, version: HTTP/1.1)
POST /session/14f61660-7bcc-4279-b6a3-7163a94e0626/execute/sync HTTP/1.1
User-Agent: selenium/4.0.0-alpha-5 (java windows)
Content-Length: 39635
Content-Type: application/json; charset=utf-8
host: localhost:10889
accept: */*

Response DefaultHttpResponse(decodeResult: success, version: HTTP/1.1)
HTTP/1.1 200 OK
content-type: application/json; charset=utf-8
cache-control: no-cache
content-length: 15
date: Thu, 25 Jun 2020 12:50:16 GMT

15:50:16.927 [AsyncHttpClient-3-1] DEBUG o.a.netty.channel.ChannelManager - Adding key: http://localhost:10889 for channel [id: 0x7c68b8df, L:/127.0.0.1:64390 - R:localhost/127.0.0.1:10889]
15:50:16.927 [Forwarding findChildElement on session 14f61660-7bcc-4279-b6a3-7163a94e0626 to remote] DEBUG o.a.netty.request.NettyRequestSender - Using pooled Channel '[id: 0x7c68b8df, L:/127.0.0.1:64390 - R:localhost/127.0.0.1:10889]' for 'POST' to 'http://localhost:10889/session/14f61660-7bcc-4279-b6a3-7163a94e0626/element/f441f07e-9a24-4a00-922d-3cd67104671c/element'
15:50:16.927 [Forwarding findChildElement on session 14f61660-7bcc-4279-b6a3-7163a94e0626 to remote] DEBUG o.a.netty.request.NettyRequestSender - Using open Channel [id: 0x7c68b8df, L:/127.0.0.1:64390 - R:localhost/127.0.0.1:10889] for POST '/session/14f61660-7bcc-4279-b6a3-7163a94e0626/element/f441f07e-9a24-4a00-922d-3cd67104671c/element'
15:50:16.932 [AsyncHttpClient-3-1] DEBUG o.a.netty.handler.HttpHandler - 

Request DefaultHttpRequest(decodeResult: success, version: HTTP/1.1)
POST /session/14f61660-7bcc-4279-b6a3-7163a94e0626/element/f441f07e-9a24-4a00-922d-3cd67104671c/element HTTP/1.1
User-Agent: selenium/4.0.0-alpha-5 (java windows)
Content-Length: 103
Content-Type: application/json; charset=utf-8
host: localhost:10889
accept: */*

Response DefaultHttpResponse(decodeResult: success, version: HTTP/1.1)
HTTP/1.1 200 OK
content-type: application/json; charset=utf-8
cache-control: no-cache
content-length: 88
date: Thu, 25 Jun 2020 12:50:16 GMT

15:50:16.933 [AsyncHttpClient-3-1] DEBUG o.a.netty.channel.ChannelManager - Adding key: http://localhost:10889 for channel [id: 0x7c68b8df, L:/127.0.0.1:64390 - R:localhost/127.0.0.1:10889]
15:50:16.933 [Forwarding getElementText on session 14f61660-7bcc-4279-b6a3-7163a94e0626 to remote] DEBUG o.a.netty.request.NettyRequestSender - Using pooled Channel '[id: 0x7c68b8df, L:/127.0.0.1:64390 - R:localhost/127.0.0.1:10889]' for 'GET' to 'http://localhost:10889/session/14f61660-7bcc-4279-b6a3-7163a94e0626/element/2d160e0a-b75b-4368-9bc2-25f7e84b2dc3/text'
15:50:16.933 [Forwarding getElementText on session 14f61660-7bcc-4279-b6a3-7163a94e0626 to remote] DEBUG o.a.netty.request.NettyRequestSender - Using open Channel [id: 0x7c68b8df, L:/127.0.0.1:64390 - R:localhost/127.0.0.1:10889] for GET '/session/14f61660-7bcc-4279-b6a3-7163a94e0626/element/2d160e0a-b75b-4368-9bc2-25f7e84b2dc3/text'
15:50:16.937 [AsyncHttpClient-3-1] DEBUG o.a.netty.handler.HttpHandler - 

Request DefaultFullHttpRequest(decodeResult: success, version: HTTP/1.1, content: EmptyByteBufBE)
GET /session/14f61660-7bcc-4279-b6a3-7163a94e0626/element/2d160e0a-b75b-4368-9bc2-25f7e84b2dc3/text HTTP/1.1
User-Agent: selenium/4.0.0-alpha-5 (java windows)
Cache-Control: no-cache
host: localhost:10889
accept: */*

Response DefaultHttpResponse(decodeResult: success, version: HTTP/1.1)
HTTP/1.1 200 OK
content-type: application/json; charset=utf-8
cache-control: no-cache
content-length: 18
date: Thu, 25 Jun 2020 12:50:16 GMT

15:50:16.937 [AsyncHttpClient-3-1] DEBUG o.a.netty.channel.ChannelManager - Adding key: http://localhost:10889 for channel [id: 0x7c68b8df, L:/127.0.0.1:64390 - R:localhost/127.0.0.1:10889]
15:50:16.938 [Forwarding findChildElement on session 14f61660-7bcc-4279-b6a3-7163a94e0626 to remote] DEBUG o.a.netty.request.NettyRequestSender - Using pooled Channel '[id: 0x7c68b8df, L:/127.0.0.1:64390 - R:localhost/127.0.0.1:10889]' for 'POST' to 'http://localhost:10889/session/14f61660-7bcc-4279-b6a3-7163a94e0626/element/f441f07e-9a24-4a00-922d-3cd67104671c/element'
15:50:16.938 [Forwarding findChildElement on session 14f61660-7bcc-4279-b6a3-7163a94e0626 to remote] DEBUG o.a.netty.request.NettyRequestSender - Using open Channel [id: 0x7c68b8df, L:/127.0.0.1:64390 - R:localhost/127.0.0.1:10889] for POST '/session/14f61660-7bcc-4279-b6a3-7163a94e0626/element/f441f07e-9a24-4a00-922d-3cd67104671c/element'
15:50:16.941 [AsyncHttpClient-3-1] DEBUG o.a.netty.handler.HttpHandler - 

Request DefaultHttpRequest(decodeResult: success, version: HTTP/1.1)
POST /session/14f61660-7bcc-4279-b6a3-7163a94e0626/element/f441f07e-9a24-4a00-922d-3cd67104671c/element HTTP/1.1
User-Agent: selenium/4.0.0-alpha-5 (java windows)
Content-Length: 103
Content-Type: application/json; charset=utf-8
host: localhost:10889
accept: */*

Response DefaultHttpResponse(decodeResult: success, version: HTTP/1.1)
HTTP/1.1 200 OK
content-type: application/json; charset=utf-8
cache-control: no-cache
content-length: 88
date: Thu, 25 Jun 2020 12:50:16 GMT

15:50:16.941 [AsyncHttpClient-3-1] DEBUG o.a.netty.channel.ChannelManager - Adding key: http://localhost:10889 for channel [id: 0x7c68b8df, L:/127.0.0.1:64390 - R:localhost/127.0.0.1:10889]
15:50:16.942 [Forwarding getElementText on session 14f61660-7bcc-4279-b6a3-7163a94e0626 to remote] DEBUG o.a.netty.request.NettyRequestSender - Using pooled Channel '[id: 0x7c68b8df, L:/127.0.0.1:64390 - R:localhost/127.0.0.1:10889]' for 'GET' to 'http://localhost:10889/session/14f61660-7bcc-4279-b6a3-7163a94e0626/element/ff20795e-8de5-4c7a-81b1-7c7f485b7e9e/text'
15:50:16.942 [Forwarding getElementText on session 14f61660-7bcc-4279-b6a3-7163a94e0626 to remote] DEBUG o.a.netty.request.NettyRequestSender - Using open Channel [id: 0x7c68b8df, L:/127.0.0.1:64390 - R:localhost/127.0.0.1:10889] for GET '/session/14f61660-7bcc-4279-b6a3-7163a94e0626/element/ff20795e-8de5-4c7a-81b1-7c7f485b7e9e/text'
15:50:16.946 [AsyncHttpClient-3-1] DEBUG o.a.netty.handler.HttpHandler - 

Request DefaultFullHttpRequest(decodeResult: success, version: HTTP/1.1, content: EmptyByteBufBE)
GET /session/14f61660-7bcc-4279-b6a3-7163a94e0626/element/ff20795e-8de5-4c7a-81b1-7c7f485b7e9e/text HTTP/1.1
User-Agent: selenium/4.0.0-alpha-5 (java windows)
Cache-Control: no-cache
host: localhost:10889
accept: */*

Response DefaultHttpResponse(decodeResult: success, version: HTTP/1.1)
HTTP/1.1 200 OK
content-type: application/json; charset=utf-8
cache-control: no-cache
content-length: 22
date: Thu, 25 Jun 2020 12:50:16 GMT

15:50:16.946 [AsyncHttpClient-3-1] DEBUG o.a.netty.channel.ChannelManager - Adding key: http://localhost:10889 for channel [id: 0x7c68b8df, L:/127.0.0.1:64390 - R:localhost/127.0.0.1:10889]
15:50:16.946 [Forwarding findChildElement on session 14f61660-7bcc-4279-b6a3-7163a94e0626 to remote] DEBUG o.a.netty.request.NettyRequestSender - Using pooled Channel '[id: 0x7c68b8df, L:/127.0.0.1:64390 - R:localhost/127.0.0.1:10889]' for 'POST' to 'http://localhost:10889/session/14f61660-7bcc-4279-b6a3-7163a94e0626/element/f441f07e-9a24-4a00-922d-3cd67104671c/element'
15:50:16.946 [Forwarding findChildElement on session 14f61660-7bcc-4279-b6a3-7163a94e0626 to remote] DEBUG o.a.netty.request.NettyRequestSender - Using open Channel [id: 0x7c68b8df, L:/127.0.0.1:64390 - R:localhost/127.0.0.1:10889] for POST '/session/14f61660-7bcc-4279-b6a3-7163a94e0626/element/f441f07e-9a24-4a00-922d-3cd67104671c/element'
15:50:16.950 [AsyncHttpClient-3-1] DEBUG o.a.netty.handler.HttpHandler - 

Request DefaultHttpRequest(decodeResult: success, version: HTTP/1.1)
POST /session/14f61660-7bcc-4279-b6a3-7163a94e0626/element/f441f07e-9a24-4a00-922d-3cd67104671c/element HTTP/1.1
User-Agent: selenium/4.0.0-alpha-5 (java windows)
Content-Length: 103
Content-Type: application/json; charset=utf-8
host: localhost:10889
accept: */*

Response DefaultHttpResponse(decodeResult: success, version: HTTP/1.1)
HTTP/1.1 200 OK
content-type: application/json; charset=utf-8
cache-control: no-cache
content-length: 88
date: Thu, 25 Jun 2020 12:50:16 GMT

15:50:16.950 [AsyncHttpClient-3-1] DEBUG o.a.netty.channel.ChannelManager - Adding key: http://localhost:10889 for channel [id: 0x7c68b8df, L:/127.0.0.1:64390 - R:localhost/127.0.0.1:10889]
15:50:16.950 [Forwarding getElementText on session 14f61660-7bcc-4279-b6a3-7163a94e0626 to remote] DEBUG o.a.netty.request.NettyRequestSender - Using pooled Channel '[id: 0x7c68b8df, L:/127.0.0.1:64390 - R:localhost/127.0.0.1:10889]' for 'GET' to 'http://localhost:10889/session/14f61660-7bcc-4279-b6a3-7163a94e0626/element/a7737a36-4314-4b57-9b53-c4284a173d16/text'
15:50:16.950 [Forwarding getElementText on session 14f61660-7bcc-4279-b6a3-7163a94e0626 to remote] DEBUG o.a.netty.request.NettyRequestSender - Using open Channel [id: 0x7c68b8df, L:/127.0.0.1:64390 - R:localhost/127.0.0.1:10889] for GET '/session/14f61660-7bcc-4279-b6a3-7163a94e0626/element/a7737a36-4314-4b57-9b53-c4284a173d16/text'
15:50:16.955 [AsyncHttpClient-3-1] DEBUG o.a.netty.handler.HttpHandler - 

Request DefaultFullHttpRequest(decodeResult: success, version: HTTP/1.1, content: EmptyByteBufBE)
GET /session/14f61660-7bcc-4279-b6a3-7163a94e0626/element/a7737a36-4314-4b57-9b53-c4284a173d16/text HTTP/1.1
User-Agent: selenium/4.0.0-alpha-5 (java windows)
Cache-Control: no-cache
host: localhost:10889
accept: */*

Response DefaultHttpResponse(decodeResult: success, version: HTTP/1.1)
HTTP/1.1 200 OK
content-type: application/json; charset=utf-8
cache-control: no-cache
content-length: 21
date: Thu, 25 Jun 2020 12:50:16 GMT

15:50:16.955 [AsyncHttpClient-3-1] DEBUG o.a.netty.channel.ChannelManager - Adding key: http://localhost:10889 for channel [id: 0x7c68b8df, L:/127.0.0.1:64390 - R:localhost/127.0.0.1:10889]
15:50:16.956 [Forwarding findChildElement on session 14f61660-7bcc-4279-b6a3-7163a94e0626 to remote] DEBUG o.a.netty.request.NettyRequestSender - Using pooled Channel '[id: 0x7c68b8df, L:/127.0.0.1:64390 - R:localhost/127.0.0.1:10889]' for 'POST' to 'http://localhost:10889/session/14f61660-7bcc-4279-b6a3-7163a94e0626/element/f441f07e-9a24-4a00-922d-3cd67104671c/element'
15:50:16.956 [Forwarding findChildElement on session 14f61660-7bcc-4279-b6a3-7163a94e0626 to remote] DEBUG o.a.netty.request.NettyRequestSender - Using open Channel [id: 0x7c68b8df, L:/127.0.0.1:64390 - R:localhost/127.0.0.1:10889] for POST '/session/14f61660-7bcc-4279-b6a3-7163a94e0626/element/f441f07e-9a24-4a00-922d-3cd67104671c/element'
15:50:16.960 [AsyncHttpClient-3-1] DEBUG o.a.netty.handler.HttpHandler - 

Request DefaultHttpRequest(decodeResult: success, version: HTTP/1.1)
POST /session/14f61660-7bcc-4279-b6a3-7163a94e0626/element/f441f07e-9a24-4a00-922d-3cd67104671c/element HTTP/1.1
User-Agent: selenium/4.0.0-alpha-5 (java windows)
Content-Length: 103
Content-Type: application/json; charset=utf-8
host: localhost:10889
accept: */*

Response DefaultHttpResponse(decodeResult: success, version: HTTP/1.1)
HTTP/1.1 200 OK
content-type: application/json; charset=utf-8
cache-control: no-cache
content-length: 88
date: Thu, 25 Jun 2020 12:50:16 GMT

15:50:16.960 [AsyncHttpClient-3-1] DEBUG o.a.netty.channel.ChannelManager - Adding key: http://localhost:10889 for channel [id: 0x7c68b8df, L:/127.0.0.1:64390 - R:localhost/127.0.0.1:10889]
15:50:16.960 [Forwarding getElementText on session 14f61660-7bcc-4279-b6a3-7163a94e0626 to remote] DEBUG o.a.netty.request.NettyRequestSender - Using pooled Channel '[id: 0x7c68b8df, L:/127.0.0.1:64390 - R:localhost/127.0.0.1:10889]' for 'GET' to 'http://localhost:10889/session/14f61660-7bcc-4279-b6a3-7163a94e0626/element/851b31a9-5160-4a41-a777-04fbe1f077b6/text'
15:50:16.960 [Forwarding getElementText on session 14f61660-7bcc-4279-b6a3-7163a94e0626 to remote] DEBUG o.a.netty.request.NettyRequestSender - Using open Channel [id: 0x7c68b8df, L:/127.0.0.1:64390 - R:localhost/127.0.0.1:10889] for GET '/session/14f61660-7bcc-4279-b6a3-7163a94e0626/element/851b31a9-5160-4a41-a777-04fbe1f077b6/text'
15:50:16.964 [AsyncHttpClient-3-1] DEBUG o.a.netty.handler.HttpHandler - 

Request DefaultFullHttpRequest(decodeResult: success, version: HTTP/1.1, content: EmptyByteBufBE)
GET /session/14f61660-7bcc-4279-b6a3-7163a94e0626/element/851b31a9-5160-4a41-a777-04fbe1f077b6/text HTTP/1.1
User-Agent: selenium/4.0.0-alpha-5 (java windows)
Cache-Control: no-cache
host: localhost:10889
accept: */*

Response DefaultHttpResponse(decodeResult: success, version: HTTP/1.1)
HTTP/1.1 200 OK
content-type: application/json; charset=utf-8
cache-control: no-cache
content-length: 45
date: Thu, 25 Jun 2020 12:50:16 GMT

15:50:16.964 [AsyncHttpClient-3-1] DEBUG o.a.netty.channel.ChannelManager - Adding key: http://localhost:10889 for channel [id: 0x7c68b8df, L:/127.0.0.1:64390 - R:localhost/127.0.0.1:10889]
15:50:16.965 [Forwarding findChildElement on session 14f61660-7bcc-4279-b6a3-7163a94e0626 to remote] DEBUG o.a.netty.request.NettyRequestSender - Using pooled Channel '[id: 0x7c68b8df, L:/127.0.0.1:64390 - R:localhost/127.0.0.1:10889]' for 'POST' to 'http://localhost:10889/session/14f61660-7bcc-4279-b6a3-7163a94e0626/element/f441f07e-9a24-4a00-922d-3cd67104671c/element'
15:50:16.965 [Forwarding findChildElement on session 14f61660-7bcc-4279-b6a3-7163a94e0626 to remote] DEBUG o.a.netty.request.NettyRequestSender - Using open Channel [id: 0x7c68b8df, L:/127.0.0.1:64390 - R:localhost/127.0.0.1:10889] for POST '/session/14f61660-7bcc-4279-b6a3-7163a94e0626/element/f441f07e-9a24-4a00-922d-3cd67104671c/element'
15:50:16.969 [AsyncHttpClient-3-1] DEBUG o.a.netty.handler.HttpHandler - 

Request DefaultHttpRequest(decodeResult: success, version: HTTP/1.1)
POST /session/14f61660-7bcc-4279-b6a3-7163a94e0626/element/f441f07e-9a24-4a00-922d-3cd67104671c/element HTTP/1.1
User-Agent: selenium/4.0.0-alpha-5 (java windows)
Content-Length: 103
Content-Type: application/json; charset=utf-8
host: localhost:10889
accept: */*

Response DefaultHttpResponse(decodeResult: success, version: HTTP/1.1)
HTTP/1.1 200 OK
content-type: application/json; charset=utf-8
cache-control: no-cache
content-length: 88
date: Thu, 25 Jun 2020 12:50:16 GMT

15:50:16.969 [AsyncHttpClient-3-1] DEBUG o.a.netty.channel.ChannelManager - Adding key: http://localhost:10889 for channel [id: 0x7c68b8df, L:/127.0.0.1:64390 - R:localhost/127.0.0.1:10889]
15:50:16.969 [Forwarding getElementText on session 14f61660-7bcc-4279-b6a3-7163a94e0626 to remote] DEBUG o.a.netty.request.NettyRequestSender - Using pooled Channel '[id: 0x7c68b8df, L:/127.0.0.1:64390 - R:localhost/127.0.0.1:10889]' for 'GET' to 'http://localhost:10889/session/14f61660-7bcc-4279-b6a3-7163a94e0626/element/f9d042dc-cda2-4b02-ba1f-ea116c98af4f/text'
15:50:16.969 [Forwarding getElementText on session 14f61660-7bcc-4279-b6a3-7163a94e0626 to remote] DEBUG o.a.netty.request.NettyRequestSender - Using open Channel [id: 0x7c68b8df, L:/127.0.0.1:64390 - R:localhost/127.0.0.1:10889] for GET '/session/14f61660-7bcc-4279-b6a3-7163a94e0626/element/f9d042dc-cda2-4b02-ba1f-ea116c98af4f/text'
15:50:16.976 [AsyncHttpClient-3-1] DEBUG o.a.netty.handler.HttpHandler - 

Request DefaultFullHttpRequest(decodeResult: success, version: HTTP/1.1, content: EmptyByteBufBE)
GET /session/14f61660-7bcc-4279-b6a3-7163a94e0626/element/f9d042dc-cda2-4b02-ba1f-ea116c98af4f/text HTTP/1.1
User-Agent: selenium/4.0.0-alpha-5 (java windows)
Cache-Control: no-cache
host: localhost:10889
accept: */*

Response DefaultHttpResponse(decodeResult: success, version: HTTP/1.1)
HTTP/1.1 200 OK
content-type: application/json; charset=utf-8
cache-control: no-cache
content-length: 57
date: Thu, 25 Jun 2020 12:50:16 GMT

15:50:16.976 [AsyncHttpClient-3-1] DEBUG o.a.netty.channel.ChannelManager - Adding key: http://localhost:10889 for channel [id: 0x7c68b8df, L:/127.0.0.1:64390 - R:localhost/127.0.0.1:10889]
15:50:16.977 [Forwarding findChildElement on session 14f61660-7bcc-4279-b6a3-7163a94e0626 to remote] DEBUG o.a.netty.request.NettyRequestSender - Using pooled Channel '[id: 0x7c68b8df, L:/127.0.0.1:64390 - R:localhost/127.0.0.1:10889]' for 'POST' to 'http://localhost:10889/session/14f61660-7bcc-4279-b6a3-7163a94e0626/element/f441f07e-9a24-4a00-922d-3cd67104671c/element'
15:50:16.977 [Forwarding findChildElement on session 14f61660-7bcc-4279-b6a3-7163a94e0626 to remote] DEBUG o.a.netty.request.NettyRequestSender - Using open Channel [id: 0x7c68b8df, L:/127.0.0.1:64390 - R:localhost/127.0.0.1:10889] for POST '/session/14f61660-7bcc-4279-b6a3-7163a94e0626/element/f441f07e-9a24-4a00-922d-3cd67104671c/element'
15:50:16.980 [AsyncHttpClient-3-1] DEBUG o.a.netty.handler.HttpHandler - 

Request DefaultHttpRequest(decodeResult: success, version: HTTP/1.1)
POST /session/14f61660-7bcc-4279-b6a3-7163a94e0626/element/f441f07e-9a24-4a00-922d-3cd67104671c/element HTTP/1.1
User-Agent: selenium/4.0.0-alpha-5 (java windows)
Content-Length: 97
Content-Type: application/json; charset=utf-8
host: localhost:10889
accept: */*

Response DefaultHttpResponse(decodeResult: success, version: HTTP/1.1)
HTTP/1.1 200 OK
content-type: application/json; charset=utf-8
cache-control: no-cache
content-length: 88
date: Thu, 25 Jun 2020 12:50:16 GMT

15:50:16.980 [AsyncHttpClient-3-1] DEBUG o.a.netty.channel.ChannelManager - Adding key: http://localhost:10889 for channel [id: 0x7c68b8df, L:/127.0.0.1:64390 - R:localhost/127.0.0.1:10889]
15:50:16.983 [Forwarding getElementAttribute on session 14f61660-7bcc-4279-b6a3-7163a94e0626 to remote] DEBUG o.a.netty.request.NettyRequestSender - Using pooled Channel '[id: 0x7c68b8df, L:/127.0.0.1:64390 - R:localhost/127.0.0.1:10889]' for 'POST' to 'http://localhost:10889/session/14f61660-7bcc-4279-b6a3-7163a94e0626/execute/sync'
15:50:16.983 [Forwarding getElementAttribute on session 14f61660-7bcc-4279-b6a3-7163a94e0626 to remote] DEBUG o.a.netty.request.NettyRequestSender - Using open Channel [id: 0x7c68b8df, L:/127.0.0.1:64390 - R:localhost/127.0.0.1:10889] for POST '/session/14f61660-7bcc-4279-b6a3-7163a94e0626/execute/sync'
15:50:16.996 [AsyncHttpClient-3-1] DEBUG o.a.netty.handler.HttpHandler - 

Request DefaultHttpRequest(decodeResult: success, version: HTTP/1.1)
POST /session/14f61660-7bcc-4279-b6a3-7163a94e0626/execute/sync HTTP/1.1
User-Agent: selenium/4.0.0-alpha-5 (java windows)
Content-Length: 39635
Content-Type: application/json; charset=utf-8
host: localhost:10889
accept: */*

Response DefaultHttpResponse(decodeResult: success, version: HTTP/1.1)
HTTP/1.1 200 OK
content-type: application/json; charset=utf-8
cache-control: no-cache
content-length: 15
date: Thu, 25 Jun 2020 12:50:16 GMT

15:50:16.996 [AsyncHttpClient-3-1] DEBUG o.a.netty.channel.ChannelManager - Adding key: http://localhost:10889 for channel [id: 0x7c68b8df, L:/127.0.0.1:64390 - R:localhost/127.0.0.1:10889]
15:50:16.996 [Forwarding findChildElement on session 14f61660-7bcc-4279-b6a3-7163a94e0626 to remote] DEBUG o.a.netty.request.NettyRequestSender - Using pooled Channel '[id: 0x7c68b8df, L:/127.0.0.1:64390 - R:localhost/127.0.0.1:10889]' for 'POST' to 'http://localhost:10889/session/14f61660-7bcc-4279-b6a3-7163a94e0626/element/ef86c0c4-c9fd-4529-b45e-ea9f24c9c375/element'
15:50:16.996 [Forwarding findChildElement on session 14f61660-7bcc-4279-b6a3-7163a94e0626 to remote] DEBUG o.a.netty.request.NettyRequestSender - Using open Channel [id: 0x7c68b8df, L:/127.0.0.1:64390 - R:localhost/127.0.0.1:10889] for POST '/session/14f61660-7bcc-4279-b6a3-7163a94e0626/element/ef86c0c4-c9fd-4529-b45e-ea9f24c9c375/element'
15:50:17.000 [AsyncHttpClient-3-1] DEBUG o.a.netty.handler.HttpHandler - 

Request DefaultHttpRequest(decodeResult: success, version: HTTP/1.1)
POST /session/14f61660-7bcc-4279-b6a3-7163a94e0626/element/ef86c0c4-c9fd-4529-b45e-ea9f24c9c375/element HTTP/1.1
User-Agent: selenium/4.0.0-alpha-5 (java windows)
Content-Length: 103
Content-Type: application/json; charset=utf-8
host: localhost:10889
accept: */*

Response DefaultHttpResponse(decodeResult: success, version: HTTP/1.1)
HTTP/1.1 200 OK
content-type: application/json; charset=utf-8
cache-control: no-cache
content-length: 88
date: Thu, 25 Jun 2020 12:50:16 GMT

15:50:17.000 [AsyncHttpClient-3-1] DEBUG o.a.netty.channel.ChannelManager - Adding key: http://localhost:10889 for channel [id: 0x7c68b8df, L:/127.0.0.1:64390 - R:localhost/127.0.0.1:10889]
15:50:17.000 [Forwarding getElementText on session 14f61660-7bcc-4279-b6a3-7163a94e0626 to remote] DEBUG o.a.netty.request.NettyRequestSender - Using pooled Channel '[id: 0x7c68b8df, L:/127.0.0.1:64390 - R:localhost/127.0.0.1:10889]' for 'GET' to 'http://localhost:10889/session/14f61660-7bcc-4279-b6a3-7163a94e0626/element/aca0ea06-8690-4f6c-984a-ff0ecad5be05/text'
15:50:17.000 [Forwarding getElementText on session 14f61660-7bcc-4279-b6a3-7163a94e0626 to remote] DEBUG o.a.netty.request.NettyRequestSender - Using open Channel [id: 0x7c68b8df, L:/127.0.0.1:64390 - R:localhost/127.0.0.1:10889] for GET '/session/14f61660-7bcc-4279-b6a3-7163a94e0626/element/aca0ea06-8690-4f6c-984a-ff0ecad5be05/text'
15:50:17.004 [AsyncHttpClient-3-1] DEBUG o.a.netty.handler.HttpHandler - 

Request DefaultFullHttpRequest(decodeResult: success, version: HTTP/1.1, content: EmptyByteBufBE)
GET /session/14f61660-7bcc-4279-b6a3-7163a94e0626/element/aca0ea06-8690-4f6c-984a-ff0ecad5be05/text HTTP/1.1
User-Agent: selenium/4.0.0-alpha-5 (java windows)
Cache-Control: no-cache
host: localhost:10889
accept: */*

Response DefaultHttpResponse(decodeResult: success, version: HTTP/1.1)
HTTP/1.1 200 OK
content-type: application/json; charset=utf-8
cache-control: no-cache
content-length: 18
date: Thu, 25 Jun 2020 12:50:17 GMT

15:50:17.004 [AsyncHttpClient-3-1] DEBUG o.a.netty.channel.ChannelManager - Adding key: http://localhost:10889 for channel [id: 0x7c68b8df, L:/127.0.0.1:64390 - R:localhost/127.0.0.1:10889]
15:50:17.005 [Forwarding findChildElement on session 14f61660-7bcc-4279-b6a3-7163a94e0626 to remote] DEBUG o.a.netty.request.NettyRequestSender - Using pooled Channel '[id: 0x7c68b8df, L:/127.0.0.1:64390 - R:localhost/127.0.0.1:10889]' for 'POST' to 'http://localhost:10889/session/14f61660-7bcc-4279-b6a3-7163a94e0626/element/ef86c0c4-c9fd-4529-b45e-ea9f24c9c375/element'
15:50:17.005 [Forwarding findChildElement on session 14f61660-7bcc-4279-b6a3-7163a94e0626 to remote] DEBUG o.a.netty.request.NettyRequestSender - Using open Channel [id: 0x7c68b8df, L:/127.0.0.1:64390 - R:localhost/127.0.0.1:10889] for POST '/session/14f61660-7bcc-4279-b6a3-7163a94e0626/element/ef86c0c4-c9fd-4529-b45e-ea9f24c9c375/element'
15:50:17.008 [AsyncHttpClient-3-1] DEBUG o.a.netty.handler.HttpHandler - 

Request DefaultHttpRequest(decodeResult: success, version: HTTP/1.1)
POST /session/14f61660-7bcc-4279-b6a3-7163a94e0626/element/ef86c0c4-c9fd-4529-b45e-ea9f24c9c375/element HTTP/1.1
User-Agent: selenium/4.0.0-alpha-5 (java windows)
Content-Length: 103
Content-Type: application/json; charset=utf-8
host: localhost:10889
accept: */*

Response DefaultHttpResponse(decodeResult: success, version: HTTP/1.1)
HTTP/1.1 200 OK
content-type: application/json; charset=utf-8
cache-control: no-cache
content-length: 88
date: Thu, 25 Jun 2020 12:50:17 GMT

15:50:17.008 [AsyncHttpClient-3-1] DEBUG o.a.netty.channel.ChannelManager - Adding key: http://localhost:10889 for channel [id: 0x7c68b8df, L:/127.0.0.1:64390 - R:localhost/127.0.0.1:10889]
15:50:17.009 [Forwarding getElementText on session 14f61660-7bcc-4279-b6a3-7163a94e0626 to remote] DEBUG o.a.netty.request.NettyRequestSender - Using pooled Channel '[id: 0x7c68b8df, L:/127.0.0.1:64390 - R:localhost/127.0.0.1:10889]' for 'GET' to 'http://localhost:10889/session/14f61660-7bcc-4279-b6a3-7163a94e0626/element/af484c77-817e-4308-9bcf-89c7fd68acd9/text'
15:50:17.009 [Forwarding getElementText on session 14f61660-7bcc-4279-b6a3-7163a94e0626 to remote] DEBUG o.a.netty.request.NettyRequestSender - Using open Channel [id: 0x7c68b8df, L:/127.0.0.1:64390 - R:localhost/127.0.0.1:10889] for GET '/session/14f61660-7bcc-4279-b6a3-7163a94e0626/element/af484c77-817e-4308-9bcf-89c7fd68acd9/text'
15:50:17.013 [AsyncHttpClient-3-1] DEBUG o.a.netty.handler.HttpHandler - 

Request DefaultFullHttpRequest(decodeResult: success, version: HTTP/1.1, content: EmptyByteBufBE)
GET /session/14f61660-7bcc-4279-b6a3-7163a94e0626/element/af484c77-817e-4308-9bcf-89c7fd68acd9/text HTTP/1.1
User-Agent: selenium/4.0.0-alpha-5 (java windows)
Cache-Control: no-cache
host: localhost:10889
accept: */*

Response DefaultHttpResponse(decodeResult: success, version: HTTP/1.1)
HTTP/1.1 200 OK
content-type: application/json; charset=utf-8
cache-control: no-cache
content-length: 22
date: Thu, 25 Jun 2020 12:50:17 GMT

15:50:17.013 [AsyncHttpClient-3-1] DEBUG o.a.netty.channel.ChannelManager - Adding key: http://localhost:10889 for channel [id: 0x7c68b8df, L:/127.0.0.1:64390 - R:localhost/127.0.0.1:10889]
15:50:17.013 [Forwarding findChildElement on session 14f61660-7bcc-4279-b6a3-7163a94e0626 to remote] DEBUG o.a.netty.request.NettyRequestSender - Using pooled Channel '[id: 0x7c68b8df, L:/127.0.0.1:64390 - R:localhost/127.0.0.1:10889]' for 'POST' to 'http://localhost:10889/session/14f61660-7bcc-4279-b6a3-7163a94e0626/element/ef86c0c4-c9fd-4529-b45e-ea9f24c9c375/element'
15:50:17.013 [Forwarding findChildElement on session 14f61660-7bcc-4279-b6a3-7163a94e0626 to remote] DEBUG o.a.netty.request.NettyRequestSender - Using open Channel [id: 0x7c68b8df, L:/127.0.0.1:64390 - R:localhost/127.0.0.1:10889] for POST '/session/14f61660-7bcc-4279-b6a3-7163a94e0626/element/ef86c0c4-c9fd-4529-b45e-ea9f24c9c375/element'
15:50:17.017 [AsyncHttpClient-3-1] DEBUG o.a.netty.handler.HttpHandler - 

Request DefaultHttpRequest(decodeResult: success, version: HTTP/1.1)
POST /session/14f61660-7bcc-4279-b6a3-7163a94e0626/element/ef86c0c4-c9fd-4529-b45e-ea9f24c9c375/element HTTP/1.1
User-Agent: selenium/4.0.0-alpha-5 (java windows)
Content-Length: 103
Content-Type: application/json; charset=utf-8
host: localhost:10889
accept: */*

Response DefaultHttpResponse(decodeResult: success, version: HTTP/1.1)
HTTP/1.1 200 OK
content-type: application/json; charset=utf-8
cache-control: no-cache
content-length: 88
date: Thu, 25 Jun 2020 12:50:17 GMT

15:50:17.017 [AsyncHttpClient-3-1] DEBUG o.a.netty.channel.ChannelManager - Adding key: http://localhost:10889 for channel [id: 0x7c68b8df, L:/127.0.0.1:64390 - R:localhost/127.0.0.1:10889]
15:50:17.018 [Forwarding getElementText on session 14f61660-7bcc-4279-b6a3-7163a94e0626 to remote] DEBUG o.a.netty.request.NettyRequestSender - Using pooled Channel '[id: 0x7c68b8df, L:/127.0.0.1:64390 - R:localhost/127.0.0.1:10889]' for 'GET' to 'http://localhost:10889/session/14f61660-7bcc-4279-b6a3-7163a94e0626/element/386af5f4-7f3b-4c20-bfe9-70d356d3ea50/text'
15:50:17.018 [Forwarding getElementText on session 14f61660-7bcc-4279-b6a3-7163a94e0626 to remote] DEBUG o.a.netty.request.NettyRequestSender - Using open Channel [id: 0x7c68b8df, L:/127.0.0.1:64390 - R:localhost/127.0.0.1:10889] for GET '/session/14f61660-7bcc-4279-b6a3-7163a94e0626/element/386af5f4-7f3b-4c20-bfe9-70d356d3ea50/text'
15:50:17.023 [AsyncHttpClient-3-1] DEBUG o.a.netty.handler.HttpHandler - 

Request DefaultFullHttpRequest(decodeResult: success, version: HTTP/1.1, content: EmptyByteBufBE)
GET /session/14f61660-7bcc-4279-b6a3-7163a94e0626/element/386af5f4-7f3b-4c20-bfe9-70d356d3ea50/text HTTP/1.1
User-Agent: selenium/4.0.0-alpha-5 (java windows)
Cache-Control: no-cache
host: localhost:10889
accept: */*

Response DefaultHttpResponse(decodeResult: success, version: HTTP/1.1)
HTTP/1.1 200 OK
content-type: application/json; charset=utf-8
cache-control: no-cache
content-length: 21
date: Thu, 25 Jun 2020 12:50:17 GMT

15:50:17.023 [AsyncHttpClient-3-1] DEBUG o.a.netty.channel.ChannelManager - Adding key: http://localhost:10889 for channel [id: 0x7c68b8df, L:/127.0.0.1:64390 - R:localhost/127.0.0.1:10889]
15:50:17.024 [Forwarding findChildElement on session 14f61660-7bcc-4279-b6a3-7163a94e0626 to remote] DEBUG o.a.netty.request.NettyRequestSender - Using pooled Channel '[id: 0x7c68b8df, L:/127.0.0.1:64390 - R:localhost/127.0.0.1:10889]' for 'POST' to 'http://localhost:10889/session/14f61660-7bcc-4279-b6a3-7163a94e0626/element/ef86c0c4-c9fd-4529-b45e-ea9f24c9c375/element'
15:50:17.024 [Forwarding findChildElement on session 14f61660-7bcc-4279-b6a3-7163a94e0626 to remote] DEBUG o.a.netty.request.NettyRequestSender - Using open Channel [id: 0x7c68b8df, L:/127.0.0.1:64390 - R:localhost/127.0.0.1:10889] for POST '/session/14f61660-7bcc-4279-b6a3-7163a94e0626/element/ef86c0c4-c9fd-4529-b45e-ea9f24c9c375/element'
15:50:17.027 [AsyncHttpClient-3-1] DEBUG o.a.netty.handler.HttpHandler - 

Request DefaultHttpRequest(decodeResult: success, version: HTTP/1.1)
POST /session/14f61660-7bcc-4279-b6a3-7163a94e0626/element/ef86c0c4-c9fd-4529-b45e-ea9f24c9c375/element HTTP/1.1
User-Agent: selenium/4.0.0-alpha-5 (java windows)
Content-Length: 103
Content-Type: application/json; charset=utf-8
host: localhost:10889
accept: */*

Response DefaultHttpResponse(decodeResult: success, version: HTTP/1.1)
HTTP/1.1 200 OK
content-type: application/json; charset=utf-8
cache-control: no-cache
content-length: 88
date: Thu, 25 Jun 2020 12:50:17 GMT

15:50:17.027 [AsyncHttpClient-3-1] DEBUG o.a.netty.channel.ChannelManager - Adding key: http://localhost:10889 for channel [id: 0x7c68b8df, L:/127.0.0.1:64390 - R:localhost/127.0.0.1:10889]
15:50:17.028 [Forwarding getElementText on session 14f61660-7bcc-4279-b6a3-7163a94e0626 to remote] DEBUG o.a.netty.request.NettyRequestSender - Using pooled Channel '[id: 0x7c68b8df, L:/127.0.0.1:64390 - R:localhost/127.0.0.1:10889]' for 'GET' to 'http://localhost:10889/session/14f61660-7bcc-4279-b6a3-7163a94e0626/element/e878ec3b-929f-4999-93f0-09044fe8e707/text'
15:50:17.028 [Forwarding getElementText on session 14f61660-7bcc-4279-b6a3-7163a94e0626 to remote] DEBUG o.a.netty.request.NettyRequestSender - Using open Channel [id: 0x7c68b8df, L:/127.0.0.1:64390 - R:localhost/127.0.0.1:10889] for GET '/session/14f61660-7bcc-4279-b6a3-7163a94e0626/element/e878ec3b-929f-4999-93f0-09044fe8e707/text'
15:50:17.032 [AsyncHttpClient-3-1] DEBUG o.a.netty.handler.HttpHandler - 

Request DefaultFullHttpRequest(decodeResult: success, version: HTTP/1.1, content: EmptyByteBufBE)
GET /session/14f61660-7bcc-4279-b6a3-7163a94e0626/element/e878ec3b-929f-4999-93f0-09044fe8e707/text HTTP/1.1
User-Agent: selenium/4.0.0-alpha-5 (java windows)
Cache-Control: no-cache
host: localhost:10889
accept: */*

Response DefaultHttpResponse(decodeResult: success, version: HTTP/1.1)
HTTP/1.1 200 OK
content-type: application/json; charset=utf-8
cache-control: no-cache
content-length: 45
date: Thu, 25 Jun 2020 12:50:17 GMT

15:50:17.032 [AsyncHttpClient-3-1] DEBUG o.a.netty.channel.ChannelManager - Adding key: http://localhost:10889 for channel [id: 0x7c68b8df, L:/127.0.0.1:64390 - R:localhost/127.0.0.1:10889]
15:50:17.033 [Forwarding findChildElement on session 14f61660-7bcc-4279-b6a3-7163a94e0626 to remote] DEBUG o.a.netty.request.NettyRequestSender - Using pooled Channel '[id: 0x7c68b8df, L:/127.0.0.1:64390 - R:localhost/127.0.0.1:10889]' for 'POST' to 'http://localhost:10889/session/14f61660-7bcc-4279-b6a3-7163a94e0626/element/ef86c0c4-c9fd-4529-b45e-ea9f24c9c375/element'
15:50:17.033 [Forwarding findChildElement on session 14f61660-7bcc-4279-b6a3-7163a94e0626 to remote] DEBUG o.a.netty.request.NettyRequestSender - Using open Channel [id: 0x7c68b8df, L:/127.0.0.1:64390 - R:localhost/127.0.0.1:10889] for POST '/session/14f61660-7bcc-4279-b6a3-7163a94e0626/element/ef86c0c4-c9fd-4529-b45e-ea9f24c9c375/element'
15:50:17.036 [AsyncHttpClient-3-1] DEBUG o.a.netty.handler.HttpHandler - 

Request DefaultHttpRequest(decodeResult: success, version: HTTP/1.1)
POST /session/14f61660-7bcc-4279-b6a3-7163a94e0626/element/ef86c0c4-c9fd-4529-b45e-ea9f24c9c375/element HTTP/1.1
User-Agent: selenium/4.0.0-alpha-5 (java windows)
Content-Length: 103
Content-Type: application/json; charset=utf-8
host: localhost:10889
accept: */*

Response DefaultHttpResponse(decodeResult: success, version: HTTP/1.1)
HTTP/1.1 200 OK
content-type: application/json; charset=utf-8
cache-control: no-cache
content-length: 88
date: Thu, 25 Jun 2020 12:50:17 GMT

15:50:17.036 [AsyncHttpClient-3-1] DEBUG o.a.netty.channel.ChannelManager - Adding key: http://localhost:10889 for channel [id: 0x7c68b8df, L:/127.0.0.1:64390 - R:localhost/127.0.0.1:10889]
15:50:17.037 [Forwarding getElementText on session 14f61660-7bcc-4279-b6a3-7163a94e0626 to remote] DEBUG o.a.netty.request.NettyRequestSender - Using pooled Channel '[id: 0x7c68b8df, L:/127.0.0.1:64390 - R:localhost/127.0.0.1:10889]' for 'GET' to 'http://localhost:10889/session/14f61660-7bcc-4279-b6a3-7163a94e0626/element/cbdd2060-8b65-4614-b779-b3d136af87a6/text'
15:50:17.037 [Forwarding getElementText on session 14f61660-7bcc-4279-b6a3-7163a94e0626 to remote] DEBUG o.a.netty.request.NettyRequestSender - Using open Channel [id: 0x7c68b8df, L:/127.0.0.1:64390 - R:localhost/127.0.0.1:10889] for GET '/session/14f61660-7bcc-4279-b6a3-7163a94e0626/element/cbdd2060-8b65-4614-b779-b3d136af87a6/text'
15:50:17.044 [AsyncHttpClient-3-1] DEBUG o.a.netty.handler.HttpHandler - 

Request DefaultFullHttpRequest(decodeResult: success, version: HTTP/1.1, content: EmptyByteBufBE)
GET /session/14f61660-7bcc-4279-b6a3-7163a94e0626/element/cbdd2060-8b65-4614-b779-b3d136af87a6/text HTTP/1.1
User-Agent: selenium/4.0.0-alpha-5 (java windows)
Cache-Control: no-cache
host: localhost:10889
accept: */*

Response DefaultHttpResponse(decodeResult: success, version: HTTP/1.1)
HTTP/1.1 200 OK
content-type: application/json; charset=utf-8
cache-control: no-cache
content-length: 57
date: Thu, 25 Jun 2020 12:50:17 GMT

15:50:17.044 [AsyncHttpClient-3-1] DEBUG o.a.netty.channel.ChannelManager - Adding key: http://localhost:10889 for channel [id: 0x7c68b8df, L:/127.0.0.1:64390 - R:localhost/127.0.0.1:10889]
15:50:17.045 [Forwarding findChildElement on session 14f61660-7bcc-4279-b6a3-7163a94e0626 to remote] DEBUG o.a.netty.request.NettyRequestSender - Using pooled Channel '[id: 0x7c68b8df, L:/127.0.0.1:64390 - R:localhost/127.0.0.1:10889]' for 'POST' to 'http://localhost:10889/session/14f61660-7bcc-4279-b6a3-7163a94e0626/element/ef86c0c4-c9fd-4529-b45e-ea9f24c9c375/element'
15:50:17.045 [Forwarding findChildElement on session 14f61660-7bcc-4279-b6a3-7163a94e0626 to remote] DEBUG o.a.netty.request.NettyRequestSender - Using open Channel [id: 0x7c68b8df, L:/127.0.0.1:64390 - R:localhost/127.0.0.1:10889] for POST '/session/14f61660-7bcc-4279-b6a3-7163a94e0626/element/ef86c0c4-c9fd-4529-b45e-ea9f24c9c375/element'
15:50:17.048 [AsyncHttpClient-3-1] DEBUG o.a.netty.handler.HttpHandler - 

Request DefaultHttpRequest(decodeResult: success, version: HTTP/1.1)
POST /session/14f61660-7bcc-4279-b6a3-7163a94e0626/element/ef86c0c4-c9fd-4529-b45e-ea9f24c9c375/element HTTP/1.1
User-Agent: selenium/4.0.0-alpha-5 (java windows)
Content-Length: 97
Content-Type: application/json; charset=utf-8
host: localhost:10889
accept: */*

Response DefaultHttpResponse(decodeResult: success, version: HTTP/1.1)
HTTP/1.1 200 OK
content-type: application/json; charset=utf-8
cache-control: no-cache
content-length: 88
date: Thu, 25 Jun 2020 12:50:17 GMT

15:50:17.049 [AsyncHttpClient-3-1] DEBUG o.a.netty.channel.ChannelManager - Adding key: http://localhost:10889 for channel [id: 0x7c68b8df, L:/127.0.0.1:64390 - R:localhost/127.0.0.1:10889]
15:50:17.051 [Forwarding getElementAttribute on session 14f61660-7bcc-4279-b6a3-7163a94e0626 to remote] DEBUG o.a.netty.request.NettyRequestSender - Using pooled Channel '[id: 0x7c68b8df, L:/127.0.0.1:64390 - R:localhost/127.0.0.1:10889]' for 'POST' to 'http://localhost:10889/session/14f61660-7bcc-4279-b6a3-7163a94e0626/execute/sync'
15:50:17.051 [Forwarding getElementAttribute on session 14f61660-7bcc-4279-b6a3-7163a94e0626 to remote] DEBUG o.a.netty.request.NettyRequestSender - Using open Channel [id: 0x7c68b8df, L:/127.0.0.1:64390 - R:localhost/127.0.0.1:10889] for POST '/session/14f61660-7bcc-4279-b6a3-7163a94e0626/execute/sync'
15:50:17.063 [AsyncHttpClient-3-1] DEBUG o.a.netty.handler.HttpHandler - 

Request DefaultHttpRequest(decodeResult: success, version: HTTP/1.1)
POST /session/14f61660-7bcc-4279-b6a3-7163a94e0626/execute/sync HTTP/1.1
User-Agent: selenium/4.0.0-alpha-5 (java windows)
Content-Length: 39635
Content-Type: application/json; charset=utf-8
host: localhost:10889
accept: */*

Response DefaultHttpResponse(decodeResult: success, version: HTTP/1.1)
HTTP/1.1 200 OK
content-type: application/json; charset=utf-8
cache-control: no-cache
content-length: 15
date: Thu, 25 Jun 2020 12:50:17 GMT

15:50:17.064 [AsyncHttpClient-3-1] DEBUG o.a.netty.channel.ChannelManager - Adding key: http://localhost:10889 for channel [id: 0x7c68b8df, L:/127.0.0.1:64390 - R:localhost/127.0.0.1:10889]
15:50:17.064 [Forwarding findChildElement on session 14f61660-7bcc-4279-b6a3-7163a94e0626 to remote] DEBUG o.a.netty.request.NettyRequestSender - Using pooled Channel '[id: 0x7c68b8df, L:/127.0.0.1:64390 - R:localhost/127.0.0.1:10889]' for 'POST' to 'http://localhost:10889/session/14f61660-7bcc-4279-b6a3-7163a94e0626/element/5eca2e9b-269b-4d7a-a2f1-c6cba194c4d0/element'
15:50:17.064 [Forwarding findChildElement on session 14f61660-7bcc-4279-b6a3-7163a94e0626 to remote] DEBUG o.a.netty.request.NettyRequestSender - Using open Channel [id: 0x7c68b8df, L:/127.0.0.1:64390 - R:localhost/127.0.0.1:10889] for POST '/session/14f61660-7bcc-4279-b6a3-7163a94e0626/element/5eca2e9b-269b-4d7a-a2f1-c6cba194c4d0/element'
15:50:17.067 [AsyncHttpClient-3-1] DEBUG o.a.netty.handler.HttpHandler - 

Request DefaultHttpRequest(decodeResult: success, version: HTTP/1.1)
POST /session/14f61660-7bcc-4279-b6a3-7163a94e0626/element/5eca2e9b-269b-4d7a-a2f1-c6cba194c4d0/element HTTP/1.1
User-Agent: selenium/4.0.0-alpha-5 (java windows)
Content-Length: 103
Content-Type: application/json; charset=utf-8
host: localhost:10889
accept: */*

Response DefaultHttpResponse(decodeResult: success, version: HTTP/1.1)
HTTP/1.1 200 OK
content-type: application/json; charset=utf-8
cache-control: no-cache
content-length: 88
date: Thu, 25 Jun 2020 12:50:17 GMT

15:50:17.067 [AsyncHttpClient-3-1] DEBUG o.a.netty.channel.ChannelManager - Adding key: http://localhost:10889 for channel [id: 0x7c68b8df, L:/127.0.0.1:64390 - R:localhost/127.0.0.1:10889]
15:50:17.068 [Forwarding getElementText on session 14f61660-7bcc-4279-b6a3-7163a94e0626 to remote] DEBUG o.a.netty.request.NettyRequestSender - Using pooled Channel '[id: 0x7c68b8df, L:/127.0.0.1:64390 - R:localhost/127.0.0.1:10889]' for 'GET' to 'http://localhost:10889/session/14f61660-7bcc-4279-b6a3-7163a94e0626/element/212ff8a9-6db8-4ccf-8930-0829aa0cb243/text'
15:50:17.068 [Forwarding getElementText on session 14f61660-7bcc-4279-b6a3-7163a94e0626 to remote] DEBUG o.a.netty.request.NettyRequestSender - Using open Channel [id: 0x7c68b8df, L:/127.0.0.1:64390 - R:localhost/127.0.0.1:10889] for GET '/session/14f61660-7bcc-4279-b6a3-7163a94e0626/element/212ff8a9-6db8-4ccf-8930-0829aa0cb243/text'
15:50:17.072 [AsyncHttpClient-3-1] DEBUG o.a.netty.handler.HttpHandler - 

Request DefaultFullHttpRequest(decodeResult: success, version: HTTP/1.1, content: EmptyByteBufBE)
GET /session/14f61660-7bcc-4279-b6a3-7163a94e0626/element/212ff8a9-6db8-4ccf-8930-0829aa0cb243/text HTTP/1.1
User-Agent: selenium/4.0.0-alpha-5 (java windows)
Cache-Control: no-cache
host: localhost:10889
accept: */*

Response DefaultHttpResponse(decodeResult: success, version: HTTP/1.1)
HTTP/1.1 200 OK
content-type: application/json; charset=utf-8
cache-control: no-cache
content-length: 18
date: Thu, 25 Jun 2020 12:50:17 GMT

15:50:17.072 [AsyncHttpClient-3-1] DEBUG o.a.netty.channel.ChannelManager - Adding key: http://localhost:10889 for channel [id: 0x7c68b8df, L:/127.0.0.1:64390 - R:localhost/127.0.0.1:10889]
15:50:17.072 [Forwarding findChildElement on session 14f61660-7bcc-4279-b6a3-7163a94e0626 to remote] DEBUG o.a.netty.request.NettyRequestSender - Using pooled Channel '[id: 0x7c68b8df, L:/127.0.0.1:64390 - R:localhost/127.0.0.1:10889]' for 'POST' to 'http://localhost:10889/session/14f61660-7bcc-4279-b6a3-7163a94e0626/element/5eca2e9b-269b-4d7a-a2f1-c6cba194c4d0/element'
15:50:17.073 [Forwarding findChildElement on session 14f61660-7bcc-4279-b6a3-7163a94e0626 to remote] DEBUG o.a.netty.request.NettyRequestSender - Using open Channel [id: 0x7c68b8df, L:/127.0.0.1:64390 - R:localhost/127.0.0.1:10889] for POST '/session/14f61660-7bcc-4279-b6a3-7163a94e0626/element/5eca2e9b-269b-4d7a-a2f1-c6cba194c4d0/element'
15:50:17.076 [AsyncHttpClient-3-1] DEBUG o.a.netty.handler.HttpHandler - 

Request DefaultHttpRequest(decodeResult: success, version: HTTP/1.1)
POST /session/14f61660-7bcc-4279-b6a3-7163a94e0626/element/5eca2e9b-269b-4d7a-a2f1-c6cba194c4d0/element HTTP/1.1
User-Agent: selenium/4.0.0-alpha-5 (java windows)
Content-Length: 103
Content-Type: application/json; charset=utf-8
host: localhost:10889
accept: */*

Response DefaultHttpResponse(decodeResult: success, version: HTTP/1.1)
HTTP/1.1 200 OK
content-type: application/json; charset=utf-8
cache-control: no-cache
content-length: 88
date: Thu, 25 Jun 2020 12:50:17 GMT

15:50:17.076 [AsyncHttpClient-3-1] DEBUG o.a.netty.channel.ChannelManager - Adding key: http://localhost:10889 for channel [id: 0x7c68b8df, L:/127.0.0.1:64390 - R:localhost/127.0.0.1:10889]
15:50:17.076 [Forwarding getElementText on session 14f61660-7bcc-4279-b6a3-7163a94e0626 to remote] DEBUG o.a.netty.request.NettyRequestSender - Using pooled Channel '[id: 0x7c68b8df, L:/127.0.0.1:64390 - R:localhost/127.0.0.1:10889]' for 'GET' to 'http://localhost:10889/session/14f61660-7bcc-4279-b6a3-7163a94e0626/element/ce84f8ee-6359-4f62-b943-5d5637a088f6/text'
15:50:17.077 [Forwarding getElementText on session 14f61660-7bcc-4279-b6a3-7163a94e0626 to remote] DEBUG o.a.netty.request.NettyRequestSender - Using open Channel [id: 0x7c68b8df, L:/127.0.0.1:64390 - R:localhost/127.0.0.1:10889] for GET '/session/14f61660-7bcc-4279-b6a3-7163a94e0626/element/ce84f8ee-6359-4f62-b943-5d5637a088f6/text'
15:50:17.081 [AsyncHttpClient-3-1] DEBUG o.a.netty.handler.HttpHandler - 

Request DefaultFullHttpRequest(decodeResult: success, version: HTTP/1.1, content: EmptyByteBufBE)
GET /session/14f61660-7bcc-4279-b6a3-7163a94e0626/element/ce84f8ee-6359-4f62-b943-5d5637a088f6/text HTTP/1.1
User-Agent: selenium/4.0.0-alpha-5 (java windows)
Cache-Control: no-cache
host: localhost:10889
accept: */*

Response DefaultHttpResponse(decodeResult: success, version: HTTP/1.1)
HTTP/1.1 200 OK
content-type: application/json; charset=utf-8
cache-control: no-cache
content-length: 22
date: Thu, 25 Jun 2020 12:50:17 GMT

15:50:17.081 [AsyncHttpClient-3-1] DEBUG o.a.netty.channel.ChannelManager - Adding key: http://localhost:10889 for channel [id: 0x7c68b8df, L:/127.0.0.1:64390 - R:localhost/127.0.0.1:10889]
15:50:17.081 [Forwarding findChildElement on session 14f61660-7bcc-4279-b6a3-7163a94e0626 to remote] DEBUG o.a.netty.request.NettyRequestSender - Using pooled Channel '[id: 0x7c68b8df, L:/127.0.0.1:64390 - R:localhost/127.0.0.1:10889]' for 'POST' to 'http://localhost:10889/session/14f61660-7bcc-4279-b6a3-7163a94e0626/element/5eca2e9b-269b-4d7a-a2f1-c6cba194c4d0/element'
15:50:17.082 [Forwarding findChildElement on session 14f61660-7bcc-4279-b6a3-7163a94e0626 to remote] DEBUG o.a.netty.request.NettyRequestSender - Using open Channel [id: 0x7c68b8df, L:/127.0.0.1:64390 - R:localhost/127.0.0.1:10889] for POST '/session/14f61660-7bcc-4279-b6a3-7163a94e0626/element/5eca2e9b-269b-4d7a-a2f1-c6cba194c4d0/element'
15:50:17.085 [AsyncHttpClient-3-1] DEBUG o.a.netty.handler.HttpHandler - 

Request DefaultHttpRequest(decodeResult: success, version: HTTP/1.1)
POST /session/14f61660-7bcc-4279-b6a3-7163a94e0626/element/5eca2e9b-269b-4d7a-a2f1-c6cba194c4d0/element HTTP/1.1
User-Agent: selenium/4.0.0-alpha-5 (java windows)
Content-Length: 103
Content-Type: application/json; charset=utf-8
host: localhost:10889
accept: */*

Response DefaultHttpResponse(decodeResult: success, version: HTTP/1.1)
HTTP/1.1 200 OK
content-type: application/json; charset=utf-8
cache-control: no-cache
content-length: 88
date: Thu, 25 Jun 2020 12:50:17 GMT

15:50:17.085 [AsyncHttpClient-3-1] DEBUG o.a.netty.channel.ChannelManager - Adding key: http://localhost:10889 for channel [id: 0x7c68b8df, L:/127.0.0.1:64390 - R:localhost/127.0.0.1:10889]
15:50:17.086 [Forwarding getElementText on session 14f61660-7bcc-4279-b6a3-7163a94e0626 to remote] DEBUG o.a.netty.request.NettyRequestSender - Using pooled Channel '[id: 0x7c68b8df, L:/127.0.0.1:64390 - R:localhost/127.0.0.1:10889]' for 'GET' to 'http://localhost:10889/session/14f61660-7bcc-4279-b6a3-7163a94e0626/element/78ccec58-1eae-47e7-a9b2-f4246f599f35/text'
15:50:17.086 [Forwarding getElementText on session 14f61660-7bcc-4279-b6a3-7163a94e0626 to remote] DEBUG o.a.netty.request.NettyRequestSender - Using open Channel [id: 0x7c68b8df, L:/127.0.0.1:64390 - R:localhost/127.0.0.1:10889] for GET '/session/14f61660-7bcc-4279-b6a3-7163a94e0626/element/78ccec58-1eae-47e7-a9b2-f4246f599f35/text'
15:50:17.090 [AsyncHttpClient-3-1] DEBUG o.a.netty.handler.HttpHandler - 

Request DefaultFullHttpRequest(decodeResult: success, version: HTTP/1.1, content: EmptyByteBufBE)
GET /session/14f61660-7bcc-4279-b6a3-7163a94e0626/element/78ccec58-1eae-47e7-a9b2-f4246f599f35/text HTTP/1.1
User-Agent: selenium/4.0.0-alpha-5 (java windows)
Cache-Control: no-cache
host: localhost:10889
accept: */*

Response DefaultHttpResponse(decodeResult: success, version: HTTP/1.1)
HTTP/1.1 200 OK
content-type: application/json; charset=utf-8
cache-control: no-cache
content-length: 21
date: Thu, 25 Jun 2020 12:50:17 GMT

15:50:17.090 [AsyncHttpClient-3-1] DEBUG o.a.netty.channel.ChannelManager - Adding key: http://localhost:10889 for channel [id: 0x7c68b8df, L:/127.0.0.1:64390 - R:localhost/127.0.0.1:10889]
15:50:17.091 [Forwarding findChildElement on session 14f61660-7bcc-4279-b6a3-7163a94e0626 to remote] DEBUG o.a.netty.request.NettyRequestSender - Using pooled Channel '[id: 0x7c68b8df, L:/127.0.0.1:64390 - R:localhost/127.0.0.1:10889]' for 'POST' to 'http://localhost:10889/session/14f61660-7bcc-4279-b6a3-7163a94e0626/element/5eca2e9b-269b-4d7a-a2f1-c6cba194c4d0/element'
15:50:17.091 [Forwarding findChildElement on session 14f61660-7bcc-4279-b6a3-7163a94e0626 to remote] DEBUG o.a.netty.request.NettyRequestSender - Using open Channel [id: 0x7c68b8df, L:/127.0.0.1:64390 - R:localhost/127.0.0.1:10889] for POST '/session/14f61660-7bcc-4279-b6a3-7163a94e0626/element/5eca2e9b-269b-4d7a-a2f1-c6cba194c4d0/element'
15:50:17.094 [AsyncHttpClient-3-1] DEBUG o.a.netty.handler.HttpHandler - 

Request DefaultHttpRequest(decodeResult: success, version: HTTP/1.1)
POST /session/14f61660-7bcc-4279-b6a3-7163a94e0626/element/5eca2e9b-269b-4d7a-a2f1-c6cba194c4d0/element HTTP/1.1
User-Agent: selenium/4.0.0-alpha-5 (java windows)
Content-Length: 103
Content-Type: application/json; charset=utf-8
host: localhost:10889
accept: */*

Response DefaultHttpResponse(decodeResult: success, version: HTTP/1.1)
HTTP/1.1 200 OK
content-type: application/json; charset=utf-8
cache-control: no-cache
content-length: 88
date: Thu, 25 Jun 2020 12:50:17 GMT

15:50:17.094 [AsyncHttpClient-3-1] DEBUG o.a.netty.channel.ChannelManager - Adding key: http://localhost:10889 for channel [id: 0x7c68b8df, L:/127.0.0.1:64390 - R:localhost/127.0.0.1:10889]
15:50:17.095 [Forwarding getElementText on session 14f61660-7bcc-4279-b6a3-7163a94e0626 to remote] DEBUG o.a.netty.request.NettyRequestSender - Using pooled Channel '[id: 0x7c68b8df, L:/127.0.0.1:64390 - R:localhost/127.0.0.1:10889]' for 'GET' to 'http://localhost:10889/session/14f61660-7bcc-4279-b6a3-7163a94e0626/element/a00dbda3-c54b-4c17-a251-102abfb4b1db/text'
15:50:17.095 [Forwarding getElementText on session 14f61660-7bcc-4279-b6a3-7163a94e0626 to remote] DEBUG o.a.netty.request.NettyRequestSender - Using open Channel [id: 0x7c68b8df, L:/127.0.0.1:64390 - R:localhost/127.0.0.1:10889] for GET '/session/14f61660-7bcc-4279-b6a3-7163a94e0626/element/a00dbda3-c54b-4c17-a251-102abfb4b1db/text'
15:50:17.099 [AsyncHttpClient-3-1] DEBUG o.a.netty.handler.HttpHandler - 

Request DefaultFullHttpRequest(decodeResult: success, version: HTTP/1.1, content: EmptyByteBufBE)
GET /session/14f61660-7bcc-4279-b6a3-7163a94e0626/element/a00dbda3-c54b-4c17-a251-102abfb4b1db/text HTTP/1.1
User-Agent: selenium/4.0.0-alpha-5 (java windows)
Cache-Control: no-cache
host: localhost:10889
accept: */*

Response DefaultHttpResponse(decodeResult: success, version: HTTP/1.1)
HTTP/1.1 200 OK
content-type: application/json; charset=utf-8
cache-control: no-cache
content-length: 45
date: Thu, 25 Jun 2020 12:50:17 GMT

15:50:17.099 [AsyncHttpClient-3-1] DEBUG o.a.netty.channel.ChannelManager - Adding key: http://localhost:10889 for channel [id: 0x7c68b8df, L:/127.0.0.1:64390 - R:localhost/127.0.0.1:10889]
15:50:17.099 [Forwarding findChildElement on session 14f61660-7bcc-4279-b6a3-7163a94e0626 to remote] DEBUG o.a.netty.request.NettyRequestSender - Using pooled Channel '[id: 0x7c68b8df, L:/127.0.0.1:64390 - R:localhost/127.0.0.1:10889]' for 'POST' to 'http://localhost:10889/session/14f61660-7bcc-4279-b6a3-7163a94e0626/element/5eca2e9b-269b-4d7a-a2f1-c6cba194c4d0/element'
15:50:17.100 [Forwarding findChildElement on session 14f61660-7bcc-4279-b6a3-7163a94e0626 to remote] DEBUG o.a.netty.request.NettyRequestSender - Using open Channel [id: 0x7c68b8df, L:/127.0.0.1:64390 - R:localhost/127.0.0.1:10889] for POST '/session/14f61660-7bcc-4279-b6a3-7163a94e0626/element/5eca2e9b-269b-4d7a-a2f1-c6cba194c4d0/element'
15:50:17.103 [AsyncHttpClient-3-1] DEBUG o.a.netty.handler.HttpHandler - 

Request DefaultHttpRequest(decodeResult: success, version: HTTP/1.1)
POST /session/14f61660-7bcc-4279-b6a3-7163a94e0626/element/5eca2e9b-269b-4d7a-a2f1-c6cba194c4d0/element HTTP/1.1
User-Agent: selenium/4.0.0-alpha-5 (java windows)
Content-Length: 103
Content-Type: application/json; charset=utf-8
host: localhost:10889
accept: */*

Response DefaultHttpResponse(decodeResult: success, version: HTTP/1.1)
HTTP/1.1 200 OK
content-type: application/json; charset=utf-8
cache-control: no-cache
content-length: 88
date: Thu, 25 Jun 2020 12:50:17 GMT

15:50:17.103 [AsyncHttpClient-3-1] DEBUG o.a.netty.channel.ChannelManager - Adding key: http://localhost:10889 for channel [id: 0x7c68b8df, L:/127.0.0.1:64390 - R:localhost/127.0.0.1:10889]
15:50:17.103 [Forwarding getElementText on session 14f61660-7bcc-4279-b6a3-7163a94e0626 to remote] DEBUG o.a.netty.request.NettyRequestSender - Using pooled Channel '[id: 0x7c68b8df, L:/127.0.0.1:64390 - R:localhost/127.0.0.1:10889]' for 'GET' to 'http://localhost:10889/session/14f61660-7bcc-4279-b6a3-7163a94e0626/element/b1cafab4-2329-44de-8cde-05679e439836/text'
15:50:17.103 [Forwarding getElementText on session 14f61660-7bcc-4279-b6a3-7163a94e0626 to remote] DEBUG o.a.netty.request.NettyRequestSender - Using open Channel [id: 0x7c68b8df, L:/127.0.0.1:64390 - R:localhost/127.0.0.1:10889] for GET '/session/14f61660-7bcc-4279-b6a3-7163a94e0626/element/b1cafab4-2329-44de-8cde-05679e439836/text'
15:50:17.110 [AsyncHttpClient-3-1] DEBUG o.a.netty.handler.HttpHandler - 

Request DefaultFullHttpRequest(decodeResult: success, version: HTTP/1.1, content: EmptyByteBufBE)
GET /session/14f61660-7bcc-4279-b6a3-7163a94e0626/element/b1cafab4-2329-44de-8cde-05679e439836/text HTTP/1.1
User-Agent: selenium/4.0.0-alpha-5 (java windows)
Cache-Control: no-cache
host: localhost:10889
accept: */*

Response DefaultHttpResponse(decodeResult: success, version: HTTP/1.1)
HTTP/1.1 200 OK
content-type: application/json; charset=utf-8
cache-control: no-cache
content-length: 57
date: Thu, 25 Jun 2020 12:50:17 GMT

15:50:17.110 [AsyncHttpClient-3-1] DEBUG o.a.netty.channel.ChannelManager - Adding key: http://localhost:10889 for channel [id: 0x7c68b8df, L:/127.0.0.1:64390 - R:localhost/127.0.0.1:10889]
15:50:17.111 [Forwarding findChildElement on session 14f61660-7bcc-4279-b6a3-7163a94e0626 to remote] DEBUG o.a.netty.request.NettyRequestSender - Using pooled Channel '[id: 0x7c68b8df, L:/127.0.0.1:64390 - R:localhost/127.0.0.1:10889]' for 'POST' to 'http://localhost:10889/session/14f61660-7bcc-4279-b6a3-7163a94e0626/element/5eca2e9b-269b-4d7a-a2f1-c6cba194c4d0/element'
15:50:17.111 [Forwarding findChildElement on session 14f61660-7bcc-4279-b6a3-7163a94e0626 to remote] DEBUG o.a.netty.request.NettyRequestSender - Using open Channel [id: 0x7c68b8df, L:/127.0.0.1:64390 - R:localhost/127.0.0.1:10889] for POST '/session/14f61660-7bcc-4279-b6a3-7163a94e0626/element/5eca2e9b-269b-4d7a-a2f1-c6cba194c4d0/element'
15:50:17.114 [AsyncHttpClient-3-1] DEBUG o.a.netty.handler.HttpHandler - 

Request DefaultHttpRequest(decodeResult: success, version: HTTP/1.1)
POST /session/14f61660-7bcc-4279-b6a3-7163a94e0626/element/5eca2e9b-269b-4d7a-a2f1-c6cba194c4d0/element HTTP/1.1
User-Agent: selenium/4.0.0-alpha-5 (java windows)
Content-Length: 97
Content-Type: application/json; charset=utf-8
host: localhost:10889
accept: */*

Response DefaultHttpResponse(decodeResult: success, version: HTTP/1.1)
HTTP/1.1 200 OK
content-type: application/json; charset=utf-8
cache-control: no-cache
content-length: 88
date: Thu, 25 Jun 2020 12:50:17 GMT

15:50:17.114 [AsyncHttpClient-3-1] DEBUG o.a.netty.channel.ChannelManager - Adding key: http://localhost:10889 for channel [id: 0x7c68b8df, L:/127.0.0.1:64390 - R:localhost/127.0.0.1:10889]
15:50:17.117 [Forwarding getElementAttribute on session 14f61660-7bcc-4279-b6a3-7163a94e0626 to remote] DEBUG o.a.netty.request.NettyRequestSender - Using pooled Channel '[id: 0x7c68b8df, L:/127.0.0.1:64390 - R:localhost/127.0.0.1:10889]' for 'POST' to 'http://localhost:10889/session/14f61660-7bcc-4279-b6a3-7163a94e0626/execute/sync'
15:50:17.117 [Forwarding getElementAttribute on session 14f61660-7bcc-4279-b6a3-7163a94e0626 to remote] DEBUG o.a.netty.request.NettyRequestSender - Using open Channel [id: 0x7c68b8df, L:/127.0.0.1:64390 - R:localhost/127.0.0.1:10889] for POST '/session/14f61660-7bcc-4279-b6a3-7163a94e0626/execute/sync'
15:50:17.130 [AsyncHttpClient-3-1] DEBUG o.a.netty.handler.HttpHandler - 

Request DefaultHttpRequest(decodeResult: success, version: HTTP/1.1)
POST /session/14f61660-7bcc-4279-b6a3-7163a94e0626/execute/sync HTTP/1.1
User-Agent: selenium/4.0.0-alpha-5 (java windows)
Content-Length: 39635
Content-Type: application/json; charset=utf-8
host: localhost:10889
accept: */*

Response DefaultHttpResponse(decodeResult: success, version: HTTP/1.1)
HTTP/1.1 200 OK
content-type: application/json; charset=utf-8
cache-control: no-cache
content-length: 15
date: Thu, 25 Jun 2020 12:50:17 GMT

15:50:17.130 [AsyncHttpClient-3-1] DEBUG o.a.netty.channel.ChannelManager - Adding key: http://localhost:10889 for channel [id: 0x7c68b8df, L:/127.0.0.1:64390 - R:localhost/127.0.0.1:10889]
15:50:17.131 [Forwarding findChildElement on session 14f61660-7bcc-4279-b6a3-7163a94e0626 to remote] DEBUG o.a.netty.request.NettyRequestSender - Using pooled Channel '[id: 0x7c68b8df, L:/127.0.0.1:64390 - R:localhost/127.0.0.1:10889]' for 'POST' to 'http://localhost:10889/session/14f61660-7bcc-4279-b6a3-7163a94e0626/element/bdd7be8b-d940-4afe-acc8-917c058c0f59/element'
15:50:17.131 [Forwarding findChildElement on session 14f61660-7bcc-4279-b6a3-7163a94e0626 to remote] DEBUG o.a.netty.request.NettyRequestSender - Using open Channel [id: 0x7c68b8df, L:/127.0.0.1:64390 - R:localhost/127.0.0.1:10889] for POST '/session/14f61660-7bcc-4279-b6a3-7163a94e0626/element/bdd7be8b-d940-4afe-acc8-917c058c0f59/element'
15:50:17.135 [AsyncHttpClient-3-1] DEBUG o.a.netty.handler.HttpHandler - 

Request DefaultHttpRequest(decodeResult: success, version: HTTP/1.1)
POST /session/14f61660-7bcc-4279-b6a3-7163a94e0626/element/bdd7be8b-d940-4afe-acc8-917c058c0f59/element HTTP/1.1
User-Agent: selenium/4.0.0-alpha-5 (java windows)
Content-Length: 103
Content-Type: application/json; charset=utf-8
host: localhost:10889
accept: */*

Response DefaultHttpResponse(decodeResult: success, version: HTTP/1.1)
HTTP/1.1 200 OK
content-type: application/json; charset=utf-8
cache-control: no-cache
content-length: 88
date: Thu, 25 Jun 2020 12:50:17 GMT

15:50:17.135 [AsyncHttpClient-3-1] DEBUG o.a.netty.channel.ChannelManager - Adding key: http://localhost:10889 for channel [id: 0x7c68b8df, L:/127.0.0.1:64390 - R:localhost/127.0.0.1:10889]
15:50:17.135 [Forwarding getElementText on session 14f61660-7bcc-4279-b6a3-7163a94e0626 to remote] DEBUG o.a.netty.request.NettyRequestSender - Using pooled Channel '[id: 0x7c68b8df, L:/127.0.0.1:64390 - R:localhost/127.0.0.1:10889]' for 'GET' to 'http://localhost:10889/session/14f61660-7bcc-4279-b6a3-7163a94e0626/element/ff31f1c0-91e8-4f04-b42f-5873bd2e4e58/text'
15:50:17.135 [Forwarding getElementText on session 14f61660-7bcc-4279-b6a3-7163a94e0626 to remote] DEBUG o.a.netty.request.NettyRequestSender - Using open Channel [id: 0x7c68b8df, L:/127.0.0.1:64390 - R:localhost/127.0.0.1:10889] for GET '/session/14f61660-7bcc-4279-b6a3-7163a94e0626/element/ff31f1c0-91e8-4f04-b42f-5873bd2e4e58/text'
15:50:17.140 [AsyncHttpClient-3-1] DEBUG o.a.netty.handler.HttpHandler - 

Request DefaultFullHttpRequest(decodeResult: success, version: HTTP/1.1, content: EmptyByteBufBE)
GET /session/14f61660-7bcc-4279-b6a3-7163a94e0626/element/ff31f1c0-91e8-4f04-b42f-5873bd2e4e58/text HTTP/1.1
User-Agent: selenium/4.0.0-alpha-5 (java windows)
Cache-Control: no-cache
host: localhost:10889
accept: */*

Response DefaultHttpResponse(decodeResult: success, version: HTTP/1.1)
HTTP/1.1 200 OK
content-type: application/json; charset=utf-8
cache-control: no-cache
content-length: 18
date: Thu, 25 Jun 2020 12:50:17 GMT

15:50:17.140 [AsyncHttpClient-3-1] DEBUG o.a.netty.channel.ChannelManager - Adding key: http://localhost:10889 for channel [id: 0x7c68b8df, L:/127.0.0.1:64390 - R:localhost/127.0.0.1:10889]
15:50:17.141 [Forwarding findChildElement on session 14f61660-7bcc-4279-b6a3-7163a94e0626 to remote] DEBUG o.a.netty.request.NettyRequestSender - Using pooled Channel '[id: 0x7c68b8df, L:/127.0.0.1:64390 - R:localhost/127.0.0.1:10889]' for 'POST' to 'http://localhost:10889/session/14f61660-7bcc-4279-b6a3-7163a94e0626/element/bdd7be8b-d940-4afe-acc8-917c058c0f59/element'
15:50:17.141 [Forwarding findChildElement on session 14f61660-7bcc-4279-b6a3-7163a94e0626 to remote] DEBUG o.a.netty.request.NettyRequestSender - Using open Channel [id: 0x7c68b8df, L:/127.0.0.1:64390 - R:localhost/127.0.0.1:10889] for POST '/session/14f61660-7bcc-4279-b6a3-7163a94e0626/element/bdd7be8b-d940-4afe-acc8-917c058c0f59/element'
15:50:17.144 [AsyncHttpClient-3-1] DEBUG o.a.netty.handler.HttpHandler - 

Request DefaultHttpRequest(decodeResult: success, version: HTTP/1.1)
POST /session/14f61660-7bcc-4279-b6a3-7163a94e0626/element/bdd7be8b-d940-4afe-acc8-917c058c0f59/element HTTP/1.1
User-Agent: selenium/4.0.0-alpha-5 (java windows)
Content-Length: 103
Content-Type: application/json; charset=utf-8
host: localhost:10889
accept: */*

Response DefaultHttpResponse(decodeResult: success, version: HTTP/1.1)
HTTP/1.1 200 OK
content-type: application/json; charset=utf-8
cache-control: no-cache
content-length: 88
date: Thu, 25 Jun 2020 12:50:17 GMT

15:50:17.144 [AsyncHttpClient-3-1] DEBUG o.a.netty.channel.ChannelManager - Adding key: http://localhost:10889 for channel [id: 0x7c68b8df, L:/127.0.0.1:64390 - R:localhost/127.0.0.1:10889]
15:50:17.145 [Forwarding getElementText on session 14f61660-7bcc-4279-b6a3-7163a94e0626 to remote] DEBUG o.a.netty.request.NettyRequestSender - Using pooled Channel '[id: 0x7c68b8df, L:/127.0.0.1:64390 - R:localhost/127.0.0.1:10889]' for 'GET' to 'http://localhost:10889/session/14f61660-7bcc-4279-b6a3-7163a94e0626/element/a64eeab2-0b4c-48b9-9821-0473abe0c20e/text'
15:50:17.145 [Forwarding getElementText on session 14f61660-7bcc-4279-b6a3-7163a94e0626 to remote] DEBUG o.a.netty.request.NettyRequestSender - Using open Channel [id: 0x7c68b8df, L:/127.0.0.1:64390 - R:localhost/127.0.0.1:10889] for GET '/session/14f61660-7bcc-4279-b6a3-7163a94e0626/element/a64eeab2-0b4c-48b9-9821-0473abe0c20e/text'
15:50:17.150 [AsyncHttpClient-3-1] DEBUG o.a.netty.handler.HttpHandler - 

Request DefaultFullHttpRequest(decodeResult: success, version: HTTP/1.1, content: EmptyByteBufBE)
GET /session/14f61660-7bcc-4279-b6a3-7163a94e0626/element/a64eeab2-0b4c-48b9-9821-0473abe0c20e/text HTTP/1.1
User-Agent: selenium/4.0.0-alpha-5 (java windows)
Cache-Control: no-cache
host: localhost:10889
accept: */*

Response DefaultHttpResponse(decodeResult: success, version: HTTP/1.1)
HTTP/1.1 200 OK
content-type: application/json; charset=utf-8
cache-control: no-cache
content-length: 22
date: Thu, 25 Jun 2020 12:50:17 GMT

15:50:17.150 [AsyncHttpClient-3-1] DEBUG o.a.netty.channel.ChannelManager - Adding key: http://localhost:10889 for channel [id: 0x7c68b8df, L:/127.0.0.1:64390 - R:localhost/127.0.0.1:10889]
15:50:17.150 [Forwarding findChildElement on session 14f61660-7bcc-4279-b6a3-7163a94e0626 to remote] DEBUG o.a.netty.request.NettyRequestSender - Using pooled Channel '[id: 0x7c68b8df, L:/127.0.0.1:64390 - R:localhost/127.0.0.1:10889]' for 'POST' to 'http://localhost:10889/session/14f61660-7bcc-4279-b6a3-7163a94e0626/element/bdd7be8b-d940-4afe-acc8-917c058c0f59/element'
15:50:17.150 [Forwarding findChildElement on session 14f61660-7bcc-4279-b6a3-7163a94e0626 to remote] DEBUG o.a.netty.request.NettyRequestSender - Using open Channel [id: 0x7c68b8df, L:/127.0.0.1:64390 - R:localhost/127.0.0.1:10889] for POST '/session/14f61660-7bcc-4279-b6a3-7163a94e0626/element/bdd7be8b-d940-4afe-acc8-917c058c0f59/element'
15:50:17.154 [AsyncHttpClient-3-1] DEBUG o.a.netty.handler.HttpHandler - 

Request DefaultHttpRequest(decodeResult: success, version: HTTP/1.1)
POST /session/14f61660-7bcc-4279-b6a3-7163a94e0626/element/bdd7be8b-d940-4afe-acc8-917c058c0f59/element HTTP/1.1
User-Agent: selenium/4.0.0-alpha-5 (java windows)
Content-Length: 103
Content-Type: application/json; charset=utf-8
host: localhost:10889
accept: */*

Response DefaultHttpResponse(decodeResult: success, version: HTTP/1.1)
HTTP/1.1 200 OK
content-type: application/json; charset=utf-8
cache-control: no-cache
content-length: 88
date: Thu, 25 Jun 2020 12:50:17 GMT

15:50:17.154 [AsyncHttpClient-3-1] DEBUG o.a.netty.channel.ChannelManager - Adding key: http://localhost:10889 for channel [id: 0x7c68b8df, L:/127.0.0.1:64390 - R:localhost/127.0.0.1:10889]
15:50:17.154 [Forwarding getElementText on session 14f61660-7bcc-4279-b6a3-7163a94e0626 to remote] DEBUG o.a.netty.request.NettyRequestSender - Using pooled Channel '[id: 0x7c68b8df, L:/127.0.0.1:64390 - R:localhost/127.0.0.1:10889]' for 'GET' to 'http://localhost:10889/session/14f61660-7bcc-4279-b6a3-7163a94e0626/element/7ec62f6f-2563-41ba-8e1f-9c3472fc7343/text'
15:50:17.155 [Forwarding getElementText on session 14f61660-7bcc-4279-b6a3-7163a94e0626 to remote] DEBUG o.a.netty.request.NettyRequestSender - Using open Channel [id: 0x7c68b8df, L:/127.0.0.1:64390 - R:localhost/127.0.0.1:10889] for GET '/session/14f61660-7bcc-4279-b6a3-7163a94e0626/element/7ec62f6f-2563-41ba-8e1f-9c3472fc7343/text'
15:50:17.159 [AsyncHttpClient-3-1] DEBUG o.a.netty.handler.HttpHandler - 

Request DefaultFullHttpRequest(decodeResult: success, version: HTTP/1.1, content: EmptyByteBufBE)
GET /session/14f61660-7bcc-4279-b6a3-7163a94e0626/element/7ec62f6f-2563-41ba-8e1f-9c3472fc7343/text HTTP/1.1
User-Agent: selenium/4.0.0-alpha-5 (java windows)
Cache-Control: no-cache
host: localhost:10889
accept: */*

Response DefaultHttpResponse(decodeResult: success, version: HTTP/1.1)
HTTP/1.1 200 OK
content-type: application/json; charset=utf-8
cache-control: no-cache
content-length: 21
date: Thu, 25 Jun 2020 12:50:17 GMT

15:50:17.159 [AsyncHttpClient-3-1] DEBUG o.a.netty.channel.ChannelManager - Adding key: http://localhost:10889 for channel [id: 0x7c68b8df, L:/127.0.0.1:64390 - R:localhost/127.0.0.1:10889]
15:50:17.160 [Forwarding findChildElement on session 14f61660-7bcc-4279-b6a3-7163a94e0626 to remote] DEBUG o.a.netty.request.NettyRequestSender - Using pooled Channel '[id: 0x7c68b8df, L:/127.0.0.1:64390 - R:localhost/127.0.0.1:10889]' for 'POST' to 'http://localhost:10889/session/14f61660-7bcc-4279-b6a3-7163a94e0626/element/bdd7be8b-d940-4afe-acc8-917c058c0f59/element'
15:50:17.160 [Forwarding findChildElement on session 14f61660-7bcc-4279-b6a3-7163a94e0626 to remote] DEBUG o.a.netty.request.NettyRequestSender - Using open Channel [id: 0x7c68b8df, L:/127.0.0.1:64390 - R:localhost/127.0.0.1:10889] for POST '/session/14f61660-7bcc-4279-b6a3-7163a94e0626/element/bdd7be8b-d940-4afe-acc8-917c058c0f59/element'
15:50:17.163 [AsyncHttpClient-3-1] DEBUG o.a.netty.handler.HttpHandler - 

Request DefaultHttpRequest(decodeResult: success, version: HTTP/1.1)
POST /session/14f61660-7bcc-4279-b6a3-7163a94e0626/element/bdd7be8b-d940-4afe-acc8-917c058c0f59/element HTTP/1.1
User-Agent: selenium/4.0.0-alpha-5 (java windows)
Content-Length: 103
Content-Type: application/json; charset=utf-8
host: localhost:10889
accept: */*

Response DefaultHttpResponse(decodeResult: success, version: HTTP/1.1)
HTTP/1.1 200 OK
content-type: application/json; charset=utf-8
cache-control: no-cache
content-length: 88
date: Thu, 25 Jun 2020 12:50:17 GMT

15:50:17.163 [AsyncHttpClient-3-1] DEBUG o.a.netty.channel.ChannelManager - Adding key: http://localhost:10889 for channel [id: 0x7c68b8df, L:/127.0.0.1:64390 - R:localhost/127.0.0.1:10889]
15:50:17.163 [Forwarding getElementText on session 14f61660-7bcc-4279-b6a3-7163a94e0626 to remote] DEBUG o.a.netty.request.NettyRequestSender - Using pooled Channel '[id: 0x7c68b8df, L:/127.0.0.1:64390 - R:localhost/127.0.0.1:10889]' for 'GET' to 'http://localhost:10889/session/14f61660-7bcc-4279-b6a3-7163a94e0626/element/fc95b247-2848-4a61-97b3-02ce0f5798ab/text'
15:50:17.163 [Forwarding getElementText on session 14f61660-7bcc-4279-b6a3-7163a94e0626 to remote] DEBUG o.a.netty.request.NettyRequestSender - Using open Channel [id: 0x7c68b8df, L:/127.0.0.1:64390 - R:localhost/127.0.0.1:10889] for GET '/session/14f61660-7bcc-4279-b6a3-7163a94e0626/element/fc95b247-2848-4a61-97b3-02ce0f5798ab/text'
15:50:17.167 [AsyncHttpClient-3-1] DEBUG o.a.netty.handler.HttpHandler - 

Request DefaultFullHttpRequest(decodeResult: success, version: HTTP/1.1, content: EmptyByteBufBE)
GET /session/14f61660-7bcc-4279-b6a3-7163a94e0626/element/fc95b247-2848-4a61-97b3-02ce0f5798ab/text HTTP/1.1
User-Agent: selenium/4.0.0-alpha-5 (java windows)
Cache-Control: no-cache
host: localhost:10889
accept: */*

Response DefaultHttpResponse(decodeResult: success, version: HTTP/1.1)
HTTP/1.1 200 OK
content-type: application/json; charset=utf-8
cache-control: no-cache
content-length: 45
date: Thu, 25 Jun 2020 12:50:17 GMT

15:50:17.168 [AsyncHttpClient-3-1] DEBUG o.a.netty.channel.ChannelManager - Adding key: http://localhost:10889 for channel [id: 0x7c68b8df, L:/127.0.0.1:64390 - R:localhost/127.0.0.1:10889]
15:50:17.168 [Forwarding findChildElement on session 14f61660-7bcc-4279-b6a3-7163a94e0626 to remote] DEBUG o.a.netty.request.NettyRequestSender - Using pooled Channel '[id: 0x7c68b8df, L:/127.0.0.1:64390 - R:localhost/127.0.0.1:10889]' for 'POST' to 'http://localhost:10889/session/14f61660-7bcc-4279-b6a3-7163a94e0626/element/bdd7be8b-d940-4afe-acc8-917c058c0f59/element'
15:50:17.168 [Forwarding findChildElement on session 14f61660-7bcc-4279-b6a3-7163a94e0626 to remote] DEBUG o.a.netty.request.NettyRequestSender - Using open Channel [id: 0x7c68b8df, L:/127.0.0.1:64390 - R:localhost/127.0.0.1:10889] for POST '/session/14f61660-7bcc-4279-b6a3-7163a94e0626/element/bdd7be8b-d940-4afe-acc8-917c058c0f59/element'
15:50:17.172 [AsyncHttpClient-3-1] DEBUG o.a.netty.handler.HttpHandler - 

Request DefaultHttpRequest(decodeResult: success, version: HTTP/1.1)
POST /session/14f61660-7bcc-4279-b6a3-7163a94e0626/element/bdd7be8b-d940-4afe-acc8-917c058c0f59/element HTTP/1.1
User-Agent: selenium/4.0.0-alpha-5 (java windows)
Content-Length: 103
Content-Type: application/json; charset=utf-8
host: localhost:10889
accept: */*

Response DefaultHttpResponse(decodeResult: success, version: HTTP/1.1)
HTTP/1.1 200 OK
content-type: application/json; charset=utf-8
cache-control: no-cache
content-length: 88
date: Thu, 25 Jun 2020 12:50:17 GMT

15:50:17.172 [AsyncHttpClient-3-1] DEBUG o.a.netty.channel.ChannelManager - Adding key: http://localhost:10889 for channel [id: 0x7c68b8df, L:/127.0.0.1:64390 - R:localhost/127.0.0.1:10889]
15:50:17.172 [Forwarding getElementText on session 14f61660-7bcc-4279-b6a3-7163a94e0626 to remote] DEBUG o.a.netty.request.NettyRequestSender - Using pooled Channel '[id: 0x7c68b8df, L:/127.0.0.1:64390 - R:localhost/127.0.0.1:10889]' for 'GET' to 'http://localhost:10889/session/14f61660-7bcc-4279-b6a3-7163a94e0626/element/94e73a78-a66e-473a-85c2-cd4150effa03/text'
15:50:17.172 [Forwarding getElementText on session 14f61660-7bcc-4279-b6a3-7163a94e0626 to remote] DEBUG o.a.netty.request.NettyRequestSender - Using open Channel [id: 0x7c68b8df, L:/127.0.0.1:64390 - R:localhost/127.0.0.1:10889] for GET '/session/14f61660-7bcc-4279-b6a3-7163a94e0626/element/94e73a78-a66e-473a-85c2-cd4150effa03/text'
15:50:17.179 [AsyncHttpClient-3-1] DEBUG o.a.netty.handler.HttpHandler - 

Request DefaultFullHttpRequest(decodeResult: success, version: HTTP/1.1, content: EmptyByteBufBE)
GET /session/14f61660-7bcc-4279-b6a3-7163a94e0626/element/94e73a78-a66e-473a-85c2-cd4150effa03/text HTTP/1.1
User-Agent: selenium/4.0.0-alpha-5 (java windows)
Cache-Control: no-cache
host: localhost:10889
accept: */*

Response DefaultHttpResponse(decodeResult: success, version: HTTP/1.1)
HTTP/1.1 200 OK
content-type: application/json; charset=utf-8
cache-control: no-cache
content-length: 57
date: Thu, 25 Jun 2020 12:50:17 GMT

15:50:17.179 [AsyncHttpClient-3-1] DEBUG o.a.netty.channel.ChannelManager - Adding key: http://localhost:10889 for channel [id: 0x7c68b8df, L:/127.0.0.1:64390 - R:localhost/127.0.0.1:10889]
15:50:17.179 [Forwarding findChildElement on session 14f61660-7bcc-4279-b6a3-7163a94e0626 to remote] DEBUG o.a.netty.request.NettyRequestSender - Using pooled Channel '[id: 0x7c68b8df, L:/127.0.0.1:64390 - R:localhost/127.0.0.1:10889]' for 'POST' to 'http://localhost:10889/session/14f61660-7bcc-4279-b6a3-7163a94e0626/element/bdd7be8b-d940-4afe-acc8-917c058c0f59/element'
15:50:17.179 [Forwarding findChildElement on session 14f61660-7bcc-4279-b6a3-7163a94e0626 to remote] DEBUG o.a.netty.request.NettyRequestSender - Using open Channel [id: 0x7c68b8df, L:/127.0.0.1:64390 - R:localhost/127.0.0.1:10889] for POST '/session/14f61660-7bcc-4279-b6a3-7163a94e0626/element/bdd7be8b-d940-4afe-acc8-917c058c0f59/element'
15:50:17.183 [AsyncHttpClient-3-1] DEBUG o.a.netty.handler.HttpHandler - 

Request DefaultHttpRequest(decodeResult: success, version: HTTP/1.1)
POST /session/14f61660-7bcc-4279-b6a3-7163a94e0626/element/bdd7be8b-d940-4afe-acc8-917c058c0f59/element HTTP/1.1
User-Agent: selenium/4.0.0-alpha-5 (java windows)
Content-Length: 97
Content-Type: application/json; charset=utf-8
host: localhost:10889
accept: */*

Response DefaultHttpResponse(decodeResult: success, version: HTTP/1.1)
HTTP/1.1 200 OK
content-type: application/json; charset=utf-8
cache-control: no-cache
content-length: 88
date: Thu, 25 Jun 2020 12:50:17 GMT

15:50:17.183 [AsyncHttpClient-3-1] DEBUG o.a.netty.channel.ChannelManager - Adding key: http://localhost:10889 for channel [id: 0x7c68b8df, L:/127.0.0.1:64390 - R:localhost/127.0.0.1:10889]
15:50:17.185 [Forwarding getElementAttribute on session 14f61660-7bcc-4279-b6a3-7163a94e0626 to remote] DEBUG o.a.netty.request.NettyRequestSender - Using pooled Channel '[id: 0x7c68b8df, L:/127.0.0.1:64390 - R:localhost/127.0.0.1:10889]' for 'POST' to 'http://localhost:10889/session/14f61660-7bcc-4279-b6a3-7163a94e0626/execute/sync'
15:50:17.185 [Forwarding getElementAttribute on session 14f61660-7bcc-4279-b6a3-7163a94e0626 to remote] DEBUG o.a.netty.request.NettyRequestSender - Using open Channel [id: 0x7c68b8df, L:/127.0.0.1:64390 - R:localhost/127.0.0.1:10889] for POST '/session/14f61660-7bcc-4279-b6a3-7163a94e0626/execute/sync'
15:50:17.197 [AsyncHttpClient-3-1] DEBUG o.a.netty.handler.HttpHandler - 

Request DefaultHttpRequest(decodeResult: success, version: HTTP/1.1)
POST /session/14f61660-7bcc-4279-b6a3-7163a94e0626/execute/sync HTTP/1.1
User-Agent: selenium/4.0.0-alpha-5 (java windows)
Content-Length: 39635
Content-Type: application/json; charset=utf-8
host: localhost:10889
accept: */*

Response DefaultHttpResponse(decodeResult: success, version: HTTP/1.1)
HTTP/1.1 200 OK
content-type: application/json; charset=utf-8
cache-control: no-cache
content-length: 15
date: Thu, 25 Jun 2020 12:50:17 GMT

15:50:17.197 [AsyncHttpClient-3-1] DEBUG o.a.netty.channel.ChannelManager - Adding key: http://localhost:10889 for channel [id: 0x7c68b8df, L:/127.0.0.1:64390 - R:localhost/127.0.0.1:10889]
15:50:17.198 [Forwarding findChildElement on session 14f61660-7bcc-4279-b6a3-7163a94e0626 to remote] DEBUG o.a.netty.request.NettyRequestSender - Using pooled Channel '[id: 0x7c68b8df, L:/127.0.0.1:64390 - R:localhost/127.0.0.1:10889]' for 'POST' to 'http://localhost:10889/session/14f61660-7bcc-4279-b6a3-7163a94e0626/element/c5ad11a2-eb77-4ec3-b724-779e7890ae54/element'
15:50:17.198 [Forwarding findChildElement on session 14f61660-7bcc-4279-b6a3-7163a94e0626 to remote] DEBUG o.a.netty.request.NettyRequestSender - Using open Channel [id: 0x7c68b8df, L:/127.0.0.1:64390 - R:localhost/127.0.0.1:10889] for POST '/session/14f61660-7bcc-4279-b6a3-7163a94e0626/element/c5ad11a2-eb77-4ec3-b724-779e7890ae54/element'
15:50:17.201 [AsyncHttpClient-3-1] DEBUG o.a.netty.handler.HttpHandler - 

Request DefaultHttpRequest(decodeResult: success, version: HTTP/1.1)
POST /session/14f61660-7bcc-4279-b6a3-7163a94e0626/element/c5ad11a2-eb77-4ec3-b724-779e7890ae54/element HTTP/1.1
User-Agent: selenium/4.0.0-alpha-5 (java windows)
Content-Length: 103
Content-Type: application/json; charset=utf-8
host: localhost:10889
accept: */*

Response DefaultHttpResponse(decodeResult: success, version: HTTP/1.1)
HTTP/1.1 200 OK
content-type: application/json; charset=utf-8
cache-control: no-cache
content-length: 88
date: Thu, 25 Jun 2020 12:50:17 GMT

15:50:17.201 [AsyncHttpClient-3-1] DEBUG o.a.netty.channel.ChannelManager - Adding key: http://localhost:10889 for channel [id: 0x7c68b8df, L:/127.0.0.1:64390 - R:localhost/127.0.0.1:10889]
15:50:17.202 [Forwarding getElementText on session 14f61660-7bcc-4279-b6a3-7163a94e0626 to remote] DEBUG o.a.netty.request.NettyRequestSender - Using pooled Channel '[id: 0x7c68b8df, L:/127.0.0.1:64390 - R:localhost/127.0.0.1:10889]' for 'GET' to 'http://localhost:10889/session/14f61660-7bcc-4279-b6a3-7163a94e0626/element/f8a04358-742a-4b0e-a9ec-87fdbe6c0b0b/text'
15:50:17.202 [Forwarding getElementText on session 14f61660-7bcc-4279-b6a3-7163a94e0626 to remote] DEBUG o.a.netty.request.NettyRequestSender - Using open Channel [id: 0x7c68b8df, L:/127.0.0.1:64390 - R:localhost/127.0.0.1:10889] for GET '/session/14f61660-7bcc-4279-b6a3-7163a94e0626/element/f8a04358-742a-4b0e-a9ec-87fdbe6c0b0b/text'
15:50:17.206 [AsyncHttpClient-3-1] DEBUG o.a.netty.handler.HttpHandler - 

Request DefaultFullHttpRequest(decodeResult: success, version: HTTP/1.1, content: EmptyByteBufBE)
GET /session/14f61660-7bcc-4279-b6a3-7163a94e0626/element/f8a04358-742a-4b0e-a9ec-87fdbe6c0b0b/text HTTP/1.1
User-Agent: selenium/4.0.0-alpha-5 (java windows)
Cache-Control: no-cache
host: localhost:10889
accept: */*

Response DefaultHttpResponse(decodeResult: success, version: HTTP/1.1)
HTTP/1.1 200 OK
content-type: application/json; charset=utf-8
cache-control: no-cache
content-length: 18
date: Thu, 25 Jun 2020 12:50:17 GMT

15:50:17.206 [AsyncHttpClient-3-1] DEBUG o.a.netty.channel.ChannelManager - Adding key: http://localhost:10889 for channel [id: 0x7c68b8df, L:/127.0.0.1:64390 - R:localhost/127.0.0.1:10889]
15:50:17.207 [Forwarding findChildElement on session 14f61660-7bcc-4279-b6a3-7163a94e0626 to remote] DEBUG o.a.netty.request.NettyRequestSender - Using pooled Channel '[id: 0x7c68b8df, L:/127.0.0.1:64390 - R:localhost/127.0.0.1:10889]' for 'POST' to 'http://localhost:10889/session/14f61660-7bcc-4279-b6a3-7163a94e0626/element/c5ad11a2-eb77-4ec3-b724-779e7890ae54/element'
15:50:17.207 [Forwarding findChildElement on session 14f61660-7bcc-4279-b6a3-7163a94e0626 to remote] DEBUG o.a.netty.request.NettyRequestSender - Using open Channel [id: 0x7c68b8df, L:/127.0.0.1:64390 - R:localhost/127.0.0.1:10889] for POST '/session/14f61660-7bcc-4279-b6a3-7163a94e0626/element/c5ad11a2-eb77-4ec3-b724-779e7890ae54/element'
15:50:17.211 [AsyncHttpClient-3-1] DEBUG o.a.netty.handler.HttpHandler - 

Request DefaultHttpRequest(decodeResult: success, version: HTTP/1.1)
POST /session/14f61660-7bcc-4279-b6a3-7163a94e0626/element/c5ad11a2-eb77-4ec3-b724-779e7890ae54/element HTTP/1.1
User-Agent: selenium/4.0.0-alpha-5 (java windows)
Content-Length: 103
Content-Type: application/json; charset=utf-8
host: localhost:10889
accept: */*

Response DefaultHttpResponse(decodeResult: success, version: HTTP/1.1)
HTTP/1.1 200 OK
content-type: application/json; charset=utf-8
cache-control: no-cache
content-length: 88
date: Thu, 25 Jun 2020 12:50:17 GMT

15:50:17.211 [AsyncHttpClient-3-1] DEBUG o.a.netty.channel.ChannelManager - Adding key: http://localhost:10889 for channel [id: 0x7c68b8df, L:/127.0.0.1:64390 - R:localhost/127.0.0.1:10889]
15:50:17.211 [Forwarding getElementText on session 14f61660-7bcc-4279-b6a3-7163a94e0626 to remote] DEBUG o.a.netty.request.NettyRequestSender - Using pooled Channel '[id: 0x7c68b8df, L:/127.0.0.1:64390 - R:localhost/127.0.0.1:10889]' for 'GET' to 'http://localhost:10889/session/14f61660-7bcc-4279-b6a3-7163a94e0626/element/832a36ca-98d9-46bb-99e6-6a14455aa842/text'
15:50:17.211 [Forwarding getElementText on session 14f61660-7bcc-4279-b6a3-7163a94e0626 to remote] DEBUG o.a.netty.request.NettyRequestSender - Using open Channel [id: 0x7c68b8df, L:/127.0.0.1:64390 - R:localhost/127.0.0.1:10889] for GET '/session/14f61660-7bcc-4279-b6a3-7163a94e0626/element/832a36ca-98d9-46bb-99e6-6a14455aa842/text'
15:50:17.216 [AsyncHttpClient-3-1] DEBUG o.a.netty.handler.HttpHandler - 

Request DefaultFullHttpRequest(decodeResult: success, version: HTTP/1.1, content: EmptyByteBufBE)
GET /session/14f61660-7bcc-4279-b6a3-7163a94e0626/element/832a36ca-98d9-46bb-99e6-6a14455aa842/text HTTP/1.1
User-Agent: selenium/4.0.0-alpha-5 (java windows)
Cache-Control: no-cache
host: localhost:10889
accept: */*

Response DefaultHttpResponse(decodeResult: success, version: HTTP/1.1)
HTTP/1.1 200 OK
content-type: application/json; charset=utf-8
cache-control: no-cache
content-length: 22
date: Thu, 25 Jun 2020 12:50:17 GMT

15:50:17.216 [AsyncHttpClient-3-1] DEBUG o.a.netty.channel.ChannelManager - Adding key: http://localhost:10889 for channel [id: 0x7c68b8df, L:/127.0.0.1:64390 - R:localhost/127.0.0.1:10889]
15:50:17.216 [Forwarding findChildElement on session 14f61660-7bcc-4279-b6a3-7163a94e0626 to remote] DEBUG o.a.netty.request.NettyRequestSender - Using pooled Channel '[id: 0x7c68b8df, L:/127.0.0.1:64390 - R:localhost/127.0.0.1:10889]' for 'POST' to 'http://localhost:10889/session/14f61660-7bcc-4279-b6a3-7163a94e0626/element/c5ad11a2-eb77-4ec3-b724-779e7890ae54/element'
15:50:17.216 [Forwarding findChildElement on session 14f61660-7bcc-4279-b6a3-7163a94e0626 to remote] DEBUG o.a.netty.request.NettyRequestSender - Using open Channel [id: 0x7c68b8df, L:/127.0.0.1:64390 - R:localhost/127.0.0.1:10889] for POST '/session/14f61660-7bcc-4279-b6a3-7163a94e0626/element/c5ad11a2-eb77-4ec3-b724-779e7890ae54/element'
15:50:17.220 [AsyncHttpClient-3-1] DEBUG o.a.netty.handler.HttpHandler - 

Request DefaultHttpRequest(decodeResult: success, version: HTTP/1.1)
POST /session/14f61660-7bcc-4279-b6a3-7163a94e0626/element/c5ad11a2-eb77-4ec3-b724-779e7890ae54/element HTTP/1.1
User-Agent: selenium/4.0.0-alpha-5 (java windows)
Content-Length: 103
Content-Type: application/json; charset=utf-8
host: localhost:10889
accept: */*

Response DefaultHttpResponse(decodeResult: success, version: HTTP/1.1)
HTTP/1.1 200 OK
content-type: application/json; charset=utf-8
cache-control: no-cache
content-length: 88
date: Thu, 25 Jun 2020 12:50:17 GMT

15:50:17.220 [AsyncHttpClient-3-1] DEBUG o.a.netty.channel.ChannelManager - Adding key: http://localhost:10889 for channel [id: 0x7c68b8df, L:/127.0.0.1:64390 - R:localhost/127.0.0.1:10889]
15:50:17.220 [Forwarding getElementText on session 14f61660-7bcc-4279-b6a3-7163a94e0626 to remote] DEBUG o.a.netty.request.NettyRequestSender - Using pooled Channel '[id: 0x7c68b8df, L:/127.0.0.1:64390 - R:localhost/127.0.0.1:10889]' for 'GET' to 'http://localhost:10889/session/14f61660-7bcc-4279-b6a3-7163a94e0626/element/8259c90a-5589-4fc3-b176-ab50253c88e5/text'
15:50:17.220 [Forwarding getElementText on session 14f61660-7bcc-4279-b6a3-7163a94e0626 to remote] DEBUG o.a.netty.request.NettyRequestSender - Using open Channel [id: 0x7c68b8df, L:/127.0.0.1:64390 - R:localhost/127.0.0.1:10889] for GET '/session/14f61660-7bcc-4279-b6a3-7163a94e0626/element/8259c90a-5589-4fc3-b176-ab50253c88e5/text'
15:50:17.225 [AsyncHttpClient-3-1] DEBUG o.a.netty.handler.HttpHandler - 

Request DefaultFullHttpRequest(decodeResult: success, version: HTTP/1.1, content: EmptyByteBufBE)
GET /session/14f61660-7bcc-4279-b6a3-7163a94e0626/element/8259c90a-5589-4fc3-b176-ab50253c88e5/text HTTP/1.1
User-Agent: selenium/4.0.0-alpha-5 (java windows)
Cache-Control: no-cache
host: localhost:10889
accept: */*

Response DefaultHttpResponse(decodeResult: success, version: HTTP/1.1)
HTTP/1.1 200 OK
content-type: application/json; charset=utf-8
cache-control: no-cache
content-length: 21
date: Thu, 25 Jun 2020 12:50:17 GMT

15:50:17.225 [AsyncHttpClient-3-1] DEBUG o.a.netty.channel.ChannelManager - Adding key: http://localhost:10889 for channel [id: 0x7c68b8df, L:/127.0.0.1:64390 - R:localhost/127.0.0.1:10889]
15:50:17.225 [Forwarding findChildElement on session 14f61660-7bcc-4279-b6a3-7163a94e0626 to remote] DEBUG o.a.netty.request.NettyRequestSender - Using pooled Channel '[id: 0x7c68b8df, L:/127.0.0.1:64390 - R:localhost/127.0.0.1:10889]' for 'POST' to 'http://localhost:10889/session/14f61660-7bcc-4279-b6a3-7163a94e0626/element/c5ad11a2-eb77-4ec3-b724-779e7890ae54/element'
15:50:17.226 [Forwarding findChildElement on session 14f61660-7bcc-4279-b6a3-7163a94e0626 to remote] DEBUG o.a.netty.request.NettyRequestSender - Using open Channel [id: 0x7c68b8df, L:/127.0.0.1:64390 - R:localhost/127.0.0.1:10889] for POST '/session/14f61660-7bcc-4279-b6a3-7163a94e0626/element/c5ad11a2-eb77-4ec3-b724-779e7890ae54/element'
15:50:17.229 [AsyncHttpClient-3-1] DEBUG o.a.netty.handler.HttpHandler - 

Request DefaultHttpRequest(decodeResult: success, version: HTTP/1.1)
POST /session/14f61660-7bcc-4279-b6a3-7163a94e0626/element/c5ad11a2-eb77-4ec3-b724-779e7890ae54/element HTTP/1.1
User-Agent: selenium/4.0.0-alpha-5 (java windows)
Content-Length: 103
Content-Type: application/json; charset=utf-8
host: localhost:10889
accept: */*

Response DefaultHttpResponse(decodeResult: success, version: HTTP/1.1)
HTTP/1.1 200 OK
content-type: application/json; charset=utf-8
cache-control: no-cache
content-length: 88
date: Thu, 25 Jun 2020 12:50:17 GMT

15:50:17.229 [AsyncHttpClient-3-1] DEBUG o.a.netty.channel.ChannelManager - Adding key: http://localhost:10889 for channel [id: 0x7c68b8df, L:/127.0.0.1:64390 - R:localhost/127.0.0.1:10889]
15:50:17.229 [Forwarding getElementText on session 14f61660-7bcc-4279-b6a3-7163a94e0626 to remote] DEBUG o.a.netty.request.NettyRequestSender - Using pooled Channel '[id: 0x7c68b8df, L:/127.0.0.1:64390 - R:localhost/127.0.0.1:10889]' for 'GET' to 'http://localhost:10889/session/14f61660-7bcc-4279-b6a3-7163a94e0626/element/1cfcaa12-3bcd-451c-af8b-bc4350b3bf38/text'
15:50:17.229 [Forwarding getElementText on session 14f61660-7bcc-4279-b6a3-7163a94e0626 to remote] DEBUG o.a.netty.request.NettyRequestSender - Using open Channel [id: 0x7c68b8df, L:/127.0.0.1:64390 - R:localhost/127.0.0.1:10889] for GET '/session/14f61660-7bcc-4279-b6a3-7163a94e0626/element/1cfcaa12-3bcd-451c-af8b-bc4350b3bf38/text'
15:50:17.233 [AsyncHttpClient-3-1] DEBUG o.a.netty.handler.HttpHandler - 

Request DefaultFullHttpRequest(decodeResult: success, version: HTTP/1.1, content: EmptyByteBufBE)
GET /session/14f61660-7bcc-4279-b6a3-7163a94e0626/element/1cfcaa12-3bcd-451c-af8b-bc4350b3bf38/text HTTP/1.1
User-Agent: selenium/4.0.0-alpha-5 (java windows)
Cache-Control: no-cache
host: localhost:10889
accept: */*

Response DefaultHttpResponse(decodeResult: success, version: HTTP/1.1)
HTTP/1.1 200 OK
content-type: application/json; charset=utf-8
cache-control: no-cache
content-length: 45
date: Thu, 25 Jun 2020 12:50:17 GMT

15:50:17.233 [AsyncHttpClient-3-1] DEBUG o.a.netty.channel.ChannelManager - Adding key: http://localhost:10889 for channel [id: 0x7c68b8df, L:/127.0.0.1:64390 - R:localhost/127.0.0.1:10889]
15:50:17.234 [Forwarding findChildElement on session 14f61660-7bcc-4279-b6a3-7163a94e0626 to remote] DEBUG o.a.netty.request.NettyRequestSender - Using pooled Channel '[id: 0x7c68b8df, L:/127.0.0.1:64390 - R:localhost/127.0.0.1:10889]' for 'POST' to 'http://localhost:10889/session/14f61660-7bcc-4279-b6a3-7163a94e0626/element/c5ad11a2-eb77-4ec3-b724-779e7890ae54/element'
15:50:17.234 [Forwarding findChildElement on session 14f61660-7bcc-4279-b6a3-7163a94e0626 to remote] DEBUG o.a.netty.request.NettyRequestSender - Using open Channel [id: 0x7c68b8df, L:/127.0.0.1:64390 - R:localhost/127.0.0.1:10889] for POST '/session/14f61660-7bcc-4279-b6a3-7163a94e0626/element/c5ad11a2-eb77-4ec3-b724-779e7890ae54/element'
15:50:17.237 [AsyncHttpClient-3-1] DEBUG o.a.netty.handler.HttpHandler - 

Request DefaultHttpRequest(decodeResult: success, version: HTTP/1.1)
POST /session/14f61660-7bcc-4279-b6a3-7163a94e0626/element/c5ad11a2-eb77-4ec3-b724-779e7890ae54/element HTTP/1.1
User-Agent: selenium/4.0.0-alpha-5 (java windows)
Content-Length: 103
Content-Type: application/json; charset=utf-8
host: localhost:10889
accept: */*

Response DefaultHttpResponse(decodeResult: success, version: HTTP/1.1)
HTTP/1.1 200 OK
content-type: application/json; charset=utf-8
cache-control: no-cache
content-length: 88
date: Thu, 25 Jun 2020 12:50:17 GMT

15:50:17.237 [AsyncHttpClient-3-1] DEBUG o.a.netty.channel.ChannelManager - Adding key: http://localhost:10889 for channel [id: 0x7c68b8df, L:/127.0.0.1:64390 - R:localhost/127.0.0.1:10889]
15:50:17.238 [Forwarding getElementText on session 14f61660-7bcc-4279-b6a3-7163a94e0626 to remote] DEBUG o.a.netty.request.NettyRequestSender - Using pooled Channel '[id: 0x7c68b8df, L:/127.0.0.1:64390 - R:localhost/127.0.0.1:10889]' for 'GET' to 'http://localhost:10889/session/14f61660-7bcc-4279-b6a3-7163a94e0626/element/114e1d59-8446-4c27-8a74-2f3fa989f76c/text'
15:50:17.238 [Forwarding getElementText on session 14f61660-7bcc-4279-b6a3-7163a94e0626 to remote] DEBUG o.a.netty.request.NettyRequestSender - Using open Channel [id: 0x7c68b8df, L:/127.0.0.1:64390 - R:localhost/127.0.0.1:10889] for GET '/session/14f61660-7bcc-4279-b6a3-7163a94e0626/element/114e1d59-8446-4c27-8a74-2f3fa989f76c/text'
15:50:17.245 [AsyncHttpClient-3-1] DEBUG o.a.netty.handler.HttpHandler - 

Request DefaultFullHttpRequest(decodeResult: success, version: HTTP/1.1, content: EmptyByteBufBE)
GET /session/14f61660-7bcc-4279-b6a3-7163a94e0626/element/114e1d59-8446-4c27-8a74-2f3fa989f76c/text HTTP/1.1
User-Agent: selenium/4.0.0-alpha-5 (java windows)
Cache-Control: no-cache
host: localhost:10889
accept: */*

Response DefaultHttpResponse(decodeResult: success, version: HTTP/1.1)
HTTP/1.1 200 OK
content-type: application/json; charset=utf-8
cache-control: no-cache
content-length: 57
date: Thu, 25 Jun 2020 12:50:17 GMT

15:50:17.246 [AsyncHttpClient-3-1] DEBUG o.a.netty.channel.ChannelManager - Adding key: http://localhost:10889 for channel [id: 0x7c68b8df, L:/127.0.0.1:64390 - R:localhost/127.0.0.1:10889]
15:50:17.246 [Forwarding findChildElement on session 14f61660-7bcc-4279-b6a3-7163a94e0626 to remote] DEBUG o.a.netty.request.NettyRequestSender - Using pooled Channel '[id: 0x7c68b8df, L:/127.0.0.1:64390 - R:localhost/127.0.0.1:10889]' for 'POST' to 'http://localhost:10889/session/14f61660-7bcc-4279-b6a3-7163a94e0626/element/c5ad11a2-eb77-4ec3-b724-779e7890ae54/element'
15:50:17.247 [Forwarding findChildElement on session 14f61660-7bcc-4279-b6a3-7163a94e0626 to remote] DEBUG o.a.netty.request.NettyRequestSender - Using open Channel [id: 0x7c68b8df, L:/127.0.0.1:64390 - R:localhost/127.0.0.1:10889] for POST '/session/14f61660-7bcc-4279-b6a3-7163a94e0626/element/c5ad11a2-eb77-4ec3-b724-779e7890ae54/element'
15:50:17.251 [AsyncHttpClient-3-1] DEBUG o.a.netty.handler.HttpHandler - 

Request DefaultHttpRequest(decodeResult: success, version: HTTP/1.1)
POST /session/14f61660-7bcc-4279-b6a3-7163a94e0626/element/c5ad11a2-eb77-4ec3-b724-779e7890ae54/element HTTP/1.1
User-Agent: selenium/4.0.0-alpha-5 (java windows)
Content-Length: 97
Content-Type: application/json; charset=utf-8
host: localhost:10889
accept: */*

Response DefaultHttpResponse(decodeResult: success, version: HTTP/1.1)
HTTP/1.1 200 OK
content-type: application/json; charset=utf-8
cache-control: no-cache
content-length: 88
date: Thu, 25 Jun 2020 12:50:17 GMT

15:50:17.251 [AsyncHttpClient-3-1] DEBUG o.a.netty.channel.ChannelManager - Adding key: http://localhost:10889 for channel [id: 0x7c68b8df, L:/127.0.0.1:64390 - R:localhost/127.0.0.1:10889]
15:50:17.254 [Forwarding getElementAttribute on session 14f61660-7bcc-4279-b6a3-7163a94e0626 to remote] DEBUG o.a.netty.request.NettyRequestSender - Using pooled Channel '[id: 0x7c68b8df, L:/127.0.0.1:64390 - R:localhost/127.0.0.1:10889]' for 'POST' to 'http://localhost:10889/session/14f61660-7bcc-4279-b6a3-7163a94e0626/execute/sync'
15:50:17.254 [Forwarding getElementAttribute on session 14f61660-7bcc-4279-b6a3-7163a94e0626 to remote] DEBUG o.a.netty.request.NettyRequestSender - Using open Channel [id: 0x7c68b8df, L:/127.0.0.1:64390 - R:localhost/127.0.0.1:10889] for POST '/session/14f61660-7bcc-4279-b6a3-7163a94e0626/execute/sync'
15:50:17.267 [AsyncHttpClient-3-1] DEBUG o.a.netty.handler.HttpHandler - 

Request DefaultHttpRequest(decodeResult: success, version: HTTP/1.1)
POST /session/14f61660-7bcc-4279-b6a3-7163a94e0626/execute/sync HTTP/1.1
User-Agent: selenium/4.0.0-alpha-5 (java windows)
Content-Length: 39635
Content-Type: application/json; charset=utf-8
host: localhost:10889
accept: */*

Response DefaultHttpResponse(decodeResult: success, version: HTTP/1.1)
HTTP/1.1 200 OK
content-type: application/json; charset=utf-8
cache-control: no-cache
content-length: 15
date: Thu, 25 Jun 2020 12:50:17 GMT

15:50:17.267 [AsyncHttpClient-3-1] DEBUG o.a.netty.channel.ChannelManager - Adding key: http://localhost:10889 for channel [id: 0x7c68b8df, L:/127.0.0.1:64390 - R:localhost/127.0.0.1:10889]
15:50:17.268 [Forwarding findChildElement on session 14f61660-7bcc-4279-b6a3-7163a94e0626 to remote] DEBUG o.a.netty.request.NettyRequestSender - Using pooled Channel '[id: 0x7c68b8df, L:/127.0.0.1:64390 - R:localhost/127.0.0.1:10889]' for 'POST' to 'http://localhost:10889/session/14f61660-7bcc-4279-b6a3-7163a94e0626/element/c575ce5b-0dca-4cc2-8aa1-87495c8f3978/element'
15:50:17.268 [Forwarding findChildElement on session 14f61660-7bcc-4279-b6a3-7163a94e0626 to remote] DEBUG o.a.netty.request.NettyRequestSender - Using open Channel [id: 0x7c68b8df, L:/127.0.0.1:64390 - R:localhost/127.0.0.1:10889] for POST '/session/14f61660-7bcc-4279-b6a3-7163a94e0626/element/c575ce5b-0dca-4cc2-8aa1-87495c8f3978/element'
15:50:17.271 [AsyncHttpClient-3-1] DEBUG o.a.netty.handler.HttpHandler - 

Request DefaultHttpRequest(decodeResult: success, version: HTTP/1.1)
POST /session/14f61660-7bcc-4279-b6a3-7163a94e0626/element/c575ce5b-0dca-4cc2-8aa1-87495c8f3978/element HTTP/1.1
User-Agent: selenium/4.0.0-alpha-5 (java windows)
Content-Length: 103
Content-Type: application/json; charset=utf-8
host: localhost:10889
accept: */*

Response DefaultHttpResponse(decodeResult: success, version: HTTP/1.1)
HTTP/1.1 200 OK
content-type: application/json; charset=utf-8
cache-control: no-cache
content-length: 88
date: Thu, 25 Jun 2020 12:50:17 GMT

15:50:17.271 [AsyncHttpClient-3-1] DEBUG o.a.netty.channel.ChannelManager - Adding key: http://localhost:10889 for channel [id: 0x7c68b8df, L:/127.0.0.1:64390 - R:localhost/127.0.0.1:10889]
15:50:17.272 [Forwarding getElementText on session 14f61660-7bcc-4279-b6a3-7163a94e0626 to remote] DEBUG o.a.netty.request.NettyRequestSender - Using pooled Channel '[id: 0x7c68b8df, L:/127.0.0.1:64390 - R:localhost/127.0.0.1:10889]' for 'GET' to 'http://localhost:10889/session/14f61660-7bcc-4279-b6a3-7163a94e0626/element/88802f3c-a9f8-402f-b339-e8031bc15b38/text'
15:50:17.272 [Forwarding getElementText on session 14f61660-7bcc-4279-b6a3-7163a94e0626 to remote] DEBUG o.a.netty.request.NettyRequestSender - Using open Channel [id: 0x7c68b8df, L:/127.0.0.1:64390 - R:localhost/127.0.0.1:10889] for GET '/session/14f61660-7bcc-4279-b6a3-7163a94e0626/element/88802f3c-a9f8-402f-b339-e8031bc15b38/text'
15:50:17.277 [AsyncHttpClient-3-1] DEBUG o.a.netty.handler.HttpHandler - 

Request DefaultFullHttpRequest(decodeResult: success, version: HTTP/1.1, content: EmptyByteBufBE)
GET /session/14f61660-7bcc-4279-b6a3-7163a94e0626/element/88802f3c-a9f8-402f-b339-e8031bc15b38/text HTTP/1.1
User-Agent: selenium/4.0.0-alpha-5 (java windows)
Cache-Control: no-cache
host: localhost:10889
accept: */*

Response DefaultHttpResponse(decodeResult: success, version: HTTP/1.1)
HTTP/1.1 200 OK
content-type: application/json; charset=utf-8
cache-control: no-cache
content-length: 18
date: Thu, 25 Jun 2020 12:50:17 GMT

15:50:17.277 [AsyncHttpClient-3-1] DEBUG o.a.netty.channel.ChannelManager - Adding key: http://localhost:10889 for channel [id: 0x7c68b8df, L:/127.0.0.1:64390 - R:localhost/127.0.0.1:10889]
15:50:17.278 [Forwarding findChildElement on session 14f61660-7bcc-4279-b6a3-7163a94e0626 to remote] DEBUG o.a.netty.request.NettyRequestSender - Using pooled Channel '[id: 0x7c68b8df, L:/127.0.0.1:64390 - R:localhost/127.0.0.1:10889]' for 'POST' to 'http://localhost:10889/session/14f61660-7bcc-4279-b6a3-7163a94e0626/element/c575ce5b-0dca-4cc2-8aa1-87495c8f3978/element'
15:50:17.278 [Forwarding findChildElement on session 14f61660-7bcc-4279-b6a3-7163a94e0626 to remote] DEBUG o.a.netty.request.NettyRequestSender - Using open Channel [id: 0x7c68b8df, L:/127.0.0.1:64390 - R:localhost/127.0.0.1:10889] for POST '/session/14f61660-7bcc-4279-b6a3-7163a94e0626/element/c575ce5b-0dca-4cc2-8aa1-87495c8f3978/element'
15:50:17.281 [AsyncHttpClient-3-1] DEBUG o.a.netty.handler.HttpHandler - 

Request DefaultHttpRequest(decodeResult: success, version: HTTP/1.1)
POST /session/14f61660-7bcc-4279-b6a3-7163a94e0626/element/c575ce5b-0dca-4cc2-8aa1-87495c8f3978/element HTTP/1.1
User-Agent: selenium/4.0.0-alpha-5 (java windows)
Content-Length: 103
Content-Type: application/json; charset=utf-8
host: localhost:10889
accept: */*

Response DefaultHttpResponse(decodeResult: success, version: HTTP/1.1)
HTTP/1.1 200 OK
content-type: application/json; charset=utf-8
cache-control: no-cache
content-length: 88
date: Thu, 25 Jun 2020 12:50:17 GMT

15:50:17.281 [AsyncHttpClient-3-1] DEBUG o.a.netty.channel.ChannelManager - Adding key: http://localhost:10889 for channel [id: 0x7c68b8df, L:/127.0.0.1:64390 - R:localhost/127.0.0.1:10889]
15:50:17.282 [Forwarding getElementText on session 14f61660-7bcc-4279-b6a3-7163a94e0626 to remote] DEBUG o.a.netty.request.NettyRequestSender - Using pooled Channel '[id: 0x7c68b8df, L:/127.0.0.1:64390 - R:localhost/127.0.0.1:10889]' for 'GET' to 'http://localhost:10889/session/14f61660-7bcc-4279-b6a3-7163a94e0626/element/3edb2764-85b5-4495-b4c9-a16b69538934/text'
15:50:17.282 [Forwarding getElementText on session 14f61660-7bcc-4279-b6a3-7163a94e0626 to remote] DEBUG o.a.netty.request.NettyRequestSender - Using open Channel [id: 0x7c68b8df, L:/127.0.0.1:64390 - R:localhost/127.0.0.1:10889] for GET '/session/14f61660-7bcc-4279-b6a3-7163a94e0626/element/3edb2764-85b5-4495-b4c9-a16b69538934/text'
15:50:17.286 [AsyncHttpClient-3-1] DEBUG o.a.netty.handler.HttpHandler - 

Request DefaultFullHttpRequest(decodeResult: success, version: HTTP/1.1, content: EmptyByteBufBE)
GET /session/14f61660-7bcc-4279-b6a3-7163a94e0626/element/3edb2764-85b5-4495-b4c9-a16b69538934/text HTTP/1.1
User-Agent: selenium/4.0.0-alpha-5 (java windows)
Cache-Control: no-cache
host: localhost:10889
accept: */*

Response DefaultHttpResponse(decodeResult: success, version: HTTP/1.1)
HTTP/1.1 200 OK
content-type: application/json; charset=utf-8
cache-control: no-cache
content-length: 22
date: Thu, 25 Jun 2020 12:50:17 GMT

15:50:17.287 [AsyncHttpClient-3-1] DEBUG o.a.netty.channel.ChannelManager - Adding key: http://localhost:10889 for channel [id: 0x7c68b8df, L:/127.0.0.1:64390 - R:localhost/127.0.0.1:10889]
15:50:17.287 [Forwarding findChildElement on session 14f61660-7bcc-4279-b6a3-7163a94e0626 to remote] DEBUG o.a.netty.request.NettyRequestSender - Using pooled Channel '[id: 0x7c68b8df, L:/127.0.0.1:64390 - R:localhost/127.0.0.1:10889]' for 'POST' to 'http://localhost:10889/session/14f61660-7bcc-4279-b6a3-7163a94e0626/element/c575ce5b-0dca-4cc2-8aa1-87495c8f3978/element'
15:50:17.287 [Forwarding findChildElement on session 14f61660-7bcc-4279-b6a3-7163a94e0626 to remote] DEBUG o.a.netty.request.NettyRequestSender - Using open Channel [id: 0x7c68b8df, L:/127.0.0.1:64390 - R:localhost/127.0.0.1:10889] for POST '/session/14f61660-7bcc-4279-b6a3-7163a94e0626/element/c575ce5b-0dca-4cc2-8aa1-87495c8f3978/element'
15:50:17.291 [AsyncHttpClient-3-1] DEBUG o.a.netty.handler.HttpHandler - 

Request DefaultHttpRequest(decodeResult: success, version: HTTP/1.1)
POST /session/14f61660-7bcc-4279-b6a3-7163a94e0626/element/c575ce5b-0dca-4cc2-8aa1-87495c8f3978/element HTTP/1.1
User-Agent: selenium/4.0.0-alpha-5 (java windows)
Content-Length: 103
Content-Type: application/json; charset=utf-8
host: localhost:10889
accept: */*

Response DefaultHttpResponse(decodeResult: success, version: HTTP/1.1)
HTTP/1.1 200 OK
content-type: application/json; charset=utf-8
cache-control: no-cache
content-length: 88
date: Thu, 25 Jun 2020 12:50:17 GMT

15:50:17.291 [AsyncHttpClient-3-1] DEBUG o.a.netty.channel.ChannelManager - Adding key: http://localhost:10889 for channel [id: 0x7c68b8df, L:/127.0.0.1:64390 - R:localhost/127.0.0.1:10889]
15:50:17.291 [Forwarding getElementText on session 14f61660-7bcc-4279-b6a3-7163a94e0626 to remote] DEBUG o.a.netty.request.NettyRequestSender - Using pooled Channel '[id: 0x7c68b8df, L:/127.0.0.1:64390 - R:localhost/127.0.0.1:10889]' for 'GET' to 'http://localhost:10889/session/14f61660-7bcc-4279-b6a3-7163a94e0626/element/3b002744-ac0d-4c98-96f2-3b1f794cb9b9/text'
15:50:17.291 [Forwarding getElementText on session 14f61660-7bcc-4279-b6a3-7163a94e0626 to remote] DEBUG o.a.netty.request.NettyRequestSender - Using open Channel [id: 0x7c68b8df, L:/127.0.0.1:64390 - R:localhost/127.0.0.1:10889] for GET '/session/14f61660-7bcc-4279-b6a3-7163a94e0626/element/3b002744-ac0d-4c98-96f2-3b1f794cb9b9/text'
15:50:17.295 [AsyncHttpClient-3-1] DEBUG o.a.netty.handler.HttpHandler - 

Request DefaultFullHttpRequest(decodeResult: success, version: HTTP/1.1, content: EmptyByteBufBE)
GET /session/14f61660-7bcc-4279-b6a3-7163a94e0626/element/3b002744-ac0d-4c98-96f2-3b1f794cb9b9/text HTTP/1.1
User-Agent: selenium/4.0.0-alpha-5 (java windows)
Cache-Control: no-cache
host: localhost:10889
accept: */*

Response DefaultHttpResponse(decodeResult: success, version: HTTP/1.1)
HTTP/1.1 200 OK
content-type: application/json; charset=utf-8
cache-control: no-cache
content-length: 21
date: Thu, 25 Jun 2020 12:50:17 GMT

15:50:17.295 [AsyncHttpClient-3-1] DEBUG o.a.netty.channel.ChannelManager - Adding key: http://localhost:10889 for channel [id: 0x7c68b8df, L:/127.0.0.1:64390 - R:localhost/127.0.0.1:10889]
15:50:17.296 [Forwarding findChildElement on session 14f61660-7bcc-4279-b6a3-7163a94e0626 to remote] DEBUG o.a.netty.request.NettyRequestSender - Using pooled Channel '[id: 0x7c68b8df, L:/127.0.0.1:64390 - R:localhost/127.0.0.1:10889]' for 'POST' to 'http://localhost:10889/session/14f61660-7bcc-4279-b6a3-7163a94e0626/element/c575ce5b-0dca-4cc2-8aa1-87495c8f3978/element'
15:50:17.296 [Forwarding findChildElement on session 14f61660-7bcc-4279-b6a3-7163a94e0626 to remote] DEBUG o.a.netty.request.NettyRequestSender - Using open Channel [id: 0x7c68b8df, L:/127.0.0.1:64390 - R:localhost/127.0.0.1:10889] for POST '/session/14f61660-7bcc-4279-b6a3-7163a94e0626/element/c575ce5b-0dca-4cc2-8aa1-87495c8f3978/element'
15:50:17.299 [AsyncHttpClient-3-1] DEBUG o.a.netty.handler.HttpHandler - 

Request DefaultHttpRequest(decodeResult: success, version: HTTP/1.1)
POST /session/14f61660-7bcc-4279-b6a3-7163a94e0626/element/c575ce5b-0dca-4cc2-8aa1-87495c8f3978/element HTTP/1.1
User-Agent: selenium/4.0.0-alpha-5 (java windows)
Content-Length: 103
Content-Type: application/json; charset=utf-8
host: localhost:10889
accept: */*

Response DefaultHttpResponse(decodeResult: success, version: HTTP/1.1)
HTTP/1.1 200 OK
content-type: application/json; charset=utf-8
cache-control: no-cache
content-length: 88
date: Thu, 25 Jun 2020 12:50:17 GMT

15:50:17.300 [AsyncHttpClient-3-1] DEBUG o.a.netty.channel.ChannelManager - Adding key: http://localhost:10889 for channel [id: 0x7c68b8df, L:/127.0.0.1:64390 - R:localhost/127.0.0.1:10889]
15:50:17.300 [Forwarding getElementText on session 14f61660-7bcc-4279-b6a3-7163a94e0626 to remote] DEBUG o.a.netty.request.NettyRequestSender - Using pooled Channel '[id: 0x7c68b8df, L:/127.0.0.1:64390 - R:localhost/127.0.0.1:10889]' for 'GET' to 'http://localhost:10889/session/14f61660-7bcc-4279-b6a3-7163a94e0626/element/a4fb22a6-22ec-47df-b094-0da962957fa5/text'
15:50:17.300 [Forwarding getElementText on session 14f61660-7bcc-4279-b6a3-7163a94e0626 to remote] DEBUG o.a.netty.request.NettyRequestSender - Using open Channel [id: 0x7c68b8df, L:/127.0.0.1:64390 - R:localhost/127.0.0.1:10889] for GET '/session/14f61660-7bcc-4279-b6a3-7163a94e0626/element/a4fb22a6-22ec-47df-b094-0da962957fa5/text'
15:50:17.304 [AsyncHttpClient-3-1] DEBUG o.a.netty.handler.HttpHandler - 

Request DefaultFullHttpRequest(decodeResult: success, version: HTTP/1.1, content: EmptyByteBufBE)
GET /session/14f61660-7bcc-4279-b6a3-7163a94e0626/element/a4fb22a6-22ec-47df-b094-0da962957fa5/text HTTP/1.1
User-Agent: selenium/4.0.0-alpha-5 (java windows)
Cache-Control: no-cache
host: localhost:10889
accept: */*

Response DefaultHttpResponse(decodeResult: success, version: HTTP/1.1)
HTTP/1.1 200 OK
content-type: application/json; charset=utf-8
cache-control: no-cache
content-length: 45
date: Thu, 25 Jun 2020 12:50:17 GMT

15:50:17.305 [AsyncHttpClient-3-1] DEBUG o.a.netty.channel.ChannelManager - Adding key: http://localhost:10889 for channel [id: 0x7c68b8df, L:/127.0.0.1:64390 - R:localhost/127.0.0.1:10889]
15:50:17.305 [Forwarding findChildElement on session 14f61660-7bcc-4279-b6a3-7163a94e0626 to remote] DEBUG o.a.netty.request.NettyRequestSender - Using pooled Channel '[id: 0x7c68b8df, L:/127.0.0.1:64390 - R:localhost/127.0.0.1:10889]' for 'POST' to 'http://localhost:10889/session/14f61660-7bcc-4279-b6a3-7163a94e0626/element/c575ce5b-0dca-4cc2-8aa1-87495c8f3978/element'
15:50:17.305 [Forwarding findChildElement on session 14f61660-7bcc-4279-b6a3-7163a94e0626 to remote] DEBUG o.a.netty.request.NettyRequestSender - Using open Channel [id: 0x7c68b8df, L:/127.0.0.1:64390 - R:localhost/127.0.0.1:10889] for POST '/session/14f61660-7bcc-4279-b6a3-7163a94e0626/element/c575ce5b-0dca-4cc2-8aa1-87495c8f3978/element'
15:50:17.308 [AsyncHttpClient-3-1] DEBUG o.a.netty.handler.HttpHandler - 

Request DefaultHttpRequest(decodeResult: success, version: HTTP/1.1)
POST /session/14f61660-7bcc-4279-b6a3-7163a94e0626/element/c575ce5b-0dca-4cc2-8aa1-87495c8f3978/element HTTP/1.1
User-Agent: selenium/4.0.0-alpha-5 (java windows)
Content-Length: 103
Content-Type: application/json; charset=utf-8
host: localhost:10889
accept: */*

Response DefaultHttpResponse(decodeResult: success, version: HTTP/1.1)
HTTP/1.1 200 OK
content-type: application/json; charset=utf-8
cache-control: no-cache
content-length: 88
date: Thu, 25 Jun 2020 12:50:17 GMT

15:50:17.308 [AsyncHttpClient-3-1] DEBUG o.a.netty.channel.ChannelManager - Adding key: http://localhost:10889 for channel [id: 0x7c68b8df, L:/127.0.0.1:64390 - R:localhost/127.0.0.1:10889]
15:50:17.309 [Forwarding getElementText on session 14f61660-7bcc-4279-b6a3-7163a94e0626 to remote] DEBUG o.a.netty.request.NettyRequestSender - Using pooled Channel '[id: 0x7c68b8df, L:/127.0.0.1:64390 - R:localhost/127.0.0.1:10889]' for 'GET' to 'http://localhost:10889/session/14f61660-7bcc-4279-b6a3-7163a94e0626/element/e66dce52-2ebb-4278-958e-a5b55c233702/text'
15:50:17.309 [Forwarding getElementText on session 14f61660-7bcc-4279-b6a3-7163a94e0626 to remote] DEBUG o.a.netty.request.NettyRequestSender - Using open Channel [id: 0x7c68b8df, L:/127.0.0.1:64390 - R:localhost/127.0.0.1:10889] for GET '/session/14f61660-7bcc-4279-b6a3-7163a94e0626/element/e66dce52-2ebb-4278-958e-a5b55c233702/text'
15:50:17.320 [AsyncHttpClient-3-1] DEBUG o.a.netty.handler.HttpHandler - 

Request DefaultFullHttpRequest(decodeResult: success, version: HTTP/1.1, content: EmptyByteBufBE)
GET /session/14f61660-7bcc-4279-b6a3-7163a94e0626/element/e66dce52-2ebb-4278-958e-a5b55c233702/text HTTP/1.1
User-Agent: selenium/4.0.0-alpha-5 (java windows)
Cache-Control: no-cache
host: localhost:10889
accept: */*

Response DefaultHttpResponse(decodeResult: success, version: HTTP/1.1)
HTTP/1.1 200 OK
content-type: application/json; charset=utf-8
cache-control: no-cache
content-length: 57
date: Thu, 25 Jun 2020 12:50:17 GMT

15:50:17.320 [AsyncHttpClient-3-1] DEBUG o.a.netty.channel.ChannelManager - Adding key: http://localhost:10889 for channel [id: 0x7c68b8df, L:/127.0.0.1:64390 - R:localhost/127.0.0.1:10889]
15:50:17.320 [Forwarding findChildElement on session 14f61660-7bcc-4279-b6a3-7163a94e0626 to remote] DEBUG o.a.netty.request.NettyRequestSender - Using pooled Channel '[id: 0x7c68b8df, L:/127.0.0.1:64390 - R:localhost/127.0.0.1:10889]' for 'POST' to 'http://localhost:10889/session/14f61660-7bcc-4279-b6a3-7163a94e0626/element/c575ce5b-0dca-4cc2-8aa1-87495c8f3978/element'
15:50:17.320 [Forwarding findChildElement on session 14f61660-7bcc-4279-b6a3-7163a94e0626 to remote] DEBUG o.a.netty.request.NettyRequestSender - Using open Channel [id: 0x7c68b8df, L:/127.0.0.1:64390 - R:localhost/127.0.0.1:10889] for POST '/session/14f61660-7bcc-4279-b6a3-7163a94e0626/element/c575ce5b-0dca-4cc2-8aa1-87495c8f3978/element'
15:50:17.324 [AsyncHttpClient-3-1] DEBUG o.a.netty.handler.HttpHandler - 

Request DefaultHttpRequest(decodeResult: success, version: HTTP/1.1)
POST /session/14f61660-7bcc-4279-b6a3-7163a94e0626/element/c575ce5b-0dca-4cc2-8aa1-87495c8f3978/element HTTP/1.1
User-Agent: selenium/4.0.0-alpha-5 (java windows)
Content-Length: 97
Content-Type: application/json; charset=utf-8
host: localhost:10889
accept: */*

Response DefaultHttpResponse(decodeResult: success, version: HTTP/1.1)
HTTP/1.1 200 OK
content-type: application/json; charset=utf-8
cache-control: no-cache
content-length: 88
date: Thu, 25 Jun 2020 12:50:17 GMT

15:50:17.324 [AsyncHttpClient-3-1] DEBUG o.a.netty.channel.ChannelManager - Adding key: http://localhost:10889 for channel [id: 0x7c68b8df, L:/127.0.0.1:64390 - R:localhost/127.0.0.1:10889]
15:50:17.327 [Forwarding getElementAttribute on session 14f61660-7bcc-4279-b6a3-7163a94e0626 to remote] DEBUG o.a.netty.request.NettyRequestSender - Using pooled Channel '[id: 0x7c68b8df, L:/127.0.0.1:64390 - R:localhost/127.0.0.1:10889]' for 'POST' to 'http://localhost:10889/session/14f61660-7bcc-4279-b6a3-7163a94e0626/execute/sync'
15:50:17.327 [Forwarding getElementAttribute on session 14f61660-7bcc-4279-b6a3-7163a94e0626 to remote] DEBUG o.a.netty.request.NettyRequestSender - Using open Channel [id: 0x7c68b8df, L:/127.0.0.1:64390 - R:localhost/127.0.0.1:10889] for POST '/session/14f61660-7bcc-4279-b6a3-7163a94e0626/execute/sync'
15:50:17.340 [AsyncHttpClient-3-1] DEBUG o.a.netty.handler.HttpHandler - 

Request DefaultHttpRequest(decodeResult: success, version: HTTP/1.1)
POST /session/14f61660-7bcc-4279-b6a3-7163a94e0626/execute/sync HTTP/1.1
User-Agent: selenium/4.0.0-alpha-5 (java windows)
Content-Length: 39635
Content-Type: application/json; charset=utf-8
host: localhost:10889
accept: */*

Response DefaultHttpResponse(decodeResult: success, version: HTTP/1.1)
HTTP/1.1 200 OK
content-type: application/json; charset=utf-8
cache-control: no-cache
content-length: 15
date: Thu, 25 Jun 2020 12:50:17 GMT

15:50:17.340 [AsyncHttpClient-3-1] DEBUG o.a.netty.channel.ChannelManager - Adding key: http://localhost:10889 for channel [id: 0x7c68b8df, L:/127.0.0.1:64390 - R:localhost/127.0.0.1:10889]
15:50:17.340 [Forwarding findChildElement on session 14f61660-7bcc-4279-b6a3-7163a94e0626 to remote] DEBUG o.a.netty.request.NettyRequestSender - Using pooled Channel '[id: 0x7c68b8df, L:/127.0.0.1:64390 - R:localhost/127.0.0.1:10889]' for 'POST' to 'http://localhost:10889/session/14f61660-7bcc-4279-b6a3-7163a94e0626/element/3bc74aa5-fb02-40e4-8a2c-46a593cabd4c/element'
15:50:17.340 [Forwarding findChildElement on session 14f61660-7bcc-4279-b6a3-7163a94e0626 to remote] DEBUG o.a.netty.request.NettyRequestSender - Using open Channel [id: 0x7c68b8df, L:/127.0.0.1:64390 - R:localhost/127.0.0.1:10889] for POST '/session/14f61660-7bcc-4279-b6a3-7163a94e0626/element/3bc74aa5-fb02-40e4-8a2c-46a593cabd4c/element'
15:50:17.344 [AsyncHttpClient-3-1] DEBUG o.a.netty.handler.HttpHandler - 

Request DefaultHttpRequest(decodeResult: success, version: HTTP/1.1)
POST /session/14f61660-7bcc-4279-b6a3-7163a94e0626/element/3bc74aa5-fb02-40e4-8a2c-46a593cabd4c/element HTTP/1.1
User-Agent: selenium/4.0.0-alpha-5 (java windows)
Content-Length: 103
Content-Type: application/json; charset=utf-8
host: localhost:10889
accept: */*

Response DefaultHttpResponse(decodeResult: success, version: HTTP/1.1)
HTTP/1.1 200 OK
content-type: application/json; charset=utf-8
cache-control: no-cache
content-length: 88
date: Thu, 25 Jun 2020 12:50:17 GMT

15:50:17.344 [AsyncHttpClient-3-1] DEBUG o.a.netty.channel.ChannelManager - Adding key: http://localhost:10889 for channel [id: 0x7c68b8df, L:/127.0.0.1:64390 - R:localhost/127.0.0.1:10889]
15:50:17.344 [Forwarding getElementText on session 14f61660-7bcc-4279-b6a3-7163a94e0626 to remote] DEBUG o.a.netty.request.NettyRequestSender - Using pooled Channel '[id: 0x7c68b8df, L:/127.0.0.1:64390 - R:localhost/127.0.0.1:10889]' for 'GET' to 'http://localhost:10889/session/14f61660-7bcc-4279-b6a3-7163a94e0626/element/6d8bbc3d-00d7-416a-8c66-704c2ee3d303/text'
15:50:17.344 [Forwarding getElementText on session 14f61660-7bcc-4279-b6a3-7163a94e0626 to remote] DEBUG o.a.netty.request.NettyRequestSender - Using open Channel [id: 0x7c68b8df, L:/127.0.0.1:64390 - R:localhost/127.0.0.1:10889] for GET '/session/14f61660-7bcc-4279-b6a3-7163a94e0626/element/6d8bbc3d-00d7-416a-8c66-704c2ee3d303/text'
15:50:17.348 [AsyncHttpClient-3-1] DEBUG o.a.netty.handler.HttpHandler - 

Request DefaultFullHttpRequest(decodeResult: success, version: HTTP/1.1, content: EmptyByteBufBE)
GET /session/14f61660-7bcc-4279-b6a3-7163a94e0626/element/6d8bbc3d-00d7-416a-8c66-704c2ee3d303/text HTTP/1.1
User-Agent: selenium/4.0.0-alpha-5 (java windows)
Cache-Control: no-cache
host: localhost:10889
accept: */*

Response DefaultHttpResponse(decodeResult: success, version: HTTP/1.1)
HTTP/1.1 200 OK
content-type: application/json; charset=utf-8
cache-control: no-cache
content-length: 18
date: Thu, 25 Jun 2020 12:50:17 GMT

15:50:17.349 [AsyncHttpClient-3-1] DEBUG o.a.netty.channel.ChannelManager - Adding key: http://localhost:10889 for channel [id: 0x7c68b8df, L:/127.0.0.1:64390 - R:localhost/127.0.0.1:10889]
15:50:17.349 [Forwarding findChildElement on session 14f61660-7bcc-4279-b6a3-7163a94e0626 to remote] DEBUG o.a.netty.request.NettyRequestSender - Using pooled Channel '[id: 0x7c68b8df, L:/127.0.0.1:64390 - R:localhost/127.0.0.1:10889]' for 'POST' to 'http://localhost:10889/session/14f61660-7bcc-4279-b6a3-7163a94e0626/element/3bc74aa5-fb02-40e4-8a2c-46a593cabd4c/element'
15:50:17.349 [Forwarding findChildElement on session 14f61660-7bcc-4279-b6a3-7163a94e0626 to remote] DEBUG o.a.netty.request.NettyRequestSender - Using open Channel [id: 0x7c68b8df, L:/127.0.0.1:64390 - R:localhost/127.0.0.1:10889] for POST '/session/14f61660-7bcc-4279-b6a3-7163a94e0626/element/3bc74aa5-fb02-40e4-8a2c-46a593cabd4c/element'
15:50:17.353 [AsyncHttpClient-3-1] DEBUG o.a.netty.handler.HttpHandler - 

Request DefaultHttpRequest(decodeResult: success, version: HTTP/1.1)
POST /session/14f61660-7bcc-4279-b6a3-7163a94e0626/element/3bc74aa5-fb02-40e4-8a2c-46a593cabd4c/element HTTP/1.1
User-Agent: selenium/4.0.0-alpha-5 (java windows)
Content-Length: 103
Content-Type: application/json; charset=utf-8
host: localhost:10889
accept: */*

Response DefaultHttpResponse(decodeResult: success, version: HTTP/1.1)
HTTP/1.1 200 OK
content-type: application/json; charset=utf-8
cache-control: no-cache
content-length: 88
date: Thu, 25 Jun 2020 12:50:17 GMT

15:50:17.353 [AsyncHttpClient-3-1] DEBUG o.a.netty.channel.ChannelManager - Adding key: http://localhost:10889 for channel [id: 0x7c68b8df, L:/127.0.0.1:64390 - R:localhost/127.0.0.1:10889]
15:50:17.353 [Forwarding getElementText on session 14f61660-7bcc-4279-b6a3-7163a94e0626 to remote] DEBUG o.a.netty.request.NettyRequestSender - Using pooled Channel '[id: 0x7c68b8df, L:/127.0.0.1:64390 - R:localhost/127.0.0.1:10889]' for 'GET' to 'http://localhost:10889/session/14f61660-7bcc-4279-b6a3-7163a94e0626/element/8bc77675-0e2f-46bf-968a-87fcf2d12936/text'
15:50:17.353 [Forwarding getElementText on session 14f61660-7bcc-4279-b6a3-7163a94e0626 to remote] DEBUG o.a.netty.request.NettyRequestSender - Using open Channel [id: 0x7c68b8df, L:/127.0.0.1:64390 - R:localhost/127.0.0.1:10889] for GET '/session/14f61660-7bcc-4279-b6a3-7163a94e0626/element/8bc77675-0e2f-46bf-968a-87fcf2d12936/text'
15:50:17.358 [AsyncHttpClient-3-1] DEBUG o.a.netty.handler.HttpHandler - 

Request DefaultFullHttpRequest(decodeResult: success, version: HTTP/1.1, content: EmptyByteBufBE)
GET /session/14f61660-7bcc-4279-b6a3-7163a94e0626/element/8bc77675-0e2f-46bf-968a-87fcf2d12936/text HTTP/1.1
User-Agent: selenium/4.0.0-alpha-5 (java windows)
Cache-Control: no-cache
host: localhost:10889
accept: */*

Response DefaultHttpResponse(decodeResult: success, version: HTTP/1.1)
HTTP/1.1 200 OK
content-type: application/json; charset=utf-8
cache-control: no-cache
content-length: 22
date: Thu, 25 Jun 2020 12:50:17 GMT

15:50:17.359 [AsyncHttpClient-3-1] DEBUG o.a.netty.channel.ChannelManager - Adding key: http://localhost:10889 for channel [id: 0x7c68b8df, L:/127.0.0.1:64390 - R:localhost/127.0.0.1:10889]
15:50:17.359 [Forwarding findChildElement on session 14f61660-7bcc-4279-b6a3-7163a94e0626 to remote] DEBUG o.a.netty.request.NettyRequestSender - Using pooled Channel '[id: 0x7c68b8df, L:/127.0.0.1:64390 - R:localhost/127.0.0.1:10889]' for 'POST' to 'http://localhost:10889/session/14f61660-7bcc-4279-b6a3-7163a94e0626/element/3bc74aa5-fb02-40e4-8a2c-46a593cabd4c/element'
15:50:17.359 [Forwarding findChildElement on session 14f61660-7bcc-4279-b6a3-7163a94e0626 to remote] DEBUG o.a.netty.request.NettyRequestSender - Using open Channel [id: 0x7c68b8df, L:/127.0.0.1:64390 - R:localhost/127.0.0.1:10889] for POST '/session/14f61660-7bcc-4279-b6a3-7163a94e0626/element/3bc74aa5-fb02-40e4-8a2c-46a593cabd4c/element'
15:50:17.363 [AsyncHttpClient-3-1] DEBUG o.a.netty.handler.HttpHandler - 

Request DefaultHttpRequest(decodeResult: success, version: HTTP/1.1)
POST /session/14f61660-7bcc-4279-b6a3-7163a94e0626/element/3bc74aa5-fb02-40e4-8a2c-46a593cabd4c/element HTTP/1.1
User-Agent: selenium/4.0.0-alpha-5 (java windows)
Content-Length: 103
Content-Type: application/json; charset=utf-8
host: localhost:10889
accept: */*

Response DefaultHttpResponse(decodeResult: success, version: HTTP/1.1)
HTTP/1.1 200 OK
content-type: application/json; charset=utf-8
cache-control: no-cache
content-length: 88
date: Thu, 25 Jun 2020 12:50:17 GMT

15:50:17.363 [AsyncHttpClient-3-1] DEBUG o.a.netty.channel.ChannelManager - Adding key: http://localhost:10889 for channel [id: 0x7c68b8df, L:/127.0.0.1:64390 - R:localhost/127.0.0.1:10889]
15:50:17.363 [Forwarding getElementText on session 14f61660-7bcc-4279-b6a3-7163a94e0626 to remote] DEBUG o.a.netty.request.NettyRequestSender - Using pooled Channel '[id: 0x7c68b8df, L:/127.0.0.1:64390 - R:localhost/127.0.0.1:10889]' for 'GET' to 'http://localhost:10889/session/14f61660-7bcc-4279-b6a3-7163a94e0626/element/e8c43982-e924-47aa-a180-402fb5ad7ec0/text'
15:50:17.363 [Forwarding getElementText on session 14f61660-7bcc-4279-b6a3-7163a94e0626 to remote] DEBUG o.a.netty.request.NettyRequestSender - Using open Channel [id: 0x7c68b8df, L:/127.0.0.1:64390 - R:localhost/127.0.0.1:10889] for GET '/session/14f61660-7bcc-4279-b6a3-7163a94e0626/element/e8c43982-e924-47aa-a180-402fb5ad7ec0/text'
15:50:17.367 [AsyncHttpClient-3-1] DEBUG o.a.netty.handler.HttpHandler - 

Request DefaultFullHttpRequest(decodeResult: success, version: HTTP/1.1, content: EmptyByteBufBE)
GET /session/14f61660-7bcc-4279-b6a3-7163a94e0626/element/e8c43982-e924-47aa-a180-402fb5ad7ec0/text HTTP/1.1
User-Agent: selenium/4.0.0-alpha-5 (java windows)
Cache-Control: no-cache
host: localhost:10889
accept: */*

Response DefaultHttpResponse(decodeResult: success, version: HTTP/1.1)
HTTP/1.1 200 OK
content-type: application/json; charset=utf-8
cache-control: no-cache
content-length: 21
date: Thu, 25 Jun 2020 12:50:17 GMT

15:50:17.368 [AsyncHttpClient-3-1] DEBUG o.a.netty.channel.ChannelManager - Adding key: http://localhost:10889 for channel [id: 0x7c68b8df, L:/127.0.0.1:64390 - R:localhost/127.0.0.1:10889]
15:50:17.368 [Forwarding findChildElement on session 14f61660-7bcc-4279-b6a3-7163a94e0626 to remote] DEBUG o.a.netty.request.NettyRequestSender - Using pooled Channel '[id: 0x7c68b8df, L:/127.0.0.1:64390 - R:localhost/127.0.0.1:10889]' for 'POST' to 'http://localhost:10889/session/14f61660-7bcc-4279-b6a3-7163a94e0626/element/3bc74aa5-fb02-40e4-8a2c-46a593cabd4c/element'
15:50:17.368 [Forwarding findChildElement on session 14f61660-7bcc-4279-b6a3-7163a94e0626 to remote] DEBUG o.a.netty.request.NettyRequestSender - Using open Channel [id: 0x7c68b8df, L:/127.0.0.1:64390 - R:localhost/127.0.0.1:10889] for POST '/session/14f61660-7bcc-4279-b6a3-7163a94e0626/element/3bc74aa5-fb02-40e4-8a2c-46a593cabd4c/element'
15:50:17.371 [AsyncHttpClient-3-1] DEBUG o.a.netty.handler.HttpHandler - 

Request DefaultHttpRequest(decodeResult: success, version: HTTP/1.1)
POST /session/14f61660-7bcc-4279-b6a3-7163a94e0626/element/3bc74aa5-fb02-40e4-8a2c-46a593cabd4c/element HTTP/1.1
User-Agent: selenium/4.0.0-alpha-5 (java windows)
Content-Length: 103
Content-Type: application/json; charset=utf-8
host: localhost:10889
accept: */*

Response DefaultHttpResponse(decodeResult: success, version: HTTP/1.1)
HTTP/1.1 200 OK
content-type: application/json; charset=utf-8
cache-control: no-cache
content-length: 88
date: Thu, 25 Jun 2020 12:50:17 GMT

15:50:17.372 [AsyncHttpClient-3-1] DEBUG o.a.netty.channel.ChannelManager - Adding key: http://localhost:10889 for channel [id: 0x7c68b8df, L:/127.0.0.1:64390 - R:localhost/127.0.0.1:10889]
15:50:17.372 [Forwarding getElementText on session 14f61660-7bcc-4279-b6a3-7163a94e0626 to remote] DEBUG o.a.netty.request.NettyRequestSender - Using pooled Channel '[id: 0x7c68b8df, L:/127.0.0.1:64390 - R:localhost/127.0.0.1:10889]' for 'GET' to 'http://localhost:10889/session/14f61660-7bcc-4279-b6a3-7163a94e0626/element/ca4d7720-af68-4d20-9c98-77c32090fe7b/text'
15:50:17.372 [Forwarding getElementText on session 14f61660-7bcc-4279-b6a3-7163a94e0626 to remote] DEBUG o.a.netty.request.NettyRequestSender - Using open Channel [id: 0x7c68b8df, L:/127.0.0.1:64390 - R:localhost/127.0.0.1:10889] for GET '/session/14f61660-7bcc-4279-b6a3-7163a94e0626/element/ca4d7720-af68-4d20-9c98-77c32090fe7b/text'
15:50:17.376 [AsyncHttpClient-3-1] DEBUG o.a.netty.handler.HttpHandler - 

Request DefaultFullHttpRequest(decodeResult: success, version: HTTP/1.1, content: EmptyByteBufBE)
GET /session/14f61660-7bcc-4279-b6a3-7163a94e0626/element/ca4d7720-af68-4d20-9c98-77c32090fe7b/text HTTP/1.1
User-Agent: selenium/4.0.0-alpha-5 (java windows)
Cache-Control: no-cache
host: localhost:10889
accept: */*

Response DefaultHttpResponse(decodeResult: success, version: HTTP/1.1)
HTTP/1.1 200 OK
content-type: application/json; charset=utf-8
cache-control: no-cache
content-length: 45
date: Thu, 25 Jun 2020 12:50:17 GMT

15:50:17.376 [AsyncHttpClient-3-1] DEBUG o.a.netty.channel.ChannelManager - Adding key: http://localhost:10889 for channel [id: 0x7c68b8df, L:/127.0.0.1:64390 - R:localhost/127.0.0.1:10889]
15:50:17.377 [Forwarding findChildElement on session 14f61660-7bcc-4279-b6a3-7163a94e0626 to remote] DEBUG o.a.netty.request.NettyRequestSender - Using pooled Channel '[id: 0x7c68b8df, L:/127.0.0.1:64390 - R:localhost/127.0.0.1:10889]' for 'POST' to 'http://localhost:10889/session/14f61660-7bcc-4279-b6a3-7163a94e0626/element/3bc74aa5-fb02-40e4-8a2c-46a593cabd4c/element'
15:50:17.377 [Forwarding findChildElement on session 14f61660-7bcc-4279-b6a3-7163a94e0626 to remote] DEBUG o.a.netty.request.NettyRequestSender - Using open Channel [id: 0x7c68b8df, L:/127.0.0.1:64390 - R:localhost/127.0.0.1:10889] for POST '/session/14f61660-7bcc-4279-b6a3-7163a94e0626/element/3bc74aa5-fb02-40e4-8a2c-46a593cabd4c/element'
15:50:17.380 [AsyncHttpClient-3-1] DEBUG o.a.netty.handler.HttpHandler - 

Request DefaultHttpRequest(decodeResult: success, version: HTTP/1.1)
POST /session/14f61660-7bcc-4279-b6a3-7163a94e0626/element/3bc74aa5-fb02-40e4-8a2c-46a593cabd4c/element HTTP/1.1
User-Agent: selenium/4.0.0-alpha-5 (java windows)
Content-Length: 103
Content-Type: application/json; charset=utf-8
host: localhost:10889
accept: */*

Response DefaultHttpResponse(decodeResult: success, version: HTTP/1.1)
HTTP/1.1 200 OK
content-type: application/json; charset=utf-8
cache-control: no-cache
content-length: 88
date: Thu, 25 Jun 2020 12:50:17 GMT

15:50:17.380 [AsyncHttpClient-3-1] DEBUG o.a.netty.channel.ChannelManager - Adding key: http://localhost:10889 for channel [id: 0x7c68b8df, L:/127.0.0.1:64390 - R:localhost/127.0.0.1:10889]
15:50:17.380 [Forwarding getElementText on session 14f61660-7bcc-4279-b6a3-7163a94e0626 to remote] DEBUG o.a.netty.request.NettyRequestSender - Using pooled Channel '[id: 0x7c68b8df, L:/127.0.0.1:64390 - R:localhost/127.0.0.1:10889]' for 'GET' to 'http://localhost:10889/session/14f61660-7bcc-4279-b6a3-7163a94e0626/element/4239ea20-437c-4d59-bbf1-03bdc408bbef/text'
15:50:17.381 [Forwarding getElementText on session 14f61660-7bcc-4279-b6a3-7163a94e0626 to remote] DEBUG o.a.netty.request.NettyRequestSender - Using open Channel [id: 0x7c68b8df, L:/127.0.0.1:64390 - R:localhost/127.0.0.1:10889] for GET '/session/14f61660-7bcc-4279-b6a3-7163a94e0626/element/4239ea20-437c-4d59-bbf1-03bdc408bbef/text'
15:50:17.387 [AsyncHttpClient-3-1] DEBUG o.a.netty.handler.HttpHandler - 

Request DefaultFullHttpRequest(decodeResult: success, version: HTTP/1.1, content: EmptyByteBufBE)
GET /session/14f61660-7bcc-4279-b6a3-7163a94e0626/element/4239ea20-437c-4d59-bbf1-03bdc408bbef/text HTTP/1.1
User-Agent: selenium/4.0.0-alpha-5 (java windows)
Cache-Control: no-cache
host: localhost:10889
accept: */*

Response DefaultHttpResponse(decodeResult: success, version: HTTP/1.1)
HTTP/1.1 200 OK
content-type: application/json; charset=utf-8
cache-control: no-cache
content-length: 57
date: Thu, 25 Jun 2020 12:50:17 GMT

15:50:17.387 [AsyncHttpClient-3-1] DEBUG o.a.netty.channel.ChannelManager - Adding key: http://localhost:10889 for channel [id: 0x7c68b8df, L:/127.0.0.1:64390 - R:localhost/127.0.0.1:10889]
15:50:17.388 [Forwarding findChildElement on session 14f61660-7bcc-4279-b6a3-7163a94e0626 to remote] DEBUG o.a.netty.request.NettyRequestSender - Using pooled Channel '[id: 0x7c68b8df, L:/127.0.0.1:64390 - R:localhost/127.0.0.1:10889]' for 'POST' to 'http://localhost:10889/session/14f61660-7bcc-4279-b6a3-7163a94e0626/element/3bc74aa5-fb02-40e4-8a2c-46a593cabd4c/element'
15:50:17.388 [Forwarding findChildElement on session 14f61660-7bcc-4279-b6a3-7163a94e0626 to remote] DEBUG o.a.netty.request.NettyRequestSender - Using open Channel [id: 0x7c68b8df, L:/127.0.0.1:64390 - R:localhost/127.0.0.1:10889] for POST '/session/14f61660-7bcc-4279-b6a3-7163a94e0626/element/3bc74aa5-fb02-40e4-8a2c-46a593cabd4c/element'
15:50:17.392 [AsyncHttpClient-3-1] DEBUG o.a.netty.handler.HttpHandler - 

Request DefaultHttpRequest(decodeResult: success, version: HTTP/1.1)
POST /session/14f61660-7bcc-4279-b6a3-7163a94e0626/element/3bc74aa5-fb02-40e4-8a2c-46a593cabd4c/element HTTP/1.1
User-Agent: selenium/4.0.0-alpha-5 (java windows)
Content-Length: 97
Content-Type: application/json; charset=utf-8
host: localhost:10889
accept: */*

Response DefaultHttpResponse(decodeResult: success, version: HTTP/1.1)
HTTP/1.1 200 OK
content-type: application/json; charset=utf-8
cache-control: no-cache
content-length: 88
date: Thu, 25 Jun 2020 12:50:17 GMT

15:50:17.392 [AsyncHttpClient-3-1] DEBUG o.a.netty.channel.ChannelManager - Adding key: http://localhost:10889 for channel [id: 0x7c68b8df, L:/127.0.0.1:64390 - R:localhost/127.0.0.1:10889]
15:50:17.394 [Forwarding getElementAttribute on session 14f61660-7bcc-4279-b6a3-7163a94e0626 to remote] DEBUG o.a.netty.request.NettyRequestSender - Using pooled Channel '[id: 0x7c68b8df, L:/127.0.0.1:64390 - R:localhost/127.0.0.1:10889]' for 'POST' to 'http://localhost:10889/session/14f61660-7bcc-4279-b6a3-7163a94e0626/execute/sync'
15:50:17.394 [Forwarding getElementAttribute on session 14f61660-7bcc-4279-b6a3-7163a94e0626 to remote] DEBUG o.a.netty.request.NettyRequestSender - Using open Channel [id: 0x7c68b8df, L:/127.0.0.1:64390 - R:localhost/127.0.0.1:10889] for POST '/session/14f61660-7bcc-4279-b6a3-7163a94e0626/execute/sync'
15:50:17.407 [AsyncHttpClient-3-1] DEBUG o.a.netty.handler.HttpHandler - 

Request DefaultHttpRequest(decodeResult: success, version: HTTP/1.1)
POST /session/14f61660-7bcc-4279-b6a3-7163a94e0626/execute/sync HTTP/1.1
User-Agent: selenium/4.0.0-alpha-5 (java windows)
Content-Length: 39635
Content-Type: application/json; charset=utf-8
host: localhost:10889
accept: */*

Response DefaultHttpResponse(decodeResult: success, version: HTTP/1.1)
HTTP/1.1 200 OK
content-type: application/json; charset=utf-8
cache-control: no-cache
content-length: 15
date: Thu, 25 Jun 2020 12:50:17 GMT

15:50:17.408 [AsyncHttpClient-3-1] DEBUG o.a.netty.channel.ChannelManager - Adding key: http://localhost:10889 for channel [id: 0x7c68b8df, L:/127.0.0.1:64390 - R:localhost/127.0.0.1:10889]
15:50:17.408 [Forwarding findChildElement on session 14f61660-7bcc-4279-b6a3-7163a94e0626 to remote] DEBUG o.a.netty.request.NettyRequestSender - Using pooled Channel '[id: 0x7c68b8df, L:/127.0.0.1:64390 - R:localhost/127.0.0.1:10889]' for 'POST' to 'http://localhost:10889/session/14f61660-7bcc-4279-b6a3-7163a94e0626/element/93755d49-0947-4369-abbd-2c78702a40b6/element'
15:50:17.408 [Forwarding findChildElement on session 14f61660-7bcc-4279-b6a3-7163a94e0626 to remote] DEBUG o.a.netty.request.NettyRequestSender - Using open Channel [id: 0x7c68b8df, L:/127.0.0.1:64390 - R:localhost/127.0.0.1:10889] for POST '/session/14f61660-7bcc-4279-b6a3-7163a94e0626/element/93755d49-0947-4369-abbd-2c78702a40b6/element'
15:50:17.411 [AsyncHttpClient-3-1] DEBUG o.a.netty.handler.HttpHandler - 

Request DefaultHttpRequest(decodeResult: success, version: HTTP/1.1)
POST /session/14f61660-7bcc-4279-b6a3-7163a94e0626/element/93755d49-0947-4369-abbd-2c78702a40b6/element HTTP/1.1
User-Agent: selenium/4.0.0-alpha-5 (java windows)
Content-Length: 103
Content-Type: application/json; charset=utf-8
host: localhost:10889
accept: */*

Response DefaultHttpResponse(decodeResult: success, version: HTTP/1.1)
HTTP/1.1 200 OK
content-type: application/json; charset=utf-8
cache-control: no-cache
content-length: 88
date: Thu, 25 Jun 2020 12:50:17 GMT

15:50:17.412 [AsyncHttpClient-3-1] DEBUG o.a.netty.channel.ChannelManager - Adding key: http://localhost:10889 for channel [id: 0x7c68b8df, L:/127.0.0.1:64390 - R:localhost/127.0.0.1:10889]
15:50:17.412 [Forwarding getElementText on session 14f61660-7bcc-4279-b6a3-7163a94e0626 to remote] DEBUG o.a.netty.request.NettyRequestSender - Using pooled Channel '[id: 0x7c68b8df, L:/127.0.0.1:64390 - R:localhost/127.0.0.1:10889]' for 'GET' to 'http://localhost:10889/session/14f61660-7bcc-4279-b6a3-7163a94e0626/element/ebd2e2b6-1776-48f2-8401-05f68c034810/text'
15:50:17.412 [Forwarding getElementText on session 14f61660-7bcc-4279-b6a3-7163a94e0626 to remote] DEBUG o.a.netty.request.NettyRequestSender - Using open Channel [id: 0x7c68b8df, L:/127.0.0.1:64390 - R:localhost/127.0.0.1:10889] for GET '/session/14f61660-7bcc-4279-b6a3-7163a94e0626/element/ebd2e2b6-1776-48f2-8401-05f68c034810/text'
15:50:17.416 [AsyncHttpClient-3-1] DEBUG o.a.netty.handler.HttpHandler - 

Request DefaultFullHttpRequest(decodeResult: success, version: HTTP/1.1, content: EmptyByteBufBE)
GET /session/14f61660-7bcc-4279-b6a3-7163a94e0626/element/ebd2e2b6-1776-48f2-8401-05f68c034810/text HTTP/1.1
User-Agent: selenium/4.0.0-alpha-5 (java windows)
Cache-Control: no-cache
host: localhost:10889
accept: */*

Response DefaultHttpResponse(decodeResult: success, version: HTTP/1.1)
HTTP/1.1 200 OK
content-type: application/json; charset=utf-8
cache-control: no-cache
content-length: 18
date: Thu, 25 Jun 2020 12:50:17 GMT

15:50:17.416 [AsyncHttpClient-3-1] DEBUG o.a.netty.channel.ChannelManager - Adding key: http://localhost:10889 for channel [id: 0x7c68b8df, L:/127.0.0.1:64390 - R:localhost/127.0.0.1:10889]
15:50:17.417 [Forwarding findChildElement on session 14f61660-7bcc-4279-b6a3-7163a94e0626 to remote] DEBUG o.a.netty.request.NettyRequestSender - Using pooled Channel '[id: 0x7c68b8df, L:/127.0.0.1:64390 - R:localhost/127.0.0.1:10889]' for 'POST' to 'http://localhost:10889/session/14f61660-7bcc-4279-b6a3-7163a94e0626/element/93755d49-0947-4369-abbd-2c78702a40b6/element'
15:50:17.417 [Forwarding findChildElement on session 14f61660-7bcc-4279-b6a3-7163a94e0626 to remote] DEBUG o.a.netty.request.NettyRequestSender - Using open Channel [id: 0x7c68b8df, L:/127.0.0.1:64390 - R:localhost/127.0.0.1:10889] for POST '/session/14f61660-7bcc-4279-b6a3-7163a94e0626/element/93755d49-0947-4369-abbd-2c78702a40b6/element'
15:50:17.421 [AsyncHttpClient-3-1] DEBUG o.a.netty.handler.HttpHandler - 

Request DefaultHttpRequest(decodeResult: success, version: HTTP/1.1)
POST /session/14f61660-7bcc-4279-b6a3-7163a94e0626/element/93755d49-0947-4369-abbd-2c78702a40b6/element HTTP/1.1
User-Agent: selenium/4.0.0-alpha-5 (java windows)
Content-Length: 103
Content-Type: application/json; charset=utf-8
host: localhost:10889
accept: */*

Response DefaultHttpResponse(decodeResult: success, version: HTTP/1.1)
HTTP/1.1 200 OK
content-type: application/json; charset=utf-8
cache-control: no-cache
content-length: 88
date: Thu, 25 Jun 2020 12:50:17 GMT

15:50:17.421 [AsyncHttpClient-3-1] DEBUG o.a.netty.channel.ChannelManager - Adding key: http://localhost:10889 for channel [id: 0x7c68b8df, L:/127.0.0.1:64390 - R:localhost/127.0.0.1:10889]
15:50:17.421 [Forwarding getElementText on session 14f61660-7bcc-4279-b6a3-7163a94e0626 to remote] DEBUG o.a.netty.request.NettyRequestSender - Using pooled Channel '[id: 0x7c68b8df, L:/127.0.0.1:64390 - R:localhost/127.0.0.1:10889]' for 'GET' to 'http://localhost:10889/session/14f61660-7bcc-4279-b6a3-7163a94e0626/element/1b849e77-4a13-41b3-952e-f1d2f1d8f90a/text'
15:50:17.421 [Forwarding getElementText on session 14f61660-7bcc-4279-b6a3-7163a94e0626 to remote] DEBUG o.a.netty.request.NettyRequestSender - Using open Channel [id: 0x7c68b8df, L:/127.0.0.1:64390 - R:localhost/127.0.0.1:10889] for GET '/session/14f61660-7bcc-4279-b6a3-7163a94e0626/element/1b849e77-4a13-41b3-952e-f1d2f1d8f90a/text'
15:50:17.425 [AsyncHttpClient-3-1] DEBUG o.a.netty.handler.HttpHandler - 

Request DefaultFullHttpRequest(decodeResult: success, version: HTTP/1.1, content: EmptyByteBufBE)
GET /session/14f61660-7bcc-4279-b6a3-7163a94e0626/element/1b849e77-4a13-41b3-952e-f1d2f1d8f90a/text HTTP/1.1
User-Agent: selenium/4.0.0-alpha-5 (java windows)
Cache-Control: no-cache
host: localhost:10889
accept: */*

Response DefaultHttpResponse(decodeResult: success, version: HTTP/1.1)
HTTP/1.1 200 OK
content-type: application/json; charset=utf-8
cache-control: no-cache
content-length: 22
date: Thu, 25 Jun 2020 12:50:17 GMT

15:50:17.426 [AsyncHttpClient-3-1] DEBUG o.a.netty.channel.ChannelManager - Adding key: http://localhost:10889 for channel [id: 0x7c68b8df, L:/127.0.0.1:64390 - R:localhost/127.0.0.1:10889]
15:50:17.426 [Forwarding findChildElement on session 14f61660-7bcc-4279-b6a3-7163a94e0626 to remote] DEBUG o.a.netty.request.NettyRequestSender - Using pooled Channel '[id: 0x7c68b8df, L:/127.0.0.1:64390 - R:localhost/127.0.0.1:10889]' for 'POST' to 'http://localhost:10889/session/14f61660-7bcc-4279-b6a3-7163a94e0626/element/93755d49-0947-4369-abbd-2c78702a40b6/element'
15:50:17.426 [Forwarding findChildElement on session 14f61660-7bcc-4279-b6a3-7163a94e0626 to remote] DEBUG o.a.netty.request.NettyRequestSender - Using open Channel [id: 0x7c68b8df, L:/127.0.0.1:64390 - R:localhost/127.0.0.1:10889] for POST '/session/14f61660-7bcc-4279-b6a3-7163a94e0626/element/93755d49-0947-4369-abbd-2c78702a40b6/element'
15:50:17.430 [AsyncHttpClient-3-1] DEBUG o.a.netty.handler.HttpHandler - 

Request DefaultHttpRequest(decodeResult: success, version: HTTP/1.1)
POST /session/14f61660-7bcc-4279-b6a3-7163a94e0626/element/93755d49-0947-4369-abbd-2c78702a40b6/element HTTP/1.1
User-Agent: selenium/4.0.0-alpha-5 (java windows)
Content-Length: 103
Content-Type: application/json; charset=utf-8
host: localhost:10889
accept: */*

Response DefaultHttpResponse(decodeResult: success, version: HTTP/1.1)
HTTP/1.1 200 OK
content-type: application/json; charset=utf-8
cache-control: no-cache
content-length: 88
date: Thu, 25 Jun 2020 12:50:17 GMT

15:50:17.430 [AsyncHttpClient-3-1] DEBUG o.a.netty.channel.ChannelManager - Adding key: http://localhost:10889 for channel [id: 0x7c68b8df, L:/127.0.0.1:64390 - R:localhost/127.0.0.1:10889]
15:50:17.430 [Forwarding getElementText on session 14f61660-7bcc-4279-b6a3-7163a94e0626 to remote] DEBUG o.a.netty.request.NettyRequestSender - Using pooled Channel '[id: 0x7c68b8df, L:/127.0.0.1:64390 - R:localhost/127.0.0.1:10889]' for 'GET' to 'http://localhost:10889/session/14f61660-7bcc-4279-b6a3-7163a94e0626/element/2b5bf2b2-154a-416b-93cd-3ffa03adfb76/text'
15:50:17.430 [Forwarding getElementText on session 14f61660-7bcc-4279-b6a3-7163a94e0626 to remote] DEBUG o.a.netty.request.NettyRequestSender - Using open Channel [id: 0x7c68b8df, L:/127.0.0.1:64390 - R:localhost/127.0.0.1:10889] for GET '/session/14f61660-7bcc-4279-b6a3-7163a94e0626/element/2b5bf2b2-154a-416b-93cd-3ffa03adfb76/text'
15:50:17.434 [AsyncHttpClient-3-1] DEBUG o.a.netty.handler.HttpHandler - 

Request DefaultFullHttpRequest(decodeResult: success, version: HTTP/1.1, content: EmptyByteBufBE)
GET /session/14f61660-7bcc-4279-b6a3-7163a94e0626/element/2b5bf2b2-154a-416b-93cd-3ffa03adfb76/text HTTP/1.1
User-Agent: selenium/4.0.0-alpha-5 (java windows)
Cache-Control: no-cache
host: localhost:10889
accept: */*

Response DefaultHttpResponse(decodeResult: success, version: HTTP/1.1)
HTTP/1.1 200 OK
content-type: application/json; charset=utf-8
cache-control: no-cache
content-length: 21
date: Thu, 25 Jun 2020 12:50:17 GMT

15:50:17.435 [AsyncHttpClient-3-1] DEBUG o.a.netty.channel.ChannelManager - Adding key: http://localhost:10889 for channel [id: 0x7c68b8df, L:/127.0.0.1:64390 - R:localhost/127.0.0.1:10889]
15:50:17.435 [Forwarding findChildElement on session 14f61660-7bcc-4279-b6a3-7163a94e0626 to remote] DEBUG o.a.netty.request.NettyRequestSender - Using pooled Channel '[id: 0x7c68b8df, L:/127.0.0.1:64390 - R:localhost/127.0.0.1:10889]' for 'POST' to 'http://localhost:10889/session/14f61660-7bcc-4279-b6a3-7163a94e0626/element/93755d49-0947-4369-abbd-2c78702a40b6/element'
15:50:17.435 [Forwarding findChildElement on session 14f61660-7bcc-4279-b6a3-7163a94e0626 to remote] DEBUG o.a.netty.request.NettyRequestSender - Using open Channel [id: 0x7c68b8df, L:/127.0.0.1:64390 - R:localhost/127.0.0.1:10889] for POST '/session/14f61660-7bcc-4279-b6a3-7163a94e0626/element/93755d49-0947-4369-abbd-2c78702a40b6/element'
15:50:17.439 [AsyncHttpClient-3-1] DEBUG o.a.netty.handler.HttpHandler - 

Request DefaultHttpRequest(decodeResult: success, version: HTTP/1.1)
POST /session/14f61660-7bcc-4279-b6a3-7163a94e0626/element/93755d49-0947-4369-abbd-2c78702a40b6/element HTTP/1.1
User-Agent: selenium/4.0.0-alpha-5 (java windows)
Content-Length: 103
Content-Type: application/json; charset=utf-8
host: localhost:10889
accept: */*

Response DefaultHttpResponse(decodeResult: success, version: HTTP/1.1)
HTTP/1.1 200 OK
content-type: application/json; charset=utf-8
cache-control: no-cache
content-length: 88
date: Thu, 25 Jun 2020 12:50:17 GMT

15:50:17.439 [AsyncHttpClient-3-1] DEBUG o.a.netty.channel.ChannelManager - Adding key: http://localhost:10889 for channel [id: 0x7c68b8df, L:/127.0.0.1:64390 - R:localhost/127.0.0.1:10889]
15:50:17.439 [Forwarding getElementText on session 14f61660-7bcc-4279-b6a3-7163a94e0626 to remote] DEBUG o.a.netty.request.NettyRequestSender - Using pooled Channel '[id: 0x7c68b8df, L:/127.0.0.1:64390 - R:localhost/127.0.0.1:10889]' for 'GET' to 'http://localhost:10889/session/14f61660-7bcc-4279-b6a3-7163a94e0626/element/b5f77052-f9ff-4401-bd7c-ed81d1796d9f/text'
15:50:17.439 [Forwarding getElementText on session 14f61660-7bcc-4279-b6a3-7163a94e0626 to remote] DEBUG o.a.netty.request.NettyRequestSender - Using open Channel [id: 0x7c68b8df, L:/127.0.0.1:64390 - R:localhost/127.0.0.1:10889] for GET '/session/14f61660-7bcc-4279-b6a3-7163a94e0626/element/b5f77052-f9ff-4401-bd7c-ed81d1796d9f/text'
15:50:17.445 [AsyncHttpClient-3-1] DEBUG o.a.netty.handler.HttpHandler - 

Request DefaultFullHttpRequest(decodeResult: success, version: HTTP/1.1, content: EmptyByteBufBE)
GET /session/14f61660-7bcc-4279-b6a3-7163a94e0626/element/b5f77052-f9ff-4401-bd7c-ed81d1796d9f/text HTTP/1.1
User-Agent: selenium/4.0.0-alpha-5 (java windows)
Cache-Control: no-cache
host: localhost:10889
accept: */*

Response DefaultHttpResponse(decodeResult: success, version: HTTP/1.1)
HTTP/1.1 200 OK
content-type: application/json; charset=utf-8
cache-control: no-cache
content-length: 45
date: Thu, 25 Jun 2020 12:50:17 GMT

15:50:17.445 [AsyncHttpClient-3-1] DEBUG o.a.netty.channel.ChannelManager - Adding key: http://localhost:10889 for channel [id: 0x7c68b8df, L:/127.0.0.1:64390 - R:localhost/127.0.0.1:10889]
15:50:17.445 [Forwarding findChildElement on session 14f61660-7bcc-4279-b6a3-7163a94e0626 to remote] DEBUG o.a.netty.request.NettyRequestSender - Using pooled Channel '[id: 0x7c68b8df, L:/127.0.0.1:64390 - R:localhost/127.0.0.1:10889]' for 'POST' to 'http://localhost:10889/session/14f61660-7bcc-4279-b6a3-7163a94e0626/element/93755d49-0947-4369-abbd-2c78702a40b6/element'
15:50:17.445 [Forwarding findChildElement on session 14f61660-7bcc-4279-b6a3-7163a94e0626 to remote] DEBUG o.a.netty.request.NettyRequestSender - Using open Channel [id: 0x7c68b8df, L:/127.0.0.1:64390 - R:localhost/127.0.0.1:10889] for POST '/session/14f61660-7bcc-4279-b6a3-7163a94e0626/element/93755d49-0947-4369-abbd-2c78702a40b6/element'
15:50:17.449 [AsyncHttpClient-3-1] DEBUG o.a.netty.handler.HttpHandler - 

Request DefaultHttpRequest(decodeResult: success, version: HTTP/1.1)
POST /session/14f61660-7bcc-4279-b6a3-7163a94e0626/element/93755d49-0947-4369-abbd-2c78702a40b6/element HTTP/1.1
User-Agent: selenium/4.0.0-alpha-5 (java windows)
Content-Length: 103
Content-Type: application/json; charset=utf-8
host: localhost:10889
accept: */*

Response DefaultHttpResponse(decodeResult: success, version: HTTP/1.1)
HTTP/1.1 200 OK
content-type: application/json; charset=utf-8
cache-control: no-cache
content-length: 88
date: Thu, 25 Jun 2020 12:50:17 GMT

15:50:17.449 [AsyncHttpClient-3-1] DEBUG o.a.netty.channel.ChannelManager - Adding key: http://localhost:10889 for channel [id: 0x7c68b8df, L:/127.0.0.1:64390 - R:localhost/127.0.0.1:10889]
15:50:17.450 [Forwarding getElementText on session 14f61660-7bcc-4279-b6a3-7163a94e0626 to remote] DEBUG o.a.netty.request.NettyRequestSender - Using pooled Channel '[id: 0x7c68b8df, L:/127.0.0.1:64390 - R:localhost/127.0.0.1:10889]' for 'GET' to 'http://localhost:10889/session/14f61660-7bcc-4279-b6a3-7163a94e0626/element/382771c0-910f-4373-a4ae-f81bbd3826ac/text'
15:50:17.450 [Forwarding getElementText on session 14f61660-7bcc-4279-b6a3-7163a94e0626 to remote] DEBUG o.a.netty.request.NettyRequestSender - Using open Channel [id: 0x7c68b8df, L:/127.0.0.1:64390 - R:localhost/127.0.0.1:10889] for GET '/session/14f61660-7bcc-4279-b6a3-7163a94e0626/element/382771c0-910f-4373-a4ae-f81bbd3826ac/text'
15:50:17.457 [AsyncHttpClient-3-1] DEBUG o.a.netty.handler.HttpHandler - 

Request DefaultFullHttpRequest(decodeResult: success, version: HTTP/1.1, content: EmptyByteBufBE)
GET /session/14f61660-7bcc-4279-b6a3-7163a94e0626/element/382771c0-910f-4373-a4ae-f81bbd3826ac/text HTTP/1.1
User-Agent: selenium/4.0.0-alpha-5 (java windows)
Cache-Control: no-cache
host: localhost:10889
accept: */*

Response DefaultHttpResponse(decodeResult: success, version: HTTP/1.1)
HTTP/1.1 200 OK
content-type: application/json; charset=utf-8
cache-control: no-cache
content-length: 57
date: Thu, 25 Jun 2020 12:50:17 GMT

15:50:17.458 [AsyncHttpClient-3-1] DEBUG o.a.netty.channel.ChannelManager - Adding key: http://localhost:10889 for channel [id: 0x7c68b8df, L:/127.0.0.1:64390 - R:localhost/127.0.0.1:10889]
15:50:17.458 [Forwarding findChildElement on session 14f61660-7bcc-4279-b6a3-7163a94e0626 to remote] DEBUG o.a.netty.request.NettyRequestSender - Using pooled Channel '[id: 0x7c68b8df, L:/127.0.0.1:64390 - R:localhost/127.0.0.1:10889]' for 'POST' to 'http://localhost:10889/session/14f61660-7bcc-4279-b6a3-7163a94e0626/element/93755d49-0947-4369-abbd-2c78702a40b6/element'
15:50:17.458 [Forwarding findChildElement on session 14f61660-7bcc-4279-b6a3-7163a94e0626 to remote] DEBUG o.a.netty.request.NettyRequestSender - Using open Channel [id: 0x7c68b8df, L:/127.0.0.1:64390 - R:localhost/127.0.0.1:10889] for POST '/session/14f61660-7bcc-4279-b6a3-7163a94e0626/element/93755d49-0947-4369-abbd-2c78702a40b6/element'
15:50:17.462 [AsyncHttpClient-3-1] DEBUG o.a.netty.handler.HttpHandler - 

Request DefaultHttpRequest(decodeResult: success, version: HTTP/1.1)
POST /session/14f61660-7bcc-4279-b6a3-7163a94e0626/element/93755d49-0947-4369-abbd-2c78702a40b6/element HTTP/1.1
User-Agent: selenium/4.0.0-alpha-5 (java windows)
Content-Length: 97
Content-Type: application/json; charset=utf-8
host: localhost:10889
accept: */*

Response DefaultHttpResponse(decodeResult: success, version: HTTP/1.1)
HTTP/1.1 200 OK
content-type: application/json; charset=utf-8
cache-control: no-cache
content-length: 88
date: Thu, 25 Jun 2020 12:50:17 GMT

15:50:17.462 [AsyncHttpClient-3-1] DEBUG o.a.netty.channel.ChannelManager - Adding key: http://localhost:10889 for channel [id: 0x7c68b8df, L:/127.0.0.1:64390 - R:localhost/127.0.0.1:10889]
15:50:17.464 [Forwarding getElementAttribute on session 14f61660-7bcc-4279-b6a3-7163a94e0626 to remote] DEBUG o.a.netty.request.NettyRequestSender - Using pooled Channel '[id: 0x7c68b8df, L:/127.0.0.1:64390 - R:localhost/127.0.0.1:10889]' for 'POST' to 'http://localhost:10889/session/14f61660-7bcc-4279-b6a3-7163a94e0626/execute/sync'
15:50:17.465 [Forwarding getElementAttribute on session 14f61660-7bcc-4279-b6a3-7163a94e0626 to remote] DEBUG o.a.netty.request.NettyRequestSender - Using open Channel [id: 0x7c68b8df, L:/127.0.0.1:64390 - R:localhost/127.0.0.1:10889] for POST '/session/14f61660-7bcc-4279-b6a3-7163a94e0626/execute/sync'
15:50:17.478 [AsyncHttpClient-3-1] DEBUG o.a.netty.handler.HttpHandler - 

Request DefaultHttpRequest(decodeResult: success, version: HTTP/1.1)
POST /session/14f61660-7bcc-4279-b6a3-7163a94e0626/execute/sync HTTP/1.1
User-Agent: selenium/4.0.0-alpha-5 (java windows)
Content-Length: 39635
Content-Type: application/json; charset=utf-8
host: localhost:10889
accept: */*

Response DefaultHttpResponse(decodeResult: success, version: HTTP/1.1)
HTTP/1.1 200 OK
content-type: application/json; charset=utf-8
cache-control: no-cache
content-length: 15
date: Thu, 25 Jun 2020 12:50:17 GMT

15:50:17.478 [AsyncHttpClient-3-1] DEBUG o.a.netty.channel.ChannelManager - Adding key: http://localhost:10889 for channel [id: 0x7c68b8df, L:/127.0.0.1:64390 - R:localhost/127.0.0.1:10889]
15:50:17.479 [Forwarding findChildElement on session 14f61660-7bcc-4279-b6a3-7163a94e0626 to remote] DEBUG o.a.netty.request.NettyRequestSender - Using pooled Channel '[id: 0x7c68b8df, L:/127.0.0.1:64390 - R:localhost/127.0.0.1:10889]' for 'POST' to 'http://localhost:10889/session/14f61660-7bcc-4279-b6a3-7163a94e0626/element/d6d485d7-5293-49ee-a73d-de33e4ee48d3/element'
15:50:17.479 [Forwarding findChildElement on session 14f61660-7bcc-4279-b6a3-7163a94e0626 to remote] DEBUG o.a.netty.request.NettyRequestSender - Using open Channel [id: 0x7c68b8df, L:/127.0.0.1:64390 - R:localhost/127.0.0.1:10889] for POST '/session/14f61660-7bcc-4279-b6a3-7163a94e0626/element/d6d485d7-5293-49ee-a73d-de33e4ee48d3/element'
15:50:17.482 [AsyncHttpClient-3-1] DEBUG o.a.netty.handler.HttpHandler - 

Request DefaultHttpRequest(decodeResult: success, version: HTTP/1.1)
POST /session/14f61660-7bcc-4279-b6a3-7163a94e0626/element/d6d485d7-5293-49ee-a73d-de33e4ee48d3/element HTTP/1.1
User-Agent: selenium/4.0.0-alpha-5 (java windows)
Content-Length: 103
Content-Type: application/json; charset=utf-8
host: localhost:10889
accept: */*

Response DefaultHttpResponse(decodeResult: success, version: HTTP/1.1)
HTTP/1.1 200 OK
content-type: application/json; charset=utf-8
cache-control: no-cache
content-length: 88
date: Thu, 25 Jun 2020 12:50:17 GMT

15:50:17.483 [AsyncHttpClient-3-1] DEBUG o.a.netty.channel.ChannelManager - Adding key: http://localhost:10889 for channel [id: 0x7c68b8df, L:/127.0.0.1:64390 - R:localhost/127.0.0.1:10889]
15:50:17.483 [Forwarding getElementText on session 14f61660-7bcc-4279-b6a3-7163a94e0626 to remote] DEBUG o.a.netty.request.NettyRequestSender - Using pooled Channel '[id: 0x7c68b8df, L:/127.0.0.1:64390 - R:localhost/127.0.0.1:10889]' for 'GET' to 'http://localhost:10889/session/14f61660-7bcc-4279-b6a3-7163a94e0626/element/c1c1cac5-9660-4802-9f01-3b713d817b0b/text'
15:50:17.483 [Forwarding getElementText on session 14f61660-7bcc-4279-b6a3-7163a94e0626 to remote] DEBUG o.a.netty.request.NettyRequestSender - Using open Channel [id: 0x7c68b8df, L:/127.0.0.1:64390 - R:localhost/127.0.0.1:10889] for GET '/session/14f61660-7bcc-4279-b6a3-7163a94e0626/element/c1c1cac5-9660-4802-9f01-3b713d817b0b/text'
15:50:17.488 [AsyncHttpClient-3-1] DEBUG o.a.netty.handler.HttpHandler - 

Request DefaultFullHttpRequest(decodeResult: success, version: HTTP/1.1, content: EmptyByteBufBE)
GET /session/14f61660-7bcc-4279-b6a3-7163a94e0626/element/c1c1cac5-9660-4802-9f01-3b713d817b0b/text HTTP/1.1
User-Agent: selenium/4.0.0-alpha-5 (java windows)
Cache-Control: no-cache
host: localhost:10889
accept: */*

Response DefaultHttpResponse(decodeResult: success, version: HTTP/1.1)
HTTP/1.1 200 OK
content-type: application/json; charset=utf-8
cache-control: no-cache
content-length: 18
date: Thu, 25 Jun 2020 12:50:17 GMT

15:50:17.488 [AsyncHttpClient-3-1] DEBUG o.a.netty.channel.ChannelManager - Adding key: http://localhost:10889 for channel [id: 0x7c68b8df, L:/127.0.0.1:64390 - R:localhost/127.0.0.1:10889]
15:50:17.489 [Forwarding findChildElement on session 14f61660-7bcc-4279-b6a3-7163a94e0626 to remote] DEBUG o.a.netty.request.NettyRequestSender - Using pooled Channel '[id: 0x7c68b8df, L:/127.0.0.1:64390 - R:localhost/127.0.0.1:10889]' for 'POST' to 'http://localhost:10889/session/14f61660-7bcc-4279-b6a3-7163a94e0626/element/d6d485d7-5293-49ee-a73d-de33e4ee48d3/element'
15:50:17.489 [Forwarding findChildElement on session 14f61660-7bcc-4279-b6a3-7163a94e0626 to remote] DEBUG o.a.netty.request.NettyRequestSender - Using open Channel [id: 0x7c68b8df, L:/127.0.0.1:64390 - R:localhost/127.0.0.1:10889] for POST '/session/14f61660-7bcc-4279-b6a3-7163a94e0626/element/d6d485d7-5293-49ee-a73d-de33e4ee48d3/element'
15:50:17.494 [AsyncHttpClient-3-1] DEBUG o.a.netty.handler.HttpHandler - 

Request DefaultHttpRequest(decodeResult: success, version: HTTP/1.1)
POST /session/14f61660-7bcc-4279-b6a3-7163a94e0626/element/d6d485d7-5293-49ee-a73d-de33e4ee48d3/element HTTP/1.1
User-Agent: selenium/4.0.0-alpha-5 (java windows)
Content-Length: 103
Content-Type: application/json; charset=utf-8
host: localhost:10889
accept: */*

Response DefaultHttpResponse(decodeResult: success, version: HTTP/1.1)
HTTP/1.1 200 OK
content-type: application/json; charset=utf-8
cache-control: no-cache
content-length: 88
date: Thu, 25 Jun 2020 12:50:17 GMT

15:50:17.494 [AsyncHttpClient-3-1] DEBUG o.a.netty.channel.ChannelManager - Adding key: http://localhost:10889 for channel [id: 0x7c68b8df, L:/127.0.0.1:64390 - R:localhost/127.0.0.1:10889]
15:50:17.494 [Forwarding getElementText on session 14f61660-7bcc-4279-b6a3-7163a94e0626 to remote] DEBUG o.a.netty.request.NettyRequestSender - Using pooled Channel '[id: 0x7c68b8df, L:/127.0.0.1:64390 - R:localhost/127.0.0.1:10889]' for 'GET' to 'http://localhost:10889/session/14f61660-7bcc-4279-b6a3-7163a94e0626/element/a75c73c5-7c79-4743-8f1a-7f1deaee46d1/text'
15:50:17.494 [Forwarding getElementText on session 14f61660-7bcc-4279-b6a3-7163a94e0626 to remote] DEBUG o.a.netty.request.NettyRequestSender - Using open Channel [id: 0x7c68b8df, L:/127.0.0.1:64390 - R:localhost/127.0.0.1:10889] for GET '/session/14f61660-7bcc-4279-b6a3-7163a94e0626/element/a75c73c5-7c79-4743-8f1a-7f1deaee46d1/text'
15:50:17.500 [AsyncHttpClient-3-1] DEBUG o.a.netty.handler.HttpHandler - 

Request DefaultFullHttpRequest(decodeResult: success, version: HTTP/1.1, content: EmptyByteBufBE)
GET /session/14f61660-7bcc-4279-b6a3-7163a94e0626/element/a75c73c5-7c79-4743-8f1a-7f1deaee46d1/text HTTP/1.1
User-Agent: selenium/4.0.0-alpha-5 (java windows)
Cache-Control: no-cache
host: localhost:10889
accept: */*

Response DefaultHttpResponse(decodeResult: success, version: HTTP/1.1)
HTTP/1.1 200 OK
content-type: application/json; charset=utf-8
cache-control: no-cache
content-length: 22
date: Thu, 25 Jun 2020 12:50:17 GMT

15:50:17.500 [AsyncHttpClient-3-1] DEBUG o.a.netty.channel.ChannelManager - Adding key: http://localhost:10889 for channel [id: 0x7c68b8df, L:/127.0.0.1:64390 - R:localhost/127.0.0.1:10889]
15:50:17.501 [Forwarding findChildElement on session 14f61660-7bcc-4279-b6a3-7163a94e0626 to remote] DEBUG o.a.netty.request.NettyRequestSender - Using pooled Channel '[id: 0x7c68b8df, L:/127.0.0.1:64390 - R:localhost/127.0.0.1:10889]' for 'POST' to 'http://localhost:10889/session/14f61660-7bcc-4279-b6a3-7163a94e0626/element/d6d485d7-5293-49ee-a73d-de33e4ee48d3/element'
15:50:17.501 [Forwarding findChildElement on session 14f61660-7bcc-4279-b6a3-7163a94e0626 to remote] DEBUG o.a.netty.request.NettyRequestSender - Using open Channel [id: 0x7c68b8df, L:/127.0.0.1:64390 - R:localhost/127.0.0.1:10889] for POST '/session/14f61660-7bcc-4279-b6a3-7163a94e0626/element/d6d485d7-5293-49ee-a73d-de33e4ee48d3/element'
15:50:17.505 [AsyncHttpClient-3-1] DEBUG o.a.netty.handler.HttpHandler - 

Request DefaultHttpRequest(decodeResult: success, version: HTTP/1.1)
POST /session/14f61660-7bcc-4279-b6a3-7163a94e0626/element/d6d485d7-5293-49ee-a73d-de33e4ee48d3/element HTTP/1.1
User-Agent: selenium/4.0.0-alpha-5 (java windows)
Content-Length: 103
Content-Type: application/json; charset=utf-8
host: localhost:10889
accept: */*

Response DefaultHttpResponse(decodeResult: success, version: HTTP/1.1)
HTTP/1.1 200 OK
content-type: application/json; charset=utf-8
cache-control: no-cache
content-length: 88
date: Thu, 25 Jun 2020 12:50:17 GMT

15:50:17.505 [AsyncHttpClient-3-1] DEBUG o.a.netty.channel.ChannelManager - Adding key: http://localhost:10889 for channel [id: 0x7c68b8df, L:/127.0.0.1:64390 - R:localhost/127.0.0.1:10889]
15:50:17.505 [Forwarding getElementText on session 14f61660-7bcc-4279-b6a3-7163a94e0626 to remote] DEBUG o.a.netty.request.NettyRequestSender - Using pooled Channel '[id: 0x7c68b8df, L:/127.0.0.1:64390 - R:localhost/127.0.0.1:10889]' for 'GET' to 'http://localhost:10889/session/14f61660-7bcc-4279-b6a3-7163a94e0626/element/25e4ed5e-ff01-442e-aeb6-62d8be644367/text'
15:50:17.505 [Forwarding getElementText on session 14f61660-7bcc-4279-b6a3-7163a94e0626 to remote] DEBUG o.a.netty.request.NettyRequestSender - Using open Channel [id: 0x7c68b8df, L:/127.0.0.1:64390 - R:localhost/127.0.0.1:10889] for GET '/session/14f61660-7bcc-4279-b6a3-7163a94e0626/element/25e4ed5e-ff01-442e-aeb6-62d8be644367/text'
15:50:17.510 [AsyncHttpClient-3-1] DEBUG o.a.netty.handler.HttpHandler - 

Request DefaultFullHttpRequest(decodeResult: success, version: HTTP/1.1, content: EmptyByteBufBE)
GET /session/14f61660-7bcc-4279-b6a3-7163a94e0626/element/25e4ed5e-ff01-442e-aeb6-62d8be644367/text HTTP/1.1
User-Agent: selenium/4.0.0-alpha-5 (java windows)
Cache-Control: no-cache
host: localhost:10889
accept: */*

Response DefaultHttpResponse(decodeResult: success, version: HTTP/1.1)
HTTP/1.1 200 OK
content-type: application/json; charset=utf-8
cache-control: no-cache
content-length: 21
date: Thu, 25 Jun 2020 12:50:17 GMT

15:50:17.510 [AsyncHttpClient-3-1] DEBUG o.a.netty.channel.ChannelManager - Adding key: http://localhost:10889 for channel [id: 0x7c68b8df, L:/127.0.0.1:64390 - R:localhost/127.0.0.1:10889]
15:50:17.511 [Forwarding findChildElement on session 14f61660-7bcc-4279-b6a3-7163a94e0626 to remote] DEBUG o.a.netty.request.NettyRequestSender - Using pooled Channel '[id: 0x7c68b8df, L:/127.0.0.1:64390 - R:localhost/127.0.0.1:10889]' for 'POST' to 'http://localhost:10889/session/14f61660-7bcc-4279-b6a3-7163a94e0626/element/d6d485d7-5293-49ee-a73d-de33e4ee48d3/element'
15:50:17.511 [Forwarding findChildElement on session 14f61660-7bcc-4279-b6a3-7163a94e0626 to remote] DEBUG o.a.netty.request.NettyRequestSender - Using open Channel [id: 0x7c68b8df, L:/127.0.0.1:64390 - R:localhost/127.0.0.1:10889] for POST '/session/14f61660-7bcc-4279-b6a3-7163a94e0626/element/d6d485d7-5293-49ee-a73d-de33e4ee48d3/element'
15:50:17.515 [AsyncHttpClient-3-1] DEBUG o.a.netty.handler.HttpHandler - 

Request DefaultHttpRequest(decodeResult: success, version: HTTP/1.1)
POST /session/14f61660-7bcc-4279-b6a3-7163a94e0626/element/d6d485d7-5293-49ee-a73d-de33e4ee48d3/element HTTP/1.1
User-Agent: selenium/4.0.0-alpha-5 (java windows)
Content-Length: 103
Content-Type: application/json; charset=utf-8
host: localhost:10889
accept: */*

Response DefaultHttpResponse(decodeResult: success, version: HTTP/1.1)
HTTP/1.1 200 OK
content-type: application/json; charset=utf-8
cache-control: no-cache
content-length: 88
date: Thu, 25 Jun 2020 12:50:17 GMT

15:50:17.515 [AsyncHttpClient-3-1] DEBUG o.a.netty.channel.ChannelManager - Adding key: http://localhost:10889 for channel [id: 0x7c68b8df, L:/127.0.0.1:64390 - R:localhost/127.0.0.1:10889]
15:50:17.515 [Forwarding getElementText on session 14f61660-7bcc-4279-b6a3-7163a94e0626 to remote] DEBUG o.a.netty.request.NettyRequestSender - Using pooled Channel '[id: 0x7c68b8df, L:/127.0.0.1:64390 - R:localhost/127.0.0.1:10889]' for 'GET' to 'http://localhost:10889/session/14f61660-7bcc-4279-b6a3-7163a94e0626/element/a21f8358-95b4-453f-89fe-1f24dcff727b/text'
15:50:17.515 [Forwarding getElementText on session 14f61660-7bcc-4279-b6a3-7163a94e0626 to remote] DEBUG o.a.netty.request.NettyRequestSender - Using open Channel [id: 0x7c68b8df, L:/127.0.0.1:64390 - R:localhost/127.0.0.1:10889] for GET '/session/14f61660-7bcc-4279-b6a3-7163a94e0626/element/a21f8358-95b4-453f-89fe-1f24dcff727b/text'
15:50:17.520 [AsyncHttpClient-3-1] DEBUG o.a.netty.handler.HttpHandler - 

Request DefaultFullHttpRequest(decodeResult: success, version: HTTP/1.1, content: EmptyByteBufBE)
GET /session/14f61660-7bcc-4279-b6a3-7163a94e0626/element/a21f8358-95b4-453f-89fe-1f24dcff727b/text HTTP/1.1
User-Agent: selenium/4.0.0-alpha-5 (java windows)
Cache-Control: no-cache
host: localhost:10889
accept: */*

Response DefaultHttpResponse(decodeResult: success, version: HTTP/1.1)
HTTP/1.1 200 OK
content-type: application/json; charset=utf-8
cache-control: no-cache
content-length: 45
date: Thu, 25 Jun 2020 12:50:17 GMT

15:50:17.520 [AsyncHttpClient-3-1] DEBUG o.a.netty.channel.ChannelManager - Adding key: http://localhost:10889 for channel [id: 0x7c68b8df, L:/127.0.0.1:64390 - R:localhost/127.0.0.1:10889]
15:50:17.521 [Forwarding findChildElement on session 14f61660-7bcc-4279-b6a3-7163a94e0626 to remote] DEBUG o.a.netty.request.NettyRequestSender - Using pooled Channel '[id: 0x7c68b8df, L:/127.0.0.1:64390 - R:localhost/127.0.0.1:10889]' for 'POST' to 'http://localhost:10889/session/14f61660-7bcc-4279-b6a3-7163a94e0626/element/d6d485d7-5293-49ee-a73d-de33e4ee48d3/element'
15:50:17.521 [Forwarding findChildElement on session 14f61660-7bcc-4279-b6a3-7163a94e0626 to remote] DEBUG o.a.netty.request.NettyRequestSender - Using open Channel [id: 0x7c68b8df, L:/127.0.0.1:64390 - R:localhost/127.0.0.1:10889] for POST '/session/14f61660-7bcc-4279-b6a3-7163a94e0626/element/d6d485d7-5293-49ee-a73d-de33e4ee48d3/element'
15:50:17.524 [AsyncHttpClient-3-1] DEBUG o.a.netty.handler.HttpHandler - 

Request DefaultHttpRequest(decodeResult: success, version: HTTP/1.1)
POST /session/14f61660-7bcc-4279-b6a3-7163a94e0626/element/d6d485d7-5293-49ee-a73d-de33e4ee48d3/element HTTP/1.1
User-Agent: selenium/4.0.0-alpha-5 (java windows)
Content-Length: 103
Content-Type: application/json; charset=utf-8
host: localhost:10889
accept: */*

Response DefaultHttpResponse(decodeResult: success, version: HTTP/1.1)
HTTP/1.1 200 OK
content-type: application/json; charset=utf-8
cache-control: no-cache
content-length: 88
date: Thu, 25 Jun 2020 12:50:17 GMT

15:50:17.524 [AsyncHttpClient-3-1] DEBUG o.a.netty.channel.ChannelManager - Adding key: http://localhost:10889 for channel [id: 0x7c68b8df, L:/127.0.0.1:64390 - R:localhost/127.0.0.1:10889]
15:50:17.525 [Forwarding getElementText on session 14f61660-7bcc-4279-b6a3-7163a94e0626 to remote] DEBUG o.a.netty.request.NettyRequestSender - Using pooled Channel '[id: 0x7c68b8df, L:/127.0.0.1:64390 - R:localhost/127.0.0.1:10889]' for 'GET' to 'http://localhost:10889/session/14f61660-7bcc-4279-b6a3-7163a94e0626/element/e985f3d8-8843-4916-afcb-77b81e2d912e/text'
15:50:17.525 [Forwarding getElementText on session 14f61660-7bcc-4279-b6a3-7163a94e0626 to remote] DEBUG o.a.netty.request.NettyRequestSender - Using open Channel [id: 0x7c68b8df, L:/127.0.0.1:64390 - R:localhost/127.0.0.1:10889] for GET '/session/14f61660-7bcc-4279-b6a3-7163a94e0626/element/e985f3d8-8843-4916-afcb-77b81e2d912e/text'
15:50:17.532 [AsyncHttpClient-3-1] DEBUG o.a.netty.handler.HttpHandler - 

Request DefaultFullHttpRequest(decodeResult: success, version: HTTP/1.1, content: EmptyByteBufBE)
GET /session/14f61660-7bcc-4279-b6a3-7163a94e0626/element/e985f3d8-8843-4916-afcb-77b81e2d912e/text HTTP/1.1
User-Agent: selenium/4.0.0-alpha-5 (java windows)
Cache-Control: no-cache
host: localhost:10889
accept: */*

Response DefaultHttpResponse(decodeResult: success, version: HTTP/1.1)
HTTP/1.1 200 OK
content-type: application/json; charset=utf-8
cache-control: no-cache
content-length: 57
date: Thu, 25 Jun 2020 12:50:17 GMT

15:50:17.532 [AsyncHttpClient-3-1] DEBUG o.a.netty.channel.ChannelManager - Adding key: http://localhost:10889 for channel [id: 0x7c68b8df, L:/127.0.0.1:64390 - R:localhost/127.0.0.1:10889]
15:50:17.532 [Forwarding findChildElement on session 14f61660-7bcc-4279-b6a3-7163a94e0626 to remote] DEBUG o.a.netty.request.NettyRequestSender - Using pooled Channel '[id: 0x7c68b8df, L:/127.0.0.1:64390 - R:localhost/127.0.0.1:10889]' for 'POST' to 'http://localhost:10889/session/14f61660-7bcc-4279-b6a3-7163a94e0626/element/d6d485d7-5293-49ee-a73d-de33e4ee48d3/element'
15:50:17.532 [Forwarding findChildElement on session 14f61660-7bcc-4279-b6a3-7163a94e0626 to remote] DEBUG o.a.netty.request.NettyRequestSender - Using open Channel [id: 0x7c68b8df, L:/127.0.0.1:64390 - R:localhost/127.0.0.1:10889] for POST '/session/14f61660-7bcc-4279-b6a3-7163a94e0626/element/d6d485d7-5293-49ee-a73d-de33e4ee48d3/element'
15:50:17.536 [AsyncHttpClient-3-1] DEBUG o.a.netty.handler.HttpHandler - 

Request DefaultHttpRequest(decodeResult: success, version: HTTP/1.1)
POST /session/14f61660-7bcc-4279-b6a3-7163a94e0626/element/d6d485d7-5293-49ee-a73d-de33e4ee48d3/element HTTP/1.1
User-Agent: selenium/4.0.0-alpha-5 (java windows)
Content-Length: 97
Content-Type: application/json; charset=utf-8
host: localhost:10889
accept: */*

Response DefaultHttpResponse(decodeResult: success, version: HTTP/1.1)
HTTP/1.1 200 OK
content-type: application/json; charset=utf-8
cache-control: no-cache
content-length: 88
date: Thu, 25 Jun 2020 12:50:17 GMT

15:50:17.536 [AsyncHttpClient-3-1] DEBUG o.a.netty.channel.ChannelManager - Adding key: http://localhost:10889 for channel [id: 0x7c68b8df, L:/127.0.0.1:64390 - R:localhost/127.0.0.1:10889]
15:50:17.539 [Forwarding getElementAttribute on session 14f61660-7bcc-4279-b6a3-7163a94e0626 to remote] DEBUG o.a.netty.request.NettyRequestSender - Using pooled Channel '[id: 0x7c68b8df, L:/127.0.0.1:64390 - R:localhost/127.0.0.1:10889]' for 'POST' to 'http://localhost:10889/session/14f61660-7bcc-4279-b6a3-7163a94e0626/execute/sync'
15:50:17.539 [Forwarding getElementAttribute on session 14f61660-7bcc-4279-b6a3-7163a94e0626 to remote] DEBUG o.a.netty.request.NettyRequestSender - Using open Channel [id: 0x7c68b8df, L:/127.0.0.1:64390 - R:localhost/127.0.0.1:10889] for POST '/session/14f61660-7bcc-4279-b6a3-7163a94e0626/execute/sync'
15:50:17.551 [AsyncHttpClient-3-1] DEBUG o.a.netty.handler.HttpHandler - 

Request DefaultHttpRequest(decodeResult: success, version: HTTP/1.1)
POST /session/14f61660-7bcc-4279-b6a3-7163a94e0626/execute/sync HTTP/1.1
User-Agent: selenium/4.0.0-alpha-5 (java windows)
Content-Length: 39635
Content-Type: application/json; charset=utf-8
host: localhost:10889
accept: */*

Response DefaultHttpResponse(decodeResult: success, version: HTTP/1.1)
HTTP/1.1 200 OK
content-type: application/json; charset=utf-8
cache-control: no-cache
content-length: 15
date: Thu, 25 Jun 2020 12:50:17 GMT

15:50:17.552 [AsyncHttpClient-3-1] DEBUG o.a.netty.channel.ChannelManager - Adding key: http://localhost:10889 for channel [id: 0x7c68b8df, L:/127.0.0.1:64390 - R:localhost/127.0.0.1:10889]
15:50:17.552 [Forwarding findChildElement on session 14f61660-7bcc-4279-b6a3-7163a94e0626 to remote] DEBUG o.a.netty.request.NettyRequestSender - Using pooled Channel '[id: 0x7c68b8df, L:/127.0.0.1:64390 - R:localhost/127.0.0.1:10889]' for 'POST' to 'http://localhost:10889/session/14f61660-7bcc-4279-b6a3-7163a94e0626/element/683efebf-9775-45ef-98b7-e8acfc71cc2c/element'
15:50:17.552 [Forwarding findChildElement on session 14f61660-7bcc-4279-b6a3-7163a94e0626 to remote] DEBUG o.a.netty.request.NettyRequestSender - Using open Channel [id: 0x7c68b8df, L:/127.0.0.1:64390 - R:localhost/127.0.0.1:10889] for POST '/session/14f61660-7bcc-4279-b6a3-7163a94e0626/element/683efebf-9775-45ef-98b7-e8acfc71cc2c/element'
15:50:17.556 [AsyncHttpClient-3-1] DEBUG o.a.netty.handler.HttpHandler - 

Request DefaultHttpRequest(decodeResult: success, version: HTTP/1.1)
POST /session/14f61660-7bcc-4279-b6a3-7163a94e0626/element/683efebf-9775-45ef-98b7-e8acfc71cc2c/element HTTP/1.1
User-Agent: selenium/4.0.0-alpha-5 (java windows)
Content-Length: 103
Content-Type: application/json; charset=utf-8
host: localhost:10889
accept: */*

Response DefaultHttpResponse(decodeResult: success, version: HTTP/1.1)
HTTP/1.1 200 OK
content-type: application/json; charset=utf-8
cache-control: no-cache
content-length: 88
date: Thu, 25 Jun 2020 12:50:17 GMT

15:50:17.556 [AsyncHttpClient-3-1] DEBUG o.a.netty.channel.ChannelManager - Adding key: http://localhost:10889 for channel [id: 0x7c68b8df, L:/127.0.0.1:64390 - R:localhost/127.0.0.1:10889]
15:50:17.556 [Forwarding getElementText on session 14f61660-7bcc-4279-b6a3-7163a94e0626 to remote] DEBUG o.a.netty.request.NettyRequestSender - Using pooled Channel '[id: 0x7c68b8df, L:/127.0.0.1:64390 - R:localhost/127.0.0.1:10889]' for 'GET' to 'http://localhost:10889/session/14f61660-7bcc-4279-b6a3-7163a94e0626/element/99ed9af5-e96d-457b-9495-989712645c53/text'
15:50:17.556 [Forwarding getElementText on session 14f61660-7bcc-4279-b6a3-7163a94e0626 to remote] DEBUG o.a.netty.request.NettyRequestSender - Using open Channel [id: 0x7c68b8df, L:/127.0.0.1:64390 - R:localhost/127.0.0.1:10889] for GET '/session/14f61660-7bcc-4279-b6a3-7163a94e0626/element/99ed9af5-e96d-457b-9495-989712645c53/text'
15:50:17.561 [AsyncHttpClient-3-1] DEBUG o.a.netty.handler.HttpHandler - 

Request DefaultFullHttpRequest(decodeResult: success, version: HTTP/1.1, content: EmptyByteBufBE)
GET /session/14f61660-7bcc-4279-b6a3-7163a94e0626/element/99ed9af5-e96d-457b-9495-989712645c53/text HTTP/1.1
User-Agent: selenium/4.0.0-alpha-5 (java windows)
Cache-Control: no-cache
host: localhost:10889
accept: */*

Response DefaultHttpResponse(decodeResult: success, version: HTTP/1.1)
HTTP/1.1 200 OK
content-type: application/json; charset=utf-8
cache-control: no-cache
content-length: 18
date: Thu, 25 Jun 2020 12:50:17 GMT

15:50:17.561 [AsyncHttpClient-3-1] DEBUG o.a.netty.channel.ChannelManager - Adding key: http://localhost:10889 for channel [id: 0x7c68b8df, L:/127.0.0.1:64390 - R:localhost/127.0.0.1:10889]
15:50:17.561 [Forwarding findChildElement on session 14f61660-7bcc-4279-b6a3-7163a94e0626 to remote] DEBUG o.a.netty.request.NettyRequestSender - Using pooled Channel '[id: 0x7c68b8df, L:/127.0.0.1:64390 - R:localhost/127.0.0.1:10889]' for 'POST' to 'http://localhost:10889/session/14f61660-7bcc-4279-b6a3-7163a94e0626/element/683efebf-9775-45ef-98b7-e8acfc71cc2c/element'
15:50:17.561 [Forwarding findChildElement on session 14f61660-7bcc-4279-b6a3-7163a94e0626 to remote] DEBUG o.a.netty.request.NettyRequestSender - Using open Channel [id: 0x7c68b8df, L:/127.0.0.1:64390 - R:localhost/127.0.0.1:10889] for POST '/session/14f61660-7bcc-4279-b6a3-7163a94e0626/element/683efebf-9775-45ef-98b7-e8acfc71cc2c/element'
15:50:17.565 [AsyncHttpClient-3-1] DEBUG o.a.netty.handler.HttpHandler - 

Request DefaultHttpRequest(decodeResult: success, version: HTTP/1.1)
POST /session/14f61660-7bcc-4279-b6a3-7163a94e0626/element/683efebf-9775-45ef-98b7-e8acfc71cc2c/element HTTP/1.1
User-Agent: selenium/4.0.0-alpha-5 (java windows)
Content-Length: 103
Content-Type: application/json; charset=utf-8
host: localhost:10889
accept: */*

Response DefaultHttpResponse(decodeResult: success, version: HTTP/1.1)
HTTP/1.1 200 OK
content-type: application/json; charset=utf-8
cache-control: no-cache
content-length: 88
date: Thu, 25 Jun 2020 12:50:17 GMT

15:50:17.565 [AsyncHttpClient-3-1] DEBUG o.a.netty.channel.ChannelManager - Adding key: http://localhost:10889 for channel [id: 0x7c68b8df, L:/127.0.0.1:64390 - R:localhost/127.0.0.1:10889]
15:50:17.565 [Forwarding getElementText on session 14f61660-7bcc-4279-b6a3-7163a94e0626 to remote] DEBUG o.a.netty.request.NettyRequestSender - Using pooled Channel '[id: 0x7c68b8df, L:/127.0.0.1:64390 - R:localhost/127.0.0.1:10889]' for 'GET' to 'http://localhost:10889/session/14f61660-7bcc-4279-b6a3-7163a94e0626/element/fb7f1ca3-e561-43f7-9976-763630dbdceb/text'
15:50:17.565 [Forwarding getElementText on session 14f61660-7bcc-4279-b6a3-7163a94e0626 to remote] DEBUG o.a.netty.request.NettyRequestSender - Using open Channel [id: 0x7c68b8df, L:/127.0.0.1:64390 - R:localhost/127.0.0.1:10889] for GET '/session/14f61660-7bcc-4279-b6a3-7163a94e0626/element/fb7f1ca3-e561-43f7-9976-763630dbdceb/text'
15:50:17.570 [AsyncHttpClient-3-1] DEBUG o.a.netty.handler.HttpHandler - 

Request DefaultFullHttpRequest(decodeResult: success, version: HTTP/1.1, content: EmptyByteBufBE)
GET /session/14f61660-7bcc-4279-b6a3-7163a94e0626/element/fb7f1ca3-e561-43f7-9976-763630dbdceb/text HTTP/1.1
User-Agent: selenium/4.0.0-alpha-5 (java windows)
Cache-Control: no-cache
host: localhost:10889
accept: */*

Response DefaultHttpResponse(decodeResult: success, version: HTTP/1.1)
HTTP/1.1 200 OK
content-type: application/json; charset=utf-8
cache-control: no-cache
content-length: 22
date: Thu, 25 Jun 2020 12:50:17 GMT

15:50:17.571 [AsyncHttpClient-3-1] DEBUG o.a.netty.channel.ChannelManager - Adding key: http://localhost:10889 for channel [id: 0x7c68b8df, L:/127.0.0.1:64390 - R:localhost/127.0.0.1:10889]
15:50:17.571 [Forwarding findChildElement on session 14f61660-7bcc-4279-b6a3-7163a94e0626 to remote] DEBUG o.a.netty.request.NettyRequestSender - Using pooled Channel '[id: 0x7c68b8df, L:/127.0.0.1:64390 - R:localhost/127.0.0.1:10889]' for 'POST' to 'http://localhost:10889/session/14f61660-7bcc-4279-b6a3-7163a94e0626/element/683efebf-9775-45ef-98b7-e8acfc71cc2c/element'
15:50:17.571 [Forwarding findChildElement on session 14f61660-7bcc-4279-b6a3-7163a94e0626 to remote] DEBUG o.a.netty.request.NettyRequestSender - Using open Channel [id: 0x7c68b8df, L:/127.0.0.1:64390 - R:localhost/127.0.0.1:10889] for POST '/session/14f61660-7bcc-4279-b6a3-7163a94e0626/element/683efebf-9775-45ef-98b7-e8acfc71cc2c/element'
15:50:17.574 [AsyncHttpClient-3-1] DEBUG o.a.netty.handler.HttpHandler - 

Request DefaultHttpRequest(decodeResult: success, version: HTTP/1.1)
POST /session/14f61660-7bcc-4279-b6a3-7163a94e0626/element/683efebf-9775-45ef-98b7-e8acfc71cc2c/element HTTP/1.1
User-Agent: selenium/4.0.0-alpha-5 (java windows)
Content-Length: 103
Content-Type: application/json; charset=utf-8
host: localhost:10889
accept: */*

Response DefaultHttpResponse(decodeResult: success, version: HTTP/1.1)
HTTP/1.1 200 OK
content-type: application/json; charset=utf-8
cache-control: no-cache
content-length: 88
date: Thu, 25 Jun 2020 12:50:17 GMT

15:50:17.574 [AsyncHttpClient-3-1] DEBUG o.a.netty.channel.ChannelManager - Adding key: http://localhost:10889 for channel [id: 0x7c68b8df, L:/127.0.0.1:64390 - R:localhost/127.0.0.1:10889]
15:50:17.575 [Forwarding getElementText on session 14f61660-7bcc-4279-b6a3-7163a94e0626 to remote] DEBUG o.a.netty.request.NettyRequestSender - Using pooled Channel '[id: 0x7c68b8df, L:/127.0.0.1:64390 - R:localhost/127.0.0.1:10889]' for 'GET' to 'http://localhost:10889/session/14f61660-7bcc-4279-b6a3-7163a94e0626/element/bcab6242-7cd6-4f21-bf60-648a69db5c5d/text'
15:50:17.575 [Forwarding getElementText on session 14f61660-7bcc-4279-b6a3-7163a94e0626 to remote] DEBUG o.a.netty.request.NettyRequestSender - Using open Channel [id: 0x7c68b8df, L:/127.0.0.1:64390 - R:localhost/127.0.0.1:10889] for GET '/session/14f61660-7bcc-4279-b6a3-7163a94e0626/element/bcab6242-7cd6-4f21-bf60-648a69db5c5d/text'
15:50:17.580 [AsyncHttpClient-3-1] DEBUG o.a.netty.handler.HttpHandler - 

Request DefaultFullHttpRequest(decodeResult: success, version: HTTP/1.1, content: EmptyByteBufBE)
GET /session/14f61660-7bcc-4279-b6a3-7163a94e0626/element/bcab6242-7cd6-4f21-bf60-648a69db5c5d/text HTTP/1.1
User-Agent: selenium/4.0.0-alpha-5 (java windows)
Cache-Control: no-cache
host: localhost:10889
accept: */*

Response DefaultHttpResponse(decodeResult: success, version: HTTP/1.1)
HTTP/1.1 200 OK
content-type: application/json; charset=utf-8
cache-control: no-cache
content-length: 21
date: Thu, 25 Jun 2020 12:50:17 GMT

15:50:17.580 [AsyncHttpClient-3-1] DEBUG o.a.netty.channel.ChannelManager - Adding key: http://localhost:10889 for channel [id: 0x7c68b8df, L:/127.0.0.1:64390 - R:localhost/127.0.0.1:10889]
15:50:17.580 [Forwarding findChildElement on session 14f61660-7bcc-4279-b6a3-7163a94e0626 to remote] DEBUG o.a.netty.request.NettyRequestSender - Using pooled Channel '[id: 0x7c68b8df, L:/127.0.0.1:64390 - R:localhost/127.0.0.1:10889]' for 'POST' to 'http://localhost:10889/session/14f61660-7bcc-4279-b6a3-7163a94e0626/element/683efebf-9775-45ef-98b7-e8acfc71cc2c/element'
15:50:17.580 [Forwarding findChildElement on session 14f61660-7bcc-4279-b6a3-7163a94e0626 to remote] DEBUG o.a.netty.request.NettyRequestSender - Using open Channel [id: 0x7c68b8df, L:/127.0.0.1:64390 - R:localhost/127.0.0.1:10889] for POST '/session/14f61660-7bcc-4279-b6a3-7163a94e0626/element/683efebf-9775-45ef-98b7-e8acfc71cc2c/element'
15:50:17.584 [AsyncHttpClient-3-1] DEBUG o.a.netty.handler.HttpHandler - 

Request DefaultHttpRequest(decodeResult: success, version: HTTP/1.1)
POST /session/14f61660-7bcc-4279-b6a3-7163a94e0626/element/683efebf-9775-45ef-98b7-e8acfc71cc2c/element HTTP/1.1
User-Agent: selenium/4.0.0-alpha-5 (java windows)
Content-Length: 103
Content-Type: application/json; charset=utf-8
host: localhost:10889
accept: */*

Response DefaultHttpResponse(decodeResult: success, version: HTTP/1.1)
HTTP/1.1 200 OK
content-type: application/json; charset=utf-8
cache-control: no-cache
content-length: 88
date: Thu, 25 Jun 2020 12:50:17 GMT

15:50:17.585 [AsyncHttpClient-3-1] DEBUG o.a.netty.channel.ChannelManager - Adding key: http://localhost:10889 for channel [id: 0x7c68b8df, L:/127.0.0.1:64390 - R:localhost/127.0.0.1:10889]
15:50:17.585 [Forwarding getElementText on session 14f61660-7bcc-4279-b6a3-7163a94e0626 to remote] DEBUG o.a.netty.request.NettyRequestSender - Using pooled Channel '[id: 0x7c68b8df, L:/127.0.0.1:64390 - R:localhost/127.0.0.1:10889]' for 'GET' to 'http://localhost:10889/session/14f61660-7bcc-4279-b6a3-7163a94e0626/element/ad13b32e-a802-408d-8d84-64d47d662769/text'
15:50:17.585 [Forwarding getElementText on session 14f61660-7bcc-4279-b6a3-7163a94e0626 to remote] DEBUG o.a.netty.request.NettyRequestSender - Using open Channel [id: 0x7c68b8df, L:/127.0.0.1:64390 - R:localhost/127.0.0.1:10889] for GET '/session/14f61660-7bcc-4279-b6a3-7163a94e0626/element/ad13b32e-a802-408d-8d84-64d47d662769/text'
15:50:17.590 [AsyncHttpClient-3-1] DEBUG o.a.netty.handler.HttpHandler - 

Request DefaultFullHttpRequest(decodeResult: success, version: HTTP/1.1, content: EmptyByteBufBE)
GET /session/14f61660-7bcc-4279-b6a3-7163a94e0626/element/ad13b32e-a802-408d-8d84-64d47d662769/text HTTP/1.1
User-Agent: selenium/4.0.0-alpha-5 (java windows)
Cache-Control: no-cache
host: localhost:10889
accept: */*

Response DefaultHttpResponse(decodeResult: success, version: HTTP/1.1)
HTTP/1.1 200 OK
content-type: application/json; charset=utf-8
cache-control: no-cache
content-length: 45
date: Thu, 25 Jun 2020 12:50:17 GMT

15:50:17.590 [AsyncHttpClient-3-1] DEBUG o.a.netty.channel.ChannelManager - Adding key: http://localhost:10889 for channel [id: 0x7c68b8df, L:/127.0.0.1:64390 - R:localhost/127.0.0.1:10889]
15:50:17.590 [Forwarding findChildElement on session 14f61660-7bcc-4279-b6a3-7163a94e0626 to remote] DEBUG o.a.netty.request.NettyRequestSender - Using pooled Channel '[id: 0x7c68b8df, L:/127.0.0.1:64390 - R:localhost/127.0.0.1:10889]' for 'POST' to 'http://localhost:10889/session/14f61660-7bcc-4279-b6a3-7163a94e0626/element/683efebf-9775-45ef-98b7-e8acfc71cc2c/element'
15:50:17.590 [Forwarding findChildElement on session 14f61660-7bcc-4279-b6a3-7163a94e0626 to remote] DEBUG o.a.netty.request.NettyRequestSender - Using open Channel [id: 0x7c68b8df, L:/127.0.0.1:64390 - R:localhost/127.0.0.1:10889] for POST '/session/14f61660-7bcc-4279-b6a3-7163a94e0626/element/683efebf-9775-45ef-98b7-e8acfc71cc2c/element'
15:50:17.594 [AsyncHttpClient-3-1] DEBUG o.a.netty.handler.HttpHandler - 

Request DefaultHttpRequest(decodeResult: success, version: HTTP/1.1)
POST /session/14f61660-7bcc-4279-b6a3-7163a94e0626/element/683efebf-9775-45ef-98b7-e8acfc71cc2c/element HTTP/1.1
User-Agent: selenium/4.0.0-alpha-5 (java windows)
Content-Length: 103
Content-Type: application/json; charset=utf-8
host: localhost:10889
accept: */*

Response DefaultHttpResponse(decodeResult: success, version: HTTP/1.1)
HTTP/1.1 200 OK
content-type: application/json; charset=utf-8
cache-control: no-cache
content-length: 88
date: Thu, 25 Jun 2020 12:50:17 GMT

15:50:17.594 [AsyncHttpClient-3-1] DEBUG o.a.netty.channel.ChannelManager - Adding key: http://localhost:10889 for channel [id: 0x7c68b8df, L:/127.0.0.1:64390 - R:localhost/127.0.0.1:10889]
15:50:17.594 [Forwarding getElementText on session 14f61660-7bcc-4279-b6a3-7163a94e0626 to remote] DEBUG o.a.netty.request.NettyRequestSender - Using pooled Channel '[id: 0x7c68b8df, L:/127.0.0.1:64390 - R:localhost/127.0.0.1:10889]' for 'GET' to 'http://localhost:10889/session/14f61660-7bcc-4279-b6a3-7163a94e0626/element/dbc16d72-3028-45ca-9d96-2a63eef5b658/text'
15:50:17.594 [Forwarding getElementText on session 14f61660-7bcc-4279-b6a3-7163a94e0626 to remote] DEBUG o.a.netty.request.NettyRequestSender - Using open Channel [id: 0x7c68b8df, L:/127.0.0.1:64390 - R:localhost/127.0.0.1:10889] for GET '/session/14f61660-7bcc-4279-b6a3-7163a94e0626/element/dbc16d72-3028-45ca-9d96-2a63eef5b658/text'
15:50:17.601 [AsyncHttpClient-3-1] DEBUG o.a.netty.handler.HttpHandler - 

Request DefaultFullHttpRequest(decodeResult: success, version: HTTP/1.1, content: EmptyByteBufBE)
GET /session/14f61660-7bcc-4279-b6a3-7163a94e0626/element/dbc16d72-3028-45ca-9d96-2a63eef5b658/text HTTP/1.1
User-Agent: selenium/4.0.0-alpha-5 (java windows)
Cache-Control: no-cache
host: localhost:10889
accept: */*

Response DefaultHttpResponse(decodeResult: success, version: HTTP/1.1)
HTTP/1.1 200 OK
content-type: application/json; charset=utf-8
cache-control: no-cache
content-length: 57
date: Thu, 25 Jun 2020 12:50:17 GMT

15:50:17.601 [AsyncHttpClient-3-1] DEBUG o.a.netty.channel.ChannelManager - Adding key: http://localhost:10889 for channel [id: 0x7c68b8df, L:/127.0.0.1:64390 - R:localhost/127.0.0.1:10889]
15:50:17.601 [Forwarding findChildElement on session 14f61660-7bcc-4279-b6a3-7163a94e0626 to remote] DEBUG o.a.netty.request.NettyRequestSender - Using pooled Channel '[id: 0x7c68b8df, L:/127.0.0.1:64390 - R:localhost/127.0.0.1:10889]' for 'POST' to 'http://localhost:10889/session/14f61660-7bcc-4279-b6a3-7163a94e0626/element/683efebf-9775-45ef-98b7-e8acfc71cc2c/element'
15:50:17.601 [Forwarding findChildElement on session 14f61660-7bcc-4279-b6a3-7163a94e0626 to remote] DEBUG o.a.netty.request.NettyRequestSender - Using open Channel [id: 0x7c68b8df, L:/127.0.0.1:64390 - R:localhost/127.0.0.1:10889] for POST '/session/14f61660-7bcc-4279-b6a3-7163a94e0626/element/683efebf-9775-45ef-98b7-e8acfc71cc2c/element'
15:50:17.605 [AsyncHttpClient-3-1] DEBUG o.a.netty.handler.HttpHandler - 

Request DefaultHttpRequest(decodeResult: success, version: HTTP/1.1)
POST /session/14f61660-7bcc-4279-b6a3-7163a94e0626/element/683efebf-9775-45ef-98b7-e8acfc71cc2c/element HTTP/1.1
User-Agent: selenium/4.0.0-alpha-5 (java windows)
Content-Length: 97
Content-Type: application/json; charset=utf-8
host: localhost:10889
accept: */*

Response DefaultHttpResponse(decodeResult: success, version: HTTP/1.1)
HTTP/1.1 200 OK
content-type: application/json; charset=utf-8
cache-control: no-cache
content-length: 88
date: Thu, 25 Jun 2020 12:50:17 GMT

15:50:17.605 [AsyncHttpClient-3-1] DEBUG o.a.netty.channel.ChannelManager - Adding key: http://localhost:10889 for channel [id: 0x7c68b8df, L:/127.0.0.1:64390 - R:localhost/127.0.0.1:10889]
15:50:17.608 [Forwarding getElementAttribute on session 14f61660-7bcc-4279-b6a3-7163a94e0626 to remote] DEBUG o.a.netty.request.NettyRequestSender - Using pooled Channel '[id: 0x7c68b8df, L:/127.0.0.1:64390 - R:localhost/127.0.0.1:10889]' for 'POST' to 'http://localhost:10889/session/14f61660-7bcc-4279-b6a3-7163a94e0626/execute/sync'
15:50:17.608 [Forwarding getElementAttribute on session 14f61660-7bcc-4279-b6a3-7163a94e0626 to remote] DEBUG o.a.netty.request.NettyRequestSender - Using open Channel [id: 0x7c68b8df, L:/127.0.0.1:64390 - R:localhost/127.0.0.1:10889] for POST '/session/14f61660-7bcc-4279-b6a3-7163a94e0626/execute/sync'
15:50:17.621 [AsyncHttpClient-3-1] DEBUG o.a.netty.handler.HttpHandler - 

Request DefaultHttpRequest(decodeResult: success, version: HTTP/1.1)
POST /session/14f61660-7bcc-4279-b6a3-7163a94e0626/execute/sync HTTP/1.1
User-Agent: selenium/4.0.0-alpha-5 (java windows)
Content-Length: 39635
Content-Type: application/json; charset=utf-8
host: localhost:10889
accept: */*

Response DefaultHttpResponse(decodeResult: success, version: HTTP/1.1)
HTTP/1.1 200 OK
content-type: application/json; charset=utf-8
cache-control: no-cache
content-length: 15
date: Thu, 25 Jun 2020 12:50:17 GMT

15:50:17.621 [AsyncHttpClient-3-1] DEBUG o.a.netty.channel.ChannelManager - Adding key: http://localhost:10889 for channel [id: 0x7c68b8df, L:/127.0.0.1:64390 - R:localhost/127.0.0.1:10889]
15:50:17.621 [Forwarding findChildElement on session 14f61660-7bcc-4279-b6a3-7163a94e0626 to remote] DEBUG o.a.netty.request.NettyRequestSender - Using pooled Channel '[id: 0x7c68b8df, L:/127.0.0.1:64390 - R:localhost/127.0.0.1:10889]' for 'POST' to 'http://localhost:10889/session/14f61660-7bcc-4279-b6a3-7163a94e0626/element/56c11bba-fb44-44bb-ba39-0dcf00c22982/element'
15:50:17.621 [Forwarding findChildElement on session 14f61660-7bcc-4279-b6a3-7163a94e0626 to remote] DEBUG o.a.netty.request.NettyRequestSender - Using open Channel [id: 0x7c68b8df, L:/127.0.0.1:64390 - R:localhost/127.0.0.1:10889] for POST '/session/14f61660-7bcc-4279-b6a3-7163a94e0626/element/56c11bba-fb44-44bb-ba39-0dcf00c22982/element'
15:50:17.625 [AsyncHttpClient-3-1] DEBUG o.a.netty.handler.HttpHandler - 

Request DefaultHttpRequest(decodeResult: success, version: HTTP/1.1)
POST /session/14f61660-7bcc-4279-b6a3-7163a94e0626/element/56c11bba-fb44-44bb-ba39-0dcf00c22982/element HTTP/1.1
User-Agent: selenium/4.0.0-alpha-5 (java windows)
Content-Length: 103
Content-Type: application/json; charset=utf-8
host: localhost:10889
accept: */*

Response DefaultHttpResponse(decodeResult: success, version: HTTP/1.1)
HTTP/1.1 200 OK
content-type: application/json; charset=utf-8
cache-control: no-cache
content-length: 88
date: Thu, 25 Jun 2020 12:50:17 GMT

15:50:17.625 [AsyncHttpClient-3-1] DEBUG o.a.netty.channel.ChannelManager - Adding key: http://localhost:10889 for channel [id: 0x7c68b8df, L:/127.0.0.1:64390 - R:localhost/127.0.0.1:10889]
15:50:17.625 [Forwarding getElementText on session 14f61660-7bcc-4279-b6a3-7163a94e0626 to remote] DEBUG o.a.netty.request.NettyRequestSender - Using pooled Channel '[id: 0x7c68b8df, L:/127.0.0.1:64390 - R:localhost/127.0.0.1:10889]' for 'GET' to 'http://localhost:10889/session/14f61660-7bcc-4279-b6a3-7163a94e0626/element/92f58b76-6465-42ee-8eeb-a5d9ceeb7c73/text'
15:50:17.625 [Forwarding getElementText on session 14f61660-7bcc-4279-b6a3-7163a94e0626 to remote] DEBUG o.a.netty.request.NettyRequestSender - Using open Channel [id: 0x7c68b8df, L:/127.0.0.1:64390 - R:localhost/127.0.0.1:10889] for GET '/session/14f61660-7bcc-4279-b6a3-7163a94e0626/element/92f58b76-6465-42ee-8eeb-a5d9ceeb7c73/text'
15:50:17.629 [AsyncHttpClient-3-1] DEBUG o.a.netty.handler.HttpHandler - 

Request DefaultFullHttpRequest(decodeResult: success, version: HTTP/1.1, content: EmptyByteBufBE)
GET /session/14f61660-7bcc-4279-b6a3-7163a94e0626/element/92f58b76-6465-42ee-8eeb-a5d9ceeb7c73/text HTTP/1.1
User-Agent: selenium/4.0.0-alpha-5 (java windows)
Cache-Control: no-cache
host: localhost:10889
accept: */*

Response DefaultHttpResponse(decodeResult: success, version: HTTP/1.1)
HTTP/1.1 200 OK
content-type: application/json; charset=utf-8
cache-control: no-cache
content-length: 18
date: Thu, 25 Jun 2020 12:50:17 GMT

15:50:17.629 [AsyncHttpClient-3-1] DEBUG o.a.netty.channel.ChannelManager - Adding key: http://localhost:10889 for channel [id: 0x7c68b8df, L:/127.0.0.1:64390 - R:localhost/127.0.0.1:10889]
15:50:17.630 [Forwarding findChildElement on session 14f61660-7bcc-4279-b6a3-7163a94e0626 to remote] DEBUG o.a.netty.request.NettyRequestSender - Using pooled Channel '[id: 0x7c68b8df, L:/127.0.0.1:64390 - R:localhost/127.0.0.1:10889]' for 'POST' to 'http://localhost:10889/session/14f61660-7bcc-4279-b6a3-7163a94e0626/element/56c11bba-fb44-44bb-ba39-0dcf00c22982/element'
15:50:17.630 [Forwarding findChildElement on session 14f61660-7bcc-4279-b6a3-7163a94e0626 to remote] DEBUG o.a.netty.request.NettyRequestSender - Using open Channel [id: 0x7c68b8df, L:/127.0.0.1:64390 - R:localhost/127.0.0.1:10889] for POST '/session/14f61660-7bcc-4279-b6a3-7163a94e0626/element/56c11bba-fb44-44bb-ba39-0dcf00c22982/element'
15:50:17.633 [AsyncHttpClient-3-1] DEBUG o.a.netty.handler.HttpHandler - 

Request DefaultHttpRequest(decodeResult: success, version: HTTP/1.1)
POST /session/14f61660-7bcc-4279-b6a3-7163a94e0626/element/56c11bba-fb44-44bb-ba39-0dcf00c22982/element HTTP/1.1
User-Agent: selenium/4.0.0-alpha-5 (java windows)
Content-Length: 103
Content-Type: application/json; charset=utf-8
host: localhost:10889
accept: */*

Response DefaultHttpResponse(decodeResult: success, version: HTTP/1.1)
HTTP/1.1 200 OK
content-type: application/json; charset=utf-8
cache-control: no-cache
content-length: 88
date: Thu, 25 Jun 2020 12:50:17 GMT

15:50:17.633 [AsyncHttpClient-3-1] DEBUG o.a.netty.channel.ChannelManager - Adding key: http://localhost:10889 for channel [id: 0x7c68b8df, L:/127.0.0.1:64390 - R:localhost/127.0.0.1:10889]
15:50:17.633 [Forwarding getElementText on session 14f61660-7bcc-4279-b6a3-7163a94e0626 to remote] DEBUG o.a.netty.request.NettyRequestSender - Using pooled Channel '[id: 0x7c68b8df, L:/127.0.0.1:64390 - R:localhost/127.0.0.1:10889]' for 'GET' to 'http://localhost:10889/session/14f61660-7bcc-4279-b6a3-7163a94e0626/element/92aad920-57b7-4c76-b068-852c55c8dfb3/text'
15:50:17.633 [Forwarding getElementText on session 14f61660-7bcc-4279-b6a3-7163a94e0626 to remote] DEBUG o.a.netty.request.NettyRequestSender - Using open Channel [id: 0x7c68b8df, L:/127.0.0.1:64390 - R:localhost/127.0.0.1:10889] for GET '/session/14f61660-7bcc-4279-b6a3-7163a94e0626/element/92aad920-57b7-4c76-b068-852c55c8dfb3/text'
15:50:17.637 [AsyncHttpClient-3-1] DEBUG o.a.netty.handler.HttpHandler - 

Request DefaultFullHttpRequest(decodeResult: success, version: HTTP/1.1, content: EmptyByteBufBE)
GET /session/14f61660-7bcc-4279-b6a3-7163a94e0626/element/92aad920-57b7-4c76-b068-852c55c8dfb3/text HTTP/1.1
User-Agent: selenium/4.0.0-alpha-5 (java windows)
Cache-Control: no-cache
host: localhost:10889
accept: */*

Response DefaultHttpResponse(decodeResult: success, version: HTTP/1.1)
HTTP/1.1 200 OK
content-type: application/json; charset=utf-8
cache-control: no-cache
content-length: 22
date: Thu, 25 Jun 2020 12:50:17 GMT

15:50:17.638 [AsyncHttpClient-3-1] DEBUG o.a.netty.channel.ChannelManager - Adding key: http://localhost:10889 for channel [id: 0x7c68b8df, L:/127.0.0.1:64390 - R:localhost/127.0.0.1:10889]
15:50:17.638 [Forwarding findChildElement on session 14f61660-7bcc-4279-b6a3-7163a94e0626 to remote] DEBUG o.a.netty.request.NettyRequestSender - Using pooled Channel '[id: 0x7c68b8df, L:/127.0.0.1:64390 - R:localhost/127.0.0.1:10889]' for 'POST' to 'http://localhost:10889/session/14f61660-7bcc-4279-b6a3-7163a94e0626/element/56c11bba-fb44-44bb-ba39-0dcf00c22982/element'
15:50:17.638 [Forwarding findChildElement on session 14f61660-7bcc-4279-b6a3-7163a94e0626 to remote] DEBUG o.a.netty.request.NettyRequestSender - Using open Channel [id: 0x7c68b8df, L:/127.0.0.1:64390 - R:localhost/127.0.0.1:10889] for POST '/session/14f61660-7bcc-4279-b6a3-7163a94e0626/element/56c11bba-fb44-44bb-ba39-0dcf00c22982/element'
15:50:17.642 [AsyncHttpClient-3-1] DEBUG o.a.netty.handler.HttpHandler - 

Request DefaultHttpRequest(decodeResult: success, version: HTTP/1.1)
POST /session/14f61660-7bcc-4279-b6a3-7163a94e0626/element/56c11bba-fb44-44bb-ba39-0dcf00c22982/element HTTP/1.1
User-Agent: selenium/4.0.0-alpha-5 (java windows)
Content-Length: 103
Content-Type: application/json; charset=utf-8
host: localhost:10889
accept: */*

Response DefaultHttpResponse(decodeResult: success, version: HTTP/1.1)
HTTP/1.1 200 OK
content-type: application/json; charset=utf-8
cache-control: no-cache
content-length: 88
date: Thu, 25 Jun 2020 12:50:17 GMT

15:50:17.642 [AsyncHttpClient-3-1] DEBUG o.a.netty.channel.ChannelManager - Adding key: http://localhost:10889 for channel [id: 0x7c68b8df, L:/127.0.0.1:64390 - R:localhost/127.0.0.1:10889]
15:50:17.642 [Forwarding getElementText on session 14f61660-7bcc-4279-b6a3-7163a94e0626 to remote] DEBUG o.a.netty.request.NettyRequestSender - Using pooled Channel '[id: 0x7c68b8df, L:/127.0.0.1:64390 - R:localhost/127.0.0.1:10889]' for 'GET' to 'http://localhost:10889/session/14f61660-7bcc-4279-b6a3-7163a94e0626/element/e822e46c-855f-4245-a23f-e208ab4875f8/text'
15:50:17.642 [Forwarding getElementText on session 14f61660-7bcc-4279-b6a3-7163a94e0626 to remote] DEBUG o.a.netty.request.NettyRequestSender - Using open Channel [id: 0x7c68b8df, L:/127.0.0.1:64390 - R:localhost/127.0.0.1:10889] for GET '/session/14f61660-7bcc-4279-b6a3-7163a94e0626/element/e822e46c-855f-4245-a23f-e208ab4875f8/text'
15:50:17.646 [AsyncHttpClient-3-1] DEBUG o.a.netty.handler.HttpHandler - 

Request DefaultFullHttpRequest(decodeResult: success, version: HTTP/1.1, content: EmptyByteBufBE)
GET /session/14f61660-7bcc-4279-b6a3-7163a94e0626/element/e822e46c-855f-4245-a23f-e208ab4875f8/text HTTP/1.1
User-Agent: selenium/4.0.0-alpha-5 (java windows)
Cache-Control: no-cache
host: localhost:10889
accept: */*

Response DefaultHttpResponse(decodeResult: success, version: HTTP/1.1)
HTTP/1.1 200 OK
content-type: application/json; charset=utf-8
cache-control: no-cache
content-length: 21
date: Thu, 25 Jun 2020 12:50:17 GMT

15:50:17.647 [AsyncHttpClient-3-1] DEBUG o.a.netty.channel.ChannelManager - Adding key: http://localhost:10889 for channel [id: 0x7c68b8df, L:/127.0.0.1:64390 - R:localhost/127.0.0.1:10889]
15:50:17.647 [Forwarding findChildElement on session 14f61660-7bcc-4279-b6a3-7163a94e0626 to remote] DEBUG o.a.netty.request.NettyRequestSender - Using pooled Channel '[id: 0x7c68b8df, L:/127.0.0.1:64390 - R:localhost/127.0.0.1:10889]' for 'POST' to 'http://localhost:10889/session/14f61660-7bcc-4279-b6a3-7163a94e0626/element/56c11bba-fb44-44bb-ba39-0dcf00c22982/element'
15:50:17.647 [Forwarding findChildElement on session 14f61660-7bcc-4279-b6a3-7163a94e0626 to remote] DEBUG o.a.netty.request.NettyRequestSender - Using open Channel [id: 0x7c68b8df, L:/127.0.0.1:64390 - R:localhost/127.0.0.1:10889] for POST '/session/14f61660-7bcc-4279-b6a3-7163a94e0626/element/56c11bba-fb44-44bb-ba39-0dcf00c22982/element'
15:50:17.651 [AsyncHttpClient-3-1] DEBUG o.a.netty.handler.HttpHandler - 

Request DefaultHttpRequest(decodeResult: success, version: HTTP/1.1)
POST /session/14f61660-7bcc-4279-b6a3-7163a94e0626/element/56c11bba-fb44-44bb-ba39-0dcf00c22982/element HTTP/1.1
User-Agent: selenium/4.0.0-alpha-5 (java windows)
Content-Length: 103
Content-Type: application/json; charset=utf-8
host: localhost:10889
accept: */*

Response DefaultHttpResponse(decodeResult: success, version: HTTP/1.1)
HTTP/1.1 200 OK
content-type: application/json; charset=utf-8
cache-control: no-cache
content-length: 88
date: Thu, 25 Jun 2020 12:50:17 GMT

15:50:17.651 [AsyncHttpClient-3-1] DEBUG o.a.netty.channel.ChannelManager - Adding key: http://localhost:10889 for channel [id: 0x7c68b8df, L:/127.0.0.1:64390 - R:localhost/127.0.0.1:10889]
15:50:17.651 [Forwarding getElementText on session 14f61660-7bcc-4279-b6a3-7163a94e0626 to remote] DEBUG o.a.netty.request.NettyRequestSender - Using pooled Channel '[id: 0x7c68b8df, L:/127.0.0.1:64390 - R:localhost/127.0.0.1:10889]' for 'GET' to 'http://localhost:10889/session/14f61660-7bcc-4279-b6a3-7163a94e0626/element/479d0789-1141-4217-b061-90a93ab7b276/text'
15:50:17.652 [Forwarding getElementText on session 14f61660-7bcc-4279-b6a3-7163a94e0626 to remote] DEBUG o.a.netty.request.NettyRequestSender - Using open Channel [id: 0x7c68b8df, L:/127.0.0.1:64390 - R:localhost/127.0.0.1:10889] for GET '/session/14f61660-7bcc-4279-b6a3-7163a94e0626/element/479d0789-1141-4217-b061-90a93ab7b276/text'
15:50:17.656 [AsyncHttpClient-3-1] DEBUG o.a.netty.handler.HttpHandler - 

Request DefaultFullHttpRequest(decodeResult: success, version: HTTP/1.1, content: EmptyByteBufBE)
GET /session/14f61660-7bcc-4279-b6a3-7163a94e0626/element/479d0789-1141-4217-b061-90a93ab7b276/text HTTP/1.1
User-Agent: selenium/4.0.0-alpha-5 (java windows)
Cache-Control: no-cache
host: localhost:10889
accept: */*

Response DefaultHttpResponse(decodeResult: success, version: HTTP/1.1)
HTTP/1.1 200 OK
content-type: application/json; charset=utf-8
cache-control: no-cache
content-length: 45
date: Thu, 25 Jun 2020 12:50:17 GMT

15:50:17.656 [AsyncHttpClient-3-1] DEBUG o.a.netty.channel.ChannelManager - Adding key: http://localhost:10889 for channel [id: 0x7c68b8df, L:/127.0.0.1:64390 - R:localhost/127.0.0.1:10889]
15:50:17.656 [Forwarding findChildElement on session 14f61660-7bcc-4279-b6a3-7163a94e0626 to remote] DEBUG o.a.netty.request.NettyRequestSender - Using pooled Channel '[id: 0x7c68b8df, L:/127.0.0.1:64390 - R:localhost/127.0.0.1:10889]' for 'POST' to 'http://localhost:10889/session/14f61660-7bcc-4279-b6a3-7163a94e0626/element/56c11bba-fb44-44bb-ba39-0dcf00c22982/element'
15:50:17.656 [Forwarding findChildElement on session 14f61660-7bcc-4279-b6a3-7163a94e0626 to remote] DEBUG o.a.netty.request.NettyRequestSender - Using open Channel [id: 0x7c68b8df, L:/127.0.0.1:64390 - R:localhost/127.0.0.1:10889] for POST '/session/14f61660-7bcc-4279-b6a3-7163a94e0626/element/56c11bba-fb44-44bb-ba39-0dcf00c22982/element'
15:50:17.660 [AsyncHttpClient-3-1] DEBUG o.a.netty.handler.HttpHandler - 

Request DefaultHttpRequest(decodeResult: success, version: HTTP/1.1)
POST /session/14f61660-7bcc-4279-b6a3-7163a94e0626/element/56c11bba-fb44-44bb-ba39-0dcf00c22982/element HTTP/1.1
User-Agent: selenium/4.0.0-alpha-5 (java windows)
Content-Length: 103
Content-Type: application/json; charset=utf-8
host: localhost:10889
accept: */*

Response DefaultHttpResponse(decodeResult: success, version: HTTP/1.1)
HTTP/1.1 200 OK
content-type: application/json; charset=utf-8
cache-control: no-cache
content-length: 88
date: Thu, 25 Jun 2020 12:50:17 GMT

15:50:17.660 [AsyncHttpClient-3-1] DEBUG o.a.netty.channel.ChannelManager - Adding key: http://localhost:10889 for channel [id: 0x7c68b8df, L:/127.0.0.1:64390 - R:localhost/127.0.0.1:10889]
15:50:17.660 [Forwarding getElementText on session 14f61660-7bcc-4279-b6a3-7163a94e0626 to remote] DEBUG o.a.netty.request.NettyRequestSender - Using pooled Channel '[id: 0x7c68b8df, L:/127.0.0.1:64390 - R:localhost/127.0.0.1:10889]' for 'GET' to 'http://localhost:10889/session/14f61660-7bcc-4279-b6a3-7163a94e0626/element/0d602095-d559-48b0-bee4-77c88f634e08/text'
15:50:17.660 [Forwarding getElementText on session 14f61660-7bcc-4279-b6a3-7163a94e0626 to remote] DEBUG o.a.netty.request.NettyRequestSender - Using open Channel [id: 0x7c68b8df, L:/127.0.0.1:64390 - R:localhost/127.0.0.1:10889] for GET '/session/14f61660-7bcc-4279-b6a3-7163a94e0626/element/0d602095-d559-48b0-bee4-77c88f634e08/text'
15:50:17.667 [AsyncHttpClient-3-1] DEBUG o.a.netty.handler.HttpHandler - 

Request DefaultFullHttpRequest(decodeResult: success, version: HTTP/1.1, content: EmptyByteBufBE)
GET /session/14f61660-7bcc-4279-b6a3-7163a94e0626/element/0d602095-d559-48b0-bee4-77c88f634e08/text HTTP/1.1
User-Agent: selenium/4.0.0-alpha-5 (java windows)
Cache-Control: no-cache
host: localhost:10889
accept: */*

Response DefaultHttpResponse(decodeResult: success, version: HTTP/1.1)
HTTP/1.1 200 OK
content-type: application/json; charset=utf-8
cache-control: no-cache
content-length: 57
date: Thu, 25 Jun 2020 12:50:17 GMT

15:50:17.667 [AsyncHttpClient-3-1] DEBUG o.a.netty.channel.ChannelManager - Adding key: http://localhost:10889 for channel [id: 0x7c68b8df, L:/127.0.0.1:64390 - R:localhost/127.0.0.1:10889]
15:50:17.667 [Forwarding findChildElement on session 14f61660-7bcc-4279-b6a3-7163a94e0626 to remote] DEBUG o.a.netty.request.NettyRequestSender - Using pooled Channel '[id: 0x7c68b8df, L:/127.0.0.1:64390 - R:localhost/127.0.0.1:10889]' for 'POST' to 'http://localhost:10889/session/14f61660-7bcc-4279-b6a3-7163a94e0626/element/56c11bba-fb44-44bb-ba39-0dcf00c22982/element'
15:50:17.667 [Forwarding findChildElement on session 14f61660-7bcc-4279-b6a3-7163a94e0626 to remote] DEBUG o.a.netty.request.NettyRequestSender - Using open Channel [id: 0x7c68b8df, L:/127.0.0.1:64390 - R:localhost/127.0.0.1:10889] for POST '/session/14f61660-7bcc-4279-b6a3-7163a94e0626/element/56c11bba-fb44-44bb-ba39-0dcf00c22982/element'
15:50:17.671 [AsyncHttpClient-3-1] DEBUG o.a.netty.handler.HttpHandler - 

Request DefaultHttpRequest(decodeResult: success, version: HTTP/1.1)
POST /session/14f61660-7bcc-4279-b6a3-7163a94e0626/element/56c11bba-fb44-44bb-ba39-0dcf00c22982/element HTTP/1.1
User-Agent: selenium/4.0.0-alpha-5 (java windows)
Content-Length: 97
Content-Type: application/json; charset=utf-8
host: localhost:10889
accept: */*

Response DefaultHttpResponse(decodeResult: success, version: HTTP/1.1)
HTTP/1.1 200 OK
content-type: application/json; charset=utf-8
cache-control: no-cache
content-length: 88
date: Thu, 25 Jun 2020 12:50:17 GMT

15:50:17.671 [AsyncHttpClient-3-1] DEBUG o.a.netty.channel.ChannelManager - Adding key: http://localhost:10889 for channel [id: 0x7c68b8df, L:/127.0.0.1:64390 - R:localhost/127.0.0.1:10889]
15:50:17.673 [Forwarding getElementAttribute on session 14f61660-7bcc-4279-b6a3-7163a94e0626 to remote] DEBUG o.a.netty.request.NettyRequestSender - Using pooled Channel '[id: 0x7c68b8df, L:/127.0.0.1:64390 - R:localhost/127.0.0.1:10889]' for 'POST' to 'http://localhost:10889/session/14f61660-7bcc-4279-b6a3-7163a94e0626/execute/sync'
15:50:17.673 [Forwarding getElementAttribute on session 14f61660-7bcc-4279-b6a3-7163a94e0626 to remote] DEBUG o.a.netty.request.NettyRequestSender - Using open Channel [id: 0x7c68b8df, L:/127.0.0.1:64390 - R:localhost/127.0.0.1:10889] for POST '/session/14f61660-7bcc-4279-b6a3-7163a94e0626/execute/sync'
15:50:17.686 [AsyncHttpClient-3-1] DEBUG o.a.netty.handler.HttpHandler - 

Request DefaultHttpRequest(decodeResult: success, version: HTTP/1.1)
POST /session/14f61660-7bcc-4279-b6a3-7163a94e0626/execute/sync HTTP/1.1
User-Agent: selenium/4.0.0-alpha-5 (java windows)
Content-Length: 39635
Content-Type: application/json; charset=utf-8
host: localhost:10889
accept: */*

Response DefaultHttpResponse(decodeResult: success, version: HTTP/1.1)
HTTP/1.1 200 OK
content-type: application/json; charset=utf-8
cache-control: no-cache
content-length: 15
date: Thu, 25 Jun 2020 12:50:17 GMT

15:50:17.686 [AsyncHttpClient-3-1] DEBUG o.a.netty.channel.ChannelManager - Adding key: http://localhost:10889 for channel [id: 0x7c68b8df, L:/127.0.0.1:64390 - R:localhost/127.0.0.1:10889]
15:50:17.686 [Forwarding findChildElement on session 14f61660-7bcc-4279-b6a3-7163a94e0626 to remote] DEBUG o.a.netty.request.NettyRequestSender - Using pooled Channel '[id: 0x7c68b8df, L:/127.0.0.1:64390 - R:localhost/127.0.0.1:10889]' for 'POST' to 'http://localhost:10889/session/14f61660-7bcc-4279-b6a3-7163a94e0626/element/16e81d6e-e77d-42e9-86d5-6561a0eb4a48/element'
15:50:17.686 [Forwarding findChildElement on session 14f61660-7bcc-4279-b6a3-7163a94e0626 to remote] DEBUG o.a.netty.request.NettyRequestSender - Using open Channel [id: 0x7c68b8df, L:/127.0.0.1:64390 - R:localhost/127.0.0.1:10889] for POST '/session/14f61660-7bcc-4279-b6a3-7163a94e0626/element/16e81d6e-e77d-42e9-86d5-6561a0eb4a48/element'
15:50:17.690 [AsyncHttpClient-3-1] DEBUG o.a.netty.handler.HttpHandler - 

Request DefaultHttpRequest(decodeResult: success, version: HTTP/1.1)
POST /session/14f61660-7bcc-4279-b6a3-7163a94e0626/element/16e81d6e-e77d-42e9-86d5-6561a0eb4a48/element HTTP/1.1
User-Agent: selenium/4.0.0-alpha-5 (java windows)
Content-Length: 103
Content-Type: application/json; charset=utf-8
host: localhost:10889
accept: */*

Response DefaultHttpResponse(decodeResult: success, version: HTTP/1.1)
HTTP/1.1 200 OK
content-type: application/json; charset=utf-8
cache-control: no-cache
content-length: 88
date: Thu, 25 Jun 2020 12:50:17 GMT

15:50:17.690 [AsyncHttpClient-3-1] DEBUG o.a.netty.channel.ChannelManager - Adding key: http://localhost:10889 for channel [id: 0x7c68b8df, L:/127.0.0.1:64390 - R:localhost/127.0.0.1:10889]
15:50:17.691 [Forwarding getElementText on session 14f61660-7bcc-4279-b6a3-7163a94e0626 to remote] DEBUG o.a.netty.request.NettyRequestSender - Using pooled Channel '[id: 0x7c68b8df, L:/127.0.0.1:64390 - R:localhost/127.0.0.1:10889]' for 'GET' to 'http://localhost:10889/session/14f61660-7bcc-4279-b6a3-7163a94e0626/element/2ad7b794-f7ab-44ba-9e52-eaa899950fb3/text'
15:50:17.691 [Forwarding getElementText on session 14f61660-7bcc-4279-b6a3-7163a94e0626 to remote] DEBUG o.a.netty.request.NettyRequestSender - Using open Channel [id: 0x7c68b8df, L:/127.0.0.1:64390 - R:localhost/127.0.0.1:10889] for GET '/session/14f61660-7bcc-4279-b6a3-7163a94e0626/element/2ad7b794-f7ab-44ba-9e52-eaa899950fb3/text'
15:50:17.695 [AsyncHttpClient-3-1] DEBUG o.a.netty.handler.HttpHandler - 

Request DefaultFullHttpRequest(decodeResult: success, version: HTTP/1.1, content: EmptyByteBufBE)
GET /session/14f61660-7bcc-4279-b6a3-7163a94e0626/element/2ad7b794-f7ab-44ba-9e52-eaa899950fb3/text HTTP/1.1
User-Agent: selenium/4.0.0-alpha-5 (java windows)
Cache-Control: no-cache
host: localhost:10889
accept: */*

Response DefaultHttpResponse(decodeResult: success, version: HTTP/1.1)
HTTP/1.1 200 OK
content-type: application/json; charset=utf-8
cache-control: no-cache
content-length: 18
date: Thu, 25 Jun 2020 12:50:17 GMT

15:50:17.695 [AsyncHttpClient-3-1] DEBUG o.a.netty.channel.ChannelManager - Adding key: http://localhost:10889 for channel [id: 0x7c68b8df, L:/127.0.0.1:64390 - R:localhost/127.0.0.1:10889]
15:50:17.695 [Forwarding findChildElement on session 14f61660-7bcc-4279-b6a3-7163a94e0626 to remote] DEBUG o.a.netty.request.NettyRequestSender - Using pooled Channel '[id: 0x7c68b8df, L:/127.0.0.1:64390 - R:localhost/127.0.0.1:10889]' for 'POST' to 'http://localhost:10889/session/14f61660-7bcc-4279-b6a3-7163a94e0626/element/16e81d6e-e77d-42e9-86d5-6561a0eb4a48/element'
15:50:17.695 [Forwarding findChildElement on session 14f61660-7bcc-4279-b6a3-7163a94e0626 to remote] DEBUG o.a.netty.request.NettyRequestSender - Using open Channel [id: 0x7c68b8df, L:/127.0.0.1:64390 - R:localhost/127.0.0.1:10889] for POST '/session/14f61660-7bcc-4279-b6a3-7163a94e0626/element/16e81d6e-e77d-42e9-86d5-6561a0eb4a48/element'
15:50:17.699 [AsyncHttpClient-3-1] DEBUG o.a.netty.handler.HttpHandler - 

Request DefaultHttpRequest(decodeResult: success, version: HTTP/1.1)
POST /session/14f61660-7bcc-4279-b6a3-7163a94e0626/element/16e81d6e-e77d-42e9-86d5-6561a0eb4a48/element HTTP/1.1
User-Agent: selenium/4.0.0-alpha-5 (java windows)
Content-Length: 103
Content-Type: application/json; charset=utf-8
host: localhost:10889
accept: */*

Response DefaultHttpResponse(decodeResult: success, version: HTTP/1.1)
HTTP/1.1 200 OK
content-type: application/json; charset=utf-8
cache-control: no-cache
content-length: 88
date: Thu, 25 Jun 2020 12:50:17 GMT

15:50:17.699 [AsyncHttpClient-3-1] DEBUG o.a.netty.channel.ChannelManager - Adding key: http://localhost:10889 for channel [id: 0x7c68b8df, L:/127.0.0.1:64390 - R:localhost/127.0.0.1:10889]
15:50:17.699 [Forwarding getElementText on session 14f61660-7bcc-4279-b6a3-7163a94e0626 to remote] DEBUG o.a.netty.request.NettyRequestSender - Using pooled Channel '[id: 0x7c68b8df, L:/127.0.0.1:64390 - R:localhost/127.0.0.1:10889]' for 'GET' to 'http://localhost:10889/session/14f61660-7bcc-4279-b6a3-7163a94e0626/element/99e6ffb1-a981-4f87-871c-9c272b9afbc8/text'
15:50:17.699 [Forwarding getElementText on session 14f61660-7bcc-4279-b6a3-7163a94e0626 to remote] DEBUG o.a.netty.request.NettyRequestSender - Using open Channel [id: 0x7c68b8df, L:/127.0.0.1:64390 - R:localhost/127.0.0.1:10889] for GET '/session/14f61660-7bcc-4279-b6a3-7163a94e0626/element/99e6ffb1-a981-4f87-871c-9c272b9afbc8/text'
15:50:17.703 [AsyncHttpClient-3-1] DEBUG o.a.netty.handler.HttpHandler - 

Request DefaultFullHttpRequest(decodeResult: success, version: HTTP/1.1, content: EmptyByteBufBE)
GET /session/14f61660-7bcc-4279-b6a3-7163a94e0626/element/99e6ffb1-a981-4f87-871c-9c272b9afbc8/text HTTP/1.1
User-Agent: selenium/4.0.0-alpha-5 (java windows)
Cache-Control: no-cache
host: localhost:10889
accept: */*

Response DefaultHttpResponse(decodeResult: success, version: HTTP/1.1)
HTTP/1.1 200 OK
content-type: application/json; charset=utf-8
cache-control: no-cache
content-length: 22
date: Thu, 25 Jun 2020 12:50:17 GMT

15:50:17.703 [AsyncHttpClient-3-1] DEBUG o.a.netty.channel.ChannelManager - Adding key: http://localhost:10889 for channel [id: 0x7c68b8df, L:/127.0.0.1:64390 - R:localhost/127.0.0.1:10889]
15:50:17.704 [Forwarding findChildElement on session 14f61660-7bcc-4279-b6a3-7163a94e0626 to remote] DEBUG o.a.netty.request.NettyRequestSender - Using pooled Channel '[id: 0x7c68b8df, L:/127.0.0.1:64390 - R:localhost/127.0.0.1:10889]' for 'POST' to 'http://localhost:10889/session/14f61660-7bcc-4279-b6a3-7163a94e0626/element/16e81d6e-e77d-42e9-86d5-6561a0eb4a48/element'
15:50:17.704 [Forwarding findChildElement on session 14f61660-7bcc-4279-b6a3-7163a94e0626 to remote] DEBUG o.a.netty.request.NettyRequestSender - Using open Channel [id: 0x7c68b8df, L:/127.0.0.1:64390 - R:localhost/127.0.0.1:10889] for POST '/session/14f61660-7bcc-4279-b6a3-7163a94e0626/element/16e81d6e-e77d-42e9-86d5-6561a0eb4a48/element'
15:50:17.707 [AsyncHttpClient-3-1] DEBUG o.a.netty.handler.HttpHandler - 

Request DefaultHttpRequest(decodeResult: success, version: HTTP/1.1)
POST /session/14f61660-7bcc-4279-b6a3-7163a94e0626/element/16e81d6e-e77d-42e9-86d5-6561a0eb4a48/element HTTP/1.1
User-Agent: selenium/4.0.0-alpha-5 (java windows)
Content-Length: 103
Content-Type: application/json; charset=utf-8
host: localhost:10889
accept: */*

Response DefaultHttpResponse(decodeResult: success, version: HTTP/1.1)
HTTP/1.1 200 OK
content-type: application/json; charset=utf-8
cache-control: no-cache
content-length: 88
date: Thu, 25 Jun 2020 12:50:17 GMT

15:50:17.708 [AsyncHttpClient-3-1] DEBUG o.a.netty.channel.ChannelManager - Adding key: http://localhost:10889 for channel [id: 0x7c68b8df, L:/127.0.0.1:64390 - R:localhost/127.0.0.1:10889]
15:50:17.708 [Forwarding getElementText on session 14f61660-7bcc-4279-b6a3-7163a94e0626 to remote] DEBUG o.a.netty.request.NettyRequestSender - Using pooled Channel '[id: 0x7c68b8df, L:/127.0.0.1:64390 - R:localhost/127.0.0.1:10889]' for 'GET' to 'http://localhost:10889/session/14f61660-7bcc-4279-b6a3-7163a94e0626/element/16720bb2-2213-4991-b54c-d7d7d1f15493/text'
15:50:17.708 [Forwarding getElementText on session 14f61660-7bcc-4279-b6a3-7163a94e0626 to remote] DEBUG o.a.netty.request.NettyRequestSender - Using open Channel [id: 0x7c68b8df, L:/127.0.0.1:64390 - R:localhost/127.0.0.1:10889] for GET '/session/14f61660-7bcc-4279-b6a3-7163a94e0626/element/16720bb2-2213-4991-b54c-d7d7d1f15493/text'
15:50:17.716 [AsyncHttpClient-3-1] DEBUG o.a.netty.handler.HttpHandler - 

Request DefaultFullHttpRequest(decodeResult: success, version: HTTP/1.1, content: EmptyByteBufBE)
GET /session/14f61660-7bcc-4279-b6a3-7163a94e0626/element/16720bb2-2213-4991-b54c-d7d7d1f15493/text HTTP/1.1
User-Agent: selenium/4.0.0-alpha-5 (java windows)
Cache-Control: no-cache
host: localhost:10889
accept: */*

Response DefaultHttpResponse(decodeResult: success, version: HTTP/1.1)
HTTP/1.1 200 OK
content-type: application/json; charset=utf-8
cache-control: no-cache
content-length: 21
date: Thu, 25 Jun 2020 12:50:17 GMT

15:50:17.716 [AsyncHttpClient-3-1] DEBUG o.a.netty.channel.ChannelManager - Adding key: http://localhost:10889 for channel [id: 0x7c68b8df, L:/127.0.0.1:64390 - R:localhost/127.0.0.1:10889]
15:50:17.716 [Forwarding findChildElement on session 14f61660-7bcc-4279-b6a3-7163a94e0626 to remote] DEBUG o.a.netty.request.NettyRequestSender - Using pooled Channel '[id: 0x7c68b8df, L:/127.0.0.1:64390 - R:localhost/127.0.0.1:10889]' for 'POST' to 'http://localhost:10889/session/14f61660-7bcc-4279-b6a3-7163a94e0626/element/16e81d6e-e77d-42e9-86d5-6561a0eb4a48/element'
15:50:17.716 [Forwarding findChildElement on session 14f61660-7bcc-4279-b6a3-7163a94e0626 to remote] DEBUG o.a.netty.request.NettyRequestSender - Using open Channel [id: 0x7c68b8df, L:/127.0.0.1:64390 - R:localhost/127.0.0.1:10889] for POST '/session/14f61660-7bcc-4279-b6a3-7163a94e0626/element/16e81d6e-e77d-42e9-86d5-6561a0eb4a48/element'
15:50:17.720 [AsyncHttpClient-3-1] DEBUG o.a.netty.handler.HttpHandler - 

Request DefaultHttpRequest(decodeResult: success, version: HTTP/1.1)
POST /session/14f61660-7bcc-4279-b6a3-7163a94e0626/element/16e81d6e-e77d-42e9-86d5-6561a0eb4a48/element HTTP/1.1
User-Agent: selenium/4.0.0-alpha-5 (java windows)
Content-Length: 103
Content-Type: application/json; charset=utf-8
host: localhost:10889
accept: */*

Response DefaultHttpResponse(decodeResult: success, version: HTTP/1.1)
HTTP/1.1 200 OK
content-type: application/json; charset=utf-8
cache-control: no-cache
content-length: 88
date: Thu, 25 Jun 2020 12:50:17 GMT

15:50:17.721 [AsyncHttpClient-3-1] DEBUG o.a.netty.channel.ChannelManager - Adding key: http://localhost:10889 for channel [id: 0x7c68b8df, L:/127.0.0.1:64390 - R:localhost/127.0.0.1:10889]
15:50:17.721 [Forwarding getElementText on session 14f61660-7bcc-4279-b6a3-7163a94e0626 to remote] DEBUG o.a.netty.request.NettyRequestSender - Using pooled Channel '[id: 0x7c68b8df, L:/127.0.0.1:64390 - R:localhost/127.0.0.1:10889]' for 'GET' to 'http://localhost:10889/session/14f61660-7bcc-4279-b6a3-7163a94e0626/element/d49df716-1e03-4ebe-a4f5-9b16cdeab1fb/text'
15:50:17.721 [Forwarding getElementText on session 14f61660-7bcc-4279-b6a3-7163a94e0626 to remote] DEBUG o.a.netty.request.NettyRequestSender - Using open Channel [id: 0x7c68b8df, L:/127.0.0.1:64390 - R:localhost/127.0.0.1:10889] for GET '/session/14f61660-7bcc-4279-b6a3-7163a94e0626/element/d49df716-1e03-4ebe-a4f5-9b16cdeab1fb/text'
15:50:17.726 [AsyncHttpClient-3-1] DEBUG o.a.netty.handler.HttpHandler - 

Request DefaultFullHttpRequest(decodeResult: success, version: HTTP/1.1, content: EmptyByteBufBE)
GET /session/14f61660-7bcc-4279-b6a3-7163a94e0626/element/d49df716-1e03-4ebe-a4f5-9b16cdeab1fb/text HTTP/1.1
User-Agent: selenium/4.0.0-alpha-5 (java windows)
Cache-Control: no-cache
host: localhost:10889
accept: */*

Response DefaultHttpResponse(decodeResult: success, version: HTTP/1.1)
HTTP/1.1 200 OK
content-type: application/json; charset=utf-8
cache-control: no-cache
content-length: 45
date: Thu, 25 Jun 2020 12:50:17 GMT

15:50:17.726 [AsyncHttpClient-3-1] DEBUG o.a.netty.channel.ChannelManager - Adding key: http://localhost:10889 for channel [id: 0x7c68b8df, L:/127.0.0.1:64390 - R:localhost/127.0.0.1:10889]
15:50:17.727 [Forwarding findChildElement on session 14f61660-7bcc-4279-b6a3-7163a94e0626 to remote] DEBUG o.a.netty.request.NettyRequestSender - Using pooled Channel '[id: 0x7c68b8df, L:/127.0.0.1:64390 - R:localhost/127.0.0.1:10889]' for 'POST' to 'http://localhost:10889/session/14f61660-7bcc-4279-b6a3-7163a94e0626/element/16e81d6e-e77d-42e9-86d5-6561a0eb4a48/element'
15:50:17.727 [Forwarding findChildElement on session 14f61660-7bcc-4279-b6a3-7163a94e0626 to remote] DEBUG o.a.netty.request.NettyRequestSender - Using open Channel [id: 0x7c68b8df, L:/127.0.0.1:64390 - R:localhost/127.0.0.1:10889] for POST '/session/14f61660-7bcc-4279-b6a3-7163a94e0626/element/16e81d6e-e77d-42e9-86d5-6561a0eb4a48/element'
15:50:17.730 [AsyncHttpClient-3-1] DEBUG o.a.netty.handler.HttpHandler - 

Request DefaultHttpRequest(decodeResult: success, version: HTTP/1.1)
POST /session/14f61660-7bcc-4279-b6a3-7163a94e0626/element/16e81d6e-e77d-42e9-86d5-6561a0eb4a48/element HTTP/1.1
User-Agent: selenium/4.0.0-alpha-5 (java windows)
Content-Length: 103
Content-Type: application/json; charset=utf-8
host: localhost:10889
accept: */*

Response DefaultHttpResponse(decodeResult: success, version: HTTP/1.1)
HTTP/1.1 200 OK
content-type: application/json; charset=utf-8
cache-control: no-cache
content-length: 88
date: Thu, 25 Jun 2020 12:50:17 GMT

15:50:17.730 [AsyncHttpClient-3-1] DEBUG o.a.netty.channel.ChannelManager - Adding key: http://localhost:10889 for channel [id: 0x7c68b8df, L:/127.0.0.1:64390 - R:localhost/127.0.0.1:10889]
15:50:17.731 [Forwarding getElementText on session 14f61660-7bcc-4279-b6a3-7163a94e0626 to remote] DEBUG o.a.netty.request.NettyRequestSender - Using pooled Channel '[id: 0x7c68b8df, L:/127.0.0.1:64390 - R:localhost/127.0.0.1:10889]' for 'GET' to 'http://localhost:10889/session/14f61660-7bcc-4279-b6a3-7163a94e0626/element/e669991b-01f0-491c-a763-416d999f7984/text'
15:50:17.731 [Forwarding getElementText on session 14f61660-7bcc-4279-b6a3-7163a94e0626 to remote] DEBUG o.a.netty.request.NettyRequestSender - Using open Channel [id: 0x7c68b8df, L:/127.0.0.1:64390 - R:localhost/127.0.0.1:10889] for GET '/session/14f61660-7bcc-4279-b6a3-7163a94e0626/element/e669991b-01f0-491c-a763-416d999f7984/text'
15:50:17.738 [AsyncHttpClient-3-1] DEBUG o.a.netty.handler.HttpHandler - 

Request DefaultFullHttpRequest(decodeResult: success, version: HTTP/1.1, content: EmptyByteBufBE)
GET /session/14f61660-7bcc-4279-b6a3-7163a94e0626/element/e669991b-01f0-491c-a763-416d999f7984/text HTTP/1.1
User-Agent: selenium/4.0.0-alpha-5 (java windows)
Cache-Control: no-cache
host: localhost:10889
accept: */*

Response DefaultHttpResponse(decodeResult: success, version: HTTP/1.1)
HTTP/1.1 200 OK
content-type: application/json; charset=utf-8
cache-control: no-cache
content-length: 57
date: Thu, 25 Jun 2020 12:50:17 GMT

15:50:17.738 [AsyncHttpClient-3-1] DEBUG o.a.netty.channel.ChannelManager - Adding key: http://localhost:10889 for channel [id: 0x7c68b8df, L:/127.0.0.1:64390 - R:localhost/127.0.0.1:10889]
15:50:17.739 [Forwarding findChildElement on session 14f61660-7bcc-4279-b6a3-7163a94e0626 to remote] DEBUG o.a.netty.request.NettyRequestSender - Using pooled Channel '[id: 0x7c68b8df, L:/127.0.0.1:64390 - R:localhost/127.0.0.1:10889]' for 'POST' to 'http://localhost:10889/session/14f61660-7bcc-4279-b6a3-7163a94e0626/element/16e81d6e-e77d-42e9-86d5-6561a0eb4a48/element'
15:50:17.739 [Forwarding findChildElement on session 14f61660-7bcc-4279-b6a3-7163a94e0626 to remote] DEBUG o.a.netty.request.NettyRequestSender - Using open Channel [id: 0x7c68b8df, L:/127.0.0.1:64390 - R:localhost/127.0.0.1:10889] for POST '/session/14f61660-7bcc-4279-b6a3-7163a94e0626/element/16e81d6e-e77d-42e9-86d5-6561a0eb4a48/element'
15:50:17.742 [AsyncHttpClient-3-1] DEBUG o.a.netty.handler.HttpHandler - 

Request DefaultHttpRequest(decodeResult: success, version: HTTP/1.1)
POST /session/14f61660-7bcc-4279-b6a3-7163a94e0626/element/16e81d6e-e77d-42e9-86d5-6561a0eb4a48/element HTTP/1.1
User-Agent: selenium/4.0.0-alpha-5 (java windows)
Content-Length: 97
Content-Type: application/json; charset=utf-8
host: localhost:10889
accept: */*

Response DefaultHttpResponse(decodeResult: success, version: HTTP/1.1)
HTTP/1.1 200 OK
content-type: application/json; charset=utf-8
cache-control: no-cache
content-length: 88
date: Thu, 25 Jun 2020 12:50:17 GMT

15:50:17.742 [AsyncHttpClient-3-1] DEBUG o.a.netty.channel.ChannelManager - Adding key: http://localhost:10889 for channel [id: 0x7c68b8df, L:/127.0.0.1:64390 - R:localhost/127.0.0.1:10889]
15:50:17.745 [Forwarding getElementAttribute on session 14f61660-7bcc-4279-b6a3-7163a94e0626 to remote] DEBUG o.a.netty.request.NettyRequestSender - Using pooled Channel '[id: 0x7c68b8df, L:/127.0.0.1:64390 - R:localhost/127.0.0.1:10889]' for 'POST' to 'http://localhost:10889/session/14f61660-7bcc-4279-b6a3-7163a94e0626/execute/sync'
15:50:17.745 [Forwarding getElementAttribute on session 14f61660-7bcc-4279-b6a3-7163a94e0626 to remote] DEBUG o.a.netty.request.NettyRequestSender - Using open Channel [id: 0x7c68b8df, L:/127.0.0.1:64390 - R:localhost/127.0.0.1:10889] for POST '/session/14f61660-7bcc-4279-b6a3-7163a94e0626/execute/sync'
15:50:17.759 [AsyncHttpClient-3-1] DEBUG o.a.netty.handler.HttpHandler - 

Request DefaultHttpRequest(decodeResult: success, version: HTTP/1.1)
POST /session/14f61660-7bcc-4279-b6a3-7163a94e0626/execute/sync HTTP/1.1
User-Agent: selenium/4.0.0-alpha-5 (java windows)
Content-Length: 39635
Content-Type: application/json; charset=utf-8
host: localhost:10889
accept: */*

Response DefaultHttpResponse(decodeResult: success, version: HTTP/1.1)
HTTP/1.1 200 OK
content-type: application/json; charset=utf-8
cache-control: no-cache
content-length: 15
date: Thu, 25 Jun 2020 12:50:17 GMT

15:50:17.759 [AsyncHttpClient-3-1] DEBUG o.a.netty.channel.ChannelManager - Adding key: http://localhost:10889 for channel [id: 0x7c68b8df, L:/127.0.0.1:64390 - R:localhost/127.0.0.1:10889]
15:50:17.760 [Forwarding findChildElement on session 14f61660-7bcc-4279-b6a3-7163a94e0626 to remote] DEBUG o.a.netty.request.NettyRequestSender - Using pooled Channel '[id: 0x7c68b8df, L:/127.0.0.1:64390 - R:localhost/127.0.0.1:10889]' for 'POST' to 'http://localhost:10889/session/14f61660-7bcc-4279-b6a3-7163a94e0626/element/3a3fb773-5661-452b-b128-f926289fe989/element'
15:50:17.760 [Forwarding findChildElement on session 14f61660-7bcc-4279-b6a3-7163a94e0626 to remote] DEBUG o.a.netty.request.NettyRequestSender - Using open Channel [id: 0x7c68b8df, L:/127.0.0.1:64390 - R:localhost/127.0.0.1:10889] for POST '/session/14f61660-7bcc-4279-b6a3-7163a94e0626/element/3a3fb773-5661-452b-b128-f926289fe989/element'
15:50:17.763 [AsyncHttpClient-3-1] DEBUG o.a.netty.handler.HttpHandler - 

Request DefaultHttpRequest(decodeResult: success, version: HTTP/1.1)
POST /session/14f61660-7bcc-4279-b6a3-7163a94e0626/element/3a3fb773-5661-452b-b128-f926289fe989/element HTTP/1.1
User-Agent: selenium/4.0.0-alpha-5 (java windows)
Content-Length: 103
Content-Type: application/json; charset=utf-8
host: localhost:10889
accept: */*

Response DefaultHttpResponse(decodeResult: success, version: HTTP/1.1)
HTTP/1.1 200 OK
content-type: application/json; charset=utf-8
cache-control: no-cache
content-length: 88
date: Thu, 25 Jun 2020 12:50:17 GMT

15:50:17.763 [AsyncHttpClient-3-1] DEBUG o.a.netty.channel.ChannelManager - Adding key: http://localhost:10889 for channel [id: 0x7c68b8df, L:/127.0.0.1:64390 - R:localhost/127.0.0.1:10889]
15:50:17.763 [Forwarding getElementText on session 14f61660-7bcc-4279-b6a3-7163a94e0626 to remote] DEBUG o.a.netty.request.NettyRequestSender - Using pooled Channel '[id: 0x7c68b8df, L:/127.0.0.1:64390 - R:localhost/127.0.0.1:10889]' for 'GET' to 'http://localhost:10889/session/14f61660-7bcc-4279-b6a3-7163a94e0626/element/22817951-60cf-4a25-a54f-396dbe2aa8d4/text'
15:50:17.763 [Forwarding getElementText on session 14f61660-7bcc-4279-b6a3-7163a94e0626 to remote] DEBUG o.a.netty.request.NettyRequestSender - Using open Channel [id: 0x7c68b8df, L:/127.0.0.1:64390 - R:localhost/127.0.0.1:10889] for GET '/session/14f61660-7bcc-4279-b6a3-7163a94e0626/element/22817951-60cf-4a25-a54f-396dbe2aa8d4/text'
15:50:17.768 [AsyncHttpClient-3-1] DEBUG o.a.netty.handler.HttpHandler - 

Request DefaultFullHttpRequest(decodeResult: success, version: HTTP/1.1, content: EmptyByteBufBE)
GET /session/14f61660-7bcc-4279-b6a3-7163a94e0626/element/22817951-60cf-4a25-a54f-396dbe2aa8d4/text HTTP/1.1
User-Agent: selenium/4.0.0-alpha-5 (java windows)
Cache-Control: no-cache
host: localhost:10889
accept: */*

Response DefaultHttpResponse(decodeResult: success, version: HTTP/1.1)
HTTP/1.1 200 OK
content-type: application/json; charset=utf-8
cache-control: no-cache
content-length: 18
date: Thu, 25 Jun 2020 12:50:17 GMT

15:50:17.768 [AsyncHttpClient-3-1] DEBUG o.a.netty.channel.ChannelManager - Adding key: http://localhost:10889 for channel [id: 0x7c68b8df, L:/127.0.0.1:64390 - R:localhost/127.0.0.1:10889]
15:50:17.768 [Forwarding findChildElement on session 14f61660-7bcc-4279-b6a3-7163a94e0626 to remote] DEBUG o.a.netty.request.NettyRequestSender - Using pooled Channel '[id: 0x7c68b8df, L:/127.0.0.1:64390 - R:localhost/127.0.0.1:10889]' for 'POST' to 'http://localhost:10889/session/14f61660-7bcc-4279-b6a3-7163a94e0626/element/3a3fb773-5661-452b-b128-f926289fe989/element'
15:50:17.768 [Forwarding findChildElement on session 14f61660-7bcc-4279-b6a3-7163a94e0626 to remote] DEBUG o.a.netty.request.NettyRequestSender - Using open Channel [id: 0x7c68b8df, L:/127.0.0.1:64390 - R:localhost/127.0.0.1:10889] for POST '/session/14f61660-7bcc-4279-b6a3-7163a94e0626/element/3a3fb773-5661-452b-b128-f926289fe989/element'
15:50:17.772 [AsyncHttpClient-3-1] DEBUG o.a.netty.handler.HttpHandler - 

Request DefaultHttpRequest(decodeResult: success, version: HTTP/1.1)
POST /session/14f61660-7bcc-4279-b6a3-7163a94e0626/element/3a3fb773-5661-452b-b128-f926289fe989/element HTTP/1.1
User-Agent: selenium/4.0.0-alpha-5 (java windows)
Content-Length: 103
Content-Type: application/json; charset=utf-8
host: localhost:10889
accept: */*

Response DefaultHttpResponse(decodeResult: success, version: HTTP/1.1)
HTTP/1.1 200 OK
content-type: application/json; charset=utf-8
cache-control: no-cache
content-length: 88
date: Thu, 25 Jun 2020 12:50:17 GMT

15:50:17.772 [AsyncHttpClient-3-1] DEBUG o.a.netty.channel.ChannelManager - Adding key: http://localhost:10889 for channel [id: 0x7c68b8df, L:/127.0.0.1:64390 - R:localhost/127.0.0.1:10889]
15:50:17.772 [Forwarding getElementText on session 14f61660-7bcc-4279-b6a3-7163a94e0626 to remote] DEBUG o.a.netty.request.NettyRequestSender - Using pooled Channel '[id: 0x7c68b8df, L:/127.0.0.1:64390 - R:localhost/127.0.0.1:10889]' for 'GET' to 'http://localhost:10889/session/14f61660-7bcc-4279-b6a3-7163a94e0626/element/96106542-8d11-4cb1-8ada-931fd471841a/text'
15:50:17.772 [Forwarding getElementText on session 14f61660-7bcc-4279-b6a3-7163a94e0626 to remote] DEBUG o.a.netty.request.NettyRequestSender - Using open Channel [id: 0x7c68b8df, L:/127.0.0.1:64390 - R:localhost/127.0.0.1:10889] for GET '/session/14f61660-7bcc-4279-b6a3-7163a94e0626/element/96106542-8d11-4cb1-8ada-931fd471841a/text'
15:50:17.776 [AsyncHttpClient-3-1] DEBUG o.a.netty.handler.HttpHandler - 

Request DefaultFullHttpRequest(decodeResult: success, version: HTTP/1.1, content: EmptyByteBufBE)
GET /session/14f61660-7bcc-4279-b6a3-7163a94e0626/element/96106542-8d11-4cb1-8ada-931fd471841a/text HTTP/1.1
User-Agent: selenium/4.0.0-alpha-5 (java windows)
Cache-Control: no-cache
host: localhost:10889
accept: */*

Response DefaultHttpResponse(decodeResult: success, version: HTTP/1.1)
HTTP/1.1 200 OK
content-type: application/json; charset=utf-8
cache-control: no-cache
content-length: 22
date: Thu, 25 Jun 2020 12:50:17 GMT

15:50:17.776 [AsyncHttpClient-3-1] DEBUG o.a.netty.channel.ChannelManager - Adding key: http://localhost:10889 for channel [id: 0x7c68b8df, L:/127.0.0.1:64390 - R:localhost/127.0.0.1:10889]
15:50:17.777 [Forwarding findChildElement on session 14f61660-7bcc-4279-b6a3-7163a94e0626 to remote] DEBUG o.a.netty.request.NettyRequestSender - Using pooled Channel '[id: 0x7c68b8df, L:/127.0.0.1:64390 - R:localhost/127.0.0.1:10889]' for 'POST' to 'http://localhost:10889/session/14f61660-7bcc-4279-b6a3-7163a94e0626/element/3a3fb773-5661-452b-b128-f926289fe989/element'
15:50:17.777 [Forwarding findChildElement on session 14f61660-7bcc-4279-b6a3-7163a94e0626 to remote] DEBUG o.a.netty.request.NettyRequestSender - Using open Channel [id: 0x7c68b8df, L:/127.0.0.1:64390 - R:localhost/127.0.0.1:10889] for POST '/session/14f61660-7bcc-4279-b6a3-7163a94e0626/element/3a3fb773-5661-452b-b128-f926289fe989/element'
15:50:17.780 [AsyncHttpClient-3-1] DEBUG o.a.netty.handler.HttpHandler - 

Request DefaultHttpRequest(decodeResult: success, version: HTTP/1.1)
POST /session/14f61660-7bcc-4279-b6a3-7163a94e0626/element/3a3fb773-5661-452b-b128-f926289fe989/element HTTP/1.1
User-Agent: selenium/4.0.0-alpha-5 (java windows)
Content-Length: 103
Content-Type: application/json; charset=utf-8
host: localhost:10889
accept: */*

Response DefaultHttpResponse(decodeResult: success, version: HTTP/1.1)
HTTP/1.1 200 OK
content-type: application/json; charset=utf-8
cache-control: no-cache
content-length: 88
date: Thu, 25 Jun 2020 12:50:17 GMT

15:50:17.781 [AsyncHttpClient-3-1] DEBUG o.a.netty.channel.ChannelManager - Adding key: http://localhost:10889 for channel [id: 0x7c68b8df, L:/127.0.0.1:64390 - R:localhost/127.0.0.1:10889]
15:50:17.781 [Forwarding getElementText on session 14f61660-7bcc-4279-b6a3-7163a94e0626 to remote] DEBUG o.a.netty.request.NettyRequestSender - Using pooled Channel '[id: 0x7c68b8df, L:/127.0.0.1:64390 - R:localhost/127.0.0.1:10889]' for 'GET' to 'http://localhost:10889/session/14f61660-7bcc-4279-b6a3-7163a94e0626/element/cc7adc55-f3e0-4998-8253-8b6a75cd6fba/text'
15:50:17.781 [Forwarding getElementText on session 14f61660-7bcc-4279-b6a3-7163a94e0626 to remote] DEBUG o.a.netty.request.NettyRequestSender - Using open Channel [id: 0x7c68b8df, L:/127.0.0.1:64390 - R:localhost/127.0.0.1:10889] for GET '/session/14f61660-7bcc-4279-b6a3-7163a94e0626/element/cc7adc55-f3e0-4998-8253-8b6a75cd6fba/text'
15:50:17.787 [AsyncHttpClient-3-1] DEBUG o.a.netty.handler.HttpHandler - 

Request DefaultFullHttpRequest(decodeResult: success, version: HTTP/1.1, content: EmptyByteBufBE)
GET /session/14f61660-7bcc-4279-b6a3-7163a94e0626/element/cc7adc55-f3e0-4998-8253-8b6a75cd6fba/text HTTP/1.1
User-Agent: selenium/4.0.0-alpha-5 (java windows)
Cache-Control: no-cache
host: localhost:10889
accept: */*

Response DefaultHttpResponse(decodeResult: success, version: HTTP/1.1)
HTTP/1.1 200 OK
content-type: application/json; charset=utf-8
cache-control: no-cache
content-length: 21
date: Thu, 25 Jun 2020 12:50:17 GMT

15:50:17.787 [AsyncHttpClient-3-1] DEBUG o.a.netty.channel.ChannelManager - Adding key: http://localhost:10889 for channel [id: 0x7c68b8df, L:/127.0.0.1:64390 - R:localhost/127.0.0.1:10889]
15:50:17.787 [Forwarding findChildElement on session 14f61660-7bcc-4279-b6a3-7163a94e0626 to remote] DEBUG o.a.netty.request.NettyRequestSender - Using pooled Channel '[id: 0x7c68b8df, L:/127.0.0.1:64390 - R:localhost/127.0.0.1:10889]' for 'POST' to 'http://localhost:10889/session/14f61660-7bcc-4279-b6a3-7163a94e0626/element/3a3fb773-5661-452b-b128-f926289fe989/element'
15:50:17.787 [Forwarding findChildElement on session 14f61660-7bcc-4279-b6a3-7163a94e0626 to remote] DEBUG o.a.netty.request.NettyRequestSender - Using open Channel [id: 0x7c68b8df, L:/127.0.0.1:64390 - R:localhost/127.0.0.1:10889] for POST '/session/14f61660-7bcc-4279-b6a3-7163a94e0626/element/3a3fb773-5661-452b-b128-f926289fe989/element'
15:50:17.791 [AsyncHttpClient-3-1] DEBUG o.a.netty.handler.HttpHandler - 

Request DefaultHttpRequest(decodeResult: success, version: HTTP/1.1)
POST /session/14f61660-7bcc-4279-b6a3-7163a94e0626/element/3a3fb773-5661-452b-b128-f926289fe989/element HTTP/1.1
User-Agent: selenium/4.0.0-alpha-5 (java windows)
Content-Length: 103
Content-Type: application/json; charset=utf-8
host: localhost:10889
accept: */*

Response DefaultHttpResponse(decodeResult: success, version: HTTP/1.1)
HTTP/1.1 200 OK
content-type: application/json; charset=utf-8
cache-control: no-cache
content-length: 88
date: Thu, 25 Jun 2020 12:50:17 GMT

15:50:17.791 [AsyncHttpClient-3-1] DEBUG o.a.netty.channel.ChannelManager - Adding key: http://localhost:10889 for channel [id: 0x7c68b8df, L:/127.0.0.1:64390 - R:localhost/127.0.0.1:10889]
15:50:17.792 [Forwarding getElementText on session 14f61660-7bcc-4279-b6a3-7163a94e0626 to remote] DEBUG o.a.netty.request.NettyRequestSender - Using pooled Channel '[id: 0x7c68b8df, L:/127.0.0.1:64390 - R:localhost/127.0.0.1:10889]' for 'GET' to 'http://localhost:10889/session/14f61660-7bcc-4279-b6a3-7163a94e0626/element/7aad6bb8-7d94-41da-975e-607bfb0fa7e3/text'
15:50:17.792 [AsyncHttpClient-timer-1-1] DEBUG o.a.netty.channel.DefaultChannelPool - Entry count for : http://localhost:10889 : 1
15:50:17.792 [Forwarding getElementText on session 14f61660-7bcc-4279-b6a3-7163a94e0626 to remote] DEBUG o.a.netty.request.NettyRequestSender - Using open Channel [id: 0x7c68b8df, L:/127.0.0.1:64390 - R:localhost/127.0.0.1:10889] for GET '/session/14f61660-7bcc-4279-b6a3-7163a94e0626/element/7aad6bb8-7d94-41da-975e-607bfb0fa7e3/text'
15:50:17.796 [AsyncHttpClient-3-1] DEBUG o.a.netty.handler.HttpHandler - 

Request DefaultFullHttpRequest(decodeResult: success, version: HTTP/1.1, content: EmptyByteBufBE)
GET /session/14f61660-7bcc-4279-b6a3-7163a94e0626/element/7aad6bb8-7d94-41da-975e-607bfb0fa7e3/text HTTP/1.1
User-Agent: selenium/4.0.0-alpha-5 (java windows)
Cache-Control: no-cache
host: localhost:10889
accept: */*

Response DefaultHttpResponse(decodeResult: success, version: HTTP/1.1)
HTTP/1.1 200 OK
content-type: application/json; charset=utf-8
cache-control: no-cache
content-length: 45
date: Thu, 25 Jun 2020 12:50:17 GMT

15:50:17.796 [AsyncHttpClient-3-1] DEBUG o.a.netty.channel.ChannelManager - Adding key: http://localhost:10889 for channel [id: 0x7c68b8df, L:/127.0.0.1:64390 - R:localhost/127.0.0.1:10889]
15:50:17.797 [Forwarding findChildElement on session 14f61660-7bcc-4279-b6a3-7163a94e0626 to remote] DEBUG o.a.netty.request.NettyRequestSender - Using pooled Channel '[id: 0x7c68b8df, L:/127.0.0.1:64390 - R:localhost/127.0.0.1:10889]' for 'POST' to 'http://localhost:10889/session/14f61660-7bcc-4279-b6a3-7163a94e0626/element/3a3fb773-5661-452b-b128-f926289fe989/element'
15:50:17.797 [Forwarding findChildElement on session 14f61660-7bcc-4279-b6a3-7163a94e0626 to remote] DEBUG o.a.netty.request.NettyRequestSender - Using open Channel [id: 0x7c68b8df, L:/127.0.0.1:64390 - R:localhost/127.0.0.1:10889] for POST '/session/14f61660-7bcc-4279-b6a3-7163a94e0626/element/3a3fb773-5661-452b-b128-f926289fe989/element'
15:50:17.801 [AsyncHttpClient-3-1] DEBUG o.a.netty.handler.HttpHandler - 

Request DefaultHttpRequest(decodeResult: success, version: HTTP/1.1)
POST /session/14f61660-7bcc-4279-b6a3-7163a94e0626/element/3a3fb773-5661-452b-b128-f926289fe989/element HTTP/1.1
User-Agent: selenium/4.0.0-alpha-5 (java windows)
Content-Length: 103
Content-Type: application/json; charset=utf-8
host: localhost:10889
accept: */*

Response DefaultHttpResponse(decodeResult: success, version: HTTP/1.1)
HTTP/1.1 200 OK
content-type: application/json; charset=utf-8
cache-control: no-cache
content-length: 88
date: Thu, 25 Jun 2020 12:50:17 GMT

15:50:17.801 [AsyncHttpClient-3-1] DEBUG o.a.netty.channel.ChannelManager - Adding key: http://localhost:10889 for channel [id: 0x7c68b8df, L:/127.0.0.1:64390 - R:localhost/127.0.0.1:10889]
15:50:17.801 [Forwarding getElementText on session 14f61660-7bcc-4279-b6a3-7163a94e0626 to remote] DEBUG o.a.netty.request.NettyRequestSender - Using pooled Channel '[id: 0x7c68b8df, L:/127.0.0.1:64390 - R:localhost/127.0.0.1:10889]' for 'GET' to 'http://localhost:10889/session/14f61660-7bcc-4279-b6a3-7163a94e0626/element/d26ff12b-a304-40ef-9740-f5dd946d25e9/text'
15:50:17.801 [Forwarding getElementText on session 14f61660-7bcc-4279-b6a3-7163a94e0626 to remote] DEBUG o.a.netty.request.NettyRequestSender - Using open Channel [id: 0x7c68b8df, L:/127.0.0.1:64390 - R:localhost/127.0.0.1:10889] for GET '/session/14f61660-7bcc-4279-b6a3-7163a94e0626/element/d26ff12b-a304-40ef-9740-f5dd946d25e9/text'
15:50:17.808 [AsyncHttpClient-3-1] DEBUG o.a.netty.handler.HttpHandler - 

Request DefaultFullHttpRequest(decodeResult: success, version: HTTP/1.1, content: EmptyByteBufBE)
GET /session/14f61660-7bcc-4279-b6a3-7163a94e0626/element/d26ff12b-a304-40ef-9740-f5dd946d25e9/text HTTP/1.1
User-Agent: selenium/4.0.0-alpha-5 (java windows)
Cache-Control: no-cache
host: localhost:10889
accept: */*

Response DefaultHttpResponse(decodeResult: success, version: HTTP/1.1)
HTTP/1.1 200 OK
content-type: application/json; charset=utf-8
cache-control: no-cache
content-length: 57
date: Thu, 25 Jun 2020 12:50:17 GMT

15:50:17.808 [AsyncHttpClient-3-1] DEBUG o.a.netty.channel.ChannelManager - Adding key: http://localhost:10889 for channel [id: 0x7c68b8df, L:/127.0.0.1:64390 - R:localhost/127.0.0.1:10889]
15:50:17.808 [Forwarding findChildElement on session 14f61660-7bcc-4279-b6a3-7163a94e0626 to remote] DEBUG o.a.netty.request.NettyRequestSender - Using pooled Channel '[id: 0x7c68b8df, L:/127.0.0.1:64390 - R:localhost/127.0.0.1:10889]' for 'POST' to 'http://localhost:10889/session/14f61660-7bcc-4279-b6a3-7163a94e0626/element/3a3fb773-5661-452b-b128-f926289fe989/element'
15:50:17.809 [Forwarding findChildElement on session 14f61660-7bcc-4279-b6a3-7163a94e0626 to remote] DEBUG o.a.netty.request.NettyRequestSender - Using open Channel [id: 0x7c68b8df, L:/127.0.0.1:64390 - R:localhost/127.0.0.1:10889] for POST '/session/14f61660-7bcc-4279-b6a3-7163a94e0626/element/3a3fb773-5661-452b-b128-f926289fe989/element'
15:50:17.812 [AsyncHttpClient-3-1] DEBUG o.a.netty.handler.HttpHandler - 

Request DefaultHttpRequest(decodeResult: success, version: HTTP/1.1)
POST /session/14f61660-7bcc-4279-b6a3-7163a94e0626/element/3a3fb773-5661-452b-b128-f926289fe989/element HTTP/1.1
User-Agent: selenium/4.0.0-alpha-5 (java windows)
Content-Length: 97
Content-Type: application/json; charset=utf-8
host: localhost:10889
accept: */*

Response DefaultHttpResponse(decodeResult: success, version: HTTP/1.1)
HTTP/1.1 200 OK
content-type: application/json; charset=utf-8
cache-control: no-cache
content-length: 88
date: Thu, 25 Jun 2020 12:50:17 GMT

15:50:17.812 [AsyncHttpClient-3-1] DEBUG o.a.netty.channel.ChannelManager - Adding key: http://localhost:10889 for channel [id: 0x7c68b8df, L:/127.0.0.1:64390 - R:localhost/127.0.0.1:10889]
15:50:17.815 [Forwarding getElementAttribute on session 14f61660-7bcc-4279-b6a3-7163a94e0626 to remote] DEBUG o.a.netty.request.NettyRequestSender - Using pooled Channel '[id: 0x7c68b8df, L:/127.0.0.1:64390 - R:localhost/127.0.0.1:10889]' for 'POST' to 'http://localhost:10889/session/14f61660-7bcc-4279-b6a3-7163a94e0626/execute/sync'
15:50:17.815 [Forwarding getElementAttribute on session 14f61660-7bcc-4279-b6a3-7163a94e0626 to remote] DEBUG o.a.netty.request.NettyRequestSender - Using open Channel [id: 0x7c68b8df, L:/127.0.0.1:64390 - R:localhost/127.0.0.1:10889] for POST '/session/14f61660-7bcc-4279-b6a3-7163a94e0626/execute/sync'
15:50:17.827 [AsyncHttpClient-3-1] DEBUG o.a.netty.handler.HttpHandler - 

Request DefaultHttpRequest(decodeResult: success, version: HTTP/1.1)
POST /session/14f61660-7bcc-4279-b6a3-7163a94e0626/execute/sync HTTP/1.1
User-Agent: selenium/4.0.0-alpha-5 (java windows)
Content-Length: 39635
Content-Type: application/json; charset=utf-8
host: localhost:10889
accept: */*

Response DefaultHttpResponse(decodeResult: success, version: HTTP/1.1)
HTTP/1.1 200 OK
content-type: application/json; charset=utf-8
cache-control: no-cache
content-length: 15
date: Thu, 25 Jun 2020 12:50:17 GMT

15:50:17.828 [AsyncHttpClient-3-1] DEBUG o.a.netty.channel.ChannelManager - Adding key: http://localhost:10889 for channel [id: 0x7c68b8df, L:/127.0.0.1:64390 - R:localhost/127.0.0.1:10889]
15:50:17.828 [Forwarding findChildElement on session 14f61660-7bcc-4279-b6a3-7163a94e0626 to remote] DEBUG o.a.netty.request.NettyRequestSender - Using pooled Channel '[id: 0x7c68b8df, L:/127.0.0.1:64390 - R:localhost/127.0.0.1:10889]' for 'POST' to 'http://localhost:10889/session/14f61660-7bcc-4279-b6a3-7163a94e0626/element/d2bb047d-272f-43cd-94dd-c1c937dccff4/element'
15:50:17.828 [Forwarding findChildElement on session 14f61660-7bcc-4279-b6a3-7163a94e0626 to remote] DEBUG o.a.netty.request.NettyRequestSender - Using open Channel [id: 0x7c68b8df, L:/127.0.0.1:64390 - R:localhost/127.0.0.1:10889] for POST '/session/14f61660-7bcc-4279-b6a3-7163a94e0626/element/d2bb047d-272f-43cd-94dd-c1c937dccff4/element'
15:50:17.832 [AsyncHttpClient-3-1] DEBUG o.a.netty.handler.HttpHandler - 

Request DefaultHttpRequest(decodeResult: success, version: HTTP/1.1)
POST /session/14f61660-7bcc-4279-b6a3-7163a94e0626/element/d2bb047d-272f-43cd-94dd-c1c937dccff4/element HTTP/1.1
User-Agent: selenium/4.0.0-alpha-5 (java windows)
Content-Length: 103
Content-Type: application/json; charset=utf-8
host: localhost:10889
accept: */*

Response DefaultHttpResponse(decodeResult: success, version: HTTP/1.1)
HTTP/1.1 200 OK
content-type: application/json; charset=utf-8
cache-control: no-cache
content-length: 88
date: Thu, 25 Jun 2020 12:50:17 GMT

15:50:17.832 [AsyncHttpClient-3-1] DEBUG o.a.netty.channel.ChannelManager - Adding key: http://localhost:10889 for channel [id: 0x7c68b8df, L:/127.0.0.1:64390 - R:localhost/127.0.0.1:10889]
15:50:17.832 [Forwarding getElementText on session 14f61660-7bcc-4279-b6a3-7163a94e0626 to remote] DEBUG o.a.netty.request.NettyRequestSender - Using pooled Channel '[id: 0x7c68b8df, L:/127.0.0.1:64390 - R:localhost/127.0.0.1:10889]' for 'GET' to 'http://localhost:10889/session/14f61660-7bcc-4279-b6a3-7163a94e0626/element/25815dab-d39c-4711-8a40-290763cb9307/text'
15:50:17.833 [Forwarding getElementText on session 14f61660-7bcc-4279-b6a3-7163a94e0626 to remote] DEBUG o.a.netty.request.NettyRequestSender - Using open Channel [id: 0x7c68b8df, L:/127.0.0.1:64390 - R:localhost/127.0.0.1:10889] for GET '/session/14f61660-7bcc-4279-b6a3-7163a94e0626/element/25815dab-d39c-4711-8a40-290763cb9307/text'
15:50:17.836 [AsyncHttpClient-3-1] DEBUG o.a.netty.handler.HttpHandler - 

Request DefaultFullHttpRequest(decodeResult: success, version: HTTP/1.1, content: EmptyByteBufBE)
GET /session/14f61660-7bcc-4279-b6a3-7163a94e0626/element/25815dab-d39c-4711-8a40-290763cb9307/text HTTP/1.1
User-Agent: selenium/4.0.0-alpha-5 (java windows)
Cache-Control: no-cache
host: localhost:10889
accept: */*

Response DefaultHttpResponse(decodeResult: success, version: HTTP/1.1)
HTTP/1.1 200 OK
content-type: application/json; charset=utf-8
cache-control: no-cache
content-length: 18
date: Thu, 25 Jun 2020 12:50:17 GMT

15:50:17.837 [AsyncHttpClient-3-1] DEBUG o.a.netty.channel.ChannelManager - Adding key: http://localhost:10889 for channel [id: 0x7c68b8df, L:/127.0.0.1:64390 - R:localhost/127.0.0.1:10889]
15:50:17.837 [Forwarding findChildElement on session 14f61660-7bcc-4279-b6a3-7163a94e0626 to remote] DEBUG o.a.netty.request.NettyRequestSender - Using pooled Channel '[id: 0x7c68b8df, L:/127.0.0.1:64390 - R:localhost/127.0.0.1:10889]' for 'POST' to 'http://localhost:10889/session/14f61660-7bcc-4279-b6a3-7163a94e0626/element/d2bb047d-272f-43cd-94dd-c1c937dccff4/element'
15:50:17.837 [Forwarding findChildElement on session 14f61660-7bcc-4279-b6a3-7163a94e0626 to remote] DEBUG o.a.netty.request.NettyRequestSender - Using open Channel [id: 0x7c68b8df, L:/127.0.0.1:64390 - R:localhost/127.0.0.1:10889] for POST '/session/14f61660-7bcc-4279-b6a3-7163a94e0626/element/d2bb047d-272f-43cd-94dd-c1c937dccff4/element'
15:50:17.841 [AsyncHttpClient-3-1] DEBUG o.a.netty.handler.HttpHandler - 

Request DefaultHttpRequest(decodeResult: success, version: HTTP/1.1)
POST /session/14f61660-7bcc-4279-b6a3-7163a94e0626/element/d2bb047d-272f-43cd-94dd-c1c937dccff4/element HTTP/1.1
User-Agent: selenium/4.0.0-alpha-5 (java windows)
Content-Length: 103
Content-Type: application/json; charset=utf-8
host: localhost:10889
accept: */*

Response DefaultHttpResponse(decodeResult: success, version: HTTP/1.1)
HTTP/1.1 200 OK
content-type: application/json; charset=utf-8
cache-control: no-cache
content-length: 88
date: Thu, 25 Jun 2020 12:50:17 GMT

15:50:17.841 [AsyncHttpClient-3-1] DEBUG o.a.netty.channel.ChannelManager - Adding key: http://localhost:10889 for channel [id: 0x7c68b8df, L:/127.0.0.1:64390 - R:localhost/127.0.0.1:10889]
15:50:17.841 [Forwarding getElementText on session 14f61660-7bcc-4279-b6a3-7163a94e0626 to remote] DEBUG o.a.netty.request.NettyRequestSender - Using pooled Channel '[id: 0x7c68b8df, L:/127.0.0.1:64390 - R:localhost/127.0.0.1:10889]' for 'GET' to 'http://localhost:10889/session/14f61660-7bcc-4279-b6a3-7163a94e0626/element/07504b69-39ba-4c79-a0d5-45a72d244bee/text'
15:50:17.841 [Forwarding getElementText on session 14f61660-7bcc-4279-b6a3-7163a94e0626 to remote] DEBUG o.a.netty.request.NettyRequestSender - Using open Channel [id: 0x7c68b8df, L:/127.0.0.1:64390 - R:localhost/127.0.0.1:10889] for GET '/session/14f61660-7bcc-4279-b6a3-7163a94e0626/element/07504b69-39ba-4c79-a0d5-45a72d244bee/text'
15:50:17.845 [AsyncHttpClient-3-1] DEBUG o.a.netty.handler.HttpHandler - 

Request DefaultFullHttpRequest(decodeResult: success, version: HTTP/1.1, content: EmptyByteBufBE)
GET /session/14f61660-7bcc-4279-b6a3-7163a94e0626/element/07504b69-39ba-4c79-a0d5-45a72d244bee/text HTTP/1.1
User-Agent: selenium/4.0.0-alpha-5 (java windows)
Cache-Control: no-cache
host: localhost:10889
accept: */*

Response DefaultHttpResponse(decodeResult: success, version: HTTP/1.1)
HTTP/1.1 200 OK
content-type: application/json; charset=utf-8
cache-control: no-cache
content-length: 22
date: Thu, 25 Jun 2020 12:50:17 GMT

15:50:17.845 [AsyncHttpClient-3-1] DEBUG o.a.netty.channel.ChannelManager - Adding key: http://localhost:10889 for channel [id: 0x7c68b8df, L:/127.0.0.1:64390 - R:localhost/127.0.0.1:10889]
15:50:17.846 [Forwarding findChildElement on session 14f61660-7bcc-4279-b6a3-7163a94e0626 to remote] DEBUG o.a.netty.request.NettyRequestSender - Using pooled Channel '[id: 0x7c68b8df, L:/127.0.0.1:64390 - R:localhost/127.0.0.1:10889]' for 'POST' to 'http://localhost:10889/session/14f61660-7bcc-4279-b6a3-7163a94e0626/element/d2bb047d-272f-43cd-94dd-c1c937dccff4/element'
15:50:17.846 [Forwarding findChildElement on session 14f61660-7bcc-4279-b6a3-7163a94e0626 to remote] DEBUG o.a.netty.request.NettyRequestSender - Using open Channel [id: 0x7c68b8df, L:/127.0.0.1:64390 - R:localhost/127.0.0.1:10889] for POST '/session/14f61660-7bcc-4279-b6a3-7163a94e0626/element/d2bb047d-272f-43cd-94dd-c1c937dccff4/element'
15:50:17.850 [AsyncHttpClient-3-1] DEBUG o.a.netty.handler.HttpHandler - 

Request DefaultHttpRequest(decodeResult: success, version: HTTP/1.1)
POST /session/14f61660-7bcc-4279-b6a3-7163a94e0626/element/d2bb047d-272f-43cd-94dd-c1c937dccff4/element HTTP/1.1
User-Agent: selenium/4.0.0-alpha-5 (java windows)
Content-Length: 103
Content-Type: application/json; charset=utf-8
host: localhost:10889
accept: */*

Response DefaultHttpResponse(decodeResult: success, version: HTTP/1.1)
HTTP/1.1 200 OK
content-type: application/json; charset=utf-8
cache-control: no-cache
content-length: 88
date: Thu, 25 Jun 2020 12:50:17 GMT

15:50:17.850 [AsyncHttpClient-3-1] DEBUG o.a.netty.channel.ChannelManager - Adding key: http://localhost:10889 for channel [id: 0x7c68b8df, L:/127.0.0.1:64390 - R:localhost/127.0.0.1:10889]
15:50:17.850 [Forwarding getElementText on session 14f61660-7bcc-4279-b6a3-7163a94e0626 to remote] DEBUG o.a.netty.request.NettyRequestSender - Using pooled Channel '[id: 0x7c68b8df, L:/127.0.0.1:64390 - R:localhost/127.0.0.1:10889]' for 'GET' to 'http://localhost:10889/session/14f61660-7bcc-4279-b6a3-7163a94e0626/element/696d06e3-a24f-4a73-8124-e0f918c59af8/text'
15:50:17.851 [Forwarding getElementText on session 14f61660-7bcc-4279-b6a3-7163a94e0626 to remote] DEBUG o.a.netty.request.NettyRequestSender - Using open Channel [id: 0x7c68b8df, L:/127.0.0.1:64390 - R:localhost/127.0.0.1:10889] for GET '/session/14f61660-7bcc-4279-b6a3-7163a94e0626/element/696d06e3-a24f-4a73-8124-e0f918c59af8/text'
15:50:17.855 [AsyncHttpClient-3-1] DEBUG o.a.netty.handler.HttpHandler - 

Request DefaultFullHttpRequest(decodeResult: success, version: HTTP/1.1, content: EmptyByteBufBE)
GET /session/14f61660-7bcc-4279-b6a3-7163a94e0626/element/696d06e3-a24f-4a73-8124-e0f918c59af8/text HTTP/1.1
User-Agent: selenium/4.0.0-alpha-5 (java windows)
Cache-Control: no-cache
host: localhost:10889
accept: */*

Response DefaultHttpResponse(decodeResult: success, version: HTTP/1.1)
HTTP/1.1 200 OK
content-type: application/json; charset=utf-8
cache-control: no-cache
content-length: 21
date: Thu, 25 Jun 2020 12:50:17 GMT

15:50:17.855 [AsyncHttpClient-3-1] DEBUG o.a.netty.channel.ChannelManager - Adding key: http://localhost:10889 for channel [id: 0x7c68b8df, L:/127.0.0.1:64390 - R:localhost/127.0.0.1:10889]
15:50:17.855 [Forwarding findChildElement on session 14f61660-7bcc-4279-b6a3-7163a94e0626 to remote] DEBUG o.a.netty.request.NettyRequestSender - Using pooled Channel '[id: 0x7c68b8df, L:/127.0.0.1:64390 - R:localhost/127.0.0.1:10889]' for 'POST' to 'http://localhost:10889/session/14f61660-7bcc-4279-b6a3-7163a94e0626/element/d2bb047d-272f-43cd-94dd-c1c937dccff4/element'
15:50:17.855 [Forwarding findChildElement on session 14f61660-7bcc-4279-b6a3-7163a94e0626 to remote] DEBUG o.a.netty.request.NettyRequestSender - Using open Channel [id: 0x7c68b8df, L:/127.0.0.1:64390 - R:localhost/127.0.0.1:10889] for POST '/session/14f61660-7bcc-4279-b6a3-7163a94e0626/element/d2bb047d-272f-43cd-94dd-c1c937dccff4/element'
15:50:17.859 [AsyncHttpClient-3-1] DEBUG o.a.netty.handler.HttpHandler - 

Request DefaultHttpRequest(decodeResult: success, version: HTTP/1.1)
POST /session/14f61660-7bcc-4279-b6a3-7163a94e0626/element/d2bb047d-272f-43cd-94dd-c1c937dccff4/element HTTP/1.1
User-Agent: selenium/4.0.0-alpha-5 (java windows)
Content-Length: 103
Content-Type: application/json; charset=utf-8
host: localhost:10889
accept: */*

Response DefaultHttpResponse(decodeResult: success, version: HTTP/1.1)
HTTP/1.1 200 OK
content-type: application/json; charset=utf-8
cache-control: no-cache
content-length: 88
date: Thu, 25 Jun 2020 12:50:17 GMT

15:50:17.859 [AsyncHttpClient-3-1] DEBUG o.a.netty.channel.ChannelManager - Adding key: http://localhost:10889 for channel [id: 0x7c68b8df, L:/127.0.0.1:64390 - R:localhost/127.0.0.1:10889]
15:50:17.859 [Forwarding getElementText on session 14f61660-7bcc-4279-b6a3-7163a94e0626 to remote] DEBUG o.a.netty.request.NettyRequestSender - Using pooled Channel '[id: 0x7c68b8df, L:/127.0.0.1:64390 - R:localhost/127.0.0.1:10889]' for 'GET' to 'http://localhost:10889/session/14f61660-7bcc-4279-b6a3-7163a94e0626/element/0c4f7a3f-1774-490e-825a-f1e633ceb8ea/text'
15:50:17.859 [Forwarding getElementText on session 14f61660-7bcc-4279-b6a3-7163a94e0626 to remote] DEBUG o.a.netty.request.NettyRequestSender - Using open Channel [id: 0x7c68b8df, L:/127.0.0.1:64390 - R:localhost/127.0.0.1:10889] for GET '/session/14f61660-7bcc-4279-b6a3-7163a94e0626/element/0c4f7a3f-1774-490e-825a-f1e633ceb8ea/text'
15:50:17.864 [AsyncHttpClient-3-1] DEBUG o.a.netty.handler.HttpHandler - 

Request DefaultFullHttpRequest(decodeResult: success, version: HTTP/1.1, content: EmptyByteBufBE)
GET /session/14f61660-7bcc-4279-b6a3-7163a94e0626/element/0c4f7a3f-1774-490e-825a-f1e633ceb8ea/text HTTP/1.1
User-Agent: selenium/4.0.0-alpha-5 (java windows)
Cache-Control: no-cache
host: localhost:10889
accept: */*

Response DefaultHttpResponse(decodeResult: success, version: HTTP/1.1)
HTTP/1.1 200 OK
content-type: application/json; charset=utf-8
cache-control: no-cache
content-length: 45
date: Thu, 25 Jun 2020 12:50:17 GMT

15:50:17.864 [AsyncHttpClient-3-1] DEBUG o.a.netty.channel.ChannelManager - Adding key: http://localhost:10889 for channel [id: 0x7c68b8df, L:/127.0.0.1:64390 - R:localhost/127.0.0.1:10889]
15:50:17.864 [Forwarding findChildElement on session 14f61660-7bcc-4279-b6a3-7163a94e0626 to remote] DEBUG o.a.netty.request.NettyRequestSender - Using pooled Channel '[id: 0x7c68b8df, L:/127.0.0.1:64390 - R:localhost/127.0.0.1:10889]' for 'POST' to 'http://localhost:10889/session/14f61660-7bcc-4279-b6a3-7163a94e0626/element/d2bb047d-272f-43cd-94dd-c1c937dccff4/element'
15:50:17.864 [Forwarding findChildElement on session 14f61660-7bcc-4279-b6a3-7163a94e0626 to remote] DEBUG o.a.netty.request.NettyRequestSender - Using open Channel [id: 0x7c68b8df, L:/127.0.0.1:64390 - R:localhost/127.0.0.1:10889] for POST '/session/14f61660-7bcc-4279-b6a3-7163a94e0626/element/d2bb047d-272f-43cd-94dd-c1c937dccff4/element'
15:50:17.868 [AsyncHttpClient-3-1] DEBUG o.a.netty.handler.HttpHandler - 

Request DefaultHttpRequest(decodeResult: success, version: HTTP/1.1)
POST /session/14f61660-7bcc-4279-b6a3-7163a94e0626/element/d2bb047d-272f-43cd-94dd-c1c937dccff4/element HTTP/1.1
User-Agent: selenium/4.0.0-alpha-5 (java windows)
Content-Length: 103
Content-Type: application/json; charset=utf-8
host: localhost:10889
accept: */*

Response DefaultHttpResponse(decodeResult: success, version: HTTP/1.1)
HTTP/1.1 200 OK
content-type: application/json; charset=utf-8
cache-control: no-cache
content-length: 88
date: Thu, 25 Jun 2020 12:50:17 GMT

15:50:17.868 [AsyncHttpClient-3-1] DEBUG o.a.netty.channel.ChannelManager - Adding key: http://localhost:10889 for channel [id: 0x7c68b8df, L:/127.0.0.1:64390 - R:localhost/127.0.0.1:10889]
15:50:17.869 [Forwarding getElementText on session 14f61660-7bcc-4279-b6a3-7163a94e0626 to remote] DEBUG o.a.netty.request.NettyRequestSender - Using pooled Channel '[id: 0x7c68b8df, L:/127.0.0.1:64390 - R:localhost/127.0.0.1:10889]' for 'GET' to 'http://localhost:10889/session/14f61660-7bcc-4279-b6a3-7163a94e0626/element/6f4c91f5-4225-4353-bedb-75d56e14a13d/text'
15:50:17.869 [Forwarding getElementText on session 14f61660-7bcc-4279-b6a3-7163a94e0626 to remote] DEBUG o.a.netty.request.NettyRequestSender - Using open Channel [id: 0x7c68b8df, L:/127.0.0.1:64390 - R:localhost/127.0.0.1:10889] for GET '/session/14f61660-7bcc-4279-b6a3-7163a94e0626/element/6f4c91f5-4225-4353-bedb-75d56e14a13d/text'
15:50:17.875 [AsyncHttpClient-3-1] DEBUG o.a.netty.handler.HttpHandler - 

Request DefaultFullHttpRequest(decodeResult: success, version: HTTP/1.1, content: EmptyByteBufBE)
GET /session/14f61660-7bcc-4279-b6a3-7163a94e0626/element/6f4c91f5-4225-4353-bedb-75d56e14a13d/text HTTP/1.1
User-Agent: selenium/4.0.0-alpha-5 (java windows)
Cache-Control: no-cache
host: localhost:10889
accept: */*

Response DefaultHttpResponse(decodeResult: success, version: HTTP/1.1)
HTTP/1.1 200 OK
content-type: application/json; charset=utf-8
cache-control: no-cache
content-length: 57
date: Thu, 25 Jun 2020 12:50:17 GMT

15:50:17.876 [AsyncHttpClient-3-1] DEBUG o.a.netty.channel.ChannelManager - Adding key: http://localhost:10889 for channel [id: 0x7c68b8df, L:/127.0.0.1:64390 - R:localhost/127.0.0.1:10889]
15:50:17.876 [Forwarding findChildElement on session 14f61660-7bcc-4279-b6a3-7163a94e0626 to remote] DEBUG o.a.netty.request.NettyRequestSender - Using pooled Channel '[id: 0x7c68b8df, L:/127.0.0.1:64390 - R:localhost/127.0.0.1:10889]' for 'POST' to 'http://localhost:10889/session/14f61660-7bcc-4279-b6a3-7163a94e0626/element/d2bb047d-272f-43cd-94dd-c1c937dccff4/element'
15:50:17.876 [Forwarding findChildElement on session 14f61660-7bcc-4279-b6a3-7163a94e0626 to remote] DEBUG o.a.netty.request.NettyRequestSender - Using open Channel [id: 0x7c68b8df, L:/127.0.0.1:64390 - R:localhost/127.0.0.1:10889] for POST '/session/14f61660-7bcc-4279-b6a3-7163a94e0626/element/d2bb047d-272f-43cd-94dd-c1c937dccff4/element'
15:50:17.880 [AsyncHttpClient-3-1] DEBUG o.a.netty.handler.HttpHandler - 

Request DefaultHttpRequest(decodeResult: success, version: HTTP/1.1)
POST /session/14f61660-7bcc-4279-b6a3-7163a94e0626/element/d2bb047d-272f-43cd-94dd-c1c937dccff4/element HTTP/1.1
User-Agent: selenium/4.0.0-alpha-5 (java windows)
Content-Length: 97
Content-Type: application/json; charset=utf-8
host: localhost:10889
accept: */*

Response DefaultHttpResponse(decodeResult: success, version: HTTP/1.1)
HTTP/1.1 200 OK
content-type: application/json; charset=utf-8
cache-control: no-cache
content-length: 88
date: Thu, 25 Jun 2020 12:50:17 GMT

15:50:17.880 [AsyncHttpClient-3-1] DEBUG o.a.netty.channel.ChannelManager - Adding key: http://localhost:10889 for channel [id: 0x7c68b8df, L:/127.0.0.1:64390 - R:localhost/127.0.0.1:10889]
15:50:17.883 [Forwarding getElementAttribute on session 14f61660-7bcc-4279-b6a3-7163a94e0626 to remote] DEBUG o.a.netty.request.NettyRequestSender - Using pooled Channel '[id: 0x7c68b8df, L:/127.0.0.1:64390 - R:localhost/127.0.0.1:10889]' for 'POST' to 'http://localhost:10889/session/14f61660-7bcc-4279-b6a3-7163a94e0626/execute/sync'
15:50:17.884 [Forwarding getElementAttribute on session 14f61660-7bcc-4279-b6a3-7163a94e0626 to remote] DEBUG o.a.netty.request.NettyRequestSender - Using open Channel [id: 0x7c68b8df, L:/127.0.0.1:64390 - R:localhost/127.0.0.1:10889] for POST '/session/14f61660-7bcc-4279-b6a3-7163a94e0626/execute/sync'
15:50:17.897 [AsyncHttpClient-3-1] DEBUG o.a.netty.handler.HttpHandler - 

Request DefaultHttpRequest(decodeResult: success, version: HTTP/1.1)
POST /session/14f61660-7bcc-4279-b6a3-7163a94e0626/execute/sync HTTP/1.1
User-Agent: selenium/4.0.0-alpha-5 (java windows)
Content-Length: 39635
Content-Type: application/json; charset=utf-8
host: localhost:10889
accept: */*

Response DefaultHttpResponse(decodeResult: success, version: HTTP/1.1)
HTTP/1.1 200 OK
content-type: application/json; charset=utf-8
cache-control: no-cache
content-length: 15
date: Thu, 25 Jun 2020 12:50:17 GMT

15:50:17.897 [AsyncHttpClient-3-1] DEBUG o.a.netty.channel.ChannelManager - Adding key: http://localhost:10889 for channel [id: 0x7c68b8df, L:/127.0.0.1:64390 - R:localhost/127.0.0.1:10889]
15:50:17.898 [Forwarding findChildElement on session 14f61660-7bcc-4279-b6a3-7163a94e0626 to remote] DEBUG o.a.netty.request.NettyRequestSender - Using pooled Channel '[id: 0x7c68b8df, L:/127.0.0.1:64390 - R:localhost/127.0.0.1:10889]' for 'POST' to 'http://localhost:10889/session/14f61660-7bcc-4279-b6a3-7163a94e0626/element/c8f81f7b-da6e-4bda-ac7b-a944344a5f3e/element'
15:50:17.898 [Forwarding findChildElement on session 14f61660-7bcc-4279-b6a3-7163a94e0626 to remote] DEBUG o.a.netty.request.NettyRequestSender - Using open Channel [id: 0x7c68b8df, L:/127.0.0.1:64390 - R:localhost/127.0.0.1:10889] for POST '/session/14f61660-7bcc-4279-b6a3-7163a94e0626/element/c8f81f7b-da6e-4bda-ac7b-a944344a5f3e/element'
15:50:17.901 [AsyncHttpClient-3-1] DEBUG o.a.netty.handler.HttpHandler - 

Request DefaultHttpRequest(decodeResult: success, version: HTTP/1.1)
POST /session/14f61660-7bcc-4279-b6a3-7163a94e0626/element/c8f81f7b-da6e-4bda-ac7b-a944344a5f3e/element HTTP/1.1
User-Agent: selenium/4.0.0-alpha-5 (java windows)
Content-Length: 103
Content-Type: application/json; charset=utf-8
host: localhost:10889
accept: */*

Response DefaultHttpResponse(decodeResult: success, version: HTTP/1.1)
HTTP/1.1 200 OK
content-type: application/json; charset=utf-8
cache-control: no-cache
content-length: 88
date: Thu, 25 Jun 2020 12:50:17 GMT

15:50:17.901 [AsyncHttpClient-3-1] DEBUG o.a.netty.channel.ChannelManager - Adding key: http://localhost:10889 for channel [id: 0x7c68b8df, L:/127.0.0.1:64390 - R:localhost/127.0.0.1:10889]
15:50:17.902 [Forwarding getElementText on session 14f61660-7bcc-4279-b6a3-7163a94e0626 to remote] DEBUG o.a.netty.request.NettyRequestSender - Using pooled Channel '[id: 0x7c68b8df, L:/127.0.0.1:64390 - R:localhost/127.0.0.1:10889]' for 'GET' to 'http://localhost:10889/session/14f61660-7bcc-4279-b6a3-7163a94e0626/element/5441196b-2ee1-4f26-b17c-61a1177d2dea/text'
15:50:17.902 [Forwarding getElementText on session 14f61660-7bcc-4279-b6a3-7163a94e0626 to remote] DEBUG o.a.netty.request.NettyRequestSender - Using open Channel [id: 0x7c68b8df, L:/127.0.0.1:64390 - R:localhost/127.0.0.1:10889] for GET '/session/14f61660-7bcc-4279-b6a3-7163a94e0626/element/5441196b-2ee1-4f26-b17c-61a1177d2dea/text'
15:50:17.906 [AsyncHttpClient-3-1] DEBUG o.a.netty.handler.HttpHandler - 

Request DefaultFullHttpRequest(decodeResult: success, version: HTTP/1.1, content: EmptyByteBufBE)
GET /session/14f61660-7bcc-4279-b6a3-7163a94e0626/element/5441196b-2ee1-4f26-b17c-61a1177d2dea/text HTTP/1.1
User-Agent: selenium/4.0.0-alpha-5 (java windows)
Cache-Control: no-cache
host: localhost:10889
accept: */*

Response DefaultHttpResponse(decodeResult: success, version: HTTP/1.1)
HTTP/1.1 200 OK
content-type: application/json; charset=utf-8
cache-control: no-cache
content-length: 18
date: Thu, 25 Jun 2020 12:50:17 GMT

15:50:17.906 [AsyncHttpClient-3-1] DEBUG o.a.netty.channel.ChannelManager - Adding key: http://localhost:10889 for channel [id: 0x7c68b8df, L:/127.0.0.1:64390 - R:localhost/127.0.0.1:10889]
15:50:17.906 [Forwarding findChildElement on session 14f61660-7bcc-4279-b6a3-7163a94e0626 to remote] DEBUG o.a.netty.request.NettyRequestSender - Using pooled Channel '[id: 0x7c68b8df, L:/127.0.0.1:64390 - R:localhost/127.0.0.1:10889]' for 'POST' to 'http://localhost:10889/session/14f61660-7bcc-4279-b6a3-7163a94e0626/element/c8f81f7b-da6e-4bda-ac7b-a944344a5f3e/element'
15:50:17.906 [Forwarding findChildElement on session 14f61660-7bcc-4279-b6a3-7163a94e0626 to remote] DEBUG o.a.netty.request.NettyRequestSender - Using open Channel [id: 0x7c68b8df, L:/127.0.0.1:64390 - R:localhost/127.0.0.1:10889] for POST '/session/14f61660-7bcc-4279-b6a3-7163a94e0626/element/c8f81f7b-da6e-4bda-ac7b-a944344a5f3e/element'
15:50:17.910 [AsyncHttpClient-3-1] DEBUG o.a.netty.handler.HttpHandler - 

Request DefaultHttpRequest(decodeResult: success, version: HTTP/1.1)
POST /session/14f61660-7bcc-4279-b6a3-7163a94e0626/element/c8f81f7b-da6e-4bda-ac7b-a944344a5f3e/element HTTP/1.1
User-Agent: selenium/4.0.0-alpha-5 (java windows)
Content-Length: 103
Content-Type: application/json; charset=utf-8
host: localhost:10889
accept: */*

Response DefaultHttpResponse(decodeResult: success, version: HTTP/1.1)
HTTP/1.1 200 OK
content-type: application/json; charset=utf-8
cache-control: no-cache
content-length: 88
date: Thu, 25 Jun 2020 12:50:17 GMT

15:50:17.910 [AsyncHttpClient-3-1] DEBUG o.a.netty.channel.ChannelManager - Adding key: http://localhost:10889 for channel [id: 0x7c68b8df, L:/127.0.0.1:64390 - R:localhost/127.0.0.1:10889]
15:50:17.910 [Forwarding getElementText on session 14f61660-7bcc-4279-b6a3-7163a94e0626 to remote] DEBUG o.a.netty.request.NettyRequestSender - Using pooled Channel '[id: 0x7c68b8df, L:/127.0.0.1:64390 - R:localhost/127.0.0.1:10889]' for 'GET' to 'http://localhost:10889/session/14f61660-7bcc-4279-b6a3-7163a94e0626/element/9db807ae-4400-4a6f-9ccf-a9fd828da29f/text'
15:50:17.910 [Forwarding getElementText on session 14f61660-7bcc-4279-b6a3-7163a94e0626 to remote] DEBUG o.a.netty.request.NettyRequestSender - Using open Channel [id: 0x7c68b8df, L:/127.0.0.1:64390 - R:localhost/127.0.0.1:10889] for GET '/session/14f61660-7bcc-4279-b6a3-7163a94e0626/element/9db807ae-4400-4a6f-9ccf-a9fd828da29f/text'
15:50:17.915 [AsyncHttpClient-3-1] DEBUG o.a.netty.handler.HttpHandler - 

Request DefaultFullHttpRequest(decodeResult: success, version: HTTP/1.1, content: EmptyByteBufBE)
GET /session/14f61660-7bcc-4279-b6a3-7163a94e0626/element/9db807ae-4400-4a6f-9ccf-a9fd828da29f/text HTTP/1.1
User-Agent: selenium/4.0.0-alpha-5 (java windows)
Cache-Control: no-cache
host: localhost:10889
accept: */*

Response DefaultHttpResponse(decodeResult: success, version: HTTP/1.1)
HTTP/1.1 200 OK
content-type: application/json; charset=utf-8
cache-control: no-cache
content-length: 22
date: Thu, 25 Jun 2020 12:50:17 GMT

15:50:17.915 [AsyncHttpClient-3-1] DEBUG o.a.netty.channel.ChannelManager - Adding key: http://localhost:10889 for channel [id: 0x7c68b8df, L:/127.0.0.1:64390 - R:localhost/127.0.0.1:10889]
15:50:17.915 [Forwarding findChildElement on session 14f61660-7bcc-4279-b6a3-7163a94e0626 to remote] DEBUG o.a.netty.request.NettyRequestSender - Using pooled Channel '[id: 0x7c68b8df, L:/127.0.0.1:64390 - R:localhost/127.0.0.1:10889]' for 'POST' to 'http://localhost:10889/session/14f61660-7bcc-4279-b6a3-7163a94e0626/element/c8f81f7b-da6e-4bda-ac7b-a944344a5f3e/element'
15:50:17.915 [Forwarding findChildElement on session 14f61660-7bcc-4279-b6a3-7163a94e0626 to remote] DEBUG o.a.netty.request.NettyRequestSender - Using open Channel [id: 0x7c68b8df, L:/127.0.0.1:64390 - R:localhost/127.0.0.1:10889] for POST '/session/14f61660-7bcc-4279-b6a3-7163a94e0626/element/c8f81f7b-da6e-4bda-ac7b-a944344a5f3e/element'
15:50:17.919 [AsyncHttpClient-3-1] DEBUG o.a.netty.handler.HttpHandler - 

Request DefaultHttpRequest(decodeResult: success, version: HTTP/1.1)
POST /session/14f61660-7bcc-4279-b6a3-7163a94e0626/element/c8f81f7b-da6e-4bda-ac7b-a944344a5f3e/element HTTP/1.1
User-Agent: selenium/4.0.0-alpha-5 (java windows)
Content-Length: 103
Content-Type: application/json; charset=utf-8
host: localhost:10889
accept: */*

Response DefaultHttpResponse(decodeResult: success, version: HTTP/1.1)
HTTP/1.1 200 OK
content-type: application/json; charset=utf-8
cache-control: no-cache
content-length: 88
date: Thu, 25 Jun 2020 12:50:17 GMT

15:50:17.919 [AsyncHttpClient-3-1] DEBUG o.a.netty.channel.ChannelManager - Adding key: http://localhost:10889 for channel [id: 0x7c68b8df, L:/127.0.0.1:64390 - R:localhost/127.0.0.1:10889]
15:50:17.919 [Forwarding getElementText on session 14f61660-7bcc-4279-b6a3-7163a94e0626 to remote] DEBUG o.a.netty.request.NettyRequestSender - Using pooled Channel '[id: 0x7c68b8df, L:/127.0.0.1:64390 - R:localhost/127.0.0.1:10889]' for 'GET' to 'http://localhost:10889/session/14f61660-7bcc-4279-b6a3-7163a94e0626/element/521f2d32-19a0-4766-89c9-a83c8cca5c2d/text'
15:50:17.920 [Forwarding getElementText on session 14f61660-7bcc-4279-b6a3-7163a94e0626 to remote] DEBUG o.a.netty.request.NettyRequestSender - Using open Channel [id: 0x7c68b8df, L:/127.0.0.1:64390 - R:localhost/127.0.0.1:10889] for GET '/session/14f61660-7bcc-4279-b6a3-7163a94e0626/element/521f2d32-19a0-4766-89c9-a83c8cca5c2d/text'
15:50:17.924 [AsyncHttpClient-3-1] DEBUG o.a.netty.handler.HttpHandler - 

Request DefaultFullHttpRequest(decodeResult: success, version: HTTP/1.1, content: EmptyByteBufBE)
GET /session/14f61660-7bcc-4279-b6a3-7163a94e0626/element/521f2d32-19a0-4766-89c9-a83c8cca5c2d/text HTTP/1.1
User-Agent: selenium/4.0.0-alpha-5 (java windows)
Cache-Control: no-cache
host: localhost:10889
accept: */*

Response DefaultHttpResponse(decodeResult: success, version: HTTP/1.1)
HTTP/1.1 200 OK
content-type: application/json; charset=utf-8
cache-control: no-cache
content-length: 21
date: Thu, 25 Jun 2020 12:50:17 GMT

15:50:17.924 [AsyncHttpClient-3-1] DEBUG o.a.netty.channel.ChannelManager - Adding key: http://localhost:10889 for channel [id: 0x7c68b8df, L:/127.0.0.1:64390 - R:localhost/127.0.0.1:10889]
15:50:17.925 [Forwarding findChildElement on session 14f61660-7bcc-4279-b6a3-7163a94e0626 to remote] DEBUG o.a.netty.request.NettyRequestSender - Using pooled Channel '[id: 0x7c68b8df, L:/127.0.0.1:64390 - R:localhost/127.0.0.1:10889]' for 'POST' to 'http://localhost:10889/session/14f61660-7bcc-4279-b6a3-7163a94e0626/element/c8f81f7b-da6e-4bda-ac7b-a944344a5f3e/element'
15:50:17.925 [Forwarding findChildElement on session 14f61660-7bcc-4279-b6a3-7163a94e0626 to remote] DEBUG o.a.netty.request.NettyRequestSender - Using open Channel [id: 0x7c68b8df, L:/127.0.0.1:64390 - R:localhost/127.0.0.1:10889] for POST '/session/14f61660-7bcc-4279-b6a3-7163a94e0626/element/c8f81f7b-da6e-4bda-ac7b-a944344a5f3e/element'
15:50:17.928 [AsyncHttpClient-3-1] DEBUG o.a.netty.handler.HttpHandler - 

Request DefaultHttpRequest(decodeResult: success, version: HTTP/1.1)
POST /session/14f61660-7bcc-4279-b6a3-7163a94e0626/element/c8f81f7b-da6e-4bda-ac7b-a944344a5f3e/element HTTP/1.1
User-Agent: selenium/4.0.0-alpha-5 (java windows)
Content-Length: 103
Content-Type: application/json; charset=utf-8
host: localhost:10889
accept: */*

Response DefaultHttpResponse(decodeResult: success, version: HTTP/1.1)
HTTP/1.1 200 OK
content-type: application/json; charset=utf-8
cache-control: no-cache
content-length: 88
date: Thu, 25 Jun 2020 12:50:17 GMT

15:50:17.928 [AsyncHttpClient-3-1] DEBUG o.a.netty.channel.ChannelManager - Adding key: http://localhost:10889 for channel [id: 0x7c68b8df, L:/127.0.0.1:64390 - R:localhost/127.0.0.1:10889]
15:50:17.929 [Forwarding getElementText on session 14f61660-7bcc-4279-b6a3-7163a94e0626 to remote] DEBUG o.a.netty.request.NettyRequestSender - Using pooled Channel '[id: 0x7c68b8df, L:/127.0.0.1:64390 - R:localhost/127.0.0.1:10889]' for 'GET' to 'http://localhost:10889/session/14f61660-7bcc-4279-b6a3-7163a94e0626/element/93687abd-e8bb-45df-bac2-c5782be77e1d/text'
15:50:17.929 [Forwarding getElementText on session 14f61660-7bcc-4279-b6a3-7163a94e0626 to remote] DEBUG o.a.netty.request.NettyRequestSender - Using open Channel [id: 0x7c68b8df, L:/127.0.0.1:64390 - R:localhost/127.0.0.1:10889] for GET '/session/14f61660-7bcc-4279-b6a3-7163a94e0626/element/93687abd-e8bb-45df-bac2-c5782be77e1d/text'
15:50:17.933 [AsyncHttpClient-3-1] DEBUG o.a.netty.handler.HttpHandler - 

Request DefaultFullHttpRequest(decodeResult: success, version: HTTP/1.1, content: EmptyByteBufBE)
GET /session/14f61660-7bcc-4279-b6a3-7163a94e0626/element/93687abd-e8bb-45df-bac2-c5782be77e1d/text HTTP/1.1
User-Agent: selenium/4.0.0-alpha-5 (java windows)
Cache-Control: no-cache
host: localhost:10889
accept: */*

Response DefaultHttpResponse(decodeResult: success, version: HTTP/1.1)
HTTP/1.1 200 OK
content-type: application/json; charset=utf-8
cache-control: no-cache
content-length: 45
date: Thu, 25 Jun 2020 12:50:17 GMT

15:50:17.933 [AsyncHttpClient-3-1] DEBUG o.a.netty.channel.ChannelManager - Adding key: http://localhost:10889 for channel [id: 0x7c68b8df, L:/127.0.0.1:64390 - R:localhost/127.0.0.1:10889]
15:50:17.933 [Forwarding findChildElement on session 14f61660-7bcc-4279-b6a3-7163a94e0626 to remote] DEBUG o.a.netty.request.NettyRequestSender - Using pooled Channel '[id: 0x7c68b8df, L:/127.0.0.1:64390 - R:localhost/127.0.0.1:10889]' for 'POST' to 'http://localhost:10889/session/14f61660-7bcc-4279-b6a3-7163a94e0626/element/c8f81f7b-da6e-4bda-ac7b-a944344a5f3e/element'
15:50:17.933 [Forwarding findChildElement on session 14f61660-7bcc-4279-b6a3-7163a94e0626 to remote] DEBUG o.a.netty.request.NettyRequestSender - Using open Channel [id: 0x7c68b8df, L:/127.0.0.1:64390 - R:localhost/127.0.0.1:10889] for POST '/session/14f61660-7bcc-4279-b6a3-7163a94e0626/element/c8f81f7b-da6e-4bda-ac7b-a944344a5f3e/element'
15:50:17.937 [AsyncHttpClient-3-1] DEBUG o.a.netty.handler.HttpHandler - 

Request DefaultHttpRequest(decodeResult: success, version: HTTP/1.1)
POST /session/14f61660-7bcc-4279-b6a3-7163a94e0626/element/c8f81f7b-da6e-4bda-ac7b-a944344a5f3e/element HTTP/1.1
User-Agent: selenium/4.0.0-alpha-5 (java windows)
Content-Length: 103
Content-Type: application/json; charset=utf-8
host: localhost:10889
accept: */*

Response DefaultHttpResponse(decodeResult: success, version: HTTP/1.1)
HTTP/1.1 200 OK
content-type: application/json; charset=utf-8
cache-control: no-cache
content-length: 88
date: Thu, 25 Jun 2020 12:50:17 GMT

15:50:17.937 [AsyncHttpClient-3-1] DEBUG o.a.netty.channel.ChannelManager - Adding key: http://localhost:10889 for channel [id: 0x7c68b8df, L:/127.0.0.1:64390 - R:localhost/127.0.0.1:10889]
15:50:17.937 [Forwarding getElementText on session 14f61660-7bcc-4279-b6a3-7163a94e0626 to remote] DEBUG o.a.netty.request.NettyRequestSender - Using pooled Channel '[id: 0x7c68b8df, L:/127.0.0.1:64390 - R:localhost/127.0.0.1:10889]' for 'GET' to 'http://localhost:10889/session/14f61660-7bcc-4279-b6a3-7163a94e0626/element/fa4725ac-918d-42d4-bb76-8286840b3800/text'
15:50:17.937 [Forwarding getElementText on session 14f61660-7bcc-4279-b6a3-7163a94e0626 to remote] DEBUG o.a.netty.request.NettyRequestSender - Using open Channel [id: 0x7c68b8df, L:/127.0.0.1:64390 - R:localhost/127.0.0.1:10889] for GET '/session/14f61660-7bcc-4279-b6a3-7163a94e0626/element/fa4725ac-918d-42d4-bb76-8286840b3800/text'
15:50:17.944 [AsyncHttpClient-3-1] DEBUG o.a.netty.handler.HttpHandler - 

Request DefaultFullHttpRequest(decodeResult: success, version: HTTP/1.1, content: EmptyByteBufBE)
GET /session/14f61660-7bcc-4279-b6a3-7163a94e0626/element/fa4725ac-918d-42d4-bb76-8286840b3800/text HTTP/1.1
User-Agent: selenium/4.0.0-alpha-5 (java windows)
Cache-Control: no-cache
host: localhost:10889
accept: */*

Response DefaultHttpResponse(decodeResult: success, version: HTTP/1.1)
HTTP/1.1 200 OK
content-type: application/json; charset=utf-8
cache-control: no-cache
content-length: 57
date: Thu, 25 Jun 2020 12:50:17 GMT

15:50:17.944 [AsyncHttpClient-3-1] DEBUG o.a.netty.channel.ChannelManager - Adding key: http://localhost:10889 for channel [id: 0x7c68b8df, L:/127.0.0.1:64390 - R:localhost/127.0.0.1:10889]
15:50:17.945 [Forwarding findChildElement on session 14f61660-7bcc-4279-b6a3-7163a94e0626 to remote] DEBUG o.a.netty.request.NettyRequestSender - Using pooled Channel '[id: 0x7c68b8df, L:/127.0.0.1:64390 - R:localhost/127.0.0.1:10889]' for 'POST' to 'http://localhost:10889/session/14f61660-7bcc-4279-b6a3-7163a94e0626/element/c8f81f7b-da6e-4bda-ac7b-a944344a5f3e/element'
15:50:17.945 [Forwarding findChildElement on session 14f61660-7bcc-4279-b6a3-7163a94e0626 to remote] DEBUG o.a.netty.request.NettyRequestSender - Using open Channel [id: 0x7c68b8df, L:/127.0.0.1:64390 - R:localhost/127.0.0.1:10889] for POST '/session/14f61660-7bcc-4279-b6a3-7163a94e0626/element/c8f81f7b-da6e-4bda-ac7b-a944344a5f3e/element'
15:50:17.949 [AsyncHttpClient-3-1] DEBUG o.a.netty.handler.HttpHandler - 

Request DefaultHttpRequest(decodeResult: success, version: HTTP/1.1)
POST /session/14f61660-7bcc-4279-b6a3-7163a94e0626/element/c8f81f7b-da6e-4bda-ac7b-a944344a5f3e/element HTTP/1.1
User-Agent: selenium/4.0.0-alpha-5 (java windows)
Content-Length: 97
Content-Type: application/json; charset=utf-8
host: localhost:10889
accept: */*

Response DefaultHttpResponse(decodeResult: success, version: HTTP/1.1)
HTTP/1.1 200 OK
content-type: application/json; charset=utf-8
cache-control: no-cache
content-length: 88
date: Thu, 25 Jun 2020 12:50:17 GMT

15:50:17.949 [AsyncHttpClient-3-1] DEBUG o.a.netty.channel.ChannelManager - Adding key: http://localhost:10889 for channel [id: 0x7c68b8df, L:/127.0.0.1:64390 - R:localhost/127.0.0.1:10889]
15:50:17.952 [Forwarding getElementAttribute on session 14f61660-7bcc-4279-b6a3-7163a94e0626 to remote] DEBUG o.a.netty.request.NettyRequestSender - Using pooled Channel '[id: 0x7c68b8df, L:/127.0.0.1:64390 - R:localhost/127.0.0.1:10889]' for 'POST' to 'http://localhost:10889/session/14f61660-7bcc-4279-b6a3-7163a94e0626/execute/sync'
15:50:17.952 [Forwarding getElementAttribute on session 14f61660-7bcc-4279-b6a3-7163a94e0626 to remote] DEBUG o.a.netty.request.NettyRequestSender - Using open Channel [id: 0x7c68b8df, L:/127.0.0.1:64390 - R:localhost/127.0.0.1:10889] for POST '/session/14f61660-7bcc-4279-b6a3-7163a94e0626/execute/sync'
15:50:17.964 [AsyncHttpClient-3-1] DEBUG o.a.netty.handler.HttpHandler - 

Request DefaultHttpRequest(decodeResult: success, version: HTTP/1.1)
POST /session/14f61660-7bcc-4279-b6a3-7163a94e0626/execute/sync HTTP/1.1
User-Agent: selenium/4.0.0-alpha-5 (java windows)
Content-Length: 39635
Content-Type: application/json; charset=utf-8
host: localhost:10889
accept: */*

Response DefaultHttpResponse(decodeResult: success, version: HTTP/1.1)
HTTP/1.1 200 OK
content-type: application/json; charset=utf-8
cache-control: no-cache
content-length: 15
date: Thu, 25 Jun 2020 12:50:17 GMT

15:50:17.965 [AsyncHttpClient-3-1] DEBUG o.a.netty.channel.ChannelManager - Adding key: http://localhost:10889 for channel [id: 0x7c68b8df, L:/127.0.0.1:64390 - R:localhost/127.0.0.1:10889]
15:50:17.965 [Forwarding findChildElement on session 14f61660-7bcc-4279-b6a3-7163a94e0626 to remote] DEBUG o.a.netty.request.NettyRequestSender - Using pooled Channel '[id: 0x7c68b8df, L:/127.0.0.1:64390 - R:localhost/127.0.0.1:10889]' for 'POST' to 'http://localhost:10889/session/14f61660-7bcc-4279-b6a3-7163a94e0626/element/d6ed5eb4-c2c3-4412-ad2e-d2befa4ffc21/element'
15:50:17.965 [Forwarding findChildElement on session 14f61660-7bcc-4279-b6a3-7163a94e0626 to remote] DEBUG o.a.netty.request.NettyRequestSender - Using open Channel [id: 0x7c68b8df, L:/127.0.0.1:64390 - R:localhost/127.0.0.1:10889] for POST '/session/14f61660-7bcc-4279-b6a3-7163a94e0626/element/d6ed5eb4-c2c3-4412-ad2e-d2befa4ffc21/element'
15:50:17.969 [AsyncHttpClient-3-1] DEBUG o.a.netty.handler.HttpHandler - 

Request DefaultHttpRequest(decodeResult: success, version: HTTP/1.1)
POST /session/14f61660-7bcc-4279-b6a3-7163a94e0626/element/d6ed5eb4-c2c3-4412-ad2e-d2befa4ffc21/element HTTP/1.1
User-Agent: selenium/4.0.0-alpha-5 (java windows)
Content-Length: 103
Content-Type: application/json; charset=utf-8
host: localhost:10889
accept: */*

Response DefaultHttpResponse(decodeResult: success, version: HTTP/1.1)
HTTP/1.1 200 OK
content-type: application/json; charset=utf-8
cache-control: no-cache
content-length: 88
date: Thu, 25 Jun 2020 12:50:17 GMT

15:50:17.969 [AsyncHttpClient-3-1] DEBUG o.a.netty.channel.ChannelManager - Adding key: http://localhost:10889 for channel [id: 0x7c68b8df, L:/127.0.0.1:64390 - R:localhost/127.0.0.1:10889]
15:50:17.969 [Forwarding getElementText on session 14f61660-7bcc-4279-b6a3-7163a94e0626 to remote] DEBUG o.a.netty.request.NettyRequestSender - Using pooled Channel '[id: 0x7c68b8df, L:/127.0.0.1:64390 - R:localhost/127.0.0.1:10889]' for 'GET' to 'http://localhost:10889/session/14f61660-7bcc-4279-b6a3-7163a94e0626/element/ae5ce4b9-5e6d-479b-98b8-efb76d7dcba8/text'
15:50:17.969 [Forwarding getElementText on session 14f61660-7bcc-4279-b6a3-7163a94e0626 to remote] DEBUG o.a.netty.request.NettyRequestSender - Using open Channel [id: 0x7c68b8df, L:/127.0.0.1:64390 - R:localhost/127.0.0.1:10889] for GET '/session/14f61660-7bcc-4279-b6a3-7163a94e0626/element/ae5ce4b9-5e6d-479b-98b8-efb76d7dcba8/text'
15:50:17.974 [AsyncHttpClient-3-1] DEBUG o.a.netty.handler.HttpHandler - 

Request DefaultFullHttpRequest(decodeResult: success, version: HTTP/1.1, content: EmptyByteBufBE)
GET /session/14f61660-7bcc-4279-b6a3-7163a94e0626/element/ae5ce4b9-5e6d-479b-98b8-efb76d7dcba8/text HTTP/1.1
User-Agent: selenium/4.0.0-alpha-5 (java windows)
Cache-Control: no-cache
host: localhost:10889
accept: */*

Response DefaultHttpResponse(decodeResult: success, version: HTTP/1.1)
HTTP/1.1 200 OK
content-type: application/json; charset=utf-8
cache-control: no-cache
content-length: 18
date: Thu, 25 Jun 2020 12:50:17 GMT

15:50:17.974 [AsyncHttpClient-3-1] DEBUG o.a.netty.channel.ChannelManager - Adding key: http://localhost:10889 for channel [id: 0x7c68b8df, L:/127.0.0.1:64390 - R:localhost/127.0.0.1:10889]
15:50:17.974 [Forwarding findChildElement on session 14f61660-7bcc-4279-b6a3-7163a94e0626 to remote] DEBUG o.a.netty.request.NettyRequestSender - Using pooled Channel '[id: 0x7c68b8df, L:/127.0.0.1:64390 - R:localhost/127.0.0.1:10889]' for 'POST' to 'http://localhost:10889/session/14f61660-7bcc-4279-b6a3-7163a94e0626/element/d6ed5eb4-c2c3-4412-ad2e-d2befa4ffc21/element'
15:50:17.974 [Forwarding findChildElement on session 14f61660-7bcc-4279-b6a3-7163a94e0626 to remote] DEBUG o.a.netty.request.NettyRequestSender - Using open Channel [id: 0x7c68b8df, L:/127.0.0.1:64390 - R:localhost/127.0.0.1:10889] for POST '/session/14f61660-7bcc-4279-b6a3-7163a94e0626/element/d6ed5eb4-c2c3-4412-ad2e-d2befa4ffc21/element'
15:50:17.978 [AsyncHttpClient-3-1] DEBUG o.a.netty.handler.HttpHandler - 

Request DefaultHttpRequest(decodeResult: success, version: HTTP/1.1)
POST /session/14f61660-7bcc-4279-b6a3-7163a94e0626/element/d6ed5eb4-c2c3-4412-ad2e-d2befa4ffc21/element HTTP/1.1
User-Agent: selenium/4.0.0-alpha-5 (java windows)
Content-Length: 103
Content-Type: application/json; charset=utf-8
host: localhost:10889
accept: */*

Response DefaultHttpResponse(decodeResult: success, version: HTTP/1.1)
HTTP/1.1 200 OK
content-type: application/json; charset=utf-8
cache-control: no-cache
content-length: 88
date: Thu, 25 Jun 2020 12:50:17 GMT

15:50:17.979 [AsyncHttpClient-3-1] DEBUG o.a.netty.channel.ChannelManager - Adding key: http://localhost:10889 for channel [id: 0x7c68b8df, L:/127.0.0.1:64390 - R:localhost/127.0.0.1:10889]
15:50:17.979 [Forwarding getElementText on session 14f61660-7bcc-4279-b6a3-7163a94e0626 to remote] DEBUG o.a.netty.request.NettyRequestSender - Using pooled Channel '[id: 0x7c68b8df, L:/127.0.0.1:64390 - R:localhost/127.0.0.1:10889]' for 'GET' to 'http://localhost:10889/session/14f61660-7bcc-4279-b6a3-7163a94e0626/element/98b51d94-92c5-44b2-9620-106ce7c76e56/text'
15:50:17.979 [Forwarding getElementText on session 14f61660-7bcc-4279-b6a3-7163a94e0626 to remote] DEBUG o.a.netty.request.NettyRequestSender - Using open Channel [id: 0x7c68b8df, L:/127.0.0.1:64390 - R:localhost/127.0.0.1:10889] for GET '/session/14f61660-7bcc-4279-b6a3-7163a94e0626/element/98b51d94-92c5-44b2-9620-106ce7c76e56/text'
15:50:17.984 [AsyncHttpClient-3-1] DEBUG o.a.netty.handler.HttpHandler - 

Request DefaultFullHttpRequest(decodeResult: success, version: HTTP/1.1, content: EmptyByteBufBE)
GET /session/14f61660-7bcc-4279-b6a3-7163a94e0626/element/98b51d94-92c5-44b2-9620-106ce7c76e56/text HTTP/1.1
User-Agent: selenium/4.0.0-alpha-5 (java windows)
Cache-Control: no-cache
host: localhost:10889
accept: */*

Response DefaultHttpResponse(decodeResult: success, version: HTTP/1.1)
HTTP/1.1 200 OK
content-type: application/json; charset=utf-8
cache-control: no-cache
content-length: 22
date: Thu, 25 Jun 2020 12:50:17 GMT

15:50:17.984 [AsyncHttpClient-3-1] DEBUG o.a.netty.channel.ChannelManager - Adding key: http://localhost:10889 for channel [id: 0x7c68b8df, L:/127.0.0.1:64390 - R:localhost/127.0.0.1:10889]
15:50:17.984 [Forwarding findChildElement on session 14f61660-7bcc-4279-b6a3-7163a94e0626 to remote] DEBUG o.a.netty.request.NettyRequestSender - Using pooled Channel '[id: 0x7c68b8df, L:/127.0.0.1:64390 - R:localhost/127.0.0.1:10889]' for 'POST' to 'http://localhost:10889/session/14f61660-7bcc-4279-b6a3-7163a94e0626/element/d6ed5eb4-c2c3-4412-ad2e-d2befa4ffc21/element'
15:50:17.984 [Forwarding findChildElement on session 14f61660-7bcc-4279-b6a3-7163a94e0626 to remote] DEBUG o.a.netty.request.NettyRequestSender - Using open Channel [id: 0x7c68b8df, L:/127.0.0.1:64390 - R:localhost/127.0.0.1:10889] for POST '/session/14f61660-7bcc-4279-b6a3-7163a94e0626/element/d6ed5eb4-c2c3-4412-ad2e-d2befa4ffc21/element'
15:50:17.989 [AsyncHttpClient-3-1] DEBUG o.a.netty.handler.HttpHandler - 

Request DefaultHttpRequest(decodeResult: success, version: HTTP/1.1)
POST /session/14f61660-7bcc-4279-b6a3-7163a94e0626/element/d6ed5eb4-c2c3-4412-ad2e-d2befa4ffc21/element HTTP/1.1
User-Agent: selenium/4.0.0-alpha-5 (java windows)
Content-Length: 103
Content-Type: application/json; charset=utf-8
host: localhost:10889
accept: */*

Response DefaultHttpResponse(decodeResult: success, version: HTTP/1.1)
HTTP/1.1 200 OK
content-type: application/json; charset=utf-8
cache-control: no-cache
content-length: 88
date: Thu, 25 Jun 2020 12:50:17 GMT

15:50:17.989 [AsyncHttpClient-3-1] DEBUG o.a.netty.channel.ChannelManager - Adding key: http://localhost:10889 for channel [id: 0x7c68b8df, L:/127.0.0.1:64390 - R:localhost/127.0.0.1:10889]
15:50:17.989 [Forwarding getElementText on session 14f61660-7bcc-4279-b6a3-7163a94e0626 to remote] DEBUG o.a.netty.request.NettyRequestSender - Using pooled Channel '[id: 0x7c68b8df, L:/127.0.0.1:64390 - R:localhost/127.0.0.1:10889]' for 'GET' to 'http://localhost:10889/session/14f61660-7bcc-4279-b6a3-7163a94e0626/element/d745c049-b690-41bb-b075-7b94efddeccd/text'
15:50:17.989 [Forwarding getElementText on session 14f61660-7bcc-4279-b6a3-7163a94e0626 to remote] DEBUG o.a.netty.request.NettyRequestSender - Using open Channel [id: 0x7c68b8df, L:/127.0.0.1:64390 - R:localhost/127.0.0.1:10889] for GET '/session/14f61660-7bcc-4279-b6a3-7163a94e0626/element/d745c049-b690-41bb-b075-7b94efddeccd/text'
15:50:17.994 [AsyncHttpClient-3-1] DEBUG o.a.netty.handler.HttpHandler - 

Request DefaultFullHttpRequest(decodeResult: success, version: HTTP/1.1, content: EmptyByteBufBE)
GET /session/14f61660-7bcc-4279-b6a3-7163a94e0626/element/d745c049-b690-41bb-b075-7b94efddeccd/text HTTP/1.1
User-Agent: selenium/4.0.0-alpha-5 (java windows)
Cache-Control: no-cache
host: localhost:10889
accept: */*

Response DefaultHttpResponse(decodeResult: success, version: HTTP/1.1)
HTTP/1.1 200 OK
content-type: application/json; charset=utf-8
cache-control: no-cache
content-length: 21
date: Thu, 25 Jun 2020 12:50:17 GMT

15:50:17.995 [AsyncHttpClient-3-1] DEBUG o.a.netty.channel.ChannelManager - Adding key: http://localhost:10889 for channel [id: 0x7c68b8df, L:/127.0.0.1:64390 - R:localhost/127.0.0.1:10889]
15:50:17.995 [Forwarding findChildElement on session 14f61660-7bcc-4279-b6a3-7163a94e0626 to remote] DEBUG o.a.netty.request.NettyRequestSender - Using pooled Channel '[id: 0x7c68b8df, L:/127.0.0.1:64390 - R:localhost/127.0.0.1:10889]' for 'POST' to 'http://localhost:10889/session/14f61660-7bcc-4279-b6a3-7163a94e0626/element/d6ed5eb4-c2c3-4412-ad2e-d2befa4ffc21/element'
15:50:17.995 [Forwarding findChildElement on session 14f61660-7bcc-4279-b6a3-7163a94e0626 to remote] DEBUG o.a.netty.request.NettyRequestSender - Using open Channel [id: 0x7c68b8df, L:/127.0.0.1:64390 - R:localhost/127.0.0.1:10889] for POST '/session/14f61660-7bcc-4279-b6a3-7163a94e0626/element/d6ed5eb4-c2c3-4412-ad2e-d2befa4ffc21/element'
15:50:17.999 [AsyncHttpClient-3-1] DEBUG o.a.netty.handler.HttpHandler - 

Request DefaultHttpRequest(decodeResult: success, version: HTTP/1.1)
POST /session/14f61660-7bcc-4279-b6a3-7163a94e0626/element/d6ed5eb4-c2c3-4412-ad2e-d2befa4ffc21/element HTTP/1.1
User-Agent: selenium/4.0.0-alpha-5 (java windows)
Content-Length: 103
Content-Type: application/json; charset=utf-8
host: localhost:10889
accept: */*

Response DefaultHttpResponse(decodeResult: success, version: HTTP/1.1)
HTTP/1.1 200 OK
content-type: application/json; charset=utf-8
cache-control: no-cache
content-length: 88
date: Thu, 25 Jun 2020 12:50:17 GMT

15:50:17.999 [AsyncHttpClient-3-1] DEBUG o.a.netty.channel.ChannelManager - Adding key: http://localhost:10889 for channel [id: 0x7c68b8df, L:/127.0.0.1:64390 - R:localhost/127.0.0.1:10889]
15:50:17.999 [Forwarding getElementText on session 14f61660-7bcc-4279-b6a3-7163a94e0626 to remote] DEBUG o.a.netty.request.NettyRequestSender - Using pooled Channel '[id: 0x7c68b8df, L:/127.0.0.1:64390 - R:localhost/127.0.0.1:10889]' for 'GET' to 'http://localhost:10889/session/14f61660-7bcc-4279-b6a3-7163a94e0626/element/1a7ce8a7-1daf-4566-8c54-8a4311df7aa6/text'
15:50:17.999 [Forwarding getElementText on session 14f61660-7bcc-4279-b6a3-7163a94e0626 to remote] DEBUG o.a.netty.request.NettyRequestSender - Using open Channel [id: 0x7c68b8df, L:/127.0.0.1:64390 - R:localhost/127.0.0.1:10889] for GET '/session/14f61660-7bcc-4279-b6a3-7163a94e0626/element/1a7ce8a7-1daf-4566-8c54-8a4311df7aa6/text'
15:50:18.004 [AsyncHttpClient-3-1] DEBUG o.a.netty.handler.HttpHandler - 

Request DefaultFullHttpRequest(decodeResult: success, version: HTTP/1.1, content: EmptyByteBufBE)
GET /session/14f61660-7bcc-4279-b6a3-7163a94e0626/element/1a7ce8a7-1daf-4566-8c54-8a4311df7aa6/text HTTP/1.1
User-Agent: selenium/4.0.0-alpha-5 (java windows)
Cache-Control: no-cache
host: localhost:10889
accept: */*

Response DefaultHttpResponse(decodeResult: success, version: HTTP/1.1)
HTTP/1.1 200 OK
content-type: application/json; charset=utf-8
cache-control: no-cache
content-length: 45
date: Thu, 25 Jun 2020 12:50:18 GMT

15:50:18.004 [AsyncHttpClient-3-1] DEBUG o.a.netty.channel.ChannelManager - Adding key: http://localhost:10889 for channel [id: 0x7c68b8df, L:/127.0.0.1:64390 - R:localhost/127.0.0.1:10889]
15:50:18.004 [Forwarding findChildElement on session 14f61660-7bcc-4279-b6a3-7163a94e0626 to remote] DEBUG o.a.netty.request.NettyRequestSender - Using pooled Channel '[id: 0x7c68b8df, L:/127.0.0.1:64390 - R:localhost/127.0.0.1:10889]' for 'POST' to 'http://localhost:10889/session/14f61660-7bcc-4279-b6a3-7163a94e0626/element/d6ed5eb4-c2c3-4412-ad2e-d2befa4ffc21/element'
15:50:18.004 [Forwarding findChildElement on session 14f61660-7bcc-4279-b6a3-7163a94e0626 to remote] DEBUG o.a.netty.request.NettyRequestSender - Using open Channel [id: 0x7c68b8df, L:/127.0.0.1:64390 - R:localhost/127.0.0.1:10889] for POST '/session/14f61660-7bcc-4279-b6a3-7163a94e0626/element/d6ed5eb4-c2c3-4412-ad2e-d2befa4ffc21/element'
15:50:18.008 [AsyncHttpClient-3-1] DEBUG o.a.netty.handler.HttpHandler - 

Request DefaultHttpRequest(decodeResult: success, version: HTTP/1.1)
POST /session/14f61660-7bcc-4279-b6a3-7163a94e0626/element/d6ed5eb4-c2c3-4412-ad2e-d2befa4ffc21/element HTTP/1.1
User-Agent: selenium/4.0.0-alpha-5 (java windows)
Content-Length: 103
Content-Type: application/json; charset=utf-8
host: localhost:10889
accept: */*

Response DefaultHttpResponse(decodeResult: success, version: HTTP/1.1)
HTTP/1.1 200 OK
content-type: application/json; charset=utf-8
cache-control: no-cache
content-length: 88
date: Thu, 25 Jun 2020 12:50:18 GMT

15:50:18.008 [AsyncHttpClient-3-1] DEBUG o.a.netty.channel.ChannelManager - Adding key: http://localhost:10889 for channel [id: 0x7c68b8df, L:/127.0.0.1:64390 - R:localhost/127.0.0.1:10889]
15:50:18.008 [Forwarding getElementText on session 14f61660-7bcc-4279-b6a3-7163a94e0626 to remote] DEBUG o.a.netty.request.NettyRequestSender - Using pooled Channel '[id: 0x7c68b8df, L:/127.0.0.1:64390 - R:localhost/127.0.0.1:10889]' for 'GET' to 'http://localhost:10889/session/14f61660-7bcc-4279-b6a3-7163a94e0626/element/1234a5ef-ff7a-4a88-8cb0-d17f9105ecf5/text'
15:50:18.008 [Forwarding getElementText on session 14f61660-7bcc-4279-b6a3-7163a94e0626 to remote] DEBUG o.a.netty.request.NettyRequestSender - Using open Channel [id: 0x7c68b8df, L:/127.0.0.1:64390 - R:localhost/127.0.0.1:10889] for GET '/session/14f61660-7bcc-4279-b6a3-7163a94e0626/element/1234a5ef-ff7a-4a88-8cb0-d17f9105ecf5/text'
15:50:18.015 [AsyncHttpClient-3-1] DEBUG o.a.netty.handler.HttpHandler - 

Request DefaultFullHttpRequest(decodeResult: success, version: HTTP/1.1, content: EmptyByteBufBE)
GET /session/14f61660-7bcc-4279-b6a3-7163a94e0626/element/1234a5ef-ff7a-4a88-8cb0-d17f9105ecf5/text HTTP/1.1
User-Agent: selenium/4.0.0-alpha-5 (java windows)
Cache-Control: no-cache
host: localhost:10889
accept: */*

Response DefaultHttpResponse(decodeResult: success, version: HTTP/1.1)
HTTP/1.1 200 OK
content-type: application/json; charset=utf-8
cache-control: no-cache
content-length: 57
date: Thu, 25 Jun 2020 12:50:18 GMT

15:50:18.015 [AsyncHttpClient-3-1] DEBUG o.a.netty.channel.ChannelManager - Adding key: http://localhost:10889 for channel [id: 0x7c68b8df, L:/127.0.0.1:64390 - R:localhost/127.0.0.1:10889]
15:50:18.016 [Forwarding findChildElement on session 14f61660-7bcc-4279-b6a3-7163a94e0626 to remote] DEBUG o.a.netty.request.NettyRequestSender - Using pooled Channel '[id: 0x7c68b8df, L:/127.0.0.1:64390 - R:localhost/127.0.0.1:10889]' for 'POST' to 'http://localhost:10889/session/14f61660-7bcc-4279-b6a3-7163a94e0626/element/d6ed5eb4-c2c3-4412-ad2e-d2befa4ffc21/element'
15:50:18.016 [Forwarding findChildElement on session 14f61660-7bcc-4279-b6a3-7163a94e0626 to remote] DEBUG o.a.netty.request.NettyRequestSender - Using open Channel [id: 0x7c68b8df, L:/127.0.0.1:64390 - R:localhost/127.0.0.1:10889] for POST '/session/14f61660-7bcc-4279-b6a3-7163a94e0626/element/d6ed5eb4-c2c3-4412-ad2e-d2befa4ffc21/element'
15:50:18.019 [AsyncHttpClient-3-1] DEBUG o.a.netty.handler.HttpHandler - 

Request DefaultHttpRequest(decodeResult: success, version: HTTP/1.1)
POST /session/14f61660-7bcc-4279-b6a3-7163a94e0626/element/d6ed5eb4-c2c3-4412-ad2e-d2befa4ffc21/element HTTP/1.1
User-Agent: selenium/4.0.0-alpha-5 (java windows)
Content-Length: 97
Content-Type: application/json; charset=utf-8
host: localhost:10889
accept: */*

Response DefaultHttpResponse(decodeResult: success, version: HTTP/1.1)
HTTP/1.1 200 OK
content-type: application/json; charset=utf-8
cache-control: no-cache
content-length: 88
date: Thu, 25 Jun 2020 12:50:18 GMT

15:50:18.019 [AsyncHttpClient-3-1] DEBUG o.a.netty.channel.ChannelManager - Adding key: http://localhost:10889 for channel [id: 0x7c68b8df, L:/127.0.0.1:64390 - R:localhost/127.0.0.1:10889]
15:50:18.022 [Forwarding getElementAttribute on session 14f61660-7bcc-4279-b6a3-7163a94e0626 to remote] DEBUG o.a.netty.request.NettyRequestSender - Using pooled Channel '[id: 0x7c68b8df, L:/127.0.0.1:64390 - R:localhost/127.0.0.1:10889]' for 'POST' to 'http://localhost:10889/session/14f61660-7bcc-4279-b6a3-7163a94e0626/execute/sync'
15:50:18.022 [Forwarding getElementAttribute on session 14f61660-7bcc-4279-b6a3-7163a94e0626 to remote] DEBUG o.a.netty.request.NettyRequestSender - Using open Channel [id: 0x7c68b8df, L:/127.0.0.1:64390 - R:localhost/127.0.0.1:10889] for POST '/session/14f61660-7bcc-4279-b6a3-7163a94e0626/execute/sync'
15:50:18.037 [AsyncHttpClient-3-1] DEBUG o.a.netty.handler.HttpHandler - 

Request DefaultHttpRequest(decodeResult: success, version: HTTP/1.1)
POST /session/14f61660-7bcc-4279-b6a3-7163a94e0626/execute/sync HTTP/1.1
User-Agent: selenium/4.0.0-alpha-5 (java windows)
Content-Length: 39635
Content-Type: application/json; charset=utf-8
host: localhost:10889
accept: */*

Response DefaultHttpResponse(decodeResult: success, version: HTTP/1.1)
HTTP/1.1 200 OK
content-type: application/json; charset=utf-8
cache-control: no-cache
content-length: 15
date: Thu, 25 Jun 2020 12:50:18 GMT

15:50:18.037 [AsyncHttpClient-3-1] DEBUG o.a.netty.channel.ChannelManager - Adding key: http://localhost:10889 for channel [id: 0x7c68b8df, L:/127.0.0.1:64390 - R:localhost/127.0.0.1:10889]
15:50:18.037 [Forwarding findChildElement on session 14f61660-7bcc-4279-b6a3-7163a94e0626 to remote] DEBUG o.a.netty.request.NettyRequestSender - Using pooled Channel '[id: 0x7c68b8df, L:/127.0.0.1:64390 - R:localhost/127.0.0.1:10889]' for 'POST' to 'http://localhost:10889/session/14f61660-7bcc-4279-b6a3-7163a94e0626/element/2295c95d-2abf-42ca-9334-0661d70536d5/element'
15:50:18.038 [Forwarding findChildElement on session 14f61660-7bcc-4279-b6a3-7163a94e0626 to remote] DEBUG o.a.netty.request.NettyRequestSender - Using open Channel [id: 0x7c68b8df, L:/127.0.0.1:64390 - R:localhost/127.0.0.1:10889] for POST '/session/14f61660-7bcc-4279-b6a3-7163a94e0626/element/2295c95d-2abf-42ca-9334-0661d70536d5/element'
15:50:18.041 [AsyncHttpClient-3-1] DEBUG o.a.netty.handler.HttpHandler - 

Request DefaultHttpRequest(decodeResult: success, version: HTTP/1.1)
POST /session/14f61660-7bcc-4279-b6a3-7163a94e0626/element/2295c95d-2abf-42ca-9334-0661d70536d5/element HTTP/1.1
User-Agent: selenium/4.0.0-alpha-5 (java windows)
Content-Length: 103
Content-Type: application/json; charset=utf-8
host: localhost:10889
accept: */*

Response DefaultHttpResponse(decodeResult: success, version: HTTP/1.1)
HTTP/1.1 200 OK
content-type: application/json; charset=utf-8
cache-control: no-cache
content-length: 88
date: Thu, 25 Jun 2020 12:50:18 GMT

15:50:18.042 [AsyncHttpClient-3-1] DEBUG o.a.netty.channel.ChannelManager - Adding key: http://localhost:10889 for channel [id: 0x7c68b8df, L:/127.0.0.1:64390 - R:localhost/127.0.0.1:10889]
15:50:18.042 [Forwarding getElementText on session 14f61660-7bcc-4279-b6a3-7163a94e0626 to remote] DEBUG o.a.netty.request.NettyRequestSender - Using pooled Channel '[id: 0x7c68b8df, L:/127.0.0.1:64390 - R:localhost/127.0.0.1:10889]' for 'GET' to 'http://localhost:10889/session/14f61660-7bcc-4279-b6a3-7163a94e0626/element/d5eec31a-cecc-4d99-8a93-0564ef48894f/text'
15:50:18.042 [Forwarding getElementText on session 14f61660-7bcc-4279-b6a3-7163a94e0626 to remote] DEBUG o.a.netty.request.NettyRequestSender - Using open Channel [id: 0x7c68b8df, L:/127.0.0.1:64390 - R:localhost/127.0.0.1:10889] for GET '/session/14f61660-7bcc-4279-b6a3-7163a94e0626/element/d5eec31a-cecc-4d99-8a93-0564ef48894f/text'
15:50:18.047 [AsyncHttpClient-3-1] DEBUG o.a.netty.handler.HttpHandler - 

Request DefaultFullHttpRequest(decodeResult: success, version: HTTP/1.1, content: EmptyByteBufBE)
GET /session/14f61660-7bcc-4279-b6a3-7163a94e0626/element/d5eec31a-cecc-4d99-8a93-0564ef48894f/text HTTP/1.1
User-Agent: selenium/4.0.0-alpha-5 (java windows)
Cache-Control: no-cache
host: localhost:10889
accept: */*

Response DefaultHttpResponse(decodeResult: success, version: HTTP/1.1)
HTTP/1.1 200 OK
content-type: application/json; charset=utf-8
cache-control: no-cache
content-length: 18
date: Thu, 25 Jun 2020 12:50:18 GMT

15:50:18.047 [AsyncHttpClient-3-1] DEBUG o.a.netty.channel.ChannelManager - Adding key: http://localhost:10889 for channel [id: 0x7c68b8df, L:/127.0.0.1:64390 - R:localhost/127.0.0.1:10889]
15:50:18.048 [Forwarding findChildElement on session 14f61660-7bcc-4279-b6a3-7163a94e0626 to remote] DEBUG o.a.netty.request.NettyRequestSender - Using pooled Channel '[id: 0x7c68b8df, L:/127.0.0.1:64390 - R:localhost/127.0.0.1:10889]' for 'POST' to 'http://localhost:10889/session/14f61660-7bcc-4279-b6a3-7163a94e0626/element/2295c95d-2abf-42ca-9334-0661d70536d5/element'
15:50:18.048 [Forwarding findChildElement on session 14f61660-7bcc-4279-b6a3-7163a94e0626 to remote] DEBUG o.a.netty.request.NettyRequestSender - Using open Channel [id: 0x7c68b8df, L:/127.0.0.1:64390 - R:localhost/127.0.0.1:10889] for POST '/session/14f61660-7bcc-4279-b6a3-7163a94e0626/element/2295c95d-2abf-42ca-9334-0661d70536d5/element'
15:50:18.052 [AsyncHttpClient-3-1] DEBUG o.a.netty.handler.HttpHandler - 

Request DefaultHttpRequest(decodeResult: success, version: HTTP/1.1)
POST /session/14f61660-7bcc-4279-b6a3-7163a94e0626/element/2295c95d-2abf-42ca-9334-0661d70536d5/element HTTP/1.1
User-Agent: selenium/4.0.0-alpha-5 (java windows)
Content-Length: 103
Content-Type: application/json; charset=utf-8
host: localhost:10889
accept: */*

Response DefaultHttpResponse(decodeResult: success, version: HTTP/1.1)
HTTP/1.1 200 OK
content-type: application/json; charset=utf-8
cache-control: no-cache
content-length: 88
date: Thu, 25 Jun 2020 12:50:18 GMT

15:50:18.052 [AsyncHttpClient-3-1] DEBUG o.a.netty.channel.ChannelManager - Adding key: http://localhost:10889 for channel [id: 0x7c68b8df, L:/127.0.0.1:64390 - R:localhost/127.0.0.1:10889]
15:50:18.052 [Forwarding getElementText on session 14f61660-7bcc-4279-b6a3-7163a94e0626 to remote] DEBUG o.a.netty.request.NettyRequestSender - Using pooled Channel '[id: 0x7c68b8df, L:/127.0.0.1:64390 - R:localhost/127.0.0.1:10889]' for 'GET' to 'http://localhost:10889/session/14f61660-7bcc-4279-b6a3-7163a94e0626/element/d48a9e68-0c5f-4434-afad-2894f8b31b2f/text'
15:50:18.052 [Forwarding getElementText on session 14f61660-7bcc-4279-b6a3-7163a94e0626 to remote] DEBUG o.a.netty.request.NettyRequestSender - Using open Channel [id: 0x7c68b8df, L:/127.0.0.1:64390 - R:localhost/127.0.0.1:10889] for GET '/session/14f61660-7bcc-4279-b6a3-7163a94e0626/element/d48a9e68-0c5f-4434-afad-2894f8b31b2f/text'
15:50:18.057 [AsyncHttpClient-3-1] DEBUG o.a.netty.handler.HttpHandler - 

Request DefaultFullHttpRequest(decodeResult: success, version: HTTP/1.1, content: EmptyByteBufBE)
GET /session/14f61660-7bcc-4279-b6a3-7163a94e0626/element/d48a9e68-0c5f-4434-afad-2894f8b31b2f/text HTTP/1.1
User-Agent: selenium/4.0.0-alpha-5 (java windows)
Cache-Control: no-cache
host: localhost:10889
accept: */*

Response DefaultHttpResponse(decodeResult: success, version: HTTP/1.1)
HTTP/1.1 200 OK
content-type: application/json; charset=utf-8
cache-control: no-cache
content-length: 22
date: Thu, 25 Jun 2020 12:50:18 GMT

15:50:18.057 [AsyncHttpClient-3-1] DEBUG o.a.netty.channel.ChannelManager - Adding key: http://localhost:10889 for channel [id: 0x7c68b8df, L:/127.0.0.1:64390 - R:localhost/127.0.0.1:10889]
15:50:18.057 [Forwarding findChildElement on session 14f61660-7bcc-4279-b6a3-7163a94e0626 to remote] DEBUG o.a.netty.request.NettyRequestSender - Using pooled Channel '[id: 0x7c68b8df, L:/127.0.0.1:64390 - R:localhost/127.0.0.1:10889]' for 'POST' to 'http://localhost:10889/session/14f61660-7bcc-4279-b6a3-7163a94e0626/element/2295c95d-2abf-42ca-9334-0661d70536d5/element'
15:50:18.058 [Forwarding findChildElement on session 14f61660-7bcc-4279-b6a3-7163a94e0626 to remote] DEBUG o.a.netty.request.NettyRequestSender - Using open Channel [id: 0x7c68b8df, L:/127.0.0.1:64390 - R:localhost/127.0.0.1:10889] for POST '/session/14f61660-7bcc-4279-b6a3-7163a94e0626/element/2295c95d-2abf-42ca-9334-0661d70536d5/element'
15:50:18.062 [AsyncHttpClient-3-1] DEBUG o.a.netty.handler.HttpHandler - 

Request DefaultHttpRequest(decodeResult: success, version: HTTP/1.1)
POST /session/14f61660-7bcc-4279-b6a3-7163a94e0626/element/2295c95d-2abf-42ca-9334-0661d70536d5/element HTTP/1.1
User-Agent: selenium/4.0.0-alpha-5 (java windows)
Content-Length: 103
Content-Type: application/json; charset=utf-8
host: localhost:10889
accept: */*

Response DefaultHttpResponse(decodeResult: success, version: HTTP/1.1)
HTTP/1.1 200 OK
content-type: application/json; charset=utf-8
cache-control: no-cache
content-length: 88
date: Thu, 25 Jun 2020 12:50:18 GMT

15:50:18.062 [AsyncHttpClient-3-1] DEBUG o.a.netty.channel.ChannelManager - Adding key: http://localhost:10889 for channel [id: 0x7c68b8df, L:/127.0.0.1:64390 - R:localhost/127.0.0.1:10889]
15:50:18.062 [Forwarding getElementText on session 14f61660-7bcc-4279-b6a3-7163a94e0626 to remote] DEBUG o.a.netty.request.NettyRequestSender - Using pooled Channel '[id: 0x7c68b8df, L:/127.0.0.1:64390 - R:localhost/127.0.0.1:10889]' for 'GET' to 'http://localhost:10889/session/14f61660-7bcc-4279-b6a3-7163a94e0626/element/5f316874-af7f-4f8e-84d2-a3766298332d/text'
15:50:18.062 [Forwarding getElementText on session 14f61660-7bcc-4279-b6a3-7163a94e0626 to remote] DEBUG o.a.netty.request.NettyRequestSender - Using open Channel [id: 0x7c68b8df, L:/127.0.0.1:64390 - R:localhost/127.0.0.1:10889] for GET '/session/14f61660-7bcc-4279-b6a3-7163a94e0626/element/5f316874-af7f-4f8e-84d2-a3766298332d/text'
15:50:18.066 [AsyncHttpClient-3-1] DEBUG o.a.netty.handler.HttpHandler - 

Request DefaultFullHttpRequest(decodeResult: success, version: HTTP/1.1, content: EmptyByteBufBE)
GET /session/14f61660-7bcc-4279-b6a3-7163a94e0626/element/5f316874-af7f-4f8e-84d2-a3766298332d/text HTTP/1.1
User-Agent: selenium/4.0.0-alpha-5 (java windows)
Cache-Control: no-cache
host: localhost:10889
accept: */*

Response DefaultHttpResponse(decodeResult: success, version: HTTP/1.1)
HTTP/1.1 200 OK
content-type: application/json; charset=utf-8
cache-control: no-cache
content-length: 21
date: Thu, 25 Jun 2020 12:50:18 GMT

15:50:18.066 [AsyncHttpClient-3-1] DEBUG o.a.netty.channel.ChannelManager - Adding key: http://localhost:10889 for channel [id: 0x7c68b8df, L:/127.0.0.1:64390 - R:localhost/127.0.0.1:10889]
15:50:18.067 [Forwarding findChildElement on session 14f61660-7bcc-4279-b6a3-7163a94e0626 to remote] DEBUG o.a.netty.request.NettyRequestSender - Using pooled Channel '[id: 0x7c68b8df, L:/127.0.0.1:64390 - R:localhost/127.0.0.1:10889]' for 'POST' to 'http://localhost:10889/session/14f61660-7bcc-4279-b6a3-7163a94e0626/element/2295c95d-2abf-42ca-9334-0661d70536d5/element'
15:50:18.067 [Forwarding findChildElement on session 14f61660-7bcc-4279-b6a3-7163a94e0626 to remote] DEBUG o.a.netty.request.NettyRequestSender - Using open Channel [id: 0x7c68b8df, L:/127.0.0.1:64390 - R:localhost/127.0.0.1:10889] for POST '/session/14f61660-7bcc-4279-b6a3-7163a94e0626/element/2295c95d-2abf-42ca-9334-0661d70536d5/element'
15:50:18.071 [AsyncHttpClient-3-1] DEBUG o.a.netty.handler.HttpHandler - 

Request DefaultHttpRequest(decodeResult: success, version: HTTP/1.1)
POST /session/14f61660-7bcc-4279-b6a3-7163a94e0626/element/2295c95d-2abf-42ca-9334-0661d70536d5/element HTTP/1.1
User-Agent: selenium/4.0.0-alpha-5 (java windows)
Content-Length: 103
Content-Type: application/json; charset=utf-8
host: localhost:10889
accept: */*

Response DefaultHttpResponse(decodeResult: success, version: HTTP/1.1)
HTTP/1.1 200 OK
content-type: application/json; charset=utf-8
cache-control: no-cache
content-length: 88
date: Thu, 25 Jun 2020 12:50:18 GMT

15:50:18.071 [AsyncHttpClient-3-1] DEBUG o.a.netty.channel.ChannelManager - Adding key: http://localhost:10889 for channel [id: 0x7c68b8df, L:/127.0.0.1:64390 - R:localhost/127.0.0.1:10889]
15:50:18.071 [Forwarding getElementText on session 14f61660-7bcc-4279-b6a3-7163a94e0626 to remote] DEBUG o.a.netty.request.NettyRequestSender - Using pooled Channel '[id: 0x7c68b8df, L:/127.0.0.1:64390 - R:localhost/127.0.0.1:10889]' for 'GET' to 'http://localhost:10889/session/14f61660-7bcc-4279-b6a3-7163a94e0626/element/c0e72752-67c8-40cc-a791-b7b05e1d96c6/text'
15:50:18.071 [Forwarding getElementText on session 14f61660-7bcc-4279-b6a3-7163a94e0626 to remote] DEBUG o.a.netty.request.NettyRequestSender - Using open Channel [id: 0x7c68b8df, L:/127.0.0.1:64390 - R:localhost/127.0.0.1:10889] for GET '/session/14f61660-7bcc-4279-b6a3-7163a94e0626/element/c0e72752-67c8-40cc-a791-b7b05e1d96c6/text'
15:50:18.077 [AsyncHttpClient-3-1] DEBUG o.a.netty.handler.HttpHandler - 

Request DefaultFullHttpRequest(decodeResult: success, version: HTTP/1.1, content: EmptyByteBufBE)
GET /session/14f61660-7bcc-4279-b6a3-7163a94e0626/element/c0e72752-67c8-40cc-a791-b7b05e1d96c6/text HTTP/1.1
User-Agent: selenium/4.0.0-alpha-5 (java windows)
Cache-Control: no-cache
host: localhost:10889
accept: */*

Response DefaultHttpResponse(decodeResult: success, version: HTTP/1.1)
HTTP/1.1 200 OK
content-type: application/json; charset=utf-8
cache-control: no-cache
content-length: 45
date: Thu, 25 Jun 2020 12:50:18 GMT

15:50:18.077 [AsyncHttpClient-3-1] DEBUG o.a.netty.channel.ChannelManager - Adding key: http://localhost:10889 for channel [id: 0x7c68b8df, L:/127.0.0.1:64390 - R:localhost/127.0.0.1:10889]
15:50:18.078 [Forwarding findChildElement on session 14f61660-7bcc-4279-b6a3-7163a94e0626 to remote] DEBUG o.a.netty.request.NettyRequestSender - Using pooled Channel '[id: 0x7c68b8df, L:/127.0.0.1:64390 - R:localhost/127.0.0.1:10889]' for 'POST' to 'http://localhost:10889/session/14f61660-7bcc-4279-b6a3-7163a94e0626/element/2295c95d-2abf-42ca-9334-0661d70536d5/element'
15:50:18.078 [Forwarding findChildElement on session 14f61660-7bcc-4279-b6a3-7163a94e0626 to remote] DEBUG o.a.netty.request.NettyRequestSender - Using open Channel [id: 0x7c68b8df, L:/127.0.0.1:64390 - R:localhost/127.0.0.1:10889] for POST '/session/14f61660-7bcc-4279-b6a3-7163a94e0626/element/2295c95d-2abf-42ca-9334-0661d70536d5/element'
15:50:18.082 [AsyncHttpClient-3-1] DEBUG o.a.netty.handler.HttpHandler - 

Request DefaultHttpRequest(decodeResult: success, version: HTTP/1.1)
POST /session/14f61660-7bcc-4279-b6a3-7163a94e0626/element/2295c95d-2abf-42ca-9334-0661d70536d5/element HTTP/1.1
User-Agent: selenium/4.0.0-alpha-5 (java windows)
Content-Length: 103
Content-Type: application/json; charset=utf-8
host: localhost:10889
accept: */*

Response DefaultHttpResponse(decodeResult: success, version: HTTP/1.1)
HTTP/1.1 200 OK
content-type: application/json; charset=utf-8
cache-control: no-cache
content-length: 88
date: Thu, 25 Jun 2020 12:50:18 GMT

15:50:18.082 [AsyncHttpClient-3-1] DEBUG o.a.netty.channel.ChannelManager - Adding key: http://localhost:10889 for channel [id: 0x7c68b8df, L:/127.0.0.1:64390 - R:localhost/127.0.0.1:10889]
15:50:18.082 [Forwarding getElementText on session 14f61660-7bcc-4279-b6a3-7163a94e0626 to remote] DEBUG o.a.netty.request.NettyRequestSender - Using pooled Channel '[id: 0x7c68b8df, L:/127.0.0.1:64390 - R:localhost/127.0.0.1:10889]' for 'GET' to 'http://localhost:10889/session/14f61660-7bcc-4279-b6a3-7163a94e0626/element/4e9a115e-bf1d-4e8d-bf6c-b1ca029c6dbf/text'
15:50:18.082 [Forwarding getElementText on session 14f61660-7bcc-4279-b6a3-7163a94e0626 to remote] DEBUG o.a.netty.request.NettyRequestSender - Using open Channel [id: 0x7c68b8df, L:/127.0.0.1:64390 - R:localhost/127.0.0.1:10889] for GET '/session/14f61660-7bcc-4279-b6a3-7163a94e0626/element/4e9a115e-bf1d-4e8d-bf6c-b1ca029c6dbf/text'
15:50:18.089 [AsyncHttpClient-3-1] DEBUG o.a.netty.handler.HttpHandler - 

Request DefaultFullHttpRequest(decodeResult: success, version: HTTP/1.1, content: EmptyByteBufBE)
GET /session/14f61660-7bcc-4279-b6a3-7163a94e0626/element/4e9a115e-bf1d-4e8d-bf6c-b1ca029c6dbf/text HTTP/1.1
User-Agent: selenium/4.0.0-alpha-5 (java windows)
Cache-Control: no-cache
host: localhost:10889
accept: */*

Response DefaultHttpResponse(decodeResult: success, version: HTTP/1.1)
HTTP/1.1 200 OK
content-type: application/json; charset=utf-8
cache-control: no-cache
content-length: 57
date: Thu, 25 Jun 2020 12:50:18 GMT

15:50:18.089 [AsyncHttpClient-3-1] DEBUG o.a.netty.channel.ChannelManager - Adding key: http://localhost:10889 for channel [id: 0x7c68b8df, L:/127.0.0.1:64390 - R:localhost/127.0.0.1:10889]
15:50:18.090 [Forwarding findChildElement on session 14f61660-7bcc-4279-b6a3-7163a94e0626 to remote] DEBUG o.a.netty.request.NettyRequestSender - Using pooled Channel '[id: 0x7c68b8df, L:/127.0.0.1:64390 - R:localhost/127.0.0.1:10889]' for 'POST' to 'http://localhost:10889/session/14f61660-7bcc-4279-b6a3-7163a94e0626/element/2295c95d-2abf-42ca-9334-0661d70536d5/element'
15:50:18.090 [Forwarding findChildElement on session 14f61660-7bcc-4279-b6a3-7163a94e0626 to remote] DEBUG o.a.netty.request.NettyRequestSender - Using open Channel [id: 0x7c68b8df, L:/127.0.0.1:64390 - R:localhost/127.0.0.1:10889] for POST '/session/14f61660-7bcc-4279-b6a3-7163a94e0626/element/2295c95d-2abf-42ca-9334-0661d70536d5/element'
15:50:18.093 [AsyncHttpClient-3-1] DEBUG o.a.netty.handler.HttpHandler - 

Request DefaultHttpRequest(decodeResult: success, version: HTTP/1.1)
POST /session/14f61660-7bcc-4279-b6a3-7163a94e0626/element/2295c95d-2abf-42ca-9334-0661d70536d5/element HTTP/1.1
User-Agent: selenium/4.0.0-alpha-5 (java windows)
Content-Length: 97
Content-Type: application/json; charset=utf-8
host: localhost:10889
accept: */*

Response DefaultHttpResponse(decodeResult: success, version: HTTP/1.1)
HTTP/1.1 200 OK
content-type: application/json; charset=utf-8
cache-control: no-cache
content-length: 88
date: Thu, 25 Jun 2020 12:50:18 GMT

15:50:18.093 [AsyncHttpClient-3-1] DEBUG o.a.netty.channel.ChannelManager - Adding key: http://localhost:10889 for channel [id: 0x7c68b8df, L:/127.0.0.1:64390 - R:localhost/127.0.0.1:10889]
15:50:18.096 [Forwarding getElementAttribute on session 14f61660-7bcc-4279-b6a3-7163a94e0626 to remote] DEBUG o.a.netty.request.NettyRequestSender - Using pooled Channel '[id: 0x7c68b8df, L:/127.0.0.1:64390 - R:localhost/127.0.0.1:10889]' for 'POST' to 'http://localhost:10889/session/14f61660-7bcc-4279-b6a3-7163a94e0626/execute/sync'
15:50:18.096 [Forwarding getElementAttribute on session 14f61660-7bcc-4279-b6a3-7163a94e0626 to remote] DEBUG o.a.netty.request.NettyRequestSender - Using open Channel [id: 0x7c68b8df, L:/127.0.0.1:64390 - R:localhost/127.0.0.1:10889] for POST '/session/14f61660-7bcc-4279-b6a3-7163a94e0626/execute/sync'
15:50:18.108 [AsyncHttpClient-3-1] DEBUG o.a.netty.handler.HttpHandler - 

Request DefaultHttpRequest(decodeResult: success, version: HTTP/1.1)
POST /session/14f61660-7bcc-4279-b6a3-7163a94e0626/execute/sync HTTP/1.1
User-Agent: selenium/4.0.0-alpha-5 (java windows)
Content-Length: 39635
Content-Type: application/json; charset=utf-8
host: localhost:10889
accept: */*

Response DefaultHttpResponse(decodeResult: success, version: HTTP/1.1)
HTTP/1.1 200 OK
content-type: application/json; charset=utf-8
cache-control: no-cache
content-length: 15
date: Thu, 25 Jun 2020 12:50:18 GMT

15:50:18.108 [AsyncHttpClient-3-1] DEBUG o.a.netty.channel.ChannelManager - Adding key: http://localhost:10889 for channel [id: 0x7c68b8df, L:/127.0.0.1:64390 - R:localhost/127.0.0.1:10889]
15:50:18.108 [Forwarding findChildElement on session 14f61660-7bcc-4279-b6a3-7163a94e0626 to remote] DEBUG o.a.netty.request.NettyRequestSender - Using pooled Channel '[id: 0x7c68b8df, L:/127.0.0.1:64390 - R:localhost/127.0.0.1:10889]' for 'POST' to 'http://localhost:10889/session/14f61660-7bcc-4279-b6a3-7163a94e0626/element/747fd58d-8e10-4f7a-a98c-410987b78775/element'
15:50:18.109 [Forwarding findChildElement on session 14f61660-7bcc-4279-b6a3-7163a94e0626 to remote] DEBUG o.a.netty.request.NettyRequestSender - Using open Channel [id: 0x7c68b8df, L:/127.0.0.1:64390 - R:localhost/127.0.0.1:10889] for POST '/session/14f61660-7bcc-4279-b6a3-7163a94e0626/element/747fd58d-8e10-4f7a-a98c-410987b78775/element'
15:50:18.112 [AsyncHttpClient-3-1] DEBUG o.a.netty.handler.HttpHandler - 

Request DefaultHttpRequest(decodeResult: success, version: HTTP/1.1)
POST /session/14f61660-7bcc-4279-b6a3-7163a94e0626/element/747fd58d-8e10-4f7a-a98c-410987b78775/element HTTP/1.1
User-Agent: selenium/4.0.0-alpha-5 (java windows)
Content-Length: 103
Content-Type: application/json; charset=utf-8
host: localhost:10889
accept: */*

Response DefaultHttpResponse(decodeResult: success, version: HTTP/1.1)
HTTP/1.1 200 OK
content-type: application/json; charset=utf-8
cache-control: no-cache
content-length: 88
date: Thu, 25 Jun 2020 12:50:18 GMT

15:50:18.112 [AsyncHttpClient-3-1] DEBUG o.a.netty.channel.ChannelManager - Adding key: http://localhost:10889 for channel [id: 0x7c68b8df, L:/127.0.0.1:64390 - R:localhost/127.0.0.1:10889]
15:50:18.112 [Forwarding getElementText on session 14f61660-7bcc-4279-b6a3-7163a94e0626 to remote] DEBUG o.a.netty.request.NettyRequestSender - Using pooled Channel '[id: 0x7c68b8df, L:/127.0.0.1:64390 - R:localhost/127.0.0.1:10889]' for 'GET' to 'http://localhost:10889/session/14f61660-7bcc-4279-b6a3-7163a94e0626/element/b1064d15-2798-43e4-908e-a916c5d6f525/text'
15:50:18.112 [Forwarding getElementText on session 14f61660-7bcc-4279-b6a3-7163a94e0626 to remote] DEBUG o.a.netty.request.NettyRequestSender - Using open Channel [id: 0x7c68b8df, L:/127.0.0.1:64390 - R:localhost/127.0.0.1:10889] for GET '/session/14f61660-7bcc-4279-b6a3-7163a94e0626/element/b1064d15-2798-43e4-908e-a916c5d6f525/text'
15:50:18.116 [AsyncHttpClient-3-1] DEBUG o.a.netty.handler.HttpHandler - 

Request DefaultFullHttpRequest(decodeResult: success, version: HTTP/1.1, content: EmptyByteBufBE)
GET /session/14f61660-7bcc-4279-b6a3-7163a94e0626/element/b1064d15-2798-43e4-908e-a916c5d6f525/text HTTP/1.1
User-Agent: selenium/4.0.0-alpha-5 (java windows)
Cache-Control: no-cache
host: localhost:10889
accept: */*

Response DefaultHttpResponse(decodeResult: success, version: HTTP/1.1)
HTTP/1.1 200 OK
content-type: application/json; charset=utf-8
cache-control: no-cache
content-length: 18
date: Thu, 25 Jun 2020 12:50:18 GMT

15:50:18.117 [AsyncHttpClient-3-1] DEBUG o.a.netty.channel.ChannelManager - Adding key: http://localhost:10889 for channel [id: 0x7c68b8df, L:/127.0.0.1:64390 - R:localhost/127.0.0.1:10889]
15:50:18.117 [Forwarding findChildElement on session 14f61660-7bcc-4279-b6a3-7163a94e0626 to remote] DEBUG o.a.netty.request.NettyRequestSender - Using pooled Channel '[id: 0x7c68b8df, L:/127.0.0.1:64390 - R:localhost/127.0.0.1:10889]' for 'POST' to 'http://localhost:10889/session/14f61660-7bcc-4279-b6a3-7163a94e0626/element/747fd58d-8e10-4f7a-a98c-410987b78775/element'
15:50:18.117 [Forwarding findChildElement on session 14f61660-7bcc-4279-b6a3-7163a94e0626 to remote] DEBUG o.a.netty.request.NettyRequestSender - Using open Channel [id: 0x7c68b8df, L:/127.0.0.1:64390 - R:localhost/127.0.0.1:10889] for POST '/session/14f61660-7bcc-4279-b6a3-7163a94e0626/element/747fd58d-8e10-4f7a-a98c-410987b78775/element'
15:50:18.120 [AsyncHttpClient-3-1] DEBUG o.a.netty.handler.HttpHandler - 

Request DefaultHttpRequest(decodeResult: success, version: HTTP/1.1)
POST /session/14f61660-7bcc-4279-b6a3-7163a94e0626/element/747fd58d-8e10-4f7a-a98c-410987b78775/element HTTP/1.1
User-Agent: selenium/4.0.0-alpha-5 (java windows)
Content-Length: 103
Content-Type: application/json; charset=utf-8
host: localhost:10889
accept: */*

Response DefaultHttpResponse(decodeResult: success, version: HTTP/1.1)
HTTP/1.1 200 OK
content-type: application/json; charset=utf-8
cache-control: no-cache
content-length: 88
date: Thu, 25 Jun 2020 12:50:18 GMT

15:50:18.121 [AsyncHttpClient-3-1] DEBUG o.a.netty.channel.ChannelManager - Adding key: http://localhost:10889 for channel [id: 0x7c68b8df, L:/127.0.0.1:64390 - R:localhost/127.0.0.1:10889]
15:50:18.121 [Forwarding getElementText on session 14f61660-7bcc-4279-b6a3-7163a94e0626 to remote] DEBUG o.a.netty.request.NettyRequestSender - Using pooled Channel '[id: 0x7c68b8df, L:/127.0.0.1:64390 - R:localhost/127.0.0.1:10889]' for 'GET' to 'http://localhost:10889/session/14f61660-7bcc-4279-b6a3-7163a94e0626/element/bf0f03f2-480c-467c-b60d-f7fc6cbf15aa/text'
15:50:18.121 [Forwarding getElementText on session 14f61660-7bcc-4279-b6a3-7163a94e0626 to remote] DEBUG o.a.netty.request.NettyRequestSender - Using open Channel [id: 0x7c68b8df, L:/127.0.0.1:64390 - R:localhost/127.0.0.1:10889] for GET '/session/14f61660-7bcc-4279-b6a3-7163a94e0626/element/bf0f03f2-480c-467c-b60d-f7fc6cbf15aa/text'
15:50:18.130 [AsyncHttpClient-3-1] DEBUG o.a.netty.handler.HttpHandler - 

Request DefaultFullHttpRequest(decodeResult: success, version: HTTP/1.1, content: EmptyByteBufBE)
GET /session/14f61660-7bcc-4279-b6a3-7163a94e0626/element/bf0f03f2-480c-467c-b60d-f7fc6cbf15aa/text HTTP/1.1
User-Agent: selenium/4.0.0-alpha-5 (java windows)
Cache-Control: no-cache
host: localhost:10889
accept: */*

Response DefaultHttpResponse(decodeResult: success, version: HTTP/1.1)
HTTP/1.1 200 OK
content-type: application/json; charset=utf-8
cache-control: no-cache
content-length: 22
date: Thu, 25 Jun 2020 12:50:18 GMT

15:50:18.130 [AsyncHttpClient-3-1] DEBUG o.a.netty.channel.ChannelManager - Adding key: http://localhost:10889 for channel [id: 0x7c68b8df, L:/127.0.0.1:64390 - R:localhost/127.0.0.1:10889]
15:50:18.130 [Forwarding findChildElement on session 14f61660-7bcc-4279-b6a3-7163a94e0626 to remote] DEBUG o.a.netty.request.NettyRequestSender - Using pooled Channel '[id: 0x7c68b8df, L:/127.0.0.1:64390 - R:localhost/127.0.0.1:10889]' for 'POST' to 'http://localhost:10889/session/14f61660-7bcc-4279-b6a3-7163a94e0626/element/747fd58d-8e10-4f7a-a98c-410987b78775/element'
15:50:18.131 [Forwarding findChildElement on session 14f61660-7bcc-4279-b6a3-7163a94e0626 to remote] DEBUG o.a.netty.request.NettyRequestSender - Using open Channel [id: 0x7c68b8df, L:/127.0.0.1:64390 - R:localhost/127.0.0.1:10889] for POST '/session/14f61660-7bcc-4279-b6a3-7163a94e0626/element/747fd58d-8e10-4f7a-a98c-410987b78775/element'
15:50:18.134 [AsyncHttpClient-3-1] DEBUG o.a.netty.handler.HttpHandler - 

Request DefaultHttpRequest(decodeResult: success, version: HTTP/1.1)
POST /session/14f61660-7bcc-4279-b6a3-7163a94e0626/element/747fd58d-8e10-4f7a-a98c-410987b78775/element HTTP/1.1
User-Agent: selenium/4.0.0-alpha-5 (java windows)
Content-Length: 103
Content-Type: application/json; charset=utf-8
host: localhost:10889
accept: */*

Response DefaultHttpResponse(decodeResult: success, version: HTTP/1.1)
HTTP/1.1 200 OK
content-type: application/json; charset=utf-8
cache-control: no-cache
content-length: 88
date: Thu, 25 Jun 2020 12:50:18 GMT

15:50:18.134 [AsyncHttpClient-3-1] DEBUG o.a.netty.channel.ChannelManager - Adding key: http://localhost:10889 for channel [id: 0x7c68b8df, L:/127.0.0.1:64390 - R:localhost/127.0.0.1:10889]
15:50:18.134 [Forwarding getElementText on session 14f61660-7bcc-4279-b6a3-7163a94e0626 to remote] DEBUG o.a.netty.request.NettyRequestSender - Using pooled Channel '[id: 0x7c68b8df, L:/127.0.0.1:64390 - R:localhost/127.0.0.1:10889]' for 'GET' to 'http://localhost:10889/session/14f61660-7bcc-4279-b6a3-7163a94e0626/element/05064258-4273-4fa8-a05c-5cafac879869/text'
15:50:18.134 [Forwarding getElementText on session 14f61660-7bcc-4279-b6a3-7163a94e0626 to remote] DEBUG o.a.netty.request.NettyRequestSender - Using open Channel [id: 0x7c68b8df, L:/127.0.0.1:64390 - R:localhost/127.0.0.1:10889] for GET '/session/14f61660-7bcc-4279-b6a3-7163a94e0626/element/05064258-4273-4fa8-a05c-5cafac879869/text'
15:50:18.139 [AsyncHttpClient-3-1] DEBUG o.a.netty.handler.HttpHandler - 

Request DefaultFullHttpRequest(decodeResult: success, version: HTTP/1.1, content: EmptyByteBufBE)
GET /session/14f61660-7bcc-4279-b6a3-7163a94e0626/element/05064258-4273-4fa8-a05c-5cafac879869/text HTTP/1.1
User-Agent: selenium/4.0.0-alpha-5 (java windows)
Cache-Control: no-cache
host: localhost:10889
accept: */*

Response DefaultHttpResponse(decodeResult: success, version: HTTP/1.1)
HTTP/1.1 200 OK
content-type: application/json; charset=utf-8
cache-control: no-cache
content-length: 21
date: Thu, 25 Jun 2020 12:50:18 GMT

15:50:18.139 [AsyncHttpClient-3-1] DEBUG o.a.netty.channel.ChannelManager - Adding key: http://localhost:10889 for channel [id: 0x7c68b8df, L:/127.0.0.1:64390 - R:localhost/127.0.0.1:10889]
15:50:18.139 [Forwarding findChildElement on session 14f61660-7bcc-4279-b6a3-7163a94e0626 to remote] DEBUG o.a.netty.request.NettyRequestSender - Using pooled Channel '[id: 0x7c68b8df, L:/127.0.0.1:64390 - R:localhost/127.0.0.1:10889]' for 'POST' to 'http://localhost:10889/session/14f61660-7bcc-4279-b6a3-7163a94e0626/element/747fd58d-8e10-4f7a-a98c-410987b78775/element'
15:50:18.139 [Forwarding findChildElement on session 14f61660-7bcc-4279-b6a3-7163a94e0626 to remote] DEBUG o.a.netty.request.NettyRequestSender - Using open Channel [id: 0x7c68b8df, L:/127.0.0.1:64390 - R:localhost/127.0.0.1:10889] for POST '/session/14f61660-7bcc-4279-b6a3-7163a94e0626/element/747fd58d-8e10-4f7a-a98c-410987b78775/element'
15:50:18.143 [AsyncHttpClient-3-1] DEBUG o.a.netty.handler.HttpHandler - 

Request DefaultHttpRequest(decodeResult: success, version: HTTP/1.1)
POST /session/14f61660-7bcc-4279-b6a3-7163a94e0626/element/747fd58d-8e10-4f7a-a98c-410987b78775/element HTTP/1.1
User-Agent: selenium/4.0.0-alpha-5 (java windows)
Content-Length: 103
Content-Type: application/json; charset=utf-8
host: localhost:10889
accept: */*

Response DefaultHttpResponse(decodeResult: success, version: HTTP/1.1)
HTTP/1.1 200 OK
content-type: application/json; charset=utf-8
cache-control: no-cache
content-length: 88
date: Thu, 25 Jun 2020 12:50:18 GMT

15:50:18.143 [AsyncHttpClient-3-1] DEBUG o.a.netty.channel.ChannelManager - Adding key: http://localhost:10889 for channel [id: 0x7c68b8df, L:/127.0.0.1:64390 - R:localhost/127.0.0.1:10889]
15:50:18.143 [Forwarding getElementText on session 14f61660-7bcc-4279-b6a3-7163a94e0626 to remote] DEBUG o.a.netty.request.NettyRequestSender - Using pooled Channel '[id: 0x7c68b8df, L:/127.0.0.1:64390 - R:localhost/127.0.0.1:10889]' for 'GET' to 'http://localhost:10889/session/14f61660-7bcc-4279-b6a3-7163a94e0626/element/1ed76109-e401-426d-9b53-93d04826dcc9/text'
15:50:18.143 [Forwarding getElementText on session 14f61660-7bcc-4279-b6a3-7163a94e0626 to remote] DEBUG o.a.netty.request.NettyRequestSender - Using open Channel [id: 0x7c68b8df, L:/127.0.0.1:64390 - R:localhost/127.0.0.1:10889] for GET '/session/14f61660-7bcc-4279-b6a3-7163a94e0626/element/1ed76109-e401-426d-9b53-93d04826dcc9/text'
15:50:18.147 [AsyncHttpClient-3-1] DEBUG o.a.netty.handler.HttpHandler - 

Request DefaultFullHttpRequest(decodeResult: success, version: HTTP/1.1, content: EmptyByteBufBE)
GET /session/14f61660-7bcc-4279-b6a3-7163a94e0626/element/1ed76109-e401-426d-9b53-93d04826dcc9/text HTTP/1.1
User-Agent: selenium/4.0.0-alpha-5 (java windows)
Cache-Control: no-cache
host: localhost:10889
accept: */*

Response DefaultHttpResponse(decodeResult: success, version: HTTP/1.1)
HTTP/1.1 200 OK
content-type: application/json; charset=utf-8
cache-control: no-cache
content-length: 45
date: Thu, 25 Jun 2020 12:50:18 GMT

15:50:18.148 [AsyncHttpClient-3-1] DEBUG o.a.netty.channel.ChannelManager - Adding key: http://localhost:10889 for channel [id: 0x7c68b8df, L:/127.0.0.1:64390 - R:localhost/127.0.0.1:10889]
15:50:18.148 [Forwarding findChildElement on session 14f61660-7bcc-4279-b6a3-7163a94e0626 to remote] DEBUG o.a.netty.request.NettyRequestSender - Using pooled Channel '[id: 0x7c68b8df, L:/127.0.0.1:64390 - R:localhost/127.0.0.1:10889]' for 'POST' to 'http://localhost:10889/session/14f61660-7bcc-4279-b6a3-7163a94e0626/element/747fd58d-8e10-4f7a-a98c-410987b78775/element'
15:50:18.148 [Forwarding findChildElement on session 14f61660-7bcc-4279-b6a3-7163a94e0626 to remote] DEBUG o.a.netty.request.NettyRequestSender - Using open Channel [id: 0x7c68b8df, L:/127.0.0.1:64390 - R:localhost/127.0.0.1:10889] for POST '/session/14f61660-7bcc-4279-b6a3-7163a94e0626/element/747fd58d-8e10-4f7a-a98c-410987b78775/element'
15:50:18.153 [AsyncHttpClient-3-1] DEBUG o.a.netty.handler.HttpHandler - 

Request DefaultHttpRequest(decodeResult: success, version: HTTP/1.1)
POST /session/14f61660-7bcc-4279-b6a3-7163a94e0626/element/747fd58d-8e10-4f7a-a98c-410987b78775/element HTTP/1.1
User-Agent: selenium/4.0.0-alpha-5 (java windows)
Content-Length: 103
Content-Type: application/json; charset=utf-8
host: localhost:10889
accept: */*

Response DefaultHttpResponse(decodeResult: success, version: HTTP/1.1)
HTTP/1.1 200 OK
content-type: application/json; charset=utf-8
cache-control: no-cache
content-length: 88
date: Thu, 25 Jun 2020 12:50:18 GMT

15:50:18.153 [AsyncHttpClient-3-1] DEBUG o.a.netty.channel.ChannelManager - Adding key: http://localhost:10889 for channel [id: 0x7c68b8df, L:/127.0.0.1:64390 - R:localhost/127.0.0.1:10889]
15:50:18.153 [Forwarding getElementText on session 14f61660-7bcc-4279-b6a3-7163a94e0626 to remote] DEBUG o.a.netty.request.NettyRequestSender - Using pooled Channel '[id: 0x7c68b8df, L:/127.0.0.1:64390 - R:localhost/127.0.0.1:10889]' for 'GET' to 'http://localhost:10889/session/14f61660-7bcc-4279-b6a3-7163a94e0626/element/fba110a3-2294-4d2a-864f-a03a21ddef16/text'
15:50:18.154 [Forwarding getElementText on session 14f61660-7bcc-4279-b6a3-7163a94e0626 to remote] DEBUG o.a.netty.request.NettyRequestSender - Using open Channel [id: 0x7c68b8df, L:/127.0.0.1:64390 - R:localhost/127.0.0.1:10889] for GET '/session/14f61660-7bcc-4279-b6a3-7163a94e0626/element/fba110a3-2294-4d2a-864f-a03a21ddef16/text'
15:50:18.161 [AsyncHttpClient-3-1] DEBUG o.a.netty.handler.HttpHandler - 

Request DefaultFullHttpRequest(decodeResult: success, version: HTTP/1.1, content: EmptyByteBufBE)
GET /session/14f61660-7bcc-4279-b6a3-7163a94e0626/element/fba110a3-2294-4d2a-864f-a03a21ddef16/text HTTP/1.1
User-Agent: selenium/4.0.0-alpha-5 (java windows)
Cache-Control: no-cache
host: localhost:10889
accept: */*

Response DefaultHttpResponse(decodeResult: success, version: HTTP/1.1)
HTTP/1.1 200 OK
content-type: application/json; charset=utf-8
cache-control: no-cache
content-length: 57
date: Thu, 25 Jun 2020 12:50:18 GMT

15:50:18.161 [AsyncHttpClient-3-1] DEBUG o.a.netty.channel.ChannelManager - Adding key: http://localhost:10889 for channel [id: 0x7c68b8df, L:/127.0.0.1:64390 - R:localhost/127.0.0.1:10889]
15:50:18.161 [Forwarding findChildElement on session 14f61660-7bcc-4279-b6a3-7163a94e0626 to remote] DEBUG o.a.netty.request.NettyRequestSender - Using pooled Channel '[id: 0x7c68b8df, L:/127.0.0.1:64390 - R:localhost/127.0.0.1:10889]' for 'POST' to 'http://localhost:10889/session/14f61660-7bcc-4279-b6a3-7163a94e0626/element/747fd58d-8e10-4f7a-a98c-410987b78775/element'
15:50:18.161 [Forwarding findChildElement on session 14f61660-7bcc-4279-b6a3-7163a94e0626 to remote] DEBUG o.a.netty.request.NettyRequestSender - Using open Channel [id: 0x7c68b8df, L:/127.0.0.1:64390 - R:localhost/127.0.0.1:10889] for POST '/session/14f61660-7bcc-4279-b6a3-7163a94e0626/element/747fd58d-8e10-4f7a-a98c-410987b78775/element'
15:50:18.165 [AsyncHttpClient-3-1] DEBUG o.a.netty.handler.HttpHandler - 

Request DefaultHttpRequest(decodeResult: success, version: HTTP/1.1)
POST /session/14f61660-7bcc-4279-b6a3-7163a94e0626/element/747fd58d-8e10-4f7a-a98c-410987b78775/element HTTP/1.1
User-Agent: selenium/4.0.0-alpha-5 (java windows)
Content-Length: 97
Content-Type: application/json; charset=utf-8
host: localhost:10889
accept: */*

Response DefaultHttpResponse(decodeResult: success, version: HTTP/1.1)
HTTP/1.1 200 OK
content-type: application/json; charset=utf-8
cache-control: no-cache
content-length: 88
date: Thu, 25 Jun 2020 12:50:18 GMT

15:50:18.165 [AsyncHttpClient-3-1] DEBUG o.a.netty.channel.ChannelManager - Adding key: http://localhost:10889 for channel [id: 0x7c68b8df, L:/127.0.0.1:64390 - R:localhost/127.0.0.1:10889]
15:50:18.170 [Forwarding getElementAttribute on session 14f61660-7bcc-4279-b6a3-7163a94e0626 to remote] DEBUG o.a.netty.request.NettyRequestSender - Using pooled Channel '[id: 0x7c68b8df, L:/127.0.0.1:64390 - R:localhost/127.0.0.1:10889]' for 'POST' to 'http://localhost:10889/session/14f61660-7bcc-4279-b6a3-7163a94e0626/execute/sync'
15:50:18.171 [Forwarding getElementAttribute on session 14f61660-7bcc-4279-b6a3-7163a94e0626 to remote] DEBUG o.a.netty.request.NettyRequestSender - Using open Channel [id: 0x7c68b8df, L:/127.0.0.1:64390 - R:localhost/127.0.0.1:10889] for POST '/session/14f61660-7bcc-4279-b6a3-7163a94e0626/execute/sync'
15:50:18.183 [AsyncHttpClient-3-1] DEBUG o.a.netty.handler.HttpHandler - 

Request DefaultHttpRequest(decodeResult: success, version: HTTP/1.1)
POST /session/14f61660-7bcc-4279-b6a3-7163a94e0626/execute/sync HTTP/1.1
User-Agent: selenium/4.0.0-alpha-5 (java windows)
Content-Length: 39635
Content-Type: application/json; charset=utf-8
host: localhost:10889
accept: */*

Response DefaultHttpResponse(decodeResult: success, version: HTTP/1.1)
HTTP/1.1 200 OK
content-type: application/json; charset=utf-8
cache-control: no-cache
content-length: 15
date: Thu, 25 Jun 2020 12:50:18 GMT

15:50:18.183 [AsyncHttpClient-3-1] DEBUG o.a.netty.channel.ChannelManager - Adding key: http://localhost:10889 for channel [id: 0x7c68b8df, L:/127.0.0.1:64390 - R:localhost/127.0.0.1:10889]
15:50:18.183 [Forwarding findChildElement on session 14f61660-7bcc-4279-b6a3-7163a94e0626 to remote] DEBUG o.a.netty.request.NettyRequestSender - Using pooled Channel '[id: 0x7c68b8df, L:/127.0.0.1:64390 - R:localhost/127.0.0.1:10889]' for 'POST' to 'http://localhost:10889/session/14f61660-7bcc-4279-b6a3-7163a94e0626/element/6ffdeaa7-e41e-4ca3-a478-4a8b5f38590e/element'
15:50:18.183 [Forwarding findChildElement on session 14f61660-7bcc-4279-b6a3-7163a94e0626 to remote] DEBUG o.a.netty.request.NettyRequestSender - Using open Channel [id: 0x7c68b8df, L:/127.0.0.1:64390 - R:localhost/127.0.0.1:10889] for POST '/session/14f61660-7bcc-4279-b6a3-7163a94e0626/element/6ffdeaa7-e41e-4ca3-a478-4a8b5f38590e/element'
15:50:18.187 [AsyncHttpClient-3-1] DEBUG o.a.netty.handler.HttpHandler - 

Request DefaultHttpRequest(decodeResult: success, version: HTTP/1.1)
POST /session/14f61660-7bcc-4279-b6a3-7163a94e0626/element/6ffdeaa7-e41e-4ca3-a478-4a8b5f38590e/element HTTP/1.1
User-Agent: selenium/4.0.0-alpha-5 (java windows)
Content-Length: 103
Content-Type: application/json; charset=utf-8
host: localhost:10889
accept: */*

Response DefaultHttpResponse(decodeResult: success, version: HTTP/1.1)
HTTP/1.1 200 OK
content-type: application/json; charset=utf-8
cache-control: no-cache
content-length: 88
date: Thu, 25 Jun 2020 12:50:18 GMT

15:50:18.187 [AsyncHttpClient-3-1] DEBUG o.a.netty.channel.ChannelManager - Adding key: http://localhost:10889 for channel [id: 0x7c68b8df, L:/127.0.0.1:64390 - R:localhost/127.0.0.1:10889]
15:50:18.188 [Forwarding getElementText on session 14f61660-7bcc-4279-b6a3-7163a94e0626 to remote] DEBUG o.a.netty.request.NettyRequestSender - Using pooled Channel '[id: 0x7c68b8df, L:/127.0.0.1:64390 - R:localhost/127.0.0.1:10889]' for 'GET' to 'http://localhost:10889/session/14f61660-7bcc-4279-b6a3-7163a94e0626/element/2b5aee28-e0b0-4fa5-a401-fd9342315b6c/text'
15:50:18.188 [Forwarding getElementText on session 14f61660-7bcc-4279-b6a3-7163a94e0626 to remote] DEBUG o.a.netty.request.NettyRequestSender - Using open Channel [id: 0x7c68b8df, L:/127.0.0.1:64390 - R:localhost/127.0.0.1:10889] for GET '/session/14f61660-7bcc-4279-b6a3-7163a94e0626/element/2b5aee28-e0b0-4fa5-a401-fd9342315b6c/text'
15:50:18.192 [AsyncHttpClient-3-1] DEBUG o.a.netty.handler.HttpHandler - 

Request DefaultFullHttpRequest(decodeResult: success, version: HTTP/1.1, content: EmptyByteBufBE)
GET /session/14f61660-7bcc-4279-b6a3-7163a94e0626/element/2b5aee28-e0b0-4fa5-a401-fd9342315b6c/text HTTP/1.1
User-Agent: selenium/4.0.0-alpha-5 (java windows)
Cache-Control: no-cache
host: localhost:10889
accept: */*

Response DefaultHttpResponse(decodeResult: success, version: HTTP/1.1)
HTTP/1.1 200 OK
content-type: application/json; charset=utf-8
cache-control: no-cache
content-length: 18
date: Thu, 25 Jun 2020 12:50:18 GMT

15:50:18.192 [AsyncHttpClient-3-1] DEBUG o.a.netty.channel.ChannelManager - Adding key: http://localhost:10889 for channel [id: 0x7c68b8df, L:/127.0.0.1:64390 - R:localhost/127.0.0.1:10889]
15:50:18.193 [Forwarding findChildElement on session 14f61660-7bcc-4279-b6a3-7163a94e0626 to remote] DEBUG o.a.netty.request.NettyRequestSender - Using pooled Channel '[id: 0x7c68b8df, L:/127.0.0.1:64390 - R:localhost/127.0.0.1:10889]' for 'POST' to 'http://localhost:10889/session/14f61660-7bcc-4279-b6a3-7163a94e0626/element/6ffdeaa7-e41e-4ca3-a478-4a8b5f38590e/element'
15:50:18.193 [Forwarding findChildElement on session 14f61660-7bcc-4279-b6a3-7163a94e0626 to remote] DEBUG o.a.netty.request.NettyRequestSender - Using open Channel [id: 0x7c68b8df, L:/127.0.0.1:64390 - R:localhost/127.0.0.1:10889] for POST '/session/14f61660-7bcc-4279-b6a3-7163a94e0626/element/6ffdeaa7-e41e-4ca3-a478-4a8b5f38590e/element'
15:50:18.196 [AsyncHttpClient-3-1] DEBUG o.a.netty.handler.HttpHandler - 

Request DefaultHttpRequest(decodeResult: success, version: HTTP/1.1)
POST /session/14f61660-7bcc-4279-b6a3-7163a94e0626/element/6ffdeaa7-e41e-4ca3-a478-4a8b5f38590e/element HTTP/1.1
User-Agent: selenium/4.0.0-alpha-5 (java windows)
Content-Length: 103
Content-Type: application/json; charset=utf-8
host: localhost:10889
accept: */*

Response DefaultHttpResponse(decodeResult: success, version: HTTP/1.1)
HTTP/1.1 200 OK
content-type: application/json; charset=utf-8
cache-control: no-cache
content-length: 88
date: Thu, 25 Jun 2020 12:50:18 GMT

15:50:18.197 [AsyncHttpClient-3-1] DEBUG o.a.netty.channel.ChannelManager - Adding key: http://localhost:10889 for channel [id: 0x7c68b8df, L:/127.0.0.1:64390 - R:localhost/127.0.0.1:10889]
15:50:18.197 [Forwarding getElementText on session 14f61660-7bcc-4279-b6a3-7163a94e0626 to remote] DEBUG o.a.netty.request.NettyRequestSender - Using pooled Channel '[id: 0x7c68b8df, L:/127.0.0.1:64390 - R:localhost/127.0.0.1:10889]' for 'GET' to 'http://localhost:10889/session/14f61660-7bcc-4279-b6a3-7163a94e0626/element/17c4cd7c-38c9-4cca-bbc9-93dd158fbaeb/text'
15:50:18.197 [Forwarding getElementText on session 14f61660-7bcc-4279-b6a3-7163a94e0626 to remote] DEBUG o.a.netty.request.NettyRequestSender - Using open Channel [id: 0x7c68b8df, L:/127.0.0.1:64390 - R:localhost/127.0.0.1:10889] for GET '/session/14f61660-7bcc-4279-b6a3-7163a94e0626/element/17c4cd7c-38c9-4cca-bbc9-93dd158fbaeb/text'
15:50:18.201 [AsyncHttpClient-3-1] DEBUG o.a.netty.handler.HttpHandler - 

Request DefaultFullHttpRequest(decodeResult: success, version: HTTP/1.1, content: EmptyByteBufBE)
GET /session/14f61660-7bcc-4279-b6a3-7163a94e0626/element/17c4cd7c-38c9-4cca-bbc9-93dd158fbaeb/text HTTP/1.1
User-Agent: selenium/4.0.0-alpha-5 (java windows)
Cache-Control: no-cache
host: localhost:10889
accept: */*

Response DefaultHttpResponse(decodeResult: success, version: HTTP/1.1)
HTTP/1.1 200 OK
content-type: application/json; charset=utf-8
cache-control: no-cache
content-length: 22
date: Thu, 25 Jun 2020 12:50:18 GMT

15:50:18.201 [AsyncHttpClient-3-1] DEBUG o.a.netty.channel.ChannelManager - Adding key: http://localhost:10889 for channel [id: 0x7c68b8df, L:/127.0.0.1:64390 - R:localhost/127.0.0.1:10889]
15:50:18.202 [Forwarding findChildElement on session 14f61660-7bcc-4279-b6a3-7163a94e0626 to remote] DEBUG o.a.netty.request.NettyRequestSender - Using pooled Channel '[id: 0x7c68b8df, L:/127.0.0.1:64390 - R:localhost/127.0.0.1:10889]' for 'POST' to 'http://localhost:10889/session/14f61660-7bcc-4279-b6a3-7163a94e0626/element/6ffdeaa7-e41e-4ca3-a478-4a8b5f38590e/element'
15:50:18.202 [Forwarding findChildElement on session 14f61660-7bcc-4279-b6a3-7163a94e0626 to remote] DEBUG o.a.netty.request.NettyRequestSender - Using open Channel [id: 0x7c68b8df, L:/127.0.0.1:64390 - R:localhost/127.0.0.1:10889] for POST '/session/14f61660-7bcc-4279-b6a3-7163a94e0626/element/6ffdeaa7-e41e-4ca3-a478-4a8b5f38590e/element'
15:50:18.206 [AsyncHttpClient-3-1] DEBUG o.a.netty.handler.HttpHandler - 

Request DefaultHttpRequest(decodeResult: success, version: HTTP/1.1)
POST /session/14f61660-7bcc-4279-b6a3-7163a94e0626/element/6ffdeaa7-e41e-4ca3-a478-4a8b5f38590e/element HTTP/1.1
User-Agent: selenium/4.0.0-alpha-5 (java windows)
Content-Length: 103
Content-Type: application/json; charset=utf-8
host: localhost:10889
accept: */*

Response DefaultHttpResponse(decodeResult: success, version: HTTP/1.1)
HTTP/1.1 200 OK
content-type: application/json; charset=utf-8
cache-control: no-cache
content-length: 88
date: Thu, 25 Jun 2020 12:50:18 GMT

15:50:18.206 [AsyncHttpClient-3-1] DEBUG o.a.netty.channel.ChannelManager - Adding key: http://localhost:10889 for channel [id: 0x7c68b8df, L:/127.0.0.1:64390 - R:localhost/127.0.0.1:10889]
15:50:18.206 [Forwarding getElementText on session 14f61660-7bcc-4279-b6a3-7163a94e0626 to remote] DEBUG o.a.netty.request.NettyRequestSender - Using pooled Channel '[id: 0x7c68b8df, L:/127.0.0.1:64390 - R:localhost/127.0.0.1:10889]' for 'GET' to 'http://localhost:10889/session/14f61660-7bcc-4279-b6a3-7163a94e0626/element/0cacdf56-73c4-4cfb-854b-209551e68acd/text'
15:50:18.206 [Forwarding getElementText on session 14f61660-7bcc-4279-b6a3-7163a94e0626 to remote] DEBUG o.a.netty.request.NettyRequestSender - Using open Channel [id: 0x7c68b8df, L:/127.0.0.1:64390 - R:localhost/127.0.0.1:10889] for GET '/session/14f61660-7bcc-4279-b6a3-7163a94e0626/element/0cacdf56-73c4-4cfb-854b-209551e68acd/text'
15:50:18.211 [AsyncHttpClient-3-1] DEBUG o.a.netty.handler.HttpHandler - 

Request DefaultFullHttpRequest(decodeResult: success, version: HTTP/1.1, content: EmptyByteBufBE)
GET /session/14f61660-7bcc-4279-b6a3-7163a94e0626/element/0cacdf56-73c4-4cfb-854b-209551e68acd/text HTTP/1.1
User-Agent: selenium/4.0.0-alpha-5 (java windows)
Cache-Control: no-cache
host: localhost:10889
accept: */*

Response DefaultHttpResponse(decodeResult: success, version: HTTP/1.1)
HTTP/1.1 200 OK
content-type: application/json; charset=utf-8
cache-control: no-cache
content-length: 21
date: Thu, 25 Jun 2020 12:50:18 GMT

15:50:18.211 [AsyncHttpClient-3-1] DEBUG o.a.netty.channel.ChannelManager - Adding key: http://localhost:10889 for channel [id: 0x7c68b8df, L:/127.0.0.1:64390 - R:localhost/127.0.0.1:10889]
15:50:18.211 [Forwarding findChildElement on session 14f61660-7bcc-4279-b6a3-7163a94e0626 to remote] DEBUG o.a.netty.request.NettyRequestSender - Using pooled Channel '[id: 0x7c68b8df, L:/127.0.0.1:64390 - R:localhost/127.0.0.1:10889]' for 'POST' to 'http://localhost:10889/session/14f61660-7bcc-4279-b6a3-7163a94e0626/element/6ffdeaa7-e41e-4ca3-a478-4a8b5f38590e/element'
15:50:18.212 [Forwarding findChildElement on session 14f61660-7bcc-4279-b6a3-7163a94e0626 to remote] DEBUG o.a.netty.request.NettyRequestSender - Using open Channel [id: 0x7c68b8df, L:/127.0.0.1:64390 - R:localhost/127.0.0.1:10889] for POST '/session/14f61660-7bcc-4279-b6a3-7163a94e0626/element/6ffdeaa7-e41e-4ca3-a478-4a8b5f38590e/element'
15:50:18.215 [AsyncHttpClient-3-1] DEBUG o.a.netty.handler.HttpHandler - 

Request DefaultHttpRequest(decodeResult: success, version: HTTP/1.1)
POST /session/14f61660-7bcc-4279-b6a3-7163a94e0626/element/6ffdeaa7-e41e-4ca3-a478-4a8b5f38590e/element HTTP/1.1
User-Agent: selenium/4.0.0-alpha-5 (java windows)
Content-Length: 103
Content-Type: application/json; charset=utf-8
host: localhost:10889
accept: */*

Response DefaultHttpResponse(decodeResult: success, version: HTTP/1.1)
HTTP/1.1 200 OK
content-type: application/json; charset=utf-8
cache-control: no-cache
content-length: 88
date: Thu, 25 Jun 2020 12:50:18 GMT

15:50:18.215 [AsyncHttpClient-3-1] DEBUG o.a.netty.channel.ChannelManager - Adding key: http://localhost:10889 for channel [id: 0x7c68b8df, L:/127.0.0.1:64390 - R:localhost/127.0.0.1:10889]
15:50:18.215 [Forwarding getElementText on session 14f61660-7bcc-4279-b6a3-7163a94e0626 to remote] DEBUG o.a.netty.request.NettyRequestSender - Using pooled Channel '[id: 0x7c68b8df, L:/127.0.0.1:64390 - R:localhost/127.0.0.1:10889]' for 'GET' to 'http://localhost:10889/session/14f61660-7bcc-4279-b6a3-7163a94e0626/element/d8f2a8cc-0cab-4062-81dd-3abfdd5d4ee0/text'
15:50:18.216 [Forwarding getElementText on session 14f61660-7bcc-4279-b6a3-7163a94e0626 to remote] DEBUG o.a.netty.request.NettyRequestSender - Using open Channel [id: 0x7c68b8df, L:/127.0.0.1:64390 - R:localhost/127.0.0.1:10889] for GET '/session/14f61660-7bcc-4279-b6a3-7163a94e0626/element/d8f2a8cc-0cab-4062-81dd-3abfdd5d4ee0/text'
15:50:18.220 [AsyncHttpClient-3-1] DEBUG o.a.netty.handler.HttpHandler - 

Request DefaultFullHttpRequest(decodeResult: success, version: HTTP/1.1, content: EmptyByteBufBE)
GET /session/14f61660-7bcc-4279-b6a3-7163a94e0626/element/d8f2a8cc-0cab-4062-81dd-3abfdd5d4ee0/text HTTP/1.1
User-Agent: selenium/4.0.0-alpha-5 (java windows)
Cache-Control: no-cache
host: localhost:10889
accept: */*

Response DefaultHttpResponse(decodeResult: success, version: HTTP/1.1)
HTTP/1.1 200 OK
content-type: application/json; charset=utf-8
cache-control: no-cache
content-length: 45
date: Thu, 25 Jun 2020 12:50:18 GMT

15:50:18.220 [AsyncHttpClient-3-1] DEBUG o.a.netty.channel.ChannelManager - Adding key: http://localhost:10889 for channel [id: 0x7c68b8df, L:/127.0.0.1:64390 - R:localhost/127.0.0.1:10889]
15:50:18.220 [Forwarding findChildElement on session 14f61660-7bcc-4279-b6a3-7163a94e0626 to remote] DEBUG o.a.netty.request.NettyRequestSender - Using pooled Channel '[id: 0x7c68b8df, L:/127.0.0.1:64390 - R:localhost/127.0.0.1:10889]' for 'POST' to 'http://localhost:10889/session/14f61660-7bcc-4279-b6a3-7163a94e0626/element/6ffdeaa7-e41e-4ca3-a478-4a8b5f38590e/element'
15:50:18.220 [Forwarding findChildElement on session 14f61660-7bcc-4279-b6a3-7163a94e0626 to remote] DEBUG o.a.netty.request.NettyRequestSender - Using open Channel [id: 0x7c68b8df, L:/127.0.0.1:64390 - R:localhost/127.0.0.1:10889] for POST '/session/14f61660-7bcc-4279-b6a3-7163a94e0626/element/6ffdeaa7-e41e-4ca3-a478-4a8b5f38590e/element'
15:50:18.224 [AsyncHttpClient-3-1] DEBUG o.a.netty.handler.HttpHandler - 

Request DefaultHttpRequest(decodeResult: success, version: HTTP/1.1)
POST /session/14f61660-7bcc-4279-b6a3-7163a94e0626/element/6ffdeaa7-e41e-4ca3-a478-4a8b5f38590e/element HTTP/1.1
User-Agent: selenium/4.0.0-alpha-5 (java windows)
Content-Length: 103
Content-Type: application/json; charset=utf-8
host: localhost:10889
accept: */*

Response DefaultHttpResponse(decodeResult: success, version: HTTP/1.1)
HTTP/1.1 200 OK
content-type: application/json; charset=utf-8
cache-control: no-cache
content-length: 88
date: Thu, 25 Jun 2020 12:50:18 GMT

15:50:18.224 [AsyncHttpClient-3-1] DEBUG o.a.netty.channel.ChannelManager - Adding key: http://localhost:10889 for channel [id: 0x7c68b8df, L:/127.0.0.1:64390 - R:localhost/127.0.0.1:10889]
15:50:18.224 [Forwarding getElementText on session 14f61660-7bcc-4279-b6a3-7163a94e0626 to remote] DEBUG o.a.netty.request.NettyRequestSender - Using pooled Channel '[id: 0x7c68b8df, L:/127.0.0.1:64390 - R:localhost/127.0.0.1:10889]' for 'GET' to 'http://localhost:10889/session/14f61660-7bcc-4279-b6a3-7163a94e0626/element/0f7d098a-9e62-489a-9da1-e54e25d0ec05/text'
15:50:18.225 [Forwarding getElementText on session 14f61660-7bcc-4279-b6a3-7163a94e0626 to remote] DEBUG o.a.netty.request.NettyRequestSender - Using open Channel [id: 0x7c68b8df, L:/127.0.0.1:64390 - R:localhost/127.0.0.1:10889] for GET '/session/14f61660-7bcc-4279-b6a3-7163a94e0626/element/0f7d098a-9e62-489a-9da1-e54e25d0ec05/text'
15:50:18.232 [AsyncHttpClient-3-1] DEBUG o.a.netty.handler.HttpHandler - 

Request DefaultFullHttpRequest(decodeResult: success, version: HTTP/1.1, content: EmptyByteBufBE)
GET /session/14f61660-7bcc-4279-b6a3-7163a94e0626/element/0f7d098a-9e62-489a-9da1-e54e25d0ec05/text HTTP/1.1
User-Agent: selenium/4.0.0-alpha-5 (java windows)
Cache-Control: no-cache
host: localhost:10889
accept: */*

Response DefaultHttpResponse(decodeResult: success, version: HTTP/1.1)
HTTP/1.1 200 OK
content-type: application/json; charset=utf-8
cache-control: no-cache
content-length: 57
date: Thu, 25 Jun 2020 12:50:18 GMT

15:50:18.232 [AsyncHttpClient-3-1] DEBUG o.a.netty.channel.ChannelManager - Adding key: http://localhost:10889 for channel [id: 0x7c68b8df, L:/127.0.0.1:64390 - R:localhost/127.0.0.1:10889]
15:50:18.232 [Forwarding findChildElement on session 14f61660-7bcc-4279-b6a3-7163a94e0626 to remote] DEBUG o.a.netty.request.NettyRequestSender - Using pooled Channel '[id: 0x7c68b8df, L:/127.0.0.1:64390 - R:localhost/127.0.0.1:10889]' for 'POST' to 'http://localhost:10889/session/14f61660-7bcc-4279-b6a3-7163a94e0626/element/6ffdeaa7-e41e-4ca3-a478-4a8b5f38590e/element'
15:50:18.232 [Forwarding findChildElement on session 14f61660-7bcc-4279-b6a3-7163a94e0626 to remote] DEBUG o.a.netty.request.NettyRequestSender - Using open Channel [id: 0x7c68b8df, L:/127.0.0.1:64390 - R:localhost/127.0.0.1:10889] for POST '/session/14f61660-7bcc-4279-b6a3-7163a94e0626/element/6ffdeaa7-e41e-4ca3-a478-4a8b5f38590e/element'
15:50:18.236 [AsyncHttpClient-3-1] DEBUG o.a.netty.handler.HttpHandler - 

Request DefaultHttpRequest(decodeResult: success, version: HTTP/1.1)
POST /session/14f61660-7bcc-4279-b6a3-7163a94e0626/element/6ffdeaa7-e41e-4ca3-a478-4a8b5f38590e/element HTTP/1.1
User-Agent: selenium/4.0.0-alpha-5 (java windows)
Content-Length: 97
Content-Type: application/json; charset=utf-8
host: localhost:10889
accept: */*

Response DefaultHttpResponse(decodeResult: success, version: HTTP/1.1)
HTTP/1.1 200 OK
content-type: application/json; charset=utf-8
cache-control: no-cache
content-length: 88
date: Thu, 25 Jun 2020 12:50:18 GMT

15:50:18.236 [AsyncHttpClient-3-1] DEBUG o.a.netty.channel.ChannelManager - Adding key: http://localhost:10889 for channel [id: 0x7c68b8df, L:/127.0.0.1:64390 - R:localhost/127.0.0.1:10889]
15:50:18.240 [Forwarding getElementAttribute on session 14f61660-7bcc-4279-b6a3-7163a94e0626 to remote] DEBUG o.a.netty.request.NettyRequestSender - Using pooled Channel '[id: 0x7c68b8df, L:/127.0.0.1:64390 - R:localhost/127.0.0.1:10889]' for 'POST' to 'http://localhost:10889/session/14f61660-7bcc-4279-b6a3-7163a94e0626/execute/sync'
15:50:18.240 [Forwarding getElementAttribute on session 14f61660-7bcc-4279-b6a3-7163a94e0626 to remote] DEBUG o.a.netty.request.NettyRequestSender - Using open Channel [id: 0x7c68b8df, L:/127.0.0.1:64390 - R:localhost/127.0.0.1:10889] for POST '/session/14f61660-7bcc-4279-b6a3-7163a94e0626/execute/sync'
15:50:18.257 [AsyncHttpClient-3-1] DEBUG o.a.netty.handler.HttpHandler - 

Request DefaultHttpRequest(decodeResult: success, version: HTTP/1.1)
POST /session/14f61660-7bcc-4279-b6a3-7163a94e0626/execute/sync HTTP/1.1
User-Agent: selenium/4.0.0-alpha-5 (java windows)
Content-Length: 39635
Content-Type: application/json; charset=utf-8
host: localhost:10889
accept: */*

Response DefaultHttpResponse(decodeResult: success, version: HTTP/1.1)
HTTP/1.1 200 OK
content-type: application/json; charset=utf-8
cache-control: no-cache
content-length: 15
date: Thu, 25 Jun 2020 12:50:18 GMT

15:50:18.257 [AsyncHttpClient-3-1] DEBUG o.a.netty.channel.ChannelManager - Adding key: http://localhost:10889 for channel [id: 0x7c68b8df, L:/127.0.0.1:64390 - R:localhost/127.0.0.1:10889]
15:50:18.258 [Forwarding findChildElement on session 14f61660-7bcc-4279-b6a3-7163a94e0626 to remote] DEBUG o.a.netty.request.NettyRequestSender - Using pooled Channel '[id: 0x7c68b8df, L:/127.0.0.1:64390 - R:localhost/127.0.0.1:10889]' for 'POST' to 'http://localhost:10889/session/14f61660-7bcc-4279-b6a3-7163a94e0626/element/5701a58a-e781-4926-a741-ea803f157120/element'
15:50:18.258 [Forwarding findChildElement on session 14f61660-7bcc-4279-b6a3-7163a94e0626 to remote] DEBUG o.a.netty.request.NettyRequestSender - Using open Channel [id: 0x7c68b8df, L:/127.0.0.1:64390 - R:localhost/127.0.0.1:10889] for POST '/session/14f61660-7bcc-4279-b6a3-7163a94e0626/element/5701a58a-e781-4926-a741-ea803f157120/element'
15:50:18.262 [AsyncHttpClient-3-1] DEBUG o.a.netty.handler.HttpHandler - 

Request DefaultHttpRequest(decodeResult: success, version: HTTP/1.1)
POST /session/14f61660-7bcc-4279-b6a3-7163a94e0626/element/5701a58a-e781-4926-a741-ea803f157120/element HTTP/1.1
User-Agent: selenium/4.0.0-alpha-5 (java windows)
Content-Length: 103
Content-Type: application/json; charset=utf-8
host: localhost:10889
accept: */*

Response DefaultHttpResponse(decodeResult: success, version: HTTP/1.1)
HTTP/1.1 200 OK
content-type: application/json; charset=utf-8
cache-control: no-cache
content-length: 88
date: Thu, 25 Jun 2020 12:50:18 GMT

15:50:18.262 [AsyncHttpClient-3-1] DEBUG o.a.netty.channel.ChannelManager - Adding key: http://localhost:10889 for channel [id: 0x7c68b8df, L:/127.0.0.1:64390 - R:localhost/127.0.0.1:10889]
15:50:18.263 [Forwarding getElementText on session 14f61660-7bcc-4279-b6a3-7163a94e0626 to remote] DEBUG o.a.netty.request.NettyRequestSender - Using pooled Channel '[id: 0x7c68b8df, L:/127.0.0.1:64390 - R:localhost/127.0.0.1:10889]' for 'GET' to 'http://localhost:10889/session/14f61660-7bcc-4279-b6a3-7163a94e0626/element/2b44b6f9-34fe-48d9-ab32-5e4eae76893c/text'
15:50:18.263 [Forwarding getElementText on session 14f61660-7bcc-4279-b6a3-7163a94e0626 to remote] DEBUG o.a.netty.request.NettyRequestSender - Using open Channel [id: 0x7c68b8df, L:/127.0.0.1:64390 - R:localhost/127.0.0.1:10889] for GET '/session/14f61660-7bcc-4279-b6a3-7163a94e0626/element/2b44b6f9-34fe-48d9-ab32-5e4eae76893c/text'
15:50:18.268 [AsyncHttpClient-3-1] DEBUG o.a.netty.handler.HttpHandler - 

Request DefaultFullHttpRequest(decodeResult: success, version: HTTP/1.1, content: EmptyByteBufBE)
GET /session/14f61660-7bcc-4279-b6a3-7163a94e0626/element/2b44b6f9-34fe-48d9-ab32-5e4eae76893c/text HTTP/1.1
User-Agent: selenium/4.0.0-alpha-5 (java windows)
Cache-Control: no-cache
host: localhost:10889
accept: */*

Response DefaultHttpResponse(decodeResult: success, version: HTTP/1.1)
HTTP/1.1 200 OK
content-type: application/json; charset=utf-8
cache-control: no-cache
content-length: 18
date: Thu, 25 Jun 2020 12:50:18 GMT

15:50:18.268 [AsyncHttpClient-3-1] DEBUG o.a.netty.channel.ChannelManager - Adding key: http://localhost:10889 for channel [id: 0x7c68b8df, L:/127.0.0.1:64390 - R:localhost/127.0.0.1:10889]
15:50:18.269 [Forwarding findChildElement on session 14f61660-7bcc-4279-b6a3-7163a94e0626 to remote] DEBUG o.a.netty.request.NettyRequestSender - Using pooled Channel '[id: 0x7c68b8df, L:/127.0.0.1:64390 - R:localhost/127.0.0.1:10889]' for 'POST' to 'http://localhost:10889/session/14f61660-7bcc-4279-b6a3-7163a94e0626/element/5701a58a-e781-4926-a741-ea803f157120/element'
15:50:18.269 [Forwarding findChildElement on session 14f61660-7bcc-4279-b6a3-7163a94e0626 to remote] DEBUG o.a.netty.request.NettyRequestSender - Using open Channel [id: 0x7c68b8df, L:/127.0.0.1:64390 - R:localhost/127.0.0.1:10889] for POST '/session/14f61660-7bcc-4279-b6a3-7163a94e0626/element/5701a58a-e781-4926-a741-ea803f157120/element'
15:50:18.272 [AsyncHttpClient-3-1] DEBUG o.a.netty.handler.HttpHandler - 

Request DefaultHttpRequest(decodeResult: success, version: HTTP/1.1)
POST /session/14f61660-7bcc-4279-b6a3-7163a94e0626/element/5701a58a-e781-4926-a741-ea803f157120/element HTTP/1.1
User-Agent: selenium/4.0.0-alpha-5 (java windows)
Content-Length: 103
Content-Type: application/json; charset=utf-8
host: localhost:10889
accept: */*

Response DefaultHttpResponse(decodeResult: success, version: HTTP/1.1)
HTTP/1.1 200 OK
content-type: application/json; charset=utf-8
cache-control: no-cache
content-length: 88
date: Thu, 25 Jun 2020 12:50:18 GMT

15:50:18.272 [AsyncHttpClient-3-1] DEBUG o.a.netty.channel.ChannelManager - Adding key: http://localhost:10889 for channel [id: 0x7c68b8df, L:/127.0.0.1:64390 - R:localhost/127.0.0.1:10889]
15:50:18.273 [Forwarding getElementText on session 14f61660-7bcc-4279-b6a3-7163a94e0626 to remote] DEBUG o.a.netty.request.NettyRequestSender - Using pooled Channel '[id: 0x7c68b8df, L:/127.0.0.1:64390 - R:localhost/127.0.0.1:10889]' for 'GET' to 'http://localhost:10889/session/14f61660-7bcc-4279-b6a3-7163a94e0626/element/b4faa602-90d2-4406-8ecc-a50b17d58703/text'
15:50:18.273 [Forwarding getElementText on session 14f61660-7bcc-4279-b6a3-7163a94e0626 to remote] DEBUG o.a.netty.request.NettyRequestSender - Using open Channel [id: 0x7c68b8df, L:/127.0.0.1:64390 - R:localhost/127.0.0.1:10889] for GET '/session/14f61660-7bcc-4279-b6a3-7163a94e0626/element/b4faa602-90d2-4406-8ecc-a50b17d58703/text'
15:50:18.277 [AsyncHttpClient-3-1] DEBUG o.a.netty.handler.HttpHandler - 

Request DefaultFullHttpRequest(decodeResult: success, version: HTTP/1.1, content: EmptyByteBufBE)
GET /session/14f61660-7bcc-4279-b6a3-7163a94e0626/element/b4faa602-90d2-4406-8ecc-a50b17d58703/text HTTP/1.1
User-Agent: selenium/4.0.0-alpha-5 (java windows)
Cache-Control: no-cache
host: localhost:10889
accept: */*

Response DefaultHttpResponse(decodeResult: success, version: HTTP/1.1)
HTTP/1.1 200 OK
content-type: application/json; charset=utf-8
cache-control: no-cache
content-length: 22
date: Thu, 25 Jun 2020 12:50:18 GMT

15:50:18.277 [AsyncHttpClient-3-1] DEBUG o.a.netty.channel.ChannelManager - Adding key: http://localhost:10889 for channel [id: 0x7c68b8df, L:/127.0.0.1:64390 - R:localhost/127.0.0.1:10889]
15:50:18.277 [Forwarding findChildElement on session 14f61660-7bcc-4279-b6a3-7163a94e0626 to remote] DEBUG o.a.netty.request.NettyRequestSender - Using pooled Channel '[id: 0x7c68b8df, L:/127.0.0.1:64390 - R:localhost/127.0.0.1:10889]' for 'POST' to 'http://localhost:10889/session/14f61660-7bcc-4279-b6a3-7163a94e0626/element/5701a58a-e781-4926-a741-ea803f157120/element'
15:50:18.277 [Forwarding findChildElement on session 14f61660-7bcc-4279-b6a3-7163a94e0626 to remote] DEBUG o.a.netty.request.NettyRequestSender - Using open Channel [id: 0x7c68b8df, L:/127.0.0.1:64390 - R:localhost/127.0.0.1:10889] for POST '/session/14f61660-7bcc-4279-b6a3-7163a94e0626/element/5701a58a-e781-4926-a741-ea803f157120/element'
15:50:18.281 [AsyncHttpClient-3-1] DEBUG o.a.netty.handler.HttpHandler - 

Request DefaultHttpRequest(decodeResult: success, version: HTTP/1.1)
POST /session/14f61660-7bcc-4279-b6a3-7163a94e0626/element/5701a58a-e781-4926-a741-ea803f157120/element HTTP/1.1
User-Agent: selenium/4.0.0-alpha-5 (java windows)
Content-Length: 103
Content-Type: application/json; charset=utf-8
host: localhost:10889
accept: */*

Response DefaultHttpResponse(decodeResult: success, version: HTTP/1.1)
HTTP/1.1 200 OK
content-type: application/json; charset=utf-8
cache-control: no-cache
content-length: 88
date: Thu, 25 Jun 2020 12:50:18 GMT

15:50:18.281 [AsyncHttpClient-3-1] DEBUG o.a.netty.channel.ChannelManager - Adding key: http://localhost:10889 for channel [id: 0x7c68b8df, L:/127.0.0.1:64390 - R:localhost/127.0.0.1:10889]
15:50:18.282 [Forwarding getElementText on session 14f61660-7bcc-4279-b6a3-7163a94e0626 to remote] DEBUG o.a.netty.request.NettyRequestSender - Using pooled Channel '[id: 0x7c68b8df, L:/127.0.0.1:64390 - R:localhost/127.0.0.1:10889]' for 'GET' to 'http://localhost:10889/session/14f61660-7bcc-4279-b6a3-7163a94e0626/element/4d26efff-b3a9-4393-b834-f9c32d0a7b6b/text'
15:50:18.282 [Forwarding getElementText on session 14f61660-7bcc-4279-b6a3-7163a94e0626 to remote] DEBUG o.a.netty.request.NettyRequestSender - Using open Channel [id: 0x7c68b8df, L:/127.0.0.1:64390 - R:localhost/127.0.0.1:10889] for GET '/session/14f61660-7bcc-4279-b6a3-7163a94e0626/element/4d26efff-b3a9-4393-b834-f9c32d0a7b6b/text'
15:50:18.286 [AsyncHttpClient-3-1] DEBUG o.a.netty.handler.HttpHandler - 

Request DefaultFullHttpRequest(decodeResult: success, version: HTTP/1.1, content: EmptyByteBufBE)
GET /session/14f61660-7bcc-4279-b6a3-7163a94e0626/element/4d26efff-b3a9-4393-b834-f9c32d0a7b6b/text HTTP/1.1
User-Agent: selenium/4.0.0-alpha-5 (java windows)
Cache-Control: no-cache
host: localhost:10889
accept: */*

Response DefaultHttpResponse(decodeResult: success, version: HTTP/1.1)
HTTP/1.1 200 OK
content-type: application/json; charset=utf-8
cache-control: no-cache
content-length: 21
date: Thu, 25 Jun 2020 12:50:18 GMT

15:50:18.287 [AsyncHttpClient-3-1] DEBUG o.a.netty.channel.ChannelManager - Adding key: http://localhost:10889 for channel [id: 0x7c68b8df, L:/127.0.0.1:64390 - R:localhost/127.0.0.1:10889]
15:50:18.287 [Forwarding findChildElement on session 14f61660-7bcc-4279-b6a3-7163a94e0626 to remote] DEBUG o.a.netty.request.NettyRequestSender - Using pooled Channel '[id: 0x7c68b8df, L:/127.0.0.1:64390 - R:localhost/127.0.0.1:10889]' for 'POST' to 'http://localhost:10889/session/14f61660-7bcc-4279-b6a3-7163a94e0626/element/5701a58a-e781-4926-a741-ea803f157120/element'
15:50:18.287 [Forwarding findChildElement on session 14f61660-7bcc-4279-b6a3-7163a94e0626 to remote] DEBUG o.a.netty.request.NettyRequestSender - Using open Channel [id: 0x7c68b8df, L:/127.0.0.1:64390 - R:localhost/127.0.0.1:10889] for POST '/session/14f61660-7bcc-4279-b6a3-7163a94e0626/element/5701a58a-e781-4926-a741-ea803f157120/element'
15:50:18.292 [AsyncHttpClient-3-1] DEBUG o.a.netty.handler.HttpHandler - 

Request DefaultHttpRequest(decodeResult: success, version: HTTP/1.1)
POST /session/14f61660-7bcc-4279-b6a3-7163a94e0626/element/5701a58a-e781-4926-a741-ea803f157120/element HTTP/1.1
User-Agent: selenium/4.0.0-alpha-5 (java windows)
Content-Length: 103
Content-Type: application/json; charset=utf-8
host: localhost:10889
accept: */*

Response DefaultHttpResponse(decodeResult: success, version: HTTP/1.1)
HTTP/1.1 200 OK
content-type: application/json; charset=utf-8
cache-control: no-cache
content-length: 88
date: Thu, 25 Jun 2020 12:50:18 GMT

15:50:18.292 [AsyncHttpClient-3-1] DEBUG o.a.netty.channel.ChannelManager - Adding key: http://localhost:10889 for channel [id: 0x7c68b8df, L:/127.0.0.1:64390 - R:localhost/127.0.0.1:10889]
15:50:18.293 [Forwarding getElementText on session 14f61660-7bcc-4279-b6a3-7163a94e0626 to remote] DEBUG o.a.netty.request.NettyRequestSender - Using pooled Channel '[id: 0x7c68b8df, L:/127.0.0.1:64390 - R:localhost/127.0.0.1:10889]' for 'GET' to 'http://localhost:10889/session/14f61660-7bcc-4279-b6a3-7163a94e0626/element/3169fe8b-3977-4a3e-afcf-5d877d5a7eb2/text'
15:50:18.293 [Forwarding getElementText on session 14f61660-7bcc-4279-b6a3-7163a94e0626 to remote] DEBUG o.a.netty.request.NettyRequestSender - Using open Channel [id: 0x7c68b8df, L:/127.0.0.1:64390 - R:localhost/127.0.0.1:10889] for GET '/session/14f61660-7bcc-4279-b6a3-7163a94e0626/element/3169fe8b-3977-4a3e-afcf-5d877d5a7eb2/text'
15:50:18.298 [AsyncHttpClient-3-1] DEBUG o.a.netty.handler.HttpHandler - 

Request DefaultFullHttpRequest(decodeResult: success, version: HTTP/1.1, content: EmptyByteBufBE)
GET /session/14f61660-7bcc-4279-b6a3-7163a94e0626/element/3169fe8b-3977-4a3e-afcf-5d877d5a7eb2/text HTTP/1.1
User-Agent: selenium/4.0.0-alpha-5 (java windows)
Cache-Control: no-cache
host: localhost:10889
accept: */*

Response DefaultHttpResponse(decodeResult: success, version: HTTP/1.1)
HTTP/1.1 200 OK
content-type: application/json; charset=utf-8
cache-control: no-cache
content-length: 45
date: Thu, 25 Jun 2020 12:50:18 GMT

15:50:18.298 [AsyncHttpClient-3-1] DEBUG o.a.netty.channel.ChannelManager - Adding key: http://localhost:10889 for channel [id: 0x7c68b8df, L:/127.0.0.1:64390 - R:localhost/127.0.0.1:10889]
15:50:18.298 [Forwarding findChildElement on session 14f61660-7bcc-4279-b6a3-7163a94e0626 to remote] DEBUG o.a.netty.request.NettyRequestSender - Using pooled Channel '[id: 0x7c68b8df, L:/127.0.0.1:64390 - R:localhost/127.0.0.1:10889]' for 'POST' to 'http://localhost:10889/session/14f61660-7bcc-4279-b6a3-7163a94e0626/element/5701a58a-e781-4926-a741-ea803f157120/element'
15:50:18.299 [Forwarding findChildElement on session 14f61660-7bcc-4279-b6a3-7163a94e0626 to remote] DEBUG o.a.netty.request.NettyRequestSender - Using open Channel [id: 0x7c68b8df, L:/127.0.0.1:64390 - R:localhost/127.0.0.1:10889] for POST '/session/14f61660-7bcc-4279-b6a3-7163a94e0626/element/5701a58a-e781-4926-a741-ea803f157120/element'
15:50:18.302 [AsyncHttpClient-3-1] DEBUG o.a.netty.handler.HttpHandler - 

Request DefaultHttpRequest(decodeResult: success, version: HTTP/1.1)
POST /session/14f61660-7bcc-4279-b6a3-7163a94e0626/element/5701a58a-e781-4926-a741-ea803f157120/element HTTP/1.1
User-Agent: selenium/4.0.0-alpha-5 (java windows)
Content-Length: 103
Content-Type: application/json; charset=utf-8
host: localhost:10889
accept: */*

Response DefaultHttpResponse(decodeResult: success, version: HTTP/1.1)
HTTP/1.1 200 OK
content-type: application/json; charset=utf-8
cache-control: no-cache
content-length: 88
date: Thu, 25 Jun 2020 12:50:18 GMT

15:50:18.302 [AsyncHttpClient-3-1] DEBUG o.a.netty.channel.ChannelManager - Adding key: http://localhost:10889 for channel [id: 0x7c68b8df, L:/127.0.0.1:64390 - R:localhost/127.0.0.1:10889]
15:50:18.302 [Forwarding getElementText on session 14f61660-7bcc-4279-b6a3-7163a94e0626 to remote] DEBUG o.a.netty.request.NettyRequestSender - Using pooled Channel '[id: 0x7c68b8df, L:/127.0.0.1:64390 - R:localhost/127.0.0.1:10889]' for 'GET' to 'http://localhost:10889/session/14f61660-7bcc-4279-b6a3-7163a94e0626/element/6ca9755c-25ed-4510-a8c4-05d56038c967/text'
15:50:18.303 [Forwarding getElementText on session 14f61660-7bcc-4279-b6a3-7163a94e0626 to remote] DEBUG o.a.netty.request.NettyRequestSender - Using open Channel [id: 0x7c68b8df, L:/127.0.0.1:64390 - R:localhost/127.0.0.1:10889] for GET '/session/14f61660-7bcc-4279-b6a3-7163a94e0626/element/6ca9755c-25ed-4510-a8c4-05d56038c967/text'
15:50:18.310 [AsyncHttpClient-3-1] DEBUG o.a.netty.handler.HttpHandler - 

Request DefaultFullHttpRequest(decodeResult: success, version: HTTP/1.1, content: EmptyByteBufBE)
GET /session/14f61660-7bcc-4279-b6a3-7163a94e0626/element/6ca9755c-25ed-4510-a8c4-05d56038c967/text HTTP/1.1
User-Agent: selenium/4.0.0-alpha-5 (java windows)
Cache-Control: no-cache
host: localhost:10889
accept: */*

Response DefaultHttpResponse(decodeResult: success, version: HTTP/1.1)
HTTP/1.1 200 OK
content-type: application/json; charset=utf-8
cache-control: no-cache
content-length: 57
date: Thu, 25 Jun 2020 12:50:18 GMT

15:50:18.310 [AsyncHttpClient-3-1] DEBUG o.a.netty.channel.ChannelManager - Adding key: http://localhost:10889 for channel [id: 0x7c68b8df, L:/127.0.0.1:64390 - R:localhost/127.0.0.1:10889]
15:50:18.310 [Forwarding findChildElement on session 14f61660-7bcc-4279-b6a3-7163a94e0626 to remote] DEBUG o.a.netty.request.NettyRequestSender - Using pooled Channel '[id: 0x7c68b8df, L:/127.0.0.1:64390 - R:localhost/127.0.0.1:10889]' for 'POST' to 'http://localhost:10889/session/14f61660-7bcc-4279-b6a3-7163a94e0626/element/5701a58a-e781-4926-a741-ea803f157120/element'
15:50:18.310 [Forwarding findChildElement on session 14f61660-7bcc-4279-b6a3-7163a94e0626 to remote] DEBUG o.a.netty.request.NettyRequestSender - Using open Channel [id: 0x7c68b8df, L:/127.0.0.1:64390 - R:localhost/127.0.0.1:10889] for POST '/session/14f61660-7bcc-4279-b6a3-7163a94e0626/element/5701a58a-e781-4926-a741-ea803f157120/element'
15:50:18.314 [AsyncHttpClient-3-1] DEBUG o.a.netty.handler.HttpHandler - 

Request DefaultHttpRequest(decodeResult: success, version: HTTP/1.1)
POST /session/14f61660-7bcc-4279-b6a3-7163a94e0626/element/5701a58a-e781-4926-a741-ea803f157120/element HTTP/1.1
User-Agent: selenium/4.0.0-alpha-5 (java windows)
Content-Length: 97
Content-Type: application/json; charset=utf-8
host: localhost:10889
accept: */*

Response DefaultHttpResponse(decodeResult: success, version: HTTP/1.1)
HTTP/1.1 200 OK
content-type: application/json; charset=utf-8
cache-control: no-cache
content-length: 88
date: Thu, 25 Jun 2020 12:50:18 GMT

15:50:18.315 [AsyncHttpClient-3-1] DEBUG o.a.netty.channel.ChannelManager - Adding key: http://localhost:10889 for channel [id: 0x7c68b8df, L:/127.0.0.1:64390 - R:localhost/127.0.0.1:10889]
15:50:18.319 [Forwarding getElementAttribute on session 14f61660-7bcc-4279-b6a3-7163a94e0626 to remote] DEBUG o.a.netty.request.NettyRequestSender - Using pooled Channel '[id: 0x7c68b8df, L:/127.0.0.1:64390 - R:localhost/127.0.0.1:10889]' for 'POST' to 'http://localhost:10889/session/14f61660-7bcc-4279-b6a3-7163a94e0626/execute/sync'
15:50:18.319 [Forwarding getElementAttribute on session 14f61660-7bcc-4279-b6a3-7163a94e0626 to remote] DEBUG o.a.netty.request.NettyRequestSender - Using open Channel [id: 0x7c68b8df, L:/127.0.0.1:64390 - R:localhost/127.0.0.1:10889] for POST '/session/14f61660-7bcc-4279-b6a3-7163a94e0626/execute/sync'
15:50:18.334 [AsyncHttpClient-3-1] DEBUG o.a.netty.handler.HttpHandler - 

Request DefaultHttpRequest(decodeResult: success, version: HTTP/1.1)
POST /session/14f61660-7bcc-4279-b6a3-7163a94e0626/execute/sync HTTP/1.1
User-Agent: selenium/4.0.0-alpha-5 (java windows)
Content-Length: 39635
Content-Type: application/json; charset=utf-8
host: localhost:10889
accept: */*

Response DefaultHttpResponse(decodeResult: success, version: HTTP/1.1)
HTTP/1.1 200 OK
content-type: application/json; charset=utf-8
cache-control: no-cache
content-length: 15
date: Thu, 25 Jun 2020 12:50:18 GMT

15:50:18.334 [AsyncHttpClient-3-1] DEBUG o.a.netty.channel.ChannelManager - Adding key: http://localhost:10889 for channel [id: 0x7c68b8df, L:/127.0.0.1:64390 - R:localhost/127.0.0.1:10889]
15:50:18.335 [Forwarding findChildElement on session 14f61660-7bcc-4279-b6a3-7163a94e0626 to remote] DEBUG o.a.netty.request.NettyRequestSender - Using pooled Channel '[id: 0x7c68b8df, L:/127.0.0.1:64390 - R:localhost/127.0.0.1:10889]' for 'POST' to 'http://localhost:10889/session/14f61660-7bcc-4279-b6a3-7163a94e0626/element/4461408f-435c-4de6-87c6-09de28eaee15/element'
15:50:18.335 [Forwarding findChildElement on session 14f61660-7bcc-4279-b6a3-7163a94e0626 to remote] DEBUG o.a.netty.request.NettyRequestSender - Using open Channel [id: 0x7c68b8df, L:/127.0.0.1:64390 - R:localhost/127.0.0.1:10889] for POST '/session/14f61660-7bcc-4279-b6a3-7163a94e0626/element/4461408f-435c-4de6-87c6-09de28eaee15/element'
15:50:18.340 [AsyncHttpClient-3-1] DEBUG o.a.netty.handler.HttpHandler - 

Request DefaultHttpRequest(decodeResult: success, version: HTTP/1.1)
POST /session/14f61660-7bcc-4279-b6a3-7163a94e0626/element/4461408f-435c-4de6-87c6-09de28eaee15/element HTTP/1.1
User-Agent: selenium/4.0.0-alpha-5 (java windows)
Content-Length: 103
Content-Type: application/json; charset=utf-8
host: localhost:10889
accept: */*

Response DefaultHttpResponse(decodeResult: success, version: HTTP/1.1)
HTTP/1.1 200 OK
content-type: application/json; charset=utf-8
cache-control: no-cache
content-length: 88
date: Thu, 25 Jun 2020 12:50:18 GMT

15:50:18.340 [AsyncHttpClient-3-1] DEBUG o.a.netty.channel.ChannelManager - Adding key: http://localhost:10889 for channel [id: 0x7c68b8df, L:/127.0.0.1:64390 - R:localhost/127.0.0.1:10889]
15:50:18.340 [Forwarding getElementText on session 14f61660-7bcc-4279-b6a3-7163a94e0626 to remote] DEBUG o.a.netty.request.NettyRequestSender - Using pooled Channel '[id: 0x7c68b8df, L:/127.0.0.1:64390 - R:localhost/127.0.0.1:10889]' for 'GET' to 'http://localhost:10889/session/14f61660-7bcc-4279-b6a3-7163a94e0626/element/226e655d-f4ec-4035-ae75-42969d15f533/text'
15:50:18.340 [Forwarding getElementText on session 14f61660-7bcc-4279-b6a3-7163a94e0626 to remote] DEBUG o.a.netty.request.NettyRequestSender - Using open Channel [id: 0x7c68b8df, L:/127.0.0.1:64390 - R:localhost/127.0.0.1:10889] for GET '/session/14f61660-7bcc-4279-b6a3-7163a94e0626/element/226e655d-f4ec-4035-ae75-42969d15f533/text'
15:50:18.347 [AsyncHttpClient-3-1] DEBUG o.a.netty.handler.HttpHandler - 

Request DefaultFullHttpRequest(decodeResult: success, version: HTTP/1.1, content: EmptyByteBufBE)
GET /session/14f61660-7bcc-4279-b6a3-7163a94e0626/element/226e655d-f4ec-4035-ae75-42969d15f533/text HTTP/1.1
User-Agent: selenium/4.0.0-alpha-5 (java windows)
Cache-Control: no-cache
host: localhost:10889
accept: */*

Response DefaultHttpResponse(decodeResult: success, version: HTTP/1.1)
HTTP/1.1 200 OK
content-type: application/json; charset=utf-8
cache-control: no-cache
content-length: 18
date: Thu, 25 Jun 2020 12:50:18 GMT

15:50:18.348 [AsyncHttpClient-3-1] DEBUG o.a.netty.channel.ChannelManager - Adding key: http://localhost:10889 for channel [id: 0x7c68b8df, L:/127.0.0.1:64390 - R:localhost/127.0.0.1:10889]
15:50:18.348 [Forwarding findChildElement on session 14f61660-7bcc-4279-b6a3-7163a94e0626 to remote] DEBUG o.a.netty.request.NettyRequestSender - Using pooled Channel '[id: 0x7c68b8df, L:/127.0.0.1:64390 - R:localhost/127.0.0.1:10889]' for 'POST' to 'http://localhost:10889/session/14f61660-7bcc-4279-b6a3-7163a94e0626/element/4461408f-435c-4de6-87c6-09de28eaee15/element'
15:50:18.349 [Forwarding findChildElement on session 14f61660-7bcc-4279-b6a3-7163a94e0626 to remote] DEBUG o.a.netty.request.NettyRequestSender - Using open Channel [id: 0x7c68b8df, L:/127.0.0.1:64390 - R:localhost/127.0.0.1:10889] for POST '/session/14f61660-7bcc-4279-b6a3-7163a94e0626/element/4461408f-435c-4de6-87c6-09de28eaee15/element'
15:50:18.352 [AsyncHttpClient-3-1] DEBUG o.a.netty.handler.HttpHandler - 

Request DefaultHttpRequest(decodeResult: success, version: HTTP/1.1)
POST /session/14f61660-7bcc-4279-b6a3-7163a94e0626/element/4461408f-435c-4de6-87c6-09de28eaee15/element HTTP/1.1
User-Agent: selenium/4.0.0-alpha-5 (java windows)
Content-Length: 103
Content-Type: application/json; charset=utf-8
host: localhost:10889
accept: */*

Response DefaultHttpResponse(decodeResult: success, version: HTTP/1.1)
HTTP/1.1 200 OK
content-type: application/json; charset=utf-8
cache-control: no-cache
content-length: 88
date: Thu, 25 Jun 2020 12:50:18 GMT

15:50:18.352 [AsyncHttpClient-3-1] DEBUG o.a.netty.channel.ChannelManager - Adding key: http://localhost:10889 for channel [id: 0x7c68b8df, L:/127.0.0.1:64390 - R:localhost/127.0.0.1:10889]
15:50:18.353 [Forwarding getElementText on session 14f61660-7bcc-4279-b6a3-7163a94e0626 to remote] DEBUG o.a.netty.request.NettyRequestSender - Using pooled Channel '[id: 0x7c68b8df, L:/127.0.0.1:64390 - R:localhost/127.0.0.1:10889]' for 'GET' to 'http://localhost:10889/session/14f61660-7bcc-4279-b6a3-7163a94e0626/element/89bc4a42-ce0d-4e8a-99b2-9a9ec833bbcb/text'
15:50:18.353 [Forwarding getElementText on session 14f61660-7bcc-4279-b6a3-7163a94e0626 to remote] DEBUG o.a.netty.request.NettyRequestSender - Using open Channel [id: 0x7c68b8df, L:/127.0.0.1:64390 - R:localhost/127.0.0.1:10889] for GET '/session/14f61660-7bcc-4279-b6a3-7163a94e0626/element/89bc4a42-ce0d-4e8a-99b2-9a9ec833bbcb/text'
15:50:18.357 [AsyncHttpClient-3-1] DEBUG o.a.netty.handler.HttpHandler - 

Request DefaultFullHttpRequest(decodeResult: success, version: HTTP/1.1, content: EmptyByteBufBE)
GET /session/14f61660-7bcc-4279-b6a3-7163a94e0626/element/89bc4a42-ce0d-4e8a-99b2-9a9ec833bbcb/text HTTP/1.1
User-Agent: selenium/4.0.0-alpha-5 (java windows)
Cache-Control: no-cache
host: localhost:10889
accept: */*

Response DefaultHttpResponse(decodeResult: success, version: HTTP/1.1)
HTTP/1.1 200 OK
content-type: application/json; charset=utf-8
cache-control: no-cache
content-length: 22
date: Thu, 25 Jun 2020 12:50:18 GMT

15:50:18.357 [AsyncHttpClient-3-1] DEBUG o.a.netty.channel.ChannelManager - Adding key: http://localhost:10889 for channel [id: 0x7c68b8df, L:/127.0.0.1:64390 - R:localhost/127.0.0.1:10889]
15:50:18.358 [Forwarding findChildElement on session 14f61660-7bcc-4279-b6a3-7163a94e0626 to remote] DEBUG o.a.netty.request.NettyRequestSender - Using pooled Channel '[id: 0x7c68b8df, L:/127.0.0.1:64390 - R:localhost/127.0.0.1:10889]' for 'POST' to 'http://localhost:10889/session/14f61660-7bcc-4279-b6a3-7163a94e0626/element/4461408f-435c-4de6-87c6-09de28eaee15/element'
15:50:18.358 [Forwarding findChildElement on session 14f61660-7bcc-4279-b6a3-7163a94e0626 to remote] DEBUG o.a.netty.request.NettyRequestSender - Using open Channel [id: 0x7c68b8df, L:/127.0.0.1:64390 - R:localhost/127.0.0.1:10889] for POST '/session/14f61660-7bcc-4279-b6a3-7163a94e0626/element/4461408f-435c-4de6-87c6-09de28eaee15/element'
15:50:18.361 [AsyncHttpClient-3-1] DEBUG o.a.netty.handler.HttpHandler - 

Request DefaultHttpRequest(decodeResult: success, version: HTTP/1.1)
POST /session/14f61660-7bcc-4279-b6a3-7163a94e0626/element/4461408f-435c-4de6-87c6-09de28eaee15/element HTTP/1.1
User-Agent: selenium/4.0.0-alpha-5 (java windows)
Content-Length: 103
Content-Type: application/json; charset=utf-8
host: localhost:10889
accept: */*

Response DefaultHttpResponse(decodeResult: success, version: HTTP/1.1)
HTTP/1.1 200 OK
content-type: application/json; charset=utf-8
cache-control: no-cache
content-length: 88
date: Thu, 25 Jun 2020 12:50:18 GMT

15:50:18.361 [AsyncHttpClient-3-1] DEBUG o.a.netty.channel.ChannelManager - Adding key: http://localhost:10889 for channel [id: 0x7c68b8df, L:/127.0.0.1:64390 - R:localhost/127.0.0.1:10889]
15:50:18.362 [Forwarding getElementText on session 14f61660-7bcc-4279-b6a3-7163a94e0626 to remote] DEBUG o.a.netty.request.NettyRequestSender - Using pooled Channel '[id: 0x7c68b8df, L:/127.0.0.1:64390 - R:localhost/127.0.0.1:10889]' for 'GET' to 'http://localhost:10889/session/14f61660-7bcc-4279-b6a3-7163a94e0626/element/cf2965a7-2e0a-4008-bc28-6488dd15420c/text'
15:50:18.362 [Forwarding getElementText on session 14f61660-7bcc-4279-b6a3-7163a94e0626 to remote] DEBUG o.a.netty.request.NettyRequestSender - Using open Channel [id: 0x7c68b8df, L:/127.0.0.1:64390 - R:localhost/127.0.0.1:10889] for GET '/session/14f61660-7bcc-4279-b6a3-7163a94e0626/element/cf2965a7-2e0a-4008-bc28-6488dd15420c/text'
15:50:18.365 [AsyncHttpClient-3-1] DEBUG o.a.netty.handler.HttpHandler - 

Request DefaultFullHttpRequest(decodeResult: success, version: HTTP/1.1, content: EmptyByteBufBE)
GET /session/14f61660-7bcc-4279-b6a3-7163a94e0626/element/cf2965a7-2e0a-4008-bc28-6488dd15420c/text HTTP/1.1
User-Agent: selenium/4.0.0-alpha-5 (java windows)
Cache-Control: no-cache
host: localhost:10889
accept: */*

Response DefaultHttpResponse(decodeResult: success, version: HTTP/1.1)
HTTP/1.1 200 OK
content-type: application/json; charset=utf-8
cache-control: no-cache
content-length: 21
date: Thu, 25 Jun 2020 12:50:18 GMT

15:50:18.366 [AsyncHttpClient-3-1] DEBUG o.a.netty.channel.ChannelManager - Adding key: http://localhost:10889 for channel [id: 0x7c68b8df, L:/127.0.0.1:64390 - R:localhost/127.0.0.1:10889]
15:50:18.366 [Forwarding findChildElement on session 14f61660-7bcc-4279-b6a3-7163a94e0626 to remote] DEBUG o.a.netty.request.NettyRequestSender - Using pooled Channel '[id: 0x7c68b8df, L:/127.0.0.1:64390 - R:localhost/127.0.0.1:10889]' for 'POST' to 'http://localhost:10889/session/14f61660-7bcc-4279-b6a3-7163a94e0626/element/4461408f-435c-4de6-87c6-09de28eaee15/element'
15:50:18.366 [Forwarding findChildElement on session 14f61660-7bcc-4279-b6a3-7163a94e0626 to remote] DEBUG o.a.netty.request.NettyRequestSender - Using open Channel [id: 0x7c68b8df, L:/127.0.0.1:64390 - R:localhost/127.0.0.1:10889] for POST '/session/14f61660-7bcc-4279-b6a3-7163a94e0626/element/4461408f-435c-4de6-87c6-09de28eaee15/element'
15:50:18.370 [AsyncHttpClient-3-1] DEBUG o.a.netty.handler.HttpHandler - 

Request DefaultHttpRequest(decodeResult: success, version: HTTP/1.1)
POST /session/14f61660-7bcc-4279-b6a3-7163a94e0626/element/4461408f-435c-4de6-87c6-09de28eaee15/element HTTP/1.1
User-Agent: selenium/4.0.0-alpha-5 (java windows)
Content-Length: 103
Content-Type: application/json; charset=utf-8
host: localhost:10889
accept: */*

Response DefaultHttpResponse(decodeResult: success, version: HTTP/1.1)
HTTP/1.1 200 OK
content-type: application/json; charset=utf-8
cache-control: no-cache
content-length: 88
date: Thu, 25 Jun 2020 12:50:18 GMT

15:50:18.370 [AsyncHttpClient-3-1] DEBUG o.a.netty.channel.ChannelManager - Adding key: http://localhost:10889 for channel [id: 0x7c68b8df, L:/127.0.0.1:64390 - R:localhost/127.0.0.1:10889]
15:50:18.370 [Forwarding getElementText on session 14f61660-7bcc-4279-b6a3-7163a94e0626 to remote] DEBUG o.a.netty.request.NettyRequestSender - Using pooled Channel '[id: 0x7c68b8df, L:/127.0.0.1:64390 - R:localhost/127.0.0.1:10889]' for 'GET' to 'http://localhost:10889/session/14f61660-7bcc-4279-b6a3-7163a94e0626/element/358848cb-342f-4223-8105-1ab0e59bbe11/text'
15:50:18.370 [Forwarding getElementText on session 14f61660-7bcc-4279-b6a3-7163a94e0626 to remote] DEBUG o.a.netty.request.NettyRequestSender - Using open Channel [id: 0x7c68b8df, L:/127.0.0.1:64390 - R:localhost/127.0.0.1:10889] for GET '/session/14f61660-7bcc-4279-b6a3-7163a94e0626/element/358848cb-342f-4223-8105-1ab0e59bbe11/text'
15:50:18.375 [AsyncHttpClient-3-1] DEBUG o.a.netty.handler.HttpHandler - 

Request DefaultFullHttpRequest(decodeResult: success, version: HTTP/1.1, content: EmptyByteBufBE)
GET /session/14f61660-7bcc-4279-b6a3-7163a94e0626/element/358848cb-342f-4223-8105-1ab0e59bbe11/text HTTP/1.1
User-Agent: selenium/4.0.0-alpha-5 (java windows)
Cache-Control: no-cache
host: localhost:10889
accept: */*

Response DefaultHttpResponse(decodeResult: success, version: HTTP/1.1)
HTTP/1.1 200 OK
content-type: application/json; charset=utf-8
cache-control: no-cache
content-length: 45
date: Thu, 25 Jun 2020 12:50:18 GMT

15:50:18.375 [AsyncHttpClient-3-1] DEBUG o.a.netty.channel.ChannelManager - Adding key: http://localhost:10889 for channel [id: 0x7c68b8df, L:/127.0.0.1:64390 - R:localhost/127.0.0.1:10889]
15:50:18.376 [Forwarding findChildElement on session 14f61660-7bcc-4279-b6a3-7163a94e0626 to remote] DEBUG o.a.netty.request.NettyRequestSender - Using pooled Channel '[id: 0x7c68b8df, L:/127.0.0.1:64390 - R:localhost/127.0.0.1:10889]' for 'POST' to 'http://localhost:10889/session/14f61660-7bcc-4279-b6a3-7163a94e0626/element/4461408f-435c-4de6-87c6-09de28eaee15/element'
15:50:18.376 [Forwarding findChildElement on session 14f61660-7bcc-4279-b6a3-7163a94e0626 to remote] DEBUG o.a.netty.request.NettyRequestSender - Using open Channel [id: 0x7c68b8df, L:/127.0.0.1:64390 - R:localhost/127.0.0.1:10889] for POST '/session/14f61660-7bcc-4279-b6a3-7163a94e0626/element/4461408f-435c-4de6-87c6-09de28eaee15/element'
15:50:18.380 [AsyncHttpClient-3-1] DEBUG o.a.netty.handler.HttpHandler - 

Request DefaultHttpRequest(decodeResult: success, version: HTTP/1.1)
POST /session/14f61660-7bcc-4279-b6a3-7163a94e0626/element/4461408f-435c-4de6-87c6-09de28eaee15/element HTTP/1.1
User-Agent: selenium/4.0.0-alpha-5 (java windows)
Content-Length: 103
Content-Type: application/json; charset=utf-8
host: localhost:10889
accept: */*

Response DefaultHttpResponse(decodeResult: success, version: HTTP/1.1)
HTTP/1.1 200 OK
content-type: application/json; charset=utf-8
cache-control: no-cache
content-length: 88
date: Thu, 25 Jun 2020 12:50:18 GMT

15:50:18.381 [AsyncHttpClient-3-1] DEBUG o.a.netty.channel.ChannelManager - Adding key: http://localhost:10889 for channel [id: 0x7c68b8df, L:/127.0.0.1:64390 - R:localhost/127.0.0.1:10889]
15:50:18.381 [Forwarding getElementText on session 14f61660-7bcc-4279-b6a3-7163a94e0626 to remote] DEBUG o.a.netty.request.NettyRequestSender - Using pooled Channel '[id: 0x7c68b8df, L:/127.0.0.1:64390 - R:localhost/127.0.0.1:10889]' for 'GET' to 'http://localhost:10889/session/14f61660-7bcc-4279-b6a3-7163a94e0626/element/67cf29a6-96ec-4a4b-8f71-1af5d715b187/text'
15:50:18.381 [Forwarding getElementText on session 14f61660-7bcc-4279-b6a3-7163a94e0626 to remote] DEBUG o.a.netty.request.NettyRequestSender - Using open Channel [id: 0x7c68b8df, L:/127.0.0.1:64390 - R:localhost/127.0.0.1:10889] for GET '/session/14f61660-7bcc-4279-b6a3-7163a94e0626/element/67cf29a6-96ec-4a4b-8f71-1af5d715b187/text'
15:50:18.391 [AsyncHttpClient-3-1] DEBUG o.a.netty.handler.HttpHandler - 

Request DefaultFullHttpRequest(decodeResult: success, version: HTTP/1.1, content: EmptyByteBufBE)
GET /session/14f61660-7bcc-4279-b6a3-7163a94e0626/element/67cf29a6-96ec-4a4b-8f71-1af5d715b187/text HTTP/1.1
User-Agent: selenium/4.0.0-alpha-5 (java windows)
Cache-Control: no-cache
host: localhost:10889
accept: */*

Response DefaultHttpResponse(decodeResult: success, version: HTTP/1.1)
HTTP/1.1 200 OK
content-type: application/json; charset=utf-8
cache-control: no-cache
content-length: 57
date: Thu, 25 Jun 2020 12:50:18 GMT

15:50:18.391 [AsyncHttpClient-3-1] DEBUG o.a.netty.channel.ChannelManager - Adding key: http://localhost:10889 for channel [id: 0x7c68b8df, L:/127.0.0.1:64390 - R:localhost/127.0.0.1:10889]
15:50:18.392 [Forwarding findChildElement on session 14f61660-7bcc-4279-b6a3-7163a94e0626 to remote] DEBUG o.a.netty.request.NettyRequestSender - Using pooled Channel '[id: 0x7c68b8df, L:/127.0.0.1:64390 - R:localhost/127.0.0.1:10889]' for 'POST' to 'http://localhost:10889/session/14f61660-7bcc-4279-b6a3-7163a94e0626/element/4461408f-435c-4de6-87c6-09de28eaee15/element'
15:50:18.392 [Forwarding findChildElement on session 14f61660-7bcc-4279-b6a3-7163a94e0626 to remote] DEBUG o.a.netty.request.NettyRequestSender - Using open Channel [id: 0x7c68b8df, L:/127.0.0.1:64390 - R:localhost/127.0.0.1:10889] for POST '/session/14f61660-7bcc-4279-b6a3-7163a94e0626/element/4461408f-435c-4de6-87c6-09de28eaee15/element'
15:50:18.396 [AsyncHttpClient-3-1] DEBUG o.a.netty.handler.HttpHandler - 

Request DefaultHttpRequest(decodeResult: success, version: HTTP/1.1)
POST /session/14f61660-7bcc-4279-b6a3-7163a94e0626/element/4461408f-435c-4de6-87c6-09de28eaee15/element HTTP/1.1
User-Agent: selenium/4.0.0-alpha-5 (java windows)
Content-Length: 97
Content-Type: application/json; charset=utf-8
host: localhost:10889
accept: */*

Response DefaultHttpResponse(decodeResult: success, version: HTTP/1.1)
HTTP/1.1 200 OK
content-type: application/json; charset=utf-8
cache-control: no-cache
content-length: 88
date: Thu, 25 Jun 2020 12:50:18 GMT

15:50:18.396 [AsyncHttpClient-3-1] DEBUG o.a.netty.channel.ChannelManager - Adding key: http://localhost:10889 for channel [id: 0x7c68b8df, L:/127.0.0.1:64390 - R:localhost/127.0.0.1:10889]
15:50:18.398 [Forwarding getElementAttribute on session 14f61660-7bcc-4279-b6a3-7163a94e0626 to remote] DEBUG o.a.netty.request.NettyRequestSender - Using pooled Channel '[id: 0x7c68b8df, L:/127.0.0.1:64390 - R:localhost/127.0.0.1:10889]' for 'POST' to 'http://localhost:10889/session/14f61660-7bcc-4279-b6a3-7163a94e0626/execute/sync'
15:50:18.399 [Forwarding getElementAttribute on session 14f61660-7bcc-4279-b6a3-7163a94e0626 to remote] DEBUG o.a.netty.request.NettyRequestSender - Using open Channel [id: 0x7c68b8df, L:/127.0.0.1:64390 - R:localhost/127.0.0.1:10889] for POST '/session/14f61660-7bcc-4279-b6a3-7163a94e0626/execute/sync'
15:50:18.412 [AsyncHttpClient-3-1] DEBUG o.a.netty.handler.HttpHandler - 

Request DefaultHttpRequest(decodeResult: success, version: HTTP/1.1)
POST /session/14f61660-7bcc-4279-b6a3-7163a94e0626/execute/sync HTTP/1.1
User-Agent: selenium/4.0.0-alpha-5 (java windows)
Content-Length: 39635
Content-Type: application/json; charset=utf-8
host: localhost:10889
accept: */*

Response DefaultHttpResponse(decodeResult: success, version: HTTP/1.1)
HTTP/1.1 200 OK
content-type: application/json; charset=utf-8
cache-control: no-cache
content-length: 15
date: Thu, 25 Jun 2020 12:50:18 GMT

15:50:18.412 [AsyncHttpClient-3-1] DEBUG o.a.netty.channel.ChannelManager - Adding key: http://localhost:10889 for channel [id: 0x7c68b8df, L:/127.0.0.1:64390 - R:localhost/127.0.0.1:10889]
15:50:18.413 [Forwarding findChildElement on session 14f61660-7bcc-4279-b6a3-7163a94e0626 to remote] DEBUG o.a.netty.request.NettyRequestSender - Using pooled Channel '[id: 0x7c68b8df, L:/127.0.0.1:64390 - R:localhost/127.0.0.1:10889]' for 'POST' to 'http://localhost:10889/session/14f61660-7bcc-4279-b6a3-7163a94e0626/element/2a33dd32-8f25-4899-9a20-d3f534218346/element'
15:50:18.413 [Forwarding findChildElement on session 14f61660-7bcc-4279-b6a3-7163a94e0626 to remote] DEBUG o.a.netty.request.NettyRequestSender - Using open Channel [id: 0x7c68b8df, L:/127.0.0.1:64390 - R:localhost/127.0.0.1:10889] for POST '/session/14f61660-7bcc-4279-b6a3-7163a94e0626/element/2a33dd32-8f25-4899-9a20-d3f534218346/element'
15:50:18.417 [AsyncHttpClient-3-1] DEBUG o.a.netty.handler.HttpHandler - 

Request DefaultHttpRequest(decodeResult: success, version: HTTP/1.1)
POST /session/14f61660-7bcc-4279-b6a3-7163a94e0626/element/2a33dd32-8f25-4899-9a20-d3f534218346/element HTTP/1.1
User-Agent: selenium/4.0.0-alpha-5 (java windows)
Content-Length: 103
Content-Type: application/json; charset=utf-8
host: localhost:10889
accept: */*

Response DefaultHttpResponse(decodeResult: success, version: HTTP/1.1)
HTTP/1.1 200 OK
content-type: application/json; charset=utf-8
cache-control: no-cache
content-length: 88
date: Thu, 25 Jun 2020 12:50:18 GMT

15:50:18.417 [AsyncHttpClient-3-1] DEBUG o.a.netty.channel.ChannelManager - Adding key: http://localhost:10889 for channel [id: 0x7c68b8df, L:/127.0.0.1:64390 - R:localhost/127.0.0.1:10889]
15:50:18.418 [Forwarding getElementText on session 14f61660-7bcc-4279-b6a3-7163a94e0626 to remote] DEBUG o.a.netty.request.NettyRequestSender - Using pooled Channel '[id: 0x7c68b8df, L:/127.0.0.1:64390 - R:localhost/127.0.0.1:10889]' for 'GET' to 'http://localhost:10889/session/14f61660-7bcc-4279-b6a3-7163a94e0626/element/27fc0cce-14a4-431b-a253-fc5bba4369aa/text'
15:50:18.418 [Forwarding getElementText on session 14f61660-7bcc-4279-b6a3-7163a94e0626 to remote] DEBUG o.a.netty.request.NettyRequestSender - Using open Channel [id: 0x7c68b8df, L:/127.0.0.1:64390 - R:localhost/127.0.0.1:10889] for GET '/session/14f61660-7bcc-4279-b6a3-7163a94e0626/element/27fc0cce-14a4-431b-a253-fc5bba4369aa/text'
15:50:18.422 [AsyncHttpClient-3-1] DEBUG o.a.netty.handler.HttpHandler - 

Request DefaultFullHttpRequest(decodeResult: success, version: HTTP/1.1, content: EmptyByteBufBE)
GET /session/14f61660-7bcc-4279-b6a3-7163a94e0626/element/27fc0cce-14a4-431b-a253-fc5bba4369aa/text HTTP/1.1
User-Agent: selenium/4.0.0-alpha-5 (java windows)
Cache-Control: no-cache
host: localhost:10889
accept: */*

Response DefaultHttpResponse(decodeResult: success, version: HTTP/1.1)
HTTP/1.1 200 OK
content-type: application/json; charset=utf-8
cache-control: no-cache
content-length: 18
date: Thu, 25 Jun 2020 12:50:18 GMT

15:50:18.422 [AsyncHttpClient-3-1] DEBUG o.a.netty.channel.ChannelManager - Adding key: http://localhost:10889 for channel [id: 0x7c68b8df, L:/127.0.0.1:64390 - R:localhost/127.0.0.1:10889]
15:50:18.423 [Forwarding findChildElement on session 14f61660-7bcc-4279-b6a3-7163a94e0626 to remote] DEBUG o.a.netty.request.NettyRequestSender - Using pooled Channel '[id: 0x7c68b8df, L:/127.0.0.1:64390 - R:localhost/127.0.0.1:10889]' for 'POST' to 'http://localhost:10889/session/14f61660-7bcc-4279-b6a3-7163a94e0626/element/2a33dd32-8f25-4899-9a20-d3f534218346/element'
15:50:18.423 [Forwarding findChildElement on session 14f61660-7bcc-4279-b6a3-7163a94e0626 to remote] DEBUG o.a.netty.request.NettyRequestSender - Using open Channel [id: 0x7c68b8df, L:/127.0.0.1:64390 - R:localhost/127.0.0.1:10889] for POST '/session/14f61660-7bcc-4279-b6a3-7163a94e0626/element/2a33dd32-8f25-4899-9a20-d3f534218346/element'
15:50:18.427 [AsyncHttpClient-3-1] DEBUG o.a.netty.handler.HttpHandler - 

Request DefaultHttpRequest(decodeResult: success, version: HTTP/1.1)
POST /session/14f61660-7bcc-4279-b6a3-7163a94e0626/element/2a33dd32-8f25-4899-9a20-d3f534218346/element HTTP/1.1
User-Agent: selenium/4.0.0-alpha-5 (java windows)
Content-Length: 103
Content-Type: application/json; charset=utf-8
host: localhost:10889
accept: */*

Response DefaultHttpResponse(decodeResult: success, version: HTTP/1.1)
HTTP/1.1 200 OK
content-type: application/json; charset=utf-8
cache-control: no-cache
content-length: 88
date: Thu, 25 Jun 2020 12:50:18 GMT

15:50:18.427 [AsyncHttpClient-3-1] DEBUG o.a.netty.channel.ChannelManager - Adding key: http://localhost:10889 for channel [id: 0x7c68b8df, L:/127.0.0.1:64390 - R:localhost/127.0.0.1:10889]
15:50:18.428 [Forwarding getElementText on session 14f61660-7bcc-4279-b6a3-7163a94e0626 to remote] DEBUG o.a.netty.request.NettyRequestSender - Using pooled Channel '[id: 0x7c68b8df, L:/127.0.0.1:64390 - R:localhost/127.0.0.1:10889]' for 'GET' to 'http://localhost:10889/session/14f61660-7bcc-4279-b6a3-7163a94e0626/element/1302d0e7-ff8f-4018-8ee9-324d27fc87cc/text'
15:50:18.428 [Forwarding getElementText on session 14f61660-7bcc-4279-b6a3-7163a94e0626 to remote] DEBUG o.a.netty.request.NettyRequestSender - Using open Channel [id: 0x7c68b8df, L:/127.0.0.1:64390 - R:localhost/127.0.0.1:10889] for GET '/session/14f61660-7bcc-4279-b6a3-7163a94e0626/element/1302d0e7-ff8f-4018-8ee9-324d27fc87cc/text'
15:50:18.433 [AsyncHttpClient-3-1] DEBUG o.a.netty.handler.HttpHandler - 

Request DefaultFullHttpRequest(decodeResult: success, version: HTTP/1.1, content: EmptyByteBufBE)
GET /session/14f61660-7bcc-4279-b6a3-7163a94e0626/element/1302d0e7-ff8f-4018-8ee9-324d27fc87cc/text HTTP/1.1
User-Agent: selenium/4.0.0-alpha-5 (java windows)
Cache-Control: no-cache
host: localhost:10889
accept: */*

Response DefaultHttpResponse(decodeResult: success, version: HTTP/1.1)
HTTP/1.1 200 OK
content-type: application/json; charset=utf-8
cache-control: no-cache
content-length: 22
date: Thu, 25 Jun 2020 12:50:18 GMT

15:50:18.433 [AsyncHttpClient-3-1] DEBUG o.a.netty.channel.ChannelManager - Adding key: http://localhost:10889 for channel [id: 0x7c68b8df, L:/127.0.0.1:64390 - R:localhost/127.0.0.1:10889]
15:50:18.434 [Forwarding findChildElement on session 14f61660-7bcc-4279-b6a3-7163a94e0626 to remote] DEBUG o.a.netty.request.NettyRequestSender - Using pooled Channel '[id: 0x7c68b8df, L:/127.0.0.1:64390 - R:localhost/127.0.0.1:10889]' for 'POST' to 'http://localhost:10889/session/14f61660-7bcc-4279-b6a3-7163a94e0626/element/2a33dd32-8f25-4899-9a20-d3f534218346/element'
15:50:18.434 [Forwarding findChildElement on session 14f61660-7bcc-4279-b6a3-7163a94e0626 to remote] DEBUG o.a.netty.request.NettyRequestSender - Using open Channel [id: 0x7c68b8df, L:/127.0.0.1:64390 - R:localhost/127.0.0.1:10889] for POST '/session/14f61660-7bcc-4279-b6a3-7163a94e0626/element/2a33dd32-8f25-4899-9a20-d3f534218346/element'
15:50:18.439 [AsyncHttpClient-3-1] DEBUG o.a.netty.handler.HttpHandler - 

Request DefaultHttpRequest(decodeResult: success, version: HTTP/1.1)
POST /session/14f61660-7bcc-4279-b6a3-7163a94e0626/element/2a33dd32-8f25-4899-9a20-d3f534218346/element HTTP/1.1
User-Agent: selenium/4.0.0-alpha-5 (java windows)
Content-Length: 103
Content-Type: application/json; charset=utf-8
host: localhost:10889
accept: */*

Response DefaultHttpResponse(decodeResult: success, version: HTTP/1.1)
HTTP/1.1 200 OK
content-type: application/json; charset=utf-8
cache-control: no-cache
content-length: 88
date: Thu, 25 Jun 2020 12:50:18 GMT

15:50:18.439 [AsyncHttpClient-3-1] DEBUG o.a.netty.channel.ChannelManager - Adding key: http://localhost:10889 for channel [id: 0x7c68b8df, L:/127.0.0.1:64390 - R:localhost/127.0.0.1:10889]
15:50:18.439 [Forwarding getElementText on session 14f61660-7bcc-4279-b6a3-7163a94e0626 to remote] DEBUG o.a.netty.request.NettyRequestSender - Using pooled Channel '[id: 0x7c68b8df, L:/127.0.0.1:64390 - R:localhost/127.0.0.1:10889]' for 'GET' to 'http://localhost:10889/session/14f61660-7bcc-4279-b6a3-7163a94e0626/element/384f564b-6055-4f5b-8e4e-f9456d53f783/text'
15:50:18.439 [Forwarding getElementText on session 14f61660-7bcc-4279-b6a3-7163a94e0626 to remote] DEBUG o.a.netty.request.NettyRequestSender - Using open Channel [id: 0x7c68b8df, L:/127.0.0.1:64390 - R:localhost/127.0.0.1:10889] for GET '/session/14f61660-7bcc-4279-b6a3-7163a94e0626/element/384f564b-6055-4f5b-8e4e-f9456d53f783/text'
15:50:18.446 [AsyncHttpClient-3-1] DEBUG o.a.netty.handler.HttpHandler - 

Request DefaultFullHttpRequest(decodeResult: success, version: HTTP/1.1, content: EmptyByteBufBE)
GET /session/14f61660-7bcc-4279-b6a3-7163a94e0626/element/384f564b-6055-4f5b-8e4e-f9456d53f783/text HTTP/1.1
User-Agent: selenium/4.0.0-alpha-5 (java windows)
Cache-Control: no-cache
host: localhost:10889
accept: */*

Response DefaultHttpResponse(decodeResult: success, version: HTTP/1.1)
HTTP/1.1 200 OK
content-type: application/json; charset=utf-8
cache-control: no-cache
content-length: 21
date: Thu, 25 Jun 2020 12:50:18 GMT

15:50:18.446 [AsyncHttpClient-3-1] DEBUG o.a.netty.channel.ChannelManager - Adding key: http://localhost:10889 for channel [id: 0x7c68b8df, L:/127.0.0.1:64390 - R:localhost/127.0.0.1:10889]
15:50:18.447 [Forwarding findChildElement on session 14f61660-7bcc-4279-b6a3-7163a94e0626 to remote] DEBUG o.a.netty.request.NettyRequestSender - Using pooled Channel '[id: 0x7c68b8df, L:/127.0.0.1:64390 - R:localhost/127.0.0.1:10889]' for 'POST' to 'http://localhost:10889/session/14f61660-7bcc-4279-b6a3-7163a94e0626/element/2a33dd32-8f25-4899-9a20-d3f534218346/element'
15:50:18.447 [Forwarding findChildElement on session 14f61660-7bcc-4279-b6a3-7163a94e0626 to remote] DEBUG o.a.netty.request.NettyRequestSender - Using open Channel [id: 0x7c68b8df, L:/127.0.0.1:64390 - R:localhost/127.0.0.1:10889] for POST '/session/14f61660-7bcc-4279-b6a3-7163a94e0626/element/2a33dd32-8f25-4899-9a20-d3f534218346/element'
15:50:18.452 [AsyncHttpClient-3-1] DEBUG o.a.netty.handler.HttpHandler - 

Request DefaultHttpRequest(decodeResult: success, version: HTTP/1.1)
POST /session/14f61660-7bcc-4279-b6a3-7163a94e0626/element/2a33dd32-8f25-4899-9a20-d3f534218346/element HTTP/1.1
User-Agent: selenium/4.0.0-alpha-5 (java windows)
Content-Length: 103
Content-Type: application/json; charset=utf-8
host: localhost:10889
accept: */*

Response DefaultHttpResponse(decodeResult: success, version: HTTP/1.1)
HTTP/1.1 200 OK
content-type: application/json; charset=utf-8
cache-control: no-cache
content-length: 88
date: Thu, 25 Jun 2020 12:50:18 GMT

15:50:18.452 [AsyncHttpClient-3-1] DEBUG o.a.netty.channel.ChannelManager - Adding key: http://localhost:10889 for channel [id: 0x7c68b8df, L:/127.0.0.1:64390 - R:localhost/127.0.0.1:10889]
15:50:18.452 [Forwarding getElementText on session 14f61660-7bcc-4279-b6a3-7163a94e0626 to remote] DEBUG o.a.netty.request.NettyRequestSender - Using pooled Channel '[id: 0x7c68b8df, L:/127.0.0.1:64390 - R:localhost/127.0.0.1:10889]' for 'GET' to 'http://localhost:10889/session/14f61660-7bcc-4279-b6a3-7163a94e0626/element/b04159e9-7558-4b91-88cc-9d94ed730bcf/text'
15:50:18.453 [Forwarding getElementText on session 14f61660-7bcc-4279-b6a3-7163a94e0626 to remote] DEBUG o.a.netty.request.NettyRequestSender - Using open Channel [id: 0x7c68b8df, L:/127.0.0.1:64390 - R:localhost/127.0.0.1:10889] for GET '/session/14f61660-7bcc-4279-b6a3-7163a94e0626/element/b04159e9-7558-4b91-88cc-9d94ed730bcf/text'
15:50:18.457 [AsyncHttpClient-3-1] DEBUG o.a.netty.handler.HttpHandler - 

Request DefaultFullHttpRequest(decodeResult: success, version: HTTP/1.1, content: EmptyByteBufBE)
GET /session/14f61660-7bcc-4279-b6a3-7163a94e0626/element/b04159e9-7558-4b91-88cc-9d94ed730bcf/text HTTP/1.1
User-Agent: selenium/4.0.0-alpha-5 (java windows)
Cache-Control: no-cache
host: localhost:10889
accept: */*

Response DefaultHttpResponse(decodeResult: success, version: HTTP/1.1)
HTTP/1.1 200 OK
content-type: application/json; charset=utf-8
cache-control: no-cache
content-length: 45
date: Thu, 25 Jun 2020 12:50:18 GMT

15:50:18.458 [AsyncHttpClient-3-1] DEBUG o.a.netty.channel.ChannelManager - Adding key: http://localhost:10889 for channel [id: 0x7c68b8df, L:/127.0.0.1:64390 - R:localhost/127.0.0.1:10889]
15:50:18.458 [Forwarding findChildElement on session 14f61660-7bcc-4279-b6a3-7163a94e0626 to remote] DEBUG o.a.netty.request.NettyRequestSender - Using pooled Channel '[id: 0x7c68b8df, L:/127.0.0.1:64390 - R:localhost/127.0.0.1:10889]' for 'POST' to 'http://localhost:10889/session/14f61660-7bcc-4279-b6a3-7163a94e0626/element/2a33dd32-8f25-4899-9a20-d3f534218346/element'
15:50:18.458 [Forwarding findChildElement on session 14f61660-7bcc-4279-b6a3-7163a94e0626 to remote] DEBUG o.a.netty.request.NettyRequestSender - Using open Channel [id: 0x7c68b8df, L:/127.0.0.1:64390 - R:localhost/127.0.0.1:10889] for POST '/session/14f61660-7bcc-4279-b6a3-7163a94e0626/element/2a33dd32-8f25-4899-9a20-d3f534218346/element'
15:50:18.462 [AsyncHttpClient-3-1] DEBUG o.a.netty.handler.HttpHandler - 

Request DefaultHttpRequest(decodeResult: success, version: HTTP/1.1)
POST /session/14f61660-7bcc-4279-b6a3-7163a94e0626/element/2a33dd32-8f25-4899-9a20-d3f534218346/element HTTP/1.1
User-Agent: selenium/4.0.0-alpha-5 (java windows)
Content-Length: 103
Content-Type: application/json; charset=utf-8
host: localhost:10889
accept: */*

Response DefaultHttpResponse(decodeResult: success, version: HTTP/1.1)
HTTP/1.1 200 OK
content-type: application/json; charset=utf-8
cache-control: no-cache
content-length: 88
date: Thu, 25 Jun 2020 12:50:18 GMT

15:50:18.462 [AsyncHttpClient-3-1] DEBUG o.a.netty.channel.ChannelManager - Adding key: http://localhost:10889 for channel [id: 0x7c68b8df, L:/127.0.0.1:64390 - R:localhost/127.0.0.1:10889]
15:50:18.463 [Forwarding getElementText on session 14f61660-7bcc-4279-b6a3-7163a94e0626 to remote] DEBUG o.a.netty.request.NettyRequestSender - Using pooled Channel '[id: 0x7c68b8df, L:/127.0.0.1:64390 - R:localhost/127.0.0.1:10889]' for 'GET' to 'http://localhost:10889/session/14f61660-7bcc-4279-b6a3-7163a94e0626/element/83ebd836-3640-4dab-acdf-7c7467919df3/text'
15:50:18.463 [Forwarding getElementText on session 14f61660-7bcc-4279-b6a3-7163a94e0626 to remote] DEBUG o.a.netty.request.NettyRequestSender - Using open Channel [id: 0x7c68b8df, L:/127.0.0.1:64390 - R:localhost/127.0.0.1:10889] for GET '/session/14f61660-7bcc-4279-b6a3-7163a94e0626/element/83ebd836-3640-4dab-acdf-7c7467919df3/text'
15:50:18.470 [AsyncHttpClient-3-1] DEBUG o.a.netty.handler.HttpHandler - 

Request DefaultFullHttpRequest(decodeResult: success, version: HTTP/1.1, content: EmptyByteBufBE)
GET /session/14f61660-7bcc-4279-b6a3-7163a94e0626/element/83ebd836-3640-4dab-acdf-7c7467919df3/text HTTP/1.1
User-Agent: selenium/4.0.0-alpha-5 (java windows)
Cache-Control: no-cache
host: localhost:10889
accept: */*

Response DefaultHttpResponse(decodeResult: success, version: HTTP/1.1)
HTTP/1.1 200 OK
content-type: application/json; charset=utf-8
cache-control: no-cache
content-length: 57
date: Thu, 25 Jun 2020 12:50:18 GMT

15:50:18.470 [AsyncHttpClient-3-1] DEBUG o.a.netty.channel.ChannelManager - Adding key: http://localhost:10889 for channel [id: 0x7c68b8df, L:/127.0.0.1:64390 - R:localhost/127.0.0.1:10889]
15:50:18.471 [Forwarding findChildElement on session 14f61660-7bcc-4279-b6a3-7163a94e0626 to remote] DEBUG o.a.netty.request.NettyRequestSender - Using pooled Channel '[id: 0x7c68b8df, L:/127.0.0.1:64390 - R:localhost/127.0.0.1:10889]' for 'POST' to 'http://localhost:10889/session/14f61660-7bcc-4279-b6a3-7163a94e0626/element/2a33dd32-8f25-4899-9a20-d3f534218346/element'
15:50:18.471 [Forwarding findChildElement on session 14f61660-7bcc-4279-b6a3-7163a94e0626 to remote] DEBUG o.a.netty.request.NettyRequestSender - Using open Channel [id: 0x7c68b8df, L:/127.0.0.1:64390 - R:localhost/127.0.0.1:10889] for POST '/session/14f61660-7bcc-4279-b6a3-7163a94e0626/element/2a33dd32-8f25-4899-9a20-d3f534218346/element'
15:50:18.475 [AsyncHttpClient-3-1] DEBUG o.a.netty.handler.HttpHandler - 

Request DefaultHttpRequest(decodeResult: success, version: HTTP/1.1)
POST /session/14f61660-7bcc-4279-b6a3-7163a94e0626/element/2a33dd32-8f25-4899-9a20-d3f534218346/element HTTP/1.1
User-Agent: selenium/4.0.0-alpha-5 (java windows)
Content-Length: 97
Content-Type: application/json; charset=utf-8
host: localhost:10889
accept: */*

Response DefaultHttpResponse(decodeResult: success, version: HTTP/1.1)
HTTP/1.1 200 OK
content-type: application/json; charset=utf-8
cache-control: no-cache
content-length: 88
date: Thu, 25 Jun 2020 12:50:18 GMT

15:50:18.475 [AsyncHttpClient-3-1] DEBUG o.a.netty.channel.ChannelManager - Adding key: http://localhost:10889 for channel [id: 0x7c68b8df, L:/127.0.0.1:64390 - R:localhost/127.0.0.1:10889]
15:50:18.482 [Forwarding getElementAttribute on session 14f61660-7bcc-4279-b6a3-7163a94e0626 to remote] DEBUG o.a.netty.request.NettyRequestSender - Using pooled Channel '[id: 0x7c68b8df, L:/127.0.0.1:64390 - R:localhost/127.0.0.1:10889]' for 'POST' to 'http://localhost:10889/session/14f61660-7bcc-4279-b6a3-7163a94e0626/execute/sync'
15:50:18.482 [Forwarding getElementAttribute on session 14f61660-7bcc-4279-b6a3-7163a94e0626 to remote] DEBUG o.a.netty.request.NettyRequestSender - Using open Channel [id: 0x7c68b8df, L:/127.0.0.1:64390 - R:localhost/127.0.0.1:10889] for POST '/session/14f61660-7bcc-4279-b6a3-7163a94e0626/execute/sync'
15:50:18.499 [AsyncHttpClient-3-1] DEBUG o.a.netty.handler.HttpHandler - 

Request DefaultHttpRequest(decodeResult: success, version: HTTP/1.1)
POST /session/14f61660-7bcc-4279-b6a3-7163a94e0626/execute/sync HTTP/1.1
User-Agent: selenium/4.0.0-alpha-5 (java windows)
Content-Length: 39635
Content-Type: application/json; charset=utf-8
host: localhost:10889
accept: */*

Response DefaultHttpResponse(decodeResult: success, version: HTTP/1.1)
HTTP/1.1 200 OK
content-type: application/json; charset=utf-8
cache-control: no-cache
content-length: 15
date: Thu, 25 Jun 2020 12:50:18 GMT

15:50:18.499 [AsyncHttpClient-3-1] DEBUG o.a.netty.channel.ChannelManager - Adding key: http://localhost:10889 for channel [id: 0x7c68b8df, L:/127.0.0.1:64390 - R:localhost/127.0.0.1:10889]
15:50:18.499 [Forwarding findChildElement on session 14f61660-7bcc-4279-b6a3-7163a94e0626 to remote] DEBUG o.a.netty.request.NettyRequestSender - Using pooled Channel '[id: 0x7c68b8df, L:/127.0.0.1:64390 - R:localhost/127.0.0.1:10889]' for 'POST' to 'http://localhost:10889/session/14f61660-7bcc-4279-b6a3-7163a94e0626/element/5f4b91f5-6cdb-47b8-a720-7e0e75e87c92/element'
15:50:18.500 [Forwarding findChildElement on session 14f61660-7bcc-4279-b6a3-7163a94e0626 to remote] DEBUG o.a.netty.request.NettyRequestSender - Using open Channel [id: 0x7c68b8df, L:/127.0.0.1:64390 - R:localhost/127.0.0.1:10889] for POST '/session/14f61660-7bcc-4279-b6a3-7163a94e0626/element/5f4b91f5-6cdb-47b8-a720-7e0e75e87c92/element'
15:50:18.504 [AsyncHttpClient-3-1] DEBUG o.a.netty.handler.HttpHandler - 

Request DefaultHttpRequest(decodeResult: success, version: HTTP/1.1)
POST /session/14f61660-7bcc-4279-b6a3-7163a94e0626/element/5f4b91f5-6cdb-47b8-a720-7e0e75e87c92/element HTTP/1.1
User-Agent: selenium/4.0.0-alpha-5 (java windows)
Content-Length: 103
Content-Type: application/json; charset=utf-8
host: localhost:10889
accept: */*

Response DefaultHttpResponse(decodeResult: success, version: HTTP/1.1)
HTTP/1.1 200 OK
content-type: application/json; charset=utf-8
cache-control: no-cache
content-length: 88
date: Thu, 25 Jun 2020 12:50:18 GMT

15:50:18.504 [AsyncHttpClient-3-1] DEBUG o.a.netty.channel.ChannelManager - Adding key: http://localhost:10889 for channel [id: 0x7c68b8df, L:/127.0.0.1:64390 - R:localhost/127.0.0.1:10889]
15:50:18.504 [Forwarding getElementText on session 14f61660-7bcc-4279-b6a3-7163a94e0626 to remote] DEBUG o.a.netty.request.NettyRequestSender - Using pooled Channel '[id: 0x7c68b8df, L:/127.0.0.1:64390 - R:localhost/127.0.0.1:10889]' for 'GET' to 'http://localhost:10889/session/14f61660-7bcc-4279-b6a3-7163a94e0626/element/7c92a00b-66ab-470c-b612-00001fdd2755/text'
15:50:18.505 [Forwarding getElementText on session 14f61660-7bcc-4279-b6a3-7163a94e0626 to remote] DEBUG o.a.netty.request.NettyRequestSender - Using open Channel [id: 0x7c68b8df, L:/127.0.0.1:64390 - R:localhost/127.0.0.1:10889] for GET '/session/14f61660-7bcc-4279-b6a3-7163a94e0626/element/7c92a00b-66ab-470c-b612-00001fdd2755/text'
15:50:18.509 [AsyncHttpClient-3-1] DEBUG o.a.netty.handler.HttpHandler - 

Request DefaultFullHttpRequest(decodeResult: success, version: HTTP/1.1, content: EmptyByteBufBE)
GET /session/14f61660-7bcc-4279-b6a3-7163a94e0626/element/7c92a00b-66ab-470c-b612-00001fdd2755/text HTTP/1.1
User-Agent: selenium/4.0.0-alpha-5 (java windows)
Cache-Control: no-cache
host: localhost:10889
accept: */*

Response DefaultHttpResponse(decodeResult: success, version: HTTP/1.1)
HTTP/1.1 200 OK
content-type: application/json; charset=utf-8
cache-control: no-cache
content-length: 18
date: Thu, 25 Jun 2020 12:50:18 GMT

15:50:18.509 [AsyncHttpClient-3-1] DEBUG o.a.netty.channel.ChannelManager - Adding key: http://localhost:10889 for channel [id: 0x7c68b8df, L:/127.0.0.1:64390 - R:localhost/127.0.0.1:10889]
15:50:18.510 [Forwarding findChildElement on session 14f61660-7bcc-4279-b6a3-7163a94e0626 to remote] DEBUG o.a.netty.request.NettyRequestSender - Using pooled Channel '[id: 0x7c68b8df, L:/127.0.0.1:64390 - R:localhost/127.0.0.1:10889]' for 'POST' to 'http://localhost:10889/session/14f61660-7bcc-4279-b6a3-7163a94e0626/element/5f4b91f5-6cdb-47b8-a720-7e0e75e87c92/element'
15:50:18.510 [Forwarding findChildElement on session 14f61660-7bcc-4279-b6a3-7163a94e0626 to remote] DEBUG o.a.netty.request.NettyRequestSender - Using open Channel [id: 0x7c68b8df, L:/127.0.0.1:64390 - R:localhost/127.0.0.1:10889] for POST '/session/14f61660-7bcc-4279-b6a3-7163a94e0626/element/5f4b91f5-6cdb-47b8-a720-7e0e75e87c92/element'
15:50:18.515 [AsyncHttpClient-3-1] DEBUG o.a.netty.handler.HttpHandler - 

Request DefaultHttpRequest(decodeResult: success, version: HTTP/1.1)
POST /session/14f61660-7bcc-4279-b6a3-7163a94e0626/element/5f4b91f5-6cdb-47b8-a720-7e0e75e87c92/element HTTP/1.1
User-Agent: selenium/4.0.0-alpha-5 (java windows)
Content-Length: 103
Content-Type: application/json; charset=utf-8
host: localhost:10889
accept: */*

Response DefaultHttpResponse(decodeResult: success, version: HTTP/1.1)
HTTP/1.1 200 OK
content-type: application/json; charset=utf-8
cache-control: no-cache
content-length: 88
date: Thu, 25 Jun 2020 12:50:18 GMT

15:50:18.515 [AsyncHttpClient-3-1] DEBUG o.a.netty.channel.ChannelManager - Adding key: http://localhost:10889 for channel [id: 0x7c68b8df, L:/127.0.0.1:64390 - R:localhost/127.0.0.1:10889]
15:50:18.515 [Forwarding getElementText on session 14f61660-7bcc-4279-b6a3-7163a94e0626 to remote] DEBUG o.a.netty.request.NettyRequestSender - Using pooled Channel '[id: 0x7c68b8df, L:/127.0.0.1:64390 - R:localhost/127.0.0.1:10889]' for 'GET' to 'http://localhost:10889/session/14f61660-7bcc-4279-b6a3-7163a94e0626/element/545f3675-8623-42d2-a614-8b07c386c812/text'
15:50:18.515 [Forwarding getElementText on session 14f61660-7bcc-4279-b6a3-7163a94e0626 to remote] DEBUG o.a.netty.request.NettyRequestSender - Using open Channel [id: 0x7c68b8df, L:/127.0.0.1:64390 - R:localhost/127.0.0.1:10889] for GET '/session/14f61660-7bcc-4279-b6a3-7163a94e0626/element/545f3675-8623-42d2-a614-8b07c386c812/text'
15:50:18.520 [AsyncHttpClient-3-1] DEBUG o.a.netty.handler.HttpHandler - 

Request DefaultFullHttpRequest(decodeResult: success, version: HTTP/1.1, content: EmptyByteBufBE)
GET /session/14f61660-7bcc-4279-b6a3-7163a94e0626/element/545f3675-8623-42d2-a614-8b07c386c812/text HTTP/1.1
User-Agent: selenium/4.0.0-alpha-5 (java windows)
Cache-Control: no-cache
host: localhost:10889
accept: */*

Response DefaultHttpResponse(decodeResult: success, version: HTTP/1.1)
HTTP/1.1 200 OK
content-type: application/json; charset=utf-8
cache-control: no-cache
content-length: 22
date: Thu, 25 Jun 2020 12:50:18 GMT

15:50:18.520 [AsyncHttpClient-3-1] DEBUG o.a.netty.channel.ChannelManager - Adding key: http://localhost:10889 for channel [id: 0x7c68b8df, L:/127.0.0.1:64390 - R:localhost/127.0.0.1:10889]
15:50:18.521 [Forwarding findChildElement on session 14f61660-7bcc-4279-b6a3-7163a94e0626 to remote] DEBUG o.a.netty.request.NettyRequestSender - Using pooled Channel '[id: 0x7c68b8df, L:/127.0.0.1:64390 - R:localhost/127.0.0.1:10889]' for 'POST' to 'http://localhost:10889/session/14f61660-7bcc-4279-b6a3-7163a94e0626/element/5f4b91f5-6cdb-47b8-a720-7e0e75e87c92/element'
15:50:18.521 [Forwarding findChildElement on session 14f61660-7bcc-4279-b6a3-7163a94e0626 to remote] DEBUG o.a.netty.request.NettyRequestSender - Using open Channel [id: 0x7c68b8df, L:/127.0.0.1:64390 - R:localhost/127.0.0.1:10889] for POST '/session/14f61660-7bcc-4279-b6a3-7163a94e0626/element/5f4b91f5-6cdb-47b8-a720-7e0e75e87c92/element'
15:50:18.526 [AsyncHttpClient-3-1] DEBUG o.a.netty.handler.HttpHandler - 

Request DefaultHttpRequest(decodeResult: success, version: HTTP/1.1)
POST /session/14f61660-7bcc-4279-b6a3-7163a94e0626/element/5f4b91f5-6cdb-47b8-a720-7e0e75e87c92/element HTTP/1.1
User-Agent: selenium/4.0.0-alpha-5 (java windows)
Content-Length: 103
Content-Type: application/json; charset=utf-8
host: localhost:10889
accept: */*

Response DefaultHttpResponse(decodeResult: success, version: HTTP/1.1)
HTTP/1.1 200 OK
content-type: application/json; charset=utf-8
cache-control: no-cache
content-length: 88
date: Thu, 25 Jun 2020 12:50:18 GMT

15:50:18.527 [AsyncHttpClient-3-1] DEBUG o.a.netty.channel.ChannelManager - Adding key: http://localhost:10889 for channel [id: 0x7c68b8df, L:/127.0.0.1:64390 - R:localhost/127.0.0.1:10889]
15:50:18.527 [Forwarding getElementText on session 14f61660-7bcc-4279-b6a3-7163a94e0626 to remote] DEBUG o.a.netty.request.NettyRequestSender - Using pooled Channel '[id: 0x7c68b8df, L:/127.0.0.1:64390 - R:localhost/127.0.0.1:10889]' for 'GET' to 'http://localhost:10889/session/14f61660-7bcc-4279-b6a3-7163a94e0626/element/1af2e087-aba7-420a-9f00-56a4736bbf57/text'
15:50:18.527 [Forwarding getElementText on session 14f61660-7bcc-4279-b6a3-7163a94e0626 to remote] DEBUG o.a.netty.request.NettyRequestSender - Using open Channel [id: 0x7c68b8df, L:/127.0.0.1:64390 - R:localhost/127.0.0.1:10889] for GET '/session/14f61660-7bcc-4279-b6a3-7163a94e0626/element/1af2e087-aba7-420a-9f00-56a4736bbf57/text'
15:50:18.531 [AsyncHttpClient-3-1] DEBUG o.a.netty.handler.HttpHandler - 

Request DefaultFullHttpRequest(decodeResult: success, version: HTTP/1.1, content: EmptyByteBufBE)
GET /session/14f61660-7bcc-4279-b6a3-7163a94e0626/element/1af2e087-aba7-420a-9f00-56a4736bbf57/text HTTP/1.1
User-Agent: selenium/4.0.0-alpha-5 (java windows)
Cache-Control: no-cache
host: localhost:10889
accept: */*

Response DefaultHttpResponse(decodeResult: success, version: HTTP/1.1)
HTTP/1.1 200 OK
content-type: application/json; charset=utf-8
cache-control: no-cache
content-length: 21
date: Thu, 25 Jun 2020 12:50:18 GMT

15:50:18.531 [AsyncHttpClient-3-1] DEBUG o.a.netty.channel.ChannelManager - Adding key: http://localhost:10889 for channel [id: 0x7c68b8df, L:/127.0.0.1:64390 - R:localhost/127.0.0.1:10889]
15:50:18.532 [Forwarding findChildElement on session 14f61660-7bcc-4279-b6a3-7163a94e0626 to remote] DEBUG o.a.netty.request.NettyRequestSender - Using pooled Channel '[id: 0x7c68b8df, L:/127.0.0.1:64390 - R:localhost/127.0.0.1:10889]' for 'POST' to 'http://localhost:10889/session/14f61660-7bcc-4279-b6a3-7163a94e0626/element/5f4b91f5-6cdb-47b8-a720-7e0e75e87c92/element'
15:50:18.532 [Forwarding findChildElement on session 14f61660-7bcc-4279-b6a3-7163a94e0626 to remote] DEBUG o.a.netty.request.NettyRequestSender - Using open Channel [id: 0x7c68b8df, L:/127.0.0.1:64390 - R:localhost/127.0.0.1:10889] for POST '/session/14f61660-7bcc-4279-b6a3-7163a94e0626/element/5f4b91f5-6cdb-47b8-a720-7e0e75e87c92/element'
15:50:18.538 [AsyncHttpClient-3-1] DEBUG o.a.netty.handler.HttpHandler - 

Request DefaultHttpRequest(decodeResult: success, version: HTTP/1.1)
POST /session/14f61660-7bcc-4279-b6a3-7163a94e0626/element/5f4b91f5-6cdb-47b8-a720-7e0e75e87c92/element HTTP/1.1
User-Agent: selenium/4.0.0-alpha-5 (java windows)
Content-Length: 103
Content-Type: application/json; charset=utf-8
host: localhost:10889
accept: */*

Response DefaultHttpResponse(decodeResult: success, version: HTTP/1.1)
HTTP/1.1 200 OK
content-type: application/json; charset=utf-8
cache-control: no-cache
content-length: 88
date: Thu, 25 Jun 2020 12:50:18 GMT

15:50:18.538 [AsyncHttpClient-3-1] DEBUG o.a.netty.channel.ChannelManager - Adding key: http://localhost:10889 for channel [id: 0x7c68b8df, L:/127.0.0.1:64390 - R:localhost/127.0.0.1:10889]
15:50:18.538 [Forwarding getElementText on session 14f61660-7bcc-4279-b6a3-7163a94e0626 to remote] DEBUG o.a.netty.request.NettyRequestSender - Using pooled Channel '[id: 0x7c68b8df, L:/127.0.0.1:64390 - R:localhost/127.0.0.1:10889]' for 'GET' to 'http://localhost:10889/session/14f61660-7bcc-4279-b6a3-7163a94e0626/element/98fce2fc-f47f-42e4-8dab-05519939a0fa/text'
15:50:18.538 [Forwarding getElementText on session 14f61660-7bcc-4279-b6a3-7163a94e0626 to remote] DEBUG o.a.netty.request.NettyRequestSender - Using open Channel [id: 0x7c68b8df, L:/127.0.0.1:64390 - R:localhost/127.0.0.1:10889] for GET '/session/14f61660-7bcc-4279-b6a3-7163a94e0626/element/98fce2fc-f47f-42e4-8dab-05519939a0fa/text'
15:50:18.545 [AsyncHttpClient-3-1] DEBUG o.a.netty.handler.HttpHandler - 

Request DefaultFullHttpRequest(decodeResult: success, version: HTTP/1.1, content: EmptyByteBufBE)
GET /session/14f61660-7bcc-4279-b6a3-7163a94e0626/element/98fce2fc-f47f-42e4-8dab-05519939a0fa/text HTTP/1.1
User-Agent: selenium/4.0.0-alpha-5 (java windows)
Cache-Control: no-cache
host: localhost:10889
accept: */*

Response DefaultHttpResponse(decodeResult: success, version: HTTP/1.1)
HTTP/1.1 200 OK
content-type: application/json; charset=utf-8
cache-control: no-cache
content-length: 45
date: Thu, 25 Jun 2020 12:50:18 GMT

15:50:18.545 [AsyncHttpClient-3-1] DEBUG o.a.netty.channel.ChannelManager - Adding key: http://localhost:10889 for channel [id: 0x7c68b8df, L:/127.0.0.1:64390 - R:localhost/127.0.0.1:10889]
15:50:18.545 [Forwarding findChildElement on session 14f61660-7bcc-4279-b6a3-7163a94e0626 to remote] DEBUG o.a.netty.request.NettyRequestSender - Using pooled Channel '[id: 0x7c68b8df, L:/127.0.0.1:64390 - R:localhost/127.0.0.1:10889]' for 'POST' to 'http://localhost:10889/session/14f61660-7bcc-4279-b6a3-7163a94e0626/element/5f4b91f5-6cdb-47b8-a720-7e0e75e87c92/element'
15:50:18.545 [Forwarding findChildElement on session 14f61660-7bcc-4279-b6a3-7163a94e0626 to remote] DEBUG o.a.netty.request.NettyRequestSender - Using open Channel [id: 0x7c68b8df, L:/127.0.0.1:64390 - R:localhost/127.0.0.1:10889] for POST '/session/14f61660-7bcc-4279-b6a3-7163a94e0626/element/5f4b91f5-6cdb-47b8-a720-7e0e75e87c92/element'
15:50:18.549 [AsyncHttpClient-3-1] DEBUG o.a.netty.handler.HttpHandler - 

Request DefaultHttpRequest(decodeResult: success, version: HTTP/1.1)
POST /session/14f61660-7bcc-4279-b6a3-7163a94e0626/element/5f4b91f5-6cdb-47b8-a720-7e0e75e87c92/element HTTP/1.1
User-Agent: selenium/4.0.0-alpha-5 (java windows)
Content-Length: 103
Content-Type: application/json; charset=utf-8
host: localhost:10889
accept: */*

Response DefaultHttpResponse(decodeResult: success, version: HTTP/1.1)
HTTP/1.1 200 OK
content-type: application/json; charset=utf-8
cache-control: no-cache
content-length: 88
date: Thu, 25 Jun 2020 12:50:18 GMT

15:50:18.549 [AsyncHttpClient-3-1] DEBUG o.a.netty.channel.ChannelManager - Adding key: http://localhost:10889 for channel [id: 0x7c68b8df, L:/127.0.0.1:64390 - R:localhost/127.0.0.1:10889]
15:50:18.549 [Forwarding getElementText on session 14f61660-7bcc-4279-b6a3-7163a94e0626 to remote] DEBUG o.a.netty.request.NettyRequestSender - Using pooled Channel '[id: 0x7c68b8df, L:/127.0.0.1:64390 - R:localhost/127.0.0.1:10889]' for 'GET' to 'http://localhost:10889/session/14f61660-7bcc-4279-b6a3-7163a94e0626/element/dc56ce45-e0dc-4483-99f6-30a3b12f2d0f/text'
15:50:18.549 [Forwarding getElementText on session 14f61660-7bcc-4279-b6a3-7163a94e0626 to remote] DEBUG o.a.netty.request.NettyRequestSender - Using open Channel [id: 0x7c68b8df, L:/127.0.0.1:64390 - R:localhost/127.0.0.1:10889] for GET '/session/14f61660-7bcc-4279-b6a3-7163a94e0626/element/dc56ce45-e0dc-4483-99f6-30a3b12f2d0f/text'
15:50:18.556 [AsyncHttpClient-3-1] DEBUG o.a.netty.handler.HttpHandler - 

Request DefaultFullHttpRequest(decodeResult: success, version: HTTP/1.1, content: EmptyByteBufBE)
GET /session/14f61660-7bcc-4279-b6a3-7163a94e0626/element/dc56ce45-e0dc-4483-99f6-30a3b12f2d0f/text HTTP/1.1
User-Agent: selenium/4.0.0-alpha-5 (java windows)
Cache-Control: no-cache
host: localhost:10889
accept: */*

Response DefaultHttpResponse(decodeResult: success, version: HTTP/1.1)
HTTP/1.1 200 OK
content-type: application/json; charset=utf-8
cache-control: no-cache
content-length: 57
date: Thu, 25 Jun 2020 12:50:18 GMT

15:50:18.556 [AsyncHttpClient-3-1] DEBUG o.a.netty.channel.ChannelManager - Adding key: http://localhost:10889 for channel [id: 0x7c68b8df, L:/127.0.0.1:64390 - R:localhost/127.0.0.1:10889]
15:50:18.557 [Forwarding findChildElement on session 14f61660-7bcc-4279-b6a3-7163a94e0626 to remote] DEBUG o.a.netty.request.NettyRequestSender - Using pooled Channel '[id: 0x7c68b8df, L:/127.0.0.1:64390 - R:localhost/127.0.0.1:10889]' for 'POST' to 'http://localhost:10889/session/14f61660-7bcc-4279-b6a3-7163a94e0626/element/5f4b91f5-6cdb-47b8-a720-7e0e75e87c92/element'
15:50:18.557 [Forwarding findChildElement on session 14f61660-7bcc-4279-b6a3-7163a94e0626 to remote] DEBUG o.a.netty.request.NettyRequestSender - Using open Channel [id: 0x7c68b8df, L:/127.0.0.1:64390 - R:localhost/127.0.0.1:10889] for POST '/session/14f61660-7bcc-4279-b6a3-7163a94e0626/element/5f4b91f5-6cdb-47b8-a720-7e0e75e87c92/element'
15:50:18.560 [AsyncHttpClient-3-1] DEBUG o.a.netty.handler.HttpHandler - 

Request DefaultHttpRequest(decodeResult: success, version: HTTP/1.1)
POST /session/14f61660-7bcc-4279-b6a3-7163a94e0626/element/5f4b91f5-6cdb-47b8-a720-7e0e75e87c92/element HTTP/1.1
User-Agent: selenium/4.0.0-alpha-5 (java windows)
Content-Length: 97
Content-Type: application/json; charset=utf-8
host: localhost:10889
accept: */*

Response DefaultHttpResponse(decodeResult: success, version: HTTP/1.1)
HTTP/1.1 200 OK
content-type: application/json; charset=utf-8
cache-control: no-cache
content-length: 88
date: Thu, 25 Jun 2020 12:50:18 GMT

15:50:18.560 [AsyncHttpClient-3-1] DEBUG o.a.netty.channel.ChannelManager - Adding key: http://localhost:10889 for channel [id: 0x7c68b8df, L:/127.0.0.1:64390 - R:localhost/127.0.0.1:10889]
15:50:18.562 [Forwarding getElementAttribute on session 14f61660-7bcc-4279-b6a3-7163a94e0626 to remote] DEBUG o.a.netty.request.NettyRequestSender - Using pooled Channel '[id: 0x7c68b8df, L:/127.0.0.1:64390 - R:localhost/127.0.0.1:10889]' for 'POST' to 'http://localhost:10889/session/14f61660-7bcc-4279-b6a3-7163a94e0626/execute/sync'
15:50:18.563 [Forwarding getElementAttribute on session 14f61660-7bcc-4279-b6a3-7163a94e0626 to remote] DEBUG o.a.netty.request.NettyRequestSender - Using open Channel [id: 0x7c68b8df, L:/127.0.0.1:64390 - R:localhost/127.0.0.1:10889] for POST '/session/14f61660-7bcc-4279-b6a3-7163a94e0626/execute/sync'
15:50:18.579 [AsyncHttpClient-3-1] DEBUG o.a.netty.handler.HttpHandler - 

Request DefaultHttpRequest(decodeResult: success, version: HTTP/1.1)
POST /session/14f61660-7bcc-4279-b6a3-7163a94e0626/execute/sync HTTP/1.1
User-Agent: selenium/4.0.0-alpha-5 (java windows)
Content-Length: 39635
Content-Type: application/json; charset=utf-8
host: localhost:10889
accept: */*

Response DefaultHttpResponse(decodeResult: success, version: HTTP/1.1)
HTTP/1.1 200 OK
content-type: application/json; charset=utf-8
cache-control: no-cache
content-length: 15
date: Thu, 25 Jun 2020 12:50:18 GMT

15:50:18.579 [AsyncHttpClient-3-1] DEBUG o.a.netty.channel.ChannelManager - Adding key: http://localhost:10889 for channel [id: 0x7c68b8df, L:/127.0.0.1:64390 - R:localhost/127.0.0.1:10889]
15:50:18.579 [Forwarding findChildElement on session 14f61660-7bcc-4279-b6a3-7163a94e0626 to remote] DEBUG o.a.netty.request.NettyRequestSender - Using pooled Channel '[id: 0x7c68b8df, L:/127.0.0.1:64390 - R:localhost/127.0.0.1:10889]' for 'POST' to 'http://localhost:10889/session/14f61660-7bcc-4279-b6a3-7163a94e0626/element/a0e9741b-1215-4d21-a3f5-b0a9cea2a7e9/element'
15:50:18.579 [Forwarding findChildElement on session 14f61660-7bcc-4279-b6a3-7163a94e0626 to remote] DEBUG o.a.netty.request.NettyRequestSender - Using open Channel [id: 0x7c68b8df, L:/127.0.0.1:64390 - R:localhost/127.0.0.1:10889] for POST '/session/14f61660-7bcc-4279-b6a3-7163a94e0626/element/a0e9741b-1215-4d21-a3f5-b0a9cea2a7e9/element'
15:50:18.583 [AsyncHttpClient-3-1] DEBUG o.a.netty.handler.HttpHandler - 

Request DefaultHttpRequest(decodeResult: success, version: HTTP/1.1)
POST /session/14f61660-7bcc-4279-b6a3-7163a94e0626/element/a0e9741b-1215-4d21-a3f5-b0a9cea2a7e9/element HTTP/1.1
User-Agent: selenium/4.0.0-alpha-5 (java windows)
Content-Length: 103
Content-Type: application/json; charset=utf-8
host: localhost:10889
accept: */*

Response DefaultHttpResponse(decodeResult: success, version: HTTP/1.1)
HTTP/1.1 200 OK
content-type: application/json; charset=utf-8
cache-control: no-cache
content-length: 88
date: Thu, 25 Jun 2020 12:50:18 GMT

15:50:18.583 [AsyncHttpClient-3-1] DEBUG o.a.netty.channel.ChannelManager - Adding key: http://localhost:10889 for channel [id: 0x7c68b8df, L:/127.0.0.1:64390 - R:localhost/127.0.0.1:10889]
15:50:18.583 [Forwarding getElementText on session 14f61660-7bcc-4279-b6a3-7163a94e0626 to remote] DEBUG o.a.netty.request.NettyRequestSender - Using pooled Channel '[id: 0x7c68b8df, L:/127.0.0.1:64390 - R:localhost/127.0.0.1:10889]' for 'GET' to 'http://localhost:10889/session/14f61660-7bcc-4279-b6a3-7163a94e0626/element/35963050-e740-431d-afda-4fd29bed9da5/text'
15:50:18.584 [Forwarding getElementText on session 14f61660-7bcc-4279-b6a3-7163a94e0626 to remote] DEBUG o.a.netty.request.NettyRequestSender - Using open Channel [id: 0x7c68b8df, L:/127.0.0.1:64390 - R:localhost/127.0.0.1:10889] for GET '/session/14f61660-7bcc-4279-b6a3-7163a94e0626/element/35963050-e740-431d-afda-4fd29bed9da5/text'
15:50:18.590 [AsyncHttpClient-3-1] DEBUG o.a.netty.handler.HttpHandler - 

Request DefaultFullHttpRequest(decodeResult: success, version: HTTP/1.1, content: EmptyByteBufBE)
GET /session/14f61660-7bcc-4279-b6a3-7163a94e0626/element/35963050-e740-431d-afda-4fd29bed9da5/text HTTP/1.1
User-Agent: selenium/4.0.0-alpha-5 (java windows)
Cache-Control: no-cache
host: localhost:10889
accept: */*

Response DefaultHttpResponse(decodeResult: success, version: HTTP/1.1)
HTTP/1.1 200 OK
content-type: application/json; charset=utf-8
cache-control: no-cache
content-length: 18
date: Thu, 25 Jun 2020 12:50:18 GMT

15:50:18.590 [AsyncHttpClient-3-1] DEBUG o.a.netty.channel.ChannelManager - Adding key: http://localhost:10889 for channel [id: 0x7c68b8df, L:/127.0.0.1:64390 - R:localhost/127.0.0.1:10889]
15:50:18.591 [Forwarding findChildElement on session 14f61660-7bcc-4279-b6a3-7163a94e0626 to remote] DEBUG o.a.netty.request.NettyRequestSender - Using pooled Channel '[id: 0x7c68b8df, L:/127.0.0.1:64390 - R:localhost/127.0.0.1:10889]' for 'POST' to 'http://localhost:10889/session/14f61660-7bcc-4279-b6a3-7163a94e0626/element/a0e9741b-1215-4d21-a3f5-b0a9cea2a7e9/element'
15:50:18.591 [Forwarding findChildElement on session 14f61660-7bcc-4279-b6a3-7163a94e0626 to remote] DEBUG o.a.netty.request.NettyRequestSender - Using open Channel [id: 0x7c68b8df, L:/127.0.0.1:64390 - R:localhost/127.0.0.1:10889] for POST '/session/14f61660-7bcc-4279-b6a3-7163a94e0626/element/a0e9741b-1215-4d21-a3f5-b0a9cea2a7e9/element'
15:50:18.595 [AsyncHttpClient-3-1] DEBUG o.a.netty.handler.HttpHandler - 

Request DefaultHttpRequest(decodeResult: success, version: HTTP/1.1)
POST /session/14f61660-7bcc-4279-b6a3-7163a94e0626/element/a0e9741b-1215-4d21-a3f5-b0a9cea2a7e9/element HTTP/1.1
User-Agent: selenium/4.0.0-alpha-5 (java windows)
Content-Length: 103
Content-Type: application/json; charset=utf-8
host: localhost:10889
accept: */*

Response DefaultHttpResponse(decodeResult: success, version: HTTP/1.1)
HTTP/1.1 200 OK
content-type: application/json; charset=utf-8
cache-control: no-cache
content-length: 88
date: Thu, 25 Jun 2020 12:50:18 GMT

15:50:18.595 [AsyncHttpClient-3-1] DEBUG o.a.netty.channel.ChannelManager - Adding key: http://localhost:10889 for channel [id: 0x7c68b8df, L:/127.0.0.1:64390 - R:localhost/127.0.0.1:10889]
15:50:18.595 [Forwarding getElementText on session 14f61660-7bcc-4279-b6a3-7163a94e0626 to remote] DEBUG o.a.netty.request.NettyRequestSender - Using pooled Channel '[id: 0x7c68b8df, L:/127.0.0.1:64390 - R:localhost/127.0.0.1:10889]' for 'GET' to 'http://localhost:10889/session/14f61660-7bcc-4279-b6a3-7163a94e0626/element/12d64be1-b9e0-4ae8-97d3-3caec7167c75/text'
15:50:18.595 [Forwarding getElementText on session 14f61660-7bcc-4279-b6a3-7163a94e0626 to remote] DEBUG o.a.netty.request.NettyRequestSender - Using open Channel [id: 0x7c68b8df, L:/127.0.0.1:64390 - R:localhost/127.0.0.1:10889] for GET '/session/14f61660-7bcc-4279-b6a3-7163a94e0626/element/12d64be1-b9e0-4ae8-97d3-3caec7167c75/text'
15:50:18.600 [AsyncHttpClient-3-1] DEBUG o.a.netty.handler.HttpHandler - 

Request DefaultFullHttpRequest(decodeResult: success, version: HTTP/1.1, content: EmptyByteBufBE)
GET /session/14f61660-7bcc-4279-b6a3-7163a94e0626/element/12d64be1-b9e0-4ae8-97d3-3caec7167c75/text HTTP/1.1
User-Agent: selenium/4.0.0-alpha-5 (java windows)
Cache-Control: no-cache
host: localhost:10889
accept: */*

Response DefaultHttpResponse(decodeResult: success, version: HTTP/1.1)
HTTP/1.1 200 OK
content-type: application/json; charset=utf-8
cache-control: no-cache
content-length: 22
date: Thu, 25 Jun 2020 12:50:18 GMT

15:50:18.600 [AsyncHttpClient-3-1] DEBUG o.a.netty.channel.ChannelManager - Adding key: http://localhost:10889 for channel [id: 0x7c68b8df, L:/127.0.0.1:64390 - R:localhost/127.0.0.1:10889]
15:50:18.600 [Forwarding findChildElement on session 14f61660-7bcc-4279-b6a3-7163a94e0626 to remote] DEBUG o.a.netty.request.NettyRequestSender - Using pooled Channel '[id: 0x7c68b8df, L:/127.0.0.1:64390 - R:localhost/127.0.0.1:10889]' for 'POST' to 'http://localhost:10889/session/14f61660-7bcc-4279-b6a3-7163a94e0626/element/a0e9741b-1215-4d21-a3f5-b0a9cea2a7e9/element'
15:50:18.601 [Forwarding findChildElement on session 14f61660-7bcc-4279-b6a3-7163a94e0626 to remote] DEBUG o.a.netty.request.NettyRequestSender - Using open Channel [id: 0x7c68b8df, L:/127.0.0.1:64390 - R:localhost/127.0.0.1:10889] for POST '/session/14f61660-7bcc-4279-b6a3-7163a94e0626/element/a0e9741b-1215-4d21-a3f5-b0a9cea2a7e9/element'
15:50:18.604 [AsyncHttpClient-3-1] DEBUG o.a.netty.handler.HttpHandler - 

Request DefaultHttpRequest(decodeResult: success, version: HTTP/1.1)
POST /session/14f61660-7bcc-4279-b6a3-7163a94e0626/element/a0e9741b-1215-4d21-a3f5-b0a9cea2a7e9/element HTTP/1.1
User-Agent: selenium/4.0.0-alpha-5 (java windows)
Content-Length: 103
Content-Type: application/json; charset=utf-8
host: localhost:10889
accept: */*

Response DefaultHttpResponse(decodeResult: success, version: HTTP/1.1)
HTTP/1.1 200 OK
content-type: application/json; charset=utf-8
cache-control: no-cache
content-length: 88
date: Thu, 25 Jun 2020 12:50:18 GMT

15:50:18.605 [AsyncHttpClient-3-1] DEBUG o.a.netty.channel.ChannelManager - Adding key: http://localhost:10889 for channel [id: 0x7c68b8df, L:/127.0.0.1:64390 - R:localhost/127.0.0.1:10889]
15:50:18.605 [Forwarding getElementText on session 14f61660-7bcc-4279-b6a3-7163a94e0626 to remote] DEBUG o.a.netty.request.NettyRequestSender - Using pooled Channel '[id: 0x7c68b8df, L:/127.0.0.1:64390 - R:localhost/127.0.0.1:10889]' for 'GET' to 'http://localhost:10889/session/14f61660-7bcc-4279-b6a3-7163a94e0626/element/e3a7598b-4a5b-4995-8c33-d2ccdf3962d4/text'
15:50:18.605 [Forwarding getElementText on session 14f61660-7bcc-4279-b6a3-7163a94e0626 to remote] DEBUG o.a.netty.request.NettyRequestSender - Using open Channel [id: 0x7c68b8df, L:/127.0.0.1:64390 - R:localhost/127.0.0.1:10889] for GET '/session/14f61660-7bcc-4279-b6a3-7163a94e0626/element/e3a7598b-4a5b-4995-8c33-d2ccdf3962d4/text'
15:50:18.609 [AsyncHttpClient-3-1] DEBUG o.a.netty.handler.HttpHandler - 

Request DefaultFullHttpRequest(decodeResult: success, version: HTTP/1.1, content: EmptyByteBufBE)
GET /session/14f61660-7bcc-4279-b6a3-7163a94e0626/element/e3a7598b-4a5b-4995-8c33-d2ccdf3962d4/text HTTP/1.1
User-Agent: selenium/4.0.0-alpha-5 (java windows)
Cache-Control: no-cache
host: localhost:10889
accept: */*

Response DefaultHttpResponse(decodeResult: success, version: HTTP/1.1)
HTTP/1.1 200 OK
content-type: application/json; charset=utf-8
cache-control: no-cache
content-length: 21
date: Thu, 25 Jun 2020 12:50:18 GMT

15:50:18.609 [AsyncHttpClient-3-1] DEBUG o.a.netty.channel.ChannelManager - Adding key: http://localhost:10889 for channel [id: 0x7c68b8df, L:/127.0.0.1:64390 - R:localhost/127.0.0.1:10889]
15:50:18.609 [Forwarding findChildElement on session 14f61660-7bcc-4279-b6a3-7163a94e0626 to remote] DEBUG o.a.netty.request.NettyRequestSender - Using pooled Channel '[id: 0x7c68b8df, L:/127.0.0.1:64390 - R:localhost/127.0.0.1:10889]' for 'POST' to 'http://localhost:10889/session/14f61660-7bcc-4279-b6a3-7163a94e0626/element/a0e9741b-1215-4d21-a3f5-b0a9cea2a7e9/element'
15:50:18.609 [Forwarding findChildElement on session 14f61660-7bcc-4279-b6a3-7163a94e0626 to remote] DEBUG o.a.netty.request.NettyRequestSender - Using open Channel [id: 0x7c68b8df, L:/127.0.0.1:64390 - R:localhost/127.0.0.1:10889] for POST '/session/14f61660-7bcc-4279-b6a3-7163a94e0626/element/a0e9741b-1215-4d21-a3f5-b0a9cea2a7e9/element'
15:50:18.613 [AsyncHttpClient-3-1] DEBUG o.a.netty.handler.HttpHandler - 

Request DefaultHttpRequest(decodeResult: success, version: HTTP/1.1)
POST /session/14f61660-7bcc-4279-b6a3-7163a94e0626/element/a0e9741b-1215-4d21-a3f5-b0a9cea2a7e9/element HTTP/1.1
User-Agent: selenium/4.0.0-alpha-5 (java windows)
Content-Length: 103
Content-Type: application/json; charset=utf-8
host: localhost:10889
accept: */*

Response DefaultHttpResponse(decodeResult: success, version: HTTP/1.1)
HTTP/1.1 200 OK
content-type: application/json; charset=utf-8
cache-control: no-cache
content-length: 88
date: Thu, 25 Jun 2020 12:50:18 GMT

15:50:18.613 [AsyncHttpClient-3-1] DEBUG o.a.netty.channel.ChannelManager - Adding key: http://localhost:10889 for channel [id: 0x7c68b8df, L:/127.0.0.1:64390 - R:localhost/127.0.0.1:10889]
15:50:18.613 [Forwarding getElementText on session 14f61660-7bcc-4279-b6a3-7163a94e0626 to remote] DEBUG o.a.netty.request.NettyRequestSender - Using pooled Channel '[id: 0x7c68b8df, L:/127.0.0.1:64390 - R:localhost/127.0.0.1:10889]' for 'GET' to 'http://localhost:10889/session/14f61660-7bcc-4279-b6a3-7163a94e0626/element/8377c27c-fb88-4006-a7f1-d41455fc9852/text'
15:50:18.613 [Forwarding getElementText on session 14f61660-7bcc-4279-b6a3-7163a94e0626 to remote] DEBUG o.a.netty.request.NettyRequestSender - Using open Channel [id: 0x7c68b8df, L:/127.0.0.1:64390 - R:localhost/127.0.0.1:10889] for GET '/session/14f61660-7bcc-4279-b6a3-7163a94e0626/element/8377c27c-fb88-4006-a7f1-d41455fc9852/text'
15:50:18.617 [AsyncHttpClient-3-1] DEBUG o.a.netty.handler.HttpHandler - 

Request DefaultFullHttpRequest(decodeResult: success, version: HTTP/1.1, content: EmptyByteBufBE)
GET /session/14f61660-7bcc-4279-b6a3-7163a94e0626/element/8377c27c-fb88-4006-a7f1-d41455fc9852/text HTTP/1.1
User-Agent: selenium/4.0.0-alpha-5 (java windows)
Cache-Control: no-cache
host: localhost:10889
accept: */*

Response DefaultHttpResponse(decodeResult: success, version: HTTP/1.1)
HTTP/1.1 200 OK
content-type: application/json; charset=utf-8
cache-control: no-cache
content-length: 45
date: Thu, 25 Jun 2020 12:50:18 GMT

15:50:18.618 [AsyncHttpClient-3-1] DEBUG o.a.netty.channel.ChannelManager - Adding key: http://localhost:10889 for channel [id: 0x7c68b8df, L:/127.0.0.1:64390 - R:localhost/127.0.0.1:10889]
15:50:18.618 [Forwarding findChildElement on session 14f61660-7bcc-4279-b6a3-7163a94e0626 to remote] DEBUG o.a.netty.request.NettyRequestSender - Using pooled Channel '[id: 0x7c68b8df, L:/127.0.0.1:64390 - R:localhost/127.0.0.1:10889]' for 'POST' to 'http://localhost:10889/session/14f61660-7bcc-4279-b6a3-7163a94e0626/element/a0e9741b-1215-4d21-a3f5-b0a9cea2a7e9/element'
15:50:18.618 [Forwarding findChildElement on session 14f61660-7bcc-4279-b6a3-7163a94e0626 to remote] DEBUG o.a.netty.request.NettyRequestSender - Using open Channel [id: 0x7c68b8df, L:/127.0.0.1:64390 - R:localhost/127.0.0.1:10889] for POST '/session/14f61660-7bcc-4279-b6a3-7163a94e0626/element/a0e9741b-1215-4d21-a3f5-b0a9cea2a7e9/element'
15:50:18.622 [AsyncHttpClient-3-1] DEBUG o.a.netty.handler.HttpHandler - 

Request DefaultHttpRequest(decodeResult: success, version: HTTP/1.1)
POST /session/14f61660-7bcc-4279-b6a3-7163a94e0626/element/a0e9741b-1215-4d21-a3f5-b0a9cea2a7e9/element HTTP/1.1
User-Agent: selenium/4.0.0-alpha-5 (java windows)
Content-Length: 103
Content-Type: application/json; charset=utf-8
host: localhost:10889
accept: */*

Response DefaultHttpResponse(decodeResult: success, version: HTTP/1.1)
HTTP/1.1 200 OK
content-type: application/json; charset=utf-8
cache-control: no-cache
content-length: 88
date: Thu, 25 Jun 2020 12:50:18 GMT

15:50:18.622 [AsyncHttpClient-3-1] DEBUG o.a.netty.channel.ChannelManager - Adding key: http://localhost:10889 for channel [id: 0x7c68b8df, L:/127.0.0.1:64390 - R:localhost/127.0.0.1:10889]
15:50:18.622 [Forwarding getElementText on session 14f61660-7bcc-4279-b6a3-7163a94e0626 to remote] DEBUG o.a.netty.request.NettyRequestSender - Using pooled Channel '[id: 0x7c68b8df, L:/127.0.0.1:64390 - R:localhost/127.0.0.1:10889]' for 'GET' to 'http://localhost:10889/session/14f61660-7bcc-4279-b6a3-7163a94e0626/element/891a7a8d-894b-4d97-a37e-9e02decc1c8b/text'
15:50:18.623 [Forwarding getElementText on session 14f61660-7bcc-4279-b6a3-7163a94e0626 to remote] DEBUG o.a.netty.request.NettyRequestSender - Using open Channel [id: 0x7c68b8df, L:/127.0.0.1:64390 - R:localhost/127.0.0.1:10889] for GET '/session/14f61660-7bcc-4279-b6a3-7163a94e0626/element/891a7a8d-894b-4d97-a37e-9e02decc1c8b/text'
15:50:18.629 [AsyncHttpClient-3-1] DEBUG o.a.netty.handler.HttpHandler - 

Request DefaultFullHttpRequest(decodeResult: success, version: HTTP/1.1, content: EmptyByteBufBE)
GET /session/14f61660-7bcc-4279-b6a3-7163a94e0626/element/891a7a8d-894b-4d97-a37e-9e02decc1c8b/text HTTP/1.1
User-Agent: selenium/4.0.0-alpha-5 (java windows)
Cache-Control: no-cache
host: localhost:10889
accept: */*

Response DefaultHttpResponse(decodeResult: success, version: HTTP/1.1)
HTTP/1.1 200 OK
content-type: application/json; charset=utf-8
cache-control: no-cache
content-length: 57
date: Thu, 25 Jun 2020 12:50:18 GMT

15:50:18.629 [AsyncHttpClient-3-1] DEBUG o.a.netty.channel.ChannelManager - Adding key: http://localhost:10889 for channel [id: 0x7c68b8df, L:/127.0.0.1:64390 - R:localhost/127.0.0.1:10889]
15:50:18.630 [Forwarding findChildElement on session 14f61660-7bcc-4279-b6a3-7163a94e0626 to remote] DEBUG o.a.netty.request.NettyRequestSender - Using pooled Channel '[id: 0x7c68b8df, L:/127.0.0.1:64390 - R:localhost/127.0.0.1:10889]' for 'POST' to 'http://localhost:10889/session/14f61660-7bcc-4279-b6a3-7163a94e0626/element/a0e9741b-1215-4d21-a3f5-b0a9cea2a7e9/element'
15:50:18.630 [Forwarding findChildElement on session 14f61660-7bcc-4279-b6a3-7163a94e0626 to remote] DEBUG o.a.netty.request.NettyRequestSender - Using open Channel [id: 0x7c68b8df, L:/127.0.0.1:64390 - R:localhost/127.0.0.1:10889] for POST '/session/14f61660-7bcc-4279-b6a3-7163a94e0626/element/a0e9741b-1215-4d21-a3f5-b0a9cea2a7e9/element'
15:50:18.633 [AsyncHttpClient-3-1] DEBUG o.a.netty.handler.HttpHandler - 

Request DefaultHttpRequest(decodeResult: success, version: HTTP/1.1)
POST /session/14f61660-7bcc-4279-b6a3-7163a94e0626/element/a0e9741b-1215-4d21-a3f5-b0a9cea2a7e9/element HTTP/1.1
User-Agent: selenium/4.0.0-alpha-5 (java windows)
Content-Length: 97
Content-Type: application/json; charset=utf-8
host: localhost:10889
accept: */*

Response DefaultHttpResponse(decodeResult: success, version: HTTP/1.1)
HTTP/1.1 200 OK
content-type: application/json; charset=utf-8
cache-control: no-cache
content-length: 88
date: Thu, 25 Jun 2020 12:50:18 GMT

15:50:18.634 [AsyncHttpClient-3-1] DEBUG o.a.netty.channel.ChannelManager - Adding key: http://localhost:10889 for channel [id: 0x7c68b8df, L:/127.0.0.1:64390 - R:localhost/127.0.0.1:10889]
15:50:18.636 [Forwarding getElementAttribute on session 14f61660-7bcc-4279-b6a3-7163a94e0626 to remote] DEBUG o.a.netty.request.NettyRequestSender - Using pooled Channel '[id: 0x7c68b8df, L:/127.0.0.1:64390 - R:localhost/127.0.0.1:10889]' for 'POST' to 'http://localhost:10889/session/14f61660-7bcc-4279-b6a3-7163a94e0626/execute/sync'
15:50:18.636 [Forwarding getElementAttribute on session 14f61660-7bcc-4279-b6a3-7163a94e0626 to remote] DEBUG o.a.netty.request.NettyRequestSender - Using open Channel [id: 0x7c68b8df, L:/127.0.0.1:64390 - R:localhost/127.0.0.1:10889] for POST '/session/14f61660-7bcc-4279-b6a3-7163a94e0626/execute/sync'
15:50:18.649 [AsyncHttpClient-3-1] DEBUG o.a.netty.handler.HttpHandler - 

Request DefaultHttpRequest(decodeResult: success, version: HTTP/1.1)
POST /session/14f61660-7bcc-4279-b6a3-7163a94e0626/execute/sync HTTP/1.1
User-Agent: selenium/4.0.0-alpha-5 (java windows)
Content-Length: 39635
Content-Type: application/json; charset=utf-8
host: localhost:10889
accept: */*

Response DefaultHttpResponse(decodeResult: success, version: HTTP/1.1)
HTTP/1.1 200 OK
content-type: application/json; charset=utf-8
cache-control: no-cache
content-length: 15
date: Thu, 25 Jun 2020 12:50:18 GMT

15:50:18.649 [AsyncHttpClient-3-1] DEBUG o.a.netty.channel.ChannelManager - Adding key: http://localhost:10889 for channel [id: 0x7c68b8df, L:/127.0.0.1:64390 - R:localhost/127.0.0.1:10889]
15:50:18.650 [Forwarding findChildElement on session 14f61660-7bcc-4279-b6a3-7163a94e0626 to remote] DEBUG o.a.netty.request.NettyRequestSender - Using pooled Channel '[id: 0x7c68b8df, L:/127.0.0.1:64390 - R:localhost/127.0.0.1:10889]' for 'POST' to 'http://localhost:10889/session/14f61660-7bcc-4279-b6a3-7163a94e0626/element/13b93dc5-62e1-492c-9d92-b1e8f338ba8c/element'
15:50:18.650 [Forwarding findChildElement on session 14f61660-7bcc-4279-b6a3-7163a94e0626 to remote] DEBUG o.a.netty.request.NettyRequestSender - Using open Channel [id: 0x7c68b8df, L:/127.0.0.1:64390 - R:localhost/127.0.0.1:10889] for POST '/session/14f61660-7bcc-4279-b6a3-7163a94e0626/element/13b93dc5-62e1-492c-9d92-b1e8f338ba8c/element'
15:50:18.654 [AsyncHttpClient-3-1] DEBUG o.a.netty.handler.HttpHandler - 

Request DefaultHttpRequest(decodeResult: success, version: HTTP/1.1)
POST /session/14f61660-7bcc-4279-b6a3-7163a94e0626/element/13b93dc5-62e1-492c-9d92-b1e8f338ba8c/element HTTP/1.1
User-Agent: selenium/4.0.0-alpha-5 (java windows)
Content-Length: 103
Content-Type: application/json; charset=utf-8
host: localhost:10889
accept: */*

Response DefaultHttpResponse(decodeResult: success, version: HTTP/1.1)
HTTP/1.1 200 OK
content-type: application/json; charset=utf-8
cache-control: no-cache
content-length: 88
date: Thu, 25 Jun 2020 12:50:18 GMT

15:50:18.654 [AsyncHttpClient-3-1] DEBUG o.a.netty.channel.ChannelManager - Adding key: http://localhost:10889 for channel [id: 0x7c68b8df, L:/127.0.0.1:64390 - R:localhost/127.0.0.1:10889]
15:50:18.655 [Forwarding getElementText on session 14f61660-7bcc-4279-b6a3-7163a94e0626 to remote] DEBUG o.a.netty.request.NettyRequestSender - Using pooled Channel '[id: 0x7c68b8df, L:/127.0.0.1:64390 - R:localhost/127.0.0.1:10889]' for 'GET' to 'http://localhost:10889/session/14f61660-7bcc-4279-b6a3-7163a94e0626/element/5e6aa71f-5e50-4f06-afab-25a23d171ce0/text'
15:50:18.655 [Forwarding getElementText on session 14f61660-7bcc-4279-b6a3-7163a94e0626 to remote] DEBUG o.a.netty.request.NettyRequestSender - Using open Channel [id: 0x7c68b8df, L:/127.0.0.1:64390 - R:localhost/127.0.0.1:10889] for GET '/session/14f61660-7bcc-4279-b6a3-7163a94e0626/element/5e6aa71f-5e50-4f06-afab-25a23d171ce0/text'
15:50:18.659 [AsyncHttpClient-3-1] DEBUG o.a.netty.handler.HttpHandler - 

Request DefaultFullHttpRequest(decodeResult: success, version: HTTP/1.1, content: EmptyByteBufBE)
GET /session/14f61660-7bcc-4279-b6a3-7163a94e0626/element/5e6aa71f-5e50-4f06-afab-25a23d171ce0/text HTTP/1.1
User-Agent: selenium/4.0.0-alpha-5 (java windows)
Cache-Control: no-cache
host: localhost:10889
accept: */*

Response DefaultHttpResponse(decodeResult: success, version: HTTP/1.1)
HTTP/1.1 200 OK
content-type: application/json; charset=utf-8
cache-control: no-cache
content-length: 19
date: Thu, 25 Jun 2020 12:50:18 GMT

15:50:18.659 [AsyncHttpClient-3-1] DEBUG o.a.netty.channel.ChannelManager - Adding key: http://localhost:10889 for channel [id: 0x7c68b8df, L:/127.0.0.1:64390 - R:localhost/127.0.0.1:10889]
15:50:18.659 [Forwarding findChildElement on session 14f61660-7bcc-4279-b6a3-7163a94e0626 to remote] DEBUG o.a.netty.request.NettyRequestSender - Using pooled Channel '[id: 0x7c68b8df, L:/127.0.0.1:64390 - R:localhost/127.0.0.1:10889]' for 'POST' to 'http://localhost:10889/session/14f61660-7bcc-4279-b6a3-7163a94e0626/element/13b93dc5-62e1-492c-9d92-b1e8f338ba8c/element'
15:50:18.660 [Forwarding findChildElement on session 14f61660-7bcc-4279-b6a3-7163a94e0626 to remote] DEBUG o.a.netty.request.NettyRequestSender - Using open Channel [id: 0x7c68b8df, L:/127.0.0.1:64390 - R:localhost/127.0.0.1:10889] for POST '/session/14f61660-7bcc-4279-b6a3-7163a94e0626/element/13b93dc5-62e1-492c-9d92-b1e8f338ba8c/element'
15:50:18.663 [AsyncHttpClient-3-1] DEBUG o.a.netty.handler.HttpHandler - 

Request DefaultHttpRequest(decodeResult: success, version: HTTP/1.1)
POST /session/14f61660-7bcc-4279-b6a3-7163a94e0626/element/13b93dc5-62e1-492c-9d92-b1e8f338ba8c/element HTTP/1.1
User-Agent: selenium/4.0.0-alpha-5 (java windows)
Content-Length: 103
Content-Type: application/json; charset=utf-8
host: localhost:10889
accept: */*

Response DefaultHttpResponse(decodeResult: success, version: HTTP/1.1)
HTTP/1.1 200 OK
content-type: application/json; charset=utf-8
cache-control: no-cache
content-length: 88
date: Thu, 25 Jun 2020 12:50:18 GMT

15:50:18.663 [AsyncHttpClient-3-1] DEBUG o.a.netty.channel.ChannelManager - Adding key: http://localhost:10889 for channel [id: 0x7c68b8df, L:/127.0.0.1:64390 - R:localhost/127.0.0.1:10889]
15:50:18.664 [Forwarding getElementText on session 14f61660-7bcc-4279-b6a3-7163a94e0626 to remote] DEBUG o.a.netty.request.NettyRequestSender - Using pooled Channel '[id: 0x7c68b8df, L:/127.0.0.1:64390 - R:localhost/127.0.0.1:10889]' for 'GET' to 'http://localhost:10889/session/14f61660-7bcc-4279-b6a3-7163a94e0626/element/9029eca9-1086-4ce8-9c01-aec5165a6877/text'
15:50:18.664 [Forwarding getElementText on session 14f61660-7bcc-4279-b6a3-7163a94e0626 to remote] DEBUG o.a.netty.request.NettyRequestSender - Using open Channel [id: 0x7c68b8df, L:/127.0.0.1:64390 - R:localhost/127.0.0.1:10889] for GET '/session/14f61660-7bcc-4279-b6a3-7163a94e0626/element/9029eca9-1086-4ce8-9c01-aec5165a6877/text'
15:50:18.667 [AsyncHttpClient-3-1] DEBUG o.a.netty.handler.HttpHandler - 

Request DefaultFullHttpRequest(decodeResult: success, version: HTTP/1.1, content: EmptyByteBufBE)
GET /session/14f61660-7bcc-4279-b6a3-7163a94e0626/element/9029eca9-1086-4ce8-9c01-aec5165a6877/text HTTP/1.1
User-Agent: selenium/4.0.0-alpha-5 (java windows)
Cache-Control: no-cache
host: localhost:10889
accept: */*

Response DefaultHttpResponse(decodeResult: success, version: HTTP/1.1)
HTTP/1.1 200 OK
content-type: application/json; charset=utf-8
cache-control: no-cache
content-length: 17
date: Thu, 25 Jun 2020 12:50:18 GMT

15:50:18.668 [AsyncHttpClient-3-1] DEBUG o.a.netty.channel.ChannelManager - Adding key: http://localhost:10889 for channel [id: 0x7c68b8df, L:/127.0.0.1:64390 - R:localhost/127.0.0.1:10889]
15:50:18.668 [Forwarding findChildElement on session 14f61660-7bcc-4279-b6a3-7163a94e0626 to remote] DEBUG o.a.netty.request.NettyRequestSender - Using pooled Channel '[id: 0x7c68b8df, L:/127.0.0.1:64390 - R:localhost/127.0.0.1:10889]' for 'POST' to 'http://localhost:10889/session/14f61660-7bcc-4279-b6a3-7163a94e0626/element/13b93dc5-62e1-492c-9d92-b1e8f338ba8c/element'
15:50:18.668 [Forwarding findChildElement on session 14f61660-7bcc-4279-b6a3-7163a94e0626 to remote] DEBUG o.a.netty.request.NettyRequestSender - Using open Channel [id: 0x7c68b8df, L:/127.0.0.1:64390 - R:localhost/127.0.0.1:10889] for POST '/session/14f61660-7bcc-4279-b6a3-7163a94e0626/element/13b93dc5-62e1-492c-9d92-b1e8f338ba8c/element'
15:50:18.671 [AsyncHttpClient-3-1] DEBUG o.a.netty.handler.HttpHandler - 

Request DefaultHttpRequest(decodeResult: success, version: HTTP/1.1)
POST /session/14f61660-7bcc-4279-b6a3-7163a94e0626/element/13b93dc5-62e1-492c-9d92-b1e8f338ba8c/element HTTP/1.1
User-Agent: selenium/4.0.0-alpha-5 (java windows)
Content-Length: 103
Content-Type: application/json; charset=utf-8
host: localhost:10889
accept: */*

Response DefaultHttpResponse(decodeResult: success, version: HTTP/1.1)
HTTP/1.1 200 OK
content-type: application/json; charset=utf-8
cache-control: no-cache
content-length: 88
date: Thu, 25 Jun 2020 12:50:18 GMT

15:50:18.672 [AsyncHttpClient-3-1] DEBUG o.a.netty.channel.ChannelManager - Adding key: http://localhost:10889 for channel [id: 0x7c68b8df, L:/127.0.0.1:64390 - R:localhost/127.0.0.1:10889]
15:50:18.672 [Forwarding getElementText on session 14f61660-7bcc-4279-b6a3-7163a94e0626 to remote] DEBUG o.a.netty.request.NettyRequestSender - Using pooled Channel '[id: 0x7c68b8df, L:/127.0.0.1:64390 - R:localhost/127.0.0.1:10889]' for 'GET' to 'http://localhost:10889/session/14f61660-7bcc-4279-b6a3-7163a94e0626/element/69813659-cd13-4b3a-90f1-028a3ff0dda7/text'
15:50:18.672 [Forwarding getElementText on session 14f61660-7bcc-4279-b6a3-7163a94e0626 to remote] DEBUG o.a.netty.request.NettyRequestSender - Using open Channel [id: 0x7c68b8df, L:/127.0.0.1:64390 - R:localhost/127.0.0.1:10889] for GET '/session/14f61660-7bcc-4279-b6a3-7163a94e0626/element/69813659-cd13-4b3a-90f1-028a3ff0dda7/text'
15:50:18.677 [AsyncHttpClient-3-1] DEBUG o.a.netty.handler.HttpHandler - 

Request DefaultFullHttpRequest(decodeResult: success, version: HTTP/1.1, content: EmptyByteBufBE)
GET /session/14f61660-7bcc-4279-b6a3-7163a94e0626/element/69813659-cd13-4b3a-90f1-028a3ff0dda7/text HTTP/1.1
User-Agent: selenium/4.0.0-alpha-5 (java windows)
Cache-Control: no-cache
host: localhost:10889
accept: */*

Response DefaultHttpResponse(decodeResult: success, version: HTTP/1.1)
HTTP/1.1 200 OK
content-type: application/json; charset=utf-8
cache-control: no-cache
content-length: 23
date: Thu, 25 Jun 2020 12:50:18 GMT

15:50:18.677 [AsyncHttpClient-3-1] DEBUG o.a.netty.channel.ChannelManager - Adding key: http://localhost:10889 for channel [id: 0x7c68b8df, L:/127.0.0.1:64390 - R:localhost/127.0.0.1:10889]
15:50:18.677 [Forwarding findChildElement on session 14f61660-7bcc-4279-b6a3-7163a94e0626 to remote] DEBUG o.a.netty.request.NettyRequestSender - Using pooled Channel '[id: 0x7c68b8df, L:/127.0.0.1:64390 - R:localhost/127.0.0.1:10889]' for 'POST' to 'http://localhost:10889/session/14f61660-7bcc-4279-b6a3-7163a94e0626/element/13b93dc5-62e1-492c-9d92-b1e8f338ba8c/element'
15:50:18.677 [Forwarding findChildElement on session 14f61660-7bcc-4279-b6a3-7163a94e0626 to remote] DEBUG o.a.netty.request.NettyRequestSender - Using open Channel [id: 0x7c68b8df, L:/127.0.0.1:64390 - R:localhost/127.0.0.1:10889] for POST '/session/14f61660-7bcc-4279-b6a3-7163a94e0626/element/13b93dc5-62e1-492c-9d92-b1e8f338ba8c/element'
15:50:18.681 [AsyncHttpClient-3-1] DEBUG o.a.netty.handler.HttpHandler - 

Request DefaultHttpRequest(decodeResult: success, version: HTTP/1.1)
POST /session/14f61660-7bcc-4279-b6a3-7163a94e0626/element/13b93dc5-62e1-492c-9d92-b1e8f338ba8c/element HTTP/1.1
User-Agent: selenium/4.0.0-alpha-5 (java windows)
Content-Length: 103
Content-Type: application/json; charset=utf-8
host: localhost:10889
accept: */*

Response DefaultHttpResponse(decodeResult: success, version: HTTP/1.1)
HTTP/1.1 200 OK
content-type: application/json; charset=utf-8
cache-control: no-cache
content-length: 88
date: Thu, 25 Jun 2020 12:50:18 GMT

15:50:18.681 [AsyncHttpClient-3-1] DEBUG o.a.netty.channel.ChannelManager - Adding key: http://localhost:10889 for channel [id: 0x7c68b8df, L:/127.0.0.1:64390 - R:localhost/127.0.0.1:10889]
15:50:18.681 [Forwarding getElementText on session 14f61660-7bcc-4279-b6a3-7163a94e0626 to remote] DEBUG o.a.netty.request.NettyRequestSender - Using pooled Channel '[id: 0x7c68b8df, L:/127.0.0.1:64390 - R:localhost/127.0.0.1:10889]' for 'GET' to 'http://localhost:10889/session/14f61660-7bcc-4279-b6a3-7163a94e0626/element/32f1a930-6643-4546-8784-b24f60761c55/text'
15:50:18.681 [Forwarding getElementText on session 14f61660-7bcc-4279-b6a3-7163a94e0626 to remote] DEBUG o.a.netty.request.NettyRequestSender - Using open Channel [id: 0x7c68b8df, L:/127.0.0.1:64390 - R:localhost/127.0.0.1:10889] for GET '/session/14f61660-7bcc-4279-b6a3-7163a94e0626/element/32f1a930-6643-4546-8784-b24f60761c55/text'
15:50:18.685 [AsyncHttpClient-3-1] DEBUG o.a.netty.handler.HttpHandler - 

Request DefaultFullHttpRequest(decodeResult: success, version: HTTP/1.1, content: EmptyByteBufBE)
GET /session/14f61660-7bcc-4279-b6a3-7163a94e0626/element/32f1a930-6643-4546-8784-b24f60761c55/text HTTP/1.1
User-Agent: selenium/4.0.0-alpha-5 (java windows)
Cache-Control: no-cache
host: localhost:10889
accept: */*

Response DefaultHttpResponse(decodeResult: success, version: HTTP/1.1)
HTTP/1.1 200 OK
content-type: application/json; charset=utf-8
cache-control: no-cache
content-length: 19
date: Thu, 25 Jun 2020 12:50:18 GMT

15:50:18.685 [AsyncHttpClient-3-1] DEBUG o.a.netty.channel.ChannelManager - Adding key: http://localhost:10889 for channel [id: 0x7c68b8df, L:/127.0.0.1:64390 - R:localhost/127.0.0.1:10889]
15:50:18.686 [Forwarding findChildElement on session 14f61660-7bcc-4279-b6a3-7163a94e0626 to remote] DEBUG o.a.netty.request.NettyRequestSender - Using pooled Channel '[id: 0x7c68b8df, L:/127.0.0.1:64390 - R:localhost/127.0.0.1:10889]' for 'POST' to 'http://localhost:10889/session/14f61660-7bcc-4279-b6a3-7163a94e0626/element/13b93dc5-62e1-492c-9d92-b1e8f338ba8c/element'
15:50:18.686 [Forwarding findChildElement on session 14f61660-7bcc-4279-b6a3-7163a94e0626 to remote] DEBUG o.a.netty.request.NettyRequestSender - Using open Channel [id: 0x7c68b8df, L:/127.0.0.1:64390 - R:localhost/127.0.0.1:10889] for POST '/session/14f61660-7bcc-4279-b6a3-7163a94e0626/element/13b93dc5-62e1-492c-9d92-b1e8f338ba8c/element'
15:50:18.690 [AsyncHttpClient-3-1] DEBUG o.a.netty.handler.HttpHandler - 

Request DefaultHttpRequest(decodeResult: success, version: HTTP/1.1)
POST /session/14f61660-7bcc-4279-b6a3-7163a94e0626/element/13b93dc5-62e1-492c-9d92-b1e8f338ba8c/element HTTP/1.1
User-Agent: selenium/4.0.0-alpha-5 (java windows)
Content-Length: 103
Content-Type: application/json; charset=utf-8
host: localhost:10889
accept: */*

Response DefaultHttpResponse(decodeResult: success, version: HTTP/1.1)
HTTP/1.1 200 OK
content-type: application/json; charset=utf-8
cache-control: no-cache
content-length: 88
date: Thu, 25 Jun 2020 12:50:18 GMT

15:50:18.690 [AsyncHttpClient-3-1] DEBUG o.a.netty.channel.ChannelManager - Adding key: http://localhost:10889 for channel [id: 0x7c68b8df, L:/127.0.0.1:64390 - R:localhost/127.0.0.1:10889]
15:50:18.690 [Forwarding getElementText on session 14f61660-7bcc-4279-b6a3-7163a94e0626 to remote] DEBUG o.a.netty.request.NettyRequestSender - Using pooled Channel '[id: 0x7c68b8df, L:/127.0.0.1:64390 - R:localhost/127.0.0.1:10889]' for 'GET' to 'http://localhost:10889/session/14f61660-7bcc-4279-b6a3-7163a94e0626/element/6713628d-30ea-4c8e-ab25-30ca7d531ca4/text'
15:50:18.690 [Forwarding getElementText on session 14f61660-7bcc-4279-b6a3-7163a94e0626 to remote] DEBUG o.a.netty.request.NettyRequestSender - Using open Channel [id: 0x7c68b8df, L:/127.0.0.1:64390 - R:localhost/127.0.0.1:10889] for GET '/session/14f61660-7bcc-4279-b6a3-7163a94e0626/element/6713628d-30ea-4c8e-ab25-30ca7d531ca4/text'
15:50:18.695 [AsyncHttpClient-3-1] DEBUG o.a.netty.handler.HttpHandler - 

Request DefaultFullHttpRequest(decodeResult: success, version: HTTP/1.1, content: EmptyByteBufBE)
GET /session/14f61660-7bcc-4279-b6a3-7163a94e0626/element/6713628d-30ea-4c8e-ab25-30ca7d531ca4/text HTTP/1.1
User-Agent: selenium/4.0.0-alpha-5 (java windows)
Cache-Control: no-cache
host: localhost:10889
accept: */*

Response DefaultHttpResponse(decodeResult: success, version: HTTP/1.1)
HTTP/1.1 200 OK
content-type: application/json; charset=utf-8
cache-control: no-cache
content-length: 28
date: Thu, 25 Jun 2020 12:50:18 GMT

15:50:18.695 [AsyncHttpClient-3-1] DEBUG o.a.netty.channel.ChannelManager - Adding key: http://localhost:10889 for channel [id: 0x7c68b8df, L:/127.0.0.1:64390 - R:localhost/127.0.0.1:10889]
15:50:18.696 [Forwarding findChildElement on session 14f61660-7bcc-4279-b6a3-7163a94e0626 to remote] DEBUG o.a.netty.request.NettyRequestSender - Using pooled Channel '[id: 0x7c68b8df, L:/127.0.0.1:64390 - R:localhost/127.0.0.1:10889]' for 'POST' to 'http://localhost:10889/session/14f61660-7bcc-4279-b6a3-7163a94e0626/element/13b93dc5-62e1-492c-9d92-b1e8f338ba8c/element'
15:50:18.696 [Forwarding findChildElement on session 14f61660-7bcc-4279-b6a3-7163a94e0626 to remote] DEBUG o.a.netty.request.NettyRequestSender - Using open Channel [id: 0x7c68b8df, L:/127.0.0.1:64390 - R:localhost/127.0.0.1:10889] for POST '/session/14f61660-7bcc-4279-b6a3-7163a94e0626/element/13b93dc5-62e1-492c-9d92-b1e8f338ba8c/element'
15:50:18.699 [AsyncHttpClient-3-1] DEBUG o.a.netty.handler.HttpHandler - 

Request DefaultHttpRequest(decodeResult: success, version: HTTP/1.1)
POST /session/14f61660-7bcc-4279-b6a3-7163a94e0626/element/13b93dc5-62e1-492c-9d92-b1e8f338ba8c/element HTTP/1.1
User-Agent: selenium/4.0.0-alpha-5 (java windows)
Content-Length: 97
Content-Type: application/json; charset=utf-8
host: localhost:10889
accept: */*

Response DefaultHttpResponse(decodeResult: success, version: HTTP/1.1)
HTTP/1.1 200 OK
content-type: application/json; charset=utf-8
cache-control: no-cache
content-length: 88
date: Thu, 25 Jun 2020 12:50:18 GMT

15:50:18.699 [AsyncHttpClient-3-1] DEBUG o.a.netty.channel.ChannelManager - Adding key: http://localhost:10889 for channel [id: 0x7c68b8df, L:/127.0.0.1:64390 - R:localhost/127.0.0.1:10889]
15:50:18.702 [Forwarding getElementAttribute on session 14f61660-7bcc-4279-b6a3-7163a94e0626 to remote] DEBUG o.a.netty.request.NettyRequestSender - Using pooled Channel '[id: 0x7c68b8df, L:/127.0.0.1:64390 - R:localhost/127.0.0.1:10889]' for 'POST' to 'http://localhost:10889/session/14f61660-7bcc-4279-b6a3-7163a94e0626/execute/sync'
15:50:18.702 [Forwarding getElementAttribute on session 14f61660-7bcc-4279-b6a3-7163a94e0626 to remote] DEBUG o.a.netty.request.NettyRequestSender - Using open Channel [id: 0x7c68b8df, L:/127.0.0.1:64390 - R:localhost/127.0.0.1:10889] for POST '/session/14f61660-7bcc-4279-b6a3-7163a94e0626/execute/sync'
15:50:18.719 [AsyncHttpClient-3-1] DEBUG o.a.netty.handler.HttpHandler - 

Request DefaultHttpRequest(decodeResult: success, version: HTTP/1.1)
POST /session/14f61660-7bcc-4279-b6a3-7163a94e0626/execute/sync HTTP/1.1
User-Agent: selenium/4.0.0-alpha-5 (java windows)
Content-Length: 39635
Content-Type: application/json; charset=utf-8
host: localhost:10889
accept: */*

Response DefaultHttpResponse(decodeResult: success, version: HTTP/1.1)
HTTP/1.1 200 OK
content-type: application/json; charset=utf-8
cache-control: no-cache
content-length: 15
date: Thu, 25 Jun 2020 12:50:18 GMT

15:50:18.719 [AsyncHttpClient-3-1] DEBUG o.a.netty.channel.ChannelManager - Adding key: http://localhost:10889 for channel [id: 0x7c68b8df, L:/127.0.0.1:64390 - R:localhost/127.0.0.1:10889]
15:50:18.720 [Forwarding findChildElement on session 14f61660-7bcc-4279-b6a3-7163a94e0626 to remote] DEBUG o.a.netty.request.NettyRequestSender - Using pooled Channel '[id: 0x7c68b8df, L:/127.0.0.1:64390 - R:localhost/127.0.0.1:10889]' for 'POST' to 'http://localhost:10889/session/14f61660-7bcc-4279-b6a3-7163a94e0626/element/3076d6cd-21af-4979-9d13-126e38ee7511/element'
15:50:18.720 [Forwarding findChildElement on session 14f61660-7bcc-4279-b6a3-7163a94e0626 to remote] DEBUG o.a.netty.request.NettyRequestSender - Using open Channel [id: 0x7c68b8df, L:/127.0.0.1:64390 - R:localhost/127.0.0.1:10889] for POST '/session/14f61660-7bcc-4279-b6a3-7163a94e0626/element/3076d6cd-21af-4979-9d13-126e38ee7511/element'
15:50:18.724 [AsyncHttpClient-3-1] DEBUG o.a.netty.handler.HttpHandler - 

Request DefaultHttpRequest(decodeResult: success, version: HTTP/1.1)
POST /session/14f61660-7bcc-4279-b6a3-7163a94e0626/element/3076d6cd-21af-4979-9d13-126e38ee7511/element HTTP/1.1
User-Agent: selenium/4.0.0-alpha-5 (java windows)
Content-Length: 103
Content-Type: application/json; charset=utf-8
host: localhost:10889
accept: */*

Response DefaultHttpResponse(decodeResult: success, version: HTTP/1.1)
HTTP/1.1 200 OK
content-type: application/json; charset=utf-8
cache-control: no-cache
content-length: 88
date: Thu, 25 Jun 2020 12:50:18 GMT

15:50:18.724 [AsyncHttpClient-3-1] DEBUG o.a.netty.channel.ChannelManager - Adding key: http://localhost:10889 for channel [id: 0x7c68b8df, L:/127.0.0.1:64390 - R:localhost/127.0.0.1:10889]
15:50:18.724 [Forwarding getElementText on session 14f61660-7bcc-4279-b6a3-7163a94e0626 to remote] DEBUG o.a.netty.request.NettyRequestSender - Using pooled Channel '[id: 0x7c68b8df, L:/127.0.0.1:64390 - R:localhost/127.0.0.1:10889]' for 'GET' to 'http://localhost:10889/session/14f61660-7bcc-4279-b6a3-7163a94e0626/element/09ffebd0-6337-4351-91dc-949ce1b11ccd/text'
15:50:18.724 [Forwarding getElementText on session 14f61660-7bcc-4279-b6a3-7163a94e0626 to remote] DEBUG o.a.netty.request.NettyRequestSender - Using open Channel [id: 0x7c68b8df, L:/127.0.0.1:64390 - R:localhost/127.0.0.1:10889] for GET '/session/14f61660-7bcc-4279-b6a3-7163a94e0626/element/09ffebd0-6337-4351-91dc-949ce1b11ccd/text'
15:50:18.728 [AsyncHttpClient-3-1] DEBUG o.a.netty.handler.HttpHandler - 

Request DefaultFullHttpRequest(decodeResult: success, version: HTTP/1.1, content: EmptyByteBufBE)
GET /session/14f61660-7bcc-4279-b6a3-7163a94e0626/element/09ffebd0-6337-4351-91dc-949ce1b11ccd/text HTTP/1.1
User-Agent: selenium/4.0.0-alpha-5 (java windows)
Cache-Control: no-cache
host: localhost:10889
accept: */*

Response DefaultHttpResponse(decodeResult: success, version: HTTP/1.1)
HTTP/1.1 200 OK
content-type: application/json; charset=utf-8
cache-control: no-cache
content-length: 19
date: Thu, 25 Jun 2020 12:50:18 GMT

15:50:18.729 [AsyncHttpClient-3-1] DEBUG o.a.netty.channel.ChannelManager - Adding key: http://localhost:10889 for channel [id: 0x7c68b8df, L:/127.0.0.1:64390 - R:localhost/127.0.0.1:10889]
15:50:18.729 [Forwarding findChildElement on session 14f61660-7bcc-4279-b6a3-7163a94e0626 to remote] DEBUG o.a.netty.request.NettyRequestSender - Using pooled Channel '[id: 0x7c68b8df, L:/127.0.0.1:64390 - R:localhost/127.0.0.1:10889]' for 'POST' to 'http://localhost:10889/session/14f61660-7bcc-4279-b6a3-7163a94e0626/element/3076d6cd-21af-4979-9d13-126e38ee7511/element'
15:50:18.729 [Forwarding findChildElement on session 14f61660-7bcc-4279-b6a3-7163a94e0626 to remote] DEBUG o.a.netty.request.NettyRequestSender - Using open Channel [id: 0x7c68b8df, L:/127.0.0.1:64390 - R:localhost/127.0.0.1:10889] for POST '/session/14f61660-7bcc-4279-b6a3-7163a94e0626/element/3076d6cd-21af-4979-9d13-126e38ee7511/element'
15:50:18.733 [AsyncHttpClient-3-1] DEBUG o.a.netty.handler.HttpHandler - 

Request DefaultHttpRequest(decodeResult: success, version: HTTP/1.1)
POST /session/14f61660-7bcc-4279-b6a3-7163a94e0626/element/3076d6cd-21af-4979-9d13-126e38ee7511/element HTTP/1.1
User-Agent: selenium/4.0.0-alpha-5 (java windows)
Content-Length: 103
Content-Type: application/json; charset=utf-8
host: localhost:10889
accept: */*

Response DefaultHttpResponse(decodeResult: success, version: HTTP/1.1)
HTTP/1.1 200 OK
content-type: application/json; charset=utf-8
cache-control: no-cache
content-length: 88
date: Thu, 25 Jun 2020 12:50:18 GMT

15:50:18.733 [AsyncHttpClient-3-1] DEBUG o.a.netty.channel.ChannelManager - Adding key: http://localhost:10889 for channel [id: 0x7c68b8df, L:/127.0.0.1:64390 - R:localhost/127.0.0.1:10889]
15:50:18.734 [Forwarding getElementText on session 14f61660-7bcc-4279-b6a3-7163a94e0626 to remote] DEBUG o.a.netty.request.NettyRequestSender - Using pooled Channel '[id: 0x7c68b8df, L:/127.0.0.1:64390 - R:localhost/127.0.0.1:10889]' for 'GET' to 'http://localhost:10889/session/14f61660-7bcc-4279-b6a3-7163a94e0626/element/d1ac4964-a511-403d-97d2-68e02dc9b7a3/text'
15:50:18.734 [Forwarding getElementText on session 14f61660-7bcc-4279-b6a3-7163a94e0626 to remote] DEBUG o.a.netty.request.NettyRequestSender - Using open Channel [id: 0x7c68b8df, L:/127.0.0.1:64390 - R:localhost/127.0.0.1:10889] for GET '/session/14f61660-7bcc-4279-b6a3-7163a94e0626/element/d1ac4964-a511-403d-97d2-68e02dc9b7a3/text'
15:50:18.738 [AsyncHttpClient-3-1] DEBUG o.a.netty.handler.HttpHandler - 

Request DefaultFullHttpRequest(decodeResult: success, version: HTTP/1.1, content: EmptyByteBufBE)
GET /session/14f61660-7bcc-4279-b6a3-7163a94e0626/element/d1ac4964-a511-403d-97d2-68e02dc9b7a3/text HTTP/1.1
User-Agent: selenium/4.0.0-alpha-5 (java windows)
Cache-Control: no-cache
host: localhost:10889
accept: */*

Response DefaultHttpResponse(decodeResult: success, version: HTTP/1.1)
HTTP/1.1 200 OK
content-type: application/json; charset=utf-8
cache-control: no-cache
content-length: 17
date: Thu, 25 Jun 2020 12:50:18 GMT

15:50:18.738 [AsyncHttpClient-3-1] DEBUG o.a.netty.channel.ChannelManager - Adding key: http://localhost:10889 for channel [id: 0x7c68b8df, L:/127.0.0.1:64390 - R:localhost/127.0.0.1:10889]
15:50:18.739 [Forwarding findChildElement on session 14f61660-7bcc-4279-b6a3-7163a94e0626 to remote] DEBUG o.a.netty.request.NettyRequestSender - Using pooled Channel '[id: 0x7c68b8df, L:/127.0.0.1:64390 - R:localhost/127.0.0.1:10889]' for 'POST' to 'http://localhost:10889/session/14f61660-7bcc-4279-b6a3-7163a94e0626/element/3076d6cd-21af-4979-9d13-126e38ee7511/element'
15:50:18.739 [Forwarding findChildElement on session 14f61660-7bcc-4279-b6a3-7163a94e0626 to remote] DEBUG o.a.netty.request.NettyRequestSender - Using open Channel [id: 0x7c68b8df, L:/127.0.0.1:64390 - R:localhost/127.0.0.1:10889] for POST '/session/14f61660-7bcc-4279-b6a3-7163a94e0626/element/3076d6cd-21af-4979-9d13-126e38ee7511/element'
15:50:18.743 [AsyncHttpClient-3-1] DEBUG o.a.netty.handler.HttpHandler - 

Request DefaultHttpRequest(decodeResult: success, version: HTTP/1.1)
POST /session/14f61660-7bcc-4279-b6a3-7163a94e0626/element/3076d6cd-21af-4979-9d13-126e38ee7511/element HTTP/1.1
User-Agent: selenium/4.0.0-alpha-5 (java windows)
Content-Length: 103
Content-Type: application/json; charset=utf-8
host: localhost:10889
accept: */*

Response DefaultHttpResponse(decodeResult: success, version: HTTP/1.1)
HTTP/1.1 200 OK
content-type: application/json; charset=utf-8
cache-control: no-cache
content-length: 88
date: Thu, 25 Jun 2020 12:50:18 GMT

15:50:18.743 [AsyncHttpClient-3-1] DEBUG o.a.netty.channel.ChannelManager - Adding key: http://localhost:10889 for channel [id: 0x7c68b8df, L:/127.0.0.1:64390 - R:localhost/127.0.0.1:10889]
15:50:18.743 [Forwarding getElementText on session 14f61660-7bcc-4279-b6a3-7163a94e0626 to remote] DEBUG o.a.netty.request.NettyRequestSender - Using pooled Channel '[id: 0x7c68b8df, L:/127.0.0.1:64390 - R:localhost/127.0.0.1:10889]' for 'GET' to 'http://localhost:10889/session/14f61660-7bcc-4279-b6a3-7163a94e0626/element/9bac0923-acf7-479f-9737-d301244b364e/text'
15:50:18.743 [Forwarding getElementText on session 14f61660-7bcc-4279-b6a3-7163a94e0626 to remote] DEBUG o.a.netty.request.NettyRequestSender - Using open Channel [id: 0x7c68b8df, L:/127.0.0.1:64390 - R:localhost/127.0.0.1:10889] for GET '/session/14f61660-7bcc-4279-b6a3-7163a94e0626/element/9bac0923-acf7-479f-9737-d301244b364e/text'
15:50:18.747 [AsyncHttpClient-3-1] DEBUG o.a.netty.handler.HttpHandler - 

Request DefaultFullHttpRequest(decodeResult: success, version: HTTP/1.1, content: EmptyByteBufBE)
GET /session/14f61660-7bcc-4279-b6a3-7163a94e0626/element/9bac0923-acf7-479f-9737-d301244b364e/text HTTP/1.1
User-Agent: selenium/4.0.0-alpha-5 (java windows)
Cache-Control: no-cache
host: localhost:10889
accept: */*

Response DefaultHttpResponse(decodeResult: success, version: HTTP/1.1)
HTTP/1.1 200 OK
content-type: application/json; charset=utf-8
cache-control: no-cache
content-length: 23
date: Thu, 25 Jun 2020 12:50:18 GMT

15:50:18.748 [AsyncHttpClient-3-1] DEBUG o.a.netty.channel.ChannelManager - Adding key: http://localhost:10889 for channel [id: 0x7c68b8df, L:/127.0.0.1:64390 - R:localhost/127.0.0.1:10889]
15:50:18.748 [Forwarding findChildElement on session 14f61660-7bcc-4279-b6a3-7163a94e0626 to remote] DEBUG o.a.netty.request.NettyRequestSender - Using pooled Channel '[id: 0x7c68b8df, L:/127.0.0.1:64390 - R:localhost/127.0.0.1:10889]' for 'POST' to 'http://localhost:10889/session/14f61660-7bcc-4279-b6a3-7163a94e0626/element/3076d6cd-21af-4979-9d13-126e38ee7511/element'
15:50:18.748 [Forwarding findChildElement on session 14f61660-7bcc-4279-b6a3-7163a94e0626 to remote] DEBUG o.a.netty.request.NettyRequestSender - Using open Channel [id: 0x7c68b8df, L:/127.0.0.1:64390 - R:localhost/127.0.0.1:10889] for POST '/session/14f61660-7bcc-4279-b6a3-7163a94e0626/element/3076d6cd-21af-4979-9d13-126e38ee7511/element'
15:50:18.752 [AsyncHttpClient-3-1] DEBUG o.a.netty.handler.HttpHandler - 

Request DefaultHttpRequest(decodeResult: success, version: HTTP/1.1)
POST /session/14f61660-7bcc-4279-b6a3-7163a94e0626/element/3076d6cd-21af-4979-9d13-126e38ee7511/element HTTP/1.1
User-Agent: selenium/4.0.0-alpha-5 (java windows)
Content-Length: 103
Content-Type: application/json; charset=utf-8
host: localhost:10889
accept: */*

Response DefaultHttpResponse(decodeResult: success, version: HTTP/1.1)
HTTP/1.1 200 OK
content-type: application/json; charset=utf-8
cache-control: no-cache
content-length: 88
date: Thu, 25 Jun 2020 12:50:18 GMT

15:50:18.752 [AsyncHttpClient-3-1] DEBUG o.a.netty.channel.ChannelManager - Adding key: http://localhost:10889 for channel [id: 0x7c68b8df, L:/127.0.0.1:64390 - R:localhost/127.0.0.1:10889]
15:50:18.752 [Forwarding getElementText on session 14f61660-7bcc-4279-b6a3-7163a94e0626 to remote] DEBUG o.a.netty.request.NettyRequestSender - Using pooled Channel '[id: 0x7c68b8df, L:/127.0.0.1:64390 - R:localhost/127.0.0.1:10889]' for 'GET' to 'http://localhost:10889/session/14f61660-7bcc-4279-b6a3-7163a94e0626/element/df0603bc-b2b1-4e63-a175-e0cba1590e26/text'
15:50:18.752 [Forwarding getElementText on session 14f61660-7bcc-4279-b6a3-7163a94e0626 to remote] DEBUG o.a.netty.request.NettyRequestSender - Using open Channel [id: 0x7c68b8df, L:/127.0.0.1:64390 - R:localhost/127.0.0.1:10889] for GET '/session/14f61660-7bcc-4279-b6a3-7163a94e0626/element/df0603bc-b2b1-4e63-a175-e0cba1590e26/text'
15:50:18.756 [AsyncHttpClient-3-1] DEBUG o.a.netty.handler.HttpHandler - 

Request DefaultFullHttpRequest(decodeResult: success, version: HTTP/1.1, content: EmptyByteBufBE)
GET /session/14f61660-7bcc-4279-b6a3-7163a94e0626/element/df0603bc-b2b1-4e63-a175-e0cba1590e26/text HTTP/1.1
User-Agent: selenium/4.0.0-alpha-5 (java windows)
Cache-Control: no-cache
host: localhost:10889
accept: */*

Response DefaultHttpResponse(decodeResult: success, version: HTTP/1.1)
HTTP/1.1 200 OK
content-type: application/json; charset=utf-8
cache-control: no-cache
content-length: 19
date: Thu, 25 Jun 2020 12:50:18 GMT

15:50:18.757 [AsyncHttpClient-3-1] DEBUG o.a.netty.channel.ChannelManager - Adding key: http://localhost:10889 for channel [id: 0x7c68b8df, L:/127.0.0.1:64390 - R:localhost/127.0.0.1:10889]
15:50:18.757 [Forwarding findChildElement on session 14f61660-7bcc-4279-b6a3-7163a94e0626 to remote] DEBUG o.a.netty.request.NettyRequestSender - Using pooled Channel '[id: 0x7c68b8df, L:/127.0.0.1:64390 - R:localhost/127.0.0.1:10889]' for 'POST' to 'http://localhost:10889/session/14f61660-7bcc-4279-b6a3-7163a94e0626/element/3076d6cd-21af-4979-9d13-126e38ee7511/element'
15:50:18.757 [Forwarding findChildElement on session 14f61660-7bcc-4279-b6a3-7163a94e0626 to remote] DEBUG o.a.netty.request.NettyRequestSender - Using open Channel [id: 0x7c68b8df, L:/127.0.0.1:64390 - R:localhost/127.0.0.1:10889] for POST '/session/14f61660-7bcc-4279-b6a3-7163a94e0626/element/3076d6cd-21af-4979-9d13-126e38ee7511/element'
15:50:18.761 [AsyncHttpClient-3-1] DEBUG o.a.netty.handler.HttpHandler - 

Request DefaultHttpRequest(decodeResult: success, version: HTTP/1.1)
POST /session/14f61660-7bcc-4279-b6a3-7163a94e0626/element/3076d6cd-21af-4979-9d13-126e38ee7511/element HTTP/1.1
User-Agent: selenium/4.0.0-alpha-5 (java windows)
Content-Length: 103
Content-Type: application/json; charset=utf-8
host: localhost:10889
accept: */*

Response DefaultHttpResponse(decodeResult: success, version: HTTP/1.1)
HTTP/1.1 200 OK
content-type: application/json; charset=utf-8
cache-control: no-cache
content-length: 88
date: Thu, 25 Jun 2020 12:50:18 GMT

15:50:18.761 [AsyncHttpClient-3-1] DEBUG o.a.netty.channel.ChannelManager - Adding key: http://localhost:10889 for channel [id: 0x7c68b8df, L:/127.0.0.1:64390 - R:localhost/127.0.0.1:10889]
15:50:18.761 [Forwarding getElementText on session 14f61660-7bcc-4279-b6a3-7163a94e0626 to remote] DEBUG o.a.netty.request.NettyRequestSender - Using pooled Channel '[id: 0x7c68b8df, L:/127.0.0.1:64390 - R:localhost/127.0.0.1:10889]' for 'GET' to 'http://localhost:10889/session/14f61660-7bcc-4279-b6a3-7163a94e0626/element/54afb018-6ddb-4874-a005-f7ce5d1ffac0/text'
15:50:18.761 [Forwarding getElementText on session 14f61660-7bcc-4279-b6a3-7163a94e0626 to remote] DEBUG o.a.netty.request.NettyRequestSender - Using open Channel [id: 0x7c68b8df, L:/127.0.0.1:64390 - R:localhost/127.0.0.1:10889] for GET '/session/14f61660-7bcc-4279-b6a3-7163a94e0626/element/54afb018-6ddb-4874-a005-f7ce5d1ffac0/text'
15:50:18.766 [AsyncHttpClient-3-1] DEBUG o.a.netty.handler.HttpHandler - 

Request DefaultFullHttpRequest(decodeResult: success, version: HTTP/1.1, content: EmptyByteBufBE)
GET /session/14f61660-7bcc-4279-b6a3-7163a94e0626/element/54afb018-6ddb-4874-a005-f7ce5d1ffac0/text HTTP/1.1
User-Agent: selenium/4.0.0-alpha-5 (java windows)
Cache-Control: no-cache
host: localhost:10889
accept: */*

Response DefaultHttpResponse(decodeResult: success, version: HTTP/1.1)
HTTP/1.1 200 OK
content-type: application/json; charset=utf-8
cache-control: no-cache
content-length: 28
date: Thu, 25 Jun 2020 12:50:18 GMT

15:50:18.766 [AsyncHttpClient-3-1] DEBUG o.a.netty.channel.ChannelManager - Adding key: http://localhost:10889 for channel [id: 0x7c68b8df, L:/127.0.0.1:64390 - R:localhost/127.0.0.1:10889]
15:50:18.767 [Forwarding findChildElement on session 14f61660-7bcc-4279-b6a3-7163a94e0626 to remote] DEBUG o.a.netty.request.NettyRequestSender - Using pooled Channel '[id: 0x7c68b8df, L:/127.0.0.1:64390 - R:localhost/127.0.0.1:10889]' for 'POST' to 'http://localhost:10889/session/14f61660-7bcc-4279-b6a3-7163a94e0626/element/3076d6cd-21af-4979-9d13-126e38ee7511/element'
15:50:18.767 [Forwarding findChildElement on session 14f61660-7bcc-4279-b6a3-7163a94e0626 to remote] DEBUG o.a.netty.request.NettyRequestSender - Using open Channel [id: 0x7c68b8df, L:/127.0.0.1:64390 - R:localhost/127.0.0.1:10889] for POST '/session/14f61660-7bcc-4279-b6a3-7163a94e0626/element/3076d6cd-21af-4979-9d13-126e38ee7511/element'
15:50:18.770 [AsyncHttpClient-3-1] DEBUG o.a.netty.handler.HttpHandler - 

Request DefaultHttpRequest(decodeResult: success, version: HTTP/1.1)
POST /session/14f61660-7bcc-4279-b6a3-7163a94e0626/element/3076d6cd-21af-4979-9d13-126e38ee7511/element HTTP/1.1
User-Agent: selenium/4.0.0-alpha-5 (java windows)
Content-Length: 97
Content-Type: application/json; charset=utf-8
host: localhost:10889
accept: */*

Response DefaultHttpResponse(decodeResult: success, version: HTTP/1.1)
HTTP/1.1 200 OK
content-type: application/json; charset=utf-8
cache-control: no-cache
content-length: 88
date: Thu, 25 Jun 2020 12:50:18 GMT

15:50:18.770 [AsyncHttpClient-3-1] DEBUG o.a.netty.channel.ChannelManager - Adding key: http://localhost:10889 for channel [id: 0x7c68b8df, L:/127.0.0.1:64390 - R:localhost/127.0.0.1:10889]
15:50:18.773 [Forwarding getElementAttribute on session 14f61660-7bcc-4279-b6a3-7163a94e0626 to remote] DEBUG o.a.netty.request.NettyRequestSender - Using pooled Channel '[id: 0x7c68b8df, L:/127.0.0.1:64390 - R:localhost/127.0.0.1:10889]' for 'POST' to 'http://localhost:10889/session/14f61660-7bcc-4279-b6a3-7163a94e0626/execute/sync'
15:50:18.773 [Forwarding getElementAttribute on session 14f61660-7bcc-4279-b6a3-7163a94e0626 to remote] DEBUG o.a.netty.request.NettyRequestSender - Using open Channel [id: 0x7c68b8df, L:/127.0.0.1:64390 - R:localhost/127.0.0.1:10889] for POST '/session/14f61660-7bcc-4279-b6a3-7163a94e0626/execute/sync'
15:50:18.786 [AsyncHttpClient-3-1] DEBUG o.a.netty.handler.HttpHandler - 

Request DefaultHttpRequest(decodeResult: success, version: HTTP/1.1)
POST /session/14f61660-7bcc-4279-b6a3-7163a94e0626/execute/sync HTTP/1.1
User-Agent: selenium/4.0.0-alpha-5 (java windows)
Content-Length: 39635
Content-Type: application/json; charset=utf-8
host: localhost:10889
accept: */*

Response DefaultHttpResponse(decodeResult: success, version: HTTP/1.1)
HTTP/1.1 200 OK
content-type: application/json; charset=utf-8
cache-control: no-cache
content-length: 15
date: Thu, 25 Jun 2020 12:50:18 GMT

15:50:18.786 [AsyncHttpClient-3-1] DEBUG o.a.netty.channel.ChannelManager - Adding key: http://localhost:10889 for channel [id: 0x7c68b8df, L:/127.0.0.1:64390 - R:localhost/127.0.0.1:10889]
15:50:18.787 [Forwarding findChildElement on session 14f61660-7bcc-4279-b6a3-7163a94e0626 to remote] DEBUG o.a.netty.request.NettyRequestSender - Using pooled Channel '[id: 0x7c68b8df, L:/127.0.0.1:64390 - R:localhost/127.0.0.1:10889]' for 'POST' to 'http://localhost:10889/session/14f61660-7bcc-4279-b6a3-7163a94e0626/element/650fd360-d15c-4894-bdf1-641e12d3fa0e/element'
15:50:18.787 [Forwarding findChildElement on session 14f61660-7bcc-4279-b6a3-7163a94e0626 to remote] DEBUG o.a.netty.request.NettyRequestSender - Using open Channel [id: 0x7c68b8df, L:/127.0.0.1:64390 - R:localhost/127.0.0.1:10889] for POST '/session/14f61660-7bcc-4279-b6a3-7163a94e0626/element/650fd360-d15c-4894-bdf1-641e12d3fa0e/element'
15:50:18.790 [AsyncHttpClient-3-1] DEBUG o.a.netty.handler.HttpHandler - 

Request DefaultHttpRequest(decodeResult: success, version: HTTP/1.1)
POST /session/14f61660-7bcc-4279-b6a3-7163a94e0626/element/650fd360-d15c-4894-bdf1-641e12d3fa0e/element HTTP/1.1
User-Agent: selenium/4.0.0-alpha-5 (java windows)
Content-Length: 103
Content-Type: application/json; charset=utf-8
host: localhost:10889
accept: */*

Response DefaultHttpResponse(decodeResult: success, version: HTTP/1.1)
HTTP/1.1 200 OK
content-type: application/json; charset=utf-8
cache-control: no-cache
content-length: 88
date: Thu, 25 Jun 2020 12:50:18 GMT

15:50:18.791 [AsyncHttpClient-3-1] DEBUG o.a.netty.channel.ChannelManager - Adding key: http://localhost:10889 for channel [id: 0x7c68b8df, L:/127.0.0.1:64390 - R:localhost/127.0.0.1:10889]
15:50:18.791 [Forwarding getElementText on session 14f61660-7bcc-4279-b6a3-7163a94e0626 to remote] DEBUG o.a.netty.request.NettyRequestSender - Using pooled Channel '[id: 0x7c68b8df, L:/127.0.0.1:64390 - R:localhost/127.0.0.1:10889]' for 'GET' to 'http://localhost:10889/session/14f61660-7bcc-4279-b6a3-7163a94e0626/element/c9228789-b037-4b64-bf11-4d5b7ca42a7b/text'
15:50:18.791 [Forwarding getElementText on session 14f61660-7bcc-4279-b6a3-7163a94e0626 to remote] DEBUG o.a.netty.request.NettyRequestSender - Using open Channel [id: 0x7c68b8df, L:/127.0.0.1:64390 - R:localhost/127.0.0.1:10889] for GET '/session/14f61660-7bcc-4279-b6a3-7163a94e0626/element/c9228789-b037-4b64-bf11-4d5b7ca42a7b/text'
15:50:18.795 [AsyncHttpClient-3-1] DEBUG o.a.netty.handler.HttpHandler - 

Request DefaultFullHttpRequest(decodeResult: success, version: HTTP/1.1, content: EmptyByteBufBE)
GET /session/14f61660-7bcc-4279-b6a3-7163a94e0626/element/c9228789-b037-4b64-bf11-4d5b7ca42a7b/text HTTP/1.1
User-Agent: selenium/4.0.0-alpha-5 (java windows)
Cache-Control: no-cache
host: localhost:10889
accept: */*

Response DefaultHttpResponse(decodeResult: success, version: HTTP/1.1)
HTTP/1.1 200 OK
content-type: application/json; charset=utf-8
cache-control: no-cache
content-length: 19
date: Thu, 25 Jun 2020 12:50:18 GMT

15:50:18.796 [AsyncHttpClient-3-1] DEBUG o.a.netty.channel.ChannelManager - Adding key: http://localhost:10889 for channel [id: 0x7c68b8df, L:/127.0.0.1:64390 - R:localhost/127.0.0.1:10889]
15:50:18.796 [Forwarding findChildElement on session 14f61660-7bcc-4279-b6a3-7163a94e0626 to remote] DEBUG o.a.netty.request.NettyRequestSender - Using pooled Channel '[id: 0x7c68b8df, L:/127.0.0.1:64390 - R:localhost/127.0.0.1:10889]' for 'POST' to 'http://localhost:10889/session/14f61660-7bcc-4279-b6a3-7163a94e0626/element/650fd360-d15c-4894-bdf1-641e12d3fa0e/element'
15:50:18.797 [Forwarding findChildElement on session 14f61660-7bcc-4279-b6a3-7163a94e0626 to remote] DEBUG o.a.netty.request.NettyRequestSender - Using open Channel [id: 0x7c68b8df, L:/127.0.0.1:64390 - R:localhost/127.0.0.1:10889] for POST '/session/14f61660-7bcc-4279-b6a3-7163a94e0626/element/650fd360-d15c-4894-bdf1-641e12d3fa0e/element'
15:50:18.800 [AsyncHttpClient-3-1] DEBUG o.a.netty.handler.HttpHandler - 

Request DefaultHttpRequest(decodeResult: success, version: HTTP/1.1)
POST /session/14f61660-7bcc-4279-b6a3-7163a94e0626/element/650fd360-d15c-4894-bdf1-641e12d3fa0e/element HTTP/1.1
User-Agent: selenium/4.0.0-alpha-5 (java windows)
Content-Length: 103
Content-Type: application/json; charset=utf-8
host: localhost:10889
accept: */*

Response DefaultHttpResponse(decodeResult: success, version: HTTP/1.1)
HTTP/1.1 200 OK
content-type: application/json; charset=utf-8
cache-control: no-cache
content-length: 88
date: Thu, 25 Jun 2020 12:50:18 GMT

15:50:18.800 [AsyncHttpClient-3-1] DEBUG o.a.netty.channel.ChannelManager - Adding key: http://localhost:10889 for channel [id: 0x7c68b8df, L:/127.0.0.1:64390 - R:localhost/127.0.0.1:10889]
15:50:18.801 [Forwarding getElementText on session 14f61660-7bcc-4279-b6a3-7163a94e0626 to remote] DEBUG o.a.netty.request.NettyRequestSender - Using pooled Channel '[id: 0x7c68b8df, L:/127.0.0.1:64390 - R:localhost/127.0.0.1:10889]' for 'GET' to 'http://localhost:10889/session/14f61660-7bcc-4279-b6a3-7163a94e0626/element/14457d73-c592-4208-b5b0-0e72658de0a1/text'
15:50:18.801 [Forwarding getElementText on session 14f61660-7bcc-4279-b6a3-7163a94e0626 to remote] DEBUG o.a.netty.request.NettyRequestSender - Using open Channel [id: 0x7c68b8df, L:/127.0.0.1:64390 - R:localhost/127.0.0.1:10889] for GET '/session/14f61660-7bcc-4279-b6a3-7163a94e0626/element/14457d73-c592-4208-b5b0-0e72658de0a1/text'
15:50:18.805 [AsyncHttpClient-3-1] DEBUG o.a.netty.handler.HttpHandler - 

Request DefaultFullHttpRequest(decodeResult: success, version: HTTP/1.1, content: EmptyByteBufBE)
GET /session/14f61660-7bcc-4279-b6a3-7163a94e0626/element/14457d73-c592-4208-b5b0-0e72658de0a1/text HTTP/1.1
User-Agent: selenium/4.0.0-alpha-5 (java windows)
Cache-Control: no-cache
host: localhost:10889
accept: */*

Response DefaultHttpResponse(decodeResult: success, version: HTTP/1.1)
HTTP/1.1 200 OK
content-type: application/json; charset=utf-8
cache-control: no-cache
content-length: 19
date: Thu, 25 Jun 2020 12:50:18 GMT

15:50:18.805 [AsyncHttpClient-3-1] DEBUG o.a.netty.channel.ChannelManager - Adding key: http://localhost:10889 for channel [id: 0x7c68b8df, L:/127.0.0.1:64390 - R:localhost/127.0.0.1:10889]
15:50:18.805 [Forwarding findChildElement on session 14f61660-7bcc-4279-b6a3-7163a94e0626 to remote] DEBUG o.a.netty.request.NettyRequestSender - Using pooled Channel '[id: 0x7c68b8df, L:/127.0.0.1:64390 - R:localhost/127.0.0.1:10889]' for 'POST' to 'http://localhost:10889/session/14f61660-7bcc-4279-b6a3-7163a94e0626/element/650fd360-d15c-4894-bdf1-641e12d3fa0e/element'
15:50:18.806 [Forwarding findChildElement on session 14f61660-7bcc-4279-b6a3-7163a94e0626 to remote] DEBUG o.a.netty.request.NettyRequestSender - Using open Channel [id: 0x7c68b8df, L:/127.0.0.1:64390 - R:localhost/127.0.0.1:10889] for POST '/session/14f61660-7bcc-4279-b6a3-7163a94e0626/element/650fd360-d15c-4894-bdf1-641e12d3fa0e/element'
15:50:18.809 [AsyncHttpClient-3-1] DEBUG o.a.netty.handler.HttpHandler - 

Request DefaultHttpRequest(decodeResult: success, version: HTTP/1.1)
POST /session/14f61660-7bcc-4279-b6a3-7163a94e0626/element/650fd360-d15c-4894-bdf1-641e12d3fa0e/element HTTP/1.1
User-Agent: selenium/4.0.0-alpha-5 (java windows)
Content-Length: 103
Content-Type: application/json; charset=utf-8
host: localhost:10889
accept: */*

Response DefaultHttpResponse(decodeResult: success, version: HTTP/1.1)
HTTP/1.1 200 OK
content-type: application/json; charset=utf-8
cache-control: no-cache
content-length: 88
date: Thu, 25 Jun 2020 12:50:18 GMT

15:50:18.810 [AsyncHttpClient-3-1] DEBUG o.a.netty.channel.ChannelManager - Adding key: http://localhost:10889 for channel [id: 0x7c68b8df, L:/127.0.0.1:64390 - R:localhost/127.0.0.1:10889]
15:50:18.810 [Forwarding getElementText on session 14f61660-7bcc-4279-b6a3-7163a94e0626 to remote] DEBUG o.a.netty.request.NettyRequestSender - Using pooled Channel '[id: 0x7c68b8df, L:/127.0.0.1:64390 - R:localhost/127.0.0.1:10889]' for 'GET' to 'http://localhost:10889/session/14f61660-7bcc-4279-b6a3-7163a94e0626/element/a4b5d93b-3838-4007-a6cf-80a9e8951c9c/text'
15:50:18.810 [Forwarding getElementText on session 14f61660-7bcc-4279-b6a3-7163a94e0626 to remote] DEBUG o.a.netty.request.NettyRequestSender - Using open Channel [id: 0x7c68b8df, L:/127.0.0.1:64390 - R:localhost/127.0.0.1:10889] for GET '/session/14f61660-7bcc-4279-b6a3-7163a94e0626/element/a4b5d93b-3838-4007-a6cf-80a9e8951c9c/text'
15:50:18.814 [AsyncHttpClient-3-1] DEBUG o.a.netty.handler.HttpHandler - 

Request DefaultFullHttpRequest(decodeResult: success, version: HTTP/1.1, content: EmptyByteBufBE)
GET /session/14f61660-7bcc-4279-b6a3-7163a94e0626/element/a4b5d93b-3838-4007-a6cf-80a9e8951c9c/text HTTP/1.1
User-Agent: selenium/4.0.0-alpha-5 (java windows)
Cache-Control: no-cache
host: localhost:10889
accept: */*

Response DefaultHttpResponse(decodeResult: success, version: HTTP/1.1)
HTTP/1.1 200 OK
content-type: application/json; charset=utf-8
cache-control: no-cache
content-length: 23
date: Thu, 25 Jun 2020 12:50:18 GMT

15:50:18.814 [AsyncHttpClient-3-1] DEBUG o.a.netty.channel.ChannelManager - Adding key: http://localhost:10889 for channel [id: 0x7c68b8df, L:/127.0.0.1:64390 - R:localhost/127.0.0.1:10889]
15:50:18.815 [Forwarding findChildElement on session 14f61660-7bcc-4279-b6a3-7163a94e0626 to remote] DEBUG o.a.netty.request.NettyRequestSender - Using pooled Channel '[id: 0x7c68b8df, L:/127.0.0.1:64390 - R:localhost/127.0.0.1:10889]' for 'POST' to 'http://localhost:10889/session/14f61660-7bcc-4279-b6a3-7163a94e0626/element/650fd360-d15c-4894-bdf1-641e12d3fa0e/element'
15:50:18.815 [Forwarding findChildElement on session 14f61660-7bcc-4279-b6a3-7163a94e0626 to remote] DEBUG o.a.netty.request.NettyRequestSender - Using open Channel [id: 0x7c68b8df, L:/127.0.0.1:64390 - R:localhost/127.0.0.1:10889] for POST '/session/14f61660-7bcc-4279-b6a3-7163a94e0626/element/650fd360-d15c-4894-bdf1-641e12d3fa0e/element'
15:50:18.819 [AsyncHttpClient-3-1] DEBUG o.a.netty.handler.HttpHandler - 

Request DefaultHttpRequest(decodeResult: success, version: HTTP/1.1)
POST /session/14f61660-7bcc-4279-b6a3-7163a94e0626/element/650fd360-d15c-4894-bdf1-641e12d3fa0e/element HTTP/1.1
User-Agent: selenium/4.0.0-alpha-5 (java windows)
Content-Length: 103
Content-Type: application/json; charset=utf-8
host: localhost:10889
accept: */*

Response DefaultHttpResponse(decodeResult: success, version: HTTP/1.1)
HTTP/1.1 200 OK
content-type: application/json; charset=utf-8
cache-control: no-cache
content-length: 88
date: Thu, 25 Jun 2020 12:50:18 GMT

15:50:18.819 [AsyncHttpClient-3-1] DEBUG o.a.netty.channel.ChannelManager - Adding key: http://localhost:10889 for channel [id: 0x7c68b8df, L:/127.0.0.1:64390 - R:localhost/127.0.0.1:10889]
15:50:18.820 [Forwarding getElementText on session 14f61660-7bcc-4279-b6a3-7163a94e0626 to remote] DEBUG o.a.netty.request.NettyRequestSender - Using pooled Channel '[id: 0x7c68b8df, L:/127.0.0.1:64390 - R:localhost/127.0.0.1:10889]' for 'GET' to 'http://localhost:10889/session/14f61660-7bcc-4279-b6a3-7163a94e0626/element/1ef01bc5-41be-4ea1-a64a-e477f42e091f/text'
15:50:18.820 [Forwarding getElementText on session 14f61660-7bcc-4279-b6a3-7163a94e0626 to remote] DEBUG o.a.netty.request.NettyRequestSender - Using open Channel [id: 0x7c68b8df, L:/127.0.0.1:64390 - R:localhost/127.0.0.1:10889] for GET '/session/14f61660-7bcc-4279-b6a3-7163a94e0626/element/1ef01bc5-41be-4ea1-a64a-e477f42e091f/text'
15:50:18.824 [AsyncHttpClient-3-1] DEBUG o.a.netty.handler.HttpHandler - 

Request DefaultFullHttpRequest(decodeResult: success, version: HTTP/1.1, content: EmptyByteBufBE)
GET /session/14f61660-7bcc-4279-b6a3-7163a94e0626/element/1ef01bc5-41be-4ea1-a64a-e477f42e091f/text HTTP/1.1
User-Agent: selenium/4.0.0-alpha-5 (java windows)
Cache-Control: no-cache
host: localhost:10889
accept: */*

Response DefaultHttpResponse(decodeResult: success, version: HTTP/1.1)
HTTP/1.1 200 OK
content-type: application/json; charset=utf-8
cache-control: no-cache
content-length: 43
date: Thu, 25 Jun 2020 12:50:18 GMT

15:50:18.824 [AsyncHttpClient-3-1] DEBUG o.a.netty.channel.ChannelManager - Adding key: http://localhost:10889 for channel [id: 0x7c68b8df, L:/127.0.0.1:64390 - R:localhost/127.0.0.1:10889]
15:50:18.824 [Forwarding findChildElement on session 14f61660-7bcc-4279-b6a3-7163a94e0626 to remote] DEBUG o.a.netty.request.NettyRequestSender - Using pooled Channel '[id: 0x7c68b8df, L:/127.0.0.1:64390 - R:localhost/127.0.0.1:10889]' for 'POST' to 'http://localhost:10889/session/14f61660-7bcc-4279-b6a3-7163a94e0626/element/650fd360-d15c-4894-bdf1-641e12d3fa0e/element'
15:50:18.825 [Forwarding findChildElement on session 14f61660-7bcc-4279-b6a3-7163a94e0626 to remote] DEBUG o.a.netty.request.NettyRequestSender - Using open Channel [id: 0x7c68b8df, L:/127.0.0.1:64390 - R:localhost/127.0.0.1:10889] for POST '/session/14f61660-7bcc-4279-b6a3-7163a94e0626/element/650fd360-d15c-4894-bdf1-641e12d3fa0e/element'
15:50:18.828 [AsyncHttpClient-3-1] DEBUG o.a.netty.handler.HttpHandler - 

Request DefaultHttpRequest(decodeResult: success, version: HTTP/1.1)
POST /session/14f61660-7bcc-4279-b6a3-7163a94e0626/element/650fd360-d15c-4894-bdf1-641e12d3fa0e/element HTTP/1.1
User-Agent: selenium/4.0.0-alpha-5 (java windows)
Content-Length: 103
Content-Type: application/json; charset=utf-8
host: localhost:10889
accept: */*

Response DefaultHttpResponse(decodeResult: success, version: HTTP/1.1)
HTTP/1.1 200 OK
content-type: application/json; charset=utf-8
cache-control: no-cache
content-length: 88
date: Thu, 25 Jun 2020 12:50:18 GMT

15:50:18.829 [AsyncHttpClient-3-1] DEBUG o.a.netty.channel.ChannelManager - Adding key: http://localhost:10889 for channel [id: 0x7c68b8df, L:/127.0.0.1:64390 - R:localhost/127.0.0.1:10889]
15:50:18.829 [Forwarding getElementText on session 14f61660-7bcc-4279-b6a3-7163a94e0626 to remote] DEBUG o.a.netty.request.NettyRequestSender - Using pooled Channel '[id: 0x7c68b8df, L:/127.0.0.1:64390 - R:localhost/127.0.0.1:10889]' for 'GET' to 'http://localhost:10889/session/14f61660-7bcc-4279-b6a3-7163a94e0626/element/4acb2528-43a0-4917-b9e0-287444930dca/text'
15:50:18.829 [Forwarding getElementText on session 14f61660-7bcc-4279-b6a3-7163a94e0626 to remote] DEBUG o.a.netty.request.NettyRequestSender - Using open Channel [id: 0x7c68b8df, L:/127.0.0.1:64390 - R:localhost/127.0.0.1:10889] for GET '/session/14f61660-7bcc-4279-b6a3-7163a94e0626/element/4acb2528-43a0-4917-b9e0-287444930dca/text'
15:50:18.867 [AsyncHttpClient-3-1] DEBUG o.a.netty.handler.HttpHandler - 

Request DefaultFullHttpRequest(decodeResult: success, version: HTTP/1.1, content: EmptyByteBufBE)
GET /session/14f61660-7bcc-4279-b6a3-7163a94e0626/element/4acb2528-43a0-4917-b9e0-287444930dca/text HTTP/1.1
User-Agent: selenium/4.0.0-alpha-5 (java windows)
Cache-Control: no-cache
host: localhost:10889
accept: */*

Response DefaultHttpResponse(decodeResult: success, version: HTTP/1.1)
HTTP/1.1 200 OK
content-type: application/json; charset=utf-8
cache-control: no-cache
content-length: 60
date: Thu, 25 Jun 2020 12:50:18 GMT

15:50:18.867 [AsyncHttpClient-3-1] DEBUG o.a.netty.channel.ChannelManager - Adding key: http://localhost:10889 for channel [id: 0x7c68b8df, L:/127.0.0.1:64390 - R:localhost/127.0.0.1:10889]
15:50:18.868 [Forwarding findChildElement on session 14f61660-7bcc-4279-b6a3-7163a94e0626 to remote] DEBUG o.a.netty.request.NettyRequestSender - Using pooled Channel '[id: 0x7c68b8df, L:/127.0.0.1:64390 - R:localhost/127.0.0.1:10889]' for 'POST' to 'http://localhost:10889/session/14f61660-7bcc-4279-b6a3-7163a94e0626/element/650fd360-d15c-4894-bdf1-641e12d3fa0e/element'
15:50:18.868 [Forwarding findChildElement on session 14f61660-7bcc-4279-b6a3-7163a94e0626 to remote] DEBUG o.a.netty.request.NettyRequestSender - Using open Channel [id: 0x7c68b8df, L:/127.0.0.1:64390 - R:localhost/127.0.0.1:10889] for POST '/session/14f61660-7bcc-4279-b6a3-7163a94e0626/element/650fd360-d15c-4894-bdf1-641e12d3fa0e/element'
15:50:18.874 [AsyncHttpClient-3-1] DEBUG o.a.netty.handler.HttpHandler - 

Request DefaultHttpRequest(decodeResult: success, version: HTTP/1.1)
POST /session/14f61660-7bcc-4279-b6a3-7163a94e0626/element/650fd360-d15c-4894-bdf1-641e12d3fa0e/element HTTP/1.1
User-Agent: selenium/4.0.0-alpha-5 (java windows)
Content-Length: 97
Content-Type: application/json; charset=utf-8
host: localhost:10889
accept: */*

Response DefaultHttpResponse(decodeResult: success, version: HTTP/1.1)
HTTP/1.1 200 OK
content-type: application/json; charset=utf-8
cache-control: no-cache
content-length: 88
date: Thu, 25 Jun 2020 12:50:18 GMT

15:50:18.874 [AsyncHttpClient-3-1] DEBUG o.a.netty.channel.ChannelManager - Adding key: http://localhost:10889 for channel [id: 0x7c68b8df, L:/127.0.0.1:64390 - R:localhost/127.0.0.1:10889]
15:50:18.878 [Forwarding getElementAttribute on session 14f61660-7bcc-4279-b6a3-7163a94e0626 to remote] DEBUG o.a.netty.request.NettyRequestSender - Using pooled Channel '[id: 0x7c68b8df, L:/127.0.0.1:64390 - R:localhost/127.0.0.1:10889]' for 'POST' to 'http://localhost:10889/session/14f61660-7bcc-4279-b6a3-7163a94e0626/execute/sync'
15:50:18.878 [Forwarding getElementAttribute on session 14f61660-7bcc-4279-b6a3-7163a94e0626 to remote] DEBUG o.a.netty.request.NettyRequestSender - Using open Channel [id: 0x7c68b8df, L:/127.0.0.1:64390 - R:localhost/127.0.0.1:10889] for POST '/session/14f61660-7bcc-4279-b6a3-7163a94e0626/execute/sync'
15:50:18.892 [AsyncHttpClient-3-1] DEBUG o.a.netty.handler.HttpHandler - 

Request DefaultHttpRequest(decodeResult: success, version: HTTP/1.1)
POST /session/14f61660-7bcc-4279-b6a3-7163a94e0626/execute/sync HTTP/1.1
User-Agent: selenium/4.0.0-alpha-5 (java windows)
Content-Length: 39635
Content-Type: application/json; charset=utf-8
host: localhost:10889
accept: */*

Response DefaultHttpResponse(decodeResult: success, version: HTTP/1.1)
HTTP/1.1 200 OK
content-type: application/json; charset=utf-8
cache-control: no-cache
content-length: 15
date: Thu, 25 Jun 2020 12:50:18 GMT

15:50:18.893 [AsyncHttpClient-3-1] DEBUG o.a.netty.channel.ChannelManager - Adding key: http://localhost:10889 for channel [id: 0x7c68b8df, L:/127.0.0.1:64390 - R:localhost/127.0.0.1:10889]
15:50:18.893 [Forwarding findChildElement on session 14f61660-7bcc-4279-b6a3-7163a94e0626 to remote] DEBUG o.a.netty.request.NettyRequestSender - Using pooled Channel '[id: 0x7c68b8df, L:/127.0.0.1:64390 - R:localhost/127.0.0.1:10889]' for 'POST' to 'http://localhost:10889/session/14f61660-7bcc-4279-b6a3-7163a94e0626/element/bd7b35d1-3367-426c-b5c7-68e0846fb4eb/element'
15:50:18.893 [Forwarding findChildElement on session 14f61660-7bcc-4279-b6a3-7163a94e0626 to remote] DEBUG o.a.netty.request.NettyRequestSender - Using open Channel [id: 0x7c68b8df, L:/127.0.0.1:64390 - R:localhost/127.0.0.1:10889] for POST '/session/14f61660-7bcc-4279-b6a3-7163a94e0626/element/bd7b35d1-3367-426c-b5c7-68e0846fb4eb/element'
15:50:18.898 [AsyncHttpClient-3-1] DEBUG o.a.netty.handler.HttpHandler - 

Request DefaultHttpRequest(decodeResult: success, version: HTTP/1.1)
POST /session/14f61660-7bcc-4279-b6a3-7163a94e0626/element/bd7b35d1-3367-426c-b5c7-68e0846fb4eb/element HTTP/1.1
User-Agent: selenium/4.0.0-alpha-5 (java windows)
Content-Length: 103
Content-Type: application/json; charset=utf-8
host: localhost:10889
accept: */*

Response DefaultHttpResponse(decodeResult: success, version: HTTP/1.1)
HTTP/1.1 200 OK
content-type: application/json; charset=utf-8
cache-control: no-cache
content-length: 88
date: Thu, 25 Jun 2020 12:50:18 GMT

15:50:18.898 [AsyncHttpClient-3-1] DEBUG o.a.netty.channel.ChannelManager - Adding key: http://localhost:10889 for channel [id: 0x7c68b8df, L:/127.0.0.1:64390 - R:localhost/127.0.0.1:10889]
15:50:18.898 [Forwarding getElementText on session 14f61660-7bcc-4279-b6a3-7163a94e0626 to remote] DEBUG o.a.netty.request.NettyRequestSender - Using pooled Channel '[id: 0x7c68b8df, L:/127.0.0.1:64390 - R:localhost/127.0.0.1:10889]' for 'GET' to 'http://localhost:10889/session/14f61660-7bcc-4279-b6a3-7163a94e0626/element/bbede34e-4ee9-4dfb-83b9-6d02965d817d/text'
15:50:18.898 [Forwarding getElementText on session 14f61660-7bcc-4279-b6a3-7163a94e0626 to remote] DEBUG o.a.netty.request.NettyRequestSender - Using open Channel [id: 0x7c68b8df, L:/127.0.0.1:64390 - R:localhost/127.0.0.1:10889] for GET '/session/14f61660-7bcc-4279-b6a3-7163a94e0626/element/bbede34e-4ee9-4dfb-83b9-6d02965d817d/text'
15:50:18.913 [AsyncHttpClient-3-1] DEBUG o.a.netty.handler.HttpHandler - 

Request DefaultFullHttpRequest(decodeResult: success, version: HTTP/1.1, content: EmptyByteBufBE)
GET /session/14f61660-7bcc-4279-b6a3-7163a94e0626/element/bbede34e-4ee9-4dfb-83b9-6d02965d817d/text HTTP/1.1
User-Agent: selenium/4.0.0-alpha-5 (java windows)
Cache-Control: no-cache
host: localhost:10889
accept: */*

Response DefaultHttpResponse(decodeResult: success, version: HTTP/1.1)
HTTP/1.1 200 OK
content-type: application/json; charset=utf-8
cache-control: no-cache
content-length: 19
date: Thu, 25 Jun 2020 12:50:18 GMT

15:50:18.914 [AsyncHttpClient-3-1] DEBUG o.a.netty.channel.ChannelManager - Adding key: http://localhost:10889 for channel [id: 0x7c68b8df, L:/127.0.0.1:64390 - R:localhost/127.0.0.1:10889]
15:50:18.914 [Forwarding findChildElement on session 14f61660-7bcc-4279-b6a3-7163a94e0626 to remote] DEBUG o.a.netty.request.NettyRequestSender - Using pooled Channel '[id: 0x7c68b8df, L:/127.0.0.1:64390 - R:localhost/127.0.0.1:10889]' for 'POST' to 'http://localhost:10889/session/14f61660-7bcc-4279-b6a3-7163a94e0626/element/bd7b35d1-3367-426c-b5c7-68e0846fb4eb/element'
15:50:18.914 [Forwarding findChildElement on session 14f61660-7bcc-4279-b6a3-7163a94e0626 to remote] DEBUG o.a.netty.request.NettyRequestSender - Using open Channel [id: 0x7c68b8df, L:/127.0.0.1:64390 - R:localhost/127.0.0.1:10889] for POST '/session/14f61660-7bcc-4279-b6a3-7163a94e0626/element/bd7b35d1-3367-426c-b5c7-68e0846fb4eb/element'
15:50:18.919 [AsyncHttpClient-3-1] DEBUG o.a.netty.handler.HttpHandler - 

Request DefaultHttpRequest(decodeResult: success, version: HTTP/1.1)
POST /session/14f61660-7bcc-4279-b6a3-7163a94e0626/element/bd7b35d1-3367-426c-b5c7-68e0846fb4eb/element HTTP/1.1
User-Agent: selenium/4.0.0-alpha-5 (java windows)
Content-Length: 103
Content-Type: application/json; charset=utf-8
host: localhost:10889
accept: */*

Response DefaultHttpResponse(decodeResult: success, version: HTTP/1.1)
HTTP/1.1 200 OK
content-type: application/json; charset=utf-8
cache-control: no-cache
content-length: 88
date: Thu, 25 Jun 2020 12:50:18 GMT

15:50:18.919 [AsyncHttpClient-3-1] DEBUG o.a.netty.channel.ChannelManager - Adding key: http://localhost:10889 for channel [id: 0x7c68b8df, L:/127.0.0.1:64390 - R:localhost/127.0.0.1:10889]
15:50:18.919 [Forwarding getElementText on session 14f61660-7bcc-4279-b6a3-7163a94e0626 to remote] DEBUG o.a.netty.request.NettyRequestSender - Using pooled Channel '[id: 0x7c68b8df, L:/127.0.0.1:64390 - R:localhost/127.0.0.1:10889]' for 'GET' to 'http://localhost:10889/session/14f61660-7bcc-4279-b6a3-7163a94e0626/element/8d7ffe0a-0c55-4568-9aca-4c7f00fb05ea/text'
15:50:18.919 [Forwarding getElementText on session 14f61660-7bcc-4279-b6a3-7163a94e0626 to remote] DEBUG o.a.netty.request.NettyRequestSender - Using open Channel [id: 0x7c68b8df, L:/127.0.0.1:64390 - R:localhost/127.0.0.1:10889] for GET '/session/14f61660-7bcc-4279-b6a3-7163a94e0626/element/8d7ffe0a-0c55-4568-9aca-4c7f00fb05ea/text'
15:50:18.925 [AsyncHttpClient-3-1] DEBUG o.a.netty.handler.HttpHandler - 

Request DefaultFullHttpRequest(decodeResult: success, version: HTTP/1.1, content: EmptyByteBufBE)
GET /session/14f61660-7bcc-4279-b6a3-7163a94e0626/element/8d7ffe0a-0c55-4568-9aca-4c7f00fb05ea/text HTTP/1.1
User-Agent: selenium/4.0.0-alpha-5 (java windows)
Cache-Control: no-cache
host: localhost:10889
accept: */*

Response DefaultHttpResponse(decodeResult: success, version: HTTP/1.1)
HTTP/1.1 200 OK
content-type: application/json; charset=utf-8
cache-control: no-cache
content-length: 19
date: Thu, 25 Jun 2020 12:50:18 GMT

15:50:18.925 [AsyncHttpClient-3-1] DEBUG o.a.netty.channel.ChannelManager - Adding key: http://localhost:10889 for channel [id: 0x7c68b8df, L:/127.0.0.1:64390 - R:localhost/127.0.0.1:10889]
15:50:18.925 [Forwarding findChildElement on session 14f61660-7bcc-4279-b6a3-7163a94e0626 to remote] DEBUG o.a.netty.request.NettyRequestSender - Using pooled Channel '[id: 0x7c68b8df, L:/127.0.0.1:64390 - R:localhost/127.0.0.1:10889]' for 'POST' to 'http://localhost:10889/session/14f61660-7bcc-4279-b6a3-7163a94e0626/element/bd7b35d1-3367-426c-b5c7-68e0846fb4eb/element'
15:50:18.925 [Forwarding findChildElement on session 14f61660-7bcc-4279-b6a3-7163a94e0626 to remote] DEBUG o.a.netty.request.NettyRequestSender - Using open Channel [id: 0x7c68b8df, L:/127.0.0.1:64390 - R:localhost/127.0.0.1:10889] for POST '/session/14f61660-7bcc-4279-b6a3-7163a94e0626/element/bd7b35d1-3367-426c-b5c7-68e0846fb4eb/element'
15:50:18.930 [AsyncHttpClient-3-1] DEBUG o.a.netty.handler.HttpHandler - 

Request DefaultHttpRequest(decodeResult: success, version: HTTP/1.1)
POST /session/14f61660-7bcc-4279-b6a3-7163a94e0626/element/bd7b35d1-3367-426c-b5c7-68e0846fb4eb/element HTTP/1.1
User-Agent: selenium/4.0.0-alpha-5 (java windows)
Content-Length: 103
Content-Type: application/json; charset=utf-8
host: localhost:10889
accept: */*

Response DefaultHttpResponse(decodeResult: success, version: HTTP/1.1)
HTTP/1.1 200 OK
content-type: application/json; charset=utf-8
cache-control: no-cache
content-length: 88
date: Thu, 25 Jun 2020 12:50:18 GMT

15:50:18.930 [AsyncHttpClient-3-1] DEBUG o.a.netty.channel.ChannelManager - Adding key: http://localhost:10889 for channel [id: 0x7c68b8df, L:/127.0.0.1:64390 - R:localhost/127.0.0.1:10889]
15:50:18.930 [Forwarding getElementText on session 14f61660-7bcc-4279-b6a3-7163a94e0626 to remote] DEBUG o.a.netty.request.NettyRequestSender - Using pooled Channel '[id: 0x7c68b8df, L:/127.0.0.1:64390 - R:localhost/127.0.0.1:10889]' for 'GET' to 'http://localhost:10889/session/14f61660-7bcc-4279-b6a3-7163a94e0626/element/e05ea990-535c-4c69-b0cb-dea6f8cda721/text'
15:50:18.930 [Forwarding getElementText on session 14f61660-7bcc-4279-b6a3-7163a94e0626 to remote] DEBUG o.a.netty.request.NettyRequestSender - Using open Channel [id: 0x7c68b8df, L:/127.0.0.1:64390 - R:localhost/127.0.0.1:10889] for GET '/session/14f61660-7bcc-4279-b6a3-7163a94e0626/element/e05ea990-535c-4c69-b0cb-dea6f8cda721/text'
15:50:18.935 [AsyncHttpClient-3-1] DEBUG o.a.netty.handler.HttpHandler - 

Request DefaultFullHttpRequest(decodeResult: success, version: HTTP/1.1, content: EmptyByteBufBE)
GET /session/14f61660-7bcc-4279-b6a3-7163a94e0626/element/e05ea990-535c-4c69-b0cb-dea6f8cda721/text HTTP/1.1
User-Agent: selenium/4.0.0-alpha-5 (java windows)
Cache-Control: no-cache
host: localhost:10889
accept: */*

Response DefaultHttpResponse(decodeResult: success, version: HTTP/1.1)
HTTP/1.1 200 OK
content-type: application/json; charset=utf-8
cache-control: no-cache
content-length: 23
date: Thu, 25 Jun 2020 12:50:18 GMT

15:50:18.935 [AsyncHttpClient-3-1] DEBUG o.a.netty.channel.ChannelManager - Adding key: http://localhost:10889 for channel [id: 0x7c68b8df, L:/127.0.0.1:64390 - R:localhost/127.0.0.1:10889]
15:50:18.936 [Forwarding findChildElement on session 14f61660-7bcc-4279-b6a3-7163a94e0626 to remote] DEBUG o.a.netty.request.NettyRequestSender - Using pooled Channel '[id: 0x7c68b8df, L:/127.0.0.1:64390 - R:localhost/127.0.0.1:10889]' for 'POST' to 'http://localhost:10889/session/14f61660-7bcc-4279-b6a3-7163a94e0626/element/bd7b35d1-3367-426c-b5c7-68e0846fb4eb/element'
15:50:18.936 [Forwarding findChildElement on session 14f61660-7bcc-4279-b6a3-7163a94e0626 to remote] DEBUG o.a.netty.request.NettyRequestSender - Using open Channel [id: 0x7c68b8df, L:/127.0.0.1:64390 - R:localhost/127.0.0.1:10889] for POST '/session/14f61660-7bcc-4279-b6a3-7163a94e0626/element/bd7b35d1-3367-426c-b5c7-68e0846fb4eb/element'
15:50:18.939 [AsyncHttpClient-3-1] DEBUG o.a.netty.handler.HttpHandler - 

Request DefaultHttpRequest(decodeResult: success, version: HTTP/1.1)
POST /session/14f61660-7bcc-4279-b6a3-7163a94e0626/element/bd7b35d1-3367-426c-b5c7-68e0846fb4eb/element HTTP/1.1
User-Agent: selenium/4.0.0-alpha-5 (java windows)
Content-Length: 103
Content-Type: application/json; charset=utf-8
host: localhost:10889
accept: */*

Response DefaultHttpResponse(decodeResult: success, version: HTTP/1.1)
HTTP/1.1 200 OK
content-type: application/json; charset=utf-8
cache-control: no-cache
content-length: 88
date: Thu, 25 Jun 2020 12:50:18 GMT

15:50:18.939 [AsyncHttpClient-3-1] DEBUG o.a.netty.channel.ChannelManager - Adding key: http://localhost:10889 for channel [id: 0x7c68b8df, L:/127.0.0.1:64390 - R:localhost/127.0.0.1:10889]
15:50:18.940 [Forwarding getElementText on session 14f61660-7bcc-4279-b6a3-7163a94e0626 to remote] DEBUG o.a.netty.request.NettyRequestSender - Using pooled Channel '[id: 0x7c68b8df, L:/127.0.0.1:64390 - R:localhost/127.0.0.1:10889]' for 'GET' to 'http://localhost:10889/session/14f61660-7bcc-4279-b6a3-7163a94e0626/element/16de5c00-d683-4fa9-aaed-25fc40fe484c/text'
15:50:18.940 [Forwarding getElementText on session 14f61660-7bcc-4279-b6a3-7163a94e0626 to remote] DEBUG o.a.netty.request.NettyRequestSender - Using open Channel [id: 0x7c68b8df, L:/127.0.0.1:64390 - R:localhost/127.0.0.1:10889] for GET '/session/14f61660-7bcc-4279-b6a3-7163a94e0626/element/16de5c00-d683-4fa9-aaed-25fc40fe484c/text'
15:50:18.945 [AsyncHttpClient-3-1] DEBUG o.a.netty.handler.HttpHandler - 

Request DefaultFullHttpRequest(decodeResult: success, version: HTTP/1.1, content: EmptyByteBufBE)
GET /session/14f61660-7bcc-4279-b6a3-7163a94e0626/element/16de5c00-d683-4fa9-aaed-25fc40fe484c/text HTTP/1.1
User-Agent: selenium/4.0.0-alpha-5 (java windows)
Cache-Control: no-cache
host: localhost:10889
accept: */*

Response DefaultHttpResponse(decodeResult: success, version: HTTP/1.1)
HTTP/1.1 200 OK
content-type: application/json; charset=utf-8
cache-control: no-cache
content-length: 43
date: Thu, 25 Jun 2020 12:50:18 GMT

15:50:18.945 [AsyncHttpClient-3-1] DEBUG o.a.netty.channel.ChannelManager - Adding key: http://localhost:10889 for channel [id: 0x7c68b8df, L:/127.0.0.1:64390 - R:localhost/127.0.0.1:10889]
15:50:18.945 [Forwarding findChildElement on session 14f61660-7bcc-4279-b6a3-7163a94e0626 to remote] DEBUG o.a.netty.request.NettyRequestSender - Using pooled Channel '[id: 0x7c68b8df, L:/127.0.0.1:64390 - R:localhost/127.0.0.1:10889]' for 'POST' to 'http://localhost:10889/session/14f61660-7bcc-4279-b6a3-7163a94e0626/element/bd7b35d1-3367-426c-b5c7-68e0846fb4eb/element'
15:50:18.945 [Forwarding findChildElement on session 14f61660-7bcc-4279-b6a3-7163a94e0626 to remote] DEBUG o.a.netty.request.NettyRequestSender - Using open Channel [id: 0x7c68b8df, L:/127.0.0.1:64390 - R:localhost/127.0.0.1:10889] for POST '/session/14f61660-7bcc-4279-b6a3-7163a94e0626/element/bd7b35d1-3367-426c-b5c7-68e0846fb4eb/element'
15:50:18.949 [AsyncHttpClient-3-1] DEBUG o.a.netty.handler.HttpHandler - 

Request DefaultHttpRequest(decodeResult: success, version: HTTP/1.1)
POST /session/14f61660-7bcc-4279-b6a3-7163a94e0626/element/bd7b35d1-3367-426c-b5c7-68e0846fb4eb/element HTTP/1.1
User-Agent: selenium/4.0.0-alpha-5 (java windows)
Content-Length: 103
Content-Type: application/json; charset=utf-8
host: localhost:10889
accept: */*

Response DefaultHttpResponse(decodeResult: success, version: HTTP/1.1)
HTTP/1.1 200 OK
content-type: application/json; charset=utf-8
cache-control: no-cache
content-length: 88
date: Thu, 25 Jun 2020 12:50:18 GMT

15:50:18.949 [AsyncHttpClient-3-1] DEBUG o.a.netty.channel.ChannelManager - Adding key: http://localhost:10889 for channel [id: 0x7c68b8df, L:/127.0.0.1:64390 - R:localhost/127.0.0.1:10889]
15:50:18.950 [Forwarding getElementText on session 14f61660-7bcc-4279-b6a3-7163a94e0626 to remote] DEBUG o.a.netty.request.NettyRequestSender - Using pooled Channel '[id: 0x7c68b8df, L:/127.0.0.1:64390 - R:localhost/127.0.0.1:10889]' for 'GET' to 'http://localhost:10889/session/14f61660-7bcc-4279-b6a3-7163a94e0626/element/cb2d35da-dbb0-42ce-98fd-5a1476fe3994/text'
15:50:18.950 [Forwarding getElementText on session 14f61660-7bcc-4279-b6a3-7163a94e0626 to remote] DEBUG o.a.netty.request.NettyRequestSender - Using open Channel [id: 0x7c68b8df, L:/127.0.0.1:64390 - R:localhost/127.0.0.1:10889] for GET '/session/14f61660-7bcc-4279-b6a3-7163a94e0626/element/cb2d35da-dbb0-42ce-98fd-5a1476fe3994/text'
15:50:18.959 [AsyncHttpClient-3-1] DEBUG o.a.netty.handler.HttpHandler - 

Request DefaultFullHttpRequest(decodeResult: success, version: HTTP/1.1, content: EmptyByteBufBE)
GET /session/14f61660-7bcc-4279-b6a3-7163a94e0626/element/cb2d35da-dbb0-42ce-98fd-5a1476fe3994/text HTTP/1.1
User-Agent: selenium/4.0.0-alpha-5 (java windows)
Cache-Control: no-cache
host: localhost:10889
accept: */*

Response DefaultHttpResponse(decodeResult: success, version: HTTP/1.1)
HTTP/1.1 200 OK
content-type: application/json; charset=utf-8
cache-control: no-cache
content-length: 60
date: Thu, 25 Jun 2020 12:50:18 GMT

15:50:18.959 [AsyncHttpClient-3-1] DEBUG o.a.netty.channel.ChannelManager - Adding key: http://localhost:10889 for channel [id: 0x7c68b8df, L:/127.0.0.1:64390 - R:localhost/127.0.0.1:10889]
15:50:18.960 [Forwarding findChildElement on session 14f61660-7bcc-4279-b6a3-7163a94e0626 to remote] DEBUG o.a.netty.request.NettyRequestSender - Using pooled Channel '[id: 0x7c68b8df, L:/127.0.0.1:64390 - R:localhost/127.0.0.1:10889]' for 'POST' to 'http://localhost:10889/session/14f61660-7bcc-4279-b6a3-7163a94e0626/element/bd7b35d1-3367-426c-b5c7-68e0846fb4eb/element'
15:50:18.960 [Forwarding findChildElement on session 14f61660-7bcc-4279-b6a3-7163a94e0626 to remote] DEBUG o.a.netty.request.NettyRequestSender - Using open Channel [id: 0x7c68b8df, L:/127.0.0.1:64390 - R:localhost/127.0.0.1:10889] for POST '/session/14f61660-7bcc-4279-b6a3-7163a94e0626/element/bd7b35d1-3367-426c-b5c7-68e0846fb4eb/element'
15:50:18.965 [AsyncHttpClient-3-1] DEBUG o.a.netty.handler.HttpHandler - 

Request DefaultHttpRequest(decodeResult: success, version: HTTP/1.1)
POST /session/14f61660-7bcc-4279-b6a3-7163a94e0626/element/bd7b35d1-3367-426c-b5c7-68e0846fb4eb/element HTTP/1.1
User-Agent: selenium/4.0.0-alpha-5 (java windows)
Content-Length: 97
Content-Type: application/json; charset=utf-8
host: localhost:10889
accept: */*

Response DefaultHttpResponse(decodeResult: success, version: HTTP/1.1)
HTTP/1.1 200 OK
content-type: application/json; charset=utf-8
cache-control: no-cache
content-length: 88
date: Thu, 25 Jun 2020 12:50:18 GMT

15:50:18.965 [AsyncHttpClient-3-1] DEBUG o.a.netty.channel.ChannelManager - Adding key: http://localhost:10889 for channel [id: 0x7c68b8df, L:/127.0.0.1:64390 - R:localhost/127.0.0.1:10889]
15:50:18.967 [Forwarding getElementAttribute on session 14f61660-7bcc-4279-b6a3-7163a94e0626 to remote] DEBUG o.a.netty.request.NettyRequestSender - Using pooled Channel '[id: 0x7c68b8df, L:/127.0.0.1:64390 - R:localhost/127.0.0.1:10889]' for 'POST' to 'http://localhost:10889/session/14f61660-7bcc-4279-b6a3-7163a94e0626/execute/sync'
15:50:18.968 [Forwarding getElementAttribute on session 14f61660-7bcc-4279-b6a3-7163a94e0626 to remote] DEBUG o.a.netty.request.NettyRequestSender - Using open Channel [id: 0x7c68b8df, L:/127.0.0.1:64390 - R:localhost/127.0.0.1:10889] for POST '/session/14f61660-7bcc-4279-b6a3-7163a94e0626/execute/sync'
15:50:18.980 [AsyncHttpClient-3-1] DEBUG o.a.netty.handler.HttpHandler - 

Request DefaultHttpRequest(decodeResult: success, version: HTTP/1.1)
POST /session/14f61660-7bcc-4279-b6a3-7163a94e0626/execute/sync HTTP/1.1
User-Agent: selenium/4.0.0-alpha-5 (java windows)
Content-Length: 39635
Content-Type: application/json; charset=utf-8
host: localhost:10889
accept: */*

Response DefaultHttpResponse(decodeResult: success, version: HTTP/1.1)
HTTP/1.1 200 OK
content-type: application/json; charset=utf-8
cache-control: no-cache
content-length: 15
date: Thu, 25 Jun 2020 12:50:18 GMT

15:50:18.980 [AsyncHttpClient-3-1] DEBUG o.a.netty.channel.ChannelManager - Adding key: http://localhost:10889 for channel [id: 0x7c68b8df, L:/127.0.0.1:64390 - R:localhost/127.0.0.1:10889]
15:50:18.980 [Forwarding findChildElement on session 14f61660-7bcc-4279-b6a3-7163a94e0626 to remote] DEBUG o.a.netty.request.NettyRequestSender - Using pooled Channel '[id: 0x7c68b8df, L:/127.0.0.1:64390 - R:localhost/127.0.0.1:10889]' for 'POST' to 'http://localhost:10889/session/14f61660-7bcc-4279-b6a3-7163a94e0626/element/99d0c268-6337-4ddb-9b4d-c5eb8dbcd090/element'
15:50:18.980 [Forwarding findChildElement on session 14f61660-7bcc-4279-b6a3-7163a94e0626 to remote] DEBUG o.a.netty.request.NettyRequestSender - Using open Channel [id: 0x7c68b8df, L:/127.0.0.1:64390 - R:localhost/127.0.0.1:10889] for POST '/session/14f61660-7bcc-4279-b6a3-7163a94e0626/element/99d0c268-6337-4ddb-9b4d-c5eb8dbcd090/element'
15:50:18.984 [AsyncHttpClient-3-1] DEBUG o.a.netty.handler.HttpHandler - 

Request DefaultHttpRequest(decodeResult: success, version: HTTP/1.1)
POST /session/14f61660-7bcc-4279-b6a3-7163a94e0626/element/99d0c268-6337-4ddb-9b4d-c5eb8dbcd090/element HTTP/1.1
User-Agent: selenium/4.0.0-alpha-5 (java windows)
Content-Length: 103
Content-Type: application/json; charset=utf-8
host: localhost:10889
accept: */*

Response DefaultHttpResponse(decodeResult: success, version: HTTP/1.1)
HTTP/1.1 200 OK
content-type: application/json; charset=utf-8
cache-control: no-cache
content-length: 88
date: Thu, 25 Jun 2020 12:50:18 GMT

15:50:18.984 [AsyncHttpClient-3-1] DEBUG o.a.netty.channel.ChannelManager - Adding key: http://localhost:10889 for channel [id: 0x7c68b8df, L:/127.0.0.1:64390 - R:localhost/127.0.0.1:10889]
15:50:18.984 [Forwarding getElementText on session 14f61660-7bcc-4279-b6a3-7163a94e0626 to remote] DEBUG o.a.netty.request.NettyRequestSender - Using pooled Channel '[id: 0x7c68b8df, L:/127.0.0.1:64390 - R:localhost/127.0.0.1:10889]' for 'GET' to 'http://localhost:10889/session/14f61660-7bcc-4279-b6a3-7163a94e0626/element/e2a48614-b0b2-4d21-8692-70ad0dc65b11/text'
15:50:18.984 [Forwarding getElementText on session 14f61660-7bcc-4279-b6a3-7163a94e0626 to remote] DEBUG o.a.netty.request.NettyRequestSender - Using open Channel [id: 0x7c68b8df, L:/127.0.0.1:64390 - R:localhost/127.0.0.1:10889] for GET '/session/14f61660-7bcc-4279-b6a3-7163a94e0626/element/e2a48614-b0b2-4d21-8692-70ad0dc65b11/text'
15:50:18.990 [AsyncHttpClient-3-1] DEBUG o.a.netty.handler.HttpHandler - 

Request DefaultFullHttpRequest(decodeResult: success, version: HTTP/1.1, content: EmptyByteBufBE)
GET /session/14f61660-7bcc-4279-b6a3-7163a94e0626/element/e2a48614-b0b2-4d21-8692-70ad0dc65b11/text HTTP/1.1
User-Agent: selenium/4.0.0-alpha-5 (java windows)
Cache-Control: no-cache
host: localhost:10889
accept: */*

Response DefaultHttpResponse(decodeResult: success, version: HTTP/1.1)
HTTP/1.1 200 OK
content-type: application/json; charset=utf-8
cache-control: no-cache
content-length: 19
date: Thu, 25 Jun 2020 12:50:18 GMT

15:50:18.990 [AsyncHttpClient-3-1] DEBUG o.a.netty.channel.ChannelManager - Adding key: http://localhost:10889 for channel [id: 0x7c68b8df, L:/127.0.0.1:64390 - R:localhost/127.0.0.1:10889]
15:50:18.990 [Forwarding findChildElement on session 14f61660-7bcc-4279-b6a3-7163a94e0626 to remote] DEBUG o.a.netty.request.NettyRequestSender - Using pooled Channel '[id: 0x7c68b8df, L:/127.0.0.1:64390 - R:localhost/127.0.0.1:10889]' for 'POST' to 'http://localhost:10889/session/14f61660-7bcc-4279-b6a3-7163a94e0626/element/99d0c268-6337-4ddb-9b4d-c5eb8dbcd090/element'
15:50:18.990 [Forwarding findChildElement on session 14f61660-7bcc-4279-b6a3-7163a94e0626 to remote] DEBUG o.a.netty.request.NettyRequestSender - Using open Channel [id: 0x7c68b8df, L:/127.0.0.1:64390 - R:localhost/127.0.0.1:10889] for POST '/session/14f61660-7bcc-4279-b6a3-7163a94e0626/element/99d0c268-6337-4ddb-9b4d-c5eb8dbcd090/element'
15:50:18.994 [AsyncHttpClient-3-1] DEBUG o.a.netty.handler.HttpHandler - 

Request DefaultHttpRequest(decodeResult: success, version: HTTP/1.1)
POST /session/14f61660-7bcc-4279-b6a3-7163a94e0626/element/99d0c268-6337-4ddb-9b4d-c5eb8dbcd090/element HTTP/1.1
User-Agent: selenium/4.0.0-alpha-5 (java windows)
Content-Length: 103
Content-Type: application/json; charset=utf-8
host: localhost:10889
accept: */*

Response DefaultHttpResponse(decodeResult: success, version: HTTP/1.1)
HTTP/1.1 200 OK
content-type: application/json; charset=utf-8
cache-control: no-cache
content-length: 88
date: Thu, 25 Jun 2020 12:50:18 GMT

15:50:18.994 [AsyncHttpClient-3-1] DEBUG o.a.netty.channel.ChannelManager - Adding key: http://localhost:10889 for channel [id: 0x7c68b8df, L:/127.0.0.1:64390 - R:localhost/127.0.0.1:10889]
15:50:18.994 [Forwarding getElementText on session 14f61660-7bcc-4279-b6a3-7163a94e0626 to remote] DEBUG o.a.netty.request.NettyRequestSender - Using pooled Channel '[id: 0x7c68b8df, L:/127.0.0.1:64390 - R:localhost/127.0.0.1:10889]' for 'GET' to 'http://localhost:10889/session/14f61660-7bcc-4279-b6a3-7163a94e0626/element/4f93fb3b-2fbf-48a8-9898-51ab11c73488/text'
15:50:18.994 [Forwarding getElementText on session 14f61660-7bcc-4279-b6a3-7163a94e0626 to remote] DEBUG o.a.netty.request.NettyRequestSender - Using open Channel [id: 0x7c68b8df, L:/127.0.0.1:64390 - R:localhost/127.0.0.1:10889] for GET '/session/14f61660-7bcc-4279-b6a3-7163a94e0626/element/4f93fb3b-2fbf-48a8-9898-51ab11c73488/text'
15:50:18.999 [AsyncHttpClient-3-1] DEBUG o.a.netty.handler.HttpHandler - 

Request DefaultFullHttpRequest(decodeResult: success, version: HTTP/1.1, content: EmptyByteBufBE)
GET /session/14f61660-7bcc-4279-b6a3-7163a94e0626/element/4f93fb3b-2fbf-48a8-9898-51ab11c73488/text HTTP/1.1
User-Agent: selenium/4.0.0-alpha-5 (java windows)
Cache-Control: no-cache
host: localhost:10889
accept: */*

Response DefaultHttpResponse(decodeResult: success, version: HTTP/1.1)
HTTP/1.1 200 OK
content-type: application/json; charset=utf-8
cache-control: no-cache
content-length: 19
date: Thu, 25 Jun 2020 12:50:18 GMT

15:50:18.999 [AsyncHttpClient-3-1] DEBUG o.a.netty.channel.ChannelManager - Adding key: http://localhost:10889 for channel [id: 0x7c68b8df, L:/127.0.0.1:64390 - R:localhost/127.0.0.1:10889]
15:50:19.000 [Forwarding findChildElement on session 14f61660-7bcc-4279-b6a3-7163a94e0626 to remote] DEBUG o.a.netty.request.NettyRequestSender - Using pooled Channel '[id: 0x7c68b8df, L:/127.0.0.1:64390 - R:localhost/127.0.0.1:10889]' for 'POST' to 'http://localhost:10889/session/14f61660-7bcc-4279-b6a3-7163a94e0626/element/99d0c268-6337-4ddb-9b4d-c5eb8dbcd090/element'
15:50:19.000 [Forwarding findChildElement on session 14f61660-7bcc-4279-b6a3-7163a94e0626 to remote] DEBUG o.a.netty.request.NettyRequestSender - Using open Channel [id: 0x7c68b8df, L:/127.0.0.1:64390 - R:localhost/127.0.0.1:10889] for POST '/session/14f61660-7bcc-4279-b6a3-7163a94e0626/element/99d0c268-6337-4ddb-9b4d-c5eb8dbcd090/element'
15:50:19.003 [AsyncHttpClient-3-1] DEBUG o.a.netty.handler.HttpHandler - 

Request DefaultHttpRequest(decodeResult: success, version: HTTP/1.1)
POST /session/14f61660-7bcc-4279-b6a3-7163a94e0626/element/99d0c268-6337-4ddb-9b4d-c5eb8dbcd090/element HTTP/1.1
User-Agent: selenium/4.0.0-alpha-5 (java windows)
Content-Length: 103
Content-Type: application/json; charset=utf-8
host: localhost:10889
accept: */*

Response DefaultHttpResponse(decodeResult: success, version: HTTP/1.1)
HTTP/1.1 200 OK
content-type: application/json; charset=utf-8
cache-control: no-cache
content-length: 88
date: Thu, 25 Jun 2020 12:50:19 GMT

15:50:19.004 [AsyncHttpClient-3-1] DEBUG o.a.netty.channel.ChannelManager - Adding key: http://localhost:10889 for channel [id: 0x7c68b8df, L:/127.0.0.1:64390 - R:localhost/127.0.0.1:10889]
15:50:19.004 [Forwarding getElementText on session 14f61660-7bcc-4279-b6a3-7163a94e0626 to remote] DEBUG o.a.netty.request.NettyRequestSender - Using pooled Channel '[id: 0x7c68b8df, L:/127.0.0.1:64390 - R:localhost/127.0.0.1:10889]' for 'GET' to 'http://localhost:10889/session/14f61660-7bcc-4279-b6a3-7163a94e0626/element/216475d6-32f7-4c87-8fb3-29f5f2eacff1/text'
15:50:19.004 [Forwarding getElementText on session 14f61660-7bcc-4279-b6a3-7163a94e0626 to remote] DEBUG o.a.netty.request.NettyRequestSender - Using open Channel [id: 0x7c68b8df, L:/127.0.0.1:64390 - R:localhost/127.0.0.1:10889] for GET '/session/14f61660-7bcc-4279-b6a3-7163a94e0626/element/216475d6-32f7-4c87-8fb3-29f5f2eacff1/text'
15:50:19.009 [AsyncHttpClient-3-1] DEBUG o.a.netty.handler.HttpHandler - 

Request DefaultFullHttpRequest(decodeResult: success, version: HTTP/1.1, content: EmptyByteBufBE)
GET /session/14f61660-7bcc-4279-b6a3-7163a94e0626/element/216475d6-32f7-4c87-8fb3-29f5f2eacff1/text HTTP/1.1
User-Agent: selenium/4.0.0-alpha-5 (java windows)
Cache-Control: no-cache
host: localhost:10889
accept: */*

Response DefaultHttpResponse(decodeResult: success, version: HTTP/1.1)
HTTP/1.1 200 OK
content-type: application/json; charset=utf-8
cache-control: no-cache
content-length: 23
date: Thu, 25 Jun 2020 12:50:19 GMT

15:50:19.009 [AsyncHttpClient-3-1] DEBUG o.a.netty.channel.ChannelManager - Adding key: http://localhost:10889 for channel [id: 0x7c68b8df, L:/127.0.0.1:64390 - R:localhost/127.0.0.1:10889]
15:50:19.009 [Forwarding findChildElement on session 14f61660-7bcc-4279-b6a3-7163a94e0626 to remote] DEBUG o.a.netty.request.NettyRequestSender - Using pooled Channel '[id: 0x7c68b8df, L:/127.0.0.1:64390 - R:localhost/127.0.0.1:10889]' for 'POST' to 'http://localhost:10889/session/14f61660-7bcc-4279-b6a3-7163a94e0626/element/99d0c268-6337-4ddb-9b4d-c5eb8dbcd090/element'
15:50:19.009 [Forwarding findChildElement on session 14f61660-7bcc-4279-b6a3-7163a94e0626 to remote] DEBUG o.a.netty.request.NettyRequestSender - Using open Channel [id: 0x7c68b8df, L:/127.0.0.1:64390 - R:localhost/127.0.0.1:10889] for POST '/session/14f61660-7bcc-4279-b6a3-7163a94e0626/element/99d0c268-6337-4ddb-9b4d-c5eb8dbcd090/element'
15:50:19.013 [AsyncHttpClient-3-1] DEBUG o.a.netty.handler.HttpHandler - 

Request DefaultHttpRequest(decodeResult: success, version: HTTP/1.1)
POST /session/14f61660-7bcc-4279-b6a3-7163a94e0626/element/99d0c268-6337-4ddb-9b4d-c5eb8dbcd090/element HTTP/1.1
User-Agent: selenium/4.0.0-alpha-5 (java windows)
Content-Length: 103
Content-Type: application/json; charset=utf-8
host: localhost:10889
accept: */*

Response DefaultHttpResponse(decodeResult: success, version: HTTP/1.1)
HTTP/1.1 200 OK
content-type: application/json; charset=utf-8
cache-control: no-cache
content-length: 88
date: Thu, 25 Jun 2020 12:50:19 GMT

15:50:19.013 [AsyncHttpClient-3-1] DEBUG o.a.netty.channel.ChannelManager - Adding key: http://localhost:10889 for channel [id: 0x7c68b8df, L:/127.0.0.1:64390 - R:localhost/127.0.0.1:10889]
15:50:19.014 [Forwarding getElementText on session 14f61660-7bcc-4279-b6a3-7163a94e0626 to remote] DEBUG o.a.netty.request.NettyRequestSender - Using pooled Channel '[id: 0x7c68b8df, L:/127.0.0.1:64390 - R:localhost/127.0.0.1:10889]' for 'GET' to 'http://localhost:10889/session/14f61660-7bcc-4279-b6a3-7163a94e0626/element/f4a3a278-65cf-473d-a2f6-cbee7ed4361d/text'
15:50:19.014 [Forwarding getElementText on session 14f61660-7bcc-4279-b6a3-7163a94e0626 to remote] DEBUG o.a.netty.request.NettyRequestSender - Using open Channel [id: 0x7c68b8df, L:/127.0.0.1:64390 - R:localhost/127.0.0.1:10889] for GET '/session/14f61660-7bcc-4279-b6a3-7163a94e0626/element/f4a3a278-65cf-473d-a2f6-cbee7ed4361d/text'
15:50:19.020 [AsyncHttpClient-3-1] DEBUG o.a.netty.handler.HttpHandler - 

Request DefaultFullHttpRequest(decodeResult: success, version: HTTP/1.1, content: EmptyByteBufBE)
GET /session/14f61660-7bcc-4279-b6a3-7163a94e0626/element/f4a3a278-65cf-473d-a2f6-cbee7ed4361d/text HTTP/1.1
User-Agent: selenium/4.0.0-alpha-5 (java windows)
Cache-Control: no-cache
host: localhost:10889
accept: */*

Response DefaultHttpResponse(decodeResult: success, version: HTTP/1.1)
HTTP/1.1 200 OK
content-type: application/json; charset=utf-8
cache-control: no-cache
content-length: 43
date: Thu, 25 Jun 2020 12:50:19 GMT

15:50:19.020 [AsyncHttpClient-3-1] DEBUG o.a.netty.channel.ChannelManager - Adding key: http://localhost:10889 for channel [id: 0x7c68b8df, L:/127.0.0.1:64390 - R:localhost/127.0.0.1:10889]
15:50:19.020 [Forwarding findChildElement on session 14f61660-7bcc-4279-b6a3-7163a94e0626 to remote] DEBUG o.a.netty.request.NettyRequestSender - Using pooled Channel '[id: 0x7c68b8df, L:/127.0.0.1:64390 - R:localhost/127.0.0.1:10889]' for 'POST' to 'http://localhost:10889/session/14f61660-7bcc-4279-b6a3-7163a94e0626/element/99d0c268-6337-4ddb-9b4d-c5eb8dbcd090/element'
15:50:19.020 [Forwarding findChildElement on session 14f61660-7bcc-4279-b6a3-7163a94e0626 to remote] DEBUG o.a.netty.request.NettyRequestSender - Using open Channel [id: 0x7c68b8df, L:/127.0.0.1:64390 - R:localhost/127.0.0.1:10889] for POST '/session/14f61660-7bcc-4279-b6a3-7163a94e0626/element/99d0c268-6337-4ddb-9b4d-c5eb8dbcd090/element'
15:50:19.024 [AsyncHttpClient-3-1] DEBUG o.a.netty.handler.HttpHandler - 

Request DefaultHttpRequest(decodeResult: success, version: HTTP/1.1)
POST /session/14f61660-7bcc-4279-b6a3-7163a94e0626/element/99d0c268-6337-4ddb-9b4d-c5eb8dbcd090/element HTTP/1.1
User-Agent: selenium/4.0.0-alpha-5 (java windows)
Content-Length: 103
Content-Type: application/json; charset=utf-8
host: localhost:10889
accept: */*

Response DefaultHttpResponse(decodeResult: success, version: HTTP/1.1)
HTTP/1.1 200 OK
content-type: application/json; charset=utf-8
cache-control: no-cache
content-length: 88
date: Thu, 25 Jun 2020 12:50:19 GMT

15:50:19.024 [AsyncHttpClient-3-1] DEBUG o.a.netty.channel.ChannelManager - Adding key: http://localhost:10889 for channel [id: 0x7c68b8df, L:/127.0.0.1:64390 - R:localhost/127.0.0.1:10889]
15:50:19.025 [Forwarding getElementText on session 14f61660-7bcc-4279-b6a3-7163a94e0626 to remote] DEBUG o.a.netty.request.NettyRequestSender - Using pooled Channel '[id: 0x7c68b8df, L:/127.0.0.1:64390 - R:localhost/127.0.0.1:10889]' for 'GET' to 'http://localhost:10889/session/14f61660-7bcc-4279-b6a3-7163a94e0626/element/447212d5-f196-410d-97dc-2fc3f4336d5a/text'
15:50:19.025 [Forwarding getElementText on session 14f61660-7bcc-4279-b6a3-7163a94e0626 to remote] DEBUG o.a.netty.request.NettyRequestSender - Using open Channel [id: 0x7c68b8df, L:/127.0.0.1:64390 - R:localhost/127.0.0.1:10889] for GET '/session/14f61660-7bcc-4279-b6a3-7163a94e0626/element/447212d5-f196-410d-97dc-2fc3f4336d5a/text'
15:50:19.036 [AsyncHttpClient-3-1] DEBUG o.a.netty.handler.HttpHandler - 

Request DefaultFullHttpRequest(decodeResult: success, version: HTTP/1.1, content: EmptyByteBufBE)
GET /session/14f61660-7bcc-4279-b6a3-7163a94e0626/element/447212d5-f196-410d-97dc-2fc3f4336d5a/text HTTP/1.1
User-Agent: selenium/4.0.0-alpha-5 (java windows)
Cache-Control: no-cache
host: localhost:10889
accept: */*

Response DefaultHttpResponse(decodeResult: success, version: HTTP/1.1)
HTTP/1.1 200 OK
content-type: application/json; charset=utf-8
cache-control: no-cache
content-length: 60
date: Thu, 25 Jun 2020 12:50:19 GMT

15:50:19.036 [AsyncHttpClient-3-1] DEBUG o.a.netty.channel.ChannelManager - Adding key: http://localhost:10889 for channel [id: 0x7c68b8df, L:/127.0.0.1:64390 - R:localhost/127.0.0.1:10889]
15:50:19.037 [Forwarding findChildElement on session 14f61660-7bcc-4279-b6a3-7163a94e0626 to remote] DEBUG o.a.netty.request.NettyRequestSender - Using pooled Channel '[id: 0x7c68b8df, L:/127.0.0.1:64390 - R:localhost/127.0.0.1:10889]' for 'POST' to 'http://localhost:10889/session/14f61660-7bcc-4279-b6a3-7163a94e0626/element/99d0c268-6337-4ddb-9b4d-c5eb8dbcd090/element'
15:50:19.037 [Forwarding findChildElement on session 14f61660-7bcc-4279-b6a3-7163a94e0626 to remote] DEBUG o.a.netty.request.NettyRequestSender - Using open Channel [id: 0x7c68b8df, L:/127.0.0.1:64390 - R:localhost/127.0.0.1:10889] for POST '/session/14f61660-7bcc-4279-b6a3-7163a94e0626/element/99d0c268-6337-4ddb-9b4d-c5eb8dbcd090/element'
15:50:19.041 [AsyncHttpClient-3-1] DEBUG o.a.netty.handler.HttpHandler - 

Request DefaultHttpRequest(decodeResult: success, version: HTTP/1.1)
POST /session/14f61660-7bcc-4279-b6a3-7163a94e0626/element/99d0c268-6337-4ddb-9b4d-c5eb8dbcd090/element HTTP/1.1
User-Agent: selenium/4.0.0-alpha-5 (java windows)
Content-Length: 97
Content-Type: application/json; charset=utf-8
host: localhost:10889
accept: */*

Response DefaultHttpResponse(decodeResult: success, version: HTTP/1.1)
HTTP/1.1 200 OK
content-type: application/json; charset=utf-8
cache-control: no-cache
content-length: 88
date: Thu, 25 Jun 2020 12:50:19 GMT

15:50:19.041 [AsyncHttpClient-3-1] DEBUG o.a.netty.channel.ChannelManager - Adding key: http://localhost:10889 for channel [id: 0x7c68b8df, L:/127.0.0.1:64390 - R:localhost/127.0.0.1:10889]
15:50:19.044 [Forwarding getElementAttribute on session 14f61660-7bcc-4279-b6a3-7163a94e0626 to remote] DEBUG o.a.netty.request.NettyRequestSender - Using pooled Channel '[id: 0x7c68b8df, L:/127.0.0.1:64390 - R:localhost/127.0.0.1:10889]' for 'POST' to 'http://localhost:10889/session/14f61660-7bcc-4279-b6a3-7163a94e0626/execute/sync'
15:50:19.044 [Forwarding getElementAttribute on session 14f61660-7bcc-4279-b6a3-7163a94e0626 to remote] DEBUG o.a.netty.request.NettyRequestSender - Using open Channel [id: 0x7c68b8df, L:/127.0.0.1:64390 - R:localhost/127.0.0.1:10889] for POST '/session/14f61660-7bcc-4279-b6a3-7163a94e0626/execute/sync'
15:50:19.057 [AsyncHttpClient-3-1] DEBUG o.a.netty.handler.HttpHandler - 

Request DefaultHttpRequest(decodeResult: success, version: HTTP/1.1)
POST /session/14f61660-7bcc-4279-b6a3-7163a94e0626/execute/sync HTTP/1.1
User-Agent: selenium/4.0.0-alpha-5 (java windows)
Content-Length: 39635
Content-Type: application/json; charset=utf-8
host: localhost:10889
accept: */*

Response DefaultHttpResponse(decodeResult: success, version: HTTP/1.1)
HTTP/1.1 200 OK
content-type: application/json; charset=utf-8
cache-control: no-cache
content-length: 15
date: Thu, 25 Jun 2020 12:50:19 GMT

15:50:19.057 [AsyncHttpClient-3-1] DEBUG o.a.netty.channel.ChannelManager - Adding key: http://localhost:10889 for channel [id: 0x7c68b8df, L:/127.0.0.1:64390 - R:localhost/127.0.0.1:10889]
15:50:19.057 [Forwarding findChildElement on session 14f61660-7bcc-4279-b6a3-7163a94e0626 to remote] DEBUG o.a.netty.request.NettyRequestSender - Using pooled Channel '[id: 0x7c68b8df, L:/127.0.0.1:64390 - R:localhost/127.0.0.1:10889]' for 'POST' to 'http://localhost:10889/session/14f61660-7bcc-4279-b6a3-7163a94e0626/element/648f8c2e-416e-46fd-aba4-6927e469057b/element'
15:50:19.057 [Forwarding findChildElement on session 14f61660-7bcc-4279-b6a3-7163a94e0626 to remote] DEBUG o.a.netty.request.NettyRequestSender - Using open Channel [id: 0x7c68b8df, L:/127.0.0.1:64390 - R:localhost/127.0.0.1:10889] for POST '/session/14f61660-7bcc-4279-b6a3-7163a94e0626/element/648f8c2e-416e-46fd-aba4-6927e469057b/element'
15:50:19.061 [AsyncHttpClient-3-1] DEBUG o.a.netty.handler.HttpHandler - 

Request DefaultHttpRequest(decodeResult: success, version: HTTP/1.1)
POST /session/14f61660-7bcc-4279-b6a3-7163a94e0626/element/648f8c2e-416e-46fd-aba4-6927e469057b/element HTTP/1.1
User-Agent: selenium/4.0.0-alpha-5 (java windows)
Content-Length: 103
Content-Type: application/json; charset=utf-8
host: localhost:10889
accept: */*

Response DefaultHttpResponse(decodeResult: success, version: HTTP/1.1)
HTTP/1.1 200 OK
content-type: application/json; charset=utf-8
cache-control: no-cache
content-length: 88
date: Thu, 25 Jun 2020 12:50:19 GMT

15:50:19.061 [AsyncHttpClient-3-1] DEBUG o.a.netty.channel.ChannelManager - Adding key: http://localhost:10889 for channel [id: 0x7c68b8df, L:/127.0.0.1:64390 - R:localhost/127.0.0.1:10889]
15:50:19.062 [Forwarding getElementText on session 14f61660-7bcc-4279-b6a3-7163a94e0626 to remote] DEBUG o.a.netty.request.NettyRequestSender - Using pooled Channel '[id: 0x7c68b8df, L:/127.0.0.1:64390 - R:localhost/127.0.0.1:10889]' for 'GET' to 'http://localhost:10889/session/14f61660-7bcc-4279-b6a3-7163a94e0626/element/7f60dfdd-56a5-4f37-bd94-fa1446892429/text'
15:50:19.062 [Forwarding getElementText on session 14f61660-7bcc-4279-b6a3-7163a94e0626 to remote] DEBUG o.a.netty.request.NettyRequestSender - Using open Channel [id: 0x7c68b8df, L:/127.0.0.1:64390 - R:localhost/127.0.0.1:10889] for GET '/session/14f61660-7bcc-4279-b6a3-7163a94e0626/element/7f60dfdd-56a5-4f37-bd94-fa1446892429/text'
15:50:19.066 [AsyncHttpClient-3-1] DEBUG o.a.netty.handler.HttpHandler - 

Request DefaultFullHttpRequest(decodeResult: success, version: HTTP/1.1, content: EmptyByteBufBE)
GET /session/14f61660-7bcc-4279-b6a3-7163a94e0626/element/7f60dfdd-56a5-4f37-bd94-fa1446892429/text HTTP/1.1
User-Agent: selenium/4.0.0-alpha-5 (java windows)
Cache-Control: no-cache
host: localhost:10889
accept: */*

Response DefaultHttpResponse(decodeResult: success, version: HTTP/1.1)
HTTP/1.1 200 OK
content-type: application/json; charset=utf-8
cache-control: no-cache
content-length: 19
date: Thu, 25 Jun 2020 12:50:19 GMT

15:50:19.066 [AsyncHttpClient-3-1] DEBUG o.a.netty.channel.ChannelManager - Adding key: http://localhost:10889 for channel [id: 0x7c68b8df, L:/127.0.0.1:64390 - R:localhost/127.0.0.1:10889]
15:50:19.067 [Forwarding findChildElement on session 14f61660-7bcc-4279-b6a3-7163a94e0626 to remote] DEBUG o.a.netty.request.NettyRequestSender - Using pooled Channel '[id: 0x7c68b8df, L:/127.0.0.1:64390 - R:localhost/127.0.0.1:10889]' for 'POST' to 'http://localhost:10889/session/14f61660-7bcc-4279-b6a3-7163a94e0626/element/648f8c2e-416e-46fd-aba4-6927e469057b/element'
15:50:19.067 [Forwarding findChildElement on session 14f61660-7bcc-4279-b6a3-7163a94e0626 to remote] DEBUG o.a.netty.request.NettyRequestSender - Using open Channel [id: 0x7c68b8df, L:/127.0.0.1:64390 - R:localhost/127.0.0.1:10889] for POST '/session/14f61660-7bcc-4279-b6a3-7163a94e0626/element/648f8c2e-416e-46fd-aba4-6927e469057b/element'
15:50:19.071 [AsyncHttpClient-3-1] DEBUG o.a.netty.handler.HttpHandler - 

Request DefaultHttpRequest(decodeResult: success, version: HTTP/1.1)
POST /session/14f61660-7bcc-4279-b6a3-7163a94e0626/element/648f8c2e-416e-46fd-aba4-6927e469057b/element HTTP/1.1
User-Agent: selenium/4.0.0-alpha-5 (java windows)
Content-Length: 103
Content-Type: application/json; charset=utf-8
host: localhost:10889
accept: */*

Response DefaultHttpResponse(decodeResult: success, version: HTTP/1.1)
HTTP/1.1 200 OK
content-type: application/json; charset=utf-8
cache-control: no-cache
content-length: 88
date: Thu, 25 Jun 2020 12:50:19 GMT

15:50:19.071 [AsyncHttpClient-3-1] DEBUG o.a.netty.channel.ChannelManager - Adding key: http://localhost:10889 for channel [id: 0x7c68b8df, L:/127.0.0.1:64390 - R:localhost/127.0.0.1:10889]
15:50:19.071 [Forwarding getElementText on session 14f61660-7bcc-4279-b6a3-7163a94e0626 to remote] DEBUG o.a.netty.request.NettyRequestSender - Using pooled Channel '[id: 0x7c68b8df, L:/127.0.0.1:64390 - R:localhost/127.0.0.1:10889]' for 'GET' to 'http://localhost:10889/session/14f61660-7bcc-4279-b6a3-7163a94e0626/element/9f2b8392-b0de-4297-a08c-d960ca331a00/text'
15:50:19.071 [Forwarding getElementText on session 14f61660-7bcc-4279-b6a3-7163a94e0626 to remote] DEBUG o.a.netty.request.NettyRequestSender - Using open Channel [id: 0x7c68b8df, L:/127.0.0.1:64390 - R:localhost/127.0.0.1:10889] for GET '/session/14f61660-7bcc-4279-b6a3-7163a94e0626/element/9f2b8392-b0de-4297-a08c-d960ca331a00/text'
15:50:19.075 [AsyncHttpClient-3-1] DEBUG o.a.netty.handler.HttpHandler - 

Request DefaultFullHttpRequest(decodeResult: success, version: HTTP/1.1, content: EmptyByteBufBE)
GET /session/14f61660-7bcc-4279-b6a3-7163a94e0626/element/9f2b8392-b0de-4297-a08c-d960ca331a00/text HTTP/1.1
User-Agent: selenium/4.0.0-alpha-5 (java windows)
Cache-Control: no-cache
host: localhost:10889
accept: */*

Response DefaultHttpResponse(decodeResult: success, version: HTTP/1.1)
HTTP/1.1 200 OK
content-type: application/json; charset=utf-8
cache-control: no-cache
content-length: 19
date: Thu, 25 Jun 2020 12:50:19 GMT

15:50:19.076 [AsyncHttpClient-3-1] DEBUG o.a.netty.channel.ChannelManager - Adding key: http://localhost:10889 for channel [id: 0x7c68b8df, L:/127.0.0.1:64390 - R:localhost/127.0.0.1:10889]
15:50:19.076 [Forwarding findChildElement on session 14f61660-7bcc-4279-b6a3-7163a94e0626 to remote] DEBUG o.a.netty.request.NettyRequestSender - Using pooled Channel '[id: 0x7c68b8df, L:/127.0.0.1:64390 - R:localhost/127.0.0.1:10889]' for 'POST' to 'http://localhost:10889/session/14f61660-7bcc-4279-b6a3-7163a94e0626/element/648f8c2e-416e-46fd-aba4-6927e469057b/element'
15:50:19.076 [Forwarding findChildElement on session 14f61660-7bcc-4279-b6a3-7163a94e0626 to remote] DEBUG o.a.netty.request.NettyRequestSender - Using open Channel [id: 0x7c68b8df, L:/127.0.0.1:64390 - R:localhost/127.0.0.1:10889] for POST '/session/14f61660-7bcc-4279-b6a3-7163a94e0626/element/648f8c2e-416e-46fd-aba4-6927e469057b/element'
15:50:19.080 [AsyncHttpClient-3-1] DEBUG o.a.netty.handler.HttpHandler - 

Request DefaultHttpRequest(decodeResult: success, version: HTTP/1.1)
POST /session/14f61660-7bcc-4279-b6a3-7163a94e0626/element/648f8c2e-416e-46fd-aba4-6927e469057b/element HTTP/1.1
User-Agent: selenium/4.0.0-alpha-5 (java windows)
Content-Length: 103
Content-Type: application/json; charset=utf-8
host: localhost:10889
accept: */*

Response DefaultHttpResponse(decodeResult: success, version: HTTP/1.1)
HTTP/1.1 200 OK
content-type: application/json; charset=utf-8
cache-control: no-cache
content-length: 88
date: Thu, 25 Jun 2020 12:50:19 GMT

15:50:19.080 [AsyncHttpClient-3-1] DEBUG o.a.netty.channel.ChannelManager - Adding key: http://localhost:10889 for channel [id: 0x7c68b8df, L:/127.0.0.1:64390 - R:localhost/127.0.0.1:10889]
15:50:19.080 [Forwarding getElementText on session 14f61660-7bcc-4279-b6a3-7163a94e0626 to remote] DEBUG o.a.netty.request.NettyRequestSender - Using pooled Channel '[id: 0x7c68b8df, L:/127.0.0.1:64390 - R:localhost/127.0.0.1:10889]' for 'GET' to 'http://localhost:10889/session/14f61660-7bcc-4279-b6a3-7163a94e0626/element/17c6c99a-cb04-453a-998d-56e5158685fb/text'
15:50:19.081 [Forwarding getElementText on session 14f61660-7bcc-4279-b6a3-7163a94e0626 to remote] DEBUG o.a.netty.request.NettyRequestSender - Using open Channel [id: 0x7c68b8df, L:/127.0.0.1:64390 - R:localhost/127.0.0.1:10889] for GET '/session/14f61660-7bcc-4279-b6a3-7163a94e0626/element/17c6c99a-cb04-453a-998d-56e5158685fb/text'
15:50:19.085 [AsyncHttpClient-3-1] DEBUG o.a.netty.handler.HttpHandler - 

Request DefaultFullHttpRequest(decodeResult: success, version: HTTP/1.1, content: EmptyByteBufBE)
GET /session/14f61660-7bcc-4279-b6a3-7163a94e0626/element/17c6c99a-cb04-453a-998d-56e5158685fb/text HTTP/1.1
User-Agent: selenium/4.0.0-alpha-5 (java windows)
Cache-Control: no-cache
host: localhost:10889
accept: */*

Response DefaultHttpResponse(decodeResult: success, version: HTTP/1.1)
HTTP/1.1 200 OK
content-type: application/json; charset=utf-8
cache-control: no-cache
content-length: 23
date: Thu, 25 Jun 2020 12:50:19 GMT

15:50:19.086 [AsyncHttpClient-3-1] DEBUG o.a.netty.channel.ChannelManager - Adding key: http://localhost:10889 for channel [id: 0x7c68b8df, L:/127.0.0.1:64390 - R:localhost/127.0.0.1:10889]
15:50:19.086 [Forwarding findChildElement on session 14f61660-7bcc-4279-b6a3-7163a94e0626 to remote] DEBUG o.a.netty.request.NettyRequestSender - Using pooled Channel '[id: 0x7c68b8df, L:/127.0.0.1:64390 - R:localhost/127.0.0.1:10889]' for 'POST' to 'http://localhost:10889/session/14f61660-7bcc-4279-b6a3-7163a94e0626/element/648f8c2e-416e-46fd-aba4-6927e469057b/element'
15:50:19.086 [Forwarding findChildElement on session 14f61660-7bcc-4279-b6a3-7163a94e0626 to remote] DEBUG o.a.netty.request.NettyRequestSender - Using open Channel [id: 0x7c68b8df, L:/127.0.0.1:64390 - R:localhost/127.0.0.1:10889] for POST '/session/14f61660-7bcc-4279-b6a3-7163a94e0626/element/648f8c2e-416e-46fd-aba4-6927e469057b/element'
15:50:19.090 [AsyncHttpClient-3-1] DEBUG o.a.netty.handler.HttpHandler - 

Request DefaultHttpRequest(decodeResult: success, version: HTTP/1.1)
POST /session/14f61660-7bcc-4279-b6a3-7163a94e0626/element/648f8c2e-416e-46fd-aba4-6927e469057b/element HTTP/1.1
User-Agent: selenium/4.0.0-alpha-5 (java windows)
Content-Length: 103
Content-Type: application/json; charset=utf-8
host: localhost:10889
accept: */*

Response DefaultHttpResponse(decodeResult: success, version: HTTP/1.1)
HTTP/1.1 200 OK
content-type: application/json; charset=utf-8
cache-control: no-cache
content-length: 88
date: Thu, 25 Jun 2020 12:50:19 GMT

15:50:19.090 [AsyncHttpClient-3-1] DEBUG o.a.netty.channel.ChannelManager - Adding key: http://localhost:10889 for channel [id: 0x7c68b8df, L:/127.0.0.1:64390 - R:localhost/127.0.0.1:10889]
15:50:19.091 [Forwarding getElementText on session 14f61660-7bcc-4279-b6a3-7163a94e0626 to remote] DEBUG o.a.netty.request.NettyRequestSender - Using pooled Channel '[id: 0x7c68b8df, L:/127.0.0.1:64390 - R:localhost/127.0.0.1:10889]' for 'GET' to 'http://localhost:10889/session/14f61660-7bcc-4279-b6a3-7163a94e0626/element/387e5dfb-83d9-4fff-8670-5eddc02d9432/text'
15:50:19.091 [Forwarding getElementText on session 14f61660-7bcc-4279-b6a3-7163a94e0626 to remote] DEBUG o.a.netty.request.NettyRequestSender - Using open Channel [id: 0x7c68b8df, L:/127.0.0.1:64390 - R:localhost/127.0.0.1:10889] for GET '/session/14f61660-7bcc-4279-b6a3-7163a94e0626/element/387e5dfb-83d9-4fff-8670-5eddc02d9432/text'
15:50:19.095 [AsyncHttpClient-3-1] DEBUG o.a.netty.handler.HttpHandler - 

Request DefaultFullHttpRequest(decodeResult: success, version: HTTP/1.1, content: EmptyByteBufBE)
GET /session/14f61660-7bcc-4279-b6a3-7163a94e0626/element/387e5dfb-83d9-4fff-8670-5eddc02d9432/text HTTP/1.1
User-Agent: selenium/4.0.0-alpha-5 (java windows)
Cache-Control: no-cache
host: localhost:10889
accept: */*

Response DefaultHttpResponse(decodeResult: success, version: HTTP/1.1)
HTTP/1.1 200 OK
content-type: application/json; charset=utf-8
cache-control: no-cache
content-length: 19
date: Thu, 25 Jun 2020 12:50:19 GMT

15:50:19.095 [AsyncHttpClient-3-1] DEBUG o.a.netty.channel.ChannelManager - Adding key: http://localhost:10889 for channel [id: 0x7c68b8df, L:/127.0.0.1:64390 - R:localhost/127.0.0.1:10889]
15:50:19.096 [Forwarding findChildElement on session 14f61660-7bcc-4279-b6a3-7163a94e0626 to remote] DEBUG o.a.netty.request.NettyRequestSender - Using pooled Channel '[id: 0x7c68b8df, L:/127.0.0.1:64390 - R:localhost/127.0.0.1:10889]' for 'POST' to 'http://localhost:10889/session/14f61660-7bcc-4279-b6a3-7163a94e0626/element/648f8c2e-416e-46fd-aba4-6927e469057b/element'
15:50:19.096 [Forwarding findChildElement on session 14f61660-7bcc-4279-b6a3-7163a94e0626 to remote] DEBUG o.a.netty.request.NettyRequestSender - Using open Channel [id: 0x7c68b8df, L:/127.0.0.1:64390 - R:localhost/127.0.0.1:10889] for POST '/session/14f61660-7bcc-4279-b6a3-7163a94e0626/element/648f8c2e-416e-46fd-aba4-6927e469057b/element'
15:50:19.100 [AsyncHttpClient-3-1] DEBUG o.a.netty.handler.HttpHandler - 

Request DefaultHttpRequest(decodeResult: success, version: HTTP/1.1)
POST /session/14f61660-7bcc-4279-b6a3-7163a94e0626/element/648f8c2e-416e-46fd-aba4-6927e469057b/element HTTP/1.1
User-Agent: selenium/4.0.0-alpha-5 (java windows)
Content-Length: 103
Content-Type: application/json; charset=utf-8
host: localhost:10889
accept: */*

Response DefaultHttpResponse(decodeResult: success, version: HTTP/1.1)
HTTP/1.1 200 OK
content-type: application/json; charset=utf-8
cache-control: no-cache
content-length: 88
date: Thu, 25 Jun 2020 12:50:19 GMT

15:50:19.100 [AsyncHttpClient-3-1] DEBUG o.a.netty.channel.ChannelManager - Adding key: http://localhost:10889 for channel [id: 0x7c68b8df, L:/127.0.0.1:64390 - R:localhost/127.0.0.1:10889]
15:50:19.100 [Forwarding getElementText on session 14f61660-7bcc-4279-b6a3-7163a94e0626 to remote] DEBUG o.a.netty.request.NettyRequestSender - Using pooled Channel '[id: 0x7c68b8df, L:/127.0.0.1:64390 - R:localhost/127.0.0.1:10889]' for 'GET' to 'http://localhost:10889/session/14f61660-7bcc-4279-b6a3-7163a94e0626/element/13d7b16b-da5d-49fe-b4a0-14a0ad229a5a/text'
15:50:19.100 [Forwarding getElementText on session 14f61660-7bcc-4279-b6a3-7163a94e0626 to remote] DEBUG o.a.netty.request.NettyRequestSender - Using open Channel [id: 0x7c68b8df, L:/127.0.0.1:64390 - R:localhost/127.0.0.1:10889] for GET '/session/14f61660-7bcc-4279-b6a3-7163a94e0626/element/13d7b16b-da5d-49fe-b4a0-14a0ad229a5a/text'
15:50:19.105 [AsyncHttpClient-3-1] DEBUG o.a.netty.handler.HttpHandler - 

Request DefaultFullHttpRequest(decodeResult: success, version: HTTP/1.1, content: EmptyByteBufBE)
GET /session/14f61660-7bcc-4279-b6a3-7163a94e0626/element/13d7b16b-da5d-49fe-b4a0-14a0ad229a5a/text HTTP/1.1
User-Agent: selenium/4.0.0-alpha-5 (java windows)
Cache-Control: no-cache
host: localhost:10889
accept: */*

Response DefaultHttpResponse(decodeResult: success, version: HTTP/1.1)
HTTP/1.1 200 OK
content-type: application/json; charset=utf-8
cache-control: no-cache
content-length: 28
date: Thu, 25 Jun 2020 12:50:19 GMT

15:50:19.105 [AsyncHttpClient-3-1] DEBUG o.a.netty.channel.ChannelManager - Adding key: http://localhost:10889 for channel [id: 0x7c68b8df, L:/127.0.0.1:64390 - R:localhost/127.0.0.1:10889]
15:50:19.106 [Forwarding findChildElement on session 14f61660-7bcc-4279-b6a3-7163a94e0626 to remote] DEBUG o.a.netty.request.NettyRequestSender - Using pooled Channel '[id: 0x7c68b8df, L:/127.0.0.1:64390 - R:localhost/127.0.0.1:10889]' for 'POST' to 'http://localhost:10889/session/14f61660-7bcc-4279-b6a3-7163a94e0626/element/648f8c2e-416e-46fd-aba4-6927e469057b/element'
15:50:19.106 [Forwarding findChildElement on session 14f61660-7bcc-4279-b6a3-7163a94e0626 to remote] DEBUG o.a.netty.request.NettyRequestSender - Using open Channel [id: 0x7c68b8df, L:/127.0.0.1:64390 - R:localhost/127.0.0.1:10889] for POST '/session/14f61660-7bcc-4279-b6a3-7163a94e0626/element/648f8c2e-416e-46fd-aba4-6927e469057b/element'
15:50:19.110 [AsyncHttpClient-3-1] DEBUG o.a.netty.handler.HttpHandler - 

Request DefaultHttpRequest(decodeResult: success, version: HTTP/1.1)
POST /session/14f61660-7bcc-4279-b6a3-7163a94e0626/element/648f8c2e-416e-46fd-aba4-6927e469057b/element HTTP/1.1
User-Agent: selenium/4.0.0-alpha-5 (java windows)
Content-Length: 97
Content-Type: application/json; charset=utf-8
host: localhost:10889
accept: */*

Response DefaultHttpResponse(decodeResult: success, version: HTTP/1.1)
HTTP/1.1 200 OK
content-type: application/json; charset=utf-8
cache-control: no-cache
content-length: 88
date: Thu, 25 Jun 2020 12:50:19 GMT

15:50:19.110 [AsyncHttpClient-3-1] DEBUG o.a.netty.channel.ChannelManager - Adding key: http://localhost:10889 for channel [id: 0x7c68b8df, L:/127.0.0.1:64390 - R:localhost/127.0.0.1:10889]
15:50:19.112 [Forwarding getElementAttribute on session 14f61660-7bcc-4279-b6a3-7163a94e0626 to remote] DEBUG o.a.netty.request.NettyRequestSender - Using pooled Channel '[id: 0x7c68b8df, L:/127.0.0.1:64390 - R:localhost/127.0.0.1:10889]' for 'POST' to 'http://localhost:10889/session/14f61660-7bcc-4279-b6a3-7163a94e0626/execute/sync'
15:50:19.112 [Forwarding getElementAttribute on session 14f61660-7bcc-4279-b6a3-7163a94e0626 to remote] DEBUG o.a.netty.request.NettyRequestSender - Using open Channel [id: 0x7c68b8df, L:/127.0.0.1:64390 - R:localhost/127.0.0.1:10889] for POST '/session/14f61660-7bcc-4279-b6a3-7163a94e0626/execute/sync'
15:50:19.127 [AsyncHttpClient-3-1] DEBUG o.a.netty.handler.HttpHandler - 

Request DefaultHttpRequest(decodeResult: success, version: HTTP/1.1)
POST /session/14f61660-7bcc-4279-b6a3-7163a94e0626/execute/sync HTTP/1.1
User-Agent: selenium/4.0.0-alpha-5 (java windows)
Content-Length: 39635
Content-Type: application/json; charset=utf-8
host: localhost:10889
accept: */*

Response DefaultHttpResponse(decodeResult: success, version: HTTP/1.1)
HTTP/1.1 200 OK
content-type: application/json; charset=utf-8
cache-control: no-cache
content-length: 15
date: Thu, 25 Jun 2020 12:50:19 GMT

15:50:19.127 [AsyncHttpClient-3-1] DEBUG o.a.netty.channel.ChannelManager - Adding key: http://localhost:10889 for channel [id: 0x7c68b8df, L:/127.0.0.1:64390 - R:localhost/127.0.0.1:10889]
15:50:19.127 [Forwarding findChildElement on session 14f61660-7bcc-4279-b6a3-7163a94e0626 to remote] DEBUG o.a.netty.request.NettyRequestSender - Using pooled Channel '[id: 0x7c68b8df, L:/127.0.0.1:64390 - R:localhost/127.0.0.1:10889]' for 'POST' to 'http://localhost:10889/session/14f61660-7bcc-4279-b6a3-7163a94e0626/element/af9fab64-cf97-4d5f-9e41-dc6628ed3b7e/element'
15:50:19.127 [Forwarding findChildElement on session 14f61660-7bcc-4279-b6a3-7163a94e0626 to remote] DEBUG o.a.netty.request.NettyRequestSender - Using open Channel [id: 0x7c68b8df, L:/127.0.0.1:64390 - R:localhost/127.0.0.1:10889] for POST '/session/14f61660-7bcc-4279-b6a3-7163a94e0626/element/af9fab64-cf97-4d5f-9e41-dc6628ed3b7e/element'
15:50:19.131 [AsyncHttpClient-3-1] DEBUG o.a.netty.handler.HttpHandler - 

Request DefaultHttpRequest(decodeResult: success, version: HTTP/1.1)
POST /session/14f61660-7bcc-4279-b6a3-7163a94e0626/element/af9fab64-cf97-4d5f-9e41-dc6628ed3b7e/element HTTP/1.1
User-Agent: selenium/4.0.0-alpha-5 (java windows)
Content-Length: 103
Content-Type: application/json; charset=utf-8
host: localhost:10889
accept: */*

Response DefaultHttpResponse(decodeResult: success, version: HTTP/1.1)
HTTP/1.1 200 OK
content-type: application/json; charset=utf-8
cache-control: no-cache
content-length: 88
date: Thu, 25 Jun 2020 12:50:19 GMT

15:50:19.131 [AsyncHttpClient-3-1] DEBUG o.a.netty.channel.ChannelManager - Adding key: http://localhost:10889 for channel [id: 0x7c68b8df, L:/127.0.0.1:64390 - R:localhost/127.0.0.1:10889]
15:50:19.131 [Forwarding getElementText on session 14f61660-7bcc-4279-b6a3-7163a94e0626 to remote] DEBUG o.a.netty.request.NettyRequestSender - Using pooled Channel '[id: 0x7c68b8df, L:/127.0.0.1:64390 - R:localhost/127.0.0.1:10889]' for 'GET' to 'http://localhost:10889/session/14f61660-7bcc-4279-b6a3-7163a94e0626/element/9b32d8e5-52fd-4baa-82c9-65d9cdd2756c/text'
15:50:19.131 [Forwarding getElementText on session 14f61660-7bcc-4279-b6a3-7163a94e0626 to remote] DEBUG o.a.netty.request.NettyRequestSender - Using open Channel [id: 0x7c68b8df, L:/127.0.0.1:64390 - R:localhost/127.0.0.1:10889] for GET '/session/14f61660-7bcc-4279-b6a3-7163a94e0626/element/9b32d8e5-52fd-4baa-82c9-65d9cdd2756c/text'
15:50:19.136 [AsyncHttpClient-3-1] DEBUG o.a.netty.handler.HttpHandler - 

Request DefaultFullHttpRequest(decodeResult: success, version: HTTP/1.1, content: EmptyByteBufBE)
GET /session/14f61660-7bcc-4279-b6a3-7163a94e0626/element/9b32d8e5-52fd-4baa-82c9-65d9cdd2756c/text HTTP/1.1
User-Agent: selenium/4.0.0-alpha-5 (java windows)
Cache-Control: no-cache
host: localhost:10889
accept: */*

Response DefaultHttpResponse(decodeResult: success, version: HTTP/1.1)
HTTP/1.1 200 OK
content-type: application/json; charset=utf-8
cache-control: no-cache
content-length: 19
date: Thu, 25 Jun 2020 12:50:19 GMT

15:50:19.136 [AsyncHttpClient-3-1] DEBUG o.a.netty.channel.ChannelManager - Adding key: http://localhost:10889 for channel [id: 0x7c68b8df, L:/127.0.0.1:64390 - R:localhost/127.0.0.1:10889]
15:50:19.137 [Forwarding findChildElement on session 14f61660-7bcc-4279-b6a3-7163a94e0626 to remote] DEBUG o.a.netty.request.NettyRequestSender - Using pooled Channel '[id: 0x7c68b8df, L:/127.0.0.1:64390 - R:localhost/127.0.0.1:10889]' for 'POST' to 'http://localhost:10889/session/14f61660-7bcc-4279-b6a3-7163a94e0626/element/af9fab64-cf97-4d5f-9e41-dc6628ed3b7e/element'
15:50:19.137 [Forwarding findChildElement on session 14f61660-7bcc-4279-b6a3-7163a94e0626 to remote] DEBUG o.a.netty.request.NettyRequestSender - Using open Channel [id: 0x7c68b8df, L:/127.0.0.1:64390 - R:localhost/127.0.0.1:10889] for POST '/session/14f61660-7bcc-4279-b6a3-7163a94e0626/element/af9fab64-cf97-4d5f-9e41-dc6628ed3b7e/element'
15:50:19.141 [AsyncHttpClient-3-1] DEBUG o.a.netty.handler.HttpHandler - 

Request DefaultHttpRequest(decodeResult: success, version: HTTP/1.1)
POST /session/14f61660-7bcc-4279-b6a3-7163a94e0626/element/af9fab64-cf97-4d5f-9e41-dc6628ed3b7e/element HTTP/1.1
User-Agent: selenium/4.0.0-alpha-5 (java windows)
Content-Length: 103
Content-Type: application/json; charset=utf-8
host: localhost:10889
accept: */*

Response DefaultHttpResponse(decodeResult: success, version: HTTP/1.1)
HTTP/1.1 200 OK
content-type: application/json; charset=utf-8
cache-control: no-cache
content-length: 88
date: Thu, 25 Jun 2020 12:50:19 GMT

15:50:19.141 [AsyncHttpClient-3-1] DEBUG o.a.netty.channel.ChannelManager - Adding key: http://localhost:10889 for channel [id: 0x7c68b8df, L:/127.0.0.1:64390 - R:localhost/127.0.0.1:10889]
15:50:19.141 [Forwarding getElementText on session 14f61660-7bcc-4279-b6a3-7163a94e0626 to remote] DEBUG o.a.netty.request.NettyRequestSender - Using pooled Channel '[id: 0x7c68b8df, L:/127.0.0.1:64390 - R:localhost/127.0.0.1:10889]' for 'GET' to 'http://localhost:10889/session/14f61660-7bcc-4279-b6a3-7163a94e0626/element/2f89d559-82a1-4fc2-b5b7-545440690dfd/text'
15:50:19.141 [Forwarding getElementText on session 14f61660-7bcc-4279-b6a3-7163a94e0626 to remote] DEBUG o.a.netty.request.NettyRequestSender - Using open Channel [id: 0x7c68b8df, L:/127.0.0.1:64390 - R:localhost/127.0.0.1:10889] for GET '/session/14f61660-7bcc-4279-b6a3-7163a94e0626/element/2f89d559-82a1-4fc2-b5b7-545440690dfd/text'
15:50:19.145 [AsyncHttpClient-3-1] DEBUG o.a.netty.handler.HttpHandler - 

Request DefaultFullHttpRequest(decodeResult: success, version: HTTP/1.1, content: EmptyByteBufBE)
GET /session/14f61660-7bcc-4279-b6a3-7163a94e0626/element/2f89d559-82a1-4fc2-b5b7-545440690dfd/text HTTP/1.1
User-Agent: selenium/4.0.0-alpha-5 (java windows)
Cache-Control: no-cache
host: localhost:10889
accept: */*

Response DefaultHttpResponse(decodeResult: success, version: HTTP/1.1)
HTTP/1.1 200 OK
content-type: application/json; charset=utf-8
cache-control: no-cache
content-length: 19
date: Thu, 25 Jun 2020 12:50:19 GMT

15:50:19.145 [AsyncHttpClient-3-1] DEBUG o.a.netty.channel.ChannelManager - Adding key: http://localhost:10889 for channel [id: 0x7c68b8df, L:/127.0.0.1:64390 - R:localhost/127.0.0.1:10889]
15:50:19.146 [Forwarding findChildElement on session 14f61660-7bcc-4279-b6a3-7163a94e0626 to remote] DEBUG o.a.netty.request.NettyRequestSender - Using pooled Channel '[id: 0x7c68b8df, L:/127.0.0.1:64390 - R:localhost/127.0.0.1:10889]' for 'POST' to 'http://localhost:10889/session/14f61660-7bcc-4279-b6a3-7163a94e0626/element/af9fab64-cf97-4d5f-9e41-dc6628ed3b7e/element'
15:50:19.146 [Forwarding findChildElement on session 14f61660-7bcc-4279-b6a3-7163a94e0626 to remote] DEBUG o.a.netty.request.NettyRequestSender - Using open Channel [id: 0x7c68b8df, L:/127.0.0.1:64390 - R:localhost/127.0.0.1:10889] for POST '/session/14f61660-7bcc-4279-b6a3-7163a94e0626/element/af9fab64-cf97-4d5f-9e41-dc6628ed3b7e/element'
15:50:19.150 [AsyncHttpClient-3-1] DEBUG o.a.netty.handler.HttpHandler - 

Request DefaultHttpRequest(decodeResult: success, version: HTTP/1.1)
POST /session/14f61660-7bcc-4279-b6a3-7163a94e0626/element/af9fab64-cf97-4d5f-9e41-dc6628ed3b7e/element HTTP/1.1
User-Agent: selenium/4.0.0-alpha-5 (java windows)
Content-Length: 103
Content-Type: application/json; charset=utf-8
host: localhost:10889
accept: */*

Response DefaultHttpResponse(decodeResult: success, version: HTTP/1.1)
HTTP/1.1 200 OK
content-type: application/json; charset=utf-8
cache-control: no-cache
content-length: 88
date: Thu, 25 Jun 2020 12:50:19 GMT

15:50:19.150 [AsyncHttpClient-3-1] DEBUG o.a.netty.channel.ChannelManager - Adding key: http://localhost:10889 for channel [id: 0x7c68b8df, L:/127.0.0.1:64390 - R:localhost/127.0.0.1:10889]
15:50:19.151 [Forwarding getElementText on session 14f61660-7bcc-4279-b6a3-7163a94e0626 to remote] DEBUG o.a.netty.request.NettyRequestSender - Using pooled Channel '[id: 0x7c68b8df, L:/127.0.0.1:64390 - R:localhost/127.0.0.1:10889]' for 'GET' to 'http://localhost:10889/session/14f61660-7bcc-4279-b6a3-7163a94e0626/element/3d76c462-69a6-4adb-8c26-63bc559bde3c/text'
15:50:19.151 [Forwarding getElementText on session 14f61660-7bcc-4279-b6a3-7163a94e0626 to remote] DEBUG o.a.netty.request.NettyRequestSender - Using open Channel [id: 0x7c68b8df, L:/127.0.0.1:64390 - R:localhost/127.0.0.1:10889] for GET '/session/14f61660-7bcc-4279-b6a3-7163a94e0626/element/3d76c462-69a6-4adb-8c26-63bc559bde3c/text'
15:50:19.155 [AsyncHttpClient-3-1] DEBUG o.a.netty.handler.HttpHandler - 

Request DefaultFullHttpRequest(decodeResult: success, version: HTTP/1.1, content: EmptyByteBufBE)
GET /session/14f61660-7bcc-4279-b6a3-7163a94e0626/element/3d76c462-69a6-4adb-8c26-63bc559bde3c/text HTTP/1.1
User-Agent: selenium/4.0.0-alpha-5 (java windows)
Cache-Control: no-cache
host: localhost:10889
accept: */*

Response DefaultHttpResponse(decodeResult: success, version: HTTP/1.1)
HTTP/1.1 200 OK
content-type: application/json; charset=utf-8
cache-control: no-cache
content-length: 12
date: Thu, 25 Jun 2020 12:50:19 GMT

15:50:19.155 [AsyncHttpClient-3-1] DEBUG o.a.netty.channel.ChannelManager - Adding key: http://localhost:10889 for channel [id: 0x7c68b8df, L:/127.0.0.1:64390 - R:localhost/127.0.0.1:10889]
15:50:19.156 [Forwarding findChildElement on session 14f61660-7bcc-4279-b6a3-7163a94e0626 to remote] DEBUG o.a.netty.request.NettyRequestSender - Using pooled Channel '[id: 0x7c68b8df, L:/127.0.0.1:64390 - R:localhost/127.0.0.1:10889]' for 'POST' to 'http://localhost:10889/session/14f61660-7bcc-4279-b6a3-7163a94e0626/element/af9fab64-cf97-4d5f-9e41-dc6628ed3b7e/element'
15:50:19.156 [Forwarding findChildElement on session 14f61660-7bcc-4279-b6a3-7163a94e0626 to remote] DEBUG o.a.netty.request.NettyRequestSender - Using open Channel [id: 0x7c68b8df, L:/127.0.0.1:64390 - R:localhost/127.0.0.1:10889] for POST '/session/14f61660-7bcc-4279-b6a3-7163a94e0626/element/af9fab64-cf97-4d5f-9e41-dc6628ed3b7e/element'
15:50:19.159 [AsyncHttpClient-3-1] DEBUG o.a.netty.handler.HttpHandler - 

Request DefaultHttpRequest(decodeResult: success, version: HTTP/1.1)
POST /session/14f61660-7bcc-4279-b6a3-7163a94e0626/element/af9fab64-cf97-4d5f-9e41-dc6628ed3b7e/element HTTP/1.1
User-Agent: selenium/4.0.0-alpha-5 (java windows)
Content-Length: 103
Content-Type: application/json; charset=utf-8
host: localhost:10889
accept: */*

Response DefaultHttpResponse(decodeResult: success, version: HTTP/1.1)
HTTP/1.1 200 OK
content-type: application/json; charset=utf-8
cache-control: no-cache
content-length: 88
date: Thu, 25 Jun 2020 12:50:19 GMT

15:50:19.160 [AsyncHttpClient-3-1] DEBUG o.a.netty.channel.ChannelManager - Adding key: http://localhost:10889 for channel [id: 0x7c68b8df, L:/127.0.0.1:64390 - R:localhost/127.0.0.1:10889]
15:50:19.160 [Forwarding getElementText on session 14f61660-7bcc-4279-b6a3-7163a94e0626 to remote] DEBUG o.a.netty.request.NettyRequestSender - Using pooled Channel '[id: 0x7c68b8df, L:/127.0.0.1:64390 - R:localhost/127.0.0.1:10889]' for 'GET' to 'http://localhost:10889/session/14f61660-7bcc-4279-b6a3-7163a94e0626/element/650dc120-da2b-43a5-a235-4cf0792ba858/text'
15:50:19.160 [Forwarding getElementText on session 14f61660-7bcc-4279-b6a3-7163a94e0626 to remote] DEBUG o.a.netty.request.NettyRequestSender - Using open Channel [id: 0x7c68b8df, L:/127.0.0.1:64390 - R:localhost/127.0.0.1:10889] for GET '/session/14f61660-7bcc-4279-b6a3-7163a94e0626/element/650dc120-da2b-43a5-a235-4cf0792ba858/text'
15:50:19.164 [AsyncHttpClient-3-1] DEBUG o.a.netty.handler.HttpHandler - 

Request DefaultFullHttpRequest(decodeResult: success, version: HTTP/1.1, content: EmptyByteBufBE)
GET /session/14f61660-7bcc-4279-b6a3-7163a94e0626/element/650dc120-da2b-43a5-a235-4cf0792ba858/text HTTP/1.1
User-Agent: selenium/4.0.0-alpha-5 (java windows)
Cache-Control: no-cache
host: localhost:10889
accept: */*

Response DefaultHttpResponse(decodeResult: success, version: HTTP/1.1)
HTTP/1.1 200 OK
content-type: application/json; charset=utf-8
cache-control: no-cache
content-length: 19
date: Thu, 25 Jun 2020 12:50:19 GMT

15:50:19.164 [AsyncHttpClient-3-1] DEBUG o.a.netty.channel.ChannelManager - Adding key: http://localhost:10889 for channel [id: 0x7c68b8df, L:/127.0.0.1:64390 - R:localhost/127.0.0.1:10889]
15:50:19.165 [Forwarding findChildElement on session 14f61660-7bcc-4279-b6a3-7163a94e0626 to remote] DEBUG o.a.netty.request.NettyRequestSender - Using pooled Channel '[id: 0x7c68b8df, L:/127.0.0.1:64390 - R:localhost/127.0.0.1:10889]' for 'POST' to 'http://localhost:10889/session/14f61660-7bcc-4279-b6a3-7163a94e0626/element/af9fab64-cf97-4d5f-9e41-dc6628ed3b7e/element'
15:50:19.165 [Forwarding findChildElement on session 14f61660-7bcc-4279-b6a3-7163a94e0626 to remote] DEBUG o.a.netty.request.NettyRequestSender - Using open Channel [id: 0x7c68b8df, L:/127.0.0.1:64390 - R:localhost/127.0.0.1:10889] for POST '/session/14f61660-7bcc-4279-b6a3-7163a94e0626/element/af9fab64-cf97-4d5f-9e41-dc6628ed3b7e/element'
15:50:19.168 [AsyncHttpClient-3-1] DEBUG o.a.netty.handler.HttpHandler - 

Request DefaultHttpRequest(decodeResult: success, version: HTTP/1.1)
POST /session/14f61660-7bcc-4279-b6a3-7163a94e0626/element/af9fab64-cf97-4d5f-9e41-dc6628ed3b7e/element HTTP/1.1
User-Agent: selenium/4.0.0-alpha-5 (java windows)
Content-Length: 103
Content-Type: application/json; charset=utf-8
host: localhost:10889
accept: */*

Response DefaultHttpResponse(decodeResult: success, version: HTTP/1.1)
HTTP/1.1 200 OK
content-type: application/json; charset=utf-8
cache-control: no-cache
content-length: 88
date: Thu, 25 Jun 2020 12:50:19 GMT

15:50:19.168 [AsyncHttpClient-3-1] DEBUG o.a.netty.channel.ChannelManager - Adding key: http://localhost:10889 for channel [id: 0x7c68b8df, L:/127.0.0.1:64390 - R:localhost/127.0.0.1:10889]
15:50:19.169 [Forwarding getElementText on session 14f61660-7bcc-4279-b6a3-7163a94e0626 to remote] DEBUG o.a.netty.request.NettyRequestSender - Using pooled Channel '[id: 0x7c68b8df, L:/127.0.0.1:64390 - R:localhost/127.0.0.1:10889]' for 'GET' to 'http://localhost:10889/session/14f61660-7bcc-4279-b6a3-7163a94e0626/element/ca065e22-0ab5-4ab3-95de-501af8393cc7/text'
15:50:19.169 [Forwarding getElementText on session 14f61660-7bcc-4279-b6a3-7163a94e0626 to remote] DEBUG o.a.netty.request.NettyRequestSender - Using open Channel [id: 0x7c68b8df, L:/127.0.0.1:64390 - R:localhost/127.0.0.1:10889] for GET '/session/14f61660-7bcc-4279-b6a3-7163a94e0626/element/ca065e22-0ab5-4ab3-95de-501af8393cc7/text'
15:50:19.174 [AsyncHttpClient-3-1] DEBUG o.a.netty.handler.HttpHandler - 

Request DefaultFullHttpRequest(decodeResult: success, version: HTTP/1.1, content: EmptyByteBufBE)
GET /session/14f61660-7bcc-4279-b6a3-7163a94e0626/element/ca065e22-0ab5-4ab3-95de-501af8393cc7/text HTTP/1.1
User-Agent: selenium/4.0.0-alpha-5 (java windows)
Cache-Control: no-cache
host: localhost:10889
accept: */*

Response DefaultHttpResponse(decodeResult: success, version: HTTP/1.1)
HTTP/1.1 200 OK
content-type: application/json; charset=utf-8
cache-control: no-cache
content-length: 28
date: Thu, 25 Jun 2020 12:50:19 GMT

15:50:19.174 [AsyncHttpClient-3-1] DEBUG o.a.netty.channel.ChannelManager - Adding key: http://localhost:10889 for channel [id: 0x7c68b8df, L:/127.0.0.1:64390 - R:localhost/127.0.0.1:10889]
15:50:19.175 [Forwarding findChildElement on session 14f61660-7bcc-4279-b6a3-7163a94e0626 to remote] DEBUG o.a.netty.request.NettyRequestSender - Using pooled Channel '[id: 0x7c68b8df, L:/127.0.0.1:64390 - R:localhost/127.0.0.1:10889]' for 'POST' to 'http://localhost:10889/session/14f61660-7bcc-4279-b6a3-7163a94e0626/element/af9fab64-cf97-4d5f-9e41-dc6628ed3b7e/element'
15:50:19.175 [Forwarding findChildElement on session 14f61660-7bcc-4279-b6a3-7163a94e0626 to remote] DEBUG o.a.netty.request.NettyRequestSender - Using open Channel [id: 0x7c68b8df, L:/127.0.0.1:64390 - R:localhost/127.0.0.1:10889] for POST '/session/14f61660-7bcc-4279-b6a3-7163a94e0626/element/af9fab64-cf97-4d5f-9e41-dc6628ed3b7e/element'
15:50:19.178 [AsyncHttpClient-3-1] DEBUG o.a.netty.handler.HttpHandler - 

Request DefaultHttpRequest(decodeResult: success, version: HTTP/1.1)
POST /session/14f61660-7bcc-4279-b6a3-7163a94e0626/element/af9fab64-cf97-4d5f-9e41-dc6628ed3b7e/element HTTP/1.1
User-Agent: selenium/4.0.0-alpha-5 (java windows)
Content-Length: 97
Content-Type: application/json; charset=utf-8
host: localhost:10889
accept: */*

Response DefaultHttpResponse(decodeResult: success, version: HTTP/1.1)
HTTP/1.1 200 OK
content-type: application/json; charset=utf-8
cache-control: no-cache
content-length: 88
date: Thu, 25 Jun 2020 12:50:19 GMT

15:50:19.178 [AsyncHttpClient-3-1] DEBUG o.a.netty.channel.ChannelManager - Adding key: http://localhost:10889 for channel [id: 0x7c68b8df, L:/127.0.0.1:64390 - R:localhost/127.0.0.1:10889]
15:50:19.181 [Forwarding getElementAttribute on session 14f61660-7bcc-4279-b6a3-7163a94e0626 to remote] DEBUG o.a.netty.request.NettyRequestSender - Using pooled Channel '[id: 0x7c68b8df, L:/127.0.0.1:64390 - R:localhost/127.0.0.1:10889]' for 'POST' to 'http://localhost:10889/session/14f61660-7bcc-4279-b6a3-7163a94e0626/execute/sync'
15:50:19.181 [Forwarding getElementAttribute on session 14f61660-7bcc-4279-b6a3-7163a94e0626 to remote] DEBUG o.a.netty.request.NettyRequestSender - Using open Channel [id: 0x7c68b8df, L:/127.0.0.1:64390 - R:localhost/127.0.0.1:10889] for POST '/session/14f61660-7bcc-4279-b6a3-7163a94e0626/execute/sync'
15:50:19.193 [AsyncHttpClient-3-1] DEBUG o.a.netty.handler.HttpHandler - 

Request DefaultHttpRequest(decodeResult: success, version: HTTP/1.1)
POST /session/14f61660-7bcc-4279-b6a3-7163a94e0626/execute/sync HTTP/1.1
User-Agent: selenium/4.0.0-alpha-5 (java windows)
Content-Length: 39635
Content-Type: application/json; charset=utf-8
host: localhost:10889
accept: */*

Response DefaultHttpResponse(decodeResult: success, version: HTTP/1.1)
HTTP/1.1 200 OK
content-type: application/json; charset=utf-8
cache-control: no-cache
content-length: 15
date: Thu, 25 Jun 2020 12:50:19 GMT

15:50:19.194 [AsyncHttpClient-3-1] DEBUG o.a.netty.channel.ChannelManager - Adding key: http://localhost:10889 for channel [id: 0x7c68b8df, L:/127.0.0.1:64390 - R:localhost/127.0.0.1:10889]
15:50:19.194 [Forwarding findChildElement on session 14f61660-7bcc-4279-b6a3-7163a94e0626 to remote] DEBUG o.a.netty.request.NettyRequestSender - Using pooled Channel '[id: 0x7c68b8df, L:/127.0.0.1:64390 - R:localhost/127.0.0.1:10889]' for 'POST' to 'http://localhost:10889/session/14f61660-7bcc-4279-b6a3-7163a94e0626/element/1945fe4a-0f76-4cb8-9575-170b11445af6/element'
15:50:19.194 [Forwarding findChildElement on session 14f61660-7bcc-4279-b6a3-7163a94e0626 to remote] DEBUG o.a.netty.request.NettyRequestSender - Using open Channel [id: 0x7c68b8df, L:/127.0.0.1:64390 - R:localhost/127.0.0.1:10889] for POST '/session/14f61660-7bcc-4279-b6a3-7163a94e0626/element/1945fe4a-0f76-4cb8-9575-170b11445af6/element'
15:50:19.197 [AsyncHttpClient-3-1] DEBUG o.a.netty.handler.HttpHandler - 

Request DefaultHttpRequest(decodeResult: success, version: HTTP/1.1)
POST /session/14f61660-7bcc-4279-b6a3-7163a94e0626/element/1945fe4a-0f76-4cb8-9575-170b11445af6/element HTTP/1.1
User-Agent: selenium/4.0.0-alpha-5 (java windows)
Content-Length: 103
Content-Type: application/json; charset=utf-8
host: localhost:10889
accept: */*

Response DefaultHttpResponse(decodeResult: success, version: HTTP/1.1)
HTTP/1.1 200 OK
content-type: application/json; charset=utf-8
cache-control: no-cache
content-length: 88
date: Thu, 25 Jun 2020 12:50:19 GMT

15:50:19.198 [AsyncHttpClient-3-1] DEBUG o.a.netty.channel.ChannelManager - Adding key: http://localhost:10889 for channel [id: 0x7c68b8df, L:/127.0.0.1:64390 - R:localhost/127.0.0.1:10889]
15:50:19.198 [Forwarding getElementText on session 14f61660-7bcc-4279-b6a3-7163a94e0626 to remote] DEBUG o.a.netty.request.NettyRequestSender - Using pooled Channel '[id: 0x7c68b8df, L:/127.0.0.1:64390 - R:localhost/127.0.0.1:10889]' for 'GET' to 'http://localhost:10889/session/14f61660-7bcc-4279-b6a3-7163a94e0626/element/a135c4f9-ef49-472e-982d-c6cf26c75946/text'
15:50:19.198 [Forwarding getElementText on session 14f61660-7bcc-4279-b6a3-7163a94e0626 to remote] DEBUG o.a.netty.request.NettyRequestSender - Using open Channel [id: 0x7c68b8df, L:/127.0.0.1:64390 - R:localhost/127.0.0.1:10889] for GET '/session/14f61660-7bcc-4279-b6a3-7163a94e0626/element/a135c4f9-ef49-472e-982d-c6cf26c75946/text'
15:50:19.202 [AsyncHttpClient-3-1] DEBUG o.a.netty.handler.HttpHandler - 

Request DefaultFullHttpRequest(decodeResult: success, version: HTTP/1.1, content: EmptyByteBufBE)
GET /session/14f61660-7bcc-4279-b6a3-7163a94e0626/element/a135c4f9-ef49-472e-982d-c6cf26c75946/text HTTP/1.1
User-Agent: selenium/4.0.0-alpha-5 (java windows)
Cache-Control: no-cache
host: localhost:10889
accept: */*

Response DefaultHttpResponse(decodeResult: success, version: HTTP/1.1)
HTTP/1.1 200 OK
content-type: application/json; charset=utf-8
cache-control: no-cache
content-length: 19
date: Thu, 25 Jun 2020 12:50:19 GMT

15:50:19.202 [AsyncHttpClient-3-1] DEBUG o.a.netty.channel.ChannelManager - Adding key: http://localhost:10889 for channel [id: 0x7c68b8df, L:/127.0.0.1:64390 - R:localhost/127.0.0.1:10889]
15:50:19.203 [Forwarding findChildElement on session 14f61660-7bcc-4279-b6a3-7163a94e0626 to remote] DEBUG o.a.netty.request.NettyRequestSender - Using pooled Channel '[id: 0x7c68b8df, L:/127.0.0.1:64390 - R:localhost/127.0.0.1:10889]' for 'POST' to 'http://localhost:10889/session/14f61660-7bcc-4279-b6a3-7163a94e0626/element/1945fe4a-0f76-4cb8-9575-170b11445af6/element'
15:50:19.203 [Forwarding findChildElement on session 14f61660-7bcc-4279-b6a3-7163a94e0626 to remote] DEBUG o.a.netty.request.NettyRequestSender - Using open Channel [id: 0x7c68b8df, L:/127.0.0.1:64390 - R:localhost/127.0.0.1:10889] for POST '/session/14f61660-7bcc-4279-b6a3-7163a94e0626/element/1945fe4a-0f76-4cb8-9575-170b11445af6/element'
15:50:19.207 [AsyncHttpClient-3-1] DEBUG o.a.netty.handler.HttpHandler - 

Request DefaultHttpRequest(decodeResult: success, version: HTTP/1.1)
POST /session/14f61660-7bcc-4279-b6a3-7163a94e0626/element/1945fe4a-0f76-4cb8-9575-170b11445af6/element HTTP/1.1
User-Agent: selenium/4.0.0-alpha-5 (java windows)
Content-Length: 103
Content-Type: application/json; charset=utf-8
host: localhost:10889
accept: */*

Response DefaultHttpResponse(decodeResult: success, version: HTTP/1.1)
HTTP/1.1 200 OK
content-type: application/json; charset=utf-8
cache-control: no-cache
content-length: 88
date: Thu, 25 Jun 2020 12:50:19 GMT

15:50:19.207 [AsyncHttpClient-3-1] DEBUG o.a.netty.channel.ChannelManager - Adding key: http://localhost:10889 for channel [id: 0x7c68b8df, L:/127.0.0.1:64390 - R:localhost/127.0.0.1:10889]
15:50:19.207 [Forwarding getElementText on session 14f61660-7bcc-4279-b6a3-7163a94e0626 to remote] DEBUG o.a.netty.request.NettyRequestSender - Using pooled Channel '[id: 0x7c68b8df, L:/127.0.0.1:64390 - R:localhost/127.0.0.1:10889]' for 'GET' to 'http://localhost:10889/session/14f61660-7bcc-4279-b6a3-7163a94e0626/element/8b4ab89e-b6f2-4ed5-b1f4-7df3e1b83b21/text'
15:50:19.207 [Forwarding getElementText on session 14f61660-7bcc-4279-b6a3-7163a94e0626 to remote] DEBUG o.a.netty.request.NettyRequestSender - Using open Channel [id: 0x7c68b8df, L:/127.0.0.1:64390 - R:localhost/127.0.0.1:10889] for GET '/session/14f61660-7bcc-4279-b6a3-7163a94e0626/element/8b4ab89e-b6f2-4ed5-b1f4-7df3e1b83b21/text'
15:50:19.212 [AsyncHttpClient-3-1] DEBUG o.a.netty.handler.HttpHandler - 

Request DefaultFullHttpRequest(decodeResult: success, version: HTTP/1.1, content: EmptyByteBufBE)
GET /session/14f61660-7bcc-4279-b6a3-7163a94e0626/element/8b4ab89e-b6f2-4ed5-b1f4-7df3e1b83b21/text HTTP/1.1
User-Agent: selenium/4.0.0-alpha-5 (java windows)
Cache-Control: no-cache
host: localhost:10889
accept: */*

Response DefaultHttpResponse(decodeResult: success, version: HTTP/1.1)
HTTP/1.1 200 OK
content-type: application/json; charset=utf-8
cache-control: no-cache
content-length: 19
date: Thu, 25 Jun 2020 12:50:19 GMT

15:50:19.212 [AsyncHttpClient-3-1] DEBUG o.a.netty.channel.ChannelManager - Adding key: http://localhost:10889 for channel [id: 0x7c68b8df, L:/127.0.0.1:64390 - R:localhost/127.0.0.1:10889]
15:50:19.213 [Forwarding findChildElement on session 14f61660-7bcc-4279-b6a3-7163a94e0626 to remote] DEBUG o.a.netty.request.NettyRequestSender - Using pooled Channel '[id: 0x7c68b8df, L:/127.0.0.1:64390 - R:localhost/127.0.0.1:10889]' for 'POST' to 'http://localhost:10889/session/14f61660-7bcc-4279-b6a3-7163a94e0626/element/1945fe4a-0f76-4cb8-9575-170b11445af6/element'
15:50:19.213 [Forwarding findChildElement on session 14f61660-7bcc-4279-b6a3-7163a94e0626 to remote] DEBUG o.a.netty.request.NettyRequestSender - Using open Channel [id: 0x7c68b8df, L:/127.0.0.1:64390 - R:localhost/127.0.0.1:10889] for POST '/session/14f61660-7bcc-4279-b6a3-7163a94e0626/element/1945fe4a-0f76-4cb8-9575-170b11445af6/element'
15:50:19.216 [AsyncHttpClient-3-1] DEBUG o.a.netty.handler.HttpHandler - 

Request DefaultHttpRequest(decodeResult: success, version: HTTP/1.1)
POST /session/14f61660-7bcc-4279-b6a3-7163a94e0626/element/1945fe4a-0f76-4cb8-9575-170b11445af6/element HTTP/1.1
User-Agent: selenium/4.0.0-alpha-5 (java windows)
Content-Length: 103
Content-Type: application/json; charset=utf-8
host: localhost:10889
accept: */*

Response DefaultHttpResponse(decodeResult: success, version: HTTP/1.1)
HTTP/1.1 200 OK
content-type: application/json; charset=utf-8
cache-control: no-cache
content-length: 88
date: Thu, 25 Jun 2020 12:50:19 GMT

15:50:19.217 [AsyncHttpClient-3-1] DEBUG o.a.netty.channel.ChannelManager - Adding key: http://localhost:10889 for channel [id: 0x7c68b8df, L:/127.0.0.1:64390 - R:localhost/127.0.0.1:10889]
15:50:19.217 [Forwarding getElementText on session 14f61660-7bcc-4279-b6a3-7163a94e0626 to remote] DEBUG o.a.netty.request.NettyRequestSender - Using pooled Channel '[id: 0x7c68b8df, L:/127.0.0.1:64390 - R:localhost/127.0.0.1:10889]' for 'GET' to 'http://localhost:10889/session/14f61660-7bcc-4279-b6a3-7163a94e0626/element/cd84ae97-8731-470f-9df9-f29f1f69664d/text'
15:50:19.217 [Forwarding getElementText on session 14f61660-7bcc-4279-b6a3-7163a94e0626 to remote] DEBUG o.a.netty.request.NettyRequestSender - Using open Channel [id: 0x7c68b8df, L:/127.0.0.1:64390 - R:localhost/127.0.0.1:10889] for GET '/session/14f61660-7bcc-4279-b6a3-7163a94e0626/element/cd84ae97-8731-470f-9df9-f29f1f69664d/text'
15:50:19.221 [AsyncHttpClient-3-1] DEBUG o.a.netty.handler.HttpHandler - 

Request DefaultFullHttpRequest(decodeResult: success, version: HTTP/1.1, content: EmptyByteBufBE)
GET /session/14f61660-7bcc-4279-b6a3-7163a94e0626/element/cd84ae97-8731-470f-9df9-f29f1f69664d/text HTTP/1.1
User-Agent: selenium/4.0.0-alpha-5 (java windows)
Cache-Control: no-cache
host: localhost:10889
accept: */*

Response DefaultHttpResponse(decodeResult: success, version: HTTP/1.1)
HTTP/1.1 200 OK
content-type: application/json; charset=utf-8
cache-control: no-cache
content-length: 23
date: Thu, 25 Jun 2020 12:50:19 GMT

15:50:19.221 [AsyncHttpClient-3-1] DEBUG o.a.netty.channel.ChannelManager - Adding key: http://localhost:10889 for channel [id: 0x7c68b8df, L:/127.0.0.1:64390 - R:localhost/127.0.0.1:10889]
15:50:19.222 [Forwarding findChildElement on session 14f61660-7bcc-4279-b6a3-7163a94e0626 to remote] DEBUG o.a.netty.request.NettyRequestSender - Using pooled Channel '[id: 0x7c68b8df, L:/127.0.0.1:64390 - R:localhost/127.0.0.1:10889]' for 'POST' to 'http://localhost:10889/session/14f61660-7bcc-4279-b6a3-7163a94e0626/element/1945fe4a-0f76-4cb8-9575-170b11445af6/element'
15:50:19.222 [Forwarding findChildElement on session 14f61660-7bcc-4279-b6a3-7163a94e0626 to remote] DEBUG o.a.netty.request.NettyRequestSender - Using open Channel [id: 0x7c68b8df, L:/127.0.0.1:64390 - R:localhost/127.0.0.1:10889] for POST '/session/14f61660-7bcc-4279-b6a3-7163a94e0626/element/1945fe4a-0f76-4cb8-9575-170b11445af6/element'
15:50:19.226 [AsyncHttpClient-3-1] DEBUG o.a.netty.handler.HttpHandler - 

Request DefaultHttpRequest(decodeResult: success, version: HTTP/1.1)
POST /session/14f61660-7bcc-4279-b6a3-7163a94e0626/element/1945fe4a-0f76-4cb8-9575-170b11445af6/element HTTP/1.1
User-Agent: selenium/4.0.0-alpha-5 (java windows)
Content-Length: 103
Content-Type: application/json; charset=utf-8
host: localhost:10889
accept: */*

Response DefaultHttpResponse(decodeResult: success, version: HTTP/1.1)
HTTP/1.1 200 OK
content-type: application/json; charset=utf-8
cache-control: no-cache
content-length: 88
date: Thu, 25 Jun 2020 12:50:19 GMT

15:50:19.226 [AsyncHttpClient-3-1] DEBUG o.a.netty.channel.ChannelManager - Adding key: http://localhost:10889 for channel [id: 0x7c68b8df, L:/127.0.0.1:64390 - R:localhost/127.0.0.1:10889]
15:50:19.226 [Forwarding getElementText on session 14f61660-7bcc-4279-b6a3-7163a94e0626 to remote] DEBUG o.a.netty.request.NettyRequestSender - Using pooled Channel '[id: 0x7c68b8df, L:/127.0.0.1:64390 - R:localhost/127.0.0.1:10889]' for 'GET' to 'http://localhost:10889/session/14f61660-7bcc-4279-b6a3-7163a94e0626/element/ab17156a-6831-4019-ba5e-325c103cd1fe/text'
15:50:19.226 [Forwarding getElementText on session 14f61660-7bcc-4279-b6a3-7163a94e0626 to remote] DEBUG o.a.netty.request.NettyRequestSender - Using open Channel [id: 0x7c68b8df, L:/127.0.0.1:64390 - R:localhost/127.0.0.1:10889] for GET '/session/14f61660-7bcc-4279-b6a3-7163a94e0626/element/ab17156a-6831-4019-ba5e-325c103cd1fe/text'
15:50:19.230 [AsyncHttpClient-3-1] DEBUG o.a.netty.handler.HttpHandler - 

Request DefaultFullHttpRequest(decodeResult: success, version: HTTP/1.1, content: EmptyByteBufBE)
GET /session/14f61660-7bcc-4279-b6a3-7163a94e0626/element/ab17156a-6831-4019-ba5e-325c103cd1fe/text HTTP/1.1
User-Agent: selenium/4.0.0-alpha-5 (java windows)
Cache-Control: no-cache
host: localhost:10889
accept: */*

Response DefaultHttpResponse(decodeResult: success, version: HTTP/1.1)
HTTP/1.1 200 OK
content-type: application/json; charset=utf-8
cache-control: no-cache
content-length: 43
date: Thu, 25 Jun 2020 12:50:19 GMT

15:50:19.231 [AsyncHttpClient-3-1] DEBUG o.a.netty.channel.ChannelManager - Adding key: http://localhost:10889 for channel [id: 0x7c68b8df, L:/127.0.0.1:64390 - R:localhost/127.0.0.1:10889]
15:50:19.231 [Forwarding findChildElement on session 14f61660-7bcc-4279-b6a3-7163a94e0626 to remote] DEBUG o.a.netty.request.NettyRequestSender - Using pooled Channel '[id: 0x7c68b8df, L:/127.0.0.1:64390 - R:localhost/127.0.0.1:10889]' for 'POST' to 'http://localhost:10889/session/14f61660-7bcc-4279-b6a3-7163a94e0626/element/1945fe4a-0f76-4cb8-9575-170b11445af6/element'
15:50:19.231 [Forwarding findChildElement on session 14f61660-7bcc-4279-b6a3-7163a94e0626 to remote] DEBUG o.a.netty.request.NettyRequestSender - Using open Channel [id: 0x7c68b8df, L:/127.0.0.1:64390 - R:localhost/127.0.0.1:10889] for POST '/session/14f61660-7bcc-4279-b6a3-7163a94e0626/element/1945fe4a-0f76-4cb8-9575-170b11445af6/element'
15:50:19.234 [AsyncHttpClient-3-1] DEBUG o.a.netty.handler.HttpHandler - 

Request DefaultHttpRequest(decodeResult: success, version: HTTP/1.1)
POST /session/14f61660-7bcc-4279-b6a3-7163a94e0626/element/1945fe4a-0f76-4cb8-9575-170b11445af6/element HTTP/1.1
User-Agent: selenium/4.0.0-alpha-5 (java windows)
Content-Length: 103
Content-Type: application/json; charset=utf-8
host: localhost:10889
accept: */*

Response DefaultHttpResponse(decodeResult: success, version: HTTP/1.1)
HTTP/1.1 200 OK
content-type: application/json; charset=utf-8
cache-control: no-cache
content-length: 88
date: Thu, 25 Jun 2020 12:50:19 GMT

15:50:19.235 [AsyncHttpClient-3-1] DEBUG o.a.netty.channel.ChannelManager - Adding key: http://localhost:10889 for channel [id: 0x7c68b8df, L:/127.0.0.1:64390 - R:localhost/127.0.0.1:10889]
15:50:19.235 [Forwarding getElementText on session 14f61660-7bcc-4279-b6a3-7163a94e0626 to remote] DEBUG o.a.netty.request.NettyRequestSender - Using pooled Channel '[id: 0x7c68b8df, L:/127.0.0.1:64390 - R:localhost/127.0.0.1:10889]' for 'GET' to 'http://localhost:10889/session/14f61660-7bcc-4279-b6a3-7163a94e0626/element/153b10a9-110b-487b-bf7b-27bf4c2bb3a1/text'
15:50:19.235 [Forwarding getElementText on session 14f61660-7bcc-4279-b6a3-7163a94e0626 to remote] DEBUG o.a.netty.request.NettyRequestSender - Using open Channel [id: 0x7c68b8df, L:/127.0.0.1:64390 - R:localhost/127.0.0.1:10889] for GET '/session/14f61660-7bcc-4279-b6a3-7163a94e0626/element/153b10a9-110b-487b-bf7b-27bf4c2bb3a1/text'
15:50:19.242 [AsyncHttpClient-3-1] DEBUG o.a.netty.handler.HttpHandler - 

Request DefaultFullHttpRequest(decodeResult: success, version: HTTP/1.1, content: EmptyByteBufBE)
GET /session/14f61660-7bcc-4279-b6a3-7163a94e0626/element/153b10a9-110b-487b-bf7b-27bf4c2bb3a1/text HTTP/1.1
User-Agent: selenium/4.0.0-alpha-5 (java windows)
Cache-Control: no-cache
host: localhost:10889
accept: */*

Response DefaultHttpResponse(decodeResult: success, version: HTTP/1.1)
HTTP/1.1 200 OK
content-type: application/json; charset=utf-8
cache-control: no-cache
content-length: 60
date: Thu, 25 Jun 2020 12:50:19 GMT

15:50:19.242 [AsyncHttpClient-3-1] DEBUG o.a.netty.channel.ChannelManager - Adding key: http://localhost:10889 for channel [id: 0x7c68b8df, L:/127.0.0.1:64390 - R:localhost/127.0.0.1:10889]
15:50:19.243 [Forwarding findChildElement on session 14f61660-7bcc-4279-b6a3-7163a94e0626 to remote] DEBUG o.a.netty.request.NettyRequestSender - Using pooled Channel '[id: 0x7c68b8df, L:/127.0.0.1:64390 - R:localhost/127.0.0.1:10889]' for 'POST' to 'http://localhost:10889/session/14f61660-7bcc-4279-b6a3-7163a94e0626/element/1945fe4a-0f76-4cb8-9575-170b11445af6/element'
15:50:19.243 [Forwarding findChildElement on session 14f61660-7bcc-4279-b6a3-7163a94e0626 to remote] DEBUG o.a.netty.request.NettyRequestSender - Using open Channel [id: 0x7c68b8df, L:/127.0.0.1:64390 - R:localhost/127.0.0.1:10889] for POST '/session/14f61660-7bcc-4279-b6a3-7163a94e0626/element/1945fe4a-0f76-4cb8-9575-170b11445af6/element'
15:50:19.247 [AsyncHttpClient-3-1] DEBUG o.a.netty.handler.HttpHandler - 

Request DefaultHttpRequest(decodeResult: success, version: HTTP/1.1)
POST /session/14f61660-7bcc-4279-b6a3-7163a94e0626/element/1945fe4a-0f76-4cb8-9575-170b11445af6/element HTTP/1.1
User-Agent: selenium/4.0.0-alpha-5 (java windows)
Content-Length: 97
Content-Type: application/json; charset=utf-8
host: localhost:10889
accept: */*

Response DefaultHttpResponse(decodeResult: success, version: HTTP/1.1)
HTTP/1.1 200 OK
content-type: application/json; charset=utf-8
cache-control: no-cache
content-length: 88
date: Thu, 25 Jun 2020 12:50:19 GMT

15:50:19.247 [AsyncHttpClient-3-1] DEBUG o.a.netty.channel.ChannelManager - Adding key: http://localhost:10889 for channel [id: 0x7c68b8df, L:/127.0.0.1:64390 - R:localhost/127.0.0.1:10889]
15:50:19.250 [Forwarding getElementAttribute on session 14f61660-7bcc-4279-b6a3-7163a94e0626 to remote] DEBUG o.a.netty.request.NettyRequestSender - Using pooled Channel '[id: 0x7c68b8df, L:/127.0.0.1:64390 - R:localhost/127.0.0.1:10889]' for 'POST' to 'http://localhost:10889/session/14f61660-7bcc-4279-b6a3-7163a94e0626/execute/sync'
15:50:19.250 [Forwarding getElementAttribute on session 14f61660-7bcc-4279-b6a3-7163a94e0626 to remote] DEBUG o.a.netty.request.NettyRequestSender - Using open Channel [id: 0x7c68b8df, L:/127.0.0.1:64390 - R:localhost/127.0.0.1:10889] for POST '/session/14f61660-7bcc-4279-b6a3-7163a94e0626/execute/sync'
15:50:19.264 [AsyncHttpClient-3-1] DEBUG o.a.netty.handler.HttpHandler - 

Request DefaultHttpRequest(decodeResult: success, version: HTTP/1.1)
POST /session/14f61660-7bcc-4279-b6a3-7163a94e0626/execute/sync HTTP/1.1
User-Agent: selenium/4.0.0-alpha-5 (java windows)
Content-Length: 39635
Content-Type: application/json; charset=utf-8
host: localhost:10889
accept: */*

Response DefaultHttpResponse(decodeResult: success, version: HTTP/1.1)
HTTP/1.1 200 OK
content-type: application/json; charset=utf-8
cache-control: no-cache
content-length: 15
date: Thu, 25 Jun 2020 12:50:19 GMT

15:50:19.264 [AsyncHttpClient-3-1] DEBUG o.a.netty.channel.ChannelManager - Adding key: http://localhost:10889 for channel [id: 0x7c68b8df, L:/127.0.0.1:64390 - R:localhost/127.0.0.1:10889]
15:50:19.265 [Forwarding findChildElement on session 14f61660-7bcc-4279-b6a3-7163a94e0626 to remote] DEBUG o.a.netty.request.NettyRequestSender - Using pooled Channel '[id: 0x7c68b8df, L:/127.0.0.1:64390 - R:localhost/127.0.0.1:10889]' for 'POST' to 'http://localhost:10889/session/14f61660-7bcc-4279-b6a3-7163a94e0626/element/7157fbe6-ac72-4350-9160-c61132b0d1bb/element'
15:50:19.265 [Forwarding findChildElement on session 14f61660-7bcc-4279-b6a3-7163a94e0626 to remote] DEBUG o.a.netty.request.NettyRequestSender - Using open Channel [id: 0x7c68b8df, L:/127.0.0.1:64390 - R:localhost/127.0.0.1:10889] for POST '/session/14f61660-7bcc-4279-b6a3-7163a94e0626/element/7157fbe6-ac72-4350-9160-c61132b0d1bb/element'
15:50:19.270 [AsyncHttpClient-3-1] DEBUG o.a.netty.handler.HttpHandler - 

Request DefaultHttpRequest(decodeResult: success, version: HTTP/1.1)
POST /session/14f61660-7bcc-4279-b6a3-7163a94e0626/element/7157fbe6-ac72-4350-9160-c61132b0d1bb/element HTTP/1.1
User-Agent: selenium/4.0.0-alpha-5 (java windows)
Content-Length: 103
Content-Type: application/json; charset=utf-8
host: localhost:10889
accept: */*

Response DefaultHttpResponse(decodeResult: success, version: HTTP/1.1)
HTTP/1.1 200 OK
content-type: application/json; charset=utf-8
cache-control: no-cache
content-length: 88
date: Thu, 25 Jun 2020 12:50:19 GMT

15:50:19.270 [AsyncHttpClient-3-1] DEBUG o.a.netty.channel.ChannelManager - Adding key: http://localhost:10889 for channel [id: 0x7c68b8df, L:/127.0.0.1:64390 - R:localhost/127.0.0.1:10889]
15:50:19.270 [Forwarding getElementText on session 14f61660-7bcc-4279-b6a3-7163a94e0626 to remote] DEBUG o.a.netty.request.NettyRequestSender - Using pooled Channel '[id: 0x7c68b8df, L:/127.0.0.1:64390 - R:localhost/127.0.0.1:10889]' for 'GET' to 'http://localhost:10889/session/14f61660-7bcc-4279-b6a3-7163a94e0626/element/ca08b77d-1a47-4876-b071-a1b891358c9d/text'
15:50:19.270 [Forwarding getElementText on session 14f61660-7bcc-4279-b6a3-7163a94e0626 to remote] DEBUG o.a.netty.request.NettyRequestSender - Using open Channel [id: 0x7c68b8df, L:/127.0.0.1:64390 - R:localhost/127.0.0.1:10889] for GET '/session/14f61660-7bcc-4279-b6a3-7163a94e0626/element/ca08b77d-1a47-4876-b071-a1b891358c9d/text'
15:50:19.275 [AsyncHttpClient-3-1] DEBUG o.a.netty.handler.HttpHandler - 

Request DefaultFullHttpRequest(decodeResult: success, version: HTTP/1.1, content: EmptyByteBufBE)
GET /session/14f61660-7bcc-4279-b6a3-7163a94e0626/element/ca08b77d-1a47-4876-b071-a1b891358c9d/text HTTP/1.1
User-Agent: selenium/4.0.0-alpha-5 (java windows)
Cache-Control: no-cache
host: localhost:10889
accept: */*

Response DefaultHttpResponse(decodeResult: success, version: HTTP/1.1)
HTTP/1.1 200 OK
content-type: application/json; charset=utf-8
cache-control: no-cache
content-length: 19
date: Thu, 25 Jun 2020 12:50:19 GMT

15:50:19.275 [AsyncHttpClient-3-1] DEBUG o.a.netty.channel.ChannelManager - Adding key: http://localhost:10889 for channel [id: 0x7c68b8df, L:/127.0.0.1:64390 - R:localhost/127.0.0.1:10889]
15:50:19.276 [Forwarding findChildElement on session 14f61660-7bcc-4279-b6a3-7163a94e0626 to remote] DEBUG o.a.netty.request.NettyRequestSender - Using pooled Channel '[id: 0x7c68b8df, L:/127.0.0.1:64390 - R:localhost/127.0.0.1:10889]' for 'POST' to 'http://localhost:10889/session/14f61660-7bcc-4279-b6a3-7163a94e0626/element/7157fbe6-ac72-4350-9160-c61132b0d1bb/element'
15:50:19.276 [Forwarding findChildElement on session 14f61660-7bcc-4279-b6a3-7163a94e0626 to remote] DEBUG o.a.netty.request.NettyRequestSender - Using open Channel [id: 0x7c68b8df, L:/127.0.0.1:64390 - R:localhost/127.0.0.1:10889] for POST '/session/14f61660-7bcc-4279-b6a3-7163a94e0626/element/7157fbe6-ac72-4350-9160-c61132b0d1bb/element'
15:50:19.280 [AsyncHttpClient-3-1] DEBUG o.a.netty.handler.HttpHandler - 

Request DefaultHttpRequest(decodeResult: success, version: HTTP/1.1)
POST /session/14f61660-7bcc-4279-b6a3-7163a94e0626/element/7157fbe6-ac72-4350-9160-c61132b0d1bb/element HTTP/1.1
User-Agent: selenium/4.0.0-alpha-5 (java windows)
Content-Length: 103
Content-Type: application/json; charset=utf-8
host: localhost:10889
accept: */*

Response DefaultHttpResponse(decodeResult: success, version: HTTP/1.1)
HTTP/1.1 200 OK
content-type: application/json; charset=utf-8
cache-control: no-cache
content-length: 88
date: Thu, 25 Jun 2020 12:50:19 GMT

15:50:19.281 [AsyncHttpClient-3-1] DEBUG o.a.netty.channel.ChannelManager - Adding key: http://localhost:10889 for channel [id: 0x7c68b8df, L:/127.0.0.1:64390 - R:localhost/127.0.0.1:10889]
15:50:19.281 [Forwarding getElementText on session 14f61660-7bcc-4279-b6a3-7163a94e0626 to remote] DEBUG o.a.netty.request.NettyRequestSender - Using pooled Channel '[id: 0x7c68b8df, L:/127.0.0.1:64390 - R:localhost/127.0.0.1:10889]' for 'GET' to 'http://localhost:10889/session/14f61660-7bcc-4279-b6a3-7163a94e0626/element/a3e604b0-5682-43ad-afa9-8d9170f23487/text'
15:50:19.281 [Forwarding getElementText on session 14f61660-7bcc-4279-b6a3-7163a94e0626 to remote] DEBUG o.a.netty.request.NettyRequestSender - Using open Channel [id: 0x7c68b8df, L:/127.0.0.1:64390 - R:localhost/127.0.0.1:10889] for GET '/session/14f61660-7bcc-4279-b6a3-7163a94e0626/element/a3e604b0-5682-43ad-afa9-8d9170f23487/text'
15:50:19.287 [AsyncHttpClient-3-1] DEBUG o.a.netty.handler.HttpHandler - 

Request DefaultFullHttpRequest(decodeResult: success, version: HTTP/1.1, content: EmptyByteBufBE)
GET /session/14f61660-7bcc-4279-b6a3-7163a94e0626/element/a3e604b0-5682-43ad-afa9-8d9170f23487/text HTTP/1.1
User-Agent: selenium/4.0.0-alpha-5 (java windows)
Cache-Control: no-cache
host: localhost:10889
accept: */*

Response DefaultHttpResponse(decodeResult: success, version: HTTP/1.1)
HTTP/1.1 200 OK
content-type: application/json; charset=utf-8
cache-control: no-cache
content-length: 19
date: Thu, 25 Jun 2020 12:50:19 GMT

15:50:19.287 [AsyncHttpClient-3-1] DEBUG o.a.netty.channel.ChannelManager - Adding key: http://localhost:10889 for channel [id: 0x7c68b8df, L:/127.0.0.1:64390 - R:localhost/127.0.0.1:10889]
15:50:19.287 [Forwarding findChildElement on session 14f61660-7bcc-4279-b6a3-7163a94e0626 to remote] DEBUG o.a.netty.request.NettyRequestSender - Using pooled Channel '[id: 0x7c68b8df, L:/127.0.0.1:64390 - R:localhost/127.0.0.1:10889]' for 'POST' to 'http://localhost:10889/session/14f61660-7bcc-4279-b6a3-7163a94e0626/element/7157fbe6-ac72-4350-9160-c61132b0d1bb/element'
15:50:19.287 [Forwarding findChildElement on session 14f61660-7bcc-4279-b6a3-7163a94e0626 to remote] DEBUG o.a.netty.request.NettyRequestSender - Using open Channel [id: 0x7c68b8df, L:/127.0.0.1:64390 - R:localhost/127.0.0.1:10889] for POST '/session/14f61660-7bcc-4279-b6a3-7163a94e0626/element/7157fbe6-ac72-4350-9160-c61132b0d1bb/element'
15:50:19.291 [AsyncHttpClient-3-1] DEBUG o.a.netty.handler.HttpHandler - 

Request DefaultHttpRequest(decodeResult: success, version: HTTP/1.1)
POST /session/14f61660-7bcc-4279-b6a3-7163a94e0626/element/7157fbe6-ac72-4350-9160-c61132b0d1bb/element HTTP/1.1
User-Agent: selenium/4.0.0-alpha-5 (java windows)
Content-Length: 103
Content-Type: application/json; charset=utf-8
host: localhost:10889
accept: */*

Response DefaultHttpResponse(decodeResult: success, version: HTTP/1.1)
HTTP/1.1 200 OK
content-type: application/json; charset=utf-8
cache-control: no-cache
content-length: 88
date: Thu, 25 Jun 2020 12:50:19 GMT

15:50:19.291 [AsyncHttpClient-3-1] DEBUG o.a.netty.channel.ChannelManager - Adding key: http://localhost:10889 for channel [id: 0x7c68b8df, L:/127.0.0.1:64390 - R:localhost/127.0.0.1:10889]
15:50:19.292 [Forwarding getElementText on session 14f61660-7bcc-4279-b6a3-7163a94e0626 to remote] DEBUG o.a.netty.request.NettyRequestSender - Using pooled Channel '[id: 0x7c68b8df, L:/127.0.0.1:64390 - R:localhost/127.0.0.1:10889]' for 'GET' to 'http://localhost:10889/session/14f61660-7bcc-4279-b6a3-7163a94e0626/element/50443e4a-6aa8-4bce-9137-8984b579061e/text'
15:50:19.292 [Forwarding getElementText on session 14f61660-7bcc-4279-b6a3-7163a94e0626 to remote] DEBUG o.a.netty.request.NettyRequestSender - Using open Channel [id: 0x7c68b8df, L:/127.0.0.1:64390 - R:localhost/127.0.0.1:10889] for GET '/session/14f61660-7bcc-4279-b6a3-7163a94e0626/element/50443e4a-6aa8-4bce-9137-8984b579061e/text'
15:50:19.296 [AsyncHttpClient-3-1] DEBUG o.a.netty.handler.HttpHandler - 

Request DefaultFullHttpRequest(decodeResult: success, version: HTTP/1.1, content: EmptyByteBufBE)
GET /session/14f61660-7bcc-4279-b6a3-7163a94e0626/element/50443e4a-6aa8-4bce-9137-8984b579061e/text HTTP/1.1
User-Agent: selenium/4.0.0-alpha-5 (java windows)
Cache-Control: no-cache
host: localhost:10889
accept: */*

Response DefaultHttpResponse(decodeResult: success, version: HTTP/1.1)
HTTP/1.1 200 OK
content-type: application/json; charset=utf-8
cache-control: no-cache
content-length: 23
date: Thu, 25 Jun 2020 12:50:19 GMT

15:50:19.296 [AsyncHttpClient-3-1] DEBUG o.a.netty.channel.ChannelManager - Adding key: http://localhost:10889 for channel [id: 0x7c68b8df, L:/127.0.0.1:64390 - R:localhost/127.0.0.1:10889]
15:50:19.296 [Forwarding findChildElement on session 14f61660-7bcc-4279-b6a3-7163a94e0626 to remote] DEBUG o.a.netty.request.NettyRequestSender - Using pooled Channel '[id: 0x7c68b8df, L:/127.0.0.1:64390 - R:localhost/127.0.0.1:10889]' for 'POST' to 'http://localhost:10889/session/14f61660-7bcc-4279-b6a3-7163a94e0626/element/7157fbe6-ac72-4350-9160-c61132b0d1bb/element'
15:50:19.297 [Forwarding findChildElement on session 14f61660-7bcc-4279-b6a3-7163a94e0626 to remote] DEBUG o.a.netty.request.NettyRequestSender - Using open Channel [id: 0x7c68b8df, L:/127.0.0.1:64390 - R:localhost/127.0.0.1:10889] for POST '/session/14f61660-7bcc-4279-b6a3-7163a94e0626/element/7157fbe6-ac72-4350-9160-c61132b0d1bb/element'
15:50:19.300 [AsyncHttpClient-3-1] DEBUG o.a.netty.handler.HttpHandler - 

Request DefaultHttpRequest(decodeResult: success, version: HTTP/1.1)
POST /session/14f61660-7bcc-4279-b6a3-7163a94e0626/element/7157fbe6-ac72-4350-9160-c61132b0d1bb/element HTTP/1.1
User-Agent: selenium/4.0.0-alpha-5 (java windows)
Content-Length: 103
Content-Type: application/json; charset=utf-8
host: localhost:10889
accept: */*

Response DefaultHttpResponse(decodeResult: success, version: HTTP/1.1)
HTTP/1.1 200 OK
content-type: application/json; charset=utf-8
cache-control: no-cache
content-length: 88
date: Thu, 25 Jun 2020 12:50:19 GMT

15:50:19.300 [AsyncHttpClient-3-1] DEBUG o.a.netty.channel.ChannelManager - Adding key: http://localhost:10889 for channel [id: 0x7c68b8df, L:/127.0.0.1:64390 - R:localhost/127.0.0.1:10889]
15:50:19.301 [Forwarding getElementText on session 14f61660-7bcc-4279-b6a3-7163a94e0626 to remote] DEBUG o.a.netty.request.NettyRequestSender - Using pooled Channel '[id: 0x7c68b8df, L:/127.0.0.1:64390 - R:localhost/127.0.0.1:10889]' for 'GET' to 'http://localhost:10889/session/14f61660-7bcc-4279-b6a3-7163a94e0626/element/fab63727-2054-4651-958a-308817a46313/text'
15:50:19.301 [Forwarding getElementText on session 14f61660-7bcc-4279-b6a3-7163a94e0626 to remote] DEBUG o.a.netty.request.NettyRequestSender - Using open Channel [id: 0x7c68b8df, L:/127.0.0.1:64390 - R:localhost/127.0.0.1:10889] for GET '/session/14f61660-7bcc-4279-b6a3-7163a94e0626/element/fab63727-2054-4651-958a-308817a46313/text'
15:50:19.305 [AsyncHttpClient-3-1] DEBUG o.a.netty.handler.HttpHandler - 

Request DefaultFullHttpRequest(decodeResult: success, version: HTTP/1.1, content: EmptyByteBufBE)
GET /session/14f61660-7bcc-4279-b6a3-7163a94e0626/element/fab63727-2054-4651-958a-308817a46313/text HTTP/1.1
User-Agent: selenium/4.0.0-alpha-5 (java windows)
Cache-Control: no-cache
host: localhost:10889
accept: */*

Response DefaultHttpResponse(decodeResult: success, version: HTTP/1.1)
HTTP/1.1 200 OK
content-type: application/json; charset=utf-8
cache-control: no-cache
content-length: 45
date: Thu, 25 Jun 2020 12:50:19 GMT

15:50:19.305 [AsyncHttpClient-3-1] DEBUG o.a.netty.channel.ChannelManager - Adding key: http://localhost:10889 for channel [id: 0x7c68b8df, L:/127.0.0.1:64390 - R:localhost/127.0.0.1:10889]
15:50:19.306 [Forwarding findChildElement on session 14f61660-7bcc-4279-b6a3-7163a94e0626 to remote] DEBUG o.a.netty.request.NettyRequestSender - Using pooled Channel '[id: 0x7c68b8df, L:/127.0.0.1:64390 - R:localhost/127.0.0.1:10889]' for 'POST' to 'http://localhost:10889/session/14f61660-7bcc-4279-b6a3-7163a94e0626/element/7157fbe6-ac72-4350-9160-c61132b0d1bb/element'
15:50:19.306 [Forwarding findChildElement on session 14f61660-7bcc-4279-b6a3-7163a94e0626 to remote] DEBUG o.a.netty.request.NettyRequestSender - Using open Channel [id: 0x7c68b8df, L:/127.0.0.1:64390 - R:localhost/127.0.0.1:10889] for POST '/session/14f61660-7bcc-4279-b6a3-7163a94e0626/element/7157fbe6-ac72-4350-9160-c61132b0d1bb/element'
15:50:19.309 [AsyncHttpClient-3-1] DEBUG o.a.netty.handler.HttpHandler - 

Request DefaultHttpRequest(decodeResult: success, version: HTTP/1.1)
POST /session/14f61660-7bcc-4279-b6a3-7163a94e0626/element/7157fbe6-ac72-4350-9160-c61132b0d1bb/element HTTP/1.1
User-Agent: selenium/4.0.0-alpha-5 (java windows)
Content-Length: 103
Content-Type: application/json; charset=utf-8
host: localhost:10889
accept: */*

Response DefaultHttpResponse(decodeResult: success, version: HTTP/1.1)
HTTP/1.1 200 OK
content-type: application/json; charset=utf-8
cache-control: no-cache
content-length: 88
date: Thu, 25 Jun 2020 12:50:19 GMT

15:50:19.310 [AsyncHttpClient-3-1] DEBUG o.a.netty.channel.ChannelManager - Adding key: http://localhost:10889 for channel [id: 0x7c68b8df, L:/127.0.0.1:64390 - R:localhost/127.0.0.1:10889]
15:50:19.310 [Forwarding getElementText on session 14f61660-7bcc-4279-b6a3-7163a94e0626 to remote] DEBUG o.a.netty.request.NettyRequestSender - Using pooled Channel '[id: 0x7c68b8df, L:/127.0.0.1:64390 - R:localhost/127.0.0.1:10889]' for 'GET' to 'http://localhost:10889/session/14f61660-7bcc-4279-b6a3-7163a94e0626/element/43d0e695-3b7d-4d41-a6c2-ec6201524e80/text'
15:50:19.310 [Forwarding getElementText on session 14f61660-7bcc-4279-b6a3-7163a94e0626 to remote] DEBUG o.a.netty.request.NettyRequestSender - Using open Channel [id: 0x7c68b8df, L:/127.0.0.1:64390 - R:localhost/127.0.0.1:10889] for GET '/session/14f61660-7bcc-4279-b6a3-7163a94e0626/element/43d0e695-3b7d-4d41-a6c2-ec6201524e80/text'
15:50:19.317 [AsyncHttpClient-3-1] DEBUG o.a.netty.handler.HttpHandler - 

Request DefaultFullHttpRequest(decodeResult: success, version: HTTP/1.1, content: EmptyByteBufBE)
GET /session/14f61660-7bcc-4279-b6a3-7163a94e0626/element/43d0e695-3b7d-4d41-a6c2-ec6201524e80/text HTTP/1.1
User-Agent: selenium/4.0.0-alpha-5 (java windows)
Cache-Control: no-cache
host: localhost:10889
accept: */*

Response DefaultHttpResponse(decodeResult: success, version: HTTP/1.1)
HTTP/1.1 200 OK
content-type: application/json; charset=utf-8
cache-control: no-cache
content-length: 62
date: Thu, 25 Jun 2020 12:50:19 GMT

15:50:19.317 [AsyncHttpClient-3-1] DEBUG o.a.netty.channel.ChannelManager - Adding key: http://localhost:10889 for channel [id: 0x7c68b8df, L:/127.0.0.1:64390 - R:localhost/127.0.0.1:10889]
15:50:19.318 [Forwarding findChildElement on session 14f61660-7bcc-4279-b6a3-7163a94e0626 to remote] DEBUG o.a.netty.request.NettyRequestSender - Using pooled Channel '[id: 0x7c68b8df, L:/127.0.0.1:64390 - R:localhost/127.0.0.1:10889]' for 'POST' to 'http://localhost:10889/session/14f61660-7bcc-4279-b6a3-7163a94e0626/element/7157fbe6-ac72-4350-9160-c61132b0d1bb/element'
15:50:19.318 [Forwarding findChildElement on session 14f61660-7bcc-4279-b6a3-7163a94e0626 to remote] DEBUG o.a.netty.request.NettyRequestSender - Using open Channel [id: 0x7c68b8df, L:/127.0.0.1:64390 - R:localhost/127.0.0.1:10889] for POST '/session/14f61660-7bcc-4279-b6a3-7163a94e0626/element/7157fbe6-ac72-4350-9160-c61132b0d1bb/element'
15:50:19.323 [AsyncHttpClient-3-1] DEBUG o.a.netty.handler.HttpHandler - 

Request DefaultHttpRequest(decodeResult: success, version: HTTP/1.1)
POST /session/14f61660-7bcc-4279-b6a3-7163a94e0626/element/7157fbe6-ac72-4350-9160-c61132b0d1bb/element HTTP/1.1
User-Agent: selenium/4.0.0-alpha-5 (java windows)
Content-Length: 97
Content-Type: application/json; charset=utf-8
host: localhost:10889
accept: */*

Response DefaultHttpResponse(decodeResult: success, version: HTTP/1.1)
HTTP/1.1 200 OK
content-type: application/json; charset=utf-8
cache-control: no-cache
content-length: 88
date: Thu, 25 Jun 2020 12:50:19 GMT

15:50:19.323 [AsyncHttpClient-3-1] DEBUG o.a.netty.channel.ChannelManager - Adding key: http://localhost:10889 for channel [id: 0x7c68b8df, L:/127.0.0.1:64390 - R:localhost/127.0.0.1:10889]
15:50:19.326 [Forwarding getElementAttribute on session 14f61660-7bcc-4279-b6a3-7163a94e0626 to remote] DEBUG o.a.netty.request.NettyRequestSender - Using pooled Channel '[id: 0x7c68b8df, L:/127.0.0.1:64390 - R:localhost/127.0.0.1:10889]' for 'POST' to 'http://localhost:10889/session/14f61660-7bcc-4279-b6a3-7163a94e0626/execute/sync'
15:50:19.326 [Forwarding getElementAttribute on session 14f61660-7bcc-4279-b6a3-7163a94e0626 to remote] DEBUG o.a.netty.request.NettyRequestSender - Using open Channel [id: 0x7c68b8df, L:/127.0.0.1:64390 - R:localhost/127.0.0.1:10889] for POST '/session/14f61660-7bcc-4279-b6a3-7163a94e0626/execute/sync'
15:50:19.343 [AsyncHttpClient-3-1] DEBUG o.a.netty.handler.HttpHandler - 

Request DefaultHttpRequest(decodeResult: success, version: HTTP/1.1)
POST /session/14f61660-7bcc-4279-b6a3-7163a94e0626/execute/sync HTTP/1.1
User-Agent: selenium/4.0.0-alpha-5 (java windows)
Content-Length: 39635
Content-Type: application/json; charset=utf-8
host: localhost:10889
accept: */*

Response DefaultHttpResponse(decodeResult: success, version: HTTP/1.1)
HTTP/1.1 200 OK
content-type: application/json; charset=utf-8
cache-control: no-cache
content-length: 15
date: Thu, 25 Jun 2020 12:50:19 GMT

15:50:19.343 [AsyncHttpClient-3-1] DEBUG o.a.netty.channel.ChannelManager - Adding key: http://localhost:10889 for channel [id: 0x7c68b8df, L:/127.0.0.1:64390 - R:localhost/127.0.0.1:10889]
15:50:19.343 [Forwarding findChildElement on session 14f61660-7bcc-4279-b6a3-7163a94e0626 to remote] DEBUG o.a.netty.request.NettyRequestSender - Using pooled Channel '[id: 0x7c68b8df, L:/127.0.0.1:64390 - R:localhost/127.0.0.1:10889]' for 'POST' to 'http://localhost:10889/session/14f61660-7bcc-4279-b6a3-7163a94e0626/element/8437f73f-83e9-485c-be31-5a32fb4dc754/element'
15:50:19.343 [Forwarding findChildElement on session 14f61660-7bcc-4279-b6a3-7163a94e0626 to remote] DEBUG o.a.netty.request.NettyRequestSender - Using open Channel [id: 0x7c68b8df, L:/127.0.0.1:64390 - R:localhost/127.0.0.1:10889] for POST '/session/14f61660-7bcc-4279-b6a3-7163a94e0626/element/8437f73f-83e9-485c-be31-5a32fb4dc754/element'
15:50:19.347 [AsyncHttpClient-3-1] DEBUG o.a.netty.handler.HttpHandler - 

Request DefaultHttpRequest(decodeResult: success, version: HTTP/1.1)
POST /session/14f61660-7bcc-4279-b6a3-7163a94e0626/element/8437f73f-83e9-485c-be31-5a32fb4dc754/element HTTP/1.1
User-Agent: selenium/4.0.0-alpha-5 (java windows)
Content-Length: 103
Content-Type: application/json; charset=utf-8
host: localhost:10889
accept: */*

Response DefaultHttpResponse(decodeResult: success, version: HTTP/1.1)
HTTP/1.1 200 OK
content-type: application/json; charset=utf-8
cache-control: no-cache
content-length: 88
date: Thu, 25 Jun 2020 12:50:19 GMT

15:50:19.347 [AsyncHttpClient-3-1] DEBUG o.a.netty.channel.ChannelManager - Adding key: http://localhost:10889 for channel [id: 0x7c68b8df, L:/127.0.0.1:64390 - R:localhost/127.0.0.1:10889]
15:50:19.347 [Forwarding getElementText on session 14f61660-7bcc-4279-b6a3-7163a94e0626 to remote] DEBUG o.a.netty.request.NettyRequestSender - Using pooled Channel '[id: 0x7c68b8df, L:/127.0.0.1:64390 - R:localhost/127.0.0.1:10889]' for 'GET' to 'http://localhost:10889/session/14f61660-7bcc-4279-b6a3-7163a94e0626/element/cc88d9d8-d162-437d-807d-d074c1561260/text'
15:50:19.348 [Forwarding getElementText on session 14f61660-7bcc-4279-b6a3-7163a94e0626 to remote] DEBUG o.a.netty.request.NettyRequestSender - Using open Channel [id: 0x7c68b8df, L:/127.0.0.1:64390 - R:localhost/127.0.0.1:10889] for GET '/session/14f61660-7bcc-4279-b6a3-7163a94e0626/element/cc88d9d8-d162-437d-807d-d074c1561260/text'
15:50:19.357 [AsyncHttpClient-3-1] DEBUG o.a.netty.handler.HttpHandler - 

Request DefaultFullHttpRequest(decodeResult: success, version: HTTP/1.1, content: EmptyByteBufBE)
GET /session/14f61660-7bcc-4279-b6a3-7163a94e0626/element/cc88d9d8-d162-437d-807d-d074c1561260/text HTTP/1.1
User-Agent: selenium/4.0.0-alpha-5 (java windows)
Cache-Control: no-cache
host: localhost:10889
accept: */*

Response DefaultHttpResponse(decodeResult: success, version: HTTP/1.1)
HTTP/1.1 200 OK
content-type: application/json; charset=utf-8
cache-control: no-cache
content-length: 19
date: Thu, 25 Jun 2020 12:50:19 GMT

15:50:19.357 [AsyncHttpClient-3-1] DEBUG o.a.netty.channel.ChannelManager - Adding key: http://localhost:10889 for channel [id: 0x7c68b8df, L:/127.0.0.1:64390 - R:localhost/127.0.0.1:10889]
15:50:19.358 [Forwarding findChildElement on session 14f61660-7bcc-4279-b6a3-7163a94e0626 to remote] DEBUG o.a.netty.request.NettyRequestSender - Using pooled Channel '[id: 0x7c68b8df, L:/127.0.0.1:64390 - R:localhost/127.0.0.1:10889]' for 'POST' to 'http://localhost:10889/session/14f61660-7bcc-4279-b6a3-7163a94e0626/element/8437f73f-83e9-485c-be31-5a32fb4dc754/element'
15:50:19.358 [Forwarding findChildElement on session 14f61660-7bcc-4279-b6a3-7163a94e0626 to remote] DEBUG o.a.netty.request.NettyRequestSender - Using open Channel [id: 0x7c68b8df, L:/127.0.0.1:64390 - R:localhost/127.0.0.1:10889] for POST '/session/14f61660-7bcc-4279-b6a3-7163a94e0626/element/8437f73f-83e9-485c-be31-5a32fb4dc754/element'
15:50:19.362 [AsyncHttpClient-3-1] DEBUG o.a.netty.handler.HttpHandler - 

Request DefaultHttpRequest(decodeResult: success, version: HTTP/1.1)
POST /session/14f61660-7bcc-4279-b6a3-7163a94e0626/element/8437f73f-83e9-485c-be31-5a32fb4dc754/element HTTP/1.1
User-Agent: selenium/4.0.0-alpha-5 (java windows)
Content-Length: 103
Content-Type: application/json; charset=utf-8
host: localhost:10889
accept: */*

Response DefaultHttpResponse(decodeResult: success, version: HTTP/1.1)
HTTP/1.1 200 OK
content-type: application/json; charset=utf-8
cache-control: no-cache
content-length: 88
date: Thu, 25 Jun 2020 12:50:19 GMT

15:50:19.362 [AsyncHttpClient-3-1] DEBUG o.a.netty.channel.ChannelManager - Adding key: http://localhost:10889 for channel [id: 0x7c68b8df, L:/127.0.0.1:64390 - R:localhost/127.0.0.1:10889]
15:50:19.362 [Forwarding getElementText on session 14f61660-7bcc-4279-b6a3-7163a94e0626 to remote] DEBUG o.a.netty.request.NettyRequestSender - Using pooled Channel '[id: 0x7c68b8df, L:/127.0.0.1:64390 - R:localhost/127.0.0.1:10889]' for 'GET' to 'http://localhost:10889/session/14f61660-7bcc-4279-b6a3-7163a94e0626/element/e17146a4-7f7e-4b05-be65-ae4fe77e9122/text'
15:50:19.363 [Forwarding getElementText on session 14f61660-7bcc-4279-b6a3-7163a94e0626 to remote] DEBUG o.a.netty.request.NettyRequestSender - Using open Channel [id: 0x7c68b8df, L:/127.0.0.1:64390 - R:localhost/127.0.0.1:10889] for GET '/session/14f61660-7bcc-4279-b6a3-7163a94e0626/element/e17146a4-7f7e-4b05-be65-ae4fe77e9122/text'
15:50:19.367 [AsyncHttpClient-3-1] DEBUG o.a.netty.handler.HttpHandler - 

Request DefaultFullHttpRequest(decodeResult: success, version: HTTP/1.1, content: EmptyByteBufBE)
GET /session/14f61660-7bcc-4279-b6a3-7163a94e0626/element/e17146a4-7f7e-4b05-be65-ae4fe77e9122/text HTTP/1.1
User-Agent: selenium/4.0.0-alpha-5 (java windows)
Cache-Control: no-cache
host: localhost:10889
accept: */*

Response DefaultHttpResponse(decodeResult: success, version: HTTP/1.1)
HTTP/1.1 200 OK
content-type: application/json; charset=utf-8
cache-control: no-cache
content-length: 19
date: Thu, 25 Jun 2020 12:50:19 GMT

15:50:19.367 [AsyncHttpClient-3-1] DEBUG o.a.netty.channel.ChannelManager - Adding key: http://localhost:10889 for channel [id: 0x7c68b8df, L:/127.0.0.1:64390 - R:localhost/127.0.0.1:10889]
15:50:19.368 [Forwarding findChildElement on session 14f61660-7bcc-4279-b6a3-7163a94e0626 to remote] DEBUG o.a.netty.request.NettyRequestSender - Using pooled Channel '[id: 0x7c68b8df, L:/127.0.0.1:64390 - R:localhost/127.0.0.1:10889]' for 'POST' to 'http://localhost:10889/session/14f61660-7bcc-4279-b6a3-7163a94e0626/element/8437f73f-83e9-485c-be31-5a32fb4dc754/element'
15:50:19.368 [Forwarding findChildElement on session 14f61660-7bcc-4279-b6a3-7163a94e0626 to remote] DEBUG o.a.netty.request.NettyRequestSender - Using open Channel [id: 0x7c68b8df, L:/127.0.0.1:64390 - R:localhost/127.0.0.1:10889] for POST '/session/14f61660-7bcc-4279-b6a3-7163a94e0626/element/8437f73f-83e9-485c-be31-5a32fb4dc754/element'
15:50:19.372 [AsyncHttpClient-3-1] DEBUG o.a.netty.handler.HttpHandler - 

Request DefaultHttpRequest(decodeResult: success, version: HTTP/1.1)
POST /session/14f61660-7bcc-4279-b6a3-7163a94e0626/element/8437f73f-83e9-485c-be31-5a32fb4dc754/element HTTP/1.1
User-Agent: selenium/4.0.0-alpha-5 (java windows)
Content-Length: 103
Content-Type: application/json; charset=utf-8
host: localhost:10889
accept: */*

Response DefaultHttpResponse(decodeResult: success, version: HTTP/1.1)
HTTP/1.1 200 OK
content-type: application/json; charset=utf-8
cache-control: no-cache
content-length: 88
date: Thu, 25 Jun 2020 12:50:19 GMT

15:50:19.372 [AsyncHttpClient-3-1] DEBUG o.a.netty.channel.ChannelManager - Adding key: http://localhost:10889 for channel [id: 0x7c68b8df, L:/127.0.0.1:64390 - R:localhost/127.0.0.1:10889]
15:50:19.372 [Forwarding getElementText on session 14f61660-7bcc-4279-b6a3-7163a94e0626 to remote] DEBUG o.a.netty.request.NettyRequestSender - Using pooled Channel '[id: 0x7c68b8df, L:/127.0.0.1:64390 - R:localhost/127.0.0.1:10889]' for 'GET' to 'http://localhost:10889/session/14f61660-7bcc-4279-b6a3-7163a94e0626/element/fca09144-ca66-4d61-8440-f0004009a09c/text'
15:50:19.372 [Forwarding getElementText on session 14f61660-7bcc-4279-b6a3-7163a94e0626 to remote] DEBUG o.a.netty.request.NettyRequestSender - Using open Channel [id: 0x7c68b8df, L:/127.0.0.1:64390 - R:localhost/127.0.0.1:10889] for GET '/session/14f61660-7bcc-4279-b6a3-7163a94e0626/element/fca09144-ca66-4d61-8440-f0004009a09c/text'
15:50:19.376 [AsyncHttpClient-3-1] DEBUG o.a.netty.handler.HttpHandler - 

Request DefaultFullHttpRequest(decodeResult: success, version: HTTP/1.1, content: EmptyByteBufBE)
GET /session/14f61660-7bcc-4279-b6a3-7163a94e0626/element/fca09144-ca66-4d61-8440-f0004009a09c/text HTTP/1.1
User-Agent: selenium/4.0.0-alpha-5 (java windows)
Cache-Control: no-cache
host: localhost:10889
accept: */*

Response DefaultHttpResponse(decodeResult: success, version: HTTP/1.1)
HTTP/1.1 200 OK
content-type: application/json; charset=utf-8
cache-control: no-cache
content-length: 23
date: Thu, 25 Jun 2020 12:50:19 GMT

15:50:19.376 [AsyncHttpClient-3-1] DEBUG o.a.netty.channel.ChannelManager - Adding key: http://localhost:10889 for channel [id: 0x7c68b8df, L:/127.0.0.1:64390 - R:localhost/127.0.0.1:10889]
15:50:19.377 [Forwarding findChildElement on session 14f61660-7bcc-4279-b6a3-7163a94e0626 to remote] DEBUG o.a.netty.request.NettyRequestSender - Using pooled Channel '[id: 0x7c68b8df, L:/127.0.0.1:64390 - R:localhost/127.0.0.1:10889]' for 'POST' to 'http://localhost:10889/session/14f61660-7bcc-4279-b6a3-7163a94e0626/element/8437f73f-83e9-485c-be31-5a32fb4dc754/element'
15:50:19.377 [Forwarding findChildElement on session 14f61660-7bcc-4279-b6a3-7163a94e0626 to remote] DEBUG o.a.netty.request.NettyRequestSender - Using open Channel [id: 0x7c68b8df, L:/127.0.0.1:64390 - R:localhost/127.0.0.1:10889] for POST '/session/14f61660-7bcc-4279-b6a3-7163a94e0626/element/8437f73f-83e9-485c-be31-5a32fb4dc754/element'
15:50:19.380 [AsyncHttpClient-3-1] DEBUG o.a.netty.handler.HttpHandler - 

Request DefaultHttpRequest(decodeResult: success, version: HTTP/1.1)
POST /session/14f61660-7bcc-4279-b6a3-7163a94e0626/element/8437f73f-83e9-485c-be31-5a32fb4dc754/element HTTP/1.1
User-Agent: selenium/4.0.0-alpha-5 (java windows)
Content-Length: 103
Content-Type: application/json; charset=utf-8
host: localhost:10889
accept: */*

Response DefaultHttpResponse(decodeResult: success, version: HTTP/1.1)
HTTP/1.1 200 OK
content-type: application/json; charset=utf-8
cache-control: no-cache
content-length: 88
date: Thu, 25 Jun 2020 12:50:19 GMT

15:50:19.381 [AsyncHttpClient-3-1] DEBUG o.a.netty.channel.ChannelManager - Adding key: http://localhost:10889 for channel [id: 0x7c68b8df, L:/127.0.0.1:64390 - R:localhost/127.0.0.1:10889]
15:50:19.381 [Forwarding getElementText on session 14f61660-7bcc-4279-b6a3-7163a94e0626 to remote] DEBUG o.a.netty.request.NettyRequestSender - Using pooled Channel '[id: 0x7c68b8df, L:/127.0.0.1:64390 - R:localhost/127.0.0.1:10889]' for 'GET' to 'http://localhost:10889/session/14f61660-7bcc-4279-b6a3-7163a94e0626/element/1e1fd485-74f9-40c2-97b4-cc9fc129dbd9/text'
15:50:19.381 [Forwarding getElementText on session 14f61660-7bcc-4279-b6a3-7163a94e0626 to remote] DEBUG o.a.netty.request.NettyRequestSender - Using open Channel [id: 0x7c68b8df, L:/127.0.0.1:64390 - R:localhost/127.0.0.1:10889] for GET '/session/14f61660-7bcc-4279-b6a3-7163a94e0626/element/1e1fd485-74f9-40c2-97b4-cc9fc129dbd9/text'
15:50:19.385 [AsyncHttpClient-3-1] DEBUG o.a.netty.handler.HttpHandler - 

Request DefaultFullHttpRequest(decodeResult: success, version: HTTP/1.1, content: EmptyByteBufBE)
GET /session/14f61660-7bcc-4279-b6a3-7163a94e0626/element/1e1fd485-74f9-40c2-97b4-cc9fc129dbd9/text HTTP/1.1
User-Agent: selenium/4.0.0-alpha-5 (java windows)
Cache-Control: no-cache
host: localhost:10889
accept: */*

Response DefaultHttpResponse(decodeResult: success, version: HTTP/1.1)
HTTP/1.1 200 OK
content-type: application/json; charset=utf-8
cache-control: no-cache
content-length: 45
date: Thu, 25 Jun 2020 12:50:19 GMT

15:50:19.385 [AsyncHttpClient-3-1] DEBUG o.a.netty.channel.ChannelManager - Adding key: http://localhost:10889 for channel [id: 0x7c68b8df, L:/127.0.0.1:64390 - R:localhost/127.0.0.1:10889]
15:50:19.386 [Forwarding findChildElement on session 14f61660-7bcc-4279-b6a3-7163a94e0626 to remote] DEBUG o.a.netty.request.NettyRequestSender - Using pooled Channel '[id: 0x7c68b8df, L:/127.0.0.1:64390 - R:localhost/127.0.0.1:10889]' for 'POST' to 'http://localhost:10889/session/14f61660-7bcc-4279-b6a3-7163a94e0626/element/8437f73f-83e9-485c-be31-5a32fb4dc754/element'
15:50:19.386 [Forwarding findChildElement on session 14f61660-7bcc-4279-b6a3-7163a94e0626 to remote] DEBUG o.a.netty.request.NettyRequestSender - Using open Channel [id: 0x7c68b8df, L:/127.0.0.1:64390 - R:localhost/127.0.0.1:10889] for POST '/session/14f61660-7bcc-4279-b6a3-7163a94e0626/element/8437f73f-83e9-485c-be31-5a32fb4dc754/element'
15:50:19.390 [AsyncHttpClient-3-1] DEBUG o.a.netty.handler.HttpHandler - 

Request DefaultHttpRequest(decodeResult: success, version: HTTP/1.1)
POST /session/14f61660-7bcc-4279-b6a3-7163a94e0626/element/8437f73f-83e9-485c-be31-5a32fb4dc754/element HTTP/1.1
User-Agent: selenium/4.0.0-alpha-5 (java windows)
Content-Length: 103
Content-Type: application/json; charset=utf-8
host: localhost:10889
accept: */*

Response DefaultHttpResponse(decodeResult: success, version: HTTP/1.1)
HTTP/1.1 200 OK
content-type: application/json; charset=utf-8
cache-control: no-cache
content-length: 88
date: Thu, 25 Jun 2020 12:50:19 GMT

15:50:19.390 [AsyncHttpClient-3-1] DEBUG o.a.netty.channel.ChannelManager - Adding key: http://localhost:10889 for channel [id: 0x7c68b8df, L:/127.0.0.1:64390 - R:localhost/127.0.0.1:10889]
15:50:19.390 [Forwarding getElementText on session 14f61660-7bcc-4279-b6a3-7163a94e0626 to remote] DEBUG o.a.netty.request.NettyRequestSender - Using pooled Channel '[id: 0x7c68b8df, L:/127.0.0.1:64390 - R:localhost/127.0.0.1:10889]' for 'GET' to 'http://localhost:10889/session/14f61660-7bcc-4279-b6a3-7163a94e0626/element/4a763c4e-9498-4bd8-bc7d-409a9995d41b/text'
15:50:19.390 [Forwarding getElementText on session 14f61660-7bcc-4279-b6a3-7163a94e0626 to remote] DEBUG o.a.netty.request.NettyRequestSender - Using open Channel [id: 0x7c68b8df, L:/127.0.0.1:64390 - R:localhost/127.0.0.1:10889] for GET '/session/14f61660-7bcc-4279-b6a3-7163a94e0626/element/4a763c4e-9498-4bd8-bc7d-409a9995d41b/text'
15:50:19.398 [AsyncHttpClient-3-1] DEBUG o.a.netty.handler.HttpHandler - 

Request DefaultFullHttpRequest(decodeResult: success, version: HTTP/1.1, content: EmptyByteBufBE)
GET /session/14f61660-7bcc-4279-b6a3-7163a94e0626/element/4a763c4e-9498-4bd8-bc7d-409a9995d41b/text HTTP/1.1
User-Agent: selenium/4.0.0-alpha-5 (java windows)
Cache-Control: no-cache
host: localhost:10889
accept: */*

Response DefaultHttpResponse(decodeResult: success, version: HTTP/1.1)
HTTP/1.1 200 OK
content-type: application/json; charset=utf-8
cache-control: no-cache
content-length: 62
date: Thu, 25 Jun 2020 12:50:19 GMT

15:50:19.398 [AsyncHttpClient-3-1] DEBUG o.a.netty.channel.ChannelManager - Adding key: http://localhost:10889 for channel [id: 0x7c68b8df, L:/127.0.0.1:64390 - R:localhost/127.0.0.1:10889]
15:50:19.398 [Forwarding findChildElement on session 14f61660-7bcc-4279-b6a3-7163a94e0626 to remote] DEBUG o.a.netty.request.NettyRequestSender - Using pooled Channel '[id: 0x7c68b8df, L:/127.0.0.1:64390 - R:localhost/127.0.0.1:10889]' for 'POST' to 'http://localhost:10889/session/14f61660-7bcc-4279-b6a3-7163a94e0626/element/8437f73f-83e9-485c-be31-5a32fb4dc754/element'
15:50:19.398 [Forwarding findChildElement on session 14f61660-7bcc-4279-b6a3-7163a94e0626 to remote] DEBUG o.a.netty.request.NettyRequestSender - Using open Channel [id: 0x7c68b8df, L:/127.0.0.1:64390 - R:localhost/127.0.0.1:10889] for POST '/session/14f61660-7bcc-4279-b6a3-7163a94e0626/element/8437f73f-83e9-485c-be31-5a32fb4dc754/element'
15:50:19.402 [AsyncHttpClient-3-1] DEBUG o.a.netty.handler.HttpHandler - 

Request DefaultHttpRequest(decodeResult: success, version: HTTP/1.1)
POST /session/14f61660-7bcc-4279-b6a3-7163a94e0626/element/8437f73f-83e9-485c-be31-5a32fb4dc754/element HTTP/1.1
User-Agent: selenium/4.0.0-alpha-5 (java windows)
Content-Length: 97
Content-Type: application/json; charset=utf-8
host: localhost:10889
accept: */*

Response DefaultHttpResponse(decodeResult: success, version: HTTP/1.1)
HTTP/1.1 200 OK
content-type: application/json; charset=utf-8
cache-control: no-cache
content-length: 88
date: Thu, 25 Jun 2020 12:50:19 GMT

15:50:19.402 [AsyncHttpClient-3-1] DEBUG o.a.netty.channel.ChannelManager - Adding key: http://localhost:10889 for channel [id: 0x7c68b8df, L:/127.0.0.1:64390 - R:localhost/127.0.0.1:10889]
15:50:19.405 [Forwarding getElementAttribute on session 14f61660-7bcc-4279-b6a3-7163a94e0626 to remote] DEBUG o.a.netty.request.NettyRequestSender - Using pooled Channel '[id: 0x7c68b8df, L:/127.0.0.1:64390 - R:localhost/127.0.0.1:10889]' for 'POST' to 'http://localhost:10889/session/14f61660-7bcc-4279-b6a3-7163a94e0626/execute/sync'
15:50:19.405 [Forwarding getElementAttribute on session 14f61660-7bcc-4279-b6a3-7163a94e0626 to remote] DEBUG o.a.netty.request.NettyRequestSender - Using open Channel [id: 0x7c68b8df, L:/127.0.0.1:64390 - R:localhost/127.0.0.1:10889] for POST '/session/14f61660-7bcc-4279-b6a3-7163a94e0626/execute/sync'
15:50:19.417 [AsyncHttpClient-3-1] DEBUG o.a.netty.handler.HttpHandler - 

Request DefaultHttpRequest(decodeResult: success, version: HTTP/1.1)
POST /session/14f61660-7bcc-4279-b6a3-7163a94e0626/execute/sync HTTP/1.1
User-Agent: selenium/4.0.0-alpha-5 (java windows)
Content-Length: 39635
Content-Type: application/json; charset=utf-8
host: localhost:10889
accept: */*

Response DefaultHttpResponse(decodeResult: success, version: HTTP/1.1)
HTTP/1.1 200 OK
content-type: application/json; charset=utf-8
cache-control: no-cache
content-length: 15
date: Thu, 25 Jun 2020 12:50:19 GMT

15:50:19.417 [AsyncHttpClient-3-1] DEBUG o.a.netty.channel.ChannelManager - Adding key: http://localhost:10889 for channel [id: 0x7c68b8df, L:/127.0.0.1:64390 - R:localhost/127.0.0.1:10889]
15:50:19.418 [Forwarding findChildElement on session 14f61660-7bcc-4279-b6a3-7163a94e0626 to remote] DEBUG o.a.netty.request.NettyRequestSender - Using pooled Channel '[id: 0x7c68b8df, L:/127.0.0.1:64390 - R:localhost/127.0.0.1:10889]' for 'POST' to 'http://localhost:10889/session/14f61660-7bcc-4279-b6a3-7163a94e0626/element/7d403b19-038d-4087-bb83-a210d90102c8/element'
15:50:19.418 [Forwarding findChildElement on session 14f61660-7bcc-4279-b6a3-7163a94e0626 to remote] DEBUG o.a.netty.request.NettyRequestSender - Using open Channel [id: 0x7c68b8df, L:/127.0.0.1:64390 - R:localhost/127.0.0.1:10889] for POST '/session/14f61660-7bcc-4279-b6a3-7163a94e0626/element/7d403b19-038d-4087-bb83-a210d90102c8/element'
15:50:19.423 [AsyncHttpClient-3-1] DEBUG o.a.netty.handler.HttpHandler - 

Request DefaultHttpRequest(decodeResult: success, version: HTTP/1.1)
POST /session/14f61660-7bcc-4279-b6a3-7163a94e0626/element/7d403b19-038d-4087-bb83-a210d90102c8/element HTTP/1.1
User-Agent: selenium/4.0.0-alpha-5 (java windows)
Content-Length: 103
Content-Type: application/json; charset=utf-8
host: localhost:10889
accept: */*

Response DefaultHttpResponse(decodeResult: success, version: HTTP/1.1)
HTTP/1.1 200 OK
content-type: application/json; charset=utf-8
cache-control: no-cache
content-length: 88
date: Thu, 25 Jun 2020 12:50:19 GMT

15:50:19.423 [AsyncHttpClient-3-1] DEBUG o.a.netty.channel.ChannelManager - Adding key: http://localhost:10889 for channel [id: 0x7c68b8df, L:/127.0.0.1:64390 - R:localhost/127.0.0.1:10889]
15:50:19.423 [Forwarding getElementText on session 14f61660-7bcc-4279-b6a3-7163a94e0626 to remote] DEBUG o.a.netty.request.NettyRequestSender - Using pooled Channel '[id: 0x7c68b8df, L:/127.0.0.1:64390 - R:localhost/127.0.0.1:10889]' for 'GET' to 'http://localhost:10889/session/14f61660-7bcc-4279-b6a3-7163a94e0626/element/a82978dd-ba8f-4ead-9b01-6a7cc67b0248/text'
15:50:19.423 [Forwarding getElementText on session 14f61660-7bcc-4279-b6a3-7163a94e0626 to remote] DEBUG o.a.netty.request.NettyRequestSender - Using open Channel [id: 0x7c68b8df, L:/127.0.0.1:64390 - R:localhost/127.0.0.1:10889] for GET '/session/14f61660-7bcc-4279-b6a3-7163a94e0626/element/a82978dd-ba8f-4ead-9b01-6a7cc67b0248/text'
15:50:19.428 [AsyncHttpClient-3-1] DEBUG o.a.netty.handler.HttpHandler - 

Request DefaultFullHttpRequest(decodeResult: success, version: HTTP/1.1, content: EmptyByteBufBE)
GET /session/14f61660-7bcc-4279-b6a3-7163a94e0626/element/a82978dd-ba8f-4ead-9b01-6a7cc67b0248/text HTTP/1.1
User-Agent: selenium/4.0.0-alpha-5 (java windows)
Cache-Control: no-cache
host: localhost:10889
accept: */*

Response DefaultHttpResponse(decodeResult: success, version: HTTP/1.1)
HTTP/1.1 200 OK
content-type: application/json; charset=utf-8
cache-control: no-cache
content-length: 19
date: Thu, 25 Jun 2020 12:50:19 GMT

15:50:19.428 [AsyncHttpClient-3-1] DEBUG o.a.netty.channel.ChannelManager - Adding key: http://localhost:10889 for channel [id: 0x7c68b8df, L:/127.0.0.1:64390 - R:localhost/127.0.0.1:10889]
15:50:19.429 [Forwarding findChildElement on session 14f61660-7bcc-4279-b6a3-7163a94e0626 to remote] DEBUG o.a.netty.request.NettyRequestSender - Using pooled Channel '[id: 0x7c68b8df, L:/127.0.0.1:64390 - R:localhost/127.0.0.1:10889]' for 'POST' to 'http://localhost:10889/session/14f61660-7bcc-4279-b6a3-7163a94e0626/element/7d403b19-038d-4087-bb83-a210d90102c8/element'
15:50:19.429 [Forwarding findChildElement on session 14f61660-7bcc-4279-b6a3-7163a94e0626 to remote] DEBUG o.a.netty.request.NettyRequestSender - Using open Channel [id: 0x7c68b8df, L:/127.0.0.1:64390 - R:localhost/127.0.0.1:10889] for POST '/session/14f61660-7bcc-4279-b6a3-7163a94e0626/element/7d403b19-038d-4087-bb83-a210d90102c8/element'
15:50:19.433 [AsyncHttpClient-3-1] DEBUG o.a.netty.handler.HttpHandler - 

Request DefaultHttpRequest(decodeResult: success, version: HTTP/1.1)
POST /session/14f61660-7bcc-4279-b6a3-7163a94e0626/element/7d403b19-038d-4087-bb83-a210d90102c8/element HTTP/1.1
User-Agent: selenium/4.0.0-alpha-5 (java windows)
Content-Length: 103
Content-Type: application/json; charset=utf-8
host: localhost:10889
accept: */*

Response DefaultHttpResponse(decodeResult: success, version: HTTP/1.1)
HTTP/1.1 200 OK
content-type: application/json; charset=utf-8
cache-control: no-cache
content-length: 88
date: Thu, 25 Jun 2020 12:50:19 GMT

15:50:19.433 [AsyncHttpClient-3-1] DEBUG o.a.netty.channel.ChannelManager - Adding key: http://localhost:10889 for channel [id: 0x7c68b8df, L:/127.0.0.1:64390 - R:localhost/127.0.0.1:10889]
15:50:19.433 [Forwarding getElementText on session 14f61660-7bcc-4279-b6a3-7163a94e0626 to remote] DEBUG o.a.netty.request.NettyRequestSender - Using pooled Channel '[id: 0x7c68b8df, L:/127.0.0.1:64390 - R:localhost/127.0.0.1:10889]' for 'GET' to 'http://localhost:10889/session/14f61660-7bcc-4279-b6a3-7163a94e0626/element/25360d0e-1e08-41af-903a-f3b4ecda8672/text'
15:50:19.433 [Forwarding getElementText on session 14f61660-7bcc-4279-b6a3-7163a94e0626 to remote] DEBUG o.a.netty.request.NettyRequestSender - Using open Channel [id: 0x7c68b8df, L:/127.0.0.1:64390 - R:localhost/127.0.0.1:10889] for GET '/session/14f61660-7bcc-4279-b6a3-7163a94e0626/element/25360d0e-1e08-41af-903a-f3b4ecda8672/text'
15:50:19.439 [AsyncHttpClient-3-1] DEBUG o.a.netty.handler.HttpHandler - 

Request DefaultFullHttpRequest(decodeResult: success, version: HTTP/1.1, content: EmptyByteBufBE)
GET /session/14f61660-7bcc-4279-b6a3-7163a94e0626/element/25360d0e-1e08-41af-903a-f3b4ecda8672/text HTTP/1.1
User-Agent: selenium/4.0.0-alpha-5 (java windows)
Cache-Control: no-cache
host: localhost:10889
accept: */*

Response DefaultHttpResponse(decodeResult: success, version: HTTP/1.1)
HTTP/1.1 200 OK
content-type: application/json; charset=utf-8
cache-control: no-cache
content-length: 19
date: Thu, 25 Jun 2020 12:50:19 GMT

15:50:19.439 [AsyncHttpClient-3-1] DEBUG o.a.netty.channel.ChannelManager - Adding key: http://localhost:10889 for channel [id: 0x7c68b8df, L:/127.0.0.1:64390 - R:localhost/127.0.0.1:10889]
15:50:19.439 [Forwarding findChildElement on session 14f61660-7bcc-4279-b6a3-7163a94e0626 to remote] DEBUG o.a.netty.request.NettyRequestSender - Using pooled Channel '[id: 0x7c68b8df, L:/127.0.0.1:64390 - R:localhost/127.0.0.1:10889]' for 'POST' to 'http://localhost:10889/session/14f61660-7bcc-4279-b6a3-7163a94e0626/element/7d403b19-038d-4087-bb83-a210d90102c8/element'
15:50:19.440 [Forwarding findChildElement on session 14f61660-7bcc-4279-b6a3-7163a94e0626 to remote] DEBUG o.a.netty.request.NettyRequestSender - Using open Channel [id: 0x7c68b8df, L:/127.0.0.1:64390 - R:localhost/127.0.0.1:10889] for POST '/session/14f61660-7bcc-4279-b6a3-7163a94e0626/element/7d403b19-038d-4087-bb83-a210d90102c8/element'
15:50:19.445 [AsyncHttpClient-3-1] DEBUG o.a.netty.handler.HttpHandler - 

Request DefaultHttpRequest(decodeResult: success, version: HTTP/1.1)
POST /session/14f61660-7bcc-4279-b6a3-7163a94e0626/element/7d403b19-038d-4087-bb83-a210d90102c8/element HTTP/1.1
User-Agent: selenium/4.0.0-alpha-5 (java windows)
Content-Length: 103
Content-Type: application/json; charset=utf-8
host: localhost:10889
accept: */*

Response DefaultHttpResponse(decodeResult: success, version: HTTP/1.1)
HTTP/1.1 200 OK
content-type: application/json; charset=utf-8
cache-control: no-cache
content-length: 88
date: Thu, 25 Jun 2020 12:50:19 GMT

15:50:19.445 [AsyncHttpClient-3-1] DEBUG o.a.netty.channel.ChannelManager - Adding key: http://localhost:10889 for channel [id: 0x7c68b8df, L:/127.0.0.1:64390 - R:localhost/127.0.0.1:10889]
15:50:19.446 [Forwarding getElementText on session 14f61660-7bcc-4279-b6a3-7163a94e0626 to remote] DEBUG o.a.netty.request.NettyRequestSender - Using pooled Channel '[id: 0x7c68b8df, L:/127.0.0.1:64390 - R:localhost/127.0.0.1:10889]' for 'GET' to 'http://localhost:10889/session/14f61660-7bcc-4279-b6a3-7163a94e0626/element/3d490c4f-a0dd-4fa8-a9bf-e7b3767226e1/text'
15:50:19.446 [Forwarding getElementText on session 14f61660-7bcc-4279-b6a3-7163a94e0626 to remote] DEBUG o.a.netty.request.NettyRequestSender - Using open Channel [id: 0x7c68b8df, L:/127.0.0.1:64390 - R:localhost/127.0.0.1:10889] for GET '/session/14f61660-7bcc-4279-b6a3-7163a94e0626/element/3d490c4f-a0dd-4fa8-a9bf-e7b3767226e1/text'
15:50:19.451 [AsyncHttpClient-3-1] DEBUG o.a.netty.handler.HttpHandler - 

Request DefaultFullHttpRequest(decodeResult: success, version: HTTP/1.1, content: EmptyByteBufBE)
GET /session/14f61660-7bcc-4279-b6a3-7163a94e0626/element/3d490c4f-a0dd-4fa8-a9bf-e7b3767226e1/text HTTP/1.1
User-Agent: selenium/4.0.0-alpha-5 (java windows)
Cache-Control: no-cache
host: localhost:10889
accept: */*

Response DefaultHttpResponse(decodeResult: success, version: HTTP/1.1)
HTTP/1.1 200 OK
content-type: application/json; charset=utf-8
cache-control: no-cache
content-length: 23
date: Thu, 25 Jun 2020 12:50:19 GMT

15:50:19.451 [AsyncHttpClient-3-1] DEBUG o.a.netty.channel.ChannelManager - Adding key: http://localhost:10889 for channel [id: 0x7c68b8df, L:/127.0.0.1:64390 - R:localhost/127.0.0.1:10889]
15:50:19.451 [Forwarding findChildElement on session 14f61660-7bcc-4279-b6a3-7163a94e0626 to remote] DEBUG o.a.netty.request.NettyRequestSender - Using pooled Channel '[id: 0x7c68b8df, L:/127.0.0.1:64390 - R:localhost/127.0.0.1:10889]' for 'POST' to 'http://localhost:10889/session/14f61660-7bcc-4279-b6a3-7163a94e0626/element/7d403b19-038d-4087-bb83-a210d90102c8/element'
15:50:19.452 [Forwarding findChildElement on session 14f61660-7bcc-4279-b6a3-7163a94e0626 to remote] DEBUG o.a.netty.request.NettyRequestSender - Using open Channel [id: 0x7c68b8df, L:/127.0.0.1:64390 - R:localhost/127.0.0.1:10889] for POST '/session/14f61660-7bcc-4279-b6a3-7163a94e0626/element/7d403b19-038d-4087-bb83-a210d90102c8/element'
15:50:19.457 [AsyncHttpClient-3-1] DEBUG o.a.netty.handler.HttpHandler - 

Request DefaultHttpRequest(decodeResult: success, version: HTTP/1.1)
POST /session/14f61660-7bcc-4279-b6a3-7163a94e0626/element/7d403b19-038d-4087-bb83-a210d90102c8/element HTTP/1.1
User-Agent: selenium/4.0.0-alpha-5 (java windows)
Content-Length: 103
Content-Type: application/json; charset=utf-8
host: localhost:10889
accept: */*

Response DefaultHttpResponse(decodeResult: success, version: HTTP/1.1)
HTTP/1.1 200 OK
content-type: application/json; charset=utf-8
cache-control: no-cache
content-length: 88
date: Thu, 25 Jun 2020 12:50:19 GMT

15:50:19.457 [AsyncHttpClient-3-1] DEBUG o.a.netty.channel.ChannelManager - Adding key: http://localhost:10889 for channel [id: 0x7c68b8df, L:/127.0.0.1:64390 - R:localhost/127.0.0.1:10889]
15:50:19.457 [Forwarding getElementText on session 14f61660-7bcc-4279-b6a3-7163a94e0626 to remote] DEBUG o.a.netty.request.NettyRequestSender - Using pooled Channel '[id: 0x7c68b8df, L:/127.0.0.1:64390 - R:localhost/127.0.0.1:10889]' for 'GET' to 'http://localhost:10889/session/14f61660-7bcc-4279-b6a3-7163a94e0626/element/073685fa-cede-4f6f-9d8f-83126695ace8/text'
15:50:19.457 [Forwarding getElementText on session 14f61660-7bcc-4279-b6a3-7163a94e0626 to remote] DEBUG o.a.netty.request.NettyRequestSender - Using open Channel [id: 0x7c68b8df, L:/127.0.0.1:64390 - R:localhost/127.0.0.1:10889] for GET '/session/14f61660-7bcc-4279-b6a3-7163a94e0626/element/073685fa-cede-4f6f-9d8f-83126695ace8/text'
15:50:19.462 [AsyncHttpClient-3-1] DEBUG o.a.netty.handler.HttpHandler - 

Request DefaultFullHttpRequest(decodeResult: success, version: HTTP/1.1, content: EmptyByteBufBE)
GET /session/14f61660-7bcc-4279-b6a3-7163a94e0626/element/073685fa-cede-4f6f-9d8f-83126695ace8/text HTTP/1.1
User-Agent: selenium/4.0.0-alpha-5 (java windows)
Cache-Control: no-cache
host: localhost:10889
accept: */*

Response DefaultHttpResponse(decodeResult: success, version: HTTP/1.1)
HTTP/1.1 200 OK
content-type: application/json; charset=utf-8
cache-control: no-cache
content-length: 45
date: Thu, 25 Jun 2020 12:50:19 GMT

15:50:19.462 [AsyncHttpClient-3-1] DEBUG o.a.netty.channel.ChannelManager - Adding key: http://localhost:10889 for channel [id: 0x7c68b8df, L:/127.0.0.1:64390 - R:localhost/127.0.0.1:10889]
15:50:19.463 [Forwarding findChildElement on session 14f61660-7bcc-4279-b6a3-7163a94e0626 to remote] DEBUG o.a.netty.request.NettyRequestSender - Using pooled Channel '[id: 0x7c68b8df, L:/127.0.0.1:64390 - R:localhost/127.0.0.1:10889]' for 'POST' to 'http://localhost:10889/session/14f61660-7bcc-4279-b6a3-7163a94e0626/element/7d403b19-038d-4087-bb83-a210d90102c8/element'
15:50:19.463 [Forwarding findChildElement on session 14f61660-7bcc-4279-b6a3-7163a94e0626 to remote] DEBUG o.a.netty.request.NettyRequestSender - Using open Channel [id: 0x7c68b8df, L:/127.0.0.1:64390 - R:localhost/127.0.0.1:10889] for POST '/session/14f61660-7bcc-4279-b6a3-7163a94e0626/element/7d403b19-038d-4087-bb83-a210d90102c8/element'
15:50:19.467 [AsyncHttpClient-3-1] DEBUG o.a.netty.handler.HttpHandler - 

Request DefaultHttpRequest(decodeResult: success, version: HTTP/1.1)
POST /session/14f61660-7bcc-4279-b6a3-7163a94e0626/element/7d403b19-038d-4087-bb83-a210d90102c8/element HTTP/1.1
User-Agent: selenium/4.0.0-alpha-5 (java windows)
Content-Length: 103
Content-Type: application/json; charset=utf-8
host: localhost:10889
accept: */*

Response DefaultHttpResponse(decodeResult: success, version: HTTP/1.1)
HTTP/1.1 200 OK
content-type: application/json; charset=utf-8
cache-control: no-cache
content-length: 88
date: Thu, 25 Jun 2020 12:50:19 GMT

15:50:19.467 [AsyncHttpClient-3-1] DEBUG o.a.netty.channel.ChannelManager - Adding key: http://localhost:10889 for channel [id: 0x7c68b8df, L:/127.0.0.1:64390 - R:localhost/127.0.0.1:10889]
15:50:19.467 [Forwarding getElementText on session 14f61660-7bcc-4279-b6a3-7163a94e0626 to remote] DEBUG o.a.netty.request.NettyRequestSender - Using pooled Channel '[id: 0x7c68b8df, L:/127.0.0.1:64390 - R:localhost/127.0.0.1:10889]' for 'GET' to 'http://localhost:10889/session/14f61660-7bcc-4279-b6a3-7163a94e0626/element/e997f792-9dba-4aa2-84c0-41f8b5c2a898/text'
15:50:19.467 [Forwarding getElementText on session 14f61660-7bcc-4279-b6a3-7163a94e0626 to remote] DEBUG o.a.netty.request.NettyRequestSender - Using open Channel [id: 0x7c68b8df, L:/127.0.0.1:64390 - R:localhost/127.0.0.1:10889] for GET '/session/14f61660-7bcc-4279-b6a3-7163a94e0626/element/e997f792-9dba-4aa2-84c0-41f8b5c2a898/text'
15:50:19.474 [AsyncHttpClient-3-1] DEBUG o.a.netty.handler.HttpHandler - 

Request DefaultFullHttpRequest(decodeResult: success, version: HTTP/1.1, content: EmptyByteBufBE)
GET /session/14f61660-7bcc-4279-b6a3-7163a94e0626/element/e997f792-9dba-4aa2-84c0-41f8b5c2a898/text HTTP/1.1
User-Agent: selenium/4.0.0-alpha-5 (java windows)
Cache-Control: no-cache
host: localhost:10889
accept: */*

Response DefaultHttpResponse(decodeResult: success, version: HTTP/1.1)
HTTP/1.1 200 OK
content-type: application/json; charset=utf-8
cache-control: no-cache
content-length: 62
date: Thu, 25 Jun 2020 12:50:19 GMT

15:50:19.474 [AsyncHttpClient-3-1] DEBUG o.a.netty.channel.ChannelManager - Adding key: http://localhost:10889 for channel [id: 0x7c68b8df, L:/127.0.0.1:64390 - R:localhost/127.0.0.1:10889]
15:50:19.474 [Forwarding findChildElement on session 14f61660-7bcc-4279-b6a3-7163a94e0626 to remote] DEBUG o.a.netty.request.NettyRequestSender - Using pooled Channel '[id: 0x7c68b8df, L:/127.0.0.1:64390 - R:localhost/127.0.0.1:10889]' for 'POST' to 'http://localhost:10889/session/14f61660-7bcc-4279-b6a3-7163a94e0626/element/7d403b19-038d-4087-bb83-a210d90102c8/element'
15:50:19.475 [Forwarding findChildElement on session 14f61660-7bcc-4279-b6a3-7163a94e0626 to remote] DEBUG o.a.netty.request.NettyRequestSender - Using open Channel [id: 0x7c68b8df, L:/127.0.0.1:64390 - R:localhost/127.0.0.1:10889] for POST '/session/14f61660-7bcc-4279-b6a3-7163a94e0626/element/7d403b19-038d-4087-bb83-a210d90102c8/element'
15:50:19.478 [AsyncHttpClient-3-1] DEBUG o.a.netty.handler.HttpHandler - 

Request DefaultHttpRequest(decodeResult: success, version: HTTP/1.1)
POST /session/14f61660-7bcc-4279-b6a3-7163a94e0626/element/7d403b19-038d-4087-bb83-a210d90102c8/element HTTP/1.1
User-Agent: selenium/4.0.0-alpha-5 (java windows)
Content-Length: 97
Content-Type: application/json; charset=utf-8
host: localhost:10889
accept: */*

Response DefaultHttpResponse(decodeResult: success, version: HTTP/1.1)
HTTP/1.1 200 OK
content-type: application/json; charset=utf-8
cache-control: no-cache
content-length: 88
date: Thu, 25 Jun 2020 12:50:19 GMT

15:50:19.478 [AsyncHttpClient-3-1] DEBUG o.a.netty.channel.ChannelManager - Adding key: http://localhost:10889 for channel [id: 0x7c68b8df, L:/127.0.0.1:64390 - R:localhost/127.0.0.1:10889]
15:50:19.481 [Forwarding getElementAttribute on session 14f61660-7bcc-4279-b6a3-7163a94e0626 to remote] DEBUG o.a.netty.request.NettyRequestSender - Using pooled Channel '[id: 0x7c68b8df, L:/127.0.0.1:64390 - R:localhost/127.0.0.1:10889]' for 'POST' to 'http://localhost:10889/session/14f61660-7bcc-4279-b6a3-7163a94e0626/execute/sync'
15:50:19.481 [Forwarding getElementAttribute on session 14f61660-7bcc-4279-b6a3-7163a94e0626 to remote] DEBUG o.a.netty.request.NettyRequestSender - Using open Channel [id: 0x7c68b8df, L:/127.0.0.1:64390 - R:localhost/127.0.0.1:10889] for POST '/session/14f61660-7bcc-4279-b6a3-7163a94e0626/execute/sync'
15:50:19.494 [AsyncHttpClient-3-1] DEBUG o.a.netty.handler.HttpHandler - 

Request DefaultHttpRequest(decodeResult: success, version: HTTP/1.1)
POST /session/14f61660-7bcc-4279-b6a3-7163a94e0626/execute/sync HTTP/1.1
User-Agent: selenium/4.0.0-alpha-5 (java windows)
Content-Length: 39635
Content-Type: application/json; charset=utf-8
host: localhost:10889
accept: */*

Response DefaultHttpResponse(decodeResult: success, version: HTTP/1.1)
HTTP/1.1 200 OK
content-type: application/json; charset=utf-8
cache-control: no-cache
content-length: 15
date: Thu, 25 Jun 2020 12:50:19 GMT

15:50:19.494 [AsyncHttpClient-3-1] DEBUG o.a.netty.channel.ChannelManager - Adding key: http://localhost:10889 for channel [id: 0x7c68b8df, L:/127.0.0.1:64390 - R:localhost/127.0.0.1:10889]
15:50:19.495 [Forwarding findElement on session 14f61660-7bcc-4279-b6a3-7163a94e0626 to remote] DEBUG o.a.netty.request.NettyRequestSender - Using pooled Channel '[id: 0x7c68b8df, L:/127.0.0.1:64390 - R:localhost/127.0.0.1:10889]' for 'POST' to 'http://localhost:10889/session/14f61660-7bcc-4279-b6a3-7163a94e0626/element'
15:50:19.495 [Forwarding findElement on session 14f61660-7bcc-4279-b6a3-7163a94e0626 to remote] DEBUG o.a.netty.request.NettyRequestSender - Using open Channel [id: 0x7c68b8df, L:/127.0.0.1:64390 - R:localhost/127.0.0.1:10889] for POST '/session/14f61660-7bcc-4279-b6a3-7163a94e0626/element'
15:50:19.499 [AsyncHttpClient-3-1] DEBUG o.a.netty.handler.HttpHandler - 

Request DefaultHttpRequest(decodeResult: success, version: HTTP/1.1)
POST /session/14f61660-7bcc-4279-b6a3-7163a94e0626/element HTTP/1.1
User-Agent: selenium/4.0.0-alpha-5 (java windows)
Content-Length: 69
Content-Type: application/json; charset=utf-8
host: localhost:10889
accept: */*

Response DefaultHttpResponse(decodeResult: success, version: HTTP/1.1)
HTTP/1.1 200 OK
content-type: application/json; charset=utf-8
cache-control: no-cache
content-length: 88
date: Thu, 25 Jun 2020 12:50:19 GMT

15:50:19.499 [AsyncHttpClient-3-1] DEBUG o.a.netty.channel.ChannelManager - Adding key: http://localhost:10889 for channel [id: 0x7c68b8df, L:/127.0.0.1:64390 - R:localhost/127.0.0.1:10889]
15:50:19.500 [Forwarding clickElement on session 14f61660-7bcc-4279-b6a3-7163a94e0626 to remote] DEBUG o.a.netty.request.NettyRequestSender - Using pooled Channel '[id: 0x7c68b8df, L:/127.0.0.1:64390 - R:localhost/127.0.0.1:10889]' for 'POST' to 'http://localhost:10889/session/14f61660-7bcc-4279-b6a3-7163a94e0626/element/6be73163-4e9c-47aa-9a85-5cfa20f71273/click'
15:50:19.500 [Forwarding clickElement on session 14f61660-7bcc-4279-b6a3-7163a94e0626 to remote] DEBUG o.a.netty.request.NettyRequestSender - Using open Channel [id: 0x7c68b8df, L:/127.0.0.1:64390 - R:localhost/127.0.0.1:10889] for POST '/session/14f61660-7bcc-4279-b6a3-7163a94e0626/element/6be73163-4e9c-47aa-9a85-5cfa20f71273/click'
15:50:19.739 [AsyncHttpClient-3-1] DEBUG o.a.netty.handler.HttpHandler - 

Request DefaultHttpRequest(decodeResult: success, version: HTTP/1.1)
POST /session/14f61660-7bcc-4279-b6a3-7163a94e0626/element/6be73163-4e9c-47aa-9a85-5cfa20f71273/click HTTP/1.1
User-Agent: selenium/4.0.0-alpha-5 (java windows)
Content-Length: 50
Content-Type: application/json; charset=utf-8
host: localhost:10889
accept: */*

Response DefaultHttpResponse(decodeResult: success, version: HTTP/1.1)
HTTP/1.1 200 OK
content-type: application/json; charset=utf-8
cache-control: no-cache
content-length: 14
date: Thu, 25 Jun 2020 12:50:19 GMT

15:50:19.740 [AsyncHttpClient-3-1] DEBUG o.a.netty.channel.ChannelManager - Adding key: http://localhost:10889 for channel [id: 0x7c68b8df, L:/127.0.0.1:64390 - R:localhost/127.0.0.1:10889]
15:50:19.740 [Forwarding findElement on session 14f61660-7bcc-4279-b6a3-7163a94e0626 to remote] DEBUG o.a.netty.request.NettyRequestSender - Using pooled Channel '[id: 0x7c68b8df, L:/127.0.0.1:64390 - R:localhost/127.0.0.1:10889]' for 'POST' to 'http://localhost:10889/session/14f61660-7bcc-4279-b6a3-7163a94e0626/element'
15:50:19.740 [Forwarding findElement on session 14f61660-7bcc-4279-b6a3-7163a94e0626 to remote] DEBUG o.a.netty.request.NettyRequestSender - Using open Channel [id: 0x7c68b8df, L:/127.0.0.1:64390 - R:localhost/127.0.0.1:10889] for POST '/session/14f61660-7bcc-4279-b6a3-7163a94e0626/element'
15:50:19.760 [AsyncHttpClient-3-1] DEBUG o.a.netty.handler.HttpHandler - 

Request DefaultHttpRequest(decodeResult: success, version: HTTP/1.1)
POST /session/14f61660-7bcc-4279-b6a3-7163a94e0626/element HTTP/1.1
User-Agent: selenium/4.0.0-alpha-5 (java windows)
Content-Length: 63
Content-Type: application/json; charset=utf-8
host: localhost:10889
accept: */*

Response DefaultHttpResponse(decodeResult: success, version: HTTP/1.1)
HTTP/1.1 200 OK
content-type: application/json; charset=utf-8
cache-control: no-cache
content-length: 88
date: Thu, 25 Jun 2020 12:50:19 GMT

15:50:19.760 [AsyncHttpClient-3-1] DEBUG o.a.netty.channel.ChannelManager - Adding key: http://localhost:10889 for channel [id: 0x7c68b8df, L:/127.0.0.1:64390 - R:localhost/127.0.0.1:10889]
15:50:19.761 [Forwarding clickElement on session 14f61660-7bcc-4279-b6a3-7163a94e0626 to remote] DEBUG o.a.netty.request.NettyRequestSender - Using pooled Channel '[id: 0x7c68b8df, L:/127.0.0.1:64390 - R:localhost/127.0.0.1:10889]' for 'POST' to 'http://localhost:10889/session/14f61660-7bcc-4279-b6a3-7163a94e0626/element/b7e4531d-e7a3-40dc-aa42-351fba746fcb/click'
15:50:19.761 [Forwarding clickElement on session 14f61660-7bcc-4279-b6a3-7163a94e0626 to remote] DEBUG o.a.netty.request.NettyRequestSender - Using open Channel [id: 0x7c68b8df, L:/127.0.0.1:64390 - R:localhost/127.0.0.1:10889] for POST '/session/14f61660-7bcc-4279-b6a3-7163a94e0626/element/b7e4531d-e7a3-40dc-aa42-351fba746fcb/click'
15:50:19.977 [AsyncHttpClient-3-1] DEBUG o.a.netty.handler.HttpHandler - 

Request DefaultHttpRequest(decodeResult: success, version: HTTP/1.1)
POST /session/14f61660-7bcc-4279-b6a3-7163a94e0626/element/b7e4531d-e7a3-40dc-aa42-351fba746fcb/click HTTP/1.1
User-Agent: selenium/4.0.0-alpha-5 (java windows)
Content-Length: 50
Content-Type: application/json; charset=utf-8
host: localhost:10889
accept: */*

Response DefaultHttpResponse(decodeResult: success, version: HTTP/1.1)
HTTP/1.1 200 OK
content-type: application/json; charset=utf-8
cache-control: no-cache
content-length: 14
date: Thu, 25 Jun 2020 12:50:19 GMT

15:50:19.977 [AsyncHttpClient-3-1] DEBUG o.a.netty.channel.ChannelManager - Adding key: http://localhost:10889 for channel [id: 0x7c68b8df, L:/127.0.0.1:64390 - R:localhost/127.0.0.1:10889]
15:50:19.978 [Forwarding findElement on session 14f61660-7bcc-4279-b6a3-7163a94e0626 to remote] DEBUG o.a.netty.request.NettyRequestSender - Using pooled Channel '[id: 0x7c68b8df, L:/127.0.0.1:64390 - R:localhost/127.0.0.1:10889]' for 'POST' to 'http://localhost:10889/session/14f61660-7bcc-4279-b6a3-7163a94e0626/element'
15:50:19.978 [Forwarding findElement on session 14f61660-7bcc-4279-b6a3-7163a94e0626 to remote] DEBUG o.a.netty.request.NettyRequestSender - Using open Channel [id: 0x7c68b8df, L:/127.0.0.1:64390 - R:localhost/127.0.0.1:10889] for POST '/session/14f61660-7bcc-4279-b6a3-7163a94e0626/element'
15:50:19.982 [AsyncHttpClient-3-1] DEBUG o.a.netty.handler.HttpHandler - 

Request DefaultHttpRequest(decodeResult: success, version: HTTP/1.1)
POST /session/14f61660-7bcc-4279-b6a3-7163a94e0626/element HTTP/1.1
User-Agent: selenium/4.0.0-alpha-5 (java windows)
Content-Length: 63
Content-Type: application/json; charset=utf-8
host: localhost:10889
accept: */*

Response DefaultHttpResponse(decodeResult: success, version: HTTP/1.1)
HTTP/1.1 200 OK
content-type: application/json; charset=utf-8
cache-control: no-cache
content-length: 88
date: Thu, 25 Jun 2020 12:50:19 GMT

15:50:19.982 [AsyncHttpClient-3-1] DEBUG o.a.netty.channel.ChannelManager - Adding key: http://localhost:10889 for channel [id: 0x7c68b8df, L:/127.0.0.1:64390 - R:localhost/127.0.0.1:10889]
15:50:19.985 [Forwarding getElementAttribute on session 14f61660-7bcc-4279-b6a3-7163a94e0626 to remote] DEBUG o.a.netty.request.NettyRequestSender - Using pooled Channel '[id: 0x7c68b8df, L:/127.0.0.1:64390 - R:localhost/127.0.0.1:10889]' for 'POST' to 'http://localhost:10889/session/14f61660-7bcc-4279-b6a3-7163a94e0626/execute/sync'
15:50:19.985 [Forwarding getElementAttribute on session 14f61660-7bcc-4279-b6a3-7163a94e0626 to remote] DEBUG o.a.netty.request.NettyRequestSender - Using open Channel [id: 0x7c68b8df, L:/127.0.0.1:64390 - R:localhost/127.0.0.1:10889] for POST '/session/14f61660-7bcc-4279-b6a3-7163a94e0626/execute/sync'
15:50:20.001 [AsyncHttpClient-3-1] DEBUG o.a.netty.handler.HttpHandler - 

Request DefaultHttpRequest(decodeResult: success, version: HTTP/1.1)
POST /session/14f61660-7bcc-4279-b6a3-7163a94e0626/execute/sync HTTP/1.1
User-Agent: selenium/4.0.0-alpha-5 (java windows)
Content-Length: 39635
Content-Type: application/json; charset=utf-8
host: localhost:10889
accept: */*

Response DefaultHttpResponse(decodeResult: success, version: HTTP/1.1)
HTTP/1.1 200 OK
content-type: application/json; charset=utf-8
cache-control: no-cache
content-length: 18
date: Thu, 25 Jun 2020 12:50:19 GMT

15:50:20.001 [AsyncHttpClient-3-1] DEBUG o.a.netty.channel.ChannelManager - Adding key: http://localhost:10889 for channel [id: 0x7c68b8df, L:/127.0.0.1:64390 - R:localhost/127.0.0.1:10889]
15:50:20.001 [Forwarding findElement on session 14f61660-7bcc-4279-b6a3-7163a94e0626 to remote] DEBUG o.a.netty.request.NettyRequestSender - Using pooled Channel '[id: 0x7c68b8df, L:/127.0.0.1:64390 - R:localhost/127.0.0.1:10889]' for 'POST' to 'http://localhost:10889/session/14f61660-7bcc-4279-b6a3-7163a94e0626/element'
15:50:20.002 [Forwarding findElement on session 14f61660-7bcc-4279-b6a3-7163a94e0626 to remote] DEBUG o.a.netty.request.NettyRequestSender - Using open Channel [id: 0x7c68b8df, L:/127.0.0.1:64390 - R:localhost/127.0.0.1:10889] for POST '/session/14f61660-7bcc-4279-b6a3-7163a94e0626/element'
15:50:20.006 [AsyncHttpClient-3-1] DEBUG o.a.netty.handler.HttpHandler - 

Request DefaultHttpRequest(decodeResult: success, version: HTTP/1.1)
POST /session/14f61660-7bcc-4279-b6a3-7163a94e0626/element HTTP/1.1
User-Agent: selenium/4.0.0-alpha-5 (java windows)
Content-Length: 63
Content-Type: application/json; charset=utf-8
host: localhost:10889
accept: */*

Response DefaultHttpResponse(decodeResult: success, version: HTTP/1.1)
HTTP/1.1 200 OK
content-type: application/json; charset=utf-8
cache-control: no-cache
content-length: 88
date: Thu, 25 Jun 2020 12:50:20 GMT

15:50:20.006 [AsyncHttpClient-3-1] DEBUG o.a.netty.channel.ChannelManager - Adding key: http://localhost:10889 for channel [id: 0x7c68b8df, L:/127.0.0.1:64390 - R:localhost/127.0.0.1:10889]
15:50:20.007 [Forwarding clearElement on session 14f61660-7bcc-4279-b6a3-7163a94e0626 to remote] DEBUG o.a.netty.request.NettyRequestSender - Using pooled Channel '[id: 0x7c68b8df, L:/127.0.0.1:64390 - R:localhost/127.0.0.1:10889]' for 'POST' to 'http://localhost:10889/session/14f61660-7bcc-4279-b6a3-7163a94e0626/element/b7e4531d-e7a3-40dc-aa42-351fba746fcb/clear'
15:50:20.007 [Forwarding clearElement on session 14f61660-7bcc-4279-b6a3-7163a94e0626 to remote] DEBUG o.a.netty.request.NettyRequestSender - Using open Channel [id: 0x7c68b8df, L:/127.0.0.1:64390 - R:localhost/127.0.0.1:10889] for POST '/session/14f61660-7bcc-4279-b6a3-7163a94e0626/element/b7e4531d-e7a3-40dc-aa42-351fba746fcb/clear'
15:50:20.012 [AsyncHttpClient-3-1] DEBUG o.a.netty.handler.HttpHandler - 

Request DefaultHttpRequest(decodeResult: success, version: HTTP/1.1)
POST /session/14f61660-7bcc-4279-b6a3-7163a94e0626/element/b7e4531d-e7a3-40dc-aa42-351fba746fcb/clear HTTP/1.1
User-Agent: selenium/4.0.0-alpha-5 (java windows)
Content-Length: 50
Content-Type: application/json; charset=utf-8
host: localhost:10889
accept: */*

Response DefaultHttpResponse(decodeResult: success, version: HTTP/1.1)
HTTP/1.1 200 OK
content-type: application/json; charset=utf-8
cache-control: no-cache
content-length: 14
date: Thu, 25 Jun 2020 12:50:20 GMT

15:50:20.012 [AsyncHttpClient-3-1] DEBUG o.a.netty.channel.ChannelManager - Adding key: http://localhost:10889 for channel [id: 0x7c68b8df, L:/127.0.0.1:64390 - R:localhost/127.0.0.1:10889]
15:50:20.012 [Forwarding findElement on session 14f61660-7bcc-4279-b6a3-7163a94e0626 to remote] DEBUG o.a.netty.request.NettyRequestSender - Using pooled Channel '[id: 0x7c68b8df, L:/127.0.0.1:64390 - R:localhost/127.0.0.1:10889]' for 'POST' to 'http://localhost:10889/session/14f61660-7bcc-4279-b6a3-7163a94e0626/element'
15:50:20.012 [Forwarding findElement on session 14f61660-7bcc-4279-b6a3-7163a94e0626 to remote] DEBUG o.a.netty.request.NettyRequestSender - Using open Channel [id: 0x7c68b8df, L:/127.0.0.1:64390 - R:localhost/127.0.0.1:10889] for POST '/session/14f61660-7bcc-4279-b6a3-7163a94e0626/element'
15:50:20.017 [AsyncHttpClient-3-1] DEBUG o.a.netty.handler.HttpHandler - 

Request DefaultHttpRequest(decodeResult: success, version: HTTP/1.1)
POST /session/14f61660-7bcc-4279-b6a3-7163a94e0626/element HTTP/1.1
User-Agent: selenium/4.0.0-alpha-5 (java windows)
Content-Length: 63
Content-Type: application/json; charset=utf-8
host: localhost:10889
accept: */*

Response DefaultHttpResponse(decodeResult: success, version: HTTP/1.1)
HTTP/1.1 200 OK
content-type: application/json; charset=utf-8
cache-control: no-cache
content-length: 88
date: Thu, 25 Jun 2020 12:50:20 GMT

15:50:20.017 [AsyncHttpClient-3-1] DEBUG o.a.netty.channel.ChannelManager - Adding key: http://localhost:10889 for channel [id: 0x7c68b8df, L:/127.0.0.1:64390 - R:localhost/127.0.0.1:10889]
15:50:20.018 [Forwarding sendKeysToElement on session 14f61660-7bcc-4279-b6a3-7163a94e0626 to remote] DEBUG o.a.netty.request.NettyRequestSender - Using pooled Channel '[id: 0x7c68b8df, L:/127.0.0.1:64390 - R:localhost/127.0.0.1:10889]' for 'POST' to 'http://localhost:10889/session/14f61660-7bcc-4279-b6a3-7163a94e0626/element/b7e4531d-e7a3-40dc-aa42-351fba746fcb/value'
15:50:20.018 [Forwarding sendKeysToElement on session 14f61660-7bcc-4279-b6a3-7163a94e0626 to remote] DEBUG o.a.netty.request.NettyRequestSender - Using open Channel [id: 0x7c68b8df, L:/127.0.0.1:64390 - R:localhost/127.0.0.1:10889] for POST '/session/14f61660-7bcc-4279-b6a3-7163a94e0626/element/b7e4531d-e7a3-40dc-aa42-351fba746fcb/value'
15:50:20.030 [AsyncHttpClient-3-1] DEBUG o.a.netty.handler.HttpHandler - 

Request DefaultHttpRequest(decodeResult: success, version: HTTP/1.1)
POST /session/14f61660-7bcc-4279-b6a3-7163a94e0626/element/b7e4531d-e7a3-40dc-aa42-351fba746fcb/value HTTP/1.1
User-Agent: selenium/4.0.0-alpha-5 (java windows)
Content-Length: 151
Content-Type: application/json; charset=utf-8
host: localhost:10889
accept: */*

Response DefaultHttpResponse(decodeResult: success, version: HTTP/1.1)
HTTP/1.1 200 OK
content-type: application/json; charset=utf-8
cache-control: no-cache
content-length: 14
date: Thu, 25 Jun 2020 12:50:20 GMT

15:50:20.031 [AsyncHttpClient-3-1] DEBUG o.a.netty.channel.ChannelManager - Adding key: http://localhost:10889 for channel [id: 0x7c68b8df, L:/127.0.0.1:64390 - R:localhost/127.0.0.1:10889]
15:50:20.031 [Forwarding findElement on session 14f61660-7bcc-4279-b6a3-7163a94e0626 to remote] DEBUG o.a.netty.request.NettyRequestSender - Using pooled Channel '[id: 0x7c68b8df, L:/127.0.0.1:64390 - R:localhost/127.0.0.1:10889]' for 'POST' to 'http://localhost:10889/session/14f61660-7bcc-4279-b6a3-7163a94e0626/element'
15:50:20.031 [Forwarding findElement on session 14f61660-7bcc-4279-b6a3-7163a94e0626 to remote] DEBUG o.a.netty.request.NettyRequestSender - Using open Channel [id: 0x7c68b8df, L:/127.0.0.1:64390 - R:localhost/127.0.0.1:10889] for POST '/session/14f61660-7bcc-4279-b6a3-7163a94e0626/element'
15:50:20.035 [AsyncHttpClient-3-1] DEBUG o.a.netty.handler.HttpHandler - 

Request DefaultHttpRequest(decodeResult: success, version: HTTP/1.1)
POST /session/14f61660-7bcc-4279-b6a3-7163a94e0626/element HTTP/1.1
User-Agent: selenium/4.0.0-alpha-5 (java windows)
Content-Length: 64
Content-Type: application/json; charset=utf-8
host: localhost:10889
accept: */*

Response DefaultHttpResponse(decodeResult: success, version: HTTP/1.1)
HTTP/1.1 200 OK
content-type: application/json; charset=utf-8
cache-control: no-cache
content-length: 88
date: Thu, 25 Jun 2020 12:50:20 GMT

15:50:20.035 [AsyncHttpClient-3-1] DEBUG o.a.netty.channel.ChannelManager - Adding key: http://localhost:10889 for channel [id: 0x7c68b8df, L:/127.0.0.1:64390 - R:localhost/127.0.0.1:10889]
15:50:20.035 [Forwarding clickElement on session 14f61660-7bcc-4279-b6a3-7163a94e0626 to remote] DEBUG o.a.netty.request.NettyRequestSender - Using pooled Channel '[id: 0x7c68b8df, L:/127.0.0.1:64390 - R:localhost/127.0.0.1:10889]' for 'POST' to 'http://localhost:10889/session/14f61660-7bcc-4279-b6a3-7163a94e0626/element/1977bf2f-71cf-460e-a4d5-657199881ca9/click'
15:50:20.035 [Forwarding clickElement on session 14f61660-7bcc-4279-b6a3-7163a94e0626 to remote] DEBUG o.a.netty.request.NettyRequestSender - Using open Channel [id: 0x7c68b8df, L:/127.0.0.1:64390 - R:localhost/127.0.0.1:10889] for POST '/session/14f61660-7bcc-4279-b6a3-7163a94e0626/element/1977bf2f-71cf-460e-a4d5-657199881ca9/click'
15:50:20.259 [AsyncHttpClient-3-1] DEBUG o.a.netty.handler.HttpHandler - 

Request DefaultHttpRequest(decodeResult: success, version: HTTP/1.1)
POST /session/14f61660-7bcc-4279-b6a3-7163a94e0626/element/1977bf2f-71cf-460e-a4d5-657199881ca9/click HTTP/1.1
User-Agent: selenium/4.0.0-alpha-5 (java windows)
Content-Length: 50
Content-Type: application/json; charset=utf-8
host: localhost:10889
accept: */*

Response DefaultHttpResponse(decodeResult: success, version: HTTP/1.1)
HTTP/1.1 200 OK
content-type: application/json; charset=utf-8
cache-control: no-cache
content-length: 14
date: Thu, 25 Jun 2020 12:50:20 GMT

15:50:20.259 [AsyncHttpClient-3-1] DEBUG o.a.netty.channel.ChannelManager - Adding key: http://localhost:10889 for channel [id: 0x7c68b8df, L:/127.0.0.1:64390 - R:localhost/127.0.0.1:10889]
15:50:20.260 [Forwarding findElement on session 14f61660-7bcc-4279-b6a3-7163a94e0626 to remote] DEBUG o.a.netty.request.NettyRequestSender - Using pooled Channel '[id: 0x7c68b8df, L:/127.0.0.1:64390 - R:localhost/127.0.0.1:10889]' for 'POST' to 'http://localhost:10889/session/14f61660-7bcc-4279-b6a3-7163a94e0626/element'
15:50:20.260 [Forwarding findElement on session 14f61660-7bcc-4279-b6a3-7163a94e0626 to remote] DEBUG o.a.netty.request.NettyRequestSender - Using open Channel [id: 0x7c68b8df, L:/127.0.0.1:64390 - R:localhost/127.0.0.1:10889] for POST '/session/14f61660-7bcc-4279-b6a3-7163a94e0626/element'
15:50:20.266 [AsyncHttpClient-3-1] DEBUG o.a.netty.handler.HttpHandler - 

Request DefaultHttpRequest(decodeResult: success, version: HTTP/1.1)
POST /session/14f61660-7bcc-4279-b6a3-7163a94e0626/element HTTP/1.1
User-Agent: selenium/4.0.0-alpha-5 (java windows)
Content-Length: 64
Content-Type: application/json; charset=utf-8
host: localhost:10889
accept: */*

Response DefaultHttpResponse(decodeResult: success, version: HTTP/1.1)
HTTP/1.1 200 OK
content-type: application/json; charset=utf-8
cache-control: no-cache
content-length: 88
date: Thu, 25 Jun 2020 12:50:20 GMT

15:50:20.266 [AsyncHttpClient-3-1] DEBUG o.a.netty.channel.ChannelManager - Adding key: http://localhost:10889 for channel [id: 0x7c68b8df, L:/127.0.0.1:64390 - R:localhost/127.0.0.1:10889]
15:50:20.269 [Forwarding getElementAttribute on session 14f61660-7bcc-4279-b6a3-7163a94e0626 to remote] DEBUG o.a.netty.request.NettyRequestSender - Using pooled Channel '[id: 0x7c68b8df, L:/127.0.0.1:64390 - R:localhost/127.0.0.1:10889]' for 'POST' to 'http://localhost:10889/session/14f61660-7bcc-4279-b6a3-7163a94e0626/execute/sync'
15:50:20.269 [Forwarding getElementAttribute on session 14f61660-7bcc-4279-b6a3-7163a94e0626 to remote] DEBUG o.a.netty.request.NettyRequestSender - Using open Channel [id: 0x7c68b8df, L:/127.0.0.1:64390 - R:localhost/127.0.0.1:10889] for POST '/session/14f61660-7bcc-4279-b6a3-7163a94e0626/execute/sync'
15:50:20.282 [AsyncHttpClient-3-1] DEBUG o.a.netty.handler.HttpHandler - 

Request DefaultHttpRequest(decodeResult: success, version: HTTP/1.1)
POST /session/14f61660-7bcc-4279-b6a3-7163a94e0626/execute/sync HTTP/1.1
User-Agent: selenium/4.0.0-alpha-5 (java windows)
Content-Length: 39635
Content-Type: application/json; charset=utf-8
host: localhost:10889
accept: */*

Response DefaultHttpResponse(decodeResult: success, version: HTTP/1.1)
HTTP/1.1 200 OK
content-type: application/json; charset=utf-8
cache-control: no-cache
content-length: 21
date: Thu, 25 Jun 2020 12:50:20 GMT

15:50:20.283 [AsyncHttpClient-3-1] DEBUG o.a.netty.channel.ChannelManager - Adding key: http://localhost:10889 for channel [id: 0x7c68b8df, L:/127.0.0.1:64390 - R:localhost/127.0.0.1:10889]
15:50:20.283 [Forwarding findElement on session 14f61660-7bcc-4279-b6a3-7163a94e0626 to remote] DEBUG o.a.netty.request.NettyRequestSender - Using pooled Channel '[id: 0x7c68b8df, L:/127.0.0.1:64390 - R:localhost/127.0.0.1:10889]' for 'POST' to 'http://localhost:10889/session/14f61660-7bcc-4279-b6a3-7163a94e0626/element'
15:50:20.283 [Forwarding findElement on session 14f61660-7bcc-4279-b6a3-7163a94e0626 to remote] DEBUG o.a.netty.request.NettyRequestSender - Using open Channel [id: 0x7c68b8df, L:/127.0.0.1:64390 - R:localhost/127.0.0.1:10889] for POST '/session/14f61660-7bcc-4279-b6a3-7163a94e0626/element'
15:50:20.287 [AsyncHttpClient-3-1] DEBUG o.a.netty.handler.HttpHandler - 

Request DefaultHttpRequest(decodeResult: success, version: HTTP/1.1)
POST /session/14f61660-7bcc-4279-b6a3-7163a94e0626/element HTTP/1.1
User-Agent: selenium/4.0.0-alpha-5 (java windows)
Content-Length: 64
Content-Type: application/json; charset=utf-8
host: localhost:10889
accept: */*

Response DefaultHttpResponse(decodeResult: success, version: HTTP/1.1)
HTTP/1.1 200 OK
content-type: application/json; charset=utf-8
cache-control: no-cache
content-length: 88
date: Thu, 25 Jun 2020 12:50:20 GMT

15:50:20.287 [AsyncHttpClient-3-1] DEBUG o.a.netty.channel.ChannelManager - Adding key: http://localhost:10889 for channel [id: 0x7c68b8df, L:/127.0.0.1:64390 - R:localhost/127.0.0.1:10889]
15:50:20.288 [Forwarding clearElement on session 14f61660-7bcc-4279-b6a3-7163a94e0626 to remote] DEBUG o.a.netty.request.NettyRequestSender - Using pooled Channel '[id: 0x7c68b8df, L:/127.0.0.1:64390 - R:localhost/127.0.0.1:10889]' for 'POST' to 'http://localhost:10889/session/14f61660-7bcc-4279-b6a3-7163a94e0626/element/1977bf2f-71cf-460e-a4d5-657199881ca9/clear'
15:50:20.288 [Forwarding clearElement on session 14f61660-7bcc-4279-b6a3-7163a94e0626 to remote] DEBUG o.a.netty.request.NettyRequestSender - Using open Channel [id: 0x7c68b8df, L:/127.0.0.1:64390 - R:localhost/127.0.0.1:10889] for POST '/session/14f61660-7bcc-4279-b6a3-7163a94e0626/element/1977bf2f-71cf-460e-a4d5-657199881ca9/clear'
15:50:20.292 [AsyncHttpClient-3-1] DEBUG o.a.netty.handler.HttpHandler - 

Request DefaultHttpRequest(decodeResult: success, version: HTTP/1.1)
POST /session/14f61660-7bcc-4279-b6a3-7163a94e0626/element/1977bf2f-71cf-460e-a4d5-657199881ca9/clear HTTP/1.1
User-Agent: selenium/4.0.0-alpha-5 (java windows)
Content-Length: 50
Content-Type: application/json; charset=utf-8
host: localhost:10889
accept: */*

Response DefaultHttpResponse(decodeResult: success, version: HTTP/1.1)
HTTP/1.1 200 OK
content-type: application/json; charset=utf-8
cache-control: no-cache
content-length: 14
date: Thu, 25 Jun 2020 12:50:20 GMT

15:50:20.292 [AsyncHttpClient-3-1] DEBUG o.a.netty.channel.ChannelManager - Adding key: http://localhost:10889 for channel [id: 0x7c68b8df, L:/127.0.0.1:64390 - R:localhost/127.0.0.1:10889]
15:50:20.293 [Forwarding findElement on session 14f61660-7bcc-4279-b6a3-7163a94e0626 to remote] DEBUG o.a.netty.request.NettyRequestSender - Using pooled Channel '[id: 0x7c68b8df, L:/127.0.0.1:64390 - R:localhost/127.0.0.1:10889]' for 'POST' to 'http://localhost:10889/session/14f61660-7bcc-4279-b6a3-7163a94e0626/element'
15:50:20.293 [Forwarding findElement on session 14f61660-7bcc-4279-b6a3-7163a94e0626 to remote] DEBUG o.a.netty.request.NettyRequestSender - Using open Channel [id: 0x7c68b8df, L:/127.0.0.1:64390 - R:localhost/127.0.0.1:10889] for POST '/session/14f61660-7bcc-4279-b6a3-7163a94e0626/element'
15:50:20.296 [AsyncHttpClient-3-1] DEBUG o.a.netty.handler.HttpHandler - 

Request DefaultHttpRequest(decodeResult: success, version: HTTP/1.1)
POST /session/14f61660-7bcc-4279-b6a3-7163a94e0626/element HTTP/1.1
User-Agent: selenium/4.0.0-alpha-5 (java windows)
Content-Length: 64
Content-Type: application/json; charset=utf-8
host: localhost:10889
accept: */*

Response DefaultHttpResponse(decodeResult: success, version: HTTP/1.1)
HTTP/1.1 200 OK
content-type: application/json; charset=utf-8
cache-control: no-cache
content-length: 88
date: Thu, 25 Jun 2020 12:50:20 GMT

15:50:20.297 [AsyncHttpClient-3-1] DEBUG o.a.netty.channel.ChannelManager - Adding key: http://localhost:10889 for channel [id: 0x7c68b8df, L:/127.0.0.1:64390 - R:localhost/127.0.0.1:10889]
15:50:20.297 [Forwarding sendKeysToElement on session 14f61660-7bcc-4279-b6a3-7163a94e0626 to remote] DEBUG o.a.netty.request.NettyRequestSender - Using pooled Channel '[id: 0x7c68b8df, L:/127.0.0.1:64390 - R:localhost/127.0.0.1:10889]' for 'POST' to 'http://localhost:10889/session/14f61660-7bcc-4279-b6a3-7163a94e0626/element/1977bf2f-71cf-460e-a4d5-657199881ca9/value'
15:50:20.297 [Forwarding sendKeysToElement on session 14f61660-7bcc-4279-b6a3-7163a94e0626 to remote] DEBUG o.a.netty.request.NettyRequestSender - Using open Channel [id: 0x7c68b8df, L:/127.0.0.1:64390 - R:localhost/127.0.0.1:10889] for POST '/session/14f61660-7bcc-4279-b6a3-7163a94e0626/element/1977bf2f-71cf-460e-a4d5-657199881ca9/value'
15:50:20.306 [AsyncHttpClient-3-1] DEBUG o.a.netty.handler.HttpHandler - 

Request DefaultHttpRequest(decodeResult: success, version: HTTP/1.1)
POST /session/14f61660-7bcc-4279-b6a3-7163a94e0626/element/1977bf2f-71cf-460e-a4d5-657199881ca9/value HTTP/1.1
User-Agent: selenium/4.0.0-alpha-5 (java windows)
Content-Length: 131
Content-Type: application/json; charset=utf-8
host: localhost:10889
accept: */*

Response DefaultHttpResponse(decodeResult: success, version: HTTP/1.1)
HTTP/1.1 200 OK
content-type: application/json; charset=utf-8
cache-control: no-cache
content-length: 14
date: Thu, 25 Jun 2020 12:50:20 GMT

15:50:20.306 [AsyncHttpClient-3-1] DEBUG o.a.netty.channel.ChannelManager - Adding key: http://localhost:10889 for channel [id: 0x7c68b8df, L:/127.0.0.1:64390 - R:localhost/127.0.0.1:10889]
15:50:20.307 [Forwarding findElement on session 14f61660-7bcc-4279-b6a3-7163a94e0626 to remote] DEBUG o.a.netty.request.NettyRequestSender - Using pooled Channel '[id: 0x7c68b8df, L:/127.0.0.1:64390 - R:localhost/127.0.0.1:10889]' for 'POST' to 'http://localhost:10889/session/14f61660-7bcc-4279-b6a3-7163a94e0626/element'
15:50:20.307 [Forwarding findElement on session 14f61660-7bcc-4279-b6a3-7163a94e0626 to remote] DEBUG o.a.netty.request.NettyRequestSender - Using open Channel [id: 0x7c68b8df, L:/127.0.0.1:64390 - R:localhost/127.0.0.1:10889] for POST '/session/14f61660-7bcc-4279-b6a3-7163a94e0626/element'
15:50:20.323 [AsyncHttpClient-3-1] DEBUG o.a.netty.handler.HttpHandler - 

Request DefaultHttpRequest(decodeResult: success, version: HTTP/1.1)
POST /session/14f61660-7bcc-4279-b6a3-7163a94e0626/element HTTP/1.1
User-Agent: selenium/4.0.0-alpha-5 (java windows)
Content-Length: 62
Content-Type: application/json; charset=utf-8
host: localhost:10889
accept: */*

Response DefaultHttpResponse(decodeResult: success, version: HTTP/1.1)
HTTP/1.1 200 OK
content-type: application/json; charset=utf-8
cache-control: no-cache
content-length: 88
date: Thu, 25 Jun 2020 12:50:20 GMT

15:50:20.323 [AsyncHttpClient-3-1] DEBUG o.a.netty.channel.ChannelManager - Adding key: http://localhost:10889 for channel [id: 0x7c68b8df, L:/127.0.0.1:64390 - R:localhost/127.0.0.1:10889]
15:50:20.324 [Forwarding clickElement on session 14f61660-7bcc-4279-b6a3-7163a94e0626 to remote] DEBUG o.a.netty.request.NettyRequestSender - Using pooled Channel '[id: 0x7c68b8df, L:/127.0.0.1:64390 - R:localhost/127.0.0.1:10889]' for 'POST' to 'http://localhost:10889/session/14f61660-7bcc-4279-b6a3-7163a94e0626/element/e7807e2f-87ee-4e45-99d0-469e3b7dd9d4/click'
15:50:20.324 [Forwarding clickElement on session 14f61660-7bcc-4279-b6a3-7163a94e0626 to remote] DEBUG o.a.netty.request.NettyRequestSender - Using open Channel [id: 0x7c68b8df, L:/127.0.0.1:64390 - R:localhost/127.0.0.1:10889] for POST '/session/14f61660-7bcc-4279-b6a3-7163a94e0626/element/e7807e2f-87ee-4e45-99d0-469e3b7dd9d4/click'
15:50:20.533 [AsyncHttpClient-3-1] DEBUG o.a.netty.handler.HttpHandler - 

Request DefaultHttpRequest(decodeResult: success, version: HTTP/1.1)
POST /session/14f61660-7bcc-4279-b6a3-7163a94e0626/element/e7807e2f-87ee-4e45-99d0-469e3b7dd9d4/click HTTP/1.1
User-Agent: selenium/4.0.0-alpha-5 (java windows)
Content-Length: 50
Content-Type: application/json; charset=utf-8
host: localhost:10889
accept: */*

Response DefaultHttpResponse(decodeResult: success, version: HTTP/1.1)
HTTP/1.1 200 OK
content-type: application/json; charset=utf-8
cache-control: no-cache
content-length: 14
date: Thu, 25 Jun 2020 12:50:20 GMT

15:50:20.533 [AsyncHttpClient-3-1] DEBUG o.a.netty.channel.ChannelManager - Adding key: http://localhost:10889 for channel [id: 0x7c68b8df, L:/127.0.0.1:64390 - R:localhost/127.0.0.1:10889]
15:50:20.533 [Forwarding findElement on session 14f61660-7bcc-4279-b6a3-7163a94e0626 to remote] DEBUG o.a.netty.request.NettyRequestSender - Using pooled Channel '[id: 0x7c68b8df, L:/127.0.0.1:64390 - R:localhost/127.0.0.1:10889]' for 'POST' to 'http://localhost:10889/session/14f61660-7bcc-4279-b6a3-7163a94e0626/element'
15:50:20.534 [Forwarding findElement on session 14f61660-7bcc-4279-b6a3-7163a94e0626 to remote] DEBUG o.a.netty.request.NettyRequestSender - Using open Channel [id: 0x7c68b8df, L:/127.0.0.1:64390 - R:localhost/127.0.0.1:10889] for POST '/session/14f61660-7bcc-4279-b6a3-7163a94e0626/element'
15:50:20.538 [AsyncHttpClient-3-1] DEBUG o.a.netty.handler.HttpHandler - 

Request DefaultHttpRequest(decodeResult: success, version: HTTP/1.1)
POST /session/14f61660-7bcc-4279-b6a3-7163a94e0626/element HTTP/1.1
User-Agent: selenium/4.0.0-alpha-5 (java windows)
Content-Length: 62
Content-Type: application/json; charset=utf-8
host: localhost:10889
accept: */*

Response DefaultHttpResponse(decodeResult: success, version: HTTP/1.1)
HTTP/1.1 200 OK
content-type: application/json; charset=utf-8
cache-control: no-cache
content-length: 88
date: Thu, 25 Jun 2020 12:50:20 GMT

15:50:20.538 [AsyncHttpClient-3-1] DEBUG o.a.netty.channel.ChannelManager - Adding key: http://localhost:10889 for channel [id: 0x7c68b8df, L:/127.0.0.1:64390 - R:localhost/127.0.0.1:10889]
15:50:20.540 [Forwarding getElementAttribute on session 14f61660-7bcc-4279-b6a3-7163a94e0626 to remote] DEBUG o.a.netty.request.NettyRequestSender - Using pooled Channel '[id: 0x7c68b8df, L:/127.0.0.1:64390 - R:localhost/127.0.0.1:10889]' for 'POST' to 'http://localhost:10889/session/14f61660-7bcc-4279-b6a3-7163a94e0626/execute/sync'
15:50:20.541 [Forwarding getElementAttribute on session 14f61660-7bcc-4279-b6a3-7163a94e0626 to remote] DEBUG o.a.netty.request.NettyRequestSender - Using open Channel [id: 0x7c68b8df, L:/127.0.0.1:64390 - R:localhost/127.0.0.1:10889] for POST '/session/14f61660-7bcc-4279-b6a3-7163a94e0626/execute/sync'
15:50:20.554 [AsyncHttpClient-3-1] DEBUG o.a.netty.handler.HttpHandler - 

Request DefaultHttpRequest(decodeResult: success, version: HTTP/1.1)
POST /session/14f61660-7bcc-4279-b6a3-7163a94e0626/execute/sync HTTP/1.1
User-Agent: selenium/4.0.0-alpha-5 (java windows)
Content-Length: 39635
Content-Type: application/json; charset=utf-8
host: localhost:10889
accept: */*

Response DefaultHttpResponse(decodeResult: success, version: HTTP/1.1)
HTTP/1.1 200 OK
content-type: application/json; charset=utf-8
cache-control: no-cache
content-length: 22
date: Thu, 25 Jun 2020 12:50:20 GMT

15:50:20.554 [AsyncHttpClient-3-1] DEBUG o.a.netty.channel.ChannelManager - Adding key: http://localhost:10889 for channel [id: 0x7c68b8df, L:/127.0.0.1:64390 - R:localhost/127.0.0.1:10889]
15:50:20.554 [Forwarding findElement on session 14f61660-7bcc-4279-b6a3-7163a94e0626 to remote] DEBUG o.a.netty.request.NettyRequestSender - Using pooled Channel '[id: 0x7c68b8df, L:/127.0.0.1:64390 - R:localhost/127.0.0.1:10889]' for 'POST' to 'http://localhost:10889/session/14f61660-7bcc-4279-b6a3-7163a94e0626/element'
15:50:20.554 [Forwarding findElement on session 14f61660-7bcc-4279-b6a3-7163a94e0626 to remote] DEBUG o.a.netty.request.NettyRequestSender - Using open Channel [id: 0x7c68b8df, L:/127.0.0.1:64390 - R:localhost/127.0.0.1:10889] for POST '/session/14f61660-7bcc-4279-b6a3-7163a94e0626/element'
15:50:20.559 [AsyncHttpClient-3-1] DEBUG o.a.netty.handler.HttpHandler - 

Request DefaultHttpRequest(decodeResult: success, version: HTTP/1.1)
POST /session/14f61660-7bcc-4279-b6a3-7163a94e0626/element HTTP/1.1
User-Agent: selenium/4.0.0-alpha-5 (java windows)
Content-Length: 62
Content-Type: application/json; charset=utf-8
host: localhost:10889
accept: */*

Response DefaultHttpResponse(decodeResult: success, version: HTTP/1.1)
HTTP/1.1 200 OK
content-type: application/json; charset=utf-8
cache-control: no-cache
content-length: 88
date: Thu, 25 Jun 2020 12:50:20 GMT

15:50:20.559 [AsyncHttpClient-3-1] DEBUG o.a.netty.channel.ChannelManager - Adding key: http://localhost:10889 for channel [id: 0x7c68b8df, L:/127.0.0.1:64390 - R:localhost/127.0.0.1:10889]
15:50:20.560 [Forwarding clearElement on session 14f61660-7bcc-4279-b6a3-7163a94e0626 to remote] DEBUG o.a.netty.request.NettyRequestSender - Using pooled Channel '[id: 0x7c68b8df, L:/127.0.0.1:64390 - R:localhost/127.0.0.1:10889]' for 'POST' to 'http://localhost:10889/session/14f61660-7bcc-4279-b6a3-7163a94e0626/element/e7807e2f-87ee-4e45-99d0-469e3b7dd9d4/clear'
15:50:20.560 [Forwarding clearElement on session 14f61660-7bcc-4279-b6a3-7163a94e0626 to remote] DEBUG o.a.netty.request.NettyRequestSender - Using open Channel [id: 0x7c68b8df, L:/127.0.0.1:64390 - R:localhost/127.0.0.1:10889] for POST '/session/14f61660-7bcc-4279-b6a3-7163a94e0626/element/e7807e2f-87ee-4e45-99d0-469e3b7dd9d4/clear'
15:50:20.564 [AsyncHttpClient-3-1] DEBUG o.a.netty.handler.HttpHandler - 

Request DefaultHttpRequest(decodeResult: success, version: HTTP/1.1)
POST /session/14f61660-7bcc-4279-b6a3-7163a94e0626/element/e7807e2f-87ee-4e45-99d0-469e3b7dd9d4/clear HTTP/1.1
User-Agent: selenium/4.0.0-alpha-5 (java windows)
Content-Length: 50
Content-Type: application/json; charset=utf-8
host: localhost:10889
accept: */*

Response DefaultHttpResponse(decodeResult: success, version: HTTP/1.1)
HTTP/1.1 200 OK
content-type: application/json; charset=utf-8
cache-control: no-cache
content-length: 14
date: Thu, 25 Jun 2020 12:50:20 GMT

15:50:20.564 [AsyncHttpClient-3-1] DEBUG o.a.netty.channel.ChannelManager - Adding key: http://localhost:10889 for channel [id: 0x7c68b8df, L:/127.0.0.1:64390 - R:localhost/127.0.0.1:10889]
15:50:20.565 [Forwarding findElement on session 14f61660-7bcc-4279-b6a3-7163a94e0626 to remote] DEBUG o.a.netty.request.NettyRequestSender - Using pooled Channel '[id: 0x7c68b8df, L:/127.0.0.1:64390 - R:localhost/127.0.0.1:10889]' for 'POST' to 'http://localhost:10889/session/14f61660-7bcc-4279-b6a3-7163a94e0626/element'
15:50:20.565 [Forwarding findElement on session 14f61660-7bcc-4279-b6a3-7163a94e0626 to remote] DEBUG o.a.netty.request.NettyRequestSender - Using open Channel [id: 0x7c68b8df, L:/127.0.0.1:64390 - R:localhost/127.0.0.1:10889] for POST '/session/14f61660-7bcc-4279-b6a3-7163a94e0626/element'
15:50:20.568 [AsyncHttpClient-3-1] DEBUG o.a.netty.handler.HttpHandler - 

Request DefaultHttpRequest(decodeResult: success, version: HTTP/1.1)
POST /session/14f61660-7bcc-4279-b6a3-7163a94e0626/element HTTP/1.1
User-Agent: selenium/4.0.0-alpha-5 (java windows)
Content-Length: 62
Content-Type: application/json; charset=utf-8
host: localhost:10889
accept: */*

Response DefaultHttpResponse(decodeResult: success, version: HTTP/1.1)
HTTP/1.1 200 OK
content-type: application/json; charset=utf-8
cache-control: no-cache
content-length: 88
date: Thu, 25 Jun 2020 12:50:20 GMT

15:50:20.569 [AsyncHttpClient-3-1] DEBUG o.a.netty.channel.ChannelManager - Adding key: http://localhost:10889 for channel [id: 0x7c68b8df, L:/127.0.0.1:64390 - R:localhost/127.0.0.1:10889]
15:50:20.569 [Forwarding sendKeysToElement on session 14f61660-7bcc-4279-b6a3-7163a94e0626 to remote] DEBUG o.a.netty.request.NettyRequestSender - Using pooled Channel '[id: 0x7c68b8df, L:/127.0.0.1:64390 - R:localhost/127.0.0.1:10889]' for 'POST' to 'http://localhost:10889/session/14f61660-7bcc-4279-b6a3-7163a94e0626/element/e7807e2f-87ee-4e45-99d0-469e3b7dd9d4/value'
15:50:20.569 [Forwarding sendKeysToElement on session 14f61660-7bcc-4279-b6a3-7163a94e0626 to remote] DEBUG o.a.netty.request.NettyRequestSender - Using open Channel [id: 0x7c68b8df, L:/127.0.0.1:64390 - R:localhost/127.0.0.1:10889] for POST '/session/14f61660-7bcc-4279-b6a3-7163a94e0626/element/e7807e2f-87ee-4e45-99d0-469e3b7dd9d4/value'
15:50:20.585 [AsyncHttpClient-3-1] DEBUG o.a.netty.handler.HttpHandler - 

Request DefaultHttpRequest(decodeResult: success, version: HTTP/1.1)
POST /session/14f61660-7bcc-4279-b6a3-7163a94e0626/element/e7807e2f-87ee-4e45-99d0-469e3b7dd9d4/value HTTP/1.1
User-Agent: selenium/4.0.0-alpha-5 (java windows)
Content-Length: 151
Content-Type: application/json; charset=utf-8
host: localhost:10889
accept: */*

Response DefaultHttpResponse(decodeResult: success, version: HTTP/1.1)
HTTP/1.1 200 OK
content-type: application/json; charset=utf-8
cache-control: no-cache
content-length: 14
date: Thu, 25 Jun 2020 12:50:20 GMT

15:50:20.586 [AsyncHttpClient-3-1] DEBUG o.a.netty.channel.ChannelManager - Adding key: http://localhost:10889 for channel [id: 0x7c68b8df, L:/127.0.0.1:64390 - R:localhost/127.0.0.1:10889]
15:50:20.587 [Forwarding findElement on session 14f61660-7bcc-4279-b6a3-7163a94e0626 to remote] DEBUG o.a.netty.request.NettyRequestSender - Using pooled Channel '[id: 0x7c68b8df, L:/127.0.0.1:64390 - R:localhost/127.0.0.1:10889]' for 'POST' to 'http://localhost:10889/session/14f61660-7bcc-4279-b6a3-7163a94e0626/element'
15:50:20.587 [Forwarding findElement on session 14f61660-7bcc-4279-b6a3-7163a94e0626 to remote] DEBUG o.a.netty.request.NettyRequestSender - Using open Channel [id: 0x7c68b8df, L:/127.0.0.1:64390 - R:localhost/127.0.0.1:10889] for POST '/session/14f61660-7bcc-4279-b6a3-7163a94e0626/element'
15:50:20.599 [AsyncHttpClient-3-1] DEBUG o.a.netty.handler.HttpHandler - 

Request DefaultHttpRequest(decodeResult: success, version: HTTP/1.1)
POST /session/14f61660-7bcc-4279-b6a3-7163a94e0626/element HTTP/1.1
User-Agent: selenium/4.0.0-alpha-5 (java windows)
Content-Length: 61
Content-Type: application/json; charset=utf-8
host: localhost:10889
accept: */*

Response DefaultHttpResponse(decodeResult: success, version: HTTP/1.1)
HTTP/1.1 200 OK
content-type: application/json; charset=utf-8
cache-control: no-cache
content-length: 88
date: Thu, 25 Jun 2020 12:50:20 GMT

15:50:20.599 [AsyncHttpClient-3-1] DEBUG o.a.netty.channel.ChannelManager - Adding key: http://localhost:10889 for channel [id: 0x7c68b8df, L:/127.0.0.1:64390 - R:localhost/127.0.0.1:10889]
15:50:20.600 [Forwarding clickElement on session 14f61660-7bcc-4279-b6a3-7163a94e0626 to remote] DEBUG o.a.netty.request.NettyRequestSender - Using pooled Channel '[id: 0x7c68b8df, L:/127.0.0.1:64390 - R:localhost/127.0.0.1:10889]' for 'POST' to 'http://localhost:10889/session/14f61660-7bcc-4279-b6a3-7163a94e0626/element/74302610-b4a9-47a4-ab77-e819f8a72145/click'
15:50:20.600 [Forwarding clickElement on session 14f61660-7bcc-4279-b6a3-7163a94e0626 to remote] DEBUG o.a.netty.request.NettyRequestSender - Using open Channel [id: 0x7c68b8df, L:/127.0.0.1:64390 - R:localhost/127.0.0.1:10889] for POST '/session/14f61660-7bcc-4279-b6a3-7163a94e0626/element/74302610-b4a9-47a4-ab77-e819f8a72145/click'
15:50:20.811 [AsyncHttpClient-3-1] DEBUG o.a.netty.handler.HttpHandler - 

Request DefaultHttpRequest(decodeResult: success, version: HTTP/1.1)
POST /session/14f61660-7bcc-4279-b6a3-7163a94e0626/element/74302610-b4a9-47a4-ab77-e819f8a72145/click HTTP/1.1
User-Agent: selenium/4.0.0-alpha-5 (java windows)
Content-Length: 50
Content-Type: application/json; charset=utf-8
host: localhost:10889
accept: */*

Response DefaultHttpResponse(decodeResult: success, version: HTTP/1.1)
HTTP/1.1 200 OK
content-type: application/json; charset=utf-8
cache-control: no-cache
content-length: 14
date: Thu, 25 Jun 2020 12:50:20 GMT

15:50:20.811 [AsyncHttpClient-3-1] DEBUG o.a.netty.channel.ChannelManager - Adding key: http://localhost:10889 for channel [id: 0x7c68b8df, L:/127.0.0.1:64390 - R:localhost/127.0.0.1:10889]
15:50:20.811 [Forwarding findElement on session 14f61660-7bcc-4279-b6a3-7163a94e0626 to remote] DEBUG o.a.netty.request.NettyRequestSender - Using pooled Channel '[id: 0x7c68b8df, L:/127.0.0.1:64390 - R:localhost/127.0.0.1:10889]' for 'POST' to 'http://localhost:10889/session/14f61660-7bcc-4279-b6a3-7163a94e0626/element'
15:50:20.811 [Forwarding findElement on session 14f61660-7bcc-4279-b6a3-7163a94e0626 to remote] DEBUG o.a.netty.request.NettyRequestSender - Using open Channel [id: 0x7c68b8df, L:/127.0.0.1:64390 - R:localhost/127.0.0.1:10889] for POST '/session/14f61660-7bcc-4279-b6a3-7163a94e0626/element'
15:50:20.815 [AsyncHttpClient-3-1] DEBUG o.a.netty.handler.HttpHandler - 

Request DefaultHttpRequest(decodeResult: success, version: HTTP/1.1)
POST /session/14f61660-7bcc-4279-b6a3-7163a94e0626/element HTTP/1.1
User-Agent: selenium/4.0.0-alpha-5 (java windows)
Content-Length: 61
Content-Type: application/json; charset=utf-8
host: localhost:10889
accept: */*

Response DefaultHttpResponse(decodeResult: success, version: HTTP/1.1)
HTTP/1.1 200 OK
content-type: application/json; charset=utf-8
cache-control: no-cache
content-length: 88
date: Thu, 25 Jun 2020 12:50:20 GMT

15:50:20.815 [AsyncHttpClient-3-1] DEBUG o.a.netty.channel.ChannelManager - Adding key: http://localhost:10889 for channel [id: 0x7c68b8df, L:/127.0.0.1:64390 - R:localhost/127.0.0.1:10889]
15:50:20.818 [Forwarding getElementAttribute on session 14f61660-7bcc-4279-b6a3-7163a94e0626 to remote] DEBUG o.a.netty.request.NettyRequestSender - Using pooled Channel '[id: 0x7c68b8df, L:/127.0.0.1:64390 - R:localhost/127.0.0.1:10889]' for 'POST' to 'http://localhost:10889/session/14f61660-7bcc-4279-b6a3-7163a94e0626/execute/sync'
15:50:20.818 [Forwarding getElementAttribute on session 14f61660-7bcc-4279-b6a3-7163a94e0626 to remote] DEBUG o.a.netty.request.NettyRequestSender - Using open Channel [id: 0x7c68b8df, L:/127.0.0.1:64390 - R:localhost/127.0.0.1:10889] for POST '/session/14f61660-7bcc-4279-b6a3-7163a94e0626/execute/sync'
15:50:20.831 [AsyncHttpClient-3-1] DEBUG o.a.netty.handler.HttpHandler - 

Request DefaultHttpRequest(decodeResult: success, version: HTTP/1.1)
POST /session/14f61660-7bcc-4279-b6a3-7163a94e0626/execute/sync HTTP/1.1
User-Agent: selenium/4.0.0-alpha-5 (java windows)
Content-Length: 39635
Content-Type: application/json; charset=utf-8
host: localhost:10889
accept: */*

Response DefaultHttpResponse(decodeResult: success, version: HTTP/1.1)
HTTP/1.1 200 OK
content-type: application/json; charset=utf-8
cache-control: no-cache
content-length: 14
date: Thu, 25 Jun 2020 12:50:20 GMT

15:50:20.831 [AsyncHttpClient-3-1] DEBUG o.a.netty.channel.ChannelManager - Adding key: http://localhost:10889 for channel [id: 0x7c68b8df, L:/127.0.0.1:64390 - R:localhost/127.0.0.1:10889]
15:50:20.832 [Forwarding findElement on session 14f61660-7bcc-4279-b6a3-7163a94e0626 to remote] DEBUG o.a.netty.request.NettyRequestSender - Using pooled Channel '[id: 0x7c68b8df, L:/127.0.0.1:64390 - R:localhost/127.0.0.1:10889]' for 'POST' to 'http://localhost:10889/session/14f61660-7bcc-4279-b6a3-7163a94e0626/element'
15:50:20.832 [Forwarding findElement on session 14f61660-7bcc-4279-b6a3-7163a94e0626 to remote] DEBUG o.a.netty.request.NettyRequestSender - Using open Channel [id: 0x7c68b8df, L:/127.0.0.1:64390 - R:localhost/127.0.0.1:10889] for POST '/session/14f61660-7bcc-4279-b6a3-7163a94e0626/element'
15:50:20.836 [AsyncHttpClient-3-1] DEBUG o.a.netty.handler.HttpHandler - 

Request DefaultHttpRequest(decodeResult: success, version: HTTP/1.1)
POST /session/14f61660-7bcc-4279-b6a3-7163a94e0626/element HTTP/1.1
User-Agent: selenium/4.0.0-alpha-5 (java windows)
Content-Length: 61
Content-Type: application/json; charset=utf-8
host: localhost:10889
accept: */*

Response DefaultHttpResponse(decodeResult: success, version: HTTP/1.1)
HTTP/1.1 200 OK
content-type: application/json; charset=utf-8
cache-control: no-cache
content-length: 88
date: Thu, 25 Jun 2020 12:50:20 GMT

15:50:20.836 [AsyncHttpClient-3-1] DEBUG o.a.netty.channel.ChannelManager - Adding key: http://localhost:10889 for channel [id: 0x7c68b8df, L:/127.0.0.1:64390 - R:localhost/127.0.0.1:10889]
15:50:20.836 [Forwarding clearElement on session 14f61660-7bcc-4279-b6a3-7163a94e0626 to remote] DEBUG o.a.netty.request.NettyRequestSender - Using pooled Channel '[id: 0x7c68b8df, L:/127.0.0.1:64390 - R:localhost/127.0.0.1:10889]' for 'POST' to 'http://localhost:10889/session/14f61660-7bcc-4279-b6a3-7163a94e0626/element/74302610-b4a9-47a4-ab77-e819f8a72145/clear'
15:50:20.836 [Forwarding clearElement on session 14f61660-7bcc-4279-b6a3-7163a94e0626 to remote] DEBUG o.a.netty.request.NettyRequestSender - Using open Channel [id: 0x7c68b8df, L:/127.0.0.1:64390 - R:localhost/127.0.0.1:10889] for POST '/session/14f61660-7bcc-4279-b6a3-7163a94e0626/element/74302610-b4a9-47a4-ab77-e819f8a72145/clear'
15:50:20.841 [AsyncHttpClient-3-1] DEBUG o.a.netty.handler.HttpHandler - 

Request DefaultHttpRequest(decodeResult: success, version: HTTP/1.1)
POST /session/14f61660-7bcc-4279-b6a3-7163a94e0626/element/74302610-b4a9-47a4-ab77-e819f8a72145/clear HTTP/1.1
User-Agent: selenium/4.0.0-alpha-5 (java windows)
Content-Length: 50
Content-Type: application/json; charset=utf-8
host: localhost:10889
accept: */*

Response DefaultHttpResponse(decodeResult: success, version: HTTP/1.1)
HTTP/1.1 200 OK
content-type: application/json; charset=utf-8
cache-control: no-cache
content-length: 14
date: Thu, 25 Jun 2020 12:50:20 GMT

15:50:20.841 [AsyncHttpClient-3-1] DEBUG o.a.netty.channel.ChannelManager - Adding key: http://localhost:10889 for channel [id: 0x7c68b8df, L:/127.0.0.1:64390 - R:localhost/127.0.0.1:10889]
15:50:20.842 [Forwarding findElement on session 14f61660-7bcc-4279-b6a3-7163a94e0626 to remote] DEBUG o.a.netty.request.NettyRequestSender - Using pooled Channel '[id: 0x7c68b8df, L:/127.0.0.1:64390 - R:localhost/127.0.0.1:10889]' for 'POST' to 'http://localhost:10889/session/14f61660-7bcc-4279-b6a3-7163a94e0626/element'
15:50:20.842 [Forwarding findElement on session 14f61660-7bcc-4279-b6a3-7163a94e0626 to remote] DEBUG o.a.netty.request.NettyRequestSender - Using open Channel [id: 0x7c68b8df, L:/127.0.0.1:64390 - R:localhost/127.0.0.1:10889] for POST '/session/14f61660-7bcc-4279-b6a3-7163a94e0626/element'
15:50:20.845 [AsyncHttpClient-3-1] DEBUG o.a.netty.handler.HttpHandler - 

Request DefaultHttpRequest(decodeResult: success, version: HTTP/1.1)
POST /session/14f61660-7bcc-4279-b6a3-7163a94e0626/element HTTP/1.1
User-Agent: selenium/4.0.0-alpha-5 (java windows)
Content-Length: 61
Content-Type: application/json; charset=utf-8
host: localhost:10889
accept: */*

Response DefaultHttpResponse(decodeResult: success, version: HTTP/1.1)
HTTP/1.1 200 OK
content-type: application/json; charset=utf-8
cache-control: no-cache
content-length: 88
date: Thu, 25 Jun 2020 12:50:20 GMT

15:50:20.846 [AsyncHttpClient-3-1] DEBUG o.a.netty.channel.ChannelManager - Adding key: http://localhost:10889 for channel [id: 0x7c68b8df, L:/127.0.0.1:64390 - R:localhost/127.0.0.1:10889]
15:50:20.846 [Forwarding sendKeysToElement on session 14f61660-7bcc-4279-b6a3-7163a94e0626 to remote] DEBUG o.a.netty.request.NettyRequestSender - Using pooled Channel '[id: 0x7c68b8df, L:/127.0.0.1:64390 - R:localhost/127.0.0.1:10889]' for 'POST' to 'http://localhost:10889/session/14f61660-7bcc-4279-b6a3-7163a94e0626/element/74302610-b4a9-47a4-ab77-e819f8a72145/value'
15:50:20.846 [Forwarding sendKeysToElement on session 14f61660-7bcc-4279-b6a3-7163a94e0626 to remote] DEBUG o.a.netty.request.NettyRequestSender - Using open Channel [id: 0x7c68b8df, L:/127.0.0.1:64390 - R:localhost/127.0.0.1:10889] for POST '/session/14f61660-7bcc-4279-b6a3-7163a94e0626/element/74302610-b4a9-47a4-ab77-e819f8a72145/value'
15:50:20.860 [AsyncHttpClient-3-1] DEBUG o.a.netty.handler.HttpHandler - 

Request DefaultHttpRequest(decodeResult: success, version: HTTP/1.1)
POST /session/14f61660-7bcc-4279-b6a3-7163a94e0626/element/74302610-b4a9-47a4-ab77-e819f8a72145/value HTTP/1.1
User-Agent: selenium/4.0.0-alpha-5 (java windows)
Content-Length: 191
Content-Type: application/json; charset=utf-8
host: localhost:10889
accept: */*

Response DefaultHttpResponse(decodeResult: success, version: HTTP/1.1)
HTTP/1.1 200 OK
content-type: application/json; charset=utf-8
cache-control: no-cache
content-length: 14
date: Thu, 25 Jun 2020 12:50:20 GMT

15:50:20.860 [AsyncHttpClient-3-1] DEBUG o.a.netty.channel.ChannelManager - Adding key: http://localhost:10889 for channel [id: 0x7c68b8df, L:/127.0.0.1:64390 - R:localhost/127.0.0.1:10889]
15:50:20.860 [Forwarding findElement on session 14f61660-7bcc-4279-b6a3-7163a94e0626 to remote] DEBUG o.a.netty.request.NettyRequestSender - Using pooled Channel '[id: 0x7c68b8df, L:/127.0.0.1:64390 - R:localhost/127.0.0.1:10889]' for 'POST' to 'http://localhost:10889/session/14f61660-7bcc-4279-b6a3-7163a94e0626/element'
15:50:20.860 [Forwarding findElement on session 14f61660-7bcc-4279-b6a3-7163a94e0626 to remote] DEBUG o.a.netty.request.NettyRequestSender - Using open Channel [id: 0x7c68b8df, L:/127.0.0.1:64390 - R:localhost/127.0.0.1:10889] for POST '/session/14f61660-7bcc-4279-b6a3-7163a94e0626/element'
15:50:20.875 [AsyncHttpClient-3-1] DEBUG o.a.netty.handler.HttpHandler - 

Request DefaultHttpRequest(decodeResult: success, version: HTTP/1.1)
POST /session/14f61660-7bcc-4279-b6a3-7163a94e0626/element HTTP/1.1
User-Agent: selenium/4.0.0-alpha-5 (java windows)
Content-Length: 62
Content-Type: application/json; charset=utf-8
host: localhost:10889
accept: */*

Response DefaultHttpResponse(decodeResult: success, version: HTTP/1.1)
HTTP/1.1 200 OK
content-type: application/json; charset=utf-8
cache-control: no-cache
content-length: 88
date: Thu, 25 Jun 2020 12:50:20 GMT

15:50:20.877 [AsyncHttpClient-3-1] DEBUG o.a.netty.channel.ChannelManager - Adding key: http://localhost:10889 for channel [id: 0x7c68b8df, L:/127.0.0.1:64390 - R:localhost/127.0.0.1:10889]
15:50:20.878 [Forwarding clickElement on session 14f61660-7bcc-4279-b6a3-7163a94e0626 to remote] DEBUG o.a.netty.request.NettyRequestSender - Using pooled Channel '[id: 0x7c68b8df, L:/127.0.0.1:64390 - R:localhost/127.0.0.1:10889]' for 'POST' to 'http://localhost:10889/session/14f61660-7bcc-4279-b6a3-7163a94e0626/element/0375118e-0a41-436c-b5f4-26126782b1b9/click'
15:50:20.878 [Forwarding clickElement on session 14f61660-7bcc-4279-b6a3-7163a94e0626 to remote] DEBUG o.a.netty.request.NettyRequestSender - Using open Channel [id: 0x7c68b8df, L:/127.0.0.1:64390 - R:localhost/127.0.0.1:10889] for POST '/session/14f61660-7bcc-4279-b6a3-7163a94e0626/element/0375118e-0a41-436c-b5f4-26126782b1b9/click'
15:50:21.086 [AsyncHttpClient-3-1] DEBUG o.a.netty.handler.HttpHandler - 

Request DefaultHttpRequest(decodeResult: success, version: HTTP/1.1)
POST /session/14f61660-7bcc-4279-b6a3-7163a94e0626/element/0375118e-0a41-436c-b5f4-26126782b1b9/click HTTP/1.1
User-Agent: selenium/4.0.0-alpha-5 (java windows)
Content-Length: 50
Content-Type: application/json; charset=utf-8
host: localhost:10889
accept: */*

Response DefaultHttpResponse(decodeResult: success, version: HTTP/1.1)
HTTP/1.1 200 OK
content-type: application/json; charset=utf-8
cache-control: no-cache
content-length: 14
date: Thu, 25 Jun 2020 12:50:20 GMT

15:50:21.086 [AsyncHttpClient-3-1] DEBUG o.a.netty.channel.ChannelManager - Adding key: http://localhost:10889 for channel [id: 0x7c68b8df, L:/127.0.0.1:64390 - R:localhost/127.0.0.1:10889]
15:50:21.087 [Forwarding findElement on session 14f61660-7bcc-4279-b6a3-7163a94e0626 to remote] DEBUG o.a.netty.request.NettyRequestSender - Using pooled Channel '[id: 0x7c68b8df, L:/127.0.0.1:64390 - R:localhost/127.0.0.1:10889]' for 'POST' to 'http://localhost:10889/session/14f61660-7bcc-4279-b6a3-7163a94e0626/element'
15:50:21.087 [Forwarding findElement on session 14f61660-7bcc-4279-b6a3-7163a94e0626 to remote] DEBUG o.a.netty.request.NettyRequestSender - Using open Channel [id: 0x7c68b8df, L:/127.0.0.1:64390 - R:localhost/127.0.0.1:10889] for POST '/session/14f61660-7bcc-4279-b6a3-7163a94e0626/element'
15:50:21.091 [AsyncHttpClient-3-1] DEBUG o.a.netty.handler.HttpHandler - 

Request DefaultHttpRequest(decodeResult: success, version: HTTP/1.1)
POST /session/14f61660-7bcc-4279-b6a3-7163a94e0626/element HTTP/1.1
User-Agent: selenium/4.0.0-alpha-5 (java windows)
Content-Length: 62
Content-Type: application/json; charset=utf-8
host: localhost:10889
accept: */*

Response DefaultHttpResponse(decodeResult: success, version: HTTP/1.1)
HTTP/1.1 200 OK
content-type: application/json; charset=utf-8
cache-control: no-cache
content-length: 88
date: Thu, 25 Jun 2020 12:50:21 GMT

15:50:21.091 [AsyncHttpClient-3-1] DEBUG o.a.netty.channel.ChannelManager - Adding key: http://localhost:10889 for channel [id: 0x7c68b8df, L:/127.0.0.1:64390 - R:localhost/127.0.0.1:10889]
15:50:21.093 [AsyncHttpClient-timer-1-1] DEBUG o.a.netty.channel.DefaultChannelPool - Entry count for : http://localhost:10889 : 1
15:50:21.097 [Forwarding getElementAttribute on session 14f61660-7bcc-4279-b6a3-7163a94e0626 to remote] DEBUG o.a.netty.request.NettyRequestSender - Using pooled Channel '[id: 0x7c68b8df, L:/127.0.0.1:64390 - R:localhost/127.0.0.1:10889]' for 'POST' to 'http://localhost:10889/session/14f61660-7bcc-4279-b6a3-7163a94e0626/execute/sync'
15:50:21.097 [Forwarding getElementAttribute on session 14f61660-7bcc-4279-b6a3-7163a94e0626 to remote] DEBUG o.a.netty.request.NettyRequestSender - Using open Channel [id: 0x7c68b8df, L:/127.0.0.1:64390 - R:localhost/127.0.0.1:10889] for POST '/session/14f61660-7bcc-4279-b6a3-7163a94e0626/execute/sync'
15:50:21.110 [AsyncHttpClient-3-1] DEBUG o.a.netty.handler.HttpHandler - 

Request DefaultHttpRequest(decodeResult: success, version: HTTP/1.1)
POST /session/14f61660-7bcc-4279-b6a3-7163a94e0626/execute/sync HTTP/1.1
User-Agent: selenium/4.0.0-alpha-5 (java windows)
Content-Length: 39635
Content-Type: application/json; charset=utf-8
host: localhost:10889
accept: */*

Response DefaultHttpResponse(decodeResult: success, version: HTTP/1.1)
HTTP/1.1 200 OK
content-type: application/json; charset=utf-8
cache-control: no-cache
content-length: 22
date: Thu, 25 Jun 2020 12:50:21 GMT

15:50:21.110 [AsyncHttpClient-3-1] DEBUG o.a.netty.channel.ChannelManager - Adding key: http://localhost:10889 for channel [id: 0x7c68b8df, L:/127.0.0.1:64390 - R:localhost/127.0.0.1:10889]
15:50:21.111 [Forwarding findElement on session 14f61660-7bcc-4279-b6a3-7163a94e0626 to remote] DEBUG o.a.netty.request.NettyRequestSender - Using pooled Channel '[id: 0x7c68b8df, L:/127.0.0.1:64390 - R:localhost/127.0.0.1:10889]' for 'POST' to 'http://localhost:10889/session/14f61660-7bcc-4279-b6a3-7163a94e0626/element'
15:50:21.111 [Forwarding findElement on session 14f61660-7bcc-4279-b6a3-7163a94e0626 to remote] DEBUG o.a.netty.request.NettyRequestSender - Using open Channel [id: 0x7c68b8df, L:/127.0.0.1:64390 - R:localhost/127.0.0.1:10889] for POST '/session/14f61660-7bcc-4279-b6a3-7163a94e0626/element'
15:50:21.114 [AsyncHttpClient-3-1] DEBUG o.a.netty.handler.HttpHandler - 

Request DefaultHttpRequest(decodeResult: success, version: HTTP/1.1)
POST /session/14f61660-7bcc-4279-b6a3-7163a94e0626/element HTTP/1.1
User-Agent: selenium/4.0.0-alpha-5 (java windows)
Content-Length: 62
Content-Type: application/json; charset=utf-8
host: localhost:10889
accept: */*

Response DefaultHttpResponse(decodeResult: success, version: HTTP/1.1)
HTTP/1.1 200 OK
content-type: application/json; charset=utf-8
cache-control: no-cache
content-length: 88
date: Thu, 25 Jun 2020 12:50:21 GMT

15:50:21.114 [AsyncHttpClient-3-1] DEBUG o.a.netty.channel.ChannelManager - Adding key: http://localhost:10889 for channel [id: 0x7c68b8df, L:/127.0.0.1:64390 - R:localhost/127.0.0.1:10889]
15:50:21.115 [Forwarding clearElement on session 14f61660-7bcc-4279-b6a3-7163a94e0626 to remote] DEBUG o.a.netty.request.NettyRequestSender - Using pooled Channel '[id: 0x7c68b8df, L:/127.0.0.1:64390 - R:localhost/127.0.0.1:10889]' for 'POST' to 'http://localhost:10889/session/14f61660-7bcc-4279-b6a3-7163a94e0626/element/0375118e-0a41-436c-b5f4-26126782b1b9/clear'
15:50:21.115 [Forwarding clearElement on session 14f61660-7bcc-4279-b6a3-7163a94e0626 to remote] DEBUG o.a.netty.request.NettyRequestSender - Using open Channel [id: 0x7c68b8df, L:/127.0.0.1:64390 - R:localhost/127.0.0.1:10889] for POST '/session/14f61660-7bcc-4279-b6a3-7163a94e0626/element/0375118e-0a41-436c-b5f4-26126782b1b9/clear'
15:50:21.120 [AsyncHttpClient-3-1] DEBUG o.a.netty.handler.HttpHandler - 

Request DefaultHttpRequest(decodeResult: success, version: HTTP/1.1)
POST /session/14f61660-7bcc-4279-b6a3-7163a94e0626/element/0375118e-0a41-436c-b5f4-26126782b1b9/clear HTTP/1.1
User-Agent: selenium/4.0.0-alpha-5 (java windows)
Content-Length: 50
Content-Type: application/json; charset=utf-8
host: localhost:10889
accept: */*

Response DefaultHttpResponse(decodeResult: success, version: HTTP/1.1)
HTTP/1.1 200 OK
content-type: application/json; charset=utf-8
cache-control: no-cache
content-length: 14
date: Thu, 25 Jun 2020 12:50:21 GMT

15:50:21.120 [AsyncHttpClient-3-1] DEBUG o.a.netty.channel.ChannelManager - Adding key: http://localhost:10889 for channel [id: 0x7c68b8df, L:/127.0.0.1:64390 - R:localhost/127.0.0.1:10889]
15:50:21.121 [Forwarding findElement on session 14f61660-7bcc-4279-b6a3-7163a94e0626 to remote] DEBUG o.a.netty.request.NettyRequestSender - Using pooled Channel '[id: 0x7c68b8df, L:/127.0.0.1:64390 - R:localhost/127.0.0.1:10889]' for 'POST' to 'http://localhost:10889/session/14f61660-7bcc-4279-b6a3-7163a94e0626/element'
15:50:21.121 [Forwarding findElement on session 14f61660-7bcc-4279-b6a3-7163a94e0626 to remote] DEBUG o.a.netty.request.NettyRequestSender - Using open Channel [id: 0x7c68b8df, L:/127.0.0.1:64390 - R:localhost/127.0.0.1:10889] for POST '/session/14f61660-7bcc-4279-b6a3-7163a94e0626/element'
15:50:21.130 [AsyncHttpClient-3-1] DEBUG o.a.netty.handler.HttpHandler - 

Request DefaultHttpRequest(decodeResult: success, version: HTTP/1.1)
POST /session/14f61660-7bcc-4279-b6a3-7163a94e0626/element HTTP/1.1
User-Agent: selenium/4.0.0-alpha-5 (java windows)
Content-Length: 62
Content-Type: application/json; charset=utf-8
host: localhost:10889
accept: */*

Response DefaultHttpResponse(decodeResult: success, version: HTTP/1.1)
HTTP/1.1 200 OK
content-type: application/json; charset=utf-8
cache-control: no-cache
content-length: 88
date: Thu, 25 Jun 2020 12:50:21 GMT

15:50:21.130 [AsyncHttpClient-3-1] DEBUG o.a.netty.channel.ChannelManager - Adding key: http://localhost:10889 for channel [id: 0x7c68b8df, L:/127.0.0.1:64390 - R:localhost/127.0.0.1:10889]
15:50:21.131 [Forwarding sendKeysToElement on session 14f61660-7bcc-4279-b6a3-7163a94e0626 to remote] DEBUG o.a.netty.request.NettyRequestSender - Using pooled Channel '[id: 0x7c68b8df, L:/127.0.0.1:64390 - R:localhost/127.0.0.1:10889]' for 'POST' to 'http://localhost:10889/session/14f61660-7bcc-4279-b6a3-7163a94e0626/element/0375118e-0a41-436c-b5f4-26126782b1b9/value'
15:50:21.131 [Forwarding sendKeysToElement on session 14f61660-7bcc-4279-b6a3-7163a94e0626 to remote] DEBUG o.a.netty.request.NettyRequestSender - Using open Channel [id: 0x7c68b8df, L:/127.0.0.1:64390 - R:localhost/127.0.0.1:10889] for POST '/session/14f61660-7bcc-4279-b6a3-7163a94e0626/element/0375118e-0a41-436c-b5f4-26126782b1b9/value'
15:50:21.139 [AsyncHttpClient-3-1] DEBUG o.a.netty.handler.HttpHandler - 

Request DefaultHttpRequest(decodeResult: success, version: HTTP/1.1)
POST /session/14f61660-7bcc-4279-b6a3-7163a94e0626/element/0375118e-0a41-436c-b5f4-26126782b1b9/value HTTP/1.1
User-Agent: selenium/4.0.0-alpha-5 (java windows)
Content-Length: 111
Content-Type: application/json; charset=utf-8
host: localhost:10889
accept: */*

Response DefaultHttpResponse(decodeResult: success, version: HTTP/1.1)
HTTP/1.1 200 OK
content-type: application/json; charset=utf-8
cache-control: no-cache
content-length: 14
date: Thu, 25 Jun 2020 12:50:21 GMT

15:50:21.139 [AsyncHttpClient-3-1] DEBUG o.a.netty.channel.ChannelManager - Adding key: http://localhost:10889 for channel [id: 0x7c68b8df, L:/127.0.0.1:64390 - R:localhost/127.0.0.1:10889]
15:50:21.139 [Forwarding findElement on session 14f61660-7bcc-4279-b6a3-7163a94e0626 to remote] DEBUG o.a.netty.request.NettyRequestSender - Using pooled Channel '[id: 0x7c68b8df, L:/127.0.0.1:64390 - R:localhost/127.0.0.1:10889]' for 'POST' to 'http://localhost:10889/session/14f61660-7bcc-4279-b6a3-7163a94e0626/element'
15:50:21.139 [Forwarding findElement on session 14f61660-7bcc-4279-b6a3-7163a94e0626 to remote] DEBUG o.a.netty.request.NettyRequestSender - Using open Channel [id: 0x7c68b8df, L:/127.0.0.1:64390 - R:localhost/127.0.0.1:10889] for POST '/session/14f61660-7bcc-4279-b6a3-7163a94e0626/element'
15:50:21.150 [AsyncHttpClient-3-1] DEBUG o.a.netty.handler.HttpHandler - 

Request DefaultHttpRequest(decodeResult: success, version: HTTP/1.1)
POST /session/14f61660-7bcc-4279-b6a3-7163a94e0626/element HTTP/1.1
User-Agent: selenium/4.0.0-alpha-5 (java windows)
Content-Length: 59
Content-Type: application/json; charset=utf-8
host: localhost:10889
accept: */*

Response DefaultHttpResponse(decodeResult: success, version: HTTP/1.1)
HTTP/1.1 200 OK
content-type: application/json; charset=utf-8
cache-control: no-cache
content-length: 88
date: Thu, 25 Jun 2020 12:50:21 GMT

15:50:21.151 [AsyncHttpClient-3-1] DEBUG o.a.netty.channel.ChannelManager - Adding key: http://localhost:10889 for channel [id: 0x7c68b8df, L:/127.0.0.1:64390 - R:localhost/127.0.0.1:10889]
15:50:21.151 [Forwarding clickElement on session 14f61660-7bcc-4279-b6a3-7163a94e0626 to remote] DEBUG o.a.netty.request.NettyRequestSender - Using pooled Channel '[id: 0x7c68b8df, L:/127.0.0.1:64390 - R:localhost/127.0.0.1:10889]' for 'POST' to 'http://localhost:10889/session/14f61660-7bcc-4279-b6a3-7163a94e0626/element/66bcc042-5f08-47ad-bdcd-5c86bbade0dd/click'
15:50:21.151 [Forwarding clickElement on session 14f61660-7bcc-4279-b6a3-7163a94e0626 to remote] DEBUG o.a.netty.request.NettyRequestSender - Using open Channel [id: 0x7c68b8df, L:/127.0.0.1:64390 - R:localhost/127.0.0.1:10889] for POST '/session/14f61660-7bcc-4279-b6a3-7163a94e0626/element/66bcc042-5f08-47ad-bdcd-5c86bbade0dd/click'
15:50:21.361 [AsyncHttpClient-3-1] DEBUG o.a.netty.handler.HttpHandler - 

Request DefaultHttpRequest(decodeResult: success, version: HTTP/1.1)
POST /session/14f61660-7bcc-4279-b6a3-7163a94e0626/element/66bcc042-5f08-47ad-bdcd-5c86bbade0dd/click HTTP/1.1
User-Agent: selenium/4.0.0-alpha-5 (java windows)
Content-Length: 50
Content-Type: application/json; charset=utf-8
host: localhost:10889
accept: */*

Response DefaultHttpResponse(decodeResult: success, version: HTTP/1.1)
HTTP/1.1 200 OK
content-type: application/json; charset=utf-8
cache-control: no-cache
content-length: 14
date: Thu, 25 Jun 2020 12:50:21 GMT

15:50:21.361 [AsyncHttpClient-3-1] DEBUG o.a.netty.channel.ChannelManager - Adding key: http://localhost:10889 for channel [id: 0x7c68b8df, L:/127.0.0.1:64390 - R:localhost/127.0.0.1:10889]
15:50:21.361 [Forwarding findElement on session 14f61660-7bcc-4279-b6a3-7163a94e0626 to remote] DEBUG o.a.netty.request.NettyRequestSender - Using pooled Channel '[id: 0x7c68b8df, L:/127.0.0.1:64390 - R:localhost/127.0.0.1:10889]' for 'POST' to 'http://localhost:10889/session/14f61660-7bcc-4279-b6a3-7163a94e0626/element'
15:50:21.361 [Forwarding findElement on session 14f61660-7bcc-4279-b6a3-7163a94e0626 to remote] DEBUG o.a.netty.request.NettyRequestSender - Using open Channel [id: 0x7c68b8df, L:/127.0.0.1:64390 - R:localhost/127.0.0.1:10889] for POST '/session/14f61660-7bcc-4279-b6a3-7163a94e0626/element'
15:50:21.365 [AsyncHttpClient-3-1] DEBUG o.a.netty.handler.HttpHandler - 

Request DefaultHttpRequest(decodeResult: success, version: HTTP/1.1)
POST /session/14f61660-7bcc-4279-b6a3-7163a94e0626/element HTTP/1.1
User-Agent: selenium/4.0.0-alpha-5 (java windows)
Content-Length: 59
Content-Type: application/json; charset=utf-8
host: localhost:10889
accept: */*

Response DefaultHttpResponse(decodeResult: success, version: HTTP/1.1)
HTTP/1.1 200 OK
content-type: application/json; charset=utf-8
cache-control: no-cache
content-length: 88
date: Thu, 25 Jun 2020 12:50:21 GMT

15:50:21.365 [AsyncHttpClient-3-1] DEBUG o.a.netty.channel.ChannelManager - Adding key: http://localhost:10889 for channel [id: 0x7c68b8df, L:/127.0.0.1:64390 - R:localhost/127.0.0.1:10889]
15:50:21.368 [Forwarding getElementAttribute on session 14f61660-7bcc-4279-b6a3-7163a94e0626 to remote] DEBUG o.a.netty.request.NettyRequestSender - Using pooled Channel '[id: 0x7c68b8df, L:/127.0.0.1:64390 - R:localhost/127.0.0.1:10889]' for 'POST' to 'http://localhost:10889/session/14f61660-7bcc-4279-b6a3-7163a94e0626/execute/sync'
15:50:21.368 [Forwarding getElementAttribute on session 14f61660-7bcc-4279-b6a3-7163a94e0626 to remote] DEBUG o.a.netty.request.NettyRequestSender - Using open Channel [id: 0x7c68b8df, L:/127.0.0.1:64390 - R:localhost/127.0.0.1:10889] for POST '/session/14f61660-7bcc-4279-b6a3-7163a94e0626/execute/sync'
15:50:21.380 [AsyncHttpClient-3-1] DEBUG o.a.netty.handler.HttpHandler - 

Request DefaultHttpRequest(decodeResult: success, version: HTTP/1.1)
POST /session/14f61660-7bcc-4279-b6a3-7163a94e0626/execute/sync HTTP/1.1
User-Agent: selenium/4.0.0-alpha-5 (java windows)
Content-Length: 39635
Content-Type: application/json; charset=utf-8
host: localhost:10889
accept: */*

Response DefaultHttpResponse(decodeResult: success, version: HTTP/1.1)
HTTP/1.1 200 OK
content-type: application/json; charset=utf-8
cache-control: no-cache
content-length: 25
date: Thu, 25 Jun 2020 12:50:21 GMT

15:50:21.380 [AsyncHttpClient-3-1] DEBUG o.a.netty.channel.ChannelManager - Adding key: http://localhost:10889 for channel [id: 0x7c68b8df, L:/127.0.0.1:64390 - R:localhost/127.0.0.1:10889]
15:50:21.380 [Forwarding findElement on session 14f61660-7bcc-4279-b6a3-7163a94e0626 to remote] DEBUG o.a.netty.request.NettyRequestSender - Using pooled Channel '[id: 0x7c68b8df, L:/127.0.0.1:64390 - R:localhost/127.0.0.1:10889]' for 'POST' to 'http://localhost:10889/session/14f61660-7bcc-4279-b6a3-7163a94e0626/element'
15:50:21.380 [Forwarding findElement on session 14f61660-7bcc-4279-b6a3-7163a94e0626 to remote] DEBUG o.a.netty.request.NettyRequestSender - Using open Channel [id: 0x7c68b8df, L:/127.0.0.1:64390 - R:localhost/127.0.0.1:10889] for POST '/session/14f61660-7bcc-4279-b6a3-7163a94e0626/element'
15:50:21.384 [AsyncHttpClient-3-1] DEBUG o.a.netty.handler.HttpHandler - 

Request DefaultHttpRequest(decodeResult: success, version: HTTP/1.1)
POST /session/14f61660-7bcc-4279-b6a3-7163a94e0626/element HTTP/1.1
User-Agent: selenium/4.0.0-alpha-5 (java windows)
Content-Length: 59
Content-Type: application/json; charset=utf-8
host: localhost:10889
accept: */*

Response DefaultHttpResponse(decodeResult: success, version: HTTP/1.1)
HTTP/1.1 200 OK
content-type: application/json; charset=utf-8
cache-control: no-cache
content-length: 88
date: Thu, 25 Jun 2020 12:50:21 GMT

15:50:21.384 [AsyncHttpClient-3-1] DEBUG o.a.netty.channel.ChannelManager - Adding key: http://localhost:10889 for channel [id: 0x7c68b8df, L:/127.0.0.1:64390 - R:localhost/127.0.0.1:10889]
15:50:21.384 [Forwarding clearElement on session 14f61660-7bcc-4279-b6a3-7163a94e0626 to remote] DEBUG o.a.netty.request.NettyRequestSender - Using pooled Channel '[id: 0x7c68b8df, L:/127.0.0.1:64390 - R:localhost/127.0.0.1:10889]' for 'POST' to 'http://localhost:10889/session/14f61660-7bcc-4279-b6a3-7163a94e0626/element/66bcc042-5f08-47ad-bdcd-5c86bbade0dd/clear'
15:50:21.384 [Forwarding clearElement on session 14f61660-7bcc-4279-b6a3-7163a94e0626 to remote] DEBUG o.a.netty.request.NettyRequestSender - Using open Channel [id: 0x7c68b8df, L:/127.0.0.1:64390 - R:localhost/127.0.0.1:10889] for POST '/session/14f61660-7bcc-4279-b6a3-7163a94e0626/element/66bcc042-5f08-47ad-bdcd-5c86bbade0dd/clear'
15:50:21.388 [AsyncHttpClient-3-1] DEBUG o.a.netty.handler.HttpHandler - 

Request DefaultHttpRequest(decodeResult: success, version: HTTP/1.1)
POST /session/14f61660-7bcc-4279-b6a3-7163a94e0626/element/66bcc042-5f08-47ad-bdcd-5c86bbade0dd/clear HTTP/1.1
User-Agent: selenium/4.0.0-alpha-5 (java windows)
Content-Length: 50
Content-Type: application/json; charset=utf-8
host: localhost:10889
accept: */*

Response DefaultHttpResponse(decodeResult: success, version: HTTP/1.1)
HTTP/1.1 200 OK
content-type: application/json; charset=utf-8
cache-control: no-cache
content-length: 14
date: Thu, 25 Jun 2020 12:50:21 GMT

15:50:21.388 [AsyncHttpClient-3-1] DEBUG o.a.netty.channel.ChannelManager - Adding key: http://localhost:10889 for channel [id: 0x7c68b8df, L:/127.0.0.1:64390 - R:localhost/127.0.0.1:10889]
15:50:21.389 [Forwarding findElement on session 14f61660-7bcc-4279-b6a3-7163a94e0626 to remote] DEBUG o.a.netty.request.NettyRequestSender - Using pooled Channel '[id: 0x7c68b8df, L:/127.0.0.1:64390 - R:localhost/127.0.0.1:10889]' for 'POST' to 'http://localhost:10889/session/14f61660-7bcc-4279-b6a3-7163a94e0626/element'
15:50:21.389 [Forwarding findElement on session 14f61660-7bcc-4279-b6a3-7163a94e0626 to remote] DEBUG o.a.netty.request.NettyRequestSender - Using open Channel [id: 0x7c68b8df, L:/127.0.0.1:64390 - R:localhost/127.0.0.1:10889] for POST '/session/14f61660-7bcc-4279-b6a3-7163a94e0626/element'
15:50:21.393 [AsyncHttpClient-3-1] DEBUG o.a.netty.handler.HttpHandler - 

Request DefaultHttpRequest(decodeResult: success, version: HTTP/1.1)
POST /session/14f61660-7bcc-4279-b6a3-7163a94e0626/element HTTP/1.1
User-Agent: selenium/4.0.0-alpha-5 (java windows)
Content-Length: 59
Content-Type: application/json; charset=utf-8
host: localhost:10889
accept: */*

Response DefaultHttpResponse(decodeResult: success, version: HTTP/1.1)
HTTP/1.1 200 OK
content-type: application/json; charset=utf-8
cache-control: no-cache
content-length: 88
date: Thu, 25 Jun 2020 12:50:21 GMT

15:50:21.393 [AsyncHttpClient-3-1] DEBUG o.a.netty.channel.ChannelManager - Adding key: http://localhost:10889 for channel [id: 0x7c68b8df, L:/127.0.0.1:64390 - R:localhost/127.0.0.1:10889]
15:50:21.393 [Forwarding sendKeysToElement on session 14f61660-7bcc-4279-b6a3-7163a94e0626 to remote] DEBUG o.a.netty.request.NettyRequestSender - Using pooled Channel '[id: 0x7c68b8df, L:/127.0.0.1:64390 - R:localhost/127.0.0.1:10889]' for 'POST' to 'http://localhost:10889/session/14f61660-7bcc-4279-b6a3-7163a94e0626/element/66bcc042-5f08-47ad-bdcd-5c86bbade0dd/value'
15:50:21.393 [Forwarding sendKeysToElement on session 14f61660-7bcc-4279-b6a3-7163a94e0626 to remote] DEBUG o.a.netty.request.NettyRequestSender - Using open Channel [id: 0x7c68b8df, L:/127.0.0.1:64390 - R:localhost/127.0.0.1:10889] for POST '/session/14f61660-7bcc-4279-b6a3-7163a94e0626/element/66bcc042-5f08-47ad-bdcd-5c86bbade0dd/value'
15:50:21.405 [AsyncHttpClient-3-1] DEBUG o.a.netty.handler.HttpHandler - 

Request DefaultHttpRequest(decodeResult: success, version: HTTP/1.1)
POST /session/14f61660-7bcc-4279-b6a3-7163a94e0626/element/66bcc042-5f08-47ad-bdcd-5c86bbade0dd/value HTTP/1.1
User-Agent: selenium/4.0.0-alpha-5 (java windows)
Content-Length: 241
Content-Type: application/json; charset=utf-8
host: localhost:10889
accept: */*

Response DefaultHttpResponse(decodeResult: success, version: HTTP/1.1)
HTTP/1.1 200 OK
content-type: application/json; charset=utf-8
cache-control: no-cache
content-length: 14
date: Thu, 25 Jun 2020 12:50:21 GMT

15:50:21.405 [AsyncHttpClient-3-1] DEBUG o.a.netty.channel.ChannelManager - Adding key: http://localhost:10889 for channel [id: 0x7c68b8df, L:/127.0.0.1:64390 - R:localhost/127.0.0.1:10889]
15:50:21.406 [Forwarding findElement on session 14f61660-7bcc-4279-b6a3-7163a94e0626 to remote] DEBUG o.a.netty.request.NettyRequestSender - Using pooled Channel '[id: 0x7c68b8df, L:/127.0.0.1:64390 - R:localhost/127.0.0.1:10889]' for 'POST' to 'http://localhost:10889/session/14f61660-7bcc-4279-b6a3-7163a94e0626/element'
15:50:21.406 [Forwarding findElement on session 14f61660-7bcc-4279-b6a3-7163a94e0626 to remote] DEBUG o.a.netty.request.NettyRequestSender - Using open Channel [id: 0x7c68b8df, L:/127.0.0.1:64390 - R:localhost/127.0.0.1:10889] for POST '/session/14f61660-7bcc-4279-b6a3-7163a94e0626/element'
15:50:21.415 [AsyncHttpClient-3-1] DEBUG o.a.netty.handler.HttpHandler - 

Request DefaultHttpRequest(decodeResult: success, version: HTTP/1.1)
POST /session/14f61660-7bcc-4279-b6a3-7163a94e0626/element HTTP/1.1
User-Agent: selenium/4.0.0-alpha-5 (java windows)
Content-Length: 60
Content-Type: application/json; charset=utf-8
host: localhost:10889
accept: */*

Response DefaultHttpResponse(decodeResult: success, version: HTTP/1.1)
HTTP/1.1 200 OK
content-type: application/json; charset=utf-8
cache-control: no-cache
content-length: 88
date: Thu, 25 Jun 2020 12:50:21 GMT

15:50:21.415 [AsyncHttpClient-3-1] DEBUG o.a.netty.channel.ChannelManager - Adding key: http://localhost:10889 for channel [id: 0x7c68b8df, L:/127.0.0.1:64390 - R:localhost/127.0.0.1:10889]
15:50:21.416 [Forwarding clickElement on session 14f61660-7bcc-4279-b6a3-7163a94e0626 to remote] DEBUG o.a.netty.request.NettyRequestSender - Using pooled Channel '[id: 0x7c68b8df, L:/127.0.0.1:64390 - R:localhost/127.0.0.1:10889]' for 'POST' to 'http://localhost:10889/session/14f61660-7bcc-4279-b6a3-7163a94e0626/element/5181327c-3bf8-47fa-ad6f-f0ab787f2828/click'
15:50:21.416 [Forwarding clickElement on session 14f61660-7bcc-4279-b6a3-7163a94e0626 to remote] DEBUG o.a.netty.request.NettyRequestSender - Using open Channel [id: 0x7c68b8df, L:/127.0.0.1:64390 - R:localhost/127.0.0.1:10889] for POST '/session/14f61660-7bcc-4279-b6a3-7163a94e0626/element/5181327c-3bf8-47fa-ad6f-f0ab787f2828/click'
15:50:21.626 [AsyncHttpClient-3-1] DEBUG o.a.netty.handler.HttpHandler - 

Request DefaultHttpRequest(decodeResult: success, version: HTTP/1.1)
POST /session/14f61660-7bcc-4279-b6a3-7163a94e0626/element/5181327c-3bf8-47fa-ad6f-f0ab787f2828/click HTTP/1.1
User-Agent: selenium/4.0.0-alpha-5 (java windows)
Content-Length: 50
Content-Type: application/json; charset=utf-8
host: localhost:10889
accept: */*

Response DefaultHttpResponse(decodeResult: success, version: HTTP/1.1)
HTTP/1.1 200 OK
content-type: application/json; charset=utf-8
cache-control: no-cache
content-length: 14
date: Thu, 25 Jun 2020 12:50:21 GMT

15:50:21.626 [AsyncHttpClient-3-1] DEBUG o.a.netty.channel.ChannelManager - Adding key: http://localhost:10889 for channel [id: 0x7c68b8df, L:/127.0.0.1:64390 - R:localhost/127.0.0.1:10889]
15:50:21.626 [Forwarding findElement on session 14f61660-7bcc-4279-b6a3-7163a94e0626 to remote] DEBUG o.a.netty.request.NettyRequestSender - Using pooled Channel '[id: 0x7c68b8df, L:/127.0.0.1:64390 - R:localhost/127.0.0.1:10889]' for 'POST' to 'http://localhost:10889/session/14f61660-7bcc-4279-b6a3-7163a94e0626/element'
15:50:21.626 [Forwarding findElement on session 14f61660-7bcc-4279-b6a3-7163a94e0626 to remote] DEBUG o.a.netty.request.NettyRequestSender - Using open Channel [id: 0x7c68b8df, L:/127.0.0.1:64390 - R:localhost/127.0.0.1:10889] for POST '/session/14f61660-7bcc-4279-b6a3-7163a94e0626/element'
15:50:21.631 [AsyncHttpClient-3-1] DEBUG o.a.netty.handler.HttpHandler - 

Request DefaultHttpRequest(decodeResult: success, version: HTTP/1.1)
POST /session/14f61660-7bcc-4279-b6a3-7163a94e0626/element HTTP/1.1
User-Agent: selenium/4.0.0-alpha-5 (java windows)
Content-Length: 60
Content-Type: application/json; charset=utf-8
host: localhost:10889
accept: */*

Response DefaultHttpResponse(decodeResult: success, version: HTTP/1.1)
HTTP/1.1 200 OK
content-type: application/json; charset=utf-8
cache-control: no-cache
content-length: 88
date: Thu, 25 Jun 2020 12:50:21 GMT

15:50:21.631 [AsyncHttpClient-3-1] DEBUG o.a.netty.channel.ChannelManager - Adding key: http://localhost:10889 for channel [id: 0x7c68b8df, L:/127.0.0.1:64390 - R:localhost/127.0.0.1:10889]
15:50:21.632 [Forwarding clickElement on session 14f61660-7bcc-4279-b6a3-7163a94e0626 to remote] DEBUG o.a.netty.request.NettyRequestSender - Using pooled Channel '[id: 0x7c68b8df, L:/127.0.0.1:64390 - R:localhost/127.0.0.1:10889]' for 'POST' to 'http://localhost:10889/session/14f61660-7bcc-4279-b6a3-7163a94e0626/element/7de0b39f-a743-4096-862b-b2e6ce2a6a7d/click'
15:50:21.632 [Forwarding clickElement on session 14f61660-7bcc-4279-b6a3-7163a94e0626 to remote] DEBUG o.a.netty.request.NettyRequestSender - Using open Channel [id: 0x7c68b8df, L:/127.0.0.1:64390 - R:localhost/127.0.0.1:10889] for POST '/session/14f61660-7bcc-4279-b6a3-7163a94e0626/element/7de0b39f-a743-4096-862b-b2e6ce2a6a7d/click'
15:50:21.844 [AsyncHttpClient-3-1] DEBUG o.a.netty.handler.HttpHandler - 

Request DefaultHttpRequest(decodeResult: success, version: HTTP/1.1)
POST /session/14f61660-7bcc-4279-b6a3-7163a94e0626/element/7de0b39f-a743-4096-862b-b2e6ce2a6a7d/click HTTP/1.1
User-Agent: selenium/4.0.0-alpha-5 (java windows)
Content-Length: 50
Content-Type: application/json; charset=utf-8
host: localhost:10889
accept: */*

Response DefaultHttpResponse(decodeResult: success, version: HTTP/1.1)
HTTP/1.1 200 OK
content-type: application/json; charset=utf-8
cache-control: no-cache
content-length: 14
date: Thu, 25 Jun 2020 12:50:21 GMT

15:50:21.844 [AsyncHttpClient-3-1] DEBUG o.a.netty.channel.ChannelManager - Adding key: http://localhost:10889 for channel [id: 0x7c68b8df, L:/127.0.0.1:64390 - R:localhost/127.0.0.1:10889]
15:50:21.844 [Forwarding findElement on session 14f61660-7bcc-4279-b6a3-7163a94e0626 to remote] DEBUG o.a.netty.request.NettyRequestSender - Using pooled Channel '[id: 0x7c68b8df, L:/127.0.0.1:64390 - R:localhost/127.0.0.1:10889]' for 'POST' to 'http://localhost:10889/session/14f61660-7bcc-4279-b6a3-7163a94e0626/element'
15:50:21.844 [Forwarding findElement on session 14f61660-7bcc-4279-b6a3-7163a94e0626 to remote] DEBUG o.a.netty.request.NettyRequestSender - Using open Channel [id: 0x7c68b8df, L:/127.0.0.1:64390 - R:localhost/127.0.0.1:10889] for POST '/session/14f61660-7bcc-4279-b6a3-7163a94e0626/element'
15:50:21.848 [AsyncHttpClient-3-1] DEBUG o.a.netty.handler.HttpHandler - 

Request DefaultHttpRequest(decodeResult: success, version: HTTP/1.1)
POST /session/14f61660-7bcc-4279-b6a3-7163a94e0626/element HTTP/1.1
User-Agent: selenium/4.0.0-alpha-5 (java windows)
Content-Length: 60
Content-Type: application/json; charset=utf-8
host: localhost:10889
accept: */*

Response DefaultHttpResponse(decodeResult: success, version: HTTP/1.1)
HTTP/1.1 200 OK
content-type: application/json; charset=utf-8
cache-control: no-cache
content-length: 88
date: Thu, 25 Jun 2020 12:50:21 GMT

15:50:21.848 [AsyncHttpClient-3-1] DEBUG o.a.netty.channel.ChannelManager - Adding key: http://localhost:10889 for channel [id: 0x7c68b8df, L:/127.0.0.1:64390 - R:localhost/127.0.0.1:10889]
15:50:21.849 [Forwarding clickElement on session 14f61660-7bcc-4279-b6a3-7163a94e0626 to remote] DEBUG o.a.netty.request.NettyRequestSender - Using pooled Channel '[id: 0x7c68b8df, L:/127.0.0.1:64390 - R:localhost/127.0.0.1:10889]' for 'POST' to 'http://localhost:10889/session/14f61660-7bcc-4279-b6a3-7163a94e0626/element/9025196d-a45e-42a6-bd25-1d105e22195a/click'
15:50:21.849 [Forwarding clickElement on session 14f61660-7bcc-4279-b6a3-7163a94e0626 to remote] DEBUG o.a.netty.request.NettyRequestSender - Using open Channel [id: 0x7c68b8df, L:/127.0.0.1:64390 - R:localhost/127.0.0.1:10889] for POST '/session/14f61660-7bcc-4279-b6a3-7163a94e0626/element/9025196d-a45e-42a6-bd25-1d105e22195a/click'
15:50:22.060 [AsyncHttpClient-3-1] DEBUG o.a.netty.handler.HttpHandler - 

Request DefaultHttpRequest(decodeResult: success, version: HTTP/1.1)
POST /session/14f61660-7bcc-4279-b6a3-7163a94e0626/element/9025196d-a45e-42a6-bd25-1d105e22195a/click HTTP/1.1
User-Agent: selenium/4.0.0-alpha-5 (java windows)
Content-Length: 50
Content-Type: application/json; charset=utf-8
host: localhost:10889
accept: */*

Response DefaultHttpResponse(decodeResult: success, version: HTTP/1.1)
HTTP/1.1 200 OK
content-type: application/json; charset=utf-8
cache-control: no-cache
content-length: 14
date: Thu, 25 Jun 2020 12:50:21 GMT

15:50:22.060 [AsyncHttpClient-3-1] DEBUG o.a.netty.channel.ChannelManager - Adding key: http://localhost:10889 for channel [id: 0x7c68b8df, L:/127.0.0.1:64390 - R:localhost/127.0.0.1:10889]
15:50:22.060 [Forwarding findElement on session 14f61660-7bcc-4279-b6a3-7163a94e0626 to remote] DEBUG o.a.netty.request.NettyRequestSender - Using pooled Channel '[id: 0x7c68b8df, L:/127.0.0.1:64390 - R:localhost/127.0.0.1:10889]' for 'POST' to 'http://localhost:10889/session/14f61660-7bcc-4279-b6a3-7163a94e0626/element'
15:50:22.060 [Forwarding findElement on session 14f61660-7bcc-4279-b6a3-7163a94e0626 to remote] DEBUG o.a.netty.request.NettyRequestSender - Using open Channel [id: 0x7c68b8df, L:/127.0.0.1:64390 - R:localhost/127.0.0.1:10889] for POST '/session/14f61660-7bcc-4279-b6a3-7163a94e0626/element'
15:50:22.064 [AsyncHttpClient-3-1] DEBUG o.a.netty.handler.HttpHandler - 

Request DefaultHttpRequest(decodeResult: success, version: HTTP/1.1)
POST /session/14f61660-7bcc-4279-b6a3-7163a94e0626/element HTTP/1.1
User-Agent: selenium/4.0.0-alpha-5 (java windows)
Content-Length: 60
Content-Type: application/json; charset=utf-8
host: localhost:10889
accept: */*

Response DefaultHttpResponse(decodeResult: success, version: HTTP/1.1)
HTTP/1.1 200 OK
content-type: application/json; charset=utf-8
cache-control: no-cache
content-length: 88
date: Thu, 25 Jun 2020 12:50:22 GMT

15:50:22.064 [AsyncHttpClient-3-1] DEBUG o.a.netty.channel.ChannelManager - Adding key: http://localhost:10889 for channel [id: 0x7c68b8df, L:/127.0.0.1:64390 - R:localhost/127.0.0.1:10889]
15:50:22.067 [Forwarding getElementAttribute on session 14f61660-7bcc-4279-b6a3-7163a94e0626 to remote] DEBUG o.a.netty.request.NettyRequestSender - Using pooled Channel '[id: 0x7c68b8df, L:/127.0.0.1:64390 - R:localhost/127.0.0.1:10889]' for 'POST' to 'http://localhost:10889/session/14f61660-7bcc-4279-b6a3-7163a94e0626/execute/sync'
15:50:22.067 [Forwarding getElementAttribute on session 14f61660-7bcc-4279-b6a3-7163a94e0626 to remote] DEBUG o.a.netty.request.NettyRequestSender - Using open Channel [id: 0x7c68b8df, L:/127.0.0.1:64390 - R:localhost/127.0.0.1:10889] for POST '/session/14f61660-7bcc-4279-b6a3-7163a94e0626/execute/sync'
15:50:22.079 [AsyncHttpClient-3-1] DEBUG o.a.netty.handler.HttpHandler - 

Request DefaultHttpRequest(decodeResult: success, version: HTTP/1.1)
POST /session/14f61660-7bcc-4279-b6a3-7163a94e0626/execute/sync HTTP/1.1
User-Agent: selenium/4.0.0-alpha-5 (java windows)
Content-Length: 39635
Content-Type: application/json; charset=utf-8
host: localhost:10889
accept: */*

Response DefaultHttpResponse(decodeResult: success, version: HTTP/1.1)
HTTP/1.1 200 OK
content-type: application/json; charset=utf-8
cache-control: no-cache
content-length: 22
date: Thu, 25 Jun 2020 12:50:22 GMT

15:50:22.079 [AsyncHttpClient-3-1] DEBUG o.a.netty.channel.ChannelManager - Adding key: http://localhost:10889 for channel [id: 0x7c68b8df, L:/127.0.0.1:64390 - R:localhost/127.0.0.1:10889]
15:50:22.080 [Forwarding findElement on session 14f61660-7bcc-4279-b6a3-7163a94e0626 to remote] DEBUG o.a.netty.request.NettyRequestSender - Using pooled Channel '[id: 0x7c68b8df, L:/127.0.0.1:64390 - R:localhost/127.0.0.1:10889]' for 'POST' to 'http://localhost:10889/session/14f61660-7bcc-4279-b6a3-7163a94e0626/element'
15:50:22.080 [Forwarding findElement on session 14f61660-7bcc-4279-b6a3-7163a94e0626 to remote] DEBUG o.a.netty.request.NettyRequestSender - Using open Channel [id: 0x7c68b8df, L:/127.0.0.1:64390 - R:localhost/127.0.0.1:10889] for POST '/session/14f61660-7bcc-4279-b6a3-7163a94e0626/element'
15:50:22.083 [AsyncHttpClient-3-1] DEBUG o.a.netty.handler.HttpHandler - 

Request DefaultHttpRequest(decodeResult: success, version: HTTP/1.1)
POST /session/14f61660-7bcc-4279-b6a3-7163a94e0626/element HTTP/1.1
User-Agent: selenium/4.0.0-alpha-5 (java windows)
Content-Length: 60
Content-Type: application/json; charset=utf-8
host: localhost:10889
accept: */*

Response DefaultHttpResponse(decodeResult: success, version: HTTP/1.1)
HTTP/1.1 200 OK
content-type: application/json; charset=utf-8
cache-control: no-cache
content-length: 88
date: Thu, 25 Jun 2020 12:50:22 GMT

15:50:22.083 [AsyncHttpClient-3-1] DEBUG o.a.netty.channel.ChannelManager - Adding key: http://localhost:10889 for channel [id: 0x7c68b8df, L:/127.0.0.1:64390 - R:localhost/127.0.0.1:10889]
15:50:22.084 [Forwarding clearElement on session 14f61660-7bcc-4279-b6a3-7163a94e0626 to remote] DEBUG o.a.netty.request.NettyRequestSender - Using pooled Channel '[id: 0x7c68b8df, L:/127.0.0.1:64390 - R:localhost/127.0.0.1:10889]' for 'POST' to 'http://localhost:10889/session/14f61660-7bcc-4279-b6a3-7163a94e0626/element/9025196d-a45e-42a6-bd25-1d105e22195a/clear'
15:50:22.084 [Forwarding clearElement on session 14f61660-7bcc-4279-b6a3-7163a94e0626 to remote] DEBUG o.a.netty.request.NettyRequestSender - Using open Channel [id: 0x7c68b8df, L:/127.0.0.1:64390 - R:localhost/127.0.0.1:10889] for POST '/session/14f61660-7bcc-4279-b6a3-7163a94e0626/element/9025196d-a45e-42a6-bd25-1d105e22195a/clear'
15:50:22.088 [AsyncHttpClient-3-1] DEBUG o.a.netty.handler.HttpHandler - 

Request DefaultHttpRequest(decodeResult: success, version: HTTP/1.1)
POST /session/14f61660-7bcc-4279-b6a3-7163a94e0626/element/9025196d-a45e-42a6-bd25-1d105e22195a/clear HTTP/1.1
User-Agent: selenium/4.0.0-alpha-5 (java windows)
Content-Length: 50
Content-Type: application/json; charset=utf-8
host: localhost:10889
accept: */*

Response DefaultHttpResponse(decodeResult: success, version: HTTP/1.1)
HTTP/1.1 200 OK
content-type: application/json; charset=utf-8
cache-control: no-cache
content-length: 14
date: Thu, 25 Jun 2020 12:50:22 GMT

15:50:22.088 [AsyncHttpClient-3-1] DEBUG o.a.netty.channel.ChannelManager - Adding key: http://localhost:10889 for channel [id: 0x7c68b8df, L:/127.0.0.1:64390 - R:localhost/127.0.0.1:10889]
15:50:22.089 [Forwarding findElement on session 14f61660-7bcc-4279-b6a3-7163a94e0626 to remote] DEBUG o.a.netty.request.NettyRequestSender - Using pooled Channel '[id: 0x7c68b8df, L:/127.0.0.1:64390 - R:localhost/127.0.0.1:10889]' for 'POST' to 'http://localhost:10889/session/14f61660-7bcc-4279-b6a3-7163a94e0626/element'
15:50:22.089 [Forwarding findElement on session 14f61660-7bcc-4279-b6a3-7163a94e0626 to remote] DEBUG o.a.netty.request.NettyRequestSender - Using open Channel [id: 0x7c68b8df, L:/127.0.0.1:64390 - R:localhost/127.0.0.1:10889] for POST '/session/14f61660-7bcc-4279-b6a3-7163a94e0626/element'
15:50:22.099 [AsyncHttpClient-3-1] DEBUG o.a.netty.handler.HttpHandler - 

Request DefaultHttpRequest(decodeResult: success, version: HTTP/1.1)
POST /session/14f61660-7bcc-4279-b6a3-7163a94e0626/element HTTP/1.1
User-Agent: selenium/4.0.0-alpha-5 (java windows)
Content-Length: 60
Content-Type: application/json; charset=utf-8
host: localhost:10889
accept: */*

Response DefaultHttpResponse(decodeResult: success, version: HTTP/1.1)
HTTP/1.1 200 OK
content-type: application/json; charset=utf-8
cache-control: no-cache
content-length: 88
date: Thu, 25 Jun 2020 12:50:22 GMT

15:50:22.099 [AsyncHttpClient-3-1] DEBUG o.a.netty.channel.ChannelManager - Adding key: http://localhost:10889 for channel [id: 0x7c68b8df, L:/127.0.0.1:64390 - R:localhost/127.0.0.1:10889]
15:50:22.100 [Forwarding sendKeysToElement on session 14f61660-7bcc-4279-b6a3-7163a94e0626 to remote] DEBUG o.a.netty.request.NettyRequestSender - Using pooled Channel '[id: 0x7c68b8df, L:/127.0.0.1:64390 - R:localhost/127.0.0.1:10889]' for 'POST' to 'http://localhost:10889/session/14f61660-7bcc-4279-b6a3-7163a94e0626/element/9025196d-a45e-42a6-bd25-1d105e22195a/value'
15:50:22.100 [Forwarding sendKeysToElement on session 14f61660-7bcc-4279-b6a3-7163a94e0626 to remote] DEBUG o.a.netty.request.NettyRequestSender - Using open Channel [id: 0x7c68b8df, L:/127.0.0.1:64390 - R:localhost/127.0.0.1:10889] for POST '/session/14f61660-7bcc-4279-b6a3-7163a94e0626/element/9025196d-a45e-42a6-bd25-1d105e22195a/value'
15:50:22.109 [AsyncHttpClient-3-1] DEBUG o.a.netty.handler.HttpHandler - 

Request DefaultHttpRequest(decodeResult: success, version: HTTP/1.1)
POST /session/14f61660-7bcc-4279-b6a3-7163a94e0626/element/9025196d-a45e-42a6-bd25-1d105e22195a/value HTTP/1.1
User-Agent: selenium/4.0.0-alpha-5 (java windows)
Content-Length: 151
Content-Type: application/json; charset=utf-8
host: localhost:10889
accept: */*

Response DefaultHttpResponse(decodeResult: success, version: HTTP/1.1)
HTTP/1.1 200 OK
content-type: application/json; charset=utf-8
cache-control: no-cache
content-length: 14
date: Thu, 25 Jun 2020 12:50:22 GMT

15:50:22.109 [AsyncHttpClient-3-1] DEBUG o.a.netty.channel.ChannelManager - Adding key: http://localhost:10889 for channel [id: 0x7c68b8df, L:/127.0.0.1:64390 - R:localhost/127.0.0.1:10889]
15:50:22.110 [Forwarding findElement on session 14f61660-7bcc-4279-b6a3-7163a94e0626 to remote] DEBUG o.a.netty.request.NettyRequestSender - Using pooled Channel '[id: 0x7c68b8df, L:/127.0.0.1:64390 - R:localhost/127.0.0.1:10889]' for 'POST' to 'http://localhost:10889/session/14f61660-7bcc-4279-b6a3-7163a94e0626/element'
15:50:22.110 [Forwarding findElement on session 14f61660-7bcc-4279-b6a3-7163a94e0626 to remote] DEBUG o.a.netty.request.NettyRequestSender - Using open Channel [id: 0x7c68b8df, L:/127.0.0.1:64390 - R:localhost/127.0.0.1:10889] for POST '/session/14f61660-7bcc-4279-b6a3-7163a94e0626/element'
15:50:22.120 [AsyncHttpClient-3-1] DEBUG o.a.netty.handler.HttpHandler - 

Request DefaultHttpRequest(decodeResult: success, version: HTTP/1.1)
POST /session/14f61660-7bcc-4279-b6a3-7163a94e0626/element HTTP/1.1
User-Agent: selenium/4.0.0-alpha-5 (java windows)
Content-Length: 58
Content-Type: application/json; charset=utf-8
host: localhost:10889
accept: */*

Response DefaultHttpResponse(decodeResult: success, version: HTTP/1.1)
HTTP/1.1 200 OK
content-type: application/json; charset=utf-8
cache-control: no-cache
content-length: 88
date: Thu, 25 Jun 2020 12:50:22 GMT

15:50:22.120 [AsyncHttpClient-3-1] DEBUG o.a.netty.channel.ChannelManager - Adding key: http://localhost:10889 for channel [id: 0x7c68b8df, L:/127.0.0.1:64390 - R:localhost/127.0.0.1:10889]
15:50:22.120 [Forwarding clickElement on session 14f61660-7bcc-4279-b6a3-7163a94e0626 to remote] DEBUG o.a.netty.request.NettyRequestSender - Using pooled Channel '[id: 0x7c68b8df, L:/127.0.0.1:64390 - R:localhost/127.0.0.1:10889]' for 'POST' to 'http://localhost:10889/session/14f61660-7bcc-4279-b6a3-7163a94e0626/element/6b9e687a-2cbe-4244-b62f-6a99da52c732/click'
15:50:22.121 [Forwarding clickElement on session 14f61660-7bcc-4279-b6a3-7163a94e0626 to remote] DEBUG o.a.netty.request.NettyRequestSender - Using open Channel [id: 0x7c68b8df, L:/127.0.0.1:64390 - R:localhost/127.0.0.1:10889] for POST '/session/14f61660-7bcc-4279-b6a3-7163a94e0626/element/6b9e687a-2cbe-4244-b62f-6a99da52c732/click'
15:50:22.329 [AsyncHttpClient-3-1] DEBUG o.a.netty.handler.HttpHandler - 

Request DefaultHttpRequest(decodeResult: success, version: HTTP/1.1)
POST /session/14f61660-7bcc-4279-b6a3-7163a94e0626/element/6b9e687a-2cbe-4244-b62f-6a99da52c732/click HTTP/1.1
User-Agent: selenium/4.0.0-alpha-5 (java windows)
Content-Length: 50
Content-Type: application/json; charset=utf-8
host: localhost:10889
accept: */*

Response DefaultHttpResponse(decodeResult: success, version: HTTP/1.1)
HTTP/1.1 200 OK
content-type: application/json; charset=utf-8
cache-control: no-cache
content-length: 14
date: Thu, 25 Jun 2020 12:50:22 GMT

15:50:22.329 [AsyncHttpClient-3-1] DEBUG o.a.netty.channel.ChannelManager - Adding key: http://localhost:10889 for channel [id: 0x7c68b8df, L:/127.0.0.1:64390 - R:localhost/127.0.0.1:10889]
15:50:22.329 [Forwarding findElement on session 14f61660-7bcc-4279-b6a3-7163a94e0626 to remote] DEBUG o.a.netty.request.NettyRequestSender - Using pooled Channel '[id: 0x7c68b8df, L:/127.0.0.1:64390 - R:localhost/127.0.0.1:10889]' for 'POST' to 'http://localhost:10889/session/14f61660-7bcc-4279-b6a3-7163a94e0626/element'
15:50:22.329 [Forwarding findElement on session 14f61660-7bcc-4279-b6a3-7163a94e0626 to remote] DEBUG o.a.netty.request.NettyRequestSender - Using open Channel [id: 0x7c68b8df, L:/127.0.0.1:64390 - R:localhost/127.0.0.1:10889] for POST '/session/14f61660-7bcc-4279-b6a3-7163a94e0626/element'
15:50:22.333 [AsyncHttpClient-3-1] DEBUG o.a.netty.handler.HttpHandler - 

Request DefaultHttpRequest(decodeResult: success, version: HTTP/1.1)
POST /session/14f61660-7bcc-4279-b6a3-7163a94e0626/element HTTP/1.1
User-Agent: selenium/4.0.0-alpha-5 (java windows)
Content-Length: 58
Content-Type: application/json; charset=utf-8
host: localhost:10889
accept: */*

Response DefaultHttpResponse(decodeResult: success, version: HTTP/1.1)
HTTP/1.1 200 OK
content-type: application/json; charset=utf-8
cache-control: no-cache
content-length: 88
date: Thu, 25 Jun 2020 12:50:22 GMT

15:50:22.333 [AsyncHttpClient-3-1] DEBUG o.a.netty.channel.ChannelManager - Adding key: http://localhost:10889 for channel [id: 0x7c68b8df, L:/127.0.0.1:64390 - R:localhost/127.0.0.1:10889]
15:50:22.334 [Forwarding clickElement on session 14f61660-7bcc-4279-b6a3-7163a94e0626 to remote] DEBUG o.a.netty.request.NettyRequestSender - Using pooled Channel '[id: 0x7c68b8df, L:/127.0.0.1:64390 - R:localhost/127.0.0.1:10889]' for 'POST' to 'http://localhost:10889/session/14f61660-7bcc-4279-b6a3-7163a94e0626/element/9b07d668-f99d-4dea-ada1-7e52eace5409/click'
15:50:22.334 [Forwarding clickElement on session 14f61660-7bcc-4279-b6a3-7163a94e0626 to remote] DEBUG o.a.netty.request.NettyRequestSender - Using open Channel [id: 0x7c68b8df, L:/127.0.0.1:64390 - R:localhost/127.0.0.1:10889] for POST '/session/14f61660-7bcc-4279-b6a3-7163a94e0626/element/9b07d668-f99d-4dea-ada1-7e52eace5409/click'
15:50:22.543 [AsyncHttpClient-3-1] DEBUG o.a.netty.handler.HttpHandler - 

Request DefaultHttpRequest(decodeResult: success, version: HTTP/1.1)
POST /session/14f61660-7bcc-4279-b6a3-7163a94e0626/element/9b07d668-f99d-4dea-ada1-7e52eace5409/click HTTP/1.1
User-Agent: selenium/4.0.0-alpha-5 (java windows)
Content-Length: 50
Content-Type: application/json; charset=utf-8
host: localhost:10889
accept: */*

Response DefaultHttpResponse(decodeResult: success, version: HTTP/1.1)
HTTP/1.1 200 OK
content-type: application/json; charset=utf-8
cache-control: no-cache
content-length: 14
date: Thu, 25 Jun 2020 12:50:22 GMT

15:50:22.543 [AsyncHttpClient-3-1] DEBUG o.a.netty.channel.ChannelManager - Adding key: http://localhost:10889 for channel [id: 0x7c68b8df, L:/127.0.0.1:64390 - R:localhost/127.0.0.1:10889]
15:50:22.543 [Forwarding findElement on session 14f61660-7bcc-4279-b6a3-7163a94e0626 to remote] DEBUG o.a.netty.request.NettyRequestSender - Using pooled Channel '[id: 0x7c68b8df, L:/127.0.0.1:64390 - R:localhost/127.0.0.1:10889]' for 'POST' to 'http://localhost:10889/session/14f61660-7bcc-4279-b6a3-7163a94e0626/element'
15:50:22.543 [Forwarding findElement on session 14f61660-7bcc-4279-b6a3-7163a94e0626 to remote] DEBUG o.a.netty.request.NettyRequestSender - Using open Channel [id: 0x7c68b8df, L:/127.0.0.1:64390 - R:localhost/127.0.0.1:10889] for POST '/session/14f61660-7bcc-4279-b6a3-7163a94e0626/element'
15:50:22.548 [AsyncHttpClient-3-1] DEBUG o.a.netty.handler.HttpHandler - 

Request DefaultHttpRequest(decodeResult: success, version: HTTP/1.1)
POST /session/14f61660-7bcc-4279-b6a3-7163a94e0626/element HTTP/1.1
User-Agent: selenium/4.0.0-alpha-5 (java windows)
Content-Length: 63
Content-Type: application/json; charset=utf-8
host: localhost:10889
accept: */*

Response DefaultHttpResponse(decodeResult: success, version: HTTP/1.1)
HTTP/1.1 404 Not Found
content-type: application/json; charset=utf-8
cache-control: no-cache
content-length: 297
date: Thu, 25 Jun 2020 12:50:22 GMT

15:50:22.548 [AsyncHttpClient-3-1] DEBUG o.a.netty.channel.ChannelManager - Adding key: http://localhost:10889 for channel [id: 0x7c68b8df, L:/127.0.0.1:64390 - R:localhost/127.0.0.1:10889]
15:50:22.564 [Forwarding findElement on session 14f61660-7bcc-4279-b6a3-7163a94e0626 to remote] DEBUG o.a.netty.request.NettyRequestSender - Using pooled Channel '[id: 0x7c68b8df, L:/127.0.0.1:64390 - R:localhost/127.0.0.1:10889]' for 'POST' to 'http://localhost:10889/session/14f61660-7bcc-4279-b6a3-7163a94e0626/element'
15:50:22.564 [Forwarding findElement on session 14f61660-7bcc-4279-b6a3-7163a94e0626 to remote] DEBUG o.a.netty.request.NettyRequestSender - Using open Channel [id: 0x7c68b8df, L:/127.0.0.1:64390 - R:localhost/127.0.0.1:10889] for POST '/session/14f61660-7bcc-4279-b6a3-7163a94e0626/element'
15:50:22.568 [AsyncHttpClient-3-1] DEBUG o.a.netty.handler.HttpHandler - 

Request DefaultHttpRequest(decodeResult: success, version: HTTP/1.1)
POST /session/14f61660-7bcc-4279-b6a3-7163a94e0626/element HTTP/1.1
User-Agent: selenium/4.0.0-alpha-5 (java windows)
Content-Length: 58
Content-Type: application/json; charset=utf-8
host: localhost:10889
accept: */*

Response DefaultHttpResponse(decodeResult: success, version: HTTP/1.1)
HTTP/1.1 200 OK
content-type: application/json; charset=utf-8
cache-control: no-cache
content-length: 88
date: Thu, 25 Jun 2020 12:50:22 GMT

15:50:22.568 [AsyncHttpClient-3-1] DEBUG o.a.netty.channel.ChannelManager - Adding key: http://localhost:10889 for channel [id: 0x7c68b8df, L:/127.0.0.1:64390 - R:localhost/127.0.0.1:10889]
15:50:22.569 [Forwarding clickElement on session 14f61660-7bcc-4279-b6a3-7163a94e0626 to remote] DEBUG o.a.netty.request.NettyRequestSender - Using pooled Channel '[id: 0x7c68b8df, L:/127.0.0.1:64390 - R:localhost/127.0.0.1:10889]' for 'POST' to 'http://localhost:10889/session/14f61660-7bcc-4279-b6a3-7163a94e0626/element/88768fae-ce17-46d5-b4af-b8b79b1e5cf2/click'
15:50:22.569 [Forwarding clickElement on session 14f61660-7bcc-4279-b6a3-7163a94e0626 to remote] DEBUG o.a.netty.request.NettyRequestSender - Using open Channel [id: 0x7c68b8df, L:/127.0.0.1:64390 - R:localhost/127.0.0.1:10889] for POST '/session/14f61660-7bcc-4279-b6a3-7163a94e0626/element/88768fae-ce17-46d5-b4af-b8b79b1e5cf2/click'
15:50:22.686 [AsyncHttpClient-3-1] DEBUG o.a.netty.handler.HttpHandler - 

Request DefaultHttpRequest(decodeResult: success, version: HTTP/1.1)
POST /session/14f61660-7bcc-4279-b6a3-7163a94e0626/element/88768fae-ce17-46d5-b4af-b8b79b1e5cf2/click HTTP/1.1
User-Agent: selenium/4.0.0-alpha-5 (java windows)
Content-Length: 50
Content-Type: application/json; charset=utf-8
host: localhost:10889
accept: */*

Response DefaultHttpResponse(decodeResult: success, version: HTTP/1.1)
HTTP/1.1 200 OK
content-type: application/json; charset=utf-8
cache-control: no-cache
content-length: 14
date: Thu, 25 Jun 2020 12:50:22 GMT

15:50:22.686 [AsyncHttpClient-3-1] DEBUG o.a.netty.channel.ChannelManager - Adding key: http://localhost:10889 for channel [id: 0x7c68b8df, L:/127.0.0.1:64390 - R:localhost/127.0.0.1:10889]
15:50:22.687 [Forwarding findElement on session 14f61660-7bcc-4279-b6a3-7163a94e0626 to remote] DEBUG o.a.netty.request.NettyRequestSender - Using pooled Channel '[id: 0x7c68b8df, L:/127.0.0.1:64390 - R:localhost/127.0.0.1:10889]' for 'POST' to 'http://localhost:10889/session/14f61660-7bcc-4279-b6a3-7163a94e0626/element'
15:50:22.687 [Forwarding findElement on session 14f61660-7bcc-4279-b6a3-7163a94e0626 to remote] DEBUG o.a.netty.request.NettyRequestSender - Using open Channel [id: 0x7c68b8df, L:/127.0.0.1:64390 - R:localhost/127.0.0.1:10889] for POST '/session/14f61660-7bcc-4279-b6a3-7163a94e0626/element'
15:50:22.705 [AsyncHttpClient-3-1] DEBUG o.a.netty.handler.HttpHandler - 

Request DefaultHttpRequest(decodeResult: success, version: HTTP/1.1)
POST /session/14f61660-7bcc-4279-b6a3-7163a94e0626/element HTTP/1.1
User-Agent: selenium/4.0.0-alpha-5 (java windows)
Content-Length: 45
Content-Type: application/json; charset=utf-8
host: localhost:10889
accept: */*

Response DefaultHttpResponse(decodeResult: success, version: HTTP/1.1)
HTTP/1.1 200 OK
content-type: application/json; charset=utf-8
cache-control: no-cache
content-length: 88
date: Thu, 25 Jun 2020 12:50:22 GMT

15:50:22.706 [AsyncHttpClient-3-1] DEBUG o.a.netty.channel.ChannelManager - Adding key: http://localhost:10889 for channel [id: 0x7c68b8df, L:/127.0.0.1:64390 - R:localhost/127.0.0.1:10889]
15:50:22.706 [Forwarding clickElement on session 14f61660-7bcc-4279-b6a3-7163a94e0626 to remote] DEBUG o.a.netty.request.NettyRequestSender - Using pooled Channel '[id: 0x7c68b8df, L:/127.0.0.1:64390 - R:localhost/127.0.0.1:10889]' for 'POST' to 'http://localhost:10889/session/14f61660-7bcc-4279-b6a3-7163a94e0626/element/7e7647e3-b3a9-4f92-b446-f14c6c8cf7ea/click'
15:50:22.706 [Forwarding clickElement on session 14f61660-7bcc-4279-b6a3-7163a94e0626 to remote] DEBUG o.a.netty.request.NettyRequestSender - Using open Channel [id: 0x7c68b8df, L:/127.0.0.1:64390 - R:localhost/127.0.0.1:10889] for POST '/session/14f61660-7bcc-4279-b6a3-7163a94e0626/element/7e7647e3-b3a9-4f92-b446-f14c6c8cf7ea/click'
15:50:23.375 [AsyncHttpClient-3-1] DEBUG o.a.netty.handler.HttpHandler - 

Request DefaultHttpRequest(decodeResult: success, version: HTTP/1.1)
POST /session/14f61660-7bcc-4279-b6a3-7163a94e0626/element/7e7647e3-b3a9-4f92-b446-f14c6c8cf7ea/click HTTP/1.1
User-Agent: selenium/4.0.0-alpha-5 (java windows)
Content-Length: 50
Content-Type: application/json; charset=utf-8
host: localhost:10889
accept: */*

Response DefaultHttpResponse(decodeResult: success, version: HTTP/1.1)
HTTP/1.1 200 OK
content-type: application/json; charset=utf-8
cache-control: no-cache
content-length: 14
date: Thu, 25 Jun 2020 12:50:22 GMT

15:50:23.375 [AsyncHttpClient-3-1] DEBUG o.a.netty.channel.ChannelManager - Adding key: http://localhost:10889 for channel [id: 0x7c68b8df, L:/127.0.0.1:64390 - R:localhost/127.0.0.1:10889]
15:50:23.376 [Forwarding findElements on session 14f61660-7bcc-4279-b6a3-7163a94e0626 to remote] DEBUG o.a.netty.request.NettyRequestSender - Using pooled Channel '[id: 0x7c68b8df, L:/127.0.0.1:64390 - R:localhost/127.0.0.1:10889]' for 'POST' to 'http://localhost:10889/session/14f61660-7bcc-4279-b6a3-7163a94e0626/elements'
15:50:23.376 [Forwarding findElements on session 14f61660-7bcc-4279-b6a3-7163a94e0626 to remote] DEBUG o.a.netty.request.NettyRequestSender - Using open Channel [id: 0x7c68b8df, L:/127.0.0.1:64390 - R:localhost/127.0.0.1:10889] for POST '/session/14f61660-7bcc-4279-b6a3-7163a94e0626/elements'
15:50:23.404 [AsyncHttpClient-3-1] DEBUG o.a.netty.handler.HttpHandler - 

Request DefaultHttpRequest(decodeResult: success, version: HTTP/1.1)
POST /session/14f61660-7bcc-4279-b6a3-7163a94e0626/elements HTTP/1.1
User-Agent: selenium/4.0.0-alpha-5 (java windows)
Content-Length: 59
Content-Type: application/json; charset=utf-8
host: localhost:10889
accept: */*

Response DefaultHttpResponse(decodeResult: success, version: HTTP/1.1)
HTTP/1.1 200 OK
content-type: application/json; charset=utf-8
cache-control: no-cache
content-length: 4514
date: Thu, 25 Jun 2020 12:50:23 GMT

15:50:23.405 [AsyncHttpClient-3-1] DEBUG o.a.netty.channel.ChannelManager - Adding key: http://localhost:10889 for channel [id: 0x7c68b8df, L:/127.0.0.1:64390 - R:localhost/127.0.0.1:10889]
15:50:23.407 [Forwarding findChildElement on session 14f61660-7bcc-4279-b6a3-7163a94e0626 to remote] DEBUG o.a.netty.request.NettyRequestSender - Using pooled Channel '[id: 0x7c68b8df, L:/127.0.0.1:64390 - R:localhost/127.0.0.1:10889]' for 'POST' to 'http://localhost:10889/session/14f61660-7bcc-4279-b6a3-7163a94e0626/element/77d7dd3d-c296-443e-8fb0-7568899433a3/element'
15:50:23.407 [Forwarding findChildElement on session 14f61660-7bcc-4279-b6a3-7163a94e0626 to remote] DEBUG o.a.netty.request.NettyRequestSender - Using open Channel [id: 0x7c68b8df, L:/127.0.0.1:64390 - R:localhost/127.0.0.1:10889] for POST '/session/14f61660-7bcc-4279-b6a3-7163a94e0626/element/77d7dd3d-c296-443e-8fb0-7568899433a3/element'
15:50:23.415 [AsyncHttpClient-3-1] DEBUG o.a.netty.handler.HttpHandler - 

Request DefaultHttpRequest(decodeResult: success, version: HTTP/1.1)
POST /session/14f61660-7bcc-4279-b6a3-7163a94e0626/element/77d7dd3d-c296-443e-8fb0-7568899433a3/element HTTP/1.1
User-Agent: selenium/4.0.0-alpha-5 (java windows)
Content-Length: 103
Content-Type: application/json; charset=utf-8
host: localhost:10889
accept: */*

Response DefaultHttpResponse(decodeResult: success, version: HTTP/1.1)
HTTP/1.1 200 OK
content-type: application/json; charset=utf-8
cache-control: no-cache
content-length: 88
date: Thu, 25 Jun 2020 12:50:23 GMT

15:50:23.415 [AsyncHttpClient-3-1] DEBUG o.a.netty.channel.ChannelManager - Adding key: http://localhost:10889 for channel [id: 0x7c68b8df, L:/127.0.0.1:64390 - R:localhost/127.0.0.1:10889]
15:50:23.416 [Forwarding getElementText on session 14f61660-7bcc-4279-b6a3-7163a94e0626 to remote] DEBUG o.a.netty.request.NettyRequestSender - Using pooled Channel '[id: 0x7c68b8df, L:/127.0.0.1:64390 - R:localhost/127.0.0.1:10889]' for 'GET' to 'http://localhost:10889/session/14f61660-7bcc-4279-b6a3-7163a94e0626/element/805fdeca-1a52-41f9-b5b4-f7f6f1e59a88/text'
15:50:23.416 [Forwarding getElementText on session 14f61660-7bcc-4279-b6a3-7163a94e0626 to remote] DEBUG o.a.netty.request.NettyRequestSender - Using open Channel [id: 0x7c68b8df, L:/127.0.0.1:64390 - R:localhost/127.0.0.1:10889] for GET '/session/14f61660-7bcc-4279-b6a3-7163a94e0626/element/805fdeca-1a52-41f9-b5b4-f7f6f1e59a88/text'
15:50:23.429 [AsyncHttpClient-3-1] DEBUG o.a.netty.handler.HttpHandler - 

Request DefaultFullHttpRequest(decodeResult: success, version: HTTP/1.1, content: EmptyByteBufBE)
GET /session/14f61660-7bcc-4279-b6a3-7163a94e0626/element/805fdeca-1a52-41f9-b5b4-f7f6f1e59a88/text HTTP/1.1
User-Agent: selenium/4.0.0-alpha-5 (java windows)
Cache-Control: no-cache
host: localhost:10889
accept: */*

Response DefaultHttpResponse(decodeResult: success, version: HTTP/1.1)
HTTP/1.1 200 OK
content-type: application/json; charset=utf-8
cache-control: no-cache
content-length: 12
date: Thu, 25 Jun 2020 12:50:23 GMT

15:50:23.429 [AsyncHttpClient-3-1] DEBUG o.a.netty.channel.ChannelManager - Adding key: http://localhost:10889 for channel [id: 0x7c68b8df, L:/127.0.0.1:64390 - R:localhost/127.0.0.1:10889]
15:50:23.430 [Forwarding findChildElement on session 14f61660-7bcc-4279-b6a3-7163a94e0626 to remote] DEBUG o.a.netty.request.NettyRequestSender - Using pooled Channel '[id: 0x7c68b8df, L:/127.0.0.1:64390 - R:localhost/127.0.0.1:10889]' for 'POST' to 'http://localhost:10889/session/14f61660-7bcc-4279-b6a3-7163a94e0626/element/77d7dd3d-c296-443e-8fb0-7568899433a3/element'
15:50:23.430 [Forwarding findChildElement on session 14f61660-7bcc-4279-b6a3-7163a94e0626 to remote] DEBUG o.a.netty.request.NettyRequestSender - Using open Channel [id: 0x7c68b8df, L:/127.0.0.1:64390 - R:localhost/127.0.0.1:10889] for POST '/session/14f61660-7bcc-4279-b6a3-7163a94e0626/element/77d7dd3d-c296-443e-8fb0-7568899433a3/element'
15:50:23.436 [AsyncHttpClient-3-1] DEBUG o.a.netty.handler.HttpHandler - 

Request DefaultHttpRequest(decodeResult: success, version: HTTP/1.1)
POST /session/14f61660-7bcc-4279-b6a3-7163a94e0626/element/77d7dd3d-c296-443e-8fb0-7568899433a3/element HTTP/1.1
User-Agent: selenium/4.0.0-alpha-5 (java windows)
Content-Length: 103
Content-Type: application/json; charset=utf-8
host: localhost:10889
accept: */*

Response DefaultHttpResponse(decodeResult: success, version: HTTP/1.1)
HTTP/1.1 200 OK
content-type: application/json; charset=utf-8
cache-control: no-cache
content-length: 88
date: Thu, 25 Jun 2020 12:50:23 GMT

15:50:23.436 [AsyncHttpClient-3-1] DEBUG o.a.netty.channel.ChannelManager - Adding key: http://localhost:10889 for channel [id: 0x7c68b8df, L:/127.0.0.1:64390 - R:localhost/127.0.0.1:10889]
15:50:23.436 [Forwarding getElementText on session 14f61660-7bcc-4279-b6a3-7163a94e0626 to remote] DEBUG o.a.netty.request.NettyRequestSender - Using pooled Channel '[id: 0x7c68b8df, L:/127.0.0.1:64390 - R:localhost/127.0.0.1:10889]' for 'GET' to 'http://localhost:10889/session/14f61660-7bcc-4279-b6a3-7163a94e0626/element/5c66e871-db05-4688-bfa9-db85eb00176d/text'
15:50:23.436 [Forwarding getElementText on session 14f61660-7bcc-4279-b6a3-7163a94e0626 to remote] DEBUG o.a.netty.request.NettyRequestSender - Using open Channel [id: 0x7c68b8df, L:/127.0.0.1:64390 - R:localhost/127.0.0.1:10889] for GET '/session/14f61660-7bcc-4279-b6a3-7163a94e0626/element/5c66e871-db05-4688-bfa9-db85eb00176d/text'
15:50:23.445 [AsyncHttpClient-3-1] DEBUG o.a.netty.handler.HttpHandler - 

Request DefaultFullHttpRequest(decodeResult: success, version: HTTP/1.1, content: EmptyByteBufBE)
GET /session/14f61660-7bcc-4279-b6a3-7163a94e0626/element/5c66e871-db05-4688-bfa9-db85eb00176d/text HTTP/1.1
User-Agent: selenium/4.0.0-alpha-5 (java windows)
Cache-Control: no-cache
host: localhost:10889
accept: */*

Response DefaultHttpResponse(decodeResult: success, version: HTTP/1.1)
HTTP/1.1 200 OK
content-type: application/json; charset=utf-8
cache-control: no-cache
content-length: 22
date: Thu, 25 Jun 2020 12:50:23 GMT

15:50:23.445 [AsyncHttpClient-3-1] DEBUG o.a.netty.channel.ChannelManager - Adding key: http://localhost:10889 for channel [id: 0x7c68b8df, L:/127.0.0.1:64390 - R:localhost/127.0.0.1:10889]
15:50:23.445 [Forwarding findChildElement on session 14f61660-7bcc-4279-b6a3-7163a94e0626 to remote] DEBUG o.a.netty.request.NettyRequestSender - Using pooled Channel '[id: 0x7c68b8df, L:/127.0.0.1:64390 - R:localhost/127.0.0.1:10889]' for 'POST' to 'http://localhost:10889/session/14f61660-7bcc-4279-b6a3-7163a94e0626/element/77d7dd3d-c296-443e-8fb0-7568899433a3/element'
15:50:23.445 [Forwarding findChildElement on session 14f61660-7bcc-4279-b6a3-7163a94e0626 to remote] DEBUG o.a.netty.request.NettyRequestSender - Using open Channel [id: 0x7c68b8df, L:/127.0.0.1:64390 - R:localhost/127.0.0.1:10889] for POST '/session/14f61660-7bcc-4279-b6a3-7163a94e0626/element/77d7dd3d-c296-443e-8fb0-7568899433a3/element'
15:50:23.449 [AsyncHttpClient-3-1] DEBUG o.a.netty.handler.HttpHandler - 

Request DefaultHttpRequest(decodeResult: success, version: HTTP/1.1)
POST /session/14f61660-7bcc-4279-b6a3-7163a94e0626/element/77d7dd3d-c296-443e-8fb0-7568899433a3/element HTTP/1.1
User-Agent: selenium/4.0.0-alpha-5 (java windows)
Content-Length: 103
Content-Type: application/json; charset=utf-8
host: localhost:10889
accept: */*

Response DefaultHttpResponse(decodeResult: success, version: HTTP/1.1)
HTTP/1.1 200 OK
content-type: application/json; charset=utf-8
cache-control: no-cache
content-length: 88
date: Thu, 25 Jun 2020 12:50:23 GMT

15:50:23.450 [AsyncHttpClient-3-1] DEBUG o.a.netty.channel.ChannelManager - Adding key: http://localhost:10889 for channel [id: 0x7c68b8df, L:/127.0.0.1:64390 - R:localhost/127.0.0.1:10889]
15:50:23.450 [Forwarding getElementText on session 14f61660-7bcc-4279-b6a3-7163a94e0626 to remote] DEBUG o.a.netty.request.NettyRequestSender - Using pooled Channel '[id: 0x7c68b8df, L:/127.0.0.1:64390 - R:localhost/127.0.0.1:10889]' for 'GET' to 'http://localhost:10889/session/14f61660-7bcc-4279-b6a3-7163a94e0626/element/d90c7909-9f00-4a2f-a9dd-a90c5b45a901/text'
15:50:23.450 [Forwarding getElementText on session 14f61660-7bcc-4279-b6a3-7163a94e0626 to remote] DEBUG o.a.netty.request.NettyRequestSender - Using open Channel [id: 0x7c68b8df, L:/127.0.0.1:64390 - R:localhost/127.0.0.1:10889] for GET '/session/14f61660-7bcc-4279-b6a3-7163a94e0626/element/d90c7909-9f00-4a2f-a9dd-a90c5b45a901/text'
15:50:23.455 [AsyncHttpClient-3-1] DEBUG o.a.netty.handler.HttpHandler - 

Request DefaultFullHttpRequest(decodeResult: success, version: HTTP/1.1, content: EmptyByteBufBE)
GET /session/14f61660-7bcc-4279-b6a3-7163a94e0626/element/d90c7909-9f00-4a2f-a9dd-a90c5b45a901/text HTTP/1.1
User-Agent: selenium/4.0.0-alpha-5 (java windows)
Cache-Control: no-cache
host: localhost:10889
accept: */*

Response DefaultHttpResponse(decodeResult: success, version: HTTP/1.1)
HTTP/1.1 200 OK
content-type: application/json; charset=utf-8
cache-control: no-cache
content-length: 21
date: Thu, 25 Jun 2020 12:50:23 GMT

15:50:23.456 [AsyncHttpClient-3-1] DEBUG o.a.netty.channel.ChannelManager - Adding key: http://localhost:10889 for channel [id: 0x7c68b8df, L:/127.0.0.1:64390 - R:localhost/127.0.0.1:10889]
15:50:23.456 [Forwarding findChildElement on session 14f61660-7bcc-4279-b6a3-7163a94e0626 to remote] DEBUG o.a.netty.request.NettyRequestSender - Using pooled Channel '[id: 0x7c68b8df, L:/127.0.0.1:64390 - R:localhost/127.0.0.1:10889]' for 'POST' to 'http://localhost:10889/session/14f61660-7bcc-4279-b6a3-7163a94e0626/element/77d7dd3d-c296-443e-8fb0-7568899433a3/element'
15:50:23.456 [Forwarding findChildElement on session 14f61660-7bcc-4279-b6a3-7163a94e0626 to remote] DEBUG o.a.netty.request.NettyRequestSender - Using open Channel [id: 0x7c68b8df, L:/127.0.0.1:64390 - R:localhost/127.0.0.1:10889] for POST '/session/14f61660-7bcc-4279-b6a3-7163a94e0626/element/77d7dd3d-c296-443e-8fb0-7568899433a3/element'
15:50:23.459 [AsyncHttpClient-3-1] DEBUG o.a.netty.handler.HttpHandler - 

Request DefaultHttpRequest(decodeResult: success, version: HTTP/1.1)
POST /session/14f61660-7bcc-4279-b6a3-7163a94e0626/element/77d7dd3d-c296-443e-8fb0-7568899433a3/element HTTP/1.1
User-Agent: selenium/4.0.0-alpha-5 (java windows)
Content-Length: 103
Content-Type: application/json; charset=utf-8
host: localhost:10889
accept: */*

Response DefaultHttpResponse(decodeResult: success, version: HTTP/1.1)
HTTP/1.1 200 OK
content-type: application/json; charset=utf-8
cache-control: no-cache
content-length: 88
date: Thu, 25 Jun 2020 12:50:23 GMT

15:50:23.459 [AsyncHttpClient-3-1] DEBUG o.a.netty.channel.ChannelManager - Adding key: http://localhost:10889 for channel [id: 0x7c68b8df, L:/127.0.0.1:64390 - R:localhost/127.0.0.1:10889]
15:50:23.460 [Forwarding getElementText on session 14f61660-7bcc-4279-b6a3-7163a94e0626 to remote] DEBUG o.a.netty.request.NettyRequestSender - Using pooled Channel '[id: 0x7c68b8df, L:/127.0.0.1:64390 - R:localhost/127.0.0.1:10889]' for 'GET' to 'http://localhost:10889/session/14f61660-7bcc-4279-b6a3-7163a94e0626/element/3b183400-2bec-43dd-9ab1-87e43d3109b6/text'
15:50:23.460 [Forwarding getElementText on session 14f61660-7bcc-4279-b6a3-7163a94e0626 to remote] DEBUG o.a.netty.request.NettyRequestSender - Using open Channel [id: 0x7c68b8df, L:/127.0.0.1:64390 - R:localhost/127.0.0.1:10889] for GET '/session/14f61660-7bcc-4279-b6a3-7163a94e0626/element/3b183400-2bec-43dd-9ab1-87e43d3109b6/text'
15:50:23.464 [AsyncHttpClient-3-1] DEBUG o.a.netty.handler.HttpHandler - 

Request DefaultFullHttpRequest(decodeResult: success, version: HTTP/1.1, content: EmptyByteBufBE)
GET /session/14f61660-7bcc-4279-b6a3-7163a94e0626/element/3b183400-2bec-43dd-9ab1-87e43d3109b6/text HTTP/1.1
User-Agent: selenium/4.0.0-alpha-5 (java windows)
Cache-Control: no-cache
host: localhost:10889
accept: */*

Response DefaultHttpResponse(decodeResult: success, version: HTTP/1.1)
HTTP/1.1 200 OK
content-type: application/json; charset=utf-8
cache-control: no-cache
content-length: 45
date: Thu, 25 Jun 2020 12:50:23 GMT

15:50:23.464 [AsyncHttpClient-3-1] DEBUG o.a.netty.channel.ChannelManager - Adding key: http://localhost:10889 for channel [id: 0x7c68b8df, L:/127.0.0.1:64390 - R:localhost/127.0.0.1:10889]
15:50:23.465 [Forwarding findChildElement on session 14f61660-7bcc-4279-b6a3-7163a94e0626 to remote] DEBUG o.a.netty.request.NettyRequestSender - Using pooled Channel '[id: 0x7c68b8df, L:/127.0.0.1:64390 - R:localhost/127.0.0.1:10889]' for 'POST' to 'http://localhost:10889/session/14f61660-7bcc-4279-b6a3-7163a94e0626/element/77d7dd3d-c296-443e-8fb0-7568899433a3/element'
15:50:23.465 [Forwarding findChildElement on session 14f61660-7bcc-4279-b6a3-7163a94e0626 to remote] DEBUG o.a.netty.request.NettyRequestSender - Using open Channel [id: 0x7c68b8df, L:/127.0.0.1:64390 - R:localhost/127.0.0.1:10889] for POST '/session/14f61660-7bcc-4279-b6a3-7163a94e0626/element/77d7dd3d-c296-443e-8fb0-7568899433a3/element'
15:50:23.468 [AsyncHttpClient-3-1] DEBUG o.a.netty.handler.HttpHandler - 

Request DefaultHttpRequest(decodeResult: success, version: HTTP/1.1)
POST /session/14f61660-7bcc-4279-b6a3-7163a94e0626/element/77d7dd3d-c296-443e-8fb0-7568899433a3/element HTTP/1.1
User-Agent: selenium/4.0.0-alpha-5 (java windows)
Content-Length: 103
Content-Type: application/json; charset=utf-8
host: localhost:10889
accept: */*

Response DefaultHttpResponse(decodeResult: success, version: HTTP/1.1)
HTTP/1.1 200 OK
content-type: application/json; charset=utf-8
cache-control: no-cache
content-length: 88
date: Thu, 25 Jun 2020 12:50:23 GMT

15:50:23.469 [AsyncHttpClient-3-1] DEBUG o.a.netty.channel.ChannelManager - Adding key: http://localhost:10889 for channel [id: 0x7c68b8df, L:/127.0.0.1:64390 - R:localhost/127.0.0.1:10889]
15:50:23.469 [Forwarding getElementText on session 14f61660-7bcc-4279-b6a3-7163a94e0626 to remote] DEBUG o.a.netty.request.NettyRequestSender - Using pooled Channel '[id: 0x7c68b8df, L:/127.0.0.1:64390 - R:localhost/127.0.0.1:10889]' for 'GET' to 'http://localhost:10889/session/14f61660-7bcc-4279-b6a3-7163a94e0626/element/c00899fa-0792-4751-be34-f82244911dba/text'
15:50:23.469 [Forwarding getElementText on session 14f61660-7bcc-4279-b6a3-7163a94e0626 to remote] DEBUG o.a.netty.request.NettyRequestSender - Using open Channel [id: 0x7c68b8df, L:/127.0.0.1:64390 - R:localhost/127.0.0.1:10889] for GET '/session/14f61660-7bcc-4279-b6a3-7163a94e0626/element/c00899fa-0792-4751-be34-f82244911dba/text'
15:50:23.478 [AsyncHttpClient-3-1] DEBUG o.a.netty.handler.HttpHandler - 

Request DefaultFullHttpRequest(decodeResult: success, version: HTTP/1.1, content: EmptyByteBufBE)
GET /session/14f61660-7bcc-4279-b6a3-7163a94e0626/element/c00899fa-0792-4751-be34-f82244911dba/text HTTP/1.1
User-Agent: selenium/4.0.0-alpha-5 (java windows)
Cache-Control: no-cache
host: localhost:10889
accept: */*

Response DefaultHttpResponse(decodeResult: success, version: HTTP/1.1)
HTTP/1.1 200 OK
content-type: application/json; charset=utf-8
cache-control: no-cache
content-length: 57
date: Thu, 25 Jun 2020 12:50:23 GMT

15:50:23.478 [AsyncHttpClient-3-1] DEBUG o.a.netty.channel.ChannelManager - Adding key: http://localhost:10889 for channel [id: 0x7c68b8df, L:/127.0.0.1:64390 - R:localhost/127.0.0.1:10889]
15:50:23.478 [Forwarding findChildElement on session 14f61660-7bcc-4279-b6a3-7163a94e0626 to remote] DEBUG o.a.netty.request.NettyRequestSender - Using pooled Channel '[id: 0x7c68b8df, L:/127.0.0.1:64390 - R:localhost/127.0.0.1:10889]' for 'POST' to 'http://localhost:10889/session/14f61660-7bcc-4279-b6a3-7163a94e0626/element/77d7dd3d-c296-443e-8fb0-7568899433a3/element'
15:50:23.478 [Forwarding findChildElement on session 14f61660-7bcc-4279-b6a3-7163a94e0626 to remote] DEBUG o.a.netty.request.NettyRequestSender - Using open Channel [id: 0x7c68b8df, L:/127.0.0.1:64390 - R:localhost/127.0.0.1:10889] for POST '/session/14f61660-7bcc-4279-b6a3-7163a94e0626/element/77d7dd3d-c296-443e-8fb0-7568899433a3/element'
15:50:23.482 [AsyncHttpClient-3-1] DEBUG o.a.netty.handler.HttpHandler - 

Request DefaultHttpRequest(decodeResult: success, version: HTTP/1.1)
POST /session/14f61660-7bcc-4279-b6a3-7163a94e0626/element/77d7dd3d-c296-443e-8fb0-7568899433a3/element HTTP/1.1
User-Agent: selenium/4.0.0-alpha-5 (java windows)
Content-Length: 97
Content-Type: application/json; charset=utf-8
host: localhost:10889
accept: */*

Response DefaultHttpResponse(decodeResult: success, version: HTTP/1.1)
HTTP/1.1 200 OK
content-type: application/json; charset=utf-8
cache-control: no-cache
content-length: 88
date: Thu, 25 Jun 2020 12:50:23 GMT

15:50:23.482 [AsyncHttpClient-3-1] DEBUG o.a.netty.channel.ChannelManager - Adding key: http://localhost:10889 for channel [id: 0x7c68b8df, L:/127.0.0.1:64390 - R:localhost/127.0.0.1:10889]
15:50:23.485 [Forwarding getElementAttribute on session 14f61660-7bcc-4279-b6a3-7163a94e0626 to remote] DEBUG o.a.netty.request.NettyRequestSender - Using pooled Channel '[id: 0x7c68b8df, L:/127.0.0.1:64390 - R:localhost/127.0.0.1:10889]' for 'POST' to 'http://localhost:10889/session/14f61660-7bcc-4279-b6a3-7163a94e0626/execute/sync'
15:50:23.485 [Forwarding getElementAttribute on session 14f61660-7bcc-4279-b6a3-7163a94e0626 to remote] DEBUG o.a.netty.request.NettyRequestSender - Using open Channel [id: 0x7c68b8df, L:/127.0.0.1:64390 - R:localhost/127.0.0.1:10889] for POST '/session/14f61660-7bcc-4279-b6a3-7163a94e0626/execute/sync'
15:50:23.499 [AsyncHttpClient-3-1] DEBUG o.a.netty.handler.HttpHandler - 

Request DefaultHttpRequest(decodeResult: success, version: HTTP/1.1)
POST /session/14f61660-7bcc-4279-b6a3-7163a94e0626/execute/sync HTTP/1.1
User-Agent: selenium/4.0.0-alpha-5 (java windows)
Content-Length: 39635
Content-Type: application/json; charset=utf-8
host: localhost:10889
accept: */*

Response DefaultHttpResponse(decodeResult: success, version: HTTP/1.1)
HTTP/1.1 200 OK
content-type: application/json; charset=utf-8
cache-control: no-cache
content-length: 15
date: Thu, 25 Jun 2020 12:50:23 GMT

15:50:23.499 [AsyncHttpClient-3-1] DEBUG o.a.netty.channel.ChannelManager - Adding key: http://localhost:10889 for channel [id: 0x7c68b8df, L:/127.0.0.1:64390 - R:localhost/127.0.0.1:10889]
15:50:23.500 [Forwarding findChildElement on session 14f61660-7bcc-4279-b6a3-7163a94e0626 to remote] DEBUG o.a.netty.request.NettyRequestSender - Using pooled Channel '[id: 0x7c68b8df, L:/127.0.0.1:64390 - R:localhost/127.0.0.1:10889]' for 'POST' to 'http://localhost:10889/session/14f61660-7bcc-4279-b6a3-7163a94e0626/element/9b1b1d23-a86f-4204-a21e-a3872ba8840c/element'
15:50:23.500 [Forwarding findChildElement on session 14f61660-7bcc-4279-b6a3-7163a94e0626 to remote] DEBUG o.a.netty.request.NettyRequestSender - Using open Channel [id: 0x7c68b8df, L:/127.0.0.1:64390 - R:localhost/127.0.0.1:10889] for POST '/session/14f61660-7bcc-4279-b6a3-7163a94e0626/element/9b1b1d23-a86f-4204-a21e-a3872ba8840c/element'
15:50:23.504 [AsyncHttpClient-3-1] DEBUG o.a.netty.handler.HttpHandler - 

Request DefaultHttpRequest(decodeResult: success, version: HTTP/1.1)
POST /session/14f61660-7bcc-4279-b6a3-7163a94e0626/element/9b1b1d23-a86f-4204-a21e-a3872ba8840c/element HTTP/1.1
User-Agent: selenium/4.0.0-alpha-5 (java windows)
Content-Length: 103
Content-Type: application/json; charset=utf-8
host: localhost:10889
accept: */*

Response DefaultHttpResponse(decodeResult: success, version: HTTP/1.1)
HTTP/1.1 200 OK
content-type: application/json; charset=utf-8
cache-control: no-cache
content-length: 88
date: Thu, 25 Jun 2020 12:50:23 GMT

15:50:23.504 [AsyncHttpClient-3-1] DEBUG o.a.netty.channel.ChannelManager - Adding key: http://localhost:10889 for channel [id: 0x7c68b8df, L:/127.0.0.1:64390 - R:localhost/127.0.0.1:10889]
15:50:23.504 [Forwarding getElementText on session 14f61660-7bcc-4279-b6a3-7163a94e0626 to remote] DEBUG o.a.netty.request.NettyRequestSender - Using pooled Channel '[id: 0x7c68b8df, L:/127.0.0.1:64390 - R:localhost/127.0.0.1:10889]' for 'GET' to 'http://localhost:10889/session/14f61660-7bcc-4279-b6a3-7163a94e0626/element/898d7d0f-c8da-42ab-9ea7-bcd6e97d5201/text'
15:50:23.505 [Forwarding getElementText on session 14f61660-7bcc-4279-b6a3-7163a94e0626 to remote] DEBUG o.a.netty.request.NettyRequestSender - Using open Channel [id: 0x7c68b8df, L:/127.0.0.1:64390 - R:localhost/127.0.0.1:10889] for GET '/session/14f61660-7bcc-4279-b6a3-7163a94e0626/element/898d7d0f-c8da-42ab-9ea7-bcd6e97d5201/text'
15:50:23.509 [AsyncHttpClient-3-1] DEBUG o.a.netty.handler.HttpHandler - 

Request DefaultFullHttpRequest(decodeResult: success, version: HTTP/1.1, content: EmptyByteBufBE)
GET /session/14f61660-7bcc-4279-b6a3-7163a94e0626/element/898d7d0f-c8da-42ab-9ea7-bcd6e97d5201/text HTTP/1.1
User-Agent: selenium/4.0.0-alpha-5 (java windows)
Cache-Control: no-cache
host: localhost:10889
accept: */*

Response DefaultHttpResponse(decodeResult: success, version: HTTP/1.1)
HTTP/1.1 200 OK
content-type: application/json; charset=utf-8
cache-control: no-cache
content-length: 18
date: Thu, 25 Jun 2020 12:50:23 GMT

15:50:23.509 [AsyncHttpClient-3-1] DEBUG o.a.netty.channel.ChannelManager - Adding key: http://localhost:10889 for channel [id: 0x7c68b8df, L:/127.0.0.1:64390 - R:localhost/127.0.0.1:10889]
15:50:23.510 [Forwarding findChildElement on session 14f61660-7bcc-4279-b6a3-7163a94e0626 to remote] DEBUG o.a.netty.request.NettyRequestSender - Using pooled Channel '[id: 0x7c68b8df, L:/127.0.0.1:64390 - R:localhost/127.0.0.1:10889]' for 'POST' to 'http://localhost:10889/session/14f61660-7bcc-4279-b6a3-7163a94e0626/element/9b1b1d23-a86f-4204-a21e-a3872ba8840c/element'
15:50:23.510 [Forwarding findChildElement on session 14f61660-7bcc-4279-b6a3-7163a94e0626 to remote] DEBUG o.a.netty.request.NettyRequestSender - Using open Channel [id: 0x7c68b8df, L:/127.0.0.1:64390 - R:localhost/127.0.0.1:10889] for POST '/session/14f61660-7bcc-4279-b6a3-7163a94e0626/element/9b1b1d23-a86f-4204-a21e-a3872ba8840c/element'
15:50:23.513 [AsyncHttpClient-3-1] DEBUG o.a.netty.handler.HttpHandler - 

Request DefaultHttpRequest(decodeResult: success, version: HTTP/1.1)
POST /session/14f61660-7bcc-4279-b6a3-7163a94e0626/element/9b1b1d23-a86f-4204-a21e-a3872ba8840c/element HTTP/1.1
User-Agent: selenium/4.0.0-alpha-5 (java windows)
Content-Length: 103
Content-Type: application/json; charset=utf-8
host: localhost:10889
accept: */*

Response DefaultHttpResponse(decodeResult: success, version: HTTP/1.1)
HTTP/1.1 200 OK
content-type: application/json; charset=utf-8
cache-control: no-cache
content-length: 88
date: Thu, 25 Jun 2020 12:50:23 GMT

15:50:23.513 [AsyncHttpClient-3-1] DEBUG o.a.netty.channel.ChannelManager - Adding key: http://localhost:10889 for channel [id: 0x7c68b8df, L:/127.0.0.1:64390 - R:localhost/127.0.0.1:10889]
15:50:23.514 [Forwarding getElementText on session 14f61660-7bcc-4279-b6a3-7163a94e0626 to remote] DEBUG o.a.netty.request.NettyRequestSender - Using pooled Channel '[id: 0x7c68b8df, L:/127.0.0.1:64390 - R:localhost/127.0.0.1:10889]' for 'GET' to 'http://localhost:10889/session/14f61660-7bcc-4279-b6a3-7163a94e0626/element/cfc82041-2299-4014-8597-8e7b25e3471e/text'
15:50:23.514 [Forwarding getElementText on session 14f61660-7bcc-4279-b6a3-7163a94e0626 to remote] DEBUG o.a.netty.request.NettyRequestSender - Using open Channel [id: 0x7c68b8df, L:/127.0.0.1:64390 - R:localhost/127.0.0.1:10889] for GET '/session/14f61660-7bcc-4279-b6a3-7163a94e0626/element/cfc82041-2299-4014-8597-8e7b25e3471e/text'
15:50:23.519 [AsyncHttpClient-3-1] DEBUG o.a.netty.handler.HttpHandler - 

Request DefaultFullHttpRequest(decodeResult: success, version: HTTP/1.1, content: EmptyByteBufBE)
GET /session/14f61660-7bcc-4279-b6a3-7163a94e0626/element/cfc82041-2299-4014-8597-8e7b25e3471e/text HTTP/1.1
User-Agent: selenium/4.0.0-alpha-5 (java windows)
Cache-Control: no-cache
host: localhost:10889
accept: */*

Response DefaultHttpResponse(decodeResult: success, version: HTTP/1.1)
HTTP/1.1 200 OK
content-type: application/json; charset=utf-8
cache-control: no-cache
content-length: 22
date: Thu, 25 Jun 2020 12:50:23 GMT

15:50:23.520 [AsyncHttpClient-3-1] DEBUG o.a.netty.channel.ChannelManager - Adding key: http://localhost:10889 for channel [id: 0x7c68b8df, L:/127.0.0.1:64390 - R:localhost/127.0.0.1:10889]
15:50:23.520 [Forwarding findChildElement on session 14f61660-7bcc-4279-b6a3-7163a94e0626 to remote] DEBUG o.a.netty.request.NettyRequestSender - Using pooled Channel '[id: 0x7c68b8df, L:/127.0.0.1:64390 - R:localhost/127.0.0.1:10889]' for 'POST' to 'http://localhost:10889/session/14f61660-7bcc-4279-b6a3-7163a94e0626/element/9b1b1d23-a86f-4204-a21e-a3872ba8840c/element'
15:50:23.520 [Forwarding findChildElement on session 14f61660-7bcc-4279-b6a3-7163a94e0626 to remote] DEBUG o.a.netty.request.NettyRequestSender - Using open Channel [id: 0x7c68b8df, L:/127.0.0.1:64390 - R:localhost/127.0.0.1:10889] for POST '/session/14f61660-7bcc-4279-b6a3-7163a94e0626/element/9b1b1d23-a86f-4204-a21e-a3872ba8840c/element'
15:50:23.525 [AsyncHttpClient-3-1] DEBUG o.a.netty.handler.HttpHandler - 

Request DefaultHttpRequest(decodeResult: success, version: HTTP/1.1)
POST /session/14f61660-7bcc-4279-b6a3-7163a94e0626/element/9b1b1d23-a86f-4204-a21e-a3872ba8840c/element HTTP/1.1
User-Agent: selenium/4.0.0-alpha-5 (java windows)
Content-Length: 103
Content-Type: application/json; charset=utf-8
host: localhost:10889
accept: */*

Response DefaultHttpResponse(decodeResult: success, version: HTTP/1.1)
HTTP/1.1 200 OK
content-type: application/json; charset=utf-8
cache-control: no-cache
content-length: 88
date: Thu, 25 Jun 2020 12:50:23 GMT

15:50:23.525 [AsyncHttpClient-3-1] DEBUG o.a.netty.channel.ChannelManager - Adding key: http://localhost:10889 for channel [id: 0x7c68b8df, L:/127.0.0.1:64390 - R:localhost/127.0.0.1:10889]
15:50:23.526 [Forwarding getElementText on session 14f61660-7bcc-4279-b6a3-7163a94e0626 to remote] DEBUG o.a.netty.request.NettyRequestSender - Using pooled Channel '[id: 0x7c68b8df, L:/127.0.0.1:64390 - R:localhost/127.0.0.1:10889]' for 'GET' to 'http://localhost:10889/session/14f61660-7bcc-4279-b6a3-7163a94e0626/element/a8eb1326-2c9b-4f90-9d71-41e0ef74ca7c/text'
15:50:23.526 [Forwarding getElementText on session 14f61660-7bcc-4279-b6a3-7163a94e0626 to remote] DEBUG o.a.netty.request.NettyRequestSender - Using open Channel [id: 0x7c68b8df, L:/127.0.0.1:64390 - R:localhost/127.0.0.1:10889] for GET '/session/14f61660-7bcc-4279-b6a3-7163a94e0626/element/a8eb1326-2c9b-4f90-9d71-41e0ef74ca7c/text'
15:50:23.531 [AsyncHttpClient-3-1] DEBUG o.a.netty.handler.HttpHandler - 

Request DefaultFullHttpRequest(decodeResult: success, version: HTTP/1.1, content: EmptyByteBufBE)
GET /session/14f61660-7bcc-4279-b6a3-7163a94e0626/element/a8eb1326-2c9b-4f90-9d71-41e0ef74ca7c/text HTTP/1.1
User-Agent: selenium/4.0.0-alpha-5 (java windows)
Cache-Control: no-cache
host: localhost:10889
accept: */*

Response DefaultHttpResponse(decodeResult: success, version: HTTP/1.1)
HTTP/1.1 200 OK
content-type: application/json; charset=utf-8
cache-control: no-cache
content-length: 21
date: Thu, 25 Jun 2020 12:50:23 GMT

15:50:23.531 [AsyncHttpClient-3-1] DEBUG o.a.netty.channel.ChannelManager - Adding key: http://localhost:10889 for channel [id: 0x7c68b8df, L:/127.0.0.1:64390 - R:localhost/127.0.0.1:10889]
15:50:23.531 [Forwarding findChildElement on session 14f61660-7bcc-4279-b6a3-7163a94e0626 to remote] DEBUG o.a.netty.request.NettyRequestSender - Using pooled Channel '[id: 0x7c68b8df, L:/127.0.0.1:64390 - R:localhost/127.0.0.1:10889]' for 'POST' to 'http://localhost:10889/session/14f61660-7bcc-4279-b6a3-7163a94e0626/element/9b1b1d23-a86f-4204-a21e-a3872ba8840c/element'
15:50:23.532 [Forwarding findChildElement on session 14f61660-7bcc-4279-b6a3-7163a94e0626 to remote] DEBUG o.a.netty.request.NettyRequestSender - Using open Channel [id: 0x7c68b8df, L:/127.0.0.1:64390 - R:localhost/127.0.0.1:10889] for POST '/session/14f61660-7bcc-4279-b6a3-7163a94e0626/element/9b1b1d23-a86f-4204-a21e-a3872ba8840c/element'
15:50:23.535 [AsyncHttpClient-3-1] DEBUG o.a.netty.handler.HttpHandler - 

Request DefaultHttpRequest(decodeResult: success, version: HTTP/1.1)
POST /session/14f61660-7bcc-4279-b6a3-7163a94e0626/element/9b1b1d23-a86f-4204-a21e-a3872ba8840c/element HTTP/1.1
User-Agent: selenium/4.0.0-alpha-5 (java windows)
Content-Length: 103
Content-Type: application/json; charset=utf-8
host: localhost:10889
accept: */*

Response DefaultHttpResponse(decodeResult: success, version: HTTP/1.1)
HTTP/1.1 200 OK
content-type: application/json; charset=utf-8
cache-control: no-cache
content-length: 88
date: Thu, 25 Jun 2020 12:50:23 GMT

15:50:23.535 [AsyncHttpClient-3-1] DEBUG o.a.netty.channel.ChannelManager - Adding key: http://localhost:10889 for channel [id: 0x7c68b8df, L:/127.0.0.1:64390 - R:localhost/127.0.0.1:10889]
15:50:23.535 [Forwarding getElementText on session 14f61660-7bcc-4279-b6a3-7163a94e0626 to remote] DEBUG o.a.netty.request.NettyRequestSender - Using pooled Channel '[id: 0x7c68b8df, L:/127.0.0.1:64390 - R:localhost/127.0.0.1:10889]' for 'GET' to 'http://localhost:10889/session/14f61660-7bcc-4279-b6a3-7163a94e0626/element/027dd561-81ca-47c7-92b7-e1d50dcbb4d2/text'
15:50:23.536 [Forwarding getElementText on session 14f61660-7bcc-4279-b6a3-7163a94e0626 to remote] DEBUG o.a.netty.request.NettyRequestSender - Using open Channel [id: 0x7c68b8df, L:/127.0.0.1:64390 - R:localhost/127.0.0.1:10889] for GET '/session/14f61660-7bcc-4279-b6a3-7163a94e0626/element/027dd561-81ca-47c7-92b7-e1d50dcbb4d2/text'
15:50:23.540 [AsyncHttpClient-3-1] DEBUG o.a.netty.handler.HttpHandler - 

Request DefaultFullHttpRequest(decodeResult: success, version: HTTP/1.1, content: EmptyByteBufBE)
GET /session/14f61660-7bcc-4279-b6a3-7163a94e0626/element/027dd561-81ca-47c7-92b7-e1d50dcbb4d2/text HTTP/1.1
User-Agent: selenium/4.0.0-alpha-5 (java windows)
Cache-Control: no-cache
host: localhost:10889
accept: */*

Response DefaultHttpResponse(decodeResult: success, version: HTTP/1.1)
HTTP/1.1 200 OK
content-type: application/json; charset=utf-8
cache-control: no-cache
content-length: 45
date: Thu, 25 Jun 2020 12:50:23 GMT

15:50:23.540 [AsyncHttpClient-3-1] DEBUG o.a.netty.channel.ChannelManager - Adding key: http://localhost:10889 for channel [id: 0x7c68b8df, L:/127.0.0.1:64390 - R:localhost/127.0.0.1:10889]
15:50:23.541 [Forwarding findChildElement on session 14f61660-7bcc-4279-b6a3-7163a94e0626 to remote] DEBUG o.a.netty.request.NettyRequestSender - Using pooled Channel '[id: 0x7c68b8df, L:/127.0.0.1:64390 - R:localhost/127.0.0.1:10889]' for 'POST' to 'http://localhost:10889/session/14f61660-7bcc-4279-b6a3-7163a94e0626/element/9b1b1d23-a86f-4204-a21e-a3872ba8840c/element'
15:50:23.541 [Forwarding findChildElement on session 14f61660-7bcc-4279-b6a3-7163a94e0626 to remote] DEBUG o.a.netty.request.NettyRequestSender - Using open Channel [id: 0x7c68b8df, L:/127.0.0.1:64390 - R:localhost/127.0.0.1:10889] for POST '/session/14f61660-7bcc-4279-b6a3-7163a94e0626/element/9b1b1d23-a86f-4204-a21e-a3872ba8840c/element'
15:50:23.544 [AsyncHttpClient-3-1] DEBUG o.a.netty.handler.HttpHandler - 

Request DefaultHttpRequest(decodeResult: success, version: HTTP/1.1)
POST /session/14f61660-7bcc-4279-b6a3-7163a94e0626/element/9b1b1d23-a86f-4204-a21e-a3872ba8840c/element HTTP/1.1
User-Agent: selenium/4.0.0-alpha-5 (java windows)
Content-Length: 103
Content-Type: application/json; charset=utf-8
host: localhost:10889
accept: */*

Response DefaultHttpResponse(decodeResult: success, version: HTTP/1.1)
HTTP/1.1 200 OK
content-type: application/json; charset=utf-8
cache-control: no-cache
content-length: 88
date: Thu, 25 Jun 2020 12:50:23 GMT

15:50:23.544 [AsyncHttpClient-3-1] DEBUG o.a.netty.channel.ChannelManager - Adding key: http://localhost:10889 for channel [id: 0x7c68b8df, L:/127.0.0.1:64390 - R:localhost/127.0.0.1:10889]
15:50:23.545 [Forwarding getElementText on session 14f61660-7bcc-4279-b6a3-7163a94e0626 to remote] DEBUG o.a.netty.request.NettyRequestSender - Using pooled Channel '[id: 0x7c68b8df, L:/127.0.0.1:64390 - R:localhost/127.0.0.1:10889]' for 'GET' to 'http://localhost:10889/session/14f61660-7bcc-4279-b6a3-7163a94e0626/element/a6c5d892-00e1-40f4-95ce-2f2ac9b57969/text'
15:50:23.545 [Forwarding getElementText on session 14f61660-7bcc-4279-b6a3-7163a94e0626 to remote] DEBUG o.a.netty.request.NettyRequestSender - Using open Channel [id: 0x7c68b8df, L:/127.0.0.1:64390 - R:localhost/127.0.0.1:10889] for GET '/session/14f61660-7bcc-4279-b6a3-7163a94e0626/element/a6c5d892-00e1-40f4-95ce-2f2ac9b57969/text'
15:50:23.553 [AsyncHttpClient-3-1] DEBUG o.a.netty.handler.HttpHandler - 

Request DefaultFullHttpRequest(decodeResult: success, version: HTTP/1.1, content: EmptyByteBufBE)
GET /session/14f61660-7bcc-4279-b6a3-7163a94e0626/element/a6c5d892-00e1-40f4-95ce-2f2ac9b57969/text HTTP/1.1
User-Agent: selenium/4.0.0-alpha-5 (java windows)
Cache-Control: no-cache
host: localhost:10889
accept: */*

Response DefaultHttpResponse(decodeResult: success, version: HTTP/1.1)
HTTP/1.1 200 OK
content-type: application/json; charset=utf-8
cache-control: no-cache
content-length: 57
date: Thu, 25 Jun 2020 12:50:23 GMT

15:50:23.553 [AsyncHttpClient-3-1] DEBUG o.a.netty.channel.ChannelManager - Adding key: http://localhost:10889 for channel [id: 0x7c68b8df, L:/127.0.0.1:64390 - R:localhost/127.0.0.1:10889]
15:50:23.554 [Forwarding findChildElement on session 14f61660-7bcc-4279-b6a3-7163a94e0626 to remote] DEBUG o.a.netty.request.NettyRequestSender - Using pooled Channel '[id: 0x7c68b8df, L:/127.0.0.1:64390 - R:localhost/127.0.0.1:10889]' for 'POST' to 'http://localhost:10889/session/14f61660-7bcc-4279-b6a3-7163a94e0626/element/9b1b1d23-a86f-4204-a21e-a3872ba8840c/element'
15:50:23.554 [Forwarding findChildElement on session 14f61660-7bcc-4279-b6a3-7163a94e0626 to remote] DEBUG o.a.netty.request.NettyRequestSender - Using open Channel [id: 0x7c68b8df, L:/127.0.0.1:64390 - R:localhost/127.0.0.1:10889] for POST '/session/14f61660-7bcc-4279-b6a3-7163a94e0626/element/9b1b1d23-a86f-4204-a21e-a3872ba8840c/element'
15:50:23.557 [AsyncHttpClient-3-1] DEBUG o.a.netty.handler.HttpHandler - 

Request DefaultHttpRequest(decodeResult: success, version: HTTP/1.1)
POST /session/14f61660-7bcc-4279-b6a3-7163a94e0626/element/9b1b1d23-a86f-4204-a21e-a3872ba8840c/element HTTP/1.1
User-Agent: selenium/4.0.0-alpha-5 (java windows)
Content-Length: 97
Content-Type: application/json; charset=utf-8
host: localhost:10889
accept: */*

Response DefaultHttpResponse(decodeResult: success, version: HTTP/1.1)
HTTP/1.1 200 OK
content-type: application/json; charset=utf-8
cache-control: no-cache
content-length: 88
date: Thu, 25 Jun 2020 12:50:23 GMT

15:50:23.557 [AsyncHttpClient-3-1] DEBUG o.a.netty.channel.ChannelManager - Adding key: http://localhost:10889 for channel [id: 0x7c68b8df, L:/127.0.0.1:64390 - R:localhost/127.0.0.1:10889]
15:50:23.560 [Forwarding getElementAttribute on session 14f61660-7bcc-4279-b6a3-7163a94e0626 to remote] DEBUG o.a.netty.request.NettyRequestSender - Using pooled Channel '[id: 0x7c68b8df, L:/127.0.0.1:64390 - R:localhost/127.0.0.1:10889]' for 'POST' to 'http://localhost:10889/session/14f61660-7bcc-4279-b6a3-7163a94e0626/execute/sync'
15:50:23.560 [Forwarding getElementAttribute on session 14f61660-7bcc-4279-b6a3-7163a94e0626 to remote] DEBUG o.a.netty.request.NettyRequestSender - Using open Channel [id: 0x7c68b8df, L:/127.0.0.1:64390 - R:localhost/127.0.0.1:10889] for POST '/session/14f61660-7bcc-4279-b6a3-7163a94e0626/execute/sync'
15:50:23.573 [AsyncHttpClient-3-1] DEBUG o.a.netty.handler.HttpHandler - 

Request DefaultHttpRequest(decodeResult: success, version: HTTP/1.1)
POST /session/14f61660-7bcc-4279-b6a3-7163a94e0626/execute/sync HTTP/1.1
User-Agent: selenium/4.0.0-alpha-5 (java windows)
Content-Length: 39635
Content-Type: application/json; charset=utf-8
host: localhost:10889
accept: */*

Response DefaultHttpResponse(decodeResult: success, version: HTTP/1.1)
HTTP/1.1 200 OK
content-type: application/json; charset=utf-8
cache-control: no-cache
content-length: 15
date: Thu, 25 Jun 2020 12:50:23 GMT

15:50:23.573 [AsyncHttpClient-3-1] DEBUG o.a.netty.channel.ChannelManager - Adding key: http://localhost:10889 for channel [id: 0x7c68b8df, L:/127.0.0.1:64390 - R:localhost/127.0.0.1:10889]
15:50:23.573 [Forwarding findChildElement on session 14f61660-7bcc-4279-b6a3-7163a94e0626 to remote] DEBUG o.a.netty.request.NettyRequestSender - Using pooled Channel '[id: 0x7c68b8df, L:/127.0.0.1:64390 - R:localhost/127.0.0.1:10889]' for 'POST' to 'http://localhost:10889/session/14f61660-7bcc-4279-b6a3-7163a94e0626/element/a0c34a43-46c9-4a90-a029-c85033951e59/element'
15:50:23.573 [Forwarding findChildElement on session 14f61660-7bcc-4279-b6a3-7163a94e0626 to remote] DEBUG o.a.netty.request.NettyRequestSender - Using open Channel [id: 0x7c68b8df, L:/127.0.0.1:64390 - R:localhost/127.0.0.1:10889] for POST '/session/14f61660-7bcc-4279-b6a3-7163a94e0626/element/a0c34a43-46c9-4a90-a029-c85033951e59/element'
15:50:23.577 [AsyncHttpClient-3-1] DEBUG o.a.netty.handler.HttpHandler - 

Request DefaultHttpRequest(decodeResult: success, version: HTTP/1.1)
POST /session/14f61660-7bcc-4279-b6a3-7163a94e0626/element/a0c34a43-46c9-4a90-a029-c85033951e59/element HTTP/1.1
User-Agent: selenium/4.0.0-alpha-5 (java windows)
Content-Length: 103
Content-Type: application/json; charset=utf-8
host: localhost:10889
accept: */*

Response DefaultHttpResponse(decodeResult: success, version: HTTP/1.1)
HTTP/1.1 200 OK
content-type: application/json; charset=utf-8
cache-control: no-cache
content-length: 88
date: Thu, 25 Jun 2020 12:50:23 GMT

15:50:23.577 [AsyncHttpClient-3-1] DEBUG o.a.netty.channel.ChannelManager - Adding key: http://localhost:10889 for channel [id: 0x7c68b8df, L:/127.0.0.1:64390 - R:localhost/127.0.0.1:10889]
15:50:23.577 [Forwarding getElementText on session 14f61660-7bcc-4279-b6a3-7163a94e0626 to remote] DEBUG o.a.netty.request.NettyRequestSender - Using pooled Channel '[id: 0x7c68b8df, L:/127.0.0.1:64390 - R:localhost/127.0.0.1:10889]' for 'GET' to 'http://localhost:10889/session/14f61660-7bcc-4279-b6a3-7163a94e0626/element/a184c912-4351-4be7-ad23-edff6d8ab205/text'
15:50:23.577 [Forwarding getElementText on session 14f61660-7bcc-4279-b6a3-7163a94e0626 to remote] DEBUG o.a.netty.request.NettyRequestSender - Using open Channel [id: 0x7c68b8df, L:/127.0.0.1:64390 - R:localhost/127.0.0.1:10889] for GET '/session/14f61660-7bcc-4279-b6a3-7163a94e0626/element/a184c912-4351-4be7-ad23-edff6d8ab205/text'
15:50:23.584 [AsyncHttpClient-3-1] DEBUG o.a.netty.handler.HttpHandler - 

Request DefaultFullHttpRequest(decodeResult: success, version: HTTP/1.1, content: EmptyByteBufBE)
GET /session/14f61660-7bcc-4279-b6a3-7163a94e0626/element/a184c912-4351-4be7-ad23-edff6d8ab205/text HTTP/1.1
User-Agent: selenium/4.0.0-alpha-5 (java windows)
Cache-Control: no-cache
host: localhost:10889
accept: */*

Response DefaultHttpResponse(decodeResult: success, version: HTTP/1.1)
HTTP/1.1 200 OK
content-type: application/json; charset=utf-8
cache-control: no-cache
content-length: 18
date: Thu, 25 Jun 2020 12:50:23 GMT

15:50:23.584 [AsyncHttpClient-3-1] DEBUG o.a.netty.channel.ChannelManager - Adding key: http://localhost:10889 for channel [id: 0x7c68b8df, L:/127.0.0.1:64390 - R:localhost/127.0.0.1:10889]
15:50:23.585 [Forwarding findChildElement on session 14f61660-7bcc-4279-b6a3-7163a94e0626 to remote] DEBUG o.a.netty.request.NettyRequestSender - Using pooled Channel '[id: 0x7c68b8df, L:/127.0.0.1:64390 - R:localhost/127.0.0.1:10889]' for 'POST' to 'http://localhost:10889/session/14f61660-7bcc-4279-b6a3-7163a94e0626/element/a0c34a43-46c9-4a90-a029-c85033951e59/element'
15:50:23.585 [Forwarding findChildElement on session 14f61660-7bcc-4279-b6a3-7163a94e0626 to remote] DEBUG o.a.netty.request.NettyRequestSender - Using open Channel [id: 0x7c68b8df, L:/127.0.0.1:64390 - R:localhost/127.0.0.1:10889] for POST '/session/14f61660-7bcc-4279-b6a3-7163a94e0626/element/a0c34a43-46c9-4a90-a029-c85033951e59/element'
15:50:23.589 [AsyncHttpClient-3-1] DEBUG o.a.netty.handler.HttpHandler - 

Request DefaultHttpRequest(decodeResult: success, version: HTTP/1.1)
POST /session/14f61660-7bcc-4279-b6a3-7163a94e0626/element/a0c34a43-46c9-4a90-a029-c85033951e59/element HTTP/1.1
User-Agent: selenium/4.0.0-alpha-5 (java windows)
Content-Length: 103
Content-Type: application/json; charset=utf-8
host: localhost:10889
accept: */*

Response DefaultHttpResponse(decodeResult: success, version: HTTP/1.1)
HTTP/1.1 200 OK
content-type: application/json; charset=utf-8
cache-control: no-cache
content-length: 88
date: Thu, 25 Jun 2020 12:50:23 GMT

15:50:23.590 [AsyncHttpClient-3-1] DEBUG o.a.netty.channel.ChannelManager - Adding key: http://localhost:10889 for channel [id: 0x7c68b8df, L:/127.0.0.1:64390 - R:localhost/127.0.0.1:10889]
15:50:23.590 [Forwarding getElementText on session 14f61660-7bcc-4279-b6a3-7163a94e0626 to remote] DEBUG o.a.netty.request.NettyRequestSender - Using pooled Channel '[id: 0x7c68b8df, L:/127.0.0.1:64390 - R:localhost/127.0.0.1:10889]' for 'GET' to 'http://localhost:10889/session/14f61660-7bcc-4279-b6a3-7163a94e0626/element/b0b186eb-55b4-4c7d-b457-bb97adbeacf1/text'
15:50:23.590 [Forwarding getElementText on session 14f61660-7bcc-4279-b6a3-7163a94e0626 to remote] DEBUG o.a.netty.request.NettyRequestSender - Using open Channel [id: 0x7c68b8df, L:/127.0.0.1:64390 - R:localhost/127.0.0.1:10889] for GET '/session/14f61660-7bcc-4279-b6a3-7163a94e0626/element/b0b186eb-55b4-4c7d-b457-bb97adbeacf1/text'
15:50:23.595 [AsyncHttpClient-3-1] DEBUG o.a.netty.handler.HttpHandler - 

Request DefaultFullHttpRequest(decodeResult: success, version: HTTP/1.1, content: EmptyByteBufBE)
GET /session/14f61660-7bcc-4279-b6a3-7163a94e0626/element/b0b186eb-55b4-4c7d-b457-bb97adbeacf1/text HTTP/1.1
User-Agent: selenium/4.0.0-alpha-5 (java windows)
Cache-Control: no-cache
host: localhost:10889
accept: */*

Response DefaultHttpResponse(decodeResult: success, version: HTTP/1.1)
HTTP/1.1 200 OK
content-type: application/json; charset=utf-8
cache-control: no-cache
content-length: 22
date: Thu, 25 Jun 2020 12:50:23 GMT

15:50:23.595 [AsyncHttpClient-3-1] DEBUG o.a.netty.channel.ChannelManager - Adding key: http://localhost:10889 for channel [id: 0x7c68b8df, L:/127.0.0.1:64390 - R:localhost/127.0.0.1:10889]
15:50:23.596 [Forwarding findChildElement on session 14f61660-7bcc-4279-b6a3-7163a94e0626 to remote] DEBUG o.a.netty.request.NettyRequestSender - Using pooled Channel '[id: 0x7c68b8df, L:/127.0.0.1:64390 - R:localhost/127.0.0.1:10889]' for 'POST' to 'http://localhost:10889/session/14f61660-7bcc-4279-b6a3-7163a94e0626/element/a0c34a43-46c9-4a90-a029-c85033951e59/element'
15:50:23.596 [Forwarding findChildElement on session 14f61660-7bcc-4279-b6a3-7163a94e0626 to remote] DEBUG o.a.netty.request.NettyRequestSender - Using open Channel [id: 0x7c68b8df, L:/127.0.0.1:64390 - R:localhost/127.0.0.1:10889] for POST '/session/14f61660-7bcc-4279-b6a3-7163a94e0626/element/a0c34a43-46c9-4a90-a029-c85033951e59/element'
15:50:23.599 [AsyncHttpClient-3-1] DEBUG o.a.netty.handler.HttpHandler - 

Request DefaultHttpRequest(decodeResult: success, version: HTTP/1.1)
POST /session/14f61660-7bcc-4279-b6a3-7163a94e0626/element/a0c34a43-46c9-4a90-a029-c85033951e59/element HTTP/1.1
User-Agent: selenium/4.0.0-alpha-5 (java windows)
Content-Length: 103
Content-Type: application/json; charset=utf-8
host: localhost:10889
accept: */*

Response DefaultHttpResponse(decodeResult: success, version: HTTP/1.1)
HTTP/1.1 200 OK
content-type: application/json; charset=utf-8
cache-control: no-cache
content-length: 88
date: Thu, 25 Jun 2020 12:50:23 GMT

15:50:23.600 [AsyncHttpClient-3-1] DEBUG o.a.netty.channel.ChannelManager - Adding key: http://localhost:10889 for channel [id: 0x7c68b8df, L:/127.0.0.1:64390 - R:localhost/127.0.0.1:10889]
15:50:23.600 [Forwarding getElementText on session 14f61660-7bcc-4279-b6a3-7163a94e0626 to remote] DEBUG o.a.netty.request.NettyRequestSender - Using pooled Channel '[id: 0x7c68b8df, L:/127.0.0.1:64390 - R:localhost/127.0.0.1:10889]' for 'GET' to 'http://localhost:10889/session/14f61660-7bcc-4279-b6a3-7163a94e0626/element/a1f0c11b-bf1c-4209-9b2e-a39e1afadea3/text'
15:50:23.600 [Forwarding getElementText on session 14f61660-7bcc-4279-b6a3-7163a94e0626 to remote] DEBUG o.a.netty.request.NettyRequestSender - Using open Channel [id: 0x7c68b8df, L:/127.0.0.1:64390 - R:localhost/127.0.0.1:10889] for GET '/session/14f61660-7bcc-4279-b6a3-7163a94e0626/element/a1f0c11b-bf1c-4209-9b2e-a39e1afadea3/text'
15:50:23.607 [AsyncHttpClient-3-1] DEBUG o.a.netty.handler.HttpHandler - 

Request DefaultFullHttpRequest(decodeResult: success, version: HTTP/1.1, content: EmptyByteBufBE)
GET /session/14f61660-7bcc-4279-b6a3-7163a94e0626/element/a1f0c11b-bf1c-4209-9b2e-a39e1afadea3/text HTTP/1.1
User-Agent: selenium/4.0.0-alpha-5 (java windows)
Cache-Control: no-cache
host: localhost:10889
accept: */*

Response DefaultHttpResponse(decodeResult: success, version: HTTP/1.1)
HTTP/1.1 200 OK
content-type: application/json; charset=utf-8
cache-control: no-cache
content-length: 21
date: Thu, 25 Jun 2020 12:50:23 GMT

15:50:23.607 [AsyncHttpClient-3-1] DEBUG o.a.netty.channel.ChannelManager - Adding key: http://localhost:10889 for channel [id: 0x7c68b8df, L:/127.0.0.1:64390 - R:localhost/127.0.0.1:10889]
15:50:23.607 [Forwarding findChildElement on session 14f61660-7bcc-4279-b6a3-7163a94e0626 to remote] DEBUG o.a.netty.request.NettyRequestSender - Using pooled Channel '[id: 0x7c68b8df, L:/127.0.0.1:64390 - R:localhost/127.0.0.1:10889]' for 'POST' to 'http://localhost:10889/session/14f61660-7bcc-4279-b6a3-7163a94e0626/element/a0c34a43-46c9-4a90-a029-c85033951e59/element'
15:50:23.608 [Forwarding findChildElement on session 14f61660-7bcc-4279-b6a3-7163a94e0626 to remote] DEBUG o.a.netty.request.NettyRequestSender - Using open Channel [id: 0x7c68b8df, L:/127.0.0.1:64390 - R:localhost/127.0.0.1:10889] for POST '/session/14f61660-7bcc-4279-b6a3-7163a94e0626/element/a0c34a43-46c9-4a90-a029-c85033951e59/element'
15:50:23.611 [AsyncHttpClient-3-1] DEBUG o.a.netty.handler.HttpHandler - 

Request DefaultHttpRequest(decodeResult: success, version: HTTP/1.1)
POST /session/14f61660-7bcc-4279-b6a3-7163a94e0626/element/a0c34a43-46c9-4a90-a029-c85033951e59/element HTTP/1.1
User-Agent: selenium/4.0.0-alpha-5 (java windows)
Content-Length: 103
Content-Type: application/json; charset=utf-8
host: localhost:10889
accept: */*

Response DefaultHttpResponse(decodeResult: success, version: HTTP/1.1)
HTTP/1.1 200 OK
content-type: application/json; charset=utf-8
cache-control: no-cache
content-length: 88
date: Thu, 25 Jun 2020 12:50:23 GMT

15:50:23.611 [AsyncHttpClient-3-1] DEBUG o.a.netty.channel.ChannelManager - Adding key: http://localhost:10889 for channel [id: 0x7c68b8df, L:/127.0.0.1:64390 - R:localhost/127.0.0.1:10889]
15:50:23.612 [Forwarding getElementText on session 14f61660-7bcc-4279-b6a3-7163a94e0626 to remote] DEBUG o.a.netty.request.NettyRequestSender - Using pooled Channel '[id: 0x7c68b8df, L:/127.0.0.1:64390 - R:localhost/127.0.0.1:10889]' for 'GET' to 'http://localhost:10889/session/14f61660-7bcc-4279-b6a3-7163a94e0626/element/4cab2676-2bf5-4919-901b-1da8dddcdc08/text'
15:50:23.612 [Forwarding getElementText on session 14f61660-7bcc-4279-b6a3-7163a94e0626 to remote] DEBUG o.a.netty.request.NettyRequestSender - Using open Channel [id: 0x7c68b8df, L:/127.0.0.1:64390 - R:localhost/127.0.0.1:10889] for GET '/session/14f61660-7bcc-4279-b6a3-7163a94e0626/element/4cab2676-2bf5-4919-901b-1da8dddcdc08/text'
15:50:23.617 [AsyncHttpClient-3-1] DEBUG o.a.netty.handler.HttpHandler - 

Request DefaultFullHttpRequest(decodeResult: success, version: HTTP/1.1, content: EmptyByteBufBE)
GET /session/14f61660-7bcc-4279-b6a3-7163a94e0626/element/4cab2676-2bf5-4919-901b-1da8dddcdc08/text HTTP/1.1
User-Agent: selenium/4.0.0-alpha-5 (java windows)
Cache-Control: no-cache
host: localhost:10889
accept: */*

Response DefaultHttpResponse(decodeResult: success, version: HTTP/1.1)
HTTP/1.1 200 OK
content-type: application/json; charset=utf-8
cache-control: no-cache
content-length: 45
date: Thu, 25 Jun 2020 12:50:23 GMT

15:50:23.617 [AsyncHttpClient-3-1] DEBUG o.a.netty.channel.ChannelManager - Adding key: http://localhost:10889 for channel [id: 0x7c68b8df, L:/127.0.0.1:64390 - R:localhost/127.0.0.1:10889]
15:50:23.618 [Forwarding findChildElement on session 14f61660-7bcc-4279-b6a3-7163a94e0626 to remote] DEBUG o.a.netty.request.NettyRequestSender - Using pooled Channel '[id: 0x7c68b8df, L:/127.0.0.1:64390 - R:localhost/127.0.0.1:10889]' for 'POST' to 'http://localhost:10889/session/14f61660-7bcc-4279-b6a3-7163a94e0626/element/a0c34a43-46c9-4a90-a029-c85033951e59/element'
15:50:23.618 [Forwarding findChildElement on session 14f61660-7bcc-4279-b6a3-7163a94e0626 to remote] DEBUG o.a.netty.request.NettyRequestSender - Using open Channel [id: 0x7c68b8df, L:/127.0.0.1:64390 - R:localhost/127.0.0.1:10889] for POST '/session/14f61660-7bcc-4279-b6a3-7163a94e0626/element/a0c34a43-46c9-4a90-a029-c85033951e59/element'
15:50:23.622 [AsyncHttpClient-3-1] DEBUG o.a.netty.handler.HttpHandler - 

Request DefaultHttpRequest(decodeResult: success, version: HTTP/1.1)
POST /session/14f61660-7bcc-4279-b6a3-7163a94e0626/element/a0c34a43-46c9-4a90-a029-c85033951e59/element HTTP/1.1
User-Agent: selenium/4.0.0-alpha-5 (java windows)
Content-Length: 103
Content-Type: application/json; charset=utf-8
host: localhost:10889
accept: */*

Response DefaultHttpResponse(decodeResult: success, version: HTTP/1.1)
HTTP/1.1 200 OK
content-type: application/json; charset=utf-8
cache-control: no-cache
content-length: 88
date: Thu, 25 Jun 2020 12:50:23 GMT

15:50:23.622 [AsyncHttpClient-3-1] DEBUG o.a.netty.channel.ChannelManager - Adding key: http://localhost:10889 for channel [id: 0x7c68b8df, L:/127.0.0.1:64390 - R:localhost/127.0.0.1:10889]
15:50:23.622 [Forwarding getElementText on session 14f61660-7bcc-4279-b6a3-7163a94e0626 to remote] DEBUG o.a.netty.request.NettyRequestSender - Using pooled Channel '[id: 0x7c68b8df, L:/127.0.0.1:64390 - R:localhost/127.0.0.1:10889]' for 'GET' to 'http://localhost:10889/session/14f61660-7bcc-4279-b6a3-7163a94e0626/element/6953cb51-2094-4797-84f9-26f730ef143d/text'
15:50:23.622 [Forwarding getElementText on session 14f61660-7bcc-4279-b6a3-7163a94e0626 to remote] DEBUG o.a.netty.request.NettyRequestSender - Using open Channel [id: 0x7c68b8df, L:/127.0.0.1:64390 - R:localhost/127.0.0.1:10889] for GET '/session/14f61660-7bcc-4279-b6a3-7163a94e0626/element/6953cb51-2094-4797-84f9-26f730ef143d/text'
15:50:23.630 [AsyncHttpClient-3-1] DEBUG o.a.netty.handler.HttpHandler - 

Request DefaultFullHttpRequest(decodeResult: success, version: HTTP/1.1, content: EmptyByteBufBE)
GET /session/14f61660-7bcc-4279-b6a3-7163a94e0626/element/6953cb51-2094-4797-84f9-26f730ef143d/text HTTP/1.1
User-Agent: selenium/4.0.0-alpha-5 (java windows)
Cache-Control: no-cache
host: localhost:10889
accept: */*

Response DefaultHttpResponse(decodeResult: success, version: HTTP/1.1)
HTTP/1.1 200 OK
content-type: application/json; charset=utf-8
cache-control: no-cache
content-length: 57
date: Thu, 25 Jun 2020 12:50:23 GMT

15:50:23.630 [AsyncHttpClient-3-1] DEBUG o.a.netty.channel.ChannelManager - Adding key: http://localhost:10889 for channel [id: 0x7c68b8df, L:/127.0.0.1:64390 - R:localhost/127.0.0.1:10889]
15:50:23.631 [Forwarding findChildElement on session 14f61660-7bcc-4279-b6a3-7163a94e0626 to remote] DEBUG o.a.netty.request.NettyRequestSender - Using pooled Channel '[id: 0x7c68b8df, L:/127.0.0.1:64390 - R:localhost/127.0.0.1:10889]' for 'POST' to 'http://localhost:10889/session/14f61660-7bcc-4279-b6a3-7163a94e0626/element/a0c34a43-46c9-4a90-a029-c85033951e59/element'
15:50:23.631 [Forwarding findChildElement on session 14f61660-7bcc-4279-b6a3-7163a94e0626 to remote] DEBUG o.a.netty.request.NettyRequestSender - Using open Channel [id: 0x7c68b8df, L:/127.0.0.1:64390 - R:localhost/127.0.0.1:10889] for POST '/session/14f61660-7bcc-4279-b6a3-7163a94e0626/element/a0c34a43-46c9-4a90-a029-c85033951e59/element'
15:50:23.634 [AsyncHttpClient-3-1] DEBUG o.a.netty.handler.HttpHandler - 

Request DefaultHttpRequest(decodeResult: success, version: HTTP/1.1)
POST /session/14f61660-7bcc-4279-b6a3-7163a94e0626/element/a0c34a43-46c9-4a90-a029-c85033951e59/element HTTP/1.1
User-Agent: selenium/4.0.0-alpha-5 (java windows)
Content-Length: 97
Content-Type: application/json; charset=utf-8
host: localhost:10889
accept: */*

Response DefaultHttpResponse(decodeResult: success, version: HTTP/1.1)
HTTP/1.1 200 OK
content-type: application/json; charset=utf-8
cache-control: no-cache
content-length: 88
date: Thu, 25 Jun 2020 12:50:23 GMT

15:50:23.634 [AsyncHttpClient-3-1] DEBUG o.a.netty.channel.ChannelManager - Adding key: http://localhost:10889 for channel [id: 0x7c68b8df, L:/127.0.0.1:64390 - R:localhost/127.0.0.1:10889]
15:50:23.637 [Forwarding getElementAttribute on session 14f61660-7bcc-4279-b6a3-7163a94e0626 to remote] DEBUG o.a.netty.request.NettyRequestSender - Using pooled Channel '[id: 0x7c68b8df, L:/127.0.0.1:64390 - R:localhost/127.0.0.1:10889]' for 'POST' to 'http://localhost:10889/session/14f61660-7bcc-4279-b6a3-7163a94e0626/execute/sync'
15:50:23.637 [Forwarding getElementAttribute on session 14f61660-7bcc-4279-b6a3-7163a94e0626 to remote] DEBUG o.a.netty.request.NettyRequestSender - Using open Channel [id: 0x7c68b8df, L:/127.0.0.1:64390 - R:localhost/127.0.0.1:10889] for POST '/session/14f61660-7bcc-4279-b6a3-7163a94e0626/execute/sync'
15:50:23.651 [AsyncHttpClient-3-1] DEBUG o.a.netty.handler.HttpHandler - 

Request DefaultHttpRequest(decodeResult: success, version: HTTP/1.1)
POST /session/14f61660-7bcc-4279-b6a3-7163a94e0626/execute/sync HTTP/1.1
User-Agent: selenium/4.0.0-alpha-5 (java windows)
Content-Length: 39635
Content-Type: application/json; charset=utf-8
host: localhost:10889
accept: */*

Response DefaultHttpResponse(decodeResult: success, version: HTTP/1.1)
HTTP/1.1 200 OK
content-type: application/json; charset=utf-8
cache-control: no-cache
content-length: 15
date: Thu, 25 Jun 2020 12:50:23 GMT

15:50:23.651 [AsyncHttpClient-3-1] DEBUG o.a.netty.channel.ChannelManager - Adding key: http://localhost:10889 for channel [id: 0x7c68b8df, L:/127.0.0.1:64390 - R:localhost/127.0.0.1:10889]
15:50:23.652 [Forwarding findChildElement on session 14f61660-7bcc-4279-b6a3-7163a94e0626 to remote] DEBUG o.a.netty.request.NettyRequestSender - Using pooled Channel '[id: 0x7c68b8df, L:/127.0.0.1:64390 - R:localhost/127.0.0.1:10889]' for 'POST' to 'http://localhost:10889/session/14f61660-7bcc-4279-b6a3-7163a94e0626/element/30c04b18-73c1-45cc-9cd5-96b7a2e57e33/element'
15:50:23.652 [Forwarding findChildElement on session 14f61660-7bcc-4279-b6a3-7163a94e0626 to remote] DEBUG o.a.netty.request.NettyRequestSender - Using open Channel [id: 0x7c68b8df, L:/127.0.0.1:64390 - R:localhost/127.0.0.1:10889] for POST '/session/14f61660-7bcc-4279-b6a3-7163a94e0626/element/30c04b18-73c1-45cc-9cd5-96b7a2e57e33/element'
15:50:23.656 [AsyncHttpClient-3-1] DEBUG o.a.netty.handler.HttpHandler - 

Request DefaultHttpRequest(decodeResult: success, version: HTTP/1.1)
POST /session/14f61660-7bcc-4279-b6a3-7163a94e0626/element/30c04b18-73c1-45cc-9cd5-96b7a2e57e33/element HTTP/1.1
User-Agent: selenium/4.0.0-alpha-5 (java windows)
Content-Length: 103
Content-Type: application/json; charset=utf-8
host: localhost:10889
accept: */*

Response DefaultHttpResponse(decodeResult: success, version: HTTP/1.1)
HTTP/1.1 200 OK
content-type: application/json; charset=utf-8
cache-control: no-cache
content-length: 88
date: Thu, 25 Jun 2020 12:50:23 GMT

15:50:23.656 [AsyncHttpClient-3-1] DEBUG o.a.netty.channel.ChannelManager - Adding key: http://localhost:10889 for channel [id: 0x7c68b8df, L:/127.0.0.1:64390 - R:localhost/127.0.0.1:10889]
15:50:23.656 [Forwarding getElementText on session 14f61660-7bcc-4279-b6a3-7163a94e0626 to remote] DEBUG o.a.netty.request.NettyRequestSender - Using pooled Channel '[id: 0x7c68b8df, L:/127.0.0.1:64390 - R:localhost/127.0.0.1:10889]' for 'GET' to 'http://localhost:10889/session/14f61660-7bcc-4279-b6a3-7163a94e0626/element/65b37b01-2782-4f80-8c2f-6752e06a7145/text'
15:50:23.656 [Forwarding getElementText on session 14f61660-7bcc-4279-b6a3-7163a94e0626 to remote] DEBUG o.a.netty.request.NettyRequestSender - Using open Channel [id: 0x7c68b8df, L:/127.0.0.1:64390 - R:localhost/127.0.0.1:10889] for GET '/session/14f61660-7bcc-4279-b6a3-7163a94e0626/element/65b37b01-2782-4f80-8c2f-6752e06a7145/text'
15:50:23.661 [AsyncHttpClient-3-1] DEBUG o.a.netty.handler.HttpHandler - 

Request DefaultFullHttpRequest(decodeResult: success, version: HTTP/1.1, content: EmptyByteBufBE)
GET /session/14f61660-7bcc-4279-b6a3-7163a94e0626/element/65b37b01-2782-4f80-8c2f-6752e06a7145/text HTTP/1.1
User-Agent: selenium/4.0.0-alpha-5 (java windows)
Cache-Control: no-cache
host: localhost:10889
accept: */*

Response DefaultHttpResponse(decodeResult: success, version: HTTP/1.1)
HTTP/1.1 200 OK
content-type: application/json; charset=utf-8
cache-control: no-cache
content-length: 18
date: Thu, 25 Jun 2020 12:50:23 GMT

15:50:23.661 [AsyncHttpClient-3-1] DEBUG o.a.netty.channel.ChannelManager - Adding key: http://localhost:10889 for channel [id: 0x7c68b8df, L:/127.0.0.1:64390 - R:localhost/127.0.0.1:10889]
15:50:23.662 [Forwarding findChildElement on session 14f61660-7bcc-4279-b6a3-7163a94e0626 to remote] DEBUG o.a.netty.request.NettyRequestSender - Using pooled Channel '[id: 0x7c68b8df, L:/127.0.0.1:64390 - R:localhost/127.0.0.1:10889]' for 'POST' to 'http://localhost:10889/session/14f61660-7bcc-4279-b6a3-7163a94e0626/element/30c04b18-73c1-45cc-9cd5-96b7a2e57e33/element'
15:50:23.662 [Forwarding findChildElement on session 14f61660-7bcc-4279-b6a3-7163a94e0626 to remote] DEBUG o.a.netty.request.NettyRequestSender - Using open Channel [id: 0x7c68b8df, L:/127.0.0.1:64390 - R:localhost/127.0.0.1:10889] for POST '/session/14f61660-7bcc-4279-b6a3-7163a94e0626/element/30c04b18-73c1-45cc-9cd5-96b7a2e57e33/element'
15:50:23.665 [AsyncHttpClient-3-1] DEBUG o.a.netty.handler.HttpHandler - 

Request DefaultHttpRequest(decodeResult: success, version: HTTP/1.1)
POST /session/14f61660-7bcc-4279-b6a3-7163a94e0626/element/30c04b18-73c1-45cc-9cd5-96b7a2e57e33/element HTTP/1.1
User-Agent: selenium/4.0.0-alpha-5 (java windows)
Content-Length: 103
Content-Type: application/json; charset=utf-8
host: localhost:10889
accept: */*

Response DefaultHttpResponse(decodeResult: success, version: HTTP/1.1)
HTTP/1.1 200 OK
content-type: application/json; charset=utf-8
cache-control: no-cache
content-length: 88
date: Thu, 25 Jun 2020 12:50:23 GMT

15:50:23.665 [AsyncHttpClient-3-1] DEBUG o.a.netty.channel.ChannelManager - Adding key: http://localhost:10889 for channel [id: 0x7c68b8df, L:/127.0.0.1:64390 - R:localhost/127.0.0.1:10889]
15:50:23.666 [Forwarding getElementText on session 14f61660-7bcc-4279-b6a3-7163a94e0626 to remote] DEBUG o.a.netty.request.NettyRequestSender - Using pooled Channel '[id: 0x7c68b8df, L:/127.0.0.1:64390 - R:localhost/127.0.0.1:10889]' for 'GET' to 'http://localhost:10889/session/14f61660-7bcc-4279-b6a3-7163a94e0626/element/e1b0c7eb-608a-4394-b372-62fb1afe1eb8/text'
15:50:23.666 [Forwarding getElementText on session 14f61660-7bcc-4279-b6a3-7163a94e0626 to remote] DEBUG o.a.netty.request.NettyRequestSender - Using open Channel [id: 0x7c68b8df, L:/127.0.0.1:64390 - R:localhost/127.0.0.1:10889] for GET '/session/14f61660-7bcc-4279-b6a3-7163a94e0626/element/e1b0c7eb-608a-4394-b372-62fb1afe1eb8/text'
15:50:23.671 [AsyncHttpClient-3-1] DEBUG o.a.netty.handler.HttpHandler - 

Request DefaultFullHttpRequest(decodeResult: success, version: HTTP/1.1, content: EmptyByteBufBE)
GET /session/14f61660-7bcc-4279-b6a3-7163a94e0626/element/e1b0c7eb-608a-4394-b372-62fb1afe1eb8/text HTTP/1.1
User-Agent: selenium/4.0.0-alpha-5 (java windows)
Cache-Control: no-cache
host: localhost:10889
accept: */*

Response DefaultHttpResponse(decodeResult: success, version: HTTP/1.1)
HTTP/1.1 200 OK
content-type: application/json; charset=utf-8
cache-control: no-cache
content-length: 22
date: Thu, 25 Jun 2020 12:50:23 GMT

15:50:23.671 [AsyncHttpClient-3-1] DEBUG o.a.netty.channel.ChannelManager - Adding key: http://localhost:10889 for channel [id: 0x7c68b8df, L:/127.0.0.1:64390 - R:localhost/127.0.0.1:10889]
15:50:23.671 [Forwarding findChildElement on session 14f61660-7bcc-4279-b6a3-7163a94e0626 to remote] DEBUG o.a.netty.request.NettyRequestSender - Using pooled Channel '[id: 0x7c68b8df, L:/127.0.0.1:64390 - R:localhost/127.0.0.1:10889]' for 'POST' to 'http://localhost:10889/session/14f61660-7bcc-4279-b6a3-7163a94e0626/element/30c04b18-73c1-45cc-9cd5-96b7a2e57e33/element'
15:50:23.671 [Forwarding findChildElement on session 14f61660-7bcc-4279-b6a3-7163a94e0626 to remote] DEBUG o.a.netty.request.NettyRequestSender - Using open Channel [id: 0x7c68b8df, L:/127.0.0.1:64390 - R:localhost/127.0.0.1:10889] for POST '/session/14f61660-7bcc-4279-b6a3-7163a94e0626/element/30c04b18-73c1-45cc-9cd5-96b7a2e57e33/element'
15:50:23.675 [AsyncHttpClient-3-1] DEBUG o.a.netty.handler.HttpHandler - 

Request DefaultHttpRequest(decodeResult: success, version: HTTP/1.1)
POST /session/14f61660-7bcc-4279-b6a3-7163a94e0626/element/30c04b18-73c1-45cc-9cd5-96b7a2e57e33/element HTTP/1.1
User-Agent: selenium/4.0.0-alpha-5 (java windows)
Content-Length: 103
Content-Type: application/json; charset=utf-8
host: localhost:10889
accept: */*

Response DefaultHttpResponse(decodeResult: success, version: HTTP/1.1)
HTTP/1.1 200 OK
content-type: application/json; charset=utf-8
cache-control: no-cache
content-length: 88
date: Thu, 25 Jun 2020 12:50:23 GMT

15:50:23.675 [AsyncHttpClient-3-1] DEBUG o.a.netty.channel.ChannelManager - Adding key: http://localhost:10889 for channel [id: 0x7c68b8df, L:/127.0.0.1:64390 - R:localhost/127.0.0.1:10889]
15:50:23.675 [Forwarding getElementText on session 14f61660-7bcc-4279-b6a3-7163a94e0626 to remote] DEBUG o.a.netty.request.NettyRequestSender - Using pooled Channel '[id: 0x7c68b8df, L:/127.0.0.1:64390 - R:localhost/127.0.0.1:10889]' for 'GET' to 'http://localhost:10889/session/14f61660-7bcc-4279-b6a3-7163a94e0626/element/76985260-1142-4d59-a71d-66ba20f03eb5/text'
15:50:23.675 [Forwarding getElementText on session 14f61660-7bcc-4279-b6a3-7163a94e0626 to remote] DEBUG o.a.netty.request.NettyRequestSender - Using open Channel [id: 0x7c68b8df, L:/127.0.0.1:64390 - R:localhost/127.0.0.1:10889] for GET '/session/14f61660-7bcc-4279-b6a3-7163a94e0626/element/76985260-1142-4d59-a71d-66ba20f03eb5/text'
15:50:23.680 [AsyncHttpClient-3-1] DEBUG o.a.netty.handler.HttpHandler - 

Request DefaultFullHttpRequest(decodeResult: success, version: HTTP/1.1, content: EmptyByteBufBE)
GET /session/14f61660-7bcc-4279-b6a3-7163a94e0626/element/76985260-1142-4d59-a71d-66ba20f03eb5/text HTTP/1.1
User-Agent: selenium/4.0.0-alpha-5 (java windows)
Cache-Control: no-cache
host: localhost:10889
accept: */*

Response DefaultHttpResponse(decodeResult: success, version: HTTP/1.1)
HTTP/1.1 200 OK
content-type: application/json; charset=utf-8
cache-control: no-cache
content-length: 21
date: Thu, 25 Jun 2020 12:50:23 GMT

15:50:23.680 [AsyncHttpClient-3-1] DEBUG o.a.netty.channel.ChannelManager - Adding key: http://localhost:10889 for channel [id: 0x7c68b8df, L:/127.0.0.1:64390 - R:localhost/127.0.0.1:10889]
15:50:23.680 [Forwarding findChildElement on session 14f61660-7bcc-4279-b6a3-7163a94e0626 to remote] DEBUG o.a.netty.request.NettyRequestSender - Using pooled Channel '[id: 0x7c68b8df, L:/127.0.0.1:64390 - R:localhost/127.0.0.1:10889]' for 'POST' to 'http://localhost:10889/session/14f61660-7bcc-4279-b6a3-7163a94e0626/element/30c04b18-73c1-45cc-9cd5-96b7a2e57e33/element'
15:50:23.680 [Forwarding findChildElement on session 14f61660-7bcc-4279-b6a3-7163a94e0626 to remote] DEBUG o.a.netty.request.NettyRequestSender - Using open Channel [id: 0x7c68b8df, L:/127.0.0.1:64390 - R:localhost/127.0.0.1:10889] for POST '/session/14f61660-7bcc-4279-b6a3-7163a94e0626/element/30c04b18-73c1-45cc-9cd5-96b7a2e57e33/element'
15:50:23.683 [AsyncHttpClient-3-1] DEBUG o.a.netty.handler.HttpHandler - 

Request DefaultHttpRequest(decodeResult: success, version: HTTP/1.1)
POST /session/14f61660-7bcc-4279-b6a3-7163a94e0626/element/30c04b18-73c1-45cc-9cd5-96b7a2e57e33/element HTTP/1.1
User-Agent: selenium/4.0.0-alpha-5 (java windows)
Content-Length: 103
Content-Type: application/json; charset=utf-8
host: localhost:10889
accept: */*

Response DefaultHttpResponse(decodeResult: success, version: HTTP/1.1)
HTTP/1.1 200 OK
content-type: application/json; charset=utf-8
cache-control: no-cache
content-length: 88
date: Thu, 25 Jun 2020 12:50:23 GMT

15:50:23.684 [AsyncHttpClient-3-1] DEBUG o.a.netty.channel.ChannelManager - Adding key: http://localhost:10889 for channel [id: 0x7c68b8df, L:/127.0.0.1:64390 - R:localhost/127.0.0.1:10889]
15:50:23.684 [Forwarding getElementText on session 14f61660-7bcc-4279-b6a3-7163a94e0626 to remote] DEBUG o.a.netty.request.NettyRequestSender - Using pooled Channel '[id: 0x7c68b8df, L:/127.0.0.1:64390 - R:localhost/127.0.0.1:10889]' for 'GET' to 'http://localhost:10889/session/14f61660-7bcc-4279-b6a3-7163a94e0626/element/5acd8d13-91a9-449a-a5f4-8abed21a1c5f/text'
15:50:23.684 [Forwarding getElementText on session 14f61660-7bcc-4279-b6a3-7163a94e0626 to remote] DEBUG o.a.netty.request.NettyRequestSender - Using open Channel [id: 0x7c68b8df, L:/127.0.0.1:64390 - R:localhost/127.0.0.1:10889] for GET '/session/14f61660-7bcc-4279-b6a3-7163a94e0626/element/5acd8d13-91a9-449a-a5f4-8abed21a1c5f/text'
15:50:23.690 [AsyncHttpClient-3-1] DEBUG o.a.netty.handler.HttpHandler - 

Request DefaultFullHttpRequest(decodeResult: success, version: HTTP/1.1, content: EmptyByteBufBE)
GET /session/14f61660-7bcc-4279-b6a3-7163a94e0626/element/5acd8d13-91a9-449a-a5f4-8abed21a1c5f/text HTTP/1.1
User-Agent: selenium/4.0.0-alpha-5 (java windows)
Cache-Control: no-cache
host: localhost:10889
accept: */*

Response DefaultHttpResponse(decodeResult: success, version: HTTP/1.1)
HTTP/1.1 200 OK
content-type: application/json; charset=utf-8
cache-control: no-cache
content-length: 45
date: Thu, 25 Jun 2020 12:50:23 GMT

15:50:23.690 [AsyncHttpClient-3-1] DEBUG o.a.netty.channel.ChannelManager - Adding key: http://localhost:10889 for channel [id: 0x7c68b8df, L:/127.0.0.1:64390 - R:localhost/127.0.0.1:10889]
15:50:23.690 [Forwarding findChildElement on session 14f61660-7bcc-4279-b6a3-7163a94e0626 to remote] DEBUG o.a.netty.request.NettyRequestSender - Using pooled Channel '[id: 0x7c68b8df, L:/127.0.0.1:64390 - R:localhost/127.0.0.1:10889]' for 'POST' to 'http://localhost:10889/session/14f61660-7bcc-4279-b6a3-7163a94e0626/element/30c04b18-73c1-45cc-9cd5-96b7a2e57e33/element'
15:50:23.690 [Forwarding findChildElement on session 14f61660-7bcc-4279-b6a3-7163a94e0626 to remote] DEBUG o.a.netty.request.NettyRequestSender - Using open Channel [id: 0x7c68b8df, L:/127.0.0.1:64390 - R:localhost/127.0.0.1:10889] for POST '/session/14f61660-7bcc-4279-b6a3-7163a94e0626/element/30c04b18-73c1-45cc-9cd5-96b7a2e57e33/element'
15:50:23.694 [AsyncHttpClient-3-1] DEBUG o.a.netty.handler.HttpHandler - 

Request DefaultHttpRequest(decodeResult: success, version: HTTP/1.1)
POST /session/14f61660-7bcc-4279-b6a3-7163a94e0626/element/30c04b18-73c1-45cc-9cd5-96b7a2e57e33/element HTTP/1.1
User-Agent: selenium/4.0.0-alpha-5 (java windows)
Content-Length: 103
Content-Type: application/json; charset=utf-8
host: localhost:10889
accept: */*

Response DefaultHttpResponse(decodeResult: success, version: HTTP/1.1)
HTTP/1.1 200 OK
content-type: application/json; charset=utf-8
cache-control: no-cache
content-length: 88
date: Thu, 25 Jun 2020 12:50:23 GMT

15:50:23.695 [AsyncHttpClient-3-1] DEBUG o.a.netty.channel.ChannelManager - Adding key: http://localhost:10889 for channel [id: 0x7c68b8df, L:/127.0.0.1:64390 - R:localhost/127.0.0.1:10889]
15:50:23.695 [Forwarding getElementText on session 14f61660-7bcc-4279-b6a3-7163a94e0626 to remote] DEBUG o.a.netty.request.NettyRequestSender - Using pooled Channel '[id: 0x7c68b8df, L:/127.0.0.1:64390 - R:localhost/127.0.0.1:10889]' for 'GET' to 'http://localhost:10889/session/14f61660-7bcc-4279-b6a3-7163a94e0626/element/922d1eba-288c-46b9-98bb-7e36360a66d6/text'
15:50:23.695 [Forwarding getElementText on session 14f61660-7bcc-4279-b6a3-7163a94e0626 to remote] DEBUG o.a.netty.request.NettyRequestSender - Using open Channel [id: 0x7c68b8df, L:/127.0.0.1:64390 - R:localhost/127.0.0.1:10889] for GET '/session/14f61660-7bcc-4279-b6a3-7163a94e0626/element/922d1eba-288c-46b9-98bb-7e36360a66d6/text'
15:50:23.702 [AsyncHttpClient-3-1] DEBUG o.a.netty.handler.HttpHandler - 

Request DefaultFullHttpRequest(decodeResult: success, version: HTTP/1.1, content: EmptyByteBufBE)
GET /session/14f61660-7bcc-4279-b6a3-7163a94e0626/element/922d1eba-288c-46b9-98bb-7e36360a66d6/text HTTP/1.1
User-Agent: selenium/4.0.0-alpha-5 (java windows)
Cache-Control: no-cache
host: localhost:10889
accept: */*

Response DefaultHttpResponse(decodeResult: success, version: HTTP/1.1)
HTTP/1.1 200 OK
content-type: application/json; charset=utf-8
cache-control: no-cache
content-length: 57
date: Thu, 25 Jun 2020 12:50:23 GMT

15:50:23.702 [AsyncHttpClient-3-1] DEBUG o.a.netty.channel.ChannelManager - Adding key: http://localhost:10889 for channel [id: 0x7c68b8df, L:/127.0.0.1:64390 - R:localhost/127.0.0.1:10889]
15:50:23.703 [Forwarding findChildElement on session 14f61660-7bcc-4279-b6a3-7163a94e0626 to remote] DEBUG o.a.netty.request.NettyRequestSender - Using pooled Channel '[id: 0x7c68b8df, L:/127.0.0.1:64390 - R:localhost/127.0.0.1:10889]' for 'POST' to 'http://localhost:10889/session/14f61660-7bcc-4279-b6a3-7163a94e0626/element/30c04b18-73c1-45cc-9cd5-96b7a2e57e33/element'
15:50:23.703 [Forwarding findChildElement on session 14f61660-7bcc-4279-b6a3-7163a94e0626 to remote] DEBUG o.a.netty.request.NettyRequestSender - Using open Channel [id: 0x7c68b8df, L:/127.0.0.1:64390 - R:localhost/127.0.0.1:10889] for POST '/session/14f61660-7bcc-4279-b6a3-7163a94e0626/element/30c04b18-73c1-45cc-9cd5-96b7a2e57e33/element'
15:50:23.707 [AsyncHttpClient-3-1] DEBUG o.a.netty.handler.HttpHandler - 

Request DefaultHttpRequest(decodeResult: success, version: HTTP/1.1)
POST /session/14f61660-7bcc-4279-b6a3-7163a94e0626/element/30c04b18-73c1-45cc-9cd5-96b7a2e57e33/element HTTP/1.1
User-Agent: selenium/4.0.0-alpha-5 (java windows)
Content-Length: 97
Content-Type: application/json; charset=utf-8
host: localhost:10889
accept: */*

Response DefaultHttpResponse(decodeResult: success, version: HTTP/1.1)
HTTP/1.1 200 OK
content-type: application/json; charset=utf-8
cache-control: no-cache
content-length: 88
date: Thu, 25 Jun 2020 12:50:23 GMT

15:50:23.708 [AsyncHttpClient-3-1] DEBUG o.a.netty.channel.ChannelManager - Adding key: http://localhost:10889 for channel [id: 0x7c68b8df, L:/127.0.0.1:64390 - R:localhost/127.0.0.1:10889]
15:50:23.710 [Forwarding getElementAttribute on session 14f61660-7bcc-4279-b6a3-7163a94e0626 to remote] DEBUG o.a.netty.request.NettyRequestSender - Using pooled Channel '[id: 0x7c68b8df, L:/127.0.0.1:64390 - R:localhost/127.0.0.1:10889]' for 'POST' to 'http://localhost:10889/session/14f61660-7bcc-4279-b6a3-7163a94e0626/execute/sync'
15:50:23.711 [Forwarding getElementAttribute on session 14f61660-7bcc-4279-b6a3-7163a94e0626 to remote] DEBUG o.a.netty.request.NettyRequestSender - Using open Channel [id: 0x7c68b8df, L:/127.0.0.1:64390 - R:localhost/127.0.0.1:10889] for POST '/session/14f61660-7bcc-4279-b6a3-7163a94e0626/execute/sync'
15:50:23.726 [AsyncHttpClient-3-1] DEBUG o.a.netty.handler.HttpHandler - 

Request DefaultHttpRequest(decodeResult: success, version: HTTP/1.1)
POST /session/14f61660-7bcc-4279-b6a3-7163a94e0626/execute/sync HTTP/1.1
User-Agent: selenium/4.0.0-alpha-5 (java windows)
Content-Length: 39635
Content-Type: application/json; charset=utf-8
host: localhost:10889
accept: */*

Response DefaultHttpResponse(decodeResult: success, version: HTTP/1.1)
HTTP/1.1 200 OK
content-type: application/json; charset=utf-8
cache-control: no-cache
content-length: 15
date: Thu, 25 Jun 2020 12:50:23 GMT

15:50:23.726 [AsyncHttpClient-3-1] DEBUG o.a.netty.channel.ChannelManager - Adding key: http://localhost:10889 for channel [id: 0x7c68b8df, L:/127.0.0.1:64390 - R:localhost/127.0.0.1:10889]
15:50:23.727 [Forwarding findChildElement on session 14f61660-7bcc-4279-b6a3-7163a94e0626 to remote] DEBUG o.a.netty.request.NettyRequestSender - Using pooled Channel '[id: 0x7c68b8df, L:/127.0.0.1:64390 - R:localhost/127.0.0.1:10889]' for 'POST' to 'http://localhost:10889/session/14f61660-7bcc-4279-b6a3-7163a94e0626/element/d1d8a4aa-6746-4285-9fb1-de4075e46b89/element'
15:50:23.727 [Forwarding findChildElement on session 14f61660-7bcc-4279-b6a3-7163a94e0626 to remote] DEBUG o.a.netty.request.NettyRequestSender - Using open Channel [id: 0x7c68b8df, L:/127.0.0.1:64390 - R:localhost/127.0.0.1:10889] for POST '/session/14f61660-7bcc-4279-b6a3-7163a94e0626/element/d1d8a4aa-6746-4285-9fb1-de4075e46b89/element'
15:50:23.730 [AsyncHttpClient-3-1] DEBUG o.a.netty.handler.HttpHandler - 

Request DefaultHttpRequest(decodeResult: success, version: HTTP/1.1)
POST /session/14f61660-7bcc-4279-b6a3-7163a94e0626/element/d1d8a4aa-6746-4285-9fb1-de4075e46b89/element HTTP/1.1
User-Agent: selenium/4.0.0-alpha-5 (java windows)
Content-Length: 103
Content-Type: application/json; charset=utf-8
host: localhost:10889
accept: */*

Response DefaultHttpResponse(decodeResult: success, version: HTTP/1.1)
HTTP/1.1 200 OK
content-type: application/json; charset=utf-8
cache-control: no-cache
content-length: 88
date: Thu, 25 Jun 2020 12:50:23 GMT

15:50:23.730 [AsyncHttpClient-3-1] DEBUG o.a.netty.channel.ChannelManager - Adding key: http://localhost:10889 for channel [id: 0x7c68b8df, L:/127.0.0.1:64390 - R:localhost/127.0.0.1:10889]
15:50:23.731 [Forwarding getElementText on session 14f61660-7bcc-4279-b6a3-7163a94e0626 to remote] DEBUG o.a.netty.request.NettyRequestSender - Using pooled Channel '[id: 0x7c68b8df, L:/127.0.0.1:64390 - R:localhost/127.0.0.1:10889]' for 'GET' to 'http://localhost:10889/session/14f61660-7bcc-4279-b6a3-7163a94e0626/element/570b4728-8e60-40a8-9de0-31e612231a23/text'
15:50:23.731 [Forwarding getElementText on session 14f61660-7bcc-4279-b6a3-7163a94e0626 to remote] DEBUG o.a.netty.request.NettyRequestSender - Using open Channel [id: 0x7c68b8df, L:/127.0.0.1:64390 - R:localhost/127.0.0.1:10889] for GET '/session/14f61660-7bcc-4279-b6a3-7163a94e0626/element/570b4728-8e60-40a8-9de0-31e612231a23/text'
15:50:23.736 [AsyncHttpClient-3-1] DEBUG o.a.netty.handler.HttpHandler - 

Request DefaultFullHttpRequest(decodeResult: success, version: HTTP/1.1, content: EmptyByteBufBE)
GET /session/14f61660-7bcc-4279-b6a3-7163a94e0626/element/570b4728-8e60-40a8-9de0-31e612231a23/text HTTP/1.1
User-Agent: selenium/4.0.0-alpha-5 (java windows)
Cache-Control: no-cache
host: localhost:10889
accept: */*

Response DefaultHttpResponse(decodeResult: success, version: HTTP/1.1)
HTTP/1.1 200 OK
content-type: application/json; charset=utf-8
cache-control: no-cache
content-length: 18
date: Thu, 25 Jun 2020 12:50:23 GMT

15:50:23.736 [AsyncHttpClient-3-1] DEBUG o.a.netty.channel.ChannelManager - Adding key: http://localhost:10889 for channel [id: 0x7c68b8df, L:/127.0.0.1:64390 - R:localhost/127.0.0.1:10889]
15:50:23.737 [Forwarding findChildElement on session 14f61660-7bcc-4279-b6a3-7163a94e0626 to remote] DEBUG o.a.netty.request.NettyRequestSender - Using pooled Channel '[id: 0x7c68b8df, L:/127.0.0.1:64390 - R:localhost/127.0.0.1:10889]' for 'POST' to 'http://localhost:10889/session/14f61660-7bcc-4279-b6a3-7163a94e0626/element/d1d8a4aa-6746-4285-9fb1-de4075e46b89/element'
15:50:23.737 [Forwarding findChildElement on session 14f61660-7bcc-4279-b6a3-7163a94e0626 to remote] DEBUG o.a.netty.request.NettyRequestSender - Using open Channel [id: 0x7c68b8df, L:/127.0.0.1:64390 - R:localhost/127.0.0.1:10889] for POST '/session/14f61660-7bcc-4279-b6a3-7163a94e0626/element/d1d8a4aa-6746-4285-9fb1-de4075e46b89/element'
15:50:23.740 [AsyncHttpClient-3-1] DEBUG o.a.netty.handler.HttpHandler - 

Request DefaultHttpRequest(decodeResult: success, version: HTTP/1.1)
POST /session/14f61660-7bcc-4279-b6a3-7163a94e0626/element/d1d8a4aa-6746-4285-9fb1-de4075e46b89/element HTTP/1.1
User-Agent: selenium/4.0.0-alpha-5 (java windows)
Content-Length: 103
Content-Type: application/json; charset=utf-8
host: localhost:10889
accept: */*

Response DefaultHttpResponse(decodeResult: success, version: HTTP/1.1)
HTTP/1.1 200 OK
content-type: application/json; charset=utf-8
cache-control: no-cache
content-length: 88
date: Thu, 25 Jun 2020 12:50:23 GMT

15:50:23.741 [AsyncHttpClient-3-1] DEBUG o.a.netty.channel.ChannelManager - Adding key: http://localhost:10889 for channel [id: 0x7c68b8df, L:/127.0.0.1:64390 - R:localhost/127.0.0.1:10889]
15:50:23.741 [Forwarding getElementText on session 14f61660-7bcc-4279-b6a3-7163a94e0626 to remote] DEBUG o.a.netty.request.NettyRequestSender - Using pooled Channel '[id: 0x7c68b8df, L:/127.0.0.1:64390 - R:localhost/127.0.0.1:10889]' for 'GET' to 'http://localhost:10889/session/14f61660-7bcc-4279-b6a3-7163a94e0626/element/55761613-a2a1-42a9-8ef8-42f06641e280/text'
15:50:23.741 [Forwarding getElementText on session 14f61660-7bcc-4279-b6a3-7163a94e0626 to remote] DEBUG o.a.netty.request.NettyRequestSender - Using open Channel [id: 0x7c68b8df, L:/127.0.0.1:64390 - R:localhost/127.0.0.1:10889] for GET '/session/14f61660-7bcc-4279-b6a3-7163a94e0626/element/55761613-a2a1-42a9-8ef8-42f06641e280/text'
15:50:23.745 [AsyncHttpClient-3-1] DEBUG o.a.netty.handler.HttpHandler - 

Request DefaultFullHttpRequest(decodeResult: success, version: HTTP/1.1, content: EmptyByteBufBE)
GET /session/14f61660-7bcc-4279-b6a3-7163a94e0626/element/55761613-a2a1-42a9-8ef8-42f06641e280/text HTTP/1.1
User-Agent: selenium/4.0.0-alpha-5 (java windows)
Cache-Control: no-cache
host: localhost:10889
accept: */*

Response DefaultHttpResponse(decodeResult: success, version: HTTP/1.1)
HTTP/1.1 200 OK
content-type: application/json; charset=utf-8
cache-control: no-cache
content-length: 22
date: Thu, 25 Jun 2020 12:50:23 GMT

15:50:23.745 [AsyncHttpClient-3-1] DEBUG o.a.netty.channel.ChannelManager - Adding key: http://localhost:10889 for channel [id: 0x7c68b8df, L:/127.0.0.1:64390 - R:localhost/127.0.0.1:10889]
15:50:23.745 [Forwarding findChildElement on session 14f61660-7bcc-4279-b6a3-7163a94e0626 to remote] DEBUG o.a.netty.request.NettyRequestSender - Using pooled Channel '[id: 0x7c68b8df, L:/127.0.0.1:64390 - R:localhost/127.0.0.1:10889]' for 'POST' to 'http://localhost:10889/session/14f61660-7bcc-4279-b6a3-7163a94e0626/element/d1d8a4aa-6746-4285-9fb1-de4075e46b89/element'
15:50:23.746 [Forwarding findChildElement on session 14f61660-7bcc-4279-b6a3-7163a94e0626 to remote] DEBUG o.a.netty.request.NettyRequestSender - Using open Channel [id: 0x7c68b8df, L:/127.0.0.1:64390 - R:localhost/127.0.0.1:10889] for POST '/session/14f61660-7bcc-4279-b6a3-7163a94e0626/element/d1d8a4aa-6746-4285-9fb1-de4075e46b89/element'
15:50:23.749 [AsyncHttpClient-3-1] DEBUG o.a.netty.handler.HttpHandler - 

Request DefaultHttpRequest(decodeResult: success, version: HTTP/1.1)
POST /session/14f61660-7bcc-4279-b6a3-7163a94e0626/element/d1d8a4aa-6746-4285-9fb1-de4075e46b89/element HTTP/1.1
User-Agent: selenium/4.0.0-alpha-5 (java windows)
Content-Length: 103
Content-Type: application/json; charset=utf-8
host: localhost:10889
accept: */*

Response DefaultHttpResponse(decodeResult: success, version: HTTP/1.1)
HTTP/1.1 200 OK
content-type: application/json; charset=utf-8
cache-control: no-cache
content-length: 88
date: Thu, 25 Jun 2020 12:50:23 GMT

15:50:23.749 [AsyncHttpClient-3-1] DEBUG o.a.netty.channel.ChannelManager - Adding key: http://localhost:10889 for channel [id: 0x7c68b8df, L:/127.0.0.1:64390 - R:localhost/127.0.0.1:10889]
15:50:23.749 [Forwarding getElementText on session 14f61660-7bcc-4279-b6a3-7163a94e0626 to remote] DEBUG o.a.netty.request.NettyRequestSender - Using pooled Channel '[id: 0x7c68b8df, L:/127.0.0.1:64390 - R:localhost/127.0.0.1:10889]' for 'GET' to 'http://localhost:10889/session/14f61660-7bcc-4279-b6a3-7163a94e0626/element/3c4967a4-349e-463c-9b22-5bb4e429dc55/text'
15:50:23.749 [Forwarding getElementText on session 14f61660-7bcc-4279-b6a3-7163a94e0626 to remote] DEBUG o.a.netty.request.NettyRequestSender - Using open Channel [id: 0x7c68b8df, L:/127.0.0.1:64390 - R:localhost/127.0.0.1:10889] for GET '/session/14f61660-7bcc-4279-b6a3-7163a94e0626/element/3c4967a4-349e-463c-9b22-5bb4e429dc55/text'
15:50:23.754 [AsyncHttpClient-3-1] DEBUG o.a.netty.handler.HttpHandler - 

Request DefaultFullHttpRequest(decodeResult: success, version: HTTP/1.1, content: EmptyByteBufBE)
GET /session/14f61660-7bcc-4279-b6a3-7163a94e0626/element/3c4967a4-349e-463c-9b22-5bb4e429dc55/text HTTP/1.1
User-Agent: selenium/4.0.0-alpha-5 (java windows)
Cache-Control: no-cache
host: localhost:10889
accept: */*

Response DefaultHttpResponse(decodeResult: success, version: HTTP/1.1)
HTTP/1.1 200 OK
content-type: application/json; charset=utf-8
cache-control: no-cache
content-length: 21
date: Thu, 25 Jun 2020 12:50:23 GMT

15:50:23.754 [AsyncHttpClient-3-1] DEBUG o.a.netty.channel.ChannelManager - Adding key: http://localhost:10889 for channel [id: 0x7c68b8df, L:/127.0.0.1:64390 - R:localhost/127.0.0.1:10889]
15:50:23.755 [Forwarding findChildElement on session 14f61660-7bcc-4279-b6a3-7163a94e0626 to remote] DEBUG o.a.netty.request.NettyRequestSender - Using pooled Channel '[id: 0x7c68b8df, L:/127.0.0.1:64390 - R:localhost/127.0.0.1:10889]' for 'POST' to 'http://localhost:10889/session/14f61660-7bcc-4279-b6a3-7163a94e0626/element/d1d8a4aa-6746-4285-9fb1-de4075e46b89/element'
15:50:23.755 [Forwarding findChildElement on session 14f61660-7bcc-4279-b6a3-7163a94e0626 to remote] DEBUG o.a.netty.request.NettyRequestSender - Using open Channel [id: 0x7c68b8df, L:/127.0.0.1:64390 - R:localhost/127.0.0.1:10889] for POST '/session/14f61660-7bcc-4279-b6a3-7163a94e0626/element/d1d8a4aa-6746-4285-9fb1-de4075e46b89/element'
15:50:23.758 [AsyncHttpClient-3-1] DEBUG o.a.netty.handler.HttpHandler - 

Request DefaultHttpRequest(decodeResult: success, version: HTTP/1.1)
POST /session/14f61660-7bcc-4279-b6a3-7163a94e0626/element/d1d8a4aa-6746-4285-9fb1-de4075e46b89/element HTTP/1.1
User-Agent: selenium/4.0.0-alpha-5 (java windows)
Content-Length: 103
Content-Type: application/json; charset=utf-8
host: localhost:10889
accept: */*

Response DefaultHttpResponse(decodeResult: success, version: HTTP/1.1)
HTTP/1.1 200 OK
content-type: application/json; charset=utf-8
cache-control: no-cache
content-length: 88
date: Thu, 25 Jun 2020 12:50:23 GMT

15:50:23.759 [AsyncHttpClient-3-1] DEBUG o.a.netty.channel.ChannelManager - Adding key: http://localhost:10889 for channel [id: 0x7c68b8df, L:/127.0.0.1:64390 - R:localhost/127.0.0.1:10889]
15:50:23.759 [Forwarding getElementText on session 14f61660-7bcc-4279-b6a3-7163a94e0626 to remote] DEBUG o.a.netty.request.NettyRequestSender - Using pooled Channel '[id: 0x7c68b8df, L:/127.0.0.1:64390 - R:localhost/127.0.0.1:10889]' for 'GET' to 'http://localhost:10889/session/14f61660-7bcc-4279-b6a3-7163a94e0626/element/c6b47b33-c04b-4dfb-a4bd-5a6afb3be10d/text'
15:50:23.759 [Forwarding getElementText on session 14f61660-7bcc-4279-b6a3-7163a94e0626 to remote] DEBUG o.a.netty.request.NettyRequestSender - Using open Channel [id: 0x7c68b8df, L:/127.0.0.1:64390 - R:localhost/127.0.0.1:10889] for GET '/session/14f61660-7bcc-4279-b6a3-7163a94e0626/element/c6b47b33-c04b-4dfb-a4bd-5a6afb3be10d/text'
15:50:23.763 [AsyncHttpClient-3-1] DEBUG o.a.netty.handler.HttpHandler - 

Request DefaultFullHttpRequest(decodeResult: success, version: HTTP/1.1, content: EmptyByteBufBE)
GET /session/14f61660-7bcc-4279-b6a3-7163a94e0626/element/c6b47b33-c04b-4dfb-a4bd-5a6afb3be10d/text HTTP/1.1
User-Agent: selenium/4.0.0-alpha-5 (java windows)
Cache-Control: no-cache
host: localhost:10889
accept: */*

Response DefaultHttpResponse(decodeResult: success, version: HTTP/1.1)
HTTP/1.1 200 OK
content-type: application/json; charset=utf-8
cache-control: no-cache
content-length: 45
date: Thu, 25 Jun 2020 12:50:23 GMT

15:50:23.763 [AsyncHttpClient-3-1] DEBUG o.a.netty.channel.ChannelManager - Adding key: http://localhost:10889 for channel [id: 0x7c68b8df, L:/127.0.0.1:64390 - R:localhost/127.0.0.1:10889]
15:50:23.764 [Forwarding findChildElement on session 14f61660-7bcc-4279-b6a3-7163a94e0626 to remote] DEBUG o.a.netty.request.NettyRequestSender - Using pooled Channel '[id: 0x7c68b8df, L:/127.0.0.1:64390 - R:localhost/127.0.0.1:10889]' for 'POST' to 'http://localhost:10889/session/14f61660-7bcc-4279-b6a3-7163a94e0626/element/d1d8a4aa-6746-4285-9fb1-de4075e46b89/element'
15:50:23.764 [Forwarding findChildElement on session 14f61660-7bcc-4279-b6a3-7163a94e0626 to remote] DEBUG o.a.netty.request.NettyRequestSender - Using open Channel [id: 0x7c68b8df, L:/127.0.0.1:64390 - R:localhost/127.0.0.1:10889] for POST '/session/14f61660-7bcc-4279-b6a3-7163a94e0626/element/d1d8a4aa-6746-4285-9fb1-de4075e46b89/element'
15:50:23.767 [AsyncHttpClient-3-1] DEBUG o.a.netty.handler.HttpHandler - 

Request DefaultHttpRequest(decodeResult: success, version: HTTP/1.1)
POST /session/14f61660-7bcc-4279-b6a3-7163a94e0626/element/d1d8a4aa-6746-4285-9fb1-de4075e46b89/element HTTP/1.1
User-Agent: selenium/4.0.0-alpha-5 (java windows)
Content-Length: 103
Content-Type: application/json; charset=utf-8
host: localhost:10889
accept: */*

Response DefaultHttpResponse(decodeResult: success, version: HTTP/1.1)
HTTP/1.1 200 OK
content-type: application/json; charset=utf-8
cache-control: no-cache
content-length: 88
date: Thu, 25 Jun 2020 12:50:23 GMT

15:50:23.767 [AsyncHttpClient-3-1] DEBUG o.a.netty.channel.ChannelManager - Adding key: http://localhost:10889 for channel [id: 0x7c68b8df, L:/127.0.0.1:64390 - R:localhost/127.0.0.1:10889]
15:50:23.768 [Forwarding getElementText on session 14f61660-7bcc-4279-b6a3-7163a94e0626 to remote] DEBUG o.a.netty.request.NettyRequestSender - Using pooled Channel '[id: 0x7c68b8df, L:/127.0.0.1:64390 - R:localhost/127.0.0.1:10889]' for 'GET' to 'http://localhost:10889/session/14f61660-7bcc-4279-b6a3-7163a94e0626/element/0b73bab4-2c29-4073-a916-1787f0bec140/text'
15:50:23.768 [Forwarding getElementText on session 14f61660-7bcc-4279-b6a3-7163a94e0626 to remote] DEBUG o.a.netty.request.NettyRequestSender - Using open Channel [id: 0x7c68b8df, L:/127.0.0.1:64390 - R:localhost/127.0.0.1:10889] for GET '/session/14f61660-7bcc-4279-b6a3-7163a94e0626/element/0b73bab4-2c29-4073-a916-1787f0bec140/text'
15:50:23.776 [AsyncHttpClient-3-1] DEBUG o.a.netty.handler.HttpHandler - 

Request DefaultFullHttpRequest(decodeResult: success, version: HTTP/1.1, content: EmptyByteBufBE)
GET /session/14f61660-7bcc-4279-b6a3-7163a94e0626/element/0b73bab4-2c29-4073-a916-1787f0bec140/text HTTP/1.1
User-Agent: selenium/4.0.0-alpha-5 (java windows)
Cache-Control: no-cache
host: localhost:10889
accept: */*

Response DefaultHttpResponse(decodeResult: success, version: HTTP/1.1)
HTTP/1.1 200 OK
content-type: application/json; charset=utf-8
cache-control: no-cache
content-length: 57
date: Thu, 25 Jun 2020 12:50:23 GMT

15:50:23.776 [AsyncHttpClient-3-1] DEBUG o.a.netty.channel.ChannelManager - Adding key: http://localhost:10889 for channel [id: 0x7c68b8df, L:/127.0.0.1:64390 - R:localhost/127.0.0.1:10889]
15:50:23.776 [Forwarding findChildElement on session 14f61660-7bcc-4279-b6a3-7163a94e0626 to remote] DEBUG o.a.netty.request.NettyRequestSender - Using pooled Channel '[id: 0x7c68b8df, L:/127.0.0.1:64390 - R:localhost/127.0.0.1:10889]' for 'POST' to 'http://localhost:10889/session/14f61660-7bcc-4279-b6a3-7163a94e0626/element/d1d8a4aa-6746-4285-9fb1-de4075e46b89/element'
15:50:23.777 [Forwarding findChildElement on session 14f61660-7bcc-4279-b6a3-7163a94e0626 to remote] DEBUG o.a.netty.request.NettyRequestSender - Using open Channel [id: 0x7c68b8df, L:/127.0.0.1:64390 - R:localhost/127.0.0.1:10889] for POST '/session/14f61660-7bcc-4279-b6a3-7163a94e0626/element/d1d8a4aa-6746-4285-9fb1-de4075e46b89/element'
15:50:23.781 [AsyncHttpClient-3-1] DEBUG o.a.netty.handler.HttpHandler - 

Request DefaultHttpRequest(decodeResult: success, version: HTTP/1.1)
POST /session/14f61660-7bcc-4279-b6a3-7163a94e0626/element/d1d8a4aa-6746-4285-9fb1-de4075e46b89/element HTTP/1.1
User-Agent: selenium/4.0.0-alpha-5 (java windows)
Content-Length: 97
Content-Type: application/json; charset=utf-8
host: localhost:10889
accept: */*

Response DefaultHttpResponse(decodeResult: success, version: HTTP/1.1)
HTTP/1.1 200 OK
content-type: application/json; charset=utf-8
cache-control: no-cache
content-length: 88
date: Thu, 25 Jun 2020 12:50:23 GMT

15:50:23.781 [AsyncHttpClient-3-1] DEBUG o.a.netty.channel.ChannelManager - Adding key: http://localhost:10889 for channel [id: 0x7c68b8df, L:/127.0.0.1:64390 - R:localhost/127.0.0.1:10889]
15:50:23.784 [Forwarding getElementAttribute on session 14f61660-7bcc-4279-b6a3-7163a94e0626 to remote] DEBUG o.a.netty.request.NettyRequestSender - Using pooled Channel '[id: 0x7c68b8df, L:/127.0.0.1:64390 - R:localhost/127.0.0.1:10889]' for 'POST' to 'http://localhost:10889/session/14f61660-7bcc-4279-b6a3-7163a94e0626/execute/sync'
15:50:23.784 [Forwarding getElementAttribute on session 14f61660-7bcc-4279-b6a3-7163a94e0626 to remote] DEBUG o.a.netty.request.NettyRequestSender - Using open Channel [id: 0x7c68b8df, L:/127.0.0.1:64390 - R:localhost/127.0.0.1:10889] for POST '/session/14f61660-7bcc-4279-b6a3-7163a94e0626/execute/sync'
15:50:23.797 [AsyncHttpClient-3-1] DEBUG o.a.netty.handler.HttpHandler - 

Request DefaultHttpRequest(decodeResult: success, version: HTTP/1.1)
POST /session/14f61660-7bcc-4279-b6a3-7163a94e0626/execute/sync HTTP/1.1
User-Agent: selenium/4.0.0-alpha-5 (java windows)
Content-Length: 39635
Content-Type: application/json; charset=utf-8
host: localhost:10889
accept: */*

Response DefaultHttpResponse(decodeResult: success, version: HTTP/1.1)
HTTP/1.1 200 OK
content-type: application/json; charset=utf-8
cache-control: no-cache
content-length: 15
date: Thu, 25 Jun 2020 12:50:23 GMT

15:50:23.797 [AsyncHttpClient-3-1] DEBUG o.a.netty.channel.ChannelManager - Adding key: http://localhost:10889 for channel [id: 0x7c68b8df, L:/127.0.0.1:64390 - R:localhost/127.0.0.1:10889]
15:50:23.797 [Forwarding findChildElement on session 14f61660-7bcc-4279-b6a3-7163a94e0626 to remote] DEBUG o.a.netty.request.NettyRequestSender - Using pooled Channel '[id: 0x7c68b8df, L:/127.0.0.1:64390 - R:localhost/127.0.0.1:10889]' for 'POST' to 'http://localhost:10889/session/14f61660-7bcc-4279-b6a3-7163a94e0626/element/92a99fd1-cb8a-432a-9b7b-5822916dc9f7/element'
15:50:23.798 [Forwarding findChildElement on session 14f61660-7bcc-4279-b6a3-7163a94e0626 to remote] DEBUG o.a.netty.request.NettyRequestSender - Using open Channel [id: 0x7c68b8df, L:/127.0.0.1:64390 - R:localhost/127.0.0.1:10889] for POST '/session/14f61660-7bcc-4279-b6a3-7163a94e0626/element/92a99fd1-cb8a-432a-9b7b-5822916dc9f7/element'
15:50:23.802 [AsyncHttpClient-3-1] DEBUG o.a.netty.handler.HttpHandler - 

Request DefaultHttpRequest(decodeResult: success, version: HTTP/1.1)
POST /session/14f61660-7bcc-4279-b6a3-7163a94e0626/element/92a99fd1-cb8a-432a-9b7b-5822916dc9f7/element HTTP/1.1
User-Agent: selenium/4.0.0-alpha-5 (java windows)
Content-Length: 103
Content-Type: application/json; charset=utf-8
host: localhost:10889
accept: */*

Response DefaultHttpResponse(decodeResult: success, version: HTTP/1.1)
HTTP/1.1 200 OK
content-type: application/json; charset=utf-8
cache-control: no-cache
content-length: 88
date: Thu, 25 Jun 2020 12:50:23 GMT

15:50:23.802 [AsyncHttpClient-3-1] DEBUG o.a.netty.channel.ChannelManager - Adding key: http://localhost:10889 for channel [id: 0x7c68b8df, L:/127.0.0.1:64390 - R:localhost/127.0.0.1:10889]
15:50:23.802 [Forwarding getElementText on session 14f61660-7bcc-4279-b6a3-7163a94e0626 to remote] DEBUG o.a.netty.request.NettyRequestSender - Using pooled Channel '[id: 0x7c68b8df, L:/127.0.0.1:64390 - R:localhost/127.0.0.1:10889]' for 'GET' to 'http://localhost:10889/session/14f61660-7bcc-4279-b6a3-7163a94e0626/element/8a87c449-d25c-4c1d-9e60-1046e9baa1e9/text'
15:50:23.802 [Forwarding getElementText on session 14f61660-7bcc-4279-b6a3-7163a94e0626 to remote] DEBUG o.a.netty.request.NettyRequestSender - Using open Channel [id: 0x7c68b8df, L:/127.0.0.1:64390 - R:localhost/127.0.0.1:10889] for GET '/session/14f61660-7bcc-4279-b6a3-7163a94e0626/element/8a87c449-d25c-4c1d-9e60-1046e9baa1e9/text'
15:50:23.806 [AsyncHttpClient-3-1] DEBUG o.a.netty.handler.HttpHandler - 

Request DefaultFullHttpRequest(decodeResult: success, version: HTTP/1.1, content: EmptyByteBufBE)
GET /session/14f61660-7bcc-4279-b6a3-7163a94e0626/element/8a87c449-d25c-4c1d-9e60-1046e9baa1e9/text HTTP/1.1
User-Agent: selenium/4.0.0-alpha-5 (java windows)
Cache-Control: no-cache
host: localhost:10889
accept: */*

Response DefaultHttpResponse(decodeResult: success, version: HTTP/1.1)
HTTP/1.1 200 OK
content-type: application/json; charset=utf-8
cache-control: no-cache
content-length: 18
date: Thu, 25 Jun 2020 12:50:23 GMT

15:50:23.807 [AsyncHttpClient-3-1] DEBUG o.a.netty.channel.ChannelManager - Adding key: http://localhost:10889 for channel [id: 0x7c68b8df, L:/127.0.0.1:64390 - R:localhost/127.0.0.1:10889]
15:50:23.807 [Forwarding findChildElement on session 14f61660-7bcc-4279-b6a3-7163a94e0626 to remote] DEBUG o.a.netty.request.NettyRequestSender - Using pooled Channel '[id: 0x7c68b8df, L:/127.0.0.1:64390 - R:localhost/127.0.0.1:10889]' for 'POST' to 'http://localhost:10889/session/14f61660-7bcc-4279-b6a3-7163a94e0626/element/92a99fd1-cb8a-432a-9b7b-5822916dc9f7/element'
15:50:23.807 [Forwarding findChildElement on session 14f61660-7bcc-4279-b6a3-7163a94e0626 to remote] DEBUG o.a.netty.request.NettyRequestSender - Using open Channel [id: 0x7c68b8df, L:/127.0.0.1:64390 - R:localhost/127.0.0.1:10889] for POST '/session/14f61660-7bcc-4279-b6a3-7163a94e0626/element/92a99fd1-cb8a-432a-9b7b-5822916dc9f7/element'
15:50:23.810 [AsyncHttpClient-3-1] DEBUG o.a.netty.handler.HttpHandler - 

Request DefaultHttpRequest(decodeResult: success, version: HTTP/1.1)
POST /session/14f61660-7bcc-4279-b6a3-7163a94e0626/element/92a99fd1-cb8a-432a-9b7b-5822916dc9f7/element HTTP/1.1
User-Agent: selenium/4.0.0-alpha-5 (java windows)
Content-Length: 103
Content-Type: application/json; charset=utf-8
host: localhost:10889
accept: */*

Response DefaultHttpResponse(decodeResult: success, version: HTTP/1.1)
HTTP/1.1 200 OK
content-type: application/json; charset=utf-8
cache-control: no-cache
content-length: 88
date: Thu, 25 Jun 2020 12:50:23 GMT

15:50:23.811 [AsyncHttpClient-3-1] DEBUG o.a.netty.channel.ChannelManager - Adding key: http://localhost:10889 for channel [id: 0x7c68b8df, L:/127.0.0.1:64390 - R:localhost/127.0.0.1:10889]
15:50:23.811 [Forwarding getElementText on session 14f61660-7bcc-4279-b6a3-7163a94e0626 to remote] DEBUG o.a.netty.request.NettyRequestSender - Using pooled Channel '[id: 0x7c68b8df, L:/127.0.0.1:64390 - R:localhost/127.0.0.1:10889]' for 'GET' to 'http://localhost:10889/session/14f61660-7bcc-4279-b6a3-7163a94e0626/element/ec5bc82b-c116-489a-9ef0-5d20e3aaf07b/text'
15:50:23.811 [Forwarding getElementText on session 14f61660-7bcc-4279-b6a3-7163a94e0626 to remote] DEBUG o.a.netty.request.NettyRequestSender - Using open Channel [id: 0x7c68b8df, L:/127.0.0.1:64390 - R:localhost/127.0.0.1:10889] for GET '/session/14f61660-7bcc-4279-b6a3-7163a94e0626/element/ec5bc82b-c116-489a-9ef0-5d20e3aaf07b/text'
15:50:23.815 [AsyncHttpClient-3-1] DEBUG o.a.netty.handler.HttpHandler - 

Request DefaultFullHttpRequest(decodeResult: success, version: HTTP/1.1, content: EmptyByteBufBE)
GET /session/14f61660-7bcc-4279-b6a3-7163a94e0626/element/ec5bc82b-c116-489a-9ef0-5d20e3aaf07b/text HTTP/1.1
User-Agent: selenium/4.0.0-alpha-5 (java windows)
Cache-Control: no-cache
host: localhost:10889
accept: */*

Response DefaultHttpResponse(decodeResult: success, version: HTTP/1.1)
HTTP/1.1 200 OK
content-type: application/json; charset=utf-8
cache-control: no-cache
content-length: 22
date: Thu, 25 Jun 2020 12:50:23 GMT

15:50:23.815 [AsyncHttpClient-3-1] DEBUG o.a.netty.channel.ChannelManager - Adding key: http://localhost:10889 for channel [id: 0x7c68b8df, L:/127.0.0.1:64390 - R:localhost/127.0.0.1:10889]
15:50:23.815 [Forwarding findChildElement on session 14f61660-7bcc-4279-b6a3-7163a94e0626 to remote] DEBUG o.a.netty.request.NettyRequestSender - Using pooled Channel '[id: 0x7c68b8df, L:/127.0.0.1:64390 - R:localhost/127.0.0.1:10889]' for 'POST' to 'http://localhost:10889/session/14f61660-7bcc-4279-b6a3-7163a94e0626/element/92a99fd1-cb8a-432a-9b7b-5822916dc9f7/element'
15:50:23.815 [Forwarding findChildElement on session 14f61660-7bcc-4279-b6a3-7163a94e0626 to remote] DEBUG o.a.netty.request.NettyRequestSender - Using open Channel [id: 0x7c68b8df, L:/127.0.0.1:64390 - R:localhost/127.0.0.1:10889] for POST '/session/14f61660-7bcc-4279-b6a3-7163a94e0626/element/92a99fd1-cb8a-432a-9b7b-5822916dc9f7/element'
15:50:23.819 [AsyncHttpClient-3-1] DEBUG o.a.netty.handler.HttpHandler - 

Request DefaultHttpRequest(decodeResult: success, version: HTTP/1.1)
POST /session/14f61660-7bcc-4279-b6a3-7163a94e0626/element/92a99fd1-cb8a-432a-9b7b-5822916dc9f7/element HTTP/1.1
User-Agent: selenium/4.0.0-alpha-5 (java windows)
Content-Length: 103
Content-Type: application/json; charset=utf-8
host: localhost:10889
accept: */*

Response DefaultHttpResponse(decodeResult: success, version: HTTP/1.1)
HTTP/1.1 200 OK
content-type: application/json; charset=utf-8
cache-control: no-cache
content-length: 88
date: Thu, 25 Jun 2020 12:50:23 GMT

15:50:23.819 [AsyncHttpClient-3-1] DEBUG o.a.netty.channel.ChannelManager - Adding key: http://localhost:10889 for channel [id: 0x7c68b8df, L:/127.0.0.1:64390 - R:localhost/127.0.0.1:10889]
15:50:23.820 [Forwarding getElementText on session 14f61660-7bcc-4279-b6a3-7163a94e0626 to remote] DEBUG o.a.netty.request.NettyRequestSender - Using pooled Channel '[id: 0x7c68b8df, L:/127.0.0.1:64390 - R:localhost/127.0.0.1:10889]' for 'GET' to 'http://localhost:10889/session/14f61660-7bcc-4279-b6a3-7163a94e0626/element/6e70995d-4b78-44c5-bbbf-5c241d3051c8/text'
15:50:23.820 [Forwarding getElementText on session 14f61660-7bcc-4279-b6a3-7163a94e0626 to remote] DEBUG o.a.netty.request.NettyRequestSender - Using open Channel [id: 0x7c68b8df, L:/127.0.0.1:64390 - R:localhost/127.0.0.1:10889] for GET '/session/14f61660-7bcc-4279-b6a3-7163a94e0626/element/6e70995d-4b78-44c5-bbbf-5c241d3051c8/text'
15:50:23.824 [AsyncHttpClient-3-1] DEBUG o.a.netty.handler.HttpHandler - 

Request DefaultFullHttpRequest(decodeResult: success, version: HTTP/1.1, content: EmptyByteBufBE)
GET /session/14f61660-7bcc-4279-b6a3-7163a94e0626/element/6e70995d-4b78-44c5-bbbf-5c241d3051c8/text HTTP/1.1
User-Agent: selenium/4.0.0-alpha-5 (java windows)
Cache-Control: no-cache
host: localhost:10889
accept: */*

Response DefaultHttpResponse(decodeResult: success, version: HTTP/1.1)
HTTP/1.1 200 OK
content-type: application/json; charset=utf-8
cache-control: no-cache
content-length: 21
date: Thu, 25 Jun 2020 12:50:23 GMT

15:50:23.825 [AsyncHttpClient-3-1] DEBUG o.a.netty.channel.ChannelManager - Adding key: http://localhost:10889 for channel [id: 0x7c68b8df, L:/127.0.0.1:64390 - R:localhost/127.0.0.1:10889]
15:50:23.825 [Forwarding findChildElement on session 14f61660-7bcc-4279-b6a3-7163a94e0626 to remote] DEBUG o.a.netty.request.NettyRequestSender - Using pooled Channel '[id: 0x7c68b8df, L:/127.0.0.1:64390 - R:localhost/127.0.0.1:10889]' for 'POST' to 'http://localhost:10889/session/14f61660-7bcc-4279-b6a3-7163a94e0626/element/92a99fd1-cb8a-432a-9b7b-5822916dc9f7/element'
15:50:23.825 [Forwarding findChildElement on session 14f61660-7bcc-4279-b6a3-7163a94e0626 to remote] DEBUG o.a.netty.request.NettyRequestSender - Using open Channel [id: 0x7c68b8df, L:/127.0.0.1:64390 - R:localhost/127.0.0.1:10889] for POST '/session/14f61660-7bcc-4279-b6a3-7163a94e0626/element/92a99fd1-cb8a-432a-9b7b-5822916dc9f7/element'
15:50:23.829 [AsyncHttpClient-3-1] DEBUG o.a.netty.handler.HttpHandler - 

Request DefaultHttpRequest(decodeResult: success, version: HTTP/1.1)
POST /session/14f61660-7bcc-4279-b6a3-7163a94e0626/element/92a99fd1-cb8a-432a-9b7b-5822916dc9f7/element HTTP/1.1
User-Agent: selenium/4.0.0-alpha-5 (java windows)
Content-Length: 103
Content-Type: application/json; charset=utf-8
host: localhost:10889
accept: */*

Response DefaultHttpResponse(decodeResult: success, version: HTTP/1.1)
HTTP/1.1 200 OK
content-type: application/json; charset=utf-8
cache-control: no-cache
content-length: 88
date: Thu, 25 Jun 2020 12:50:23 GMT

15:50:23.829 [AsyncHttpClient-3-1] DEBUG o.a.netty.channel.ChannelManager - Adding key: http://localhost:10889 for channel [id: 0x7c68b8df, L:/127.0.0.1:64390 - R:localhost/127.0.0.1:10889]
15:50:23.829 [Forwarding getElementText on session 14f61660-7bcc-4279-b6a3-7163a94e0626 to remote] DEBUG o.a.netty.request.NettyRequestSender - Using pooled Channel '[id: 0x7c68b8df, L:/127.0.0.1:64390 - R:localhost/127.0.0.1:10889]' for 'GET' to 'http://localhost:10889/session/14f61660-7bcc-4279-b6a3-7163a94e0626/element/ab1d02e1-8a93-4b78-b788-125bd6b9c1a1/text'
15:50:23.829 [Forwarding getElementText on session 14f61660-7bcc-4279-b6a3-7163a94e0626 to remote] DEBUG o.a.netty.request.NettyRequestSender - Using open Channel [id: 0x7c68b8df, L:/127.0.0.1:64390 - R:localhost/127.0.0.1:10889] for GET '/session/14f61660-7bcc-4279-b6a3-7163a94e0626/element/ab1d02e1-8a93-4b78-b788-125bd6b9c1a1/text'
15:50:23.833 [AsyncHttpClient-3-1] DEBUG o.a.netty.handler.HttpHandler - 

Request DefaultFullHttpRequest(decodeResult: success, version: HTTP/1.1, content: EmptyByteBufBE)
GET /session/14f61660-7bcc-4279-b6a3-7163a94e0626/element/ab1d02e1-8a93-4b78-b788-125bd6b9c1a1/text HTTP/1.1
User-Agent: selenium/4.0.0-alpha-5 (java windows)
Cache-Control: no-cache
host: localhost:10889
accept: */*

Response DefaultHttpResponse(decodeResult: success, version: HTTP/1.1)
HTTP/1.1 200 OK
content-type: application/json; charset=utf-8
cache-control: no-cache
content-length: 45
date: Thu, 25 Jun 2020 12:50:23 GMT

15:50:23.833 [AsyncHttpClient-3-1] DEBUG o.a.netty.channel.ChannelManager - Adding key: http://localhost:10889 for channel [id: 0x7c68b8df, L:/127.0.0.1:64390 - R:localhost/127.0.0.1:10889]
15:50:23.834 [Forwarding findChildElement on session 14f61660-7bcc-4279-b6a3-7163a94e0626 to remote] DEBUG o.a.netty.request.NettyRequestSender - Using pooled Channel '[id: 0x7c68b8df, L:/127.0.0.1:64390 - R:localhost/127.0.0.1:10889]' for 'POST' to 'http://localhost:10889/session/14f61660-7bcc-4279-b6a3-7163a94e0626/element/92a99fd1-cb8a-432a-9b7b-5822916dc9f7/element'
15:50:23.834 [Forwarding findChildElement on session 14f61660-7bcc-4279-b6a3-7163a94e0626 to remote] DEBUG o.a.netty.request.NettyRequestSender - Using open Channel [id: 0x7c68b8df, L:/127.0.0.1:64390 - R:localhost/127.0.0.1:10889] for POST '/session/14f61660-7bcc-4279-b6a3-7163a94e0626/element/92a99fd1-cb8a-432a-9b7b-5822916dc9f7/element'
15:50:23.837 [AsyncHttpClient-3-1] DEBUG o.a.netty.handler.HttpHandler - 

Request DefaultHttpRequest(decodeResult: success, version: HTTP/1.1)
POST /session/14f61660-7bcc-4279-b6a3-7163a94e0626/element/92a99fd1-cb8a-432a-9b7b-5822916dc9f7/element HTTP/1.1
User-Agent: selenium/4.0.0-alpha-5 (java windows)
Content-Length: 103
Content-Type: application/json; charset=utf-8
host: localhost:10889
accept: */*

Response DefaultHttpResponse(decodeResult: success, version: HTTP/1.1)
HTTP/1.1 200 OK
content-type: application/json; charset=utf-8
cache-control: no-cache
content-length: 88
date: Thu, 25 Jun 2020 12:50:23 GMT

15:50:23.837 [AsyncHttpClient-3-1] DEBUG o.a.netty.channel.ChannelManager - Adding key: http://localhost:10889 for channel [id: 0x7c68b8df, L:/127.0.0.1:64390 - R:localhost/127.0.0.1:10889]
15:50:23.838 [Forwarding getElementText on session 14f61660-7bcc-4279-b6a3-7163a94e0626 to remote] DEBUG o.a.netty.request.NettyRequestSender - Using pooled Channel '[id: 0x7c68b8df, L:/127.0.0.1:64390 - R:localhost/127.0.0.1:10889]' for 'GET' to 'http://localhost:10889/session/14f61660-7bcc-4279-b6a3-7163a94e0626/element/c082d93f-ccfa-48d3-8c46-13fbbc42c43e/text'
15:50:23.838 [Forwarding getElementText on session 14f61660-7bcc-4279-b6a3-7163a94e0626 to remote] DEBUG o.a.netty.request.NettyRequestSender - Using open Channel [id: 0x7c68b8df, L:/127.0.0.1:64390 - R:localhost/127.0.0.1:10889] for GET '/session/14f61660-7bcc-4279-b6a3-7163a94e0626/element/c082d93f-ccfa-48d3-8c46-13fbbc42c43e/text'
15:50:23.845 [AsyncHttpClient-3-1] DEBUG o.a.netty.handler.HttpHandler - 

Request DefaultFullHttpRequest(decodeResult: success, version: HTTP/1.1, content: EmptyByteBufBE)
GET /session/14f61660-7bcc-4279-b6a3-7163a94e0626/element/c082d93f-ccfa-48d3-8c46-13fbbc42c43e/text HTTP/1.1
User-Agent: selenium/4.0.0-alpha-5 (java windows)
Cache-Control: no-cache
host: localhost:10889
accept: */*

Response DefaultHttpResponse(decodeResult: success, version: HTTP/1.1)
HTTP/1.1 200 OK
content-type: application/json; charset=utf-8
cache-control: no-cache
content-length: 57
date: Thu, 25 Jun 2020 12:50:23 GMT

15:50:23.845 [AsyncHttpClient-3-1] DEBUG o.a.netty.channel.ChannelManager - Adding key: http://localhost:10889 for channel [id: 0x7c68b8df, L:/127.0.0.1:64390 - R:localhost/127.0.0.1:10889]
15:50:23.845 [Forwarding findChildElement on session 14f61660-7bcc-4279-b6a3-7163a94e0626 to remote] DEBUG o.a.netty.request.NettyRequestSender - Using pooled Channel '[id: 0x7c68b8df, L:/127.0.0.1:64390 - R:localhost/127.0.0.1:10889]' for 'POST' to 'http://localhost:10889/session/14f61660-7bcc-4279-b6a3-7163a94e0626/element/92a99fd1-cb8a-432a-9b7b-5822916dc9f7/element'
15:50:23.845 [Forwarding findChildElement on session 14f61660-7bcc-4279-b6a3-7163a94e0626 to remote] DEBUG o.a.netty.request.NettyRequestSender - Using open Channel [id: 0x7c68b8df, L:/127.0.0.1:64390 - R:localhost/127.0.0.1:10889] for POST '/session/14f61660-7bcc-4279-b6a3-7163a94e0626/element/92a99fd1-cb8a-432a-9b7b-5822916dc9f7/element'
15:50:23.848 [AsyncHttpClient-3-1] DEBUG o.a.netty.handler.HttpHandler - 

Request DefaultHttpRequest(decodeResult: success, version: HTTP/1.1)
POST /session/14f61660-7bcc-4279-b6a3-7163a94e0626/element/92a99fd1-cb8a-432a-9b7b-5822916dc9f7/element HTTP/1.1
User-Agent: selenium/4.0.0-alpha-5 (java windows)
Content-Length: 97
Content-Type: application/json; charset=utf-8
host: localhost:10889
accept: */*

Response DefaultHttpResponse(decodeResult: success, version: HTTP/1.1)
HTTP/1.1 200 OK
content-type: application/json; charset=utf-8
cache-control: no-cache
content-length: 88
date: Thu, 25 Jun 2020 12:50:23 GMT

15:50:23.849 [AsyncHttpClient-3-1] DEBUG o.a.netty.channel.ChannelManager - Adding key: http://localhost:10889 for channel [id: 0x7c68b8df, L:/127.0.0.1:64390 - R:localhost/127.0.0.1:10889]
15:50:23.851 [Forwarding getElementAttribute on session 14f61660-7bcc-4279-b6a3-7163a94e0626 to remote] DEBUG o.a.netty.request.NettyRequestSender - Using pooled Channel '[id: 0x7c68b8df, L:/127.0.0.1:64390 - R:localhost/127.0.0.1:10889]' for 'POST' to 'http://localhost:10889/session/14f61660-7bcc-4279-b6a3-7163a94e0626/execute/sync'
15:50:23.852 [Forwarding getElementAttribute on session 14f61660-7bcc-4279-b6a3-7163a94e0626 to remote] DEBUG o.a.netty.request.NettyRequestSender - Using open Channel [id: 0x7c68b8df, L:/127.0.0.1:64390 - R:localhost/127.0.0.1:10889] for POST '/session/14f61660-7bcc-4279-b6a3-7163a94e0626/execute/sync'
15:50:23.865 [AsyncHttpClient-3-1] DEBUG o.a.netty.handler.HttpHandler - 

Request DefaultHttpRequest(decodeResult: success, version: HTTP/1.1)
POST /session/14f61660-7bcc-4279-b6a3-7163a94e0626/execute/sync HTTP/1.1
User-Agent: selenium/4.0.0-alpha-5 (java windows)
Content-Length: 39635
Content-Type: application/json; charset=utf-8
host: localhost:10889
accept: */*

Response DefaultHttpResponse(decodeResult: success, version: HTTP/1.1)
HTTP/1.1 200 OK
content-type: application/json; charset=utf-8
cache-control: no-cache
content-length: 15
date: Thu, 25 Jun 2020 12:50:23 GMT

15:50:23.865 [AsyncHttpClient-3-1] DEBUG o.a.netty.channel.ChannelManager - Adding key: http://localhost:10889 for channel [id: 0x7c68b8df, L:/127.0.0.1:64390 - R:localhost/127.0.0.1:10889]
15:50:23.866 [Forwarding findChildElement on session 14f61660-7bcc-4279-b6a3-7163a94e0626 to remote] DEBUG o.a.netty.request.NettyRequestSender - Using pooled Channel '[id: 0x7c68b8df, L:/127.0.0.1:64390 - R:localhost/127.0.0.1:10889]' for 'POST' to 'http://localhost:10889/session/14f61660-7bcc-4279-b6a3-7163a94e0626/element/830b5e7a-bf87-4733-a330-0e2d01a2773e/element'
15:50:23.866 [Forwarding findChildElement on session 14f61660-7bcc-4279-b6a3-7163a94e0626 to remote] DEBUG o.a.netty.request.NettyRequestSender - Using open Channel [id: 0x7c68b8df, L:/127.0.0.1:64390 - R:localhost/127.0.0.1:10889] for POST '/session/14f61660-7bcc-4279-b6a3-7163a94e0626/element/830b5e7a-bf87-4733-a330-0e2d01a2773e/element'
15:50:23.869 [AsyncHttpClient-3-1] DEBUG o.a.netty.handler.HttpHandler - 

Request DefaultHttpRequest(decodeResult: success, version: HTTP/1.1)
POST /session/14f61660-7bcc-4279-b6a3-7163a94e0626/element/830b5e7a-bf87-4733-a330-0e2d01a2773e/element HTTP/1.1
User-Agent: selenium/4.0.0-alpha-5 (java windows)
Content-Length: 103
Content-Type: application/json; charset=utf-8
host: localhost:10889
accept: */*

Response DefaultHttpResponse(decodeResult: success, version: HTTP/1.1)
HTTP/1.1 200 OK
content-type: application/json; charset=utf-8
cache-control: no-cache
content-length: 88
date: Thu, 25 Jun 2020 12:50:23 GMT

15:50:23.869 [AsyncHttpClient-3-1] DEBUG o.a.netty.channel.ChannelManager - Adding key: http://localhost:10889 for channel [id: 0x7c68b8df, L:/127.0.0.1:64390 - R:localhost/127.0.0.1:10889]
15:50:23.869 [Forwarding getElementText on session 14f61660-7bcc-4279-b6a3-7163a94e0626 to remote] DEBUG o.a.netty.request.NettyRequestSender - Using pooled Channel '[id: 0x7c68b8df, L:/127.0.0.1:64390 - R:localhost/127.0.0.1:10889]' for 'GET' to 'http://localhost:10889/session/14f61660-7bcc-4279-b6a3-7163a94e0626/element/c1063640-0c24-4dde-9354-96b1a727c60f/text'
15:50:23.869 [Forwarding getElementText on session 14f61660-7bcc-4279-b6a3-7163a94e0626 to remote] DEBUG o.a.netty.request.NettyRequestSender - Using open Channel [id: 0x7c68b8df, L:/127.0.0.1:64390 - R:localhost/127.0.0.1:10889] for GET '/session/14f61660-7bcc-4279-b6a3-7163a94e0626/element/c1063640-0c24-4dde-9354-96b1a727c60f/text'
15:50:23.878 [AsyncHttpClient-3-1] DEBUG o.a.netty.handler.HttpHandler - 

Request DefaultFullHttpRequest(decodeResult: success, version: HTTP/1.1, content: EmptyByteBufBE)
GET /session/14f61660-7bcc-4279-b6a3-7163a94e0626/element/c1063640-0c24-4dde-9354-96b1a727c60f/text HTTP/1.1
User-Agent: selenium/4.0.0-alpha-5 (java windows)
Cache-Control: no-cache
host: localhost:10889
accept: */*

Response DefaultHttpResponse(decodeResult: success, version: HTTP/1.1)
HTTP/1.1 200 OK
content-type: application/json; charset=utf-8
cache-control: no-cache
content-length: 18
date: Thu, 25 Jun 2020 12:50:23 GMT

15:50:23.878 [AsyncHttpClient-3-1] DEBUG o.a.netty.channel.ChannelManager - Adding key: http://localhost:10889 for channel [id: 0x7c68b8df, L:/127.0.0.1:64390 - R:localhost/127.0.0.1:10889]
15:50:23.878 [Forwarding findChildElement on session 14f61660-7bcc-4279-b6a3-7163a94e0626 to remote] DEBUG o.a.netty.request.NettyRequestSender - Using pooled Channel '[id: 0x7c68b8df, L:/127.0.0.1:64390 - R:localhost/127.0.0.1:10889]' for 'POST' to 'http://localhost:10889/session/14f61660-7bcc-4279-b6a3-7163a94e0626/element/830b5e7a-bf87-4733-a330-0e2d01a2773e/element'
15:50:23.878 [Forwarding findChildElement on session 14f61660-7bcc-4279-b6a3-7163a94e0626 to remote] DEBUG o.a.netty.request.NettyRequestSender - Using open Channel [id: 0x7c68b8df, L:/127.0.0.1:64390 - R:localhost/127.0.0.1:10889] for POST '/session/14f61660-7bcc-4279-b6a3-7163a94e0626/element/830b5e7a-bf87-4733-a330-0e2d01a2773e/element'
15:50:23.882 [AsyncHttpClient-3-1] DEBUG o.a.netty.handler.HttpHandler - 

Request DefaultHttpRequest(decodeResult: success, version: HTTP/1.1)
POST /session/14f61660-7bcc-4279-b6a3-7163a94e0626/element/830b5e7a-bf87-4733-a330-0e2d01a2773e/element HTTP/1.1
User-Agent: selenium/4.0.0-alpha-5 (java windows)
Content-Length: 103
Content-Type: application/json; charset=utf-8
host: localhost:10889
accept: */*

Response DefaultHttpResponse(decodeResult: success, version: HTTP/1.1)
HTTP/1.1 200 OK
content-type: application/json; charset=utf-8
cache-control: no-cache
content-length: 88
date: Thu, 25 Jun 2020 12:50:23 GMT

15:50:23.882 [AsyncHttpClient-3-1] DEBUG o.a.netty.channel.ChannelManager - Adding key: http://localhost:10889 for channel [id: 0x7c68b8df, L:/127.0.0.1:64390 - R:localhost/127.0.0.1:10889]
15:50:23.882 [Forwarding getElementText on session 14f61660-7bcc-4279-b6a3-7163a94e0626 to remote] DEBUG o.a.netty.request.NettyRequestSender - Using pooled Channel '[id: 0x7c68b8df, L:/127.0.0.1:64390 - R:localhost/127.0.0.1:10889]' for 'GET' to 'http://localhost:10889/session/14f61660-7bcc-4279-b6a3-7163a94e0626/element/59661cac-62d5-478d-994d-0855ea9fd4b3/text'
15:50:23.882 [Forwarding getElementText on session 14f61660-7bcc-4279-b6a3-7163a94e0626 to remote] DEBUG o.a.netty.request.NettyRequestSender - Using open Channel [id: 0x7c68b8df, L:/127.0.0.1:64390 - R:localhost/127.0.0.1:10889] for GET '/session/14f61660-7bcc-4279-b6a3-7163a94e0626/element/59661cac-62d5-478d-994d-0855ea9fd4b3/text'
15:50:23.887 [AsyncHttpClient-3-1] DEBUG o.a.netty.handler.HttpHandler - 

Request DefaultFullHttpRequest(decodeResult: success, version: HTTP/1.1, content: EmptyByteBufBE)
GET /session/14f61660-7bcc-4279-b6a3-7163a94e0626/element/59661cac-62d5-478d-994d-0855ea9fd4b3/text HTTP/1.1
User-Agent: selenium/4.0.0-alpha-5 (java windows)
Cache-Control: no-cache
host: localhost:10889
accept: */*

Response DefaultHttpResponse(decodeResult: success, version: HTTP/1.1)
HTTP/1.1 200 OK
content-type: application/json; charset=utf-8
cache-control: no-cache
content-length: 22
date: Thu, 25 Jun 2020 12:50:23 GMT

15:50:23.887 [AsyncHttpClient-3-1] DEBUG o.a.netty.channel.ChannelManager - Adding key: http://localhost:10889 for channel [id: 0x7c68b8df, L:/127.0.0.1:64390 - R:localhost/127.0.0.1:10889]
15:50:23.888 [Forwarding findChildElement on session 14f61660-7bcc-4279-b6a3-7163a94e0626 to remote] DEBUG o.a.netty.request.NettyRequestSender - Using pooled Channel '[id: 0x7c68b8df, L:/127.0.0.1:64390 - R:localhost/127.0.0.1:10889]' for 'POST' to 'http://localhost:10889/session/14f61660-7bcc-4279-b6a3-7163a94e0626/element/830b5e7a-bf87-4733-a330-0e2d01a2773e/element'
15:50:23.888 [Forwarding findChildElement on session 14f61660-7bcc-4279-b6a3-7163a94e0626 to remote] DEBUG o.a.netty.request.NettyRequestSender - Using open Channel [id: 0x7c68b8df, L:/127.0.0.1:64390 - R:localhost/127.0.0.1:10889] for POST '/session/14f61660-7bcc-4279-b6a3-7163a94e0626/element/830b5e7a-bf87-4733-a330-0e2d01a2773e/element'
15:50:23.893 [AsyncHttpClient-3-1] DEBUG o.a.netty.handler.HttpHandler - 

Request DefaultHttpRequest(decodeResult: success, version: HTTP/1.1)
POST /session/14f61660-7bcc-4279-b6a3-7163a94e0626/element/830b5e7a-bf87-4733-a330-0e2d01a2773e/element HTTP/1.1
User-Agent: selenium/4.0.0-alpha-5 (java windows)
Content-Length: 103
Content-Type: application/json; charset=utf-8
host: localhost:10889
accept: */*

Response DefaultHttpResponse(decodeResult: success, version: HTTP/1.1)
HTTP/1.1 200 OK
content-type: application/json; charset=utf-8
cache-control: no-cache
content-length: 88
date: Thu, 25 Jun 2020 12:50:23 GMT

15:50:23.893 [AsyncHttpClient-3-1] DEBUG o.a.netty.channel.ChannelManager - Adding key: http://localhost:10889 for channel [id: 0x7c68b8df, L:/127.0.0.1:64390 - R:localhost/127.0.0.1:10889]
15:50:23.894 [Forwarding getElementText on session 14f61660-7bcc-4279-b6a3-7163a94e0626 to remote] DEBUG o.a.netty.request.NettyRequestSender - Using pooled Channel '[id: 0x7c68b8df, L:/127.0.0.1:64390 - R:localhost/127.0.0.1:10889]' for 'GET' to 'http://localhost:10889/session/14f61660-7bcc-4279-b6a3-7163a94e0626/element/e17ea272-8bb9-4474-98ec-346d514d9e6b/text'
15:50:23.894 [Forwarding getElementText on session 14f61660-7bcc-4279-b6a3-7163a94e0626 to remote] DEBUG o.a.netty.request.NettyRequestSender - Using open Channel [id: 0x7c68b8df, L:/127.0.0.1:64390 - R:localhost/127.0.0.1:10889] for GET '/session/14f61660-7bcc-4279-b6a3-7163a94e0626/element/e17ea272-8bb9-4474-98ec-346d514d9e6b/text'
15:50:23.900 [AsyncHttpClient-3-1] DEBUG o.a.netty.handler.HttpHandler - 

Request DefaultFullHttpRequest(decodeResult: success, version: HTTP/1.1, content: EmptyByteBufBE)
GET /session/14f61660-7bcc-4279-b6a3-7163a94e0626/element/e17ea272-8bb9-4474-98ec-346d514d9e6b/text HTTP/1.1
User-Agent: selenium/4.0.0-alpha-5 (java windows)
Cache-Control: no-cache
host: localhost:10889
accept: */*

Response DefaultHttpResponse(decodeResult: success, version: HTTP/1.1)
HTTP/1.1 200 OK
content-type: application/json; charset=utf-8
cache-control: no-cache
content-length: 21
date: Thu, 25 Jun 2020 12:50:23 GMT

15:50:23.900 [AsyncHttpClient-3-1] DEBUG o.a.netty.channel.ChannelManager - Adding key: http://localhost:10889 for channel [id: 0x7c68b8df, L:/127.0.0.1:64390 - R:localhost/127.0.0.1:10889]
15:50:23.901 [Forwarding findChildElement on session 14f61660-7bcc-4279-b6a3-7163a94e0626 to remote] DEBUG o.a.netty.request.NettyRequestSender - Using pooled Channel '[id: 0x7c68b8df, L:/127.0.0.1:64390 - R:localhost/127.0.0.1:10889]' for 'POST' to 'http://localhost:10889/session/14f61660-7bcc-4279-b6a3-7163a94e0626/element/830b5e7a-bf87-4733-a330-0e2d01a2773e/element'
15:50:23.901 [Forwarding findChildElement on session 14f61660-7bcc-4279-b6a3-7163a94e0626 to remote] DEBUG o.a.netty.request.NettyRequestSender - Using open Channel [id: 0x7c68b8df, L:/127.0.0.1:64390 - R:localhost/127.0.0.1:10889] for POST '/session/14f61660-7bcc-4279-b6a3-7163a94e0626/element/830b5e7a-bf87-4733-a330-0e2d01a2773e/element'
15:50:23.905 [AsyncHttpClient-3-1] DEBUG o.a.netty.handler.HttpHandler - 

Request DefaultHttpRequest(decodeResult: success, version: HTTP/1.1)
POST /session/14f61660-7bcc-4279-b6a3-7163a94e0626/element/830b5e7a-bf87-4733-a330-0e2d01a2773e/element HTTP/1.1
User-Agent: selenium/4.0.0-alpha-5 (java windows)
Content-Length: 103
Content-Type: application/json; charset=utf-8
host: localhost:10889
accept: */*

Response DefaultHttpResponse(decodeResult: success, version: HTTP/1.1)
HTTP/1.1 200 OK
content-type: application/json; charset=utf-8
cache-control: no-cache
content-length: 88
date: Thu, 25 Jun 2020 12:50:23 GMT

15:50:23.905 [AsyncHttpClient-3-1] DEBUG o.a.netty.channel.ChannelManager - Adding key: http://localhost:10889 for channel [id: 0x7c68b8df, L:/127.0.0.1:64390 - R:localhost/127.0.0.1:10889]
15:50:23.905 [Forwarding getElementText on session 14f61660-7bcc-4279-b6a3-7163a94e0626 to remote] DEBUG o.a.netty.request.NettyRequestSender - Using pooled Channel '[id: 0x7c68b8df, L:/127.0.0.1:64390 - R:localhost/127.0.0.1:10889]' for 'GET' to 'http://localhost:10889/session/14f61660-7bcc-4279-b6a3-7163a94e0626/element/593e9f73-bb16-4c2a-90df-c750b54f2451/text'
15:50:23.905 [Forwarding getElementText on session 14f61660-7bcc-4279-b6a3-7163a94e0626 to remote] DEBUG o.a.netty.request.NettyRequestSender - Using open Channel [id: 0x7c68b8df, L:/127.0.0.1:64390 - R:localhost/127.0.0.1:10889] for GET '/session/14f61660-7bcc-4279-b6a3-7163a94e0626/element/593e9f73-bb16-4c2a-90df-c750b54f2451/text'
15:50:23.910 [AsyncHttpClient-3-1] DEBUG o.a.netty.handler.HttpHandler - 

Request DefaultFullHttpRequest(decodeResult: success, version: HTTP/1.1, content: EmptyByteBufBE)
GET /session/14f61660-7bcc-4279-b6a3-7163a94e0626/element/593e9f73-bb16-4c2a-90df-c750b54f2451/text HTTP/1.1
User-Agent: selenium/4.0.0-alpha-5 (java windows)
Cache-Control: no-cache
host: localhost:10889
accept: */*

Response DefaultHttpResponse(decodeResult: success, version: HTTP/1.1)
HTTP/1.1 200 OK
content-type: application/json; charset=utf-8
cache-control: no-cache
content-length: 45
date: Thu, 25 Jun 2020 12:50:23 GMT

15:50:23.910 [AsyncHttpClient-3-1] DEBUG o.a.netty.channel.ChannelManager - Adding key: http://localhost:10889 for channel [id: 0x7c68b8df, L:/127.0.0.1:64390 - R:localhost/127.0.0.1:10889]
15:50:23.910 [Forwarding findChildElement on session 14f61660-7bcc-4279-b6a3-7163a94e0626 to remote] DEBUG o.a.netty.request.NettyRequestSender - Using pooled Channel '[id: 0x7c68b8df, L:/127.0.0.1:64390 - R:localhost/127.0.0.1:10889]' for 'POST' to 'http://localhost:10889/session/14f61660-7bcc-4279-b6a3-7163a94e0626/element/830b5e7a-bf87-4733-a330-0e2d01a2773e/element'
15:50:23.910 [Forwarding findChildElement on session 14f61660-7bcc-4279-b6a3-7163a94e0626 to remote] DEBUG o.a.netty.request.NettyRequestSender - Using open Channel [id: 0x7c68b8df, L:/127.0.0.1:64390 - R:localhost/127.0.0.1:10889] for POST '/session/14f61660-7bcc-4279-b6a3-7163a94e0626/element/830b5e7a-bf87-4733-a330-0e2d01a2773e/element'
15:50:23.914 [AsyncHttpClient-3-1] DEBUG o.a.netty.handler.HttpHandler - 

Request DefaultHttpRequest(decodeResult: success, version: HTTP/1.1)
POST /session/14f61660-7bcc-4279-b6a3-7163a94e0626/element/830b5e7a-bf87-4733-a330-0e2d01a2773e/element HTTP/1.1
User-Agent: selenium/4.0.0-alpha-5 (java windows)
Content-Length: 103
Content-Type: application/json; charset=utf-8
host: localhost:10889
accept: */*

Response DefaultHttpResponse(decodeResult: success, version: HTTP/1.1)
HTTP/1.1 200 OK
content-type: application/json; charset=utf-8
cache-control: no-cache
content-length: 88
date: Thu, 25 Jun 2020 12:50:23 GMT

15:50:23.914 [AsyncHttpClient-3-1] DEBUG o.a.netty.channel.ChannelManager - Adding key: http://localhost:10889 for channel [id: 0x7c68b8df, L:/127.0.0.1:64390 - R:localhost/127.0.0.1:10889]
15:50:23.914 [Forwarding getElementText on session 14f61660-7bcc-4279-b6a3-7163a94e0626 to remote] DEBUG o.a.netty.request.NettyRequestSender - Using pooled Channel '[id: 0x7c68b8df, L:/127.0.0.1:64390 - R:localhost/127.0.0.1:10889]' for 'GET' to 'http://localhost:10889/session/14f61660-7bcc-4279-b6a3-7163a94e0626/element/0494fa82-df68-45f4-9b26-87f598efb359/text'
15:50:23.914 [Forwarding getElementText on session 14f61660-7bcc-4279-b6a3-7163a94e0626 to remote] DEBUG o.a.netty.request.NettyRequestSender - Using open Channel [id: 0x7c68b8df, L:/127.0.0.1:64390 - R:localhost/127.0.0.1:10889] for GET '/session/14f61660-7bcc-4279-b6a3-7163a94e0626/element/0494fa82-df68-45f4-9b26-87f598efb359/text'
15:50:23.922 [AsyncHttpClient-3-1] DEBUG o.a.netty.handler.HttpHandler - 

Request DefaultFullHttpRequest(decodeResult: success, version: HTTP/1.1, content: EmptyByteBufBE)
GET /session/14f61660-7bcc-4279-b6a3-7163a94e0626/element/0494fa82-df68-45f4-9b26-87f598efb359/text HTTP/1.1
User-Agent: selenium/4.0.0-alpha-5 (java windows)
Cache-Control: no-cache
host: localhost:10889
accept: */*

Response DefaultHttpResponse(decodeResult: success, version: HTTP/1.1)
HTTP/1.1 200 OK
content-type: application/json; charset=utf-8
cache-control: no-cache
content-length: 57
date: Thu, 25 Jun 2020 12:50:23 GMT

15:50:23.922 [AsyncHttpClient-3-1] DEBUG o.a.netty.channel.ChannelManager - Adding key: http://localhost:10889 for channel [id: 0x7c68b8df, L:/127.0.0.1:64390 - R:localhost/127.0.0.1:10889]
15:50:23.922 [Forwarding findChildElement on session 14f61660-7bcc-4279-b6a3-7163a94e0626 to remote] DEBUG o.a.netty.request.NettyRequestSender - Using pooled Channel '[id: 0x7c68b8df, L:/127.0.0.1:64390 - R:localhost/127.0.0.1:10889]' for 'POST' to 'http://localhost:10889/session/14f61660-7bcc-4279-b6a3-7163a94e0626/element/830b5e7a-bf87-4733-a330-0e2d01a2773e/element'
15:50:23.923 [Forwarding findChildElement on session 14f61660-7bcc-4279-b6a3-7163a94e0626 to remote] DEBUG o.a.netty.request.NettyRequestSender - Using open Channel [id: 0x7c68b8df, L:/127.0.0.1:64390 - R:localhost/127.0.0.1:10889] for POST '/session/14f61660-7bcc-4279-b6a3-7163a94e0626/element/830b5e7a-bf87-4733-a330-0e2d01a2773e/element'
15:50:23.926 [AsyncHttpClient-3-1] DEBUG o.a.netty.handler.HttpHandler - 

Request DefaultHttpRequest(decodeResult: success, version: HTTP/1.1)
POST /session/14f61660-7bcc-4279-b6a3-7163a94e0626/element/830b5e7a-bf87-4733-a330-0e2d01a2773e/element HTTP/1.1
User-Agent: selenium/4.0.0-alpha-5 (java windows)
Content-Length: 97
Content-Type: application/json; charset=utf-8
host: localhost:10889
accept: */*

Response DefaultHttpResponse(decodeResult: success, version: HTTP/1.1)
HTTP/1.1 200 OK
content-type: application/json; charset=utf-8
cache-control: no-cache
content-length: 88
date: Thu, 25 Jun 2020 12:50:23 GMT

15:50:23.926 [AsyncHttpClient-3-1] DEBUG o.a.netty.channel.ChannelManager - Adding key: http://localhost:10889 for channel [id: 0x7c68b8df, L:/127.0.0.1:64390 - R:localhost/127.0.0.1:10889]
15:50:23.929 [Forwarding getElementAttribute on session 14f61660-7bcc-4279-b6a3-7163a94e0626 to remote] DEBUG o.a.netty.request.NettyRequestSender - Using pooled Channel '[id: 0x7c68b8df, L:/127.0.0.1:64390 - R:localhost/127.0.0.1:10889]' for 'POST' to 'http://localhost:10889/session/14f61660-7bcc-4279-b6a3-7163a94e0626/execute/sync'
15:50:23.929 [Forwarding getElementAttribute on session 14f61660-7bcc-4279-b6a3-7163a94e0626 to remote] DEBUG o.a.netty.request.NettyRequestSender - Using open Channel [id: 0x7c68b8df, L:/127.0.0.1:64390 - R:localhost/127.0.0.1:10889] for POST '/session/14f61660-7bcc-4279-b6a3-7163a94e0626/execute/sync'
15:50:23.941 [AsyncHttpClient-3-1] DEBUG o.a.netty.handler.HttpHandler - 

Request DefaultHttpRequest(decodeResult: success, version: HTTP/1.1)
POST /session/14f61660-7bcc-4279-b6a3-7163a94e0626/execute/sync HTTP/1.1
User-Agent: selenium/4.0.0-alpha-5 (java windows)
Content-Length: 39635
Content-Type: application/json; charset=utf-8
host: localhost:10889
accept: */*

Response DefaultHttpResponse(decodeResult: success, version: HTTP/1.1)
HTTP/1.1 200 OK
content-type: application/json; charset=utf-8
cache-control: no-cache
content-length: 15
date: Thu, 25 Jun 2020 12:50:23 GMT

15:50:23.941 [AsyncHttpClient-3-1] DEBUG o.a.netty.channel.ChannelManager - Adding key: http://localhost:10889 for channel [id: 0x7c68b8df, L:/127.0.0.1:64390 - R:localhost/127.0.0.1:10889]
15:50:23.942 [Forwarding findChildElement on session 14f61660-7bcc-4279-b6a3-7163a94e0626 to remote] DEBUG o.a.netty.request.NettyRequestSender - Using pooled Channel '[id: 0x7c68b8df, L:/127.0.0.1:64390 - R:localhost/127.0.0.1:10889]' for 'POST' to 'http://localhost:10889/session/14f61660-7bcc-4279-b6a3-7163a94e0626/element/719c1d84-0139-4226-aeac-2a976cc83261/element'
15:50:23.942 [Forwarding findChildElement on session 14f61660-7bcc-4279-b6a3-7163a94e0626 to remote] DEBUG o.a.netty.request.NettyRequestSender - Using open Channel [id: 0x7c68b8df, L:/127.0.0.1:64390 - R:localhost/127.0.0.1:10889] for POST '/session/14f61660-7bcc-4279-b6a3-7163a94e0626/element/719c1d84-0139-4226-aeac-2a976cc83261/element'
15:50:23.945 [AsyncHttpClient-3-1] DEBUG o.a.netty.handler.HttpHandler - 

Request DefaultHttpRequest(decodeResult: success, version: HTTP/1.1)
POST /session/14f61660-7bcc-4279-b6a3-7163a94e0626/element/719c1d84-0139-4226-aeac-2a976cc83261/element HTTP/1.1
User-Agent: selenium/4.0.0-alpha-5 (java windows)
Content-Length: 103
Content-Type: application/json; charset=utf-8
host: localhost:10889
accept: */*

Response DefaultHttpResponse(decodeResult: success, version: HTTP/1.1)
HTTP/1.1 200 OK
content-type: application/json; charset=utf-8
cache-control: no-cache
content-length: 88
date: Thu, 25 Jun 2020 12:50:23 GMT

15:50:23.945 [AsyncHttpClient-3-1] DEBUG o.a.netty.channel.ChannelManager - Adding key: http://localhost:10889 for channel [id: 0x7c68b8df, L:/127.0.0.1:64390 - R:localhost/127.0.0.1:10889]
15:50:23.945 [Forwarding getElementText on session 14f61660-7bcc-4279-b6a3-7163a94e0626 to remote] DEBUG o.a.netty.request.NettyRequestSender - Using pooled Channel '[id: 0x7c68b8df, L:/127.0.0.1:64390 - R:localhost/127.0.0.1:10889]' for 'GET' to 'http://localhost:10889/session/14f61660-7bcc-4279-b6a3-7163a94e0626/element/bad23eaa-e8d8-434f-9288-f3e1af0ec678/text'
15:50:23.945 [Forwarding getElementText on session 14f61660-7bcc-4279-b6a3-7163a94e0626 to remote] DEBUG o.a.netty.request.NettyRequestSender - Using open Channel [id: 0x7c68b8df, L:/127.0.0.1:64390 - R:localhost/127.0.0.1:10889] for GET '/session/14f61660-7bcc-4279-b6a3-7163a94e0626/element/bad23eaa-e8d8-434f-9288-f3e1af0ec678/text'
15:50:23.949 [AsyncHttpClient-3-1] DEBUG o.a.netty.handler.HttpHandler - 

Request DefaultFullHttpRequest(decodeResult: success, version: HTTP/1.1, content: EmptyByteBufBE)
GET /session/14f61660-7bcc-4279-b6a3-7163a94e0626/element/bad23eaa-e8d8-434f-9288-f3e1af0ec678/text HTTP/1.1
User-Agent: selenium/4.0.0-alpha-5 (java windows)
Cache-Control: no-cache
host: localhost:10889
accept: */*

Response DefaultHttpResponse(decodeResult: success, version: HTTP/1.1)
HTTP/1.1 200 OK
content-type: application/json; charset=utf-8
cache-control: no-cache
content-length: 18
date: Thu, 25 Jun 2020 12:50:23 GMT

15:50:23.950 [AsyncHttpClient-3-1] DEBUG o.a.netty.channel.ChannelManager - Adding key: http://localhost:10889 for channel [id: 0x7c68b8df, L:/127.0.0.1:64390 - R:localhost/127.0.0.1:10889]
15:50:23.950 [Forwarding findChildElement on session 14f61660-7bcc-4279-b6a3-7163a94e0626 to remote] DEBUG o.a.netty.request.NettyRequestSender - Using pooled Channel '[id: 0x7c68b8df, L:/127.0.0.1:64390 - R:localhost/127.0.0.1:10889]' for 'POST' to 'http://localhost:10889/session/14f61660-7bcc-4279-b6a3-7163a94e0626/element/719c1d84-0139-4226-aeac-2a976cc83261/element'
15:50:23.950 [Forwarding findChildElement on session 14f61660-7bcc-4279-b6a3-7163a94e0626 to remote] DEBUG o.a.netty.request.NettyRequestSender - Using open Channel [id: 0x7c68b8df, L:/127.0.0.1:64390 - R:localhost/127.0.0.1:10889] for POST '/session/14f61660-7bcc-4279-b6a3-7163a94e0626/element/719c1d84-0139-4226-aeac-2a976cc83261/element'
15:50:23.953 [AsyncHttpClient-3-1] DEBUG o.a.netty.handler.HttpHandler - 

Request DefaultHttpRequest(decodeResult: success, version: HTTP/1.1)
POST /session/14f61660-7bcc-4279-b6a3-7163a94e0626/element/719c1d84-0139-4226-aeac-2a976cc83261/element HTTP/1.1
User-Agent: selenium/4.0.0-alpha-5 (java windows)
Content-Length: 103
Content-Type: application/json; charset=utf-8
host: localhost:10889
accept: */*

Response DefaultHttpResponse(decodeResult: success, version: HTTP/1.1)
HTTP/1.1 200 OK
content-type: application/json; charset=utf-8
cache-control: no-cache
content-length: 88
date: Thu, 25 Jun 2020 12:50:23 GMT

15:50:23.954 [AsyncHttpClient-3-1] DEBUG o.a.netty.channel.ChannelManager - Adding key: http://localhost:10889 for channel [id: 0x7c68b8df, L:/127.0.0.1:64390 - R:localhost/127.0.0.1:10889]
15:50:23.954 [Forwarding getElementText on session 14f61660-7bcc-4279-b6a3-7163a94e0626 to remote] DEBUG o.a.netty.request.NettyRequestSender - Using pooled Channel '[id: 0x7c68b8df, L:/127.0.0.1:64390 - R:localhost/127.0.0.1:10889]' for 'GET' to 'http://localhost:10889/session/14f61660-7bcc-4279-b6a3-7163a94e0626/element/3fc5f080-701a-4f54-9937-ba6dd6f74b77/text'
15:50:23.954 [Forwarding getElementText on session 14f61660-7bcc-4279-b6a3-7163a94e0626 to remote] DEBUG o.a.netty.request.NettyRequestSender - Using open Channel [id: 0x7c68b8df, L:/127.0.0.1:64390 - R:localhost/127.0.0.1:10889] for GET '/session/14f61660-7bcc-4279-b6a3-7163a94e0626/element/3fc5f080-701a-4f54-9937-ba6dd6f74b77/text'
15:50:23.958 [AsyncHttpClient-3-1] DEBUG o.a.netty.handler.HttpHandler - 

Request DefaultFullHttpRequest(decodeResult: success, version: HTTP/1.1, content: EmptyByteBufBE)
GET /session/14f61660-7bcc-4279-b6a3-7163a94e0626/element/3fc5f080-701a-4f54-9937-ba6dd6f74b77/text HTTP/1.1
User-Agent: selenium/4.0.0-alpha-5 (java windows)
Cache-Control: no-cache
host: localhost:10889
accept: */*

Response DefaultHttpResponse(decodeResult: success, version: HTTP/1.1)
HTTP/1.1 200 OK
content-type: application/json; charset=utf-8
cache-control: no-cache
content-length: 22
date: Thu, 25 Jun 2020 12:50:23 GMT

15:50:23.958 [AsyncHttpClient-3-1] DEBUG o.a.netty.channel.ChannelManager - Adding key: http://localhost:10889 for channel [id: 0x7c68b8df, L:/127.0.0.1:64390 - R:localhost/127.0.0.1:10889]
15:50:23.959 [Forwarding findChildElement on session 14f61660-7bcc-4279-b6a3-7163a94e0626 to remote] DEBUG o.a.netty.request.NettyRequestSender - Using pooled Channel '[id: 0x7c68b8df, L:/127.0.0.1:64390 - R:localhost/127.0.0.1:10889]' for 'POST' to 'http://localhost:10889/session/14f61660-7bcc-4279-b6a3-7163a94e0626/element/719c1d84-0139-4226-aeac-2a976cc83261/element'
15:50:23.959 [Forwarding findChildElement on session 14f61660-7bcc-4279-b6a3-7163a94e0626 to remote] DEBUG o.a.netty.request.NettyRequestSender - Using open Channel [id: 0x7c68b8df, L:/127.0.0.1:64390 - R:localhost/127.0.0.1:10889] for POST '/session/14f61660-7bcc-4279-b6a3-7163a94e0626/element/719c1d84-0139-4226-aeac-2a976cc83261/element'
15:50:23.962 [AsyncHttpClient-3-1] DEBUG o.a.netty.handler.HttpHandler - 

Request DefaultHttpRequest(decodeResult: success, version: HTTP/1.1)
POST /session/14f61660-7bcc-4279-b6a3-7163a94e0626/element/719c1d84-0139-4226-aeac-2a976cc83261/element HTTP/1.1
User-Agent: selenium/4.0.0-alpha-5 (java windows)
Content-Length: 103
Content-Type: application/json; charset=utf-8
host: localhost:10889
accept: */*

Response DefaultHttpResponse(decodeResult: success, version: HTTP/1.1)
HTTP/1.1 200 OK
content-type: application/json; charset=utf-8
cache-control: no-cache
content-length: 88
date: Thu, 25 Jun 2020 12:50:23 GMT

15:50:23.962 [AsyncHttpClient-3-1] DEBUG o.a.netty.channel.ChannelManager - Adding key: http://localhost:10889 for channel [id: 0x7c68b8df, L:/127.0.0.1:64390 - R:localhost/127.0.0.1:10889]
15:50:23.962 [Forwarding getElementText on session 14f61660-7bcc-4279-b6a3-7163a94e0626 to remote] DEBUG o.a.netty.request.NettyRequestSender - Using pooled Channel '[id: 0x7c68b8df, L:/127.0.0.1:64390 - R:localhost/127.0.0.1:10889]' for 'GET' to 'http://localhost:10889/session/14f61660-7bcc-4279-b6a3-7163a94e0626/element/e3fb8027-502d-48b2-9516-74faf12c4b80/text'
15:50:23.962 [Forwarding getElementText on session 14f61660-7bcc-4279-b6a3-7163a94e0626 to remote] DEBUG o.a.netty.request.NettyRequestSender - Using open Channel [id: 0x7c68b8df, L:/127.0.0.1:64390 - R:localhost/127.0.0.1:10889] for GET '/session/14f61660-7bcc-4279-b6a3-7163a94e0626/element/e3fb8027-502d-48b2-9516-74faf12c4b80/text'
15:50:23.967 [AsyncHttpClient-3-1] DEBUG o.a.netty.handler.HttpHandler - 

Request DefaultFullHttpRequest(decodeResult: success, version: HTTP/1.1, content: EmptyByteBufBE)
GET /session/14f61660-7bcc-4279-b6a3-7163a94e0626/element/e3fb8027-502d-48b2-9516-74faf12c4b80/text HTTP/1.1
User-Agent: selenium/4.0.0-alpha-5 (java windows)
Cache-Control: no-cache
host: localhost:10889
accept: */*

Response DefaultHttpResponse(decodeResult: success, version: HTTP/1.1)
HTTP/1.1 200 OK
content-type: application/json; charset=utf-8
cache-control: no-cache
content-length: 21
date: Thu, 25 Jun 2020 12:50:23 GMT

15:50:23.968 [AsyncHttpClient-3-1] DEBUG o.a.netty.channel.ChannelManager - Adding key: http://localhost:10889 for channel [id: 0x7c68b8df, L:/127.0.0.1:64390 - R:localhost/127.0.0.1:10889]
15:50:23.968 [Forwarding findChildElement on session 14f61660-7bcc-4279-b6a3-7163a94e0626 to remote] DEBUG o.a.netty.request.NettyRequestSender - Using pooled Channel '[id: 0x7c68b8df, L:/127.0.0.1:64390 - R:localhost/127.0.0.1:10889]' for 'POST' to 'http://localhost:10889/session/14f61660-7bcc-4279-b6a3-7163a94e0626/element/719c1d84-0139-4226-aeac-2a976cc83261/element'
15:50:23.968 [Forwarding findChildElement on session 14f61660-7bcc-4279-b6a3-7163a94e0626 to remote] DEBUG o.a.netty.request.NettyRequestSender - Using open Channel [id: 0x7c68b8df, L:/127.0.0.1:64390 - R:localhost/127.0.0.1:10889] for POST '/session/14f61660-7bcc-4279-b6a3-7163a94e0626/element/719c1d84-0139-4226-aeac-2a976cc83261/element'
15:50:23.972 [AsyncHttpClient-3-1] DEBUG o.a.netty.handler.HttpHandler - 

Request DefaultHttpRequest(decodeResult: success, version: HTTP/1.1)
POST /session/14f61660-7bcc-4279-b6a3-7163a94e0626/element/719c1d84-0139-4226-aeac-2a976cc83261/element HTTP/1.1
User-Agent: selenium/4.0.0-alpha-5 (java windows)
Content-Length: 103
Content-Type: application/json; charset=utf-8
host: localhost:10889
accept: */*

Response DefaultHttpResponse(decodeResult: success, version: HTTP/1.1)
HTTP/1.1 200 OK
content-type: application/json; charset=utf-8
cache-control: no-cache
content-length: 88
date: Thu, 25 Jun 2020 12:50:23 GMT

15:50:23.972 [AsyncHttpClient-3-1] DEBUG o.a.netty.channel.ChannelManager - Adding key: http://localhost:10889 for channel [id: 0x7c68b8df, L:/127.0.0.1:64390 - R:localhost/127.0.0.1:10889]
15:50:23.972 [Forwarding getElementText on session 14f61660-7bcc-4279-b6a3-7163a94e0626 to remote] DEBUG o.a.netty.request.NettyRequestSender - Using pooled Channel '[id: 0x7c68b8df, L:/127.0.0.1:64390 - R:localhost/127.0.0.1:10889]' for 'GET' to 'http://localhost:10889/session/14f61660-7bcc-4279-b6a3-7163a94e0626/element/485c5d0b-c2f5-492b-8b49-d8f22b085134/text'
15:50:23.972 [Forwarding getElementText on session 14f61660-7bcc-4279-b6a3-7163a94e0626 to remote] DEBUG o.a.netty.request.NettyRequestSender - Using open Channel [id: 0x7c68b8df, L:/127.0.0.1:64390 - R:localhost/127.0.0.1:10889] for GET '/session/14f61660-7bcc-4279-b6a3-7163a94e0626/element/485c5d0b-c2f5-492b-8b49-d8f22b085134/text'
15:50:23.978 [AsyncHttpClient-3-1] DEBUG o.a.netty.handler.HttpHandler - 

Request DefaultFullHttpRequest(decodeResult: success, version: HTTP/1.1, content: EmptyByteBufBE)
GET /session/14f61660-7bcc-4279-b6a3-7163a94e0626/element/485c5d0b-c2f5-492b-8b49-d8f22b085134/text HTTP/1.1
User-Agent: selenium/4.0.0-alpha-5 (java windows)
Cache-Control: no-cache
host: localhost:10889
accept: */*

Response DefaultHttpResponse(decodeResult: success, version: HTTP/1.1)
HTTP/1.1 200 OK
content-type: application/json; charset=utf-8
cache-control: no-cache
content-length: 45
date: Thu, 25 Jun 2020 12:50:23 GMT

15:50:23.978 [AsyncHttpClient-3-1] DEBUG o.a.netty.channel.ChannelManager - Adding key: http://localhost:10889 for channel [id: 0x7c68b8df, L:/127.0.0.1:64390 - R:localhost/127.0.0.1:10889]
15:50:23.978 [Forwarding findChildElement on session 14f61660-7bcc-4279-b6a3-7163a94e0626 to remote] DEBUG o.a.netty.request.NettyRequestSender - Using pooled Channel '[id: 0x7c68b8df, L:/127.0.0.1:64390 - R:localhost/127.0.0.1:10889]' for 'POST' to 'http://localhost:10889/session/14f61660-7bcc-4279-b6a3-7163a94e0626/element/719c1d84-0139-4226-aeac-2a976cc83261/element'
15:50:23.979 [Forwarding findChildElement on session 14f61660-7bcc-4279-b6a3-7163a94e0626 to remote] DEBUG o.a.netty.request.NettyRequestSender - Using open Channel [id: 0x7c68b8df, L:/127.0.0.1:64390 - R:localhost/127.0.0.1:10889] for POST '/session/14f61660-7bcc-4279-b6a3-7163a94e0626/element/719c1d84-0139-4226-aeac-2a976cc83261/element'
15:50:23.982 [AsyncHttpClient-3-1] DEBUG o.a.netty.handler.HttpHandler - 

Request DefaultHttpRequest(decodeResult: success, version: HTTP/1.1)
POST /session/14f61660-7bcc-4279-b6a3-7163a94e0626/element/719c1d84-0139-4226-aeac-2a976cc83261/element HTTP/1.1
User-Agent: selenium/4.0.0-alpha-5 (java windows)
Content-Length: 103
Content-Type: application/json; charset=utf-8
host: localhost:10889
accept: */*

Response DefaultHttpResponse(decodeResult: success, version: HTTP/1.1)
HTTP/1.1 200 OK
content-type: application/json; charset=utf-8
cache-control: no-cache
content-length: 88
date: Thu, 25 Jun 2020 12:50:23 GMT

15:50:23.982 [AsyncHttpClient-3-1] DEBUG o.a.netty.channel.ChannelManager - Adding key: http://localhost:10889 for channel [id: 0x7c68b8df, L:/127.0.0.1:64390 - R:localhost/127.0.0.1:10889]
15:50:23.983 [Forwarding getElementText on session 14f61660-7bcc-4279-b6a3-7163a94e0626 to remote] DEBUG o.a.netty.request.NettyRequestSender - Using pooled Channel '[id: 0x7c68b8df, L:/127.0.0.1:64390 - R:localhost/127.0.0.1:10889]' for 'GET' to 'http://localhost:10889/session/14f61660-7bcc-4279-b6a3-7163a94e0626/element/75df31e0-e900-4206-8c53-93e0dad836ea/text'
15:50:23.983 [Forwarding getElementText on session 14f61660-7bcc-4279-b6a3-7163a94e0626 to remote] DEBUG o.a.netty.request.NettyRequestSender - Using open Channel [id: 0x7c68b8df, L:/127.0.0.1:64390 - R:localhost/127.0.0.1:10889] for GET '/session/14f61660-7bcc-4279-b6a3-7163a94e0626/element/75df31e0-e900-4206-8c53-93e0dad836ea/text'
15:50:23.991 [AsyncHttpClient-3-1] DEBUG o.a.netty.handler.HttpHandler - 

Request DefaultFullHttpRequest(decodeResult: success, version: HTTP/1.1, content: EmptyByteBufBE)
GET /session/14f61660-7bcc-4279-b6a3-7163a94e0626/element/75df31e0-e900-4206-8c53-93e0dad836ea/text HTTP/1.1
User-Agent: selenium/4.0.0-alpha-5 (java windows)
Cache-Control: no-cache
host: localhost:10889
accept: */*

Response DefaultHttpResponse(decodeResult: success, version: HTTP/1.1)
HTTP/1.1 200 OK
content-type: application/json; charset=utf-8
cache-control: no-cache
content-length: 57
date: Thu, 25 Jun 2020 12:50:23 GMT

15:50:23.992 [AsyncHttpClient-3-1] DEBUG o.a.netty.channel.ChannelManager - Adding key: http://localhost:10889 for channel [id: 0x7c68b8df, L:/127.0.0.1:64390 - R:localhost/127.0.0.1:10889]
15:50:23.992 [Forwarding findChildElement on session 14f61660-7bcc-4279-b6a3-7163a94e0626 to remote] DEBUG o.a.netty.request.NettyRequestSender - Using pooled Channel '[id: 0x7c68b8df, L:/127.0.0.1:64390 - R:localhost/127.0.0.1:10889]' for 'POST' to 'http://localhost:10889/session/14f61660-7bcc-4279-b6a3-7163a94e0626/element/719c1d84-0139-4226-aeac-2a976cc83261/element'
15:50:23.992 [Forwarding findChildElement on session 14f61660-7bcc-4279-b6a3-7163a94e0626 to remote] DEBUG o.a.netty.request.NettyRequestSender - Using open Channel [id: 0x7c68b8df, L:/127.0.0.1:64390 - R:localhost/127.0.0.1:10889] for POST '/session/14f61660-7bcc-4279-b6a3-7163a94e0626/element/719c1d84-0139-4226-aeac-2a976cc83261/element'
15:50:23.995 [AsyncHttpClient-3-1] DEBUG o.a.netty.handler.HttpHandler - 

Request DefaultHttpRequest(decodeResult: success, version: HTTP/1.1)
POST /session/14f61660-7bcc-4279-b6a3-7163a94e0626/element/719c1d84-0139-4226-aeac-2a976cc83261/element HTTP/1.1
User-Agent: selenium/4.0.0-alpha-5 (java windows)
Content-Length: 97
Content-Type: application/json; charset=utf-8
host: localhost:10889
accept: */*

Response DefaultHttpResponse(decodeResult: success, version: HTTP/1.1)
HTTP/1.1 200 OK
content-type: application/json; charset=utf-8
cache-control: no-cache
content-length: 88
date: Thu, 25 Jun 2020 12:50:23 GMT

15:50:23.996 [AsyncHttpClient-3-1] DEBUG o.a.netty.channel.ChannelManager - Adding key: http://localhost:10889 for channel [id: 0x7c68b8df, L:/127.0.0.1:64390 - R:localhost/127.0.0.1:10889]
15:50:24.000 [Forwarding getElementAttribute on session 14f61660-7bcc-4279-b6a3-7163a94e0626 to remote] DEBUG o.a.netty.request.NettyRequestSender - Using pooled Channel '[id: 0x7c68b8df, L:/127.0.0.1:64390 - R:localhost/127.0.0.1:10889]' for 'POST' to 'http://localhost:10889/session/14f61660-7bcc-4279-b6a3-7163a94e0626/execute/sync'
15:50:24.000 [Forwarding getElementAttribute on session 14f61660-7bcc-4279-b6a3-7163a94e0626 to remote] DEBUG o.a.netty.request.NettyRequestSender - Using open Channel [id: 0x7c68b8df, L:/127.0.0.1:64390 - R:localhost/127.0.0.1:10889] for POST '/session/14f61660-7bcc-4279-b6a3-7163a94e0626/execute/sync'
15:50:24.012 [AsyncHttpClient-3-1] DEBUG o.a.netty.handler.HttpHandler - 

Request DefaultHttpRequest(decodeResult: success, version: HTTP/1.1)
POST /session/14f61660-7bcc-4279-b6a3-7163a94e0626/execute/sync HTTP/1.1
User-Agent: selenium/4.0.0-alpha-5 (java windows)
Content-Length: 39635
Content-Type: application/json; charset=utf-8
host: localhost:10889
accept: */*

Response DefaultHttpResponse(decodeResult: success, version: HTTP/1.1)
HTTP/1.1 200 OK
content-type: application/json; charset=utf-8
cache-control: no-cache
content-length: 15
date: Thu, 25 Jun 2020 12:50:24 GMT

15:50:24.013 [AsyncHttpClient-3-1] DEBUG o.a.netty.channel.ChannelManager - Adding key: http://localhost:10889 for channel [id: 0x7c68b8df, L:/127.0.0.1:64390 - R:localhost/127.0.0.1:10889]
15:50:24.013 [Forwarding findChildElement on session 14f61660-7bcc-4279-b6a3-7163a94e0626 to remote] DEBUG o.a.netty.request.NettyRequestSender - Using pooled Channel '[id: 0x7c68b8df, L:/127.0.0.1:64390 - R:localhost/127.0.0.1:10889]' for 'POST' to 'http://localhost:10889/session/14f61660-7bcc-4279-b6a3-7163a94e0626/element/d5c7e574-4483-4245-bceb-6c5afd8baf7a/element'
15:50:24.013 [Forwarding findChildElement on session 14f61660-7bcc-4279-b6a3-7163a94e0626 to remote] DEBUG o.a.netty.request.NettyRequestSender - Using open Channel [id: 0x7c68b8df, L:/127.0.0.1:64390 - R:localhost/127.0.0.1:10889] for POST '/session/14f61660-7bcc-4279-b6a3-7163a94e0626/element/d5c7e574-4483-4245-bceb-6c5afd8baf7a/element'
15:50:24.019 [AsyncHttpClient-3-1] DEBUG o.a.netty.handler.HttpHandler - 

Request DefaultHttpRequest(decodeResult: success, version: HTTP/1.1)
POST /session/14f61660-7bcc-4279-b6a3-7163a94e0626/element/d5c7e574-4483-4245-bceb-6c5afd8baf7a/element HTTP/1.1
User-Agent: selenium/4.0.0-alpha-5 (java windows)
Content-Length: 103
Content-Type: application/json; charset=utf-8
host: localhost:10889
accept: */*

Response DefaultHttpResponse(decodeResult: success, version: HTTP/1.1)
HTTP/1.1 200 OK
content-type: application/json; charset=utf-8
cache-control: no-cache
content-length: 88
date: Thu, 25 Jun 2020 12:50:24 GMT

15:50:24.019 [AsyncHttpClient-3-1] DEBUG o.a.netty.channel.ChannelManager - Adding key: http://localhost:10889 for channel [id: 0x7c68b8df, L:/127.0.0.1:64390 - R:localhost/127.0.0.1:10889]
15:50:24.020 [Forwarding getElementText on session 14f61660-7bcc-4279-b6a3-7163a94e0626 to remote] DEBUG o.a.netty.request.NettyRequestSender - Using pooled Channel '[id: 0x7c68b8df, L:/127.0.0.1:64390 - R:localhost/127.0.0.1:10889]' for 'GET' to 'http://localhost:10889/session/14f61660-7bcc-4279-b6a3-7163a94e0626/element/869f90bb-2aa5-4046-abaa-9f94f1d03dad/text'
15:50:24.020 [Forwarding getElementText on session 14f61660-7bcc-4279-b6a3-7163a94e0626 to remote] DEBUG o.a.netty.request.NettyRequestSender - Using open Channel [id: 0x7c68b8df, L:/127.0.0.1:64390 - R:localhost/127.0.0.1:10889] for GET '/session/14f61660-7bcc-4279-b6a3-7163a94e0626/element/869f90bb-2aa5-4046-abaa-9f94f1d03dad/text'
15:50:24.024 [AsyncHttpClient-3-1] DEBUG o.a.netty.handler.HttpHandler - 

Request DefaultFullHttpRequest(decodeResult: success, version: HTTP/1.1, content: EmptyByteBufBE)
GET /session/14f61660-7bcc-4279-b6a3-7163a94e0626/element/869f90bb-2aa5-4046-abaa-9f94f1d03dad/text HTTP/1.1
User-Agent: selenium/4.0.0-alpha-5 (java windows)
Cache-Control: no-cache
host: localhost:10889
accept: */*

Response DefaultHttpResponse(decodeResult: success, version: HTTP/1.1)
HTTP/1.1 200 OK
content-type: application/json; charset=utf-8
cache-control: no-cache
content-length: 18
date: Thu, 25 Jun 2020 12:50:24 GMT

15:50:24.025 [AsyncHttpClient-3-1] DEBUG o.a.netty.channel.ChannelManager - Adding key: http://localhost:10889 for channel [id: 0x7c68b8df, L:/127.0.0.1:64390 - R:localhost/127.0.0.1:10889]
15:50:24.025 [Forwarding findChildElement on session 14f61660-7bcc-4279-b6a3-7163a94e0626 to remote] DEBUG o.a.netty.request.NettyRequestSender - Using pooled Channel '[id: 0x7c68b8df, L:/127.0.0.1:64390 - R:localhost/127.0.0.1:10889]' for 'POST' to 'http://localhost:10889/session/14f61660-7bcc-4279-b6a3-7163a94e0626/element/d5c7e574-4483-4245-bceb-6c5afd8baf7a/element'
15:50:24.025 [Forwarding findChildElement on session 14f61660-7bcc-4279-b6a3-7163a94e0626 to remote] DEBUG o.a.netty.request.NettyRequestSender - Using open Channel [id: 0x7c68b8df, L:/127.0.0.1:64390 - R:localhost/127.0.0.1:10889] for POST '/session/14f61660-7bcc-4279-b6a3-7163a94e0626/element/d5c7e574-4483-4245-bceb-6c5afd8baf7a/element'
15:50:24.028 [AsyncHttpClient-3-1] DEBUG o.a.netty.handler.HttpHandler - 

Request DefaultHttpRequest(decodeResult: success, version: HTTP/1.1)
POST /session/14f61660-7bcc-4279-b6a3-7163a94e0626/element/d5c7e574-4483-4245-bceb-6c5afd8baf7a/element HTTP/1.1
User-Agent: selenium/4.0.0-alpha-5 (java windows)
Content-Length: 103
Content-Type: application/json; charset=utf-8
host: localhost:10889
accept: */*

Response DefaultHttpResponse(decodeResult: success, version: HTTP/1.1)
HTTP/1.1 200 OK
content-type: application/json; charset=utf-8
cache-control: no-cache
content-length: 88
date: Thu, 25 Jun 2020 12:50:24 GMT

15:50:24.028 [AsyncHttpClient-3-1] DEBUG o.a.netty.channel.ChannelManager - Adding key: http://localhost:10889 for channel [id: 0x7c68b8df, L:/127.0.0.1:64390 - R:localhost/127.0.0.1:10889]
15:50:24.029 [Forwarding getElementText on session 14f61660-7bcc-4279-b6a3-7163a94e0626 to remote] DEBUG o.a.netty.request.NettyRequestSender - Using pooled Channel '[id: 0x7c68b8df, L:/127.0.0.1:64390 - R:localhost/127.0.0.1:10889]' for 'GET' to 'http://localhost:10889/session/14f61660-7bcc-4279-b6a3-7163a94e0626/element/db19ead3-a917-4d40-987c-b197993ee0ca/text'
15:50:24.029 [Forwarding getElementText on session 14f61660-7bcc-4279-b6a3-7163a94e0626 to remote] DEBUG o.a.netty.request.NettyRequestSender - Using open Channel [id: 0x7c68b8df, L:/127.0.0.1:64390 - R:localhost/127.0.0.1:10889] for GET '/session/14f61660-7bcc-4279-b6a3-7163a94e0626/element/db19ead3-a917-4d40-987c-b197993ee0ca/text'
15:50:24.033 [AsyncHttpClient-3-1] DEBUG o.a.netty.handler.HttpHandler - 

Request DefaultFullHttpRequest(decodeResult: success, version: HTTP/1.1, content: EmptyByteBufBE)
GET /session/14f61660-7bcc-4279-b6a3-7163a94e0626/element/db19ead3-a917-4d40-987c-b197993ee0ca/text HTTP/1.1
User-Agent: selenium/4.0.0-alpha-5 (java windows)
Cache-Control: no-cache
host: localhost:10889
accept: */*

Response DefaultHttpResponse(decodeResult: success, version: HTTP/1.1)
HTTP/1.1 200 OK
content-type: application/json; charset=utf-8
cache-control: no-cache
content-length: 22
date: Thu, 25 Jun 2020 12:50:24 GMT

15:50:24.033 [AsyncHttpClient-3-1] DEBUG o.a.netty.channel.ChannelManager - Adding key: http://localhost:10889 for channel [id: 0x7c68b8df, L:/127.0.0.1:64390 - R:localhost/127.0.0.1:10889]
15:50:24.033 [Forwarding findChildElement on session 14f61660-7bcc-4279-b6a3-7163a94e0626 to remote] DEBUG o.a.netty.request.NettyRequestSender - Using pooled Channel '[id: 0x7c68b8df, L:/127.0.0.1:64390 - R:localhost/127.0.0.1:10889]' for 'POST' to 'http://localhost:10889/session/14f61660-7bcc-4279-b6a3-7163a94e0626/element/d5c7e574-4483-4245-bceb-6c5afd8baf7a/element'
15:50:24.033 [Forwarding findChildElement on session 14f61660-7bcc-4279-b6a3-7163a94e0626 to remote] DEBUG o.a.netty.request.NettyRequestSender - Using open Channel [id: 0x7c68b8df, L:/127.0.0.1:64390 - R:localhost/127.0.0.1:10889] for POST '/session/14f61660-7bcc-4279-b6a3-7163a94e0626/element/d5c7e574-4483-4245-bceb-6c5afd8baf7a/element'
15:50:24.038 [AsyncHttpClient-3-1] DEBUG o.a.netty.handler.HttpHandler - 

Request DefaultHttpRequest(decodeResult: success, version: HTTP/1.1)
POST /session/14f61660-7bcc-4279-b6a3-7163a94e0626/element/d5c7e574-4483-4245-bceb-6c5afd8baf7a/element HTTP/1.1
User-Agent: selenium/4.0.0-alpha-5 (java windows)
Content-Length: 103
Content-Type: application/json; charset=utf-8
host: localhost:10889
accept: */*

Response DefaultHttpResponse(decodeResult: success, version: HTTP/1.1)
HTTP/1.1 200 OK
content-type: application/json; charset=utf-8
cache-control: no-cache
content-length: 88
date: Thu, 25 Jun 2020 12:50:24 GMT

15:50:24.038 [AsyncHttpClient-3-1] DEBUG o.a.netty.channel.ChannelManager - Adding key: http://localhost:10889 for channel [id: 0x7c68b8df, L:/127.0.0.1:64390 - R:localhost/127.0.0.1:10889]
15:50:24.038 [Forwarding getElementText on session 14f61660-7bcc-4279-b6a3-7163a94e0626 to remote] DEBUG o.a.netty.request.NettyRequestSender - Using pooled Channel '[id: 0x7c68b8df, L:/127.0.0.1:64390 - R:localhost/127.0.0.1:10889]' for 'GET' to 'http://localhost:10889/session/14f61660-7bcc-4279-b6a3-7163a94e0626/element/cb447089-1720-4444-9b42-2ac41f92f3b3/text'
15:50:24.038 [Forwarding getElementText on session 14f61660-7bcc-4279-b6a3-7163a94e0626 to remote] DEBUG o.a.netty.request.NettyRequestSender - Using open Channel [id: 0x7c68b8df, L:/127.0.0.1:64390 - R:localhost/127.0.0.1:10889] for GET '/session/14f61660-7bcc-4279-b6a3-7163a94e0626/element/cb447089-1720-4444-9b42-2ac41f92f3b3/text'
15:50:24.043 [AsyncHttpClient-3-1] DEBUG o.a.netty.handler.HttpHandler - 

Request DefaultFullHttpRequest(decodeResult: success, version: HTTP/1.1, content: EmptyByteBufBE)
GET /session/14f61660-7bcc-4279-b6a3-7163a94e0626/element/cb447089-1720-4444-9b42-2ac41f92f3b3/text HTTP/1.1
User-Agent: selenium/4.0.0-alpha-5 (java windows)
Cache-Control: no-cache
host: localhost:10889
accept: */*

Response DefaultHttpResponse(decodeResult: success, version: HTTP/1.1)
HTTP/1.1 200 OK
content-type: application/json; charset=utf-8
cache-control: no-cache
content-length: 21
date: Thu, 25 Jun 2020 12:50:24 GMT

15:50:24.043 [AsyncHttpClient-3-1] DEBUG o.a.netty.channel.ChannelManager - Adding key: http://localhost:10889 for channel [id: 0x7c68b8df, L:/127.0.0.1:64390 - R:localhost/127.0.0.1:10889]
15:50:24.044 [Forwarding findChildElement on session 14f61660-7bcc-4279-b6a3-7163a94e0626 to remote] DEBUG o.a.netty.request.NettyRequestSender - Using pooled Channel '[id: 0x7c68b8df, L:/127.0.0.1:64390 - R:localhost/127.0.0.1:10889]' for 'POST' to 'http://localhost:10889/session/14f61660-7bcc-4279-b6a3-7163a94e0626/element/d5c7e574-4483-4245-bceb-6c5afd8baf7a/element'
15:50:24.044 [Forwarding findChildElement on session 14f61660-7bcc-4279-b6a3-7163a94e0626 to remote] DEBUG o.a.netty.request.NettyRequestSender - Using open Channel [id: 0x7c68b8df, L:/127.0.0.1:64390 - R:localhost/127.0.0.1:10889] for POST '/session/14f61660-7bcc-4279-b6a3-7163a94e0626/element/d5c7e574-4483-4245-bceb-6c5afd8baf7a/element'
15:50:24.048 [AsyncHttpClient-3-1] DEBUG o.a.netty.handler.HttpHandler - 

Request DefaultHttpRequest(decodeResult: success, version: HTTP/1.1)
POST /session/14f61660-7bcc-4279-b6a3-7163a94e0626/element/d5c7e574-4483-4245-bceb-6c5afd8baf7a/element HTTP/1.1
User-Agent: selenium/4.0.0-alpha-5 (java windows)
Content-Length: 103
Content-Type: application/json; charset=utf-8
host: localhost:10889
accept: */*

Response DefaultHttpResponse(decodeResult: success, version: HTTP/1.1)
HTTP/1.1 200 OK
content-type: application/json; charset=utf-8
cache-control: no-cache
content-length: 88
date: Thu, 25 Jun 2020 12:50:24 GMT

15:50:24.048 [AsyncHttpClient-3-1] DEBUG o.a.netty.channel.ChannelManager - Adding key: http://localhost:10889 for channel [id: 0x7c68b8df, L:/127.0.0.1:64390 - R:localhost/127.0.0.1:10889]
15:50:24.048 [Forwarding getElementText on session 14f61660-7bcc-4279-b6a3-7163a94e0626 to remote] DEBUG o.a.netty.request.NettyRequestSender - Using pooled Channel '[id: 0x7c68b8df, L:/127.0.0.1:64390 - R:localhost/127.0.0.1:10889]' for 'GET' to 'http://localhost:10889/session/14f61660-7bcc-4279-b6a3-7163a94e0626/element/4906a762-2138-4438-a852-a05386c3e434/text'
15:50:24.048 [Forwarding getElementText on session 14f61660-7bcc-4279-b6a3-7163a94e0626 to remote] DEBUG o.a.netty.request.NettyRequestSender - Using open Channel [id: 0x7c68b8df, L:/127.0.0.1:64390 - R:localhost/127.0.0.1:10889] for GET '/session/14f61660-7bcc-4279-b6a3-7163a94e0626/element/4906a762-2138-4438-a852-a05386c3e434/text'
15:50:24.053 [AsyncHttpClient-3-1] DEBUG o.a.netty.handler.HttpHandler - 

Request DefaultFullHttpRequest(decodeResult: success, version: HTTP/1.1, content: EmptyByteBufBE)
GET /session/14f61660-7bcc-4279-b6a3-7163a94e0626/element/4906a762-2138-4438-a852-a05386c3e434/text HTTP/1.1
User-Agent: selenium/4.0.0-alpha-5 (java windows)
Cache-Control: no-cache
host: localhost:10889
accept: */*

Response DefaultHttpResponse(decodeResult: success, version: HTTP/1.1)
HTTP/1.1 200 OK
content-type: application/json; charset=utf-8
cache-control: no-cache
content-length: 45
date: Thu, 25 Jun 2020 12:50:24 GMT

15:50:24.053 [AsyncHttpClient-3-1] DEBUG o.a.netty.channel.ChannelManager - Adding key: http://localhost:10889 for channel [id: 0x7c68b8df, L:/127.0.0.1:64390 - R:localhost/127.0.0.1:10889]
15:50:24.054 [Forwarding findChildElement on session 14f61660-7bcc-4279-b6a3-7163a94e0626 to remote] DEBUG o.a.netty.request.NettyRequestSender - Using pooled Channel '[id: 0x7c68b8df, L:/127.0.0.1:64390 - R:localhost/127.0.0.1:10889]' for 'POST' to 'http://localhost:10889/session/14f61660-7bcc-4279-b6a3-7163a94e0626/element/d5c7e574-4483-4245-bceb-6c5afd8baf7a/element'
15:50:24.054 [Forwarding findChildElement on session 14f61660-7bcc-4279-b6a3-7163a94e0626 to remote] DEBUG o.a.netty.request.NettyRequestSender - Using open Channel [id: 0x7c68b8df, L:/127.0.0.1:64390 - R:localhost/127.0.0.1:10889] for POST '/session/14f61660-7bcc-4279-b6a3-7163a94e0626/element/d5c7e574-4483-4245-bceb-6c5afd8baf7a/element'
15:50:24.057 [AsyncHttpClient-3-1] DEBUG o.a.netty.handler.HttpHandler - 

Request DefaultHttpRequest(decodeResult: success, version: HTTP/1.1)
POST /session/14f61660-7bcc-4279-b6a3-7163a94e0626/element/d5c7e574-4483-4245-bceb-6c5afd8baf7a/element HTTP/1.1
User-Agent: selenium/4.0.0-alpha-5 (java windows)
Content-Length: 103
Content-Type: application/json; charset=utf-8
host: localhost:10889
accept: */*

Response DefaultHttpResponse(decodeResult: success, version: HTTP/1.1)
HTTP/1.1 200 OK
content-type: application/json; charset=utf-8
cache-control: no-cache
content-length: 88
date: Thu, 25 Jun 2020 12:50:24 GMT

15:50:24.057 [AsyncHttpClient-3-1] DEBUG o.a.netty.channel.ChannelManager - Adding key: http://localhost:10889 for channel [id: 0x7c68b8df, L:/127.0.0.1:64390 - R:localhost/127.0.0.1:10889]
15:50:24.058 [Forwarding getElementText on session 14f61660-7bcc-4279-b6a3-7163a94e0626 to remote] DEBUG o.a.netty.request.NettyRequestSender - Using pooled Channel '[id: 0x7c68b8df, L:/127.0.0.1:64390 - R:localhost/127.0.0.1:10889]' for 'GET' to 'http://localhost:10889/session/14f61660-7bcc-4279-b6a3-7163a94e0626/element/906b219f-605c-4192-a974-70cd771c2c46/text'
15:50:24.058 [Forwarding getElementText on session 14f61660-7bcc-4279-b6a3-7163a94e0626 to remote] DEBUG o.a.netty.request.NettyRequestSender - Using open Channel [id: 0x7c68b8df, L:/127.0.0.1:64390 - R:localhost/127.0.0.1:10889] for GET '/session/14f61660-7bcc-4279-b6a3-7163a94e0626/element/906b219f-605c-4192-a974-70cd771c2c46/text'
15:50:24.064 [AsyncHttpClient-3-1] DEBUG o.a.netty.handler.HttpHandler - 

Request DefaultFullHttpRequest(decodeResult: success, version: HTTP/1.1, content: EmptyByteBufBE)
GET /session/14f61660-7bcc-4279-b6a3-7163a94e0626/element/906b219f-605c-4192-a974-70cd771c2c46/text HTTP/1.1
User-Agent: selenium/4.0.0-alpha-5 (java windows)
Cache-Control: no-cache
host: localhost:10889
accept: */*

Response DefaultHttpResponse(decodeResult: success, version: HTTP/1.1)
HTTP/1.1 200 OK
content-type: application/json; charset=utf-8
cache-control: no-cache
content-length: 57
date: Thu, 25 Jun 2020 12:50:24 GMT

15:50:24.064 [AsyncHttpClient-3-1] DEBUG o.a.netty.channel.ChannelManager - Adding key: http://localhost:10889 for channel [id: 0x7c68b8df, L:/127.0.0.1:64390 - R:localhost/127.0.0.1:10889]
15:50:24.065 [Forwarding findChildElement on session 14f61660-7bcc-4279-b6a3-7163a94e0626 to remote] DEBUG o.a.netty.request.NettyRequestSender - Using pooled Channel '[id: 0x7c68b8df, L:/127.0.0.1:64390 - R:localhost/127.0.0.1:10889]' for 'POST' to 'http://localhost:10889/session/14f61660-7bcc-4279-b6a3-7163a94e0626/element/d5c7e574-4483-4245-bceb-6c5afd8baf7a/element'
15:50:24.065 [Forwarding findChildElement on session 14f61660-7bcc-4279-b6a3-7163a94e0626 to remote] DEBUG o.a.netty.request.NettyRequestSender - Using open Channel [id: 0x7c68b8df, L:/127.0.0.1:64390 - R:localhost/127.0.0.1:10889] for POST '/session/14f61660-7bcc-4279-b6a3-7163a94e0626/element/d5c7e574-4483-4245-bceb-6c5afd8baf7a/element'
15:50:24.068 [AsyncHttpClient-3-1] DEBUG o.a.netty.handler.HttpHandler - 

Request DefaultHttpRequest(decodeResult: success, version: HTTP/1.1)
POST /session/14f61660-7bcc-4279-b6a3-7163a94e0626/element/d5c7e574-4483-4245-bceb-6c5afd8baf7a/element HTTP/1.1
User-Agent: selenium/4.0.0-alpha-5 (java windows)
Content-Length: 97
Content-Type: application/json; charset=utf-8
host: localhost:10889
accept: */*

Response DefaultHttpResponse(decodeResult: success, version: HTTP/1.1)
HTTP/1.1 200 OK
content-type: application/json; charset=utf-8
cache-control: no-cache
content-length: 88
date: Thu, 25 Jun 2020 12:50:24 GMT

15:50:24.068 [AsyncHttpClient-3-1] DEBUG o.a.netty.channel.ChannelManager - Adding key: http://localhost:10889 for channel [id: 0x7c68b8df, L:/127.0.0.1:64390 - R:localhost/127.0.0.1:10889]
15:50:24.071 [Forwarding getElementAttribute on session 14f61660-7bcc-4279-b6a3-7163a94e0626 to remote] DEBUG o.a.netty.request.NettyRequestSender - Using pooled Channel '[id: 0x7c68b8df, L:/127.0.0.1:64390 - R:localhost/127.0.0.1:10889]' for 'POST' to 'http://localhost:10889/session/14f61660-7bcc-4279-b6a3-7163a94e0626/execute/sync'
15:50:24.072 [Forwarding getElementAttribute on session 14f61660-7bcc-4279-b6a3-7163a94e0626 to remote] DEBUG o.a.netty.request.NettyRequestSender - Using open Channel [id: 0x7c68b8df, L:/127.0.0.1:64390 - R:localhost/127.0.0.1:10889] for POST '/session/14f61660-7bcc-4279-b6a3-7163a94e0626/execute/sync'
15:50:24.084 [AsyncHttpClient-3-1] DEBUG o.a.netty.handler.HttpHandler - 

Request DefaultHttpRequest(decodeResult: success, version: HTTP/1.1)
POST /session/14f61660-7bcc-4279-b6a3-7163a94e0626/execute/sync HTTP/1.1
User-Agent: selenium/4.0.0-alpha-5 (java windows)
Content-Length: 39635
Content-Type: application/json; charset=utf-8
host: localhost:10889
accept: */*

Response DefaultHttpResponse(decodeResult: success, version: HTTP/1.1)
HTTP/1.1 200 OK
content-type: application/json; charset=utf-8
cache-control: no-cache
content-length: 15
date: Thu, 25 Jun 2020 12:50:24 GMT

15:50:24.084 [AsyncHttpClient-3-1] DEBUG o.a.netty.channel.ChannelManager - Adding key: http://localhost:10889 for channel [id: 0x7c68b8df, L:/127.0.0.1:64390 - R:localhost/127.0.0.1:10889]
15:50:24.084 [Forwarding findChildElement on session 14f61660-7bcc-4279-b6a3-7163a94e0626 to remote] DEBUG o.a.netty.request.NettyRequestSender - Using pooled Channel '[id: 0x7c68b8df, L:/127.0.0.1:64390 - R:localhost/127.0.0.1:10889]' for 'POST' to 'http://localhost:10889/session/14f61660-7bcc-4279-b6a3-7163a94e0626/element/b9886bef-d08d-4224-bcf2-4cfafc4ca184/element'
15:50:24.084 [Forwarding findChildElement on session 14f61660-7bcc-4279-b6a3-7163a94e0626 to remote] DEBUG o.a.netty.request.NettyRequestSender - Using open Channel [id: 0x7c68b8df, L:/127.0.0.1:64390 - R:localhost/127.0.0.1:10889] for POST '/session/14f61660-7bcc-4279-b6a3-7163a94e0626/element/b9886bef-d08d-4224-bcf2-4cfafc4ca184/element'
15:50:24.088 [AsyncHttpClient-3-1] DEBUG o.a.netty.handler.HttpHandler - 

Request DefaultHttpRequest(decodeResult: success, version: HTTP/1.1)
POST /session/14f61660-7bcc-4279-b6a3-7163a94e0626/element/b9886bef-d08d-4224-bcf2-4cfafc4ca184/element HTTP/1.1
User-Agent: selenium/4.0.0-alpha-5 (java windows)
Content-Length: 103
Content-Type: application/json; charset=utf-8
host: localhost:10889
accept: */*

Response DefaultHttpResponse(decodeResult: success, version: HTTP/1.1)
HTTP/1.1 200 OK
content-type: application/json; charset=utf-8
cache-control: no-cache
content-length: 88
date: Thu, 25 Jun 2020 12:50:24 GMT

15:50:24.089 [AsyncHttpClient-3-1] DEBUG o.a.netty.channel.ChannelManager - Adding key: http://localhost:10889 for channel [id: 0x7c68b8df, L:/127.0.0.1:64390 - R:localhost/127.0.0.1:10889]
15:50:24.089 [Forwarding getElementText on session 14f61660-7bcc-4279-b6a3-7163a94e0626 to remote] DEBUG o.a.netty.request.NettyRequestSender - Using pooled Channel '[id: 0x7c68b8df, L:/127.0.0.1:64390 - R:localhost/127.0.0.1:10889]' for 'GET' to 'http://localhost:10889/session/14f61660-7bcc-4279-b6a3-7163a94e0626/element/52a7daf5-4ac7-409d-beea-2de186369771/text'
15:50:24.089 [Forwarding getElementText on session 14f61660-7bcc-4279-b6a3-7163a94e0626 to remote] DEBUG o.a.netty.request.NettyRequestSender - Using open Channel [id: 0x7c68b8df, L:/127.0.0.1:64390 - R:localhost/127.0.0.1:10889] for GET '/session/14f61660-7bcc-4279-b6a3-7163a94e0626/element/52a7daf5-4ac7-409d-beea-2de186369771/text'
15:50:24.094 [AsyncHttpClient-3-1] DEBUG o.a.netty.handler.HttpHandler - 

Request DefaultFullHttpRequest(decodeResult: success, version: HTTP/1.1, content: EmptyByteBufBE)
GET /session/14f61660-7bcc-4279-b6a3-7163a94e0626/element/52a7daf5-4ac7-409d-beea-2de186369771/text HTTP/1.1
User-Agent: selenium/4.0.0-alpha-5 (java windows)
Cache-Control: no-cache
host: localhost:10889
accept: */*

Response DefaultHttpResponse(decodeResult: success, version: HTTP/1.1)
HTTP/1.1 200 OK
content-type: application/json; charset=utf-8
cache-control: no-cache
content-length: 18
date: Thu, 25 Jun 2020 12:50:24 GMT

15:50:24.094 [AsyncHttpClient-3-1] DEBUG o.a.netty.channel.ChannelManager - Adding key: http://localhost:10889 for channel [id: 0x7c68b8df, L:/127.0.0.1:64390 - R:localhost/127.0.0.1:10889]
15:50:24.094 [Forwarding findChildElement on session 14f61660-7bcc-4279-b6a3-7163a94e0626 to remote] DEBUG o.a.netty.request.NettyRequestSender - Using pooled Channel '[id: 0x7c68b8df, L:/127.0.0.1:64390 - R:localhost/127.0.0.1:10889]' for 'POST' to 'http://localhost:10889/session/14f61660-7bcc-4279-b6a3-7163a94e0626/element/b9886bef-d08d-4224-bcf2-4cfafc4ca184/element'
15:50:24.094 [Forwarding findChildElement on session 14f61660-7bcc-4279-b6a3-7163a94e0626 to remote] DEBUG o.a.netty.request.NettyRequestSender - Using open Channel [id: 0x7c68b8df, L:/127.0.0.1:64390 - R:localhost/127.0.0.1:10889] for POST '/session/14f61660-7bcc-4279-b6a3-7163a94e0626/element/b9886bef-d08d-4224-bcf2-4cfafc4ca184/element'
15:50:24.097 [AsyncHttpClient-3-1] DEBUG o.a.netty.handler.HttpHandler - 

Request DefaultHttpRequest(decodeResult: success, version: HTTP/1.1)
POST /session/14f61660-7bcc-4279-b6a3-7163a94e0626/element/b9886bef-d08d-4224-bcf2-4cfafc4ca184/element HTTP/1.1
User-Agent: selenium/4.0.0-alpha-5 (java windows)
Content-Length: 103
Content-Type: application/json; charset=utf-8
host: localhost:10889
accept: */*

Response DefaultHttpResponse(decodeResult: success, version: HTTP/1.1)
HTTP/1.1 200 OK
content-type: application/json; charset=utf-8
cache-control: no-cache
content-length: 88
date: Thu, 25 Jun 2020 12:50:24 GMT

15:50:24.098 [AsyncHttpClient-3-1] DEBUG o.a.netty.channel.ChannelManager - Adding key: http://localhost:10889 for channel [id: 0x7c68b8df, L:/127.0.0.1:64390 - R:localhost/127.0.0.1:10889]
15:50:24.098 [Forwarding getElementText on session 14f61660-7bcc-4279-b6a3-7163a94e0626 to remote] DEBUG o.a.netty.request.NettyRequestSender - Using pooled Channel '[id: 0x7c68b8df, L:/127.0.0.1:64390 - R:localhost/127.0.0.1:10889]' for 'GET' to 'http://localhost:10889/session/14f61660-7bcc-4279-b6a3-7163a94e0626/element/2c0018af-ff58-4ef3-80fd-23d7d129dcce/text'
15:50:24.098 [Forwarding getElementText on session 14f61660-7bcc-4279-b6a3-7163a94e0626 to remote] DEBUG o.a.netty.request.NettyRequestSender - Using open Channel [id: 0x7c68b8df, L:/127.0.0.1:64390 - R:localhost/127.0.0.1:10889] for GET '/session/14f61660-7bcc-4279-b6a3-7163a94e0626/element/2c0018af-ff58-4ef3-80fd-23d7d129dcce/text'
15:50:24.102 [AsyncHttpClient-3-1] DEBUG o.a.netty.handler.HttpHandler - 

Request DefaultFullHttpRequest(decodeResult: success, version: HTTP/1.1, content: EmptyByteBufBE)
GET /session/14f61660-7bcc-4279-b6a3-7163a94e0626/element/2c0018af-ff58-4ef3-80fd-23d7d129dcce/text HTTP/1.1
User-Agent: selenium/4.0.0-alpha-5 (java windows)
Cache-Control: no-cache
host: localhost:10889
accept: */*

Response DefaultHttpResponse(decodeResult: success, version: HTTP/1.1)
HTTP/1.1 200 OK
content-type: application/json; charset=utf-8
cache-control: no-cache
content-length: 22
date: Thu, 25 Jun 2020 12:50:24 GMT

15:50:24.102 [AsyncHttpClient-3-1] DEBUG o.a.netty.channel.ChannelManager - Adding key: http://localhost:10889 for channel [id: 0x7c68b8df, L:/127.0.0.1:64390 - R:localhost/127.0.0.1:10889]
15:50:24.103 [Forwarding findChildElement on session 14f61660-7bcc-4279-b6a3-7163a94e0626 to remote] DEBUG o.a.netty.request.NettyRequestSender - Using pooled Channel '[id: 0x7c68b8df, L:/127.0.0.1:64390 - R:localhost/127.0.0.1:10889]' for 'POST' to 'http://localhost:10889/session/14f61660-7bcc-4279-b6a3-7163a94e0626/element/b9886bef-d08d-4224-bcf2-4cfafc4ca184/element'
15:50:24.103 [Forwarding findChildElement on session 14f61660-7bcc-4279-b6a3-7163a94e0626 to remote] DEBUG o.a.netty.request.NettyRequestSender - Using open Channel [id: 0x7c68b8df, L:/127.0.0.1:64390 - R:localhost/127.0.0.1:10889] for POST '/session/14f61660-7bcc-4279-b6a3-7163a94e0626/element/b9886bef-d08d-4224-bcf2-4cfafc4ca184/element'
15:50:24.106 [AsyncHttpClient-3-1] DEBUG o.a.netty.handler.HttpHandler - 

Request DefaultHttpRequest(decodeResult: success, version: HTTP/1.1)
POST /session/14f61660-7bcc-4279-b6a3-7163a94e0626/element/b9886bef-d08d-4224-bcf2-4cfafc4ca184/element HTTP/1.1
User-Agent: selenium/4.0.0-alpha-5 (java windows)
Content-Length: 103
Content-Type: application/json; charset=utf-8
host: localhost:10889
accept: */*

Response DefaultHttpResponse(decodeResult: success, version: HTTP/1.1)
HTTP/1.1 200 OK
content-type: application/json; charset=utf-8
cache-control: no-cache
content-length: 88
date: Thu, 25 Jun 2020 12:50:24 GMT

15:50:24.107 [AsyncHttpClient-3-1] DEBUG o.a.netty.channel.ChannelManager - Adding key: http://localhost:10889 for channel [id: 0x7c68b8df, L:/127.0.0.1:64390 - R:localhost/127.0.0.1:10889]
15:50:24.107 [Forwarding getElementText on session 14f61660-7bcc-4279-b6a3-7163a94e0626 to remote] DEBUG o.a.netty.request.NettyRequestSender - Using pooled Channel '[id: 0x7c68b8df, L:/127.0.0.1:64390 - R:localhost/127.0.0.1:10889]' for 'GET' to 'http://localhost:10889/session/14f61660-7bcc-4279-b6a3-7163a94e0626/element/d1d59cb9-8cf2-4193-a646-f92fa22cc602/text'
15:50:24.107 [Forwarding getElementText on session 14f61660-7bcc-4279-b6a3-7163a94e0626 to remote] DEBUG o.a.netty.request.NettyRequestSender - Using open Channel [id: 0x7c68b8df, L:/127.0.0.1:64390 - R:localhost/127.0.0.1:10889] for GET '/session/14f61660-7bcc-4279-b6a3-7163a94e0626/element/d1d59cb9-8cf2-4193-a646-f92fa22cc602/text'
15:50:24.111 [AsyncHttpClient-3-1] DEBUG o.a.netty.handler.HttpHandler - 

Request DefaultFullHttpRequest(decodeResult: success, version: HTTP/1.1, content: EmptyByteBufBE)
GET /session/14f61660-7bcc-4279-b6a3-7163a94e0626/element/d1d59cb9-8cf2-4193-a646-f92fa22cc602/text HTTP/1.1
User-Agent: selenium/4.0.0-alpha-5 (java windows)
Cache-Control: no-cache
host: localhost:10889
accept: */*

Response DefaultHttpResponse(decodeResult: success, version: HTTP/1.1)
HTTP/1.1 200 OK
content-type: application/json; charset=utf-8
cache-control: no-cache
content-length: 21
date: Thu, 25 Jun 2020 12:50:24 GMT

15:50:24.111 [AsyncHttpClient-3-1] DEBUG o.a.netty.channel.ChannelManager - Adding key: http://localhost:10889 for channel [id: 0x7c68b8df, L:/127.0.0.1:64390 - R:localhost/127.0.0.1:10889]
15:50:24.112 [Forwarding findChildElement on session 14f61660-7bcc-4279-b6a3-7163a94e0626 to remote] DEBUG o.a.netty.request.NettyRequestSender - Using pooled Channel '[id: 0x7c68b8df, L:/127.0.0.1:64390 - R:localhost/127.0.0.1:10889]' for 'POST' to 'http://localhost:10889/session/14f61660-7bcc-4279-b6a3-7163a94e0626/element/b9886bef-d08d-4224-bcf2-4cfafc4ca184/element'
15:50:24.112 [Forwarding findChildElement on session 14f61660-7bcc-4279-b6a3-7163a94e0626 to remote] DEBUG o.a.netty.request.NettyRequestSender - Using open Channel [id: 0x7c68b8df, L:/127.0.0.1:64390 - R:localhost/127.0.0.1:10889] for POST '/session/14f61660-7bcc-4279-b6a3-7163a94e0626/element/b9886bef-d08d-4224-bcf2-4cfafc4ca184/element'
15:50:24.115 [AsyncHttpClient-3-1] DEBUG o.a.netty.handler.HttpHandler - 

Request DefaultHttpRequest(decodeResult: success, version: HTTP/1.1)
POST /session/14f61660-7bcc-4279-b6a3-7163a94e0626/element/b9886bef-d08d-4224-bcf2-4cfafc4ca184/element HTTP/1.1
User-Agent: selenium/4.0.0-alpha-5 (java windows)
Content-Length: 103
Content-Type: application/json; charset=utf-8
host: localhost:10889
accept: */*

Response DefaultHttpResponse(decodeResult: success, version: HTTP/1.1)
HTTP/1.1 200 OK
content-type: application/json; charset=utf-8
cache-control: no-cache
content-length: 88
date: Thu, 25 Jun 2020 12:50:24 GMT

15:50:24.115 [AsyncHttpClient-3-1] DEBUG o.a.netty.channel.ChannelManager - Adding key: http://localhost:10889 for channel [id: 0x7c68b8df, L:/127.0.0.1:64390 - R:localhost/127.0.0.1:10889]
15:50:24.115 [Forwarding getElementText on session 14f61660-7bcc-4279-b6a3-7163a94e0626 to remote] DEBUG o.a.netty.request.NettyRequestSender - Using pooled Channel '[id: 0x7c68b8df, L:/127.0.0.1:64390 - R:localhost/127.0.0.1:10889]' for 'GET' to 'http://localhost:10889/session/14f61660-7bcc-4279-b6a3-7163a94e0626/element/9554f41b-8e23-4a91-82a0-275088331ee3/text'
15:50:24.115 [Forwarding getElementText on session 14f61660-7bcc-4279-b6a3-7163a94e0626 to remote] DEBUG o.a.netty.request.NettyRequestSender - Using open Channel [id: 0x7c68b8df, L:/127.0.0.1:64390 - R:localhost/127.0.0.1:10889] for GET '/session/14f61660-7bcc-4279-b6a3-7163a94e0626/element/9554f41b-8e23-4a91-82a0-275088331ee3/text'
15:50:24.120 [AsyncHttpClient-3-1] DEBUG o.a.netty.handler.HttpHandler - 

Request DefaultFullHttpRequest(decodeResult: success, version: HTTP/1.1, content: EmptyByteBufBE)
GET /session/14f61660-7bcc-4279-b6a3-7163a94e0626/element/9554f41b-8e23-4a91-82a0-275088331ee3/text HTTP/1.1
User-Agent: selenium/4.0.0-alpha-5 (java windows)
Cache-Control: no-cache
host: localhost:10889
accept: */*

Response DefaultHttpResponse(decodeResult: success, version: HTTP/1.1)
HTTP/1.1 200 OK
content-type: application/json; charset=utf-8
cache-control: no-cache
content-length: 45
date: Thu, 25 Jun 2020 12:50:24 GMT

15:50:24.120 [AsyncHttpClient-3-1] DEBUG o.a.netty.channel.ChannelManager - Adding key: http://localhost:10889 for channel [id: 0x7c68b8df, L:/127.0.0.1:64390 - R:localhost/127.0.0.1:10889]
15:50:24.120 [Forwarding findChildElement on session 14f61660-7bcc-4279-b6a3-7163a94e0626 to remote] DEBUG o.a.netty.request.NettyRequestSender - Using pooled Channel '[id: 0x7c68b8df, L:/127.0.0.1:64390 - R:localhost/127.0.0.1:10889]' for 'POST' to 'http://localhost:10889/session/14f61660-7bcc-4279-b6a3-7163a94e0626/element/b9886bef-d08d-4224-bcf2-4cfafc4ca184/element'
15:50:24.121 [Forwarding findChildElement on session 14f61660-7bcc-4279-b6a3-7163a94e0626 to remote] DEBUG o.a.netty.request.NettyRequestSender - Using open Channel [id: 0x7c68b8df, L:/127.0.0.1:64390 - R:localhost/127.0.0.1:10889] for POST '/session/14f61660-7bcc-4279-b6a3-7163a94e0626/element/b9886bef-d08d-4224-bcf2-4cfafc4ca184/element'
15:50:24.124 [AsyncHttpClient-3-1] DEBUG o.a.netty.handler.HttpHandler - 

Request DefaultHttpRequest(decodeResult: success, version: HTTP/1.1)
POST /session/14f61660-7bcc-4279-b6a3-7163a94e0626/element/b9886bef-d08d-4224-bcf2-4cfafc4ca184/element HTTP/1.1
User-Agent: selenium/4.0.0-alpha-5 (java windows)
Content-Length: 103
Content-Type: application/json; charset=utf-8
host: localhost:10889
accept: */*

Response DefaultHttpResponse(decodeResult: success, version: HTTP/1.1)
HTTP/1.1 200 OK
content-type: application/json; charset=utf-8
cache-control: no-cache
content-length: 88
date: Thu, 25 Jun 2020 12:50:24 GMT

15:50:24.124 [AsyncHttpClient-3-1] DEBUG o.a.netty.channel.ChannelManager - Adding key: http://localhost:10889 for channel [id: 0x7c68b8df, L:/127.0.0.1:64390 - R:localhost/127.0.0.1:10889]
15:50:24.125 [Forwarding getElementText on session 14f61660-7bcc-4279-b6a3-7163a94e0626 to remote] DEBUG o.a.netty.request.NettyRequestSender - Using pooled Channel '[id: 0x7c68b8df, L:/127.0.0.1:64390 - R:localhost/127.0.0.1:10889]' for 'GET' to 'http://localhost:10889/session/14f61660-7bcc-4279-b6a3-7163a94e0626/element/12209dba-2c4e-432e-bb76-15a83172aca9/text'
15:50:24.125 [Forwarding getElementText on session 14f61660-7bcc-4279-b6a3-7163a94e0626 to remote] DEBUG o.a.netty.request.NettyRequestSender - Using open Channel [id: 0x7c68b8df, L:/127.0.0.1:64390 - R:localhost/127.0.0.1:10889] for GET '/session/14f61660-7bcc-4279-b6a3-7163a94e0626/element/12209dba-2c4e-432e-bb76-15a83172aca9/text'
15:50:24.133 [AsyncHttpClient-3-1] DEBUG o.a.netty.handler.HttpHandler - 

Request DefaultFullHttpRequest(decodeResult: success, version: HTTP/1.1, content: EmptyByteBufBE)
GET /session/14f61660-7bcc-4279-b6a3-7163a94e0626/element/12209dba-2c4e-432e-bb76-15a83172aca9/text HTTP/1.1
User-Agent: selenium/4.0.0-alpha-5 (java windows)
Cache-Control: no-cache
host: localhost:10889
accept: */*

Response DefaultHttpResponse(decodeResult: success, version: HTTP/1.1)
HTTP/1.1 200 OK
content-type: application/json; charset=utf-8
cache-control: no-cache
content-length: 57
date: Thu, 25 Jun 2020 12:50:24 GMT

15:50:24.133 [AsyncHttpClient-3-1] DEBUG o.a.netty.channel.ChannelManager - Adding key: http://localhost:10889 for channel [id: 0x7c68b8df, L:/127.0.0.1:64390 - R:localhost/127.0.0.1:10889]
15:50:24.133 [Forwarding findChildElement on session 14f61660-7bcc-4279-b6a3-7163a94e0626 to remote] DEBUG o.a.netty.request.NettyRequestSender - Using pooled Channel '[id: 0x7c68b8df, L:/127.0.0.1:64390 - R:localhost/127.0.0.1:10889]' for 'POST' to 'http://localhost:10889/session/14f61660-7bcc-4279-b6a3-7163a94e0626/element/b9886bef-d08d-4224-bcf2-4cfafc4ca184/element'
15:50:24.133 [Forwarding findChildElement on session 14f61660-7bcc-4279-b6a3-7163a94e0626 to remote] DEBUG o.a.netty.request.NettyRequestSender - Using open Channel [id: 0x7c68b8df, L:/127.0.0.1:64390 - R:localhost/127.0.0.1:10889] for POST '/session/14f61660-7bcc-4279-b6a3-7163a94e0626/element/b9886bef-d08d-4224-bcf2-4cfafc4ca184/element'
15:50:24.137 [AsyncHttpClient-3-1] DEBUG o.a.netty.handler.HttpHandler - 

Request DefaultHttpRequest(decodeResult: success, version: HTTP/1.1)
POST /session/14f61660-7bcc-4279-b6a3-7163a94e0626/element/b9886bef-d08d-4224-bcf2-4cfafc4ca184/element HTTP/1.1
User-Agent: selenium/4.0.0-alpha-5 (java windows)
Content-Length: 97
Content-Type: application/json; charset=utf-8
host: localhost:10889
accept: */*

Response DefaultHttpResponse(decodeResult: success, version: HTTP/1.1)
HTTP/1.1 200 OK
content-type: application/json; charset=utf-8
cache-control: no-cache
content-length: 88
date: Thu, 25 Jun 2020 12:50:24 GMT

15:50:24.137 [AsyncHttpClient-3-1] DEBUG o.a.netty.channel.ChannelManager - Adding key: http://localhost:10889 for channel [id: 0x7c68b8df, L:/127.0.0.1:64390 - R:localhost/127.0.0.1:10889]
15:50:24.140 [Forwarding getElementAttribute on session 14f61660-7bcc-4279-b6a3-7163a94e0626 to remote] DEBUG o.a.netty.request.NettyRequestSender - Using pooled Channel '[id: 0x7c68b8df, L:/127.0.0.1:64390 - R:localhost/127.0.0.1:10889]' for 'POST' to 'http://localhost:10889/session/14f61660-7bcc-4279-b6a3-7163a94e0626/execute/sync'
15:50:24.140 [Forwarding getElementAttribute on session 14f61660-7bcc-4279-b6a3-7163a94e0626 to remote] DEBUG o.a.netty.request.NettyRequestSender - Using open Channel [id: 0x7c68b8df, L:/127.0.0.1:64390 - R:localhost/127.0.0.1:10889] for POST '/session/14f61660-7bcc-4279-b6a3-7163a94e0626/execute/sync'
15:50:24.158 [AsyncHttpClient-3-1] DEBUG o.a.netty.handler.HttpHandler - 

Request DefaultHttpRequest(decodeResult: success, version: HTTP/1.1)
POST /session/14f61660-7bcc-4279-b6a3-7163a94e0626/execute/sync HTTP/1.1
User-Agent: selenium/4.0.0-alpha-5 (java windows)
Content-Length: 39635
Content-Type: application/json; charset=utf-8
host: localhost:10889
accept: */*

Response DefaultHttpResponse(decodeResult: success, version: HTTP/1.1)
HTTP/1.1 200 OK
content-type: application/json; charset=utf-8
cache-control: no-cache
content-length: 15
date: Thu, 25 Jun 2020 12:50:24 GMT

15:50:24.158 [AsyncHttpClient-3-1] DEBUG o.a.netty.channel.ChannelManager - Adding key: http://localhost:10889 for channel [id: 0x7c68b8df, L:/127.0.0.1:64390 - R:localhost/127.0.0.1:10889]
15:50:24.159 [Forwarding findChildElement on session 14f61660-7bcc-4279-b6a3-7163a94e0626 to remote] DEBUG o.a.netty.request.NettyRequestSender - Using pooled Channel '[id: 0x7c68b8df, L:/127.0.0.1:64390 - R:localhost/127.0.0.1:10889]' for 'POST' to 'http://localhost:10889/session/14f61660-7bcc-4279-b6a3-7163a94e0626/element/2903e2a1-753a-44b2-bab8-967efb469fcd/element'
15:50:24.159 [Forwarding findChildElement on session 14f61660-7bcc-4279-b6a3-7163a94e0626 to remote] DEBUG o.a.netty.request.NettyRequestSender - Using open Channel [id: 0x7c68b8df, L:/127.0.0.1:64390 - R:localhost/127.0.0.1:10889] for POST '/session/14f61660-7bcc-4279-b6a3-7163a94e0626/element/2903e2a1-753a-44b2-bab8-967efb469fcd/element'
15:50:24.162 [AsyncHttpClient-3-1] DEBUG o.a.netty.handler.HttpHandler - 

Request DefaultHttpRequest(decodeResult: success, version: HTTP/1.1)
POST /session/14f61660-7bcc-4279-b6a3-7163a94e0626/element/2903e2a1-753a-44b2-bab8-967efb469fcd/element HTTP/1.1
User-Agent: selenium/4.0.0-alpha-5 (java windows)
Content-Length: 103
Content-Type: application/json; charset=utf-8
host: localhost:10889
accept: */*

Response DefaultHttpResponse(decodeResult: success, version: HTTP/1.1)
HTTP/1.1 200 OK
content-type: application/json; charset=utf-8
cache-control: no-cache
content-length: 88
date: Thu, 25 Jun 2020 12:50:24 GMT

15:50:24.162 [AsyncHttpClient-3-1] DEBUG o.a.netty.channel.ChannelManager - Adding key: http://localhost:10889 for channel [id: 0x7c68b8df, L:/127.0.0.1:64390 - R:localhost/127.0.0.1:10889]
15:50:24.163 [Forwarding getElementText on session 14f61660-7bcc-4279-b6a3-7163a94e0626 to remote] DEBUG o.a.netty.request.NettyRequestSender - Using pooled Channel '[id: 0x7c68b8df, L:/127.0.0.1:64390 - R:localhost/127.0.0.1:10889]' for 'GET' to 'http://localhost:10889/session/14f61660-7bcc-4279-b6a3-7163a94e0626/element/ed0254ee-ce36-4900-bb25-7a14b41f2626/text'
15:50:24.163 [Forwarding getElementText on session 14f61660-7bcc-4279-b6a3-7163a94e0626 to remote] DEBUG o.a.netty.request.NettyRequestSender - Using open Channel [id: 0x7c68b8df, L:/127.0.0.1:64390 - R:localhost/127.0.0.1:10889] for GET '/session/14f61660-7bcc-4279-b6a3-7163a94e0626/element/ed0254ee-ce36-4900-bb25-7a14b41f2626/text'
15:50:24.167 [AsyncHttpClient-3-1] DEBUG o.a.netty.handler.HttpHandler - 

Request DefaultFullHttpRequest(decodeResult: success, version: HTTP/1.1, content: EmptyByteBufBE)
GET /session/14f61660-7bcc-4279-b6a3-7163a94e0626/element/ed0254ee-ce36-4900-bb25-7a14b41f2626/text HTTP/1.1
User-Agent: selenium/4.0.0-alpha-5 (java windows)
Cache-Control: no-cache
host: localhost:10889
accept: */*

Response DefaultHttpResponse(decodeResult: success, version: HTTP/1.1)
HTTP/1.1 200 OK
content-type: application/json; charset=utf-8
cache-control: no-cache
content-length: 18
date: Thu, 25 Jun 2020 12:50:24 GMT

15:50:24.167 [AsyncHttpClient-3-1] DEBUG o.a.netty.channel.ChannelManager - Adding key: http://localhost:10889 for channel [id: 0x7c68b8df, L:/127.0.0.1:64390 - R:localhost/127.0.0.1:10889]
15:50:24.167 [Forwarding findChildElement on session 14f61660-7bcc-4279-b6a3-7163a94e0626 to remote] DEBUG o.a.netty.request.NettyRequestSender - Using pooled Channel '[id: 0x7c68b8df, L:/127.0.0.1:64390 - R:localhost/127.0.0.1:10889]' for 'POST' to 'http://localhost:10889/session/14f61660-7bcc-4279-b6a3-7163a94e0626/element/2903e2a1-753a-44b2-bab8-967efb469fcd/element'
15:50:24.167 [Forwarding findChildElement on session 14f61660-7bcc-4279-b6a3-7163a94e0626 to remote] DEBUG o.a.netty.request.NettyRequestSender - Using open Channel [id: 0x7c68b8df, L:/127.0.0.1:64390 - R:localhost/127.0.0.1:10889] for POST '/session/14f61660-7bcc-4279-b6a3-7163a94e0626/element/2903e2a1-753a-44b2-bab8-967efb469fcd/element'
15:50:24.171 [AsyncHttpClient-3-1] DEBUG o.a.netty.handler.HttpHandler - 

Request DefaultHttpRequest(decodeResult: success, version: HTTP/1.1)
POST /session/14f61660-7bcc-4279-b6a3-7163a94e0626/element/2903e2a1-753a-44b2-bab8-967efb469fcd/element HTTP/1.1
User-Agent: selenium/4.0.0-alpha-5 (java windows)
Content-Length: 103
Content-Type: application/json; charset=utf-8
host: localhost:10889
accept: */*

Response DefaultHttpResponse(decodeResult: success, version: HTTP/1.1)
HTTP/1.1 200 OK
content-type: application/json; charset=utf-8
cache-control: no-cache
content-length: 88
date: Thu, 25 Jun 2020 12:50:24 GMT

15:50:24.171 [AsyncHttpClient-3-1] DEBUG o.a.netty.channel.ChannelManager - Adding key: http://localhost:10889 for channel [id: 0x7c68b8df, L:/127.0.0.1:64390 - R:localhost/127.0.0.1:10889]
15:50:24.171 [Forwarding getElementText on session 14f61660-7bcc-4279-b6a3-7163a94e0626 to remote] DEBUG o.a.netty.request.NettyRequestSender - Using pooled Channel '[id: 0x7c68b8df, L:/127.0.0.1:64390 - R:localhost/127.0.0.1:10889]' for 'GET' to 'http://localhost:10889/session/14f61660-7bcc-4279-b6a3-7163a94e0626/element/a1742500-95b6-4a60-9e29-28c8813b8f5a/text'
15:50:24.171 [Forwarding getElementText on session 14f61660-7bcc-4279-b6a3-7163a94e0626 to remote] DEBUG o.a.netty.request.NettyRequestSender - Using open Channel [id: 0x7c68b8df, L:/127.0.0.1:64390 - R:localhost/127.0.0.1:10889] for GET '/session/14f61660-7bcc-4279-b6a3-7163a94e0626/element/a1742500-95b6-4a60-9e29-28c8813b8f5a/text'
15:50:24.175 [AsyncHttpClient-3-1] DEBUG o.a.netty.handler.HttpHandler - 

Request DefaultFullHttpRequest(decodeResult: success, version: HTTP/1.1, content: EmptyByteBufBE)
GET /session/14f61660-7bcc-4279-b6a3-7163a94e0626/element/a1742500-95b6-4a60-9e29-28c8813b8f5a/text HTTP/1.1
User-Agent: selenium/4.0.0-alpha-5 (java windows)
Cache-Control: no-cache
host: localhost:10889
accept: */*

Response DefaultHttpResponse(decodeResult: success, version: HTTP/1.1)
HTTP/1.1 200 OK
content-type: application/json; charset=utf-8
cache-control: no-cache
content-length: 22
date: Thu, 25 Jun 2020 12:50:24 GMT

15:50:24.176 [AsyncHttpClient-3-1] DEBUG o.a.netty.channel.ChannelManager - Adding key: http://localhost:10889 for channel [id: 0x7c68b8df, L:/127.0.0.1:64390 - R:localhost/127.0.0.1:10889]
15:50:24.176 [Forwarding findChildElement on session 14f61660-7bcc-4279-b6a3-7163a94e0626 to remote] DEBUG o.a.netty.request.NettyRequestSender - Using pooled Channel '[id: 0x7c68b8df, L:/127.0.0.1:64390 - R:localhost/127.0.0.1:10889]' for 'POST' to 'http://localhost:10889/session/14f61660-7bcc-4279-b6a3-7163a94e0626/element/2903e2a1-753a-44b2-bab8-967efb469fcd/element'
15:50:24.176 [Forwarding findChildElement on session 14f61660-7bcc-4279-b6a3-7163a94e0626 to remote] DEBUG o.a.netty.request.NettyRequestSender - Using open Channel [id: 0x7c68b8df, L:/127.0.0.1:64390 - R:localhost/127.0.0.1:10889] for POST '/session/14f61660-7bcc-4279-b6a3-7163a94e0626/element/2903e2a1-753a-44b2-bab8-967efb469fcd/element'
15:50:24.179 [AsyncHttpClient-3-1] DEBUG o.a.netty.handler.HttpHandler - 

Request DefaultHttpRequest(decodeResult: success, version: HTTP/1.1)
POST /session/14f61660-7bcc-4279-b6a3-7163a94e0626/element/2903e2a1-753a-44b2-bab8-967efb469fcd/element HTTP/1.1
User-Agent: selenium/4.0.0-alpha-5 (java windows)
Content-Length: 103
Content-Type: application/json; charset=utf-8
host: localhost:10889
accept: */*

Response DefaultHttpResponse(decodeResult: success, version: HTTP/1.1)
HTTP/1.1 200 OK
content-type: application/json; charset=utf-8
cache-control: no-cache
content-length: 88
date: Thu, 25 Jun 2020 12:50:24 GMT

15:50:24.180 [AsyncHttpClient-3-1] DEBUG o.a.netty.channel.ChannelManager - Adding key: http://localhost:10889 for channel [id: 0x7c68b8df, L:/127.0.0.1:64390 - R:localhost/127.0.0.1:10889]
15:50:24.180 [Forwarding getElementText on session 14f61660-7bcc-4279-b6a3-7163a94e0626 to remote] DEBUG o.a.netty.request.NettyRequestSender - Using pooled Channel '[id: 0x7c68b8df, L:/127.0.0.1:64390 - R:localhost/127.0.0.1:10889]' for 'GET' to 'http://localhost:10889/session/14f61660-7bcc-4279-b6a3-7163a94e0626/element/9c805ccd-3995-4ff4-b100-8134dbde92c1/text'
15:50:24.180 [Forwarding getElementText on session 14f61660-7bcc-4279-b6a3-7163a94e0626 to remote] DEBUG o.a.netty.request.NettyRequestSender - Using open Channel [id: 0x7c68b8df, L:/127.0.0.1:64390 - R:localhost/127.0.0.1:10889] for GET '/session/14f61660-7bcc-4279-b6a3-7163a94e0626/element/9c805ccd-3995-4ff4-b100-8134dbde92c1/text'
15:50:24.184 [AsyncHttpClient-3-1] DEBUG o.a.netty.handler.HttpHandler - 

Request DefaultFullHttpRequest(decodeResult: success, version: HTTP/1.1, content: EmptyByteBufBE)
GET /session/14f61660-7bcc-4279-b6a3-7163a94e0626/element/9c805ccd-3995-4ff4-b100-8134dbde92c1/text HTTP/1.1
User-Agent: selenium/4.0.0-alpha-5 (java windows)
Cache-Control: no-cache
host: localhost:10889
accept: */*

Response DefaultHttpResponse(decodeResult: success, version: HTTP/1.1)
HTTP/1.1 200 OK
content-type: application/json; charset=utf-8
cache-control: no-cache
content-length: 21
date: Thu, 25 Jun 2020 12:50:24 GMT

15:50:24.184 [AsyncHttpClient-3-1] DEBUG o.a.netty.channel.ChannelManager - Adding key: http://localhost:10889 for channel [id: 0x7c68b8df, L:/127.0.0.1:64390 - R:localhost/127.0.0.1:10889]
15:50:24.185 [Forwarding findChildElement on session 14f61660-7bcc-4279-b6a3-7163a94e0626 to remote] DEBUG o.a.netty.request.NettyRequestSender - Using pooled Channel '[id: 0x7c68b8df, L:/127.0.0.1:64390 - R:localhost/127.0.0.1:10889]' for 'POST' to 'http://localhost:10889/session/14f61660-7bcc-4279-b6a3-7163a94e0626/element/2903e2a1-753a-44b2-bab8-967efb469fcd/element'
15:50:24.185 [Forwarding findChildElement on session 14f61660-7bcc-4279-b6a3-7163a94e0626 to remote] DEBUG o.a.netty.request.NettyRequestSender - Using open Channel [id: 0x7c68b8df, L:/127.0.0.1:64390 - R:localhost/127.0.0.1:10889] for POST '/session/14f61660-7bcc-4279-b6a3-7163a94e0626/element/2903e2a1-753a-44b2-bab8-967efb469fcd/element'
15:50:24.189 [AsyncHttpClient-3-1] DEBUG o.a.netty.handler.HttpHandler - 

Request DefaultHttpRequest(decodeResult: success, version: HTTP/1.1)
POST /session/14f61660-7bcc-4279-b6a3-7163a94e0626/element/2903e2a1-753a-44b2-bab8-967efb469fcd/element HTTP/1.1
User-Agent: selenium/4.0.0-alpha-5 (java windows)
Content-Length: 103
Content-Type: application/json; charset=utf-8
host: localhost:10889
accept: */*

Response DefaultHttpResponse(decodeResult: success, version: HTTP/1.1)
HTTP/1.1 200 OK
content-type: application/json; charset=utf-8
cache-control: no-cache
content-length: 88
date: Thu, 25 Jun 2020 12:50:24 GMT

15:50:24.189 [AsyncHttpClient-3-1] DEBUG o.a.netty.channel.ChannelManager - Adding key: http://localhost:10889 for channel [id: 0x7c68b8df, L:/127.0.0.1:64390 - R:localhost/127.0.0.1:10889]
15:50:24.190 [Forwarding getElementText on session 14f61660-7bcc-4279-b6a3-7163a94e0626 to remote] DEBUG o.a.netty.request.NettyRequestSender - Using pooled Channel '[id: 0x7c68b8df, L:/127.0.0.1:64390 - R:localhost/127.0.0.1:10889]' for 'GET' to 'http://localhost:10889/session/14f61660-7bcc-4279-b6a3-7163a94e0626/element/39a4d712-8baf-4855-8cac-65ffc1be2d3b/text'
15:50:24.190 [Forwarding getElementText on session 14f61660-7bcc-4279-b6a3-7163a94e0626 to remote] DEBUG o.a.netty.request.NettyRequestSender - Using open Channel [id: 0x7c68b8df, L:/127.0.0.1:64390 - R:localhost/127.0.0.1:10889] for GET '/session/14f61660-7bcc-4279-b6a3-7163a94e0626/element/39a4d712-8baf-4855-8cac-65ffc1be2d3b/text'
15:50:24.194 [AsyncHttpClient-3-1] DEBUG o.a.netty.handler.HttpHandler - 

Request DefaultFullHttpRequest(decodeResult: success, version: HTTP/1.1, content: EmptyByteBufBE)
GET /session/14f61660-7bcc-4279-b6a3-7163a94e0626/element/39a4d712-8baf-4855-8cac-65ffc1be2d3b/text HTTP/1.1
User-Agent: selenium/4.0.0-alpha-5 (java windows)
Cache-Control: no-cache
host: localhost:10889
accept: */*

Response DefaultHttpResponse(decodeResult: success, version: HTTP/1.1)
HTTP/1.1 200 OK
content-type: application/json; charset=utf-8
cache-control: no-cache
content-length: 45
date: Thu, 25 Jun 2020 12:50:24 GMT

15:50:24.194 [AsyncHttpClient-3-1] DEBUG o.a.netty.channel.ChannelManager - Adding key: http://localhost:10889 for channel [id: 0x7c68b8df, L:/127.0.0.1:64390 - R:localhost/127.0.0.1:10889]
15:50:24.194 [Forwarding findChildElement on session 14f61660-7bcc-4279-b6a3-7163a94e0626 to remote] DEBUG o.a.netty.request.NettyRequestSender - Using pooled Channel '[id: 0x7c68b8df, L:/127.0.0.1:64390 - R:localhost/127.0.0.1:10889]' for 'POST' to 'http://localhost:10889/session/14f61660-7bcc-4279-b6a3-7163a94e0626/element/2903e2a1-753a-44b2-bab8-967efb469fcd/element'
15:50:24.194 [Forwarding findChildElement on session 14f61660-7bcc-4279-b6a3-7163a94e0626 to remote] DEBUG o.a.netty.request.NettyRequestSender - Using open Channel [id: 0x7c68b8df, L:/127.0.0.1:64390 - R:localhost/127.0.0.1:10889] for POST '/session/14f61660-7bcc-4279-b6a3-7163a94e0626/element/2903e2a1-753a-44b2-bab8-967efb469fcd/element'
15:50:24.198 [AsyncHttpClient-3-1] DEBUG o.a.netty.handler.HttpHandler - 

Request DefaultHttpRequest(decodeResult: success, version: HTTP/1.1)
POST /session/14f61660-7bcc-4279-b6a3-7163a94e0626/element/2903e2a1-753a-44b2-bab8-967efb469fcd/element HTTP/1.1
User-Agent: selenium/4.0.0-alpha-5 (java windows)
Content-Length: 103
Content-Type: application/json; charset=utf-8
host: localhost:10889
accept: */*

Response DefaultHttpResponse(decodeResult: success, version: HTTP/1.1)
HTTP/1.1 200 OK
content-type: application/json; charset=utf-8
cache-control: no-cache
content-length: 88
date: Thu, 25 Jun 2020 12:50:24 GMT

15:50:24.198 [AsyncHttpClient-3-1] DEBUG o.a.netty.channel.ChannelManager - Adding key: http://localhost:10889 for channel [id: 0x7c68b8df, L:/127.0.0.1:64390 - R:localhost/127.0.0.1:10889]
15:50:24.198 [Forwarding getElementText on session 14f61660-7bcc-4279-b6a3-7163a94e0626 to remote] DEBUG o.a.netty.request.NettyRequestSender - Using pooled Channel '[id: 0x7c68b8df, L:/127.0.0.1:64390 - R:localhost/127.0.0.1:10889]' for 'GET' to 'http://localhost:10889/session/14f61660-7bcc-4279-b6a3-7163a94e0626/element/49862181-1ec5-4926-8a43-39761da14b74/text'
15:50:24.198 [Forwarding getElementText on session 14f61660-7bcc-4279-b6a3-7163a94e0626 to remote] DEBUG o.a.netty.request.NettyRequestSender - Using open Channel [id: 0x7c68b8df, L:/127.0.0.1:64390 - R:localhost/127.0.0.1:10889] for GET '/session/14f61660-7bcc-4279-b6a3-7163a94e0626/element/49862181-1ec5-4926-8a43-39761da14b74/text'
15:50:24.205 [AsyncHttpClient-3-1] DEBUG o.a.netty.handler.HttpHandler - 

Request DefaultFullHttpRequest(decodeResult: success, version: HTTP/1.1, content: EmptyByteBufBE)
GET /session/14f61660-7bcc-4279-b6a3-7163a94e0626/element/49862181-1ec5-4926-8a43-39761da14b74/text HTTP/1.1
User-Agent: selenium/4.0.0-alpha-5 (java windows)
Cache-Control: no-cache
host: localhost:10889
accept: */*

Response DefaultHttpResponse(decodeResult: success, version: HTTP/1.1)
HTTP/1.1 200 OK
content-type: application/json; charset=utf-8
cache-control: no-cache
content-length: 57
date: Thu, 25 Jun 2020 12:50:24 GMT

15:50:24.205 [AsyncHttpClient-3-1] DEBUG o.a.netty.channel.ChannelManager - Adding key: http://localhost:10889 for channel [id: 0x7c68b8df, L:/127.0.0.1:64390 - R:localhost/127.0.0.1:10889]
15:50:24.206 [Forwarding findChildElement on session 14f61660-7bcc-4279-b6a3-7163a94e0626 to remote] DEBUG o.a.netty.request.NettyRequestSender - Using pooled Channel '[id: 0x7c68b8df, L:/127.0.0.1:64390 - R:localhost/127.0.0.1:10889]' for 'POST' to 'http://localhost:10889/session/14f61660-7bcc-4279-b6a3-7163a94e0626/element/2903e2a1-753a-44b2-bab8-967efb469fcd/element'
15:50:24.206 [Forwarding findChildElement on session 14f61660-7bcc-4279-b6a3-7163a94e0626 to remote] DEBUG o.a.netty.request.NettyRequestSender - Using open Channel [id: 0x7c68b8df, L:/127.0.0.1:64390 - R:localhost/127.0.0.1:10889] for POST '/session/14f61660-7bcc-4279-b6a3-7163a94e0626/element/2903e2a1-753a-44b2-bab8-967efb469fcd/element'
15:50:24.209 [AsyncHttpClient-3-1] DEBUG o.a.netty.handler.HttpHandler - 

Request DefaultHttpRequest(decodeResult: success, version: HTTP/1.1)
POST /session/14f61660-7bcc-4279-b6a3-7163a94e0626/element/2903e2a1-753a-44b2-bab8-967efb469fcd/element HTTP/1.1
User-Agent: selenium/4.0.0-alpha-5 (java windows)
Content-Length: 97
Content-Type: application/json; charset=utf-8
host: localhost:10889
accept: */*

Response DefaultHttpResponse(decodeResult: success, version: HTTP/1.1)
HTTP/1.1 200 OK
content-type: application/json; charset=utf-8
cache-control: no-cache
content-length: 88
date: Thu, 25 Jun 2020 12:50:24 GMT

15:50:24.209 [AsyncHttpClient-3-1] DEBUG o.a.netty.channel.ChannelManager - Adding key: http://localhost:10889 for channel [id: 0x7c68b8df, L:/127.0.0.1:64390 - R:localhost/127.0.0.1:10889]
15:50:24.212 [Forwarding getElementAttribute on session 14f61660-7bcc-4279-b6a3-7163a94e0626 to remote] DEBUG o.a.netty.request.NettyRequestSender - Using pooled Channel '[id: 0x7c68b8df, L:/127.0.0.1:64390 - R:localhost/127.0.0.1:10889]' for 'POST' to 'http://localhost:10889/session/14f61660-7bcc-4279-b6a3-7163a94e0626/execute/sync'
15:50:24.212 [Forwarding getElementAttribute on session 14f61660-7bcc-4279-b6a3-7163a94e0626 to remote] DEBUG o.a.netty.request.NettyRequestSender - Using open Channel [id: 0x7c68b8df, L:/127.0.0.1:64390 - R:localhost/127.0.0.1:10889] for POST '/session/14f61660-7bcc-4279-b6a3-7163a94e0626/execute/sync'
15:50:24.226 [AsyncHttpClient-3-1] DEBUG o.a.netty.handler.HttpHandler - 

Request DefaultHttpRequest(decodeResult: success, version: HTTP/1.1)
POST /session/14f61660-7bcc-4279-b6a3-7163a94e0626/execute/sync HTTP/1.1
User-Agent: selenium/4.0.0-alpha-5 (java windows)
Content-Length: 39635
Content-Type: application/json; charset=utf-8
host: localhost:10889
accept: */*

Response DefaultHttpResponse(decodeResult: success, version: HTTP/1.1)
HTTP/1.1 200 OK
content-type: application/json; charset=utf-8
cache-control: no-cache
content-length: 15
date: Thu, 25 Jun 2020 12:50:24 GMT

15:50:24.226 [AsyncHttpClient-3-1] DEBUG o.a.netty.channel.ChannelManager - Adding key: http://localhost:10889 for channel [id: 0x7c68b8df, L:/127.0.0.1:64390 - R:localhost/127.0.0.1:10889]
15:50:24.226 [Forwarding findChildElement on session 14f61660-7bcc-4279-b6a3-7163a94e0626 to remote] DEBUG o.a.netty.request.NettyRequestSender - Using pooled Channel '[id: 0x7c68b8df, L:/127.0.0.1:64390 - R:localhost/127.0.0.1:10889]' for 'POST' to 'http://localhost:10889/session/14f61660-7bcc-4279-b6a3-7163a94e0626/element/bf369e45-176c-45bd-9313-da21eb1a9aae/element'
15:50:24.226 [Forwarding findChildElement on session 14f61660-7bcc-4279-b6a3-7163a94e0626 to remote] DEBUG o.a.netty.request.NettyRequestSender - Using open Channel [id: 0x7c68b8df, L:/127.0.0.1:64390 - R:localhost/127.0.0.1:10889] for POST '/session/14f61660-7bcc-4279-b6a3-7163a94e0626/element/bf369e45-176c-45bd-9313-da21eb1a9aae/element'
15:50:24.230 [AsyncHttpClient-3-1] DEBUG o.a.netty.handler.HttpHandler - 

Request DefaultHttpRequest(decodeResult: success, version: HTTP/1.1)
POST /session/14f61660-7bcc-4279-b6a3-7163a94e0626/element/bf369e45-176c-45bd-9313-da21eb1a9aae/element HTTP/1.1
User-Agent: selenium/4.0.0-alpha-5 (java windows)
Content-Length: 103
Content-Type: application/json; charset=utf-8
host: localhost:10889
accept: */*

Response DefaultHttpResponse(decodeResult: success, version: HTTP/1.1)
HTTP/1.1 200 OK
content-type: application/json; charset=utf-8
cache-control: no-cache
content-length: 88
date: Thu, 25 Jun 2020 12:50:24 GMT

15:50:24.230 [AsyncHttpClient-3-1] DEBUG o.a.netty.channel.ChannelManager - Adding key: http://localhost:10889 for channel [id: 0x7c68b8df, L:/127.0.0.1:64390 - R:localhost/127.0.0.1:10889]
15:50:24.231 [Forwarding getElementText on session 14f61660-7bcc-4279-b6a3-7163a94e0626 to remote] DEBUG o.a.netty.request.NettyRequestSender - Using pooled Channel '[id: 0x7c68b8df, L:/127.0.0.1:64390 - R:localhost/127.0.0.1:10889]' for 'GET' to 'http://localhost:10889/session/14f61660-7bcc-4279-b6a3-7163a94e0626/element/1e536804-fb43-4a96-8275-384e77ba636b/text'
15:50:24.231 [Forwarding getElementText on session 14f61660-7bcc-4279-b6a3-7163a94e0626 to remote] DEBUG o.a.netty.request.NettyRequestSender - Using open Channel [id: 0x7c68b8df, L:/127.0.0.1:64390 - R:localhost/127.0.0.1:10889] for GET '/session/14f61660-7bcc-4279-b6a3-7163a94e0626/element/1e536804-fb43-4a96-8275-384e77ba636b/text'
15:50:24.234 [AsyncHttpClient-3-1] DEBUG o.a.netty.handler.HttpHandler - 

Request DefaultFullHttpRequest(decodeResult: success, version: HTTP/1.1, content: EmptyByteBufBE)
GET /session/14f61660-7bcc-4279-b6a3-7163a94e0626/element/1e536804-fb43-4a96-8275-384e77ba636b/text HTTP/1.1
User-Agent: selenium/4.0.0-alpha-5 (java windows)
Cache-Control: no-cache
host: localhost:10889
accept: */*

Response DefaultHttpResponse(decodeResult: success, version: HTTP/1.1)
HTTP/1.1 200 OK
content-type: application/json; charset=utf-8
cache-control: no-cache
content-length: 18
date: Thu, 25 Jun 2020 12:50:24 GMT

15:50:24.234 [AsyncHttpClient-3-1] DEBUG o.a.netty.channel.ChannelManager - Adding key: http://localhost:10889 for channel [id: 0x7c68b8df, L:/127.0.0.1:64390 - R:localhost/127.0.0.1:10889]
15:50:24.235 [Forwarding findChildElement on session 14f61660-7bcc-4279-b6a3-7163a94e0626 to remote] DEBUG o.a.netty.request.NettyRequestSender - Using pooled Channel '[id: 0x7c68b8df, L:/127.0.0.1:64390 - R:localhost/127.0.0.1:10889]' for 'POST' to 'http://localhost:10889/session/14f61660-7bcc-4279-b6a3-7163a94e0626/element/bf369e45-176c-45bd-9313-da21eb1a9aae/element'
15:50:24.235 [Forwarding findChildElement on session 14f61660-7bcc-4279-b6a3-7163a94e0626 to remote] DEBUG o.a.netty.request.NettyRequestSender - Using open Channel [id: 0x7c68b8df, L:/127.0.0.1:64390 - R:localhost/127.0.0.1:10889] for POST '/session/14f61660-7bcc-4279-b6a3-7163a94e0626/element/bf369e45-176c-45bd-9313-da21eb1a9aae/element'
15:50:24.238 [AsyncHttpClient-3-1] DEBUG o.a.netty.handler.HttpHandler - 

Request DefaultHttpRequest(decodeResult: success, version: HTTP/1.1)
POST /session/14f61660-7bcc-4279-b6a3-7163a94e0626/element/bf369e45-176c-45bd-9313-da21eb1a9aae/element HTTP/1.1
User-Agent: selenium/4.0.0-alpha-5 (java windows)
Content-Length: 103
Content-Type: application/json; charset=utf-8
host: localhost:10889
accept: */*

Response DefaultHttpResponse(decodeResult: success, version: HTTP/1.1)
HTTP/1.1 200 OK
content-type: application/json; charset=utf-8
cache-control: no-cache
content-length: 88
date: Thu, 25 Jun 2020 12:50:24 GMT

15:50:24.238 [AsyncHttpClient-3-1] DEBUG o.a.netty.channel.ChannelManager - Adding key: http://localhost:10889 for channel [id: 0x7c68b8df, L:/127.0.0.1:64390 - R:localhost/127.0.0.1:10889]
15:50:24.239 [Forwarding getElementText on session 14f61660-7bcc-4279-b6a3-7163a94e0626 to remote] DEBUG o.a.netty.request.NettyRequestSender - Using pooled Channel '[id: 0x7c68b8df, L:/127.0.0.1:64390 - R:localhost/127.0.0.1:10889]' for 'GET' to 'http://localhost:10889/session/14f61660-7bcc-4279-b6a3-7163a94e0626/element/1d9d72f9-e820-432b-8476-6f5e4d58828b/text'
15:50:24.239 [Forwarding getElementText on session 14f61660-7bcc-4279-b6a3-7163a94e0626 to remote] DEBUG o.a.netty.request.NettyRequestSender - Using open Channel [id: 0x7c68b8df, L:/127.0.0.1:64390 - R:localhost/127.0.0.1:10889] for GET '/session/14f61660-7bcc-4279-b6a3-7163a94e0626/element/1d9d72f9-e820-432b-8476-6f5e4d58828b/text'
15:50:24.243 [AsyncHttpClient-3-1] DEBUG o.a.netty.handler.HttpHandler - 

Request DefaultFullHttpRequest(decodeResult: success, version: HTTP/1.1, content: EmptyByteBufBE)
GET /session/14f61660-7bcc-4279-b6a3-7163a94e0626/element/1d9d72f9-e820-432b-8476-6f5e4d58828b/text HTTP/1.1
User-Agent: selenium/4.0.0-alpha-5 (java windows)
Cache-Control: no-cache
host: localhost:10889
accept: */*

Response DefaultHttpResponse(decodeResult: success, version: HTTP/1.1)
HTTP/1.1 200 OK
content-type: application/json; charset=utf-8
cache-control: no-cache
content-length: 22
date: Thu, 25 Jun 2020 12:50:24 GMT

15:50:24.243 [AsyncHttpClient-3-1] DEBUG o.a.netty.channel.ChannelManager - Adding key: http://localhost:10889 for channel [id: 0x7c68b8df, L:/127.0.0.1:64390 - R:localhost/127.0.0.1:10889]
15:50:24.243 [Forwarding findChildElement on session 14f61660-7bcc-4279-b6a3-7163a94e0626 to remote] DEBUG o.a.netty.request.NettyRequestSender - Using pooled Channel '[id: 0x7c68b8df, L:/127.0.0.1:64390 - R:localhost/127.0.0.1:10889]' for 'POST' to 'http://localhost:10889/session/14f61660-7bcc-4279-b6a3-7163a94e0626/element/bf369e45-176c-45bd-9313-da21eb1a9aae/element'
15:50:24.243 [Forwarding findChildElement on session 14f61660-7bcc-4279-b6a3-7163a94e0626 to remote] DEBUG o.a.netty.request.NettyRequestSender - Using open Channel [id: 0x7c68b8df, L:/127.0.0.1:64390 - R:localhost/127.0.0.1:10889] for POST '/session/14f61660-7bcc-4279-b6a3-7163a94e0626/element/bf369e45-176c-45bd-9313-da21eb1a9aae/element'
15:50:24.246 [AsyncHttpClient-3-1] DEBUG o.a.netty.handler.HttpHandler - 

Request DefaultHttpRequest(decodeResult: success, version: HTTP/1.1)
POST /session/14f61660-7bcc-4279-b6a3-7163a94e0626/element/bf369e45-176c-45bd-9313-da21eb1a9aae/element HTTP/1.1
User-Agent: selenium/4.0.0-alpha-5 (java windows)
Content-Length: 103
Content-Type: application/json; charset=utf-8
host: localhost:10889
accept: */*

Response DefaultHttpResponse(decodeResult: success, version: HTTP/1.1)
HTTP/1.1 200 OK
content-type: application/json; charset=utf-8
cache-control: no-cache
content-length: 88
date: Thu, 25 Jun 2020 12:50:24 GMT

15:50:24.247 [AsyncHttpClient-3-1] DEBUG o.a.netty.channel.ChannelManager - Adding key: http://localhost:10889 for channel [id: 0x7c68b8df, L:/127.0.0.1:64390 - R:localhost/127.0.0.1:10889]
15:50:24.247 [Forwarding getElementText on session 14f61660-7bcc-4279-b6a3-7163a94e0626 to remote] DEBUG o.a.netty.request.NettyRequestSender - Using pooled Channel '[id: 0x7c68b8df, L:/127.0.0.1:64390 - R:localhost/127.0.0.1:10889]' for 'GET' to 'http://localhost:10889/session/14f61660-7bcc-4279-b6a3-7163a94e0626/element/86ef35f4-e3e1-4696-8b29-8ebaed7b98a6/text'
15:50:24.247 [Forwarding getElementText on session 14f61660-7bcc-4279-b6a3-7163a94e0626 to remote] DEBUG o.a.netty.request.NettyRequestSender - Using open Channel [id: 0x7c68b8df, L:/127.0.0.1:64390 - R:localhost/127.0.0.1:10889] for GET '/session/14f61660-7bcc-4279-b6a3-7163a94e0626/element/86ef35f4-e3e1-4696-8b29-8ebaed7b98a6/text'
15:50:24.251 [AsyncHttpClient-3-1] DEBUG o.a.netty.handler.HttpHandler - 

Request DefaultFullHttpRequest(decodeResult: success, version: HTTP/1.1, content: EmptyByteBufBE)
GET /session/14f61660-7bcc-4279-b6a3-7163a94e0626/element/86ef35f4-e3e1-4696-8b29-8ebaed7b98a6/text HTTP/1.1
User-Agent: selenium/4.0.0-alpha-5 (java windows)
Cache-Control: no-cache
host: localhost:10889
accept: */*

Response DefaultHttpResponse(decodeResult: success, version: HTTP/1.1)
HTTP/1.1 200 OK
content-type: application/json; charset=utf-8
cache-control: no-cache
content-length: 21
date: Thu, 25 Jun 2020 12:50:24 GMT

15:50:24.251 [AsyncHttpClient-3-1] DEBUG o.a.netty.channel.ChannelManager - Adding key: http://localhost:10889 for channel [id: 0x7c68b8df, L:/127.0.0.1:64390 - R:localhost/127.0.0.1:10889]
15:50:24.252 [Forwarding findChildElement on session 14f61660-7bcc-4279-b6a3-7163a94e0626 to remote] DEBUG o.a.netty.request.NettyRequestSender - Using pooled Channel '[id: 0x7c68b8df, L:/127.0.0.1:64390 - R:localhost/127.0.0.1:10889]' for 'POST' to 'http://localhost:10889/session/14f61660-7bcc-4279-b6a3-7163a94e0626/element/bf369e45-176c-45bd-9313-da21eb1a9aae/element'
15:50:24.252 [Forwarding findChildElement on session 14f61660-7bcc-4279-b6a3-7163a94e0626 to remote] DEBUG o.a.netty.request.NettyRequestSender - Using open Channel [id: 0x7c68b8df, L:/127.0.0.1:64390 - R:localhost/127.0.0.1:10889] for POST '/session/14f61660-7bcc-4279-b6a3-7163a94e0626/element/bf369e45-176c-45bd-9313-da21eb1a9aae/element'
15:50:24.256 [AsyncHttpClient-3-1] DEBUG o.a.netty.handler.HttpHandler - 

Request DefaultHttpRequest(decodeResult: success, version: HTTP/1.1)
POST /session/14f61660-7bcc-4279-b6a3-7163a94e0626/element/bf369e45-176c-45bd-9313-da21eb1a9aae/element HTTP/1.1
User-Agent: selenium/4.0.0-alpha-5 (java windows)
Content-Length: 103
Content-Type: application/json; charset=utf-8
host: localhost:10889
accept: */*

Response DefaultHttpResponse(decodeResult: success, version: HTTP/1.1)
HTTP/1.1 200 OK
content-type: application/json; charset=utf-8
cache-control: no-cache
content-length: 88
date: Thu, 25 Jun 2020 12:50:24 GMT

15:50:24.256 [AsyncHttpClient-3-1] DEBUG o.a.netty.channel.ChannelManager - Adding key: http://localhost:10889 for channel [id: 0x7c68b8df, L:/127.0.0.1:64390 - R:localhost/127.0.0.1:10889]
15:50:24.256 [Forwarding getElementText on session 14f61660-7bcc-4279-b6a3-7163a94e0626 to remote] DEBUG o.a.netty.request.NettyRequestSender - Using pooled Channel '[id: 0x7c68b8df, L:/127.0.0.1:64390 - R:localhost/127.0.0.1:10889]' for 'GET' to 'http://localhost:10889/session/14f61660-7bcc-4279-b6a3-7163a94e0626/element/1e60bb3d-af71-497b-a281-0f1d7ec4c747/text'
15:50:24.256 [Forwarding getElementText on session 14f61660-7bcc-4279-b6a3-7163a94e0626 to remote] DEBUG o.a.netty.request.NettyRequestSender - Using open Channel [id: 0x7c68b8df, L:/127.0.0.1:64390 - R:localhost/127.0.0.1:10889] for GET '/session/14f61660-7bcc-4279-b6a3-7163a94e0626/element/1e60bb3d-af71-497b-a281-0f1d7ec4c747/text'
15:50:24.261 [AsyncHttpClient-3-1] DEBUG o.a.netty.handler.HttpHandler - 

Request DefaultFullHttpRequest(decodeResult: success, version: HTTP/1.1, content: EmptyByteBufBE)
GET /session/14f61660-7bcc-4279-b6a3-7163a94e0626/element/1e60bb3d-af71-497b-a281-0f1d7ec4c747/text HTTP/1.1
User-Agent: selenium/4.0.0-alpha-5 (java windows)
Cache-Control: no-cache
host: localhost:10889
accept: */*

Response DefaultHttpResponse(decodeResult: success, version: HTTP/1.1)
HTTP/1.1 200 OK
content-type: application/json; charset=utf-8
cache-control: no-cache
content-length: 45
date: Thu, 25 Jun 2020 12:50:24 GMT

15:50:24.261 [AsyncHttpClient-3-1] DEBUG o.a.netty.channel.ChannelManager - Adding key: http://localhost:10889 for channel [id: 0x7c68b8df, L:/127.0.0.1:64390 - R:localhost/127.0.0.1:10889]
15:50:24.261 [Forwarding findChildElement on session 14f61660-7bcc-4279-b6a3-7163a94e0626 to remote] DEBUG o.a.netty.request.NettyRequestSender - Using pooled Channel '[id: 0x7c68b8df, L:/127.0.0.1:64390 - R:localhost/127.0.0.1:10889]' for 'POST' to 'http://localhost:10889/session/14f61660-7bcc-4279-b6a3-7163a94e0626/element/bf369e45-176c-45bd-9313-da21eb1a9aae/element'
15:50:24.261 [Forwarding findChildElement on session 14f61660-7bcc-4279-b6a3-7163a94e0626 to remote] DEBUG o.a.netty.request.NettyRequestSender - Using open Channel [id: 0x7c68b8df, L:/127.0.0.1:64390 - R:localhost/127.0.0.1:10889] for POST '/session/14f61660-7bcc-4279-b6a3-7163a94e0626/element/bf369e45-176c-45bd-9313-da21eb1a9aae/element'
15:50:24.264 [AsyncHttpClient-3-1] DEBUG o.a.netty.handler.HttpHandler - 

Request DefaultHttpRequest(decodeResult: success, version: HTTP/1.1)
POST /session/14f61660-7bcc-4279-b6a3-7163a94e0626/element/bf369e45-176c-45bd-9313-da21eb1a9aae/element HTTP/1.1
User-Agent: selenium/4.0.0-alpha-5 (java windows)
Content-Length: 103
Content-Type: application/json; charset=utf-8
host: localhost:10889
accept: */*

Response DefaultHttpResponse(decodeResult: success, version: HTTP/1.1)
HTTP/1.1 200 OK
content-type: application/json; charset=utf-8
cache-control: no-cache
content-length: 88
date: Thu, 25 Jun 2020 12:50:24 GMT

15:50:24.265 [AsyncHttpClient-3-1] DEBUG o.a.netty.channel.ChannelManager - Adding key: http://localhost:10889 for channel [id: 0x7c68b8df, L:/127.0.0.1:64390 - R:localhost/127.0.0.1:10889]
15:50:24.265 [Forwarding getElementText on session 14f61660-7bcc-4279-b6a3-7163a94e0626 to remote] DEBUG o.a.netty.request.NettyRequestSender - Using pooled Channel '[id: 0x7c68b8df, L:/127.0.0.1:64390 - R:localhost/127.0.0.1:10889]' for 'GET' to 'http://localhost:10889/session/14f61660-7bcc-4279-b6a3-7163a94e0626/element/df113473-a3e6-449c-8cde-41cca2eb06bf/text'
15:50:24.265 [Forwarding getElementText on session 14f61660-7bcc-4279-b6a3-7163a94e0626 to remote] DEBUG o.a.netty.request.NettyRequestSender - Using open Channel [id: 0x7c68b8df, L:/127.0.0.1:64390 - R:localhost/127.0.0.1:10889] for GET '/session/14f61660-7bcc-4279-b6a3-7163a94e0626/element/df113473-a3e6-449c-8cde-41cca2eb06bf/text'
15:50:24.272 [AsyncHttpClient-3-1] DEBUG o.a.netty.handler.HttpHandler - 

Request DefaultFullHttpRequest(decodeResult: success, version: HTTP/1.1, content: EmptyByteBufBE)
GET /session/14f61660-7bcc-4279-b6a3-7163a94e0626/element/df113473-a3e6-449c-8cde-41cca2eb06bf/text HTTP/1.1
User-Agent: selenium/4.0.0-alpha-5 (java windows)
Cache-Control: no-cache
host: localhost:10889
accept: */*

Response DefaultHttpResponse(decodeResult: success, version: HTTP/1.1)
HTTP/1.1 200 OK
content-type: application/json; charset=utf-8
cache-control: no-cache
content-length: 57
date: Thu, 25 Jun 2020 12:50:24 GMT

15:50:24.272 [AsyncHttpClient-3-1] DEBUG o.a.netty.channel.ChannelManager - Adding key: http://localhost:10889 for channel [id: 0x7c68b8df, L:/127.0.0.1:64390 - R:localhost/127.0.0.1:10889]
15:50:24.272 [Forwarding findChildElement on session 14f61660-7bcc-4279-b6a3-7163a94e0626 to remote] DEBUG o.a.netty.request.NettyRequestSender - Using pooled Channel '[id: 0x7c68b8df, L:/127.0.0.1:64390 - R:localhost/127.0.0.1:10889]' for 'POST' to 'http://localhost:10889/session/14f61660-7bcc-4279-b6a3-7163a94e0626/element/bf369e45-176c-45bd-9313-da21eb1a9aae/element'
15:50:24.273 [Forwarding findChildElement on session 14f61660-7bcc-4279-b6a3-7163a94e0626 to remote] DEBUG o.a.netty.request.NettyRequestSender - Using open Channel [id: 0x7c68b8df, L:/127.0.0.1:64390 - R:localhost/127.0.0.1:10889] for POST '/session/14f61660-7bcc-4279-b6a3-7163a94e0626/element/bf369e45-176c-45bd-9313-da21eb1a9aae/element'
15:50:24.275 [AsyncHttpClient-3-1] DEBUG o.a.netty.handler.HttpHandler - 

Request DefaultHttpRequest(decodeResult: success, version: HTTP/1.1)
POST /session/14f61660-7bcc-4279-b6a3-7163a94e0626/element/bf369e45-176c-45bd-9313-da21eb1a9aae/element HTTP/1.1
User-Agent: selenium/4.0.0-alpha-5 (java windows)
Content-Length: 97
Content-Type: application/json; charset=utf-8
host: localhost:10889
accept: */*

Response DefaultHttpResponse(decodeResult: success, version: HTTP/1.1)
HTTP/1.1 200 OK
content-type: application/json; charset=utf-8
cache-control: no-cache
content-length: 88
date: Thu, 25 Jun 2020 12:50:24 GMT

15:50:24.276 [AsyncHttpClient-3-1] DEBUG o.a.netty.channel.ChannelManager - Adding key: http://localhost:10889 for channel [id: 0x7c68b8df, L:/127.0.0.1:64390 - R:localhost/127.0.0.1:10889]
15:50:24.278 [Forwarding getElementAttribute on session 14f61660-7bcc-4279-b6a3-7163a94e0626 to remote] DEBUG o.a.netty.request.NettyRequestSender - Using pooled Channel '[id: 0x7c68b8df, L:/127.0.0.1:64390 - R:localhost/127.0.0.1:10889]' for 'POST' to 'http://localhost:10889/session/14f61660-7bcc-4279-b6a3-7163a94e0626/execute/sync'
15:50:24.278 [Forwarding getElementAttribute on session 14f61660-7bcc-4279-b6a3-7163a94e0626 to remote] DEBUG o.a.netty.request.NettyRequestSender - Using open Channel [id: 0x7c68b8df, L:/127.0.0.1:64390 - R:localhost/127.0.0.1:10889] for POST '/session/14f61660-7bcc-4279-b6a3-7163a94e0626/execute/sync'
15:50:24.290 [AsyncHttpClient-3-1] DEBUG o.a.netty.handler.HttpHandler - 

Request DefaultHttpRequest(decodeResult: success, version: HTTP/1.1)
POST /session/14f61660-7bcc-4279-b6a3-7163a94e0626/execute/sync HTTP/1.1
User-Agent: selenium/4.0.0-alpha-5 (java windows)
Content-Length: 39635
Content-Type: application/json; charset=utf-8
host: localhost:10889
accept: */*

Response DefaultHttpResponse(decodeResult: success, version: HTTP/1.1)
HTTP/1.1 200 OK
content-type: application/json; charset=utf-8
cache-control: no-cache
content-length: 15
date: Thu, 25 Jun 2020 12:50:24 GMT

15:50:24.290 [AsyncHttpClient-3-1] DEBUG o.a.netty.channel.ChannelManager - Adding key: http://localhost:10889 for channel [id: 0x7c68b8df, L:/127.0.0.1:64390 - R:localhost/127.0.0.1:10889]
15:50:24.291 [Forwarding findChildElement on session 14f61660-7bcc-4279-b6a3-7163a94e0626 to remote] DEBUG o.a.netty.request.NettyRequestSender - Using pooled Channel '[id: 0x7c68b8df, L:/127.0.0.1:64390 - R:localhost/127.0.0.1:10889]' for 'POST' to 'http://localhost:10889/session/14f61660-7bcc-4279-b6a3-7163a94e0626/element/004d14a9-4a2e-4469-92de-d643d6f83b49/element'
15:50:24.291 [Forwarding findChildElement on session 14f61660-7bcc-4279-b6a3-7163a94e0626 to remote] DEBUG o.a.netty.request.NettyRequestSender - Using open Channel [id: 0x7c68b8df, L:/127.0.0.1:64390 - R:localhost/127.0.0.1:10889] for POST '/session/14f61660-7bcc-4279-b6a3-7163a94e0626/element/004d14a9-4a2e-4469-92de-d643d6f83b49/element'
15:50:24.294 [AsyncHttpClient-3-1] DEBUG o.a.netty.handler.HttpHandler - 

Request DefaultHttpRequest(decodeResult: success, version: HTTP/1.1)
POST /session/14f61660-7bcc-4279-b6a3-7163a94e0626/element/004d14a9-4a2e-4469-92de-d643d6f83b49/element HTTP/1.1
User-Agent: selenium/4.0.0-alpha-5 (java windows)
Content-Length: 103
Content-Type: application/json; charset=utf-8
host: localhost:10889
accept: */*

Response DefaultHttpResponse(decodeResult: success, version: HTTP/1.1)
HTTP/1.1 200 OK
content-type: application/json; charset=utf-8
cache-control: no-cache
content-length: 88
date: Thu, 25 Jun 2020 12:50:24 GMT

15:50:24.294 [AsyncHttpClient-3-1] DEBUG o.a.netty.channel.ChannelManager - Adding key: http://localhost:10889 for channel [id: 0x7c68b8df, L:/127.0.0.1:64390 - R:localhost/127.0.0.1:10889]
15:50:24.294 [Forwarding getElementText on session 14f61660-7bcc-4279-b6a3-7163a94e0626 to remote] DEBUG o.a.netty.request.NettyRequestSender - Using pooled Channel '[id: 0x7c68b8df, L:/127.0.0.1:64390 - R:localhost/127.0.0.1:10889]' for 'GET' to 'http://localhost:10889/session/14f61660-7bcc-4279-b6a3-7163a94e0626/element/c5df279d-c5bd-48fc-804d-e12eb4e934a1/text'
15:50:24.294 [Forwarding getElementText on session 14f61660-7bcc-4279-b6a3-7163a94e0626 to remote] DEBUG o.a.netty.request.NettyRequestSender - Using open Channel [id: 0x7c68b8df, L:/127.0.0.1:64390 - R:localhost/127.0.0.1:10889] for GET '/session/14f61660-7bcc-4279-b6a3-7163a94e0626/element/c5df279d-c5bd-48fc-804d-e12eb4e934a1/text'
15:50:24.302 [AsyncHttpClient-3-1] DEBUG o.a.netty.handler.HttpHandler - 

Request DefaultFullHttpRequest(decodeResult: success, version: HTTP/1.1, content: EmptyByteBufBE)
GET /session/14f61660-7bcc-4279-b6a3-7163a94e0626/element/c5df279d-c5bd-48fc-804d-e12eb4e934a1/text HTTP/1.1
User-Agent: selenium/4.0.0-alpha-5 (java windows)
Cache-Control: no-cache
host: localhost:10889
accept: */*

Response DefaultHttpResponse(decodeResult: success, version: HTTP/1.1)
HTTP/1.1 200 OK
content-type: application/json; charset=utf-8
cache-control: no-cache
content-length: 18
date: Thu, 25 Jun 2020 12:50:24 GMT

15:50:24.302 [AsyncHttpClient-3-1] DEBUG o.a.netty.channel.ChannelManager - Adding key: http://localhost:10889 for channel [id: 0x7c68b8df, L:/127.0.0.1:64390 - R:localhost/127.0.0.1:10889]
15:50:24.303 [Forwarding findChildElement on session 14f61660-7bcc-4279-b6a3-7163a94e0626 to remote] DEBUG o.a.netty.request.NettyRequestSender - Using pooled Channel '[id: 0x7c68b8df, L:/127.0.0.1:64390 - R:localhost/127.0.0.1:10889]' for 'POST' to 'http://localhost:10889/session/14f61660-7bcc-4279-b6a3-7163a94e0626/element/004d14a9-4a2e-4469-92de-d643d6f83b49/element'
15:50:24.303 [Forwarding findChildElement on session 14f61660-7bcc-4279-b6a3-7163a94e0626 to remote] DEBUG o.a.netty.request.NettyRequestSender - Using open Channel [id: 0x7c68b8df, L:/127.0.0.1:64390 - R:localhost/127.0.0.1:10889] for POST '/session/14f61660-7bcc-4279-b6a3-7163a94e0626/element/004d14a9-4a2e-4469-92de-d643d6f83b49/element'
15:50:24.306 [AsyncHttpClient-3-1] DEBUG o.a.netty.handler.HttpHandler - 

Request DefaultHttpRequest(decodeResult: success, version: HTTP/1.1)
POST /session/14f61660-7bcc-4279-b6a3-7163a94e0626/element/004d14a9-4a2e-4469-92de-d643d6f83b49/element HTTP/1.1
User-Agent: selenium/4.0.0-alpha-5 (java windows)
Content-Length: 103
Content-Type: application/json; charset=utf-8
host: localhost:10889
accept: */*

Response DefaultHttpResponse(decodeResult: success, version: HTTP/1.1)
HTTP/1.1 200 OK
content-type: application/json; charset=utf-8
cache-control: no-cache
content-length: 88
date: Thu, 25 Jun 2020 12:50:24 GMT

15:50:24.306 [AsyncHttpClient-3-1] DEBUG o.a.netty.channel.ChannelManager - Adding key: http://localhost:10889 for channel [id: 0x7c68b8df, L:/127.0.0.1:64390 - R:localhost/127.0.0.1:10889]
15:50:24.306 [Forwarding getElementText on session 14f61660-7bcc-4279-b6a3-7163a94e0626 to remote] DEBUG o.a.netty.request.NettyRequestSender - Using pooled Channel '[id: 0x7c68b8df, L:/127.0.0.1:64390 - R:localhost/127.0.0.1:10889]' for 'GET' to 'http://localhost:10889/session/14f61660-7bcc-4279-b6a3-7163a94e0626/element/efd06ab0-dfe3-4301-8ca3-7a6a2ba232ac/text'
15:50:24.306 [Forwarding getElementText on session 14f61660-7bcc-4279-b6a3-7163a94e0626 to remote] DEBUG o.a.netty.request.NettyRequestSender - Using open Channel [id: 0x7c68b8df, L:/127.0.0.1:64390 - R:localhost/127.0.0.1:10889] for GET '/session/14f61660-7bcc-4279-b6a3-7163a94e0626/element/efd06ab0-dfe3-4301-8ca3-7a6a2ba232ac/text'
15:50:24.310 [AsyncHttpClient-3-1] DEBUG o.a.netty.handler.HttpHandler - 

Request DefaultFullHttpRequest(decodeResult: success, version: HTTP/1.1, content: EmptyByteBufBE)
GET /session/14f61660-7bcc-4279-b6a3-7163a94e0626/element/efd06ab0-dfe3-4301-8ca3-7a6a2ba232ac/text HTTP/1.1
User-Agent: selenium/4.0.0-alpha-5 (java windows)
Cache-Control: no-cache
host: localhost:10889
accept: */*

Response DefaultHttpResponse(decodeResult: success, version: HTTP/1.1)
HTTP/1.1 200 OK
content-type: application/json; charset=utf-8
cache-control: no-cache
content-length: 22
date: Thu, 25 Jun 2020 12:50:24 GMT

15:50:24.310 [AsyncHttpClient-3-1] DEBUG o.a.netty.channel.ChannelManager - Adding key: http://localhost:10889 for channel [id: 0x7c68b8df, L:/127.0.0.1:64390 - R:localhost/127.0.0.1:10889]
15:50:24.311 [Forwarding findChildElement on session 14f61660-7bcc-4279-b6a3-7163a94e0626 to remote] DEBUG o.a.netty.request.NettyRequestSender - Using pooled Channel '[id: 0x7c68b8df, L:/127.0.0.1:64390 - R:localhost/127.0.0.1:10889]' for 'POST' to 'http://localhost:10889/session/14f61660-7bcc-4279-b6a3-7163a94e0626/element/004d14a9-4a2e-4469-92de-d643d6f83b49/element'
15:50:24.311 [Forwarding findChildElement on session 14f61660-7bcc-4279-b6a3-7163a94e0626 to remote] DEBUG o.a.netty.request.NettyRequestSender - Using open Channel [id: 0x7c68b8df, L:/127.0.0.1:64390 - R:localhost/127.0.0.1:10889] for POST '/session/14f61660-7bcc-4279-b6a3-7163a94e0626/element/004d14a9-4a2e-4469-92de-d643d6f83b49/element'
15:50:24.314 [AsyncHttpClient-3-1] DEBUG o.a.netty.handler.HttpHandler - 

Request DefaultHttpRequest(decodeResult: success, version: HTTP/1.1)
POST /session/14f61660-7bcc-4279-b6a3-7163a94e0626/element/004d14a9-4a2e-4469-92de-d643d6f83b49/element HTTP/1.1
User-Agent: selenium/4.0.0-alpha-5 (java windows)
Content-Length: 103
Content-Type: application/json; charset=utf-8
host: localhost:10889
accept: */*

Response DefaultHttpResponse(decodeResult: success, version: HTTP/1.1)
HTTP/1.1 200 OK
content-type: application/json; charset=utf-8
cache-control: no-cache
content-length: 88
date: Thu, 25 Jun 2020 12:50:24 GMT

15:50:24.315 [AsyncHttpClient-3-1] DEBUG o.a.netty.channel.ChannelManager - Adding key: http://localhost:10889 for channel [id: 0x7c68b8df, L:/127.0.0.1:64390 - R:localhost/127.0.0.1:10889]
15:50:24.315 [Forwarding getElementText on session 14f61660-7bcc-4279-b6a3-7163a94e0626 to remote] DEBUG o.a.netty.request.NettyRequestSender - Using pooled Channel '[id: 0x7c68b8df, L:/127.0.0.1:64390 - R:localhost/127.0.0.1:10889]' for 'GET' to 'http://localhost:10889/session/14f61660-7bcc-4279-b6a3-7163a94e0626/element/db0913c1-09fc-4996-a1a9-437ead77a769/text'
15:50:24.315 [Forwarding getElementText on session 14f61660-7bcc-4279-b6a3-7163a94e0626 to remote] DEBUG o.a.netty.request.NettyRequestSender - Using open Channel [id: 0x7c68b8df, L:/127.0.0.1:64390 - R:localhost/127.0.0.1:10889] for GET '/session/14f61660-7bcc-4279-b6a3-7163a94e0626/element/db0913c1-09fc-4996-a1a9-437ead77a769/text'
15:50:24.322 [AsyncHttpClient-3-1] DEBUG o.a.netty.handler.HttpHandler - 

Request DefaultFullHttpRequest(decodeResult: success, version: HTTP/1.1, content: EmptyByteBufBE)
GET /session/14f61660-7bcc-4279-b6a3-7163a94e0626/element/db0913c1-09fc-4996-a1a9-437ead77a769/text HTTP/1.1
User-Agent: selenium/4.0.0-alpha-5 (java windows)
Cache-Control: no-cache
host: localhost:10889
accept: */*

Response DefaultHttpResponse(decodeResult: success, version: HTTP/1.1)
HTTP/1.1 200 OK
content-type: application/json; charset=utf-8
cache-control: no-cache
content-length: 21
date: Thu, 25 Jun 2020 12:50:24 GMT

15:50:24.322 [AsyncHttpClient-3-1] DEBUG o.a.netty.channel.ChannelManager - Adding key: http://localhost:10889 for channel [id: 0x7c68b8df, L:/127.0.0.1:64390 - R:localhost/127.0.0.1:10889]
15:50:24.323 [Forwarding findChildElement on session 14f61660-7bcc-4279-b6a3-7163a94e0626 to remote] DEBUG o.a.netty.request.NettyRequestSender - Using pooled Channel '[id: 0x7c68b8df, L:/127.0.0.1:64390 - R:localhost/127.0.0.1:10889]' for 'POST' to 'http://localhost:10889/session/14f61660-7bcc-4279-b6a3-7163a94e0626/element/004d14a9-4a2e-4469-92de-d643d6f83b49/element'
15:50:24.323 [Forwarding findChildElement on session 14f61660-7bcc-4279-b6a3-7163a94e0626 to remote] DEBUG o.a.netty.request.NettyRequestSender - Using open Channel [id: 0x7c68b8df, L:/127.0.0.1:64390 - R:localhost/127.0.0.1:10889] for POST '/session/14f61660-7bcc-4279-b6a3-7163a94e0626/element/004d14a9-4a2e-4469-92de-d643d6f83b49/element'
15:50:24.326 [AsyncHttpClient-3-1] DEBUG o.a.netty.handler.HttpHandler - 

Request DefaultHttpRequest(decodeResult: success, version: HTTP/1.1)
POST /session/14f61660-7bcc-4279-b6a3-7163a94e0626/element/004d14a9-4a2e-4469-92de-d643d6f83b49/element HTTP/1.1
User-Agent: selenium/4.0.0-alpha-5 (java windows)
Content-Length: 103
Content-Type: application/json; charset=utf-8
host: localhost:10889
accept: */*

Response DefaultHttpResponse(decodeResult: success, version: HTTP/1.1)
HTTP/1.1 200 OK
content-type: application/json; charset=utf-8
cache-control: no-cache
content-length: 88
date: Thu, 25 Jun 2020 12:50:24 GMT

15:50:24.326 [AsyncHttpClient-3-1] DEBUG o.a.netty.channel.ChannelManager - Adding key: http://localhost:10889 for channel [id: 0x7c68b8df, L:/127.0.0.1:64390 - R:localhost/127.0.0.1:10889]
15:50:24.327 [Forwarding getElementText on session 14f61660-7bcc-4279-b6a3-7163a94e0626 to remote] DEBUG o.a.netty.request.NettyRequestSender - Using pooled Channel '[id: 0x7c68b8df, L:/127.0.0.1:64390 - R:localhost/127.0.0.1:10889]' for 'GET' to 'http://localhost:10889/session/14f61660-7bcc-4279-b6a3-7163a94e0626/element/bf2307c8-434c-4903-bcdd-d5b65dfd1928/text'
15:50:24.327 [Forwarding getElementText on session 14f61660-7bcc-4279-b6a3-7163a94e0626 to remote] DEBUG o.a.netty.request.NettyRequestSender - Using open Channel [id: 0x7c68b8df, L:/127.0.0.1:64390 - R:localhost/127.0.0.1:10889] for GET '/session/14f61660-7bcc-4279-b6a3-7163a94e0626/element/bf2307c8-434c-4903-bcdd-d5b65dfd1928/text'
15:50:24.333 [AsyncHttpClient-3-1] DEBUG o.a.netty.handler.HttpHandler - 

Request DefaultFullHttpRequest(decodeResult: success, version: HTTP/1.1, content: EmptyByteBufBE)
GET /session/14f61660-7bcc-4279-b6a3-7163a94e0626/element/bf2307c8-434c-4903-bcdd-d5b65dfd1928/text HTTP/1.1
User-Agent: selenium/4.0.0-alpha-5 (java windows)
Cache-Control: no-cache
host: localhost:10889
accept: */*

Response DefaultHttpResponse(decodeResult: success, version: HTTP/1.1)
HTTP/1.1 200 OK
content-type: application/json; charset=utf-8
cache-control: no-cache
content-length: 45
date: Thu, 25 Jun 2020 12:50:24 GMT

15:50:24.333 [AsyncHttpClient-3-1] DEBUG o.a.netty.channel.ChannelManager - Adding key: http://localhost:10889 for channel [id: 0x7c68b8df, L:/127.0.0.1:64390 - R:localhost/127.0.0.1:10889]
15:50:24.334 [Forwarding findChildElement on session 14f61660-7bcc-4279-b6a3-7163a94e0626 to remote] DEBUG o.a.netty.request.NettyRequestSender - Using pooled Channel '[id: 0x7c68b8df, L:/127.0.0.1:64390 - R:localhost/127.0.0.1:10889]' for 'POST' to 'http://localhost:10889/session/14f61660-7bcc-4279-b6a3-7163a94e0626/element/004d14a9-4a2e-4469-92de-d643d6f83b49/element'
15:50:24.334 [Forwarding findChildElement on session 14f61660-7bcc-4279-b6a3-7163a94e0626 to remote] DEBUG o.a.netty.request.NettyRequestSender - Using open Channel [id: 0x7c68b8df, L:/127.0.0.1:64390 - R:localhost/127.0.0.1:10889] for POST '/session/14f61660-7bcc-4279-b6a3-7163a94e0626/element/004d14a9-4a2e-4469-92de-d643d6f83b49/element'
15:50:24.337 [AsyncHttpClient-3-1] DEBUG o.a.netty.handler.HttpHandler - 

Request DefaultHttpRequest(decodeResult: success, version: HTTP/1.1)
POST /session/14f61660-7bcc-4279-b6a3-7163a94e0626/element/004d14a9-4a2e-4469-92de-d643d6f83b49/element HTTP/1.1
User-Agent: selenium/4.0.0-alpha-5 (java windows)
Content-Length: 103
Content-Type: application/json; charset=utf-8
host: localhost:10889
accept: */*

Response DefaultHttpResponse(decodeResult: success, version: HTTP/1.1)
HTTP/1.1 200 OK
content-type: application/json; charset=utf-8
cache-control: no-cache
content-length: 88
date: Thu, 25 Jun 2020 12:50:24 GMT

15:50:24.338 [AsyncHttpClient-3-1] DEBUG o.a.netty.channel.ChannelManager - Adding key: http://localhost:10889 for channel [id: 0x7c68b8df, L:/127.0.0.1:64390 - R:localhost/127.0.0.1:10889]
15:50:24.338 [Forwarding getElementText on session 14f61660-7bcc-4279-b6a3-7163a94e0626 to remote] DEBUG o.a.netty.request.NettyRequestSender - Using pooled Channel '[id: 0x7c68b8df, L:/127.0.0.1:64390 - R:localhost/127.0.0.1:10889]' for 'GET' to 'http://localhost:10889/session/14f61660-7bcc-4279-b6a3-7163a94e0626/element/c8093e24-af2b-4ef2-9f96-85664420c21e/text'
15:50:24.338 [Forwarding getElementText on session 14f61660-7bcc-4279-b6a3-7163a94e0626 to remote] DEBUG o.a.netty.request.NettyRequestSender - Using open Channel [id: 0x7c68b8df, L:/127.0.0.1:64390 - R:localhost/127.0.0.1:10889] for GET '/session/14f61660-7bcc-4279-b6a3-7163a94e0626/element/c8093e24-af2b-4ef2-9f96-85664420c21e/text'
15:50:24.345 [AsyncHttpClient-3-1] DEBUG o.a.netty.handler.HttpHandler - 

Request DefaultFullHttpRequest(decodeResult: success, version: HTTP/1.1, content: EmptyByteBufBE)
GET /session/14f61660-7bcc-4279-b6a3-7163a94e0626/element/c8093e24-af2b-4ef2-9f96-85664420c21e/text HTTP/1.1
User-Agent: selenium/4.0.0-alpha-5 (java windows)
Cache-Control: no-cache
host: localhost:10889
accept: */*

Response DefaultHttpResponse(decodeResult: success, version: HTTP/1.1)
HTTP/1.1 200 OK
content-type: application/json; charset=utf-8
cache-control: no-cache
content-length: 57
date: Thu, 25 Jun 2020 12:50:24 GMT

15:50:24.345 [AsyncHttpClient-3-1] DEBUG o.a.netty.channel.ChannelManager - Adding key: http://localhost:10889 for channel [id: 0x7c68b8df, L:/127.0.0.1:64390 - R:localhost/127.0.0.1:10889]
15:50:24.346 [Forwarding findChildElement on session 14f61660-7bcc-4279-b6a3-7163a94e0626 to remote] DEBUG o.a.netty.request.NettyRequestSender - Using pooled Channel '[id: 0x7c68b8df, L:/127.0.0.1:64390 - R:localhost/127.0.0.1:10889]' for 'POST' to 'http://localhost:10889/session/14f61660-7bcc-4279-b6a3-7163a94e0626/element/004d14a9-4a2e-4469-92de-d643d6f83b49/element'
15:50:24.346 [Forwarding findChildElement on session 14f61660-7bcc-4279-b6a3-7163a94e0626 to remote] DEBUG o.a.netty.request.NettyRequestSender - Using open Channel [id: 0x7c68b8df, L:/127.0.0.1:64390 - R:localhost/127.0.0.1:10889] for POST '/session/14f61660-7bcc-4279-b6a3-7163a94e0626/element/004d14a9-4a2e-4469-92de-d643d6f83b49/element'
15:50:24.351 [AsyncHttpClient-3-1] DEBUG o.a.netty.handler.HttpHandler - 

Request DefaultHttpRequest(decodeResult: success, version: HTTP/1.1)
POST /session/14f61660-7bcc-4279-b6a3-7163a94e0626/element/004d14a9-4a2e-4469-92de-d643d6f83b49/element HTTP/1.1
User-Agent: selenium/4.0.0-alpha-5 (java windows)
Content-Length: 97
Content-Type: application/json; charset=utf-8
host: localhost:10889
accept: */*

Response DefaultHttpResponse(decodeResult: success, version: HTTP/1.1)
HTTP/1.1 200 OK
content-type: application/json; charset=utf-8
cache-control: no-cache
content-length: 88
date: Thu, 25 Jun 2020 12:50:24 GMT

15:50:24.351 [AsyncHttpClient-3-1] DEBUG o.a.netty.channel.ChannelManager - Adding key: http://localhost:10889 for channel [id: 0x7c68b8df, L:/127.0.0.1:64390 - R:localhost/127.0.0.1:10889]
15:50:24.355 [Forwarding getElementAttribute on session 14f61660-7bcc-4279-b6a3-7163a94e0626 to remote] DEBUG o.a.netty.request.NettyRequestSender - Using pooled Channel '[id: 0x7c68b8df, L:/127.0.0.1:64390 - R:localhost/127.0.0.1:10889]' for 'POST' to 'http://localhost:10889/session/14f61660-7bcc-4279-b6a3-7163a94e0626/execute/sync'
15:50:24.355 [Forwarding getElementAttribute on session 14f61660-7bcc-4279-b6a3-7163a94e0626 to remote] DEBUG o.a.netty.request.NettyRequestSender - Using open Channel [id: 0x7c68b8df, L:/127.0.0.1:64390 - R:localhost/127.0.0.1:10889] for POST '/session/14f61660-7bcc-4279-b6a3-7163a94e0626/execute/sync'
15:50:24.368 [AsyncHttpClient-3-1] DEBUG o.a.netty.handler.HttpHandler - 

Request DefaultHttpRequest(decodeResult: success, version: HTTP/1.1)
POST /session/14f61660-7bcc-4279-b6a3-7163a94e0626/execute/sync HTTP/1.1
User-Agent: selenium/4.0.0-alpha-5 (java windows)
Content-Length: 39635
Content-Type: application/json; charset=utf-8
host: localhost:10889
accept: */*

Response DefaultHttpResponse(decodeResult: success, version: HTTP/1.1)
HTTP/1.1 200 OK
content-type: application/json; charset=utf-8
cache-control: no-cache
content-length: 15
date: Thu, 25 Jun 2020 12:50:24 GMT

15:50:24.368 [AsyncHttpClient-3-1] DEBUG o.a.netty.channel.ChannelManager - Adding key: http://localhost:10889 for channel [id: 0x7c68b8df, L:/127.0.0.1:64390 - R:localhost/127.0.0.1:10889]
15:50:24.368 [Forwarding findChildElement on session 14f61660-7bcc-4279-b6a3-7163a94e0626 to remote] DEBUG o.a.netty.request.NettyRequestSender - Using pooled Channel '[id: 0x7c68b8df, L:/127.0.0.1:64390 - R:localhost/127.0.0.1:10889]' for 'POST' to 'http://localhost:10889/session/14f61660-7bcc-4279-b6a3-7163a94e0626/element/9d6f7b00-7c9d-4f19-8ac5-d41d9d4c2e1d/element'
15:50:24.368 [Forwarding findChildElement on session 14f61660-7bcc-4279-b6a3-7163a94e0626 to remote] DEBUG o.a.netty.request.NettyRequestSender - Using open Channel [id: 0x7c68b8df, L:/127.0.0.1:64390 - R:localhost/127.0.0.1:10889] for POST '/session/14f61660-7bcc-4279-b6a3-7163a94e0626/element/9d6f7b00-7c9d-4f19-8ac5-d41d9d4c2e1d/element'
15:50:24.372 [AsyncHttpClient-3-1] DEBUG o.a.netty.handler.HttpHandler - 

Request DefaultHttpRequest(decodeResult: success, version: HTTP/1.1)
POST /session/14f61660-7bcc-4279-b6a3-7163a94e0626/element/9d6f7b00-7c9d-4f19-8ac5-d41d9d4c2e1d/element HTTP/1.1
User-Agent: selenium/4.0.0-alpha-5 (java windows)
Content-Length: 103
Content-Type: application/json; charset=utf-8
host: localhost:10889
accept: */*

Response DefaultHttpResponse(decodeResult: success, version: HTTP/1.1)
HTTP/1.1 200 OK
content-type: application/json; charset=utf-8
cache-control: no-cache
content-length: 88
date: Thu, 25 Jun 2020 12:50:24 GMT

15:50:24.372 [AsyncHttpClient-3-1] DEBUG o.a.netty.channel.ChannelManager - Adding key: http://localhost:10889 for channel [id: 0x7c68b8df, L:/127.0.0.1:64390 - R:localhost/127.0.0.1:10889]
15:50:24.372 [Forwarding getElementText on session 14f61660-7bcc-4279-b6a3-7163a94e0626 to remote] DEBUG o.a.netty.request.NettyRequestSender - Using pooled Channel '[id: 0x7c68b8df, L:/127.0.0.1:64390 - R:localhost/127.0.0.1:10889]' for 'GET' to 'http://localhost:10889/session/14f61660-7bcc-4279-b6a3-7163a94e0626/element/737caaf8-84d2-4428-a93e-3878a0922b29/text'
15:50:24.372 [Forwarding getElementText on session 14f61660-7bcc-4279-b6a3-7163a94e0626 to remote] DEBUG o.a.netty.request.NettyRequestSender - Using open Channel [id: 0x7c68b8df, L:/127.0.0.1:64390 - R:localhost/127.0.0.1:10889] for GET '/session/14f61660-7bcc-4279-b6a3-7163a94e0626/element/737caaf8-84d2-4428-a93e-3878a0922b29/text'
15:50:24.376 [AsyncHttpClient-3-1] DEBUG o.a.netty.handler.HttpHandler - 

Request DefaultFullHttpRequest(decodeResult: success, version: HTTP/1.1, content: EmptyByteBufBE)
GET /session/14f61660-7bcc-4279-b6a3-7163a94e0626/element/737caaf8-84d2-4428-a93e-3878a0922b29/text HTTP/1.1
User-Agent: selenium/4.0.0-alpha-5 (java windows)
Cache-Control: no-cache
host: localhost:10889
accept: */*

Response DefaultHttpResponse(decodeResult: success, version: HTTP/1.1)
HTTP/1.1 200 OK
content-type: application/json; charset=utf-8
cache-control: no-cache
content-length: 18
date: Thu, 25 Jun 2020 12:50:24 GMT

15:50:24.376 [AsyncHttpClient-3-1] DEBUG o.a.netty.channel.ChannelManager - Adding key: http://localhost:10889 for channel [id: 0x7c68b8df, L:/127.0.0.1:64390 - R:localhost/127.0.0.1:10889]
15:50:24.377 [Forwarding findChildElement on session 14f61660-7bcc-4279-b6a3-7163a94e0626 to remote] DEBUG o.a.netty.request.NettyRequestSender - Using pooled Channel '[id: 0x7c68b8df, L:/127.0.0.1:64390 - R:localhost/127.0.0.1:10889]' for 'POST' to 'http://localhost:10889/session/14f61660-7bcc-4279-b6a3-7163a94e0626/element/9d6f7b00-7c9d-4f19-8ac5-d41d9d4c2e1d/element'
15:50:24.377 [Forwarding findChildElement on session 14f61660-7bcc-4279-b6a3-7163a94e0626 to remote] DEBUG o.a.netty.request.NettyRequestSender - Using open Channel [id: 0x7c68b8df, L:/127.0.0.1:64390 - R:localhost/127.0.0.1:10889] for POST '/session/14f61660-7bcc-4279-b6a3-7163a94e0626/element/9d6f7b00-7c9d-4f19-8ac5-d41d9d4c2e1d/element'
15:50:24.380 [AsyncHttpClient-3-1] DEBUG o.a.netty.handler.HttpHandler - 

Request DefaultHttpRequest(decodeResult: success, version: HTTP/1.1)
POST /session/14f61660-7bcc-4279-b6a3-7163a94e0626/element/9d6f7b00-7c9d-4f19-8ac5-d41d9d4c2e1d/element HTTP/1.1
User-Agent: selenium/4.0.0-alpha-5 (java windows)
Content-Length: 103
Content-Type: application/json; charset=utf-8
host: localhost:10889
accept: */*

Response DefaultHttpResponse(decodeResult: success, version: HTTP/1.1)
HTTP/1.1 200 OK
content-type: application/json; charset=utf-8
cache-control: no-cache
content-length: 88
date: Thu, 25 Jun 2020 12:50:24 GMT

15:50:24.381 [AsyncHttpClient-3-1] DEBUG o.a.netty.channel.ChannelManager - Adding key: http://localhost:10889 for channel [id: 0x7c68b8df, L:/127.0.0.1:64390 - R:localhost/127.0.0.1:10889]
15:50:24.381 [Forwarding getElementText on session 14f61660-7bcc-4279-b6a3-7163a94e0626 to remote] DEBUG o.a.netty.request.NettyRequestSender - Using pooled Channel '[id: 0x7c68b8df, L:/127.0.0.1:64390 - R:localhost/127.0.0.1:10889]' for 'GET' to 'http://localhost:10889/session/14f61660-7bcc-4279-b6a3-7163a94e0626/element/68ed1758-9244-4aa3-8c9c-8d577616c5f7/text'
15:50:24.381 [Forwarding getElementText on session 14f61660-7bcc-4279-b6a3-7163a94e0626 to remote] DEBUG o.a.netty.request.NettyRequestSender - Using open Channel [id: 0x7c68b8df, L:/127.0.0.1:64390 - R:localhost/127.0.0.1:10889] for GET '/session/14f61660-7bcc-4279-b6a3-7163a94e0626/element/68ed1758-9244-4aa3-8c9c-8d577616c5f7/text'
15:50:24.385 [AsyncHttpClient-3-1] DEBUG o.a.netty.handler.HttpHandler - 

Request DefaultFullHttpRequest(decodeResult: success, version: HTTP/1.1, content: EmptyByteBufBE)
GET /session/14f61660-7bcc-4279-b6a3-7163a94e0626/element/68ed1758-9244-4aa3-8c9c-8d577616c5f7/text HTTP/1.1
User-Agent: selenium/4.0.0-alpha-5 (java windows)
Cache-Control: no-cache
host: localhost:10889
accept: */*

Response DefaultHttpResponse(decodeResult: success, version: HTTP/1.1)
HTTP/1.1 200 OK
content-type: application/json; charset=utf-8
cache-control: no-cache
content-length: 22
date: Thu, 25 Jun 2020 12:50:24 GMT

15:50:24.385 [AsyncHttpClient-3-1] DEBUG o.a.netty.channel.ChannelManager - Adding key: http://localhost:10889 for channel [id: 0x7c68b8df, L:/127.0.0.1:64390 - R:localhost/127.0.0.1:10889]
15:50:24.386 [Forwarding findChildElement on session 14f61660-7bcc-4279-b6a3-7163a94e0626 to remote] DEBUG o.a.netty.request.NettyRequestSender - Using pooled Channel '[id: 0x7c68b8df, L:/127.0.0.1:64390 - R:localhost/127.0.0.1:10889]' for 'POST' to 'http://localhost:10889/session/14f61660-7bcc-4279-b6a3-7163a94e0626/element/9d6f7b00-7c9d-4f19-8ac5-d41d9d4c2e1d/element'
15:50:24.386 [Forwarding findChildElement on session 14f61660-7bcc-4279-b6a3-7163a94e0626 to remote] DEBUG o.a.netty.request.NettyRequestSender - Using open Channel [id: 0x7c68b8df, L:/127.0.0.1:64390 - R:localhost/127.0.0.1:10889] for POST '/session/14f61660-7bcc-4279-b6a3-7163a94e0626/element/9d6f7b00-7c9d-4f19-8ac5-d41d9d4c2e1d/element'
15:50:24.390 [AsyncHttpClient-3-1] DEBUG o.a.netty.handler.HttpHandler - 

Request DefaultHttpRequest(decodeResult: success, version: HTTP/1.1)
POST /session/14f61660-7bcc-4279-b6a3-7163a94e0626/element/9d6f7b00-7c9d-4f19-8ac5-d41d9d4c2e1d/element HTTP/1.1
User-Agent: selenium/4.0.0-alpha-5 (java windows)
Content-Length: 103
Content-Type: application/json; charset=utf-8
host: localhost:10889
accept: */*

Response DefaultHttpResponse(decodeResult: success, version: HTTP/1.1)
HTTP/1.1 200 OK
content-type: application/json; charset=utf-8
cache-control: no-cache
content-length: 88
date: Thu, 25 Jun 2020 12:50:24 GMT

15:50:24.390 [AsyncHttpClient-3-1] DEBUG o.a.netty.channel.ChannelManager - Adding key: http://localhost:10889 for channel [id: 0x7c68b8df, L:/127.0.0.1:64390 - R:localhost/127.0.0.1:10889]
15:50:24.390 [Forwarding getElementText on session 14f61660-7bcc-4279-b6a3-7163a94e0626 to remote] DEBUG o.a.netty.request.NettyRequestSender - Using pooled Channel '[id: 0x7c68b8df, L:/127.0.0.1:64390 - R:localhost/127.0.0.1:10889]' for 'GET' to 'http://localhost:10889/session/14f61660-7bcc-4279-b6a3-7163a94e0626/element/97e74ca2-1b85-48f4-b716-d443c1f5d257/text'
15:50:24.390 [Forwarding getElementText on session 14f61660-7bcc-4279-b6a3-7163a94e0626 to remote] DEBUG o.a.netty.request.NettyRequestSender - Using open Channel [id: 0x7c68b8df, L:/127.0.0.1:64390 - R:localhost/127.0.0.1:10889] for GET '/session/14f61660-7bcc-4279-b6a3-7163a94e0626/element/97e74ca2-1b85-48f4-b716-d443c1f5d257/text'
15:50:24.394 [AsyncHttpClient-3-1] DEBUG o.a.netty.handler.HttpHandler - 

Request DefaultFullHttpRequest(decodeResult: success, version: HTTP/1.1, content: EmptyByteBufBE)
GET /session/14f61660-7bcc-4279-b6a3-7163a94e0626/element/97e74ca2-1b85-48f4-b716-d443c1f5d257/text HTTP/1.1
User-Agent: selenium/4.0.0-alpha-5 (java windows)
Cache-Control: no-cache
host: localhost:10889
accept: */*

Response DefaultHttpResponse(decodeResult: success, version: HTTP/1.1)
HTTP/1.1 200 OK
content-type: application/json; charset=utf-8
cache-control: no-cache
content-length: 21
date: Thu, 25 Jun 2020 12:50:24 GMT

15:50:24.394 [AsyncHttpClient-3-1] DEBUG o.a.netty.channel.ChannelManager - Adding key: http://localhost:10889 for channel [id: 0x7c68b8df, L:/127.0.0.1:64390 - R:localhost/127.0.0.1:10889]
15:50:24.395 [Forwarding findChildElement on session 14f61660-7bcc-4279-b6a3-7163a94e0626 to remote] DEBUG o.a.netty.request.NettyRequestSender - Using pooled Channel '[id: 0x7c68b8df, L:/127.0.0.1:64390 - R:localhost/127.0.0.1:10889]' for 'POST' to 'http://localhost:10889/session/14f61660-7bcc-4279-b6a3-7163a94e0626/element/9d6f7b00-7c9d-4f19-8ac5-d41d9d4c2e1d/element'
15:50:24.395 [Forwarding findChildElement on session 14f61660-7bcc-4279-b6a3-7163a94e0626 to remote] DEBUG o.a.netty.request.NettyRequestSender - Using open Channel [id: 0x7c68b8df, L:/127.0.0.1:64390 - R:localhost/127.0.0.1:10889] for POST '/session/14f61660-7bcc-4279-b6a3-7163a94e0626/element/9d6f7b00-7c9d-4f19-8ac5-d41d9d4c2e1d/element'
15:50:24.398 [AsyncHttpClient-3-1] DEBUG o.a.netty.handler.HttpHandler - 

Request DefaultHttpRequest(decodeResult: success, version: HTTP/1.1)
POST /session/14f61660-7bcc-4279-b6a3-7163a94e0626/element/9d6f7b00-7c9d-4f19-8ac5-d41d9d4c2e1d/element HTTP/1.1
User-Agent: selenium/4.0.0-alpha-5 (java windows)
Content-Length: 103
Content-Type: application/json; charset=utf-8
host: localhost:10889
accept: */*

Response DefaultHttpResponse(decodeResult: success, version: HTTP/1.1)
HTTP/1.1 200 OK
content-type: application/json; charset=utf-8
cache-control: no-cache
content-length: 88
date: Thu, 25 Jun 2020 12:50:24 GMT

15:50:24.398 [AsyncHttpClient-3-1] DEBUG o.a.netty.channel.ChannelManager - Adding key: http://localhost:10889 for channel [id: 0x7c68b8df, L:/127.0.0.1:64390 - R:localhost/127.0.0.1:10889]
15:50:24.399 [Forwarding getElementText on session 14f61660-7bcc-4279-b6a3-7163a94e0626 to remote] DEBUG o.a.netty.request.NettyRequestSender - Using pooled Channel '[id: 0x7c68b8df, L:/127.0.0.1:64390 - R:localhost/127.0.0.1:10889]' for 'GET' to 'http://localhost:10889/session/14f61660-7bcc-4279-b6a3-7163a94e0626/element/9e773c99-5876-4678-abb7-8e4437ac4a3f/text'
15:50:24.399 [Forwarding getElementText on session 14f61660-7bcc-4279-b6a3-7163a94e0626 to remote] DEBUG o.a.netty.request.NettyRequestSender - Using open Channel [id: 0x7c68b8df, L:/127.0.0.1:64390 - R:localhost/127.0.0.1:10889] for GET '/session/14f61660-7bcc-4279-b6a3-7163a94e0626/element/9e773c99-5876-4678-abb7-8e4437ac4a3f/text'
15:50:24.403 [AsyncHttpClient-3-1] DEBUG o.a.netty.handler.HttpHandler - 

Request DefaultFullHttpRequest(decodeResult: success, version: HTTP/1.1, content: EmptyByteBufBE)
GET /session/14f61660-7bcc-4279-b6a3-7163a94e0626/element/9e773c99-5876-4678-abb7-8e4437ac4a3f/text HTTP/1.1
User-Agent: selenium/4.0.0-alpha-5 (java windows)
Cache-Control: no-cache
host: localhost:10889
accept: */*

Response DefaultHttpResponse(decodeResult: success, version: HTTP/1.1)
HTTP/1.1 200 OK
content-type: application/json; charset=utf-8
cache-control: no-cache
content-length: 45
date: Thu, 25 Jun 2020 12:50:24 GMT

15:50:24.403 [AsyncHttpClient-3-1] DEBUG o.a.netty.channel.ChannelManager - Adding key: http://localhost:10889 for channel [id: 0x7c68b8df, L:/127.0.0.1:64390 - R:localhost/127.0.0.1:10889]
15:50:24.403 [Forwarding findChildElement on session 14f61660-7bcc-4279-b6a3-7163a94e0626 to remote] DEBUG o.a.netty.request.NettyRequestSender - Using pooled Channel '[id: 0x7c68b8df, L:/127.0.0.1:64390 - R:localhost/127.0.0.1:10889]' for 'POST' to 'http://localhost:10889/session/14f61660-7bcc-4279-b6a3-7163a94e0626/element/9d6f7b00-7c9d-4f19-8ac5-d41d9d4c2e1d/element'
15:50:24.404 [Forwarding findChildElement on session 14f61660-7bcc-4279-b6a3-7163a94e0626 to remote] DEBUG o.a.netty.request.NettyRequestSender - Using open Channel [id: 0x7c68b8df, L:/127.0.0.1:64390 - R:localhost/127.0.0.1:10889] for POST '/session/14f61660-7bcc-4279-b6a3-7163a94e0626/element/9d6f7b00-7c9d-4f19-8ac5-d41d9d4c2e1d/element'
15:50:24.407 [AsyncHttpClient-3-1] DEBUG o.a.netty.handler.HttpHandler - 

Request DefaultHttpRequest(decodeResult: success, version: HTTP/1.1)
POST /session/14f61660-7bcc-4279-b6a3-7163a94e0626/element/9d6f7b00-7c9d-4f19-8ac5-d41d9d4c2e1d/element HTTP/1.1
User-Agent: selenium/4.0.0-alpha-5 (java windows)
Content-Length: 103
Content-Type: application/json; charset=utf-8
host: localhost:10889
accept: */*

Response DefaultHttpResponse(decodeResult: success, version: HTTP/1.1)
HTTP/1.1 200 OK
content-type: application/json; charset=utf-8
cache-control: no-cache
content-length: 88
date: Thu, 25 Jun 2020 12:50:24 GMT

15:50:24.407 [AsyncHttpClient-3-1] DEBUG o.a.netty.channel.ChannelManager - Adding key: http://localhost:10889 for channel [id: 0x7c68b8df, L:/127.0.0.1:64390 - R:localhost/127.0.0.1:10889]
15:50:24.407 [Forwarding getElementText on session 14f61660-7bcc-4279-b6a3-7163a94e0626 to remote] DEBUG o.a.netty.request.NettyRequestSender - Using pooled Channel '[id: 0x7c68b8df, L:/127.0.0.1:64390 - R:localhost/127.0.0.1:10889]' for 'GET' to 'http://localhost:10889/session/14f61660-7bcc-4279-b6a3-7163a94e0626/element/67c48df9-f8f3-43b7-b35d-b9e8c45a24ab/text'
15:50:24.407 [Forwarding getElementText on session 14f61660-7bcc-4279-b6a3-7163a94e0626 to remote] DEBUG o.a.netty.request.NettyRequestSender - Using open Channel [id: 0x7c68b8df, L:/127.0.0.1:64390 - R:localhost/127.0.0.1:10889] for GET '/session/14f61660-7bcc-4279-b6a3-7163a94e0626/element/67c48df9-f8f3-43b7-b35d-b9e8c45a24ab/text'
15:50:24.414 [AsyncHttpClient-3-1] DEBUG o.a.netty.handler.HttpHandler - 

Request DefaultFullHttpRequest(decodeResult: success, version: HTTP/1.1, content: EmptyByteBufBE)
GET /session/14f61660-7bcc-4279-b6a3-7163a94e0626/element/67c48df9-f8f3-43b7-b35d-b9e8c45a24ab/text HTTP/1.1
User-Agent: selenium/4.0.0-alpha-5 (java windows)
Cache-Control: no-cache
host: localhost:10889
accept: */*

Response DefaultHttpResponse(decodeResult: success, version: HTTP/1.1)
HTTP/1.1 200 OK
content-type: application/json; charset=utf-8
cache-control: no-cache
content-length: 57
date: Thu, 25 Jun 2020 12:50:24 GMT

15:50:24.414 [AsyncHttpClient-3-1] DEBUG o.a.netty.channel.ChannelManager - Adding key: http://localhost:10889 for channel [id: 0x7c68b8df, L:/127.0.0.1:64390 - R:localhost/127.0.0.1:10889]
15:50:24.414 [Forwarding findChildElement on session 14f61660-7bcc-4279-b6a3-7163a94e0626 to remote] DEBUG o.a.netty.request.NettyRequestSender - Using pooled Channel '[id: 0x7c68b8df, L:/127.0.0.1:64390 - R:localhost/127.0.0.1:10889]' for 'POST' to 'http://localhost:10889/session/14f61660-7bcc-4279-b6a3-7163a94e0626/element/9d6f7b00-7c9d-4f19-8ac5-d41d9d4c2e1d/element'
15:50:24.414 [Forwarding findChildElement on session 14f61660-7bcc-4279-b6a3-7163a94e0626 to remote] DEBUG o.a.netty.request.NettyRequestSender - Using open Channel [id: 0x7c68b8df, L:/127.0.0.1:64390 - R:localhost/127.0.0.1:10889] for POST '/session/14f61660-7bcc-4279-b6a3-7163a94e0626/element/9d6f7b00-7c9d-4f19-8ac5-d41d9d4c2e1d/element'
15:50:24.417 [AsyncHttpClient-3-1] DEBUG o.a.netty.handler.HttpHandler - 

Request DefaultHttpRequest(decodeResult: success, version: HTTP/1.1)
POST /session/14f61660-7bcc-4279-b6a3-7163a94e0626/element/9d6f7b00-7c9d-4f19-8ac5-d41d9d4c2e1d/element HTTP/1.1
User-Agent: selenium/4.0.0-alpha-5 (java windows)
Content-Length: 97
Content-Type: application/json; charset=utf-8
host: localhost:10889
accept: */*

Response DefaultHttpResponse(decodeResult: success, version: HTTP/1.1)
HTTP/1.1 200 OK
content-type: application/json; charset=utf-8
cache-control: no-cache
content-length: 88
date: Thu, 25 Jun 2020 12:50:24 GMT

15:50:24.417 [AsyncHttpClient-3-1] DEBUG o.a.netty.channel.ChannelManager - Adding key: http://localhost:10889 for channel [id: 0x7c68b8df, L:/127.0.0.1:64390 - R:localhost/127.0.0.1:10889]
15:50:24.420 [Forwarding getElementAttribute on session 14f61660-7bcc-4279-b6a3-7163a94e0626 to remote] DEBUG o.a.netty.request.NettyRequestSender - Using pooled Channel '[id: 0x7c68b8df, L:/127.0.0.1:64390 - R:localhost/127.0.0.1:10889]' for 'POST' to 'http://localhost:10889/session/14f61660-7bcc-4279-b6a3-7163a94e0626/execute/sync'
15:50:24.420 [Forwarding getElementAttribute on session 14f61660-7bcc-4279-b6a3-7163a94e0626 to remote] DEBUG o.a.netty.request.NettyRequestSender - Using open Channel [id: 0x7c68b8df, L:/127.0.0.1:64390 - R:localhost/127.0.0.1:10889] for POST '/session/14f61660-7bcc-4279-b6a3-7163a94e0626/execute/sync'
15:50:24.432 [AsyncHttpClient-3-1] DEBUG o.a.netty.handler.HttpHandler - 

Request DefaultHttpRequest(decodeResult: success, version: HTTP/1.1)
POST /session/14f61660-7bcc-4279-b6a3-7163a94e0626/execute/sync HTTP/1.1
User-Agent: selenium/4.0.0-alpha-5 (java windows)
Content-Length: 39635
Content-Type: application/json; charset=utf-8
host: localhost:10889
accept: */*

Response DefaultHttpResponse(decodeResult: success, version: HTTP/1.1)
HTTP/1.1 200 OK
content-type: application/json; charset=utf-8
cache-control: no-cache
content-length: 15
date: Thu, 25 Jun 2020 12:50:24 GMT

15:50:24.432 [AsyncHttpClient-3-1] DEBUG o.a.netty.channel.ChannelManager - Adding key: http://localhost:10889 for channel [id: 0x7c68b8df, L:/127.0.0.1:64390 - R:localhost/127.0.0.1:10889]
15:50:24.432 [Forwarding findChildElement on session 14f61660-7bcc-4279-b6a3-7163a94e0626 to remote] DEBUG o.a.netty.request.NettyRequestSender - Using pooled Channel '[id: 0x7c68b8df, L:/127.0.0.1:64390 - R:localhost/127.0.0.1:10889]' for 'POST' to 'http://localhost:10889/session/14f61660-7bcc-4279-b6a3-7163a94e0626/element/998165af-b82c-4515-ba1a-2b1f20b97d5a/element'
15:50:24.433 [Forwarding findChildElement on session 14f61660-7bcc-4279-b6a3-7163a94e0626 to remote] DEBUG o.a.netty.request.NettyRequestSender - Using open Channel [id: 0x7c68b8df, L:/127.0.0.1:64390 - R:localhost/127.0.0.1:10889] for POST '/session/14f61660-7bcc-4279-b6a3-7163a94e0626/element/998165af-b82c-4515-ba1a-2b1f20b97d5a/element'
15:50:24.436 [AsyncHttpClient-3-1] DEBUG o.a.netty.handler.HttpHandler - 

Request DefaultHttpRequest(decodeResult: success, version: HTTP/1.1)
POST /session/14f61660-7bcc-4279-b6a3-7163a94e0626/element/998165af-b82c-4515-ba1a-2b1f20b97d5a/element HTTP/1.1
User-Agent: selenium/4.0.0-alpha-5 (java windows)
Content-Length: 103
Content-Type: application/json; charset=utf-8
host: localhost:10889
accept: */*

Response DefaultHttpResponse(decodeResult: success, version: HTTP/1.1)
HTTP/1.1 200 OK
content-type: application/json; charset=utf-8
cache-control: no-cache
content-length: 88
date: Thu, 25 Jun 2020 12:50:24 GMT

15:50:24.436 [AsyncHttpClient-3-1] DEBUG o.a.netty.channel.ChannelManager - Adding key: http://localhost:10889 for channel [id: 0x7c68b8df, L:/127.0.0.1:64390 - R:localhost/127.0.0.1:10889]
15:50:24.436 [Forwarding getElementText on session 14f61660-7bcc-4279-b6a3-7163a94e0626 to remote] DEBUG o.a.netty.request.NettyRequestSender - Using pooled Channel '[id: 0x7c68b8df, L:/127.0.0.1:64390 - R:localhost/127.0.0.1:10889]' for 'GET' to 'http://localhost:10889/session/14f61660-7bcc-4279-b6a3-7163a94e0626/element/8cce247e-4e0b-4bde-ab49-4ca0a31f6d56/text'
15:50:24.436 [Forwarding getElementText on session 14f61660-7bcc-4279-b6a3-7163a94e0626 to remote] DEBUG o.a.netty.request.NettyRequestSender - Using open Channel [id: 0x7c68b8df, L:/127.0.0.1:64390 - R:localhost/127.0.0.1:10889] for GET '/session/14f61660-7bcc-4279-b6a3-7163a94e0626/element/8cce247e-4e0b-4bde-ab49-4ca0a31f6d56/text'
15:50:24.441 [AsyncHttpClient-3-1] DEBUG o.a.netty.handler.HttpHandler - 

Request DefaultFullHttpRequest(decodeResult: success, version: HTTP/1.1, content: EmptyByteBufBE)
GET /session/14f61660-7bcc-4279-b6a3-7163a94e0626/element/8cce247e-4e0b-4bde-ab49-4ca0a31f6d56/text HTTP/1.1
User-Agent: selenium/4.0.0-alpha-5 (java windows)
Cache-Control: no-cache
host: localhost:10889
accept: */*

Response DefaultHttpResponse(decodeResult: success, version: HTTP/1.1)
HTTP/1.1 200 OK
content-type: application/json; charset=utf-8
cache-control: no-cache
content-length: 18
date: Thu, 25 Jun 2020 12:50:24 GMT

15:50:24.441 [AsyncHttpClient-3-1] DEBUG o.a.netty.channel.ChannelManager - Adding key: http://localhost:10889 for channel [id: 0x7c68b8df, L:/127.0.0.1:64390 - R:localhost/127.0.0.1:10889]
15:50:24.441 [Forwarding findChildElement on session 14f61660-7bcc-4279-b6a3-7163a94e0626 to remote] DEBUG o.a.netty.request.NettyRequestSender - Using pooled Channel '[id: 0x7c68b8df, L:/127.0.0.1:64390 - R:localhost/127.0.0.1:10889]' for 'POST' to 'http://localhost:10889/session/14f61660-7bcc-4279-b6a3-7163a94e0626/element/998165af-b82c-4515-ba1a-2b1f20b97d5a/element'
15:50:24.441 [Forwarding findChildElement on session 14f61660-7bcc-4279-b6a3-7163a94e0626 to remote] DEBUG o.a.netty.request.NettyRequestSender - Using open Channel [id: 0x7c68b8df, L:/127.0.0.1:64390 - R:localhost/127.0.0.1:10889] for POST '/session/14f61660-7bcc-4279-b6a3-7163a94e0626/element/998165af-b82c-4515-ba1a-2b1f20b97d5a/element'
15:50:24.446 [AsyncHttpClient-3-1] DEBUG o.a.netty.handler.HttpHandler - 

Request DefaultHttpRequest(decodeResult: success, version: HTTP/1.1)
POST /session/14f61660-7bcc-4279-b6a3-7163a94e0626/element/998165af-b82c-4515-ba1a-2b1f20b97d5a/element HTTP/1.1
User-Agent: selenium/4.0.0-alpha-5 (java windows)
Content-Length: 103
Content-Type: application/json; charset=utf-8
host: localhost:10889
accept: */*

Response DefaultHttpResponse(decodeResult: success, version: HTTP/1.1)
HTTP/1.1 200 OK
content-type: application/json; charset=utf-8
cache-control: no-cache
content-length: 88
date: Thu, 25 Jun 2020 12:50:24 GMT

15:50:24.446 [AsyncHttpClient-3-1] DEBUG o.a.netty.channel.ChannelManager - Adding key: http://localhost:10889 for channel [id: 0x7c68b8df, L:/127.0.0.1:64390 - R:localhost/127.0.0.1:10889]
15:50:24.447 [Forwarding getElementText on session 14f61660-7bcc-4279-b6a3-7163a94e0626 to remote] DEBUG o.a.netty.request.NettyRequestSender - Using pooled Channel '[id: 0x7c68b8df, L:/127.0.0.1:64390 - R:localhost/127.0.0.1:10889]' for 'GET' to 'http://localhost:10889/session/14f61660-7bcc-4279-b6a3-7163a94e0626/element/021c0900-e95a-4c59-a814-5e594742f867/text'
15:50:24.447 [Forwarding getElementText on session 14f61660-7bcc-4279-b6a3-7163a94e0626 to remote] DEBUG o.a.netty.request.NettyRequestSender - Using open Channel [id: 0x7c68b8df, L:/127.0.0.1:64390 - R:localhost/127.0.0.1:10889] for GET '/session/14f61660-7bcc-4279-b6a3-7163a94e0626/element/021c0900-e95a-4c59-a814-5e594742f867/text'
15:50:24.452 [AsyncHttpClient-3-1] DEBUG o.a.netty.handler.HttpHandler - 

Request DefaultFullHttpRequest(decodeResult: success, version: HTTP/1.1, content: EmptyByteBufBE)
GET /session/14f61660-7bcc-4279-b6a3-7163a94e0626/element/021c0900-e95a-4c59-a814-5e594742f867/text HTTP/1.1
User-Agent: selenium/4.0.0-alpha-5 (java windows)
Cache-Control: no-cache
host: localhost:10889
accept: */*

Response DefaultHttpResponse(decodeResult: success, version: HTTP/1.1)
HTTP/1.1 200 OK
content-type: application/json; charset=utf-8
cache-control: no-cache
content-length: 22
date: Thu, 25 Jun 2020 12:50:24 GMT

15:50:24.452 [AsyncHttpClient-3-1] DEBUG o.a.netty.channel.ChannelManager - Adding key: http://localhost:10889 for channel [id: 0x7c68b8df, L:/127.0.0.1:64390 - R:localhost/127.0.0.1:10889]
15:50:24.452 [Forwarding findChildElement on session 14f61660-7bcc-4279-b6a3-7163a94e0626 to remote] DEBUG o.a.netty.request.NettyRequestSender - Using pooled Channel '[id: 0x7c68b8df, L:/127.0.0.1:64390 - R:localhost/127.0.0.1:10889]' for 'POST' to 'http://localhost:10889/session/14f61660-7bcc-4279-b6a3-7163a94e0626/element/998165af-b82c-4515-ba1a-2b1f20b97d5a/element'
15:50:24.453 [Forwarding findChildElement on session 14f61660-7bcc-4279-b6a3-7163a94e0626 to remote] DEBUG o.a.netty.request.NettyRequestSender - Using open Channel [id: 0x7c68b8df, L:/127.0.0.1:64390 - R:localhost/127.0.0.1:10889] for POST '/session/14f61660-7bcc-4279-b6a3-7163a94e0626/element/998165af-b82c-4515-ba1a-2b1f20b97d5a/element'
15:50:24.456 [AsyncHttpClient-3-1] DEBUG o.a.netty.handler.HttpHandler - 

Request DefaultHttpRequest(decodeResult: success, version: HTTP/1.1)
POST /session/14f61660-7bcc-4279-b6a3-7163a94e0626/element/998165af-b82c-4515-ba1a-2b1f20b97d5a/element HTTP/1.1
User-Agent: selenium/4.0.0-alpha-5 (java windows)
Content-Length: 103
Content-Type: application/json; charset=utf-8
host: localhost:10889
accept: */*

Response DefaultHttpResponse(decodeResult: success, version: HTTP/1.1)
HTTP/1.1 200 OK
content-type: application/json; charset=utf-8
cache-control: no-cache
content-length: 88
date: Thu, 25 Jun 2020 12:50:24 GMT

15:50:24.456 [AsyncHttpClient-3-1] DEBUG o.a.netty.channel.ChannelManager - Adding key: http://localhost:10889 for channel [id: 0x7c68b8df, L:/127.0.0.1:64390 - R:localhost/127.0.0.1:10889]
15:50:24.457 [Forwarding getElementText on session 14f61660-7bcc-4279-b6a3-7163a94e0626 to remote] DEBUG o.a.netty.request.NettyRequestSender - Using pooled Channel '[id: 0x7c68b8df, L:/127.0.0.1:64390 - R:localhost/127.0.0.1:10889]' for 'GET' to 'http://localhost:10889/session/14f61660-7bcc-4279-b6a3-7163a94e0626/element/a47d6192-edcb-4362-b325-fa207bbc23e0/text'
15:50:24.457 [Forwarding getElementText on session 14f61660-7bcc-4279-b6a3-7163a94e0626 to remote] DEBUG o.a.netty.request.NettyRequestSender - Using open Channel [id: 0x7c68b8df, L:/127.0.0.1:64390 - R:localhost/127.0.0.1:10889] for GET '/session/14f61660-7bcc-4279-b6a3-7163a94e0626/element/a47d6192-edcb-4362-b325-fa207bbc23e0/text'
15:50:24.461 [AsyncHttpClient-3-1] DEBUG o.a.netty.handler.HttpHandler - 

Request DefaultFullHttpRequest(decodeResult: success, version: HTTP/1.1, content: EmptyByteBufBE)
GET /session/14f61660-7bcc-4279-b6a3-7163a94e0626/element/a47d6192-edcb-4362-b325-fa207bbc23e0/text HTTP/1.1
User-Agent: selenium/4.0.0-alpha-5 (java windows)
Cache-Control: no-cache
host: localhost:10889
accept: */*

Response DefaultHttpResponse(decodeResult: success, version: HTTP/1.1)
HTTP/1.1 200 OK
content-type: application/json; charset=utf-8
cache-control: no-cache
content-length: 21
date: Thu, 25 Jun 2020 12:50:24 GMT

15:50:24.461 [AsyncHttpClient-3-1] DEBUG o.a.netty.channel.ChannelManager - Adding key: http://localhost:10889 for channel [id: 0x7c68b8df, L:/127.0.0.1:64390 - R:localhost/127.0.0.1:10889]
15:50:24.461 [Forwarding findChildElement on session 14f61660-7bcc-4279-b6a3-7163a94e0626 to remote] DEBUG o.a.netty.request.NettyRequestSender - Using pooled Channel '[id: 0x7c68b8df, L:/127.0.0.1:64390 - R:localhost/127.0.0.1:10889]' for 'POST' to 'http://localhost:10889/session/14f61660-7bcc-4279-b6a3-7163a94e0626/element/998165af-b82c-4515-ba1a-2b1f20b97d5a/element'
15:50:24.461 [Forwarding findChildElement on session 14f61660-7bcc-4279-b6a3-7163a94e0626 to remote] DEBUG o.a.netty.request.NettyRequestSender - Using open Channel [id: 0x7c68b8df, L:/127.0.0.1:64390 - R:localhost/127.0.0.1:10889] for POST '/session/14f61660-7bcc-4279-b6a3-7163a94e0626/element/998165af-b82c-4515-ba1a-2b1f20b97d5a/element'
15:50:24.465 [AsyncHttpClient-3-1] DEBUG o.a.netty.handler.HttpHandler - 

Request DefaultHttpRequest(decodeResult: success, version: HTTP/1.1)
POST /session/14f61660-7bcc-4279-b6a3-7163a94e0626/element/998165af-b82c-4515-ba1a-2b1f20b97d5a/element HTTP/1.1
User-Agent: selenium/4.0.0-alpha-5 (java windows)
Content-Length: 103
Content-Type: application/json; charset=utf-8
host: localhost:10889
accept: */*

Response DefaultHttpResponse(decodeResult: success, version: HTTP/1.1)
HTTP/1.1 200 OK
content-type: application/json; charset=utf-8
cache-control: no-cache
content-length: 88
date: Thu, 25 Jun 2020 12:50:24 GMT

15:50:24.465 [AsyncHttpClient-3-1] DEBUG o.a.netty.channel.ChannelManager - Adding key: http://localhost:10889 for channel [id: 0x7c68b8df, L:/127.0.0.1:64390 - R:localhost/127.0.0.1:10889]
15:50:24.465 [Forwarding getElementText on session 14f61660-7bcc-4279-b6a3-7163a94e0626 to remote] DEBUG o.a.netty.request.NettyRequestSender - Using pooled Channel '[id: 0x7c68b8df, L:/127.0.0.1:64390 - R:localhost/127.0.0.1:10889]' for 'GET' to 'http://localhost:10889/session/14f61660-7bcc-4279-b6a3-7163a94e0626/element/c4492511-c947-4748-80c9-bfe781298fc8/text'
15:50:24.465 [Forwarding getElementText on session 14f61660-7bcc-4279-b6a3-7163a94e0626 to remote] DEBUG o.a.netty.request.NettyRequestSender - Using open Channel [id: 0x7c68b8df, L:/127.0.0.1:64390 - R:localhost/127.0.0.1:10889] for GET '/session/14f61660-7bcc-4279-b6a3-7163a94e0626/element/c4492511-c947-4748-80c9-bfe781298fc8/text'
15:50:24.469 [AsyncHttpClient-3-1] DEBUG o.a.netty.handler.HttpHandler - 

Request DefaultFullHttpRequest(decodeResult: success, version: HTTP/1.1, content: EmptyByteBufBE)
GET /session/14f61660-7bcc-4279-b6a3-7163a94e0626/element/c4492511-c947-4748-80c9-bfe781298fc8/text HTTP/1.1
User-Agent: selenium/4.0.0-alpha-5 (java windows)
Cache-Control: no-cache
host: localhost:10889
accept: */*

Response DefaultHttpResponse(decodeResult: success, version: HTTP/1.1)
HTTP/1.1 200 OK
content-type: application/json; charset=utf-8
cache-control: no-cache
content-length: 45
date: Thu, 25 Jun 2020 12:50:24 GMT

15:50:24.469 [AsyncHttpClient-3-1] DEBUG o.a.netty.channel.ChannelManager - Adding key: http://localhost:10889 for channel [id: 0x7c68b8df, L:/127.0.0.1:64390 - R:localhost/127.0.0.1:10889]
15:50:24.470 [Forwarding findChildElement on session 14f61660-7bcc-4279-b6a3-7163a94e0626 to remote] DEBUG o.a.netty.request.NettyRequestSender - Using pooled Channel '[id: 0x7c68b8df, L:/127.0.0.1:64390 - R:localhost/127.0.0.1:10889]' for 'POST' to 'http://localhost:10889/session/14f61660-7bcc-4279-b6a3-7163a94e0626/element/998165af-b82c-4515-ba1a-2b1f20b97d5a/element'
15:50:24.470 [Forwarding findChildElement on session 14f61660-7bcc-4279-b6a3-7163a94e0626 to remote] DEBUG o.a.netty.request.NettyRequestSender - Using open Channel [id: 0x7c68b8df, L:/127.0.0.1:64390 - R:localhost/127.0.0.1:10889] for POST '/session/14f61660-7bcc-4279-b6a3-7163a94e0626/element/998165af-b82c-4515-ba1a-2b1f20b97d5a/element'
15:50:24.473 [AsyncHttpClient-3-1] DEBUG o.a.netty.handler.HttpHandler - 

Request DefaultHttpRequest(decodeResult: success, version: HTTP/1.1)
POST /session/14f61660-7bcc-4279-b6a3-7163a94e0626/element/998165af-b82c-4515-ba1a-2b1f20b97d5a/element HTTP/1.1
User-Agent: selenium/4.0.0-alpha-5 (java windows)
Content-Length: 103
Content-Type: application/json; charset=utf-8
host: localhost:10889
accept: */*

Response DefaultHttpResponse(decodeResult: success, version: HTTP/1.1)
HTTP/1.1 200 OK
content-type: application/json; charset=utf-8
cache-control: no-cache
content-length: 88
date: Thu, 25 Jun 2020 12:50:24 GMT

15:50:24.473 [AsyncHttpClient-3-1] DEBUG o.a.netty.channel.ChannelManager - Adding key: http://localhost:10889 for channel [id: 0x7c68b8df, L:/127.0.0.1:64390 - R:localhost/127.0.0.1:10889]
15:50:24.473 [Forwarding getElementText on session 14f61660-7bcc-4279-b6a3-7163a94e0626 to remote] DEBUG o.a.netty.request.NettyRequestSender - Using pooled Channel '[id: 0x7c68b8df, L:/127.0.0.1:64390 - R:localhost/127.0.0.1:10889]' for 'GET' to 'http://localhost:10889/session/14f61660-7bcc-4279-b6a3-7163a94e0626/element/20d5995f-9a2a-44a5-9b6d-906a77eeb09d/text'
15:50:24.474 [Forwarding getElementText on session 14f61660-7bcc-4279-b6a3-7163a94e0626 to remote] DEBUG o.a.netty.request.NettyRequestSender - Using open Channel [id: 0x7c68b8df, L:/127.0.0.1:64390 - R:localhost/127.0.0.1:10889] for GET '/session/14f61660-7bcc-4279-b6a3-7163a94e0626/element/20d5995f-9a2a-44a5-9b6d-906a77eeb09d/text'
15:50:24.481 [AsyncHttpClient-3-1] DEBUG o.a.netty.handler.HttpHandler - 

Request DefaultFullHttpRequest(decodeResult: success, version: HTTP/1.1, content: EmptyByteBufBE)
GET /session/14f61660-7bcc-4279-b6a3-7163a94e0626/element/20d5995f-9a2a-44a5-9b6d-906a77eeb09d/text HTTP/1.1
User-Agent: selenium/4.0.0-alpha-5 (java windows)
Cache-Control: no-cache
host: localhost:10889
accept: */*

Response DefaultHttpResponse(decodeResult: success, version: HTTP/1.1)
HTTP/1.1 200 OK
content-type: application/json; charset=utf-8
cache-control: no-cache
content-length: 57
date: Thu, 25 Jun 2020 12:50:24 GMT

15:50:24.481 [AsyncHttpClient-3-1] DEBUG o.a.netty.channel.ChannelManager - Adding key: http://localhost:10889 for channel [id: 0x7c68b8df, L:/127.0.0.1:64390 - R:localhost/127.0.0.1:10889]
15:50:24.481 [Forwarding findChildElement on session 14f61660-7bcc-4279-b6a3-7163a94e0626 to remote] DEBUG o.a.netty.request.NettyRequestSender - Using pooled Channel '[id: 0x7c68b8df, L:/127.0.0.1:64390 - R:localhost/127.0.0.1:10889]' for 'POST' to 'http://localhost:10889/session/14f61660-7bcc-4279-b6a3-7163a94e0626/element/998165af-b82c-4515-ba1a-2b1f20b97d5a/element'
15:50:24.481 [Forwarding findChildElement on session 14f61660-7bcc-4279-b6a3-7163a94e0626 to remote] DEBUG o.a.netty.request.NettyRequestSender - Using open Channel [id: 0x7c68b8df, L:/127.0.0.1:64390 - R:localhost/127.0.0.1:10889] for POST '/session/14f61660-7bcc-4279-b6a3-7163a94e0626/element/998165af-b82c-4515-ba1a-2b1f20b97d5a/element'
15:50:24.484 [AsyncHttpClient-3-1] DEBUG o.a.netty.handler.HttpHandler - 

Request DefaultHttpRequest(decodeResult: success, version: HTTP/1.1)
POST /session/14f61660-7bcc-4279-b6a3-7163a94e0626/element/998165af-b82c-4515-ba1a-2b1f20b97d5a/element HTTP/1.1
User-Agent: selenium/4.0.0-alpha-5 (java windows)
Content-Length: 97
Content-Type: application/json; charset=utf-8
host: localhost:10889
accept: */*

Response DefaultHttpResponse(decodeResult: success, version: HTTP/1.1)
HTTP/1.1 200 OK
content-type: application/json; charset=utf-8
cache-control: no-cache
content-length: 88
date: Thu, 25 Jun 2020 12:50:24 GMT

15:50:24.484 [AsyncHttpClient-3-1] DEBUG o.a.netty.channel.ChannelManager - Adding key: http://localhost:10889 for channel [id: 0x7c68b8df, L:/127.0.0.1:64390 - R:localhost/127.0.0.1:10889]
15:50:24.487 [Forwarding getElementAttribute on session 14f61660-7bcc-4279-b6a3-7163a94e0626 to remote] DEBUG o.a.netty.request.NettyRequestSender - Using pooled Channel '[id: 0x7c68b8df, L:/127.0.0.1:64390 - R:localhost/127.0.0.1:10889]' for 'POST' to 'http://localhost:10889/session/14f61660-7bcc-4279-b6a3-7163a94e0626/execute/sync'
15:50:24.487 [Forwarding getElementAttribute on session 14f61660-7bcc-4279-b6a3-7163a94e0626 to remote] DEBUG o.a.netty.request.NettyRequestSender - Using open Channel [id: 0x7c68b8df, L:/127.0.0.1:64390 - R:localhost/127.0.0.1:10889] for POST '/session/14f61660-7bcc-4279-b6a3-7163a94e0626/execute/sync'
15:50:24.500 [AsyncHttpClient-3-1] DEBUG o.a.netty.handler.HttpHandler - 

Request DefaultHttpRequest(decodeResult: success, version: HTTP/1.1)
POST /session/14f61660-7bcc-4279-b6a3-7163a94e0626/execute/sync HTTP/1.1
User-Agent: selenium/4.0.0-alpha-5 (java windows)
Content-Length: 39635
Content-Type: application/json; charset=utf-8
host: localhost:10889
accept: */*

Response DefaultHttpResponse(decodeResult: success, version: HTTP/1.1)
HTTP/1.1 200 OK
content-type: application/json; charset=utf-8
cache-control: no-cache
content-length: 15
date: Thu, 25 Jun 2020 12:50:24 GMT

15:50:24.500 [AsyncHttpClient-3-1] DEBUG o.a.netty.channel.ChannelManager - Adding key: http://localhost:10889 for channel [id: 0x7c68b8df, L:/127.0.0.1:64390 - R:localhost/127.0.0.1:10889]
15:50:24.500 [Forwarding findChildElement on session 14f61660-7bcc-4279-b6a3-7163a94e0626 to remote] DEBUG o.a.netty.request.NettyRequestSender - Using pooled Channel '[id: 0x7c68b8df, L:/127.0.0.1:64390 - R:localhost/127.0.0.1:10889]' for 'POST' to 'http://localhost:10889/session/14f61660-7bcc-4279-b6a3-7163a94e0626/element/2bff02fd-29d1-4125-a2d3-1443f38251a1/element'
15:50:24.500 [Forwarding findChildElement on session 14f61660-7bcc-4279-b6a3-7163a94e0626 to remote] DEBUG o.a.netty.request.NettyRequestSender - Using open Channel [id: 0x7c68b8df, L:/127.0.0.1:64390 - R:localhost/127.0.0.1:10889] for POST '/session/14f61660-7bcc-4279-b6a3-7163a94e0626/element/2bff02fd-29d1-4125-a2d3-1443f38251a1/element'
15:50:24.504 [AsyncHttpClient-3-1] DEBUG o.a.netty.handler.HttpHandler - 

Request DefaultHttpRequest(decodeResult: success, version: HTTP/1.1)
POST /session/14f61660-7bcc-4279-b6a3-7163a94e0626/element/2bff02fd-29d1-4125-a2d3-1443f38251a1/element HTTP/1.1
User-Agent: selenium/4.0.0-alpha-5 (java windows)
Content-Length: 103
Content-Type: application/json; charset=utf-8
host: localhost:10889
accept: */*

Response DefaultHttpResponse(decodeResult: success, version: HTTP/1.1)
HTTP/1.1 200 OK
content-type: application/json; charset=utf-8
cache-control: no-cache
content-length: 88
date: Thu, 25 Jun 2020 12:50:24 GMT

15:50:24.504 [AsyncHttpClient-3-1] DEBUG o.a.netty.channel.ChannelManager - Adding key: http://localhost:10889 for channel [id: 0x7c68b8df, L:/127.0.0.1:64390 - R:localhost/127.0.0.1:10889]
15:50:24.504 [Forwarding getElementText on session 14f61660-7bcc-4279-b6a3-7163a94e0626 to remote] DEBUG o.a.netty.request.NettyRequestSender - Using pooled Channel '[id: 0x7c68b8df, L:/127.0.0.1:64390 - R:localhost/127.0.0.1:10889]' for 'GET' to 'http://localhost:10889/session/14f61660-7bcc-4279-b6a3-7163a94e0626/element/bb7cb535-2324-437c-b04e-de760dfb2677/text'
15:50:24.504 [Forwarding getElementText on session 14f61660-7bcc-4279-b6a3-7163a94e0626 to remote] DEBUG o.a.netty.request.NettyRequestSender - Using open Channel [id: 0x7c68b8df, L:/127.0.0.1:64390 - R:localhost/127.0.0.1:10889] for GET '/session/14f61660-7bcc-4279-b6a3-7163a94e0626/element/bb7cb535-2324-437c-b04e-de760dfb2677/text'
15:50:24.509 [AsyncHttpClient-3-1] DEBUG o.a.netty.handler.HttpHandler - 

Request DefaultFullHttpRequest(decodeResult: success, version: HTTP/1.1, content: EmptyByteBufBE)
GET /session/14f61660-7bcc-4279-b6a3-7163a94e0626/element/bb7cb535-2324-437c-b04e-de760dfb2677/text HTTP/1.1
User-Agent: selenium/4.0.0-alpha-5 (java windows)
Cache-Control: no-cache
host: localhost:10889
accept: */*

Response DefaultHttpResponse(decodeResult: success, version: HTTP/1.1)
HTTP/1.1 200 OK
content-type: application/json; charset=utf-8
cache-control: no-cache
content-length: 18
date: Thu, 25 Jun 2020 12:50:24 GMT

15:50:24.509 [AsyncHttpClient-3-1] DEBUG o.a.netty.channel.ChannelManager - Adding key: http://localhost:10889 for channel [id: 0x7c68b8df, L:/127.0.0.1:64390 - R:localhost/127.0.0.1:10889]
15:50:24.509 [Forwarding findChildElement on session 14f61660-7bcc-4279-b6a3-7163a94e0626 to remote] DEBUG o.a.netty.request.NettyRequestSender - Using pooled Channel '[id: 0x7c68b8df, L:/127.0.0.1:64390 - R:localhost/127.0.0.1:10889]' for 'POST' to 'http://localhost:10889/session/14f61660-7bcc-4279-b6a3-7163a94e0626/element/2bff02fd-29d1-4125-a2d3-1443f38251a1/element'
15:50:24.509 [Forwarding findChildElement on session 14f61660-7bcc-4279-b6a3-7163a94e0626 to remote] DEBUG o.a.netty.request.NettyRequestSender - Using open Channel [id: 0x7c68b8df, L:/127.0.0.1:64390 - R:localhost/127.0.0.1:10889] for POST '/session/14f61660-7bcc-4279-b6a3-7163a94e0626/element/2bff02fd-29d1-4125-a2d3-1443f38251a1/element'
15:50:24.512 [AsyncHttpClient-3-1] DEBUG o.a.netty.handler.HttpHandler - 

Request DefaultHttpRequest(decodeResult: success, version: HTTP/1.1)
POST /session/14f61660-7bcc-4279-b6a3-7163a94e0626/element/2bff02fd-29d1-4125-a2d3-1443f38251a1/element HTTP/1.1
User-Agent: selenium/4.0.0-alpha-5 (java windows)
Content-Length: 103
Content-Type: application/json; charset=utf-8
host: localhost:10889
accept: */*

Response DefaultHttpResponse(decodeResult: success, version: HTTP/1.1)
HTTP/1.1 200 OK
content-type: application/json; charset=utf-8
cache-control: no-cache
content-length: 88
date: Thu, 25 Jun 2020 12:50:24 GMT

15:50:24.512 [AsyncHttpClient-3-1] DEBUG o.a.netty.channel.ChannelManager - Adding key: http://localhost:10889 for channel [id: 0x7c68b8df, L:/127.0.0.1:64390 - R:localhost/127.0.0.1:10889]
15:50:24.513 [Forwarding getElementText on session 14f61660-7bcc-4279-b6a3-7163a94e0626 to remote] DEBUG o.a.netty.request.NettyRequestSender - Using pooled Channel '[id: 0x7c68b8df, L:/127.0.0.1:64390 - R:localhost/127.0.0.1:10889]' for 'GET' to 'http://localhost:10889/session/14f61660-7bcc-4279-b6a3-7163a94e0626/element/4331894e-4490-4443-93f1-10cbea384fd2/text'
15:50:24.513 [Forwarding getElementText on session 14f61660-7bcc-4279-b6a3-7163a94e0626 to remote] DEBUG o.a.netty.request.NettyRequestSender - Using open Channel [id: 0x7c68b8df, L:/127.0.0.1:64390 - R:localhost/127.0.0.1:10889] for GET '/session/14f61660-7bcc-4279-b6a3-7163a94e0626/element/4331894e-4490-4443-93f1-10cbea384fd2/text'
15:50:24.517 [AsyncHttpClient-3-1] DEBUG o.a.netty.handler.HttpHandler - 

Request DefaultFullHttpRequest(decodeResult: success, version: HTTP/1.1, content: EmptyByteBufBE)
GET /session/14f61660-7bcc-4279-b6a3-7163a94e0626/element/4331894e-4490-4443-93f1-10cbea384fd2/text HTTP/1.1
User-Agent: selenium/4.0.0-alpha-5 (java windows)
Cache-Control: no-cache
host: localhost:10889
accept: */*

Response DefaultHttpResponse(decodeResult: success, version: HTTP/1.1)
HTTP/1.1 200 OK
content-type: application/json; charset=utf-8
cache-control: no-cache
content-length: 22
date: Thu, 25 Jun 2020 12:50:24 GMT

15:50:24.517 [AsyncHttpClient-3-1] DEBUG o.a.netty.channel.ChannelManager - Adding key: http://localhost:10889 for channel [id: 0x7c68b8df, L:/127.0.0.1:64390 - R:localhost/127.0.0.1:10889]
15:50:24.518 [Forwarding findChildElement on session 14f61660-7bcc-4279-b6a3-7163a94e0626 to remote] DEBUG o.a.netty.request.NettyRequestSender - Using pooled Channel '[id: 0x7c68b8df, L:/127.0.0.1:64390 - R:localhost/127.0.0.1:10889]' for 'POST' to 'http://localhost:10889/session/14f61660-7bcc-4279-b6a3-7163a94e0626/element/2bff02fd-29d1-4125-a2d3-1443f38251a1/element'
15:50:24.518 [Forwarding findChildElement on session 14f61660-7bcc-4279-b6a3-7163a94e0626 to remote] DEBUG o.a.netty.request.NettyRequestSender - Using open Channel [id: 0x7c68b8df, L:/127.0.0.1:64390 - R:localhost/127.0.0.1:10889] for POST '/session/14f61660-7bcc-4279-b6a3-7163a94e0626/element/2bff02fd-29d1-4125-a2d3-1443f38251a1/element'
15:50:24.521 [AsyncHttpClient-3-1] DEBUG o.a.netty.handler.HttpHandler - 

Request DefaultHttpRequest(decodeResult: success, version: HTTP/1.1)
POST /session/14f61660-7bcc-4279-b6a3-7163a94e0626/element/2bff02fd-29d1-4125-a2d3-1443f38251a1/element HTTP/1.1
User-Agent: selenium/4.0.0-alpha-5 (java windows)
Content-Length: 103
Content-Type: application/json; charset=utf-8
host: localhost:10889
accept: */*

Response DefaultHttpResponse(decodeResult: success, version: HTTP/1.1)
HTTP/1.1 200 OK
content-type: application/json; charset=utf-8
cache-control: no-cache
content-length: 88
date: Thu, 25 Jun 2020 12:50:24 GMT

15:50:24.521 [AsyncHttpClient-3-1] DEBUG o.a.netty.channel.ChannelManager - Adding key: http://localhost:10889 for channel [id: 0x7c68b8df, L:/127.0.0.1:64390 - R:localhost/127.0.0.1:10889]
15:50:24.522 [Forwarding getElementText on session 14f61660-7bcc-4279-b6a3-7163a94e0626 to remote] DEBUG o.a.netty.request.NettyRequestSender - Using pooled Channel '[id: 0x7c68b8df, L:/127.0.0.1:64390 - R:localhost/127.0.0.1:10889]' for 'GET' to 'http://localhost:10889/session/14f61660-7bcc-4279-b6a3-7163a94e0626/element/6f67caf5-2f30-484b-be15-ef74953aee6f/text'
15:50:24.522 [Forwarding getElementText on session 14f61660-7bcc-4279-b6a3-7163a94e0626 to remote] DEBUG o.a.netty.request.NettyRequestSender - Using open Channel [id: 0x7c68b8df, L:/127.0.0.1:64390 - R:localhost/127.0.0.1:10889] for GET '/session/14f61660-7bcc-4279-b6a3-7163a94e0626/element/6f67caf5-2f30-484b-be15-ef74953aee6f/text'
15:50:24.527 [AsyncHttpClient-3-1] DEBUG o.a.netty.handler.HttpHandler - 

Request DefaultFullHttpRequest(decodeResult: success, version: HTTP/1.1, content: EmptyByteBufBE)
GET /session/14f61660-7bcc-4279-b6a3-7163a94e0626/element/6f67caf5-2f30-484b-be15-ef74953aee6f/text HTTP/1.1
User-Agent: selenium/4.0.0-alpha-5 (java windows)
Cache-Control: no-cache
host: localhost:10889
accept: */*

Response DefaultHttpResponse(decodeResult: success, version: HTTP/1.1)
HTTP/1.1 200 OK
content-type: application/json; charset=utf-8
cache-control: no-cache
content-length: 21
date: Thu, 25 Jun 2020 12:50:24 GMT

15:50:24.527 [AsyncHttpClient-3-1] DEBUG o.a.netty.channel.ChannelManager - Adding key: http://localhost:10889 for channel [id: 0x7c68b8df, L:/127.0.0.1:64390 - R:localhost/127.0.0.1:10889]
15:50:24.528 [Forwarding findChildElement on session 14f61660-7bcc-4279-b6a3-7163a94e0626 to remote] DEBUG o.a.netty.request.NettyRequestSender - Using pooled Channel '[id: 0x7c68b8df, L:/127.0.0.1:64390 - R:localhost/127.0.0.1:10889]' for 'POST' to 'http://localhost:10889/session/14f61660-7bcc-4279-b6a3-7163a94e0626/element/2bff02fd-29d1-4125-a2d3-1443f38251a1/element'
15:50:24.528 [Forwarding findChildElement on session 14f61660-7bcc-4279-b6a3-7163a94e0626 to remote] DEBUG o.a.netty.request.NettyRequestSender - Using open Channel [id: 0x7c68b8df, L:/127.0.0.1:64390 - R:localhost/127.0.0.1:10889] for POST '/session/14f61660-7bcc-4279-b6a3-7163a94e0626/element/2bff02fd-29d1-4125-a2d3-1443f38251a1/element'
15:50:24.531 [AsyncHttpClient-3-1] DEBUG o.a.netty.handler.HttpHandler - 

Request DefaultHttpRequest(decodeResult: success, version: HTTP/1.1)
POST /session/14f61660-7bcc-4279-b6a3-7163a94e0626/element/2bff02fd-29d1-4125-a2d3-1443f38251a1/element HTTP/1.1
User-Agent: selenium/4.0.0-alpha-5 (java windows)
Content-Length: 103
Content-Type: application/json; charset=utf-8
host: localhost:10889
accept: */*

Response DefaultHttpResponse(decodeResult: success, version: HTTP/1.1)
HTTP/1.1 200 OK
content-type: application/json; charset=utf-8
cache-control: no-cache
content-length: 88
date: Thu, 25 Jun 2020 12:50:24 GMT

15:50:24.531 [AsyncHttpClient-3-1] DEBUG o.a.netty.channel.ChannelManager - Adding key: http://localhost:10889 for channel [id: 0x7c68b8df, L:/127.0.0.1:64390 - R:localhost/127.0.0.1:10889]
15:50:24.531 [Forwarding getElementText on session 14f61660-7bcc-4279-b6a3-7163a94e0626 to remote] DEBUG o.a.netty.request.NettyRequestSender - Using pooled Channel '[id: 0x7c68b8df, L:/127.0.0.1:64390 - R:localhost/127.0.0.1:10889]' for 'GET' to 'http://localhost:10889/session/14f61660-7bcc-4279-b6a3-7163a94e0626/element/580edcbe-35cb-4eeb-aec8-95e1a8ac4e55/text'
15:50:24.531 [Forwarding getElementText on session 14f61660-7bcc-4279-b6a3-7163a94e0626 to remote] DEBUG o.a.netty.request.NettyRequestSender - Using open Channel [id: 0x7c68b8df, L:/127.0.0.1:64390 - R:localhost/127.0.0.1:10889] for GET '/session/14f61660-7bcc-4279-b6a3-7163a94e0626/element/580edcbe-35cb-4eeb-aec8-95e1a8ac4e55/text'
15:50:24.536 [AsyncHttpClient-3-1] DEBUG o.a.netty.handler.HttpHandler - 

Request DefaultFullHttpRequest(decodeResult: success, version: HTTP/1.1, content: EmptyByteBufBE)
GET /session/14f61660-7bcc-4279-b6a3-7163a94e0626/element/580edcbe-35cb-4eeb-aec8-95e1a8ac4e55/text HTTP/1.1
User-Agent: selenium/4.0.0-alpha-5 (java windows)
Cache-Control: no-cache
host: localhost:10889
accept: */*

Response DefaultHttpResponse(decodeResult: success, version: HTTP/1.1)
HTTP/1.1 200 OK
content-type: application/json; charset=utf-8
cache-control: no-cache
content-length: 45
date: Thu, 25 Jun 2020 12:50:24 GMT

15:50:24.536 [AsyncHttpClient-3-1] DEBUG o.a.netty.channel.ChannelManager - Adding key: http://localhost:10889 for channel [id: 0x7c68b8df, L:/127.0.0.1:64390 - R:localhost/127.0.0.1:10889]
15:50:24.536 [Forwarding findChildElement on session 14f61660-7bcc-4279-b6a3-7163a94e0626 to remote] DEBUG o.a.netty.request.NettyRequestSender - Using pooled Channel '[id: 0x7c68b8df, L:/127.0.0.1:64390 - R:localhost/127.0.0.1:10889]' for 'POST' to 'http://localhost:10889/session/14f61660-7bcc-4279-b6a3-7163a94e0626/element/2bff02fd-29d1-4125-a2d3-1443f38251a1/element'
15:50:24.537 [Forwarding findChildElement on session 14f61660-7bcc-4279-b6a3-7163a94e0626 to remote] DEBUG o.a.netty.request.NettyRequestSender - Using open Channel [id: 0x7c68b8df, L:/127.0.0.1:64390 - R:localhost/127.0.0.1:10889] for POST '/session/14f61660-7bcc-4279-b6a3-7163a94e0626/element/2bff02fd-29d1-4125-a2d3-1443f38251a1/element'
15:50:24.540 [AsyncHttpClient-3-1] DEBUG o.a.netty.handler.HttpHandler - 

Request DefaultHttpRequest(decodeResult: success, version: HTTP/1.1)
POST /session/14f61660-7bcc-4279-b6a3-7163a94e0626/element/2bff02fd-29d1-4125-a2d3-1443f38251a1/element HTTP/1.1
User-Agent: selenium/4.0.0-alpha-5 (java windows)
Content-Length: 103
Content-Type: application/json; charset=utf-8
host: localhost:10889
accept: */*

Response DefaultHttpResponse(decodeResult: success, version: HTTP/1.1)
HTTP/1.1 200 OK
content-type: application/json; charset=utf-8
cache-control: no-cache
content-length: 88
date: Thu, 25 Jun 2020 12:50:24 GMT

15:50:24.540 [AsyncHttpClient-3-1] DEBUG o.a.netty.channel.ChannelManager - Adding key: http://localhost:10889 for channel [id: 0x7c68b8df, L:/127.0.0.1:64390 - R:localhost/127.0.0.1:10889]
15:50:24.541 [Forwarding getElementText on session 14f61660-7bcc-4279-b6a3-7163a94e0626 to remote] DEBUG o.a.netty.request.NettyRequestSender - Using pooled Channel '[id: 0x7c68b8df, L:/127.0.0.1:64390 - R:localhost/127.0.0.1:10889]' for 'GET' to 'http://localhost:10889/session/14f61660-7bcc-4279-b6a3-7163a94e0626/element/98e7738b-24e5-4754-866f-3c3bbf28cdec/text'
15:50:24.541 [Forwarding getElementText on session 14f61660-7bcc-4279-b6a3-7163a94e0626 to remote] DEBUG o.a.netty.request.NettyRequestSender - Using open Channel [id: 0x7c68b8df, L:/127.0.0.1:64390 - R:localhost/127.0.0.1:10889] for GET '/session/14f61660-7bcc-4279-b6a3-7163a94e0626/element/98e7738b-24e5-4754-866f-3c3bbf28cdec/text'
15:50:24.547 [AsyncHttpClient-3-1] DEBUG o.a.netty.handler.HttpHandler - 

Request DefaultFullHttpRequest(decodeResult: success, version: HTTP/1.1, content: EmptyByteBufBE)
GET /session/14f61660-7bcc-4279-b6a3-7163a94e0626/element/98e7738b-24e5-4754-866f-3c3bbf28cdec/text HTTP/1.1
User-Agent: selenium/4.0.0-alpha-5 (java windows)
Cache-Control: no-cache
host: localhost:10889
accept: */*

Response DefaultHttpResponse(decodeResult: success, version: HTTP/1.1)
HTTP/1.1 200 OK
content-type: application/json; charset=utf-8
cache-control: no-cache
content-length: 57
date: Thu, 25 Jun 2020 12:50:24 GMT

15:50:24.547 [AsyncHttpClient-3-1] DEBUG o.a.netty.channel.ChannelManager - Adding key: http://localhost:10889 for channel [id: 0x7c68b8df, L:/127.0.0.1:64390 - R:localhost/127.0.0.1:10889]
15:50:24.548 [Forwarding findChildElement on session 14f61660-7bcc-4279-b6a3-7163a94e0626 to remote] DEBUG o.a.netty.request.NettyRequestSender - Using pooled Channel '[id: 0x7c68b8df, L:/127.0.0.1:64390 - R:localhost/127.0.0.1:10889]' for 'POST' to 'http://localhost:10889/session/14f61660-7bcc-4279-b6a3-7163a94e0626/element/2bff02fd-29d1-4125-a2d3-1443f38251a1/element'
15:50:24.548 [Forwarding findChildElement on session 14f61660-7bcc-4279-b6a3-7163a94e0626 to remote] DEBUG o.a.netty.request.NettyRequestSender - Using open Channel [id: 0x7c68b8df, L:/127.0.0.1:64390 - R:localhost/127.0.0.1:10889] for POST '/session/14f61660-7bcc-4279-b6a3-7163a94e0626/element/2bff02fd-29d1-4125-a2d3-1443f38251a1/element'
15:50:24.551 [AsyncHttpClient-3-1] DEBUG o.a.netty.handler.HttpHandler - 

Request DefaultHttpRequest(decodeResult: success, version: HTTP/1.1)
POST /session/14f61660-7bcc-4279-b6a3-7163a94e0626/element/2bff02fd-29d1-4125-a2d3-1443f38251a1/element HTTP/1.1
User-Agent: selenium/4.0.0-alpha-5 (java windows)
Content-Length: 97
Content-Type: application/json; charset=utf-8
host: localhost:10889
accept: */*

Response DefaultHttpResponse(decodeResult: success, version: HTTP/1.1)
HTTP/1.1 200 OK
content-type: application/json; charset=utf-8
cache-control: no-cache
content-length: 88
date: Thu, 25 Jun 2020 12:50:24 GMT

15:50:24.551 [AsyncHttpClient-3-1] DEBUG o.a.netty.channel.ChannelManager - Adding key: http://localhost:10889 for channel [id: 0x7c68b8df, L:/127.0.0.1:64390 - R:localhost/127.0.0.1:10889]
15:50:24.554 [Forwarding getElementAttribute on session 14f61660-7bcc-4279-b6a3-7163a94e0626 to remote] DEBUG o.a.netty.request.NettyRequestSender - Using pooled Channel '[id: 0x7c68b8df, L:/127.0.0.1:64390 - R:localhost/127.0.0.1:10889]' for 'POST' to 'http://localhost:10889/session/14f61660-7bcc-4279-b6a3-7163a94e0626/execute/sync'
15:50:24.554 [Forwarding getElementAttribute on session 14f61660-7bcc-4279-b6a3-7163a94e0626 to remote] DEBUG o.a.netty.request.NettyRequestSender - Using open Channel [id: 0x7c68b8df, L:/127.0.0.1:64390 - R:localhost/127.0.0.1:10889] for POST '/session/14f61660-7bcc-4279-b6a3-7163a94e0626/execute/sync'
15:50:24.567 [AsyncHttpClient-3-1] DEBUG o.a.netty.handler.HttpHandler - 

Request DefaultHttpRequest(decodeResult: success, version: HTTP/1.1)
POST /session/14f61660-7bcc-4279-b6a3-7163a94e0626/execute/sync HTTP/1.1
User-Agent: selenium/4.0.0-alpha-5 (java windows)
Content-Length: 39635
Content-Type: application/json; charset=utf-8
host: localhost:10889
accept: */*

Response DefaultHttpResponse(decodeResult: success, version: HTTP/1.1)
HTTP/1.1 200 OK
content-type: application/json; charset=utf-8
cache-control: no-cache
content-length: 15
date: Thu, 25 Jun 2020 12:50:24 GMT

15:50:24.567 [AsyncHttpClient-3-1] DEBUG o.a.netty.channel.ChannelManager - Adding key: http://localhost:10889 for channel [id: 0x7c68b8df, L:/127.0.0.1:64390 - R:localhost/127.0.0.1:10889]
15:50:24.567 [Forwarding findChildElement on session 14f61660-7bcc-4279-b6a3-7163a94e0626 to remote] DEBUG o.a.netty.request.NettyRequestSender - Using pooled Channel '[id: 0x7c68b8df, L:/127.0.0.1:64390 - R:localhost/127.0.0.1:10889]' for 'POST' to 'http://localhost:10889/session/14f61660-7bcc-4279-b6a3-7163a94e0626/element/be6539b6-29be-42e2-b5be-9cec749119ab/element'
15:50:24.567 [Forwarding findChildElement on session 14f61660-7bcc-4279-b6a3-7163a94e0626 to remote] DEBUG o.a.netty.request.NettyRequestSender - Using open Channel [id: 0x7c68b8df, L:/127.0.0.1:64390 - R:localhost/127.0.0.1:10889] for POST '/session/14f61660-7bcc-4279-b6a3-7163a94e0626/element/be6539b6-29be-42e2-b5be-9cec749119ab/element'
15:50:24.571 [AsyncHttpClient-3-1] DEBUG o.a.netty.handler.HttpHandler - 

Request DefaultHttpRequest(decodeResult: success, version: HTTP/1.1)
POST /session/14f61660-7bcc-4279-b6a3-7163a94e0626/element/be6539b6-29be-42e2-b5be-9cec749119ab/element HTTP/1.1
User-Agent: selenium/4.0.0-alpha-5 (java windows)
Content-Length: 103
Content-Type: application/json; charset=utf-8
host: localhost:10889
accept: */*

Response DefaultHttpResponse(decodeResult: success, version: HTTP/1.1)
HTTP/1.1 200 OK
content-type: application/json; charset=utf-8
cache-control: no-cache
content-length: 88
date: Thu, 25 Jun 2020 12:50:24 GMT

15:50:24.571 [AsyncHttpClient-3-1] DEBUG o.a.netty.channel.ChannelManager - Adding key: http://localhost:10889 for channel [id: 0x7c68b8df, L:/127.0.0.1:64390 - R:localhost/127.0.0.1:10889]
15:50:24.571 [Forwarding getElementText on session 14f61660-7bcc-4279-b6a3-7163a94e0626 to remote] DEBUG o.a.netty.request.NettyRequestSender - Using pooled Channel '[id: 0x7c68b8df, L:/127.0.0.1:64390 - R:localhost/127.0.0.1:10889]' for 'GET' to 'http://localhost:10889/session/14f61660-7bcc-4279-b6a3-7163a94e0626/element/5c08d1cc-6c5b-4d78-a188-a542b337eb5d/text'
15:50:24.571 [Forwarding getElementText on session 14f61660-7bcc-4279-b6a3-7163a94e0626 to remote] DEBUG o.a.netty.request.NettyRequestSender - Using open Channel [id: 0x7c68b8df, L:/127.0.0.1:64390 - R:localhost/127.0.0.1:10889] for GET '/session/14f61660-7bcc-4279-b6a3-7163a94e0626/element/5c08d1cc-6c5b-4d78-a188-a542b337eb5d/text'
15:50:24.575 [AsyncHttpClient-3-1] DEBUG o.a.netty.handler.HttpHandler - 

Request DefaultFullHttpRequest(decodeResult: success, version: HTTP/1.1, content: EmptyByteBufBE)
GET /session/14f61660-7bcc-4279-b6a3-7163a94e0626/element/5c08d1cc-6c5b-4d78-a188-a542b337eb5d/text HTTP/1.1
User-Agent: selenium/4.0.0-alpha-5 (java windows)
Cache-Control: no-cache
host: localhost:10889
accept: */*

Response DefaultHttpResponse(decodeResult: success, version: HTTP/1.1)
HTTP/1.1 200 OK
content-type: application/json; charset=utf-8
cache-control: no-cache
content-length: 18
date: Thu, 25 Jun 2020 12:50:24 GMT

15:50:24.575 [AsyncHttpClient-3-1] DEBUG o.a.netty.channel.ChannelManager - Adding key: http://localhost:10889 for channel [id: 0x7c68b8df, L:/127.0.0.1:64390 - R:localhost/127.0.0.1:10889]
15:50:24.576 [Forwarding findChildElement on session 14f61660-7bcc-4279-b6a3-7163a94e0626 to remote] DEBUG o.a.netty.request.NettyRequestSender - Using pooled Channel '[id: 0x7c68b8df, L:/127.0.0.1:64390 - R:localhost/127.0.0.1:10889]' for 'POST' to 'http://localhost:10889/session/14f61660-7bcc-4279-b6a3-7163a94e0626/element/be6539b6-29be-42e2-b5be-9cec749119ab/element'
15:50:24.576 [Forwarding findChildElement on session 14f61660-7bcc-4279-b6a3-7163a94e0626 to remote] DEBUG o.a.netty.request.NettyRequestSender - Using open Channel [id: 0x7c68b8df, L:/127.0.0.1:64390 - R:localhost/127.0.0.1:10889] for POST '/session/14f61660-7bcc-4279-b6a3-7163a94e0626/element/be6539b6-29be-42e2-b5be-9cec749119ab/element'
15:50:24.579 [AsyncHttpClient-3-1] DEBUG o.a.netty.handler.HttpHandler - 

Request DefaultHttpRequest(decodeResult: success, version: HTTP/1.1)
POST /session/14f61660-7bcc-4279-b6a3-7163a94e0626/element/be6539b6-29be-42e2-b5be-9cec749119ab/element HTTP/1.1
User-Agent: selenium/4.0.0-alpha-5 (java windows)
Content-Length: 103
Content-Type: application/json; charset=utf-8
host: localhost:10889
accept: */*

Response DefaultHttpResponse(decodeResult: success, version: HTTP/1.1)
HTTP/1.1 200 OK
content-type: application/json; charset=utf-8
cache-control: no-cache
content-length: 88
date: Thu, 25 Jun 2020 12:50:24 GMT

15:50:24.579 [AsyncHttpClient-3-1] DEBUG o.a.netty.channel.ChannelManager - Adding key: http://localhost:10889 for channel [id: 0x7c68b8df, L:/127.0.0.1:64390 - R:localhost/127.0.0.1:10889]
15:50:24.580 [Forwarding getElementText on session 14f61660-7bcc-4279-b6a3-7163a94e0626 to remote] DEBUG o.a.netty.request.NettyRequestSender - Using pooled Channel '[id: 0x7c68b8df, L:/127.0.0.1:64390 - R:localhost/127.0.0.1:10889]' for 'GET' to 'http://localhost:10889/session/14f61660-7bcc-4279-b6a3-7163a94e0626/element/d15e2ef4-83b7-474b-af90-d4bbf91dc190/text'
15:50:24.580 [Forwarding getElementText on session 14f61660-7bcc-4279-b6a3-7163a94e0626 to remote] DEBUG o.a.netty.request.NettyRequestSender - Using open Channel [id: 0x7c68b8df, L:/127.0.0.1:64390 - R:localhost/127.0.0.1:10889] for GET '/session/14f61660-7bcc-4279-b6a3-7163a94e0626/element/d15e2ef4-83b7-474b-af90-d4bbf91dc190/text'
15:50:24.584 [AsyncHttpClient-3-1] DEBUG o.a.netty.handler.HttpHandler - 

Request DefaultFullHttpRequest(decodeResult: success, version: HTTP/1.1, content: EmptyByteBufBE)
GET /session/14f61660-7bcc-4279-b6a3-7163a94e0626/element/d15e2ef4-83b7-474b-af90-d4bbf91dc190/text HTTP/1.1
User-Agent: selenium/4.0.0-alpha-5 (java windows)
Cache-Control: no-cache
host: localhost:10889
accept: */*

Response DefaultHttpResponse(decodeResult: success, version: HTTP/1.1)
HTTP/1.1 200 OK
content-type: application/json; charset=utf-8
cache-control: no-cache
content-length: 22
date: Thu, 25 Jun 2020 12:50:24 GMT

15:50:24.584 [AsyncHttpClient-3-1] DEBUG o.a.netty.channel.ChannelManager - Adding key: http://localhost:10889 for channel [id: 0x7c68b8df, L:/127.0.0.1:64390 - R:localhost/127.0.0.1:10889]
15:50:24.584 [Forwarding findChildElement on session 14f61660-7bcc-4279-b6a3-7163a94e0626 to remote] DEBUG o.a.netty.request.NettyRequestSender - Using pooled Channel '[id: 0x7c68b8df, L:/127.0.0.1:64390 - R:localhost/127.0.0.1:10889]' for 'POST' to 'http://localhost:10889/session/14f61660-7bcc-4279-b6a3-7163a94e0626/element/be6539b6-29be-42e2-b5be-9cec749119ab/element'
15:50:24.584 [Forwarding findChildElement on session 14f61660-7bcc-4279-b6a3-7163a94e0626 to remote] DEBUG o.a.netty.request.NettyRequestSender - Using open Channel [id: 0x7c68b8df, L:/127.0.0.1:64390 - R:localhost/127.0.0.1:10889] for POST '/session/14f61660-7bcc-4279-b6a3-7163a94e0626/element/be6539b6-29be-42e2-b5be-9cec749119ab/element'
15:50:24.590 [AsyncHttpClient-3-1] DEBUG o.a.netty.handler.HttpHandler - 

Request DefaultHttpRequest(decodeResult: success, version: HTTP/1.1)
POST /session/14f61660-7bcc-4279-b6a3-7163a94e0626/element/be6539b6-29be-42e2-b5be-9cec749119ab/element HTTP/1.1
User-Agent: selenium/4.0.0-alpha-5 (java windows)
Content-Length: 103
Content-Type: application/json; charset=utf-8
host: localhost:10889
accept: */*

Response DefaultHttpResponse(decodeResult: success, version: HTTP/1.1)
HTTP/1.1 200 OK
content-type: application/json; charset=utf-8
cache-control: no-cache
content-length: 88
date: Thu, 25 Jun 2020 12:50:24 GMT

15:50:24.590 [AsyncHttpClient-3-1] DEBUG o.a.netty.channel.ChannelManager - Adding key: http://localhost:10889 for channel [id: 0x7c68b8df, L:/127.0.0.1:64390 - R:localhost/127.0.0.1:10889]
15:50:24.590 [Forwarding getElementText on session 14f61660-7bcc-4279-b6a3-7163a94e0626 to remote] DEBUG o.a.netty.request.NettyRequestSender - Using pooled Channel '[id: 0x7c68b8df, L:/127.0.0.1:64390 - R:localhost/127.0.0.1:10889]' for 'GET' to 'http://localhost:10889/session/14f61660-7bcc-4279-b6a3-7163a94e0626/element/71ec1750-a474-46d9-a155-db0a702b845e/text'
15:50:24.590 [Forwarding getElementText on session 14f61660-7bcc-4279-b6a3-7163a94e0626 to remote] DEBUG o.a.netty.request.NettyRequestSender - Using open Channel [id: 0x7c68b8df, L:/127.0.0.1:64390 - R:localhost/127.0.0.1:10889] for GET '/session/14f61660-7bcc-4279-b6a3-7163a94e0626/element/71ec1750-a474-46d9-a155-db0a702b845e/text'
15:50:24.595 [AsyncHttpClient-3-1] DEBUG o.a.netty.handler.HttpHandler - 

Request DefaultFullHttpRequest(decodeResult: success, version: HTTP/1.1, content: EmptyByteBufBE)
GET /session/14f61660-7bcc-4279-b6a3-7163a94e0626/element/71ec1750-a474-46d9-a155-db0a702b845e/text HTTP/1.1
User-Agent: selenium/4.0.0-alpha-5 (java windows)
Cache-Control: no-cache
host: localhost:10889
accept: */*

Response DefaultHttpResponse(decodeResult: success, version: HTTP/1.1)
HTTP/1.1 200 OK
content-type: application/json; charset=utf-8
cache-control: no-cache
content-length: 21
date: Thu, 25 Jun 2020 12:50:24 GMT

15:50:24.595 [AsyncHttpClient-3-1] DEBUG o.a.netty.channel.ChannelManager - Adding key: http://localhost:10889 for channel [id: 0x7c68b8df, L:/127.0.0.1:64390 - R:localhost/127.0.0.1:10889]
15:50:24.595 [Forwarding findChildElement on session 14f61660-7bcc-4279-b6a3-7163a94e0626 to remote] DEBUG o.a.netty.request.NettyRequestSender - Using pooled Channel '[id: 0x7c68b8df, L:/127.0.0.1:64390 - R:localhost/127.0.0.1:10889]' for 'POST' to 'http://localhost:10889/session/14f61660-7bcc-4279-b6a3-7163a94e0626/element/be6539b6-29be-42e2-b5be-9cec749119ab/element'
15:50:24.595 [Forwarding findChildElement on session 14f61660-7bcc-4279-b6a3-7163a94e0626 to remote] DEBUG o.a.netty.request.NettyRequestSender - Using open Channel [id: 0x7c68b8df, L:/127.0.0.1:64390 - R:localhost/127.0.0.1:10889] for POST '/session/14f61660-7bcc-4279-b6a3-7163a94e0626/element/be6539b6-29be-42e2-b5be-9cec749119ab/element'
15:50:24.599 [AsyncHttpClient-3-1] DEBUG o.a.netty.handler.HttpHandler - 

Request DefaultHttpRequest(decodeResult: success, version: HTTP/1.1)
POST /session/14f61660-7bcc-4279-b6a3-7163a94e0626/element/be6539b6-29be-42e2-b5be-9cec749119ab/element HTTP/1.1
User-Agent: selenium/4.0.0-alpha-5 (java windows)
Content-Length: 103
Content-Type: application/json; charset=utf-8
host: localhost:10889
accept: */*

Response DefaultHttpResponse(decodeResult: success, version: HTTP/1.1)
HTTP/1.1 200 OK
content-type: application/json; charset=utf-8
cache-control: no-cache
content-length: 88
date: Thu, 25 Jun 2020 12:50:24 GMT

15:50:24.600 [AsyncHttpClient-3-1] DEBUG o.a.netty.channel.ChannelManager - Adding key: http://localhost:10889 for channel [id: 0x7c68b8df, L:/127.0.0.1:64390 - R:localhost/127.0.0.1:10889]
15:50:24.600 [Forwarding getElementText on session 14f61660-7bcc-4279-b6a3-7163a94e0626 to remote] DEBUG o.a.netty.request.NettyRequestSender - Using pooled Channel '[id: 0x7c68b8df, L:/127.0.0.1:64390 - R:localhost/127.0.0.1:10889]' for 'GET' to 'http://localhost:10889/session/14f61660-7bcc-4279-b6a3-7163a94e0626/element/14963303-8d57-4fa7-afe5-e0810c6155d9/text'
15:50:24.600 [Forwarding getElementText on session 14f61660-7bcc-4279-b6a3-7163a94e0626 to remote] DEBUG o.a.netty.request.NettyRequestSender - Using open Channel [id: 0x7c68b8df, L:/127.0.0.1:64390 - R:localhost/127.0.0.1:10889] for GET '/session/14f61660-7bcc-4279-b6a3-7163a94e0626/element/14963303-8d57-4fa7-afe5-e0810c6155d9/text'
15:50:24.604 [AsyncHttpClient-3-1] DEBUG o.a.netty.handler.HttpHandler - 

Request DefaultFullHttpRequest(decodeResult: success, version: HTTP/1.1, content: EmptyByteBufBE)
GET /session/14f61660-7bcc-4279-b6a3-7163a94e0626/element/14963303-8d57-4fa7-afe5-e0810c6155d9/text HTTP/1.1
User-Agent: selenium/4.0.0-alpha-5 (java windows)
Cache-Control: no-cache
host: localhost:10889
accept: */*

Response DefaultHttpResponse(decodeResult: success, version: HTTP/1.1)
HTTP/1.1 200 OK
content-type: application/json; charset=utf-8
cache-control: no-cache
content-length: 45
date: Thu, 25 Jun 2020 12:50:24 GMT

15:50:24.605 [AsyncHttpClient-3-1] DEBUG o.a.netty.channel.ChannelManager - Adding key: http://localhost:10889 for channel [id: 0x7c68b8df, L:/127.0.0.1:64390 - R:localhost/127.0.0.1:10889]
15:50:24.605 [Forwarding findChildElement on session 14f61660-7bcc-4279-b6a3-7163a94e0626 to remote] DEBUG o.a.netty.request.NettyRequestSender - Using pooled Channel '[id: 0x7c68b8df, L:/127.0.0.1:64390 - R:localhost/127.0.0.1:10889]' for 'POST' to 'http://localhost:10889/session/14f61660-7bcc-4279-b6a3-7163a94e0626/element/be6539b6-29be-42e2-b5be-9cec749119ab/element'
15:50:24.605 [Forwarding findChildElement on session 14f61660-7bcc-4279-b6a3-7163a94e0626 to remote] DEBUG o.a.netty.request.NettyRequestSender - Using open Channel [id: 0x7c68b8df, L:/127.0.0.1:64390 - R:localhost/127.0.0.1:10889] for POST '/session/14f61660-7bcc-4279-b6a3-7163a94e0626/element/be6539b6-29be-42e2-b5be-9cec749119ab/element'
15:50:24.608 [AsyncHttpClient-3-1] DEBUG o.a.netty.handler.HttpHandler - 

Request DefaultHttpRequest(decodeResult: success, version: HTTP/1.1)
POST /session/14f61660-7bcc-4279-b6a3-7163a94e0626/element/be6539b6-29be-42e2-b5be-9cec749119ab/element HTTP/1.1
User-Agent: selenium/4.0.0-alpha-5 (java windows)
Content-Length: 103
Content-Type: application/json; charset=utf-8
host: localhost:10889
accept: */*

Response DefaultHttpResponse(decodeResult: success, version: HTTP/1.1)
HTTP/1.1 200 OK
content-type: application/json; charset=utf-8
cache-control: no-cache
content-length: 88
date: Thu, 25 Jun 2020 12:50:24 GMT

15:50:24.608 [AsyncHttpClient-3-1] DEBUG o.a.netty.channel.ChannelManager - Adding key: http://localhost:10889 for channel [id: 0x7c68b8df, L:/127.0.0.1:64390 - R:localhost/127.0.0.1:10889]
15:50:24.609 [Forwarding getElementText on session 14f61660-7bcc-4279-b6a3-7163a94e0626 to remote] DEBUG o.a.netty.request.NettyRequestSender - Using pooled Channel '[id: 0x7c68b8df, L:/127.0.0.1:64390 - R:localhost/127.0.0.1:10889]' for 'GET' to 'http://localhost:10889/session/14f61660-7bcc-4279-b6a3-7163a94e0626/element/a7db84ad-5cdf-4d7f-8618-d4ce24a83a08/text'
15:50:24.609 [Forwarding getElementText on session 14f61660-7bcc-4279-b6a3-7163a94e0626 to remote] DEBUG o.a.netty.request.NettyRequestSender - Using open Channel [id: 0x7c68b8df, L:/127.0.0.1:64390 - R:localhost/127.0.0.1:10889] for GET '/session/14f61660-7bcc-4279-b6a3-7163a94e0626/element/a7db84ad-5cdf-4d7f-8618-d4ce24a83a08/text'
15:50:24.615 [AsyncHttpClient-3-1] DEBUG o.a.netty.handler.HttpHandler - 

Request DefaultFullHttpRequest(decodeResult: success, version: HTTP/1.1, content: EmptyByteBufBE)
GET /session/14f61660-7bcc-4279-b6a3-7163a94e0626/element/a7db84ad-5cdf-4d7f-8618-d4ce24a83a08/text HTTP/1.1
User-Agent: selenium/4.0.0-alpha-5 (java windows)
Cache-Control: no-cache
host: localhost:10889
accept: */*

Response DefaultHttpResponse(decodeResult: success, version: HTTP/1.1)
HTTP/1.1 200 OK
content-type: application/json; charset=utf-8
cache-control: no-cache
content-length: 57
date: Thu, 25 Jun 2020 12:50:24 GMT

15:50:24.616 [AsyncHttpClient-3-1] DEBUG o.a.netty.channel.ChannelManager - Adding key: http://localhost:10889 for channel [id: 0x7c68b8df, L:/127.0.0.1:64390 - R:localhost/127.0.0.1:10889]
15:50:24.616 [Forwarding findChildElement on session 14f61660-7bcc-4279-b6a3-7163a94e0626 to remote] DEBUG o.a.netty.request.NettyRequestSender - Using pooled Channel '[id: 0x7c68b8df, L:/127.0.0.1:64390 - R:localhost/127.0.0.1:10889]' for 'POST' to 'http://localhost:10889/session/14f61660-7bcc-4279-b6a3-7163a94e0626/element/be6539b6-29be-42e2-b5be-9cec749119ab/element'
15:50:24.616 [Forwarding findChildElement on session 14f61660-7bcc-4279-b6a3-7163a94e0626 to remote] DEBUG o.a.netty.request.NettyRequestSender - Using open Channel [id: 0x7c68b8df, L:/127.0.0.1:64390 - R:localhost/127.0.0.1:10889] for POST '/session/14f61660-7bcc-4279-b6a3-7163a94e0626/element/be6539b6-29be-42e2-b5be-9cec749119ab/element'
15:50:24.620 [AsyncHttpClient-3-1] DEBUG o.a.netty.handler.HttpHandler - 

Request DefaultHttpRequest(decodeResult: success, version: HTTP/1.1)
POST /session/14f61660-7bcc-4279-b6a3-7163a94e0626/element/be6539b6-29be-42e2-b5be-9cec749119ab/element HTTP/1.1
User-Agent: selenium/4.0.0-alpha-5 (java windows)
Content-Length: 97
Content-Type: application/json; charset=utf-8
host: localhost:10889
accept: */*

Response DefaultHttpResponse(decodeResult: success, version: HTTP/1.1)
HTTP/1.1 200 OK
content-type: application/json; charset=utf-8
cache-control: no-cache
content-length: 88
date: Thu, 25 Jun 2020 12:50:24 GMT

15:50:24.620 [AsyncHttpClient-3-1] DEBUG o.a.netty.channel.ChannelManager - Adding key: http://localhost:10889 for channel [id: 0x7c68b8df, L:/127.0.0.1:64390 - R:localhost/127.0.0.1:10889]
15:50:24.622 [Forwarding getElementAttribute on session 14f61660-7bcc-4279-b6a3-7163a94e0626 to remote] DEBUG o.a.netty.request.NettyRequestSender - Using pooled Channel '[id: 0x7c68b8df, L:/127.0.0.1:64390 - R:localhost/127.0.0.1:10889]' for 'POST' to 'http://localhost:10889/session/14f61660-7bcc-4279-b6a3-7163a94e0626/execute/sync'
15:50:24.622 [Forwarding getElementAttribute on session 14f61660-7bcc-4279-b6a3-7163a94e0626 to remote] DEBUG o.a.netty.request.NettyRequestSender - Using open Channel [id: 0x7c68b8df, L:/127.0.0.1:64390 - R:localhost/127.0.0.1:10889] for POST '/session/14f61660-7bcc-4279-b6a3-7163a94e0626/execute/sync'
15:50:24.634 [AsyncHttpClient-3-1] DEBUG o.a.netty.handler.HttpHandler - 

Request DefaultHttpRequest(decodeResult: success, version: HTTP/1.1)
POST /session/14f61660-7bcc-4279-b6a3-7163a94e0626/execute/sync HTTP/1.1
User-Agent: selenium/4.0.0-alpha-5 (java windows)
Content-Length: 39635
Content-Type: application/json; charset=utf-8
host: localhost:10889
accept: */*

Response DefaultHttpResponse(decodeResult: success, version: HTTP/1.1)
HTTP/1.1 200 OK
content-type: application/json; charset=utf-8
cache-control: no-cache
content-length: 15
date: Thu, 25 Jun 2020 12:50:24 GMT

15:50:24.634 [AsyncHttpClient-3-1] DEBUG o.a.netty.channel.ChannelManager - Adding key: http://localhost:10889 for channel [id: 0x7c68b8df, L:/127.0.0.1:64390 - R:localhost/127.0.0.1:10889]
15:50:24.634 [Forwarding findChildElement on session 14f61660-7bcc-4279-b6a3-7163a94e0626 to remote] DEBUG o.a.netty.request.NettyRequestSender - Using pooled Channel '[id: 0x7c68b8df, L:/127.0.0.1:64390 - R:localhost/127.0.0.1:10889]' for 'POST' to 'http://localhost:10889/session/14f61660-7bcc-4279-b6a3-7163a94e0626/element/dafcdada-6b77-43d9-a7b7-b827473b0a98/element'
15:50:24.634 [Forwarding findChildElement on session 14f61660-7bcc-4279-b6a3-7163a94e0626 to remote] DEBUG o.a.netty.request.NettyRequestSender - Using open Channel [id: 0x7c68b8df, L:/127.0.0.1:64390 - R:localhost/127.0.0.1:10889] for POST '/session/14f61660-7bcc-4279-b6a3-7163a94e0626/element/dafcdada-6b77-43d9-a7b7-b827473b0a98/element'
15:50:24.638 [AsyncHttpClient-3-1] DEBUG o.a.netty.handler.HttpHandler - 

Request DefaultHttpRequest(decodeResult: success, version: HTTP/1.1)
POST /session/14f61660-7bcc-4279-b6a3-7163a94e0626/element/dafcdada-6b77-43d9-a7b7-b827473b0a98/element HTTP/1.1
User-Agent: selenium/4.0.0-alpha-5 (java windows)
Content-Length: 103
Content-Type: application/json; charset=utf-8
host: localhost:10889
accept: */*

Response DefaultHttpResponse(decodeResult: success, version: HTTP/1.1)
HTTP/1.1 200 OK
content-type: application/json; charset=utf-8
cache-control: no-cache
content-length: 88
date: Thu, 25 Jun 2020 12:50:24 GMT

15:50:24.638 [AsyncHttpClient-3-1] DEBUG o.a.netty.channel.ChannelManager - Adding key: http://localhost:10889 for channel [id: 0x7c68b8df, L:/127.0.0.1:64390 - R:localhost/127.0.0.1:10889]
15:50:24.638 [Forwarding getElementText on session 14f61660-7bcc-4279-b6a3-7163a94e0626 to remote] DEBUG o.a.netty.request.NettyRequestSender - Using pooled Channel '[id: 0x7c68b8df, L:/127.0.0.1:64390 - R:localhost/127.0.0.1:10889]' for 'GET' to 'http://localhost:10889/session/14f61660-7bcc-4279-b6a3-7163a94e0626/element/1c8df0a0-9195-4c55-ada2-2e5dafc5dacf/text'
15:50:24.638 [Forwarding getElementText on session 14f61660-7bcc-4279-b6a3-7163a94e0626 to remote] DEBUG o.a.netty.request.NettyRequestSender - Using open Channel [id: 0x7c68b8df, L:/127.0.0.1:64390 - R:localhost/127.0.0.1:10889] for GET '/session/14f61660-7bcc-4279-b6a3-7163a94e0626/element/1c8df0a0-9195-4c55-ada2-2e5dafc5dacf/text'
15:50:24.643 [AsyncHttpClient-3-1] DEBUG o.a.netty.handler.HttpHandler - 

Request DefaultFullHttpRequest(decodeResult: success, version: HTTP/1.1, content: EmptyByteBufBE)
GET /session/14f61660-7bcc-4279-b6a3-7163a94e0626/element/1c8df0a0-9195-4c55-ada2-2e5dafc5dacf/text HTTP/1.1
User-Agent: selenium/4.0.0-alpha-5 (java windows)
Cache-Control: no-cache
host: localhost:10889
accept: */*

Response DefaultHttpResponse(decodeResult: success, version: HTTP/1.1)
HTTP/1.1 200 OK
content-type: application/json; charset=utf-8
cache-control: no-cache
content-length: 18
date: Thu, 25 Jun 2020 12:50:24 GMT

15:50:24.643 [AsyncHttpClient-3-1] DEBUG o.a.netty.channel.ChannelManager - Adding key: http://localhost:10889 for channel [id: 0x7c68b8df, L:/127.0.0.1:64390 - R:localhost/127.0.0.1:10889]
15:50:24.643 [Forwarding findChildElement on session 14f61660-7bcc-4279-b6a3-7163a94e0626 to remote] DEBUG o.a.netty.request.NettyRequestSender - Using pooled Channel '[id: 0x7c68b8df, L:/127.0.0.1:64390 - R:localhost/127.0.0.1:10889]' for 'POST' to 'http://localhost:10889/session/14f61660-7bcc-4279-b6a3-7163a94e0626/element/dafcdada-6b77-43d9-a7b7-b827473b0a98/element'
15:50:24.643 [Forwarding findChildElement on session 14f61660-7bcc-4279-b6a3-7163a94e0626 to remote] DEBUG o.a.netty.request.NettyRequestSender - Using open Channel [id: 0x7c68b8df, L:/127.0.0.1:64390 - R:localhost/127.0.0.1:10889] for POST '/session/14f61660-7bcc-4279-b6a3-7163a94e0626/element/dafcdada-6b77-43d9-a7b7-b827473b0a98/element'
15:50:24.647 [AsyncHttpClient-3-1] DEBUG o.a.netty.handler.HttpHandler - 

Request DefaultHttpRequest(decodeResult: success, version: HTTP/1.1)
POST /session/14f61660-7bcc-4279-b6a3-7163a94e0626/element/dafcdada-6b77-43d9-a7b7-b827473b0a98/element HTTP/1.1
User-Agent: selenium/4.0.0-alpha-5 (java windows)
Content-Length: 103
Content-Type: application/json; charset=utf-8
host: localhost:10889
accept: */*

Response DefaultHttpResponse(decodeResult: success, version: HTTP/1.1)
HTTP/1.1 200 OK
content-type: application/json; charset=utf-8
cache-control: no-cache
content-length: 88
date: Thu, 25 Jun 2020 12:50:24 GMT

15:50:24.647 [AsyncHttpClient-3-1] DEBUG o.a.netty.channel.ChannelManager - Adding key: http://localhost:10889 for channel [id: 0x7c68b8df, L:/127.0.0.1:64390 - R:localhost/127.0.0.1:10889]
15:50:24.647 [Forwarding getElementText on session 14f61660-7bcc-4279-b6a3-7163a94e0626 to remote] DEBUG o.a.netty.request.NettyRequestSender - Using pooled Channel '[id: 0x7c68b8df, L:/127.0.0.1:64390 - R:localhost/127.0.0.1:10889]' for 'GET' to 'http://localhost:10889/session/14f61660-7bcc-4279-b6a3-7163a94e0626/element/f5f9c5ab-da46-48c3-ab2b-a07d2b8e5831/text'
15:50:24.647 [Forwarding getElementText on session 14f61660-7bcc-4279-b6a3-7163a94e0626 to remote] DEBUG o.a.netty.request.NettyRequestSender - Using open Channel [id: 0x7c68b8df, L:/127.0.0.1:64390 - R:localhost/127.0.0.1:10889] for GET '/session/14f61660-7bcc-4279-b6a3-7163a94e0626/element/f5f9c5ab-da46-48c3-ab2b-a07d2b8e5831/text'
15:50:24.652 [AsyncHttpClient-3-1] DEBUG o.a.netty.handler.HttpHandler - 

Request DefaultFullHttpRequest(decodeResult: success, version: HTTP/1.1, content: EmptyByteBufBE)
GET /session/14f61660-7bcc-4279-b6a3-7163a94e0626/element/f5f9c5ab-da46-48c3-ab2b-a07d2b8e5831/text HTTP/1.1
User-Agent: selenium/4.0.0-alpha-5 (java windows)
Cache-Control: no-cache
host: localhost:10889
accept: */*

Response DefaultHttpResponse(decodeResult: success, version: HTTP/1.1)
HTTP/1.1 200 OK
content-type: application/json; charset=utf-8
cache-control: no-cache
content-length: 22
date: Thu, 25 Jun 2020 12:50:24 GMT

15:50:24.652 [AsyncHttpClient-3-1] DEBUG o.a.netty.channel.ChannelManager - Adding key: http://localhost:10889 for channel [id: 0x7c68b8df, L:/127.0.0.1:64390 - R:localhost/127.0.0.1:10889]
15:50:24.652 [Forwarding findChildElement on session 14f61660-7bcc-4279-b6a3-7163a94e0626 to remote] DEBUG o.a.netty.request.NettyRequestSender - Using pooled Channel '[id: 0x7c68b8df, L:/127.0.0.1:64390 - R:localhost/127.0.0.1:10889]' for 'POST' to 'http://localhost:10889/session/14f61660-7bcc-4279-b6a3-7163a94e0626/element/dafcdada-6b77-43d9-a7b7-b827473b0a98/element'
15:50:24.653 [Forwarding findChildElement on session 14f61660-7bcc-4279-b6a3-7163a94e0626 to remote] DEBUG o.a.netty.request.NettyRequestSender - Using open Channel [id: 0x7c68b8df, L:/127.0.0.1:64390 - R:localhost/127.0.0.1:10889] for POST '/session/14f61660-7bcc-4279-b6a3-7163a94e0626/element/dafcdada-6b77-43d9-a7b7-b827473b0a98/element'
15:50:24.656 [AsyncHttpClient-3-1] DEBUG o.a.netty.handler.HttpHandler - 

Request DefaultHttpRequest(decodeResult: success, version: HTTP/1.1)
POST /session/14f61660-7bcc-4279-b6a3-7163a94e0626/element/dafcdada-6b77-43d9-a7b7-b827473b0a98/element HTTP/1.1
User-Agent: selenium/4.0.0-alpha-5 (java windows)
Content-Length: 103
Content-Type: application/json; charset=utf-8
host: localhost:10889
accept: */*

Response DefaultHttpResponse(decodeResult: success, version: HTTP/1.1)
HTTP/1.1 200 OK
content-type: application/json; charset=utf-8
cache-control: no-cache
content-length: 88
date: Thu, 25 Jun 2020 12:50:24 GMT

15:50:24.656 [AsyncHttpClient-3-1] DEBUG o.a.netty.channel.ChannelManager - Adding key: http://localhost:10889 for channel [id: 0x7c68b8df, L:/127.0.0.1:64390 - R:localhost/127.0.0.1:10889]
15:50:24.656 [Forwarding getElementText on session 14f61660-7bcc-4279-b6a3-7163a94e0626 to remote] DEBUG o.a.netty.request.NettyRequestSender - Using pooled Channel '[id: 0x7c68b8df, L:/127.0.0.1:64390 - R:localhost/127.0.0.1:10889]' for 'GET' to 'http://localhost:10889/session/14f61660-7bcc-4279-b6a3-7163a94e0626/element/18e5b712-978a-4295-997a-8a6dd724331c/text'
15:50:24.656 [Forwarding getElementText on session 14f61660-7bcc-4279-b6a3-7163a94e0626 to remote] DEBUG o.a.netty.request.NettyRequestSender - Using open Channel [id: 0x7c68b8df, L:/127.0.0.1:64390 - R:localhost/127.0.0.1:10889] for GET '/session/14f61660-7bcc-4279-b6a3-7163a94e0626/element/18e5b712-978a-4295-997a-8a6dd724331c/text'
15:50:24.662 [AsyncHttpClient-3-1] DEBUG o.a.netty.handler.HttpHandler - 

Request DefaultFullHttpRequest(decodeResult: success, version: HTTP/1.1, content: EmptyByteBufBE)
GET /session/14f61660-7bcc-4279-b6a3-7163a94e0626/element/18e5b712-978a-4295-997a-8a6dd724331c/text HTTP/1.1
User-Agent: selenium/4.0.0-alpha-5 (java windows)
Cache-Control: no-cache
host: localhost:10889
accept: */*

Response DefaultHttpResponse(decodeResult: success, version: HTTP/1.1)
HTTP/1.1 200 OK
content-type: application/json; charset=utf-8
cache-control: no-cache
content-length: 21
date: Thu, 25 Jun 2020 12:50:24 GMT

15:50:24.662 [AsyncHttpClient-3-1] DEBUG o.a.netty.channel.ChannelManager - Adding key: http://localhost:10889 for channel [id: 0x7c68b8df, L:/127.0.0.1:64390 - R:localhost/127.0.0.1:10889]
15:50:24.663 [Forwarding findChildElement on session 14f61660-7bcc-4279-b6a3-7163a94e0626 to remote] DEBUG o.a.netty.request.NettyRequestSender - Using pooled Channel '[id: 0x7c68b8df, L:/127.0.0.1:64390 - R:localhost/127.0.0.1:10889]' for 'POST' to 'http://localhost:10889/session/14f61660-7bcc-4279-b6a3-7163a94e0626/element/dafcdada-6b77-43d9-a7b7-b827473b0a98/element'
15:50:24.663 [Forwarding findChildElement on session 14f61660-7bcc-4279-b6a3-7163a94e0626 to remote] DEBUG o.a.netty.request.NettyRequestSender - Using open Channel [id: 0x7c68b8df, L:/127.0.0.1:64390 - R:localhost/127.0.0.1:10889] for POST '/session/14f61660-7bcc-4279-b6a3-7163a94e0626/element/dafcdada-6b77-43d9-a7b7-b827473b0a98/element'
15:50:24.666 [AsyncHttpClient-3-1] DEBUG o.a.netty.handler.HttpHandler - 

Request DefaultHttpRequest(decodeResult: success, version: HTTP/1.1)
POST /session/14f61660-7bcc-4279-b6a3-7163a94e0626/element/dafcdada-6b77-43d9-a7b7-b827473b0a98/element HTTP/1.1
User-Agent: selenium/4.0.0-alpha-5 (java windows)
Content-Length: 103
Content-Type: application/json; charset=utf-8
host: localhost:10889
accept: */*

Response DefaultHttpResponse(decodeResult: success, version: HTTP/1.1)
HTTP/1.1 200 OK
content-type: application/json; charset=utf-8
cache-control: no-cache
content-length: 88
date: Thu, 25 Jun 2020 12:50:24 GMT

15:50:24.666 [AsyncHttpClient-3-1] DEBUG o.a.netty.channel.ChannelManager - Adding key: http://localhost:10889 for channel [id: 0x7c68b8df, L:/127.0.0.1:64390 - R:localhost/127.0.0.1:10889]
15:50:24.666 [Forwarding getElementText on session 14f61660-7bcc-4279-b6a3-7163a94e0626 to remote] DEBUG o.a.netty.request.NettyRequestSender - Using pooled Channel '[id: 0x7c68b8df, L:/127.0.0.1:64390 - R:localhost/127.0.0.1:10889]' for 'GET' to 'http://localhost:10889/session/14f61660-7bcc-4279-b6a3-7163a94e0626/element/726c93a5-2ca0-46a7-a82a-e2bbadef5a85/text'
15:50:24.666 [Forwarding getElementText on session 14f61660-7bcc-4279-b6a3-7163a94e0626 to remote] DEBUG o.a.netty.request.NettyRequestSender - Using open Channel [id: 0x7c68b8df, L:/127.0.0.1:64390 - R:localhost/127.0.0.1:10889] for GET '/session/14f61660-7bcc-4279-b6a3-7163a94e0626/element/726c93a5-2ca0-46a7-a82a-e2bbadef5a85/text'
15:50:24.671 [AsyncHttpClient-3-1] DEBUG o.a.netty.handler.HttpHandler - 

Request DefaultFullHttpRequest(decodeResult: success, version: HTTP/1.1, content: EmptyByteBufBE)
GET /session/14f61660-7bcc-4279-b6a3-7163a94e0626/element/726c93a5-2ca0-46a7-a82a-e2bbadef5a85/text HTTP/1.1
User-Agent: selenium/4.0.0-alpha-5 (java windows)
Cache-Control: no-cache
host: localhost:10889
accept: */*

Response DefaultHttpResponse(decodeResult: success, version: HTTP/1.1)
HTTP/1.1 200 OK
content-type: application/json; charset=utf-8
cache-control: no-cache
content-length: 45
date: Thu, 25 Jun 2020 12:50:24 GMT

15:50:24.671 [AsyncHttpClient-3-1] DEBUG o.a.netty.channel.ChannelManager - Adding key: http://localhost:10889 for channel [id: 0x7c68b8df, L:/127.0.0.1:64390 - R:localhost/127.0.0.1:10889]
15:50:24.671 [Forwarding findChildElement on session 14f61660-7bcc-4279-b6a3-7163a94e0626 to remote] DEBUG o.a.netty.request.NettyRequestSender - Using pooled Channel '[id: 0x7c68b8df, L:/127.0.0.1:64390 - R:localhost/127.0.0.1:10889]' for 'POST' to 'http://localhost:10889/session/14f61660-7bcc-4279-b6a3-7163a94e0626/element/dafcdada-6b77-43d9-a7b7-b827473b0a98/element'
15:50:24.671 [Forwarding findChildElement on session 14f61660-7bcc-4279-b6a3-7163a94e0626 to remote] DEBUG o.a.netty.request.NettyRequestSender - Using open Channel [id: 0x7c68b8df, L:/127.0.0.1:64390 - R:localhost/127.0.0.1:10889] for POST '/session/14f61660-7bcc-4279-b6a3-7163a94e0626/element/dafcdada-6b77-43d9-a7b7-b827473b0a98/element'
15:50:24.674 [AsyncHttpClient-3-1] DEBUG o.a.netty.handler.HttpHandler - 

Request DefaultHttpRequest(decodeResult: success, version: HTTP/1.1)
POST /session/14f61660-7bcc-4279-b6a3-7163a94e0626/element/dafcdada-6b77-43d9-a7b7-b827473b0a98/element HTTP/1.1
User-Agent: selenium/4.0.0-alpha-5 (java windows)
Content-Length: 103
Content-Type: application/json; charset=utf-8
host: localhost:10889
accept: */*

Response DefaultHttpResponse(decodeResult: success, version: HTTP/1.1)
HTTP/1.1 200 OK
content-type: application/json; charset=utf-8
cache-control: no-cache
content-length: 88
date: Thu, 25 Jun 2020 12:50:24 GMT

15:50:24.674 [AsyncHttpClient-3-1] DEBUG o.a.netty.channel.ChannelManager - Adding key: http://localhost:10889 for channel [id: 0x7c68b8df, L:/127.0.0.1:64390 - R:localhost/127.0.0.1:10889]
15:50:24.675 [Forwarding getElementText on session 14f61660-7bcc-4279-b6a3-7163a94e0626 to remote] DEBUG o.a.netty.request.NettyRequestSender - Using pooled Channel '[id: 0x7c68b8df, L:/127.0.0.1:64390 - R:localhost/127.0.0.1:10889]' for 'GET' to 'http://localhost:10889/session/14f61660-7bcc-4279-b6a3-7163a94e0626/element/9ee7dc7b-7213-46dd-b3be-a17a71743409/text'
15:50:24.675 [Forwarding getElementText on session 14f61660-7bcc-4279-b6a3-7163a94e0626 to remote] DEBUG o.a.netty.request.NettyRequestSender - Using open Channel [id: 0x7c68b8df, L:/127.0.0.1:64390 - R:localhost/127.0.0.1:10889] for GET '/session/14f61660-7bcc-4279-b6a3-7163a94e0626/element/9ee7dc7b-7213-46dd-b3be-a17a71743409/text'
15:50:24.681 [AsyncHttpClient-3-1] DEBUG o.a.netty.handler.HttpHandler - 

Request DefaultFullHttpRequest(decodeResult: success, version: HTTP/1.1, content: EmptyByteBufBE)
GET /session/14f61660-7bcc-4279-b6a3-7163a94e0626/element/9ee7dc7b-7213-46dd-b3be-a17a71743409/text HTTP/1.1
User-Agent: selenium/4.0.0-alpha-5 (java windows)
Cache-Control: no-cache
host: localhost:10889
accept: */*

Response DefaultHttpResponse(decodeResult: success, version: HTTP/1.1)
HTTP/1.1 200 OK
content-type: application/json; charset=utf-8
cache-control: no-cache
content-length: 57
date: Thu, 25 Jun 2020 12:50:24 GMT

15:50:24.682 [AsyncHttpClient-3-1] DEBUG o.a.netty.channel.ChannelManager - Adding key: http://localhost:10889 for channel [id: 0x7c68b8df, L:/127.0.0.1:64390 - R:localhost/127.0.0.1:10889]
15:50:24.682 [Forwarding findChildElement on session 14f61660-7bcc-4279-b6a3-7163a94e0626 to remote] DEBUG o.a.netty.request.NettyRequestSender - Using pooled Channel '[id: 0x7c68b8df, L:/127.0.0.1:64390 - R:localhost/127.0.0.1:10889]' for 'POST' to 'http://localhost:10889/session/14f61660-7bcc-4279-b6a3-7163a94e0626/element/dafcdada-6b77-43d9-a7b7-b827473b0a98/element'
15:50:24.682 [Forwarding findChildElement on session 14f61660-7bcc-4279-b6a3-7163a94e0626 to remote] DEBUG o.a.netty.request.NettyRequestSender - Using open Channel [id: 0x7c68b8df, L:/127.0.0.1:64390 - R:localhost/127.0.0.1:10889] for POST '/session/14f61660-7bcc-4279-b6a3-7163a94e0626/element/dafcdada-6b77-43d9-a7b7-b827473b0a98/element'
15:50:24.686 [AsyncHttpClient-3-1] DEBUG o.a.netty.handler.HttpHandler - 

Request DefaultHttpRequest(decodeResult: success, version: HTTP/1.1)
POST /session/14f61660-7bcc-4279-b6a3-7163a94e0626/element/dafcdada-6b77-43d9-a7b7-b827473b0a98/element HTTP/1.1
User-Agent: selenium/4.0.0-alpha-5 (java windows)
Content-Length: 97
Content-Type: application/json; charset=utf-8
host: localhost:10889
accept: */*

Response DefaultHttpResponse(decodeResult: success, version: HTTP/1.1)
HTTP/1.1 200 OK
content-type: application/json; charset=utf-8
cache-control: no-cache
content-length: 88
date: Thu, 25 Jun 2020 12:50:24 GMT

15:50:24.686 [AsyncHttpClient-3-1] DEBUG o.a.netty.channel.ChannelManager - Adding key: http://localhost:10889 for channel [id: 0x7c68b8df, L:/127.0.0.1:64390 - R:localhost/127.0.0.1:10889]
15:50:24.688 [Forwarding getElementAttribute on session 14f61660-7bcc-4279-b6a3-7163a94e0626 to remote] DEBUG o.a.netty.request.NettyRequestSender - Using pooled Channel '[id: 0x7c68b8df, L:/127.0.0.1:64390 - R:localhost/127.0.0.1:10889]' for 'POST' to 'http://localhost:10889/session/14f61660-7bcc-4279-b6a3-7163a94e0626/execute/sync'
15:50:24.688 [Forwarding getElementAttribute on session 14f61660-7bcc-4279-b6a3-7163a94e0626 to remote] DEBUG o.a.netty.request.NettyRequestSender - Using open Channel [id: 0x7c68b8df, L:/127.0.0.1:64390 - R:localhost/127.0.0.1:10889] for POST '/session/14f61660-7bcc-4279-b6a3-7163a94e0626/execute/sync'
15:50:24.701 [AsyncHttpClient-3-1] DEBUG o.a.netty.handler.HttpHandler - 

Request DefaultHttpRequest(decodeResult: success, version: HTTP/1.1)
POST /session/14f61660-7bcc-4279-b6a3-7163a94e0626/execute/sync HTTP/1.1
User-Agent: selenium/4.0.0-alpha-5 (java windows)
Content-Length: 39635
Content-Type: application/json; charset=utf-8
host: localhost:10889
accept: */*

Response DefaultHttpResponse(decodeResult: success, version: HTTP/1.1)
HTTP/1.1 200 OK
content-type: application/json; charset=utf-8
cache-control: no-cache
content-length: 15
date: Thu, 25 Jun 2020 12:50:24 GMT

15:50:24.701 [AsyncHttpClient-3-1] DEBUG o.a.netty.channel.ChannelManager - Adding key: http://localhost:10889 for channel [id: 0x7c68b8df, L:/127.0.0.1:64390 - R:localhost/127.0.0.1:10889]
15:50:24.701 [Forwarding findChildElement on session 14f61660-7bcc-4279-b6a3-7163a94e0626 to remote] DEBUG o.a.netty.request.NettyRequestSender - Using pooled Channel '[id: 0x7c68b8df, L:/127.0.0.1:64390 - R:localhost/127.0.0.1:10889]' for 'POST' to 'http://localhost:10889/session/14f61660-7bcc-4279-b6a3-7163a94e0626/element/e0860c18-c40a-4aec-a096-7bdcf967a7f7/element'
15:50:24.701 [Forwarding findChildElement on session 14f61660-7bcc-4279-b6a3-7163a94e0626 to remote] DEBUG o.a.netty.request.NettyRequestSender - Using open Channel [id: 0x7c68b8df, L:/127.0.0.1:64390 - R:localhost/127.0.0.1:10889] for POST '/session/14f61660-7bcc-4279-b6a3-7163a94e0626/element/e0860c18-c40a-4aec-a096-7bdcf967a7f7/element'
15:50:24.705 [AsyncHttpClient-3-1] DEBUG o.a.netty.handler.HttpHandler - 

Request DefaultHttpRequest(decodeResult: success, version: HTTP/1.1)
POST /session/14f61660-7bcc-4279-b6a3-7163a94e0626/element/e0860c18-c40a-4aec-a096-7bdcf967a7f7/element HTTP/1.1
User-Agent: selenium/4.0.0-alpha-5 (java windows)
Content-Length: 103
Content-Type: application/json; charset=utf-8
host: localhost:10889
accept: */*

Response DefaultHttpResponse(decodeResult: success, version: HTTP/1.1)
HTTP/1.1 200 OK
content-type: application/json; charset=utf-8
cache-control: no-cache
content-length: 88
date: Thu, 25 Jun 2020 12:50:24 GMT

15:50:24.705 [AsyncHttpClient-3-1] DEBUG o.a.netty.channel.ChannelManager - Adding key: http://localhost:10889 for channel [id: 0x7c68b8df, L:/127.0.0.1:64390 - R:localhost/127.0.0.1:10889]
15:50:24.705 [Forwarding getElementText on session 14f61660-7bcc-4279-b6a3-7163a94e0626 to remote] DEBUG o.a.netty.request.NettyRequestSender - Using pooled Channel '[id: 0x7c68b8df, L:/127.0.0.1:64390 - R:localhost/127.0.0.1:10889]' for 'GET' to 'http://localhost:10889/session/14f61660-7bcc-4279-b6a3-7163a94e0626/element/72de968b-93c3-412b-a446-ccd6099ba65e/text'
15:50:24.705 [Forwarding getElementText on session 14f61660-7bcc-4279-b6a3-7163a94e0626 to remote] DEBUG o.a.netty.request.NettyRequestSender - Using open Channel [id: 0x7c68b8df, L:/127.0.0.1:64390 - R:localhost/127.0.0.1:10889] for GET '/session/14f61660-7bcc-4279-b6a3-7163a94e0626/element/72de968b-93c3-412b-a446-ccd6099ba65e/text'
15:50:24.714 [AsyncHttpClient-3-1] DEBUG o.a.netty.handler.HttpHandler - 

Request DefaultFullHttpRequest(decodeResult: success, version: HTTP/1.1, content: EmptyByteBufBE)
GET /session/14f61660-7bcc-4279-b6a3-7163a94e0626/element/72de968b-93c3-412b-a446-ccd6099ba65e/text HTTP/1.1
User-Agent: selenium/4.0.0-alpha-5 (java windows)
Cache-Control: no-cache
host: localhost:10889
accept: */*

Response DefaultHttpResponse(decodeResult: success, version: HTTP/1.1)
HTTP/1.1 200 OK
content-type: application/json; charset=utf-8
cache-control: no-cache
content-length: 18
date: Thu, 25 Jun 2020 12:50:24 GMT

15:50:24.714 [AsyncHttpClient-3-1] DEBUG o.a.netty.channel.ChannelManager - Adding key: http://localhost:10889 for channel [id: 0x7c68b8df, L:/127.0.0.1:64390 - R:localhost/127.0.0.1:10889]
15:50:24.714 [Forwarding findChildElement on session 14f61660-7bcc-4279-b6a3-7163a94e0626 to remote] DEBUG o.a.netty.request.NettyRequestSender - Using pooled Channel '[id: 0x7c68b8df, L:/127.0.0.1:64390 - R:localhost/127.0.0.1:10889]' for 'POST' to 'http://localhost:10889/session/14f61660-7bcc-4279-b6a3-7163a94e0626/element/e0860c18-c40a-4aec-a096-7bdcf967a7f7/element'
15:50:24.714 [Forwarding findChildElement on session 14f61660-7bcc-4279-b6a3-7163a94e0626 to remote] DEBUG o.a.netty.request.NettyRequestSender - Using open Channel [id: 0x7c68b8df, L:/127.0.0.1:64390 - R:localhost/127.0.0.1:10889] for POST '/session/14f61660-7bcc-4279-b6a3-7163a94e0626/element/e0860c18-c40a-4aec-a096-7bdcf967a7f7/element'
15:50:24.718 [AsyncHttpClient-3-1] DEBUG o.a.netty.handler.HttpHandler - 

Request DefaultHttpRequest(decodeResult: success, version: HTTP/1.1)
POST /session/14f61660-7bcc-4279-b6a3-7163a94e0626/element/e0860c18-c40a-4aec-a096-7bdcf967a7f7/element HTTP/1.1
User-Agent: selenium/4.0.0-alpha-5 (java windows)
Content-Length: 103
Content-Type: application/json; charset=utf-8
host: localhost:10889
accept: */*

Response DefaultHttpResponse(decodeResult: success, version: HTTP/1.1)
HTTP/1.1 200 OK
content-type: application/json; charset=utf-8
cache-control: no-cache
content-length: 88
date: Thu, 25 Jun 2020 12:50:24 GMT

15:50:24.718 [AsyncHttpClient-3-1] DEBUG o.a.netty.channel.ChannelManager - Adding key: http://localhost:10889 for channel [id: 0x7c68b8df, L:/127.0.0.1:64390 - R:localhost/127.0.0.1:10889]
15:50:24.719 [Forwarding getElementText on session 14f61660-7bcc-4279-b6a3-7163a94e0626 to remote] DEBUG o.a.netty.request.NettyRequestSender - Using pooled Channel '[id: 0x7c68b8df, L:/127.0.0.1:64390 - R:localhost/127.0.0.1:10889]' for 'GET' to 'http://localhost:10889/session/14f61660-7bcc-4279-b6a3-7163a94e0626/element/1d080588-bb71-49ae-8593-7a10fb37f089/text'
15:50:24.719 [Forwarding getElementText on session 14f61660-7bcc-4279-b6a3-7163a94e0626 to remote] DEBUG o.a.netty.request.NettyRequestSender - Using open Channel [id: 0x7c68b8df, L:/127.0.0.1:64390 - R:localhost/127.0.0.1:10889] for GET '/session/14f61660-7bcc-4279-b6a3-7163a94e0626/element/1d080588-bb71-49ae-8593-7a10fb37f089/text'
15:50:24.723 [AsyncHttpClient-3-1] DEBUG o.a.netty.handler.HttpHandler - 

Request DefaultFullHttpRequest(decodeResult: success, version: HTTP/1.1, content: EmptyByteBufBE)
GET /session/14f61660-7bcc-4279-b6a3-7163a94e0626/element/1d080588-bb71-49ae-8593-7a10fb37f089/text HTTP/1.1
User-Agent: selenium/4.0.0-alpha-5 (java windows)
Cache-Control: no-cache
host: localhost:10889
accept: */*

Response DefaultHttpResponse(decodeResult: success, version: HTTP/1.1)
HTTP/1.1 200 OK
content-type: application/json; charset=utf-8
cache-control: no-cache
content-length: 22
date: Thu, 25 Jun 2020 12:50:24 GMT

15:50:24.723 [AsyncHttpClient-3-1] DEBUG o.a.netty.channel.ChannelManager - Adding key: http://localhost:10889 for channel [id: 0x7c68b8df, L:/127.0.0.1:64390 - R:localhost/127.0.0.1:10889]
15:50:24.724 [Forwarding findChildElement on session 14f61660-7bcc-4279-b6a3-7163a94e0626 to remote] DEBUG o.a.netty.request.NettyRequestSender - Using pooled Channel '[id: 0x7c68b8df, L:/127.0.0.1:64390 - R:localhost/127.0.0.1:10889]' for 'POST' to 'http://localhost:10889/session/14f61660-7bcc-4279-b6a3-7163a94e0626/element/e0860c18-c40a-4aec-a096-7bdcf967a7f7/element'
15:50:24.724 [Forwarding findChildElement on session 14f61660-7bcc-4279-b6a3-7163a94e0626 to remote] DEBUG o.a.netty.request.NettyRequestSender - Using open Channel [id: 0x7c68b8df, L:/127.0.0.1:64390 - R:localhost/127.0.0.1:10889] for POST '/session/14f61660-7bcc-4279-b6a3-7163a94e0626/element/e0860c18-c40a-4aec-a096-7bdcf967a7f7/element'
15:50:24.727 [AsyncHttpClient-3-1] DEBUG o.a.netty.handler.HttpHandler - 

Request DefaultHttpRequest(decodeResult: success, version: HTTP/1.1)
POST /session/14f61660-7bcc-4279-b6a3-7163a94e0626/element/e0860c18-c40a-4aec-a096-7bdcf967a7f7/element HTTP/1.1
User-Agent: selenium/4.0.0-alpha-5 (java windows)
Content-Length: 103
Content-Type: application/json; charset=utf-8
host: localhost:10889
accept: */*

Response DefaultHttpResponse(decodeResult: success, version: HTTP/1.1)
HTTP/1.1 200 OK
content-type: application/json; charset=utf-8
cache-control: no-cache
content-length: 88
date: Thu, 25 Jun 2020 12:50:24 GMT

15:50:24.727 [AsyncHttpClient-3-1] DEBUG o.a.netty.channel.ChannelManager - Adding key: http://localhost:10889 for channel [id: 0x7c68b8df, L:/127.0.0.1:64390 - R:localhost/127.0.0.1:10889]
15:50:24.728 [Forwarding getElementText on session 14f61660-7bcc-4279-b6a3-7163a94e0626 to remote] DEBUG o.a.netty.request.NettyRequestSender - Using pooled Channel '[id: 0x7c68b8df, L:/127.0.0.1:64390 - R:localhost/127.0.0.1:10889]' for 'GET' to 'http://localhost:10889/session/14f61660-7bcc-4279-b6a3-7163a94e0626/element/231ca80e-e991-4c96-99bd-ba61f81b8890/text'
15:50:24.728 [Forwarding getElementText on session 14f61660-7bcc-4279-b6a3-7163a94e0626 to remote] DEBUG o.a.netty.request.NettyRequestSender - Using open Channel [id: 0x7c68b8df, L:/127.0.0.1:64390 - R:localhost/127.0.0.1:10889] for GET '/session/14f61660-7bcc-4279-b6a3-7163a94e0626/element/231ca80e-e991-4c96-99bd-ba61f81b8890/text'
15:50:24.732 [AsyncHttpClient-3-1] DEBUG o.a.netty.handler.HttpHandler - 

Request DefaultFullHttpRequest(decodeResult: success, version: HTTP/1.1, content: EmptyByteBufBE)
GET /session/14f61660-7bcc-4279-b6a3-7163a94e0626/element/231ca80e-e991-4c96-99bd-ba61f81b8890/text HTTP/1.1
User-Agent: selenium/4.0.0-alpha-5 (java windows)
Cache-Control: no-cache
host: localhost:10889
accept: */*

Response DefaultHttpResponse(decodeResult: success, version: HTTP/1.1)
HTTP/1.1 200 OK
content-type: application/json; charset=utf-8
cache-control: no-cache
content-length: 21
date: Thu, 25 Jun 2020 12:50:24 GMT

15:50:24.732 [AsyncHttpClient-3-1] DEBUG o.a.netty.channel.ChannelManager - Adding key: http://localhost:10889 for channel [id: 0x7c68b8df, L:/127.0.0.1:64390 - R:localhost/127.0.0.1:10889]
15:50:24.732 [Forwarding findChildElement on session 14f61660-7bcc-4279-b6a3-7163a94e0626 to remote] DEBUG o.a.netty.request.NettyRequestSender - Using pooled Channel '[id: 0x7c68b8df, L:/127.0.0.1:64390 - R:localhost/127.0.0.1:10889]' for 'POST' to 'http://localhost:10889/session/14f61660-7bcc-4279-b6a3-7163a94e0626/element/e0860c18-c40a-4aec-a096-7bdcf967a7f7/element'
15:50:24.732 [Forwarding findChildElement on session 14f61660-7bcc-4279-b6a3-7163a94e0626 to remote] DEBUG o.a.netty.request.NettyRequestSender - Using open Channel [id: 0x7c68b8df, L:/127.0.0.1:64390 - R:localhost/127.0.0.1:10889] for POST '/session/14f61660-7bcc-4279-b6a3-7163a94e0626/element/e0860c18-c40a-4aec-a096-7bdcf967a7f7/element'
15:50:24.736 [AsyncHttpClient-3-1] DEBUG o.a.netty.handler.HttpHandler - 

Request DefaultHttpRequest(decodeResult: success, version: HTTP/1.1)
POST /session/14f61660-7bcc-4279-b6a3-7163a94e0626/element/e0860c18-c40a-4aec-a096-7bdcf967a7f7/element HTTP/1.1
User-Agent: selenium/4.0.0-alpha-5 (java windows)
Content-Length: 103
Content-Type: application/json; charset=utf-8
host: localhost:10889
accept: */*

Response DefaultHttpResponse(decodeResult: success, version: HTTP/1.1)
HTTP/1.1 200 OK
content-type: application/json; charset=utf-8
cache-control: no-cache
content-length: 88
date: Thu, 25 Jun 2020 12:50:24 GMT

15:50:24.736 [AsyncHttpClient-3-1] DEBUG o.a.netty.channel.ChannelManager - Adding key: http://localhost:10889 for channel [id: 0x7c68b8df, L:/127.0.0.1:64390 - R:localhost/127.0.0.1:10889]
15:50:24.736 [Forwarding getElementText on session 14f61660-7bcc-4279-b6a3-7163a94e0626 to remote] DEBUG o.a.netty.request.NettyRequestSender - Using pooled Channel '[id: 0x7c68b8df, L:/127.0.0.1:64390 - R:localhost/127.0.0.1:10889]' for 'GET' to 'http://localhost:10889/session/14f61660-7bcc-4279-b6a3-7163a94e0626/element/db6fe28a-1fd4-433e-b7b0-d844f95f225b/text'
15:50:24.736 [Forwarding getElementText on session 14f61660-7bcc-4279-b6a3-7163a94e0626 to remote] DEBUG o.a.netty.request.NettyRequestSender - Using open Channel [id: 0x7c68b8df, L:/127.0.0.1:64390 - R:localhost/127.0.0.1:10889] for GET '/session/14f61660-7bcc-4279-b6a3-7163a94e0626/element/db6fe28a-1fd4-433e-b7b0-d844f95f225b/text'
15:50:24.740 [AsyncHttpClient-3-1] DEBUG o.a.netty.handler.HttpHandler - 

Request DefaultFullHttpRequest(decodeResult: success, version: HTTP/1.1, content: EmptyByteBufBE)
GET /session/14f61660-7bcc-4279-b6a3-7163a94e0626/element/db6fe28a-1fd4-433e-b7b0-d844f95f225b/text HTTP/1.1
User-Agent: selenium/4.0.0-alpha-5 (java windows)
Cache-Control: no-cache
host: localhost:10889
accept: */*

Response DefaultHttpResponse(decodeResult: success, version: HTTP/1.1)
HTTP/1.1 200 OK
content-type: application/json; charset=utf-8
cache-control: no-cache
content-length: 45
date: Thu, 25 Jun 2020 12:50:24 GMT

15:50:24.741 [AsyncHttpClient-3-1] DEBUG o.a.netty.channel.ChannelManager - Adding key: http://localhost:10889 for channel [id: 0x7c68b8df, L:/127.0.0.1:64390 - R:localhost/127.0.0.1:10889]
15:50:24.741 [Forwarding findChildElement on session 14f61660-7bcc-4279-b6a3-7163a94e0626 to remote] DEBUG o.a.netty.request.NettyRequestSender - Using pooled Channel '[id: 0x7c68b8df, L:/127.0.0.1:64390 - R:localhost/127.0.0.1:10889]' for 'POST' to 'http://localhost:10889/session/14f61660-7bcc-4279-b6a3-7163a94e0626/element/e0860c18-c40a-4aec-a096-7bdcf967a7f7/element'
15:50:24.741 [Forwarding findChildElement on session 14f61660-7bcc-4279-b6a3-7163a94e0626 to remote] DEBUG o.a.netty.request.NettyRequestSender - Using open Channel [id: 0x7c68b8df, L:/127.0.0.1:64390 - R:localhost/127.0.0.1:10889] for POST '/session/14f61660-7bcc-4279-b6a3-7163a94e0626/element/e0860c18-c40a-4aec-a096-7bdcf967a7f7/element'
15:50:24.744 [AsyncHttpClient-3-1] DEBUG o.a.netty.handler.HttpHandler - 

Request DefaultHttpRequest(decodeResult: success, version: HTTP/1.1)
POST /session/14f61660-7bcc-4279-b6a3-7163a94e0626/element/e0860c18-c40a-4aec-a096-7bdcf967a7f7/element HTTP/1.1
User-Agent: selenium/4.0.0-alpha-5 (java windows)
Content-Length: 103
Content-Type: application/json; charset=utf-8
host: localhost:10889
accept: */*

Response DefaultHttpResponse(decodeResult: success, version: HTTP/1.1)
HTTP/1.1 200 OK
content-type: application/json; charset=utf-8
cache-control: no-cache
content-length: 88
date: Thu, 25 Jun 2020 12:50:24 GMT

15:50:24.744 [AsyncHttpClient-3-1] DEBUG o.a.netty.channel.ChannelManager - Adding key: http://localhost:10889 for channel [id: 0x7c68b8df, L:/127.0.0.1:64390 - R:localhost/127.0.0.1:10889]
15:50:24.745 [Forwarding getElementText on session 14f61660-7bcc-4279-b6a3-7163a94e0626 to remote] DEBUG o.a.netty.request.NettyRequestSender - Using pooled Channel '[id: 0x7c68b8df, L:/127.0.0.1:64390 - R:localhost/127.0.0.1:10889]' for 'GET' to 'http://localhost:10889/session/14f61660-7bcc-4279-b6a3-7163a94e0626/element/2ea8ef3a-17a8-46d0-b593-0a98dcbe9855/text'
15:50:24.745 [Forwarding getElementText on session 14f61660-7bcc-4279-b6a3-7163a94e0626 to remote] DEBUG o.a.netty.request.NettyRequestSender - Using open Channel [id: 0x7c68b8df, L:/127.0.0.1:64390 - R:localhost/127.0.0.1:10889] for GET '/session/14f61660-7bcc-4279-b6a3-7163a94e0626/element/2ea8ef3a-17a8-46d0-b593-0a98dcbe9855/text'
15:50:24.751 [AsyncHttpClient-3-1] DEBUG o.a.netty.handler.HttpHandler - 

Request DefaultFullHttpRequest(decodeResult: success, version: HTTP/1.1, content: EmptyByteBufBE)
GET /session/14f61660-7bcc-4279-b6a3-7163a94e0626/element/2ea8ef3a-17a8-46d0-b593-0a98dcbe9855/text HTTP/1.1
User-Agent: selenium/4.0.0-alpha-5 (java windows)
Cache-Control: no-cache
host: localhost:10889
accept: */*

Response DefaultHttpResponse(decodeResult: success, version: HTTP/1.1)
HTTP/1.1 200 OK
content-type: application/json; charset=utf-8
cache-control: no-cache
content-length: 57
date: Thu, 25 Jun 2020 12:50:24 GMT

15:50:24.751 [AsyncHttpClient-3-1] DEBUG o.a.netty.channel.ChannelManager - Adding key: http://localhost:10889 for channel [id: 0x7c68b8df, L:/127.0.0.1:64390 - R:localhost/127.0.0.1:10889]
15:50:24.752 [Forwarding findChildElement on session 14f61660-7bcc-4279-b6a3-7163a94e0626 to remote] DEBUG o.a.netty.request.NettyRequestSender - Using pooled Channel '[id: 0x7c68b8df, L:/127.0.0.1:64390 - R:localhost/127.0.0.1:10889]' for 'POST' to 'http://localhost:10889/session/14f61660-7bcc-4279-b6a3-7163a94e0626/element/e0860c18-c40a-4aec-a096-7bdcf967a7f7/element'
15:50:24.752 [Forwarding findChildElement on session 14f61660-7bcc-4279-b6a3-7163a94e0626 to remote] DEBUG o.a.netty.request.NettyRequestSender - Using open Channel [id: 0x7c68b8df, L:/127.0.0.1:64390 - R:localhost/127.0.0.1:10889] for POST '/session/14f61660-7bcc-4279-b6a3-7163a94e0626/element/e0860c18-c40a-4aec-a096-7bdcf967a7f7/element'
15:50:24.755 [AsyncHttpClient-3-1] DEBUG o.a.netty.handler.HttpHandler - 

Request DefaultHttpRequest(decodeResult: success, version: HTTP/1.1)
POST /session/14f61660-7bcc-4279-b6a3-7163a94e0626/element/e0860c18-c40a-4aec-a096-7bdcf967a7f7/element HTTP/1.1
User-Agent: selenium/4.0.0-alpha-5 (java windows)
Content-Length: 97
Content-Type: application/json; charset=utf-8
host: localhost:10889
accept: */*

Response DefaultHttpResponse(decodeResult: success, version: HTTP/1.1)
HTTP/1.1 200 OK
content-type: application/json; charset=utf-8
cache-control: no-cache
content-length: 88
date: Thu, 25 Jun 2020 12:50:24 GMT

15:50:24.755 [AsyncHttpClient-3-1] DEBUG o.a.netty.channel.ChannelManager - Adding key: http://localhost:10889 for channel [id: 0x7c68b8df, L:/127.0.0.1:64390 - R:localhost/127.0.0.1:10889]
15:50:24.758 [Forwarding getElementAttribute on session 14f61660-7bcc-4279-b6a3-7163a94e0626 to remote] DEBUG o.a.netty.request.NettyRequestSender - Using pooled Channel '[id: 0x7c68b8df, L:/127.0.0.1:64390 - R:localhost/127.0.0.1:10889]' for 'POST' to 'http://localhost:10889/session/14f61660-7bcc-4279-b6a3-7163a94e0626/execute/sync'
15:50:24.758 [Forwarding getElementAttribute on session 14f61660-7bcc-4279-b6a3-7163a94e0626 to remote] DEBUG o.a.netty.request.NettyRequestSender - Using open Channel [id: 0x7c68b8df, L:/127.0.0.1:64390 - R:localhost/127.0.0.1:10889] for POST '/session/14f61660-7bcc-4279-b6a3-7163a94e0626/execute/sync'
15:50:24.771 [AsyncHttpClient-3-1] DEBUG o.a.netty.handler.HttpHandler - 

Request DefaultHttpRequest(decodeResult: success, version: HTTP/1.1)
POST /session/14f61660-7bcc-4279-b6a3-7163a94e0626/execute/sync HTTP/1.1
User-Agent: selenium/4.0.0-alpha-5 (java windows)
Content-Length: 39635
Content-Type: application/json; charset=utf-8
host: localhost:10889
accept: */*

Response DefaultHttpResponse(decodeResult: success, version: HTTP/1.1)
HTTP/1.1 200 OK
content-type: application/json; charset=utf-8
cache-control: no-cache
content-length: 15
date: Thu, 25 Jun 2020 12:50:24 GMT

15:50:24.771 [AsyncHttpClient-3-1] DEBUG o.a.netty.channel.ChannelManager - Adding key: http://localhost:10889 for channel [id: 0x7c68b8df, L:/127.0.0.1:64390 - R:localhost/127.0.0.1:10889]
15:50:24.771 [Forwarding findChildElement on session 14f61660-7bcc-4279-b6a3-7163a94e0626 to remote] DEBUG o.a.netty.request.NettyRequestSender - Using pooled Channel '[id: 0x7c68b8df, L:/127.0.0.1:64390 - R:localhost/127.0.0.1:10889]' for 'POST' to 'http://localhost:10889/session/14f61660-7bcc-4279-b6a3-7163a94e0626/element/1dc9f819-a2eb-47e3-b14e-bbbce6a757d5/element'
15:50:24.771 [Forwarding findChildElement on session 14f61660-7bcc-4279-b6a3-7163a94e0626 to remote] DEBUG o.a.netty.request.NettyRequestSender - Using open Channel [id: 0x7c68b8df, L:/127.0.0.1:64390 - R:localhost/127.0.0.1:10889] for POST '/session/14f61660-7bcc-4279-b6a3-7163a94e0626/element/1dc9f819-a2eb-47e3-b14e-bbbce6a757d5/element'
15:50:24.775 [AsyncHttpClient-3-1] DEBUG o.a.netty.handler.HttpHandler - 

Request DefaultHttpRequest(decodeResult: success, version: HTTP/1.1)
POST /session/14f61660-7bcc-4279-b6a3-7163a94e0626/element/1dc9f819-a2eb-47e3-b14e-bbbce6a757d5/element HTTP/1.1
User-Agent: selenium/4.0.0-alpha-5 (java windows)
Content-Length: 103
Content-Type: application/json; charset=utf-8
host: localhost:10889
accept: */*

Response DefaultHttpResponse(decodeResult: success, version: HTTP/1.1)
HTTP/1.1 200 OK
content-type: application/json; charset=utf-8
cache-control: no-cache
content-length: 88
date: Thu, 25 Jun 2020 12:50:24 GMT

15:50:24.775 [AsyncHttpClient-3-1] DEBUG o.a.netty.channel.ChannelManager - Adding key: http://localhost:10889 for channel [id: 0x7c68b8df, L:/127.0.0.1:64390 - R:localhost/127.0.0.1:10889]
15:50:24.775 [Forwarding getElementText on session 14f61660-7bcc-4279-b6a3-7163a94e0626 to remote] DEBUG o.a.netty.request.NettyRequestSender - Using pooled Channel '[id: 0x7c68b8df, L:/127.0.0.1:64390 - R:localhost/127.0.0.1:10889]' for 'GET' to 'http://localhost:10889/session/14f61660-7bcc-4279-b6a3-7163a94e0626/element/8d4c7b2f-ec04-41ca-b7aa-8cf17fd196b0/text'
15:50:24.775 [Forwarding getElementText on session 14f61660-7bcc-4279-b6a3-7163a94e0626 to remote] DEBUG o.a.netty.request.NettyRequestSender - Using open Channel [id: 0x7c68b8df, L:/127.0.0.1:64390 - R:localhost/127.0.0.1:10889] for GET '/session/14f61660-7bcc-4279-b6a3-7163a94e0626/element/8d4c7b2f-ec04-41ca-b7aa-8cf17fd196b0/text'
15:50:24.780 [AsyncHttpClient-3-1] DEBUG o.a.netty.handler.HttpHandler - 

Request DefaultFullHttpRequest(decodeResult: success, version: HTTP/1.1, content: EmptyByteBufBE)
GET /session/14f61660-7bcc-4279-b6a3-7163a94e0626/element/8d4c7b2f-ec04-41ca-b7aa-8cf17fd196b0/text HTTP/1.1
User-Agent: selenium/4.0.0-alpha-5 (java windows)
Cache-Control: no-cache
host: localhost:10889
accept: */*

Response DefaultHttpResponse(decodeResult: success, version: HTTP/1.1)
HTTP/1.1 200 OK
content-type: application/json; charset=utf-8
cache-control: no-cache
content-length: 18
date: Thu, 25 Jun 2020 12:50:24 GMT

15:50:24.780 [AsyncHttpClient-3-1] DEBUG o.a.netty.channel.ChannelManager - Adding key: http://localhost:10889 for channel [id: 0x7c68b8df, L:/127.0.0.1:64390 - R:localhost/127.0.0.1:10889]
15:50:24.780 [Forwarding findChildElement on session 14f61660-7bcc-4279-b6a3-7163a94e0626 to remote] DEBUG o.a.netty.request.NettyRequestSender - Using pooled Channel '[id: 0x7c68b8df, L:/127.0.0.1:64390 - R:localhost/127.0.0.1:10889]' for 'POST' to 'http://localhost:10889/session/14f61660-7bcc-4279-b6a3-7163a94e0626/element/1dc9f819-a2eb-47e3-b14e-bbbce6a757d5/element'
15:50:24.780 [Forwarding findChildElement on session 14f61660-7bcc-4279-b6a3-7163a94e0626 to remote] DEBUG o.a.netty.request.NettyRequestSender - Using open Channel [id: 0x7c68b8df, L:/127.0.0.1:64390 - R:localhost/127.0.0.1:10889] for POST '/session/14f61660-7bcc-4279-b6a3-7163a94e0626/element/1dc9f819-a2eb-47e3-b14e-bbbce6a757d5/element'
15:50:24.784 [AsyncHttpClient-3-1] DEBUG o.a.netty.handler.HttpHandler - 

Request DefaultHttpRequest(decodeResult: success, version: HTTP/1.1)
POST /session/14f61660-7bcc-4279-b6a3-7163a94e0626/element/1dc9f819-a2eb-47e3-b14e-bbbce6a757d5/element HTTP/1.1
User-Agent: selenium/4.0.0-alpha-5 (java windows)
Content-Length: 103
Content-Type: application/json; charset=utf-8
host: localhost:10889
accept: */*

Response DefaultHttpResponse(decodeResult: success, version: HTTP/1.1)
HTTP/1.1 200 OK
content-type: application/json; charset=utf-8
cache-control: no-cache
content-length: 88
date: Thu, 25 Jun 2020 12:50:24 GMT

15:50:24.784 [AsyncHttpClient-3-1] DEBUG o.a.netty.channel.ChannelManager - Adding key: http://localhost:10889 for channel [id: 0x7c68b8df, L:/127.0.0.1:64390 - R:localhost/127.0.0.1:10889]
15:50:24.784 [Forwarding getElementText on session 14f61660-7bcc-4279-b6a3-7163a94e0626 to remote] DEBUG o.a.netty.request.NettyRequestSender - Using pooled Channel '[id: 0x7c68b8df, L:/127.0.0.1:64390 - R:localhost/127.0.0.1:10889]' for 'GET' to 'http://localhost:10889/session/14f61660-7bcc-4279-b6a3-7163a94e0626/element/b561cd7e-730b-4415-8a43-447d2c5d34be/text'
15:50:24.784 [Forwarding getElementText on session 14f61660-7bcc-4279-b6a3-7163a94e0626 to remote] DEBUG o.a.netty.request.NettyRequestSender - Using open Channel [id: 0x7c68b8df, L:/127.0.0.1:64390 - R:localhost/127.0.0.1:10889] for GET '/session/14f61660-7bcc-4279-b6a3-7163a94e0626/element/b561cd7e-730b-4415-8a43-447d2c5d34be/text'
15:50:24.788 [AsyncHttpClient-3-1] DEBUG o.a.netty.handler.HttpHandler - 

Request DefaultFullHttpRequest(decodeResult: success, version: HTTP/1.1, content: EmptyByteBufBE)
GET /session/14f61660-7bcc-4279-b6a3-7163a94e0626/element/b561cd7e-730b-4415-8a43-447d2c5d34be/text HTTP/1.1
User-Agent: selenium/4.0.0-alpha-5 (java windows)
Cache-Control: no-cache
host: localhost:10889
accept: */*

Response DefaultHttpResponse(decodeResult: success, version: HTTP/1.1)
HTTP/1.1 200 OK
content-type: application/json; charset=utf-8
cache-control: no-cache
content-length: 22
date: Thu, 25 Jun 2020 12:50:24 GMT

15:50:24.789 [AsyncHttpClient-3-1] DEBUG o.a.netty.channel.ChannelManager - Adding key: http://localhost:10889 for channel [id: 0x7c68b8df, L:/127.0.0.1:64390 - R:localhost/127.0.0.1:10889]
15:50:24.789 [Forwarding findChildElement on session 14f61660-7bcc-4279-b6a3-7163a94e0626 to remote] DEBUG o.a.netty.request.NettyRequestSender - Using pooled Channel '[id: 0x7c68b8df, L:/127.0.0.1:64390 - R:localhost/127.0.0.1:10889]' for 'POST' to 'http://localhost:10889/session/14f61660-7bcc-4279-b6a3-7163a94e0626/element/1dc9f819-a2eb-47e3-b14e-bbbce6a757d5/element'
15:50:24.789 [Forwarding findChildElement on session 14f61660-7bcc-4279-b6a3-7163a94e0626 to remote] DEBUG o.a.netty.request.NettyRequestSender - Using open Channel [id: 0x7c68b8df, L:/127.0.0.1:64390 - R:localhost/127.0.0.1:10889] for POST '/session/14f61660-7bcc-4279-b6a3-7163a94e0626/element/1dc9f819-a2eb-47e3-b14e-bbbce6a757d5/element'
15:50:24.792 [AsyncHttpClient-3-1] DEBUG o.a.netty.handler.HttpHandler - 

Request DefaultHttpRequest(decodeResult: success, version: HTTP/1.1)
POST /session/14f61660-7bcc-4279-b6a3-7163a94e0626/element/1dc9f819-a2eb-47e3-b14e-bbbce6a757d5/element HTTP/1.1
User-Agent: selenium/4.0.0-alpha-5 (java windows)
Content-Length: 103
Content-Type: application/json; charset=utf-8
host: localhost:10889
accept: */*

Response DefaultHttpResponse(decodeResult: success, version: HTTP/1.1)
HTTP/1.1 200 OK
content-type: application/json; charset=utf-8
cache-control: no-cache
content-length: 88
date: Thu, 25 Jun 2020 12:50:24 GMT

15:50:24.792 [AsyncHttpClient-3-1] DEBUG o.a.netty.channel.ChannelManager - Adding key: http://localhost:10889 for channel [id: 0x7c68b8df, L:/127.0.0.1:64390 - R:localhost/127.0.0.1:10889]
15:50:24.793 [Forwarding getElementText on session 14f61660-7bcc-4279-b6a3-7163a94e0626 to remote] DEBUG o.a.netty.request.NettyRequestSender - Using pooled Channel '[id: 0x7c68b8df, L:/127.0.0.1:64390 - R:localhost/127.0.0.1:10889]' for 'GET' to 'http://localhost:10889/session/14f61660-7bcc-4279-b6a3-7163a94e0626/element/9db0a5f7-0e82-4a7f-9e17-1c5ae8b9ec6f/text'
15:50:24.793 [Forwarding getElementText on session 14f61660-7bcc-4279-b6a3-7163a94e0626 to remote] DEBUG o.a.netty.request.NettyRequestSender - Using open Channel [id: 0x7c68b8df, L:/127.0.0.1:64390 - R:localhost/127.0.0.1:10889] for GET '/session/14f61660-7bcc-4279-b6a3-7163a94e0626/element/9db0a5f7-0e82-4a7f-9e17-1c5ae8b9ec6f/text'
15:50:24.797 [AsyncHttpClient-3-1] DEBUG o.a.netty.handler.HttpHandler - 

Request DefaultFullHttpRequest(decodeResult: success, version: HTTP/1.1, content: EmptyByteBufBE)
GET /session/14f61660-7bcc-4279-b6a3-7163a94e0626/element/9db0a5f7-0e82-4a7f-9e17-1c5ae8b9ec6f/text HTTP/1.1
User-Agent: selenium/4.0.0-alpha-5 (java windows)
Cache-Control: no-cache
host: localhost:10889
accept: */*

Response DefaultHttpResponse(decodeResult: success, version: HTTP/1.1)
HTTP/1.1 200 OK
content-type: application/json; charset=utf-8
cache-control: no-cache
content-length: 21
date: Thu, 25 Jun 2020 12:50:24 GMT

15:50:24.797 [AsyncHttpClient-3-1] DEBUG o.a.netty.channel.ChannelManager - Adding key: http://localhost:10889 for channel [id: 0x7c68b8df, L:/127.0.0.1:64390 - R:localhost/127.0.0.1:10889]
15:50:24.797 [Forwarding findChildElement on session 14f61660-7bcc-4279-b6a3-7163a94e0626 to remote] DEBUG o.a.netty.request.NettyRequestSender - Using pooled Channel '[id: 0x7c68b8df, L:/127.0.0.1:64390 - R:localhost/127.0.0.1:10889]' for 'POST' to 'http://localhost:10889/session/14f61660-7bcc-4279-b6a3-7163a94e0626/element/1dc9f819-a2eb-47e3-b14e-bbbce6a757d5/element'
15:50:24.797 [Forwarding findChildElement on session 14f61660-7bcc-4279-b6a3-7163a94e0626 to remote] DEBUG o.a.netty.request.NettyRequestSender - Using open Channel [id: 0x7c68b8df, L:/127.0.0.1:64390 - R:localhost/127.0.0.1:10889] for POST '/session/14f61660-7bcc-4279-b6a3-7163a94e0626/element/1dc9f819-a2eb-47e3-b14e-bbbce6a757d5/element'
15:50:24.801 [AsyncHttpClient-3-1] DEBUG o.a.netty.handler.HttpHandler - 

Request DefaultHttpRequest(decodeResult: success, version: HTTP/1.1)
POST /session/14f61660-7bcc-4279-b6a3-7163a94e0626/element/1dc9f819-a2eb-47e3-b14e-bbbce6a757d5/element HTTP/1.1
User-Agent: selenium/4.0.0-alpha-5 (java windows)
Content-Length: 103
Content-Type: application/json; charset=utf-8
host: localhost:10889
accept: */*

Response DefaultHttpResponse(decodeResult: success, version: HTTP/1.1)
HTTP/1.1 200 OK
content-type: application/json; charset=utf-8
cache-control: no-cache
content-length: 88
date: Thu, 25 Jun 2020 12:50:24 GMT

15:50:24.801 [AsyncHttpClient-3-1] DEBUG o.a.netty.channel.ChannelManager - Adding key: http://localhost:10889 for channel [id: 0x7c68b8df, L:/127.0.0.1:64390 - R:localhost/127.0.0.1:10889]
15:50:24.801 [Forwarding getElementText on session 14f61660-7bcc-4279-b6a3-7163a94e0626 to remote] DEBUG o.a.netty.request.NettyRequestSender - Using pooled Channel '[id: 0x7c68b8df, L:/127.0.0.1:64390 - R:localhost/127.0.0.1:10889]' for 'GET' to 'http://localhost:10889/session/14f61660-7bcc-4279-b6a3-7163a94e0626/element/6e45350d-2323-4d9f-a4b3-12a6c611ccb8/text'
15:50:24.801 [Forwarding getElementText on session 14f61660-7bcc-4279-b6a3-7163a94e0626 to remote] DEBUG o.a.netty.request.NettyRequestSender - Using open Channel [id: 0x7c68b8df, L:/127.0.0.1:64390 - R:localhost/127.0.0.1:10889] for GET '/session/14f61660-7bcc-4279-b6a3-7163a94e0626/element/6e45350d-2323-4d9f-a4b3-12a6c611ccb8/text'
15:50:24.805 [AsyncHttpClient-3-1] DEBUG o.a.netty.handler.HttpHandler - 

Request DefaultFullHttpRequest(decodeResult: success, version: HTTP/1.1, content: EmptyByteBufBE)
GET /session/14f61660-7bcc-4279-b6a3-7163a94e0626/element/6e45350d-2323-4d9f-a4b3-12a6c611ccb8/text HTTP/1.1
User-Agent: selenium/4.0.0-alpha-5 (java windows)
Cache-Control: no-cache
host: localhost:10889
accept: */*

Response DefaultHttpResponse(decodeResult: success, version: HTTP/1.1)
HTTP/1.1 200 OK
content-type: application/json; charset=utf-8
cache-control: no-cache
content-length: 45
date: Thu, 25 Jun 2020 12:50:24 GMT

15:50:24.805 [AsyncHttpClient-3-1] DEBUG o.a.netty.channel.ChannelManager - Adding key: http://localhost:10889 for channel [id: 0x7c68b8df, L:/127.0.0.1:64390 - R:localhost/127.0.0.1:10889]
15:50:24.806 [Forwarding findChildElement on session 14f61660-7bcc-4279-b6a3-7163a94e0626 to remote] DEBUG o.a.netty.request.NettyRequestSender - Using pooled Channel '[id: 0x7c68b8df, L:/127.0.0.1:64390 - R:localhost/127.0.0.1:10889]' for 'POST' to 'http://localhost:10889/session/14f61660-7bcc-4279-b6a3-7163a94e0626/element/1dc9f819-a2eb-47e3-b14e-bbbce6a757d5/element'
15:50:24.806 [Forwarding findChildElement on session 14f61660-7bcc-4279-b6a3-7163a94e0626 to remote] DEBUG o.a.netty.request.NettyRequestSender - Using open Channel [id: 0x7c68b8df, L:/127.0.0.1:64390 - R:localhost/127.0.0.1:10889] for POST '/session/14f61660-7bcc-4279-b6a3-7163a94e0626/element/1dc9f819-a2eb-47e3-b14e-bbbce6a757d5/element'
15:50:24.810 [AsyncHttpClient-3-1] DEBUG o.a.netty.handler.HttpHandler - 

Request DefaultHttpRequest(decodeResult: success, version: HTTP/1.1)
POST /session/14f61660-7bcc-4279-b6a3-7163a94e0626/element/1dc9f819-a2eb-47e3-b14e-bbbce6a757d5/element HTTP/1.1
User-Agent: selenium/4.0.0-alpha-5 (java windows)
Content-Length: 103
Content-Type: application/json; charset=utf-8
host: localhost:10889
accept: */*

Response DefaultHttpResponse(decodeResult: success, version: HTTP/1.1)
HTTP/1.1 200 OK
content-type: application/json; charset=utf-8
cache-control: no-cache
content-length: 88
date: Thu, 25 Jun 2020 12:50:24 GMT

15:50:24.810 [AsyncHttpClient-3-1] DEBUG o.a.netty.channel.ChannelManager - Adding key: http://localhost:10889 for channel [id: 0x7c68b8df, L:/127.0.0.1:64390 - R:localhost/127.0.0.1:10889]
15:50:24.810 [Forwarding getElementText on session 14f61660-7bcc-4279-b6a3-7163a94e0626 to remote] DEBUG o.a.netty.request.NettyRequestSender - Using pooled Channel '[id: 0x7c68b8df, L:/127.0.0.1:64390 - R:localhost/127.0.0.1:10889]' for 'GET' to 'http://localhost:10889/session/14f61660-7bcc-4279-b6a3-7163a94e0626/element/85faecd0-e9e8-42eb-a2a9-293c0a2df26b/text'
15:50:24.810 [Forwarding getElementText on session 14f61660-7bcc-4279-b6a3-7163a94e0626 to remote] DEBUG o.a.netty.request.NettyRequestSender - Using open Channel [id: 0x7c68b8df, L:/127.0.0.1:64390 - R:localhost/127.0.0.1:10889] for GET '/session/14f61660-7bcc-4279-b6a3-7163a94e0626/element/85faecd0-e9e8-42eb-a2a9-293c0a2df26b/text'
15:50:24.818 [AsyncHttpClient-3-1] DEBUG o.a.netty.handler.HttpHandler - 

Request DefaultFullHttpRequest(decodeResult: success, version: HTTP/1.1, content: EmptyByteBufBE)
GET /session/14f61660-7bcc-4279-b6a3-7163a94e0626/element/85faecd0-e9e8-42eb-a2a9-293c0a2df26b/text HTTP/1.1
User-Agent: selenium/4.0.0-alpha-5 (java windows)
Cache-Control: no-cache
host: localhost:10889
accept: */*

Response DefaultHttpResponse(decodeResult: success, version: HTTP/1.1)
HTTP/1.1 200 OK
content-type: application/json; charset=utf-8
cache-control: no-cache
content-length: 57
date: Thu, 25 Jun 2020 12:50:24 GMT

15:50:24.818 [AsyncHttpClient-3-1] DEBUG o.a.netty.channel.ChannelManager - Adding key: http://localhost:10889 for channel [id: 0x7c68b8df, L:/127.0.0.1:64390 - R:localhost/127.0.0.1:10889]
15:50:24.819 [Forwarding findChildElement on session 14f61660-7bcc-4279-b6a3-7163a94e0626 to remote] DEBUG o.a.netty.request.NettyRequestSender - Using pooled Channel '[id: 0x7c68b8df, L:/127.0.0.1:64390 - R:localhost/127.0.0.1:10889]' for 'POST' to 'http://localhost:10889/session/14f61660-7bcc-4279-b6a3-7163a94e0626/element/1dc9f819-a2eb-47e3-b14e-bbbce6a757d5/element'
15:50:24.819 [Forwarding findChildElement on session 14f61660-7bcc-4279-b6a3-7163a94e0626 to remote] DEBUG o.a.netty.request.NettyRequestSender - Using open Channel [id: 0x7c68b8df, L:/127.0.0.1:64390 - R:localhost/127.0.0.1:10889] for POST '/session/14f61660-7bcc-4279-b6a3-7163a94e0626/element/1dc9f819-a2eb-47e3-b14e-bbbce6a757d5/element'
15:50:24.822 [AsyncHttpClient-3-1] DEBUG o.a.netty.handler.HttpHandler - 

Request DefaultHttpRequest(decodeResult: success, version: HTTP/1.1)
POST /session/14f61660-7bcc-4279-b6a3-7163a94e0626/element/1dc9f819-a2eb-47e3-b14e-bbbce6a757d5/element HTTP/1.1
User-Agent: selenium/4.0.0-alpha-5 (java windows)
Content-Length: 97
Content-Type: application/json; charset=utf-8
host: localhost:10889
accept: */*

Response DefaultHttpResponse(decodeResult: success, version: HTTP/1.1)
HTTP/1.1 200 OK
content-type: application/json; charset=utf-8
cache-control: no-cache
content-length: 88
date: Thu, 25 Jun 2020 12:50:24 GMT

15:50:24.822 [AsyncHttpClient-3-1] DEBUG o.a.netty.channel.ChannelManager - Adding key: http://localhost:10889 for channel [id: 0x7c68b8df, L:/127.0.0.1:64390 - R:localhost/127.0.0.1:10889]
15:50:24.827 [Forwarding getElementAttribute on session 14f61660-7bcc-4279-b6a3-7163a94e0626 to remote] DEBUG o.a.netty.request.NettyRequestSender - Using pooled Channel '[id: 0x7c68b8df, L:/127.0.0.1:64390 - R:localhost/127.0.0.1:10889]' for 'POST' to 'http://localhost:10889/session/14f61660-7bcc-4279-b6a3-7163a94e0626/execute/sync'
15:50:24.827 [Forwarding getElementAttribute on session 14f61660-7bcc-4279-b6a3-7163a94e0626 to remote] DEBUG o.a.netty.request.NettyRequestSender - Using open Channel [id: 0x7c68b8df, L:/127.0.0.1:64390 - R:localhost/127.0.0.1:10889] for POST '/session/14f61660-7bcc-4279-b6a3-7163a94e0626/execute/sync'
15:50:24.839 [AsyncHttpClient-3-1] DEBUG o.a.netty.handler.HttpHandler - 

Request DefaultHttpRequest(decodeResult: success, version: HTTP/1.1)
POST /session/14f61660-7bcc-4279-b6a3-7163a94e0626/execute/sync HTTP/1.1
User-Agent: selenium/4.0.0-alpha-5 (java windows)
Content-Length: 39635
Content-Type: application/json; charset=utf-8
host: localhost:10889
accept: */*

Response DefaultHttpResponse(decodeResult: success, version: HTTP/1.1)
HTTP/1.1 200 OK
content-type: application/json; charset=utf-8
cache-control: no-cache
content-length: 15
date: Thu, 25 Jun 2020 12:50:24 GMT

15:50:24.840 [AsyncHttpClient-3-1] DEBUG o.a.netty.channel.ChannelManager - Adding key: http://localhost:10889 for channel [id: 0x7c68b8df, L:/127.0.0.1:64390 - R:localhost/127.0.0.1:10889]
15:50:24.840 [Forwarding findChildElement on session 14f61660-7bcc-4279-b6a3-7163a94e0626 to remote] DEBUG o.a.netty.request.NettyRequestSender - Using pooled Channel '[id: 0x7c68b8df, L:/127.0.0.1:64390 - R:localhost/127.0.0.1:10889]' for 'POST' to 'http://localhost:10889/session/14f61660-7bcc-4279-b6a3-7163a94e0626/element/2812f26f-14b3-43a3-9074-1cd0b66522e9/element'
15:50:24.840 [Forwarding findChildElement on session 14f61660-7bcc-4279-b6a3-7163a94e0626 to remote] DEBUG o.a.netty.request.NettyRequestSender - Using open Channel [id: 0x7c68b8df, L:/127.0.0.1:64390 - R:localhost/127.0.0.1:10889] for POST '/session/14f61660-7bcc-4279-b6a3-7163a94e0626/element/2812f26f-14b3-43a3-9074-1cd0b66522e9/element'
15:50:24.844 [AsyncHttpClient-3-1] DEBUG o.a.netty.handler.HttpHandler - 

Request DefaultHttpRequest(decodeResult: success, version: HTTP/1.1)
POST /session/14f61660-7bcc-4279-b6a3-7163a94e0626/element/2812f26f-14b3-43a3-9074-1cd0b66522e9/element HTTP/1.1
User-Agent: selenium/4.0.0-alpha-5 (java windows)
Content-Length: 103
Content-Type: application/json; charset=utf-8
host: localhost:10889
accept: */*

Response DefaultHttpResponse(decodeResult: success, version: HTTP/1.1)
HTTP/1.1 200 OK
content-type: application/json; charset=utf-8
cache-control: no-cache
content-length: 88
date: Thu, 25 Jun 2020 12:50:24 GMT

15:50:24.844 [AsyncHttpClient-3-1] DEBUG o.a.netty.channel.ChannelManager - Adding key: http://localhost:10889 for channel [id: 0x7c68b8df, L:/127.0.0.1:64390 - R:localhost/127.0.0.1:10889]
15:50:24.844 [Forwarding getElementText on session 14f61660-7bcc-4279-b6a3-7163a94e0626 to remote] DEBUG o.a.netty.request.NettyRequestSender - Using pooled Channel '[id: 0x7c68b8df, L:/127.0.0.1:64390 - R:localhost/127.0.0.1:10889]' for 'GET' to 'http://localhost:10889/session/14f61660-7bcc-4279-b6a3-7163a94e0626/element/f5671a63-de32-46fc-b53f-13c9ebc7c4c3/text'
15:50:24.844 [Forwarding getElementText on session 14f61660-7bcc-4279-b6a3-7163a94e0626 to remote] DEBUG o.a.netty.request.NettyRequestSender - Using open Channel [id: 0x7c68b8df, L:/127.0.0.1:64390 - R:localhost/127.0.0.1:10889] for GET '/session/14f61660-7bcc-4279-b6a3-7163a94e0626/element/f5671a63-de32-46fc-b53f-13c9ebc7c4c3/text'
15:50:24.848 [AsyncHttpClient-3-1] DEBUG o.a.netty.handler.HttpHandler - 

Request DefaultFullHttpRequest(decodeResult: success, version: HTTP/1.1, content: EmptyByteBufBE)
GET /session/14f61660-7bcc-4279-b6a3-7163a94e0626/element/f5671a63-de32-46fc-b53f-13c9ebc7c4c3/text HTTP/1.1
User-Agent: selenium/4.0.0-alpha-5 (java windows)
Cache-Control: no-cache
host: localhost:10889
accept: */*

Response DefaultHttpResponse(decodeResult: success, version: HTTP/1.1)
HTTP/1.1 200 OK
content-type: application/json; charset=utf-8
cache-control: no-cache
content-length: 18
date: Thu, 25 Jun 2020 12:50:24 GMT

15:50:24.849 [AsyncHttpClient-3-1] DEBUG o.a.netty.channel.ChannelManager - Adding key: http://localhost:10889 for channel [id: 0x7c68b8df, L:/127.0.0.1:64390 - R:localhost/127.0.0.1:10889]
15:50:24.849 [Forwarding findChildElement on session 14f61660-7bcc-4279-b6a3-7163a94e0626 to remote] DEBUG o.a.netty.request.NettyRequestSender - Using pooled Channel '[id: 0x7c68b8df, L:/127.0.0.1:64390 - R:localhost/127.0.0.1:10889]' for 'POST' to 'http://localhost:10889/session/14f61660-7bcc-4279-b6a3-7163a94e0626/element/2812f26f-14b3-43a3-9074-1cd0b66522e9/element'
15:50:24.849 [Forwarding findChildElement on session 14f61660-7bcc-4279-b6a3-7163a94e0626 to remote] DEBUG o.a.netty.request.NettyRequestSender - Using open Channel [id: 0x7c68b8df, L:/127.0.0.1:64390 - R:localhost/127.0.0.1:10889] for POST '/session/14f61660-7bcc-4279-b6a3-7163a94e0626/element/2812f26f-14b3-43a3-9074-1cd0b66522e9/element'
15:50:24.853 [AsyncHttpClient-3-1] DEBUG o.a.netty.handler.HttpHandler - 

Request DefaultHttpRequest(decodeResult: success, version: HTTP/1.1)
POST /session/14f61660-7bcc-4279-b6a3-7163a94e0626/element/2812f26f-14b3-43a3-9074-1cd0b66522e9/element HTTP/1.1
User-Agent: selenium/4.0.0-alpha-5 (java windows)
Content-Length: 103
Content-Type: application/json; charset=utf-8
host: localhost:10889
accept: */*

Response DefaultHttpResponse(decodeResult: success, version: HTTP/1.1)
HTTP/1.1 200 OK
content-type: application/json; charset=utf-8
cache-control: no-cache
content-length: 88
date: Thu, 25 Jun 2020 12:50:24 GMT

15:50:24.853 [AsyncHttpClient-3-1] DEBUG o.a.netty.channel.ChannelManager - Adding key: http://localhost:10889 for channel [id: 0x7c68b8df, L:/127.0.0.1:64390 - R:localhost/127.0.0.1:10889]
15:50:24.853 [Forwarding getElementText on session 14f61660-7bcc-4279-b6a3-7163a94e0626 to remote] DEBUG o.a.netty.request.NettyRequestSender - Using pooled Channel '[id: 0x7c68b8df, L:/127.0.0.1:64390 - R:localhost/127.0.0.1:10889]' for 'GET' to 'http://localhost:10889/session/14f61660-7bcc-4279-b6a3-7163a94e0626/element/8fa7cdf8-da7f-44e4-8171-328b431f261f/text'
15:50:24.854 [Forwarding getElementText on session 14f61660-7bcc-4279-b6a3-7163a94e0626 to remote] DEBUG o.a.netty.request.NettyRequestSender - Using open Channel [id: 0x7c68b8df, L:/127.0.0.1:64390 - R:localhost/127.0.0.1:10889] for GET '/session/14f61660-7bcc-4279-b6a3-7163a94e0626/element/8fa7cdf8-da7f-44e4-8171-328b431f261f/text'
15:50:24.858 [AsyncHttpClient-3-1] DEBUG o.a.netty.handler.HttpHandler - 

Request DefaultFullHttpRequest(decodeResult: success, version: HTTP/1.1, content: EmptyByteBufBE)
GET /session/14f61660-7bcc-4279-b6a3-7163a94e0626/element/8fa7cdf8-da7f-44e4-8171-328b431f261f/text HTTP/1.1
User-Agent: selenium/4.0.0-alpha-5 (java windows)
Cache-Control: no-cache
host: localhost:10889
accept: */*

Response DefaultHttpResponse(decodeResult: success, version: HTTP/1.1)
HTTP/1.1 200 OK
content-type: application/json; charset=utf-8
cache-control: no-cache
content-length: 22
date: Thu, 25 Jun 2020 12:50:24 GMT

15:50:24.858 [AsyncHttpClient-3-1] DEBUG o.a.netty.channel.ChannelManager - Adding key: http://localhost:10889 for channel [id: 0x7c68b8df, L:/127.0.0.1:64390 - R:localhost/127.0.0.1:10889]
15:50:24.858 [Forwarding findChildElement on session 14f61660-7bcc-4279-b6a3-7163a94e0626 to remote] DEBUG o.a.netty.request.NettyRequestSender - Using pooled Channel '[id: 0x7c68b8df, L:/127.0.0.1:64390 - R:localhost/127.0.0.1:10889]' for 'POST' to 'http://localhost:10889/session/14f61660-7bcc-4279-b6a3-7163a94e0626/element/2812f26f-14b3-43a3-9074-1cd0b66522e9/element'
15:50:24.858 [Forwarding findChildElement on session 14f61660-7bcc-4279-b6a3-7163a94e0626 to remote] DEBUG o.a.netty.request.NettyRequestSender - Using open Channel [id: 0x7c68b8df, L:/127.0.0.1:64390 - R:localhost/127.0.0.1:10889] for POST '/session/14f61660-7bcc-4279-b6a3-7163a94e0626/element/2812f26f-14b3-43a3-9074-1cd0b66522e9/element'
15:50:24.862 [AsyncHttpClient-3-1] DEBUG o.a.netty.handler.HttpHandler - 

Request DefaultHttpRequest(decodeResult: success, version: HTTP/1.1)
POST /session/14f61660-7bcc-4279-b6a3-7163a94e0626/element/2812f26f-14b3-43a3-9074-1cd0b66522e9/element HTTP/1.1
User-Agent: selenium/4.0.0-alpha-5 (java windows)
Content-Length: 103
Content-Type: application/json; charset=utf-8
host: localhost:10889
accept: */*

Response DefaultHttpResponse(decodeResult: success, version: HTTP/1.1)
HTTP/1.1 200 OK
content-type: application/json; charset=utf-8
cache-control: no-cache
content-length: 88
date: Thu, 25 Jun 2020 12:50:24 GMT

15:50:24.862 [AsyncHttpClient-3-1] DEBUG o.a.netty.channel.ChannelManager - Adding key: http://localhost:10889 for channel [id: 0x7c68b8df, L:/127.0.0.1:64390 - R:localhost/127.0.0.1:10889]
15:50:24.862 [Forwarding getElementText on session 14f61660-7bcc-4279-b6a3-7163a94e0626 to remote] DEBUG o.a.netty.request.NettyRequestSender - Using pooled Channel '[id: 0x7c68b8df, L:/127.0.0.1:64390 - R:localhost/127.0.0.1:10889]' for 'GET' to 'http://localhost:10889/session/14f61660-7bcc-4279-b6a3-7163a94e0626/element/475790b5-c5d8-49be-969f-fdb4f7abb784/text'
15:50:24.862 [Forwarding getElementText on session 14f61660-7bcc-4279-b6a3-7163a94e0626 to remote] DEBUG o.a.netty.request.NettyRequestSender - Using open Channel [id: 0x7c68b8df, L:/127.0.0.1:64390 - R:localhost/127.0.0.1:10889] for GET '/session/14f61660-7bcc-4279-b6a3-7163a94e0626/element/475790b5-c5d8-49be-969f-fdb4f7abb784/text'
15:50:24.866 [AsyncHttpClient-3-1] DEBUG o.a.netty.handler.HttpHandler - 

Request DefaultFullHttpRequest(decodeResult: success, version: HTTP/1.1, content: EmptyByteBufBE)
GET /session/14f61660-7bcc-4279-b6a3-7163a94e0626/element/475790b5-c5d8-49be-969f-fdb4f7abb784/text HTTP/1.1
User-Agent: selenium/4.0.0-alpha-5 (java windows)
Cache-Control: no-cache
host: localhost:10889
accept: */*

Response DefaultHttpResponse(decodeResult: success, version: HTTP/1.1)
HTTP/1.1 200 OK
content-type: application/json; charset=utf-8
cache-control: no-cache
content-length: 21
date: Thu, 25 Jun 2020 12:50:24 GMT

15:50:24.866 [AsyncHttpClient-3-1] DEBUG o.a.netty.channel.ChannelManager - Adding key: http://localhost:10889 for channel [id: 0x7c68b8df, L:/127.0.0.1:64390 - R:localhost/127.0.0.1:10889]
15:50:24.867 [Forwarding findChildElement on session 14f61660-7bcc-4279-b6a3-7163a94e0626 to remote] DEBUG o.a.netty.request.NettyRequestSender - Using pooled Channel '[id: 0x7c68b8df, L:/127.0.0.1:64390 - R:localhost/127.0.0.1:10889]' for 'POST' to 'http://localhost:10889/session/14f61660-7bcc-4279-b6a3-7163a94e0626/element/2812f26f-14b3-43a3-9074-1cd0b66522e9/element'
15:50:24.867 [Forwarding findChildElement on session 14f61660-7bcc-4279-b6a3-7163a94e0626 to remote] DEBUG o.a.netty.request.NettyRequestSender - Using open Channel [id: 0x7c68b8df, L:/127.0.0.1:64390 - R:localhost/127.0.0.1:10889] for POST '/session/14f61660-7bcc-4279-b6a3-7163a94e0626/element/2812f26f-14b3-43a3-9074-1cd0b66522e9/element'
15:50:24.871 [AsyncHttpClient-3-1] DEBUG o.a.netty.handler.HttpHandler - 

Request DefaultHttpRequest(decodeResult: success, version: HTTP/1.1)
POST /session/14f61660-7bcc-4279-b6a3-7163a94e0626/element/2812f26f-14b3-43a3-9074-1cd0b66522e9/element HTTP/1.1
User-Agent: selenium/4.0.0-alpha-5 (java windows)
Content-Length: 103
Content-Type: application/json; charset=utf-8
host: localhost:10889
accept: */*

Response DefaultHttpResponse(decodeResult: success, version: HTTP/1.1)
HTTP/1.1 200 OK
content-type: application/json; charset=utf-8
cache-control: no-cache
content-length: 88
date: Thu, 25 Jun 2020 12:50:24 GMT

15:50:24.871 [AsyncHttpClient-3-1] DEBUG o.a.netty.channel.ChannelManager - Adding key: http://localhost:10889 for channel [id: 0x7c68b8df, L:/127.0.0.1:64390 - R:localhost/127.0.0.1:10889]
15:50:24.871 [Forwarding getElementText on session 14f61660-7bcc-4279-b6a3-7163a94e0626 to remote] DEBUG o.a.netty.request.NettyRequestSender - Using pooled Channel '[id: 0x7c68b8df, L:/127.0.0.1:64390 - R:localhost/127.0.0.1:10889]' for 'GET' to 'http://localhost:10889/session/14f61660-7bcc-4279-b6a3-7163a94e0626/element/19f07393-26bb-4fba-8270-c46b81c227ef/text'
15:50:24.871 [Forwarding getElementText on session 14f61660-7bcc-4279-b6a3-7163a94e0626 to remote] DEBUG o.a.netty.request.NettyRequestSender - Using open Channel [id: 0x7c68b8df, L:/127.0.0.1:64390 - R:localhost/127.0.0.1:10889] for GET '/session/14f61660-7bcc-4279-b6a3-7163a94e0626/element/19f07393-26bb-4fba-8270-c46b81c227ef/text'
15:50:24.875 [AsyncHttpClient-3-1] DEBUG o.a.netty.handler.HttpHandler - 

Request DefaultFullHttpRequest(decodeResult: success, version: HTTP/1.1, content: EmptyByteBufBE)
GET /session/14f61660-7bcc-4279-b6a3-7163a94e0626/element/19f07393-26bb-4fba-8270-c46b81c227ef/text HTTP/1.1
User-Agent: selenium/4.0.0-alpha-5 (java windows)
Cache-Control: no-cache
host: localhost:10889
accept: */*

Response DefaultHttpResponse(decodeResult: success, version: HTTP/1.1)
HTTP/1.1 200 OK
content-type: application/json; charset=utf-8
cache-control: no-cache
content-length: 45
date: Thu, 25 Jun 2020 12:50:24 GMT

15:50:24.875 [AsyncHttpClient-3-1] DEBUG o.a.netty.channel.ChannelManager - Adding key: http://localhost:10889 for channel [id: 0x7c68b8df, L:/127.0.0.1:64390 - R:localhost/127.0.0.1:10889]
15:50:24.876 [Forwarding findChildElement on session 14f61660-7bcc-4279-b6a3-7163a94e0626 to remote] DEBUG o.a.netty.request.NettyRequestSender - Using pooled Channel '[id: 0x7c68b8df, L:/127.0.0.1:64390 - R:localhost/127.0.0.1:10889]' for 'POST' to 'http://localhost:10889/session/14f61660-7bcc-4279-b6a3-7163a94e0626/element/2812f26f-14b3-43a3-9074-1cd0b66522e9/element'
15:50:24.876 [Forwarding findChildElement on session 14f61660-7bcc-4279-b6a3-7163a94e0626 to remote] DEBUG o.a.netty.request.NettyRequestSender - Using open Channel [id: 0x7c68b8df, L:/127.0.0.1:64390 - R:localhost/127.0.0.1:10889] for POST '/session/14f61660-7bcc-4279-b6a3-7163a94e0626/element/2812f26f-14b3-43a3-9074-1cd0b66522e9/element'
15:50:24.879 [AsyncHttpClient-3-1] DEBUG o.a.netty.handler.HttpHandler - 

Request DefaultHttpRequest(decodeResult: success, version: HTTP/1.1)
POST /session/14f61660-7bcc-4279-b6a3-7163a94e0626/element/2812f26f-14b3-43a3-9074-1cd0b66522e9/element HTTP/1.1
User-Agent: selenium/4.0.0-alpha-5 (java windows)
Content-Length: 103
Content-Type: application/json; charset=utf-8
host: localhost:10889
accept: */*

Response DefaultHttpResponse(decodeResult: success, version: HTTP/1.1)
HTTP/1.1 200 OK
content-type: application/json; charset=utf-8
cache-control: no-cache
content-length: 88
date: Thu, 25 Jun 2020 12:50:24 GMT

15:50:24.879 [AsyncHttpClient-3-1] DEBUG o.a.netty.channel.ChannelManager - Adding key: http://localhost:10889 for channel [id: 0x7c68b8df, L:/127.0.0.1:64390 - R:localhost/127.0.0.1:10889]
15:50:24.879 [Forwarding getElementText on session 14f61660-7bcc-4279-b6a3-7163a94e0626 to remote] DEBUG o.a.netty.request.NettyRequestSender - Using pooled Channel '[id: 0x7c68b8df, L:/127.0.0.1:64390 - R:localhost/127.0.0.1:10889]' for 'GET' to 'http://localhost:10889/session/14f61660-7bcc-4279-b6a3-7163a94e0626/element/c5da0cf6-3e32-4f60-ba75-2b0d1608a656/text'
15:50:24.880 [Forwarding getElementText on session 14f61660-7bcc-4279-b6a3-7163a94e0626 to remote] DEBUG o.a.netty.request.NettyRequestSender - Using open Channel [id: 0x7c68b8df, L:/127.0.0.1:64390 - R:localhost/127.0.0.1:10889] for GET '/session/14f61660-7bcc-4279-b6a3-7163a94e0626/element/c5da0cf6-3e32-4f60-ba75-2b0d1608a656/text'
15:50:24.886 [AsyncHttpClient-3-1] DEBUG o.a.netty.handler.HttpHandler - 

Request DefaultFullHttpRequest(decodeResult: success, version: HTTP/1.1, content: EmptyByteBufBE)
GET /session/14f61660-7bcc-4279-b6a3-7163a94e0626/element/c5da0cf6-3e32-4f60-ba75-2b0d1608a656/text HTTP/1.1
User-Agent: selenium/4.0.0-alpha-5 (java windows)
Cache-Control: no-cache
host: localhost:10889
accept: */*

Response DefaultHttpResponse(decodeResult: success, version: HTTP/1.1)
HTTP/1.1 200 OK
content-type: application/json; charset=utf-8
cache-control: no-cache
content-length: 57
date: Thu, 25 Jun 2020 12:50:24 GMT

15:50:24.886 [AsyncHttpClient-3-1] DEBUG o.a.netty.channel.ChannelManager - Adding key: http://localhost:10889 for channel [id: 0x7c68b8df, L:/127.0.0.1:64390 - R:localhost/127.0.0.1:10889]
15:50:24.887 [Forwarding findChildElement on session 14f61660-7bcc-4279-b6a3-7163a94e0626 to remote] DEBUG o.a.netty.request.NettyRequestSender - Using pooled Channel '[id: 0x7c68b8df, L:/127.0.0.1:64390 - R:localhost/127.0.0.1:10889]' for 'POST' to 'http://localhost:10889/session/14f61660-7bcc-4279-b6a3-7163a94e0626/element/2812f26f-14b3-43a3-9074-1cd0b66522e9/element'
15:50:24.887 [Forwarding findChildElement on session 14f61660-7bcc-4279-b6a3-7163a94e0626 to remote] DEBUG o.a.netty.request.NettyRequestSender - Using open Channel [id: 0x7c68b8df, L:/127.0.0.1:64390 - R:localhost/127.0.0.1:10889] for POST '/session/14f61660-7bcc-4279-b6a3-7163a94e0626/element/2812f26f-14b3-43a3-9074-1cd0b66522e9/element'
15:50:24.891 [AsyncHttpClient-3-1] DEBUG o.a.netty.handler.HttpHandler - 

Request DefaultHttpRequest(decodeResult: success, version: HTTP/1.1)
POST /session/14f61660-7bcc-4279-b6a3-7163a94e0626/element/2812f26f-14b3-43a3-9074-1cd0b66522e9/element HTTP/1.1
User-Agent: selenium/4.0.0-alpha-5 (java windows)
Content-Length: 97
Content-Type: application/json; charset=utf-8
host: localhost:10889
accept: */*

Response DefaultHttpResponse(decodeResult: success, version: HTTP/1.1)
HTTP/1.1 200 OK
content-type: application/json; charset=utf-8
cache-control: no-cache
content-length: 88
date: Thu, 25 Jun 2020 12:50:24 GMT

15:50:24.891 [AsyncHttpClient-3-1] DEBUG o.a.netty.channel.ChannelManager - Adding key: http://localhost:10889 for channel [id: 0x7c68b8df, L:/127.0.0.1:64390 - R:localhost/127.0.0.1:10889]
15:50:24.893 [Forwarding getElementAttribute on session 14f61660-7bcc-4279-b6a3-7163a94e0626 to remote] DEBUG o.a.netty.request.NettyRequestSender - Using pooled Channel '[id: 0x7c68b8df, L:/127.0.0.1:64390 - R:localhost/127.0.0.1:10889]' for 'POST' to 'http://localhost:10889/session/14f61660-7bcc-4279-b6a3-7163a94e0626/execute/sync'
15:50:24.893 [Forwarding getElementAttribute on session 14f61660-7bcc-4279-b6a3-7163a94e0626 to remote] DEBUG o.a.netty.request.NettyRequestSender - Using open Channel [id: 0x7c68b8df, L:/127.0.0.1:64390 - R:localhost/127.0.0.1:10889] for POST '/session/14f61660-7bcc-4279-b6a3-7163a94e0626/execute/sync'
15:50:24.906 [AsyncHttpClient-3-1] DEBUG o.a.netty.handler.HttpHandler - 

Request DefaultHttpRequest(decodeResult: success, version: HTTP/1.1)
POST /session/14f61660-7bcc-4279-b6a3-7163a94e0626/execute/sync HTTP/1.1
User-Agent: selenium/4.0.0-alpha-5 (java windows)
Content-Length: 39635
Content-Type: application/json; charset=utf-8
host: localhost:10889
accept: */*

Response DefaultHttpResponse(decodeResult: success, version: HTTP/1.1)
HTTP/1.1 200 OK
content-type: application/json; charset=utf-8
cache-control: no-cache
content-length: 15
date: Thu, 25 Jun 2020 12:50:24 GMT

15:50:24.906 [AsyncHttpClient-3-1] DEBUG o.a.netty.channel.ChannelManager - Adding key: http://localhost:10889 for channel [id: 0x7c68b8df, L:/127.0.0.1:64390 - R:localhost/127.0.0.1:10889]
15:50:24.907 [Forwarding findChildElement on session 14f61660-7bcc-4279-b6a3-7163a94e0626 to remote] DEBUG o.a.netty.request.NettyRequestSender - Using pooled Channel '[id: 0x7c68b8df, L:/127.0.0.1:64390 - R:localhost/127.0.0.1:10889]' for 'POST' to 'http://localhost:10889/session/14f61660-7bcc-4279-b6a3-7163a94e0626/element/83e4cb76-9396-4c66-a97a-eb9e8af3749e/element'
15:50:24.907 [Forwarding findChildElement on session 14f61660-7bcc-4279-b6a3-7163a94e0626 to remote] DEBUG o.a.netty.request.NettyRequestSender - Using open Channel [id: 0x7c68b8df, L:/127.0.0.1:64390 - R:localhost/127.0.0.1:10889] for POST '/session/14f61660-7bcc-4279-b6a3-7163a94e0626/element/83e4cb76-9396-4c66-a97a-eb9e8af3749e/element'
15:50:24.910 [AsyncHttpClient-3-1] DEBUG o.a.netty.handler.HttpHandler - 

Request DefaultHttpRequest(decodeResult: success, version: HTTP/1.1)
POST /session/14f61660-7bcc-4279-b6a3-7163a94e0626/element/83e4cb76-9396-4c66-a97a-eb9e8af3749e/element HTTP/1.1
User-Agent: selenium/4.0.0-alpha-5 (java windows)
Content-Length: 103
Content-Type: application/json; charset=utf-8
host: localhost:10889
accept: */*

Response DefaultHttpResponse(decodeResult: success, version: HTTP/1.1)
HTTP/1.1 200 OK
content-type: application/json; charset=utf-8
cache-control: no-cache
content-length: 88
date: Thu, 25 Jun 2020 12:50:24 GMT

15:50:24.910 [AsyncHttpClient-3-1] DEBUG o.a.netty.channel.ChannelManager - Adding key: http://localhost:10889 for channel [id: 0x7c68b8df, L:/127.0.0.1:64390 - R:localhost/127.0.0.1:10889]
15:50:24.911 [Forwarding getElementText on session 14f61660-7bcc-4279-b6a3-7163a94e0626 to remote] DEBUG o.a.netty.request.NettyRequestSender - Using pooled Channel '[id: 0x7c68b8df, L:/127.0.0.1:64390 - R:localhost/127.0.0.1:10889]' for 'GET' to 'http://localhost:10889/session/14f61660-7bcc-4279-b6a3-7163a94e0626/element/092a23b5-13e3-44c6-82bd-35f887607cdd/text'
15:50:24.911 [Forwarding getElementText on session 14f61660-7bcc-4279-b6a3-7163a94e0626 to remote] DEBUG o.a.netty.request.NettyRequestSender - Using open Channel [id: 0x7c68b8df, L:/127.0.0.1:64390 - R:localhost/127.0.0.1:10889] for GET '/session/14f61660-7bcc-4279-b6a3-7163a94e0626/element/092a23b5-13e3-44c6-82bd-35f887607cdd/text'
15:50:24.915 [AsyncHttpClient-3-1] DEBUG o.a.netty.handler.HttpHandler - 

Request DefaultFullHttpRequest(decodeResult: success, version: HTTP/1.1, content: EmptyByteBufBE)
GET /session/14f61660-7bcc-4279-b6a3-7163a94e0626/element/092a23b5-13e3-44c6-82bd-35f887607cdd/text HTTP/1.1
User-Agent: selenium/4.0.0-alpha-5 (java windows)
Cache-Control: no-cache
host: localhost:10889
accept: */*

Response DefaultHttpResponse(decodeResult: success, version: HTTP/1.1)
HTTP/1.1 200 OK
content-type: application/json; charset=utf-8
cache-control: no-cache
content-length: 18
date: Thu, 25 Jun 2020 12:50:24 GMT

15:50:24.915 [AsyncHttpClient-3-1] DEBUG o.a.netty.channel.ChannelManager - Adding key: http://localhost:10889 for channel [id: 0x7c68b8df, L:/127.0.0.1:64390 - R:localhost/127.0.0.1:10889]
15:50:24.915 [Forwarding findChildElement on session 14f61660-7bcc-4279-b6a3-7163a94e0626 to remote] DEBUG o.a.netty.request.NettyRequestSender - Using pooled Channel '[id: 0x7c68b8df, L:/127.0.0.1:64390 - R:localhost/127.0.0.1:10889]' for 'POST' to 'http://localhost:10889/session/14f61660-7bcc-4279-b6a3-7163a94e0626/element/83e4cb76-9396-4c66-a97a-eb9e8af3749e/element'
15:50:24.915 [Forwarding findChildElement on session 14f61660-7bcc-4279-b6a3-7163a94e0626 to remote] DEBUG o.a.netty.request.NettyRequestSender - Using open Channel [id: 0x7c68b8df, L:/127.0.0.1:64390 - R:localhost/127.0.0.1:10889] for POST '/session/14f61660-7bcc-4279-b6a3-7163a94e0626/element/83e4cb76-9396-4c66-a97a-eb9e8af3749e/element'
15:50:24.918 [AsyncHttpClient-3-1] DEBUG o.a.netty.handler.HttpHandler - 

Request DefaultHttpRequest(decodeResult: success, version: HTTP/1.1)
POST /session/14f61660-7bcc-4279-b6a3-7163a94e0626/element/83e4cb76-9396-4c66-a97a-eb9e8af3749e/element HTTP/1.1
User-Agent: selenium/4.0.0-alpha-5 (java windows)
Content-Length: 103
Content-Type: application/json; charset=utf-8
host: localhost:10889
accept: */*

Response DefaultHttpResponse(decodeResult: success, version: HTTP/1.1)
HTTP/1.1 200 OK
content-type: application/json; charset=utf-8
cache-control: no-cache
content-length: 88
date: Thu, 25 Jun 2020 12:50:24 GMT

15:50:24.918 [AsyncHttpClient-3-1] DEBUG o.a.netty.channel.ChannelManager - Adding key: http://localhost:10889 for channel [id: 0x7c68b8df, L:/127.0.0.1:64390 - R:localhost/127.0.0.1:10889]
15:50:24.919 [Forwarding getElementText on session 14f61660-7bcc-4279-b6a3-7163a94e0626 to remote] DEBUG o.a.netty.request.NettyRequestSender - Using pooled Channel '[id: 0x7c68b8df, L:/127.0.0.1:64390 - R:localhost/127.0.0.1:10889]' for 'GET' to 'http://localhost:10889/session/14f61660-7bcc-4279-b6a3-7163a94e0626/element/4d28f0cf-2833-4125-8eac-8748050fdc86/text'
15:50:24.919 [Forwarding getElementText on session 14f61660-7bcc-4279-b6a3-7163a94e0626 to remote] DEBUG o.a.netty.request.NettyRequestSender - Using open Channel [id: 0x7c68b8df, L:/127.0.0.1:64390 - R:localhost/127.0.0.1:10889] for GET '/session/14f61660-7bcc-4279-b6a3-7163a94e0626/element/4d28f0cf-2833-4125-8eac-8748050fdc86/text'
15:50:24.924 [AsyncHttpClient-3-1] DEBUG o.a.netty.handler.HttpHandler - 

Request DefaultFullHttpRequest(decodeResult: success, version: HTTP/1.1, content: EmptyByteBufBE)
GET /session/14f61660-7bcc-4279-b6a3-7163a94e0626/element/4d28f0cf-2833-4125-8eac-8748050fdc86/text HTTP/1.1
User-Agent: selenium/4.0.0-alpha-5 (java windows)
Cache-Control: no-cache
host: localhost:10889
accept: */*

Response DefaultHttpResponse(decodeResult: success, version: HTTP/1.1)
HTTP/1.1 200 OK
content-type: application/json; charset=utf-8
cache-control: no-cache
content-length: 22
date: Thu, 25 Jun 2020 12:50:24 GMT

15:50:24.924 [AsyncHttpClient-3-1] DEBUG o.a.netty.channel.ChannelManager - Adding key: http://localhost:10889 for channel [id: 0x7c68b8df, L:/127.0.0.1:64390 - R:localhost/127.0.0.1:10889]
15:50:24.924 [Forwarding findChildElement on session 14f61660-7bcc-4279-b6a3-7163a94e0626 to remote] DEBUG o.a.netty.request.NettyRequestSender - Using pooled Channel '[id: 0x7c68b8df, L:/127.0.0.1:64390 - R:localhost/127.0.0.1:10889]' for 'POST' to 'http://localhost:10889/session/14f61660-7bcc-4279-b6a3-7163a94e0626/element/83e4cb76-9396-4c66-a97a-eb9e8af3749e/element'
15:50:24.924 [Forwarding findChildElement on session 14f61660-7bcc-4279-b6a3-7163a94e0626 to remote] DEBUG o.a.netty.request.NettyRequestSender - Using open Channel [id: 0x7c68b8df, L:/127.0.0.1:64390 - R:localhost/127.0.0.1:10889] for POST '/session/14f61660-7bcc-4279-b6a3-7163a94e0626/element/83e4cb76-9396-4c66-a97a-eb9e8af3749e/element'
15:50:24.928 [AsyncHttpClient-3-1] DEBUG o.a.netty.handler.HttpHandler - 

Request DefaultHttpRequest(decodeResult: success, version: HTTP/1.1)
POST /session/14f61660-7bcc-4279-b6a3-7163a94e0626/element/83e4cb76-9396-4c66-a97a-eb9e8af3749e/element HTTP/1.1
User-Agent: selenium/4.0.0-alpha-5 (java windows)
Content-Length: 103
Content-Type: application/json; charset=utf-8
host: localhost:10889
accept: */*

Response DefaultHttpResponse(decodeResult: success, version: HTTP/1.1)
HTTP/1.1 200 OK
content-type: application/json; charset=utf-8
cache-control: no-cache
content-length: 88
date: Thu, 25 Jun 2020 12:50:24 GMT

15:50:24.928 [AsyncHttpClient-3-1] DEBUG o.a.netty.channel.ChannelManager - Adding key: http://localhost:10889 for channel [id: 0x7c68b8df, L:/127.0.0.1:64390 - R:localhost/127.0.0.1:10889]
15:50:24.929 [Forwarding getElementText on session 14f61660-7bcc-4279-b6a3-7163a94e0626 to remote] DEBUG o.a.netty.request.NettyRequestSender - Using pooled Channel '[id: 0x7c68b8df, L:/127.0.0.1:64390 - R:localhost/127.0.0.1:10889]' for 'GET' to 'http://localhost:10889/session/14f61660-7bcc-4279-b6a3-7163a94e0626/element/b2b2c663-e965-4546-b704-11da21719298/text'
15:50:24.929 [Forwarding getElementText on session 14f61660-7bcc-4279-b6a3-7163a94e0626 to remote] DEBUG o.a.netty.request.NettyRequestSender - Using open Channel [id: 0x7c68b8df, L:/127.0.0.1:64390 - R:localhost/127.0.0.1:10889] for GET '/session/14f61660-7bcc-4279-b6a3-7163a94e0626/element/b2b2c663-e965-4546-b704-11da21719298/text'
15:50:24.933 [AsyncHttpClient-3-1] DEBUG o.a.netty.handler.HttpHandler - 

Request DefaultFullHttpRequest(decodeResult: success, version: HTTP/1.1, content: EmptyByteBufBE)
GET /session/14f61660-7bcc-4279-b6a3-7163a94e0626/element/b2b2c663-e965-4546-b704-11da21719298/text HTTP/1.1
User-Agent: selenium/4.0.0-alpha-5 (java windows)
Cache-Control: no-cache
host: localhost:10889
accept: */*

Response DefaultHttpResponse(decodeResult: success, version: HTTP/1.1)
HTTP/1.1 200 OK
content-type: application/json; charset=utf-8
cache-control: no-cache
content-length: 21
date: Thu, 25 Jun 2020 12:50:24 GMT

15:50:24.934 [AsyncHttpClient-3-1] DEBUG o.a.netty.channel.ChannelManager - Adding key: http://localhost:10889 for channel [id: 0x7c68b8df, L:/127.0.0.1:64390 - R:localhost/127.0.0.1:10889]
15:50:24.934 [Forwarding findChildElement on session 14f61660-7bcc-4279-b6a3-7163a94e0626 to remote] DEBUG o.a.netty.request.NettyRequestSender - Using pooled Channel '[id: 0x7c68b8df, L:/127.0.0.1:64390 - R:localhost/127.0.0.1:10889]' for 'POST' to 'http://localhost:10889/session/14f61660-7bcc-4279-b6a3-7163a94e0626/element/83e4cb76-9396-4c66-a97a-eb9e8af3749e/element'
15:50:24.934 [Forwarding findChildElement on session 14f61660-7bcc-4279-b6a3-7163a94e0626 to remote] DEBUG o.a.netty.request.NettyRequestSender - Using open Channel [id: 0x7c68b8df, L:/127.0.0.1:64390 - R:localhost/127.0.0.1:10889] for POST '/session/14f61660-7bcc-4279-b6a3-7163a94e0626/element/83e4cb76-9396-4c66-a97a-eb9e8af3749e/element'
15:50:24.938 [AsyncHttpClient-3-1] DEBUG o.a.netty.handler.HttpHandler - 

Request DefaultHttpRequest(decodeResult: success, version: HTTP/1.1)
POST /session/14f61660-7bcc-4279-b6a3-7163a94e0626/element/83e4cb76-9396-4c66-a97a-eb9e8af3749e/element HTTP/1.1
User-Agent: selenium/4.0.0-alpha-5 (java windows)
Content-Length: 103
Content-Type: application/json; charset=utf-8
host: localhost:10889
accept: */*

Response DefaultHttpResponse(decodeResult: success, version: HTTP/1.1)
HTTP/1.1 200 OK
content-type: application/json; charset=utf-8
cache-control: no-cache
content-length: 88
date: Thu, 25 Jun 2020 12:50:24 GMT

15:50:24.938 [AsyncHttpClient-3-1] DEBUG o.a.netty.channel.ChannelManager - Adding key: http://localhost:10889 for channel [id: 0x7c68b8df, L:/127.0.0.1:64390 - R:localhost/127.0.0.1:10889]
15:50:24.938 [Forwarding getElementText on session 14f61660-7bcc-4279-b6a3-7163a94e0626 to remote] DEBUG o.a.netty.request.NettyRequestSender - Using pooled Channel '[id: 0x7c68b8df, L:/127.0.0.1:64390 - R:localhost/127.0.0.1:10889]' for 'GET' to 'http://localhost:10889/session/14f61660-7bcc-4279-b6a3-7163a94e0626/element/54675890-6007-45cd-9927-8436e88f548e/text'
15:50:24.939 [Forwarding getElementText on session 14f61660-7bcc-4279-b6a3-7163a94e0626 to remote] DEBUG o.a.netty.request.NettyRequestSender - Using open Channel [id: 0x7c68b8df, L:/127.0.0.1:64390 - R:localhost/127.0.0.1:10889] for GET '/session/14f61660-7bcc-4279-b6a3-7163a94e0626/element/54675890-6007-45cd-9927-8436e88f548e/text'
15:50:24.942 [AsyncHttpClient-3-1] DEBUG o.a.netty.handler.HttpHandler - 

Request DefaultFullHttpRequest(decodeResult: success, version: HTTP/1.1, content: EmptyByteBufBE)
GET /session/14f61660-7bcc-4279-b6a3-7163a94e0626/element/54675890-6007-45cd-9927-8436e88f548e/text HTTP/1.1
User-Agent: selenium/4.0.0-alpha-5 (java windows)
Cache-Control: no-cache
host: localhost:10889
accept: */*

Response DefaultHttpResponse(decodeResult: success, version: HTTP/1.1)
HTTP/1.1 200 OK
content-type: application/json; charset=utf-8
cache-control: no-cache
content-length: 45
date: Thu, 25 Jun 2020 12:50:24 GMT

15:50:24.943 [AsyncHttpClient-3-1] DEBUG o.a.netty.channel.ChannelManager - Adding key: http://localhost:10889 for channel [id: 0x7c68b8df, L:/127.0.0.1:64390 - R:localhost/127.0.0.1:10889]
15:50:24.943 [Forwarding findChildElement on session 14f61660-7bcc-4279-b6a3-7163a94e0626 to remote] DEBUG o.a.netty.request.NettyRequestSender - Using pooled Channel '[id: 0x7c68b8df, L:/127.0.0.1:64390 - R:localhost/127.0.0.1:10889]' for 'POST' to 'http://localhost:10889/session/14f61660-7bcc-4279-b6a3-7163a94e0626/element/83e4cb76-9396-4c66-a97a-eb9e8af3749e/element'
15:50:24.943 [Forwarding findChildElement on session 14f61660-7bcc-4279-b6a3-7163a94e0626 to remote] DEBUG o.a.netty.request.NettyRequestSender - Using open Channel [id: 0x7c68b8df, L:/127.0.0.1:64390 - R:localhost/127.0.0.1:10889] for POST '/session/14f61660-7bcc-4279-b6a3-7163a94e0626/element/83e4cb76-9396-4c66-a97a-eb9e8af3749e/element'
15:50:24.946 [AsyncHttpClient-3-1] DEBUG o.a.netty.handler.HttpHandler - 

Request DefaultHttpRequest(decodeResult: success, version: HTTP/1.1)
POST /session/14f61660-7bcc-4279-b6a3-7163a94e0626/element/83e4cb76-9396-4c66-a97a-eb9e8af3749e/element HTTP/1.1
User-Agent: selenium/4.0.0-alpha-5 (java windows)
Content-Length: 103
Content-Type: application/json; charset=utf-8
host: localhost:10889
accept: */*

Response DefaultHttpResponse(decodeResult: success, version: HTTP/1.1)
HTTP/1.1 200 OK
content-type: application/json; charset=utf-8
cache-control: no-cache
content-length: 88
date: Thu, 25 Jun 2020 12:50:24 GMT

15:50:24.946 [AsyncHttpClient-3-1] DEBUG o.a.netty.channel.ChannelManager - Adding key: http://localhost:10889 for channel [id: 0x7c68b8df, L:/127.0.0.1:64390 - R:localhost/127.0.0.1:10889]
15:50:24.946 [Forwarding getElementText on session 14f61660-7bcc-4279-b6a3-7163a94e0626 to remote] DEBUG o.a.netty.request.NettyRequestSender - Using pooled Channel '[id: 0x7c68b8df, L:/127.0.0.1:64390 - R:localhost/127.0.0.1:10889]' for 'GET' to 'http://localhost:10889/session/14f61660-7bcc-4279-b6a3-7163a94e0626/element/928da76e-1c46-46b2-952c-84cd25af1c8c/text'
15:50:24.947 [Forwarding getElementText on session 14f61660-7bcc-4279-b6a3-7163a94e0626 to remote] DEBUG o.a.netty.request.NettyRequestSender - Using open Channel [id: 0x7c68b8df, L:/127.0.0.1:64390 - R:localhost/127.0.0.1:10889] for GET '/session/14f61660-7bcc-4279-b6a3-7163a94e0626/element/928da76e-1c46-46b2-952c-84cd25af1c8c/text'
15:50:24.953 [AsyncHttpClient-3-1] DEBUG o.a.netty.handler.HttpHandler - 

Request DefaultFullHttpRequest(decodeResult: success, version: HTTP/1.1, content: EmptyByteBufBE)
GET /session/14f61660-7bcc-4279-b6a3-7163a94e0626/element/928da76e-1c46-46b2-952c-84cd25af1c8c/text HTTP/1.1
User-Agent: selenium/4.0.0-alpha-5 (java windows)
Cache-Control: no-cache
host: localhost:10889
accept: */*

Response DefaultHttpResponse(decodeResult: success, version: HTTP/1.1)
HTTP/1.1 200 OK
content-type: application/json; charset=utf-8
cache-control: no-cache
content-length: 57
date: Thu, 25 Jun 2020 12:50:24 GMT

15:50:24.953 [AsyncHttpClient-3-1] DEBUG o.a.netty.channel.ChannelManager - Adding key: http://localhost:10889 for channel [id: 0x7c68b8df, L:/127.0.0.1:64390 - R:localhost/127.0.0.1:10889]
15:50:24.954 [Forwarding findChildElement on session 14f61660-7bcc-4279-b6a3-7163a94e0626 to remote] DEBUG o.a.netty.request.NettyRequestSender - Using pooled Channel '[id: 0x7c68b8df, L:/127.0.0.1:64390 - R:localhost/127.0.0.1:10889]' for 'POST' to 'http://localhost:10889/session/14f61660-7bcc-4279-b6a3-7163a94e0626/element/83e4cb76-9396-4c66-a97a-eb9e8af3749e/element'
15:50:24.954 [Forwarding findChildElement on session 14f61660-7bcc-4279-b6a3-7163a94e0626 to remote] DEBUG o.a.netty.request.NettyRequestSender - Using open Channel [id: 0x7c68b8df, L:/127.0.0.1:64390 - R:localhost/127.0.0.1:10889] for POST '/session/14f61660-7bcc-4279-b6a3-7163a94e0626/element/83e4cb76-9396-4c66-a97a-eb9e8af3749e/element'
15:50:24.957 [AsyncHttpClient-3-1] DEBUG o.a.netty.handler.HttpHandler - 

Request DefaultHttpRequest(decodeResult: success, version: HTTP/1.1)
POST /session/14f61660-7bcc-4279-b6a3-7163a94e0626/element/83e4cb76-9396-4c66-a97a-eb9e8af3749e/element HTTP/1.1
User-Agent: selenium/4.0.0-alpha-5 (java windows)
Content-Length: 97
Content-Type: application/json; charset=utf-8
host: localhost:10889
accept: */*

Response DefaultHttpResponse(decodeResult: success, version: HTTP/1.1)
HTTP/1.1 200 OK
content-type: application/json; charset=utf-8
cache-control: no-cache
content-length: 88
date: Thu, 25 Jun 2020 12:50:24 GMT

15:50:24.957 [AsyncHttpClient-3-1] DEBUG o.a.netty.channel.ChannelManager - Adding key: http://localhost:10889 for channel [id: 0x7c68b8df, L:/127.0.0.1:64390 - R:localhost/127.0.0.1:10889]
15:50:24.960 [Forwarding getElementAttribute on session 14f61660-7bcc-4279-b6a3-7163a94e0626 to remote] DEBUG o.a.netty.request.NettyRequestSender - Using pooled Channel '[id: 0x7c68b8df, L:/127.0.0.1:64390 - R:localhost/127.0.0.1:10889]' for 'POST' to 'http://localhost:10889/session/14f61660-7bcc-4279-b6a3-7163a94e0626/execute/sync'
15:50:24.960 [Forwarding getElementAttribute on session 14f61660-7bcc-4279-b6a3-7163a94e0626 to remote] DEBUG o.a.netty.request.NettyRequestSender - Using open Channel [id: 0x7c68b8df, L:/127.0.0.1:64390 - R:localhost/127.0.0.1:10889] for POST '/session/14f61660-7bcc-4279-b6a3-7163a94e0626/execute/sync'
15:50:24.972 [AsyncHttpClient-3-1] DEBUG o.a.netty.handler.HttpHandler - 

Request DefaultHttpRequest(decodeResult: success, version: HTTP/1.1)
POST /session/14f61660-7bcc-4279-b6a3-7163a94e0626/execute/sync HTTP/1.1
User-Agent: selenium/4.0.0-alpha-5 (java windows)
Content-Length: 39635
Content-Type: application/json; charset=utf-8
host: localhost:10889
accept: */*

Response DefaultHttpResponse(decodeResult: success, version: HTTP/1.1)
HTTP/1.1 200 OK
content-type: application/json; charset=utf-8
cache-control: no-cache
content-length: 15
date: Thu, 25 Jun 2020 12:50:24 GMT

15:50:24.972 [AsyncHttpClient-3-1] DEBUG o.a.netty.channel.ChannelManager - Adding key: http://localhost:10889 for channel [id: 0x7c68b8df, L:/127.0.0.1:64390 - R:localhost/127.0.0.1:10889]
15:50:24.973 [Forwarding findChildElement on session 14f61660-7bcc-4279-b6a3-7163a94e0626 to remote] DEBUG o.a.netty.request.NettyRequestSender - Using pooled Channel '[id: 0x7c68b8df, L:/127.0.0.1:64390 - R:localhost/127.0.0.1:10889]' for 'POST' to 'http://localhost:10889/session/14f61660-7bcc-4279-b6a3-7163a94e0626/element/7fcc8047-481c-40e5-961d-99d2909c9dcd/element'
15:50:24.973 [Forwarding findChildElement on session 14f61660-7bcc-4279-b6a3-7163a94e0626 to remote] DEBUG o.a.netty.request.NettyRequestSender - Using open Channel [id: 0x7c68b8df, L:/127.0.0.1:64390 - R:localhost/127.0.0.1:10889] for POST '/session/14f61660-7bcc-4279-b6a3-7163a94e0626/element/7fcc8047-481c-40e5-961d-99d2909c9dcd/element'
15:50:24.976 [AsyncHttpClient-3-1] DEBUG o.a.netty.handler.HttpHandler - 

Request DefaultHttpRequest(decodeResult: success, version: HTTP/1.1)
POST /session/14f61660-7bcc-4279-b6a3-7163a94e0626/element/7fcc8047-481c-40e5-961d-99d2909c9dcd/element HTTP/1.1
User-Agent: selenium/4.0.0-alpha-5 (java windows)
Content-Length: 103
Content-Type: application/json; charset=utf-8
host: localhost:10889
accept: */*

Response DefaultHttpResponse(decodeResult: success, version: HTTP/1.1)
HTTP/1.1 200 OK
content-type: application/json; charset=utf-8
cache-control: no-cache
content-length: 88
date: Thu, 25 Jun 2020 12:50:24 GMT

15:50:24.976 [AsyncHttpClient-3-1] DEBUG o.a.netty.channel.ChannelManager - Adding key: http://localhost:10889 for channel [id: 0x7c68b8df, L:/127.0.0.1:64390 - R:localhost/127.0.0.1:10889]
15:50:24.976 [Forwarding getElementText on session 14f61660-7bcc-4279-b6a3-7163a94e0626 to remote] DEBUG o.a.netty.request.NettyRequestSender - Using pooled Channel '[id: 0x7c68b8df, L:/127.0.0.1:64390 - R:localhost/127.0.0.1:10889]' for 'GET' to 'http://localhost:10889/session/14f61660-7bcc-4279-b6a3-7163a94e0626/element/e8b98a79-5d6a-4845-8ee8-46cabd195904/text'
15:50:24.976 [Forwarding getElementText on session 14f61660-7bcc-4279-b6a3-7163a94e0626 to remote] DEBUG o.a.netty.request.NettyRequestSender - Using open Channel [id: 0x7c68b8df, L:/127.0.0.1:64390 - R:localhost/127.0.0.1:10889] for GET '/session/14f61660-7bcc-4279-b6a3-7163a94e0626/element/e8b98a79-5d6a-4845-8ee8-46cabd195904/text'
15:50:24.980 [AsyncHttpClient-3-1] DEBUG o.a.netty.handler.HttpHandler - 

Request DefaultFullHttpRequest(decodeResult: success, version: HTTP/1.1, content: EmptyByteBufBE)
GET /session/14f61660-7bcc-4279-b6a3-7163a94e0626/element/e8b98a79-5d6a-4845-8ee8-46cabd195904/text HTTP/1.1
User-Agent: selenium/4.0.0-alpha-5 (java windows)
Cache-Control: no-cache
host: localhost:10889
accept: */*

Response DefaultHttpResponse(decodeResult: success, version: HTTP/1.1)
HTTP/1.1 200 OK
content-type: application/json; charset=utf-8
cache-control: no-cache
content-length: 18
date: Thu, 25 Jun 2020 12:50:24 GMT

15:50:24.980 [AsyncHttpClient-3-1] DEBUG o.a.netty.channel.ChannelManager - Adding key: http://localhost:10889 for channel [id: 0x7c68b8df, L:/127.0.0.1:64390 - R:localhost/127.0.0.1:10889]
15:50:24.981 [Forwarding findChildElement on session 14f61660-7bcc-4279-b6a3-7163a94e0626 to remote] DEBUG o.a.netty.request.NettyRequestSender - Using pooled Channel '[id: 0x7c68b8df, L:/127.0.0.1:64390 - R:localhost/127.0.0.1:10889]' for 'POST' to 'http://localhost:10889/session/14f61660-7bcc-4279-b6a3-7163a94e0626/element/7fcc8047-481c-40e5-961d-99d2909c9dcd/element'
15:50:24.981 [Forwarding findChildElement on session 14f61660-7bcc-4279-b6a3-7163a94e0626 to remote] DEBUG o.a.netty.request.NettyRequestSender - Using open Channel [id: 0x7c68b8df, L:/127.0.0.1:64390 - R:localhost/127.0.0.1:10889] for POST '/session/14f61660-7bcc-4279-b6a3-7163a94e0626/element/7fcc8047-481c-40e5-961d-99d2909c9dcd/element'
15:50:24.984 [AsyncHttpClient-3-1] DEBUG o.a.netty.handler.HttpHandler - 

Request DefaultHttpRequest(decodeResult: success, version: HTTP/1.1)
POST /session/14f61660-7bcc-4279-b6a3-7163a94e0626/element/7fcc8047-481c-40e5-961d-99d2909c9dcd/element HTTP/1.1
User-Agent: selenium/4.0.0-alpha-5 (java windows)
Content-Length: 103
Content-Type: application/json; charset=utf-8
host: localhost:10889
accept: */*

Response DefaultHttpResponse(decodeResult: success, version: HTTP/1.1)
HTTP/1.1 200 OK
content-type: application/json; charset=utf-8
cache-control: no-cache
content-length: 88
date: Thu, 25 Jun 2020 12:50:24 GMT

15:50:24.984 [AsyncHttpClient-3-1] DEBUG o.a.netty.channel.ChannelManager - Adding key: http://localhost:10889 for channel [id: 0x7c68b8df, L:/127.0.0.1:64390 - R:localhost/127.0.0.1:10889]
15:50:24.985 [Forwarding getElementText on session 14f61660-7bcc-4279-b6a3-7163a94e0626 to remote] DEBUG o.a.netty.request.NettyRequestSender - Using pooled Channel '[id: 0x7c68b8df, L:/127.0.0.1:64390 - R:localhost/127.0.0.1:10889]' for 'GET' to 'http://localhost:10889/session/14f61660-7bcc-4279-b6a3-7163a94e0626/element/6b1399b3-6c53-4d3e-b029-f71498b6bb90/text'
15:50:24.985 [Forwarding getElementText on session 14f61660-7bcc-4279-b6a3-7163a94e0626 to remote] DEBUG o.a.netty.request.NettyRequestSender - Using open Channel [id: 0x7c68b8df, L:/127.0.0.1:64390 - R:localhost/127.0.0.1:10889] for GET '/session/14f61660-7bcc-4279-b6a3-7163a94e0626/element/6b1399b3-6c53-4d3e-b029-f71498b6bb90/text'
15:50:24.990 [AsyncHttpClient-3-1] DEBUG o.a.netty.handler.HttpHandler - 

Request DefaultFullHttpRequest(decodeResult: success, version: HTTP/1.1, content: EmptyByteBufBE)
GET /session/14f61660-7bcc-4279-b6a3-7163a94e0626/element/6b1399b3-6c53-4d3e-b029-f71498b6bb90/text HTTP/1.1
User-Agent: selenium/4.0.0-alpha-5 (java windows)
Cache-Control: no-cache
host: localhost:10889
accept: */*

Response DefaultHttpResponse(decodeResult: success, version: HTTP/1.1)
HTTP/1.1 200 OK
content-type: application/json; charset=utf-8
cache-control: no-cache
content-length: 22
date: Thu, 25 Jun 2020 12:50:24 GMT

15:50:24.990 [AsyncHttpClient-3-1] DEBUG o.a.netty.channel.ChannelManager - Adding key: http://localhost:10889 for channel [id: 0x7c68b8df, L:/127.0.0.1:64390 - R:localhost/127.0.0.1:10889]
15:50:24.990 [Forwarding findChildElement on session 14f61660-7bcc-4279-b6a3-7163a94e0626 to remote] DEBUG o.a.netty.request.NettyRequestSender - Using pooled Channel '[id: 0x7c68b8df, L:/127.0.0.1:64390 - R:localhost/127.0.0.1:10889]' for 'POST' to 'http://localhost:10889/session/14f61660-7bcc-4279-b6a3-7163a94e0626/element/7fcc8047-481c-40e5-961d-99d2909c9dcd/element'
15:50:24.991 [Forwarding findChildElement on session 14f61660-7bcc-4279-b6a3-7163a94e0626 to remote] DEBUG o.a.netty.request.NettyRequestSender - Using open Channel [id: 0x7c68b8df, L:/127.0.0.1:64390 - R:localhost/127.0.0.1:10889] for POST '/session/14f61660-7bcc-4279-b6a3-7163a94e0626/element/7fcc8047-481c-40e5-961d-99d2909c9dcd/element'
15:50:24.996 [AsyncHttpClient-3-1] DEBUG o.a.netty.handler.HttpHandler - 

Request DefaultHttpRequest(decodeResult: success, version: HTTP/1.1)
POST /session/14f61660-7bcc-4279-b6a3-7163a94e0626/element/7fcc8047-481c-40e5-961d-99d2909c9dcd/element HTTP/1.1
User-Agent: selenium/4.0.0-alpha-5 (java windows)
Content-Length: 103
Content-Type: application/json; charset=utf-8
host: localhost:10889
accept: */*

Response DefaultHttpResponse(decodeResult: success, version: HTTP/1.1)
HTTP/1.1 200 OK
content-type: application/json; charset=utf-8
cache-control: no-cache
content-length: 88
date: Thu, 25 Jun 2020 12:50:24 GMT

15:50:24.996 [AsyncHttpClient-3-1] DEBUG o.a.netty.channel.ChannelManager - Adding key: http://localhost:10889 for channel [id: 0x7c68b8df, L:/127.0.0.1:64390 - R:localhost/127.0.0.1:10889]
15:50:24.996 [Forwarding getElementText on session 14f61660-7bcc-4279-b6a3-7163a94e0626 to remote] DEBUG o.a.netty.request.NettyRequestSender - Using pooled Channel '[id: 0x7c68b8df, L:/127.0.0.1:64390 - R:localhost/127.0.0.1:10889]' for 'GET' to 'http://localhost:10889/session/14f61660-7bcc-4279-b6a3-7163a94e0626/element/d58e6fe5-461d-4fc5-88c0-3297e9cad68c/text'
15:50:24.996 [Forwarding getElementText on session 14f61660-7bcc-4279-b6a3-7163a94e0626 to remote] DEBUG o.a.netty.request.NettyRequestSender - Using open Channel [id: 0x7c68b8df, L:/127.0.0.1:64390 - R:localhost/127.0.0.1:10889] for GET '/session/14f61660-7bcc-4279-b6a3-7163a94e0626/element/d58e6fe5-461d-4fc5-88c0-3297e9cad68c/text'
15:50:25.001 [AsyncHttpClient-3-1] DEBUG o.a.netty.handler.HttpHandler - 

Request DefaultFullHttpRequest(decodeResult: success, version: HTTP/1.1, content: EmptyByteBufBE)
GET /session/14f61660-7bcc-4279-b6a3-7163a94e0626/element/d58e6fe5-461d-4fc5-88c0-3297e9cad68c/text HTTP/1.1
User-Agent: selenium/4.0.0-alpha-5 (java windows)
Cache-Control: no-cache
host: localhost:10889
accept: */*

Response DefaultHttpResponse(decodeResult: success, version: HTTP/1.1)
HTTP/1.1 200 OK
content-type: application/json; charset=utf-8
cache-control: no-cache
content-length: 21
date: Thu, 25 Jun 2020 12:50:24 GMT

15:50:25.001 [AsyncHttpClient-3-1] DEBUG o.a.netty.channel.ChannelManager - Adding key: http://localhost:10889 for channel [id: 0x7c68b8df, L:/127.0.0.1:64390 - R:localhost/127.0.0.1:10889]
15:50:25.001 [Forwarding findChildElement on session 14f61660-7bcc-4279-b6a3-7163a94e0626 to remote] DEBUG o.a.netty.request.NettyRequestSender - Using pooled Channel '[id: 0x7c68b8df, L:/127.0.0.1:64390 - R:localhost/127.0.0.1:10889]' for 'POST' to 'http://localhost:10889/session/14f61660-7bcc-4279-b6a3-7163a94e0626/element/7fcc8047-481c-40e5-961d-99d2909c9dcd/element'
15:50:25.001 [Forwarding findChildElement on session 14f61660-7bcc-4279-b6a3-7163a94e0626 to remote] DEBUG o.a.netty.request.NettyRequestSender - Using open Channel [id: 0x7c68b8df, L:/127.0.0.1:64390 - R:localhost/127.0.0.1:10889] for POST '/session/14f61660-7bcc-4279-b6a3-7163a94e0626/element/7fcc8047-481c-40e5-961d-99d2909c9dcd/element'
15:50:25.005 [AsyncHttpClient-3-1] DEBUG o.a.netty.handler.HttpHandler - 

Request DefaultHttpRequest(decodeResult: success, version: HTTP/1.1)
POST /session/14f61660-7bcc-4279-b6a3-7163a94e0626/element/7fcc8047-481c-40e5-961d-99d2909c9dcd/element HTTP/1.1
User-Agent: selenium/4.0.0-alpha-5 (java windows)
Content-Length: 103
Content-Type: application/json; charset=utf-8
host: localhost:10889
accept: */*

Response DefaultHttpResponse(decodeResult: success, version: HTTP/1.1)
HTTP/1.1 200 OK
content-type: application/json; charset=utf-8
cache-control: no-cache
content-length: 88
date: Thu, 25 Jun 2020 12:50:25 GMT

15:50:25.005 [AsyncHttpClient-3-1] DEBUG o.a.netty.channel.ChannelManager - Adding key: http://localhost:10889 for channel [id: 0x7c68b8df, L:/127.0.0.1:64390 - R:localhost/127.0.0.1:10889]
15:50:25.005 [Forwarding getElementText on session 14f61660-7bcc-4279-b6a3-7163a94e0626 to remote] DEBUG o.a.netty.request.NettyRequestSender - Using pooled Channel '[id: 0x7c68b8df, L:/127.0.0.1:64390 - R:localhost/127.0.0.1:10889]' for 'GET' to 'http://localhost:10889/session/14f61660-7bcc-4279-b6a3-7163a94e0626/element/7112cf67-15e0-4d01-84a5-cddf154eae38/text'
15:50:25.005 [Forwarding getElementText on session 14f61660-7bcc-4279-b6a3-7163a94e0626 to remote] DEBUG o.a.netty.request.NettyRequestSender - Using open Channel [id: 0x7c68b8df, L:/127.0.0.1:64390 - R:localhost/127.0.0.1:10889] for GET '/session/14f61660-7bcc-4279-b6a3-7163a94e0626/element/7112cf67-15e0-4d01-84a5-cddf154eae38/text'
15:50:25.009 [AsyncHttpClient-3-1] DEBUG o.a.netty.handler.HttpHandler - 

Request DefaultFullHttpRequest(decodeResult: success, version: HTTP/1.1, content: EmptyByteBufBE)
GET /session/14f61660-7bcc-4279-b6a3-7163a94e0626/element/7112cf67-15e0-4d01-84a5-cddf154eae38/text HTTP/1.1
User-Agent: selenium/4.0.0-alpha-5 (java windows)
Cache-Control: no-cache
host: localhost:10889
accept: */*

Response DefaultHttpResponse(decodeResult: success, version: HTTP/1.1)
HTTP/1.1 200 OK
content-type: application/json; charset=utf-8
cache-control: no-cache
content-length: 45
date: Thu, 25 Jun 2020 12:50:25 GMT

15:50:25.009 [AsyncHttpClient-3-1] DEBUG o.a.netty.channel.ChannelManager - Adding key: http://localhost:10889 for channel [id: 0x7c68b8df, L:/127.0.0.1:64390 - R:localhost/127.0.0.1:10889]
15:50:25.010 [Forwarding findChildElement on session 14f61660-7bcc-4279-b6a3-7163a94e0626 to remote] DEBUG o.a.netty.request.NettyRequestSender - Using pooled Channel '[id: 0x7c68b8df, L:/127.0.0.1:64390 - R:localhost/127.0.0.1:10889]' for 'POST' to 'http://localhost:10889/session/14f61660-7bcc-4279-b6a3-7163a94e0626/element/7fcc8047-481c-40e5-961d-99d2909c9dcd/element'
15:50:25.010 [Forwarding findChildElement on session 14f61660-7bcc-4279-b6a3-7163a94e0626 to remote] DEBUG o.a.netty.request.NettyRequestSender - Using open Channel [id: 0x7c68b8df, L:/127.0.0.1:64390 - R:localhost/127.0.0.1:10889] for POST '/session/14f61660-7bcc-4279-b6a3-7163a94e0626/element/7fcc8047-481c-40e5-961d-99d2909c9dcd/element'
15:50:25.013 [AsyncHttpClient-3-1] DEBUG o.a.netty.handler.HttpHandler - 

Request DefaultHttpRequest(decodeResult: success, version: HTTP/1.1)
POST /session/14f61660-7bcc-4279-b6a3-7163a94e0626/element/7fcc8047-481c-40e5-961d-99d2909c9dcd/element HTTP/1.1
User-Agent: selenium/4.0.0-alpha-5 (java windows)
Content-Length: 103
Content-Type: application/json; charset=utf-8
host: localhost:10889
accept: */*

Response DefaultHttpResponse(decodeResult: success, version: HTTP/1.1)
HTTP/1.1 200 OK
content-type: application/json; charset=utf-8
cache-control: no-cache
content-length: 88
date: Thu, 25 Jun 2020 12:50:25 GMT

15:50:25.013 [AsyncHttpClient-3-1] DEBUG o.a.netty.channel.ChannelManager - Adding key: http://localhost:10889 for channel [id: 0x7c68b8df, L:/127.0.0.1:64390 - R:localhost/127.0.0.1:10889]
15:50:25.013 [Forwarding getElementText on session 14f61660-7bcc-4279-b6a3-7163a94e0626 to remote] DEBUG o.a.netty.request.NettyRequestSender - Using pooled Channel '[id: 0x7c68b8df, L:/127.0.0.1:64390 - R:localhost/127.0.0.1:10889]' for 'GET' to 'http://localhost:10889/session/14f61660-7bcc-4279-b6a3-7163a94e0626/element/056198aa-30c2-4603-8a4c-40434e43680a/text'
15:50:25.013 [Forwarding getElementText on session 14f61660-7bcc-4279-b6a3-7163a94e0626 to remote] DEBUG o.a.netty.request.NettyRequestSender - Using open Channel [id: 0x7c68b8df, L:/127.0.0.1:64390 - R:localhost/127.0.0.1:10889] for GET '/session/14f61660-7bcc-4279-b6a3-7163a94e0626/element/056198aa-30c2-4603-8a4c-40434e43680a/text'
15:50:25.021 [AsyncHttpClient-3-1] DEBUG o.a.netty.handler.HttpHandler - 

Request DefaultFullHttpRequest(decodeResult: success, version: HTTP/1.1, content: EmptyByteBufBE)
GET /session/14f61660-7bcc-4279-b6a3-7163a94e0626/element/056198aa-30c2-4603-8a4c-40434e43680a/text HTTP/1.1
User-Agent: selenium/4.0.0-alpha-5 (java windows)
Cache-Control: no-cache
host: localhost:10889
accept: */*

Response DefaultHttpResponse(decodeResult: success, version: HTTP/1.1)
HTTP/1.1 200 OK
content-type: application/json; charset=utf-8
cache-control: no-cache
content-length: 57
date: Thu, 25 Jun 2020 12:50:25 GMT

15:50:25.021 [AsyncHttpClient-3-1] DEBUG o.a.netty.channel.ChannelManager - Adding key: http://localhost:10889 for channel [id: 0x7c68b8df, L:/127.0.0.1:64390 - R:localhost/127.0.0.1:10889]
15:50:25.021 [Forwarding findChildElement on session 14f61660-7bcc-4279-b6a3-7163a94e0626 to remote] DEBUG o.a.netty.request.NettyRequestSender - Using pooled Channel '[id: 0x7c68b8df, L:/127.0.0.1:64390 - R:localhost/127.0.0.1:10889]' for 'POST' to 'http://localhost:10889/session/14f61660-7bcc-4279-b6a3-7163a94e0626/element/7fcc8047-481c-40e5-961d-99d2909c9dcd/element'
15:50:25.021 [Forwarding findChildElement on session 14f61660-7bcc-4279-b6a3-7163a94e0626 to remote] DEBUG o.a.netty.request.NettyRequestSender - Using open Channel [id: 0x7c68b8df, L:/127.0.0.1:64390 - R:localhost/127.0.0.1:10889] for POST '/session/14f61660-7bcc-4279-b6a3-7163a94e0626/element/7fcc8047-481c-40e5-961d-99d2909c9dcd/element'
15:50:25.024 [AsyncHttpClient-3-1] DEBUG o.a.netty.handler.HttpHandler - 

Request DefaultHttpRequest(decodeResult: success, version: HTTP/1.1)
POST /session/14f61660-7bcc-4279-b6a3-7163a94e0626/element/7fcc8047-481c-40e5-961d-99d2909c9dcd/element HTTP/1.1
User-Agent: selenium/4.0.0-alpha-5 (java windows)
Content-Length: 97
Content-Type: application/json; charset=utf-8
host: localhost:10889
accept: */*

Response DefaultHttpResponse(decodeResult: success, version: HTTP/1.1)
HTTP/1.1 200 OK
content-type: application/json; charset=utf-8
cache-control: no-cache
content-length: 88
date: Thu, 25 Jun 2020 12:50:25 GMT

15:50:25.025 [AsyncHttpClient-3-1] DEBUG o.a.netty.channel.ChannelManager - Adding key: http://localhost:10889 for channel [id: 0x7c68b8df, L:/127.0.0.1:64390 - R:localhost/127.0.0.1:10889]
15:50:25.027 [Forwarding getElementAttribute on session 14f61660-7bcc-4279-b6a3-7163a94e0626 to remote] DEBUG o.a.netty.request.NettyRequestSender - Using pooled Channel '[id: 0x7c68b8df, L:/127.0.0.1:64390 - R:localhost/127.0.0.1:10889]' for 'POST' to 'http://localhost:10889/session/14f61660-7bcc-4279-b6a3-7163a94e0626/execute/sync'
15:50:25.027 [Forwarding getElementAttribute on session 14f61660-7bcc-4279-b6a3-7163a94e0626 to remote] DEBUG o.a.netty.request.NettyRequestSender - Using open Channel [id: 0x7c68b8df, L:/127.0.0.1:64390 - R:localhost/127.0.0.1:10889] for POST '/session/14f61660-7bcc-4279-b6a3-7163a94e0626/execute/sync'
15:50:25.040 [AsyncHttpClient-3-1] DEBUG o.a.netty.handler.HttpHandler - 

Request DefaultHttpRequest(decodeResult: success, version: HTTP/1.1)
POST /session/14f61660-7bcc-4279-b6a3-7163a94e0626/execute/sync HTTP/1.1
User-Agent: selenium/4.0.0-alpha-5 (java windows)
Content-Length: 39635
Content-Type: application/json; charset=utf-8
host: localhost:10889
accept: */*

Response DefaultHttpResponse(decodeResult: success, version: HTTP/1.1)
HTTP/1.1 200 OK
content-type: application/json; charset=utf-8
cache-control: no-cache
content-length: 15
date: Thu, 25 Jun 2020 12:50:25 GMT

15:50:25.040 [AsyncHttpClient-3-1] DEBUG o.a.netty.channel.ChannelManager - Adding key: http://localhost:10889 for channel [id: 0x7c68b8df, L:/127.0.0.1:64390 - R:localhost/127.0.0.1:10889]
15:50:25.040 [Forwarding findChildElement on session 14f61660-7bcc-4279-b6a3-7163a94e0626 to remote] DEBUG o.a.netty.request.NettyRequestSender - Using pooled Channel '[id: 0x7c68b8df, L:/127.0.0.1:64390 - R:localhost/127.0.0.1:10889]' for 'POST' to 'http://localhost:10889/session/14f61660-7bcc-4279-b6a3-7163a94e0626/element/41c88dc5-3239-4111-ac6f-9e17b55d65e7/element'
15:50:25.040 [Forwarding findChildElement on session 14f61660-7bcc-4279-b6a3-7163a94e0626 to remote] DEBUG o.a.netty.request.NettyRequestSender - Using open Channel [id: 0x7c68b8df, L:/127.0.0.1:64390 - R:localhost/127.0.0.1:10889] for POST '/session/14f61660-7bcc-4279-b6a3-7163a94e0626/element/41c88dc5-3239-4111-ac6f-9e17b55d65e7/element'
15:50:25.043 [AsyncHttpClient-3-1] DEBUG o.a.netty.handler.HttpHandler - 

Request DefaultHttpRequest(decodeResult: success, version: HTTP/1.1)
POST /session/14f61660-7bcc-4279-b6a3-7163a94e0626/element/41c88dc5-3239-4111-ac6f-9e17b55d65e7/element HTTP/1.1
User-Agent: selenium/4.0.0-alpha-5 (java windows)
Content-Length: 103
Content-Type: application/json; charset=utf-8
host: localhost:10889
accept: */*

Response DefaultHttpResponse(decodeResult: success, version: HTTP/1.1)
HTTP/1.1 200 OK
content-type: application/json; charset=utf-8
cache-control: no-cache
content-length: 88
date: Thu, 25 Jun 2020 12:50:25 GMT

15:50:25.043 [AsyncHttpClient-3-1] DEBUG o.a.netty.channel.ChannelManager - Adding key: http://localhost:10889 for channel [id: 0x7c68b8df, L:/127.0.0.1:64390 - R:localhost/127.0.0.1:10889]
15:50:25.044 [Forwarding getElementText on session 14f61660-7bcc-4279-b6a3-7163a94e0626 to remote] DEBUG o.a.netty.request.NettyRequestSender - Using pooled Channel '[id: 0x7c68b8df, L:/127.0.0.1:64390 - R:localhost/127.0.0.1:10889]' for 'GET' to 'http://localhost:10889/session/14f61660-7bcc-4279-b6a3-7163a94e0626/element/2a50ccf0-cc11-42af-bc27-104170449b2d/text'
15:50:25.044 [Forwarding getElementText on session 14f61660-7bcc-4279-b6a3-7163a94e0626 to remote] DEBUG o.a.netty.request.NettyRequestSender - Using open Channel [id: 0x7c68b8df, L:/127.0.0.1:64390 - R:localhost/127.0.0.1:10889] for GET '/session/14f61660-7bcc-4279-b6a3-7163a94e0626/element/2a50ccf0-cc11-42af-bc27-104170449b2d/text'
15:50:25.048 [AsyncHttpClient-3-1] DEBUG o.a.netty.handler.HttpHandler - 

Request DefaultFullHttpRequest(decodeResult: success, version: HTTP/1.1, content: EmptyByteBufBE)
GET /session/14f61660-7bcc-4279-b6a3-7163a94e0626/element/2a50ccf0-cc11-42af-bc27-104170449b2d/text HTTP/1.1
User-Agent: selenium/4.0.0-alpha-5 (java windows)
Cache-Control: no-cache
host: localhost:10889
accept: */*

Response DefaultHttpResponse(decodeResult: success, version: HTTP/1.1)
HTTP/1.1 200 OK
content-type: application/json; charset=utf-8
cache-control: no-cache
content-length: 18
date: Thu, 25 Jun 2020 12:50:25 GMT

15:50:25.048 [AsyncHttpClient-3-1] DEBUG o.a.netty.channel.ChannelManager - Adding key: http://localhost:10889 for channel [id: 0x7c68b8df, L:/127.0.0.1:64390 - R:localhost/127.0.0.1:10889]
15:50:25.049 [Forwarding findChildElement on session 14f61660-7bcc-4279-b6a3-7163a94e0626 to remote] DEBUG o.a.netty.request.NettyRequestSender - Using pooled Channel '[id: 0x7c68b8df, L:/127.0.0.1:64390 - R:localhost/127.0.0.1:10889]' for 'POST' to 'http://localhost:10889/session/14f61660-7bcc-4279-b6a3-7163a94e0626/element/41c88dc5-3239-4111-ac6f-9e17b55d65e7/element'
15:50:25.049 [Forwarding findChildElement on session 14f61660-7bcc-4279-b6a3-7163a94e0626 to remote] DEBUG o.a.netty.request.NettyRequestSender - Using open Channel [id: 0x7c68b8df, L:/127.0.0.1:64390 - R:localhost/127.0.0.1:10889] for POST '/session/14f61660-7bcc-4279-b6a3-7163a94e0626/element/41c88dc5-3239-4111-ac6f-9e17b55d65e7/element'
15:50:25.053 [AsyncHttpClient-3-1] DEBUG o.a.netty.handler.HttpHandler - 

Request DefaultHttpRequest(decodeResult: success, version: HTTP/1.1)
POST /session/14f61660-7bcc-4279-b6a3-7163a94e0626/element/41c88dc5-3239-4111-ac6f-9e17b55d65e7/element HTTP/1.1
User-Agent: selenium/4.0.0-alpha-5 (java windows)
Content-Length: 103
Content-Type: application/json; charset=utf-8
host: localhost:10889
accept: */*

Response DefaultHttpResponse(decodeResult: success, version: HTTP/1.1)
HTTP/1.1 200 OK
content-type: application/json; charset=utf-8
cache-control: no-cache
content-length: 88
date: Thu, 25 Jun 2020 12:50:25 GMT

15:50:25.053 [AsyncHttpClient-3-1] DEBUG o.a.netty.channel.ChannelManager - Adding key: http://localhost:10889 for channel [id: 0x7c68b8df, L:/127.0.0.1:64390 - R:localhost/127.0.0.1:10889]
15:50:25.053 [Forwarding getElementText on session 14f61660-7bcc-4279-b6a3-7163a94e0626 to remote] DEBUG o.a.netty.request.NettyRequestSender - Using pooled Channel '[id: 0x7c68b8df, L:/127.0.0.1:64390 - R:localhost/127.0.0.1:10889]' for 'GET' to 'http://localhost:10889/session/14f61660-7bcc-4279-b6a3-7163a94e0626/element/80d308ec-444c-4c1d-a0b0-9f7b2d815d15/text'
15:50:25.053 [Forwarding getElementText on session 14f61660-7bcc-4279-b6a3-7163a94e0626 to remote] DEBUG o.a.netty.request.NettyRequestSender - Using open Channel [id: 0x7c68b8df, L:/127.0.0.1:64390 - R:localhost/127.0.0.1:10889] for GET '/session/14f61660-7bcc-4279-b6a3-7163a94e0626/element/80d308ec-444c-4c1d-a0b0-9f7b2d815d15/text'
15:50:25.058 [AsyncHttpClient-3-1] DEBUG o.a.netty.handler.HttpHandler - 

Request DefaultFullHttpRequest(decodeResult: success, version: HTTP/1.1, content: EmptyByteBufBE)
GET /session/14f61660-7bcc-4279-b6a3-7163a94e0626/element/80d308ec-444c-4c1d-a0b0-9f7b2d815d15/text HTTP/1.1
User-Agent: selenium/4.0.0-alpha-5 (java windows)
Cache-Control: no-cache
host: localhost:10889
accept: */*

Response DefaultHttpResponse(decodeResult: success, version: HTTP/1.1)
HTTP/1.1 200 OK
content-type: application/json; charset=utf-8
cache-control: no-cache
content-length: 22
date: Thu, 25 Jun 2020 12:50:25 GMT

15:50:25.058 [AsyncHttpClient-3-1] DEBUG o.a.netty.channel.ChannelManager - Adding key: http://localhost:10889 for channel [id: 0x7c68b8df, L:/127.0.0.1:64390 - R:localhost/127.0.0.1:10889]
15:50:25.058 [Forwarding findChildElement on session 14f61660-7bcc-4279-b6a3-7163a94e0626 to remote] DEBUG o.a.netty.request.NettyRequestSender - Using pooled Channel '[id: 0x7c68b8df, L:/127.0.0.1:64390 - R:localhost/127.0.0.1:10889]' for 'POST' to 'http://localhost:10889/session/14f61660-7bcc-4279-b6a3-7163a94e0626/element/41c88dc5-3239-4111-ac6f-9e17b55d65e7/element'
15:50:25.058 [Forwarding findChildElement on session 14f61660-7bcc-4279-b6a3-7163a94e0626 to remote] DEBUG o.a.netty.request.NettyRequestSender - Using open Channel [id: 0x7c68b8df, L:/127.0.0.1:64390 - R:localhost/127.0.0.1:10889] for POST '/session/14f61660-7bcc-4279-b6a3-7163a94e0626/element/41c88dc5-3239-4111-ac6f-9e17b55d65e7/element'
15:50:25.062 [AsyncHttpClient-3-1] DEBUG o.a.netty.handler.HttpHandler - 

Request DefaultHttpRequest(decodeResult: success, version: HTTP/1.1)
POST /session/14f61660-7bcc-4279-b6a3-7163a94e0626/element/41c88dc5-3239-4111-ac6f-9e17b55d65e7/element HTTP/1.1
User-Agent: selenium/4.0.0-alpha-5 (java windows)
Content-Length: 103
Content-Type: application/json; charset=utf-8
host: localhost:10889
accept: */*

Response DefaultHttpResponse(decodeResult: success, version: HTTP/1.1)
HTTP/1.1 200 OK
content-type: application/json; charset=utf-8
cache-control: no-cache
content-length: 88
date: Thu, 25 Jun 2020 12:50:25 GMT

15:50:25.062 [AsyncHttpClient-3-1] DEBUG o.a.netty.channel.ChannelManager - Adding key: http://localhost:10889 for channel [id: 0x7c68b8df, L:/127.0.0.1:64390 - R:localhost/127.0.0.1:10889]
15:50:25.062 [Forwarding getElementText on session 14f61660-7bcc-4279-b6a3-7163a94e0626 to remote] DEBUG o.a.netty.request.NettyRequestSender - Using pooled Channel '[id: 0x7c68b8df, L:/127.0.0.1:64390 - R:localhost/127.0.0.1:10889]' for 'GET' to 'http://localhost:10889/session/14f61660-7bcc-4279-b6a3-7163a94e0626/element/5a6c4a4b-0828-4989-b5a6-49e483b899ce/text'
15:50:25.062 [Forwarding getElementText on session 14f61660-7bcc-4279-b6a3-7163a94e0626 to remote] DEBUG o.a.netty.request.NettyRequestSender - Using open Channel [id: 0x7c68b8df, L:/127.0.0.1:64390 - R:localhost/127.0.0.1:10889] for GET '/session/14f61660-7bcc-4279-b6a3-7163a94e0626/element/5a6c4a4b-0828-4989-b5a6-49e483b899ce/text'
15:50:25.067 [AsyncHttpClient-3-1] DEBUG o.a.netty.handler.HttpHandler - 

Request DefaultFullHttpRequest(decodeResult: success, version: HTTP/1.1, content: EmptyByteBufBE)
GET /session/14f61660-7bcc-4279-b6a3-7163a94e0626/element/5a6c4a4b-0828-4989-b5a6-49e483b899ce/text HTTP/1.1
User-Agent: selenium/4.0.0-alpha-5 (java windows)
Cache-Control: no-cache
host: localhost:10889
accept: */*

Response DefaultHttpResponse(decodeResult: success, version: HTTP/1.1)
HTTP/1.1 200 OK
content-type: application/json; charset=utf-8
cache-control: no-cache
content-length: 21
date: Thu, 25 Jun 2020 12:50:25 GMT

15:50:25.067 [AsyncHttpClient-3-1] DEBUG o.a.netty.channel.ChannelManager - Adding key: http://localhost:10889 for channel [id: 0x7c68b8df, L:/127.0.0.1:64390 - R:localhost/127.0.0.1:10889]
15:50:25.067 [Forwarding findChildElement on session 14f61660-7bcc-4279-b6a3-7163a94e0626 to remote] DEBUG o.a.netty.request.NettyRequestSender - Using pooled Channel '[id: 0x7c68b8df, L:/127.0.0.1:64390 - R:localhost/127.0.0.1:10889]' for 'POST' to 'http://localhost:10889/session/14f61660-7bcc-4279-b6a3-7163a94e0626/element/41c88dc5-3239-4111-ac6f-9e17b55d65e7/element'
15:50:25.067 [Forwarding findChildElement on session 14f61660-7bcc-4279-b6a3-7163a94e0626 to remote] DEBUG o.a.netty.request.NettyRequestSender - Using open Channel [id: 0x7c68b8df, L:/127.0.0.1:64390 - R:localhost/127.0.0.1:10889] for POST '/session/14f61660-7bcc-4279-b6a3-7163a94e0626/element/41c88dc5-3239-4111-ac6f-9e17b55d65e7/element'
15:50:25.071 [AsyncHttpClient-3-1] DEBUG o.a.netty.handler.HttpHandler - 

Request DefaultHttpRequest(decodeResult: success, version: HTTP/1.1)
POST /session/14f61660-7bcc-4279-b6a3-7163a94e0626/element/41c88dc5-3239-4111-ac6f-9e17b55d65e7/element HTTP/1.1
User-Agent: selenium/4.0.0-alpha-5 (java windows)
Content-Length: 103
Content-Type: application/json; charset=utf-8
host: localhost:10889
accept: */*

Response DefaultHttpResponse(decodeResult: success, version: HTTP/1.1)
HTTP/1.1 200 OK
content-type: application/json; charset=utf-8
cache-control: no-cache
content-length: 88
date: Thu, 25 Jun 2020 12:50:25 GMT

15:50:25.071 [AsyncHttpClient-3-1] DEBUG o.a.netty.channel.ChannelManager - Adding key: http://localhost:10889 for channel [id: 0x7c68b8df, L:/127.0.0.1:64390 - R:localhost/127.0.0.1:10889]
15:50:25.071 [Forwarding getElementText on session 14f61660-7bcc-4279-b6a3-7163a94e0626 to remote] DEBUG o.a.netty.request.NettyRequestSender - Using pooled Channel '[id: 0x7c68b8df, L:/127.0.0.1:64390 - R:localhost/127.0.0.1:10889]' for 'GET' to 'http://localhost:10889/session/14f61660-7bcc-4279-b6a3-7163a94e0626/element/fc485103-be41-4477-9224-76dfa62ed8b3/text'
15:50:25.071 [Forwarding getElementText on session 14f61660-7bcc-4279-b6a3-7163a94e0626 to remote] DEBUG o.a.netty.request.NettyRequestSender - Using open Channel [id: 0x7c68b8df, L:/127.0.0.1:64390 - R:localhost/127.0.0.1:10889] for GET '/session/14f61660-7bcc-4279-b6a3-7163a94e0626/element/fc485103-be41-4477-9224-76dfa62ed8b3/text'
15:50:25.075 [AsyncHttpClient-3-1] DEBUG o.a.netty.handler.HttpHandler - 

Request DefaultFullHttpRequest(decodeResult: success, version: HTTP/1.1, content: EmptyByteBufBE)
GET /session/14f61660-7bcc-4279-b6a3-7163a94e0626/element/fc485103-be41-4477-9224-76dfa62ed8b3/text HTTP/1.1
User-Agent: selenium/4.0.0-alpha-5 (java windows)
Cache-Control: no-cache
host: localhost:10889
accept: */*

Response DefaultHttpResponse(decodeResult: success, version: HTTP/1.1)
HTTP/1.1 200 OK
content-type: application/json; charset=utf-8
cache-control: no-cache
content-length: 45
date: Thu, 25 Jun 2020 12:50:25 GMT

15:50:25.076 [AsyncHttpClient-3-1] DEBUG o.a.netty.channel.ChannelManager - Adding key: http://localhost:10889 for channel [id: 0x7c68b8df, L:/127.0.0.1:64390 - R:localhost/127.0.0.1:10889]
15:50:25.076 [Forwarding findChildElement on session 14f61660-7bcc-4279-b6a3-7163a94e0626 to remote] DEBUG o.a.netty.request.NettyRequestSender - Using pooled Channel '[id: 0x7c68b8df, L:/127.0.0.1:64390 - R:localhost/127.0.0.1:10889]' for 'POST' to 'http://localhost:10889/session/14f61660-7bcc-4279-b6a3-7163a94e0626/element/41c88dc5-3239-4111-ac6f-9e17b55d65e7/element'
15:50:25.076 [Forwarding findChildElement on session 14f61660-7bcc-4279-b6a3-7163a94e0626 to remote] DEBUG o.a.netty.request.NettyRequestSender - Using open Channel [id: 0x7c68b8df, L:/127.0.0.1:64390 - R:localhost/127.0.0.1:10889] for POST '/session/14f61660-7bcc-4279-b6a3-7163a94e0626/element/41c88dc5-3239-4111-ac6f-9e17b55d65e7/element'
15:50:25.080 [AsyncHttpClient-3-1] DEBUG o.a.netty.handler.HttpHandler - 

Request DefaultHttpRequest(decodeResult: success, version: HTTP/1.1)
POST /session/14f61660-7bcc-4279-b6a3-7163a94e0626/element/41c88dc5-3239-4111-ac6f-9e17b55d65e7/element HTTP/1.1
User-Agent: selenium/4.0.0-alpha-5 (java windows)
Content-Length: 103
Content-Type: application/json; charset=utf-8
host: localhost:10889
accept: */*

Response DefaultHttpResponse(decodeResult: success, version: HTTP/1.1)
HTTP/1.1 200 OK
content-type: application/json; charset=utf-8
cache-control: no-cache
content-length: 88
date: Thu, 25 Jun 2020 12:50:25 GMT

15:50:25.080 [AsyncHttpClient-3-1] DEBUG o.a.netty.channel.ChannelManager - Adding key: http://localhost:10889 for channel [id: 0x7c68b8df, L:/127.0.0.1:64390 - R:localhost/127.0.0.1:10889]
15:50:25.080 [Forwarding getElementText on session 14f61660-7bcc-4279-b6a3-7163a94e0626 to remote] DEBUG o.a.netty.request.NettyRequestSender - Using pooled Channel '[id: 0x7c68b8df, L:/127.0.0.1:64390 - R:localhost/127.0.0.1:10889]' for 'GET' to 'http://localhost:10889/session/14f61660-7bcc-4279-b6a3-7163a94e0626/element/aa533375-1f9a-45ad-a00c-80c5a57a719d/text'
15:50:25.080 [Forwarding getElementText on session 14f61660-7bcc-4279-b6a3-7163a94e0626 to remote] DEBUG o.a.netty.request.NettyRequestSender - Using open Channel [id: 0x7c68b8df, L:/127.0.0.1:64390 - R:localhost/127.0.0.1:10889] for GET '/session/14f61660-7bcc-4279-b6a3-7163a94e0626/element/aa533375-1f9a-45ad-a00c-80c5a57a719d/text'
15:50:25.093 [AsyncHttpClient-3-1] DEBUG o.a.netty.handler.HttpHandler - 

Request DefaultFullHttpRequest(decodeResult: success, version: HTTP/1.1, content: EmptyByteBufBE)
GET /session/14f61660-7bcc-4279-b6a3-7163a94e0626/element/aa533375-1f9a-45ad-a00c-80c5a57a719d/text HTTP/1.1
User-Agent: selenium/4.0.0-alpha-5 (java windows)
Cache-Control: no-cache
host: localhost:10889
accept: */*

Response DefaultHttpResponse(decodeResult: success, version: HTTP/1.1)
HTTP/1.1 200 OK
content-type: application/json; charset=utf-8
cache-control: no-cache
content-length: 57
date: Thu, 25 Jun 2020 12:50:25 GMT

15:50:25.093 [AsyncHttpClient-3-1] DEBUG o.a.netty.channel.ChannelManager - Adding key: http://localhost:10889 for channel [id: 0x7c68b8df, L:/127.0.0.1:64390 - R:localhost/127.0.0.1:10889]
15:50:25.094 [Forwarding findChildElement on session 14f61660-7bcc-4279-b6a3-7163a94e0626 to remote] DEBUG o.a.netty.request.NettyRequestSender - Using pooled Channel '[id: 0x7c68b8df, L:/127.0.0.1:64390 - R:localhost/127.0.0.1:10889]' for 'POST' to 'http://localhost:10889/session/14f61660-7bcc-4279-b6a3-7163a94e0626/element/41c88dc5-3239-4111-ac6f-9e17b55d65e7/element'
15:50:25.094 [Forwarding findChildElement on session 14f61660-7bcc-4279-b6a3-7163a94e0626 to remote] DEBUG o.a.netty.request.NettyRequestSender - Using open Channel [id: 0x7c68b8df, L:/127.0.0.1:64390 - R:localhost/127.0.0.1:10889] for POST '/session/14f61660-7bcc-4279-b6a3-7163a94e0626/element/41c88dc5-3239-4111-ac6f-9e17b55d65e7/element'
15:50:25.097 [AsyncHttpClient-3-1] DEBUG o.a.netty.handler.HttpHandler - 

Request DefaultHttpRequest(decodeResult: success, version: HTTP/1.1)
POST /session/14f61660-7bcc-4279-b6a3-7163a94e0626/element/41c88dc5-3239-4111-ac6f-9e17b55d65e7/element HTTP/1.1
User-Agent: selenium/4.0.0-alpha-5 (java windows)
Content-Length: 97
Content-Type: application/json; charset=utf-8
host: localhost:10889
accept: */*

Response DefaultHttpResponse(decodeResult: success, version: HTTP/1.1)
HTTP/1.1 200 OK
content-type: application/json; charset=utf-8
cache-control: no-cache
content-length: 88
date: Thu, 25 Jun 2020 12:50:25 GMT

15:50:25.097 [AsyncHttpClient-3-1] DEBUG o.a.netty.channel.ChannelManager - Adding key: http://localhost:10889 for channel [id: 0x7c68b8df, L:/127.0.0.1:64390 - R:localhost/127.0.0.1:10889]
15:50:25.100 [Forwarding getElementAttribute on session 14f61660-7bcc-4279-b6a3-7163a94e0626 to remote] DEBUG o.a.netty.request.NettyRequestSender - Using pooled Channel '[id: 0x7c68b8df, L:/127.0.0.1:64390 - R:localhost/127.0.0.1:10889]' for 'POST' to 'http://localhost:10889/session/14f61660-7bcc-4279-b6a3-7163a94e0626/execute/sync'
15:50:25.100 [Forwarding getElementAttribute on session 14f61660-7bcc-4279-b6a3-7163a94e0626 to remote] DEBUG o.a.netty.request.NettyRequestSender - Using open Channel [id: 0x7c68b8df, L:/127.0.0.1:64390 - R:localhost/127.0.0.1:10889] for POST '/session/14f61660-7bcc-4279-b6a3-7163a94e0626/execute/sync'
15:50:25.112 [AsyncHttpClient-3-1] DEBUG o.a.netty.handler.HttpHandler - 

Request DefaultHttpRequest(decodeResult: success, version: HTTP/1.1)
POST /session/14f61660-7bcc-4279-b6a3-7163a94e0626/execute/sync HTTP/1.1
User-Agent: selenium/4.0.0-alpha-5 (java windows)
Content-Length: 39635
Content-Type: application/json; charset=utf-8
host: localhost:10889
accept: */*

Response DefaultHttpResponse(decodeResult: success, version: HTTP/1.1)
HTTP/1.1 200 OK
content-type: application/json; charset=utf-8
cache-control: no-cache
content-length: 15
date: Thu, 25 Jun 2020 12:50:25 GMT

15:50:25.112 [AsyncHttpClient-3-1] DEBUG o.a.netty.channel.ChannelManager - Adding key: http://localhost:10889 for channel [id: 0x7c68b8df, L:/127.0.0.1:64390 - R:localhost/127.0.0.1:10889]
15:50:25.112 [Forwarding findChildElement on session 14f61660-7bcc-4279-b6a3-7163a94e0626 to remote] DEBUG o.a.netty.request.NettyRequestSender - Using pooled Channel '[id: 0x7c68b8df, L:/127.0.0.1:64390 - R:localhost/127.0.0.1:10889]' for 'POST' to 'http://localhost:10889/session/14f61660-7bcc-4279-b6a3-7163a94e0626/element/ea8ecc8e-299c-40a7-8710-a14c6c6018fe/element'
15:50:25.112 [Forwarding findChildElement on session 14f61660-7bcc-4279-b6a3-7163a94e0626 to remote] DEBUG o.a.netty.request.NettyRequestSender - Using open Channel [id: 0x7c68b8df, L:/127.0.0.1:64390 - R:localhost/127.0.0.1:10889] for POST '/session/14f61660-7bcc-4279-b6a3-7163a94e0626/element/ea8ecc8e-299c-40a7-8710-a14c6c6018fe/element'
15:50:25.116 [AsyncHttpClient-3-1] DEBUG o.a.netty.handler.HttpHandler - 

Request DefaultHttpRequest(decodeResult: success, version: HTTP/1.1)
POST /session/14f61660-7bcc-4279-b6a3-7163a94e0626/element/ea8ecc8e-299c-40a7-8710-a14c6c6018fe/element HTTP/1.1
User-Agent: selenium/4.0.0-alpha-5 (java windows)
Content-Length: 103
Content-Type: application/json; charset=utf-8
host: localhost:10889
accept: */*

Response DefaultHttpResponse(decodeResult: success, version: HTTP/1.1)
HTTP/1.1 200 OK
content-type: application/json; charset=utf-8
cache-control: no-cache
content-length: 88
date: Thu, 25 Jun 2020 12:50:25 GMT

15:50:25.116 [AsyncHttpClient-3-1] DEBUG o.a.netty.channel.ChannelManager - Adding key: http://localhost:10889 for channel [id: 0x7c68b8df, L:/127.0.0.1:64390 - R:localhost/127.0.0.1:10889]
15:50:25.116 [Forwarding getElementText on session 14f61660-7bcc-4279-b6a3-7163a94e0626 to remote] DEBUG o.a.netty.request.NettyRequestSender - Using pooled Channel '[id: 0x7c68b8df, L:/127.0.0.1:64390 - R:localhost/127.0.0.1:10889]' for 'GET' to 'http://localhost:10889/session/14f61660-7bcc-4279-b6a3-7163a94e0626/element/e47b68ab-4819-4fff-aeba-68aae81053a5/text'
15:50:25.116 [Forwarding getElementText on session 14f61660-7bcc-4279-b6a3-7163a94e0626 to remote] DEBUG o.a.netty.request.NettyRequestSender - Using open Channel [id: 0x7c68b8df, L:/127.0.0.1:64390 - R:localhost/127.0.0.1:10889] for GET '/session/14f61660-7bcc-4279-b6a3-7163a94e0626/element/e47b68ab-4819-4fff-aeba-68aae81053a5/text'
15:50:25.120 [AsyncHttpClient-3-1] DEBUG o.a.netty.handler.HttpHandler - 

Request DefaultFullHttpRequest(decodeResult: success, version: HTTP/1.1, content: EmptyByteBufBE)
GET /session/14f61660-7bcc-4279-b6a3-7163a94e0626/element/e47b68ab-4819-4fff-aeba-68aae81053a5/text HTTP/1.1
User-Agent: selenium/4.0.0-alpha-5 (java windows)
Cache-Control: no-cache
host: localhost:10889
accept: */*

Response DefaultHttpResponse(decodeResult: success, version: HTTP/1.1)
HTTP/1.1 200 OK
content-type: application/json; charset=utf-8
cache-control: no-cache
content-length: 18
date: Thu, 25 Jun 2020 12:50:25 GMT

15:50:25.120 [AsyncHttpClient-3-1] DEBUG o.a.netty.channel.ChannelManager - Adding key: http://localhost:10889 for channel [id: 0x7c68b8df, L:/127.0.0.1:64390 - R:localhost/127.0.0.1:10889]
15:50:25.121 [Forwarding findChildElement on session 14f61660-7bcc-4279-b6a3-7163a94e0626 to remote] DEBUG o.a.netty.request.NettyRequestSender - Using pooled Channel '[id: 0x7c68b8df, L:/127.0.0.1:64390 - R:localhost/127.0.0.1:10889]' for 'POST' to 'http://localhost:10889/session/14f61660-7bcc-4279-b6a3-7163a94e0626/element/ea8ecc8e-299c-40a7-8710-a14c6c6018fe/element'
15:50:25.121 [Forwarding findChildElement on session 14f61660-7bcc-4279-b6a3-7163a94e0626 to remote] DEBUG o.a.netty.request.NettyRequestSender - Using open Channel [id: 0x7c68b8df, L:/127.0.0.1:64390 - R:localhost/127.0.0.1:10889] for POST '/session/14f61660-7bcc-4279-b6a3-7163a94e0626/element/ea8ecc8e-299c-40a7-8710-a14c6c6018fe/element'
15:50:25.124 [AsyncHttpClient-3-1] DEBUG o.a.netty.handler.HttpHandler - 

Request DefaultHttpRequest(decodeResult: success, version: HTTP/1.1)
POST /session/14f61660-7bcc-4279-b6a3-7163a94e0626/element/ea8ecc8e-299c-40a7-8710-a14c6c6018fe/element HTTP/1.1
User-Agent: selenium/4.0.0-alpha-5 (java windows)
Content-Length: 103
Content-Type: application/json; charset=utf-8
host: localhost:10889
accept: */*

Response DefaultHttpResponse(decodeResult: success, version: HTTP/1.1)
HTTP/1.1 200 OK
content-type: application/json; charset=utf-8
cache-control: no-cache
content-length: 88
date: Thu, 25 Jun 2020 12:50:25 GMT

15:50:25.124 [AsyncHttpClient-3-1] DEBUG o.a.netty.channel.ChannelManager - Adding key: http://localhost:10889 for channel [id: 0x7c68b8df, L:/127.0.0.1:64390 - R:localhost/127.0.0.1:10889]
15:50:25.124 [Forwarding getElementText on session 14f61660-7bcc-4279-b6a3-7163a94e0626 to remote] DEBUG o.a.netty.request.NettyRequestSender - Using pooled Channel '[id: 0x7c68b8df, L:/127.0.0.1:64390 - R:localhost/127.0.0.1:10889]' for 'GET' to 'http://localhost:10889/session/14f61660-7bcc-4279-b6a3-7163a94e0626/element/15cbd970-7187-48da-9ec4-0011604737b8/text'
15:50:25.124 [Forwarding getElementText on session 14f61660-7bcc-4279-b6a3-7163a94e0626 to remote] DEBUG o.a.netty.request.NettyRequestSender - Using open Channel [id: 0x7c68b8df, L:/127.0.0.1:64390 - R:localhost/127.0.0.1:10889] for GET '/session/14f61660-7bcc-4279-b6a3-7163a94e0626/element/15cbd970-7187-48da-9ec4-0011604737b8/text'
15:50:25.129 [AsyncHttpClient-3-1] DEBUG o.a.netty.handler.HttpHandler - 

Request DefaultFullHttpRequest(decodeResult: success, version: HTTP/1.1, content: EmptyByteBufBE)
GET /session/14f61660-7bcc-4279-b6a3-7163a94e0626/element/15cbd970-7187-48da-9ec4-0011604737b8/text HTTP/1.1
User-Agent: selenium/4.0.0-alpha-5 (java windows)
Cache-Control: no-cache
host: localhost:10889
accept: */*

Response DefaultHttpResponse(decodeResult: success, version: HTTP/1.1)
HTTP/1.1 200 OK
content-type: application/json; charset=utf-8
cache-control: no-cache
content-length: 22
date: Thu, 25 Jun 2020 12:50:25 GMT

15:50:25.129 [AsyncHttpClient-3-1] DEBUG o.a.netty.channel.ChannelManager - Adding key: http://localhost:10889 for channel [id: 0x7c68b8df, L:/127.0.0.1:64390 - R:localhost/127.0.0.1:10889]
15:50:25.129 [Forwarding findChildElement on session 14f61660-7bcc-4279-b6a3-7163a94e0626 to remote] DEBUG o.a.netty.request.NettyRequestSender - Using pooled Channel '[id: 0x7c68b8df, L:/127.0.0.1:64390 - R:localhost/127.0.0.1:10889]' for 'POST' to 'http://localhost:10889/session/14f61660-7bcc-4279-b6a3-7163a94e0626/element/ea8ecc8e-299c-40a7-8710-a14c6c6018fe/element'
15:50:25.129 [Forwarding findChildElement on session 14f61660-7bcc-4279-b6a3-7163a94e0626 to remote] DEBUG o.a.netty.request.NettyRequestSender - Using open Channel [id: 0x7c68b8df, L:/127.0.0.1:64390 - R:localhost/127.0.0.1:10889] for POST '/session/14f61660-7bcc-4279-b6a3-7163a94e0626/element/ea8ecc8e-299c-40a7-8710-a14c6c6018fe/element'
15:50:25.132 [AsyncHttpClient-3-1] DEBUG o.a.netty.handler.HttpHandler - 

Request DefaultHttpRequest(decodeResult: success, version: HTTP/1.1)
POST /session/14f61660-7bcc-4279-b6a3-7163a94e0626/element/ea8ecc8e-299c-40a7-8710-a14c6c6018fe/element HTTP/1.1
User-Agent: selenium/4.0.0-alpha-5 (java windows)
Content-Length: 103
Content-Type: application/json; charset=utf-8
host: localhost:10889
accept: */*

Response DefaultHttpResponse(decodeResult: success, version: HTTP/1.1)
HTTP/1.1 200 OK
content-type: application/json; charset=utf-8
cache-control: no-cache
content-length: 88
date: Thu, 25 Jun 2020 12:50:25 GMT

15:50:25.133 [AsyncHttpClient-3-1] DEBUG o.a.netty.channel.ChannelManager - Adding key: http://localhost:10889 for channel [id: 0x7c68b8df, L:/127.0.0.1:64390 - R:localhost/127.0.0.1:10889]
15:50:25.133 [Forwarding getElementText on session 14f61660-7bcc-4279-b6a3-7163a94e0626 to remote] DEBUG o.a.netty.request.NettyRequestSender - Using pooled Channel '[id: 0x7c68b8df, L:/127.0.0.1:64390 - R:localhost/127.0.0.1:10889]' for 'GET' to 'http://localhost:10889/session/14f61660-7bcc-4279-b6a3-7163a94e0626/element/5abe4a8f-80cb-4096-b49e-fe0c923c15d4/text'
15:50:25.133 [Forwarding getElementText on session 14f61660-7bcc-4279-b6a3-7163a94e0626 to remote] DEBUG o.a.netty.request.NettyRequestSender - Using open Channel [id: 0x7c68b8df, L:/127.0.0.1:64390 - R:localhost/127.0.0.1:10889] for GET '/session/14f61660-7bcc-4279-b6a3-7163a94e0626/element/5abe4a8f-80cb-4096-b49e-fe0c923c15d4/text'
15:50:25.137 [AsyncHttpClient-3-1] DEBUG o.a.netty.handler.HttpHandler - 

Request DefaultFullHttpRequest(decodeResult: success, version: HTTP/1.1, content: EmptyByteBufBE)
GET /session/14f61660-7bcc-4279-b6a3-7163a94e0626/element/5abe4a8f-80cb-4096-b49e-fe0c923c15d4/text HTTP/1.1
User-Agent: selenium/4.0.0-alpha-5 (java windows)
Cache-Control: no-cache
host: localhost:10889
accept: */*

Response DefaultHttpResponse(decodeResult: success, version: HTTP/1.1)
HTTP/1.1 200 OK
content-type: application/json; charset=utf-8
cache-control: no-cache
content-length: 21
date: Thu, 25 Jun 2020 12:50:25 GMT

15:50:25.137 [AsyncHttpClient-3-1] DEBUG o.a.netty.channel.ChannelManager - Adding key: http://localhost:10889 for channel [id: 0x7c68b8df, L:/127.0.0.1:64390 - R:localhost/127.0.0.1:10889]
15:50:25.138 [Forwarding findChildElement on session 14f61660-7bcc-4279-b6a3-7163a94e0626 to remote] DEBUG o.a.netty.request.NettyRequestSender - Using pooled Channel '[id: 0x7c68b8df, L:/127.0.0.1:64390 - R:localhost/127.0.0.1:10889]' for 'POST' to 'http://localhost:10889/session/14f61660-7bcc-4279-b6a3-7163a94e0626/element/ea8ecc8e-299c-40a7-8710-a14c6c6018fe/element'
15:50:25.138 [Forwarding findChildElement on session 14f61660-7bcc-4279-b6a3-7163a94e0626 to remote] DEBUG o.a.netty.request.NettyRequestSender - Using open Channel [id: 0x7c68b8df, L:/127.0.0.1:64390 - R:localhost/127.0.0.1:10889] for POST '/session/14f61660-7bcc-4279-b6a3-7163a94e0626/element/ea8ecc8e-299c-40a7-8710-a14c6c6018fe/element'
15:50:25.142 [AsyncHttpClient-3-1] DEBUG o.a.netty.handler.HttpHandler - 

Request DefaultHttpRequest(decodeResult: success, version: HTTP/1.1)
POST /session/14f61660-7bcc-4279-b6a3-7163a94e0626/element/ea8ecc8e-299c-40a7-8710-a14c6c6018fe/element HTTP/1.1
User-Agent: selenium/4.0.0-alpha-5 (java windows)
Content-Length: 103
Content-Type: application/json; charset=utf-8
host: localhost:10889
accept: */*

Response DefaultHttpResponse(decodeResult: success, version: HTTP/1.1)
HTTP/1.1 200 OK
content-type: application/json; charset=utf-8
cache-control: no-cache
content-length: 88
date: Thu, 25 Jun 2020 12:50:25 GMT

15:50:25.142 [AsyncHttpClient-3-1] DEBUG o.a.netty.channel.ChannelManager - Adding key: http://localhost:10889 for channel [id: 0x7c68b8df, L:/127.0.0.1:64390 - R:localhost/127.0.0.1:10889]
15:50:25.143 [Forwarding getElementText on session 14f61660-7bcc-4279-b6a3-7163a94e0626 to remote] DEBUG o.a.netty.request.NettyRequestSender - Using pooled Channel '[id: 0x7c68b8df, L:/127.0.0.1:64390 - R:localhost/127.0.0.1:10889]' for 'GET' to 'http://localhost:10889/session/14f61660-7bcc-4279-b6a3-7163a94e0626/element/43d09fa7-bca0-48ee-a1a6-05c45bc80c89/text'
15:50:25.143 [Forwarding getElementText on session 14f61660-7bcc-4279-b6a3-7163a94e0626 to remote] DEBUG o.a.netty.request.NettyRequestSender - Using open Channel [id: 0x7c68b8df, L:/127.0.0.1:64390 - R:localhost/127.0.0.1:10889] for GET '/session/14f61660-7bcc-4279-b6a3-7163a94e0626/element/43d09fa7-bca0-48ee-a1a6-05c45bc80c89/text'
15:50:25.147 [AsyncHttpClient-3-1] DEBUG o.a.netty.handler.HttpHandler - 

Request DefaultFullHttpRequest(decodeResult: success, version: HTTP/1.1, content: EmptyByteBufBE)
GET /session/14f61660-7bcc-4279-b6a3-7163a94e0626/element/43d09fa7-bca0-48ee-a1a6-05c45bc80c89/text HTTP/1.1
User-Agent: selenium/4.0.0-alpha-5 (java windows)
Cache-Control: no-cache
host: localhost:10889
accept: */*

Response DefaultHttpResponse(decodeResult: success, version: HTTP/1.1)
HTTP/1.1 200 OK
content-type: application/json; charset=utf-8
cache-control: no-cache
content-length: 45
date: Thu, 25 Jun 2020 12:50:25 GMT

15:50:25.147 [AsyncHttpClient-3-1] DEBUG o.a.netty.channel.ChannelManager - Adding key: http://localhost:10889 for channel [id: 0x7c68b8df, L:/127.0.0.1:64390 - R:localhost/127.0.0.1:10889]
15:50:25.148 [Forwarding findChildElement on session 14f61660-7bcc-4279-b6a3-7163a94e0626 to remote] DEBUG o.a.netty.request.NettyRequestSender - Using pooled Channel '[id: 0x7c68b8df, L:/127.0.0.1:64390 - R:localhost/127.0.0.1:10889]' for 'POST' to 'http://localhost:10889/session/14f61660-7bcc-4279-b6a3-7163a94e0626/element/ea8ecc8e-299c-40a7-8710-a14c6c6018fe/element'
15:50:25.148 [Forwarding findChildElement on session 14f61660-7bcc-4279-b6a3-7163a94e0626 to remote] DEBUG o.a.netty.request.NettyRequestSender - Using open Channel [id: 0x7c68b8df, L:/127.0.0.1:64390 - R:localhost/127.0.0.1:10889] for POST '/session/14f61660-7bcc-4279-b6a3-7163a94e0626/element/ea8ecc8e-299c-40a7-8710-a14c6c6018fe/element'
15:50:25.151 [AsyncHttpClient-3-1] DEBUG o.a.netty.handler.HttpHandler - 

Request DefaultHttpRequest(decodeResult: success, version: HTTP/1.1)
POST /session/14f61660-7bcc-4279-b6a3-7163a94e0626/element/ea8ecc8e-299c-40a7-8710-a14c6c6018fe/element HTTP/1.1
User-Agent: selenium/4.0.0-alpha-5 (java windows)
Content-Length: 103
Content-Type: application/json; charset=utf-8
host: localhost:10889
accept: */*

Response DefaultHttpResponse(decodeResult: success, version: HTTP/1.1)
HTTP/1.1 200 OK
content-type: application/json; charset=utf-8
cache-control: no-cache
content-length: 88
date: Thu, 25 Jun 2020 12:50:25 GMT

15:50:25.152 [AsyncHttpClient-3-1] DEBUG o.a.netty.channel.ChannelManager - Adding key: http://localhost:10889 for channel [id: 0x7c68b8df, L:/127.0.0.1:64390 - R:localhost/127.0.0.1:10889]
15:50:25.152 [Forwarding getElementText on session 14f61660-7bcc-4279-b6a3-7163a94e0626 to remote] DEBUG o.a.netty.request.NettyRequestSender - Using pooled Channel '[id: 0x7c68b8df, L:/127.0.0.1:64390 - R:localhost/127.0.0.1:10889]' for 'GET' to 'http://localhost:10889/session/14f61660-7bcc-4279-b6a3-7163a94e0626/element/18ac50fa-7bc6-4e88-bef8-d2ab68443b95/text'
15:50:25.152 [Forwarding getElementText on session 14f61660-7bcc-4279-b6a3-7163a94e0626 to remote] DEBUG o.a.netty.request.NettyRequestSender - Using open Channel [id: 0x7c68b8df, L:/127.0.0.1:64390 - R:localhost/127.0.0.1:10889] for GET '/session/14f61660-7bcc-4279-b6a3-7163a94e0626/element/18ac50fa-7bc6-4e88-bef8-d2ab68443b95/text'
15:50:25.159 [AsyncHttpClient-3-1] DEBUG o.a.netty.handler.HttpHandler - 

Request DefaultFullHttpRequest(decodeResult: success, version: HTTP/1.1, content: EmptyByteBufBE)
GET /session/14f61660-7bcc-4279-b6a3-7163a94e0626/element/18ac50fa-7bc6-4e88-bef8-d2ab68443b95/text HTTP/1.1
User-Agent: selenium/4.0.0-alpha-5 (java windows)
Cache-Control: no-cache
host: localhost:10889
accept: */*

Response DefaultHttpResponse(decodeResult: success, version: HTTP/1.1)
HTTP/1.1 200 OK
content-type: application/json; charset=utf-8
cache-control: no-cache
content-length: 57
date: Thu, 25 Jun 2020 12:50:25 GMT

15:50:25.159 [AsyncHttpClient-3-1] DEBUG o.a.netty.channel.ChannelManager - Adding key: http://localhost:10889 for channel [id: 0x7c68b8df, L:/127.0.0.1:64390 - R:localhost/127.0.0.1:10889]
15:50:25.160 [Forwarding findChildElement on session 14f61660-7bcc-4279-b6a3-7163a94e0626 to remote] DEBUG o.a.netty.request.NettyRequestSender - Using pooled Channel '[id: 0x7c68b8df, L:/127.0.0.1:64390 - R:localhost/127.0.0.1:10889]' for 'POST' to 'http://localhost:10889/session/14f61660-7bcc-4279-b6a3-7163a94e0626/element/ea8ecc8e-299c-40a7-8710-a14c6c6018fe/element'
15:50:25.160 [Forwarding findChildElement on session 14f61660-7bcc-4279-b6a3-7163a94e0626 to remote] DEBUG o.a.netty.request.NettyRequestSender - Using open Channel [id: 0x7c68b8df, L:/127.0.0.1:64390 - R:localhost/127.0.0.1:10889] for POST '/session/14f61660-7bcc-4279-b6a3-7163a94e0626/element/ea8ecc8e-299c-40a7-8710-a14c6c6018fe/element'
15:50:25.163 [AsyncHttpClient-3-1] DEBUG o.a.netty.handler.HttpHandler - 

Request DefaultHttpRequest(decodeResult: success, version: HTTP/1.1)
POST /session/14f61660-7bcc-4279-b6a3-7163a94e0626/element/ea8ecc8e-299c-40a7-8710-a14c6c6018fe/element HTTP/1.1
User-Agent: selenium/4.0.0-alpha-5 (java windows)
Content-Length: 97
Content-Type: application/json; charset=utf-8
host: localhost:10889
accept: */*

Response DefaultHttpResponse(decodeResult: success, version: HTTP/1.1)
HTTP/1.1 200 OK
content-type: application/json; charset=utf-8
cache-control: no-cache
content-length: 88
date: Thu, 25 Jun 2020 12:50:25 GMT

15:50:25.163 [AsyncHttpClient-3-1] DEBUG o.a.netty.channel.ChannelManager - Adding key: http://localhost:10889 for channel [id: 0x7c68b8df, L:/127.0.0.1:64390 - R:localhost/127.0.0.1:10889]
15:50:25.165 [Forwarding getElementAttribute on session 14f61660-7bcc-4279-b6a3-7163a94e0626 to remote] DEBUG o.a.netty.request.NettyRequestSender - Using pooled Channel '[id: 0x7c68b8df, L:/127.0.0.1:64390 - R:localhost/127.0.0.1:10889]' for 'POST' to 'http://localhost:10889/session/14f61660-7bcc-4279-b6a3-7163a94e0626/execute/sync'
15:50:25.166 [Forwarding getElementAttribute on session 14f61660-7bcc-4279-b6a3-7163a94e0626 to remote] DEBUG o.a.netty.request.NettyRequestSender - Using open Channel [id: 0x7c68b8df, L:/127.0.0.1:64390 - R:localhost/127.0.0.1:10889] for POST '/session/14f61660-7bcc-4279-b6a3-7163a94e0626/execute/sync'
15:50:25.178 [AsyncHttpClient-3-1] DEBUG o.a.netty.handler.HttpHandler - 

Request DefaultHttpRequest(decodeResult: success, version: HTTP/1.1)
POST /session/14f61660-7bcc-4279-b6a3-7163a94e0626/execute/sync HTTP/1.1
User-Agent: selenium/4.0.0-alpha-5 (java windows)
Content-Length: 39635
Content-Type: application/json; charset=utf-8
host: localhost:10889
accept: */*

Response DefaultHttpResponse(decodeResult: success, version: HTTP/1.1)
HTTP/1.1 200 OK
content-type: application/json; charset=utf-8
cache-control: no-cache
content-length: 15
date: Thu, 25 Jun 2020 12:50:25 GMT

15:50:25.178 [AsyncHttpClient-3-1] DEBUG o.a.netty.channel.ChannelManager - Adding key: http://localhost:10889 for channel [id: 0x7c68b8df, L:/127.0.0.1:64390 - R:localhost/127.0.0.1:10889]
15:50:25.179 [Forwarding findChildElement on session 14f61660-7bcc-4279-b6a3-7163a94e0626 to remote] DEBUG o.a.netty.request.NettyRequestSender - Using pooled Channel '[id: 0x7c68b8df, L:/127.0.0.1:64390 - R:localhost/127.0.0.1:10889]' for 'POST' to 'http://localhost:10889/session/14f61660-7bcc-4279-b6a3-7163a94e0626/element/b034eff8-658d-452d-b3d8-f6db96a14449/element'
15:50:25.179 [Forwarding findChildElement on session 14f61660-7bcc-4279-b6a3-7163a94e0626 to remote] DEBUG o.a.netty.request.NettyRequestSender - Using open Channel [id: 0x7c68b8df, L:/127.0.0.1:64390 - R:localhost/127.0.0.1:10889] for POST '/session/14f61660-7bcc-4279-b6a3-7163a94e0626/element/b034eff8-658d-452d-b3d8-f6db96a14449/element'
15:50:25.182 [AsyncHttpClient-3-1] DEBUG o.a.netty.handler.HttpHandler - 

Request DefaultHttpRequest(decodeResult: success, version: HTTP/1.1)
POST /session/14f61660-7bcc-4279-b6a3-7163a94e0626/element/b034eff8-658d-452d-b3d8-f6db96a14449/element HTTP/1.1
User-Agent: selenium/4.0.0-alpha-5 (java windows)
Content-Length: 103
Content-Type: application/json; charset=utf-8
host: localhost:10889
accept: */*

Response DefaultHttpResponse(decodeResult: success, version: HTTP/1.1)
HTTP/1.1 200 OK
content-type: application/json; charset=utf-8
cache-control: no-cache
content-length: 88
date: Thu, 25 Jun 2020 12:50:25 GMT

15:50:25.182 [AsyncHttpClient-3-1] DEBUG o.a.netty.channel.ChannelManager - Adding key: http://localhost:10889 for channel [id: 0x7c68b8df, L:/127.0.0.1:64390 - R:localhost/127.0.0.1:10889]
15:50:25.183 [Forwarding getElementText on session 14f61660-7bcc-4279-b6a3-7163a94e0626 to remote] DEBUG o.a.netty.request.NettyRequestSender - Using pooled Channel '[id: 0x7c68b8df, L:/127.0.0.1:64390 - R:localhost/127.0.0.1:10889]' for 'GET' to 'http://localhost:10889/session/14f61660-7bcc-4279-b6a3-7163a94e0626/element/78fdaea0-3404-4b97-a184-aa089f8e9f17/text'
15:50:25.183 [Forwarding getElementText on session 14f61660-7bcc-4279-b6a3-7163a94e0626 to remote] DEBUG o.a.netty.request.NettyRequestSender - Using open Channel [id: 0x7c68b8df, L:/127.0.0.1:64390 - R:localhost/127.0.0.1:10889] for GET '/session/14f61660-7bcc-4279-b6a3-7163a94e0626/element/78fdaea0-3404-4b97-a184-aa089f8e9f17/text'
15:50:25.187 [AsyncHttpClient-3-1] DEBUG o.a.netty.handler.HttpHandler - 

Request DefaultFullHttpRequest(decodeResult: success, version: HTTP/1.1, content: EmptyByteBufBE)
GET /session/14f61660-7bcc-4279-b6a3-7163a94e0626/element/78fdaea0-3404-4b97-a184-aa089f8e9f17/text HTTP/1.1
User-Agent: selenium/4.0.0-alpha-5 (java windows)
Cache-Control: no-cache
host: localhost:10889
accept: */*

Response DefaultHttpResponse(decodeResult: success, version: HTTP/1.1)
HTTP/1.1 200 OK
content-type: application/json; charset=utf-8
cache-control: no-cache
content-length: 18
date: Thu, 25 Jun 2020 12:50:25 GMT

15:50:25.187 [AsyncHttpClient-3-1] DEBUG o.a.netty.channel.ChannelManager - Adding key: http://localhost:10889 for channel [id: 0x7c68b8df, L:/127.0.0.1:64390 - R:localhost/127.0.0.1:10889]
15:50:25.188 [Forwarding findChildElement on session 14f61660-7bcc-4279-b6a3-7163a94e0626 to remote] DEBUG o.a.netty.request.NettyRequestSender - Using pooled Channel '[id: 0x7c68b8df, L:/127.0.0.1:64390 - R:localhost/127.0.0.1:10889]' for 'POST' to 'http://localhost:10889/session/14f61660-7bcc-4279-b6a3-7163a94e0626/element/b034eff8-658d-452d-b3d8-f6db96a14449/element'
15:50:25.188 [Forwarding findChildElement on session 14f61660-7bcc-4279-b6a3-7163a94e0626 to remote] DEBUG o.a.netty.request.NettyRequestSender - Using open Channel [id: 0x7c68b8df, L:/127.0.0.1:64390 - R:localhost/127.0.0.1:10889] for POST '/session/14f61660-7bcc-4279-b6a3-7163a94e0626/element/b034eff8-658d-452d-b3d8-f6db96a14449/element'
15:50:25.192 [AsyncHttpClient-3-1] DEBUG o.a.netty.handler.HttpHandler - 

Request DefaultHttpRequest(decodeResult: success, version: HTTP/1.1)
POST /session/14f61660-7bcc-4279-b6a3-7163a94e0626/element/b034eff8-658d-452d-b3d8-f6db96a14449/element HTTP/1.1
User-Agent: selenium/4.0.0-alpha-5 (java windows)
Content-Length: 103
Content-Type: application/json; charset=utf-8
host: localhost:10889
accept: */*

Response DefaultHttpResponse(decodeResult: success, version: HTTP/1.1)
HTTP/1.1 200 OK
content-type: application/json; charset=utf-8
cache-control: no-cache
content-length: 88
date: Thu, 25 Jun 2020 12:50:25 GMT

15:50:25.192 [AsyncHttpClient-3-1] DEBUG o.a.netty.channel.ChannelManager - Adding key: http://localhost:10889 for channel [id: 0x7c68b8df, L:/127.0.0.1:64390 - R:localhost/127.0.0.1:10889]
15:50:25.192 [Forwarding getElementText on session 14f61660-7bcc-4279-b6a3-7163a94e0626 to remote] DEBUG o.a.netty.request.NettyRequestSender - Using pooled Channel '[id: 0x7c68b8df, L:/127.0.0.1:64390 - R:localhost/127.0.0.1:10889]' for 'GET' to 'http://localhost:10889/session/14f61660-7bcc-4279-b6a3-7163a94e0626/element/c1747212-49e2-46ed-bb1e-9abb328267a1/text'
15:50:25.192 [Forwarding getElementText on session 14f61660-7bcc-4279-b6a3-7163a94e0626 to remote] DEBUG o.a.netty.request.NettyRequestSender - Using open Channel [id: 0x7c68b8df, L:/127.0.0.1:64390 - R:localhost/127.0.0.1:10889] for GET '/session/14f61660-7bcc-4279-b6a3-7163a94e0626/element/c1747212-49e2-46ed-bb1e-9abb328267a1/text'
15:50:25.196 [AsyncHttpClient-3-1] DEBUG o.a.netty.handler.HttpHandler - 

Request DefaultFullHttpRequest(decodeResult: success, version: HTTP/1.1, content: EmptyByteBufBE)
GET /session/14f61660-7bcc-4279-b6a3-7163a94e0626/element/c1747212-49e2-46ed-bb1e-9abb328267a1/text HTTP/1.1
User-Agent: selenium/4.0.0-alpha-5 (java windows)
Cache-Control: no-cache
host: localhost:10889
accept: */*

Response DefaultHttpResponse(decodeResult: success, version: HTTP/1.1)
HTTP/1.1 200 OK
content-type: application/json; charset=utf-8
cache-control: no-cache
content-length: 22
date: Thu, 25 Jun 2020 12:50:25 GMT

15:50:25.196 [AsyncHttpClient-3-1] DEBUG o.a.netty.channel.ChannelManager - Adding key: http://localhost:10889 for channel [id: 0x7c68b8df, L:/127.0.0.1:64390 - R:localhost/127.0.0.1:10889]
15:50:25.197 [Forwarding findChildElement on session 14f61660-7bcc-4279-b6a3-7163a94e0626 to remote] DEBUG o.a.netty.request.NettyRequestSender - Using pooled Channel '[id: 0x7c68b8df, L:/127.0.0.1:64390 - R:localhost/127.0.0.1:10889]' for 'POST' to 'http://localhost:10889/session/14f61660-7bcc-4279-b6a3-7163a94e0626/element/b034eff8-658d-452d-b3d8-f6db96a14449/element'
15:50:25.197 [Forwarding findChildElement on session 14f61660-7bcc-4279-b6a3-7163a94e0626 to remote] DEBUG o.a.netty.request.NettyRequestSender - Using open Channel [id: 0x7c68b8df, L:/127.0.0.1:64390 - R:localhost/127.0.0.1:10889] for POST '/session/14f61660-7bcc-4279-b6a3-7163a94e0626/element/b034eff8-658d-452d-b3d8-f6db96a14449/element'
15:50:25.200 [AsyncHttpClient-3-1] DEBUG o.a.netty.handler.HttpHandler - 

Request DefaultHttpRequest(decodeResult: success, version: HTTP/1.1)
POST /session/14f61660-7bcc-4279-b6a3-7163a94e0626/element/b034eff8-658d-452d-b3d8-f6db96a14449/element HTTP/1.1
User-Agent: selenium/4.0.0-alpha-5 (java windows)
Content-Length: 103
Content-Type: application/json; charset=utf-8
host: localhost:10889
accept: */*

Response DefaultHttpResponse(decodeResult: success, version: HTTP/1.1)
HTTP/1.1 200 OK
content-type: application/json; charset=utf-8
cache-control: no-cache
content-length: 88
date: Thu, 25 Jun 2020 12:50:25 GMT

15:50:25.200 [AsyncHttpClient-3-1] DEBUG o.a.netty.channel.ChannelManager - Adding key: http://localhost:10889 for channel [id: 0x7c68b8df, L:/127.0.0.1:64390 - R:localhost/127.0.0.1:10889]
15:50:25.200 [Forwarding getElementText on session 14f61660-7bcc-4279-b6a3-7163a94e0626 to remote] DEBUG o.a.netty.request.NettyRequestSender - Using pooled Channel '[id: 0x7c68b8df, L:/127.0.0.1:64390 - R:localhost/127.0.0.1:10889]' for 'GET' to 'http://localhost:10889/session/14f61660-7bcc-4279-b6a3-7163a94e0626/element/9e069aae-4f06-4f23-b947-dce2d90724ca/text'
15:50:25.200 [Forwarding getElementText on session 14f61660-7bcc-4279-b6a3-7163a94e0626 to remote] DEBUG o.a.netty.request.NettyRequestSender - Using open Channel [id: 0x7c68b8df, L:/127.0.0.1:64390 - R:localhost/127.0.0.1:10889] for GET '/session/14f61660-7bcc-4279-b6a3-7163a94e0626/element/9e069aae-4f06-4f23-b947-dce2d90724ca/text'
15:50:25.205 [AsyncHttpClient-3-1] DEBUG o.a.netty.handler.HttpHandler - 

Request DefaultFullHttpRequest(decodeResult: success, version: HTTP/1.1, content: EmptyByteBufBE)
GET /session/14f61660-7bcc-4279-b6a3-7163a94e0626/element/9e069aae-4f06-4f23-b947-dce2d90724ca/text HTTP/1.1
User-Agent: selenium/4.0.0-alpha-5 (java windows)
Cache-Control: no-cache
host: localhost:10889
accept: */*

Response DefaultHttpResponse(decodeResult: success, version: HTTP/1.1)
HTTP/1.1 200 OK
content-type: application/json; charset=utf-8
cache-control: no-cache
content-length: 21
date: Thu, 25 Jun 2020 12:50:25 GMT

15:50:25.206 [AsyncHttpClient-3-1] DEBUG o.a.netty.channel.ChannelManager - Adding key: http://localhost:10889 for channel [id: 0x7c68b8df, L:/127.0.0.1:64390 - R:localhost/127.0.0.1:10889]
15:50:25.206 [Forwarding findChildElement on session 14f61660-7bcc-4279-b6a3-7163a94e0626 to remote] DEBUG o.a.netty.request.NettyRequestSender - Using pooled Channel '[id: 0x7c68b8df, L:/127.0.0.1:64390 - R:localhost/127.0.0.1:10889]' for 'POST' to 'http://localhost:10889/session/14f61660-7bcc-4279-b6a3-7163a94e0626/element/b034eff8-658d-452d-b3d8-f6db96a14449/element'
15:50:25.206 [Forwarding findChildElement on session 14f61660-7bcc-4279-b6a3-7163a94e0626 to remote] DEBUG o.a.netty.request.NettyRequestSender - Using open Channel [id: 0x7c68b8df, L:/127.0.0.1:64390 - R:localhost/127.0.0.1:10889] for POST '/session/14f61660-7bcc-4279-b6a3-7163a94e0626/element/b034eff8-658d-452d-b3d8-f6db96a14449/element'
15:50:25.210 [AsyncHttpClient-3-1] DEBUG o.a.netty.handler.HttpHandler - 

Request DefaultHttpRequest(decodeResult: success, version: HTTP/1.1)
POST /session/14f61660-7bcc-4279-b6a3-7163a94e0626/element/b034eff8-658d-452d-b3d8-f6db96a14449/element HTTP/1.1
User-Agent: selenium/4.0.0-alpha-5 (java windows)
Content-Length: 103
Content-Type: application/json; charset=utf-8
host: localhost:10889
accept: */*

Response DefaultHttpResponse(decodeResult: success, version: HTTP/1.1)
HTTP/1.1 200 OK
content-type: application/json; charset=utf-8
cache-control: no-cache
content-length: 88
date: Thu, 25 Jun 2020 12:50:25 GMT

15:50:25.211 [AsyncHttpClient-3-1] DEBUG o.a.netty.channel.ChannelManager - Adding key: http://localhost:10889 for channel [id: 0x7c68b8df, L:/127.0.0.1:64390 - R:localhost/127.0.0.1:10889]
15:50:25.211 [Forwarding getElementText on session 14f61660-7bcc-4279-b6a3-7163a94e0626 to remote] DEBUG o.a.netty.request.NettyRequestSender - Using pooled Channel '[id: 0x7c68b8df, L:/127.0.0.1:64390 - R:localhost/127.0.0.1:10889]' for 'GET' to 'http://localhost:10889/session/14f61660-7bcc-4279-b6a3-7163a94e0626/element/219093d1-6fe0-4670-a40a-9af1534c78ab/text'
15:50:25.211 [Forwarding getElementText on session 14f61660-7bcc-4279-b6a3-7163a94e0626 to remote] DEBUG o.a.netty.request.NettyRequestSender - Using open Channel [id: 0x7c68b8df, L:/127.0.0.1:64390 - R:localhost/127.0.0.1:10889] for GET '/session/14f61660-7bcc-4279-b6a3-7163a94e0626/element/219093d1-6fe0-4670-a40a-9af1534c78ab/text'
15:50:25.216 [AsyncHttpClient-3-1] DEBUG o.a.netty.handler.HttpHandler - 

Request DefaultFullHttpRequest(decodeResult: success, version: HTTP/1.1, content: EmptyByteBufBE)
GET /session/14f61660-7bcc-4279-b6a3-7163a94e0626/element/219093d1-6fe0-4670-a40a-9af1534c78ab/text HTTP/1.1
User-Agent: selenium/4.0.0-alpha-5 (java windows)
Cache-Control: no-cache
host: localhost:10889
accept: */*

Response DefaultHttpResponse(decodeResult: success, version: HTTP/1.1)
HTTP/1.1 200 OK
content-type: application/json; charset=utf-8
cache-control: no-cache
content-length: 45
date: Thu, 25 Jun 2020 12:50:25 GMT

15:50:25.216 [AsyncHttpClient-3-1] DEBUG o.a.netty.channel.ChannelManager - Adding key: http://localhost:10889 for channel [id: 0x7c68b8df, L:/127.0.0.1:64390 - R:localhost/127.0.0.1:10889]
15:50:25.216 [Forwarding findChildElement on session 14f61660-7bcc-4279-b6a3-7163a94e0626 to remote] DEBUG o.a.netty.request.NettyRequestSender - Using pooled Channel '[id: 0x7c68b8df, L:/127.0.0.1:64390 - R:localhost/127.0.0.1:10889]' for 'POST' to 'http://localhost:10889/session/14f61660-7bcc-4279-b6a3-7163a94e0626/element/b034eff8-658d-452d-b3d8-f6db96a14449/element'
15:50:25.217 [Forwarding findChildElement on session 14f61660-7bcc-4279-b6a3-7163a94e0626 to remote] DEBUG o.a.netty.request.NettyRequestSender - Using open Channel [id: 0x7c68b8df, L:/127.0.0.1:64390 - R:localhost/127.0.0.1:10889] for POST '/session/14f61660-7bcc-4279-b6a3-7163a94e0626/element/b034eff8-658d-452d-b3d8-f6db96a14449/element'
15:50:25.220 [AsyncHttpClient-3-1] DEBUG o.a.netty.handler.HttpHandler - 

Request DefaultHttpRequest(decodeResult: success, version: HTTP/1.1)
POST /session/14f61660-7bcc-4279-b6a3-7163a94e0626/element/b034eff8-658d-452d-b3d8-f6db96a14449/element HTTP/1.1
User-Agent: selenium/4.0.0-alpha-5 (java windows)
Content-Length: 103
Content-Type: application/json; charset=utf-8
host: localhost:10889
accept: */*

Response DefaultHttpResponse(decodeResult: success, version: HTTP/1.1)
HTTP/1.1 200 OK
content-type: application/json; charset=utf-8
cache-control: no-cache
content-length: 88
date: Thu, 25 Jun 2020 12:50:25 GMT

15:50:25.220 [AsyncHttpClient-3-1] DEBUG o.a.netty.channel.ChannelManager - Adding key: http://localhost:10889 for channel [id: 0x7c68b8df, L:/127.0.0.1:64390 - R:localhost/127.0.0.1:10889]
15:50:25.221 [Forwarding getElementText on session 14f61660-7bcc-4279-b6a3-7163a94e0626 to remote] DEBUG o.a.netty.request.NettyRequestSender - Using pooled Channel '[id: 0x7c68b8df, L:/127.0.0.1:64390 - R:localhost/127.0.0.1:10889]' for 'GET' to 'http://localhost:10889/session/14f61660-7bcc-4279-b6a3-7163a94e0626/element/197f2ff1-5ec7-4b50-88bb-1b1723cb9e10/text'
15:50:25.221 [Forwarding getElementText on session 14f61660-7bcc-4279-b6a3-7163a94e0626 to remote] DEBUG o.a.netty.request.NettyRequestSender - Using open Channel [id: 0x7c68b8df, L:/127.0.0.1:64390 - R:localhost/127.0.0.1:10889] for GET '/session/14f61660-7bcc-4279-b6a3-7163a94e0626/element/197f2ff1-5ec7-4b50-88bb-1b1723cb9e10/text'
15:50:25.227 [AsyncHttpClient-3-1] DEBUG o.a.netty.handler.HttpHandler - 

Request DefaultFullHttpRequest(decodeResult: success, version: HTTP/1.1, content: EmptyByteBufBE)
GET /session/14f61660-7bcc-4279-b6a3-7163a94e0626/element/197f2ff1-5ec7-4b50-88bb-1b1723cb9e10/text HTTP/1.1
User-Agent: selenium/4.0.0-alpha-5 (java windows)
Cache-Control: no-cache
host: localhost:10889
accept: */*

Response DefaultHttpResponse(decodeResult: success, version: HTTP/1.1)
HTTP/1.1 200 OK
content-type: application/json; charset=utf-8
cache-control: no-cache
content-length: 57
date: Thu, 25 Jun 2020 12:50:25 GMT

15:50:25.228 [AsyncHttpClient-3-1] DEBUG o.a.netty.channel.ChannelManager - Adding key: http://localhost:10889 for channel [id: 0x7c68b8df, L:/127.0.0.1:64390 - R:localhost/127.0.0.1:10889]
15:50:25.228 [Forwarding findChildElement on session 14f61660-7bcc-4279-b6a3-7163a94e0626 to remote] DEBUG o.a.netty.request.NettyRequestSender - Using pooled Channel '[id: 0x7c68b8df, L:/127.0.0.1:64390 - R:localhost/127.0.0.1:10889]' for 'POST' to 'http://localhost:10889/session/14f61660-7bcc-4279-b6a3-7163a94e0626/element/b034eff8-658d-452d-b3d8-f6db96a14449/element'
15:50:25.228 [Forwarding findChildElement on session 14f61660-7bcc-4279-b6a3-7163a94e0626 to remote] DEBUG o.a.netty.request.NettyRequestSender - Using open Channel [id: 0x7c68b8df, L:/127.0.0.1:64390 - R:localhost/127.0.0.1:10889] for POST '/session/14f61660-7bcc-4279-b6a3-7163a94e0626/element/b034eff8-658d-452d-b3d8-f6db96a14449/element'
15:50:25.231 [AsyncHttpClient-3-1] DEBUG o.a.netty.handler.HttpHandler - 

Request DefaultHttpRequest(decodeResult: success, version: HTTP/1.1)
POST /session/14f61660-7bcc-4279-b6a3-7163a94e0626/element/b034eff8-658d-452d-b3d8-f6db96a14449/element HTTP/1.1
User-Agent: selenium/4.0.0-alpha-5 (java windows)
Content-Length: 97
Content-Type: application/json; charset=utf-8
host: localhost:10889
accept: */*

Response DefaultHttpResponse(decodeResult: success, version: HTTP/1.1)
HTTP/1.1 200 OK
content-type: application/json; charset=utf-8
cache-control: no-cache
content-length: 88
date: Thu, 25 Jun 2020 12:50:25 GMT

15:50:25.231 [AsyncHttpClient-3-1] DEBUG o.a.netty.channel.ChannelManager - Adding key: http://localhost:10889 for channel [id: 0x7c68b8df, L:/127.0.0.1:64390 - R:localhost/127.0.0.1:10889]
15:50:25.234 [Forwarding getElementAttribute on session 14f61660-7bcc-4279-b6a3-7163a94e0626 to remote] DEBUG o.a.netty.request.NettyRequestSender - Using pooled Channel '[id: 0x7c68b8df, L:/127.0.0.1:64390 - R:localhost/127.0.0.1:10889]' for 'POST' to 'http://localhost:10889/session/14f61660-7bcc-4279-b6a3-7163a94e0626/execute/sync'
15:50:25.234 [Forwarding getElementAttribute on session 14f61660-7bcc-4279-b6a3-7163a94e0626 to remote] DEBUG o.a.netty.request.NettyRequestSender - Using open Channel [id: 0x7c68b8df, L:/127.0.0.1:64390 - R:localhost/127.0.0.1:10889] for POST '/session/14f61660-7bcc-4279-b6a3-7163a94e0626/execute/sync'
15:50:25.246 [AsyncHttpClient-3-1] DEBUG o.a.netty.handler.HttpHandler - 

Request DefaultHttpRequest(decodeResult: success, version: HTTP/1.1)
POST /session/14f61660-7bcc-4279-b6a3-7163a94e0626/execute/sync HTTP/1.1
User-Agent: selenium/4.0.0-alpha-5 (java windows)
Content-Length: 39635
Content-Type: application/json; charset=utf-8
host: localhost:10889
accept: */*

Response DefaultHttpResponse(decodeResult: success, version: HTTP/1.1)
HTTP/1.1 200 OK
content-type: application/json; charset=utf-8
cache-control: no-cache
content-length: 15
date: Thu, 25 Jun 2020 12:50:25 GMT

15:50:25.246 [AsyncHttpClient-3-1] DEBUG o.a.netty.channel.ChannelManager - Adding key: http://localhost:10889 for channel [id: 0x7c68b8df, L:/127.0.0.1:64390 - R:localhost/127.0.0.1:10889]
15:50:25.246 [Forwarding findChildElement on session 14f61660-7bcc-4279-b6a3-7163a94e0626 to remote] DEBUG o.a.netty.request.NettyRequestSender - Using pooled Channel '[id: 0x7c68b8df, L:/127.0.0.1:64390 - R:localhost/127.0.0.1:10889]' for 'POST' to 'http://localhost:10889/session/14f61660-7bcc-4279-b6a3-7163a94e0626/element/44c69e72-0b4b-4dab-8643-1cd476f68302/element'
15:50:25.246 [Forwarding findChildElement on session 14f61660-7bcc-4279-b6a3-7163a94e0626 to remote] DEBUG o.a.netty.request.NettyRequestSender - Using open Channel [id: 0x7c68b8df, L:/127.0.0.1:64390 - R:localhost/127.0.0.1:10889] for POST '/session/14f61660-7bcc-4279-b6a3-7163a94e0626/element/44c69e72-0b4b-4dab-8643-1cd476f68302/element'
15:50:25.250 [AsyncHttpClient-3-1] DEBUG o.a.netty.handler.HttpHandler - 

Request DefaultHttpRequest(decodeResult: success, version: HTTP/1.1)
POST /session/14f61660-7bcc-4279-b6a3-7163a94e0626/element/44c69e72-0b4b-4dab-8643-1cd476f68302/element HTTP/1.1
User-Agent: selenium/4.0.0-alpha-5 (java windows)
Content-Length: 103
Content-Type: application/json; charset=utf-8
host: localhost:10889
accept: */*

Response DefaultHttpResponse(decodeResult: success, version: HTTP/1.1)
HTTP/1.1 200 OK
content-type: application/json; charset=utf-8
cache-control: no-cache
content-length: 88
date: Thu, 25 Jun 2020 12:50:25 GMT

15:50:25.250 [AsyncHttpClient-3-1] DEBUG o.a.netty.channel.ChannelManager - Adding key: http://localhost:10889 for channel [id: 0x7c68b8df, L:/127.0.0.1:64390 - R:localhost/127.0.0.1:10889]
15:50:25.250 [Forwarding getElementText on session 14f61660-7bcc-4279-b6a3-7163a94e0626 to remote] DEBUG o.a.netty.request.NettyRequestSender - Using pooled Channel '[id: 0x7c68b8df, L:/127.0.0.1:64390 - R:localhost/127.0.0.1:10889]' for 'GET' to 'http://localhost:10889/session/14f61660-7bcc-4279-b6a3-7163a94e0626/element/4998539b-3619-4898-9f59-b80039dab99e/text'
15:50:25.250 [Forwarding getElementText on session 14f61660-7bcc-4279-b6a3-7163a94e0626 to remote] DEBUG o.a.netty.request.NettyRequestSender - Using open Channel [id: 0x7c68b8df, L:/127.0.0.1:64390 - R:localhost/127.0.0.1:10889] for GET '/session/14f61660-7bcc-4279-b6a3-7163a94e0626/element/4998539b-3619-4898-9f59-b80039dab99e/text'
15:50:25.254 [AsyncHttpClient-3-1] DEBUG o.a.netty.handler.HttpHandler - 

Request DefaultFullHttpRequest(decodeResult: success, version: HTTP/1.1, content: EmptyByteBufBE)
GET /session/14f61660-7bcc-4279-b6a3-7163a94e0626/element/4998539b-3619-4898-9f59-b80039dab99e/text HTTP/1.1
User-Agent: selenium/4.0.0-alpha-5 (java windows)
Cache-Control: no-cache
host: localhost:10889
accept: */*

Response DefaultHttpResponse(decodeResult: success, version: HTTP/1.1)
HTTP/1.1 200 OK
content-type: application/json; charset=utf-8
cache-control: no-cache
content-length: 18
date: Thu, 25 Jun 2020 12:50:25 GMT

15:50:25.254 [AsyncHttpClient-3-1] DEBUG o.a.netty.channel.ChannelManager - Adding key: http://localhost:10889 for channel [id: 0x7c68b8df, L:/127.0.0.1:64390 - R:localhost/127.0.0.1:10889]
15:50:25.255 [Forwarding findChildElement on session 14f61660-7bcc-4279-b6a3-7163a94e0626 to remote] DEBUG o.a.netty.request.NettyRequestSender - Using pooled Channel '[id: 0x7c68b8df, L:/127.0.0.1:64390 - R:localhost/127.0.0.1:10889]' for 'POST' to 'http://localhost:10889/session/14f61660-7bcc-4279-b6a3-7163a94e0626/element/44c69e72-0b4b-4dab-8643-1cd476f68302/element'
15:50:25.255 [Forwarding findChildElement on session 14f61660-7bcc-4279-b6a3-7163a94e0626 to remote] DEBUG o.a.netty.request.NettyRequestSender - Using open Channel [id: 0x7c68b8df, L:/127.0.0.1:64390 - R:localhost/127.0.0.1:10889] for POST '/session/14f61660-7bcc-4279-b6a3-7163a94e0626/element/44c69e72-0b4b-4dab-8643-1cd476f68302/element'
15:50:25.258 [AsyncHttpClient-3-1] DEBUG o.a.netty.handler.HttpHandler - 

Request DefaultHttpRequest(decodeResult: success, version: HTTP/1.1)
POST /session/14f61660-7bcc-4279-b6a3-7163a94e0626/element/44c69e72-0b4b-4dab-8643-1cd476f68302/element HTTP/1.1
User-Agent: selenium/4.0.0-alpha-5 (java windows)
Content-Length: 103
Content-Type: application/json; charset=utf-8
host: localhost:10889
accept: */*

Response DefaultHttpResponse(decodeResult: success, version: HTTP/1.1)
HTTP/1.1 200 OK
content-type: application/json; charset=utf-8
cache-control: no-cache
content-length: 88
date: Thu, 25 Jun 2020 12:50:25 GMT

15:50:25.259 [AsyncHttpClient-3-1] DEBUG o.a.netty.channel.ChannelManager - Adding key: http://localhost:10889 for channel [id: 0x7c68b8df, L:/127.0.0.1:64390 - R:localhost/127.0.0.1:10889]
15:50:25.259 [Forwarding getElementText on session 14f61660-7bcc-4279-b6a3-7163a94e0626 to remote] DEBUG o.a.netty.request.NettyRequestSender - Using pooled Channel '[id: 0x7c68b8df, L:/127.0.0.1:64390 - R:localhost/127.0.0.1:10889]' for 'GET' to 'http://localhost:10889/session/14f61660-7bcc-4279-b6a3-7163a94e0626/element/10409a95-e38d-4e9f-b02b-61de89f0508e/text'
15:50:25.259 [Forwarding getElementText on session 14f61660-7bcc-4279-b6a3-7163a94e0626 to remote] DEBUG o.a.netty.request.NettyRequestSender - Using open Channel [id: 0x7c68b8df, L:/127.0.0.1:64390 - R:localhost/127.0.0.1:10889] for GET '/session/14f61660-7bcc-4279-b6a3-7163a94e0626/element/10409a95-e38d-4e9f-b02b-61de89f0508e/text'
15:50:25.263 [AsyncHttpClient-3-1] DEBUG o.a.netty.handler.HttpHandler - 

Request DefaultFullHttpRequest(decodeResult: success, version: HTTP/1.1, content: EmptyByteBufBE)
GET /session/14f61660-7bcc-4279-b6a3-7163a94e0626/element/10409a95-e38d-4e9f-b02b-61de89f0508e/text HTTP/1.1
User-Agent: selenium/4.0.0-alpha-5 (java windows)
Cache-Control: no-cache
host: localhost:10889
accept: */*

Response DefaultHttpResponse(decodeResult: success, version: HTTP/1.1)
HTTP/1.1 200 OK
content-type: application/json; charset=utf-8
cache-control: no-cache
content-length: 22
date: Thu, 25 Jun 2020 12:50:25 GMT

15:50:25.263 [AsyncHttpClient-3-1] DEBUG o.a.netty.channel.ChannelManager - Adding key: http://localhost:10889 for channel [id: 0x7c68b8df, L:/127.0.0.1:64390 - R:localhost/127.0.0.1:10889]
15:50:25.264 [Forwarding findChildElement on session 14f61660-7bcc-4279-b6a3-7163a94e0626 to remote] DEBUG o.a.netty.request.NettyRequestSender - Using pooled Channel '[id: 0x7c68b8df, L:/127.0.0.1:64390 - R:localhost/127.0.0.1:10889]' for 'POST' to 'http://localhost:10889/session/14f61660-7bcc-4279-b6a3-7163a94e0626/element/44c69e72-0b4b-4dab-8643-1cd476f68302/element'
15:50:25.264 [Forwarding findChildElement on session 14f61660-7bcc-4279-b6a3-7163a94e0626 to remote] DEBUG o.a.netty.request.NettyRequestSender - Using open Channel [id: 0x7c68b8df, L:/127.0.0.1:64390 - R:localhost/127.0.0.1:10889] for POST '/session/14f61660-7bcc-4279-b6a3-7163a94e0626/element/44c69e72-0b4b-4dab-8643-1cd476f68302/element'
15:50:25.267 [AsyncHttpClient-3-1] DEBUG o.a.netty.handler.HttpHandler - 

Request DefaultHttpRequest(decodeResult: success, version: HTTP/1.1)
POST /session/14f61660-7bcc-4279-b6a3-7163a94e0626/element/44c69e72-0b4b-4dab-8643-1cd476f68302/element HTTP/1.1
User-Agent: selenium/4.0.0-alpha-5 (java windows)
Content-Length: 103
Content-Type: application/json; charset=utf-8
host: localhost:10889
accept: */*

Response DefaultHttpResponse(decodeResult: success, version: HTTP/1.1)
HTTP/1.1 200 OK
content-type: application/json; charset=utf-8
cache-control: no-cache
content-length: 88
date: Thu, 25 Jun 2020 12:50:25 GMT

15:50:25.267 [AsyncHttpClient-3-1] DEBUG o.a.netty.channel.ChannelManager - Adding key: http://localhost:10889 for channel [id: 0x7c68b8df, L:/127.0.0.1:64390 - R:localhost/127.0.0.1:10889]
15:50:25.267 [Forwarding getElementText on session 14f61660-7bcc-4279-b6a3-7163a94e0626 to remote] DEBUG o.a.netty.request.NettyRequestSender - Using pooled Channel '[id: 0x7c68b8df, L:/127.0.0.1:64390 - R:localhost/127.0.0.1:10889]' for 'GET' to 'http://localhost:10889/session/14f61660-7bcc-4279-b6a3-7163a94e0626/element/f3c482a5-a440-46ca-ad3a-31a1bcc4b4b5/text'
15:50:25.267 [Forwarding getElementText on session 14f61660-7bcc-4279-b6a3-7163a94e0626 to remote] DEBUG o.a.netty.request.NettyRequestSender - Using open Channel [id: 0x7c68b8df, L:/127.0.0.1:64390 - R:localhost/127.0.0.1:10889] for GET '/session/14f61660-7bcc-4279-b6a3-7163a94e0626/element/f3c482a5-a440-46ca-ad3a-31a1bcc4b4b5/text'
15:50:25.271 [AsyncHttpClient-3-1] DEBUG o.a.netty.handler.HttpHandler - 

Request DefaultFullHttpRequest(decodeResult: success, version: HTTP/1.1, content: EmptyByteBufBE)
GET /session/14f61660-7bcc-4279-b6a3-7163a94e0626/element/f3c482a5-a440-46ca-ad3a-31a1bcc4b4b5/text HTTP/1.1
User-Agent: selenium/4.0.0-alpha-5 (java windows)
Cache-Control: no-cache
host: localhost:10889
accept: */*

Response DefaultHttpResponse(decodeResult: success, version: HTTP/1.1)
HTTP/1.1 200 OK
content-type: application/json; charset=utf-8
cache-control: no-cache
content-length: 21
date: Thu, 25 Jun 2020 12:50:25 GMT

15:50:25.271 [AsyncHttpClient-3-1] DEBUG o.a.netty.channel.ChannelManager - Adding key: http://localhost:10889 for channel [id: 0x7c68b8df, L:/127.0.0.1:64390 - R:localhost/127.0.0.1:10889]
15:50:25.272 [Forwarding findChildElement on session 14f61660-7bcc-4279-b6a3-7163a94e0626 to remote] DEBUG o.a.netty.request.NettyRequestSender - Using pooled Channel '[id: 0x7c68b8df, L:/127.0.0.1:64390 - R:localhost/127.0.0.1:10889]' for 'POST' to 'http://localhost:10889/session/14f61660-7bcc-4279-b6a3-7163a94e0626/element/44c69e72-0b4b-4dab-8643-1cd476f68302/element'
15:50:25.272 [Forwarding findChildElement on session 14f61660-7bcc-4279-b6a3-7163a94e0626 to remote] DEBUG o.a.netty.request.NettyRequestSender - Using open Channel [id: 0x7c68b8df, L:/127.0.0.1:64390 - R:localhost/127.0.0.1:10889] for POST '/session/14f61660-7bcc-4279-b6a3-7163a94e0626/element/44c69e72-0b4b-4dab-8643-1cd476f68302/element'
15:50:25.276 [AsyncHttpClient-3-1] DEBUG o.a.netty.handler.HttpHandler - 

Request DefaultHttpRequest(decodeResult: success, version: HTTP/1.1)
POST /session/14f61660-7bcc-4279-b6a3-7163a94e0626/element/44c69e72-0b4b-4dab-8643-1cd476f68302/element HTTP/1.1
User-Agent: selenium/4.0.0-alpha-5 (java windows)
Content-Length: 103
Content-Type: application/json; charset=utf-8
host: localhost:10889
accept: */*

Response DefaultHttpResponse(decodeResult: success, version: HTTP/1.1)
HTTP/1.1 200 OK
content-type: application/json; charset=utf-8
cache-control: no-cache
content-length: 88
date: Thu, 25 Jun 2020 12:50:25 GMT

15:50:25.276 [AsyncHttpClient-3-1] DEBUG o.a.netty.channel.ChannelManager - Adding key: http://localhost:10889 for channel [id: 0x7c68b8df, L:/127.0.0.1:64390 - R:localhost/127.0.0.1:10889]
15:50:25.277 [Forwarding getElementText on session 14f61660-7bcc-4279-b6a3-7163a94e0626 to remote] DEBUG o.a.netty.request.NettyRequestSender - Using pooled Channel '[id: 0x7c68b8df, L:/127.0.0.1:64390 - R:localhost/127.0.0.1:10889]' for 'GET' to 'http://localhost:10889/session/14f61660-7bcc-4279-b6a3-7163a94e0626/element/49d2e9be-9b61-4fcf-9fcd-060fea458515/text'
15:50:25.277 [Forwarding getElementText on session 14f61660-7bcc-4279-b6a3-7163a94e0626 to remote] DEBUG o.a.netty.request.NettyRequestSender - Using open Channel [id: 0x7c68b8df, L:/127.0.0.1:64390 - R:localhost/127.0.0.1:10889] for GET '/session/14f61660-7bcc-4279-b6a3-7163a94e0626/element/49d2e9be-9b61-4fcf-9fcd-060fea458515/text'
15:50:25.281 [AsyncHttpClient-3-1] DEBUG o.a.netty.handler.HttpHandler - 

Request DefaultFullHttpRequest(decodeResult: success, version: HTTP/1.1, content: EmptyByteBufBE)
GET /session/14f61660-7bcc-4279-b6a3-7163a94e0626/element/49d2e9be-9b61-4fcf-9fcd-060fea458515/text HTTP/1.1
User-Agent: selenium/4.0.0-alpha-5 (java windows)
Cache-Control: no-cache
host: localhost:10889
accept: */*

Response DefaultHttpResponse(decodeResult: success, version: HTTP/1.1)
HTTP/1.1 200 OK
content-type: application/json; charset=utf-8
cache-control: no-cache
content-length: 45
date: Thu, 25 Jun 2020 12:50:25 GMT

15:50:25.281 [AsyncHttpClient-3-1] DEBUG o.a.netty.channel.ChannelManager - Adding key: http://localhost:10889 for channel [id: 0x7c68b8df, L:/127.0.0.1:64390 - R:localhost/127.0.0.1:10889]
15:50:25.282 [Forwarding findChildElement on session 14f61660-7bcc-4279-b6a3-7163a94e0626 to remote] DEBUG o.a.netty.request.NettyRequestSender - Using pooled Channel '[id: 0x7c68b8df, L:/127.0.0.1:64390 - R:localhost/127.0.0.1:10889]' for 'POST' to 'http://localhost:10889/session/14f61660-7bcc-4279-b6a3-7163a94e0626/element/44c69e72-0b4b-4dab-8643-1cd476f68302/element'
15:50:25.282 [Forwarding findChildElement on session 14f61660-7bcc-4279-b6a3-7163a94e0626 to remote] DEBUG o.a.netty.request.NettyRequestSender - Using open Channel [id: 0x7c68b8df, L:/127.0.0.1:64390 - R:localhost/127.0.0.1:10889] for POST '/session/14f61660-7bcc-4279-b6a3-7163a94e0626/element/44c69e72-0b4b-4dab-8643-1cd476f68302/element'
15:50:25.285 [AsyncHttpClient-3-1] DEBUG o.a.netty.handler.HttpHandler - 

Request DefaultHttpRequest(decodeResult: success, version: HTTP/1.1)
POST /session/14f61660-7bcc-4279-b6a3-7163a94e0626/element/44c69e72-0b4b-4dab-8643-1cd476f68302/element HTTP/1.1
User-Agent: selenium/4.0.0-alpha-5 (java windows)
Content-Length: 103
Content-Type: application/json; charset=utf-8
host: localhost:10889
accept: */*

Response DefaultHttpResponse(decodeResult: success, version: HTTP/1.1)
HTTP/1.1 200 OK
content-type: application/json; charset=utf-8
cache-control: no-cache
content-length: 88
date: Thu, 25 Jun 2020 12:50:25 GMT

15:50:25.285 [AsyncHttpClient-3-1] DEBUG o.a.netty.channel.ChannelManager - Adding key: http://localhost:10889 for channel [id: 0x7c68b8df, L:/127.0.0.1:64390 - R:localhost/127.0.0.1:10889]
15:50:25.285 [Forwarding getElementText on session 14f61660-7bcc-4279-b6a3-7163a94e0626 to remote] DEBUG o.a.netty.request.NettyRequestSender - Using pooled Channel '[id: 0x7c68b8df, L:/127.0.0.1:64390 - R:localhost/127.0.0.1:10889]' for 'GET' to 'http://localhost:10889/session/14f61660-7bcc-4279-b6a3-7163a94e0626/element/2d635745-fa3f-4bb0-a4c4-5f25cc836393/text'
15:50:25.285 [Forwarding getElementText on session 14f61660-7bcc-4279-b6a3-7163a94e0626 to remote] DEBUG o.a.netty.request.NettyRequestSender - Using open Channel [id: 0x7c68b8df, L:/127.0.0.1:64390 - R:localhost/127.0.0.1:10889] for GET '/session/14f61660-7bcc-4279-b6a3-7163a94e0626/element/2d635745-fa3f-4bb0-a4c4-5f25cc836393/text'
15:50:25.292 [AsyncHttpClient-3-1] DEBUG o.a.netty.handler.HttpHandler - 

Request DefaultFullHttpRequest(decodeResult: success, version: HTTP/1.1, content: EmptyByteBufBE)
GET /session/14f61660-7bcc-4279-b6a3-7163a94e0626/element/2d635745-fa3f-4bb0-a4c4-5f25cc836393/text HTTP/1.1
User-Agent: selenium/4.0.0-alpha-5 (java windows)
Cache-Control: no-cache
host: localhost:10889
accept: */*

Response DefaultHttpResponse(decodeResult: success, version: HTTP/1.1)
HTTP/1.1 200 OK
content-type: application/json; charset=utf-8
cache-control: no-cache
content-length: 57
date: Thu, 25 Jun 2020 12:50:25 GMT

15:50:25.292 [AsyncHttpClient-3-1] DEBUG o.a.netty.channel.ChannelManager - Adding key: http://localhost:10889 for channel [id: 0x7c68b8df, L:/127.0.0.1:64390 - R:localhost/127.0.0.1:10889]
15:50:25.293 [Forwarding findChildElement on session 14f61660-7bcc-4279-b6a3-7163a94e0626 to remote] DEBUG o.a.netty.request.NettyRequestSender - Using pooled Channel '[id: 0x7c68b8df, L:/127.0.0.1:64390 - R:localhost/127.0.0.1:10889]' for 'POST' to 'http://localhost:10889/session/14f61660-7bcc-4279-b6a3-7163a94e0626/element/44c69e72-0b4b-4dab-8643-1cd476f68302/element'
15:50:25.293 [Forwarding findChildElement on session 14f61660-7bcc-4279-b6a3-7163a94e0626 to remote] DEBUG o.a.netty.request.NettyRequestSender - Using open Channel [id: 0x7c68b8df, L:/127.0.0.1:64390 - R:localhost/127.0.0.1:10889] for POST '/session/14f61660-7bcc-4279-b6a3-7163a94e0626/element/44c69e72-0b4b-4dab-8643-1cd476f68302/element'
15:50:25.296 [AsyncHttpClient-3-1] DEBUG o.a.netty.handler.HttpHandler - 

Request DefaultHttpRequest(decodeResult: success, version: HTTP/1.1)
POST /session/14f61660-7bcc-4279-b6a3-7163a94e0626/element/44c69e72-0b4b-4dab-8643-1cd476f68302/element HTTP/1.1
User-Agent: selenium/4.0.0-alpha-5 (java windows)
Content-Length: 97
Content-Type: application/json; charset=utf-8
host: localhost:10889
accept: */*

Response DefaultHttpResponse(decodeResult: success, version: HTTP/1.1)
HTTP/1.1 200 OK
content-type: application/json; charset=utf-8
cache-control: no-cache
content-length: 88
date: Thu, 25 Jun 2020 12:50:25 GMT

15:50:25.296 [AsyncHttpClient-3-1] DEBUG o.a.netty.channel.ChannelManager - Adding key: http://localhost:10889 for channel [id: 0x7c68b8df, L:/127.0.0.1:64390 - R:localhost/127.0.0.1:10889]
15:50:25.299 [Forwarding getElementAttribute on session 14f61660-7bcc-4279-b6a3-7163a94e0626 to remote] DEBUG o.a.netty.request.NettyRequestSender - Using pooled Channel '[id: 0x7c68b8df, L:/127.0.0.1:64390 - R:localhost/127.0.0.1:10889]' for 'POST' to 'http://localhost:10889/session/14f61660-7bcc-4279-b6a3-7163a94e0626/execute/sync'
15:50:25.299 [Forwarding getElementAttribute on session 14f61660-7bcc-4279-b6a3-7163a94e0626 to remote] DEBUG o.a.netty.request.NettyRequestSender - Using open Channel [id: 0x7c68b8df, L:/127.0.0.1:64390 - R:localhost/127.0.0.1:10889] for POST '/session/14f61660-7bcc-4279-b6a3-7163a94e0626/execute/sync'
15:50:25.311 [AsyncHttpClient-3-1] DEBUG o.a.netty.handler.HttpHandler - 

Request DefaultHttpRequest(decodeResult: success, version: HTTP/1.1)
POST /session/14f61660-7bcc-4279-b6a3-7163a94e0626/execute/sync HTTP/1.1
User-Agent: selenium/4.0.0-alpha-5 (java windows)
Content-Length: 39635
Content-Type: application/json; charset=utf-8
host: localhost:10889
accept: */*

Response DefaultHttpResponse(decodeResult: success, version: HTTP/1.1)
HTTP/1.1 200 OK
content-type: application/json; charset=utf-8
cache-control: no-cache
content-length: 15
date: Thu, 25 Jun 2020 12:50:25 GMT

15:50:25.311 [AsyncHttpClient-3-1] DEBUG o.a.netty.channel.ChannelManager - Adding key: http://localhost:10889 for channel [id: 0x7c68b8df, L:/127.0.0.1:64390 - R:localhost/127.0.0.1:10889]
15:50:25.312 [Forwarding findChildElement on session 14f61660-7bcc-4279-b6a3-7163a94e0626 to remote] DEBUG o.a.netty.request.NettyRequestSender - Using pooled Channel '[id: 0x7c68b8df, L:/127.0.0.1:64390 - R:localhost/127.0.0.1:10889]' for 'POST' to 'http://localhost:10889/session/14f61660-7bcc-4279-b6a3-7163a94e0626/element/4528f20e-9f03-4a30-8a24-88c0ae4aa82e/element'
15:50:25.312 [Forwarding findChildElement on session 14f61660-7bcc-4279-b6a3-7163a94e0626 to remote] DEBUG o.a.netty.request.NettyRequestSender - Using open Channel [id: 0x7c68b8df, L:/127.0.0.1:64390 - R:localhost/127.0.0.1:10889] for POST '/session/14f61660-7bcc-4279-b6a3-7163a94e0626/element/4528f20e-9f03-4a30-8a24-88c0ae4aa82e/element'
15:50:25.315 [AsyncHttpClient-3-1] DEBUG o.a.netty.handler.HttpHandler - 

Request DefaultHttpRequest(decodeResult: success, version: HTTP/1.1)
POST /session/14f61660-7bcc-4279-b6a3-7163a94e0626/element/4528f20e-9f03-4a30-8a24-88c0ae4aa82e/element HTTP/1.1
User-Agent: selenium/4.0.0-alpha-5 (java windows)
Content-Length: 103
Content-Type: application/json; charset=utf-8
host: localhost:10889
accept: */*

Response DefaultHttpResponse(decodeResult: success, version: HTTP/1.1)
HTTP/1.1 200 OK
content-type: application/json; charset=utf-8
cache-control: no-cache
content-length: 88
date: Thu, 25 Jun 2020 12:50:25 GMT

15:50:25.315 [AsyncHttpClient-3-1] DEBUG o.a.netty.channel.ChannelManager - Adding key: http://localhost:10889 for channel [id: 0x7c68b8df, L:/127.0.0.1:64390 - R:localhost/127.0.0.1:10889]
15:50:25.316 [Forwarding getElementText on session 14f61660-7bcc-4279-b6a3-7163a94e0626 to remote] DEBUG o.a.netty.request.NettyRequestSender - Using pooled Channel '[id: 0x7c68b8df, L:/127.0.0.1:64390 - R:localhost/127.0.0.1:10889]' for 'GET' to 'http://localhost:10889/session/14f61660-7bcc-4279-b6a3-7163a94e0626/element/66ba3f94-86ee-4b61-bb9f-1ca81e3844fd/text'
15:50:25.316 [Forwarding getElementText on session 14f61660-7bcc-4279-b6a3-7163a94e0626 to remote] DEBUG o.a.netty.request.NettyRequestSender - Using open Channel [id: 0x7c68b8df, L:/127.0.0.1:64390 - R:localhost/127.0.0.1:10889] for GET '/session/14f61660-7bcc-4279-b6a3-7163a94e0626/element/66ba3f94-86ee-4b61-bb9f-1ca81e3844fd/text'
15:50:25.320 [AsyncHttpClient-3-1] DEBUG o.a.netty.handler.HttpHandler - 

Request DefaultFullHttpRequest(decodeResult: success, version: HTTP/1.1, content: EmptyByteBufBE)
GET /session/14f61660-7bcc-4279-b6a3-7163a94e0626/element/66ba3f94-86ee-4b61-bb9f-1ca81e3844fd/text HTTP/1.1
User-Agent: selenium/4.0.0-alpha-5 (java windows)
Cache-Control: no-cache
host: localhost:10889
accept: */*

Response DefaultHttpResponse(decodeResult: success, version: HTTP/1.1)
HTTP/1.1 200 OK
content-type: application/json; charset=utf-8
cache-control: no-cache
content-length: 18
date: Thu, 25 Jun 2020 12:50:25 GMT

15:50:25.320 [AsyncHttpClient-3-1] DEBUG o.a.netty.channel.ChannelManager - Adding key: http://localhost:10889 for channel [id: 0x7c68b8df, L:/127.0.0.1:64390 - R:localhost/127.0.0.1:10889]
15:50:25.321 [Forwarding findChildElement on session 14f61660-7bcc-4279-b6a3-7163a94e0626 to remote] DEBUG o.a.netty.request.NettyRequestSender - Using pooled Channel '[id: 0x7c68b8df, L:/127.0.0.1:64390 - R:localhost/127.0.0.1:10889]' for 'POST' to 'http://localhost:10889/session/14f61660-7bcc-4279-b6a3-7163a94e0626/element/4528f20e-9f03-4a30-8a24-88c0ae4aa82e/element'
15:50:25.321 [Forwarding findChildElement on session 14f61660-7bcc-4279-b6a3-7163a94e0626 to remote] DEBUG o.a.netty.request.NettyRequestSender - Using open Channel [id: 0x7c68b8df, L:/127.0.0.1:64390 - R:localhost/127.0.0.1:10889] for POST '/session/14f61660-7bcc-4279-b6a3-7163a94e0626/element/4528f20e-9f03-4a30-8a24-88c0ae4aa82e/element'
15:50:25.325 [AsyncHttpClient-3-1] DEBUG o.a.netty.handler.HttpHandler - 

Request DefaultHttpRequest(decodeResult: success, version: HTTP/1.1)
POST /session/14f61660-7bcc-4279-b6a3-7163a94e0626/element/4528f20e-9f03-4a30-8a24-88c0ae4aa82e/element HTTP/1.1
User-Agent: selenium/4.0.0-alpha-5 (java windows)
Content-Length: 103
Content-Type: application/json; charset=utf-8
host: localhost:10889
accept: */*

Response DefaultHttpResponse(decodeResult: success, version: HTTP/1.1)
HTTP/1.1 200 OK
content-type: application/json; charset=utf-8
cache-control: no-cache
content-length: 88
date: Thu, 25 Jun 2020 12:50:25 GMT

15:50:25.325 [AsyncHttpClient-3-1] DEBUG o.a.netty.channel.ChannelManager - Adding key: http://localhost:10889 for channel [id: 0x7c68b8df, L:/127.0.0.1:64390 - R:localhost/127.0.0.1:10889]
15:50:25.325 [Forwarding getElementText on session 14f61660-7bcc-4279-b6a3-7163a94e0626 to remote] DEBUG o.a.netty.request.NettyRequestSender - Using pooled Channel '[id: 0x7c68b8df, L:/127.0.0.1:64390 - R:localhost/127.0.0.1:10889]' for 'GET' to 'http://localhost:10889/session/14f61660-7bcc-4279-b6a3-7163a94e0626/element/40dd2338-976b-4b5e-9872-785531fe2bc9/text'
15:50:25.325 [Forwarding getElementText on session 14f61660-7bcc-4279-b6a3-7163a94e0626 to remote] DEBUG o.a.netty.request.NettyRequestSender - Using open Channel [id: 0x7c68b8df, L:/127.0.0.1:64390 - R:localhost/127.0.0.1:10889] for GET '/session/14f61660-7bcc-4279-b6a3-7163a94e0626/element/40dd2338-976b-4b5e-9872-785531fe2bc9/text'
15:50:25.330 [AsyncHttpClient-3-1] DEBUG o.a.netty.handler.HttpHandler - 

Request DefaultFullHttpRequest(decodeResult: success, version: HTTP/1.1, content: EmptyByteBufBE)
GET /session/14f61660-7bcc-4279-b6a3-7163a94e0626/element/40dd2338-976b-4b5e-9872-785531fe2bc9/text HTTP/1.1
User-Agent: selenium/4.0.0-alpha-5 (java windows)
Cache-Control: no-cache
host: localhost:10889
accept: */*

Response DefaultHttpResponse(decodeResult: success, version: HTTP/1.1)
HTTP/1.1 200 OK
content-type: application/json; charset=utf-8
cache-control: no-cache
content-length: 22
date: Thu, 25 Jun 2020 12:50:25 GMT

15:50:25.330 [AsyncHttpClient-3-1] DEBUG o.a.netty.channel.ChannelManager - Adding key: http://localhost:10889 for channel [id: 0x7c68b8df, L:/127.0.0.1:64390 - R:localhost/127.0.0.1:10889]
15:50:25.330 [Forwarding findChildElement on session 14f61660-7bcc-4279-b6a3-7163a94e0626 to remote] DEBUG o.a.netty.request.NettyRequestSender - Using pooled Channel '[id: 0x7c68b8df, L:/127.0.0.1:64390 - R:localhost/127.0.0.1:10889]' for 'POST' to 'http://localhost:10889/session/14f61660-7bcc-4279-b6a3-7163a94e0626/element/4528f20e-9f03-4a30-8a24-88c0ae4aa82e/element'
15:50:25.330 [Forwarding findChildElement on session 14f61660-7bcc-4279-b6a3-7163a94e0626 to remote] DEBUG o.a.netty.request.NettyRequestSender - Using open Channel [id: 0x7c68b8df, L:/127.0.0.1:64390 - R:localhost/127.0.0.1:10889] for POST '/session/14f61660-7bcc-4279-b6a3-7163a94e0626/element/4528f20e-9f03-4a30-8a24-88c0ae4aa82e/element'
15:50:25.335 [AsyncHttpClient-3-1] DEBUG o.a.netty.handler.HttpHandler - 

Request DefaultHttpRequest(decodeResult: success, version: HTTP/1.1)
POST /session/14f61660-7bcc-4279-b6a3-7163a94e0626/element/4528f20e-9f03-4a30-8a24-88c0ae4aa82e/element HTTP/1.1
User-Agent: selenium/4.0.0-alpha-5 (java windows)
Content-Length: 103
Content-Type: application/json; charset=utf-8
host: localhost:10889
accept: */*

Response DefaultHttpResponse(decodeResult: success, version: HTTP/1.1)
HTTP/1.1 200 OK
content-type: application/json; charset=utf-8
cache-control: no-cache
content-length: 88
date: Thu, 25 Jun 2020 12:50:25 GMT

15:50:25.336 [AsyncHttpClient-3-1] DEBUG o.a.netty.channel.ChannelManager - Adding key: http://localhost:10889 for channel [id: 0x7c68b8df, L:/127.0.0.1:64390 - R:localhost/127.0.0.1:10889]
15:50:25.336 [Forwarding getElementText on session 14f61660-7bcc-4279-b6a3-7163a94e0626 to remote] DEBUG o.a.netty.request.NettyRequestSender - Using pooled Channel '[id: 0x7c68b8df, L:/127.0.0.1:64390 - R:localhost/127.0.0.1:10889]' for 'GET' to 'http://localhost:10889/session/14f61660-7bcc-4279-b6a3-7163a94e0626/element/4ddc1d0a-547c-4c3b-be12-ccc81b5c5555/text'
15:50:25.336 [Forwarding getElementText on session 14f61660-7bcc-4279-b6a3-7163a94e0626 to remote] DEBUG o.a.netty.request.NettyRequestSender - Using open Channel [id: 0x7c68b8df, L:/127.0.0.1:64390 - R:localhost/127.0.0.1:10889] for GET '/session/14f61660-7bcc-4279-b6a3-7163a94e0626/element/4ddc1d0a-547c-4c3b-be12-ccc81b5c5555/text'
15:50:25.340 [AsyncHttpClient-3-1] DEBUG o.a.netty.handler.HttpHandler - 

Request DefaultFullHttpRequest(decodeResult: success, version: HTTP/1.1, content: EmptyByteBufBE)
GET /session/14f61660-7bcc-4279-b6a3-7163a94e0626/element/4ddc1d0a-547c-4c3b-be12-ccc81b5c5555/text HTTP/1.1
User-Agent: selenium/4.0.0-alpha-5 (java windows)
Cache-Control: no-cache
host: localhost:10889
accept: */*

Response DefaultHttpResponse(decodeResult: success, version: HTTP/1.1)
HTTP/1.1 200 OK
content-type: application/json; charset=utf-8
cache-control: no-cache
content-length: 21
date: Thu, 25 Jun 2020 12:50:25 GMT

15:50:25.340 [AsyncHttpClient-3-1] DEBUG o.a.netty.channel.ChannelManager - Adding key: http://localhost:10889 for channel [id: 0x7c68b8df, L:/127.0.0.1:64390 - R:localhost/127.0.0.1:10889]
15:50:25.341 [Forwarding findChildElement on session 14f61660-7bcc-4279-b6a3-7163a94e0626 to remote] DEBUG o.a.netty.request.NettyRequestSender - Using pooled Channel '[id: 0x7c68b8df, L:/127.0.0.1:64390 - R:localhost/127.0.0.1:10889]' for 'POST' to 'http://localhost:10889/session/14f61660-7bcc-4279-b6a3-7163a94e0626/element/4528f20e-9f03-4a30-8a24-88c0ae4aa82e/element'
15:50:25.341 [Forwarding findChildElement on session 14f61660-7bcc-4279-b6a3-7163a94e0626 to remote] DEBUG o.a.netty.request.NettyRequestSender - Using open Channel [id: 0x7c68b8df, L:/127.0.0.1:64390 - R:localhost/127.0.0.1:10889] for POST '/session/14f61660-7bcc-4279-b6a3-7163a94e0626/element/4528f20e-9f03-4a30-8a24-88c0ae4aa82e/element'
15:50:25.344 [AsyncHttpClient-3-1] DEBUG o.a.netty.handler.HttpHandler - 

Request DefaultHttpRequest(decodeResult: success, version: HTTP/1.1)
POST /session/14f61660-7bcc-4279-b6a3-7163a94e0626/element/4528f20e-9f03-4a30-8a24-88c0ae4aa82e/element HTTP/1.1
User-Agent: selenium/4.0.0-alpha-5 (java windows)
Content-Length: 103
Content-Type: application/json; charset=utf-8
host: localhost:10889
accept: */*

Response DefaultHttpResponse(decodeResult: success, version: HTTP/1.1)
HTTP/1.1 200 OK
content-type: application/json; charset=utf-8
cache-control: no-cache
content-length: 88
date: Thu, 25 Jun 2020 12:50:25 GMT

15:50:25.344 [AsyncHttpClient-3-1] DEBUG o.a.netty.channel.ChannelManager - Adding key: http://localhost:10889 for channel [id: 0x7c68b8df, L:/127.0.0.1:64390 - R:localhost/127.0.0.1:10889]
15:50:25.345 [Forwarding getElementText on session 14f61660-7bcc-4279-b6a3-7163a94e0626 to remote] DEBUG o.a.netty.request.NettyRequestSender - Using pooled Channel '[id: 0x7c68b8df, L:/127.0.0.1:64390 - R:localhost/127.0.0.1:10889]' for 'GET' to 'http://localhost:10889/session/14f61660-7bcc-4279-b6a3-7163a94e0626/element/9d5b6475-6dfa-4641-ad44-b2cdc58e20ed/text'
15:50:25.345 [Forwarding getElementText on session 14f61660-7bcc-4279-b6a3-7163a94e0626 to remote] DEBUG o.a.netty.request.NettyRequestSender - Using open Channel [id: 0x7c68b8df, L:/127.0.0.1:64390 - R:localhost/127.0.0.1:10889] for GET '/session/14f61660-7bcc-4279-b6a3-7163a94e0626/element/9d5b6475-6dfa-4641-ad44-b2cdc58e20ed/text'
15:50:25.349 [AsyncHttpClient-3-1] DEBUG o.a.netty.handler.HttpHandler - 

Request DefaultFullHttpRequest(decodeResult: success, version: HTTP/1.1, content: EmptyByteBufBE)
GET /session/14f61660-7bcc-4279-b6a3-7163a94e0626/element/9d5b6475-6dfa-4641-ad44-b2cdc58e20ed/text HTTP/1.1
User-Agent: selenium/4.0.0-alpha-5 (java windows)
Cache-Control: no-cache
host: localhost:10889
accept: */*

Response DefaultHttpResponse(decodeResult: success, version: HTTP/1.1)
HTTP/1.1 200 OK
content-type: application/json; charset=utf-8
cache-control: no-cache
content-length: 45
date: Thu, 25 Jun 2020 12:50:25 GMT

15:50:25.349 [AsyncHttpClient-3-1] DEBUG o.a.netty.channel.ChannelManager - Adding key: http://localhost:10889 for channel [id: 0x7c68b8df, L:/127.0.0.1:64390 - R:localhost/127.0.0.1:10889]
15:50:25.349 [Forwarding findChildElement on session 14f61660-7bcc-4279-b6a3-7163a94e0626 to remote] DEBUG o.a.netty.request.NettyRequestSender - Using pooled Channel '[id: 0x7c68b8df, L:/127.0.0.1:64390 - R:localhost/127.0.0.1:10889]' for 'POST' to 'http://localhost:10889/session/14f61660-7bcc-4279-b6a3-7163a94e0626/element/4528f20e-9f03-4a30-8a24-88c0ae4aa82e/element'
15:50:25.349 [Forwarding findChildElement on session 14f61660-7bcc-4279-b6a3-7163a94e0626 to remote] DEBUG o.a.netty.request.NettyRequestSender - Using open Channel [id: 0x7c68b8df, L:/127.0.0.1:64390 - R:localhost/127.0.0.1:10889] for POST '/session/14f61660-7bcc-4279-b6a3-7163a94e0626/element/4528f20e-9f03-4a30-8a24-88c0ae4aa82e/element'
15:50:25.353 [AsyncHttpClient-3-1] DEBUG o.a.netty.handler.HttpHandler - 

Request DefaultHttpRequest(decodeResult: success, version: HTTP/1.1)
POST /session/14f61660-7bcc-4279-b6a3-7163a94e0626/element/4528f20e-9f03-4a30-8a24-88c0ae4aa82e/element HTTP/1.1
User-Agent: selenium/4.0.0-alpha-5 (java windows)
Content-Length: 103
Content-Type: application/json; charset=utf-8
host: localhost:10889
accept: */*

Response DefaultHttpResponse(decodeResult: success, version: HTTP/1.1)
HTTP/1.1 200 OK
content-type: application/json; charset=utf-8
cache-control: no-cache
content-length: 88
date: Thu, 25 Jun 2020 12:50:25 GMT

15:50:25.353 [AsyncHttpClient-3-1] DEBUG o.a.netty.channel.ChannelManager - Adding key: http://localhost:10889 for channel [id: 0x7c68b8df, L:/127.0.0.1:64390 - R:localhost/127.0.0.1:10889]
15:50:25.354 [Forwarding getElementText on session 14f61660-7bcc-4279-b6a3-7163a94e0626 to remote] DEBUG o.a.netty.request.NettyRequestSender - Using pooled Channel '[id: 0x7c68b8df, L:/127.0.0.1:64390 - R:localhost/127.0.0.1:10889]' for 'GET' to 'http://localhost:10889/session/14f61660-7bcc-4279-b6a3-7163a94e0626/element/d949a92a-1757-45a8-8f8b-7167c82d4232/text'
15:50:25.354 [Forwarding getElementText on session 14f61660-7bcc-4279-b6a3-7163a94e0626 to remote] DEBUG o.a.netty.request.NettyRequestSender - Using open Channel [id: 0x7c68b8df, L:/127.0.0.1:64390 - R:localhost/127.0.0.1:10889] for GET '/session/14f61660-7bcc-4279-b6a3-7163a94e0626/element/d949a92a-1757-45a8-8f8b-7167c82d4232/text'
15:50:25.361 [AsyncHttpClient-3-1] DEBUG o.a.netty.handler.HttpHandler - 

Request DefaultFullHttpRequest(decodeResult: success, version: HTTP/1.1, content: EmptyByteBufBE)
GET /session/14f61660-7bcc-4279-b6a3-7163a94e0626/element/d949a92a-1757-45a8-8f8b-7167c82d4232/text HTTP/1.1
User-Agent: selenium/4.0.0-alpha-5 (java windows)
Cache-Control: no-cache
host: localhost:10889
accept: */*

Response DefaultHttpResponse(decodeResult: success, version: HTTP/1.1)
HTTP/1.1 200 OK
content-type: application/json; charset=utf-8
cache-control: no-cache
content-length: 57
date: Thu, 25 Jun 2020 12:50:25 GMT

15:50:25.362 [AsyncHttpClient-3-1] DEBUG o.a.netty.channel.ChannelManager - Adding key: http://localhost:10889 for channel [id: 0x7c68b8df, L:/127.0.0.1:64390 - R:localhost/127.0.0.1:10889]
15:50:25.362 [Forwarding findChildElement on session 14f61660-7bcc-4279-b6a3-7163a94e0626 to remote] DEBUG o.a.netty.request.NettyRequestSender - Using pooled Channel '[id: 0x7c68b8df, L:/127.0.0.1:64390 - R:localhost/127.0.0.1:10889]' for 'POST' to 'http://localhost:10889/session/14f61660-7bcc-4279-b6a3-7163a94e0626/element/4528f20e-9f03-4a30-8a24-88c0ae4aa82e/element'
15:50:25.362 [Forwarding findChildElement on session 14f61660-7bcc-4279-b6a3-7163a94e0626 to remote] DEBUG o.a.netty.request.NettyRequestSender - Using open Channel [id: 0x7c68b8df, L:/127.0.0.1:64390 - R:localhost/127.0.0.1:10889] for POST '/session/14f61660-7bcc-4279-b6a3-7163a94e0626/element/4528f20e-9f03-4a30-8a24-88c0ae4aa82e/element'
15:50:25.366 [AsyncHttpClient-3-1] DEBUG o.a.netty.handler.HttpHandler - 

Request DefaultHttpRequest(decodeResult: success, version: HTTP/1.1)
POST /session/14f61660-7bcc-4279-b6a3-7163a94e0626/element/4528f20e-9f03-4a30-8a24-88c0ae4aa82e/element HTTP/1.1
User-Agent: selenium/4.0.0-alpha-5 (java windows)
Content-Length: 97
Content-Type: application/json; charset=utf-8
host: localhost:10889
accept: */*

Response DefaultHttpResponse(decodeResult: success, version: HTTP/1.1)
HTTP/1.1 200 OK
content-type: application/json; charset=utf-8
cache-control: no-cache
content-length: 88
date: Thu, 25 Jun 2020 12:50:25 GMT

15:50:25.366 [AsyncHttpClient-3-1] DEBUG o.a.netty.channel.ChannelManager - Adding key: http://localhost:10889 for channel [id: 0x7c68b8df, L:/127.0.0.1:64390 - R:localhost/127.0.0.1:10889]
15:50:25.369 [Forwarding getElementAttribute on session 14f61660-7bcc-4279-b6a3-7163a94e0626 to remote] DEBUG o.a.netty.request.NettyRequestSender - Using pooled Channel '[id: 0x7c68b8df, L:/127.0.0.1:64390 - R:localhost/127.0.0.1:10889]' for 'POST' to 'http://localhost:10889/session/14f61660-7bcc-4279-b6a3-7163a94e0626/execute/sync'
15:50:25.369 [Forwarding getElementAttribute on session 14f61660-7bcc-4279-b6a3-7163a94e0626 to remote] DEBUG o.a.netty.request.NettyRequestSender - Using open Channel [id: 0x7c68b8df, L:/127.0.0.1:64390 - R:localhost/127.0.0.1:10889] for POST '/session/14f61660-7bcc-4279-b6a3-7163a94e0626/execute/sync'
15:50:25.381 [AsyncHttpClient-3-1] DEBUG o.a.netty.handler.HttpHandler - 

Request DefaultHttpRequest(decodeResult: success, version: HTTP/1.1)
POST /session/14f61660-7bcc-4279-b6a3-7163a94e0626/execute/sync HTTP/1.1
User-Agent: selenium/4.0.0-alpha-5 (java windows)
Content-Length: 39635
Content-Type: application/json; charset=utf-8
host: localhost:10889
accept: */*

Response DefaultHttpResponse(decodeResult: success, version: HTTP/1.1)
HTTP/1.1 200 OK
content-type: application/json; charset=utf-8
cache-control: no-cache
content-length: 15
date: Thu, 25 Jun 2020 12:50:25 GMT

15:50:25.381 [AsyncHttpClient-3-1] DEBUG o.a.netty.channel.ChannelManager - Adding key: http://localhost:10889 for channel [id: 0x7c68b8df, L:/127.0.0.1:64390 - R:localhost/127.0.0.1:10889]
15:50:25.382 [Forwarding findChildElement on session 14f61660-7bcc-4279-b6a3-7163a94e0626 to remote] DEBUG o.a.netty.request.NettyRequestSender - Using pooled Channel '[id: 0x7c68b8df, L:/127.0.0.1:64390 - R:localhost/127.0.0.1:10889]' for 'POST' to 'http://localhost:10889/session/14f61660-7bcc-4279-b6a3-7163a94e0626/element/4e788caa-f0c0-47da-a640-91f4f542f2e9/element'
15:50:25.382 [Forwarding findChildElement on session 14f61660-7bcc-4279-b6a3-7163a94e0626 to remote] DEBUG o.a.netty.request.NettyRequestSender - Using open Channel [id: 0x7c68b8df, L:/127.0.0.1:64390 - R:localhost/127.0.0.1:10889] for POST '/session/14f61660-7bcc-4279-b6a3-7163a94e0626/element/4e788caa-f0c0-47da-a640-91f4f542f2e9/element'
15:50:25.386 [AsyncHttpClient-3-1] DEBUG o.a.netty.handler.HttpHandler - 

Request DefaultHttpRequest(decodeResult: success, version: HTTP/1.1)
POST /session/14f61660-7bcc-4279-b6a3-7163a94e0626/element/4e788caa-f0c0-47da-a640-91f4f542f2e9/element HTTP/1.1
User-Agent: selenium/4.0.0-alpha-5 (java windows)
Content-Length: 103
Content-Type: application/json; charset=utf-8
host: localhost:10889
accept: */*

Response DefaultHttpResponse(decodeResult: success, version: HTTP/1.1)
HTTP/1.1 200 OK
content-type: application/json; charset=utf-8
cache-control: no-cache
content-length: 88
date: Thu, 25 Jun 2020 12:50:25 GMT

15:50:25.386 [AsyncHttpClient-3-1] DEBUG o.a.netty.channel.ChannelManager - Adding key: http://localhost:10889 for channel [id: 0x7c68b8df, L:/127.0.0.1:64390 - R:localhost/127.0.0.1:10889]
15:50:25.387 [Forwarding getElementText on session 14f61660-7bcc-4279-b6a3-7163a94e0626 to remote] DEBUG o.a.netty.request.NettyRequestSender - Using pooled Channel '[id: 0x7c68b8df, L:/127.0.0.1:64390 - R:localhost/127.0.0.1:10889]' for 'GET' to 'http://localhost:10889/session/14f61660-7bcc-4279-b6a3-7163a94e0626/element/732bea45-b4c2-49a5-a61d-2856a354894a/text'
15:50:25.387 [Forwarding getElementText on session 14f61660-7bcc-4279-b6a3-7163a94e0626 to remote] DEBUG o.a.netty.request.NettyRequestSender - Using open Channel [id: 0x7c68b8df, L:/127.0.0.1:64390 - R:localhost/127.0.0.1:10889] for GET '/session/14f61660-7bcc-4279-b6a3-7163a94e0626/element/732bea45-b4c2-49a5-a61d-2856a354894a/text'
15:50:25.391 [AsyncHttpClient-3-1] DEBUG o.a.netty.handler.HttpHandler - 

Request DefaultFullHttpRequest(decodeResult: success, version: HTTP/1.1, content: EmptyByteBufBE)
GET /session/14f61660-7bcc-4279-b6a3-7163a94e0626/element/732bea45-b4c2-49a5-a61d-2856a354894a/text HTTP/1.1
User-Agent: selenium/4.0.0-alpha-5 (java windows)
Cache-Control: no-cache
host: localhost:10889
accept: */*

Response DefaultHttpResponse(decodeResult: success, version: HTTP/1.1)
HTTP/1.1 200 OK
content-type: application/json; charset=utf-8
cache-control: no-cache
content-length: 18
date: Thu, 25 Jun 2020 12:50:25 GMT

15:50:25.391 [AsyncHttpClient-3-1] DEBUG o.a.netty.channel.ChannelManager - Adding key: http://localhost:10889 for channel [id: 0x7c68b8df, L:/127.0.0.1:64390 - R:localhost/127.0.0.1:10889]
15:50:25.392 [Forwarding findChildElement on session 14f61660-7bcc-4279-b6a3-7163a94e0626 to remote] DEBUG o.a.netty.request.NettyRequestSender - Using pooled Channel '[id: 0x7c68b8df, L:/127.0.0.1:64390 - R:localhost/127.0.0.1:10889]' for 'POST' to 'http://localhost:10889/session/14f61660-7bcc-4279-b6a3-7163a94e0626/element/4e788caa-f0c0-47da-a640-91f4f542f2e9/element'
15:50:25.392 [Forwarding findChildElement on session 14f61660-7bcc-4279-b6a3-7163a94e0626 to remote] DEBUG o.a.netty.request.NettyRequestSender - Using open Channel [id: 0x7c68b8df, L:/127.0.0.1:64390 - R:localhost/127.0.0.1:10889] for POST '/session/14f61660-7bcc-4279-b6a3-7163a94e0626/element/4e788caa-f0c0-47da-a640-91f4f542f2e9/element'
15:50:25.395 [AsyncHttpClient-3-1] DEBUG o.a.netty.handler.HttpHandler - 

Request DefaultHttpRequest(decodeResult: success, version: HTTP/1.1)
POST /session/14f61660-7bcc-4279-b6a3-7163a94e0626/element/4e788caa-f0c0-47da-a640-91f4f542f2e9/element HTTP/1.1
User-Agent: selenium/4.0.0-alpha-5 (java windows)
Content-Length: 103
Content-Type: application/json; charset=utf-8
host: localhost:10889
accept: */*

Response DefaultHttpResponse(decodeResult: success, version: HTTP/1.1)
HTTP/1.1 200 OK
content-type: application/json; charset=utf-8
cache-control: no-cache
content-length: 88
date: Thu, 25 Jun 2020 12:50:25 GMT

15:50:25.395 [AsyncHttpClient-3-1] DEBUG o.a.netty.channel.ChannelManager - Adding key: http://localhost:10889 for channel [id: 0x7c68b8df, L:/127.0.0.1:64390 - R:localhost/127.0.0.1:10889]
15:50:25.396 [Forwarding getElementText on session 14f61660-7bcc-4279-b6a3-7163a94e0626 to remote] DEBUG o.a.netty.request.NettyRequestSender - Using pooled Channel '[id: 0x7c68b8df, L:/127.0.0.1:64390 - R:localhost/127.0.0.1:10889]' for 'GET' to 'http://localhost:10889/session/14f61660-7bcc-4279-b6a3-7163a94e0626/element/12eab160-5afb-4b3c-9aaf-4d1852f3ce7c/text'
15:50:25.396 [Forwarding getElementText on session 14f61660-7bcc-4279-b6a3-7163a94e0626 to remote] DEBUG o.a.netty.request.NettyRequestSender - Using open Channel [id: 0x7c68b8df, L:/127.0.0.1:64390 - R:localhost/127.0.0.1:10889] for GET '/session/14f61660-7bcc-4279-b6a3-7163a94e0626/element/12eab160-5afb-4b3c-9aaf-4d1852f3ce7c/text'
15:50:25.400 [AsyncHttpClient-3-1] DEBUG o.a.netty.handler.HttpHandler - 

Request DefaultFullHttpRequest(decodeResult: success, version: HTTP/1.1, content: EmptyByteBufBE)
GET /session/14f61660-7bcc-4279-b6a3-7163a94e0626/element/12eab160-5afb-4b3c-9aaf-4d1852f3ce7c/text HTTP/1.1
User-Agent: selenium/4.0.0-alpha-5 (java windows)
Cache-Control: no-cache
host: localhost:10889
accept: */*

Response DefaultHttpResponse(decodeResult: success, version: HTTP/1.1)
HTTP/1.1 200 OK
content-type: application/json; charset=utf-8
cache-control: no-cache
content-length: 22
date: Thu, 25 Jun 2020 12:50:25 GMT

15:50:25.400 [AsyncHttpClient-3-1] DEBUG o.a.netty.channel.ChannelManager - Adding key: http://localhost:10889 for channel [id: 0x7c68b8df, L:/127.0.0.1:64390 - R:localhost/127.0.0.1:10889]
15:50:25.401 [Forwarding findChildElement on session 14f61660-7bcc-4279-b6a3-7163a94e0626 to remote] DEBUG o.a.netty.request.NettyRequestSender - Using pooled Channel '[id: 0x7c68b8df, L:/127.0.0.1:64390 - R:localhost/127.0.0.1:10889]' for 'POST' to 'http://localhost:10889/session/14f61660-7bcc-4279-b6a3-7163a94e0626/element/4e788caa-f0c0-47da-a640-91f4f542f2e9/element'
15:50:25.401 [Forwarding findChildElement on session 14f61660-7bcc-4279-b6a3-7163a94e0626 to remote] DEBUG o.a.netty.request.NettyRequestSender - Using open Channel [id: 0x7c68b8df, L:/127.0.0.1:64390 - R:localhost/127.0.0.1:10889] for POST '/session/14f61660-7bcc-4279-b6a3-7163a94e0626/element/4e788caa-f0c0-47da-a640-91f4f542f2e9/element'
15:50:25.404 [AsyncHttpClient-3-1] DEBUG o.a.netty.handler.HttpHandler - 

Request DefaultHttpRequest(decodeResult: success, version: HTTP/1.1)
POST /session/14f61660-7bcc-4279-b6a3-7163a94e0626/element/4e788caa-f0c0-47da-a640-91f4f542f2e9/element HTTP/1.1
User-Agent: selenium/4.0.0-alpha-5 (java windows)
Content-Length: 103
Content-Type: application/json; charset=utf-8
host: localhost:10889
accept: */*

Response DefaultHttpResponse(decodeResult: success, version: HTTP/1.1)
HTTP/1.1 200 OK
content-type: application/json; charset=utf-8
cache-control: no-cache
content-length: 88
date: Thu, 25 Jun 2020 12:50:25 GMT

15:50:25.404 [AsyncHttpClient-3-1] DEBUG o.a.netty.channel.ChannelManager - Adding key: http://localhost:10889 for channel [id: 0x7c68b8df, L:/127.0.0.1:64390 - R:localhost/127.0.0.1:10889]
15:50:25.404 [Forwarding getElementText on session 14f61660-7bcc-4279-b6a3-7163a94e0626 to remote] DEBUG o.a.netty.request.NettyRequestSender - Using pooled Channel '[id: 0x7c68b8df, L:/127.0.0.1:64390 - R:localhost/127.0.0.1:10889]' for 'GET' to 'http://localhost:10889/session/14f61660-7bcc-4279-b6a3-7163a94e0626/element/78bf6285-1197-4499-8e36-d61ae5c5c515/text'
15:50:25.404 [Forwarding getElementText on session 14f61660-7bcc-4279-b6a3-7163a94e0626 to remote] DEBUG o.a.netty.request.NettyRequestSender - Using open Channel [id: 0x7c68b8df, L:/127.0.0.1:64390 - R:localhost/127.0.0.1:10889] for GET '/session/14f61660-7bcc-4279-b6a3-7163a94e0626/element/78bf6285-1197-4499-8e36-d61ae5c5c515/text'
15:50:25.409 [AsyncHttpClient-3-1] DEBUG o.a.netty.handler.HttpHandler - 

Request DefaultFullHttpRequest(decodeResult: success, version: HTTP/1.1, content: EmptyByteBufBE)
GET /session/14f61660-7bcc-4279-b6a3-7163a94e0626/element/78bf6285-1197-4499-8e36-d61ae5c5c515/text HTTP/1.1
User-Agent: selenium/4.0.0-alpha-5 (java windows)
Cache-Control: no-cache
host: localhost:10889
accept: */*

Response DefaultHttpResponse(decodeResult: success, version: HTTP/1.1)
HTTP/1.1 200 OK
content-type: application/json; charset=utf-8
cache-control: no-cache
content-length: 21
date: Thu, 25 Jun 2020 12:50:25 GMT

15:50:25.409 [AsyncHttpClient-3-1] DEBUG o.a.netty.channel.ChannelManager - Adding key: http://localhost:10889 for channel [id: 0x7c68b8df, L:/127.0.0.1:64390 - R:localhost/127.0.0.1:10889]
15:50:25.409 [Forwarding findChildElement on session 14f61660-7bcc-4279-b6a3-7163a94e0626 to remote] DEBUG o.a.netty.request.NettyRequestSender - Using pooled Channel '[id: 0x7c68b8df, L:/127.0.0.1:64390 - R:localhost/127.0.0.1:10889]' for 'POST' to 'http://localhost:10889/session/14f61660-7bcc-4279-b6a3-7163a94e0626/element/4e788caa-f0c0-47da-a640-91f4f542f2e9/element'
15:50:25.409 [Forwarding findChildElement on session 14f61660-7bcc-4279-b6a3-7163a94e0626 to remote] DEBUG o.a.netty.request.NettyRequestSender - Using open Channel [id: 0x7c68b8df, L:/127.0.0.1:64390 - R:localhost/127.0.0.1:10889] for POST '/session/14f61660-7bcc-4279-b6a3-7163a94e0626/element/4e788caa-f0c0-47da-a640-91f4f542f2e9/element'
15:50:25.412 [AsyncHttpClient-3-1] DEBUG o.a.netty.handler.HttpHandler - 

Request DefaultHttpRequest(decodeResult: success, version: HTTP/1.1)
POST /session/14f61660-7bcc-4279-b6a3-7163a94e0626/element/4e788caa-f0c0-47da-a640-91f4f542f2e9/element HTTP/1.1
User-Agent: selenium/4.0.0-alpha-5 (java windows)
Content-Length: 103
Content-Type: application/json; charset=utf-8
host: localhost:10889
accept: */*

Response DefaultHttpResponse(decodeResult: success, version: HTTP/1.1)
HTTP/1.1 200 OK
content-type: application/json; charset=utf-8
cache-control: no-cache
content-length: 88
date: Thu, 25 Jun 2020 12:50:25 GMT

15:50:25.413 [AsyncHttpClient-3-1] DEBUG o.a.netty.channel.ChannelManager - Adding key: http://localhost:10889 for channel [id: 0x7c68b8df, L:/127.0.0.1:64390 - R:localhost/127.0.0.1:10889]
15:50:25.413 [Forwarding getElementText on session 14f61660-7bcc-4279-b6a3-7163a94e0626 to remote] DEBUG o.a.netty.request.NettyRequestSender - Using pooled Channel '[id: 0x7c68b8df, L:/127.0.0.1:64390 - R:localhost/127.0.0.1:10889]' for 'GET' to 'http://localhost:10889/session/14f61660-7bcc-4279-b6a3-7163a94e0626/element/bb5cfb06-2e15-4df9-b39c-551a945344cc/text'
15:50:25.413 [Forwarding getElementText on session 14f61660-7bcc-4279-b6a3-7163a94e0626 to remote] DEBUG o.a.netty.request.NettyRequestSender - Using open Channel [id: 0x7c68b8df, L:/127.0.0.1:64390 - R:localhost/127.0.0.1:10889] for GET '/session/14f61660-7bcc-4279-b6a3-7163a94e0626/element/bb5cfb06-2e15-4df9-b39c-551a945344cc/text'
15:50:25.418 [AsyncHttpClient-3-1] DEBUG o.a.netty.handler.HttpHandler - 

Request DefaultFullHttpRequest(decodeResult: success, version: HTTP/1.1, content: EmptyByteBufBE)
GET /session/14f61660-7bcc-4279-b6a3-7163a94e0626/element/bb5cfb06-2e15-4df9-b39c-551a945344cc/text HTTP/1.1
User-Agent: selenium/4.0.0-alpha-5 (java windows)
Cache-Control: no-cache
host: localhost:10889
accept: */*

Response DefaultHttpResponse(decodeResult: success, version: HTTP/1.1)
HTTP/1.1 200 OK
content-type: application/json; charset=utf-8
cache-control: no-cache
content-length: 45
date: Thu, 25 Jun 2020 12:50:25 GMT

15:50:25.418 [AsyncHttpClient-3-1] DEBUG o.a.netty.channel.ChannelManager - Adding key: http://localhost:10889 for channel [id: 0x7c68b8df, L:/127.0.0.1:64390 - R:localhost/127.0.0.1:10889]
15:50:25.419 [Forwarding findChildElement on session 14f61660-7bcc-4279-b6a3-7163a94e0626 to remote] DEBUG o.a.netty.request.NettyRequestSender - Using pooled Channel '[id: 0x7c68b8df, L:/127.0.0.1:64390 - R:localhost/127.0.0.1:10889]' for 'POST' to 'http://localhost:10889/session/14f61660-7bcc-4279-b6a3-7163a94e0626/element/4e788caa-f0c0-47da-a640-91f4f542f2e9/element'
15:50:25.419 [Forwarding findChildElement on session 14f61660-7bcc-4279-b6a3-7163a94e0626 to remote] DEBUG o.a.netty.request.NettyRequestSender - Using open Channel [id: 0x7c68b8df, L:/127.0.0.1:64390 - R:localhost/127.0.0.1:10889] for POST '/session/14f61660-7bcc-4279-b6a3-7163a94e0626/element/4e788caa-f0c0-47da-a640-91f4f542f2e9/element'
15:50:25.423 [AsyncHttpClient-3-1] DEBUG o.a.netty.handler.HttpHandler - 

Request DefaultHttpRequest(decodeResult: success, version: HTTP/1.1)
POST /session/14f61660-7bcc-4279-b6a3-7163a94e0626/element/4e788caa-f0c0-47da-a640-91f4f542f2e9/element HTTP/1.1
User-Agent: selenium/4.0.0-alpha-5 (java windows)
Content-Length: 103
Content-Type: application/json; charset=utf-8
host: localhost:10889
accept: */*

Response DefaultHttpResponse(decodeResult: success, version: HTTP/1.1)
HTTP/1.1 200 OK
content-type: application/json; charset=utf-8
cache-control: no-cache
content-length: 88
date: Thu, 25 Jun 2020 12:50:25 GMT

15:50:25.423 [AsyncHttpClient-3-1] DEBUG o.a.netty.channel.ChannelManager - Adding key: http://localhost:10889 for channel [id: 0x7c68b8df, L:/127.0.0.1:64390 - R:localhost/127.0.0.1:10889]
15:50:25.423 [Forwarding getElementText on session 14f61660-7bcc-4279-b6a3-7163a94e0626 to remote] DEBUG o.a.netty.request.NettyRequestSender - Using pooled Channel '[id: 0x7c68b8df, L:/127.0.0.1:64390 - R:localhost/127.0.0.1:10889]' for 'GET' to 'http://localhost:10889/session/14f61660-7bcc-4279-b6a3-7163a94e0626/element/44a283ea-85a7-4c8e-a757-7bbc0b222d08/text'
15:50:25.423 [Forwarding getElementText on session 14f61660-7bcc-4279-b6a3-7163a94e0626 to remote] DEBUG o.a.netty.request.NettyRequestSender - Using open Channel [id: 0x7c68b8df, L:/127.0.0.1:64390 - R:localhost/127.0.0.1:10889] for GET '/session/14f61660-7bcc-4279-b6a3-7163a94e0626/element/44a283ea-85a7-4c8e-a757-7bbc0b222d08/text'
15:50:25.430 [AsyncHttpClient-3-1] DEBUG o.a.netty.handler.HttpHandler - 

Request DefaultFullHttpRequest(decodeResult: success, version: HTTP/1.1, content: EmptyByteBufBE)
GET /session/14f61660-7bcc-4279-b6a3-7163a94e0626/element/44a283ea-85a7-4c8e-a757-7bbc0b222d08/text HTTP/1.1
User-Agent: selenium/4.0.0-alpha-5 (java windows)
Cache-Control: no-cache
host: localhost:10889
accept: */*

Response DefaultHttpResponse(decodeResult: success, version: HTTP/1.1)
HTTP/1.1 200 OK
content-type: application/json; charset=utf-8
cache-control: no-cache
content-length: 57
date: Thu, 25 Jun 2020 12:50:25 GMT

15:50:25.430 [AsyncHttpClient-3-1] DEBUG o.a.netty.channel.ChannelManager - Adding key: http://localhost:10889 for channel [id: 0x7c68b8df, L:/127.0.0.1:64390 - R:localhost/127.0.0.1:10889]
15:50:25.431 [Forwarding findChildElement on session 14f61660-7bcc-4279-b6a3-7163a94e0626 to remote] DEBUG o.a.netty.request.NettyRequestSender - Using pooled Channel '[id: 0x7c68b8df, L:/127.0.0.1:64390 - R:localhost/127.0.0.1:10889]' for 'POST' to 'http://localhost:10889/session/14f61660-7bcc-4279-b6a3-7163a94e0626/element/4e788caa-f0c0-47da-a640-91f4f542f2e9/element'
15:50:25.431 [Forwarding findChildElement on session 14f61660-7bcc-4279-b6a3-7163a94e0626 to remote] DEBUG o.a.netty.request.NettyRequestSender - Using open Channel [id: 0x7c68b8df, L:/127.0.0.1:64390 - R:localhost/127.0.0.1:10889] for POST '/session/14f61660-7bcc-4279-b6a3-7163a94e0626/element/4e788caa-f0c0-47da-a640-91f4f542f2e9/element'
15:50:25.434 [AsyncHttpClient-3-1] DEBUG o.a.netty.handler.HttpHandler - 

Request DefaultHttpRequest(decodeResult: success, version: HTTP/1.1)
POST /session/14f61660-7bcc-4279-b6a3-7163a94e0626/element/4e788caa-f0c0-47da-a640-91f4f542f2e9/element HTTP/1.1
User-Agent: selenium/4.0.0-alpha-5 (java windows)
Content-Length: 97
Content-Type: application/json; charset=utf-8
host: localhost:10889
accept: */*

Response DefaultHttpResponse(decodeResult: success, version: HTTP/1.1)
HTTP/1.1 200 OK
content-type: application/json; charset=utf-8
cache-control: no-cache
content-length: 88
date: Thu, 25 Jun 2020 12:50:25 GMT

15:50:25.434 [AsyncHttpClient-3-1] DEBUG o.a.netty.channel.ChannelManager - Adding key: http://localhost:10889 for channel [id: 0x7c68b8df, L:/127.0.0.1:64390 - R:localhost/127.0.0.1:10889]
15:50:25.437 [Forwarding getElementAttribute on session 14f61660-7bcc-4279-b6a3-7163a94e0626 to remote] DEBUG o.a.netty.request.NettyRequestSender - Using pooled Channel '[id: 0x7c68b8df, L:/127.0.0.1:64390 - R:localhost/127.0.0.1:10889]' for 'POST' to 'http://localhost:10889/session/14f61660-7bcc-4279-b6a3-7163a94e0626/execute/sync'
15:50:25.437 [Forwarding getElementAttribute on session 14f61660-7bcc-4279-b6a3-7163a94e0626 to remote] DEBUG o.a.netty.request.NettyRequestSender - Using open Channel [id: 0x7c68b8df, L:/127.0.0.1:64390 - R:localhost/127.0.0.1:10889] for POST '/session/14f61660-7bcc-4279-b6a3-7163a94e0626/execute/sync'
15:50:25.449 [AsyncHttpClient-3-1] DEBUG o.a.netty.handler.HttpHandler - 

Request DefaultHttpRequest(decodeResult: success, version: HTTP/1.1)
POST /session/14f61660-7bcc-4279-b6a3-7163a94e0626/execute/sync HTTP/1.1
User-Agent: selenium/4.0.0-alpha-5 (java windows)
Content-Length: 39635
Content-Type: application/json; charset=utf-8
host: localhost:10889
accept: */*

Response DefaultHttpResponse(decodeResult: success, version: HTTP/1.1)
HTTP/1.1 200 OK
content-type: application/json; charset=utf-8
cache-control: no-cache
content-length: 15
date: Thu, 25 Jun 2020 12:50:25 GMT

15:50:25.449 [AsyncHttpClient-3-1] DEBUG o.a.netty.channel.ChannelManager - Adding key: http://localhost:10889 for channel [id: 0x7c68b8df, L:/127.0.0.1:64390 - R:localhost/127.0.0.1:10889]
15:50:25.449 [Forwarding findChildElement on session 14f61660-7bcc-4279-b6a3-7163a94e0626 to remote] DEBUG o.a.netty.request.NettyRequestSender - Using pooled Channel '[id: 0x7c68b8df, L:/127.0.0.1:64390 - R:localhost/127.0.0.1:10889]' for 'POST' to 'http://localhost:10889/session/14f61660-7bcc-4279-b6a3-7163a94e0626/element/93bc3f86-b42c-4b50-8d02-594db0b956a2/element'
15:50:25.449 [Forwarding findChildElement on session 14f61660-7bcc-4279-b6a3-7163a94e0626 to remote] DEBUG o.a.netty.request.NettyRequestSender - Using open Channel [id: 0x7c68b8df, L:/127.0.0.1:64390 - R:localhost/127.0.0.1:10889] for POST '/session/14f61660-7bcc-4279-b6a3-7163a94e0626/element/93bc3f86-b42c-4b50-8d02-594db0b956a2/element'
15:50:25.453 [AsyncHttpClient-3-1] DEBUG o.a.netty.handler.HttpHandler - 

Request DefaultHttpRequest(decodeResult: success, version: HTTP/1.1)
POST /session/14f61660-7bcc-4279-b6a3-7163a94e0626/element/93bc3f86-b42c-4b50-8d02-594db0b956a2/element HTTP/1.1
User-Agent: selenium/4.0.0-alpha-5 (java windows)
Content-Length: 103
Content-Type: application/json; charset=utf-8
host: localhost:10889
accept: */*

Response DefaultHttpResponse(decodeResult: success, version: HTTP/1.1)
HTTP/1.1 200 OK
content-type: application/json; charset=utf-8
cache-control: no-cache
content-length: 88
date: Thu, 25 Jun 2020 12:50:25 GMT

15:50:25.453 [AsyncHttpClient-3-1] DEBUG o.a.netty.channel.ChannelManager - Adding key: http://localhost:10889 for channel [id: 0x7c68b8df, L:/127.0.0.1:64390 - R:localhost/127.0.0.1:10889]
15:50:25.453 [Forwarding getElementText on session 14f61660-7bcc-4279-b6a3-7163a94e0626 to remote] DEBUG o.a.netty.request.NettyRequestSender - Using pooled Channel '[id: 0x7c68b8df, L:/127.0.0.1:64390 - R:localhost/127.0.0.1:10889]' for 'GET' to 'http://localhost:10889/session/14f61660-7bcc-4279-b6a3-7163a94e0626/element/50760cc8-2422-49a2-97ea-ca1eba3996be/text'
15:50:25.453 [Forwarding getElementText on session 14f61660-7bcc-4279-b6a3-7163a94e0626 to remote] DEBUG o.a.netty.request.NettyRequestSender - Using open Channel [id: 0x7c68b8df, L:/127.0.0.1:64390 - R:localhost/127.0.0.1:10889] for GET '/session/14f61660-7bcc-4279-b6a3-7163a94e0626/element/50760cc8-2422-49a2-97ea-ca1eba3996be/text'
15:50:25.457 [AsyncHttpClient-3-1] DEBUG o.a.netty.handler.HttpHandler - 

Request DefaultFullHttpRequest(decodeResult: success, version: HTTP/1.1, content: EmptyByteBufBE)
GET /session/14f61660-7bcc-4279-b6a3-7163a94e0626/element/50760cc8-2422-49a2-97ea-ca1eba3996be/text HTTP/1.1
User-Agent: selenium/4.0.0-alpha-5 (java windows)
Cache-Control: no-cache
host: localhost:10889
accept: */*

Response DefaultHttpResponse(decodeResult: success, version: HTTP/1.1)
HTTP/1.1 200 OK
content-type: application/json; charset=utf-8
cache-control: no-cache
content-length: 18
date: Thu, 25 Jun 2020 12:50:25 GMT

15:50:25.457 [AsyncHttpClient-3-1] DEBUG o.a.netty.channel.ChannelManager - Adding key: http://localhost:10889 for channel [id: 0x7c68b8df, L:/127.0.0.1:64390 - R:localhost/127.0.0.1:10889]
15:50:25.458 [Forwarding findChildElement on session 14f61660-7bcc-4279-b6a3-7163a94e0626 to remote] DEBUG o.a.netty.request.NettyRequestSender - Using pooled Channel '[id: 0x7c68b8df, L:/127.0.0.1:64390 - R:localhost/127.0.0.1:10889]' for 'POST' to 'http://localhost:10889/session/14f61660-7bcc-4279-b6a3-7163a94e0626/element/93bc3f86-b42c-4b50-8d02-594db0b956a2/element'
15:50:25.458 [Forwarding findChildElement on session 14f61660-7bcc-4279-b6a3-7163a94e0626 to remote] DEBUG o.a.netty.request.NettyRequestSender - Using open Channel [id: 0x7c68b8df, L:/127.0.0.1:64390 - R:localhost/127.0.0.1:10889] for POST '/session/14f61660-7bcc-4279-b6a3-7163a94e0626/element/93bc3f86-b42c-4b50-8d02-594db0b956a2/element'
15:50:25.461 [AsyncHttpClient-3-1] DEBUG o.a.netty.handler.HttpHandler - 

Request DefaultHttpRequest(decodeResult: success, version: HTTP/1.1)
POST /session/14f61660-7bcc-4279-b6a3-7163a94e0626/element/93bc3f86-b42c-4b50-8d02-594db0b956a2/element HTTP/1.1
User-Agent: selenium/4.0.0-alpha-5 (java windows)
Content-Length: 103
Content-Type: application/json; charset=utf-8
host: localhost:10889
accept: */*

Response DefaultHttpResponse(decodeResult: success, version: HTTP/1.1)
HTTP/1.1 200 OK
content-type: application/json; charset=utf-8
cache-control: no-cache
content-length: 88
date: Thu, 25 Jun 2020 12:50:25 GMT

15:50:25.461 [AsyncHttpClient-3-1] DEBUG o.a.netty.channel.ChannelManager - Adding key: http://localhost:10889 for channel [id: 0x7c68b8df, L:/127.0.0.1:64390 - R:localhost/127.0.0.1:10889]
15:50:25.462 [Forwarding getElementText on session 14f61660-7bcc-4279-b6a3-7163a94e0626 to remote] DEBUG o.a.netty.request.NettyRequestSender - Using pooled Channel '[id: 0x7c68b8df, L:/127.0.0.1:64390 - R:localhost/127.0.0.1:10889]' for 'GET' to 'http://localhost:10889/session/14f61660-7bcc-4279-b6a3-7163a94e0626/element/15390321-e7c4-4a31-ae74-9e9f9c7fda5d/text'
15:50:25.462 [Forwarding getElementText on session 14f61660-7bcc-4279-b6a3-7163a94e0626 to remote] DEBUG o.a.netty.request.NettyRequestSender - Using open Channel [id: 0x7c68b8df, L:/127.0.0.1:64390 - R:localhost/127.0.0.1:10889] for GET '/session/14f61660-7bcc-4279-b6a3-7163a94e0626/element/15390321-e7c4-4a31-ae74-9e9f9c7fda5d/text'
15:50:25.466 [AsyncHttpClient-3-1] DEBUG o.a.netty.handler.HttpHandler - 

Request DefaultFullHttpRequest(decodeResult: success, version: HTTP/1.1, content: EmptyByteBufBE)
GET /session/14f61660-7bcc-4279-b6a3-7163a94e0626/element/15390321-e7c4-4a31-ae74-9e9f9c7fda5d/text HTTP/1.1
User-Agent: selenium/4.0.0-alpha-5 (java windows)
Cache-Control: no-cache
host: localhost:10889
accept: */*

Response DefaultHttpResponse(decodeResult: success, version: HTTP/1.1)
HTTP/1.1 200 OK
content-type: application/json; charset=utf-8
cache-control: no-cache
content-length: 22
date: Thu, 25 Jun 2020 12:50:25 GMT

15:50:25.466 [AsyncHttpClient-3-1] DEBUG o.a.netty.channel.ChannelManager - Adding key: http://localhost:10889 for channel [id: 0x7c68b8df, L:/127.0.0.1:64390 - R:localhost/127.0.0.1:10889]
15:50:25.466 [Forwarding findChildElement on session 14f61660-7bcc-4279-b6a3-7163a94e0626 to remote] DEBUG o.a.netty.request.NettyRequestSender - Using pooled Channel '[id: 0x7c68b8df, L:/127.0.0.1:64390 - R:localhost/127.0.0.1:10889]' for 'POST' to 'http://localhost:10889/session/14f61660-7bcc-4279-b6a3-7163a94e0626/element/93bc3f86-b42c-4b50-8d02-594db0b956a2/element'
15:50:25.466 [Forwarding findChildElement on session 14f61660-7bcc-4279-b6a3-7163a94e0626 to remote] DEBUG o.a.netty.request.NettyRequestSender - Using open Channel [id: 0x7c68b8df, L:/127.0.0.1:64390 - R:localhost/127.0.0.1:10889] for POST '/session/14f61660-7bcc-4279-b6a3-7163a94e0626/element/93bc3f86-b42c-4b50-8d02-594db0b956a2/element'
15:50:25.470 [AsyncHttpClient-3-1] DEBUG o.a.netty.handler.HttpHandler - 

Request DefaultHttpRequest(decodeResult: success, version: HTTP/1.1)
POST /session/14f61660-7bcc-4279-b6a3-7163a94e0626/element/93bc3f86-b42c-4b50-8d02-594db0b956a2/element HTTP/1.1
User-Agent: selenium/4.0.0-alpha-5 (java windows)
Content-Length: 103
Content-Type: application/json; charset=utf-8
host: localhost:10889
accept: */*

Response DefaultHttpResponse(decodeResult: success, version: HTTP/1.1)
HTTP/1.1 200 OK
content-type: application/json; charset=utf-8
cache-control: no-cache
content-length: 88
date: Thu, 25 Jun 2020 12:50:25 GMT

15:50:25.470 [AsyncHttpClient-3-1] DEBUG o.a.netty.channel.ChannelManager - Adding key: http://localhost:10889 for channel [id: 0x7c68b8df, L:/127.0.0.1:64390 - R:localhost/127.0.0.1:10889]
15:50:25.470 [Forwarding getElementText on session 14f61660-7bcc-4279-b6a3-7163a94e0626 to remote] DEBUG o.a.netty.request.NettyRequestSender - Using pooled Channel '[id: 0x7c68b8df, L:/127.0.0.1:64390 - R:localhost/127.0.0.1:10889]' for 'GET' to 'http://localhost:10889/session/14f61660-7bcc-4279-b6a3-7163a94e0626/element/921e31bf-09dc-4beb-a8b2-da6055626450/text'
15:50:25.470 [Forwarding getElementText on session 14f61660-7bcc-4279-b6a3-7163a94e0626 to remote] DEBUG o.a.netty.request.NettyRequestSender - Using open Channel [id: 0x7c68b8df, L:/127.0.0.1:64390 - R:localhost/127.0.0.1:10889] for GET '/session/14f61660-7bcc-4279-b6a3-7163a94e0626/element/921e31bf-09dc-4beb-a8b2-da6055626450/text'
15:50:25.475 [AsyncHttpClient-3-1] DEBUG o.a.netty.handler.HttpHandler - 

Request DefaultFullHttpRequest(decodeResult: success, version: HTTP/1.1, content: EmptyByteBufBE)
GET /session/14f61660-7bcc-4279-b6a3-7163a94e0626/element/921e31bf-09dc-4beb-a8b2-da6055626450/text HTTP/1.1
User-Agent: selenium/4.0.0-alpha-5 (java windows)
Cache-Control: no-cache
host: localhost:10889
accept: */*

Response DefaultHttpResponse(decodeResult: success, version: HTTP/1.1)
HTTP/1.1 200 OK
content-type: application/json; charset=utf-8
cache-control: no-cache
content-length: 21
date: Thu, 25 Jun 2020 12:50:25 GMT

15:50:25.475 [AsyncHttpClient-3-1] DEBUG o.a.netty.channel.ChannelManager - Adding key: http://localhost:10889 for channel [id: 0x7c68b8df, L:/127.0.0.1:64390 - R:localhost/127.0.0.1:10889]
15:50:25.476 [Forwarding findChildElement on session 14f61660-7bcc-4279-b6a3-7163a94e0626 to remote] DEBUG o.a.netty.request.NettyRequestSender - Using pooled Channel '[id: 0x7c68b8df, L:/127.0.0.1:64390 - R:localhost/127.0.0.1:10889]' for 'POST' to 'http://localhost:10889/session/14f61660-7bcc-4279-b6a3-7163a94e0626/element/93bc3f86-b42c-4b50-8d02-594db0b956a2/element'
15:50:25.476 [Forwarding findChildElement on session 14f61660-7bcc-4279-b6a3-7163a94e0626 to remote] DEBUG o.a.netty.request.NettyRequestSender - Using open Channel [id: 0x7c68b8df, L:/127.0.0.1:64390 - R:localhost/127.0.0.1:10889] for POST '/session/14f61660-7bcc-4279-b6a3-7163a94e0626/element/93bc3f86-b42c-4b50-8d02-594db0b956a2/element'
15:50:25.480 [AsyncHttpClient-3-1] DEBUG o.a.netty.handler.HttpHandler - 

Request DefaultHttpRequest(decodeResult: success, version: HTTP/1.1)
POST /session/14f61660-7bcc-4279-b6a3-7163a94e0626/element/93bc3f86-b42c-4b50-8d02-594db0b956a2/element HTTP/1.1
User-Agent: selenium/4.0.0-alpha-5 (java windows)
Content-Length: 103
Content-Type: application/json; charset=utf-8
host: localhost:10889
accept: */*

Response DefaultHttpResponse(decodeResult: success, version: HTTP/1.1)
HTTP/1.1 200 OK
content-type: application/json; charset=utf-8
cache-control: no-cache
content-length: 88
date: Thu, 25 Jun 2020 12:50:25 GMT

15:50:25.480 [AsyncHttpClient-3-1] DEBUG o.a.netty.channel.ChannelManager - Adding key: http://localhost:10889 for channel [id: 0x7c68b8df, L:/127.0.0.1:64390 - R:localhost/127.0.0.1:10889]
15:50:25.481 [Forwarding getElementText on session 14f61660-7bcc-4279-b6a3-7163a94e0626 to remote] DEBUG o.a.netty.request.NettyRequestSender - Using pooled Channel '[id: 0x7c68b8df, L:/127.0.0.1:64390 - R:localhost/127.0.0.1:10889]' for 'GET' to 'http://localhost:10889/session/14f61660-7bcc-4279-b6a3-7163a94e0626/element/7015ea8c-abe0-4c75-8ee7-da8017af2a92/text'
15:50:25.481 [Forwarding getElementText on session 14f61660-7bcc-4279-b6a3-7163a94e0626 to remote] DEBUG o.a.netty.request.NettyRequestSender - Using open Channel [id: 0x7c68b8df, L:/127.0.0.1:64390 - R:localhost/127.0.0.1:10889] for GET '/session/14f61660-7bcc-4279-b6a3-7163a94e0626/element/7015ea8c-abe0-4c75-8ee7-da8017af2a92/text'
15:50:25.489 [AsyncHttpClient-3-1] DEBUG o.a.netty.handler.HttpHandler - 

Request DefaultFullHttpRequest(decodeResult: success, version: HTTP/1.1, content: EmptyByteBufBE)
GET /session/14f61660-7bcc-4279-b6a3-7163a94e0626/element/7015ea8c-abe0-4c75-8ee7-da8017af2a92/text HTTP/1.1
User-Agent: selenium/4.0.0-alpha-5 (java windows)
Cache-Control: no-cache
host: localhost:10889
accept: */*

Response DefaultHttpResponse(decodeResult: success, version: HTTP/1.1)
HTTP/1.1 200 OK
content-type: application/json; charset=utf-8
cache-control: no-cache
content-length: 45
date: Thu, 25 Jun 2020 12:50:25 GMT

15:50:25.489 [AsyncHttpClient-3-1] DEBUG o.a.netty.channel.ChannelManager - Adding key: http://localhost:10889 for channel [id: 0x7c68b8df, L:/127.0.0.1:64390 - R:localhost/127.0.0.1:10889]
15:50:25.490 [Forwarding findChildElement on session 14f61660-7bcc-4279-b6a3-7163a94e0626 to remote] DEBUG o.a.netty.request.NettyRequestSender - Using pooled Channel '[id: 0x7c68b8df, L:/127.0.0.1:64390 - R:localhost/127.0.0.1:10889]' for 'POST' to 'http://localhost:10889/session/14f61660-7bcc-4279-b6a3-7163a94e0626/element/93bc3f86-b42c-4b50-8d02-594db0b956a2/element'
15:50:25.490 [Forwarding findChildElement on session 14f61660-7bcc-4279-b6a3-7163a94e0626 to remote] DEBUG o.a.netty.request.NettyRequestSender - Using open Channel [id: 0x7c68b8df, L:/127.0.0.1:64390 - R:localhost/127.0.0.1:10889] for POST '/session/14f61660-7bcc-4279-b6a3-7163a94e0626/element/93bc3f86-b42c-4b50-8d02-594db0b956a2/element'
15:50:25.493 [AsyncHttpClient-3-1] DEBUG o.a.netty.handler.HttpHandler - 

Request DefaultHttpRequest(decodeResult: success, version: HTTP/1.1)
POST /session/14f61660-7bcc-4279-b6a3-7163a94e0626/element/93bc3f86-b42c-4b50-8d02-594db0b956a2/element HTTP/1.1
User-Agent: selenium/4.0.0-alpha-5 (java windows)
Content-Length: 103
Content-Type: application/json; charset=utf-8
host: localhost:10889
accept: */*

Response DefaultHttpResponse(decodeResult: success, version: HTTP/1.1)
HTTP/1.1 200 OK
content-type: application/json; charset=utf-8
cache-control: no-cache
content-length: 88
date: Thu, 25 Jun 2020 12:50:25 GMT

15:50:25.494 [AsyncHttpClient-3-1] DEBUG o.a.netty.channel.ChannelManager - Adding key: http://localhost:10889 for channel [id: 0x7c68b8df, L:/127.0.0.1:64390 - R:localhost/127.0.0.1:10889]
15:50:25.494 [Forwarding getElementText on session 14f61660-7bcc-4279-b6a3-7163a94e0626 to remote] DEBUG o.a.netty.request.NettyRequestSender - Using pooled Channel '[id: 0x7c68b8df, L:/127.0.0.1:64390 - R:localhost/127.0.0.1:10889]' for 'GET' to 'http://localhost:10889/session/14f61660-7bcc-4279-b6a3-7163a94e0626/element/bd6010fc-c31b-4e04-a0df-5a01a5fff593/text'
15:50:25.494 [Forwarding getElementText on session 14f61660-7bcc-4279-b6a3-7163a94e0626 to remote] DEBUG o.a.netty.request.NettyRequestSender - Using open Channel [id: 0x7c68b8df, L:/127.0.0.1:64390 - R:localhost/127.0.0.1:10889] for GET '/session/14f61660-7bcc-4279-b6a3-7163a94e0626/element/bd6010fc-c31b-4e04-a0df-5a01a5fff593/text'
15:50:25.501 [AsyncHttpClient-3-1] DEBUG o.a.netty.handler.HttpHandler - 

Request DefaultFullHttpRequest(decodeResult: success, version: HTTP/1.1, content: EmptyByteBufBE)
GET /session/14f61660-7bcc-4279-b6a3-7163a94e0626/element/bd6010fc-c31b-4e04-a0df-5a01a5fff593/text HTTP/1.1
User-Agent: selenium/4.0.0-alpha-5 (java windows)
Cache-Control: no-cache
host: localhost:10889
accept: */*

Response DefaultHttpResponse(decodeResult: success, version: HTTP/1.1)
HTTP/1.1 200 OK
content-type: application/json; charset=utf-8
cache-control: no-cache
content-length: 57
date: Thu, 25 Jun 2020 12:50:25 GMT

15:50:25.501 [AsyncHttpClient-3-1] DEBUG o.a.netty.channel.ChannelManager - Adding key: http://localhost:10889 for channel [id: 0x7c68b8df, L:/127.0.0.1:64390 - R:localhost/127.0.0.1:10889]
15:50:25.501 [Forwarding findChildElement on session 14f61660-7bcc-4279-b6a3-7163a94e0626 to remote] DEBUG o.a.netty.request.NettyRequestSender - Using pooled Channel '[id: 0x7c68b8df, L:/127.0.0.1:64390 - R:localhost/127.0.0.1:10889]' for 'POST' to 'http://localhost:10889/session/14f61660-7bcc-4279-b6a3-7163a94e0626/element/93bc3f86-b42c-4b50-8d02-594db0b956a2/element'
15:50:25.501 [Forwarding findChildElement on session 14f61660-7bcc-4279-b6a3-7163a94e0626 to remote] DEBUG o.a.netty.request.NettyRequestSender - Using open Channel [id: 0x7c68b8df, L:/127.0.0.1:64390 - R:localhost/127.0.0.1:10889] for POST '/session/14f61660-7bcc-4279-b6a3-7163a94e0626/element/93bc3f86-b42c-4b50-8d02-594db0b956a2/element'
15:50:25.505 [AsyncHttpClient-3-1] DEBUG o.a.netty.handler.HttpHandler - 

Request DefaultHttpRequest(decodeResult: success, version: HTTP/1.1)
POST /session/14f61660-7bcc-4279-b6a3-7163a94e0626/element/93bc3f86-b42c-4b50-8d02-594db0b956a2/element HTTP/1.1
User-Agent: selenium/4.0.0-alpha-5 (java windows)
Content-Length: 97
Content-Type: application/json; charset=utf-8
host: localhost:10889
accept: */*

Response DefaultHttpResponse(decodeResult: success, version: HTTP/1.1)
HTTP/1.1 200 OK
content-type: application/json; charset=utf-8
cache-control: no-cache
content-length: 88
date: Thu, 25 Jun 2020 12:50:25 GMT

15:50:25.505 [AsyncHttpClient-3-1] DEBUG o.a.netty.channel.ChannelManager - Adding key: http://localhost:10889 for channel [id: 0x7c68b8df, L:/127.0.0.1:64390 - R:localhost/127.0.0.1:10889]
15:50:25.507 [Forwarding getElementAttribute on session 14f61660-7bcc-4279-b6a3-7163a94e0626 to remote] DEBUG o.a.netty.request.NettyRequestSender - Using pooled Channel '[id: 0x7c68b8df, L:/127.0.0.1:64390 - R:localhost/127.0.0.1:10889]' for 'POST' to 'http://localhost:10889/session/14f61660-7bcc-4279-b6a3-7163a94e0626/execute/sync'
15:50:25.507 [Forwarding getElementAttribute on session 14f61660-7bcc-4279-b6a3-7163a94e0626 to remote] DEBUG o.a.netty.request.NettyRequestSender - Using open Channel [id: 0x7c68b8df, L:/127.0.0.1:64390 - R:localhost/127.0.0.1:10889] for POST '/session/14f61660-7bcc-4279-b6a3-7163a94e0626/execute/sync'
15:50:25.521 [AsyncHttpClient-3-1] DEBUG o.a.netty.handler.HttpHandler - 

Request DefaultHttpRequest(decodeResult: success, version: HTTP/1.1)
POST /session/14f61660-7bcc-4279-b6a3-7163a94e0626/execute/sync HTTP/1.1
User-Agent: selenium/4.0.0-alpha-5 (java windows)
Content-Length: 39635
Content-Type: application/json; charset=utf-8
host: localhost:10889
accept: */*

Response DefaultHttpResponse(decodeResult: success, version: HTTP/1.1)
HTTP/1.1 200 OK
content-type: application/json; charset=utf-8
cache-control: no-cache
content-length: 15
date: Thu, 25 Jun 2020 12:50:25 GMT

15:50:25.521 [AsyncHttpClient-3-1] DEBUG o.a.netty.channel.ChannelManager - Adding key: http://localhost:10889 for channel [id: 0x7c68b8df, L:/127.0.0.1:64390 - R:localhost/127.0.0.1:10889]
15:50:25.521 [Forwarding findChildElement on session 14f61660-7bcc-4279-b6a3-7163a94e0626 to remote] DEBUG o.a.netty.request.NettyRequestSender - Using pooled Channel '[id: 0x7c68b8df, L:/127.0.0.1:64390 - R:localhost/127.0.0.1:10889]' for 'POST' to 'http://localhost:10889/session/14f61660-7bcc-4279-b6a3-7163a94e0626/element/57d7a4bc-3736-47b6-8f2e-02044587c137/element'
15:50:25.521 [Forwarding findChildElement on session 14f61660-7bcc-4279-b6a3-7163a94e0626 to remote] DEBUG o.a.netty.request.NettyRequestSender - Using open Channel [id: 0x7c68b8df, L:/127.0.0.1:64390 - R:localhost/127.0.0.1:10889] for POST '/session/14f61660-7bcc-4279-b6a3-7163a94e0626/element/57d7a4bc-3736-47b6-8f2e-02044587c137/element'
15:50:25.525 [AsyncHttpClient-3-1] DEBUG o.a.netty.handler.HttpHandler - 

Request DefaultHttpRequest(decodeResult: success, version: HTTP/1.1)
POST /session/14f61660-7bcc-4279-b6a3-7163a94e0626/element/57d7a4bc-3736-47b6-8f2e-02044587c137/element HTTP/1.1
User-Agent: selenium/4.0.0-alpha-5 (java windows)
Content-Length: 103
Content-Type: application/json; charset=utf-8
host: localhost:10889
accept: */*

Response DefaultHttpResponse(decodeResult: success, version: HTTP/1.1)
HTTP/1.1 200 OK
content-type: application/json; charset=utf-8
cache-control: no-cache
content-length: 88
date: Thu, 25 Jun 2020 12:50:25 GMT

15:50:25.525 [AsyncHttpClient-3-1] DEBUG o.a.netty.channel.ChannelManager - Adding key: http://localhost:10889 for channel [id: 0x7c68b8df, L:/127.0.0.1:64390 - R:localhost/127.0.0.1:10889]
15:50:25.525 [Forwarding getElementText on session 14f61660-7bcc-4279-b6a3-7163a94e0626 to remote] DEBUG o.a.netty.request.NettyRequestSender - Using pooled Channel '[id: 0x7c68b8df, L:/127.0.0.1:64390 - R:localhost/127.0.0.1:10889]' for 'GET' to 'http://localhost:10889/session/14f61660-7bcc-4279-b6a3-7163a94e0626/element/d74d2e9a-095c-4a24-b32a-2e9f8a540021/text'
15:50:25.525 [Forwarding getElementText on session 14f61660-7bcc-4279-b6a3-7163a94e0626 to remote] DEBUG o.a.netty.request.NettyRequestSender - Using open Channel [id: 0x7c68b8df, L:/127.0.0.1:64390 - R:localhost/127.0.0.1:10889] for GET '/session/14f61660-7bcc-4279-b6a3-7163a94e0626/element/d74d2e9a-095c-4a24-b32a-2e9f8a540021/text'
15:50:25.529 [AsyncHttpClient-3-1] DEBUG o.a.netty.handler.HttpHandler - 

Request DefaultFullHttpRequest(decodeResult: success, version: HTTP/1.1, content: EmptyByteBufBE)
GET /session/14f61660-7bcc-4279-b6a3-7163a94e0626/element/d74d2e9a-095c-4a24-b32a-2e9f8a540021/text HTTP/1.1
User-Agent: selenium/4.0.0-alpha-5 (java windows)
Cache-Control: no-cache
host: localhost:10889
accept: */*

Response DefaultHttpResponse(decodeResult: success, version: HTTP/1.1)
HTTP/1.1 200 OK
content-type: application/json; charset=utf-8
cache-control: no-cache
content-length: 18
date: Thu, 25 Jun 2020 12:50:25 GMT

15:50:25.529 [AsyncHttpClient-3-1] DEBUG o.a.netty.channel.ChannelManager - Adding key: http://localhost:10889 for channel [id: 0x7c68b8df, L:/127.0.0.1:64390 - R:localhost/127.0.0.1:10889]
15:50:25.530 [Forwarding findChildElement on session 14f61660-7bcc-4279-b6a3-7163a94e0626 to remote] DEBUG o.a.netty.request.NettyRequestSender - Using pooled Channel '[id: 0x7c68b8df, L:/127.0.0.1:64390 - R:localhost/127.0.0.1:10889]' for 'POST' to 'http://localhost:10889/session/14f61660-7bcc-4279-b6a3-7163a94e0626/element/57d7a4bc-3736-47b6-8f2e-02044587c137/element'
15:50:25.530 [Forwarding findChildElement on session 14f61660-7bcc-4279-b6a3-7163a94e0626 to remote] DEBUG o.a.netty.request.NettyRequestSender - Using open Channel [id: 0x7c68b8df, L:/127.0.0.1:64390 - R:localhost/127.0.0.1:10889] for POST '/session/14f61660-7bcc-4279-b6a3-7163a94e0626/element/57d7a4bc-3736-47b6-8f2e-02044587c137/element'
15:50:25.535 [AsyncHttpClient-3-1] DEBUG o.a.netty.handler.HttpHandler - 

Request DefaultHttpRequest(decodeResult: success, version: HTTP/1.1)
POST /session/14f61660-7bcc-4279-b6a3-7163a94e0626/element/57d7a4bc-3736-47b6-8f2e-02044587c137/element HTTP/1.1
User-Agent: selenium/4.0.0-alpha-5 (java windows)
Content-Length: 103
Content-Type: application/json; charset=utf-8
host: localhost:10889
accept: */*

Response DefaultHttpResponse(decodeResult: success, version: HTTP/1.1)
HTTP/1.1 200 OK
content-type: application/json; charset=utf-8
cache-control: no-cache
content-length: 88
date: Thu, 25 Jun 2020 12:50:25 GMT

15:50:25.535 [AsyncHttpClient-3-1] DEBUG o.a.netty.channel.ChannelManager - Adding key: http://localhost:10889 for channel [id: 0x7c68b8df, L:/127.0.0.1:64390 - R:localhost/127.0.0.1:10889]
15:50:25.535 [Forwarding getElementText on session 14f61660-7bcc-4279-b6a3-7163a94e0626 to remote] DEBUG o.a.netty.request.NettyRequestSender - Using pooled Channel '[id: 0x7c68b8df, L:/127.0.0.1:64390 - R:localhost/127.0.0.1:10889]' for 'GET' to 'http://localhost:10889/session/14f61660-7bcc-4279-b6a3-7163a94e0626/element/894a4a3d-20b2-4b52-9959-fc010f437c02/text'
15:50:25.535 [Forwarding getElementText on session 14f61660-7bcc-4279-b6a3-7163a94e0626 to remote] DEBUG o.a.netty.request.NettyRequestSender - Using open Channel [id: 0x7c68b8df, L:/127.0.0.1:64390 - R:localhost/127.0.0.1:10889] for GET '/session/14f61660-7bcc-4279-b6a3-7163a94e0626/element/894a4a3d-20b2-4b52-9959-fc010f437c02/text'
15:50:25.540 [AsyncHttpClient-3-1] DEBUG o.a.netty.handler.HttpHandler - 

Request DefaultFullHttpRequest(decodeResult: success, version: HTTP/1.1, content: EmptyByteBufBE)
GET /session/14f61660-7bcc-4279-b6a3-7163a94e0626/element/894a4a3d-20b2-4b52-9959-fc010f437c02/text HTTP/1.1
User-Agent: selenium/4.0.0-alpha-5 (java windows)
Cache-Control: no-cache
host: localhost:10889
accept: */*

Response DefaultHttpResponse(decodeResult: success, version: HTTP/1.1)
HTTP/1.1 200 OK
content-type: application/json; charset=utf-8
cache-control: no-cache
content-length: 22
date: Thu, 25 Jun 2020 12:50:25 GMT

15:50:25.540 [AsyncHttpClient-3-1] DEBUG o.a.netty.channel.ChannelManager - Adding key: http://localhost:10889 for channel [id: 0x7c68b8df, L:/127.0.0.1:64390 - R:localhost/127.0.0.1:10889]
15:50:25.540 [Forwarding findChildElement on session 14f61660-7bcc-4279-b6a3-7163a94e0626 to remote] DEBUG o.a.netty.request.NettyRequestSender - Using pooled Channel '[id: 0x7c68b8df, L:/127.0.0.1:64390 - R:localhost/127.0.0.1:10889]' for 'POST' to 'http://localhost:10889/session/14f61660-7bcc-4279-b6a3-7163a94e0626/element/57d7a4bc-3736-47b6-8f2e-02044587c137/element'
15:50:25.540 [Forwarding findChildElement on session 14f61660-7bcc-4279-b6a3-7163a94e0626 to remote] DEBUG o.a.netty.request.NettyRequestSender - Using open Channel [id: 0x7c68b8df, L:/127.0.0.1:64390 - R:localhost/127.0.0.1:10889] for POST '/session/14f61660-7bcc-4279-b6a3-7163a94e0626/element/57d7a4bc-3736-47b6-8f2e-02044587c137/element'
15:50:25.544 [AsyncHttpClient-3-1] DEBUG o.a.netty.handler.HttpHandler - 

Request DefaultHttpRequest(decodeResult: success, version: HTTP/1.1)
POST /session/14f61660-7bcc-4279-b6a3-7163a94e0626/element/57d7a4bc-3736-47b6-8f2e-02044587c137/element HTTP/1.1
User-Agent: selenium/4.0.0-alpha-5 (java windows)
Content-Length: 103
Content-Type: application/json; charset=utf-8
host: localhost:10889
accept: */*

Response DefaultHttpResponse(decodeResult: success, version: HTTP/1.1)
HTTP/1.1 200 OK
content-type: application/json; charset=utf-8
cache-control: no-cache
content-length: 88
date: Thu, 25 Jun 2020 12:50:25 GMT

15:50:25.544 [AsyncHttpClient-3-1] DEBUG o.a.netty.channel.ChannelManager - Adding key: http://localhost:10889 for channel [id: 0x7c68b8df, L:/127.0.0.1:64390 - R:localhost/127.0.0.1:10889]
15:50:25.544 [Forwarding getElementText on session 14f61660-7bcc-4279-b6a3-7163a94e0626 to remote] DEBUG o.a.netty.request.NettyRequestSender - Using pooled Channel '[id: 0x7c68b8df, L:/127.0.0.1:64390 - R:localhost/127.0.0.1:10889]' for 'GET' to 'http://localhost:10889/session/14f61660-7bcc-4279-b6a3-7163a94e0626/element/8cf32bc8-18d2-4872-ba44-742cc4fd2866/text'
15:50:25.544 [Forwarding getElementText on session 14f61660-7bcc-4279-b6a3-7163a94e0626 to remote] DEBUG o.a.netty.request.NettyRequestSender - Using open Channel [id: 0x7c68b8df, L:/127.0.0.1:64390 - R:localhost/127.0.0.1:10889] for GET '/session/14f61660-7bcc-4279-b6a3-7163a94e0626/element/8cf32bc8-18d2-4872-ba44-742cc4fd2866/text'
15:50:25.549 [AsyncHttpClient-3-1] DEBUG o.a.netty.handler.HttpHandler - 

Request DefaultFullHttpRequest(decodeResult: success, version: HTTP/1.1, content: EmptyByteBufBE)
GET /session/14f61660-7bcc-4279-b6a3-7163a94e0626/element/8cf32bc8-18d2-4872-ba44-742cc4fd2866/text HTTP/1.1
User-Agent: selenium/4.0.0-alpha-5 (java windows)
Cache-Control: no-cache
host: localhost:10889
accept: */*

Response DefaultHttpResponse(decodeResult: success, version: HTTP/1.1)
HTTP/1.1 200 OK
content-type: application/json; charset=utf-8
cache-control: no-cache
content-length: 21
date: Thu, 25 Jun 2020 12:50:25 GMT

15:50:25.549 [AsyncHttpClient-3-1] DEBUG o.a.netty.channel.ChannelManager - Adding key: http://localhost:10889 for channel [id: 0x7c68b8df, L:/127.0.0.1:64390 - R:localhost/127.0.0.1:10889]
15:50:25.550 [Forwarding findChildElement on session 14f61660-7bcc-4279-b6a3-7163a94e0626 to remote] DEBUG o.a.netty.request.NettyRequestSender - Using pooled Channel '[id: 0x7c68b8df, L:/127.0.0.1:64390 - R:localhost/127.0.0.1:10889]' for 'POST' to 'http://localhost:10889/session/14f61660-7bcc-4279-b6a3-7163a94e0626/element/57d7a4bc-3736-47b6-8f2e-02044587c137/element'
15:50:25.550 [Forwarding findChildElement on session 14f61660-7bcc-4279-b6a3-7163a94e0626 to remote] DEBUG o.a.netty.request.NettyRequestSender - Using open Channel [id: 0x7c68b8df, L:/127.0.0.1:64390 - R:localhost/127.0.0.1:10889] for POST '/session/14f61660-7bcc-4279-b6a3-7163a94e0626/element/57d7a4bc-3736-47b6-8f2e-02044587c137/element'
15:50:25.554 [AsyncHttpClient-3-1] DEBUG o.a.netty.handler.HttpHandler - 

Request DefaultHttpRequest(decodeResult: success, version: HTTP/1.1)
POST /session/14f61660-7bcc-4279-b6a3-7163a94e0626/element/57d7a4bc-3736-47b6-8f2e-02044587c137/element HTTP/1.1
User-Agent: selenium/4.0.0-alpha-5 (java windows)
Content-Length: 103
Content-Type: application/json; charset=utf-8
host: localhost:10889
accept: */*

Response DefaultHttpResponse(decodeResult: success, version: HTTP/1.1)
HTTP/1.1 200 OK
content-type: application/json; charset=utf-8
cache-control: no-cache
content-length: 88
date: Thu, 25 Jun 2020 12:50:25 GMT

15:50:25.554 [AsyncHttpClient-3-1] DEBUG o.a.netty.channel.ChannelManager - Adding key: http://localhost:10889 for channel [id: 0x7c68b8df, L:/127.0.0.1:64390 - R:localhost/127.0.0.1:10889]
15:50:25.554 [Forwarding getElementText on session 14f61660-7bcc-4279-b6a3-7163a94e0626 to remote] DEBUG o.a.netty.request.NettyRequestSender - Using pooled Channel '[id: 0x7c68b8df, L:/127.0.0.1:64390 - R:localhost/127.0.0.1:10889]' for 'GET' to 'http://localhost:10889/session/14f61660-7bcc-4279-b6a3-7163a94e0626/element/10f966c3-66b6-4f91-a4cc-894fe5c5fba3/text'
15:50:25.554 [Forwarding getElementText on session 14f61660-7bcc-4279-b6a3-7163a94e0626 to remote] DEBUG o.a.netty.request.NettyRequestSender - Using open Channel [id: 0x7c68b8df, L:/127.0.0.1:64390 - R:localhost/127.0.0.1:10889] for GET '/session/14f61660-7bcc-4279-b6a3-7163a94e0626/element/10f966c3-66b6-4f91-a4cc-894fe5c5fba3/text'
15:50:25.560 [AsyncHttpClient-3-1] DEBUG o.a.netty.handler.HttpHandler - 

Request DefaultFullHttpRequest(decodeResult: success, version: HTTP/1.1, content: EmptyByteBufBE)
GET /session/14f61660-7bcc-4279-b6a3-7163a94e0626/element/10f966c3-66b6-4f91-a4cc-894fe5c5fba3/text HTTP/1.1
User-Agent: selenium/4.0.0-alpha-5 (java windows)
Cache-Control: no-cache
host: localhost:10889
accept: */*

Response DefaultHttpResponse(decodeResult: success, version: HTTP/1.1)
HTTP/1.1 200 OK
content-type: application/json; charset=utf-8
cache-control: no-cache
content-length: 45
date: Thu, 25 Jun 2020 12:50:25 GMT

15:50:25.560 [AsyncHttpClient-3-1] DEBUG o.a.netty.channel.ChannelManager - Adding key: http://localhost:10889 for channel [id: 0x7c68b8df, L:/127.0.0.1:64390 - R:localhost/127.0.0.1:10889]
15:50:25.560 [Forwarding findChildElement on session 14f61660-7bcc-4279-b6a3-7163a94e0626 to remote] DEBUG o.a.netty.request.NettyRequestSender - Using pooled Channel '[id: 0x7c68b8df, L:/127.0.0.1:64390 - R:localhost/127.0.0.1:10889]' for 'POST' to 'http://localhost:10889/session/14f61660-7bcc-4279-b6a3-7163a94e0626/element/57d7a4bc-3736-47b6-8f2e-02044587c137/element'
15:50:25.560 [Forwarding findChildElement on session 14f61660-7bcc-4279-b6a3-7163a94e0626 to remote] DEBUG o.a.netty.request.NettyRequestSender - Using open Channel [id: 0x7c68b8df, L:/127.0.0.1:64390 - R:localhost/127.0.0.1:10889] for POST '/session/14f61660-7bcc-4279-b6a3-7163a94e0626/element/57d7a4bc-3736-47b6-8f2e-02044587c137/element'
15:50:25.565 [AsyncHttpClient-3-1] DEBUG o.a.netty.handler.HttpHandler - 

Request DefaultHttpRequest(decodeResult: success, version: HTTP/1.1)
POST /session/14f61660-7bcc-4279-b6a3-7163a94e0626/element/57d7a4bc-3736-47b6-8f2e-02044587c137/element HTTP/1.1
User-Agent: selenium/4.0.0-alpha-5 (java windows)
Content-Length: 103
Content-Type: application/json; charset=utf-8
host: localhost:10889
accept: */*

Response DefaultHttpResponse(decodeResult: success, version: HTTP/1.1)
HTTP/1.1 200 OK
content-type: application/json; charset=utf-8
cache-control: no-cache
content-length: 88
date: Thu, 25 Jun 2020 12:50:25 GMT

15:50:25.565 [AsyncHttpClient-3-1] DEBUG o.a.netty.channel.ChannelManager - Adding key: http://localhost:10889 for channel [id: 0x7c68b8df, L:/127.0.0.1:64390 - R:localhost/127.0.0.1:10889]
15:50:25.565 [Forwarding getElementText on session 14f61660-7bcc-4279-b6a3-7163a94e0626 to remote] DEBUG o.a.netty.request.NettyRequestSender - Using pooled Channel '[id: 0x7c68b8df, L:/127.0.0.1:64390 - R:localhost/127.0.0.1:10889]' for 'GET' to 'http://localhost:10889/session/14f61660-7bcc-4279-b6a3-7163a94e0626/element/62b2f496-2a01-4ec7-ac60-fa2ed59b7c0d/text'
15:50:25.565 [Forwarding getElementText on session 14f61660-7bcc-4279-b6a3-7163a94e0626 to remote] DEBUG o.a.netty.request.NettyRequestSender - Using open Channel [id: 0x7c68b8df, L:/127.0.0.1:64390 - R:localhost/127.0.0.1:10889] for GET '/session/14f61660-7bcc-4279-b6a3-7163a94e0626/element/62b2f496-2a01-4ec7-ac60-fa2ed59b7c0d/text'
15:50:25.572 [AsyncHttpClient-3-1] DEBUG o.a.netty.handler.HttpHandler - 

Request DefaultFullHttpRequest(decodeResult: success, version: HTTP/1.1, content: EmptyByteBufBE)
GET /session/14f61660-7bcc-4279-b6a3-7163a94e0626/element/62b2f496-2a01-4ec7-ac60-fa2ed59b7c0d/text HTTP/1.1
User-Agent: selenium/4.0.0-alpha-5 (java windows)
Cache-Control: no-cache
host: localhost:10889
accept: */*

Response DefaultHttpResponse(decodeResult: success, version: HTTP/1.1)
HTTP/1.1 200 OK
content-type: application/json; charset=utf-8
cache-control: no-cache
content-length: 57
date: Thu, 25 Jun 2020 12:50:25 GMT

15:50:25.572 [AsyncHttpClient-3-1] DEBUG o.a.netty.channel.ChannelManager - Adding key: http://localhost:10889 for channel [id: 0x7c68b8df, L:/127.0.0.1:64390 - R:localhost/127.0.0.1:10889]
15:50:25.572 [Forwarding findChildElement on session 14f61660-7bcc-4279-b6a3-7163a94e0626 to remote] DEBUG o.a.netty.request.NettyRequestSender - Using pooled Channel '[id: 0x7c68b8df, L:/127.0.0.1:64390 - R:localhost/127.0.0.1:10889]' for 'POST' to 'http://localhost:10889/session/14f61660-7bcc-4279-b6a3-7163a94e0626/element/57d7a4bc-3736-47b6-8f2e-02044587c137/element'
15:50:25.572 [Forwarding findChildElement on session 14f61660-7bcc-4279-b6a3-7163a94e0626 to remote] DEBUG o.a.netty.request.NettyRequestSender - Using open Channel [id: 0x7c68b8df, L:/127.0.0.1:64390 - R:localhost/127.0.0.1:10889] for POST '/session/14f61660-7bcc-4279-b6a3-7163a94e0626/element/57d7a4bc-3736-47b6-8f2e-02044587c137/element'
15:50:25.576 [AsyncHttpClient-3-1] DEBUG o.a.netty.handler.HttpHandler - 

Request DefaultHttpRequest(decodeResult: success, version: HTTP/1.1)
POST /session/14f61660-7bcc-4279-b6a3-7163a94e0626/element/57d7a4bc-3736-47b6-8f2e-02044587c137/element HTTP/1.1
User-Agent: selenium/4.0.0-alpha-5 (java windows)
Content-Length: 97
Content-Type: application/json; charset=utf-8
host: localhost:10889
accept: */*

Response DefaultHttpResponse(decodeResult: success, version: HTTP/1.1)
HTTP/1.1 200 OK
content-type: application/json; charset=utf-8
cache-control: no-cache
content-length: 88
date: Thu, 25 Jun 2020 12:50:25 GMT

15:50:25.576 [AsyncHttpClient-3-1] DEBUG o.a.netty.channel.ChannelManager - Adding key: http://localhost:10889 for channel [id: 0x7c68b8df, L:/127.0.0.1:64390 - R:localhost/127.0.0.1:10889]
15:50:25.579 [Forwarding getElementAttribute on session 14f61660-7bcc-4279-b6a3-7163a94e0626 to remote] DEBUG o.a.netty.request.NettyRequestSender - Using pooled Channel '[id: 0x7c68b8df, L:/127.0.0.1:64390 - R:localhost/127.0.0.1:10889]' for 'POST' to 'http://localhost:10889/session/14f61660-7bcc-4279-b6a3-7163a94e0626/execute/sync'
15:50:25.579 [Forwarding getElementAttribute on session 14f61660-7bcc-4279-b6a3-7163a94e0626 to remote] DEBUG o.a.netty.request.NettyRequestSender - Using open Channel [id: 0x7c68b8df, L:/127.0.0.1:64390 - R:localhost/127.0.0.1:10889] for POST '/session/14f61660-7bcc-4279-b6a3-7163a94e0626/execute/sync'
15:50:25.593 [AsyncHttpClient-3-1] DEBUG o.a.netty.handler.HttpHandler - 

Request DefaultHttpRequest(decodeResult: success, version: HTTP/1.1)
POST /session/14f61660-7bcc-4279-b6a3-7163a94e0626/execute/sync HTTP/1.1
User-Agent: selenium/4.0.0-alpha-5 (java windows)
Content-Length: 39635
Content-Type: application/json; charset=utf-8
host: localhost:10889
accept: */*

Response DefaultHttpResponse(decodeResult: success, version: HTTP/1.1)
HTTP/1.1 200 OK
content-type: application/json; charset=utf-8
cache-control: no-cache
content-length: 15
date: Thu, 25 Jun 2020 12:50:25 GMT

15:50:25.593 [AsyncHttpClient-3-1] DEBUG o.a.netty.channel.ChannelManager - Adding key: http://localhost:10889 for channel [id: 0x7c68b8df, L:/127.0.0.1:64390 - R:localhost/127.0.0.1:10889]
15:50:25.594 [Forwarding findChildElement on session 14f61660-7bcc-4279-b6a3-7163a94e0626 to remote] DEBUG o.a.netty.request.NettyRequestSender - Using pooled Channel '[id: 0x7c68b8df, L:/127.0.0.1:64390 - R:localhost/127.0.0.1:10889]' for 'POST' to 'http://localhost:10889/session/14f61660-7bcc-4279-b6a3-7163a94e0626/element/d00f346a-2ef0-4455-9be2-c70d61a3d466/element'
15:50:25.594 [Forwarding findChildElement on session 14f61660-7bcc-4279-b6a3-7163a94e0626 to remote] DEBUG o.a.netty.request.NettyRequestSender - Using open Channel [id: 0x7c68b8df, L:/127.0.0.1:64390 - R:localhost/127.0.0.1:10889] for POST '/session/14f61660-7bcc-4279-b6a3-7163a94e0626/element/d00f346a-2ef0-4455-9be2-c70d61a3d466/element'
15:50:25.598 [AsyncHttpClient-3-1] DEBUG o.a.netty.handler.HttpHandler - 

Request DefaultHttpRequest(decodeResult: success, version: HTTP/1.1)
POST /session/14f61660-7bcc-4279-b6a3-7163a94e0626/element/d00f346a-2ef0-4455-9be2-c70d61a3d466/element HTTP/1.1
User-Agent: selenium/4.0.0-alpha-5 (java windows)
Content-Length: 103
Content-Type: application/json; charset=utf-8
host: localhost:10889
accept: */*

Response DefaultHttpResponse(decodeResult: success, version: HTTP/1.1)
HTTP/1.1 200 OK
content-type: application/json; charset=utf-8
cache-control: no-cache
content-length: 88
date: Thu, 25 Jun 2020 12:50:25 GMT

15:50:25.598 [AsyncHttpClient-3-1] DEBUG o.a.netty.channel.ChannelManager - Adding key: http://localhost:10889 for channel [id: 0x7c68b8df, L:/127.0.0.1:64390 - R:localhost/127.0.0.1:10889]
15:50:25.598 [Forwarding getElementText on session 14f61660-7bcc-4279-b6a3-7163a94e0626 to remote] DEBUG o.a.netty.request.NettyRequestSender - Using pooled Channel '[id: 0x7c68b8df, L:/127.0.0.1:64390 - R:localhost/127.0.0.1:10889]' for 'GET' to 'http://localhost:10889/session/14f61660-7bcc-4279-b6a3-7163a94e0626/element/d4d140a6-fdc4-489d-99bb-3bc5225fd6b1/text'
15:50:25.598 [Forwarding getElementText on session 14f61660-7bcc-4279-b6a3-7163a94e0626 to remote] DEBUG o.a.netty.request.NettyRequestSender - Using open Channel [id: 0x7c68b8df, L:/127.0.0.1:64390 - R:localhost/127.0.0.1:10889] for GET '/session/14f61660-7bcc-4279-b6a3-7163a94e0626/element/d4d140a6-fdc4-489d-99bb-3bc5225fd6b1/text'
15:50:25.602 [AsyncHttpClient-3-1] DEBUG o.a.netty.handler.HttpHandler - 

Request DefaultFullHttpRequest(decodeResult: success, version: HTTP/1.1, content: EmptyByteBufBE)
GET /session/14f61660-7bcc-4279-b6a3-7163a94e0626/element/d4d140a6-fdc4-489d-99bb-3bc5225fd6b1/text HTTP/1.1
User-Agent: selenium/4.0.0-alpha-5 (java windows)
Cache-Control: no-cache
host: localhost:10889
accept: */*

Response DefaultHttpResponse(decodeResult: success, version: HTTP/1.1)
HTTP/1.1 200 OK
content-type: application/json; charset=utf-8
cache-control: no-cache
content-length: 18
date: Thu, 25 Jun 2020 12:50:25 GMT

15:50:25.602 [AsyncHttpClient-3-1] DEBUG o.a.netty.channel.ChannelManager - Adding key: http://localhost:10889 for channel [id: 0x7c68b8df, L:/127.0.0.1:64390 - R:localhost/127.0.0.1:10889]
15:50:25.603 [Forwarding findChildElement on session 14f61660-7bcc-4279-b6a3-7163a94e0626 to remote] DEBUG o.a.netty.request.NettyRequestSender - Using pooled Channel '[id: 0x7c68b8df, L:/127.0.0.1:64390 - R:localhost/127.0.0.1:10889]' for 'POST' to 'http://localhost:10889/session/14f61660-7bcc-4279-b6a3-7163a94e0626/element/d00f346a-2ef0-4455-9be2-c70d61a3d466/element'
15:50:25.603 [Forwarding findChildElement on session 14f61660-7bcc-4279-b6a3-7163a94e0626 to remote] DEBUG o.a.netty.request.NettyRequestSender - Using open Channel [id: 0x7c68b8df, L:/127.0.0.1:64390 - R:localhost/127.0.0.1:10889] for POST '/session/14f61660-7bcc-4279-b6a3-7163a94e0626/element/d00f346a-2ef0-4455-9be2-c70d61a3d466/element'
15:50:25.606 [AsyncHttpClient-3-1] DEBUG o.a.netty.handler.HttpHandler - 

Request DefaultHttpRequest(decodeResult: success, version: HTTP/1.1)
POST /session/14f61660-7bcc-4279-b6a3-7163a94e0626/element/d00f346a-2ef0-4455-9be2-c70d61a3d466/element HTTP/1.1
User-Agent: selenium/4.0.0-alpha-5 (java windows)
Content-Length: 103
Content-Type: application/json; charset=utf-8
host: localhost:10889
accept: */*

Response DefaultHttpResponse(decodeResult: success, version: HTTP/1.1)
HTTP/1.1 200 OK
content-type: application/json; charset=utf-8
cache-control: no-cache
content-length: 88
date: Thu, 25 Jun 2020 12:50:25 GMT

15:50:25.606 [AsyncHttpClient-3-1] DEBUG o.a.netty.channel.ChannelManager - Adding key: http://localhost:10889 for channel [id: 0x7c68b8df, L:/127.0.0.1:64390 - R:localhost/127.0.0.1:10889]
15:50:25.607 [Forwarding getElementText on session 14f61660-7bcc-4279-b6a3-7163a94e0626 to remote] DEBUG o.a.netty.request.NettyRequestSender - Using pooled Channel '[id: 0x7c68b8df, L:/127.0.0.1:64390 - R:localhost/127.0.0.1:10889]' for 'GET' to 'http://localhost:10889/session/14f61660-7bcc-4279-b6a3-7163a94e0626/element/af60ee71-200a-4829-90ab-d3580574adf1/text'
15:50:25.607 [Forwarding getElementText on session 14f61660-7bcc-4279-b6a3-7163a94e0626 to remote] DEBUG o.a.netty.request.NettyRequestSender - Using open Channel [id: 0x7c68b8df, L:/127.0.0.1:64390 - R:localhost/127.0.0.1:10889] for GET '/session/14f61660-7bcc-4279-b6a3-7163a94e0626/element/af60ee71-200a-4829-90ab-d3580574adf1/text'
15:50:25.611 [AsyncHttpClient-3-1] DEBUG o.a.netty.handler.HttpHandler - 

Request DefaultFullHttpRequest(decodeResult: success, version: HTTP/1.1, content: EmptyByteBufBE)
GET /session/14f61660-7bcc-4279-b6a3-7163a94e0626/element/af60ee71-200a-4829-90ab-d3580574adf1/text HTTP/1.1
User-Agent: selenium/4.0.0-alpha-5 (java windows)
Cache-Control: no-cache
host: localhost:10889
accept: */*

Response DefaultHttpResponse(decodeResult: success, version: HTTP/1.1)
HTTP/1.1 200 OK
content-type: application/json; charset=utf-8
cache-control: no-cache
content-length: 22
date: Thu, 25 Jun 2020 12:50:25 GMT

15:50:25.611 [AsyncHttpClient-3-1] DEBUG o.a.netty.channel.ChannelManager - Adding key: http://localhost:10889 for channel [id: 0x7c68b8df, L:/127.0.0.1:64390 - R:localhost/127.0.0.1:10889]
15:50:25.612 [Forwarding findChildElement on session 14f61660-7bcc-4279-b6a3-7163a94e0626 to remote] DEBUG o.a.netty.request.NettyRequestSender - Using pooled Channel '[id: 0x7c68b8df, L:/127.0.0.1:64390 - R:localhost/127.0.0.1:10889]' for 'POST' to 'http://localhost:10889/session/14f61660-7bcc-4279-b6a3-7163a94e0626/element/d00f346a-2ef0-4455-9be2-c70d61a3d466/element'
15:50:25.612 [Forwarding findChildElement on session 14f61660-7bcc-4279-b6a3-7163a94e0626 to remote] DEBUG o.a.netty.request.NettyRequestSender - Using open Channel [id: 0x7c68b8df, L:/127.0.0.1:64390 - R:localhost/127.0.0.1:10889] for POST '/session/14f61660-7bcc-4279-b6a3-7163a94e0626/element/d00f346a-2ef0-4455-9be2-c70d61a3d466/element'
15:50:25.616 [AsyncHttpClient-3-1] DEBUG o.a.netty.handler.HttpHandler - 

Request DefaultHttpRequest(decodeResult: success, version: HTTP/1.1)
POST /session/14f61660-7bcc-4279-b6a3-7163a94e0626/element/d00f346a-2ef0-4455-9be2-c70d61a3d466/element HTTP/1.1
User-Agent: selenium/4.0.0-alpha-5 (java windows)
Content-Length: 103
Content-Type: application/json; charset=utf-8
host: localhost:10889
accept: */*

Response DefaultHttpResponse(decodeResult: success, version: HTTP/1.1)
HTTP/1.1 200 OK
content-type: application/json; charset=utf-8
cache-control: no-cache
content-length: 88
date: Thu, 25 Jun 2020 12:50:25 GMT

15:50:25.616 [AsyncHttpClient-3-1] DEBUG o.a.netty.channel.ChannelManager - Adding key: http://localhost:10889 for channel [id: 0x7c68b8df, L:/127.0.0.1:64390 - R:localhost/127.0.0.1:10889]
15:50:25.616 [Forwarding getElementText on session 14f61660-7bcc-4279-b6a3-7163a94e0626 to remote] DEBUG o.a.netty.request.NettyRequestSender - Using pooled Channel '[id: 0x7c68b8df, L:/127.0.0.1:64390 - R:localhost/127.0.0.1:10889]' for 'GET' to 'http://localhost:10889/session/14f61660-7bcc-4279-b6a3-7163a94e0626/element/74c56b06-9c8f-4d65-96e8-7d5cdab319e4/text'
15:50:25.616 [Forwarding getElementText on session 14f61660-7bcc-4279-b6a3-7163a94e0626 to remote] DEBUG o.a.netty.request.NettyRequestSender - Using open Channel [id: 0x7c68b8df, L:/127.0.0.1:64390 - R:localhost/127.0.0.1:10889] for GET '/session/14f61660-7bcc-4279-b6a3-7163a94e0626/element/74c56b06-9c8f-4d65-96e8-7d5cdab319e4/text'
15:50:25.621 [AsyncHttpClient-3-1] DEBUG o.a.netty.handler.HttpHandler - 

Request DefaultFullHttpRequest(decodeResult: success, version: HTTP/1.1, content: EmptyByteBufBE)
GET /session/14f61660-7bcc-4279-b6a3-7163a94e0626/element/74c56b06-9c8f-4d65-96e8-7d5cdab319e4/text HTTP/1.1
User-Agent: selenium/4.0.0-alpha-5 (java windows)
Cache-Control: no-cache
host: localhost:10889
accept: */*

Response DefaultHttpResponse(decodeResult: success, version: HTTP/1.1)
HTTP/1.1 200 OK
content-type: application/json; charset=utf-8
cache-control: no-cache
content-length: 21
date: Thu, 25 Jun 2020 12:50:25 GMT

15:50:25.621 [AsyncHttpClient-3-1] DEBUG o.a.netty.channel.ChannelManager - Adding key: http://localhost:10889 for channel [id: 0x7c68b8df, L:/127.0.0.1:64390 - R:localhost/127.0.0.1:10889]
15:50:25.621 [Forwarding findChildElement on session 14f61660-7bcc-4279-b6a3-7163a94e0626 to remote] DEBUG o.a.netty.request.NettyRequestSender - Using pooled Channel '[id: 0x7c68b8df, L:/127.0.0.1:64390 - R:localhost/127.0.0.1:10889]' for 'POST' to 'http://localhost:10889/session/14f61660-7bcc-4279-b6a3-7163a94e0626/element/d00f346a-2ef0-4455-9be2-c70d61a3d466/element'
15:50:25.621 [Forwarding findChildElement on session 14f61660-7bcc-4279-b6a3-7163a94e0626 to remote] DEBUG o.a.netty.request.NettyRequestSender - Using open Channel [id: 0x7c68b8df, L:/127.0.0.1:64390 - R:localhost/127.0.0.1:10889] for POST '/session/14f61660-7bcc-4279-b6a3-7163a94e0626/element/d00f346a-2ef0-4455-9be2-c70d61a3d466/element'
15:50:25.625 [AsyncHttpClient-3-1] DEBUG o.a.netty.handler.HttpHandler - 

Request DefaultHttpRequest(decodeResult: success, version: HTTP/1.1)
POST /session/14f61660-7bcc-4279-b6a3-7163a94e0626/element/d00f346a-2ef0-4455-9be2-c70d61a3d466/element HTTP/1.1
User-Agent: selenium/4.0.0-alpha-5 (java windows)
Content-Length: 103
Content-Type: application/json; charset=utf-8
host: localhost:10889
accept: */*

Response DefaultHttpResponse(decodeResult: success, version: HTTP/1.1)
HTTP/1.1 200 OK
content-type: application/json; charset=utf-8
cache-control: no-cache
content-length: 88
date: Thu, 25 Jun 2020 12:50:25 GMT

15:50:25.625 [AsyncHttpClient-3-1] DEBUG o.a.netty.channel.ChannelManager - Adding key: http://localhost:10889 for channel [id: 0x7c68b8df, L:/127.0.0.1:64390 - R:localhost/127.0.0.1:10889]
15:50:25.625 [Forwarding getElementText on session 14f61660-7bcc-4279-b6a3-7163a94e0626 to remote] DEBUG o.a.netty.request.NettyRequestSender - Using pooled Channel '[id: 0x7c68b8df, L:/127.0.0.1:64390 - R:localhost/127.0.0.1:10889]' for 'GET' to 'http://localhost:10889/session/14f61660-7bcc-4279-b6a3-7163a94e0626/element/575c5fd1-c9af-4b5a-ab90-de660b735051/text'
15:50:25.625 [Forwarding getElementText on session 14f61660-7bcc-4279-b6a3-7163a94e0626 to remote] DEBUG o.a.netty.request.NettyRequestSender - Using open Channel [id: 0x7c68b8df, L:/127.0.0.1:64390 - R:localhost/127.0.0.1:10889] for GET '/session/14f61660-7bcc-4279-b6a3-7163a94e0626/element/575c5fd1-c9af-4b5a-ab90-de660b735051/text'
15:50:25.630 [AsyncHttpClient-3-1] DEBUG o.a.netty.handler.HttpHandler - 

Request DefaultFullHttpRequest(decodeResult: success, version: HTTP/1.1, content: EmptyByteBufBE)
GET /session/14f61660-7bcc-4279-b6a3-7163a94e0626/element/575c5fd1-c9af-4b5a-ab90-de660b735051/text HTTP/1.1
User-Agent: selenium/4.0.0-alpha-5 (java windows)
Cache-Control: no-cache
host: localhost:10889
accept: */*

Response DefaultHttpResponse(decodeResult: success, version: HTTP/1.1)
HTTP/1.1 200 OK
content-type: application/json; charset=utf-8
cache-control: no-cache
content-length: 45
date: Thu, 25 Jun 2020 12:50:25 GMT

15:50:25.630 [AsyncHttpClient-3-1] DEBUG o.a.netty.channel.ChannelManager - Adding key: http://localhost:10889 for channel [id: 0x7c68b8df, L:/127.0.0.1:64390 - R:localhost/127.0.0.1:10889]
15:50:25.630 [Forwarding findChildElement on session 14f61660-7bcc-4279-b6a3-7163a94e0626 to remote] DEBUG o.a.netty.request.NettyRequestSender - Using pooled Channel '[id: 0x7c68b8df, L:/127.0.0.1:64390 - R:localhost/127.0.0.1:10889]' for 'POST' to 'http://localhost:10889/session/14f61660-7bcc-4279-b6a3-7163a94e0626/element/d00f346a-2ef0-4455-9be2-c70d61a3d466/element'
15:50:25.631 [Forwarding findChildElement on session 14f61660-7bcc-4279-b6a3-7163a94e0626 to remote] DEBUG o.a.netty.request.NettyRequestSender - Using open Channel [id: 0x7c68b8df, L:/127.0.0.1:64390 - R:localhost/127.0.0.1:10889] for POST '/session/14f61660-7bcc-4279-b6a3-7163a94e0626/element/d00f346a-2ef0-4455-9be2-c70d61a3d466/element'
15:50:25.634 [AsyncHttpClient-3-1] DEBUG o.a.netty.handler.HttpHandler - 

Request DefaultHttpRequest(decodeResult: success, version: HTTP/1.1)
POST /session/14f61660-7bcc-4279-b6a3-7163a94e0626/element/d00f346a-2ef0-4455-9be2-c70d61a3d466/element HTTP/1.1
User-Agent: selenium/4.0.0-alpha-5 (java windows)
Content-Length: 103
Content-Type: application/json; charset=utf-8
host: localhost:10889
accept: */*

Response DefaultHttpResponse(decodeResult: success, version: HTTP/1.1)
HTTP/1.1 200 OK
content-type: application/json; charset=utf-8
cache-control: no-cache
content-length: 88
date: Thu, 25 Jun 2020 12:50:25 GMT

15:50:25.634 [AsyncHttpClient-3-1] DEBUG o.a.netty.channel.ChannelManager - Adding key: http://localhost:10889 for channel [id: 0x7c68b8df, L:/127.0.0.1:64390 - R:localhost/127.0.0.1:10889]
15:50:25.635 [Forwarding getElementText on session 14f61660-7bcc-4279-b6a3-7163a94e0626 to remote] DEBUG o.a.netty.request.NettyRequestSender - Using pooled Channel '[id: 0x7c68b8df, L:/127.0.0.1:64390 - R:localhost/127.0.0.1:10889]' for 'GET' to 'http://localhost:10889/session/14f61660-7bcc-4279-b6a3-7163a94e0626/element/509dc689-01ac-4ddd-87ae-f15c7a75970b/text'
15:50:25.635 [Forwarding getElementText on session 14f61660-7bcc-4279-b6a3-7163a94e0626 to remote] DEBUG o.a.netty.request.NettyRequestSender - Using open Channel [id: 0x7c68b8df, L:/127.0.0.1:64390 - R:localhost/127.0.0.1:10889] for GET '/session/14f61660-7bcc-4279-b6a3-7163a94e0626/element/509dc689-01ac-4ddd-87ae-f15c7a75970b/text'
15:50:25.642 [AsyncHttpClient-3-1] DEBUG o.a.netty.handler.HttpHandler - 

Request DefaultFullHttpRequest(decodeResult: success, version: HTTP/1.1, content: EmptyByteBufBE)
GET /session/14f61660-7bcc-4279-b6a3-7163a94e0626/element/509dc689-01ac-4ddd-87ae-f15c7a75970b/text HTTP/1.1
User-Agent: selenium/4.0.0-alpha-5 (java windows)
Cache-Control: no-cache
host: localhost:10889
accept: */*

Response DefaultHttpResponse(decodeResult: success, version: HTTP/1.1)
HTTP/1.1 200 OK
content-type: application/json; charset=utf-8
cache-control: no-cache
content-length: 57
date: Thu, 25 Jun 2020 12:50:25 GMT

15:50:25.642 [AsyncHttpClient-3-1] DEBUG o.a.netty.channel.ChannelManager - Adding key: http://localhost:10889 for channel [id: 0x7c68b8df, L:/127.0.0.1:64390 - R:localhost/127.0.0.1:10889]
15:50:25.643 [Forwarding findChildElement on session 14f61660-7bcc-4279-b6a3-7163a94e0626 to remote] DEBUG o.a.netty.request.NettyRequestSender - Using pooled Channel '[id: 0x7c68b8df, L:/127.0.0.1:64390 - R:localhost/127.0.0.1:10889]' for 'POST' to 'http://localhost:10889/session/14f61660-7bcc-4279-b6a3-7163a94e0626/element/d00f346a-2ef0-4455-9be2-c70d61a3d466/element'
15:50:25.643 [Forwarding findChildElement on session 14f61660-7bcc-4279-b6a3-7163a94e0626 to remote] DEBUG o.a.netty.request.NettyRequestSender - Using open Channel [id: 0x7c68b8df, L:/127.0.0.1:64390 - R:localhost/127.0.0.1:10889] for POST '/session/14f61660-7bcc-4279-b6a3-7163a94e0626/element/d00f346a-2ef0-4455-9be2-c70d61a3d466/element'
15:50:25.648 [AsyncHttpClient-3-1] DEBUG o.a.netty.handler.HttpHandler - 

Request DefaultHttpRequest(decodeResult: success, version: HTTP/1.1)
POST /session/14f61660-7bcc-4279-b6a3-7163a94e0626/element/d00f346a-2ef0-4455-9be2-c70d61a3d466/element HTTP/1.1
User-Agent: selenium/4.0.0-alpha-5 (java windows)
Content-Length: 97
Content-Type: application/json; charset=utf-8
host: localhost:10889
accept: */*

Response DefaultHttpResponse(decodeResult: success, version: HTTP/1.1)
HTTP/1.1 200 OK
content-type: application/json; charset=utf-8
cache-control: no-cache
content-length: 88
date: Thu, 25 Jun 2020 12:50:25 GMT

15:50:25.648 [AsyncHttpClient-3-1] DEBUG o.a.netty.channel.ChannelManager - Adding key: http://localhost:10889 for channel [id: 0x7c68b8df, L:/127.0.0.1:64390 - R:localhost/127.0.0.1:10889]
15:50:25.652 [Forwarding getElementAttribute on session 14f61660-7bcc-4279-b6a3-7163a94e0626 to remote] DEBUG o.a.netty.request.NettyRequestSender - Using pooled Channel '[id: 0x7c68b8df, L:/127.0.0.1:64390 - R:localhost/127.0.0.1:10889]' for 'POST' to 'http://localhost:10889/session/14f61660-7bcc-4279-b6a3-7163a94e0626/execute/sync'
15:50:25.652 [Forwarding getElementAttribute on session 14f61660-7bcc-4279-b6a3-7163a94e0626 to remote] DEBUG o.a.netty.request.NettyRequestSender - Using open Channel [id: 0x7c68b8df, L:/127.0.0.1:64390 - R:localhost/127.0.0.1:10889] for POST '/session/14f61660-7bcc-4279-b6a3-7163a94e0626/execute/sync'
15:50:25.664 [AsyncHttpClient-3-1] DEBUG o.a.netty.handler.HttpHandler - 

Request DefaultHttpRequest(decodeResult: success, version: HTTP/1.1)
POST /session/14f61660-7bcc-4279-b6a3-7163a94e0626/execute/sync HTTP/1.1
User-Agent: selenium/4.0.0-alpha-5 (java windows)
Content-Length: 39635
Content-Type: application/json; charset=utf-8
host: localhost:10889
accept: */*

Response DefaultHttpResponse(decodeResult: success, version: HTTP/1.1)
HTTP/1.1 200 OK
content-type: application/json; charset=utf-8
cache-control: no-cache
content-length: 15
date: Thu, 25 Jun 2020 12:50:25 GMT

15:50:25.664 [AsyncHttpClient-3-1] DEBUG o.a.netty.channel.ChannelManager - Adding key: http://localhost:10889 for channel [id: 0x7c68b8df, L:/127.0.0.1:64390 - R:localhost/127.0.0.1:10889]
15:50:25.665 [Forwarding findChildElement on session 14f61660-7bcc-4279-b6a3-7163a94e0626 to remote] DEBUG o.a.netty.request.NettyRequestSender - Using pooled Channel '[id: 0x7c68b8df, L:/127.0.0.1:64390 - R:localhost/127.0.0.1:10889]' for 'POST' to 'http://localhost:10889/session/14f61660-7bcc-4279-b6a3-7163a94e0626/element/29855c55-96e9-4312-bbd1-5debe9feafe6/element'
15:50:25.665 [Forwarding findChildElement on session 14f61660-7bcc-4279-b6a3-7163a94e0626 to remote] DEBUG o.a.netty.request.NettyRequestSender - Using open Channel [id: 0x7c68b8df, L:/127.0.0.1:64390 - R:localhost/127.0.0.1:10889] for POST '/session/14f61660-7bcc-4279-b6a3-7163a94e0626/element/29855c55-96e9-4312-bbd1-5debe9feafe6/element'
15:50:25.669 [AsyncHttpClient-3-1] DEBUG o.a.netty.handler.HttpHandler - 

Request DefaultHttpRequest(decodeResult: success, version: HTTP/1.1)
POST /session/14f61660-7bcc-4279-b6a3-7163a94e0626/element/29855c55-96e9-4312-bbd1-5debe9feafe6/element HTTP/1.1
User-Agent: selenium/4.0.0-alpha-5 (java windows)
Content-Length: 103
Content-Type: application/json; charset=utf-8
host: localhost:10889
accept: */*

Response DefaultHttpResponse(decodeResult: success, version: HTTP/1.1)
HTTP/1.1 200 OK
content-type: application/json; charset=utf-8
cache-control: no-cache
content-length: 88
date: Thu, 25 Jun 2020 12:50:25 GMT

15:50:25.669 [AsyncHttpClient-3-1] DEBUG o.a.netty.channel.ChannelManager - Adding key: http://localhost:10889 for channel [id: 0x7c68b8df, L:/127.0.0.1:64390 - R:localhost/127.0.0.1:10889]
15:50:25.669 [Forwarding getElementText on session 14f61660-7bcc-4279-b6a3-7163a94e0626 to remote] DEBUG o.a.netty.request.NettyRequestSender - Using pooled Channel '[id: 0x7c68b8df, L:/127.0.0.1:64390 - R:localhost/127.0.0.1:10889]' for 'GET' to 'http://localhost:10889/session/14f61660-7bcc-4279-b6a3-7163a94e0626/element/e101ccac-e73c-40a1-ac7d-8014e22c36dc/text'
15:50:25.669 [Forwarding getElementText on session 14f61660-7bcc-4279-b6a3-7163a94e0626 to remote] DEBUG o.a.netty.request.NettyRequestSender - Using open Channel [id: 0x7c68b8df, L:/127.0.0.1:64390 - R:localhost/127.0.0.1:10889] for GET '/session/14f61660-7bcc-4279-b6a3-7163a94e0626/element/e101ccac-e73c-40a1-ac7d-8014e22c36dc/text'
15:50:25.674 [AsyncHttpClient-3-1] DEBUG o.a.netty.handler.HttpHandler - 

Request DefaultFullHttpRequest(decodeResult: success, version: HTTP/1.1, content: EmptyByteBufBE)
GET /session/14f61660-7bcc-4279-b6a3-7163a94e0626/element/e101ccac-e73c-40a1-ac7d-8014e22c36dc/text HTTP/1.1
User-Agent: selenium/4.0.0-alpha-5 (java windows)
Cache-Control: no-cache
host: localhost:10889
accept: */*

Response DefaultHttpResponse(decodeResult: success, version: HTTP/1.1)
HTTP/1.1 200 OK
content-type: application/json; charset=utf-8
cache-control: no-cache
content-length: 18
date: Thu, 25 Jun 2020 12:50:25 GMT

15:50:25.674 [AsyncHttpClient-3-1] DEBUG o.a.netty.channel.ChannelManager - Adding key: http://localhost:10889 for channel [id: 0x7c68b8df, L:/127.0.0.1:64390 - R:localhost/127.0.0.1:10889]
15:50:25.674 [Forwarding findChildElement on session 14f61660-7bcc-4279-b6a3-7163a94e0626 to remote] DEBUG o.a.netty.request.NettyRequestSender - Using pooled Channel '[id: 0x7c68b8df, L:/127.0.0.1:64390 - R:localhost/127.0.0.1:10889]' for 'POST' to 'http://localhost:10889/session/14f61660-7bcc-4279-b6a3-7163a94e0626/element/29855c55-96e9-4312-bbd1-5debe9feafe6/element'
15:50:25.674 [Forwarding findChildElement on session 14f61660-7bcc-4279-b6a3-7163a94e0626 to remote] DEBUG o.a.netty.request.NettyRequestSender - Using open Channel [id: 0x7c68b8df, L:/127.0.0.1:64390 - R:localhost/127.0.0.1:10889] for POST '/session/14f61660-7bcc-4279-b6a3-7163a94e0626/element/29855c55-96e9-4312-bbd1-5debe9feafe6/element'
15:50:25.678 [AsyncHttpClient-3-1] DEBUG o.a.netty.handler.HttpHandler - 

Request DefaultHttpRequest(decodeResult: success, version: HTTP/1.1)
POST /session/14f61660-7bcc-4279-b6a3-7163a94e0626/element/29855c55-96e9-4312-bbd1-5debe9feafe6/element HTTP/1.1
User-Agent: selenium/4.0.0-alpha-5 (java windows)
Content-Length: 103
Content-Type: application/json; charset=utf-8
host: localhost:10889
accept: */*

Response DefaultHttpResponse(decodeResult: success, version: HTTP/1.1)
HTTP/1.1 200 OK
content-type: application/json; charset=utf-8
cache-control: no-cache
content-length: 88
date: Thu, 25 Jun 2020 12:50:25 GMT

15:50:25.678 [AsyncHttpClient-3-1] DEBUG o.a.netty.channel.ChannelManager - Adding key: http://localhost:10889 for channel [id: 0x7c68b8df, L:/127.0.0.1:64390 - R:localhost/127.0.0.1:10889]
15:50:25.678 [Forwarding getElementText on session 14f61660-7bcc-4279-b6a3-7163a94e0626 to remote] DEBUG o.a.netty.request.NettyRequestSender - Using pooled Channel '[id: 0x7c68b8df, L:/127.0.0.1:64390 - R:localhost/127.0.0.1:10889]' for 'GET' to 'http://localhost:10889/session/14f61660-7bcc-4279-b6a3-7163a94e0626/element/6e0119d3-74c3-4303-96cc-872e20593ff7/text'
15:50:25.679 [Forwarding getElementText on session 14f61660-7bcc-4279-b6a3-7163a94e0626 to remote] DEBUG o.a.netty.request.NettyRequestSender - Using open Channel [id: 0x7c68b8df, L:/127.0.0.1:64390 - R:localhost/127.0.0.1:10889] for GET '/session/14f61660-7bcc-4279-b6a3-7163a94e0626/element/6e0119d3-74c3-4303-96cc-872e20593ff7/text'
15:50:25.684 [AsyncHttpClient-3-1] DEBUG o.a.netty.handler.HttpHandler - 

Request DefaultFullHttpRequest(decodeResult: success, version: HTTP/1.1, content: EmptyByteBufBE)
GET /session/14f61660-7bcc-4279-b6a3-7163a94e0626/element/6e0119d3-74c3-4303-96cc-872e20593ff7/text HTTP/1.1
User-Agent: selenium/4.0.0-alpha-5 (java windows)
Cache-Control: no-cache
host: localhost:10889
accept: */*

Response DefaultHttpResponse(decodeResult: success, version: HTTP/1.1)
HTTP/1.1 200 OK
content-type: application/json; charset=utf-8
cache-control: no-cache
content-length: 22
date: Thu, 25 Jun 2020 12:50:25 GMT

15:50:25.684 [AsyncHttpClient-3-1] DEBUG o.a.netty.channel.ChannelManager - Adding key: http://localhost:10889 for channel [id: 0x7c68b8df, L:/127.0.0.1:64390 - R:localhost/127.0.0.1:10889]
15:50:25.684 [Forwarding findChildElement on session 14f61660-7bcc-4279-b6a3-7163a94e0626 to remote] DEBUG o.a.netty.request.NettyRequestSender - Using pooled Channel '[id: 0x7c68b8df, L:/127.0.0.1:64390 - R:localhost/127.0.0.1:10889]' for 'POST' to 'http://localhost:10889/session/14f61660-7bcc-4279-b6a3-7163a94e0626/element/29855c55-96e9-4312-bbd1-5debe9feafe6/element'
15:50:25.684 [Forwarding findChildElement on session 14f61660-7bcc-4279-b6a3-7163a94e0626 to remote] DEBUG o.a.netty.request.NettyRequestSender - Using open Channel [id: 0x7c68b8df, L:/127.0.0.1:64390 - R:localhost/127.0.0.1:10889] for POST '/session/14f61660-7bcc-4279-b6a3-7163a94e0626/element/29855c55-96e9-4312-bbd1-5debe9feafe6/element'
15:50:25.688 [AsyncHttpClient-3-1] DEBUG o.a.netty.handler.HttpHandler - 

Request DefaultHttpRequest(decodeResult: success, version: HTTP/1.1)
POST /session/14f61660-7bcc-4279-b6a3-7163a94e0626/element/29855c55-96e9-4312-bbd1-5debe9feafe6/element HTTP/1.1
User-Agent: selenium/4.0.0-alpha-5 (java windows)
Content-Length: 103
Content-Type: application/json; charset=utf-8
host: localhost:10889
accept: */*

Response DefaultHttpResponse(decodeResult: success, version: HTTP/1.1)
HTTP/1.1 200 OK
content-type: application/json; charset=utf-8
cache-control: no-cache
content-length: 88
date: Thu, 25 Jun 2020 12:50:25 GMT

15:50:25.688 [AsyncHttpClient-3-1] DEBUG o.a.netty.channel.ChannelManager - Adding key: http://localhost:10889 for channel [id: 0x7c68b8df, L:/127.0.0.1:64390 - R:localhost/127.0.0.1:10889]
15:50:25.689 [Forwarding getElementText on session 14f61660-7bcc-4279-b6a3-7163a94e0626 to remote] DEBUG o.a.netty.request.NettyRequestSender - Using pooled Channel '[id: 0x7c68b8df, L:/127.0.0.1:64390 - R:localhost/127.0.0.1:10889]' for 'GET' to 'http://localhost:10889/session/14f61660-7bcc-4279-b6a3-7163a94e0626/element/cf8611a1-d5aa-44eb-ad43-e1dd1cc611cc/text'
15:50:25.689 [Forwarding getElementText on session 14f61660-7bcc-4279-b6a3-7163a94e0626 to remote] DEBUG o.a.netty.request.NettyRequestSender - Using open Channel [id: 0x7c68b8df, L:/127.0.0.1:64390 - R:localhost/127.0.0.1:10889] for GET '/session/14f61660-7bcc-4279-b6a3-7163a94e0626/element/cf8611a1-d5aa-44eb-ad43-e1dd1cc611cc/text'
15:50:25.693 [AsyncHttpClient-3-1] DEBUG o.a.netty.handler.HttpHandler - 

Request DefaultFullHttpRequest(decodeResult: success, version: HTTP/1.1, content: EmptyByteBufBE)
GET /session/14f61660-7bcc-4279-b6a3-7163a94e0626/element/cf8611a1-d5aa-44eb-ad43-e1dd1cc611cc/text HTTP/1.1
User-Agent: selenium/4.0.0-alpha-5 (java windows)
Cache-Control: no-cache
host: localhost:10889
accept: */*

Response DefaultHttpResponse(decodeResult: success, version: HTTP/1.1)
HTTP/1.1 200 OK
content-type: application/json; charset=utf-8
cache-control: no-cache
content-length: 21
date: Thu, 25 Jun 2020 12:50:25 GMT

15:50:25.693 [AsyncHttpClient-3-1] DEBUG o.a.netty.channel.ChannelManager - Adding key: http://localhost:10889 for channel [id: 0x7c68b8df, L:/127.0.0.1:64390 - R:localhost/127.0.0.1:10889]
15:50:25.694 [Forwarding findChildElement on session 14f61660-7bcc-4279-b6a3-7163a94e0626 to remote] DEBUG o.a.netty.request.NettyRequestSender - Using pooled Channel '[id: 0x7c68b8df, L:/127.0.0.1:64390 - R:localhost/127.0.0.1:10889]' for 'POST' to 'http://localhost:10889/session/14f61660-7bcc-4279-b6a3-7163a94e0626/element/29855c55-96e9-4312-bbd1-5debe9feafe6/element'
15:50:25.694 [Forwarding findChildElement on session 14f61660-7bcc-4279-b6a3-7163a94e0626 to remote] DEBUG o.a.netty.request.NettyRequestSender - Using open Channel [id: 0x7c68b8df, L:/127.0.0.1:64390 - R:localhost/127.0.0.1:10889] for POST '/session/14f61660-7bcc-4279-b6a3-7163a94e0626/element/29855c55-96e9-4312-bbd1-5debe9feafe6/element'
15:50:25.698 [AsyncHttpClient-3-1] DEBUG o.a.netty.handler.HttpHandler - 

Request DefaultHttpRequest(decodeResult: success, version: HTTP/1.1)
POST /session/14f61660-7bcc-4279-b6a3-7163a94e0626/element/29855c55-96e9-4312-bbd1-5debe9feafe6/element HTTP/1.1
User-Agent: selenium/4.0.0-alpha-5 (java windows)
Content-Length: 103
Content-Type: application/json; charset=utf-8
host: localhost:10889
accept: */*

Response DefaultHttpResponse(decodeResult: success, version: HTTP/1.1)
HTTP/1.1 200 OK
content-type: application/json; charset=utf-8
cache-control: no-cache
content-length: 88
date: Thu, 25 Jun 2020 12:50:25 GMT

15:50:25.698 [AsyncHttpClient-3-1] DEBUG o.a.netty.channel.ChannelManager - Adding key: http://localhost:10889 for channel [id: 0x7c68b8df, L:/127.0.0.1:64390 - R:localhost/127.0.0.1:10889]
15:50:25.698 [Forwarding getElementText on session 14f61660-7bcc-4279-b6a3-7163a94e0626 to remote] DEBUG o.a.netty.request.NettyRequestSender - Using pooled Channel '[id: 0x7c68b8df, L:/127.0.0.1:64390 - R:localhost/127.0.0.1:10889]' for 'GET' to 'http://localhost:10889/session/14f61660-7bcc-4279-b6a3-7163a94e0626/element/09b7c031-1eaa-4821-af5e-67ba1ed08c64/text'
15:50:25.698 [Forwarding getElementText on session 14f61660-7bcc-4279-b6a3-7163a94e0626 to remote] DEBUG o.a.netty.request.NettyRequestSender - Using open Channel [id: 0x7c68b8df, L:/127.0.0.1:64390 - R:localhost/127.0.0.1:10889] for GET '/session/14f61660-7bcc-4279-b6a3-7163a94e0626/element/09b7c031-1eaa-4821-af5e-67ba1ed08c64/text'
15:50:25.702 [AsyncHttpClient-3-1] DEBUG o.a.netty.handler.HttpHandler - 

Request DefaultFullHttpRequest(decodeResult: success, version: HTTP/1.1, content: EmptyByteBufBE)
GET /session/14f61660-7bcc-4279-b6a3-7163a94e0626/element/09b7c031-1eaa-4821-af5e-67ba1ed08c64/text HTTP/1.1
User-Agent: selenium/4.0.0-alpha-5 (java windows)
Cache-Control: no-cache
host: localhost:10889
accept: */*

Response DefaultHttpResponse(decodeResult: success, version: HTTP/1.1)
HTTP/1.1 200 OK
content-type: application/json; charset=utf-8
cache-control: no-cache
content-length: 45
date: Thu, 25 Jun 2020 12:50:25 GMT

15:50:25.702 [AsyncHttpClient-3-1] DEBUG o.a.netty.channel.ChannelManager - Adding key: http://localhost:10889 for channel [id: 0x7c68b8df, L:/127.0.0.1:64390 - R:localhost/127.0.0.1:10889]
15:50:25.703 [Forwarding findChildElement on session 14f61660-7bcc-4279-b6a3-7163a94e0626 to remote] DEBUG o.a.netty.request.NettyRequestSender - Using pooled Channel '[id: 0x7c68b8df, L:/127.0.0.1:64390 - R:localhost/127.0.0.1:10889]' for 'POST' to 'http://localhost:10889/session/14f61660-7bcc-4279-b6a3-7163a94e0626/element/29855c55-96e9-4312-bbd1-5debe9feafe6/element'
15:50:25.703 [Forwarding findChildElement on session 14f61660-7bcc-4279-b6a3-7163a94e0626 to remote] DEBUG o.a.netty.request.NettyRequestSender - Using open Channel [id: 0x7c68b8df, L:/127.0.0.1:64390 - R:localhost/127.0.0.1:10889] for POST '/session/14f61660-7bcc-4279-b6a3-7163a94e0626/element/29855c55-96e9-4312-bbd1-5debe9feafe6/element'
15:50:25.706 [AsyncHttpClient-3-1] DEBUG o.a.netty.handler.HttpHandler - 

Request DefaultHttpRequest(decodeResult: success, version: HTTP/1.1)
POST /session/14f61660-7bcc-4279-b6a3-7163a94e0626/element/29855c55-96e9-4312-bbd1-5debe9feafe6/element HTTP/1.1
User-Agent: selenium/4.0.0-alpha-5 (java windows)
Content-Length: 103
Content-Type: application/json; charset=utf-8
host: localhost:10889
accept: */*

Response DefaultHttpResponse(decodeResult: success, version: HTTP/1.1)
HTTP/1.1 200 OK
content-type: application/json; charset=utf-8
cache-control: no-cache
content-length: 88
date: Thu, 25 Jun 2020 12:50:25 GMT

15:50:25.707 [AsyncHttpClient-3-1] DEBUG o.a.netty.channel.ChannelManager - Adding key: http://localhost:10889 for channel [id: 0x7c68b8df, L:/127.0.0.1:64390 - R:localhost/127.0.0.1:10889]
15:50:25.707 [Forwarding getElementText on session 14f61660-7bcc-4279-b6a3-7163a94e0626 to remote] DEBUG o.a.netty.request.NettyRequestSender - Using pooled Channel '[id: 0x7c68b8df, L:/127.0.0.1:64390 - R:localhost/127.0.0.1:10889]' for 'GET' to 'http://localhost:10889/session/14f61660-7bcc-4279-b6a3-7163a94e0626/element/5cdc456e-c016-4dd2-95ad-f05ccc2b4ebe/text'
15:50:25.707 [Forwarding getElementText on session 14f61660-7bcc-4279-b6a3-7163a94e0626 to remote] DEBUG o.a.netty.request.NettyRequestSender - Using open Channel [id: 0x7c68b8df, L:/127.0.0.1:64390 - R:localhost/127.0.0.1:10889] for GET '/session/14f61660-7bcc-4279-b6a3-7163a94e0626/element/5cdc456e-c016-4dd2-95ad-f05ccc2b4ebe/text'
15:50:25.714 [AsyncHttpClient-3-1] DEBUG o.a.netty.handler.HttpHandler - 

Request DefaultFullHttpRequest(decodeResult: success, version: HTTP/1.1, content: EmptyByteBufBE)
GET /session/14f61660-7bcc-4279-b6a3-7163a94e0626/element/5cdc456e-c016-4dd2-95ad-f05ccc2b4ebe/text HTTP/1.1
User-Agent: selenium/4.0.0-alpha-5 (java windows)
Cache-Control: no-cache
host: localhost:10889
accept: */*

Response DefaultHttpResponse(decodeResult: success, version: HTTP/1.1)
HTTP/1.1 200 OK
content-type: application/json; charset=utf-8
cache-control: no-cache
content-length: 57
date: Thu, 25 Jun 2020 12:50:25 GMT

15:50:25.714 [AsyncHttpClient-3-1] DEBUG o.a.netty.channel.ChannelManager - Adding key: http://localhost:10889 for channel [id: 0x7c68b8df, L:/127.0.0.1:64390 - R:localhost/127.0.0.1:10889]
15:50:25.714 [Forwarding findChildElement on session 14f61660-7bcc-4279-b6a3-7163a94e0626 to remote] DEBUG o.a.netty.request.NettyRequestSender - Using pooled Channel '[id: 0x7c68b8df, L:/127.0.0.1:64390 - R:localhost/127.0.0.1:10889]' for 'POST' to 'http://localhost:10889/session/14f61660-7bcc-4279-b6a3-7163a94e0626/element/29855c55-96e9-4312-bbd1-5debe9feafe6/element'
15:50:25.714 [Forwarding findChildElement on session 14f61660-7bcc-4279-b6a3-7163a94e0626 to remote] DEBUG o.a.netty.request.NettyRequestSender - Using open Channel [id: 0x7c68b8df, L:/127.0.0.1:64390 - R:localhost/127.0.0.1:10889] for POST '/session/14f61660-7bcc-4279-b6a3-7163a94e0626/element/29855c55-96e9-4312-bbd1-5debe9feafe6/element'
15:50:25.717 [AsyncHttpClient-3-1] DEBUG o.a.netty.handler.HttpHandler - 

Request DefaultHttpRequest(decodeResult: success, version: HTTP/1.1)
POST /session/14f61660-7bcc-4279-b6a3-7163a94e0626/element/29855c55-96e9-4312-bbd1-5debe9feafe6/element HTTP/1.1
User-Agent: selenium/4.0.0-alpha-5 (java windows)
Content-Length: 97
Content-Type: application/json; charset=utf-8
host: localhost:10889
accept: */*

Response DefaultHttpResponse(decodeResult: success, version: HTTP/1.1)
HTTP/1.1 200 OK
content-type: application/json; charset=utf-8
cache-control: no-cache
content-length: 88
date: Thu, 25 Jun 2020 12:50:25 GMT

15:50:25.718 [AsyncHttpClient-3-1] DEBUG o.a.netty.channel.ChannelManager - Adding key: http://localhost:10889 for channel [id: 0x7c68b8df, L:/127.0.0.1:64390 - R:localhost/127.0.0.1:10889]
15:50:25.720 [Forwarding getElementAttribute on session 14f61660-7bcc-4279-b6a3-7163a94e0626 to remote] DEBUG o.a.netty.request.NettyRequestSender - Using pooled Channel '[id: 0x7c68b8df, L:/127.0.0.1:64390 - R:localhost/127.0.0.1:10889]' for 'POST' to 'http://localhost:10889/session/14f61660-7bcc-4279-b6a3-7163a94e0626/execute/sync'
15:50:25.720 [Forwarding getElementAttribute on session 14f61660-7bcc-4279-b6a3-7163a94e0626 to remote] DEBUG o.a.netty.request.NettyRequestSender - Using open Channel [id: 0x7c68b8df, L:/127.0.0.1:64390 - R:localhost/127.0.0.1:10889] for POST '/session/14f61660-7bcc-4279-b6a3-7163a94e0626/execute/sync'
15:50:25.733 [AsyncHttpClient-3-1] DEBUG o.a.netty.handler.HttpHandler - 

Request DefaultHttpRequest(decodeResult: success, version: HTTP/1.1)
POST /session/14f61660-7bcc-4279-b6a3-7163a94e0626/execute/sync HTTP/1.1
User-Agent: selenium/4.0.0-alpha-5 (java windows)
Content-Length: 39635
Content-Type: application/json; charset=utf-8
host: localhost:10889
accept: */*

Response DefaultHttpResponse(decodeResult: success, version: HTTP/1.1)
HTTP/1.1 200 OK
content-type: application/json; charset=utf-8
cache-control: no-cache
content-length: 15
date: Thu, 25 Jun 2020 12:50:25 GMT

15:50:25.733 [AsyncHttpClient-3-1] DEBUG o.a.netty.channel.ChannelManager - Adding key: http://localhost:10889 for channel [id: 0x7c68b8df, L:/127.0.0.1:64390 - R:localhost/127.0.0.1:10889]
15:50:25.733 [Forwarding findChildElement on session 14f61660-7bcc-4279-b6a3-7163a94e0626 to remote] DEBUG o.a.netty.request.NettyRequestSender - Using pooled Channel '[id: 0x7c68b8df, L:/127.0.0.1:64390 - R:localhost/127.0.0.1:10889]' for 'POST' to 'http://localhost:10889/session/14f61660-7bcc-4279-b6a3-7163a94e0626/element/fa4b7794-6a1f-4207-b6a6-b995c37b8370/element'
15:50:25.733 [Forwarding findChildElement on session 14f61660-7bcc-4279-b6a3-7163a94e0626 to remote] DEBUG o.a.netty.request.NettyRequestSender - Using open Channel [id: 0x7c68b8df, L:/127.0.0.1:64390 - R:localhost/127.0.0.1:10889] for POST '/session/14f61660-7bcc-4279-b6a3-7163a94e0626/element/fa4b7794-6a1f-4207-b6a6-b995c37b8370/element'
15:50:25.737 [AsyncHttpClient-3-1] DEBUG o.a.netty.handler.HttpHandler - 

Request DefaultHttpRequest(decodeResult: success, version: HTTP/1.1)
POST /session/14f61660-7bcc-4279-b6a3-7163a94e0626/element/fa4b7794-6a1f-4207-b6a6-b995c37b8370/element HTTP/1.1
User-Agent: selenium/4.0.0-alpha-5 (java windows)
Content-Length: 103
Content-Type: application/json; charset=utf-8
host: localhost:10889
accept: */*

Response DefaultHttpResponse(decodeResult: success, version: HTTP/1.1)
HTTP/1.1 200 OK
content-type: application/json; charset=utf-8
cache-control: no-cache
content-length: 88
date: Thu, 25 Jun 2020 12:50:25 GMT

15:50:25.737 [AsyncHttpClient-3-1] DEBUG o.a.netty.channel.ChannelManager - Adding key: http://localhost:10889 for channel [id: 0x7c68b8df, L:/127.0.0.1:64390 - R:localhost/127.0.0.1:10889]
15:50:25.738 [Forwarding getElementText on session 14f61660-7bcc-4279-b6a3-7163a94e0626 to remote] DEBUG o.a.netty.request.NettyRequestSender - Using pooled Channel '[id: 0x7c68b8df, L:/127.0.0.1:64390 - R:localhost/127.0.0.1:10889]' for 'GET' to 'http://localhost:10889/session/14f61660-7bcc-4279-b6a3-7163a94e0626/element/230a3208-a9b9-4d65-8a9c-64ed923fcd17/text'
15:50:25.738 [Forwarding getElementText on session 14f61660-7bcc-4279-b6a3-7163a94e0626 to remote] DEBUG o.a.netty.request.NettyRequestSender - Using open Channel [id: 0x7c68b8df, L:/127.0.0.1:64390 - R:localhost/127.0.0.1:10889] for GET '/session/14f61660-7bcc-4279-b6a3-7163a94e0626/element/230a3208-a9b9-4d65-8a9c-64ed923fcd17/text'
15:50:25.742 [AsyncHttpClient-3-1] DEBUG o.a.netty.handler.HttpHandler - 

Request DefaultFullHttpRequest(decodeResult: success, version: HTTP/1.1, content: EmptyByteBufBE)
GET /session/14f61660-7bcc-4279-b6a3-7163a94e0626/element/230a3208-a9b9-4d65-8a9c-64ed923fcd17/text HTTP/1.1
User-Agent: selenium/4.0.0-alpha-5 (java windows)
Cache-Control: no-cache
host: localhost:10889
accept: */*

Response DefaultHttpResponse(decodeResult: success, version: HTTP/1.1)
HTTP/1.1 200 OK
content-type: application/json; charset=utf-8
cache-control: no-cache
content-length: 18
date: Thu, 25 Jun 2020 12:50:25 GMT

15:50:25.742 [AsyncHttpClient-3-1] DEBUG o.a.netty.channel.ChannelManager - Adding key: http://localhost:10889 for channel [id: 0x7c68b8df, L:/127.0.0.1:64390 - R:localhost/127.0.0.1:10889]
15:50:25.742 [Forwarding findChildElement on session 14f61660-7bcc-4279-b6a3-7163a94e0626 to remote] DEBUG o.a.netty.request.NettyRequestSender - Using pooled Channel '[id: 0x7c68b8df, L:/127.0.0.1:64390 - R:localhost/127.0.0.1:10889]' for 'POST' to 'http://localhost:10889/session/14f61660-7bcc-4279-b6a3-7163a94e0626/element/fa4b7794-6a1f-4207-b6a6-b995c37b8370/element'
15:50:25.742 [Forwarding findChildElement on session 14f61660-7bcc-4279-b6a3-7163a94e0626 to remote] DEBUG o.a.netty.request.NettyRequestSender - Using open Channel [id: 0x7c68b8df, L:/127.0.0.1:64390 - R:localhost/127.0.0.1:10889] for POST '/session/14f61660-7bcc-4279-b6a3-7163a94e0626/element/fa4b7794-6a1f-4207-b6a6-b995c37b8370/element'
15:50:25.746 [AsyncHttpClient-3-1] DEBUG o.a.netty.handler.HttpHandler - 

Request DefaultHttpRequest(decodeResult: success, version: HTTP/1.1)
POST /session/14f61660-7bcc-4279-b6a3-7163a94e0626/element/fa4b7794-6a1f-4207-b6a6-b995c37b8370/element HTTP/1.1
User-Agent: selenium/4.0.0-alpha-5 (java windows)
Content-Length: 103
Content-Type: application/json; charset=utf-8
host: localhost:10889
accept: */*

Response DefaultHttpResponse(decodeResult: success, version: HTTP/1.1)
HTTP/1.1 200 OK
content-type: application/json; charset=utf-8
cache-control: no-cache
content-length: 88
date: Thu, 25 Jun 2020 12:50:25 GMT

15:50:25.746 [AsyncHttpClient-3-1] DEBUG o.a.netty.channel.ChannelManager - Adding key: http://localhost:10889 for channel [id: 0x7c68b8df, L:/127.0.0.1:64390 - R:localhost/127.0.0.1:10889]
15:50:25.746 [Forwarding getElementText on session 14f61660-7bcc-4279-b6a3-7163a94e0626 to remote] DEBUG o.a.netty.request.NettyRequestSender - Using pooled Channel '[id: 0x7c68b8df, L:/127.0.0.1:64390 - R:localhost/127.0.0.1:10889]' for 'GET' to 'http://localhost:10889/session/14f61660-7bcc-4279-b6a3-7163a94e0626/element/fcb80cd7-4860-4c3d-b324-5d8b9641d19e/text'
15:50:25.746 [Forwarding getElementText on session 14f61660-7bcc-4279-b6a3-7163a94e0626 to remote] DEBUG o.a.netty.request.NettyRequestSender - Using open Channel [id: 0x7c68b8df, L:/127.0.0.1:64390 - R:localhost/127.0.0.1:10889] for GET '/session/14f61660-7bcc-4279-b6a3-7163a94e0626/element/fcb80cd7-4860-4c3d-b324-5d8b9641d19e/text'
15:50:25.750 [AsyncHttpClient-3-1] DEBUG o.a.netty.handler.HttpHandler - 

Request DefaultFullHttpRequest(decodeResult: success, version: HTTP/1.1, content: EmptyByteBufBE)
GET /session/14f61660-7bcc-4279-b6a3-7163a94e0626/element/fcb80cd7-4860-4c3d-b324-5d8b9641d19e/text HTTP/1.1
User-Agent: selenium/4.0.0-alpha-5 (java windows)
Cache-Control: no-cache
host: localhost:10889
accept: */*

Response DefaultHttpResponse(decodeResult: success, version: HTTP/1.1)
HTTP/1.1 200 OK
content-type: application/json; charset=utf-8
cache-control: no-cache
content-length: 22
date: Thu, 25 Jun 2020 12:50:25 GMT

15:50:25.750 [AsyncHttpClient-3-1] DEBUG o.a.netty.channel.ChannelManager - Adding key: http://localhost:10889 for channel [id: 0x7c68b8df, L:/127.0.0.1:64390 - R:localhost/127.0.0.1:10889]
15:50:25.751 [Forwarding findChildElement on session 14f61660-7bcc-4279-b6a3-7163a94e0626 to remote] DEBUG o.a.netty.request.NettyRequestSender - Using pooled Channel '[id: 0x7c68b8df, L:/127.0.0.1:64390 - R:localhost/127.0.0.1:10889]' for 'POST' to 'http://localhost:10889/session/14f61660-7bcc-4279-b6a3-7163a94e0626/element/fa4b7794-6a1f-4207-b6a6-b995c37b8370/element'
15:50:25.751 [Forwarding findChildElement on session 14f61660-7bcc-4279-b6a3-7163a94e0626 to remote] DEBUG o.a.netty.request.NettyRequestSender - Using open Channel [id: 0x7c68b8df, L:/127.0.0.1:64390 - R:localhost/127.0.0.1:10889] for POST '/session/14f61660-7bcc-4279-b6a3-7163a94e0626/element/fa4b7794-6a1f-4207-b6a6-b995c37b8370/element'
15:50:25.755 [AsyncHttpClient-3-1] DEBUG o.a.netty.handler.HttpHandler - 

Request DefaultHttpRequest(decodeResult: success, version: HTTP/1.1)
POST /session/14f61660-7bcc-4279-b6a3-7163a94e0626/element/fa4b7794-6a1f-4207-b6a6-b995c37b8370/element HTTP/1.1
User-Agent: selenium/4.0.0-alpha-5 (java windows)
Content-Length: 103
Content-Type: application/json; charset=utf-8
host: localhost:10889
accept: */*

Response DefaultHttpResponse(decodeResult: success, version: HTTP/1.1)
HTTP/1.1 200 OK
content-type: application/json; charset=utf-8
cache-control: no-cache
content-length: 88
date: Thu, 25 Jun 2020 12:50:25 GMT

15:50:25.755 [AsyncHttpClient-3-1] DEBUG o.a.netty.channel.ChannelManager - Adding key: http://localhost:10889 for channel [id: 0x7c68b8df, L:/127.0.0.1:64390 - R:localhost/127.0.0.1:10889]
15:50:25.755 [Forwarding getElementText on session 14f61660-7bcc-4279-b6a3-7163a94e0626 to remote] DEBUG o.a.netty.request.NettyRequestSender - Using pooled Channel '[id: 0x7c68b8df, L:/127.0.0.1:64390 - R:localhost/127.0.0.1:10889]' for 'GET' to 'http://localhost:10889/session/14f61660-7bcc-4279-b6a3-7163a94e0626/element/f0f7c3ec-9da9-4f04-ad11-b00aa9ebe042/text'
15:50:25.755 [Forwarding getElementText on session 14f61660-7bcc-4279-b6a3-7163a94e0626 to remote] DEBUG o.a.netty.request.NettyRequestSender - Using open Channel [id: 0x7c68b8df, L:/127.0.0.1:64390 - R:localhost/127.0.0.1:10889] for GET '/session/14f61660-7bcc-4279-b6a3-7163a94e0626/element/f0f7c3ec-9da9-4f04-ad11-b00aa9ebe042/text'
15:50:25.760 [AsyncHttpClient-3-1] DEBUG o.a.netty.handler.HttpHandler - 

Request DefaultFullHttpRequest(decodeResult: success, version: HTTP/1.1, content: EmptyByteBufBE)
GET /session/14f61660-7bcc-4279-b6a3-7163a94e0626/element/f0f7c3ec-9da9-4f04-ad11-b00aa9ebe042/text HTTP/1.1
User-Agent: selenium/4.0.0-alpha-5 (java windows)
Cache-Control: no-cache
host: localhost:10889
accept: */*

Response DefaultHttpResponse(decodeResult: success, version: HTTP/1.1)
HTTP/1.1 200 OK
content-type: application/json; charset=utf-8
cache-control: no-cache
content-length: 21
date: Thu, 25 Jun 2020 12:50:25 GMT

15:50:25.760 [AsyncHttpClient-3-1] DEBUG o.a.netty.channel.ChannelManager - Adding key: http://localhost:10889 for channel [id: 0x7c68b8df, L:/127.0.0.1:64390 - R:localhost/127.0.0.1:10889]
15:50:25.760 [Forwarding findChildElement on session 14f61660-7bcc-4279-b6a3-7163a94e0626 to remote] DEBUG o.a.netty.request.NettyRequestSender - Using pooled Channel '[id: 0x7c68b8df, L:/127.0.0.1:64390 - R:localhost/127.0.0.1:10889]' for 'POST' to 'http://localhost:10889/session/14f61660-7bcc-4279-b6a3-7163a94e0626/element/fa4b7794-6a1f-4207-b6a6-b995c37b8370/element'
15:50:25.760 [Forwarding findChildElement on session 14f61660-7bcc-4279-b6a3-7163a94e0626 to remote] DEBUG o.a.netty.request.NettyRequestSender - Using open Channel [id: 0x7c68b8df, L:/127.0.0.1:64390 - R:localhost/127.0.0.1:10889] for POST '/session/14f61660-7bcc-4279-b6a3-7163a94e0626/element/fa4b7794-6a1f-4207-b6a6-b995c37b8370/element'
15:50:25.764 [AsyncHttpClient-3-1] DEBUG o.a.netty.handler.HttpHandler - 

Request DefaultHttpRequest(decodeResult: success, version: HTTP/1.1)
POST /session/14f61660-7bcc-4279-b6a3-7163a94e0626/element/fa4b7794-6a1f-4207-b6a6-b995c37b8370/element HTTP/1.1
User-Agent: selenium/4.0.0-alpha-5 (java windows)
Content-Length: 103
Content-Type: application/json; charset=utf-8
host: localhost:10889
accept: */*

Response DefaultHttpResponse(decodeResult: success, version: HTTP/1.1)
HTTP/1.1 200 OK
content-type: application/json; charset=utf-8
cache-control: no-cache
content-length: 88
date: Thu, 25 Jun 2020 12:50:25 GMT

15:50:25.764 [AsyncHttpClient-3-1] DEBUG o.a.netty.channel.ChannelManager - Adding key: http://localhost:10889 for channel [id: 0x7c68b8df, L:/127.0.0.1:64390 - R:localhost/127.0.0.1:10889]
15:50:25.764 [Forwarding getElementText on session 14f61660-7bcc-4279-b6a3-7163a94e0626 to remote] DEBUG o.a.netty.request.NettyRequestSender - Using pooled Channel '[id: 0x7c68b8df, L:/127.0.0.1:64390 - R:localhost/127.0.0.1:10889]' for 'GET' to 'http://localhost:10889/session/14f61660-7bcc-4279-b6a3-7163a94e0626/element/0663c201-75e6-4b18-94f0-a65ab911dfe4/text'
15:50:25.764 [Forwarding getElementText on session 14f61660-7bcc-4279-b6a3-7163a94e0626 to remote] DEBUG o.a.netty.request.NettyRequestSender - Using open Channel [id: 0x7c68b8df, L:/127.0.0.1:64390 - R:localhost/127.0.0.1:10889] for GET '/session/14f61660-7bcc-4279-b6a3-7163a94e0626/element/0663c201-75e6-4b18-94f0-a65ab911dfe4/text'
15:50:25.769 [AsyncHttpClient-3-1] DEBUG o.a.netty.handler.HttpHandler - 

Request DefaultFullHttpRequest(decodeResult: success, version: HTTP/1.1, content: EmptyByteBufBE)
GET /session/14f61660-7bcc-4279-b6a3-7163a94e0626/element/0663c201-75e6-4b18-94f0-a65ab911dfe4/text HTTP/1.1
User-Agent: selenium/4.0.0-alpha-5 (java windows)
Cache-Control: no-cache
host: localhost:10889
accept: */*

Response DefaultHttpResponse(decodeResult: success, version: HTTP/1.1)
HTTP/1.1 200 OK
content-type: application/json; charset=utf-8
cache-control: no-cache
content-length: 45
date: Thu, 25 Jun 2020 12:50:25 GMT

15:50:25.769 [AsyncHttpClient-3-1] DEBUG o.a.netty.channel.ChannelManager - Adding key: http://localhost:10889 for channel [id: 0x7c68b8df, L:/127.0.0.1:64390 - R:localhost/127.0.0.1:10889]
15:50:25.770 [Forwarding findChildElement on session 14f61660-7bcc-4279-b6a3-7163a94e0626 to remote] DEBUG o.a.netty.request.NettyRequestSender - Using pooled Channel '[id: 0x7c68b8df, L:/127.0.0.1:64390 - R:localhost/127.0.0.1:10889]' for 'POST' to 'http://localhost:10889/session/14f61660-7bcc-4279-b6a3-7163a94e0626/element/fa4b7794-6a1f-4207-b6a6-b995c37b8370/element'
15:50:25.770 [Forwarding findChildElement on session 14f61660-7bcc-4279-b6a3-7163a94e0626 to remote] DEBUG o.a.netty.request.NettyRequestSender - Using open Channel [id: 0x7c68b8df, L:/127.0.0.1:64390 - R:localhost/127.0.0.1:10889] for POST '/session/14f61660-7bcc-4279-b6a3-7163a94e0626/element/fa4b7794-6a1f-4207-b6a6-b995c37b8370/element'
15:50:25.773 [AsyncHttpClient-3-1] DEBUG o.a.netty.handler.HttpHandler - 

Request DefaultHttpRequest(decodeResult: success, version: HTTP/1.1)
POST /session/14f61660-7bcc-4279-b6a3-7163a94e0626/element/fa4b7794-6a1f-4207-b6a6-b995c37b8370/element HTTP/1.1
User-Agent: selenium/4.0.0-alpha-5 (java windows)
Content-Length: 103
Content-Type: application/json; charset=utf-8
host: localhost:10889
accept: */*

Response DefaultHttpResponse(decodeResult: success, version: HTTP/1.1)
HTTP/1.1 200 OK
content-type: application/json; charset=utf-8
cache-control: no-cache
content-length: 88
date: Thu, 25 Jun 2020 12:50:25 GMT

15:50:25.773 [AsyncHttpClient-3-1] DEBUG o.a.netty.channel.ChannelManager - Adding key: http://localhost:10889 for channel [id: 0x7c68b8df, L:/127.0.0.1:64390 - R:localhost/127.0.0.1:10889]
15:50:25.774 [Forwarding getElementText on session 14f61660-7bcc-4279-b6a3-7163a94e0626 to remote] DEBUG o.a.netty.request.NettyRequestSender - Using pooled Channel '[id: 0x7c68b8df, L:/127.0.0.1:64390 - R:localhost/127.0.0.1:10889]' for 'GET' to 'http://localhost:10889/session/14f61660-7bcc-4279-b6a3-7163a94e0626/element/057fa653-508f-4d23-a9e5-44ee05f49be4/text'
15:50:25.774 [Forwarding getElementText on session 14f61660-7bcc-4279-b6a3-7163a94e0626 to remote] DEBUG o.a.netty.request.NettyRequestSender - Using open Channel [id: 0x7c68b8df, L:/127.0.0.1:64390 - R:localhost/127.0.0.1:10889] for GET '/session/14f61660-7bcc-4279-b6a3-7163a94e0626/element/057fa653-508f-4d23-a9e5-44ee05f49be4/text'
15:50:25.781 [AsyncHttpClient-3-1] DEBUG o.a.netty.handler.HttpHandler - 

Request DefaultFullHttpRequest(decodeResult: success, version: HTTP/1.1, content: EmptyByteBufBE)
GET /session/14f61660-7bcc-4279-b6a3-7163a94e0626/element/057fa653-508f-4d23-a9e5-44ee05f49be4/text HTTP/1.1
User-Agent: selenium/4.0.0-alpha-5 (java windows)
Cache-Control: no-cache
host: localhost:10889
accept: */*

Response DefaultHttpResponse(decodeResult: success, version: HTTP/1.1)
HTTP/1.1 200 OK
content-type: application/json; charset=utf-8
cache-control: no-cache
content-length: 57
date: Thu, 25 Jun 2020 12:50:25 GMT

15:50:25.781 [AsyncHttpClient-3-1] DEBUG o.a.netty.channel.ChannelManager - Adding key: http://localhost:10889 for channel [id: 0x7c68b8df, L:/127.0.0.1:64390 - R:localhost/127.0.0.1:10889]
15:50:25.782 [Forwarding findChildElement on session 14f61660-7bcc-4279-b6a3-7163a94e0626 to remote] DEBUG o.a.netty.request.NettyRequestSender - Using pooled Channel '[id: 0x7c68b8df, L:/127.0.0.1:64390 - R:localhost/127.0.0.1:10889]' for 'POST' to 'http://localhost:10889/session/14f61660-7bcc-4279-b6a3-7163a94e0626/element/fa4b7794-6a1f-4207-b6a6-b995c37b8370/element'
15:50:25.782 [Forwarding findChildElement on session 14f61660-7bcc-4279-b6a3-7163a94e0626 to remote] DEBUG o.a.netty.request.NettyRequestSender - Using open Channel [id: 0x7c68b8df, L:/127.0.0.1:64390 - R:localhost/127.0.0.1:10889] for POST '/session/14f61660-7bcc-4279-b6a3-7163a94e0626/element/fa4b7794-6a1f-4207-b6a6-b995c37b8370/element'
15:50:25.787 [AsyncHttpClient-3-1] DEBUG o.a.netty.handler.HttpHandler - 

Request DefaultHttpRequest(decodeResult: success, version: HTTP/1.1)
POST /session/14f61660-7bcc-4279-b6a3-7163a94e0626/element/fa4b7794-6a1f-4207-b6a6-b995c37b8370/element HTTP/1.1
User-Agent: selenium/4.0.0-alpha-5 (java windows)
Content-Length: 97
Content-Type: application/json; charset=utf-8
host: localhost:10889
accept: */*

Response DefaultHttpResponse(decodeResult: success, version: HTTP/1.1)
HTTP/1.1 200 OK
content-type: application/json; charset=utf-8
cache-control: no-cache
content-length: 88
date: Thu, 25 Jun 2020 12:50:25 GMT

15:50:25.787 [AsyncHttpClient-3-1] DEBUG o.a.netty.channel.ChannelManager - Adding key: http://localhost:10889 for channel [id: 0x7c68b8df, L:/127.0.0.1:64390 - R:localhost/127.0.0.1:10889]
15:50:25.790 [Forwarding getElementAttribute on session 14f61660-7bcc-4279-b6a3-7163a94e0626 to remote] DEBUG o.a.netty.request.NettyRequestSender - Using pooled Channel '[id: 0x7c68b8df, L:/127.0.0.1:64390 - R:localhost/127.0.0.1:10889]' for 'POST' to 'http://localhost:10889/session/14f61660-7bcc-4279-b6a3-7163a94e0626/execute/sync'
15:50:25.791 [Forwarding getElementAttribute on session 14f61660-7bcc-4279-b6a3-7163a94e0626 to remote] DEBUG o.a.netty.request.NettyRequestSender - Using open Channel [id: 0x7c68b8df, L:/127.0.0.1:64390 - R:localhost/127.0.0.1:10889] for POST '/session/14f61660-7bcc-4279-b6a3-7163a94e0626/execute/sync'
15:50:25.803 [AsyncHttpClient-3-1] DEBUG o.a.netty.handler.HttpHandler - 

Request DefaultHttpRequest(decodeResult: success, version: HTTP/1.1)
POST /session/14f61660-7bcc-4279-b6a3-7163a94e0626/execute/sync HTTP/1.1
User-Agent: selenium/4.0.0-alpha-5 (java windows)
Content-Length: 39635
Content-Type: application/json; charset=utf-8
host: localhost:10889
accept: */*

Response DefaultHttpResponse(decodeResult: success, version: HTTP/1.1)
HTTP/1.1 200 OK
content-type: application/json; charset=utf-8
cache-control: no-cache
content-length: 15
date: Thu, 25 Jun 2020 12:50:25 GMT

15:50:25.803 [AsyncHttpClient-3-1] DEBUG o.a.netty.channel.ChannelManager - Adding key: http://localhost:10889 for channel [id: 0x7c68b8df, L:/127.0.0.1:64390 - R:localhost/127.0.0.1:10889]
15:50:25.804 [Forwarding findChildElement on session 14f61660-7bcc-4279-b6a3-7163a94e0626 to remote] DEBUG o.a.netty.request.NettyRequestSender - Using pooled Channel '[id: 0x7c68b8df, L:/127.0.0.1:64390 - R:localhost/127.0.0.1:10889]' for 'POST' to 'http://localhost:10889/session/14f61660-7bcc-4279-b6a3-7163a94e0626/element/1ece44d9-064a-4d30-b220-ed89f70a4a50/element'
15:50:25.804 [Forwarding findChildElement on session 14f61660-7bcc-4279-b6a3-7163a94e0626 to remote] DEBUG o.a.netty.request.NettyRequestSender - Using open Channel [id: 0x7c68b8df, L:/127.0.0.1:64390 - R:localhost/127.0.0.1:10889] for POST '/session/14f61660-7bcc-4279-b6a3-7163a94e0626/element/1ece44d9-064a-4d30-b220-ed89f70a4a50/element'
15:50:25.807 [AsyncHttpClient-3-1] DEBUG o.a.netty.handler.HttpHandler - 

Request DefaultHttpRequest(decodeResult: success, version: HTTP/1.1)
POST /session/14f61660-7bcc-4279-b6a3-7163a94e0626/element/1ece44d9-064a-4d30-b220-ed89f70a4a50/element HTTP/1.1
User-Agent: selenium/4.0.0-alpha-5 (java windows)
Content-Length: 103
Content-Type: application/json; charset=utf-8
host: localhost:10889
accept: */*

Response DefaultHttpResponse(decodeResult: success, version: HTTP/1.1)
HTTP/1.1 200 OK
content-type: application/json; charset=utf-8
cache-control: no-cache
content-length: 88
date: Thu, 25 Jun 2020 12:50:25 GMT

15:50:25.807 [AsyncHttpClient-3-1] DEBUG o.a.netty.channel.ChannelManager - Adding key: http://localhost:10889 for channel [id: 0x7c68b8df, L:/127.0.0.1:64390 - R:localhost/127.0.0.1:10889]
15:50:25.808 [Forwarding getElementText on session 14f61660-7bcc-4279-b6a3-7163a94e0626 to remote] DEBUG o.a.netty.request.NettyRequestSender - Using pooled Channel '[id: 0x7c68b8df, L:/127.0.0.1:64390 - R:localhost/127.0.0.1:10889]' for 'GET' to 'http://localhost:10889/session/14f61660-7bcc-4279-b6a3-7163a94e0626/element/dd032974-4dc7-4479-b06d-95c0f7622d98/text'
15:50:25.808 [Forwarding getElementText on session 14f61660-7bcc-4279-b6a3-7163a94e0626 to remote] DEBUG o.a.netty.request.NettyRequestSender - Using open Channel [id: 0x7c68b8df, L:/127.0.0.1:64390 - R:localhost/127.0.0.1:10889] for GET '/session/14f61660-7bcc-4279-b6a3-7163a94e0626/element/dd032974-4dc7-4479-b06d-95c0f7622d98/text'
15:50:25.812 [AsyncHttpClient-3-1] DEBUG o.a.netty.handler.HttpHandler - 

Request DefaultFullHttpRequest(decodeResult: success, version: HTTP/1.1, content: EmptyByteBufBE)
GET /session/14f61660-7bcc-4279-b6a3-7163a94e0626/element/dd032974-4dc7-4479-b06d-95c0f7622d98/text HTTP/1.1
User-Agent: selenium/4.0.0-alpha-5 (java windows)
Cache-Control: no-cache
host: localhost:10889
accept: */*

Response DefaultHttpResponse(decodeResult: success, version: HTTP/1.1)
HTTP/1.1 200 OK
content-type: application/json; charset=utf-8
cache-control: no-cache
content-length: 18
date: Thu, 25 Jun 2020 12:50:25 GMT

15:50:25.812 [AsyncHttpClient-3-1] DEBUG o.a.netty.channel.ChannelManager - Adding key: http://localhost:10889 for channel [id: 0x7c68b8df, L:/127.0.0.1:64390 - R:localhost/127.0.0.1:10889]
15:50:25.812 [Forwarding findChildElement on session 14f61660-7bcc-4279-b6a3-7163a94e0626 to remote] DEBUG o.a.netty.request.NettyRequestSender - Using pooled Channel '[id: 0x7c68b8df, L:/127.0.0.1:64390 - R:localhost/127.0.0.1:10889]' for 'POST' to 'http://localhost:10889/session/14f61660-7bcc-4279-b6a3-7163a94e0626/element/1ece44d9-064a-4d30-b220-ed89f70a4a50/element'
15:50:25.812 [Forwarding findChildElement on session 14f61660-7bcc-4279-b6a3-7163a94e0626 to remote] DEBUG o.a.netty.request.NettyRequestSender - Using open Channel [id: 0x7c68b8df, L:/127.0.0.1:64390 - R:localhost/127.0.0.1:10889] for POST '/session/14f61660-7bcc-4279-b6a3-7163a94e0626/element/1ece44d9-064a-4d30-b220-ed89f70a4a50/element'
15:50:25.816 [AsyncHttpClient-3-1] DEBUG o.a.netty.handler.HttpHandler - 

Request DefaultHttpRequest(decodeResult: success, version: HTTP/1.1)
POST /session/14f61660-7bcc-4279-b6a3-7163a94e0626/element/1ece44d9-064a-4d30-b220-ed89f70a4a50/element HTTP/1.1
User-Agent: selenium/4.0.0-alpha-5 (java windows)
Content-Length: 103
Content-Type: application/json; charset=utf-8
host: localhost:10889
accept: */*

Response DefaultHttpResponse(decodeResult: success, version: HTTP/1.1)
HTTP/1.1 200 OK
content-type: application/json; charset=utf-8
cache-control: no-cache
content-length: 88
date: Thu, 25 Jun 2020 12:50:25 GMT

15:50:25.816 [AsyncHttpClient-3-1] DEBUG o.a.netty.channel.ChannelManager - Adding key: http://localhost:10889 for channel [id: 0x7c68b8df, L:/127.0.0.1:64390 - R:localhost/127.0.0.1:10889]
15:50:25.817 [Forwarding getElementText on session 14f61660-7bcc-4279-b6a3-7163a94e0626 to remote] DEBUG o.a.netty.request.NettyRequestSender - Using pooled Channel '[id: 0x7c68b8df, L:/127.0.0.1:64390 - R:localhost/127.0.0.1:10889]' for 'GET' to 'http://localhost:10889/session/14f61660-7bcc-4279-b6a3-7163a94e0626/element/ca2ed684-3570-432c-82b8-19153b05e99f/text'
15:50:25.817 [Forwarding getElementText on session 14f61660-7bcc-4279-b6a3-7163a94e0626 to remote] DEBUG o.a.netty.request.NettyRequestSender - Using open Channel [id: 0x7c68b8df, L:/127.0.0.1:64390 - R:localhost/127.0.0.1:10889] for GET '/session/14f61660-7bcc-4279-b6a3-7163a94e0626/element/ca2ed684-3570-432c-82b8-19153b05e99f/text'
15:50:25.822 [AsyncHttpClient-3-1] DEBUG o.a.netty.handler.HttpHandler - 

Request DefaultFullHttpRequest(decodeResult: success, version: HTTP/1.1, content: EmptyByteBufBE)
GET /session/14f61660-7bcc-4279-b6a3-7163a94e0626/element/ca2ed684-3570-432c-82b8-19153b05e99f/text HTTP/1.1
User-Agent: selenium/4.0.0-alpha-5 (java windows)
Cache-Control: no-cache
host: localhost:10889
accept: */*

Response DefaultHttpResponse(decodeResult: success, version: HTTP/1.1)
HTTP/1.1 200 OK
content-type: application/json; charset=utf-8
cache-control: no-cache
content-length: 22
date: Thu, 25 Jun 2020 12:50:25 GMT

15:50:25.822 [AsyncHttpClient-3-1] DEBUG o.a.netty.channel.ChannelManager - Adding key: http://localhost:10889 for channel [id: 0x7c68b8df, L:/127.0.0.1:64390 - R:localhost/127.0.0.1:10889]
15:50:25.822 [Forwarding findChildElement on session 14f61660-7bcc-4279-b6a3-7163a94e0626 to remote] DEBUG o.a.netty.request.NettyRequestSender - Using pooled Channel '[id: 0x7c68b8df, L:/127.0.0.1:64390 - R:localhost/127.0.0.1:10889]' for 'POST' to 'http://localhost:10889/session/14f61660-7bcc-4279-b6a3-7163a94e0626/element/1ece44d9-064a-4d30-b220-ed89f70a4a50/element'
15:50:25.822 [Forwarding findChildElement on session 14f61660-7bcc-4279-b6a3-7163a94e0626 to remote] DEBUG o.a.netty.request.NettyRequestSender - Using open Channel [id: 0x7c68b8df, L:/127.0.0.1:64390 - R:localhost/127.0.0.1:10889] for POST '/session/14f61660-7bcc-4279-b6a3-7163a94e0626/element/1ece44d9-064a-4d30-b220-ed89f70a4a50/element'
15:50:25.826 [AsyncHttpClient-3-1] DEBUG o.a.netty.handler.HttpHandler - 

Request DefaultHttpRequest(decodeResult: success, version: HTTP/1.1)
POST /session/14f61660-7bcc-4279-b6a3-7163a94e0626/element/1ece44d9-064a-4d30-b220-ed89f70a4a50/element HTTP/1.1
User-Agent: selenium/4.0.0-alpha-5 (java windows)
Content-Length: 103
Content-Type: application/json; charset=utf-8
host: localhost:10889
accept: */*

Response DefaultHttpResponse(decodeResult: success, version: HTTP/1.1)
HTTP/1.1 200 OK
content-type: application/json; charset=utf-8
cache-control: no-cache
content-length: 88
date: Thu, 25 Jun 2020 12:50:25 GMT

15:50:25.826 [AsyncHttpClient-3-1] DEBUG o.a.netty.channel.ChannelManager - Adding key: http://localhost:10889 for channel [id: 0x7c68b8df, L:/127.0.0.1:64390 - R:localhost/127.0.0.1:10889]
15:50:25.826 [Forwarding getElementText on session 14f61660-7bcc-4279-b6a3-7163a94e0626 to remote] DEBUG o.a.netty.request.NettyRequestSender - Using pooled Channel '[id: 0x7c68b8df, L:/127.0.0.1:64390 - R:localhost/127.0.0.1:10889]' for 'GET' to 'http://localhost:10889/session/14f61660-7bcc-4279-b6a3-7163a94e0626/element/1b68f191-3421-47cf-aad4-cf3464c76dd3/text'
15:50:25.827 [Forwarding getElementText on session 14f61660-7bcc-4279-b6a3-7163a94e0626 to remote] DEBUG o.a.netty.request.NettyRequestSender - Using open Channel [id: 0x7c68b8df, L:/127.0.0.1:64390 - R:localhost/127.0.0.1:10889] for GET '/session/14f61660-7bcc-4279-b6a3-7163a94e0626/element/1b68f191-3421-47cf-aad4-cf3464c76dd3/text'
15:50:25.831 [AsyncHttpClient-3-1] DEBUG o.a.netty.handler.HttpHandler - 

Request DefaultFullHttpRequest(decodeResult: success, version: HTTP/1.1, content: EmptyByteBufBE)
GET /session/14f61660-7bcc-4279-b6a3-7163a94e0626/element/1b68f191-3421-47cf-aad4-cf3464c76dd3/text HTTP/1.1
User-Agent: selenium/4.0.0-alpha-5 (java windows)
Cache-Control: no-cache
host: localhost:10889
accept: */*

Response DefaultHttpResponse(decodeResult: success, version: HTTP/1.1)
HTTP/1.1 200 OK
content-type: application/json; charset=utf-8
cache-control: no-cache
content-length: 21
date: Thu, 25 Jun 2020 12:50:25 GMT

15:50:25.831 [AsyncHttpClient-3-1] DEBUG o.a.netty.channel.ChannelManager - Adding key: http://localhost:10889 for channel [id: 0x7c68b8df, L:/127.0.0.1:64390 - R:localhost/127.0.0.1:10889]
15:50:25.832 [Forwarding findChildElement on session 14f61660-7bcc-4279-b6a3-7163a94e0626 to remote] DEBUG o.a.netty.request.NettyRequestSender - Using pooled Channel '[id: 0x7c68b8df, L:/127.0.0.1:64390 - R:localhost/127.0.0.1:10889]' for 'POST' to 'http://localhost:10889/session/14f61660-7bcc-4279-b6a3-7163a94e0626/element/1ece44d9-064a-4d30-b220-ed89f70a4a50/element'
15:50:25.832 [Forwarding findChildElement on session 14f61660-7bcc-4279-b6a3-7163a94e0626 to remote] DEBUG o.a.netty.request.NettyRequestSender - Using open Channel [id: 0x7c68b8df, L:/127.0.0.1:64390 - R:localhost/127.0.0.1:10889] for POST '/session/14f61660-7bcc-4279-b6a3-7163a94e0626/element/1ece44d9-064a-4d30-b220-ed89f70a4a50/element'
15:50:25.835 [AsyncHttpClient-3-1] DEBUG o.a.netty.handler.HttpHandler - 

Request DefaultHttpRequest(decodeResult: success, version: HTTP/1.1)
POST /session/14f61660-7bcc-4279-b6a3-7163a94e0626/element/1ece44d9-064a-4d30-b220-ed89f70a4a50/element HTTP/1.1
User-Agent: selenium/4.0.0-alpha-5 (java windows)
Content-Length: 103
Content-Type: application/json; charset=utf-8
host: localhost:10889
accept: */*

Response DefaultHttpResponse(decodeResult: success, version: HTTP/1.1)
HTTP/1.1 200 OK
content-type: application/json; charset=utf-8
cache-control: no-cache
content-length: 88
date: Thu, 25 Jun 2020 12:50:25 GMT

15:50:25.835 [AsyncHttpClient-3-1] DEBUG o.a.netty.channel.ChannelManager - Adding key: http://localhost:10889 for channel [id: 0x7c68b8df, L:/127.0.0.1:64390 - R:localhost/127.0.0.1:10889]
15:50:25.835 [Forwarding getElementText on session 14f61660-7bcc-4279-b6a3-7163a94e0626 to remote] DEBUG o.a.netty.request.NettyRequestSender - Using pooled Channel '[id: 0x7c68b8df, L:/127.0.0.1:64390 - R:localhost/127.0.0.1:10889]' for 'GET' to 'http://localhost:10889/session/14f61660-7bcc-4279-b6a3-7163a94e0626/element/4c476c3a-503c-43d4-91cd-510f19c809a8/text'
15:50:25.835 [Forwarding getElementText on session 14f61660-7bcc-4279-b6a3-7163a94e0626 to remote] DEBUG o.a.netty.request.NettyRequestSender - Using open Channel [id: 0x7c68b8df, L:/127.0.0.1:64390 - R:localhost/127.0.0.1:10889] for GET '/session/14f61660-7bcc-4279-b6a3-7163a94e0626/element/4c476c3a-503c-43d4-91cd-510f19c809a8/text'
15:50:25.840 [AsyncHttpClient-3-1] DEBUG o.a.netty.handler.HttpHandler - 

Request DefaultFullHttpRequest(decodeResult: success, version: HTTP/1.1, content: EmptyByteBufBE)
GET /session/14f61660-7bcc-4279-b6a3-7163a94e0626/element/4c476c3a-503c-43d4-91cd-510f19c809a8/text HTTP/1.1
User-Agent: selenium/4.0.0-alpha-5 (java windows)
Cache-Control: no-cache
host: localhost:10889
accept: */*

Response DefaultHttpResponse(decodeResult: success, version: HTTP/1.1)
HTTP/1.1 200 OK
content-type: application/json; charset=utf-8
cache-control: no-cache
content-length: 45
date: Thu, 25 Jun 2020 12:50:25 GMT

15:50:25.840 [AsyncHttpClient-3-1] DEBUG o.a.netty.channel.ChannelManager - Adding key: http://localhost:10889 for channel [id: 0x7c68b8df, L:/127.0.0.1:64390 - R:localhost/127.0.0.1:10889]
15:50:25.840 [Forwarding findChildElement on session 14f61660-7bcc-4279-b6a3-7163a94e0626 to remote] DEBUG o.a.netty.request.NettyRequestSender - Using pooled Channel '[id: 0x7c68b8df, L:/127.0.0.1:64390 - R:localhost/127.0.0.1:10889]' for 'POST' to 'http://localhost:10889/session/14f61660-7bcc-4279-b6a3-7163a94e0626/element/1ece44d9-064a-4d30-b220-ed89f70a4a50/element'
15:50:25.840 [Forwarding findChildElement on session 14f61660-7bcc-4279-b6a3-7163a94e0626 to remote] DEBUG o.a.netty.request.NettyRequestSender - Using open Channel [id: 0x7c68b8df, L:/127.0.0.1:64390 - R:localhost/127.0.0.1:10889] for POST '/session/14f61660-7bcc-4279-b6a3-7163a94e0626/element/1ece44d9-064a-4d30-b220-ed89f70a4a50/element'
15:50:25.844 [AsyncHttpClient-3-1] DEBUG o.a.netty.handler.HttpHandler - 

Request DefaultHttpRequest(decodeResult: success, version: HTTP/1.1)
POST /session/14f61660-7bcc-4279-b6a3-7163a94e0626/element/1ece44d9-064a-4d30-b220-ed89f70a4a50/element HTTP/1.1
User-Agent: selenium/4.0.0-alpha-5 (java windows)
Content-Length: 103
Content-Type: application/json; charset=utf-8
host: localhost:10889
accept: */*

Response DefaultHttpResponse(decodeResult: success, version: HTTP/1.1)
HTTP/1.1 200 OK
content-type: application/json; charset=utf-8
cache-control: no-cache
content-length: 88
date: Thu, 25 Jun 2020 12:50:25 GMT

15:50:25.844 [AsyncHttpClient-3-1] DEBUG o.a.netty.channel.ChannelManager - Adding key: http://localhost:10889 for channel [id: 0x7c68b8df, L:/127.0.0.1:64390 - R:localhost/127.0.0.1:10889]
15:50:25.844 [Forwarding getElementText on session 14f61660-7bcc-4279-b6a3-7163a94e0626 to remote] DEBUG o.a.netty.request.NettyRequestSender - Using pooled Channel '[id: 0x7c68b8df, L:/127.0.0.1:64390 - R:localhost/127.0.0.1:10889]' for 'GET' to 'http://localhost:10889/session/14f61660-7bcc-4279-b6a3-7163a94e0626/element/ffb37ba4-8ec2-4cae-857c-3be1c436896c/text'
15:50:25.844 [Forwarding getElementText on session 14f61660-7bcc-4279-b6a3-7163a94e0626 to remote] DEBUG o.a.netty.request.NettyRequestSender - Using open Channel [id: 0x7c68b8df, L:/127.0.0.1:64390 - R:localhost/127.0.0.1:10889] for GET '/session/14f61660-7bcc-4279-b6a3-7163a94e0626/element/ffb37ba4-8ec2-4cae-857c-3be1c436896c/text'
15:50:25.852 [AsyncHttpClient-3-1] DEBUG o.a.netty.handler.HttpHandler - 

Request DefaultFullHttpRequest(decodeResult: success, version: HTTP/1.1, content: EmptyByteBufBE)
GET /session/14f61660-7bcc-4279-b6a3-7163a94e0626/element/ffb37ba4-8ec2-4cae-857c-3be1c436896c/text HTTP/1.1
User-Agent: selenium/4.0.0-alpha-5 (java windows)
Cache-Control: no-cache
host: localhost:10889
accept: */*

Response DefaultHttpResponse(decodeResult: success, version: HTTP/1.1)
HTTP/1.1 200 OK
content-type: application/json; charset=utf-8
cache-control: no-cache
content-length: 57
date: Thu, 25 Jun 2020 12:50:25 GMT

15:50:25.852 [AsyncHttpClient-3-1] DEBUG o.a.netty.channel.ChannelManager - Adding key: http://localhost:10889 for channel [id: 0x7c68b8df, L:/127.0.0.1:64390 - R:localhost/127.0.0.1:10889]
15:50:25.852 [Forwarding findChildElement on session 14f61660-7bcc-4279-b6a3-7163a94e0626 to remote] DEBUG o.a.netty.request.NettyRequestSender - Using pooled Channel '[id: 0x7c68b8df, L:/127.0.0.1:64390 - R:localhost/127.0.0.1:10889]' for 'POST' to 'http://localhost:10889/session/14f61660-7bcc-4279-b6a3-7163a94e0626/element/1ece44d9-064a-4d30-b220-ed89f70a4a50/element'
15:50:25.852 [Forwarding findChildElement on session 14f61660-7bcc-4279-b6a3-7163a94e0626 to remote] DEBUG o.a.netty.request.NettyRequestSender - Using open Channel [id: 0x7c68b8df, L:/127.0.0.1:64390 - R:localhost/127.0.0.1:10889] for POST '/session/14f61660-7bcc-4279-b6a3-7163a94e0626/element/1ece44d9-064a-4d30-b220-ed89f70a4a50/element'
15:50:25.856 [AsyncHttpClient-3-1] DEBUG o.a.netty.handler.HttpHandler - 

Request DefaultHttpRequest(decodeResult: success, version: HTTP/1.1)
POST /session/14f61660-7bcc-4279-b6a3-7163a94e0626/element/1ece44d9-064a-4d30-b220-ed89f70a4a50/element HTTP/1.1
User-Agent: selenium/4.0.0-alpha-5 (java windows)
Content-Length: 97
Content-Type: application/json; charset=utf-8
host: localhost:10889
accept: */*

Response DefaultHttpResponse(decodeResult: success, version: HTTP/1.1)
HTTP/1.1 200 OK
content-type: application/json; charset=utf-8
cache-control: no-cache
content-length: 88
date: Thu, 25 Jun 2020 12:50:25 GMT

15:50:25.856 [AsyncHttpClient-3-1] DEBUG o.a.netty.channel.ChannelManager - Adding key: http://localhost:10889 for channel [id: 0x7c68b8df, L:/127.0.0.1:64390 - R:localhost/127.0.0.1:10889]
15:50:25.860 [Forwarding getElementAttribute on session 14f61660-7bcc-4279-b6a3-7163a94e0626 to remote] DEBUG o.a.netty.request.NettyRequestSender - Using pooled Channel '[id: 0x7c68b8df, L:/127.0.0.1:64390 - R:localhost/127.0.0.1:10889]' for 'POST' to 'http://localhost:10889/session/14f61660-7bcc-4279-b6a3-7163a94e0626/execute/sync'
15:50:25.860 [Forwarding getElementAttribute on session 14f61660-7bcc-4279-b6a3-7163a94e0626 to remote] DEBUG o.a.netty.request.NettyRequestSender - Using open Channel [id: 0x7c68b8df, L:/127.0.0.1:64390 - R:localhost/127.0.0.1:10889] for POST '/session/14f61660-7bcc-4279-b6a3-7163a94e0626/execute/sync'
15:50:25.872 [AsyncHttpClient-3-1] DEBUG o.a.netty.handler.HttpHandler - 

Request DefaultHttpRequest(decodeResult: success, version: HTTP/1.1)
POST /session/14f61660-7bcc-4279-b6a3-7163a94e0626/execute/sync HTTP/1.1
User-Agent: selenium/4.0.0-alpha-5 (java windows)
Content-Length: 39635
Content-Type: application/json; charset=utf-8
host: localhost:10889
accept: */*

Response DefaultHttpResponse(decodeResult: success, version: HTTP/1.1)
HTTP/1.1 200 OK
content-type: application/json; charset=utf-8
cache-control: no-cache
content-length: 15
date: Thu, 25 Jun 2020 12:50:25 GMT

15:50:25.872 [AsyncHttpClient-3-1] DEBUG o.a.netty.channel.ChannelManager - Adding key: http://localhost:10889 for channel [id: 0x7c68b8df, L:/127.0.0.1:64390 - R:localhost/127.0.0.1:10889]
15:50:25.873 [Forwarding findChildElement on session 14f61660-7bcc-4279-b6a3-7163a94e0626 to remote] DEBUG o.a.netty.request.NettyRequestSender - Using pooled Channel '[id: 0x7c68b8df, L:/127.0.0.1:64390 - R:localhost/127.0.0.1:10889]' for 'POST' to 'http://localhost:10889/session/14f61660-7bcc-4279-b6a3-7163a94e0626/element/8f2bb98e-927a-4ecf-b914-91cffaa0f5b2/element'
15:50:25.873 [Forwarding findChildElement on session 14f61660-7bcc-4279-b6a3-7163a94e0626 to remote] DEBUG o.a.netty.request.NettyRequestSender - Using open Channel [id: 0x7c68b8df, L:/127.0.0.1:64390 - R:localhost/127.0.0.1:10889] for POST '/session/14f61660-7bcc-4279-b6a3-7163a94e0626/element/8f2bb98e-927a-4ecf-b914-91cffaa0f5b2/element'
15:50:25.876 [AsyncHttpClient-3-1] DEBUG o.a.netty.handler.HttpHandler - 

Request DefaultHttpRequest(decodeResult: success, version: HTTP/1.1)
POST /session/14f61660-7bcc-4279-b6a3-7163a94e0626/element/8f2bb98e-927a-4ecf-b914-91cffaa0f5b2/element HTTP/1.1
User-Agent: selenium/4.0.0-alpha-5 (java windows)
Content-Length: 103
Content-Type: application/json; charset=utf-8
host: localhost:10889
accept: */*

Response DefaultHttpResponse(decodeResult: success, version: HTTP/1.1)
HTTP/1.1 200 OK
content-type: application/json; charset=utf-8
cache-control: no-cache
content-length: 88
date: Thu, 25 Jun 2020 12:50:25 GMT

15:50:25.876 [AsyncHttpClient-3-1] DEBUG o.a.netty.channel.ChannelManager - Adding key: http://localhost:10889 for channel [id: 0x7c68b8df, L:/127.0.0.1:64390 - R:localhost/127.0.0.1:10889]
15:50:25.877 [Forwarding getElementText on session 14f61660-7bcc-4279-b6a3-7163a94e0626 to remote] DEBUG o.a.netty.request.NettyRequestSender - Using pooled Channel '[id: 0x7c68b8df, L:/127.0.0.1:64390 - R:localhost/127.0.0.1:10889]' for 'GET' to 'http://localhost:10889/session/14f61660-7bcc-4279-b6a3-7163a94e0626/element/86c72f8d-0247-4668-996d-76a718bf5a85/text'
15:50:25.877 [Forwarding getElementText on session 14f61660-7bcc-4279-b6a3-7163a94e0626 to remote] DEBUG o.a.netty.request.NettyRequestSender - Using open Channel [id: 0x7c68b8df, L:/127.0.0.1:64390 - R:localhost/127.0.0.1:10889] for GET '/session/14f61660-7bcc-4279-b6a3-7163a94e0626/element/86c72f8d-0247-4668-996d-76a718bf5a85/text'
15:50:25.881 [AsyncHttpClient-3-1] DEBUG o.a.netty.handler.HttpHandler - 

Request DefaultFullHttpRequest(decodeResult: success, version: HTTP/1.1, content: EmptyByteBufBE)
GET /session/14f61660-7bcc-4279-b6a3-7163a94e0626/element/86c72f8d-0247-4668-996d-76a718bf5a85/text HTTP/1.1
User-Agent: selenium/4.0.0-alpha-5 (java windows)
Cache-Control: no-cache
host: localhost:10889
accept: */*

Response DefaultHttpResponse(decodeResult: success, version: HTTP/1.1)
HTTP/1.1 200 OK
content-type: application/json; charset=utf-8
cache-control: no-cache
content-length: 18
date: Thu, 25 Jun 2020 12:50:25 GMT

15:50:25.881 [AsyncHttpClient-3-1] DEBUG o.a.netty.channel.ChannelManager - Adding key: http://localhost:10889 for channel [id: 0x7c68b8df, L:/127.0.0.1:64390 - R:localhost/127.0.0.1:10889]
15:50:25.882 [Forwarding findChildElement on session 14f61660-7bcc-4279-b6a3-7163a94e0626 to remote] DEBUG o.a.netty.request.NettyRequestSender - Using pooled Channel '[id: 0x7c68b8df, L:/127.0.0.1:64390 - R:localhost/127.0.0.1:10889]' for 'POST' to 'http://localhost:10889/session/14f61660-7bcc-4279-b6a3-7163a94e0626/element/8f2bb98e-927a-4ecf-b914-91cffaa0f5b2/element'
15:50:25.882 [Forwarding findChildElement on session 14f61660-7bcc-4279-b6a3-7163a94e0626 to remote] DEBUG o.a.netty.request.NettyRequestSender - Using open Channel [id: 0x7c68b8df, L:/127.0.0.1:64390 - R:localhost/127.0.0.1:10889] for POST '/session/14f61660-7bcc-4279-b6a3-7163a94e0626/element/8f2bb98e-927a-4ecf-b914-91cffaa0f5b2/element'
15:50:25.886 [AsyncHttpClient-3-1] DEBUG o.a.netty.handler.HttpHandler - 

Request DefaultHttpRequest(decodeResult: success, version: HTTP/1.1)
POST /session/14f61660-7bcc-4279-b6a3-7163a94e0626/element/8f2bb98e-927a-4ecf-b914-91cffaa0f5b2/element HTTP/1.1
User-Agent: selenium/4.0.0-alpha-5 (java windows)
Content-Length: 103
Content-Type: application/json; charset=utf-8
host: localhost:10889
accept: */*

Response DefaultHttpResponse(decodeResult: success, version: HTTP/1.1)
HTTP/1.1 200 OK
content-type: application/json; charset=utf-8
cache-control: no-cache
content-length: 88
date: Thu, 25 Jun 2020 12:50:25 GMT

15:50:25.886 [AsyncHttpClient-3-1] DEBUG o.a.netty.channel.ChannelManager - Adding key: http://localhost:10889 for channel [id: 0x7c68b8df, L:/127.0.0.1:64390 - R:localhost/127.0.0.1:10889]
15:50:25.886 [Forwarding getElementText on session 14f61660-7bcc-4279-b6a3-7163a94e0626 to remote] DEBUG o.a.netty.request.NettyRequestSender - Using pooled Channel '[id: 0x7c68b8df, L:/127.0.0.1:64390 - R:localhost/127.0.0.1:10889]' for 'GET' to 'http://localhost:10889/session/14f61660-7bcc-4279-b6a3-7163a94e0626/element/8faafc8e-3089-4529-8fec-3388471611fb/text'
15:50:25.887 [Forwarding getElementText on session 14f61660-7bcc-4279-b6a3-7163a94e0626 to remote] DEBUG o.a.netty.request.NettyRequestSender - Using open Channel [id: 0x7c68b8df, L:/127.0.0.1:64390 - R:localhost/127.0.0.1:10889] for GET '/session/14f61660-7bcc-4279-b6a3-7163a94e0626/element/8faafc8e-3089-4529-8fec-3388471611fb/text'
15:50:25.896 [AsyncHttpClient-3-1] DEBUG o.a.netty.handler.HttpHandler - 

Request DefaultFullHttpRequest(decodeResult: success, version: HTTP/1.1, content: EmptyByteBufBE)
GET /session/14f61660-7bcc-4279-b6a3-7163a94e0626/element/8faafc8e-3089-4529-8fec-3388471611fb/text HTTP/1.1
User-Agent: selenium/4.0.0-alpha-5 (java windows)
Cache-Control: no-cache
host: localhost:10889
accept: */*

Response DefaultHttpResponse(decodeResult: success, version: HTTP/1.1)
HTTP/1.1 200 OK
content-type: application/json; charset=utf-8
cache-control: no-cache
content-length: 22
date: Thu, 25 Jun 2020 12:50:25 GMT

15:50:25.896 [AsyncHttpClient-3-1] DEBUG o.a.netty.channel.ChannelManager - Adding key: http://localhost:10889 for channel [id: 0x7c68b8df, L:/127.0.0.1:64390 - R:localhost/127.0.0.1:10889]
15:50:25.897 [Forwarding findChildElement on session 14f61660-7bcc-4279-b6a3-7163a94e0626 to remote] DEBUG o.a.netty.request.NettyRequestSender - Using pooled Channel '[id: 0x7c68b8df, L:/127.0.0.1:64390 - R:localhost/127.0.0.1:10889]' for 'POST' to 'http://localhost:10889/session/14f61660-7bcc-4279-b6a3-7163a94e0626/element/8f2bb98e-927a-4ecf-b914-91cffaa0f5b2/element'
15:50:25.897 [Forwarding findChildElement on session 14f61660-7bcc-4279-b6a3-7163a94e0626 to remote] DEBUG o.a.netty.request.NettyRequestSender - Using open Channel [id: 0x7c68b8df, L:/127.0.0.1:64390 - R:localhost/127.0.0.1:10889] for POST '/session/14f61660-7bcc-4279-b6a3-7163a94e0626/element/8f2bb98e-927a-4ecf-b914-91cffaa0f5b2/element'
15:50:25.901 [AsyncHttpClient-3-1] DEBUG o.a.netty.handler.HttpHandler - 

Request DefaultHttpRequest(decodeResult: success, version: HTTP/1.1)
POST /session/14f61660-7bcc-4279-b6a3-7163a94e0626/element/8f2bb98e-927a-4ecf-b914-91cffaa0f5b2/element HTTP/1.1
User-Agent: selenium/4.0.0-alpha-5 (java windows)
Content-Length: 103
Content-Type: application/json; charset=utf-8
host: localhost:10889
accept: */*

Response DefaultHttpResponse(decodeResult: success, version: HTTP/1.1)
HTTP/1.1 200 OK
content-type: application/json; charset=utf-8
cache-control: no-cache
content-length: 88
date: Thu, 25 Jun 2020 12:50:25 GMT

15:50:25.901 [AsyncHttpClient-3-1] DEBUG o.a.netty.channel.ChannelManager - Adding key: http://localhost:10889 for channel [id: 0x7c68b8df, L:/127.0.0.1:64390 - R:localhost/127.0.0.1:10889]
15:50:25.901 [Forwarding getElementText on session 14f61660-7bcc-4279-b6a3-7163a94e0626 to remote] DEBUG o.a.netty.request.NettyRequestSender - Using pooled Channel '[id: 0x7c68b8df, L:/127.0.0.1:64390 - R:localhost/127.0.0.1:10889]' for 'GET' to 'http://localhost:10889/session/14f61660-7bcc-4279-b6a3-7163a94e0626/element/a25bc7e7-2c7d-455c-b463-67bcf0ef056b/text'
15:50:25.901 [Forwarding getElementText on session 14f61660-7bcc-4279-b6a3-7163a94e0626 to remote] DEBUG o.a.netty.request.NettyRequestSender - Using open Channel [id: 0x7c68b8df, L:/127.0.0.1:64390 - R:localhost/127.0.0.1:10889] for GET '/session/14f61660-7bcc-4279-b6a3-7163a94e0626/element/a25bc7e7-2c7d-455c-b463-67bcf0ef056b/text'
15:50:25.906 [AsyncHttpClient-3-1] DEBUG o.a.netty.handler.HttpHandler - 

Request DefaultFullHttpRequest(decodeResult: success, version: HTTP/1.1, content: EmptyByteBufBE)
GET /session/14f61660-7bcc-4279-b6a3-7163a94e0626/element/a25bc7e7-2c7d-455c-b463-67bcf0ef056b/text HTTP/1.1
User-Agent: selenium/4.0.0-alpha-5 (java windows)
Cache-Control: no-cache
host: localhost:10889
accept: */*

Response DefaultHttpResponse(decodeResult: success, version: HTTP/1.1)
HTTP/1.1 200 OK
content-type: application/json; charset=utf-8
cache-control: no-cache
content-length: 21
date: Thu, 25 Jun 2020 12:50:25 GMT

15:50:25.906 [AsyncHttpClient-3-1] DEBUG o.a.netty.channel.ChannelManager - Adding key: http://localhost:10889 for channel [id: 0x7c68b8df, L:/127.0.0.1:64390 - R:localhost/127.0.0.1:10889]
15:50:25.906 [Forwarding findChildElement on session 14f61660-7bcc-4279-b6a3-7163a94e0626 to remote] DEBUG o.a.netty.request.NettyRequestSender - Using pooled Channel '[id: 0x7c68b8df, L:/127.0.0.1:64390 - R:localhost/127.0.0.1:10889]' for 'POST' to 'http://localhost:10889/session/14f61660-7bcc-4279-b6a3-7163a94e0626/element/8f2bb98e-927a-4ecf-b914-91cffaa0f5b2/element'
15:50:25.906 [Forwarding findChildElement on session 14f61660-7bcc-4279-b6a3-7163a94e0626 to remote] DEBUG o.a.netty.request.NettyRequestSender - Using open Channel [id: 0x7c68b8df, L:/127.0.0.1:64390 - R:localhost/127.0.0.1:10889] for POST '/session/14f61660-7bcc-4279-b6a3-7163a94e0626/element/8f2bb98e-927a-4ecf-b914-91cffaa0f5b2/element'
15:50:25.910 [AsyncHttpClient-3-1] DEBUG o.a.netty.handler.HttpHandler - 

Request DefaultHttpRequest(decodeResult: success, version: HTTP/1.1)
POST /session/14f61660-7bcc-4279-b6a3-7163a94e0626/element/8f2bb98e-927a-4ecf-b914-91cffaa0f5b2/element HTTP/1.1
User-Agent: selenium/4.0.0-alpha-5 (java windows)
Content-Length: 103
Content-Type: application/json; charset=utf-8
host: localhost:10889
accept: */*

Response DefaultHttpResponse(decodeResult: success, version: HTTP/1.1)
HTTP/1.1 200 OK
content-type: application/json; charset=utf-8
cache-control: no-cache
content-length: 88
date: Thu, 25 Jun 2020 12:50:25 GMT

15:50:25.910 [AsyncHttpClient-3-1] DEBUG o.a.netty.channel.ChannelManager - Adding key: http://localhost:10889 for channel [id: 0x7c68b8df, L:/127.0.0.1:64390 - R:localhost/127.0.0.1:10889]
15:50:25.911 [Forwarding getElementText on session 14f61660-7bcc-4279-b6a3-7163a94e0626 to remote] DEBUG o.a.netty.request.NettyRequestSender - Using pooled Channel '[id: 0x7c68b8df, L:/127.0.0.1:64390 - R:localhost/127.0.0.1:10889]' for 'GET' to 'http://localhost:10889/session/14f61660-7bcc-4279-b6a3-7163a94e0626/element/d2b6f0f1-6bcf-4e59-a633-e8182453160d/text'
15:50:25.911 [Forwarding getElementText on session 14f61660-7bcc-4279-b6a3-7163a94e0626 to remote] DEBUG o.a.netty.request.NettyRequestSender - Using open Channel [id: 0x7c68b8df, L:/127.0.0.1:64390 - R:localhost/127.0.0.1:10889] for GET '/session/14f61660-7bcc-4279-b6a3-7163a94e0626/element/d2b6f0f1-6bcf-4e59-a633-e8182453160d/text'
15:50:25.916 [AsyncHttpClient-3-1] DEBUG o.a.netty.handler.HttpHandler - 

Request DefaultFullHttpRequest(decodeResult: success, version: HTTP/1.1, content: EmptyByteBufBE)
GET /session/14f61660-7bcc-4279-b6a3-7163a94e0626/element/d2b6f0f1-6bcf-4e59-a633-e8182453160d/text HTTP/1.1
User-Agent: selenium/4.0.0-alpha-5 (java windows)
Cache-Control: no-cache
host: localhost:10889
accept: */*

Response DefaultHttpResponse(decodeResult: success, version: HTTP/1.1)
HTTP/1.1 200 OK
content-type: application/json; charset=utf-8
cache-control: no-cache
content-length: 45
date: Thu, 25 Jun 2020 12:50:25 GMT

15:50:25.916 [AsyncHttpClient-3-1] DEBUG o.a.netty.channel.ChannelManager - Adding key: http://localhost:10889 for channel [id: 0x7c68b8df, L:/127.0.0.1:64390 - R:localhost/127.0.0.1:10889]
15:50:25.917 [Forwarding findChildElement on session 14f61660-7bcc-4279-b6a3-7163a94e0626 to remote] DEBUG o.a.netty.request.NettyRequestSender - Using pooled Channel '[id: 0x7c68b8df, L:/127.0.0.1:64390 - R:localhost/127.0.0.1:10889]' for 'POST' to 'http://localhost:10889/session/14f61660-7bcc-4279-b6a3-7163a94e0626/element/8f2bb98e-927a-4ecf-b914-91cffaa0f5b2/element'
15:50:25.917 [Forwarding findChildElement on session 14f61660-7bcc-4279-b6a3-7163a94e0626 to remote] DEBUG o.a.netty.request.NettyRequestSender - Using open Channel [id: 0x7c68b8df, L:/127.0.0.1:64390 - R:localhost/127.0.0.1:10889] for POST '/session/14f61660-7bcc-4279-b6a3-7163a94e0626/element/8f2bb98e-927a-4ecf-b914-91cffaa0f5b2/element'
15:50:25.922 [AsyncHttpClient-3-1] DEBUG o.a.netty.handler.HttpHandler - 

Request DefaultHttpRequest(decodeResult: success, version: HTTP/1.1)
POST /session/14f61660-7bcc-4279-b6a3-7163a94e0626/element/8f2bb98e-927a-4ecf-b914-91cffaa0f5b2/element HTTP/1.1
User-Agent: selenium/4.0.0-alpha-5 (java windows)
Content-Length: 103
Content-Type: application/json; charset=utf-8
host: localhost:10889
accept: */*

Response DefaultHttpResponse(decodeResult: success, version: HTTP/1.1)
HTTP/1.1 200 OK
content-type: application/json; charset=utf-8
cache-control: no-cache
content-length: 88
date: Thu, 25 Jun 2020 12:50:25 GMT

15:50:25.922 [AsyncHttpClient-3-1] DEBUG o.a.netty.channel.ChannelManager - Adding key: http://localhost:10889 for channel [id: 0x7c68b8df, L:/127.0.0.1:64390 - R:localhost/127.0.0.1:10889]
15:50:25.923 [Forwarding getElementText on session 14f61660-7bcc-4279-b6a3-7163a94e0626 to remote] DEBUG o.a.netty.request.NettyRequestSender - Using pooled Channel '[id: 0x7c68b8df, L:/127.0.0.1:64390 - R:localhost/127.0.0.1:10889]' for 'GET' to 'http://localhost:10889/session/14f61660-7bcc-4279-b6a3-7163a94e0626/element/2814d73e-a42a-4fc8-8458-38f3efe30174/text'
15:50:25.923 [Forwarding getElementText on session 14f61660-7bcc-4279-b6a3-7163a94e0626 to remote] DEBUG o.a.netty.request.NettyRequestSender - Using open Channel [id: 0x7c68b8df, L:/127.0.0.1:64390 - R:localhost/127.0.0.1:10889] for GET '/session/14f61660-7bcc-4279-b6a3-7163a94e0626/element/2814d73e-a42a-4fc8-8458-38f3efe30174/text'
15:50:25.932 [AsyncHttpClient-3-1] DEBUG o.a.netty.handler.HttpHandler - 

Request DefaultFullHttpRequest(decodeResult: success, version: HTTP/1.1, content: EmptyByteBufBE)
GET /session/14f61660-7bcc-4279-b6a3-7163a94e0626/element/2814d73e-a42a-4fc8-8458-38f3efe30174/text HTTP/1.1
User-Agent: selenium/4.0.0-alpha-5 (java windows)
Cache-Control: no-cache
host: localhost:10889
accept: */*

Response DefaultHttpResponse(decodeResult: success, version: HTTP/1.1)
HTTP/1.1 200 OK
content-type: application/json; charset=utf-8
cache-control: no-cache
content-length: 57
date: Thu, 25 Jun 2020 12:50:25 GMT

15:50:25.932 [AsyncHttpClient-3-1] DEBUG o.a.netty.channel.ChannelManager - Adding key: http://localhost:10889 for channel [id: 0x7c68b8df, L:/127.0.0.1:64390 - R:localhost/127.0.0.1:10889]
15:50:25.933 [Forwarding findChildElement on session 14f61660-7bcc-4279-b6a3-7163a94e0626 to remote] DEBUG o.a.netty.request.NettyRequestSender - Using pooled Channel '[id: 0x7c68b8df, L:/127.0.0.1:64390 - R:localhost/127.0.0.1:10889]' for 'POST' to 'http://localhost:10889/session/14f61660-7bcc-4279-b6a3-7163a94e0626/element/8f2bb98e-927a-4ecf-b914-91cffaa0f5b2/element'
15:50:25.933 [Forwarding findChildElement on session 14f61660-7bcc-4279-b6a3-7163a94e0626 to remote] DEBUG o.a.netty.request.NettyRequestSender - Using open Channel [id: 0x7c68b8df, L:/127.0.0.1:64390 - R:localhost/127.0.0.1:10889] for POST '/session/14f61660-7bcc-4279-b6a3-7163a94e0626/element/8f2bb98e-927a-4ecf-b914-91cffaa0f5b2/element'
15:50:25.936 [AsyncHttpClient-3-1] DEBUG o.a.netty.handler.HttpHandler - 

Request DefaultHttpRequest(decodeResult: success, version: HTTP/1.1)
POST /session/14f61660-7bcc-4279-b6a3-7163a94e0626/element/8f2bb98e-927a-4ecf-b914-91cffaa0f5b2/element HTTP/1.1
User-Agent: selenium/4.0.0-alpha-5 (java windows)
Content-Length: 97
Content-Type: application/json; charset=utf-8
host: localhost:10889
accept: */*

Response DefaultHttpResponse(decodeResult: success, version: HTTP/1.1)
HTTP/1.1 200 OK
content-type: application/json; charset=utf-8
cache-control: no-cache
content-length: 88
date: Thu, 25 Jun 2020 12:50:25 GMT

15:50:25.936 [AsyncHttpClient-3-1] DEBUG o.a.netty.channel.ChannelManager - Adding key: http://localhost:10889 for channel [id: 0x7c68b8df, L:/127.0.0.1:64390 - R:localhost/127.0.0.1:10889]
15:50:25.939 [Forwarding getElementAttribute on session 14f61660-7bcc-4279-b6a3-7163a94e0626 to remote] DEBUG o.a.netty.request.NettyRequestSender - Using pooled Channel '[id: 0x7c68b8df, L:/127.0.0.1:64390 - R:localhost/127.0.0.1:10889]' for 'POST' to 'http://localhost:10889/session/14f61660-7bcc-4279-b6a3-7163a94e0626/execute/sync'
15:50:25.939 [Forwarding getElementAttribute on session 14f61660-7bcc-4279-b6a3-7163a94e0626 to remote] DEBUG o.a.netty.request.NettyRequestSender - Using open Channel [id: 0x7c68b8df, L:/127.0.0.1:64390 - R:localhost/127.0.0.1:10889] for POST '/session/14f61660-7bcc-4279-b6a3-7163a94e0626/execute/sync'
15:50:25.951 [AsyncHttpClient-3-1] DEBUG o.a.netty.handler.HttpHandler - 

Request DefaultHttpRequest(decodeResult: success, version: HTTP/1.1)
POST /session/14f61660-7bcc-4279-b6a3-7163a94e0626/execute/sync HTTP/1.1
User-Agent: selenium/4.0.0-alpha-5 (java windows)
Content-Length: 39635
Content-Type: application/json; charset=utf-8
host: localhost:10889
accept: */*

Response DefaultHttpResponse(decodeResult: success, version: HTTP/1.1)
HTTP/1.1 200 OK
content-type: application/json; charset=utf-8
cache-control: no-cache
content-length: 15
date: Thu, 25 Jun 2020 12:50:25 GMT

15:50:25.951 [AsyncHttpClient-3-1] DEBUG o.a.netty.channel.ChannelManager - Adding key: http://localhost:10889 for channel [id: 0x7c68b8df, L:/127.0.0.1:64390 - R:localhost/127.0.0.1:10889]
15:50:25.951 [Forwarding findChildElement on session 14f61660-7bcc-4279-b6a3-7163a94e0626 to remote] DEBUG o.a.netty.request.NettyRequestSender - Using pooled Channel '[id: 0x7c68b8df, L:/127.0.0.1:64390 - R:localhost/127.0.0.1:10889]' for 'POST' to 'http://localhost:10889/session/14f61660-7bcc-4279-b6a3-7163a94e0626/element/182bf967-fdda-48b1-819e-1ed0690f7ef5/element'
15:50:25.951 [Forwarding findChildElement on session 14f61660-7bcc-4279-b6a3-7163a94e0626 to remote] DEBUG o.a.netty.request.NettyRequestSender - Using open Channel [id: 0x7c68b8df, L:/127.0.0.1:64390 - R:localhost/127.0.0.1:10889] for POST '/session/14f61660-7bcc-4279-b6a3-7163a94e0626/element/182bf967-fdda-48b1-819e-1ed0690f7ef5/element'
15:50:25.955 [AsyncHttpClient-3-1] DEBUG o.a.netty.handler.HttpHandler - 

Request DefaultHttpRequest(decodeResult: success, version: HTTP/1.1)
POST /session/14f61660-7bcc-4279-b6a3-7163a94e0626/element/182bf967-fdda-48b1-819e-1ed0690f7ef5/element HTTP/1.1
User-Agent: selenium/4.0.0-alpha-5 (java windows)
Content-Length: 103
Content-Type: application/json; charset=utf-8
host: localhost:10889
accept: */*

Response DefaultHttpResponse(decodeResult: success, version: HTTP/1.1)
HTTP/1.1 200 OK
content-type: application/json; charset=utf-8
cache-control: no-cache
content-length: 88
date: Thu, 25 Jun 2020 12:50:25 GMT

15:50:25.955 [AsyncHttpClient-3-1] DEBUG o.a.netty.channel.ChannelManager - Adding key: http://localhost:10889 for channel [id: 0x7c68b8df, L:/127.0.0.1:64390 - R:localhost/127.0.0.1:10889]
15:50:25.956 [Forwarding getElementText on session 14f61660-7bcc-4279-b6a3-7163a94e0626 to remote] DEBUG o.a.netty.request.NettyRequestSender - Using pooled Channel '[id: 0x7c68b8df, L:/127.0.0.1:64390 - R:localhost/127.0.0.1:10889]' for 'GET' to 'http://localhost:10889/session/14f61660-7bcc-4279-b6a3-7163a94e0626/element/b06aec87-66d7-4a28-b865-b50916a97461/text'
15:50:25.956 [Forwarding getElementText on session 14f61660-7bcc-4279-b6a3-7163a94e0626 to remote] DEBUG o.a.netty.request.NettyRequestSender - Using open Channel [id: 0x7c68b8df, L:/127.0.0.1:64390 - R:localhost/127.0.0.1:10889] for GET '/session/14f61660-7bcc-4279-b6a3-7163a94e0626/element/b06aec87-66d7-4a28-b865-b50916a97461/text'
15:50:25.960 [AsyncHttpClient-3-1] DEBUG o.a.netty.handler.HttpHandler - 

Request DefaultFullHttpRequest(decodeResult: success, version: HTTP/1.1, content: EmptyByteBufBE)
GET /session/14f61660-7bcc-4279-b6a3-7163a94e0626/element/b06aec87-66d7-4a28-b865-b50916a97461/text HTTP/1.1
User-Agent: selenium/4.0.0-alpha-5 (java windows)
Cache-Control: no-cache
host: localhost:10889
accept: */*

Response DefaultHttpResponse(decodeResult: success, version: HTTP/1.1)
HTTP/1.1 200 OK
content-type: application/json; charset=utf-8
cache-control: no-cache
content-length: 18
date: Thu, 25 Jun 2020 12:50:25 GMT

15:50:25.960 [AsyncHttpClient-3-1] DEBUG o.a.netty.channel.ChannelManager - Adding key: http://localhost:10889 for channel [id: 0x7c68b8df, L:/127.0.0.1:64390 - R:localhost/127.0.0.1:10889]
15:50:25.961 [Forwarding findChildElement on session 14f61660-7bcc-4279-b6a3-7163a94e0626 to remote] DEBUG o.a.netty.request.NettyRequestSender - Using pooled Channel '[id: 0x7c68b8df, L:/127.0.0.1:64390 - R:localhost/127.0.0.1:10889]' for 'POST' to 'http://localhost:10889/session/14f61660-7bcc-4279-b6a3-7163a94e0626/element/182bf967-fdda-48b1-819e-1ed0690f7ef5/element'
15:50:25.961 [Forwarding findChildElement on session 14f61660-7bcc-4279-b6a3-7163a94e0626 to remote] DEBUG o.a.netty.request.NettyRequestSender - Using open Channel [id: 0x7c68b8df, L:/127.0.0.1:64390 - R:localhost/127.0.0.1:10889] for POST '/session/14f61660-7bcc-4279-b6a3-7163a94e0626/element/182bf967-fdda-48b1-819e-1ed0690f7ef5/element'
15:50:25.964 [AsyncHttpClient-3-1] DEBUG o.a.netty.handler.HttpHandler - 

Request DefaultHttpRequest(decodeResult: success, version: HTTP/1.1)
POST /session/14f61660-7bcc-4279-b6a3-7163a94e0626/element/182bf967-fdda-48b1-819e-1ed0690f7ef5/element HTTP/1.1
User-Agent: selenium/4.0.0-alpha-5 (java windows)
Content-Length: 103
Content-Type: application/json; charset=utf-8
host: localhost:10889
accept: */*

Response DefaultHttpResponse(decodeResult: success, version: HTTP/1.1)
HTTP/1.1 200 OK
content-type: application/json; charset=utf-8
cache-control: no-cache
content-length: 88
date: Thu, 25 Jun 2020 12:50:25 GMT

15:50:25.964 [AsyncHttpClient-3-1] DEBUG o.a.netty.channel.ChannelManager - Adding key: http://localhost:10889 for channel [id: 0x7c68b8df, L:/127.0.0.1:64390 - R:localhost/127.0.0.1:10889]
15:50:25.964 [Forwarding getElementText on session 14f61660-7bcc-4279-b6a3-7163a94e0626 to remote] DEBUG o.a.netty.request.NettyRequestSender - Using pooled Channel '[id: 0x7c68b8df, L:/127.0.0.1:64390 - R:localhost/127.0.0.1:10889]' for 'GET' to 'http://localhost:10889/session/14f61660-7bcc-4279-b6a3-7163a94e0626/element/4d239a10-9568-4510-b2cd-0a2a2590d4ff/text'
15:50:25.964 [Forwarding getElementText on session 14f61660-7bcc-4279-b6a3-7163a94e0626 to remote] DEBUG o.a.netty.request.NettyRequestSender - Using open Channel [id: 0x7c68b8df, L:/127.0.0.1:64390 - R:localhost/127.0.0.1:10889] for GET '/session/14f61660-7bcc-4279-b6a3-7163a94e0626/element/4d239a10-9568-4510-b2cd-0a2a2590d4ff/text'
15:50:25.968 [AsyncHttpClient-3-1] DEBUG o.a.netty.handler.HttpHandler - 

Request DefaultFullHttpRequest(decodeResult: success, version: HTTP/1.1, content: EmptyByteBufBE)
GET /session/14f61660-7bcc-4279-b6a3-7163a94e0626/element/4d239a10-9568-4510-b2cd-0a2a2590d4ff/text HTTP/1.1
User-Agent: selenium/4.0.0-alpha-5 (java windows)
Cache-Control: no-cache
host: localhost:10889
accept: */*

Response DefaultHttpResponse(decodeResult: success, version: HTTP/1.1)
HTTP/1.1 200 OK
content-type: application/json; charset=utf-8
cache-control: no-cache
content-length: 22
date: Thu, 25 Jun 2020 12:50:25 GMT

15:50:25.968 [AsyncHttpClient-3-1] DEBUG o.a.netty.channel.ChannelManager - Adding key: http://localhost:10889 for channel [id: 0x7c68b8df, L:/127.0.0.1:64390 - R:localhost/127.0.0.1:10889]
15:50:25.968 [Forwarding findChildElement on session 14f61660-7bcc-4279-b6a3-7163a94e0626 to remote] DEBUG o.a.netty.request.NettyRequestSender - Using pooled Channel '[id: 0x7c68b8df, L:/127.0.0.1:64390 - R:localhost/127.0.0.1:10889]' for 'POST' to 'http://localhost:10889/session/14f61660-7bcc-4279-b6a3-7163a94e0626/element/182bf967-fdda-48b1-819e-1ed0690f7ef5/element'
15:50:25.968 [Forwarding findChildElement on session 14f61660-7bcc-4279-b6a3-7163a94e0626 to remote] DEBUG o.a.netty.request.NettyRequestSender - Using open Channel [id: 0x7c68b8df, L:/127.0.0.1:64390 - R:localhost/127.0.0.1:10889] for POST '/session/14f61660-7bcc-4279-b6a3-7163a94e0626/element/182bf967-fdda-48b1-819e-1ed0690f7ef5/element'
15:50:25.972 [AsyncHttpClient-3-1] DEBUG o.a.netty.handler.HttpHandler - 

Request DefaultHttpRequest(decodeResult: success, version: HTTP/1.1)
POST /session/14f61660-7bcc-4279-b6a3-7163a94e0626/element/182bf967-fdda-48b1-819e-1ed0690f7ef5/element HTTP/1.1
User-Agent: selenium/4.0.0-alpha-5 (java windows)
Content-Length: 103
Content-Type: application/json; charset=utf-8
host: localhost:10889
accept: */*

Response DefaultHttpResponse(decodeResult: success, version: HTTP/1.1)
HTTP/1.1 200 OK
content-type: application/json; charset=utf-8
cache-control: no-cache
content-length: 88
date: Thu, 25 Jun 2020 12:50:25 GMT

15:50:25.972 [AsyncHttpClient-3-1] DEBUG o.a.netty.channel.ChannelManager - Adding key: http://localhost:10889 for channel [id: 0x7c68b8df, L:/127.0.0.1:64390 - R:localhost/127.0.0.1:10889]
15:50:25.972 [Forwarding getElementText on session 14f61660-7bcc-4279-b6a3-7163a94e0626 to remote] DEBUG o.a.netty.request.NettyRequestSender - Using pooled Channel '[id: 0x7c68b8df, L:/127.0.0.1:64390 - R:localhost/127.0.0.1:10889]' for 'GET' to 'http://localhost:10889/session/14f61660-7bcc-4279-b6a3-7163a94e0626/element/7aff9c12-d9b4-499d-9bb0-ca64571d6cc9/text'
15:50:25.972 [Forwarding getElementText on session 14f61660-7bcc-4279-b6a3-7163a94e0626 to remote] DEBUG o.a.netty.request.NettyRequestSender - Using open Channel [id: 0x7c68b8df, L:/127.0.0.1:64390 - R:localhost/127.0.0.1:10889] for GET '/session/14f61660-7bcc-4279-b6a3-7163a94e0626/element/7aff9c12-d9b4-499d-9bb0-ca64571d6cc9/text'
15:50:25.976 [AsyncHttpClient-3-1] DEBUG o.a.netty.handler.HttpHandler - 

Request DefaultFullHttpRequest(decodeResult: success, version: HTTP/1.1, content: EmptyByteBufBE)
GET /session/14f61660-7bcc-4279-b6a3-7163a94e0626/element/7aff9c12-d9b4-499d-9bb0-ca64571d6cc9/text HTTP/1.1
User-Agent: selenium/4.0.0-alpha-5 (java windows)
Cache-Control: no-cache
host: localhost:10889
accept: */*

Response DefaultHttpResponse(decodeResult: success, version: HTTP/1.1)
HTTP/1.1 200 OK
content-type: application/json; charset=utf-8
cache-control: no-cache
content-length: 21
date: Thu, 25 Jun 2020 12:50:25 GMT

15:50:25.976 [AsyncHttpClient-3-1] DEBUG o.a.netty.channel.ChannelManager - Adding key: http://localhost:10889 for channel [id: 0x7c68b8df, L:/127.0.0.1:64390 - R:localhost/127.0.0.1:10889]
15:50:25.977 [Forwarding findChildElement on session 14f61660-7bcc-4279-b6a3-7163a94e0626 to remote] DEBUG o.a.netty.request.NettyRequestSender - Using pooled Channel '[id: 0x7c68b8df, L:/127.0.0.1:64390 - R:localhost/127.0.0.1:10889]' for 'POST' to 'http://localhost:10889/session/14f61660-7bcc-4279-b6a3-7163a94e0626/element/182bf967-fdda-48b1-819e-1ed0690f7ef5/element'
15:50:25.977 [Forwarding findChildElement on session 14f61660-7bcc-4279-b6a3-7163a94e0626 to remote] DEBUG o.a.netty.request.NettyRequestSender - Using open Channel [id: 0x7c68b8df, L:/127.0.0.1:64390 - R:localhost/127.0.0.1:10889] for POST '/session/14f61660-7bcc-4279-b6a3-7163a94e0626/element/182bf967-fdda-48b1-819e-1ed0690f7ef5/element'
15:50:25.981 [AsyncHttpClient-3-1] DEBUG o.a.netty.handler.HttpHandler - 

Request DefaultHttpRequest(decodeResult: success, version: HTTP/1.1)
POST /session/14f61660-7bcc-4279-b6a3-7163a94e0626/element/182bf967-fdda-48b1-819e-1ed0690f7ef5/element HTTP/1.1
User-Agent: selenium/4.0.0-alpha-5 (java windows)
Content-Length: 103
Content-Type: application/json; charset=utf-8
host: localhost:10889
accept: */*

Response DefaultHttpResponse(decodeResult: success, version: HTTP/1.1)
HTTP/1.1 200 OK
content-type: application/json; charset=utf-8
cache-control: no-cache
content-length: 88
date: Thu, 25 Jun 2020 12:50:25 GMT

15:50:25.981 [AsyncHttpClient-3-1] DEBUG o.a.netty.channel.ChannelManager - Adding key: http://localhost:10889 for channel [id: 0x7c68b8df, L:/127.0.0.1:64390 - R:localhost/127.0.0.1:10889]
15:50:25.981 [Forwarding getElementText on session 14f61660-7bcc-4279-b6a3-7163a94e0626 to remote] DEBUG o.a.netty.request.NettyRequestSender - Using pooled Channel '[id: 0x7c68b8df, L:/127.0.0.1:64390 - R:localhost/127.0.0.1:10889]' for 'GET' to 'http://localhost:10889/session/14f61660-7bcc-4279-b6a3-7163a94e0626/element/13a9b24d-a9d9-4b52-8421-4d4ac32fb3f8/text'
15:50:25.981 [Forwarding getElementText on session 14f61660-7bcc-4279-b6a3-7163a94e0626 to remote] DEBUG o.a.netty.request.NettyRequestSender - Using open Channel [id: 0x7c68b8df, L:/127.0.0.1:64390 - R:localhost/127.0.0.1:10889] for GET '/session/14f61660-7bcc-4279-b6a3-7163a94e0626/element/13a9b24d-a9d9-4b52-8421-4d4ac32fb3f8/text'
15:50:25.986 [AsyncHttpClient-3-1] DEBUG o.a.netty.handler.HttpHandler - 

Request DefaultFullHttpRequest(decodeResult: success, version: HTTP/1.1, content: EmptyByteBufBE)
GET /session/14f61660-7bcc-4279-b6a3-7163a94e0626/element/13a9b24d-a9d9-4b52-8421-4d4ac32fb3f8/text HTTP/1.1
User-Agent: selenium/4.0.0-alpha-5 (java windows)
Cache-Control: no-cache
host: localhost:10889
accept: */*

Response DefaultHttpResponse(decodeResult: success, version: HTTP/1.1)
HTTP/1.1 200 OK
content-type: application/json; charset=utf-8
cache-control: no-cache
content-length: 45
date: Thu, 25 Jun 2020 12:50:25 GMT

15:50:25.986 [AsyncHttpClient-3-1] DEBUG o.a.netty.channel.ChannelManager - Adding key: http://localhost:10889 for channel [id: 0x7c68b8df, L:/127.0.0.1:64390 - R:localhost/127.0.0.1:10889]
15:50:25.986 [Forwarding findChildElement on session 14f61660-7bcc-4279-b6a3-7163a94e0626 to remote] DEBUG o.a.netty.request.NettyRequestSender - Using pooled Channel '[id: 0x7c68b8df, L:/127.0.0.1:64390 - R:localhost/127.0.0.1:10889]' for 'POST' to 'http://localhost:10889/session/14f61660-7bcc-4279-b6a3-7163a94e0626/element/182bf967-fdda-48b1-819e-1ed0690f7ef5/element'
15:50:25.986 [Forwarding findChildElement on session 14f61660-7bcc-4279-b6a3-7163a94e0626 to remote] DEBUG o.a.netty.request.NettyRequestSender - Using open Channel [id: 0x7c68b8df, L:/127.0.0.1:64390 - R:localhost/127.0.0.1:10889] for POST '/session/14f61660-7bcc-4279-b6a3-7163a94e0626/element/182bf967-fdda-48b1-819e-1ed0690f7ef5/element'
15:50:25.990 [AsyncHttpClient-3-1] DEBUG o.a.netty.handler.HttpHandler - 

Request DefaultHttpRequest(decodeResult: success, version: HTTP/1.1)
POST /session/14f61660-7bcc-4279-b6a3-7163a94e0626/element/182bf967-fdda-48b1-819e-1ed0690f7ef5/element HTTP/1.1
User-Agent: selenium/4.0.0-alpha-5 (java windows)
Content-Length: 103
Content-Type: application/json; charset=utf-8
host: localhost:10889
accept: */*

Response DefaultHttpResponse(decodeResult: success, version: HTTP/1.1)
HTTP/1.1 200 OK
content-type: application/json; charset=utf-8
cache-control: no-cache
content-length: 88
date: Thu, 25 Jun 2020 12:50:25 GMT

15:50:25.990 [AsyncHttpClient-3-1] DEBUG o.a.netty.channel.ChannelManager - Adding key: http://localhost:10889 for channel [id: 0x7c68b8df, L:/127.0.0.1:64390 - R:localhost/127.0.0.1:10889]
15:50:25.991 [Forwarding getElementText on session 14f61660-7bcc-4279-b6a3-7163a94e0626 to remote] DEBUG o.a.netty.request.NettyRequestSender - Using pooled Channel '[id: 0x7c68b8df, L:/127.0.0.1:64390 - R:localhost/127.0.0.1:10889]' for 'GET' to 'http://localhost:10889/session/14f61660-7bcc-4279-b6a3-7163a94e0626/element/067c9d1c-ad1e-4713-b794-16af0fa2a025/text'
15:50:25.991 [Forwarding getElementText on session 14f61660-7bcc-4279-b6a3-7163a94e0626 to remote] DEBUG o.a.netty.request.NettyRequestSender - Using open Channel [id: 0x7c68b8df, L:/127.0.0.1:64390 - R:localhost/127.0.0.1:10889] for GET '/session/14f61660-7bcc-4279-b6a3-7163a94e0626/element/067c9d1c-ad1e-4713-b794-16af0fa2a025/text'
15:50:25.998 [AsyncHttpClient-3-1] DEBUG o.a.netty.handler.HttpHandler - 

Request DefaultFullHttpRequest(decodeResult: success, version: HTTP/1.1, content: EmptyByteBufBE)
GET /session/14f61660-7bcc-4279-b6a3-7163a94e0626/element/067c9d1c-ad1e-4713-b794-16af0fa2a025/text HTTP/1.1
User-Agent: selenium/4.0.0-alpha-5 (java windows)
Cache-Control: no-cache
host: localhost:10889
accept: */*

Response DefaultHttpResponse(decodeResult: success, version: HTTP/1.1)
HTTP/1.1 200 OK
content-type: application/json; charset=utf-8
cache-control: no-cache
content-length: 57
date: Thu, 25 Jun 2020 12:50:25 GMT

15:50:25.998 [AsyncHttpClient-3-1] DEBUG o.a.netty.channel.ChannelManager - Adding key: http://localhost:10889 for channel [id: 0x7c68b8df, L:/127.0.0.1:64390 - R:localhost/127.0.0.1:10889]
15:50:25.998 [Forwarding findChildElement on session 14f61660-7bcc-4279-b6a3-7163a94e0626 to remote] DEBUG o.a.netty.request.NettyRequestSender - Using pooled Channel '[id: 0x7c68b8df, L:/127.0.0.1:64390 - R:localhost/127.0.0.1:10889]' for 'POST' to 'http://localhost:10889/session/14f61660-7bcc-4279-b6a3-7163a94e0626/element/182bf967-fdda-48b1-819e-1ed0690f7ef5/element'
15:50:25.998 [Forwarding findChildElement on session 14f61660-7bcc-4279-b6a3-7163a94e0626 to remote] DEBUG o.a.netty.request.NettyRequestSender - Using open Channel [id: 0x7c68b8df, L:/127.0.0.1:64390 - R:localhost/127.0.0.1:10889] for POST '/session/14f61660-7bcc-4279-b6a3-7163a94e0626/element/182bf967-fdda-48b1-819e-1ed0690f7ef5/element'
15:50:26.002 [AsyncHttpClient-3-1] DEBUG o.a.netty.handler.HttpHandler - 

Request DefaultHttpRequest(decodeResult: success, version: HTTP/1.1)
POST /session/14f61660-7bcc-4279-b6a3-7163a94e0626/element/182bf967-fdda-48b1-819e-1ed0690f7ef5/element HTTP/1.1
User-Agent: selenium/4.0.0-alpha-5 (java windows)
Content-Length: 97
Content-Type: application/json; charset=utf-8
host: localhost:10889
accept: */*

Response DefaultHttpResponse(decodeResult: success, version: HTTP/1.1)
HTTP/1.1 200 OK
content-type: application/json; charset=utf-8
cache-control: no-cache
content-length: 88
date: Thu, 25 Jun 2020 12:50:25 GMT

15:50:26.002 [AsyncHttpClient-3-1] DEBUG o.a.netty.channel.ChannelManager - Adding key: http://localhost:10889 for channel [id: 0x7c68b8df, L:/127.0.0.1:64390 - R:localhost/127.0.0.1:10889]
15:50:26.004 [Forwarding getElementAttribute on session 14f61660-7bcc-4279-b6a3-7163a94e0626 to remote] DEBUG o.a.netty.request.NettyRequestSender - Using pooled Channel '[id: 0x7c68b8df, L:/127.0.0.1:64390 - R:localhost/127.0.0.1:10889]' for 'POST' to 'http://localhost:10889/session/14f61660-7bcc-4279-b6a3-7163a94e0626/execute/sync'
15:50:26.004 [Forwarding getElementAttribute on session 14f61660-7bcc-4279-b6a3-7163a94e0626 to remote] DEBUG o.a.netty.request.NettyRequestSender - Using open Channel [id: 0x7c68b8df, L:/127.0.0.1:64390 - R:localhost/127.0.0.1:10889] for POST '/session/14f61660-7bcc-4279-b6a3-7163a94e0626/execute/sync'
15:50:26.016 [AsyncHttpClient-3-1] DEBUG o.a.netty.handler.HttpHandler - 

Request DefaultHttpRequest(decodeResult: success, version: HTTP/1.1)
POST /session/14f61660-7bcc-4279-b6a3-7163a94e0626/execute/sync HTTP/1.1
User-Agent: selenium/4.0.0-alpha-5 (java windows)
Content-Length: 39635
Content-Type: application/json; charset=utf-8
host: localhost:10889
accept: */*

Response DefaultHttpResponse(decodeResult: success, version: HTTP/1.1)
HTTP/1.1 200 OK
content-type: application/json; charset=utf-8
cache-control: no-cache
content-length: 15
date: Thu, 25 Jun 2020 12:50:26 GMT

15:50:26.016 [AsyncHttpClient-3-1] DEBUG o.a.netty.channel.ChannelManager - Adding key: http://localhost:10889 for channel [id: 0x7c68b8df, L:/127.0.0.1:64390 - R:localhost/127.0.0.1:10889]
15:50:26.017 [Forwarding findChildElement on session 14f61660-7bcc-4279-b6a3-7163a94e0626 to remote] DEBUG o.a.netty.request.NettyRequestSender - Using pooled Channel '[id: 0x7c68b8df, L:/127.0.0.1:64390 - R:localhost/127.0.0.1:10889]' for 'POST' to 'http://localhost:10889/session/14f61660-7bcc-4279-b6a3-7163a94e0626/element/04fc87b6-97b2-4ecb-b58b-989083d64374/element'
15:50:26.017 [Forwarding findChildElement on session 14f61660-7bcc-4279-b6a3-7163a94e0626 to remote] DEBUG o.a.netty.request.NettyRequestSender - Using open Channel [id: 0x7c68b8df, L:/127.0.0.1:64390 - R:localhost/127.0.0.1:10889] for POST '/session/14f61660-7bcc-4279-b6a3-7163a94e0626/element/04fc87b6-97b2-4ecb-b58b-989083d64374/element'
15:50:26.021 [AsyncHttpClient-3-1] DEBUG o.a.netty.handler.HttpHandler - 

Request DefaultHttpRequest(decodeResult: success, version: HTTP/1.1)
POST /session/14f61660-7bcc-4279-b6a3-7163a94e0626/element/04fc87b6-97b2-4ecb-b58b-989083d64374/element HTTP/1.1
User-Agent: selenium/4.0.0-alpha-5 (java windows)
Content-Length: 103
Content-Type: application/json; charset=utf-8
host: localhost:10889
accept: */*

Response DefaultHttpResponse(decodeResult: success, version: HTTP/1.1)
HTTP/1.1 200 OK
content-type: application/json; charset=utf-8
cache-control: no-cache
content-length: 88
date: Thu, 25 Jun 2020 12:50:26 GMT

15:50:26.022 [AsyncHttpClient-3-1] DEBUG o.a.netty.channel.ChannelManager - Adding key: http://localhost:10889 for channel [id: 0x7c68b8df, L:/127.0.0.1:64390 - R:localhost/127.0.0.1:10889]
15:50:26.022 [Forwarding getElementText on session 14f61660-7bcc-4279-b6a3-7163a94e0626 to remote] DEBUG o.a.netty.request.NettyRequestSender - Using pooled Channel '[id: 0x7c68b8df, L:/127.0.0.1:64390 - R:localhost/127.0.0.1:10889]' for 'GET' to 'http://localhost:10889/session/14f61660-7bcc-4279-b6a3-7163a94e0626/element/b527563f-8506-4f51-91cf-9fa057f98cd4/text'
15:50:26.022 [Forwarding getElementText on session 14f61660-7bcc-4279-b6a3-7163a94e0626 to remote] DEBUG o.a.netty.request.NettyRequestSender - Using open Channel [id: 0x7c68b8df, L:/127.0.0.1:64390 - R:localhost/127.0.0.1:10889] for GET '/session/14f61660-7bcc-4279-b6a3-7163a94e0626/element/b527563f-8506-4f51-91cf-9fa057f98cd4/text'
15:50:26.027 [AsyncHttpClient-3-1] DEBUG o.a.netty.handler.HttpHandler - 

Request DefaultFullHttpRequest(decodeResult: success, version: HTTP/1.1, content: EmptyByteBufBE)
GET /session/14f61660-7bcc-4279-b6a3-7163a94e0626/element/b527563f-8506-4f51-91cf-9fa057f98cd4/text HTTP/1.1
User-Agent: selenium/4.0.0-alpha-5 (java windows)
Cache-Control: no-cache
host: localhost:10889
accept: */*

Response DefaultHttpResponse(decodeResult: success, version: HTTP/1.1)
HTTP/1.1 200 OK
content-type: application/json; charset=utf-8
cache-control: no-cache
content-length: 18
date: Thu, 25 Jun 2020 12:50:26 GMT

15:50:26.027 [AsyncHttpClient-3-1] DEBUG o.a.netty.channel.ChannelManager - Adding key: http://localhost:10889 for channel [id: 0x7c68b8df, L:/127.0.0.1:64390 - R:localhost/127.0.0.1:10889]
15:50:26.027 [Forwarding findChildElement on session 14f61660-7bcc-4279-b6a3-7163a94e0626 to remote] DEBUG o.a.netty.request.NettyRequestSender - Using pooled Channel '[id: 0x7c68b8df, L:/127.0.0.1:64390 - R:localhost/127.0.0.1:10889]' for 'POST' to 'http://localhost:10889/session/14f61660-7bcc-4279-b6a3-7163a94e0626/element/04fc87b6-97b2-4ecb-b58b-989083d64374/element'
15:50:26.027 [Forwarding findChildElement on session 14f61660-7bcc-4279-b6a3-7163a94e0626 to remote] DEBUG o.a.netty.request.NettyRequestSender - Using open Channel [id: 0x7c68b8df, L:/127.0.0.1:64390 - R:localhost/127.0.0.1:10889] for POST '/session/14f61660-7bcc-4279-b6a3-7163a94e0626/element/04fc87b6-97b2-4ecb-b58b-989083d64374/element'
15:50:26.031 [AsyncHttpClient-3-1] DEBUG o.a.netty.handler.HttpHandler - 

Request DefaultHttpRequest(decodeResult: success, version: HTTP/1.1)
POST /session/14f61660-7bcc-4279-b6a3-7163a94e0626/element/04fc87b6-97b2-4ecb-b58b-989083d64374/element HTTP/1.1
User-Agent: selenium/4.0.0-alpha-5 (java windows)
Content-Length: 103
Content-Type: application/json; charset=utf-8
host: localhost:10889
accept: */*

Response DefaultHttpResponse(decodeResult: success, version: HTTP/1.1)
HTTP/1.1 200 OK
content-type: application/json; charset=utf-8
cache-control: no-cache
content-length: 88
date: Thu, 25 Jun 2020 12:50:26 GMT

15:50:26.031 [AsyncHttpClient-3-1] DEBUG o.a.netty.channel.ChannelManager - Adding key: http://localhost:10889 for channel [id: 0x7c68b8df, L:/127.0.0.1:64390 - R:localhost/127.0.0.1:10889]
15:50:26.031 [Forwarding getElementText on session 14f61660-7bcc-4279-b6a3-7163a94e0626 to remote] DEBUG o.a.netty.request.NettyRequestSender - Using pooled Channel '[id: 0x7c68b8df, L:/127.0.0.1:64390 - R:localhost/127.0.0.1:10889]' for 'GET' to 'http://localhost:10889/session/14f61660-7bcc-4279-b6a3-7163a94e0626/element/6d1090fb-ccbf-455c-9198-3afbe6767daf/text'
15:50:26.031 [Forwarding getElementText on session 14f61660-7bcc-4279-b6a3-7163a94e0626 to remote] DEBUG o.a.netty.request.NettyRequestSender - Using open Channel [id: 0x7c68b8df, L:/127.0.0.1:64390 - R:localhost/127.0.0.1:10889] for GET '/session/14f61660-7bcc-4279-b6a3-7163a94e0626/element/6d1090fb-ccbf-455c-9198-3afbe6767daf/text'
15:50:26.035 [AsyncHttpClient-3-1] DEBUG o.a.netty.handler.HttpHandler - 

Request DefaultFullHttpRequest(decodeResult: success, version: HTTP/1.1, content: EmptyByteBufBE)
GET /session/14f61660-7bcc-4279-b6a3-7163a94e0626/element/6d1090fb-ccbf-455c-9198-3afbe6767daf/text HTTP/1.1
User-Agent: selenium/4.0.0-alpha-5 (java windows)
Cache-Control: no-cache
host: localhost:10889
accept: */*

Response DefaultHttpResponse(decodeResult: success, version: HTTP/1.1)
HTTP/1.1 200 OK
content-type: application/json; charset=utf-8
cache-control: no-cache
content-length: 22
date: Thu, 25 Jun 2020 12:50:26 GMT

15:50:26.036 [AsyncHttpClient-3-1] DEBUG o.a.netty.channel.ChannelManager - Adding key: http://localhost:10889 for channel [id: 0x7c68b8df, L:/127.0.0.1:64390 - R:localhost/127.0.0.1:10889]
15:50:26.036 [Forwarding findChildElement on session 14f61660-7bcc-4279-b6a3-7163a94e0626 to remote] DEBUG o.a.netty.request.NettyRequestSender - Using pooled Channel '[id: 0x7c68b8df, L:/127.0.0.1:64390 - R:localhost/127.0.0.1:10889]' for 'POST' to 'http://localhost:10889/session/14f61660-7bcc-4279-b6a3-7163a94e0626/element/04fc87b6-97b2-4ecb-b58b-989083d64374/element'
15:50:26.036 [Forwarding findChildElement on session 14f61660-7bcc-4279-b6a3-7163a94e0626 to remote] DEBUG o.a.netty.request.NettyRequestSender - Using open Channel [id: 0x7c68b8df, L:/127.0.0.1:64390 - R:localhost/127.0.0.1:10889] for POST '/session/14f61660-7bcc-4279-b6a3-7163a94e0626/element/04fc87b6-97b2-4ecb-b58b-989083d64374/element'
15:50:26.041 [AsyncHttpClient-3-1] DEBUG o.a.netty.handler.HttpHandler - 

Request DefaultHttpRequest(decodeResult: success, version: HTTP/1.1)
POST /session/14f61660-7bcc-4279-b6a3-7163a94e0626/element/04fc87b6-97b2-4ecb-b58b-989083d64374/element HTTP/1.1
User-Agent: selenium/4.0.0-alpha-5 (java windows)
Content-Length: 103
Content-Type: application/json; charset=utf-8
host: localhost:10889
accept: */*

Response DefaultHttpResponse(decodeResult: success, version: HTTP/1.1)
HTTP/1.1 200 OK
content-type: application/json; charset=utf-8
cache-control: no-cache
content-length: 88
date: Thu, 25 Jun 2020 12:50:26 GMT

15:50:26.041 [AsyncHttpClient-3-1] DEBUG o.a.netty.channel.ChannelManager - Adding key: http://localhost:10889 for channel [id: 0x7c68b8df, L:/127.0.0.1:64390 - R:localhost/127.0.0.1:10889]
15:50:26.041 [Forwarding getElementText on session 14f61660-7bcc-4279-b6a3-7163a94e0626 to remote] DEBUG o.a.netty.request.NettyRequestSender - Using pooled Channel '[id: 0x7c68b8df, L:/127.0.0.1:64390 - R:localhost/127.0.0.1:10889]' for 'GET' to 'http://localhost:10889/session/14f61660-7bcc-4279-b6a3-7163a94e0626/element/a0d8d305-3eca-4d57-acb7-0c6d22f75731/text'
15:50:26.041 [Forwarding getElementText on session 14f61660-7bcc-4279-b6a3-7163a94e0626 to remote] DEBUG o.a.netty.request.NettyRequestSender - Using open Channel [id: 0x7c68b8df, L:/127.0.0.1:64390 - R:localhost/127.0.0.1:10889] for GET '/session/14f61660-7bcc-4279-b6a3-7163a94e0626/element/a0d8d305-3eca-4d57-acb7-0c6d22f75731/text'
15:50:26.046 [AsyncHttpClient-3-1] DEBUG o.a.netty.handler.HttpHandler - 

Request DefaultFullHttpRequest(decodeResult: success, version: HTTP/1.1, content: EmptyByteBufBE)
GET /session/14f61660-7bcc-4279-b6a3-7163a94e0626/element/a0d8d305-3eca-4d57-acb7-0c6d22f75731/text HTTP/1.1
User-Agent: selenium/4.0.0-alpha-5 (java windows)
Cache-Control: no-cache
host: localhost:10889
accept: */*

Response DefaultHttpResponse(decodeResult: success, version: HTTP/1.1)
HTTP/1.1 200 OK
content-type: application/json; charset=utf-8
cache-control: no-cache
content-length: 21
date: Thu, 25 Jun 2020 12:50:26 GMT

15:50:26.046 [AsyncHttpClient-3-1] DEBUG o.a.netty.channel.ChannelManager - Adding key: http://localhost:10889 for channel [id: 0x7c68b8df, L:/127.0.0.1:64390 - R:localhost/127.0.0.1:10889]
15:50:26.046 [Forwarding findChildElement on session 14f61660-7bcc-4279-b6a3-7163a94e0626 to remote] DEBUG o.a.netty.request.NettyRequestSender - Using pooled Channel '[id: 0x7c68b8df, L:/127.0.0.1:64390 - R:localhost/127.0.0.1:10889]' for 'POST' to 'http://localhost:10889/session/14f61660-7bcc-4279-b6a3-7163a94e0626/element/04fc87b6-97b2-4ecb-b58b-989083d64374/element'
15:50:26.046 [Forwarding findChildElement on session 14f61660-7bcc-4279-b6a3-7163a94e0626 to remote] DEBUG o.a.netty.request.NettyRequestSender - Using open Channel [id: 0x7c68b8df, L:/127.0.0.1:64390 - R:localhost/127.0.0.1:10889] for POST '/session/14f61660-7bcc-4279-b6a3-7163a94e0626/element/04fc87b6-97b2-4ecb-b58b-989083d64374/element'
15:50:26.050 [AsyncHttpClient-3-1] DEBUG o.a.netty.handler.HttpHandler - 

Request DefaultHttpRequest(decodeResult: success, version: HTTP/1.1)
POST /session/14f61660-7bcc-4279-b6a3-7163a94e0626/element/04fc87b6-97b2-4ecb-b58b-989083d64374/element HTTP/1.1
User-Agent: selenium/4.0.0-alpha-5 (java windows)
Content-Length: 103
Content-Type: application/json; charset=utf-8
host: localhost:10889
accept: */*

Response DefaultHttpResponse(decodeResult: success, version: HTTP/1.1)
HTTP/1.1 200 OK
content-type: application/json; charset=utf-8
cache-control: no-cache
content-length: 88
date: Thu, 25 Jun 2020 12:50:26 GMT

15:50:26.050 [AsyncHttpClient-3-1] DEBUG o.a.netty.channel.ChannelManager - Adding key: http://localhost:10889 for channel [id: 0x7c68b8df, L:/127.0.0.1:64390 - R:localhost/127.0.0.1:10889]
15:50:26.051 [Forwarding getElementText on session 14f61660-7bcc-4279-b6a3-7163a94e0626 to remote] DEBUG o.a.netty.request.NettyRequestSender - Using pooled Channel '[id: 0x7c68b8df, L:/127.0.0.1:64390 - R:localhost/127.0.0.1:10889]' for 'GET' to 'http://localhost:10889/session/14f61660-7bcc-4279-b6a3-7163a94e0626/element/0119f657-6fa5-4cff-874f-130aba1ccaf5/text'
15:50:26.051 [Forwarding getElementText on session 14f61660-7bcc-4279-b6a3-7163a94e0626 to remote] DEBUG o.a.netty.request.NettyRequestSender - Using open Channel [id: 0x7c68b8df, L:/127.0.0.1:64390 - R:localhost/127.0.0.1:10889] for GET '/session/14f61660-7bcc-4279-b6a3-7163a94e0626/element/0119f657-6fa5-4cff-874f-130aba1ccaf5/text'
15:50:26.055 [AsyncHttpClient-3-1] DEBUG o.a.netty.handler.HttpHandler - 

Request DefaultFullHttpRequest(decodeResult: success, version: HTTP/1.1, content: EmptyByteBufBE)
GET /session/14f61660-7bcc-4279-b6a3-7163a94e0626/element/0119f657-6fa5-4cff-874f-130aba1ccaf5/text HTTP/1.1
User-Agent: selenium/4.0.0-alpha-5 (java windows)
Cache-Control: no-cache
host: localhost:10889
accept: */*

Response DefaultHttpResponse(decodeResult: success, version: HTTP/1.1)
HTTP/1.1 200 OK
content-type: application/json; charset=utf-8
cache-control: no-cache
content-length: 45
date: Thu, 25 Jun 2020 12:50:26 GMT

15:50:26.055 [AsyncHttpClient-3-1] DEBUG o.a.netty.channel.ChannelManager - Adding key: http://localhost:10889 for channel [id: 0x7c68b8df, L:/127.0.0.1:64390 - R:localhost/127.0.0.1:10889]
15:50:26.055 [Forwarding findChildElement on session 14f61660-7bcc-4279-b6a3-7163a94e0626 to remote] DEBUG o.a.netty.request.NettyRequestSender - Using pooled Channel '[id: 0x7c68b8df, L:/127.0.0.1:64390 - R:localhost/127.0.0.1:10889]' for 'POST' to 'http://localhost:10889/session/14f61660-7bcc-4279-b6a3-7163a94e0626/element/04fc87b6-97b2-4ecb-b58b-989083d64374/element'
15:50:26.056 [Forwarding findChildElement on session 14f61660-7bcc-4279-b6a3-7163a94e0626 to remote] DEBUG o.a.netty.request.NettyRequestSender - Using open Channel [id: 0x7c68b8df, L:/127.0.0.1:64390 - R:localhost/127.0.0.1:10889] for POST '/session/14f61660-7bcc-4279-b6a3-7163a94e0626/element/04fc87b6-97b2-4ecb-b58b-989083d64374/element'
15:50:26.059 [AsyncHttpClient-3-1] DEBUG o.a.netty.handler.HttpHandler - 

Request DefaultHttpRequest(decodeResult: success, version: HTTP/1.1)
POST /session/14f61660-7bcc-4279-b6a3-7163a94e0626/element/04fc87b6-97b2-4ecb-b58b-989083d64374/element HTTP/1.1
User-Agent: selenium/4.0.0-alpha-5 (java windows)
Content-Length: 103
Content-Type: application/json; charset=utf-8
host: localhost:10889
accept: */*

Response DefaultHttpResponse(decodeResult: success, version: HTTP/1.1)
HTTP/1.1 200 OK
content-type: application/json; charset=utf-8
cache-control: no-cache
content-length: 88
date: Thu, 25 Jun 2020 12:50:26 GMT

15:50:26.059 [AsyncHttpClient-3-1] DEBUG o.a.netty.channel.ChannelManager - Adding key: http://localhost:10889 for channel [id: 0x7c68b8df, L:/127.0.0.1:64390 - R:localhost/127.0.0.1:10889]
15:50:26.059 [Forwarding getElementText on session 14f61660-7bcc-4279-b6a3-7163a94e0626 to remote] DEBUG o.a.netty.request.NettyRequestSender - Using pooled Channel '[id: 0x7c68b8df, L:/127.0.0.1:64390 - R:localhost/127.0.0.1:10889]' for 'GET' to 'http://localhost:10889/session/14f61660-7bcc-4279-b6a3-7163a94e0626/element/965442fc-b80d-4e65-9ab0-123f6398b448/text'
15:50:26.059 [Forwarding getElementText on session 14f61660-7bcc-4279-b6a3-7163a94e0626 to remote] DEBUG o.a.netty.request.NettyRequestSender - Using open Channel [id: 0x7c68b8df, L:/127.0.0.1:64390 - R:localhost/127.0.0.1:10889] for GET '/session/14f61660-7bcc-4279-b6a3-7163a94e0626/element/965442fc-b80d-4e65-9ab0-123f6398b448/text'
15:50:26.066 [AsyncHttpClient-3-1] DEBUG o.a.netty.handler.HttpHandler - 

Request DefaultFullHttpRequest(decodeResult: success, version: HTTP/1.1, content: EmptyByteBufBE)
GET /session/14f61660-7bcc-4279-b6a3-7163a94e0626/element/965442fc-b80d-4e65-9ab0-123f6398b448/text HTTP/1.1
User-Agent: selenium/4.0.0-alpha-5 (java windows)
Cache-Control: no-cache
host: localhost:10889
accept: */*

Response DefaultHttpResponse(decodeResult: success, version: HTTP/1.1)
HTTP/1.1 200 OK
content-type: application/json; charset=utf-8
cache-control: no-cache
content-length: 57
date: Thu, 25 Jun 2020 12:50:26 GMT

15:50:26.066 [AsyncHttpClient-3-1] DEBUG o.a.netty.channel.ChannelManager - Adding key: http://localhost:10889 for channel [id: 0x7c68b8df, L:/127.0.0.1:64390 - R:localhost/127.0.0.1:10889]
15:50:26.066 [Forwarding findChildElement on session 14f61660-7bcc-4279-b6a3-7163a94e0626 to remote] DEBUG o.a.netty.request.NettyRequestSender - Using pooled Channel '[id: 0x7c68b8df, L:/127.0.0.1:64390 - R:localhost/127.0.0.1:10889]' for 'POST' to 'http://localhost:10889/session/14f61660-7bcc-4279-b6a3-7163a94e0626/element/04fc87b6-97b2-4ecb-b58b-989083d64374/element'
15:50:26.066 [Forwarding findChildElement on session 14f61660-7bcc-4279-b6a3-7163a94e0626 to remote] DEBUG o.a.netty.request.NettyRequestSender - Using open Channel [id: 0x7c68b8df, L:/127.0.0.1:64390 - R:localhost/127.0.0.1:10889] for POST '/session/14f61660-7bcc-4279-b6a3-7163a94e0626/element/04fc87b6-97b2-4ecb-b58b-989083d64374/element'
15:50:26.070 [AsyncHttpClient-3-1] DEBUG o.a.netty.handler.HttpHandler - 

Request DefaultHttpRequest(decodeResult: success, version: HTTP/1.1)
POST /session/14f61660-7bcc-4279-b6a3-7163a94e0626/element/04fc87b6-97b2-4ecb-b58b-989083d64374/element HTTP/1.1
User-Agent: selenium/4.0.0-alpha-5 (java windows)
Content-Length: 97
Content-Type: application/json; charset=utf-8
host: localhost:10889
accept: */*

Response DefaultHttpResponse(decodeResult: success, version: HTTP/1.1)
HTTP/1.1 200 OK
content-type: application/json; charset=utf-8
cache-control: no-cache
content-length: 88
date: Thu, 25 Jun 2020 12:50:26 GMT

15:50:26.070 [AsyncHttpClient-3-1] DEBUG o.a.netty.channel.ChannelManager - Adding key: http://localhost:10889 for channel [id: 0x7c68b8df, L:/127.0.0.1:64390 - R:localhost/127.0.0.1:10889]
15:50:26.072 [Forwarding getElementAttribute on session 14f61660-7bcc-4279-b6a3-7163a94e0626 to remote] DEBUG o.a.netty.request.NettyRequestSender - Using pooled Channel '[id: 0x7c68b8df, L:/127.0.0.1:64390 - R:localhost/127.0.0.1:10889]' for 'POST' to 'http://localhost:10889/session/14f61660-7bcc-4279-b6a3-7163a94e0626/execute/sync'
15:50:26.072 [Forwarding getElementAttribute on session 14f61660-7bcc-4279-b6a3-7163a94e0626 to remote] DEBUG o.a.netty.request.NettyRequestSender - Using open Channel [id: 0x7c68b8df, L:/127.0.0.1:64390 - R:localhost/127.0.0.1:10889] for POST '/session/14f61660-7bcc-4279-b6a3-7163a94e0626/execute/sync'
15:50:26.084 [AsyncHttpClient-3-1] DEBUG o.a.netty.handler.HttpHandler - 

Request DefaultHttpRequest(decodeResult: success, version: HTTP/1.1)
POST /session/14f61660-7bcc-4279-b6a3-7163a94e0626/execute/sync HTTP/1.1
User-Agent: selenium/4.0.0-alpha-5 (java windows)
Content-Length: 39635
Content-Type: application/json; charset=utf-8
host: localhost:10889
accept: */*

Response DefaultHttpResponse(decodeResult: success, version: HTTP/1.1)
HTTP/1.1 200 OK
content-type: application/json; charset=utf-8
cache-control: no-cache
content-length: 15
date: Thu, 25 Jun 2020 12:50:26 GMT

15:50:26.084 [AsyncHttpClient-3-1] DEBUG o.a.netty.channel.ChannelManager - Adding key: http://localhost:10889 for channel [id: 0x7c68b8df, L:/127.0.0.1:64390 - R:localhost/127.0.0.1:10889]
15:50:26.084 [Forwarding findChildElement on session 14f61660-7bcc-4279-b6a3-7163a94e0626 to remote] DEBUG o.a.netty.request.NettyRequestSender - Using pooled Channel '[id: 0x7c68b8df, L:/127.0.0.1:64390 - R:localhost/127.0.0.1:10889]' for 'POST' to 'http://localhost:10889/session/14f61660-7bcc-4279-b6a3-7163a94e0626/element/1cd6d298-e488-4036-9b9c-cc35b5e82716/element'
15:50:26.085 [Forwarding findChildElement on session 14f61660-7bcc-4279-b6a3-7163a94e0626 to remote] DEBUG o.a.netty.request.NettyRequestSender - Using open Channel [id: 0x7c68b8df, L:/127.0.0.1:64390 - R:localhost/127.0.0.1:10889] for POST '/session/14f61660-7bcc-4279-b6a3-7163a94e0626/element/1cd6d298-e488-4036-9b9c-cc35b5e82716/element'
15:50:26.088 [AsyncHttpClient-3-1] DEBUG o.a.netty.handler.HttpHandler - 

Request DefaultHttpRequest(decodeResult: success, version: HTTP/1.1)
POST /session/14f61660-7bcc-4279-b6a3-7163a94e0626/element/1cd6d298-e488-4036-9b9c-cc35b5e82716/element HTTP/1.1
User-Agent: selenium/4.0.0-alpha-5 (java windows)
Content-Length: 103
Content-Type: application/json; charset=utf-8
host: localhost:10889
accept: */*

Response DefaultHttpResponse(decodeResult: success, version: HTTP/1.1)
HTTP/1.1 200 OK
content-type: application/json; charset=utf-8
cache-control: no-cache
content-length: 88
date: Thu, 25 Jun 2020 12:50:26 GMT

15:50:26.088 [AsyncHttpClient-3-1] DEBUG o.a.netty.channel.ChannelManager - Adding key: http://localhost:10889 for channel [id: 0x7c68b8df, L:/127.0.0.1:64390 - R:localhost/127.0.0.1:10889]
15:50:26.089 [Forwarding getElementText on session 14f61660-7bcc-4279-b6a3-7163a94e0626 to remote] DEBUG o.a.netty.request.NettyRequestSender - Using pooled Channel '[id: 0x7c68b8df, L:/127.0.0.1:64390 - R:localhost/127.0.0.1:10889]' for 'GET' to 'http://localhost:10889/session/14f61660-7bcc-4279-b6a3-7163a94e0626/element/ec783d13-50fd-4386-bf22-832457c1c40e/text'
15:50:26.089 [Forwarding getElementText on session 14f61660-7bcc-4279-b6a3-7163a94e0626 to remote] DEBUG o.a.netty.request.NettyRequestSender - Using open Channel [id: 0x7c68b8df, L:/127.0.0.1:64390 - R:localhost/127.0.0.1:10889] for GET '/session/14f61660-7bcc-4279-b6a3-7163a94e0626/element/ec783d13-50fd-4386-bf22-832457c1c40e/text'
15:50:26.093 [AsyncHttpClient-3-1] DEBUG o.a.netty.handler.HttpHandler - 

Request DefaultFullHttpRequest(decodeResult: success, version: HTTP/1.1, content: EmptyByteBufBE)
GET /session/14f61660-7bcc-4279-b6a3-7163a94e0626/element/ec783d13-50fd-4386-bf22-832457c1c40e/text HTTP/1.1
User-Agent: selenium/4.0.0-alpha-5 (java windows)
Cache-Control: no-cache
host: localhost:10889
accept: */*

Response DefaultHttpResponse(decodeResult: success, version: HTTP/1.1)
HTTP/1.1 200 OK
content-type: application/json; charset=utf-8
cache-control: no-cache
content-length: 18
date: Thu, 25 Jun 2020 12:50:26 GMT

15:50:26.093 [AsyncHttpClient-3-1] DEBUG o.a.netty.channel.ChannelManager - Adding key: http://localhost:10889 for channel [id: 0x7c68b8df, L:/127.0.0.1:64390 - R:localhost/127.0.0.1:10889]
15:50:26.094 [Forwarding findChildElement on session 14f61660-7bcc-4279-b6a3-7163a94e0626 to remote] DEBUG o.a.netty.request.NettyRequestSender - Using pooled Channel '[id: 0x7c68b8df, L:/127.0.0.1:64390 - R:localhost/127.0.0.1:10889]' for 'POST' to 'http://localhost:10889/session/14f61660-7bcc-4279-b6a3-7163a94e0626/element/1cd6d298-e488-4036-9b9c-cc35b5e82716/element'
15:50:26.094 [Forwarding findChildElement on session 14f61660-7bcc-4279-b6a3-7163a94e0626 to remote] DEBUG o.a.netty.request.NettyRequestSender - Using open Channel [id: 0x7c68b8df, L:/127.0.0.1:64390 - R:localhost/127.0.0.1:10889] for POST '/session/14f61660-7bcc-4279-b6a3-7163a94e0626/element/1cd6d298-e488-4036-9b9c-cc35b5e82716/element'
15:50:26.097 [AsyncHttpClient-3-1] DEBUG o.a.netty.handler.HttpHandler - 

Request DefaultHttpRequest(decodeResult: success, version: HTTP/1.1)
POST /session/14f61660-7bcc-4279-b6a3-7163a94e0626/element/1cd6d298-e488-4036-9b9c-cc35b5e82716/element HTTP/1.1
User-Agent: selenium/4.0.0-alpha-5 (java windows)
Content-Length: 103
Content-Type: application/json; charset=utf-8
host: localhost:10889
accept: */*

Response DefaultHttpResponse(decodeResult: success, version: HTTP/1.1)
HTTP/1.1 200 OK
content-type: application/json; charset=utf-8
cache-control: no-cache
content-length: 88
date: Thu, 25 Jun 2020 12:50:26 GMT

15:50:26.097 [AsyncHttpClient-3-1] DEBUG o.a.netty.channel.ChannelManager - Adding key: http://localhost:10889 for channel [id: 0x7c68b8df, L:/127.0.0.1:64390 - R:localhost/127.0.0.1:10889]
15:50:26.098 [Forwarding getElementText on session 14f61660-7bcc-4279-b6a3-7163a94e0626 to remote] DEBUG o.a.netty.request.NettyRequestSender - Using pooled Channel '[id: 0x7c68b8df, L:/127.0.0.1:64390 - R:localhost/127.0.0.1:10889]' for 'GET' to 'http://localhost:10889/session/14f61660-7bcc-4279-b6a3-7163a94e0626/element/bb5babbc-9af5-4403-bbed-7da16c20079c/text'
15:50:26.098 [Forwarding getElementText on session 14f61660-7bcc-4279-b6a3-7163a94e0626 to remote] DEBUG o.a.netty.request.NettyRequestSender - Using open Channel [id: 0x7c68b8df, L:/127.0.0.1:64390 - R:localhost/127.0.0.1:10889] for GET '/session/14f61660-7bcc-4279-b6a3-7163a94e0626/element/bb5babbc-9af5-4403-bbed-7da16c20079c/text'
15:50:26.102 [AsyncHttpClient-3-1] DEBUG o.a.netty.handler.HttpHandler - 

Request DefaultFullHttpRequest(decodeResult: success, version: HTTP/1.1, content: EmptyByteBufBE)
GET /session/14f61660-7bcc-4279-b6a3-7163a94e0626/element/bb5babbc-9af5-4403-bbed-7da16c20079c/text HTTP/1.1
User-Agent: selenium/4.0.0-alpha-5 (java windows)
Cache-Control: no-cache
host: localhost:10889
accept: */*

Response DefaultHttpResponse(decodeResult: success, version: HTTP/1.1)
HTTP/1.1 200 OK
content-type: application/json; charset=utf-8
cache-control: no-cache
content-length: 22
date: Thu, 25 Jun 2020 12:50:26 GMT

15:50:26.102 [AsyncHttpClient-3-1] DEBUG o.a.netty.channel.ChannelManager - Adding key: http://localhost:10889 for channel [id: 0x7c68b8df, L:/127.0.0.1:64390 - R:localhost/127.0.0.1:10889]
15:50:26.103 [Forwarding findChildElement on session 14f61660-7bcc-4279-b6a3-7163a94e0626 to remote] DEBUG o.a.netty.request.NettyRequestSender - Using pooled Channel '[id: 0x7c68b8df, L:/127.0.0.1:64390 - R:localhost/127.0.0.1:10889]' for 'POST' to 'http://localhost:10889/session/14f61660-7bcc-4279-b6a3-7163a94e0626/element/1cd6d298-e488-4036-9b9c-cc35b5e82716/element'
15:50:26.103 [Forwarding findChildElement on session 14f61660-7bcc-4279-b6a3-7163a94e0626 to remote] DEBUG o.a.netty.request.NettyRequestSender - Using open Channel [id: 0x7c68b8df, L:/127.0.0.1:64390 - R:localhost/127.0.0.1:10889] for POST '/session/14f61660-7bcc-4279-b6a3-7163a94e0626/element/1cd6d298-e488-4036-9b9c-cc35b5e82716/element'
15:50:26.106 [AsyncHttpClient-3-1] DEBUG o.a.netty.handler.HttpHandler - 

Request DefaultHttpRequest(decodeResult: success, version: HTTP/1.1)
POST /session/14f61660-7bcc-4279-b6a3-7163a94e0626/element/1cd6d298-e488-4036-9b9c-cc35b5e82716/element HTTP/1.1
User-Agent: selenium/4.0.0-alpha-5 (java windows)
Content-Length: 103
Content-Type: application/json; charset=utf-8
host: localhost:10889
accept: */*

Response DefaultHttpResponse(decodeResult: success, version: HTTP/1.1)
HTTP/1.1 200 OK
content-type: application/json; charset=utf-8
cache-control: no-cache
content-length: 88
date: Thu, 25 Jun 2020 12:50:26 GMT

15:50:26.107 [AsyncHttpClient-3-1] DEBUG o.a.netty.channel.ChannelManager - Adding key: http://localhost:10889 for channel [id: 0x7c68b8df, L:/127.0.0.1:64390 - R:localhost/127.0.0.1:10889]
15:50:26.107 [Forwarding getElementText on session 14f61660-7bcc-4279-b6a3-7163a94e0626 to remote] DEBUG o.a.netty.request.NettyRequestSender - Using pooled Channel '[id: 0x7c68b8df, L:/127.0.0.1:64390 - R:localhost/127.0.0.1:10889]' for 'GET' to 'http://localhost:10889/session/14f61660-7bcc-4279-b6a3-7163a94e0626/element/9c6e6885-3108-4e9b-98b8-ea3a2f11287e/text'
15:50:26.107 [Forwarding getElementText on session 14f61660-7bcc-4279-b6a3-7163a94e0626 to remote] DEBUG o.a.netty.request.NettyRequestSender - Using open Channel [id: 0x7c68b8df, L:/127.0.0.1:64390 - R:localhost/127.0.0.1:10889] for GET '/session/14f61660-7bcc-4279-b6a3-7163a94e0626/element/9c6e6885-3108-4e9b-98b8-ea3a2f11287e/text'
15:50:26.111 [AsyncHttpClient-3-1] DEBUG o.a.netty.handler.HttpHandler - 

Request DefaultFullHttpRequest(decodeResult: success, version: HTTP/1.1, content: EmptyByteBufBE)
GET /session/14f61660-7bcc-4279-b6a3-7163a94e0626/element/9c6e6885-3108-4e9b-98b8-ea3a2f11287e/text HTTP/1.1
User-Agent: selenium/4.0.0-alpha-5 (java windows)
Cache-Control: no-cache
host: localhost:10889
accept: */*

Response DefaultHttpResponse(decodeResult: success, version: HTTP/1.1)
HTTP/1.1 200 OK
content-type: application/json; charset=utf-8
cache-control: no-cache
content-length: 21
date: Thu, 25 Jun 2020 12:50:26 GMT

15:50:26.111 [AsyncHttpClient-3-1] DEBUG o.a.netty.channel.ChannelManager - Adding key: http://localhost:10889 for channel [id: 0x7c68b8df, L:/127.0.0.1:64390 - R:localhost/127.0.0.1:10889]
15:50:26.111 [Forwarding findChildElement on session 14f61660-7bcc-4279-b6a3-7163a94e0626 to remote] DEBUG o.a.netty.request.NettyRequestSender - Using pooled Channel '[id: 0x7c68b8df, L:/127.0.0.1:64390 - R:localhost/127.0.0.1:10889]' for 'POST' to 'http://localhost:10889/session/14f61660-7bcc-4279-b6a3-7163a94e0626/element/1cd6d298-e488-4036-9b9c-cc35b5e82716/element'
15:50:26.111 [Forwarding findChildElement on session 14f61660-7bcc-4279-b6a3-7163a94e0626 to remote] DEBUG o.a.netty.request.NettyRequestSender - Using open Channel [id: 0x7c68b8df, L:/127.0.0.1:64390 - R:localhost/127.0.0.1:10889] for POST '/session/14f61660-7bcc-4279-b6a3-7163a94e0626/element/1cd6d298-e488-4036-9b9c-cc35b5e82716/element'
15:50:26.115 [AsyncHttpClient-3-1] DEBUG o.a.netty.handler.HttpHandler - 

Request DefaultHttpRequest(decodeResult: success, version: HTTP/1.1)
POST /session/14f61660-7bcc-4279-b6a3-7163a94e0626/element/1cd6d298-e488-4036-9b9c-cc35b5e82716/element HTTP/1.1
User-Agent: selenium/4.0.0-alpha-5 (java windows)
Content-Length: 103
Content-Type: application/json; charset=utf-8
host: localhost:10889
accept: */*

Response DefaultHttpResponse(decodeResult: success, version: HTTP/1.1)
HTTP/1.1 200 OK
content-type: application/json; charset=utf-8
cache-control: no-cache
content-length: 88
date: Thu, 25 Jun 2020 12:50:26 GMT

15:50:26.115 [AsyncHttpClient-3-1] DEBUG o.a.netty.channel.ChannelManager - Adding key: http://localhost:10889 for channel [id: 0x7c68b8df, L:/127.0.0.1:64390 - R:localhost/127.0.0.1:10889]
15:50:26.115 [Forwarding getElementText on session 14f61660-7bcc-4279-b6a3-7163a94e0626 to remote] DEBUG o.a.netty.request.NettyRequestSender - Using pooled Channel '[id: 0x7c68b8df, L:/127.0.0.1:64390 - R:localhost/127.0.0.1:10889]' for 'GET' to 'http://localhost:10889/session/14f61660-7bcc-4279-b6a3-7163a94e0626/element/e1e91ae0-22c8-4077-a510-36e7a3c04624/text'
15:50:26.115 [Forwarding getElementText on session 14f61660-7bcc-4279-b6a3-7163a94e0626 to remote] DEBUG o.a.netty.request.NettyRequestSender - Using open Channel [id: 0x7c68b8df, L:/127.0.0.1:64390 - R:localhost/127.0.0.1:10889] for GET '/session/14f61660-7bcc-4279-b6a3-7163a94e0626/element/e1e91ae0-22c8-4077-a510-36e7a3c04624/text'
15:50:26.119 [AsyncHttpClient-3-1] DEBUG o.a.netty.handler.HttpHandler - 

Request DefaultFullHttpRequest(decodeResult: success, version: HTTP/1.1, content: EmptyByteBufBE)
GET /session/14f61660-7bcc-4279-b6a3-7163a94e0626/element/e1e91ae0-22c8-4077-a510-36e7a3c04624/text HTTP/1.1
User-Agent: selenium/4.0.0-alpha-5 (java windows)
Cache-Control: no-cache
host: localhost:10889
accept: */*

Response DefaultHttpResponse(decodeResult: success, version: HTTP/1.1)
HTTP/1.1 200 OK
content-type: application/json; charset=utf-8
cache-control: no-cache
content-length: 45
date: Thu, 25 Jun 2020 12:50:26 GMT

15:50:26.119 [AsyncHttpClient-3-1] DEBUG o.a.netty.channel.ChannelManager - Adding key: http://localhost:10889 for channel [id: 0x7c68b8df, L:/127.0.0.1:64390 - R:localhost/127.0.0.1:10889]
15:50:26.120 [Forwarding findChildElement on session 14f61660-7bcc-4279-b6a3-7163a94e0626 to remote] DEBUG o.a.netty.request.NettyRequestSender - Using pooled Channel '[id: 0x7c68b8df, L:/127.0.0.1:64390 - R:localhost/127.0.0.1:10889]' for 'POST' to 'http://localhost:10889/session/14f61660-7bcc-4279-b6a3-7163a94e0626/element/1cd6d298-e488-4036-9b9c-cc35b5e82716/element'
15:50:26.120 [Forwarding findChildElement on session 14f61660-7bcc-4279-b6a3-7163a94e0626 to remote] DEBUG o.a.netty.request.NettyRequestSender - Using open Channel [id: 0x7c68b8df, L:/127.0.0.1:64390 - R:localhost/127.0.0.1:10889] for POST '/session/14f61660-7bcc-4279-b6a3-7163a94e0626/element/1cd6d298-e488-4036-9b9c-cc35b5e82716/element'
15:50:26.124 [AsyncHttpClient-3-1] DEBUG o.a.netty.handler.HttpHandler - 

Request DefaultHttpRequest(decodeResult: success, version: HTTP/1.1)
POST /session/14f61660-7bcc-4279-b6a3-7163a94e0626/element/1cd6d298-e488-4036-9b9c-cc35b5e82716/element HTTP/1.1
User-Agent: selenium/4.0.0-alpha-5 (java windows)
Content-Length: 103
Content-Type: application/json; charset=utf-8
host: localhost:10889
accept: */*

Response DefaultHttpResponse(decodeResult: success, version: HTTP/1.1)
HTTP/1.1 200 OK
content-type: application/json; charset=utf-8
cache-control: no-cache
content-length: 88
date: Thu, 25 Jun 2020 12:50:26 GMT

15:50:26.124 [AsyncHttpClient-3-1] DEBUG o.a.netty.channel.ChannelManager - Adding key: http://localhost:10889 for channel [id: 0x7c68b8df, L:/127.0.0.1:64390 - R:localhost/127.0.0.1:10889]
15:50:26.124 [Forwarding getElementText on session 14f61660-7bcc-4279-b6a3-7163a94e0626 to remote] DEBUG o.a.netty.request.NettyRequestSender - Using pooled Channel '[id: 0x7c68b8df, L:/127.0.0.1:64390 - R:localhost/127.0.0.1:10889]' for 'GET' to 'http://localhost:10889/session/14f61660-7bcc-4279-b6a3-7163a94e0626/element/64662723-e91c-4d8c-b078-5c0c8c1f5557/text'
15:50:26.124 [Forwarding getElementText on session 14f61660-7bcc-4279-b6a3-7163a94e0626 to remote] DEBUG o.a.netty.request.NettyRequestSender - Using open Channel [id: 0x7c68b8df, L:/127.0.0.1:64390 - R:localhost/127.0.0.1:10889] for GET '/session/14f61660-7bcc-4279-b6a3-7163a94e0626/element/64662723-e91c-4d8c-b078-5c0c8c1f5557/text'
15:50:26.131 [AsyncHttpClient-3-1] DEBUG o.a.netty.handler.HttpHandler - 

Request DefaultFullHttpRequest(decodeResult: success, version: HTTP/1.1, content: EmptyByteBufBE)
GET /session/14f61660-7bcc-4279-b6a3-7163a94e0626/element/64662723-e91c-4d8c-b078-5c0c8c1f5557/text HTTP/1.1
User-Agent: selenium/4.0.0-alpha-5 (java windows)
Cache-Control: no-cache
host: localhost:10889
accept: */*

Response DefaultHttpResponse(decodeResult: success, version: HTTP/1.1)
HTTP/1.1 200 OK
content-type: application/json; charset=utf-8
cache-control: no-cache
content-length: 57
date: Thu, 25 Jun 2020 12:50:26 GMT

15:50:26.131 [AsyncHttpClient-3-1] DEBUG o.a.netty.channel.ChannelManager - Adding key: http://localhost:10889 for channel [id: 0x7c68b8df, L:/127.0.0.1:64390 - R:localhost/127.0.0.1:10889]
15:50:26.131 [Forwarding findChildElement on session 14f61660-7bcc-4279-b6a3-7163a94e0626 to remote] DEBUG o.a.netty.request.NettyRequestSender - Using pooled Channel '[id: 0x7c68b8df, L:/127.0.0.1:64390 - R:localhost/127.0.0.1:10889]' for 'POST' to 'http://localhost:10889/session/14f61660-7bcc-4279-b6a3-7163a94e0626/element/1cd6d298-e488-4036-9b9c-cc35b5e82716/element'
15:50:26.132 [Forwarding findChildElement on session 14f61660-7bcc-4279-b6a3-7163a94e0626 to remote] DEBUG o.a.netty.request.NettyRequestSender - Using open Channel [id: 0x7c68b8df, L:/127.0.0.1:64390 - R:localhost/127.0.0.1:10889] for POST '/session/14f61660-7bcc-4279-b6a3-7163a94e0626/element/1cd6d298-e488-4036-9b9c-cc35b5e82716/element'
15:50:26.135 [AsyncHttpClient-3-1] DEBUG o.a.netty.handler.HttpHandler - 

Request DefaultHttpRequest(decodeResult: success, version: HTTP/1.1)
POST /session/14f61660-7bcc-4279-b6a3-7163a94e0626/element/1cd6d298-e488-4036-9b9c-cc35b5e82716/element HTTP/1.1
User-Agent: selenium/4.0.0-alpha-5 (java windows)
Content-Length: 97
Content-Type: application/json; charset=utf-8
host: localhost:10889
accept: */*

Response DefaultHttpResponse(decodeResult: success, version: HTTP/1.1)
HTTP/1.1 200 OK
content-type: application/json; charset=utf-8
cache-control: no-cache
content-length: 88
date: Thu, 25 Jun 2020 12:50:26 GMT

15:50:26.135 [AsyncHttpClient-3-1] DEBUG o.a.netty.channel.ChannelManager - Adding key: http://localhost:10889 for channel [id: 0x7c68b8df, L:/127.0.0.1:64390 - R:localhost/127.0.0.1:10889]
15:50:26.138 [Forwarding getElementAttribute on session 14f61660-7bcc-4279-b6a3-7163a94e0626 to remote] DEBUG o.a.netty.request.NettyRequestSender - Using pooled Channel '[id: 0x7c68b8df, L:/127.0.0.1:64390 - R:localhost/127.0.0.1:10889]' for 'POST' to 'http://localhost:10889/session/14f61660-7bcc-4279-b6a3-7163a94e0626/execute/sync'
15:50:26.138 [Forwarding getElementAttribute on session 14f61660-7bcc-4279-b6a3-7163a94e0626 to remote] DEBUG o.a.netty.request.NettyRequestSender - Using open Channel [id: 0x7c68b8df, L:/127.0.0.1:64390 - R:localhost/127.0.0.1:10889] for POST '/session/14f61660-7bcc-4279-b6a3-7163a94e0626/execute/sync'
15:50:26.150 [AsyncHttpClient-3-1] DEBUG o.a.netty.handler.HttpHandler - 

Request DefaultHttpRequest(decodeResult: success, version: HTTP/1.1)
POST /session/14f61660-7bcc-4279-b6a3-7163a94e0626/execute/sync HTTP/1.1
User-Agent: selenium/4.0.0-alpha-5 (java windows)
Content-Length: 39635
Content-Type: application/json; charset=utf-8
host: localhost:10889
accept: */*

Response DefaultHttpResponse(decodeResult: success, version: HTTP/1.1)
HTTP/1.1 200 OK
content-type: application/json; charset=utf-8
cache-control: no-cache
content-length: 15
date: Thu, 25 Jun 2020 12:50:26 GMT

15:50:26.150 [AsyncHttpClient-3-1] DEBUG o.a.netty.channel.ChannelManager - Adding key: http://localhost:10889 for channel [id: 0x7c68b8df, L:/127.0.0.1:64390 - R:localhost/127.0.0.1:10889]
15:50:26.150 [Forwarding findChildElement on session 14f61660-7bcc-4279-b6a3-7163a94e0626 to remote] DEBUG o.a.netty.request.NettyRequestSender - Using pooled Channel '[id: 0x7c68b8df, L:/127.0.0.1:64390 - R:localhost/127.0.0.1:10889]' for 'POST' to 'http://localhost:10889/session/14f61660-7bcc-4279-b6a3-7163a94e0626/element/90edf028-dd41-4f50-9e15-5ed1e9b461bb/element'
15:50:26.150 [Forwarding findChildElement on session 14f61660-7bcc-4279-b6a3-7163a94e0626 to remote] DEBUG o.a.netty.request.NettyRequestSender - Using open Channel [id: 0x7c68b8df, L:/127.0.0.1:64390 - R:localhost/127.0.0.1:10889] for POST '/session/14f61660-7bcc-4279-b6a3-7163a94e0626/element/90edf028-dd41-4f50-9e15-5ed1e9b461bb/element'
15:50:26.154 [AsyncHttpClient-3-1] DEBUG o.a.netty.handler.HttpHandler - 

Request DefaultHttpRequest(decodeResult: success, version: HTTP/1.1)
POST /session/14f61660-7bcc-4279-b6a3-7163a94e0626/element/90edf028-dd41-4f50-9e15-5ed1e9b461bb/element HTTP/1.1
User-Agent: selenium/4.0.0-alpha-5 (java windows)
Content-Length: 103
Content-Type: application/json; charset=utf-8
host: localhost:10889
accept: */*

Response DefaultHttpResponse(decodeResult: success, version: HTTP/1.1)
HTTP/1.1 200 OK
content-type: application/json; charset=utf-8
cache-control: no-cache
content-length: 88
date: Thu, 25 Jun 2020 12:50:26 GMT

15:50:26.154 [AsyncHttpClient-3-1] DEBUG o.a.netty.channel.ChannelManager - Adding key: http://localhost:10889 for channel [id: 0x7c68b8df, L:/127.0.0.1:64390 - R:localhost/127.0.0.1:10889]
15:50:26.154 [Forwarding getElementText on session 14f61660-7bcc-4279-b6a3-7163a94e0626 to remote] DEBUG o.a.netty.request.NettyRequestSender - Using pooled Channel '[id: 0x7c68b8df, L:/127.0.0.1:64390 - R:localhost/127.0.0.1:10889]' for 'GET' to 'http://localhost:10889/session/14f61660-7bcc-4279-b6a3-7163a94e0626/element/6187d91d-3a79-4013-b42d-7fbb2ce9ba3c/text'
15:50:26.154 [Forwarding getElementText on session 14f61660-7bcc-4279-b6a3-7163a94e0626 to remote] DEBUG o.a.netty.request.NettyRequestSender - Using open Channel [id: 0x7c68b8df, L:/127.0.0.1:64390 - R:localhost/127.0.0.1:10889] for GET '/session/14f61660-7bcc-4279-b6a3-7163a94e0626/element/6187d91d-3a79-4013-b42d-7fbb2ce9ba3c/text'
15:50:26.158 [AsyncHttpClient-3-1] DEBUG o.a.netty.handler.HttpHandler - 

Request DefaultFullHttpRequest(decodeResult: success, version: HTTP/1.1, content: EmptyByteBufBE)
GET /session/14f61660-7bcc-4279-b6a3-7163a94e0626/element/6187d91d-3a79-4013-b42d-7fbb2ce9ba3c/text HTTP/1.1
User-Agent: selenium/4.0.0-alpha-5 (java windows)
Cache-Control: no-cache
host: localhost:10889
accept: */*

Response DefaultHttpResponse(decodeResult: success, version: HTTP/1.1)
HTTP/1.1 200 OK
content-type: application/json; charset=utf-8
cache-control: no-cache
content-length: 18
date: Thu, 25 Jun 2020 12:50:26 GMT

15:50:26.158 [AsyncHttpClient-3-1] DEBUG o.a.netty.channel.ChannelManager - Adding key: http://localhost:10889 for channel [id: 0x7c68b8df, L:/127.0.0.1:64390 - R:localhost/127.0.0.1:10889]
15:50:26.159 [Forwarding findChildElement on session 14f61660-7bcc-4279-b6a3-7163a94e0626 to remote] DEBUG o.a.netty.request.NettyRequestSender - Using pooled Channel '[id: 0x7c68b8df, L:/127.0.0.1:64390 - R:localhost/127.0.0.1:10889]' for 'POST' to 'http://localhost:10889/session/14f61660-7bcc-4279-b6a3-7163a94e0626/element/90edf028-dd41-4f50-9e15-5ed1e9b461bb/element'
15:50:26.159 [Forwarding findChildElement on session 14f61660-7bcc-4279-b6a3-7163a94e0626 to remote] DEBUG o.a.netty.request.NettyRequestSender - Using open Channel [id: 0x7c68b8df, L:/127.0.0.1:64390 - R:localhost/127.0.0.1:10889] for POST '/session/14f61660-7bcc-4279-b6a3-7163a94e0626/element/90edf028-dd41-4f50-9e15-5ed1e9b461bb/element'
15:50:26.162 [AsyncHttpClient-3-1] DEBUG o.a.netty.handler.HttpHandler - 

Request DefaultHttpRequest(decodeResult: success, version: HTTP/1.1)
POST /session/14f61660-7bcc-4279-b6a3-7163a94e0626/element/90edf028-dd41-4f50-9e15-5ed1e9b461bb/element HTTP/1.1
User-Agent: selenium/4.0.0-alpha-5 (java windows)
Content-Length: 103
Content-Type: application/json; charset=utf-8
host: localhost:10889
accept: */*

Response DefaultHttpResponse(decodeResult: success, version: HTTP/1.1)
HTTP/1.1 200 OK
content-type: application/json; charset=utf-8
cache-control: no-cache
content-length: 88
date: Thu, 25 Jun 2020 12:50:26 GMT

15:50:26.162 [AsyncHttpClient-3-1] DEBUG o.a.netty.channel.ChannelManager - Adding key: http://localhost:10889 for channel [id: 0x7c68b8df, L:/127.0.0.1:64390 - R:localhost/127.0.0.1:10889]
15:50:26.163 [Forwarding getElementText on session 14f61660-7bcc-4279-b6a3-7163a94e0626 to remote] DEBUG o.a.netty.request.NettyRequestSender - Using pooled Channel '[id: 0x7c68b8df, L:/127.0.0.1:64390 - R:localhost/127.0.0.1:10889]' for 'GET' to 'http://localhost:10889/session/14f61660-7bcc-4279-b6a3-7163a94e0626/element/d68a4fdc-b61b-4325-a99c-46d80f06f752/text'
15:50:26.163 [Forwarding getElementText on session 14f61660-7bcc-4279-b6a3-7163a94e0626 to remote] DEBUG o.a.netty.request.NettyRequestSender - Using open Channel [id: 0x7c68b8df, L:/127.0.0.1:64390 - R:localhost/127.0.0.1:10889] for GET '/session/14f61660-7bcc-4279-b6a3-7163a94e0626/element/d68a4fdc-b61b-4325-a99c-46d80f06f752/text'
15:50:26.166 [AsyncHttpClient-3-1] DEBUG o.a.netty.handler.HttpHandler - 

Request DefaultFullHttpRequest(decodeResult: success, version: HTTP/1.1, content: EmptyByteBufBE)
GET /session/14f61660-7bcc-4279-b6a3-7163a94e0626/element/d68a4fdc-b61b-4325-a99c-46d80f06f752/text HTTP/1.1
User-Agent: selenium/4.0.0-alpha-5 (java windows)
Cache-Control: no-cache
host: localhost:10889
accept: */*

Response DefaultHttpResponse(decodeResult: success, version: HTTP/1.1)
HTTP/1.1 200 OK
content-type: application/json; charset=utf-8
cache-control: no-cache
content-length: 22
date: Thu, 25 Jun 2020 12:50:26 GMT

15:50:26.166 [AsyncHttpClient-3-1] DEBUG o.a.netty.channel.ChannelManager - Adding key: http://localhost:10889 for channel [id: 0x7c68b8df, L:/127.0.0.1:64390 - R:localhost/127.0.0.1:10889]
15:50:26.167 [Forwarding findChildElement on session 14f61660-7bcc-4279-b6a3-7163a94e0626 to remote] DEBUG o.a.netty.request.NettyRequestSender - Using pooled Channel '[id: 0x7c68b8df, L:/127.0.0.1:64390 - R:localhost/127.0.0.1:10889]' for 'POST' to 'http://localhost:10889/session/14f61660-7bcc-4279-b6a3-7163a94e0626/element/90edf028-dd41-4f50-9e15-5ed1e9b461bb/element'
15:50:26.167 [Forwarding findChildElement on session 14f61660-7bcc-4279-b6a3-7163a94e0626 to remote] DEBUG o.a.netty.request.NettyRequestSender - Using open Channel [id: 0x7c68b8df, L:/127.0.0.1:64390 - R:localhost/127.0.0.1:10889] for POST '/session/14f61660-7bcc-4279-b6a3-7163a94e0626/element/90edf028-dd41-4f50-9e15-5ed1e9b461bb/element'
15:50:26.170 [AsyncHttpClient-3-1] DEBUG o.a.netty.handler.HttpHandler - 

Request DefaultHttpRequest(decodeResult: success, version: HTTP/1.1)
POST /session/14f61660-7bcc-4279-b6a3-7163a94e0626/element/90edf028-dd41-4f50-9e15-5ed1e9b461bb/element HTTP/1.1
User-Agent: selenium/4.0.0-alpha-5 (java windows)
Content-Length: 103
Content-Type: application/json; charset=utf-8
host: localhost:10889
accept: */*

Response DefaultHttpResponse(decodeResult: success, version: HTTP/1.1)
HTTP/1.1 200 OK
content-type: application/json; charset=utf-8
cache-control: no-cache
content-length: 88
date: Thu, 25 Jun 2020 12:50:26 GMT

15:50:26.170 [AsyncHttpClient-3-1] DEBUG o.a.netty.channel.ChannelManager - Adding key: http://localhost:10889 for channel [id: 0x7c68b8df, L:/127.0.0.1:64390 - R:localhost/127.0.0.1:10889]
15:50:26.171 [Forwarding getElementText on session 14f61660-7bcc-4279-b6a3-7163a94e0626 to remote] DEBUG o.a.netty.request.NettyRequestSender - Using pooled Channel '[id: 0x7c68b8df, L:/127.0.0.1:64390 - R:localhost/127.0.0.1:10889]' for 'GET' to 'http://localhost:10889/session/14f61660-7bcc-4279-b6a3-7163a94e0626/element/7c47376c-7137-49d9-a3bd-84a56ed5c490/text'
15:50:26.171 [Forwarding getElementText on session 14f61660-7bcc-4279-b6a3-7163a94e0626 to remote] DEBUG o.a.netty.request.NettyRequestSender - Using open Channel [id: 0x7c68b8df, L:/127.0.0.1:64390 - R:localhost/127.0.0.1:10889] for GET '/session/14f61660-7bcc-4279-b6a3-7163a94e0626/element/7c47376c-7137-49d9-a3bd-84a56ed5c490/text'
15:50:26.175 [AsyncHttpClient-3-1] DEBUG o.a.netty.handler.HttpHandler - 

Request DefaultFullHttpRequest(decodeResult: success, version: HTTP/1.1, content: EmptyByteBufBE)
GET /session/14f61660-7bcc-4279-b6a3-7163a94e0626/element/7c47376c-7137-49d9-a3bd-84a56ed5c490/text HTTP/1.1
User-Agent: selenium/4.0.0-alpha-5 (java windows)
Cache-Control: no-cache
host: localhost:10889
accept: */*

Response DefaultHttpResponse(decodeResult: success, version: HTTP/1.1)
HTTP/1.1 200 OK
content-type: application/json; charset=utf-8
cache-control: no-cache
content-length: 21
date: Thu, 25 Jun 2020 12:50:26 GMT

15:50:26.175 [AsyncHttpClient-3-1] DEBUG o.a.netty.channel.ChannelManager - Adding key: http://localhost:10889 for channel [id: 0x7c68b8df, L:/127.0.0.1:64390 - R:localhost/127.0.0.1:10889]
15:50:26.175 [Forwarding findChildElement on session 14f61660-7bcc-4279-b6a3-7163a94e0626 to remote] DEBUG o.a.netty.request.NettyRequestSender - Using pooled Channel '[id: 0x7c68b8df, L:/127.0.0.1:64390 - R:localhost/127.0.0.1:10889]' for 'POST' to 'http://localhost:10889/session/14f61660-7bcc-4279-b6a3-7163a94e0626/element/90edf028-dd41-4f50-9e15-5ed1e9b461bb/element'
15:50:26.175 [Forwarding findChildElement on session 14f61660-7bcc-4279-b6a3-7163a94e0626 to remote] DEBUG o.a.netty.request.NettyRequestSender - Using open Channel [id: 0x7c68b8df, L:/127.0.0.1:64390 - R:localhost/127.0.0.1:10889] for POST '/session/14f61660-7bcc-4279-b6a3-7163a94e0626/element/90edf028-dd41-4f50-9e15-5ed1e9b461bb/element'
15:50:26.179 [AsyncHttpClient-3-1] DEBUG o.a.netty.handler.HttpHandler - 

Request DefaultHttpRequest(decodeResult: success, version: HTTP/1.1)
POST /session/14f61660-7bcc-4279-b6a3-7163a94e0626/element/90edf028-dd41-4f50-9e15-5ed1e9b461bb/element HTTP/1.1
User-Agent: selenium/4.0.0-alpha-5 (java windows)
Content-Length: 103
Content-Type: application/json; charset=utf-8
host: localhost:10889
accept: */*

Response DefaultHttpResponse(decodeResult: success, version: HTTP/1.1)
HTTP/1.1 200 OK
content-type: application/json; charset=utf-8
cache-control: no-cache
content-length: 88
date: Thu, 25 Jun 2020 12:50:26 GMT

15:50:26.179 [AsyncHttpClient-3-1] DEBUG o.a.netty.channel.ChannelManager - Adding key: http://localhost:10889 for channel [id: 0x7c68b8df, L:/127.0.0.1:64390 - R:localhost/127.0.0.1:10889]
15:50:26.179 [Forwarding getElementText on session 14f61660-7bcc-4279-b6a3-7163a94e0626 to remote] DEBUG o.a.netty.request.NettyRequestSender - Using pooled Channel '[id: 0x7c68b8df, L:/127.0.0.1:64390 - R:localhost/127.0.0.1:10889]' for 'GET' to 'http://localhost:10889/session/14f61660-7bcc-4279-b6a3-7163a94e0626/element/0f6c80bd-4c5c-4502-9276-2b4ac195bf71/text'
15:50:26.180 [Forwarding getElementText on session 14f61660-7bcc-4279-b6a3-7163a94e0626 to remote] DEBUG o.a.netty.request.NettyRequestSender - Using open Channel [id: 0x7c68b8df, L:/127.0.0.1:64390 - R:localhost/127.0.0.1:10889] for GET '/session/14f61660-7bcc-4279-b6a3-7163a94e0626/element/0f6c80bd-4c5c-4502-9276-2b4ac195bf71/text'
15:50:26.184 [AsyncHttpClient-3-1] DEBUG o.a.netty.handler.HttpHandler - 

Request DefaultFullHttpRequest(decodeResult: success, version: HTTP/1.1, content: EmptyByteBufBE)
GET /session/14f61660-7bcc-4279-b6a3-7163a94e0626/element/0f6c80bd-4c5c-4502-9276-2b4ac195bf71/text HTTP/1.1
User-Agent: selenium/4.0.0-alpha-5 (java windows)
Cache-Control: no-cache
host: localhost:10889
accept: */*

Response DefaultHttpResponse(decodeResult: success, version: HTTP/1.1)
HTTP/1.1 200 OK
content-type: application/json; charset=utf-8
cache-control: no-cache
content-length: 45
date: Thu, 25 Jun 2020 12:50:26 GMT

15:50:26.184 [AsyncHttpClient-3-1] DEBUG o.a.netty.channel.ChannelManager - Adding key: http://localhost:10889 for channel [id: 0x7c68b8df, L:/127.0.0.1:64390 - R:localhost/127.0.0.1:10889]
15:50:26.184 [Forwarding findChildElement on session 14f61660-7bcc-4279-b6a3-7163a94e0626 to remote] DEBUG o.a.netty.request.NettyRequestSender - Using pooled Channel '[id: 0x7c68b8df, L:/127.0.0.1:64390 - R:localhost/127.0.0.1:10889]' for 'POST' to 'http://localhost:10889/session/14f61660-7bcc-4279-b6a3-7163a94e0626/element/90edf028-dd41-4f50-9e15-5ed1e9b461bb/element'
15:50:26.184 [Forwarding findChildElement on session 14f61660-7bcc-4279-b6a3-7163a94e0626 to remote] DEBUG o.a.netty.request.NettyRequestSender - Using open Channel [id: 0x7c68b8df, L:/127.0.0.1:64390 - R:localhost/127.0.0.1:10889] for POST '/session/14f61660-7bcc-4279-b6a3-7163a94e0626/element/90edf028-dd41-4f50-9e15-5ed1e9b461bb/element'
15:50:26.188 [AsyncHttpClient-3-1] DEBUG o.a.netty.handler.HttpHandler - 

Request DefaultHttpRequest(decodeResult: success, version: HTTP/1.1)
POST /session/14f61660-7bcc-4279-b6a3-7163a94e0626/element/90edf028-dd41-4f50-9e15-5ed1e9b461bb/element HTTP/1.1
User-Agent: selenium/4.0.0-alpha-5 (java windows)
Content-Length: 103
Content-Type: application/json; charset=utf-8
host: localhost:10889
accept: */*

Response DefaultHttpResponse(decodeResult: success, version: HTTP/1.1)
HTTP/1.1 200 OK
content-type: application/json; charset=utf-8
cache-control: no-cache
content-length: 88
date: Thu, 25 Jun 2020 12:50:26 GMT

15:50:26.188 [AsyncHttpClient-3-1] DEBUG o.a.netty.channel.ChannelManager - Adding key: http://localhost:10889 for channel [id: 0x7c68b8df, L:/127.0.0.1:64390 - R:localhost/127.0.0.1:10889]
15:50:26.188 [Forwarding getElementText on session 14f61660-7bcc-4279-b6a3-7163a94e0626 to remote] DEBUG o.a.netty.request.NettyRequestSender - Using pooled Channel '[id: 0x7c68b8df, L:/127.0.0.1:64390 - R:localhost/127.0.0.1:10889]' for 'GET' to 'http://localhost:10889/session/14f61660-7bcc-4279-b6a3-7163a94e0626/element/ce789a66-57a1-4cad-8588-e80eaa27346f/text'
15:50:26.189 [Forwarding getElementText on session 14f61660-7bcc-4279-b6a3-7163a94e0626 to remote] DEBUG o.a.netty.request.NettyRequestSender - Using open Channel [id: 0x7c68b8df, L:/127.0.0.1:64390 - R:localhost/127.0.0.1:10889] for GET '/session/14f61660-7bcc-4279-b6a3-7163a94e0626/element/ce789a66-57a1-4cad-8588-e80eaa27346f/text'
15:50:26.195 [AsyncHttpClient-3-1] DEBUG o.a.netty.handler.HttpHandler - 

Request DefaultFullHttpRequest(decodeResult: success, version: HTTP/1.1, content: EmptyByteBufBE)
GET /session/14f61660-7bcc-4279-b6a3-7163a94e0626/element/ce789a66-57a1-4cad-8588-e80eaa27346f/text HTTP/1.1
User-Agent: selenium/4.0.0-alpha-5 (java windows)
Cache-Control: no-cache
host: localhost:10889
accept: */*

Response DefaultHttpResponse(decodeResult: success, version: HTTP/1.1)
HTTP/1.1 200 OK
content-type: application/json; charset=utf-8
cache-control: no-cache
content-length: 57
date: Thu, 25 Jun 2020 12:50:26 GMT

15:50:26.195 [AsyncHttpClient-3-1] DEBUG o.a.netty.channel.ChannelManager - Adding key: http://localhost:10889 for channel [id: 0x7c68b8df, L:/127.0.0.1:64390 - R:localhost/127.0.0.1:10889]
15:50:26.196 [Forwarding findChildElement on session 14f61660-7bcc-4279-b6a3-7163a94e0626 to remote] DEBUG o.a.netty.request.NettyRequestSender - Using pooled Channel '[id: 0x7c68b8df, L:/127.0.0.1:64390 - R:localhost/127.0.0.1:10889]' for 'POST' to 'http://localhost:10889/session/14f61660-7bcc-4279-b6a3-7163a94e0626/element/90edf028-dd41-4f50-9e15-5ed1e9b461bb/element'
15:50:26.196 [Forwarding findChildElement on session 14f61660-7bcc-4279-b6a3-7163a94e0626 to remote] DEBUG o.a.netty.request.NettyRequestSender - Using open Channel [id: 0x7c68b8df, L:/127.0.0.1:64390 - R:localhost/127.0.0.1:10889] for POST '/session/14f61660-7bcc-4279-b6a3-7163a94e0626/element/90edf028-dd41-4f50-9e15-5ed1e9b461bb/element'
15:50:26.200 [AsyncHttpClient-3-1] DEBUG o.a.netty.handler.HttpHandler - 

Request DefaultHttpRequest(decodeResult: success, version: HTTP/1.1)
POST /session/14f61660-7bcc-4279-b6a3-7163a94e0626/element/90edf028-dd41-4f50-9e15-5ed1e9b461bb/element HTTP/1.1
User-Agent: selenium/4.0.0-alpha-5 (java windows)
Content-Length: 97
Content-Type: application/json; charset=utf-8
host: localhost:10889
accept: */*

Response DefaultHttpResponse(decodeResult: success, version: HTTP/1.1)
HTTP/1.1 200 OK
content-type: application/json; charset=utf-8
cache-control: no-cache
content-length: 88
date: Thu, 25 Jun 2020 12:50:26 GMT

15:50:26.200 [AsyncHttpClient-3-1] DEBUG o.a.netty.channel.ChannelManager - Adding key: http://localhost:10889 for channel [id: 0x7c68b8df, L:/127.0.0.1:64390 - R:localhost/127.0.0.1:10889]
15:50:26.202 [Forwarding getElementAttribute on session 14f61660-7bcc-4279-b6a3-7163a94e0626 to remote] DEBUG o.a.netty.request.NettyRequestSender - Using pooled Channel '[id: 0x7c68b8df, L:/127.0.0.1:64390 - R:localhost/127.0.0.1:10889]' for 'POST' to 'http://localhost:10889/session/14f61660-7bcc-4279-b6a3-7163a94e0626/execute/sync'
15:50:26.202 [Forwarding getElementAttribute on session 14f61660-7bcc-4279-b6a3-7163a94e0626 to remote] DEBUG o.a.netty.request.NettyRequestSender - Using open Channel [id: 0x7c68b8df, L:/127.0.0.1:64390 - R:localhost/127.0.0.1:10889] for POST '/session/14f61660-7bcc-4279-b6a3-7163a94e0626/execute/sync'
15:50:26.214 [AsyncHttpClient-3-1] DEBUG o.a.netty.handler.HttpHandler - 

Request DefaultHttpRequest(decodeResult: success, version: HTTP/1.1)
POST /session/14f61660-7bcc-4279-b6a3-7163a94e0626/execute/sync HTTP/1.1
User-Agent: selenium/4.0.0-alpha-5 (java windows)
Content-Length: 39635
Content-Type: application/json; charset=utf-8
host: localhost:10889
accept: */*

Response DefaultHttpResponse(decodeResult: success, version: HTTP/1.1)
HTTP/1.1 200 OK
content-type: application/json; charset=utf-8
cache-control: no-cache
content-length: 15
date: Thu, 25 Jun 2020 12:50:26 GMT

15:50:26.215 [AsyncHttpClient-3-1] DEBUG o.a.netty.channel.ChannelManager - Adding key: http://localhost:10889 for channel [id: 0x7c68b8df, L:/127.0.0.1:64390 - R:localhost/127.0.0.1:10889]
15:50:26.215 [Forwarding findChildElement on session 14f61660-7bcc-4279-b6a3-7163a94e0626 to remote] DEBUG o.a.netty.request.NettyRequestSender - Using pooled Channel '[id: 0x7c68b8df, L:/127.0.0.1:64390 - R:localhost/127.0.0.1:10889]' for 'POST' to 'http://localhost:10889/session/14f61660-7bcc-4279-b6a3-7163a94e0626/element/1710e359-895b-45b5-9c43-a08d974c882d/element'
15:50:26.215 [Forwarding findChildElement on session 14f61660-7bcc-4279-b6a3-7163a94e0626 to remote] DEBUG o.a.netty.request.NettyRequestSender - Using open Channel [id: 0x7c68b8df, L:/127.0.0.1:64390 - R:localhost/127.0.0.1:10889] for POST '/session/14f61660-7bcc-4279-b6a3-7163a94e0626/element/1710e359-895b-45b5-9c43-a08d974c882d/element'
15:50:26.219 [AsyncHttpClient-3-1] DEBUG o.a.netty.handler.HttpHandler - 

Request DefaultHttpRequest(decodeResult: success, version: HTTP/1.1)
POST /session/14f61660-7bcc-4279-b6a3-7163a94e0626/element/1710e359-895b-45b5-9c43-a08d974c882d/element HTTP/1.1
User-Agent: selenium/4.0.0-alpha-5 (java windows)
Content-Length: 103
Content-Type: application/json; charset=utf-8
host: localhost:10889
accept: */*

Response DefaultHttpResponse(decodeResult: success, version: HTTP/1.1)
HTTP/1.1 200 OK
content-type: application/json; charset=utf-8
cache-control: no-cache
content-length: 88
date: Thu, 25 Jun 2020 12:50:26 GMT

15:50:26.219 [AsyncHttpClient-3-1] DEBUG o.a.netty.channel.ChannelManager - Adding key: http://localhost:10889 for channel [id: 0x7c68b8df, L:/127.0.0.1:64390 - R:localhost/127.0.0.1:10889]
15:50:26.220 [Forwarding getElementText on session 14f61660-7bcc-4279-b6a3-7163a94e0626 to remote] DEBUG o.a.netty.request.NettyRequestSender - Using pooled Channel '[id: 0x7c68b8df, L:/127.0.0.1:64390 - R:localhost/127.0.0.1:10889]' for 'GET' to 'http://localhost:10889/session/14f61660-7bcc-4279-b6a3-7163a94e0626/element/58bf7df1-5b3a-4df6-b5e6-12174b650f78/text'
15:50:26.220 [Forwarding getElementText on session 14f61660-7bcc-4279-b6a3-7163a94e0626 to remote] DEBUG o.a.netty.request.NettyRequestSender - Using open Channel [id: 0x7c68b8df, L:/127.0.0.1:64390 - R:localhost/127.0.0.1:10889] for GET '/session/14f61660-7bcc-4279-b6a3-7163a94e0626/element/58bf7df1-5b3a-4df6-b5e6-12174b650f78/text'
15:50:26.224 [AsyncHttpClient-3-1] DEBUG o.a.netty.handler.HttpHandler - 

Request DefaultFullHttpRequest(decodeResult: success, version: HTTP/1.1, content: EmptyByteBufBE)
GET /session/14f61660-7bcc-4279-b6a3-7163a94e0626/element/58bf7df1-5b3a-4df6-b5e6-12174b650f78/text HTTP/1.1
User-Agent: selenium/4.0.0-alpha-5 (java windows)
Cache-Control: no-cache
host: localhost:10889
accept: */*

Response DefaultHttpResponse(decodeResult: success, version: HTTP/1.1)
HTTP/1.1 200 OK
content-type: application/json; charset=utf-8
cache-control: no-cache
content-length: 18
date: Thu, 25 Jun 2020 12:50:26 GMT

15:50:26.225 [AsyncHttpClient-3-1] DEBUG o.a.netty.channel.ChannelManager - Adding key: http://localhost:10889 for channel [id: 0x7c68b8df, L:/127.0.0.1:64390 - R:localhost/127.0.0.1:10889]
15:50:26.225 [Forwarding findChildElement on session 14f61660-7bcc-4279-b6a3-7163a94e0626 to remote] DEBUG o.a.netty.request.NettyRequestSender - Using pooled Channel '[id: 0x7c68b8df, L:/127.0.0.1:64390 - R:localhost/127.0.0.1:10889]' for 'POST' to 'http://localhost:10889/session/14f61660-7bcc-4279-b6a3-7163a94e0626/element/1710e359-895b-45b5-9c43-a08d974c882d/element'
15:50:26.225 [Forwarding findChildElement on session 14f61660-7bcc-4279-b6a3-7163a94e0626 to remote] DEBUG o.a.netty.request.NettyRequestSender - Using open Channel [id: 0x7c68b8df, L:/127.0.0.1:64390 - R:localhost/127.0.0.1:10889] for POST '/session/14f61660-7bcc-4279-b6a3-7163a94e0626/element/1710e359-895b-45b5-9c43-a08d974c882d/element'
15:50:26.229 [AsyncHttpClient-3-1] DEBUG o.a.netty.handler.HttpHandler - 

Request DefaultHttpRequest(decodeResult: success, version: HTTP/1.1)
POST /session/14f61660-7bcc-4279-b6a3-7163a94e0626/element/1710e359-895b-45b5-9c43-a08d974c882d/element HTTP/1.1
User-Agent: selenium/4.0.0-alpha-5 (java windows)
Content-Length: 103
Content-Type: application/json; charset=utf-8
host: localhost:10889
accept: */*

Response DefaultHttpResponse(decodeResult: success, version: HTTP/1.1)
HTTP/1.1 200 OK
content-type: application/json; charset=utf-8
cache-control: no-cache
content-length: 88
date: Thu, 25 Jun 2020 12:50:26 GMT

15:50:26.229 [AsyncHttpClient-3-1] DEBUG o.a.netty.channel.ChannelManager - Adding key: http://localhost:10889 for channel [id: 0x7c68b8df, L:/127.0.0.1:64390 - R:localhost/127.0.0.1:10889]
15:50:26.229 [Forwarding getElementText on session 14f61660-7bcc-4279-b6a3-7163a94e0626 to remote] DEBUG o.a.netty.request.NettyRequestSender - Using pooled Channel '[id: 0x7c68b8df, L:/127.0.0.1:64390 - R:localhost/127.0.0.1:10889]' for 'GET' to 'http://localhost:10889/session/14f61660-7bcc-4279-b6a3-7163a94e0626/element/3c6f26db-80d0-431e-b342-d21f96bea40d/text'
15:50:26.229 [Forwarding getElementText on session 14f61660-7bcc-4279-b6a3-7163a94e0626 to remote] DEBUG o.a.netty.request.NettyRequestSender - Using open Channel [id: 0x7c68b8df, L:/127.0.0.1:64390 - R:localhost/127.0.0.1:10889] for GET '/session/14f61660-7bcc-4279-b6a3-7163a94e0626/element/3c6f26db-80d0-431e-b342-d21f96bea40d/text'
15:50:26.233 [AsyncHttpClient-3-1] DEBUG o.a.netty.handler.HttpHandler - 

Request DefaultFullHttpRequest(decodeResult: success, version: HTTP/1.1, content: EmptyByteBufBE)
GET /session/14f61660-7bcc-4279-b6a3-7163a94e0626/element/3c6f26db-80d0-431e-b342-d21f96bea40d/text HTTP/1.1
User-Agent: selenium/4.0.0-alpha-5 (java windows)
Cache-Control: no-cache
host: localhost:10889
accept: */*

Response DefaultHttpResponse(decodeResult: success, version: HTTP/1.1)
HTTP/1.1 200 OK
content-type: application/json; charset=utf-8
cache-control: no-cache
content-length: 22
date: Thu, 25 Jun 2020 12:50:26 GMT

15:50:26.234 [AsyncHttpClient-3-1] DEBUG o.a.netty.channel.ChannelManager - Adding key: http://localhost:10889 for channel [id: 0x7c68b8df, L:/127.0.0.1:64390 - R:localhost/127.0.0.1:10889]
15:50:26.234 [Forwarding findChildElement on session 14f61660-7bcc-4279-b6a3-7163a94e0626 to remote] DEBUG o.a.netty.request.NettyRequestSender - Using pooled Channel '[id: 0x7c68b8df, L:/127.0.0.1:64390 - R:localhost/127.0.0.1:10889]' for 'POST' to 'http://localhost:10889/session/14f61660-7bcc-4279-b6a3-7163a94e0626/element/1710e359-895b-45b5-9c43-a08d974c882d/element'
15:50:26.234 [Forwarding findChildElement on session 14f61660-7bcc-4279-b6a3-7163a94e0626 to remote] DEBUG o.a.netty.request.NettyRequestSender - Using open Channel [id: 0x7c68b8df, L:/127.0.0.1:64390 - R:localhost/127.0.0.1:10889] for POST '/session/14f61660-7bcc-4279-b6a3-7163a94e0626/element/1710e359-895b-45b5-9c43-a08d974c882d/element'
15:50:26.238 [AsyncHttpClient-3-1] DEBUG o.a.netty.handler.HttpHandler - 

Request DefaultHttpRequest(decodeResult: success, version: HTTP/1.1)
POST /session/14f61660-7bcc-4279-b6a3-7163a94e0626/element/1710e359-895b-45b5-9c43-a08d974c882d/element HTTP/1.1
User-Agent: selenium/4.0.0-alpha-5 (java windows)
Content-Length: 103
Content-Type: application/json; charset=utf-8
host: localhost:10889
accept: */*

Response DefaultHttpResponse(decodeResult: success, version: HTTP/1.1)
HTTP/1.1 200 OK
content-type: application/json; charset=utf-8
cache-control: no-cache
content-length: 88
date: Thu, 25 Jun 2020 12:50:26 GMT

15:50:26.238 [AsyncHttpClient-3-1] DEBUG o.a.netty.channel.ChannelManager - Adding key: http://localhost:10889 for channel [id: 0x7c68b8df, L:/127.0.0.1:64390 - R:localhost/127.0.0.1:10889]
15:50:26.238 [Forwarding getElementText on session 14f61660-7bcc-4279-b6a3-7163a94e0626 to remote] DEBUG o.a.netty.request.NettyRequestSender - Using pooled Channel '[id: 0x7c68b8df, L:/127.0.0.1:64390 - R:localhost/127.0.0.1:10889]' for 'GET' to 'http://localhost:10889/session/14f61660-7bcc-4279-b6a3-7163a94e0626/element/4ff4e595-9019-4160-9da9-53b966b6b90f/text'
15:50:26.238 [Forwarding getElementText on session 14f61660-7bcc-4279-b6a3-7163a94e0626 to remote] DEBUG o.a.netty.request.NettyRequestSender - Using open Channel [id: 0x7c68b8df, L:/127.0.0.1:64390 - R:localhost/127.0.0.1:10889] for GET '/session/14f61660-7bcc-4279-b6a3-7163a94e0626/element/4ff4e595-9019-4160-9da9-53b966b6b90f/text'
15:50:26.242 [AsyncHttpClient-3-1] DEBUG o.a.netty.handler.HttpHandler - 

Request DefaultFullHttpRequest(decodeResult: success, version: HTTP/1.1, content: EmptyByteBufBE)
GET /session/14f61660-7bcc-4279-b6a3-7163a94e0626/element/4ff4e595-9019-4160-9da9-53b966b6b90f/text HTTP/1.1
User-Agent: selenium/4.0.0-alpha-5 (java windows)
Cache-Control: no-cache
host: localhost:10889
accept: */*

Response DefaultHttpResponse(decodeResult: success, version: HTTP/1.1)
HTTP/1.1 200 OK
content-type: application/json; charset=utf-8
cache-control: no-cache
content-length: 21
date: Thu, 25 Jun 2020 12:50:26 GMT

15:50:26.242 [AsyncHttpClient-3-1] DEBUG o.a.netty.channel.ChannelManager - Adding key: http://localhost:10889 for channel [id: 0x7c68b8df, L:/127.0.0.1:64390 - R:localhost/127.0.0.1:10889]
15:50:26.243 [Forwarding findChildElement on session 14f61660-7bcc-4279-b6a3-7163a94e0626 to remote] DEBUG o.a.netty.request.NettyRequestSender - Using pooled Channel '[id: 0x7c68b8df, L:/127.0.0.1:64390 - R:localhost/127.0.0.1:10889]' for 'POST' to 'http://localhost:10889/session/14f61660-7bcc-4279-b6a3-7163a94e0626/element/1710e359-895b-45b5-9c43-a08d974c882d/element'
15:50:26.243 [Forwarding findChildElement on session 14f61660-7bcc-4279-b6a3-7163a94e0626 to remote] DEBUG o.a.netty.request.NettyRequestSender - Using open Channel [id: 0x7c68b8df, L:/127.0.0.1:64390 - R:localhost/127.0.0.1:10889] for POST '/session/14f61660-7bcc-4279-b6a3-7163a94e0626/element/1710e359-895b-45b5-9c43-a08d974c882d/element'
15:50:26.246 [AsyncHttpClient-3-1] DEBUG o.a.netty.handler.HttpHandler - 

Request DefaultHttpRequest(decodeResult: success, version: HTTP/1.1)
POST /session/14f61660-7bcc-4279-b6a3-7163a94e0626/element/1710e359-895b-45b5-9c43-a08d974c882d/element HTTP/1.1
User-Agent: selenium/4.0.0-alpha-5 (java windows)
Content-Length: 103
Content-Type: application/json; charset=utf-8
host: localhost:10889
accept: */*

Response DefaultHttpResponse(decodeResult: success, version: HTTP/1.1)
HTTP/1.1 200 OK
content-type: application/json; charset=utf-8
cache-control: no-cache
content-length: 88
date: Thu, 25 Jun 2020 12:50:26 GMT

15:50:26.247 [AsyncHttpClient-3-1] DEBUG o.a.netty.channel.ChannelManager - Adding key: http://localhost:10889 for channel [id: 0x7c68b8df, L:/127.0.0.1:64390 - R:localhost/127.0.0.1:10889]
15:50:26.247 [Forwarding getElementText on session 14f61660-7bcc-4279-b6a3-7163a94e0626 to remote] DEBUG o.a.netty.request.NettyRequestSender - Using pooled Channel '[id: 0x7c68b8df, L:/127.0.0.1:64390 - R:localhost/127.0.0.1:10889]' for 'GET' to 'http://localhost:10889/session/14f61660-7bcc-4279-b6a3-7163a94e0626/element/ed9eee4a-fa26-4bfe-8157-f1dd75f056a4/text'
15:50:26.247 [Forwarding getElementText on session 14f61660-7bcc-4279-b6a3-7163a94e0626 to remote] DEBUG o.a.netty.request.NettyRequestSender - Using open Channel [id: 0x7c68b8df, L:/127.0.0.1:64390 - R:localhost/127.0.0.1:10889] for GET '/session/14f61660-7bcc-4279-b6a3-7163a94e0626/element/ed9eee4a-fa26-4bfe-8157-f1dd75f056a4/text'
15:50:26.251 [AsyncHttpClient-3-1] DEBUG o.a.netty.handler.HttpHandler - 

Request DefaultFullHttpRequest(decodeResult: success, version: HTTP/1.1, content: EmptyByteBufBE)
GET /session/14f61660-7bcc-4279-b6a3-7163a94e0626/element/ed9eee4a-fa26-4bfe-8157-f1dd75f056a4/text HTTP/1.1
User-Agent: selenium/4.0.0-alpha-5 (java windows)
Cache-Control: no-cache
host: localhost:10889
accept: */*

Response DefaultHttpResponse(decodeResult: success, version: HTTP/1.1)
HTTP/1.1 200 OK
content-type: application/json; charset=utf-8
cache-control: no-cache
content-length: 45
date: Thu, 25 Jun 2020 12:50:26 GMT

15:50:26.251 [AsyncHttpClient-3-1] DEBUG o.a.netty.channel.ChannelManager - Adding key: http://localhost:10889 for channel [id: 0x7c68b8df, L:/127.0.0.1:64390 - R:localhost/127.0.0.1:10889]
15:50:26.252 [Forwarding findChildElement on session 14f61660-7bcc-4279-b6a3-7163a94e0626 to remote] DEBUG o.a.netty.request.NettyRequestSender - Using pooled Channel '[id: 0x7c68b8df, L:/127.0.0.1:64390 - R:localhost/127.0.0.1:10889]' for 'POST' to 'http://localhost:10889/session/14f61660-7bcc-4279-b6a3-7163a94e0626/element/1710e359-895b-45b5-9c43-a08d974c882d/element'
15:50:26.252 [Forwarding findChildElement on session 14f61660-7bcc-4279-b6a3-7163a94e0626 to remote] DEBUG o.a.netty.request.NettyRequestSender - Using open Channel [id: 0x7c68b8df, L:/127.0.0.1:64390 - R:localhost/127.0.0.1:10889] for POST '/session/14f61660-7bcc-4279-b6a3-7163a94e0626/element/1710e359-895b-45b5-9c43-a08d974c882d/element'
15:50:26.256 [AsyncHttpClient-3-1] DEBUG o.a.netty.handler.HttpHandler - 

Request DefaultHttpRequest(decodeResult: success, version: HTTP/1.1)
POST /session/14f61660-7bcc-4279-b6a3-7163a94e0626/element/1710e359-895b-45b5-9c43-a08d974c882d/element HTTP/1.1
User-Agent: selenium/4.0.0-alpha-5 (java windows)
Content-Length: 103
Content-Type: application/json; charset=utf-8
host: localhost:10889
accept: */*

Response DefaultHttpResponse(decodeResult: success, version: HTTP/1.1)
HTTP/1.1 200 OK
content-type: application/json; charset=utf-8
cache-control: no-cache
content-length: 88
date: Thu, 25 Jun 2020 12:50:26 GMT

15:50:26.256 [AsyncHttpClient-3-1] DEBUG o.a.netty.channel.ChannelManager - Adding key: http://localhost:10889 for channel [id: 0x7c68b8df, L:/127.0.0.1:64390 - R:localhost/127.0.0.1:10889]
15:50:26.256 [Forwarding getElementText on session 14f61660-7bcc-4279-b6a3-7163a94e0626 to remote] DEBUG o.a.netty.request.NettyRequestSender - Using pooled Channel '[id: 0x7c68b8df, L:/127.0.0.1:64390 - R:localhost/127.0.0.1:10889]' for 'GET' to 'http://localhost:10889/session/14f61660-7bcc-4279-b6a3-7163a94e0626/element/678cd2a6-9014-4637-a34c-16f05be79d31/text'
15:50:26.256 [Forwarding getElementText on session 14f61660-7bcc-4279-b6a3-7163a94e0626 to remote] DEBUG o.a.netty.request.NettyRequestSender - Using open Channel [id: 0x7c68b8df, L:/127.0.0.1:64390 - R:localhost/127.0.0.1:10889] for GET '/session/14f61660-7bcc-4279-b6a3-7163a94e0626/element/678cd2a6-9014-4637-a34c-16f05be79d31/text'
15:50:26.265 [AsyncHttpClient-3-1] DEBUG o.a.netty.handler.HttpHandler - 

Request DefaultFullHttpRequest(decodeResult: success, version: HTTP/1.1, content: EmptyByteBufBE)
GET /session/14f61660-7bcc-4279-b6a3-7163a94e0626/element/678cd2a6-9014-4637-a34c-16f05be79d31/text HTTP/1.1
User-Agent: selenium/4.0.0-alpha-5 (java windows)
Cache-Control: no-cache
host: localhost:10889
accept: */*

Response DefaultHttpResponse(decodeResult: success, version: HTTP/1.1)
HTTP/1.1 200 OK
content-type: application/json; charset=utf-8
cache-control: no-cache
content-length: 57
date: Thu, 25 Jun 2020 12:50:26 GMT

15:50:26.265 [AsyncHttpClient-3-1] DEBUG o.a.netty.channel.ChannelManager - Adding key: http://localhost:10889 for channel [id: 0x7c68b8df, L:/127.0.0.1:64390 - R:localhost/127.0.0.1:10889]
15:50:26.265 [Forwarding findChildElement on session 14f61660-7bcc-4279-b6a3-7163a94e0626 to remote] DEBUG o.a.netty.request.NettyRequestSender - Using pooled Channel '[id: 0x7c68b8df, L:/127.0.0.1:64390 - R:localhost/127.0.0.1:10889]' for 'POST' to 'http://localhost:10889/session/14f61660-7bcc-4279-b6a3-7163a94e0626/element/1710e359-895b-45b5-9c43-a08d974c882d/element'
15:50:26.265 [Forwarding findChildElement on session 14f61660-7bcc-4279-b6a3-7163a94e0626 to remote] DEBUG o.a.netty.request.NettyRequestSender - Using open Channel [id: 0x7c68b8df, L:/127.0.0.1:64390 - R:localhost/127.0.0.1:10889] for POST '/session/14f61660-7bcc-4279-b6a3-7163a94e0626/element/1710e359-895b-45b5-9c43-a08d974c882d/element'
15:50:26.269 [AsyncHttpClient-3-1] DEBUG o.a.netty.handler.HttpHandler - 

Request DefaultHttpRequest(decodeResult: success, version: HTTP/1.1)
POST /session/14f61660-7bcc-4279-b6a3-7163a94e0626/element/1710e359-895b-45b5-9c43-a08d974c882d/element HTTP/1.1
User-Agent: selenium/4.0.0-alpha-5 (java windows)
Content-Length: 97
Content-Type: application/json; charset=utf-8
host: localhost:10889
accept: */*

Response DefaultHttpResponse(decodeResult: success, version: HTTP/1.1)
HTTP/1.1 200 OK
content-type: application/json; charset=utf-8
cache-control: no-cache
content-length: 88
date: Thu, 25 Jun 2020 12:50:26 GMT

15:50:26.269 [AsyncHttpClient-3-1] DEBUG o.a.netty.channel.ChannelManager - Adding key: http://localhost:10889 for channel [id: 0x7c68b8df, L:/127.0.0.1:64390 - R:localhost/127.0.0.1:10889]
15:50:26.271 [Forwarding getElementAttribute on session 14f61660-7bcc-4279-b6a3-7163a94e0626 to remote] DEBUG o.a.netty.request.NettyRequestSender - Using pooled Channel '[id: 0x7c68b8df, L:/127.0.0.1:64390 - R:localhost/127.0.0.1:10889]' for 'POST' to 'http://localhost:10889/session/14f61660-7bcc-4279-b6a3-7163a94e0626/execute/sync'
15:50:26.271 [Forwarding getElementAttribute on session 14f61660-7bcc-4279-b6a3-7163a94e0626 to remote] DEBUG o.a.netty.request.NettyRequestSender - Using open Channel [id: 0x7c68b8df, L:/127.0.0.1:64390 - R:localhost/127.0.0.1:10889] for POST '/session/14f61660-7bcc-4279-b6a3-7163a94e0626/execute/sync'
15:50:26.283 [AsyncHttpClient-3-1] DEBUG o.a.netty.handler.HttpHandler - 

Request DefaultHttpRequest(decodeResult: success, version: HTTP/1.1)
POST /session/14f61660-7bcc-4279-b6a3-7163a94e0626/execute/sync HTTP/1.1
User-Agent: selenium/4.0.0-alpha-5 (java windows)
Content-Length: 39635
Content-Type: application/json; charset=utf-8
host: localhost:10889
accept: */*

Response DefaultHttpResponse(decodeResult: success, version: HTTP/1.1)
HTTP/1.1 200 OK
content-type: application/json; charset=utf-8
cache-control: no-cache
content-length: 15
date: Thu, 25 Jun 2020 12:50:26 GMT

15:50:26.283 [AsyncHttpClient-3-1] DEBUG o.a.netty.channel.ChannelManager - Adding key: http://localhost:10889 for channel [id: 0x7c68b8df, L:/127.0.0.1:64390 - R:localhost/127.0.0.1:10889]
15:50:26.286 [Forwarding findChildElement on session 14f61660-7bcc-4279-b6a3-7163a94e0626 to remote] DEBUG o.a.netty.request.NettyRequestSender - Using pooled Channel '[id: 0x7c68b8df, L:/127.0.0.1:64390 - R:localhost/127.0.0.1:10889]' for 'POST' to 'http://localhost:10889/session/14f61660-7bcc-4279-b6a3-7163a94e0626/element/fd20a508-08e8-4f78-9344-eb7a63852612/element'
15:50:26.286 [Forwarding findChildElement on session 14f61660-7bcc-4279-b6a3-7163a94e0626 to remote] DEBUG o.a.netty.request.NettyRequestSender - Using open Channel [id: 0x7c68b8df, L:/127.0.0.1:64390 - R:localhost/127.0.0.1:10889] for POST '/session/14f61660-7bcc-4279-b6a3-7163a94e0626/element/fd20a508-08e8-4f78-9344-eb7a63852612/element'
15:50:26.289 [AsyncHttpClient-3-1] DEBUG o.a.netty.handler.HttpHandler - 

Request DefaultHttpRequest(decodeResult: success, version: HTTP/1.1)
POST /session/14f61660-7bcc-4279-b6a3-7163a94e0626/element/fd20a508-08e8-4f78-9344-eb7a63852612/element HTTP/1.1
User-Agent: selenium/4.0.0-alpha-5 (java windows)
Content-Length: 103
Content-Type: application/json; charset=utf-8
host: localhost:10889
accept: */*

Response DefaultHttpResponse(decodeResult: success, version: HTTP/1.1)
HTTP/1.1 200 OK
content-type: application/json; charset=utf-8
cache-control: no-cache
content-length: 88
date: Thu, 25 Jun 2020 12:50:26 GMT

15:50:26.289 [AsyncHttpClient-3-1] DEBUG o.a.netty.channel.ChannelManager - Adding key: http://localhost:10889 for channel [id: 0x7c68b8df, L:/127.0.0.1:64390 - R:localhost/127.0.0.1:10889]
15:50:26.290 [Forwarding getElementText on session 14f61660-7bcc-4279-b6a3-7163a94e0626 to remote] DEBUG o.a.netty.request.NettyRequestSender - Using pooled Channel '[id: 0x7c68b8df, L:/127.0.0.1:64390 - R:localhost/127.0.0.1:10889]' for 'GET' to 'http://localhost:10889/session/14f61660-7bcc-4279-b6a3-7163a94e0626/element/8582e51b-cdae-4bd8-a47c-758ef430c7d4/text'
15:50:26.290 [Forwarding getElementText on session 14f61660-7bcc-4279-b6a3-7163a94e0626 to remote] DEBUG o.a.netty.request.NettyRequestSender - Using open Channel [id: 0x7c68b8df, L:/127.0.0.1:64390 - R:localhost/127.0.0.1:10889] for GET '/session/14f61660-7bcc-4279-b6a3-7163a94e0626/element/8582e51b-cdae-4bd8-a47c-758ef430c7d4/text'
15:50:26.298 [AsyncHttpClient-3-1] DEBUG o.a.netty.handler.HttpHandler - 

Request DefaultFullHttpRequest(decodeResult: success, version: HTTP/1.1, content: EmptyByteBufBE)
GET /session/14f61660-7bcc-4279-b6a3-7163a94e0626/element/8582e51b-cdae-4bd8-a47c-758ef430c7d4/text HTTP/1.1
User-Agent: selenium/4.0.0-alpha-5 (java windows)
Cache-Control: no-cache
host: localhost:10889
accept: */*

Response DefaultHttpResponse(decodeResult: success, version: HTTP/1.1)
HTTP/1.1 200 OK
content-type: application/json; charset=utf-8
cache-control: no-cache
content-length: 18
date: Thu, 25 Jun 2020 12:50:26 GMT

15:50:26.298 [AsyncHttpClient-3-1] DEBUG o.a.netty.channel.ChannelManager - Adding key: http://localhost:10889 for channel [id: 0x7c68b8df, L:/127.0.0.1:64390 - R:localhost/127.0.0.1:10889]
15:50:26.298 [Forwarding findChildElement on session 14f61660-7bcc-4279-b6a3-7163a94e0626 to remote] DEBUG o.a.netty.request.NettyRequestSender - Using pooled Channel '[id: 0x7c68b8df, L:/127.0.0.1:64390 - R:localhost/127.0.0.1:10889]' for 'POST' to 'http://localhost:10889/session/14f61660-7bcc-4279-b6a3-7163a94e0626/element/fd20a508-08e8-4f78-9344-eb7a63852612/element'
15:50:26.298 [Forwarding findChildElement on session 14f61660-7bcc-4279-b6a3-7163a94e0626 to remote] DEBUG o.a.netty.request.NettyRequestSender - Using open Channel [id: 0x7c68b8df, L:/127.0.0.1:64390 - R:localhost/127.0.0.1:10889] for POST '/session/14f61660-7bcc-4279-b6a3-7163a94e0626/element/fd20a508-08e8-4f78-9344-eb7a63852612/element'
15:50:26.302 [AsyncHttpClient-3-1] DEBUG o.a.netty.handler.HttpHandler - 

Request DefaultHttpRequest(decodeResult: success, version: HTTP/1.1)
POST /session/14f61660-7bcc-4279-b6a3-7163a94e0626/element/fd20a508-08e8-4f78-9344-eb7a63852612/element HTTP/1.1
User-Agent: selenium/4.0.0-alpha-5 (java windows)
Content-Length: 103
Content-Type: application/json; charset=utf-8
host: localhost:10889
accept: */*

Response DefaultHttpResponse(decodeResult: success, version: HTTP/1.1)
HTTP/1.1 200 OK
content-type: application/json; charset=utf-8
cache-control: no-cache
content-length: 88
date: Thu, 25 Jun 2020 12:50:26 GMT

15:50:26.302 [AsyncHttpClient-3-1] DEBUG o.a.netty.channel.ChannelManager - Adding key: http://localhost:10889 for channel [id: 0x7c68b8df, L:/127.0.0.1:64390 - R:localhost/127.0.0.1:10889]
15:50:26.302 [Forwarding getElementText on session 14f61660-7bcc-4279-b6a3-7163a94e0626 to remote] DEBUG o.a.netty.request.NettyRequestSender - Using pooled Channel '[id: 0x7c68b8df, L:/127.0.0.1:64390 - R:localhost/127.0.0.1:10889]' for 'GET' to 'http://localhost:10889/session/14f61660-7bcc-4279-b6a3-7163a94e0626/element/414c5f36-1193-4f25-b14c-a1b34ffdf2bb/text'
15:50:26.302 [Forwarding getElementText on session 14f61660-7bcc-4279-b6a3-7163a94e0626 to remote] DEBUG o.a.netty.request.NettyRequestSender - Using open Channel [id: 0x7c68b8df, L:/127.0.0.1:64390 - R:localhost/127.0.0.1:10889] for GET '/session/14f61660-7bcc-4279-b6a3-7163a94e0626/element/414c5f36-1193-4f25-b14c-a1b34ffdf2bb/text'
15:50:26.306 [AsyncHttpClient-3-1] DEBUG o.a.netty.handler.HttpHandler - 

Request DefaultFullHttpRequest(decodeResult: success, version: HTTP/1.1, content: EmptyByteBufBE)
GET /session/14f61660-7bcc-4279-b6a3-7163a94e0626/element/414c5f36-1193-4f25-b14c-a1b34ffdf2bb/text HTTP/1.1
User-Agent: selenium/4.0.0-alpha-5 (java windows)
Cache-Control: no-cache
host: localhost:10889
accept: */*

Response DefaultHttpResponse(decodeResult: success, version: HTTP/1.1)
HTTP/1.1 200 OK
content-type: application/json; charset=utf-8
cache-control: no-cache
content-length: 22
date: Thu, 25 Jun 2020 12:50:26 GMT

15:50:26.306 [AsyncHttpClient-3-1] DEBUG o.a.netty.channel.ChannelManager - Adding key: http://localhost:10889 for channel [id: 0x7c68b8df, L:/127.0.0.1:64390 - R:localhost/127.0.0.1:10889]
15:50:26.307 [Forwarding findChildElement on session 14f61660-7bcc-4279-b6a3-7163a94e0626 to remote] DEBUG o.a.netty.request.NettyRequestSender - Using pooled Channel '[id: 0x7c68b8df, L:/127.0.0.1:64390 - R:localhost/127.0.0.1:10889]' for 'POST' to 'http://localhost:10889/session/14f61660-7bcc-4279-b6a3-7163a94e0626/element/fd20a508-08e8-4f78-9344-eb7a63852612/element'
15:50:26.307 [Forwarding findChildElement on session 14f61660-7bcc-4279-b6a3-7163a94e0626 to remote] DEBUG o.a.netty.request.NettyRequestSender - Using open Channel [id: 0x7c68b8df, L:/127.0.0.1:64390 - R:localhost/127.0.0.1:10889] for POST '/session/14f61660-7bcc-4279-b6a3-7163a94e0626/element/fd20a508-08e8-4f78-9344-eb7a63852612/element'
15:50:26.310 [AsyncHttpClient-3-1] DEBUG o.a.netty.handler.HttpHandler - 

Request DefaultHttpRequest(decodeResult: success, version: HTTP/1.1)
POST /session/14f61660-7bcc-4279-b6a3-7163a94e0626/element/fd20a508-08e8-4f78-9344-eb7a63852612/element HTTP/1.1
User-Agent: selenium/4.0.0-alpha-5 (java windows)
Content-Length: 103
Content-Type: application/json; charset=utf-8
host: localhost:10889
accept: */*

Response DefaultHttpResponse(decodeResult: success, version: HTTP/1.1)
HTTP/1.1 200 OK
content-type: application/json; charset=utf-8
cache-control: no-cache
content-length: 88
date: Thu, 25 Jun 2020 12:50:26 GMT

15:50:26.310 [AsyncHttpClient-3-1] DEBUG o.a.netty.channel.ChannelManager - Adding key: http://localhost:10889 for channel [id: 0x7c68b8df, L:/127.0.0.1:64390 - R:localhost/127.0.0.1:10889]
15:50:26.310 [Forwarding getElementText on session 14f61660-7bcc-4279-b6a3-7163a94e0626 to remote] DEBUG o.a.netty.request.NettyRequestSender - Using pooled Channel '[id: 0x7c68b8df, L:/127.0.0.1:64390 - R:localhost/127.0.0.1:10889]' for 'GET' to 'http://localhost:10889/session/14f61660-7bcc-4279-b6a3-7163a94e0626/element/a8382eb7-2bde-4453-bfac-0da9213adeff/text'
15:50:26.310 [Forwarding getElementText on session 14f61660-7bcc-4279-b6a3-7163a94e0626 to remote] DEBUG o.a.netty.request.NettyRequestSender - Using open Channel [id: 0x7c68b8df, L:/127.0.0.1:64390 - R:localhost/127.0.0.1:10889] for GET '/session/14f61660-7bcc-4279-b6a3-7163a94e0626/element/a8382eb7-2bde-4453-bfac-0da9213adeff/text'
15:50:26.315 [AsyncHttpClient-3-1] DEBUG o.a.netty.handler.HttpHandler - 

Request DefaultFullHttpRequest(decodeResult: success, version: HTTP/1.1, content: EmptyByteBufBE)
GET /session/14f61660-7bcc-4279-b6a3-7163a94e0626/element/a8382eb7-2bde-4453-bfac-0da9213adeff/text HTTP/1.1
User-Agent: selenium/4.0.0-alpha-5 (java windows)
Cache-Control: no-cache
host: localhost:10889
accept: */*

Response DefaultHttpResponse(decodeResult: success, version: HTTP/1.1)
HTTP/1.1 200 OK
content-type: application/json; charset=utf-8
cache-control: no-cache
content-length: 21
date: Thu, 25 Jun 2020 12:50:26 GMT

15:50:26.315 [AsyncHttpClient-3-1] DEBUG o.a.netty.channel.ChannelManager - Adding key: http://localhost:10889 for channel [id: 0x7c68b8df, L:/127.0.0.1:64390 - R:localhost/127.0.0.1:10889]
15:50:26.316 [Forwarding findChildElement on session 14f61660-7bcc-4279-b6a3-7163a94e0626 to remote] DEBUG o.a.netty.request.NettyRequestSender - Using pooled Channel '[id: 0x7c68b8df, L:/127.0.0.1:64390 - R:localhost/127.0.0.1:10889]' for 'POST' to 'http://localhost:10889/session/14f61660-7bcc-4279-b6a3-7163a94e0626/element/fd20a508-08e8-4f78-9344-eb7a63852612/element'
15:50:26.316 [Forwarding findChildElement on session 14f61660-7bcc-4279-b6a3-7163a94e0626 to remote] DEBUG o.a.netty.request.NettyRequestSender - Using open Channel [id: 0x7c68b8df, L:/127.0.0.1:64390 - R:localhost/127.0.0.1:10889] for POST '/session/14f61660-7bcc-4279-b6a3-7163a94e0626/element/fd20a508-08e8-4f78-9344-eb7a63852612/element'
15:50:26.320 [AsyncHttpClient-3-1] DEBUG o.a.netty.handler.HttpHandler - 

Request DefaultHttpRequest(decodeResult: success, version: HTTP/1.1)
POST /session/14f61660-7bcc-4279-b6a3-7163a94e0626/element/fd20a508-08e8-4f78-9344-eb7a63852612/element HTTP/1.1
User-Agent: selenium/4.0.0-alpha-5 (java windows)
Content-Length: 103
Content-Type: application/json; charset=utf-8
host: localhost:10889
accept: */*

Response DefaultHttpResponse(decodeResult: success, version: HTTP/1.1)
HTTP/1.1 200 OK
content-type: application/json; charset=utf-8
cache-control: no-cache
content-length: 88
date: Thu, 25 Jun 2020 12:50:26 GMT

15:50:26.320 [AsyncHttpClient-3-1] DEBUG o.a.netty.channel.ChannelManager - Adding key: http://localhost:10889 for channel [id: 0x7c68b8df, L:/127.0.0.1:64390 - R:localhost/127.0.0.1:10889]
15:50:26.320 [Forwarding getElementText on session 14f61660-7bcc-4279-b6a3-7163a94e0626 to remote] DEBUG o.a.netty.request.NettyRequestSender - Using pooled Channel '[id: 0x7c68b8df, L:/127.0.0.1:64390 - R:localhost/127.0.0.1:10889]' for 'GET' to 'http://localhost:10889/session/14f61660-7bcc-4279-b6a3-7163a94e0626/element/f2e78872-15da-4d62-a0ed-b4d6a84759b2/text'
15:50:26.320 [Forwarding getElementText on session 14f61660-7bcc-4279-b6a3-7163a94e0626 to remote] DEBUG o.a.netty.request.NettyRequestSender - Using open Channel [id: 0x7c68b8df, L:/127.0.0.1:64390 - R:localhost/127.0.0.1:10889] for GET '/session/14f61660-7bcc-4279-b6a3-7163a94e0626/element/f2e78872-15da-4d62-a0ed-b4d6a84759b2/text'
15:50:26.325 [AsyncHttpClient-3-1] DEBUG o.a.netty.handler.HttpHandler - 

Request DefaultFullHttpRequest(decodeResult: success, version: HTTP/1.1, content: EmptyByteBufBE)
GET /session/14f61660-7bcc-4279-b6a3-7163a94e0626/element/f2e78872-15da-4d62-a0ed-b4d6a84759b2/text HTTP/1.1
User-Agent: selenium/4.0.0-alpha-5 (java windows)
Cache-Control: no-cache
host: localhost:10889
accept: */*

Response DefaultHttpResponse(decodeResult: success, version: HTTP/1.1)
HTTP/1.1 200 OK
content-type: application/json; charset=utf-8
cache-control: no-cache
content-length: 45
date: Thu, 25 Jun 2020 12:50:26 GMT

15:50:26.325 [AsyncHttpClient-3-1] DEBUG o.a.netty.channel.ChannelManager - Adding key: http://localhost:10889 for channel [id: 0x7c68b8df, L:/127.0.0.1:64390 - R:localhost/127.0.0.1:10889]
15:50:26.326 [Forwarding findChildElement on session 14f61660-7bcc-4279-b6a3-7163a94e0626 to remote] DEBUG o.a.netty.request.NettyRequestSender - Using pooled Channel '[id: 0x7c68b8df, L:/127.0.0.1:64390 - R:localhost/127.0.0.1:10889]' for 'POST' to 'http://localhost:10889/session/14f61660-7bcc-4279-b6a3-7163a94e0626/element/fd20a508-08e8-4f78-9344-eb7a63852612/element'
15:50:26.326 [Forwarding findChildElement on session 14f61660-7bcc-4279-b6a3-7163a94e0626 to remote] DEBUG o.a.netty.request.NettyRequestSender - Using open Channel [id: 0x7c68b8df, L:/127.0.0.1:64390 - R:localhost/127.0.0.1:10889] for POST '/session/14f61660-7bcc-4279-b6a3-7163a94e0626/element/fd20a508-08e8-4f78-9344-eb7a63852612/element'
15:50:26.330 [AsyncHttpClient-3-1] DEBUG o.a.netty.handler.HttpHandler - 

Request DefaultHttpRequest(decodeResult: success, version: HTTP/1.1)
POST /session/14f61660-7bcc-4279-b6a3-7163a94e0626/element/fd20a508-08e8-4f78-9344-eb7a63852612/element HTTP/1.1
User-Agent: selenium/4.0.0-alpha-5 (java windows)
Content-Length: 103
Content-Type: application/json; charset=utf-8
host: localhost:10889
accept: */*

Response DefaultHttpResponse(decodeResult: success, version: HTTP/1.1)
HTTP/1.1 200 OK
content-type: application/json; charset=utf-8
cache-control: no-cache
content-length: 88
date: Thu, 25 Jun 2020 12:50:26 GMT

15:50:26.330 [AsyncHttpClient-3-1] DEBUG o.a.netty.channel.ChannelManager - Adding key: http://localhost:10889 for channel [id: 0x7c68b8df, L:/127.0.0.1:64390 - R:localhost/127.0.0.1:10889]
15:50:26.330 [Forwarding getElementText on session 14f61660-7bcc-4279-b6a3-7163a94e0626 to remote] DEBUG o.a.netty.request.NettyRequestSender - Using pooled Channel '[id: 0x7c68b8df, L:/127.0.0.1:64390 - R:localhost/127.0.0.1:10889]' for 'GET' to 'http://localhost:10889/session/14f61660-7bcc-4279-b6a3-7163a94e0626/element/96bce8d3-d7a1-4ed8-98e7-020b9bd2565e/text'
15:50:26.330 [Forwarding getElementText on session 14f61660-7bcc-4279-b6a3-7163a94e0626 to remote] DEBUG o.a.netty.request.NettyRequestSender - Using open Channel [id: 0x7c68b8df, L:/127.0.0.1:64390 - R:localhost/127.0.0.1:10889] for GET '/session/14f61660-7bcc-4279-b6a3-7163a94e0626/element/96bce8d3-d7a1-4ed8-98e7-020b9bd2565e/text'
15:50:26.340 [AsyncHttpClient-3-1] DEBUG o.a.netty.handler.HttpHandler - 

Request DefaultFullHttpRequest(decodeResult: success, version: HTTP/1.1, content: EmptyByteBufBE)
GET /session/14f61660-7bcc-4279-b6a3-7163a94e0626/element/96bce8d3-d7a1-4ed8-98e7-020b9bd2565e/text HTTP/1.1
User-Agent: selenium/4.0.0-alpha-5 (java windows)
Cache-Control: no-cache
host: localhost:10889
accept: */*

Response DefaultHttpResponse(decodeResult: success, version: HTTP/1.1)
HTTP/1.1 200 OK
content-type: application/json; charset=utf-8
cache-control: no-cache
content-length: 57
date: Thu, 25 Jun 2020 12:50:26 GMT

15:50:26.340 [AsyncHttpClient-3-1] DEBUG o.a.netty.channel.ChannelManager - Adding key: http://localhost:10889 for channel [id: 0x7c68b8df, L:/127.0.0.1:64390 - R:localhost/127.0.0.1:10889]
15:50:26.340 [Forwarding findChildElement on session 14f61660-7bcc-4279-b6a3-7163a94e0626 to remote] DEBUG o.a.netty.request.NettyRequestSender - Using pooled Channel '[id: 0x7c68b8df, L:/127.0.0.1:64390 - R:localhost/127.0.0.1:10889]' for 'POST' to 'http://localhost:10889/session/14f61660-7bcc-4279-b6a3-7163a94e0626/element/fd20a508-08e8-4f78-9344-eb7a63852612/element'
15:50:26.340 [Forwarding findChildElement on session 14f61660-7bcc-4279-b6a3-7163a94e0626 to remote] DEBUG o.a.netty.request.NettyRequestSender - Using open Channel [id: 0x7c68b8df, L:/127.0.0.1:64390 - R:localhost/127.0.0.1:10889] for POST '/session/14f61660-7bcc-4279-b6a3-7163a94e0626/element/fd20a508-08e8-4f78-9344-eb7a63852612/element'
15:50:26.344 [AsyncHttpClient-3-1] DEBUG o.a.netty.handler.HttpHandler - 

Request DefaultHttpRequest(decodeResult: success, version: HTTP/1.1)
POST /session/14f61660-7bcc-4279-b6a3-7163a94e0626/element/fd20a508-08e8-4f78-9344-eb7a63852612/element HTTP/1.1
User-Agent: selenium/4.0.0-alpha-5 (java windows)
Content-Length: 97
Content-Type: application/json; charset=utf-8
host: localhost:10889
accept: */*

Response DefaultHttpResponse(decodeResult: success, version: HTTP/1.1)
HTTP/1.1 200 OK
content-type: application/json; charset=utf-8
cache-control: no-cache
content-length: 88
date: Thu, 25 Jun 2020 12:50:26 GMT

15:50:26.344 [AsyncHttpClient-3-1] DEBUG o.a.netty.channel.ChannelManager - Adding key: http://localhost:10889 for channel [id: 0x7c68b8df, L:/127.0.0.1:64390 - R:localhost/127.0.0.1:10889]
15:50:26.348 [Forwarding getElementAttribute on session 14f61660-7bcc-4279-b6a3-7163a94e0626 to remote] DEBUG o.a.netty.request.NettyRequestSender - Using pooled Channel '[id: 0x7c68b8df, L:/127.0.0.1:64390 - R:localhost/127.0.0.1:10889]' for 'POST' to 'http://localhost:10889/session/14f61660-7bcc-4279-b6a3-7163a94e0626/execute/sync'
15:50:26.348 [Forwarding getElementAttribute on session 14f61660-7bcc-4279-b6a3-7163a94e0626 to remote] DEBUG o.a.netty.request.NettyRequestSender - Using open Channel [id: 0x7c68b8df, L:/127.0.0.1:64390 - R:localhost/127.0.0.1:10889] for POST '/session/14f61660-7bcc-4279-b6a3-7163a94e0626/execute/sync'
15:50:26.362 [AsyncHttpClient-3-1] DEBUG o.a.netty.handler.HttpHandler - 

Request DefaultHttpRequest(decodeResult: success, version: HTTP/1.1)
POST /session/14f61660-7bcc-4279-b6a3-7163a94e0626/execute/sync HTTP/1.1
User-Agent: selenium/4.0.0-alpha-5 (java windows)
Content-Length: 39635
Content-Type: application/json; charset=utf-8
host: localhost:10889
accept: */*

Response DefaultHttpResponse(decodeResult: success, version: HTTP/1.1)
HTTP/1.1 200 OK
content-type: application/json; charset=utf-8
cache-control: no-cache
content-length: 15
date: Thu, 25 Jun 2020 12:50:26 GMT

15:50:26.362 [AsyncHttpClient-3-1] DEBUG o.a.netty.channel.ChannelManager - Adding key: http://localhost:10889 for channel [id: 0x7c68b8df, L:/127.0.0.1:64390 - R:localhost/127.0.0.1:10889]
15:50:26.362 [Forwarding findChildElement on session 14f61660-7bcc-4279-b6a3-7163a94e0626 to remote] DEBUG o.a.netty.request.NettyRequestSender - Using pooled Channel '[id: 0x7c68b8df, L:/127.0.0.1:64390 - R:localhost/127.0.0.1:10889]' for 'POST' to 'http://localhost:10889/session/14f61660-7bcc-4279-b6a3-7163a94e0626/element/2f2c7974-e0a6-481d-935d-b404bd12ade8/element'
15:50:26.362 [Forwarding findChildElement on session 14f61660-7bcc-4279-b6a3-7163a94e0626 to remote] DEBUG o.a.netty.request.NettyRequestSender - Using open Channel [id: 0x7c68b8df, L:/127.0.0.1:64390 - R:localhost/127.0.0.1:10889] for POST '/session/14f61660-7bcc-4279-b6a3-7163a94e0626/element/2f2c7974-e0a6-481d-935d-b404bd12ade8/element'
15:50:26.366 [AsyncHttpClient-3-1] DEBUG o.a.netty.handler.HttpHandler - 

Request DefaultHttpRequest(decodeResult: success, version: HTTP/1.1)
POST /session/14f61660-7bcc-4279-b6a3-7163a94e0626/element/2f2c7974-e0a6-481d-935d-b404bd12ade8/element HTTP/1.1
User-Agent: selenium/4.0.0-alpha-5 (java windows)
Content-Length: 103
Content-Type: application/json; charset=utf-8
host: localhost:10889
accept: */*

Response DefaultHttpResponse(decodeResult: success, version: HTTP/1.1)
HTTP/1.1 200 OK
content-type: application/json; charset=utf-8
cache-control: no-cache
content-length: 88
date: Thu, 25 Jun 2020 12:50:26 GMT

15:50:26.366 [AsyncHttpClient-3-1] DEBUG o.a.netty.channel.ChannelManager - Adding key: http://localhost:10889 for channel [id: 0x7c68b8df, L:/127.0.0.1:64390 - R:localhost/127.0.0.1:10889]
15:50:26.366 [Forwarding getElementText on session 14f61660-7bcc-4279-b6a3-7163a94e0626 to remote] DEBUG o.a.netty.request.NettyRequestSender - Using pooled Channel '[id: 0x7c68b8df, L:/127.0.0.1:64390 - R:localhost/127.0.0.1:10889]' for 'GET' to 'http://localhost:10889/session/14f61660-7bcc-4279-b6a3-7163a94e0626/element/b08a1f01-5e2d-4a46-b6e3-c3db4b4d9481/text'
15:50:26.366 [Forwarding getElementText on session 14f61660-7bcc-4279-b6a3-7163a94e0626 to remote] DEBUG o.a.netty.request.NettyRequestSender - Using open Channel [id: 0x7c68b8df, L:/127.0.0.1:64390 - R:localhost/127.0.0.1:10889] for GET '/session/14f61660-7bcc-4279-b6a3-7163a94e0626/element/b08a1f01-5e2d-4a46-b6e3-c3db4b4d9481/text'
15:50:26.370 [AsyncHttpClient-3-1] DEBUG o.a.netty.handler.HttpHandler - 

Request DefaultFullHttpRequest(decodeResult: success, version: HTTP/1.1, content: EmptyByteBufBE)
GET /session/14f61660-7bcc-4279-b6a3-7163a94e0626/element/b08a1f01-5e2d-4a46-b6e3-c3db4b4d9481/text HTTP/1.1
User-Agent: selenium/4.0.0-alpha-5 (java windows)
Cache-Control: no-cache
host: localhost:10889
accept: */*

Response DefaultHttpResponse(decodeResult: success, version: HTTP/1.1)
HTTP/1.1 200 OK
content-type: application/json; charset=utf-8
cache-control: no-cache
content-length: 18
date: Thu, 25 Jun 2020 12:50:26 GMT

15:50:26.371 [AsyncHttpClient-3-1] DEBUG o.a.netty.channel.ChannelManager - Adding key: http://localhost:10889 for channel [id: 0x7c68b8df, L:/127.0.0.1:64390 - R:localhost/127.0.0.1:10889]
15:50:26.371 [Forwarding findChildElement on session 14f61660-7bcc-4279-b6a3-7163a94e0626 to remote] DEBUG o.a.netty.request.NettyRequestSender - Using pooled Channel '[id: 0x7c68b8df, L:/127.0.0.1:64390 - R:localhost/127.0.0.1:10889]' for 'POST' to 'http://localhost:10889/session/14f61660-7bcc-4279-b6a3-7163a94e0626/element/2f2c7974-e0a6-481d-935d-b404bd12ade8/element'
15:50:26.371 [Forwarding findChildElement on session 14f61660-7bcc-4279-b6a3-7163a94e0626 to remote] DEBUG o.a.netty.request.NettyRequestSender - Using open Channel [id: 0x7c68b8df, L:/127.0.0.1:64390 - R:localhost/127.0.0.1:10889] for POST '/session/14f61660-7bcc-4279-b6a3-7163a94e0626/element/2f2c7974-e0a6-481d-935d-b404bd12ade8/element'
15:50:26.375 [AsyncHttpClient-3-1] DEBUG o.a.netty.handler.HttpHandler - 

Request DefaultHttpRequest(decodeResult: success, version: HTTP/1.1)
POST /session/14f61660-7bcc-4279-b6a3-7163a94e0626/element/2f2c7974-e0a6-481d-935d-b404bd12ade8/element HTTP/1.1
User-Agent: selenium/4.0.0-alpha-5 (java windows)
Content-Length: 103
Content-Type: application/json; charset=utf-8
host: localhost:10889
accept: */*

Response DefaultHttpResponse(decodeResult: success, version: HTTP/1.1)
HTTP/1.1 200 OK
content-type: application/json; charset=utf-8
cache-control: no-cache
content-length: 88
date: Thu, 25 Jun 2020 12:50:26 GMT

15:50:26.375 [AsyncHttpClient-3-1] DEBUG o.a.netty.channel.ChannelManager - Adding key: http://localhost:10889 for channel [id: 0x7c68b8df, L:/127.0.0.1:64390 - R:localhost/127.0.0.1:10889]
15:50:26.375 [Forwarding getElementText on session 14f61660-7bcc-4279-b6a3-7163a94e0626 to remote] DEBUG o.a.netty.request.NettyRequestSender - Using pooled Channel '[id: 0x7c68b8df, L:/127.0.0.1:64390 - R:localhost/127.0.0.1:10889]' for 'GET' to 'http://localhost:10889/session/14f61660-7bcc-4279-b6a3-7163a94e0626/element/410a5e5d-aeff-43ff-aefd-f38d9010d2e4/text'
15:50:26.375 [Forwarding getElementText on session 14f61660-7bcc-4279-b6a3-7163a94e0626 to remote] DEBUG o.a.netty.request.NettyRequestSender - Using open Channel [id: 0x7c68b8df, L:/127.0.0.1:64390 - R:localhost/127.0.0.1:10889] for GET '/session/14f61660-7bcc-4279-b6a3-7163a94e0626/element/410a5e5d-aeff-43ff-aefd-f38d9010d2e4/text'
15:50:26.380 [AsyncHttpClient-3-1] DEBUG o.a.netty.handler.HttpHandler - 

Request DefaultFullHttpRequest(decodeResult: success, version: HTTP/1.1, content: EmptyByteBufBE)
GET /session/14f61660-7bcc-4279-b6a3-7163a94e0626/element/410a5e5d-aeff-43ff-aefd-f38d9010d2e4/text HTTP/1.1
User-Agent: selenium/4.0.0-alpha-5 (java windows)
Cache-Control: no-cache
host: localhost:10889
accept: */*

Response DefaultHttpResponse(decodeResult: success, version: HTTP/1.1)
HTTP/1.1 200 OK
content-type: application/json; charset=utf-8
cache-control: no-cache
content-length: 22
date: Thu, 25 Jun 2020 12:50:26 GMT

15:50:26.380 [AsyncHttpClient-3-1] DEBUG o.a.netty.channel.ChannelManager - Adding key: http://localhost:10889 for channel [id: 0x7c68b8df, L:/127.0.0.1:64390 - R:localhost/127.0.0.1:10889]
15:50:26.380 [Forwarding findChildElement on session 14f61660-7bcc-4279-b6a3-7163a94e0626 to remote] DEBUG o.a.netty.request.NettyRequestSender - Using pooled Channel '[id: 0x7c68b8df, L:/127.0.0.1:64390 - R:localhost/127.0.0.1:10889]' for 'POST' to 'http://localhost:10889/session/14f61660-7bcc-4279-b6a3-7163a94e0626/element/2f2c7974-e0a6-481d-935d-b404bd12ade8/element'
15:50:26.380 [Forwarding findChildElement on session 14f61660-7bcc-4279-b6a3-7163a94e0626 to remote] DEBUG o.a.netty.request.NettyRequestSender - Using open Channel [id: 0x7c68b8df, L:/127.0.0.1:64390 - R:localhost/127.0.0.1:10889] for POST '/session/14f61660-7bcc-4279-b6a3-7163a94e0626/element/2f2c7974-e0a6-481d-935d-b404bd12ade8/element'
15:50:26.384 [AsyncHttpClient-3-1] DEBUG o.a.netty.handler.HttpHandler - 

Request DefaultHttpRequest(decodeResult: success, version: HTTP/1.1)
POST /session/14f61660-7bcc-4279-b6a3-7163a94e0626/element/2f2c7974-e0a6-481d-935d-b404bd12ade8/element HTTP/1.1
User-Agent: selenium/4.0.0-alpha-5 (java windows)
Content-Length: 103
Content-Type: application/json; charset=utf-8
host: localhost:10889
accept: */*

Response DefaultHttpResponse(decodeResult: success, version: HTTP/1.1)
HTTP/1.1 200 OK
content-type: application/json; charset=utf-8
cache-control: no-cache
content-length: 88
date: Thu, 25 Jun 2020 12:50:26 GMT

15:50:26.384 [AsyncHttpClient-3-1] DEBUG o.a.netty.channel.ChannelManager - Adding key: http://localhost:10889 for channel [id: 0x7c68b8df, L:/127.0.0.1:64390 - R:localhost/127.0.0.1:10889]
15:50:26.384 [Forwarding getElementText on session 14f61660-7bcc-4279-b6a3-7163a94e0626 to remote] DEBUG o.a.netty.request.NettyRequestSender - Using pooled Channel '[id: 0x7c68b8df, L:/127.0.0.1:64390 - R:localhost/127.0.0.1:10889]' for 'GET' to 'http://localhost:10889/session/14f61660-7bcc-4279-b6a3-7163a94e0626/element/e7255151-3d3d-42df-a6e5-a68c378b4973/text'
15:50:26.384 [Forwarding getElementText on session 14f61660-7bcc-4279-b6a3-7163a94e0626 to remote] DEBUG o.a.netty.request.NettyRequestSender - Using open Channel [id: 0x7c68b8df, L:/127.0.0.1:64390 - R:localhost/127.0.0.1:10889] for GET '/session/14f61660-7bcc-4279-b6a3-7163a94e0626/element/e7255151-3d3d-42df-a6e5-a68c378b4973/text'
15:50:26.389 [AsyncHttpClient-3-1] DEBUG o.a.netty.handler.HttpHandler - 

Request DefaultFullHttpRequest(decodeResult: success, version: HTTP/1.1, content: EmptyByteBufBE)
GET /session/14f61660-7bcc-4279-b6a3-7163a94e0626/element/e7255151-3d3d-42df-a6e5-a68c378b4973/text HTTP/1.1
User-Agent: selenium/4.0.0-alpha-5 (java windows)
Cache-Control: no-cache
host: localhost:10889
accept: */*

Response DefaultHttpResponse(decodeResult: success, version: HTTP/1.1)
HTTP/1.1 200 OK
content-type: application/json; charset=utf-8
cache-control: no-cache
content-length: 21
date: Thu, 25 Jun 2020 12:50:26 GMT

15:50:26.389 [AsyncHttpClient-3-1] DEBUG o.a.netty.channel.ChannelManager - Adding key: http://localhost:10889 for channel [id: 0x7c68b8df, L:/127.0.0.1:64390 - R:localhost/127.0.0.1:10889]
15:50:26.389 [Forwarding findChildElement on session 14f61660-7bcc-4279-b6a3-7163a94e0626 to remote] DEBUG o.a.netty.request.NettyRequestSender - Using pooled Channel '[id: 0x7c68b8df, L:/127.0.0.1:64390 - R:localhost/127.0.0.1:10889]' for 'POST' to 'http://localhost:10889/session/14f61660-7bcc-4279-b6a3-7163a94e0626/element/2f2c7974-e0a6-481d-935d-b404bd12ade8/element'
15:50:26.389 [Forwarding findChildElement on session 14f61660-7bcc-4279-b6a3-7163a94e0626 to remote] DEBUG o.a.netty.request.NettyRequestSender - Using open Channel [id: 0x7c68b8df, L:/127.0.0.1:64390 - R:localhost/127.0.0.1:10889] for POST '/session/14f61660-7bcc-4279-b6a3-7163a94e0626/element/2f2c7974-e0a6-481d-935d-b404bd12ade8/element'
15:50:26.393 [AsyncHttpClient-3-1] DEBUG o.a.netty.handler.HttpHandler - 

Request DefaultHttpRequest(decodeResult: success, version: HTTP/1.1)
POST /session/14f61660-7bcc-4279-b6a3-7163a94e0626/element/2f2c7974-e0a6-481d-935d-b404bd12ade8/element HTTP/1.1
User-Agent: selenium/4.0.0-alpha-5 (java windows)
Content-Length: 103
Content-Type: application/json; charset=utf-8
host: localhost:10889
accept: */*

Response DefaultHttpResponse(decodeResult: success, version: HTTP/1.1)
HTTP/1.1 200 OK
content-type: application/json; charset=utf-8
cache-control: no-cache
content-length: 88
date: Thu, 25 Jun 2020 12:50:26 GMT

15:50:26.393 [AsyncHttpClient-3-1] DEBUG o.a.netty.channel.ChannelManager - Adding key: http://localhost:10889 for channel [id: 0x7c68b8df, L:/127.0.0.1:64390 - R:localhost/127.0.0.1:10889]
15:50:26.394 [Forwarding getElementText on session 14f61660-7bcc-4279-b6a3-7163a94e0626 to remote] DEBUG o.a.netty.request.NettyRequestSender - Using pooled Channel '[id: 0x7c68b8df, L:/127.0.0.1:64390 - R:localhost/127.0.0.1:10889]' for 'GET' to 'http://localhost:10889/session/14f61660-7bcc-4279-b6a3-7163a94e0626/element/cb041b5c-3431-44ae-8207-97dd30b0acc2/text'
15:50:26.394 [Forwarding getElementText on session 14f61660-7bcc-4279-b6a3-7163a94e0626 to remote] DEBUG o.a.netty.request.NettyRequestSender - Using open Channel [id: 0x7c68b8df, L:/127.0.0.1:64390 - R:localhost/127.0.0.1:10889] for GET '/session/14f61660-7bcc-4279-b6a3-7163a94e0626/element/cb041b5c-3431-44ae-8207-97dd30b0acc2/text'
15:50:26.398 [AsyncHttpClient-3-1] DEBUG o.a.netty.handler.HttpHandler - 

Request DefaultFullHttpRequest(decodeResult: success, version: HTTP/1.1, content: EmptyByteBufBE)
GET /session/14f61660-7bcc-4279-b6a3-7163a94e0626/element/cb041b5c-3431-44ae-8207-97dd30b0acc2/text HTTP/1.1
User-Agent: selenium/4.0.0-alpha-5 (java windows)
Cache-Control: no-cache
host: localhost:10889
accept: */*

Response DefaultHttpResponse(decodeResult: success, version: HTTP/1.1)
HTTP/1.1 200 OK
content-type: application/json; charset=utf-8
cache-control: no-cache
content-length: 45
date: Thu, 25 Jun 2020 12:50:26 GMT

15:50:26.398 [AsyncHttpClient-3-1] DEBUG o.a.netty.channel.ChannelManager - Adding key: http://localhost:10889 for channel [id: 0x7c68b8df, L:/127.0.0.1:64390 - R:localhost/127.0.0.1:10889]
15:50:26.398 [Forwarding findChildElement on session 14f61660-7bcc-4279-b6a3-7163a94e0626 to remote] DEBUG o.a.netty.request.NettyRequestSender - Using pooled Channel '[id: 0x7c68b8df, L:/127.0.0.1:64390 - R:localhost/127.0.0.1:10889]' for 'POST' to 'http://localhost:10889/session/14f61660-7bcc-4279-b6a3-7163a94e0626/element/2f2c7974-e0a6-481d-935d-b404bd12ade8/element'
15:50:26.398 [Forwarding findChildElement on session 14f61660-7bcc-4279-b6a3-7163a94e0626 to remote] DEBUG o.a.netty.request.NettyRequestSender - Using open Channel [id: 0x7c68b8df, L:/127.0.0.1:64390 - R:localhost/127.0.0.1:10889] for POST '/session/14f61660-7bcc-4279-b6a3-7163a94e0626/element/2f2c7974-e0a6-481d-935d-b404bd12ade8/element'
15:50:26.402 [AsyncHttpClient-3-1] DEBUG o.a.netty.handler.HttpHandler - 

Request DefaultHttpRequest(decodeResult: success, version: HTTP/1.1)
POST /session/14f61660-7bcc-4279-b6a3-7163a94e0626/element/2f2c7974-e0a6-481d-935d-b404bd12ade8/element HTTP/1.1
User-Agent: selenium/4.0.0-alpha-5 (java windows)
Content-Length: 103
Content-Type: application/json; charset=utf-8
host: localhost:10889
accept: */*

Response DefaultHttpResponse(decodeResult: success, version: HTTP/1.1)
HTTP/1.1 200 OK
content-type: application/json; charset=utf-8
cache-control: no-cache
content-length: 88
date: Thu, 25 Jun 2020 12:50:26 GMT

15:50:26.402 [AsyncHttpClient-3-1] DEBUG o.a.netty.channel.ChannelManager - Adding key: http://localhost:10889 for channel [id: 0x7c68b8df, L:/127.0.0.1:64390 - R:localhost/127.0.0.1:10889]
15:50:26.402 [Forwarding getElementText on session 14f61660-7bcc-4279-b6a3-7163a94e0626 to remote] DEBUG o.a.netty.request.NettyRequestSender - Using pooled Channel '[id: 0x7c68b8df, L:/127.0.0.1:64390 - R:localhost/127.0.0.1:10889]' for 'GET' to 'http://localhost:10889/session/14f61660-7bcc-4279-b6a3-7163a94e0626/element/8d5b66ae-d7f4-442e-8bc0-fba93f5038dc/text'
15:50:26.402 [Forwarding getElementText on session 14f61660-7bcc-4279-b6a3-7163a94e0626 to remote] DEBUG o.a.netty.request.NettyRequestSender - Using open Channel [id: 0x7c68b8df, L:/127.0.0.1:64390 - R:localhost/127.0.0.1:10889] for GET '/session/14f61660-7bcc-4279-b6a3-7163a94e0626/element/8d5b66ae-d7f4-442e-8bc0-fba93f5038dc/text'
15:50:26.409 [AsyncHttpClient-3-1] DEBUG o.a.netty.handler.HttpHandler - 

Request DefaultFullHttpRequest(decodeResult: success, version: HTTP/1.1, content: EmptyByteBufBE)
GET /session/14f61660-7bcc-4279-b6a3-7163a94e0626/element/8d5b66ae-d7f4-442e-8bc0-fba93f5038dc/text HTTP/1.1
User-Agent: selenium/4.0.0-alpha-5 (java windows)
Cache-Control: no-cache
host: localhost:10889
accept: */*

Response DefaultHttpResponse(decodeResult: success, version: HTTP/1.1)
HTTP/1.1 200 OK
content-type: application/json; charset=utf-8
cache-control: no-cache
content-length: 57
date: Thu, 25 Jun 2020 12:50:26 GMT

15:50:26.409 [AsyncHttpClient-3-1] DEBUG o.a.netty.channel.ChannelManager - Adding key: http://localhost:10889 for channel [id: 0x7c68b8df, L:/127.0.0.1:64390 - R:localhost/127.0.0.1:10889]
15:50:26.409 [Forwarding findChildElement on session 14f61660-7bcc-4279-b6a3-7163a94e0626 to remote] DEBUG o.a.netty.request.NettyRequestSender - Using pooled Channel '[id: 0x7c68b8df, L:/127.0.0.1:64390 - R:localhost/127.0.0.1:10889]' for 'POST' to 'http://localhost:10889/session/14f61660-7bcc-4279-b6a3-7163a94e0626/element/2f2c7974-e0a6-481d-935d-b404bd12ade8/element'
15:50:26.409 [Forwarding findChildElement on session 14f61660-7bcc-4279-b6a3-7163a94e0626 to remote] DEBUG o.a.netty.request.NettyRequestSender - Using open Channel [id: 0x7c68b8df, L:/127.0.0.1:64390 - R:localhost/127.0.0.1:10889] for POST '/session/14f61660-7bcc-4279-b6a3-7163a94e0626/element/2f2c7974-e0a6-481d-935d-b404bd12ade8/element'
15:50:26.413 [AsyncHttpClient-3-1] DEBUG o.a.netty.handler.HttpHandler - 

Request DefaultHttpRequest(decodeResult: success, version: HTTP/1.1)
POST /session/14f61660-7bcc-4279-b6a3-7163a94e0626/element/2f2c7974-e0a6-481d-935d-b404bd12ade8/element HTTP/1.1
User-Agent: selenium/4.0.0-alpha-5 (java windows)
Content-Length: 97
Content-Type: application/json; charset=utf-8
host: localhost:10889
accept: */*

Response DefaultHttpResponse(decodeResult: success, version: HTTP/1.1)
HTTP/1.1 200 OK
content-type: application/json; charset=utf-8
cache-control: no-cache
content-length: 88
date: Thu, 25 Jun 2020 12:50:26 GMT

15:50:26.413 [AsyncHttpClient-3-1] DEBUG o.a.netty.channel.ChannelManager - Adding key: http://localhost:10889 for channel [id: 0x7c68b8df, L:/127.0.0.1:64390 - R:localhost/127.0.0.1:10889]
15:50:26.415 [Forwarding getElementAttribute on session 14f61660-7bcc-4279-b6a3-7163a94e0626 to remote] DEBUG o.a.netty.request.NettyRequestSender - Using pooled Channel '[id: 0x7c68b8df, L:/127.0.0.1:64390 - R:localhost/127.0.0.1:10889]' for 'POST' to 'http://localhost:10889/session/14f61660-7bcc-4279-b6a3-7163a94e0626/execute/sync'
15:50:26.415 [Forwarding getElementAttribute on session 14f61660-7bcc-4279-b6a3-7163a94e0626 to remote] DEBUG o.a.netty.request.NettyRequestSender - Using open Channel [id: 0x7c68b8df, L:/127.0.0.1:64390 - R:localhost/127.0.0.1:10889] for POST '/session/14f61660-7bcc-4279-b6a3-7163a94e0626/execute/sync'
15:50:26.428 [AsyncHttpClient-3-1] DEBUG o.a.netty.handler.HttpHandler - 

Request DefaultHttpRequest(decodeResult: success, version: HTTP/1.1)
POST /session/14f61660-7bcc-4279-b6a3-7163a94e0626/execute/sync HTTP/1.1
User-Agent: selenium/4.0.0-alpha-5 (java windows)
Content-Length: 39635
Content-Type: application/json; charset=utf-8
host: localhost:10889
accept: */*

Response DefaultHttpResponse(decodeResult: success, version: HTTP/1.1)
HTTP/1.1 200 OK
content-type: application/json; charset=utf-8
cache-control: no-cache
content-length: 15
date: Thu, 25 Jun 2020 12:50:26 GMT

15:50:26.429 [AsyncHttpClient-3-1] DEBUG o.a.netty.channel.ChannelManager - Adding key: http://localhost:10889 for channel [id: 0x7c68b8df, L:/127.0.0.1:64390 - R:localhost/127.0.0.1:10889]
15:50:26.429 [Forwarding findChildElement on session 14f61660-7bcc-4279-b6a3-7163a94e0626 to remote] DEBUG o.a.netty.request.NettyRequestSender - Using pooled Channel '[id: 0x7c68b8df, L:/127.0.0.1:64390 - R:localhost/127.0.0.1:10889]' for 'POST' to 'http://localhost:10889/session/14f61660-7bcc-4279-b6a3-7163a94e0626/element/a9097e8d-1186-4489-905a-ab28e6996486/element'
15:50:26.429 [Forwarding findChildElement on session 14f61660-7bcc-4279-b6a3-7163a94e0626 to remote] DEBUG o.a.netty.request.NettyRequestSender - Using open Channel [id: 0x7c68b8df, L:/127.0.0.1:64390 - R:localhost/127.0.0.1:10889] for POST '/session/14f61660-7bcc-4279-b6a3-7163a94e0626/element/a9097e8d-1186-4489-905a-ab28e6996486/element'
15:50:26.434 [AsyncHttpClient-3-1] DEBUG o.a.netty.handler.HttpHandler - 

Request DefaultHttpRequest(decodeResult: success, version: HTTP/1.1)
POST /session/14f61660-7bcc-4279-b6a3-7163a94e0626/element/a9097e8d-1186-4489-905a-ab28e6996486/element HTTP/1.1
User-Agent: selenium/4.0.0-alpha-5 (java windows)
Content-Length: 103
Content-Type: application/json; charset=utf-8
host: localhost:10889
accept: */*

Response DefaultHttpResponse(decodeResult: success, version: HTTP/1.1)
HTTP/1.1 200 OK
content-type: application/json; charset=utf-8
cache-control: no-cache
content-length: 88
date: Thu, 25 Jun 2020 12:50:26 GMT

15:50:26.434 [AsyncHttpClient-3-1] DEBUG o.a.netty.channel.ChannelManager - Adding key: http://localhost:10889 for channel [id: 0x7c68b8df, L:/127.0.0.1:64390 - R:localhost/127.0.0.1:10889]
15:50:26.435 [Forwarding getElementText on session 14f61660-7bcc-4279-b6a3-7163a94e0626 to remote] DEBUG o.a.netty.request.NettyRequestSender - Using pooled Channel '[id: 0x7c68b8df, L:/127.0.0.1:64390 - R:localhost/127.0.0.1:10889]' for 'GET' to 'http://localhost:10889/session/14f61660-7bcc-4279-b6a3-7163a94e0626/element/49e36790-f7ef-4159-a2e5-d89b833bfcdc/text'
15:50:26.435 [Forwarding getElementText on session 14f61660-7bcc-4279-b6a3-7163a94e0626 to remote] DEBUG o.a.netty.request.NettyRequestSender - Using open Channel [id: 0x7c68b8df, L:/127.0.0.1:64390 - R:localhost/127.0.0.1:10889] for GET '/session/14f61660-7bcc-4279-b6a3-7163a94e0626/element/49e36790-f7ef-4159-a2e5-d89b833bfcdc/text'
15:50:26.439 [AsyncHttpClient-3-1] DEBUG o.a.netty.handler.HttpHandler - 

Request DefaultFullHttpRequest(decodeResult: success, version: HTTP/1.1, content: EmptyByteBufBE)
GET /session/14f61660-7bcc-4279-b6a3-7163a94e0626/element/49e36790-f7ef-4159-a2e5-d89b833bfcdc/text HTTP/1.1
User-Agent: selenium/4.0.0-alpha-5 (java windows)
Cache-Control: no-cache
host: localhost:10889
accept: */*

Response DefaultHttpResponse(decodeResult: success, version: HTTP/1.1)
HTTP/1.1 200 OK
content-type: application/json; charset=utf-8
cache-control: no-cache
content-length: 18
date: Thu, 25 Jun 2020 12:50:26 GMT

15:50:26.439 [AsyncHttpClient-3-1] DEBUG o.a.netty.channel.ChannelManager - Adding key: http://localhost:10889 for channel [id: 0x7c68b8df, L:/127.0.0.1:64390 - R:localhost/127.0.0.1:10889]
15:50:26.440 [Forwarding findChildElement on session 14f61660-7bcc-4279-b6a3-7163a94e0626 to remote] DEBUG o.a.netty.request.NettyRequestSender - Using pooled Channel '[id: 0x7c68b8df, L:/127.0.0.1:64390 - R:localhost/127.0.0.1:10889]' for 'POST' to 'http://localhost:10889/session/14f61660-7bcc-4279-b6a3-7163a94e0626/element/a9097e8d-1186-4489-905a-ab28e6996486/element'
15:50:26.440 [Forwarding findChildElement on session 14f61660-7bcc-4279-b6a3-7163a94e0626 to remote] DEBUG o.a.netty.request.NettyRequestSender - Using open Channel [id: 0x7c68b8df, L:/127.0.0.1:64390 - R:localhost/127.0.0.1:10889] for POST '/session/14f61660-7bcc-4279-b6a3-7163a94e0626/element/a9097e8d-1186-4489-905a-ab28e6996486/element'
15:50:26.444 [AsyncHttpClient-3-1] DEBUG o.a.netty.handler.HttpHandler - 

Request DefaultHttpRequest(decodeResult: success, version: HTTP/1.1)
POST /session/14f61660-7bcc-4279-b6a3-7163a94e0626/element/a9097e8d-1186-4489-905a-ab28e6996486/element HTTP/1.1
User-Agent: selenium/4.0.0-alpha-5 (java windows)
Content-Length: 103
Content-Type: application/json; charset=utf-8
host: localhost:10889
accept: */*

Response DefaultHttpResponse(decodeResult: success, version: HTTP/1.1)
HTTP/1.1 200 OK
content-type: application/json; charset=utf-8
cache-control: no-cache
content-length: 88
date: Thu, 25 Jun 2020 12:50:26 GMT

15:50:26.444 [AsyncHttpClient-3-1] DEBUG o.a.netty.channel.ChannelManager - Adding key: http://localhost:10889 for channel [id: 0x7c68b8df, L:/127.0.0.1:64390 - R:localhost/127.0.0.1:10889]
15:50:26.445 [Forwarding getElementText on session 14f61660-7bcc-4279-b6a3-7163a94e0626 to remote] DEBUG o.a.netty.request.NettyRequestSender - Using pooled Channel '[id: 0x7c68b8df, L:/127.0.0.1:64390 - R:localhost/127.0.0.1:10889]' for 'GET' to 'http://localhost:10889/session/14f61660-7bcc-4279-b6a3-7163a94e0626/element/6551ed6a-11a9-43a6-aac4-cada3d4d685f/text'
15:50:26.445 [Forwarding getElementText on session 14f61660-7bcc-4279-b6a3-7163a94e0626 to remote] DEBUG o.a.netty.request.NettyRequestSender - Using open Channel [id: 0x7c68b8df, L:/127.0.0.1:64390 - R:localhost/127.0.0.1:10889] for GET '/session/14f61660-7bcc-4279-b6a3-7163a94e0626/element/6551ed6a-11a9-43a6-aac4-cada3d4d685f/text'
15:50:26.449 [AsyncHttpClient-3-1] DEBUG o.a.netty.handler.HttpHandler - 

Request DefaultFullHttpRequest(decodeResult: success, version: HTTP/1.1, content: EmptyByteBufBE)
GET /session/14f61660-7bcc-4279-b6a3-7163a94e0626/element/6551ed6a-11a9-43a6-aac4-cada3d4d685f/text HTTP/1.1
User-Agent: selenium/4.0.0-alpha-5 (java windows)
Cache-Control: no-cache
host: localhost:10889
accept: */*

Response DefaultHttpResponse(decodeResult: success, version: HTTP/1.1)
HTTP/1.1 200 OK
content-type: application/json; charset=utf-8
cache-control: no-cache
content-length: 22
date: Thu, 25 Jun 2020 12:50:26 GMT

15:50:26.449 [AsyncHttpClient-3-1] DEBUG o.a.netty.channel.ChannelManager - Adding key: http://localhost:10889 for channel [id: 0x7c68b8df, L:/127.0.0.1:64390 - R:localhost/127.0.0.1:10889]
15:50:26.449 [Forwarding findChildElement on session 14f61660-7bcc-4279-b6a3-7163a94e0626 to remote] DEBUG o.a.netty.request.NettyRequestSender - Using pooled Channel '[id: 0x7c68b8df, L:/127.0.0.1:64390 - R:localhost/127.0.0.1:10889]' for 'POST' to 'http://localhost:10889/session/14f61660-7bcc-4279-b6a3-7163a94e0626/element/a9097e8d-1186-4489-905a-ab28e6996486/element'
15:50:26.449 [Forwarding findChildElement on session 14f61660-7bcc-4279-b6a3-7163a94e0626 to remote] DEBUG o.a.netty.request.NettyRequestSender - Using open Channel [id: 0x7c68b8df, L:/127.0.0.1:64390 - R:localhost/127.0.0.1:10889] for POST '/session/14f61660-7bcc-4279-b6a3-7163a94e0626/element/a9097e8d-1186-4489-905a-ab28e6996486/element'
15:50:26.453 [AsyncHttpClient-3-1] DEBUG o.a.netty.handler.HttpHandler - 

Request DefaultHttpRequest(decodeResult: success, version: HTTP/1.1)
POST /session/14f61660-7bcc-4279-b6a3-7163a94e0626/element/a9097e8d-1186-4489-905a-ab28e6996486/element HTTP/1.1
User-Agent: selenium/4.0.0-alpha-5 (java windows)
Content-Length: 103
Content-Type: application/json; charset=utf-8
host: localhost:10889
accept: */*

Response DefaultHttpResponse(decodeResult: success, version: HTTP/1.1)
HTTP/1.1 200 OK
content-type: application/json; charset=utf-8
cache-control: no-cache
content-length: 88
date: Thu, 25 Jun 2020 12:50:26 GMT

15:50:26.453 [AsyncHttpClient-3-1] DEBUG o.a.netty.channel.ChannelManager - Adding key: http://localhost:10889 for channel [id: 0x7c68b8df, L:/127.0.0.1:64390 - R:localhost/127.0.0.1:10889]
15:50:26.454 [Forwarding getElementText on session 14f61660-7bcc-4279-b6a3-7163a94e0626 to remote] DEBUG o.a.netty.request.NettyRequestSender - Using pooled Channel '[id: 0x7c68b8df, L:/127.0.0.1:64390 - R:localhost/127.0.0.1:10889]' for 'GET' to 'http://localhost:10889/session/14f61660-7bcc-4279-b6a3-7163a94e0626/element/94673014-62f1-424d-b7ce-b5d5a2beba55/text'
15:50:26.454 [Forwarding getElementText on session 14f61660-7bcc-4279-b6a3-7163a94e0626 to remote] DEBUG o.a.netty.request.NettyRequestSender - Using open Channel [id: 0x7c68b8df, L:/127.0.0.1:64390 - R:localhost/127.0.0.1:10889] for GET '/session/14f61660-7bcc-4279-b6a3-7163a94e0626/element/94673014-62f1-424d-b7ce-b5d5a2beba55/text'
15:50:26.458 [AsyncHttpClient-3-1] DEBUG o.a.netty.handler.HttpHandler - 

Request DefaultFullHttpRequest(decodeResult: success, version: HTTP/1.1, content: EmptyByteBufBE)
GET /session/14f61660-7bcc-4279-b6a3-7163a94e0626/element/94673014-62f1-424d-b7ce-b5d5a2beba55/text HTTP/1.1
User-Agent: selenium/4.0.0-alpha-5 (java windows)
Cache-Control: no-cache
host: localhost:10889
accept: */*

Response DefaultHttpResponse(decodeResult: success, version: HTTP/1.1)
HTTP/1.1 200 OK
content-type: application/json; charset=utf-8
cache-control: no-cache
content-length: 21
date: Thu, 25 Jun 2020 12:50:26 GMT

15:50:26.458 [AsyncHttpClient-3-1] DEBUG o.a.netty.channel.ChannelManager - Adding key: http://localhost:10889 for channel [id: 0x7c68b8df, L:/127.0.0.1:64390 - R:localhost/127.0.0.1:10889]
15:50:26.458 [Forwarding findChildElement on session 14f61660-7bcc-4279-b6a3-7163a94e0626 to remote] DEBUG o.a.netty.request.NettyRequestSender - Using pooled Channel '[id: 0x7c68b8df, L:/127.0.0.1:64390 - R:localhost/127.0.0.1:10889]' for 'POST' to 'http://localhost:10889/session/14f61660-7bcc-4279-b6a3-7163a94e0626/element/a9097e8d-1186-4489-905a-ab28e6996486/element'
15:50:26.459 [Forwarding findChildElement on session 14f61660-7bcc-4279-b6a3-7163a94e0626 to remote] DEBUG o.a.netty.request.NettyRequestSender - Using open Channel [id: 0x7c68b8df, L:/127.0.0.1:64390 - R:localhost/127.0.0.1:10889] for POST '/session/14f61660-7bcc-4279-b6a3-7163a94e0626/element/a9097e8d-1186-4489-905a-ab28e6996486/element'
15:50:26.462 [AsyncHttpClient-3-1] DEBUG o.a.netty.handler.HttpHandler - 

Request DefaultHttpRequest(decodeResult: success, version: HTTP/1.1)
POST /session/14f61660-7bcc-4279-b6a3-7163a94e0626/element/a9097e8d-1186-4489-905a-ab28e6996486/element HTTP/1.1
User-Agent: selenium/4.0.0-alpha-5 (java windows)
Content-Length: 103
Content-Type: application/json; charset=utf-8
host: localhost:10889
accept: */*

Response DefaultHttpResponse(decodeResult: success, version: HTTP/1.1)
HTTP/1.1 200 OK
content-type: application/json; charset=utf-8
cache-control: no-cache
content-length: 88
date: Thu, 25 Jun 2020 12:50:26 GMT

15:50:26.462 [AsyncHttpClient-3-1] DEBUG o.a.netty.channel.ChannelManager - Adding key: http://localhost:10889 for channel [id: 0x7c68b8df, L:/127.0.0.1:64390 - R:localhost/127.0.0.1:10889]
15:50:26.462 [Forwarding getElementText on session 14f61660-7bcc-4279-b6a3-7163a94e0626 to remote] DEBUG o.a.netty.request.NettyRequestSender - Using pooled Channel '[id: 0x7c68b8df, L:/127.0.0.1:64390 - R:localhost/127.0.0.1:10889]' for 'GET' to 'http://localhost:10889/session/14f61660-7bcc-4279-b6a3-7163a94e0626/element/26a4a180-2b66-453c-ae57-12426cdba342/text'
15:50:26.463 [Forwarding getElementText on session 14f61660-7bcc-4279-b6a3-7163a94e0626 to remote] DEBUG o.a.netty.request.NettyRequestSender - Using open Channel [id: 0x7c68b8df, L:/127.0.0.1:64390 - R:localhost/127.0.0.1:10889] for GET '/session/14f61660-7bcc-4279-b6a3-7163a94e0626/element/26a4a180-2b66-453c-ae57-12426cdba342/text'
15:50:26.467 [AsyncHttpClient-3-1] DEBUG o.a.netty.handler.HttpHandler - 

Request DefaultFullHttpRequest(decodeResult: success, version: HTTP/1.1, content: EmptyByteBufBE)
GET /session/14f61660-7bcc-4279-b6a3-7163a94e0626/element/26a4a180-2b66-453c-ae57-12426cdba342/text HTTP/1.1
User-Agent: selenium/4.0.0-alpha-5 (java windows)
Cache-Control: no-cache
host: localhost:10889
accept: */*

Response DefaultHttpResponse(decodeResult: success, version: HTTP/1.1)
HTTP/1.1 200 OK
content-type: application/json; charset=utf-8
cache-control: no-cache
content-length: 45
date: Thu, 25 Jun 2020 12:50:26 GMT

15:50:26.467 [AsyncHttpClient-3-1] DEBUG o.a.netty.channel.ChannelManager - Adding key: http://localhost:10889 for channel [id: 0x7c68b8df, L:/127.0.0.1:64390 - R:localhost/127.0.0.1:10889]
15:50:26.467 [Forwarding findChildElement on session 14f61660-7bcc-4279-b6a3-7163a94e0626 to remote] DEBUG o.a.netty.request.NettyRequestSender - Using pooled Channel '[id: 0x7c68b8df, L:/127.0.0.1:64390 - R:localhost/127.0.0.1:10889]' for 'POST' to 'http://localhost:10889/session/14f61660-7bcc-4279-b6a3-7163a94e0626/element/a9097e8d-1186-4489-905a-ab28e6996486/element'
15:50:26.467 [Forwarding findChildElement on session 14f61660-7bcc-4279-b6a3-7163a94e0626 to remote] DEBUG o.a.netty.request.NettyRequestSender - Using open Channel [id: 0x7c68b8df, L:/127.0.0.1:64390 - R:localhost/127.0.0.1:10889] for POST '/session/14f61660-7bcc-4279-b6a3-7163a94e0626/element/a9097e8d-1186-4489-905a-ab28e6996486/element'
15:50:26.471 [AsyncHttpClient-3-1] DEBUG o.a.netty.handler.HttpHandler - 

Request DefaultHttpRequest(decodeResult: success, version: HTTP/1.1)
POST /session/14f61660-7bcc-4279-b6a3-7163a94e0626/element/a9097e8d-1186-4489-905a-ab28e6996486/element HTTP/1.1
User-Agent: selenium/4.0.0-alpha-5 (java windows)
Content-Length: 103
Content-Type: application/json; charset=utf-8
host: localhost:10889
accept: */*

Response DefaultHttpResponse(decodeResult: success, version: HTTP/1.1)
HTTP/1.1 200 OK
content-type: application/json; charset=utf-8
cache-control: no-cache
content-length: 88
date: Thu, 25 Jun 2020 12:50:26 GMT

15:50:26.471 [AsyncHttpClient-3-1] DEBUG o.a.netty.channel.ChannelManager - Adding key: http://localhost:10889 for channel [id: 0x7c68b8df, L:/127.0.0.1:64390 - R:localhost/127.0.0.1:10889]
15:50:26.471 [Forwarding getElementText on session 14f61660-7bcc-4279-b6a3-7163a94e0626 to remote] DEBUG o.a.netty.request.NettyRequestSender - Using pooled Channel '[id: 0x7c68b8df, L:/127.0.0.1:64390 - R:localhost/127.0.0.1:10889]' for 'GET' to 'http://localhost:10889/session/14f61660-7bcc-4279-b6a3-7163a94e0626/element/199f2796-ee79-4718-aa2d-33440c99a26f/text'
15:50:26.471 [Forwarding getElementText on session 14f61660-7bcc-4279-b6a3-7163a94e0626 to remote] DEBUG o.a.netty.request.NettyRequestSender - Using open Channel [id: 0x7c68b8df, L:/127.0.0.1:64390 - R:localhost/127.0.0.1:10889] for GET '/session/14f61660-7bcc-4279-b6a3-7163a94e0626/element/199f2796-ee79-4718-aa2d-33440c99a26f/text'
15:50:26.478 [AsyncHttpClient-3-1] DEBUG o.a.netty.handler.HttpHandler - 

Request DefaultFullHttpRequest(decodeResult: success, version: HTTP/1.1, content: EmptyByteBufBE)
GET /session/14f61660-7bcc-4279-b6a3-7163a94e0626/element/199f2796-ee79-4718-aa2d-33440c99a26f/text HTTP/1.1
User-Agent: selenium/4.0.0-alpha-5 (java windows)
Cache-Control: no-cache
host: localhost:10889
accept: */*

Response DefaultHttpResponse(decodeResult: success, version: HTTP/1.1)
HTTP/1.1 200 OK
content-type: application/json; charset=utf-8
cache-control: no-cache
content-length: 57
date: Thu, 25 Jun 2020 12:50:26 GMT

15:50:26.478 [AsyncHttpClient-3-1] DEBUG o.a.netty.channel.ChannelManager - Adding key: http://localhost:10889 for channel [id: 0x7c68b8df, L:/127.0.0.1:64390 - R:localhost/127.0.0.1:10889]
15:50:26.478 [Forwarding findChildElement on session 14f61660-7bcc-4279-b6a3-7163a94e0626 to remote] DEBUG o.a.netty.request.NettyRequestSender - Using pooled Channel '[id: 0x7c68b8df, L:/127.0.0.1:64390 - R:localhost/127.0.0.1:10889]' for 'POST' to 'http://localhost:10889/session/14f61660-7bcc-4279-b6a3-7163a94e0626/element/a9097e8d-1186-4489-905a-ab28e6996486/element'
15:50:26.478 [Forwarding findChildElement on session 14f61660-7bcc-4279-b6a3-7163a94e0626 to remote] DEBUG o.a.netty.request.NettyRequestSender - Using open Channel [id: 0x7c68b8df, L:/127.0.0.1:64390 - R:localhost/127.0.0.1:10889] for POST '/session/14f61660-7bcc-4279-b6a3-7163a94e0626/element/a9097e8d-1186-4489-905a-ab28e6996486/element'
15:50:26.481 [AsyncHttpClient-3-1] DEBUG o.a.netty.handler.HttpHandler - 

Request DefaultHttpRequest(decodeResult: success, version: HTTP/1.1)
POST /session/14f61660-7bcc-4279-b6a3-7163a94e0626/element/a9097e8d-1186-4489-905a-ab28e6996486/element HTTP/1.1
User-Agent: selenium/4.0.0-alpha-5 (java windows)
Content-Length: 97
Content-Type: application/json; charset=utf-8
host: localhost:10889
accept: */*

Response DefaultHttpResponse(decodeResult: success, version: HTTP/1.1)
HTTP/1.1 200 OK
content-type: application/json; charset=utf-8
cache-control: no-cache
content-length: 88
date: Thu, 25 Jun 2020 12:50:26 GMT

15:50:26.482 [AsyncHttpClient-3-1] DEBUG o.a.netty.channel.ChannelManager - Adding key: http://localhost:10889 for channel [id: 0x7c68b8df, L:/127.0.0.1:64390 - R:localhost/127.0.0.1:10889]
15:50:26.484 [Forwarding getElementAttribute on session 14f61660-7bcc-4279-b6a3-7163a94e0626 to remote] DEBUG o.a.netty.request.NettyRequestSender - Using pooled Channel '[id: 0x7c68b8df, L:/127.0.0.1:64390 - R:localhost/127.0.0.1:10889]' for 'POST' to 'http://localhost:10889/session/14f61660-7bcc-4279-b6a3-7163a94e0626/execute/sync'
15:50:26.484 [Forwarding getElementAttribute on session 14f61660-7bcc-4279-b6a3-7163a94e0626 to remote] DEBUG o.a.netty.request.NettyRequestSender - Using open Channel [id: 0x7c68b8df, L:/127.0.0.1:64390 - R:localhost/127.0.0.1:10889] for POST '/session/14f61660-7bcc-4279-b6a3-7163a94e0626/execute/sync'
15:50:26.497 [AsyncHttpClient-3-1] DEBUG o.a.netty.handler.HttpHandler - 

Request DefaultHttpRequest(decodeResult: success, version: HTTP/1.1)
POST /session/14f61660-7bcc-4279-b6a3-7163a94e0626/execute/sync HTTP/1.1
User-Agent: selenium/4.0.0-alpha-5 (java windows)
Content-Length: 39635
Content-Type: application/json; charset=utf-8
host: localhost:10889
accept: */*

Response DefaultHttpResponse(decodeResult: success, version: HTTP/1.1)
HTTP/1.1 200 OK
content-type: application/json; charset=utf-8
cache-control: no-cache
content-length: 15
date: Thu, 25 Jun 2020 12:50:26 GMT

15:50:26.497 [AsyncHttpClient-3-1] DEBUG o.a.netty.channel.ChannelManager - Adding key: http://localhost:10889 for channel [id: 0x7c68b8df, L:/127.0.0.1:64390 - R:localhost/127.0.0.1:10889]
15:50:26.497 [Forwarding findChildElement on session 14f61660-7bcc-4279-b6a3-7163a94e0626 to remote] DEBUG o.a.netty.request.NettyRequestSender - Using pooled Channel '[id: 0x7c68b8df, L:/127.0.0.1:64390 - R:localhost/127.0.0.1:10889]' for 'POST' to 'http://localhost:10889/session/14f61660-7bcc-4279-b6a3-7163a94e0626/element/f2bee6c9-c33b-431a-95db-fe930e5c3586/element'
15:50:26.497 [Forwarding findChildElement on session 14f61660-7bcc-4279-b6a3-7163a94e0626 to remote] DEBUG o.a.netty.request.NettyRequestSender - Using open Channel [id: 0x7c68b8df, L:/127.0.0.1:64390 - R:localhost/127.0.0.1:10889] for POST '/session/14f61660-7bcc-4279-b6a3-7163a94e0626/element/f2bee6c9-c33b-431a-95db-fe930e5c3586/element'
15:50:26.501 [AsyncHttpClient-3-1] DEBUG o.a.netty.handler.HttpHandler - 

Request DefaultHttpRequest(decodeResult: success, version: HTTP/1.1)
POST /session/14f61660-7bcc-4279-b6a3-7163a94e0626/element/f2bee6c9-c33b-431a-95db-fe930e5c3586/element HTTP/1.1
User-Agent: selenium/4.0.0-alpha-5 (java windows)
Content-Length: 103
Content-Type: application/json; charset=utf-8
host: localhost:10889
accept: */*

Response DefaultHttpResponse(decodeResult: success, version: HTTP/1.1)
HTTP/1.1 200 OK
content-type: application/json; charset=utf-8
cache-control: no-cache
content-length: 88
date: Thu, 25 Jun 2020 12:50:26 GMT

15:50:26.501 [AsyncHttpClient-3-1] DEBUG o.a.netty.channel.ChannelManager - Adding key: http://localhost:10889 for channel [id: 0x7c68b8df, L:/127.0.0.1:64390 - R:localhost/127.0.0.1:10889]
15:50:26.501 [Forwarding getElementText on session 14f61660-7bcc-4279-b6a3-7163a94e0626 to remote] DEBUG o.a.netty.request.NettyRequestSender - Using pooled Channel '[id: 0x7c68b8df, L:/127.0.0.1:64390 - R:localhost/127.0.0.1:10889]' for 'GET' to 'http://localhost:10889/session/14f61660-7bcc-4279-b6a3-7163a94e0626/element/e2874d96-f7bb-4edb-8e1c-afe97ce8c814/text'
15:50:26.501 [Forwarding getElementText on session 14f61660-7bcc-4279-b6a3-7163a94e0626 to remote] DEBUG o.a.netty.request.NettyRequestSender - Using open Channel [id: 0x7c68b8df, L:/127.0.0.1:64390 - R:localhost/127.0.0.1:10889] for GET '/session/14f61660-7bcc-4279-b6a3-7163a94e0626/element/e2874d96-f7bb-4edb-8e1c-afe97ce8c814/text'
15:50:26.506 [AsyncHttpClient-3-1] DEBUG o.a.netty.handler.HttpHandler - 

Request DefaultFullHttpRequest(decodeResult: success, version: HTTP/1.1, content: EmptyByteBufBE)
GET /session/14f61660-7bcc-4279-b6a3-7163a94e0626/element/e2874d96-f7bb-4edb-8e1c-afe97ce8c814/text HTTP/1.1
User-Agent: selenium/4.0.0-alpha-5 (java windows)
Cache-Control: no-cache
host: localhost:10889
accept: */*

Response DefaultHttpResponse(decodeResult: success, version: HTTP/1.1)
HTTP/1.1 200 OK
content-type: application/json; charset=utf-8
cache-control: no-cache
content-length: 18
date: Thu, 25 Jun 2020 12:50:26 GMT

15:50:26.506 [AsyncHttpClient-3-1] DEBUG o.a.netty.channel.ChannelManager - Adding key: http://localhost:10889 for channel [id: 0x7c68b8df, L:/127.0.0.1:64390 - R:localhost/127.0.0.1:10889]
15:50:26.506 [Forwarding findChildElement on session 14f61660-7bcc-4279-b6a3-7163a94e0626 to remote] DEBUG o.a.netty.request.NettyRequestSender - Using pooled Channel '[id: 0x7c68b8df, L:/127.0.0.1:64390 - R:localhost/127.0.0.1:10889]' for 'POST' to 'http://localhost:10889/session/14f61660-7bcc-4279-b6a3-7163a94e0626/element/f2bee6c9-c33b-431a-95db-fe930e5c3586/element'
15:50:26.506 [Forwarding findChildElement on session 14f61660-7bcc-4279-b6a3-7163a94e0626 to remote] DEBUG o.a.netty.request.NettyRequestSender - Using open Channel [id: 0x7c68b8df, L:/127.0.0.1:64390 - R:localhost/127.0.0.1:10889] for POST '/session/14f61660-7bcc-4279-b6a3-7163a94e0626/element/f2bee6c9-c33b-431a-95db-fe930e5c3586/element'
15:50:26.510 [AsyncHttpClient-3-1] DEBUG o.a.netty.handler.HttpHandler - 

Request DefaultHttpRequest(decodeResult: success, version: HTTP/1.1)
POST /session/14f61660-7bcc-4279-b6a3-7163a94e0626/element/f2bee6c9-c33b-431a-95db-fe930e5c3586/element HTTP/1.1
User-Agent: selenium/4.0.0-alpha-5 (java windows)
Content-Length: 103
Content-Type: application/json; charset=utf-8
host: localhost:10889
accept: */*

Response DefaultHttpResponse(decodeResult: success, version: HTTP/1.1)
HTTP/1.1 200 OK
content-type: application/json; charset=utf-8
cache-control: no-cache
content-length: 88
date: Thu, 25 Jun 2020 12:50:26 GMT

15:50:26.510 [AsyncHttpClient-3-1] DEBUG o.a.netty.channel.ChannelManager - Adding key: http://localhost:10889 for channel [id: 0x7c68b8df, L:/127.0.0.1:64390 - R:localhost/127.0.0.1:10889]
15:50:26.510 [Forwarding getElementText on session 14f61660-7bcc-4279-b6a3-7163a94e0626 to remote] DEBUG o.a.netty.request.NettyRequestSender - Using pooled Channel '[id: 0x7c68b8df, L:/127.0.0.1:64390 - R:localhost/127.0.0.1:10889]' for 'GET' to 'http://localhost:10889/session/14f61660-7bcc-4279-b6a3-7163a94e0626/element/4d2ad1c3-18d5-4276-97a9-92956d55e0b3/text'
15:50:26.510 [Forwarding getElementText on session 14f61660-7bcc-4279-b6a3-7163a94e0626 to remote] DEBUG o.a.netty.request.NettyRequestSender - Using open Channel [id: 0x7c68b8df, L:/127.0.0.1:64390 - R:localhost/127.0.0.1:10889] for GET '/session/14f61660-7bcc-4279-b6a3-7163a94e0626/element/4d2ad1c3-18d5-4276-97a9-92956d55e0b3/text'
15:50:26.514 [AsyncHttpClient-3-1] DEBUG o.a.netty.handler.HttpHandler - 

Request DefaultFullHttpRequest(decodeResult: success, version: HTTP/1.1, content: EmptyByteBufBE)
GET /session/14f61660-7bcc-4279-b6a3-7163a94e0626/element/4d2ad1c3-18d5-4276-97a9-92956d55e0b3/text HTTP/1.1
User-Agent: selenium/4.0.0-alpha-5 (java windows)
Cache-Control: no-cache
host: localhost:10889
accept: */*

Response DefaultHttpResponse(decodeResult: success, version: HTTP/1.1)
HTTP/1.1 200 OK
content-type: application/json; charset=utf-8
cache-control: no-cache
content-length: 22
date: Thu, 25 Jun 2020 12:50:26 GMT

15:50:26.514 [AsyncHttpClient-3-1] DEBUG o.a.netty.channel.ChannelManager - Adding key: http://localhost:10889 for channel [id: 0x7c68b8df, L:/127.0.0.1:64390 - R:localhost/127.0.0.1:10889]
15:50:26.515 [Forwarding findChildElement on session 14f61660-7bcc-4279-b6a3-7163a94e0626 to remote] DEBUG o.a.netty.request.NettyRequestSender - Using pooled Channel '[id: 0x7c68b8df, L:/127.0.0.1:64390 - R:localhost/127.0.0.1:10889]' for 'POST' to 'http://localhost:10889/session/14f61660-7bcc-4279-b6a3-7163a94e0626/element/f2bee6c9-c33b-431a-95db-fe930e5c3586/element'
15:50:26.515 [Forwarding findChildElement on session 14f61660-7bcc-4279-b6a3-7163a94e0626 to remote] DEBUG o.a.netty.request.NettyRequestSender - Using open Channel [id: 0x7c68b8df, L:/127.0.0.1:64390 - R:localhost/127.0.0.1:10889] for POST '/session/14f61660-7bcc-4279-b6a3-7163a94e0626/element/f2bee6c9-c33b-431a-95db-fe930e5c3586/element'
15:50:26.519 [AsyncHttpClient-3-1] DEBUG o.a.netty.handler.HttpHandler - 

Request DefaultHttpRequest(decodeResult: success, version: HTTP/1.1)
POST /session/14f61660-7bcc-4279-b6a3-7163a94e0626/element/f2bee6c9-c33b-431a-95db-fe930e5c3586/element HTTP/1.1
User-Agent: selenium/4.0.0-alpha-5 (java windows)
Content-Length: 103
Content-Type: application/json; charset=utf-8
host: localhost:10889
accept: */*

Response DefaultHttpResponse(decodeResult: success, version: HTTP/1.1)
HTTP/1.1 200 OK
content-type: application/json; charset=utf-8
cache-control: no-cache
content-length: 88
date: Thu, 25 Jun 2020 12:50:26 GMT

15:50:26.519 [AsyncHttpClient-3-1] DEBUG o.a.netty.channel.ChannelManager - Adding key: http://localhost:10889 for channel [id: 0x7c68b8df, L:/127.0.0.1:64390 - R:localhost/127.0.0.1:10889]
15:50:26.520 [Forwarding getElementText on session 14f61660-7bcc-4279-b6a3-7163a94e0626 to remote] DEBUG o.a.netty.request.NettyRequestSender - Using pooled Channel '[id: 0x7c68b8df, L:/127.0.0.1:64390 - R:localhost/127.0.0.1:10889]' for 'GET' to 'http://localhost:10889/session/14f61660-7bcc-4279-b6a3-7163a94e0626/element/233c52a6-77fb-46d0-826c-679c5f630ac3/text'
15:50:26.520 [Forwarding getElementText on session 14f61660-7bcc-4279-b6a3-7163a94e0626 to remote] DEBUG o.a.netty.request.NettyRequestSender - Using open Channel [id: 0x7c68b8df, L:/127.0.0.1:64390 - R:localhost/127.0.0.1:10889] for GET '/session/14f61660-7bcc-4279-b6a3-7163a94e0626/element/233c52a6-77fb-46d0-826c-679c5f630ac3/text'
15:50:26.526 [AsyncHttpClient-3-1] DEBUG o.a.netty.handler.HttpHandler - 

Request DefaultFullHttpRequest(decodeResult: success, version: HTTP/1.1, content: EmptyByteBufBE)
GET /session/14f61660-7bcc-4279-b6a3-7163a94e0626/element/233c52a6-77fb-46d0-826c-679c5f630ac3/text HTTP/1.1
User-Agent: selenium/4.0.0-alpha-5 (java windows)
Cache-Control: no-cache
host: localhost:10889
accept: */*

Response DefaultHttpResponse(decodeResult: success, version: HTTP/1.1)
HTTP/1.1 200 OK
content-type: application/json; charset=utf-8
cache-control: no-cache
content-length: 21
date: Thu, 25 Jun 2020 12:50:26 GMT

15:50:26.526 [AsyncHttpClient-3-1] DEBUG o.a.netty.channel.ChannelManager - Adding key: http://localhost:10889 for channel [id: 0x7c68b8df, L:/127.0.0.1:64390 - R:localhost/127.0.0.1:10889]
15:50:26.527 [Forwarding findChildElement on session 14f61660-7bcc-4279-b6a3-7163a94e0626 to remote] DEBUG o.a.netty.request.NettyRequestSender - Using pooled Channel '[id: 0x7c68b8df, L:/127.0.0.1:64390 - R:localhost/127.0.0.1:10889]' for 'POST' to 'http://localhost:10889/session/14f61660-7bcc-4279-b6a3-7163a94e0626/element/f2bee6c9-c33b-431a-95db-fe930e5c3586/element'
15:50:26.527 [Forwarding findChildElement on session 14f61660-7bcc-4279-b6a3-7163a94e0626 to remote] DEBUG o.a.netty.request.NettyRequestSender - Using open Channel [id: 0x7c68b8df, L:/127.0.0.1:64390 - R:localhost/127.0.0.1:10889] for POST '/session/14f61660-7bcc-4279-b6a3-7163a94e0626/element/f2bee6c9-c33b-431a-95db-fe930e5c3586/element'
15:50:26.531 [AsyncHttpClient-3-1] DEBUG o.a.netty.handler.HttpHandler - 

Request DefaultHttpRequest(decodeResult: success, version: HTTP/1.1)
POST /session/14f61660-7bcc-4279-b6a3-7163a94e0626/element/f2bee6c9-c33b-431a-95db-fe930e5c3586/element HTTP/1.1
User-Agent: selenium/4.0.0-alpha-5 (java windows)
Content-Length: 103
Content-Type: application/json; charset=utf-8
host: localhost:10889
accept: */*

Response DefaultHttpResponse(decodeResult: success, version: HTTP/1.1)
HTTP/1.1 200 OK
content-type: application/json; charset=utf-8
cache-control: no-cache
content-length: 88
date: Thu, 25 Jun 2020 12:50:26 GMT

15:50:26.531 [AsyncHttpClient-3-1] DEBUG o.a.netty.channel.ChannelManager - Adding key: http://localhost:10889 for channel [id: 0x7c68b8df, L:/127.0.0.1:64390 - R:localhost/127.0.0.1:10889]
15:50:26.532 [Forwarding getElementText on session 14f61660-7bcc-4279-b6a3-7163a94e0626 to remote] DEBUG o.a.netty.request.NettyRequestSender - Using pooled Channel '[id: 0x7c68b8df, L:/127.0.0.1:64390 - R:localhost/127.0.0.1:10889]' for 'GET' to 'http://localhost:10889/session/14f61660-7bcc-4279-b6a3-7163a94e0626/element/2ccbc2d5-91f7-42b4-9a96-ede6f0650f5e/text'
15:50:26.532 [Forwarding getElementText on session 14f61660-7bcc-4279-b6a3-7163a94e0626 to remote] DEBUG o.a.netty.request.NettyRequestSender - Using open Channel [id: 0x7c68b8df, L:/127.0.0.1:64390 - R:localhost/127.0.0.1:10889] for GET '/session/14f61660-7bcc-4279-b6a3-7163a94e0626/element/2ccbc2d5-91f7-42b4-9a96-ede6f0650f5e/text'
15:50:26.537 [AsyncHttpClient-3-1] DEBUG o.a.netty.handler.HttpHandler - 

Request DefaultFullHttpRequest(decodeResult: success, version: HTTP/1.1, content: EmptyByteBufBE)
GET /session/14f61660-7bcc-4279-b6a3-7163a94e0626/element/2ccbc2d5-91f7-42b4-9a96-ede6f0650f5e/text HTTP/1.1
User-Agent: selenium/4.0.0-alpha-5 (java windows)
Cache-Control: no-cache
host: localhost:10889
accept: */*

Response DefaultHttpResponse(decodeResult: success, version: HTTP/1.1)
HTTP/1.1 200 OK
content-type: application/json; charset=utf-8
cache-control: no-cache
content-length: 45
date: Thu, 25 Jun 2020 12:50:26 GMT

15:50:26.537 [AsyncHttpClient-3-1] DEBUG o.a.netty.channel.ChannelManager - Adding key: http://localhost:10889 for channel [id: 0x7c68b8df, L:/127.0.0.1:64390 - R:localhost/127.0.0.1:10889]
15:50:26.537 [Forwarding findChildElement on session 14f61660-7bcc-4279-b6a3-7163a94e0626 to remote] DEBUG o.a.netty.request.NettyRequestSender - Using pooled Channel '[id: 0x7c68b8df, L:/127.0.0.1:64390 - R:localhost/127.0.0.1:10889]' for 'POST' to 'http://localhost:10889/session/14f61660-7bcc-4279-b6a3-7163a94e0626/element/f2bee6c9-c33b-431a-95db-fe930e5c3586/element'
15:50:26.537 [Forwarding findChildElement on session 14f61660-7bcc-4279-b6a3-7163a94e0626 to remote] DEBUG o.a.netty.request.NettyRequestSender - Using open Channel [id: 0x7c68b8df, L:/127.0.0.1:64390 - R:localhost/127.0.0.1:10889] for POST '/session/14f61660-7bcc-4279-b6a3-7163a94e0626/element/f2bee6c9-c33b-431a-95db-fe930e5c3586/element'
15:50:26.541 [AsyncHttpClient-3-1] DEBUG o.a.netty.handler.HttpHandler - 

Request DefaultHttpRequest(decodeResult: success, version: HTTP/1.1)
POST /session/14f61660-7bcc-4279-b6a3-7163a94e0626/element/f2bee6c9-c33b-431a-95db-fe930e5c3586/element HTTP/1.1
User-Agent: selenium/4.0.0-alpha-5 (java windows)
Content-Length: 103
Content-Type: application/json; charset=utf-8
host: localhost:10889
accept: */*

Response DefaultHttpResponse(decodeResult: success, version: HTTP/1.1)
HTTP/1.1 200 OK
content-type: application/json; charset=utf-8
cache-control: no-cache
content-length: 88
date: Thu, 25 Jun 2020 12:50:26 GMT

15:50:26.542 [AsyncHttpClient-3-1] DEBUG o.a.netty.channel.ChannelManager - Adding key: http://localhost:10889 for channel [id: 0x7c68b8df, L:/127.0.0.1:64390 - R:localhost/127.0.0.1:10889]
15:50:26.542 [Forwarding getElementText on session 14f61660-7bcc-4279-b6a3-7163a94e0626 to remote] DEBUG o.a.netty.request.NettyRequestSender - Using pooled Channel '[id: 0x7c68b8df, L:/127.0.0.1:64390 - R:localhost/127.0.0.1:10889]' for 'GET' to 'http://localhost:10889/session/14f61660-7bcc-4279-b6a3-7163a94e0626/element/c66bc1fa-105c-42c8-9cc7-d4faa6741e95/text'
15:50:26.542 [Forwarding getElementText on session 14f61660-7bcc-4279-b6a3-7163a94e0626 to remote] DEBUG o.a.netty.request.NettyRequestSender - Using open Channel [id: 0x7c68b8df, L:/127.0.0.1:64390 - R:localhost/127.0.0.1:10889] for GET '/session/14f61660-7bcc-4279-b6a3-7163a94e0626/element/c66bc1fa-105c-42c8-9cc7-d4faa6741e95/text'
15:50:26.548 [AsyncHttpClient-3-1] DEBUG o.a.netty.handler.HttpHandler - 

Request DefaultFullHttpRequest(decodeResult: success, version: HTTP/1.1, content: EmptyByteBufBE)
GET /session/14f61660-7bcc-4279-b6a3-7163a94e0626/element/c66bc1fa-105c-42c8-9cc7-d4faa6741e95/text HTTP/1.1
User-Agent: selenium/4.0.0-alpha-5 (java windows)
Cache-Control: no-cache
host: localhost:10889
accept: */*

Response DefaultHttpResponse(decodeResult: success, version: HTTP/1.1)
HTTP/1.1 200 OK
content-type: application/json; charset=utf-8
cache-control: no-cache
content-length: 57
date: Thu, 25 Jun 2020 12:50:26 GMT

15:50:26.548 [AsyncHttpClient-3-1] DEBUG o.a.netty.channel.ChannelManager - Adding key: http://localhost:10889 for channel [id: 0x7c68b8df, L:/127.0.0.1:64390 - R:localhost/127.0.0.1:10889]
15:50:26.549 [Forwarding findChildElement on session 14f61660-7bcc-4279-b6a3-7163a94e0626 to remote] DEBUG o.a.netty.request.NettyRequestSender - Using pooled Channel '[id: 0x7c68b8df, L:/127.0.0.1:64390 - R:localhost/127.0.0.1:10889]' for 'POST' to 'http://localhost:10889/session/14f61660-7bcc-4279-b6a3-7163a94e0626/element/f2bee6c9-c33b-431a-95db-fe930e5c3586/element'
15:50:26.549 [Forwarding findChildElement on session 14f61660-7bcc-4279-b6a3-7163a94e0626 to remote] DEBUG o.a.netty.request.NettyRequestSender - Using open Channel [id: 0x7c68b8df, L:/127.0.0.1:64390 - R:localhost/127.0.0.1:10889] for POST '/session/14f61660-7bcc-4279-b6a3-7163a94e0626/element/f2bee6c9-c33b-431a-95db-fe930e5c3586/element'
15:50:26.553 [AsyncHttpClient-3-1] DEBUG o.a.netty.handler.HttpHandler - 

Request DefaultHttpRequest(decodeResult: success, version: HTTP/1.1)
POST /session/14f61660-7bcc-4279-b6a3-7163a94e0626/element/f2bee6c9-c33b-431a-95db-fe930e5c3586/element HTTP/1.1
User-Agent: selenium/4.0.0-alpha-5 (java windows)
Content-Length: 97
Content-Type: application/json; charset=utf-8
host: localhost:10889
accept: */*

Response DefaultHttpResponse(decodeResult: success, version: HTTP/1.1)
HTTP/1.1 200 OK
content-type: application/json; charset=utf-8
cache-control: no-cache
content-length: 88
date: Thu, 25 Jun 2020 12:50:26 GMT

15:50:26.553 [AsyncHttpClient-3-1] DEBUG o.a.netty.channel.ChannelManager - Adding key: http://localhost:10889 for channel [id: 0x7c68b8df, L:/127.0.0.1:64390 - R:localhost/127.0.0.1:10889]
15:50:26.558 [Forwarding getElementAttribute on session 14f61660-7bcc-4279-b6a3-7163a94e0626 to remote] DEBUG o.a.netty.request.NettyRequestSender - Using pooled Channel '[id: 0x7c68b8df, L:/127.0.0.1:64390 - R:localhost/127.0.0.1:10889]' for 'POST' to 'http://localhost:10889/session/14f61660-7bcc-4279-b6a3-7163a94e0626/execute/sync'
15:50:26.558 [Forwarding getElementAttribute on session 14f61660-7bcc-4279-b6a3-7163a94e0626 to remote] DEBUG o.a.netty.request.NettyRequestSender - Using open Channel [id: 0x7c68b8df, L:/127.0.0.1:64390 - R:localhost/127.0.0.1:10889] for POST '/session/14f61660-7bcc-4279-b6a3-7163a94e0626/execute/sync'
15:50:26.570 [AsyncHttpClient-3-1] DEBUG o.a.netty.handler.HttpHandler - 

Request DefaultHttpRequest(decodeResult: success, version: HTTP/1.1)
POST /session/14f61660-7bcc-4279-b6a3-7163a94e0626/execute/sync HTTP/1.1
User-Agent: selenium/4.0.0-alpha-5 (java windows)
Content-Length: 39635
Content-Type: application/json; charset=utf-8
host: localhost:10889
accept: */*

Response DefaultHttpResponse(decodeResult: success, version: HTTP/1.1)
HTTP/1.1 200 OK
content-type: application/json; charset=utf-8
cache-control: no-cache
content-length: 15
date: Thu, 25 Jun 2020 12:50:26 GMT

15:50:26.571 [AsyncHttpClient-3-1] DEBUG o.a.netty.channel.ChannelManager - Adding key: http://localhost:10889 for channel [id: 0x7c68b8df, L:/127.0.0.1:64390 - R:localhost/127.0.0.1:10889]
15:50:26.571 [Forwarding findChildElement on session 14f61660-7bcc-4279-b6a3-7163a94e0626 to remote] DEBUG o.a.netty.request.NettyRequestSender - Using pooled Channel '[id: 0x7c68b8df, L:/127.0.0.1:64390 - R:localhost/127.0.0.1:10889]' for 'POST' to 'http://localhost:10889/session/14f61660-7bcc-4279-b6a3-7163a94e0626/element/a0433f97-643a-4f41-a373-fa0894f0e0bb/element'
15:50:26.571 [Forwarding findChildElement on session 14f61660-7bcc-4279-b6a3-7163a94e0626 to remote] DEBUG o.a.netty.request.NettyRequestSender - Using open Channel [id: 0x7c68b8df, L:/127.0.0.1:64390 - R:localhost/127.0.0.1:10889] for POST '/session/14f61660-7bcc-4279-b6a3-7163a94e0626/element/a0433f97-643a-4f41-a373-fa0894f0e0bb/element'
15:50:26.574 [AsyncHttpClient-3-1] DEBUG o.a.netty.handler.HttpHandler - 

Request DefaultHttpRequest(decodeResult: success, version: HTTP/1.1)
POST /session/14f61660-7bcc-4279-b6a3-7163a94e0626/element/a0433f97-643a-4f41-a373-fa0894f0e0bb/element HTTP/1.1
User-Agent: selenium/4.0.0-alpha-5 (java windows)
Content-Length: 103
Content-Type: application/json; charset=utf-8
host: localhost:10889
accept: */*

Response DefaultHttpResponse(decodeResult: success, version: HTTP/1.1)
HTTP/1.1 200 OK
content-type: application/json; charset=utf-8
cache-control: no-cache
content-length: 88
date: Thu, 25 Jun 2020 12:50:26 GMT

15:50:26.575 [AsyncHttpClient-3-1] DEBUG o.a.netty.channel.ChannelManager - Adding key: http://localhost:10889 for channel [id: 0x7c68b8df, L:/127.0.0.1:64390 - R:localhost/127.0.0.1:10889]
15:50:26.575 [Forwarding getElementText on session 14f61660-7bcc-4279-b6a3-7163a94e0626 to remote] DEBUG o.a.netty.request.NettyRequestSender - Using pooled Channel '[id: 0x7c68b8df, L:/127.0.0.1:64390 - R:localhost/127.0.0.1:10889]' for 'GET' to 'http://localhost:10889/session/14f61660-7bcc-4279-b6a3-7163a94e0626/element/95bd8cc8-eda9-44e3-80da-b06efbf62258/text'
15:50:26.575 [Forwarding getElementText on session 14f61660-7bcc-4279-b6a3-7163a94e0626 to remote] DEBUG o.a.netty.request.NettyRequestSender - Using open Channel [id: 0x7c68b8df, L:/127.0.0.1:64390 - R:localhost/127.0.0.1:10889] for GET '/session/14f61660-7bcc-4279-b6a3-7163a94e0626/element/95bd8cc8-eda9-44e3-80da-b06efbf62258/text'
15:50:26.579 [AsyncHttpClient-3-1] DEBUG o.a.netty.handler.HttpHandler - 

Request DefaultFullHttpRequest(decodeResult: success, version: HTTP/1.1, content: EmptyByteBufBE)
GET /session/14f61660-7bcc-4279-b6a3-7163a94e0626/element/95bd8cc8-eda9-44e3-80da-b06efbf62258/text HTTP/1.1
User-Agent: selenium/4.0.0-alpha-5 (java windows)
Cache-Control: no-cache
host: localhost:10889
accept: */*

Response DefaultHttpResponse(decodeResult: success, version: HTTP/1.1)
HTTP/1.1 200 OK
content-type: application/json; charset=utf-8
cache-control: no-cache
content-length: 19
date: Thu, 25 Jun 2020 12:50:26 GMT

15:50:26.579 [AsyncHttpClient-3-1] DEBUG o.a.netty.channel.ChannelManager - Adding key: http://localhost:10889 for channel [id: 0x7c68b8df, L:/127.0.0.1:64390 - R:localhost/127.0.0.1:10889]
15:50:26.580 [Forwarding findChildElement on session 14f61660-7bcc-4279-b6a3-7163a94e0626 to remote] DEBUG o.a.netty.request.NettyRequestSender - Using pooled Channel '[id: 0x7c68b8df, L:/127.0.0.1:64390 - R:localhost/127.0.0.1:10889]' for 'POST' to 'http://localhost:10889/session/14f61660-7bcc-4279-b6a3-7163a94e0626/element/a0433f97-643a-4f41-a373-fa0894f0e0bb/element'
15:50:26.580 [Forwarding findChildElement on session 14f61660-7bcc-4279-b6a3-7163a94e0626 to remote] DEBUG o.a.netty.request.NettyRequestSender - Using open Channel [id: 0x7c68b8df, L:/127.0.0.1:64390 - R:localhost/127.0.0.1:10889] for POST '/session/14f61660-7bcc-4279-b6a3-7163a94e0626/element/a0433f97-643a-4f41-a373-fa0894f0e0bb/element'
15:50:26.583 [AsyncHttpClient-3-1] DEBUG o.a.netty.handler.HttpHandler - 

Request DefaultHttpRequest(decodeResult: success, version: HTTP/1.1)
POST /session/14f61660-7bcc-4279-b6a3-7163a94e0626/element/a0433f97-643a-4f41-a373-fa0894f0e0bb/element HTTP/1.1
User-Agent: selenium/4.0.0-alpha-5 (java windows)
Content-Length: 103
Content-Type: application/json; charset=utf-8
host: localhost:10889
accept: */*

Response DefaultHttpResponse(decodeResult: success, version: HTTP/1.1)
HTTP/1.1 200 OK
content-type: application/json; charset=utf-8
cache-control: no-cache
content-length: 88
date: Thu, 25 Jun 2020 12:50:26 GMT

15:50:26.583 [AsyncHttpClient-3-1] DEBUG o.a.netty.channel.ChannelManager - Adding key: http://localhost:10889 for channel [id: 0x7c68b8df, L:/127.0.0.1:64390 - R:localhost/127.0.0.1:10889]
15:50:26.584 [Forwarding getElementText on session 14f61660-7bcc-4279-b6a3-7163a94e0626 to remote] DEBUG o.a.netty.request.NettyRequestSender - Using pooled Channel '[id: 0x7c68b8df, L:/127.0.0.1:64390 - R:localhost/127.0.0.1:10889]' for 'GET' to 'http://localhost:10889/session/14f61660-7bcc-4279-b6a3-7163a94e0626/element/631a47e2-dfb9-438d-9ad6-c5f35a65fb9c/text'
15:50:26.584 [Forwarding getElementText on session 14f61660-7bcc-4279-b6a3-7163a94e0626 to remote] DEBUG o.a.netty.request.NettyRequestSender - Using open Channel [id: 0x7c68b8df, L:/127.0.0.1:64390 - R:localhost/127.0.0.1:10889] for GET '/session/14f61660-7bcc-4279-b6a3-7163a94e0626/element/631a47e2-dfb9-438d-9ad6-c5f35a65fb9c/text'
15:50:26.589 [AsyncHttpClient-3-1] DEBUG o.a.netty.handler.HttpHandler - 

Request DefaultFullHttpRequest(decodeResult: success, version: HTTP/1.1, content: EmptyByteBufBE)
GET /session/14f61660-7bcc-4279-b6a3-7163a94e0626/element/631a47e2-dfb9-438d-9ad6-c5f35a65fb9c/text HTTP/1.1
User-Agent: selenium/4.0.0-alpha-5 (java windows)
Cache-Control: no-cache
host: localhost:10889
accept: */*

Response DefaultHttpResponse(decodeResult: success, version: HTTP/1.1)
HTTP/1.1 200 OK
content-type: application/json; charset=utf-8
cache-control: no-cache
content-length: 17
date: Thu, 25 Jun 2020 12:50:26 GMT

15:50:26.589 [AsyncHttpClient-3-1] DEBUG o.a.netty.channel.ChannelManager - Adding key: http://localhost:10889 for channel [id: 0x7c68b8df, L:/127.0.0.1:64390 - R:localhost/127.0.0.1:10889]
15:50:26.590 [Forwarding findChildElement on session 14f61660-7bcc-4279-b6a3-7163a94e0626 to remote] DEBUG o.a.netty.request.NettyRequestSender - Using pooled Channel '[id: 0x7c68b8df, L:/127.0.0.1:64390 - R:localhost/127.0.0.1:10889]' for 'POST' to 'http://localhost:10889/session/14f61660-7bcc-4279-b6a3-7163a94e0626/element/a0433f97-643a-4f41-a373-fa0894f0e0bb/element'
15:50:26.590 [Forwarding findChildElement on session 14f61660-7bcc-4279-b6a3-7163a94e0626 to remote] DEBUG o.a.netty.request.NettyRequestSender - Using open Channel [id: 0x7c68b8df, L:/127.0.0.1:64390 - R:localhost/127.0.0.1:10889] for POST '/session/14f61660-7bcc-4279-b6a3-7163a94e0626/element/a0433f97-643a-4f41-a373-fa0894f0e0bb/element'
15:50:26.593 [AsyncHttpClient-3-1] DEBUG o.a.netty.handler.HttpHandler - 

Request DefaultHttpRequest(decodeResult: success, version: HTTP/1.1)
POST /session/14f61660-7bcc-4279-b6a3-7163a94e0626/element/a0433f97-643a-4f41-a373-fa0894f0e0bb/element HTTP/1.1
User-Agent: selenium/4.0.0-alpha-5 (java windows)
Content-Length: 103
Content-Type: application/json; charset=utf-8
host: localhost:10889
accept: */*

Response DefaultHttpResponse(decodeResult: success, version: HTTP/1.1)
HTTP/1.1 200 OK
content-type: application/json; charset=utf-8
cache-control: no-cache
content-length: 88
date: Thu, 25 Jun 2020 12:50:26 GMT

15:50:26.593 [AsyncHttpClient-3-1] DEBUG o.a.netty.channel.ChannelManager - Adding key: http://localhost:10889 for channel [id: 0x7c68b8df, L:/127.0.0.1:64390 - R:localhost/127.0.0.1:10889]
15:50:26.594 [Forwarding getElementText on session 14f61660-7bcc-4279-b6a3-7163a94e0626 to remote] DEBUG o.a.netty.request.NettyRequestSender - Using pooled Channel '[id: 0x7c68b8df, L:/127.0.0.1:64390 - R:localhost/127.0.0.1:10889]' for 'GET' to 'http://localhost:10889/session/14f61660-7bcc-4279-b6a3-7163a94e0626/element/1dbe63b4-c6b2-425e-9768-1153dd644a45/text'
15:50:26.594 [Forwarding getElementText on session 14f61660-7bcc-4279-b6a3-7163a94e0626 to remote] DEBUG o.a.netty.request.NettyRequestSender - Using open Channel [id: 0x7c68b8df, L:/127.0.0.1:64390 - R:localhost/127.0.0.1:10889] for GET '/session/14f61660-7bcc-4279-b6a3-7163a94e0626/element/1dbe63b4-c6b2-425e-9768-1153dd644a45/text'
15:50:26.598 [AsyncHttpClient-3-1] DEBUG o.a.netty.handler.HttpHandler - 

Request DefaultFullHttpRequest(decodeResult: success, version: HTTP/1.1, content: EmptyByteBufBE)
GET /session/14f61660-7bcc-4279-b6a3-7163a94e0626/element/1dbe63b4-c6b2-425e-9768-1153dd644a45/text HTTP/1.1
User-Agent: selenium/4.0.0-alpha-5 (java windows)
Cache-Control: no-cache
host: localhost:10889
accept: */*

Response DefaultHttpResponse(decodeResult: success, version: HTTP/1.1)
HTTP/1.1 200 OK
content-type: application/json; charset=utf-8
cache-control: no-cache
content-length: 23
date: Thu, 25 Jun 2020 12:50:26 GMT

15:50:26.599 [AsyncHttpClient-3-1] DEBUG o.a.netty.channel.ChannelManager - Adding key: http://localhost:10889 for channel [id: 0x7c68b8df, L:/127.0.0.1:64390 - R:localhost/127.0.0.1:10889]
15:50:26.599 [Forwarding findChildElement on session 14f61660-7bcc-4279-b6a3-7163a94e0626 to remote] DEBUG o.a.netty.request.NettyRequestSender - Using pooled Channel '[id: 0x7c68b8df, L:/127.0.0.1:64390 - R:localhost/127.0.0.1:10889]' for 'POST' to 'http://localhost:10889/session/14f61660-7bcc-4279-b6a3-7163a94e0626/element/a0433f97-643a-4f41-a373-fa0894f0e0bb/element'
15:50:26.599 [Forwarding findChildElement on session 14f61660-7bcc-4279-b6a3-7163a94e0626 to remote] DEBUG o.a.netty.request.NettyRequestSender - Using open Channel [id: 0x7c68b8df, L:/127.0.0.1:64390 - R:localhost/127.0.0.1:10889] for POST '/session/14f61660-7bcc-4279-b6a3-7163a94e0626/element/a0433f97-643a-4f41-a373-fa0894f0e0bb/element'
15:50:26.603 [AsyncHttpClient-3-1] DEBUG o.a.netty.handler.HttpHandler - 

Request DefaultHttpRequest(decodeResult: success, version: HTTP/1.1)
POST /session/14f61660-7bcc-4279-b6a3-7163a94e0626/element/a0433f97-643a-4f41-a373-fa0894f0e0bb/element HTTP/1.1
User-Agent: selenium/4.0.0-alpha-5 (java windows)
Content-Length: 103
Content-Type: application/json; charset=utf-8
host: localhost:10889
accept: */*

Response DefaultHttpResponse(decodeResult: success, version: HTTP/1.1)
HTTP/1.1 200 OK
content-type: application/json; charset=utf-8
cache-control: no-cache
content-length: 88
date: Thu, 25 Jun 2020 12:50:26 GMT

15:50:26.603 [AsyncHttpClient-3-1] DEBUG o.a.netty.channel.ChannelManager - Adding key: http://localhost:10889 for channel [id: 0x7c68b8df, L:/127.0.0.1:64390 - R:localhost/127.0.0.1:10889]
15:50:26.603 [Forwarding getElementText on session 14f61660-7bcc-4279-b6a3-7163a94e0626 to remote] DEBUG o.a.netty.request.NettyRequestSender - Using pooled Channel '[id: 0x7c68b8df, L:/127.0.0.1:64390 - R:localhost/127.0.0.1:10889]' for 'GET' to 'http://localhost:10889/session/14f61660-7bcc-4279-b6a3-7163a94e0626/element/ca6cf07d-bcd9-4798-856f-496b4b9fa299/text'
15:50:26.603 [Forwarding getElementText on session 14f61660-7bcc-4279-b6a3-7163a94e0626 to remote] DEBUG o.a.netty.request.NettyRequestSender - Using open Channel [id: 0x7c68b8df, L:/127.0.0.1:64390 - R:localhost/127.0.0.1:10889] for GET '/session/14f61660-7bcc-4279-b6a3-7163a94e0626/element/ca6cf07d-bcd9-4798-856f-496b4b9fa299/text'
15:50:26.607 [AsyncHttpClient-3-1] DEBUG o.a.netty.handler.HttpHandler - 

Request DefaultFullHttpRequest(decodeResult: success, version: HTTP/1.1, content: EmptyByteBufBE)
GET /session/14f61660-7bcc-4279-b6a3-7163a94e0626/element/ca6cf07d-bcd9-4798-856f-496b4b9fa299/text HTTP/1.1
User-Agent: selenium/4.0.0-alpha-5 (java windows)
Cache-Control: no-cache
host: localhost:10889
accept: */*

Response DefaultHttpResponse(decodeResult: success, version: HTTP/1.1)
HTTP/1.1 200 OK
content-type: application/json; charset=utf-8
cache-control: no-cache
content-length: 19
date: Thu, 25 Jun 2020 12:50:26 GMT

15:50:26.607 [AsyncHttpClient-3-1] DEBUG o.a.netty.channel.ChannelManager - Adding key: http://localhost:10889 for channel [id: 0x7c68b8df, L:/127.0.0.1:64390 - R:localhost/127.0.0.1:10889]
15:50:26.608 [Forwarding findChildElement on session 14f61660-7bcc-4279-b6a3-7163a94e0626 to remote] DEBUG o.a.netty.request.NettyRequestSender - Using pooled Channel '[id: 0x7c68b8df, L:/127.0.0.1:64390 - R:localhost/127.0.0.1:10889]' for 'POST' to 'http://localhost:10889/session/14f61660-7bcc-4279-b6a3-7163a94e0626/element/a0433f97-643a-4f41-a373-fa0894f0e0bb/element'
15:50:26.608 [Forwarding findChildElement on session 14f61660-7bcc-4279-b6a3-7163a94e0626 to remote] DEBUG o.a.netty.request.NettyRequestSender - Using open Channel [id: 0x7c68b8df, L:/127.0.0.1:64390 - R:localhost/127.0.0.1:10889] for POST '/session/14f61660-7bcc-4279-b6a3-7163a94e0626/element/a0433f97-643a-4f41-a373-fa0894f0e0bb/element'
15:50:26.611 [AsyncHttpClient-3-1] DEBUG o.a.netty.handler.HttpHandler - 

Request DefaultHttpRequest(decodeResult: success, version: HTTP/1.1)
POST /session/14f61660-7bcc-4279-b6a3-7163a94e0626/element/a0433f97-643a-4f41-a373-fa0894f0e0bb/element HTTP/1.1
User-Agent: selenium/4.0.0-alpha-5 (java windows)
Content-Length: 103
Content-Type: application/json; charset=utf-8
host: localhost:10889
accept: */*

Response DefaultHttpResponse(decodeResult: success, version: HTTP/1.1)
HTTP/1.1 200 OK
content-type: application/json; charset=utf-8
cache-control: no-cache
content-length: 88
date: Thu, 25 Jun 2020 12:50:26 GMT

15:50:26.611 [AsyncHttpClient-3-1] DEBUG o.a.netty.channel.ChannelManager - Adding key: http://localhost:10889 for channel [id: 0x7c68b8df, L:/127.0.0.1:64390 - R:localhost/127.0.0.1:10889]
15:50:26.612 [Forwarding getElementText on session 14f61660-7bcc-4279-b6a3-7163a94e0626 to remote] DEBUG o.a.netty.request.NettyRequestSender - Using pooled Channel '[id: 0x7c68b8df, L:/127.0.0.1:64390 - R:localhost/127.0.0.1:10889]' for 'GET' to 'http://localhost:10889/session/14f61660-7bcc-4279-b6a3-7163a94e0626/element/f2c44af8-5982-4da5-a191-8199e2dbda7f/text'
15:50:26.612 [Forwarding getElementText on session 14f61660-7bcc-4279-b6a3-7163a94e0626 to remote] DEBUG o.a.netty.request.NettyRequestSender - Using open Channel [id: 0x7c68b8df, L:/127.0.0.1:64390 - R:localhost/127.0.0.1:10889] for GET '/session/14f61660-7bcc-4279-b6a3-7163a94e0626/element/f2c44af8-5982-4da5-a191-8199e2dbda7f/text'
15:50:26.617 [AsyncHttpClient-3-1] DEBUG o.a.netty.handler.HttpHandler - 

Request DefaultFullHttpRequest(decodeResult: success, version: HTTP/1.1, content: EmptyByteBufBE)
GET /session/14f61660-7bcc-4279-b6a3-7163a94e0626/element/f2c44af8-5982-4da5-a191-8199e2dbda7f/text HTTP/1.1
User-Agent: selenium/4.0.0-alpha-5 (java windows)
Cache-Control: no-cache
host: localhost:10889
accept: */*

Response DefaultHttpResponse(decodeResult: success, version: HTTP/1.1)
HTTP/1.1 200 OK
content-type: application/json; charset=utf-8
cache-control: no-cache
content-length: 28
date: Thu, 25 Jun 2020 12:50:26 GMT

15:50:26.617 [AsyncHttpClient-3-1] DEBUG o.a.netty.channel.ChannelManager - Adding key: http://localhost:10889 for channel [id: 0x7c68b8df, L:/127.0.0.1:64390 - R:localhost/127.0.0.1:10889]
15:50:26.617 [Forwarding findChildElement on session 14f61660-7bcc-4279-b6a3-7163a94e0626 to remote] DEBUG o.a.netty.request.NettyRequestSender - Using pooled Channel '[id: 0x7c68b8df, L:/127.0.0.1:64390 - R:localhost/127.0.0.1:10889]' for 'POST' to 'http://localhost:10889/session/14f61660-7bcc-4279-b6a3-7163a94e0626/element/a0433f97-643a-4f41-a373-fa0894f0e0bb/element'
15:50:26.617 [Forwarding findChildElement on session 14f61660-7bcc-4279-b6a3-7163a94e0626 to remote] DEBUG o.a.netty.request.NettyRequestSender - Using open Channel [id: 0x7c68b8df, L:/127.0.0.1:64390 - R:localhost/127.0.0.1:10889] for POST '/session/14f61660-7bcc-4279-b6a3-7163a94e0626/element/a0433f97-643a-4f41-a373-fa0894f0e0bb/element'
15:50:26.621 [AsyncHttpClient-3-1] DEBUG o.a.netty.handler.HttpHandler - 

Request DefaultHttpRequest(decodeResult: success, version: HTTP/1.1)
POST /session/14f61660-7bcc-4279-b6a3-7163a94e0626/element/a0433f97-643a-4f41-a373-fa0894f0e0bb/element HTTP/1.1
User-Agent: selenium/4.0.0-alpha-5 (java windows)
Content-Length: 97
Content-Type: application/json; charset=utf-8
host: localhost:10889
accept: */*

Response DefaultHttpResponse(decodeResult: success, version: HTTP/1.1)
HTTP/1.1 200 OK
content-type: application/json; charset=utf-8
cache-control: no-cache
content-length: 88
date: Thu, 25 Jun 2020 12:50:26 GMT

15:50:26.621 [AsyncHttpClient-3-1] DEBUG o.a.netty.channel.ChannelManager - Adding key: http://localhost:10889 for channel [id: 0x7c68b8df, L:/127.0.0.1:64390 - R:localhost/127.0.0.1:10889]
15:50:26.623 [Forwarding getElementAttribute on session 14f61660-7bcc-4279-b6a3-7163a94e0626 to remote] DEBUG o.a.netty.request.NettyRequestSender - Using pooled Channel '[id: 0x7c68b8df, L:/127.0.0.1:64390 - R:localhost/127.0.0.1:10889]' for 'POST' to 'http://localhost:10889/session/14f61660-7bcc-4279-b6a3-7163a94e0626/execute/sync'
15:50:26.623 [Forwarding getElementAttribute on session 14f61660-7bcc-4279-b6a3-7163a94e0626 to remote] DEBUG o.a.netty.request.NettyRequestSender - Using open Channel [id: 0x7c68b8df, L:/127.0.0.1:64390 - R:localhost/127.0.0.1:10889] for POST '/session/14f61660-7bcc-4279-b6a3-7163a94e0626/execute/sync'
15:50:26.636 [AsyncHttpClient-3-1] DEBUG o.a.netty.handler.HttpHandler - 

Request DefaultHttpRequest(decodeResult: success, version: HTTP/1.1)
POST /session/14f61660-7bcc-4279-b6a3-7163a94e0626/execute/sync HTTP/1.1
User-Agent: selenium/4.0.0-alpha-5 (java windows)
Content-Length: 39635
Content-Type: application/json; charset=utf-8
host: localhost:10889
accept: */*

Response DefaultHttpResponse(decodeResult: success, version: HTTP/1.1)
HTTP/1.1 200 OK
content-type: application/json; charset=utf-8
cache-control: no-cache
content-length: 15
date: Thu, 25 Jun 2020 12:50:26 GMT

15:50:26.636 [AsyncHttpClient-3-1] DEBUG o.a.netty.channel.ChannelManager - Adding key: http://localhost:10889 for channel [id: 0x7c68b8df, L:/127.0.0.1:64390 - R:localhost/127.0.0.1:10889]
15:50:26.636 [Forwarding findChildElement on session 14f61660-7bcc-4279-b6a3-7163a94e0626 to remote] DEBUG o.a.netty.request.NettyRequestSender - Using pooled Channel '[id: 0x7c68b8df, L:/127.0.0.1:64390 - R:localhost/127.0.0.1:10889]' for 'POST' to 'http://localhost:10889/session/14f61660-7bcc-4279-b6a3-7163a94e0626/element/c99a4fe0-ee86-494c-af9d-cbd1f8d95be2/element'
15:50:26.637 [Forwarding findChildElement on session 14f61660-7bcc-4279-b6a3-7163a94e0626 to remote] DEBUG o.a.netty.request.NettyRequestSender - Using open Channel [id: 0x7c68b8df, L:/127.0.0.1:64390 - R:localhost/127.0.0.1:10889] for POST '/session/14f61660-7bcc-4279-b6a3-7163a94e0626/element/c99a4fe0-ee86-494c-af9d-cbd1f8d95be2/element'
15:50:26.640 [AsyncHttpClient-3-1] DEBUG o.a.netty.handler.HttpHandler - 

Request DefaultHttpRequest(decodeResult: success, version: HTTP/1.1)
POST /session/14f61660-7bcc-4279-b6a3-7163a94e0626/element/c99a4fe0-ee86-494c-af9d-cbd1f8d95be2/element HTTP/1.1
User-Agent: selenium/4.0.0-alpha-5 (java windows)
Content-Length: 103
Content-Type: application/json; charset=utf-8
host: localhost:10889
accept: */*

Response DefaultHttpResponse(decodeResult: success, version: HTTP/1.1)
HTTP/1.1 200 OK
content-type: application/json; charset=utf-8
cache-control: no-cache
content-length: 88
date: Thu, 25 Jun 2020 12:50:26 GMT

15:50:26.640 [AsyncHttpClient-3-1] DEBUG o.a.netty.channel.ChannelManager - Adding key: http://localhost:10889 for channel [id: 0x7c68b8df, L:/127.0.0.1:64390 - R:localhost/127.0.0.1:10889]
15:50:26.641 [Forwarding getElementText on session 14f61660-7bcc-4279-b6a3-7163a94e0626 to remote] DEBUG o.a.netty.request.NettyRequestSender - Using pooled Channel '[id: 0x7c68b8df, L:/127.0.0.1:64390 - R:localhost/127.0.0.1:10889]' for 'GET' to 'http://localhost:10889/session/14f61660-7bcc-4279-b6a3-7163a94e0626/element/b368cdcf-c040-43da-bff7-c581250d2bef/text'
15:50:26.641 [Forwarding getElementText on session 14f61660-7bcc-4279-b6a3-7163a94e0626 to remote] DEBUG o.a.netty.request.NettyRequestSender - Using open Channel [id: 0x7c68b8df, L:/127.0.0.1:64390 - R:localhost/127.0.0.1:10889] for GET '/session/14f61660-7bcc-4279-b6a3-7163a94e0626/element/b368cdcf-c040-43da-bff7-c581250d2bef/text'
15:50:26.645 [AsyncHttpClient-3-1] DEBUG o.a.netty.handler.HttpHandler - 

Request DefaultFullHttpRequest(decodeResult: success, version: HTTP/1.1, content: EmptyByteBufBE)
GET /session/14f61660-7bcc-4279-b6a3-7163a94e0626/element/b368cdcf-c040-43da-bff7-c581250d2bef/text HTTP/1.1
User-Agent: selenium/4.0.0-alpha-5 (java windows)
Cache-Control: no-cache
host: localhost:10889
accept: */*

Response DefaultHttpResponse(decodeResult: success, version: HTTP/1.1)
HTTP/1.1 200 OK
content-type: application/json; charset=utf-8
cache-control: no-cache
content-length: 19
date: Thu, 25 Jun 2020 12:50:26 GMT

15:50:26.645 [AsyncHttpClient-3-1] DEBUG o.a.netty.channel.ChannelManager - Adding key: http://localhost:10889 for channel [id: 0x7c68b8df, L:/127.0.0.1:64390 - R:localhost/127.0.0.1:10889]
15:50:26.645 [Forwarding findChildElement on session 14f61660-7bcc-4279-b6a3-7163a94e0626 to remote] DEBUG o.a.netty.request.NettyRequestSender - Using pooled Channel '[id: 0x7c68b8df, L:/127.0.0.1:64390 - R:localhost/127.0.0.1:10889]' for 'POST' to 'http://localhost:10889/session/14f61660-7bcc-4279-b6a3-7163a94e0626/element/c99a4fe0-ee86-494c-af9d-cbd1f8d95be2/element'
15:50:26.645 [Forwarding findChildElement on session 14f61660-7bcc-4279-b6a3-7163a94e0626 to remote] DEBUG o.a.netty.request.NettyRequestSender - Using open Channel [id: 0x7c68b8df, L:/127.0.0.1:64390 - R:localhost/127.0.0.1:10889] for POST '/session/14f61660-7bcc-4279-b6a3-7163a94e0626/element/c99a4fe0-ee86-494c-af9d-cbd1f8d95be2/element'
15:50:26.650 [AsyncHttpClient-3-1] DEBUG o.a.netty.handler.HttpHandler - 

Request DefaultHttpRequest(decodeResult: success, version: HTTP/1.1)
POST /session/14f61660-7bcc-4279-b6a3-7163a94e0626/element/c99a4fe0-ee86-494c-af9d-cbd1f8d95be2/element HTTP/1.1
User-Agent: selenium/4.0.0-alpha-5 (java windows)
Content-Length: 103
Content-Type: application/json; charset=utf-8
host: localhost:10889
accept: */*

Response DefaultHttpResponse(decodeResult: success, version: HTTP/1.1)
HTTP/1.1 200 OK
content-type: application/json; charset=utf-8
cache-control: no-cache
content-length: 88
date: Thu, 25 Jun 2020 12:50:26 GMT

15:50:26.650 [AsyncHttpClient-3-1] DEBUG o.a.netty.channel.ChannelManager - Adding key: http://localhost:10889 for channel [id: 0x7c68b8df, L:/127.0.0.1:64390 - R:localhost/127.0.0.1:10889]
15:50:26.650 [Forwarding getElementText on session 14f61660-7bcc-4279-b6a3-7163a94e0626 to remote] DEBUG o.a.netty.request.NettyRequestSender - Using pooled Channel '[id: 0x7c68b8df, L:/127.0.0.1:64390 - R:localhost/127.0.0.1:10889]' for 'GET' to 'http://localhost:10889/session/14f61660-7bcc-4279-b6a3-7163a94e0626/element/8a90f7a6-69e8-434d-8adc-4ec1152bd763/text'
15:50:26.651 [Forwarding getElementText on session 14f61660-7bcc-4279-b6a3-7163a94e0626 to remote] DEBUG o.a.netty.request.NettyRequestSender - Using open Channel [id: 0x7c68b8df, L:/127.0.0.1:64390 - R:localhost/127.0.0.1:10889] for GET '/session/14f61660-7bcc-4279-b6a3-7163a94e0626/element/8a90f7a6-69e8-434d-8adc-4ec1152bd763/text'
15:50:26.655 [AsyncHttpClient-3-1] DEBUG o.a.netty.handler.HttpHandler - 

Request DefaultFullHttpRequest(decodeResult: success, version: HTTP/1.1, content: EmptyByteBufBE)
GET /session/14f61660-7bcc-4279-b6a3-7163a94e0626/element/8a90f7a6-69e8-434d-8adc-4ec1152bd763/text HTTP/1.1
User-Agent: selenium/4.0.0-alpha-5 (java windows)
Cache-Control: no-cache
host: localhost:10889
accept: */*

Response DefaultHttpResponse(decodeResult: success, version: HTTP/1.1)
HTTP/1.1 200 OK
content-type: application/json; charset=utf-8
cache-control: no-cache
content-length: 17
date: Thu, 25 Jun 2020 12:50:26 GMT

15:50:26.655 [AsyncHttpClient-3-1] DEBUG o.a.netty.channel.ChannelManager - Adding key: http://localhost:10889 for channel [id: 0x7c68b8df, L:/127.0.0.1:64390 - R:localhost/127.0.0.1:10889]
15:50:26.655 [Forwarding findChildElement on session 14f61660-7bcc-4279-b6a3-7163a94e0626 to remote] DEBUG o.a.netty.request.NettyRequestSender - Using pooled Channel '[id: 0x7c68b8df, L:/127.0.0.1:64390 - R:localhost/127.0.0.1:10889]' for 'POST' to 'http://localhost:10889/session/14f61660-7bcc-4279-b6a3-7163a94e0626/element/c99a4fe0-ee86-494c-af9d-cbd1f8d95be2/element'
15:50:26.656 [Forwarding findChildElement on session 14f61660-7bcc-4279-b6a3-7163a94e0626 to remote] DEBUG o.a.netty.request.NettyRequestSender - Using open Channel [id: 0x7c68b8df, L:/127.0.0.1:64390 - R:localhost/127.0.0.1:10889] for POST '/session/14f61660-7bcc-4279-b6a3-7163a94e0626/element/c99a4fe0-ee86-494c-af9d-cbd1f8d95be2/element'
15:50:26.659 [AsyncHttpClient-3-1] DEBUG o.a.netty.handler.HttpHandler - 

Request DefaultHttpRequest(decodeResult: success, version: HTTP/1.1)
POST /session/14f61660-7bcc-4279-b6a3-7163a94e0626/element/c99a4fe0-ee86-494c-af9d-cbd1f8d95be2/element HTTP/1.1
User-Agent: selenium/4.0.0-alpha-5 (java windows)
Content-Length: 103
Content-Type: application/json; charset=utf-8
host: localhost:10889
accept: */*

Response DefaultHttpResponse(decodeResult: success, version: HTTP/1.1)
HTTP/1.1 200 OK
content-type: application/json; charset=utf-8
cache-control: no-cache
content-length: 88
date: Thu, 25 Jun 2020 12:50:26 GMT

15:50:26.659 [AsyncHttpClient-3-1] DEBUG o.a.netty.channel.ChannelManager - Adding key: http://localhost:10889 for channel [id: 0x7c68b8df, L:/127.0.0.1:64390 - R:localhost/127.0.0.1:10889]
15:50:26.660 [Forwarding getElementText on session 14f61660-7bcc-4279-b6a3-7163a94e0626 to remote] DEBUG o.a.netty.request.NettyRequestSender - Using pooled Channel '[id: 0x7c68b8df, L:/127.0.0.1:64390 - R:localhost/127.0.0.1:10889]' for 'GET' to 'http://localhost:10889/session/14f61660-7bcc-4279-b6a3-7163a94e0626/element/c1fb4f61-c006-4f73-b000-d65e4c01d66d/text'
15:50:26.660 [Forwarding getElementText on session 14f61660-7bcc-4279-b6a3-7163a94e0626 to remote] DEBUG o.a.netty.request.NettyRequestSender - Using open Channel [id: 0x7c68b8df, L:/127.0.0.1:64390 - R:localhost/127.0.0.1:10889] for GET '/session/14f61660-7bcc-4279-b6a3-7163a94e0626/element/c1fb4f61-c006-4f73-b000-d65e4c01d66d/text'
15:50:26.664 [AsyncHttpClient-3-1] DEBUG o.a.netty.handler.HttpHandler - 

Request DefaultFullHttpRequest(decodeResult: success, version: HTTP/1.1, content: EmptyByteBufBE)
GET /session/14f61660-7bcc-4279-b6a3-7163a94e0626/element/c1fb4f61-c006-4f73-b000-d65e4c01d66d/text HTTP/1.1
User-Agent: selenium/4.0.0-alpha-5 (java windows)
Cache-Control: no-cache
host: localhost:10889
accept: */*

Response DefaultHttpResponse(decodeResult: success, version: HTTP/1.1)
HTTP/1.1 200 OK
content-type: application/json; charset=utf-8
cache-control: no-cache
content-length: 23
date: Thu, 25 Jun 2020 12:50:26 GMT

15:50:26.665 [AsyncHttpClient-3-1] DEBUG o.a.netty.channel.ChannelManager - Adding key: http://localhost:10889 for channel [id: 0x7c68b8df, L:/127.0.0.1:64390 - R:localhost/127.0.0.1:10889]
15:50:26.665 [Forwarding findChildElement on session 14f61660-7bcc-4279-b6a3-7163a94e0626 to remote] DEBUG o.a.netty.request.NettyRequestSender - Using pooled Channel '[id: 0x7c68b8df, L:/127.0.0.1:64390 - R:localhost/127.0.0.1:10889]' for 'POST' to 'http://localhost:10889/session/14f61660-7bcc-4279-b6a3-7163a94e0626/element/c99a4fe0-ee86-494c-af9d-cbd1f8d95be2/element'
15:50:26.665 [Forwarding findChildElement on session 14f61660-7bcc-4279-b6a3-7163a94e0626 to remote] DEBUG o.a.netty.request.NettyRequestSender - Using open Channel [id: 0x7c68b8df, L:/127.0.0.1:64390 - R:localhost/127.0.0.1:10889] for POST '/session/14f61660-7bcc-4279-b6a3-7163a94e0626/element/c99a4fe0-ee86-494c-af9d-cbd1f8d95be2/element'
15:50:26.669 [AsyncHttpClient-3-1] DEBUG o.a.netty.handler.HttpHandler - 

Request DefaultHttpRequest(decodeResult: success, version: HTTP/1.1)
POST /session/14f61660-7bcc-4279-b6a3-7163a94e0626/element/c99a4fe0-ee86-494c-af9d-cbd1f8d95be2/element HTTP/1.1
User-Agent: selenium/4.0.0-alpha-5 (java windows)
Content-Length: 103
Content-Type: application/json; charset=utf-8
host: localhost:10889
accept: */*

Response DefaultHttpResponse(decodeResult: success, version: HTTP/1.1)
HTTP/1.1 200 OK
content-type: application/json; charset=utf-8
cache-control: no-cache
content-length: 88
date: Thu, 25 Jun 2020 12:50:26 GMT

15:50:26.670 [AsyncHttpClient-3-1] DEBUG o.a.netty.channel.ChannelManager - Adding key: http://localhost:10889 for channel [id: 0x7c68b8df, L:/127.0.0.1:64390 - R:localhost/127.0.0.1:10889]
15:50:26.670 [Forwarding getElementText on session 14f61660-7bcc-4279-b6a3-7163a94e0626 to remote] DEBUG o.a.netty.request.NettyRequestSender - Using pooled Channel '[id: 0x7c68b8df, L:/127.0.0.1:64390 - R:localhost/127.0.0.1:10889]' for 'GET' to 'http://localhost:10889/session/14f61660-7bcc-4279-b6a3-7163a94e0626/element/ba267597-65d0-468a-ba8e-bd8b8f98ee1b/text'
15:50:26.670 [Forwarding getElementText on session 14f61660-7bcc-4279-b6a3-7163a94e0626 to remote] DEBUG o.a.netty.request.NettyRequestSender - Using open Channel [id: 0x7c68b8df, L:/127.0.0.1:64390 - R:localhost/127.0.0.1:10889] for GET '/session/14f61660-7bcc-4279-b6a3-7163a94e0626/element/ba267597-65d0-468a-ba8e-bd8b8f98ee1b/text'
15:50:26.674 [AsyncHttpClient-3-1] DEBUG o.a.netty.handler.HttpHandler - 

Request DefaultFullHttpRequest(decodeResult: success, version: HTTP/1.1, content: EmptyByteBufBE)
GET /session/14f61660-7bcc-4279-b6a3-7163a94e0626/element/ba267597-65d0-468a-ba8e-bd8b8f98ee1b/text HTTP/1.1
User-Agent: selenium/4.0.0-alpha-5 (java windows)
Cache-Control: no-cache
host: localhost:10889
accept: */*

Response DefaultHttpResponse(decodeResult: success, version: HTTP/1.1)
HTTP/1.1 200 OK
content-type: application/json; charset=utf-8
cache-control: no-cache
content-length: 19
date: Thu, 25 Jun 2020 12:50:26 GMT

15:50:26.674 [AsyncHttpClient-3-1] DEBUG o.a.netty.channel.ChannelManager - Adding key: http://localhost:10889 for channel [id: 0x7c68b8df, L:/127.0.0.1:64390 - R:localhost/127.0.0.1:10889]
15:50:26.675 [Forwarding findChildElement on session 14f61660-7bcc-4279-b6a3-7163a94e0626 to remote] DEBUG o.a.netty.request.NettyRequestSender - Using pooled Channel '[id: 0x7c68b8df, L:/127.0.0.1:64390 - R:localhost/127.0.0.1:10889]' for 'POST' to 'http://localhost:10889/session/14f61660-7bcc-4279-b6a3-7163a94e0626/element/c99a4fe0-ee86-494c-af9d-cbd1f8d95be2/element'
15:50:26.675 [Forwarding findChildElement on session 14f61660-7bcc-4279-b6a3-7163a94e0626 to remote] DEBUG o.a.netty.request.NettyRequestSender - Using open Channel [id: 0x7c68b8df, L:/127.0.0.1:64390 - R:localhost/127.0.0.1:10889] for POST '/session/14f61660-7bcc-4279-b6a3-7163a94e0626/element/c99a4fe0-ee86-494c-af9d-cbd1f8d95be2/element'
15:50:26.678 [AsyncHttpClient-3-1] DEBUG o.a.netty.handler.HttpHandler - 

Request DefaultHttpRequest(decodeResult: success, version: HTTP/1.1)
POST /session/14f61660-7bcc-4279-b6a3-7163a94e0626/element/c99a4fe0-ee86-494c-af9d-cbd1f8d95be2/element HTTP/1.1
User-Agent: selenium/4.0.0-alpha-5 (java windows)
Content-Length: 103
Content-Type: application/json; charset=utf-8
host: localhost:10889
accept: */*

Response DefaultHttpResponse(decodeResult: success, version: HTTP/1.1)
HTTP/1.1 200 OK
content-type: application/json; charset=utf-8
cache-control: no-cache
content-length: 88
date: Thu, 25 Jun 2020 12:50:26 GMT

15:50:26.678 [AsyncHttpClient-3-1] DEBUG o.a.netty.channel.ChannelManager - Adding key: http://localhost:10889 for channel [id: 0x7c68b8df, L:/127.0.0.1:64390 - R:localhost/127.0.0.1:10889]
15:50:26.679 [Forwarding getElementText on session 14f61660-7bcc-4279-b6a3-7163a94e0626 to remote] DEBUG o.a.netty.request.NettyRequestSender - Using pooled Channel '[id: 0x7c68b8df, L:/127.0.0.1:64390 - R:localhost/127.0.0.1:10889]' for 'GET' to 'http://localhost:10889/session/14f61660-7bcc-4279-b6a3-7163a94e0626/element/ead06d4b-4941-4a74-af49-6d447def3036/text'
15:50:26.679 [Forwarding getElementText on session 14f61660-7bcc-4279-b6a3-7163a94e0626 to remote] DEBUG o.a.netty.request.NettyRequestSender - Using open Channel [id: 0x7c68b8df, L:/127.0.0.1:64390 - R:localhost/127.0.0.1:10889] for GET '/session/14f61660-7bcc-4279-b6a3-7163a94e0626/element/ead06d4b-4941-4a74-af49-6d447def3036/text'
15:50:26.691 [AsyncHttpClient-3-1] DEBUG o.a.netty.handler.HttpHandler - 

Request DefaultFullHttpRequest(decodeResult: success, version: HTTP/1.1, content: EmptyByteBufBE)
GET /session/14f61660-7bcc-4279-b6a3-7163a94e0626/element/ead06d4b-4941-4a74-af49-6d447def3036/text HTTP/1.1
User-Agent: selenium/4.0.0-alpha-5 (java windows)
Cache-Control: no-cache
host: localhost:10889
accept: */*

Response DefaultHttpResponse(decodeResult: success, version: HTTP/1.1)
HTTP/1.1 200 OK
content-type: application/json; charset=utf-8
cache-control: no-cache
content-length: 28
date: Thu, 25 Jun 2020 12:50:26 GMT

15:50:26.691 [AsyncHttpClient-3-1] DEBUG o.a.netty.channel.ChannelManager - Adding key: http://localhost:10889 for channel [id: 0x7c68b8df, L:/127.0.0.1:64390 - R:localhost/127.0.0.1:10889]
15:50:26.692 [Forwarding findChildElement on session 14f61660-7bcc-4279-b6a3-7163a94e0626 to remote] DEBUG o.a.netty.request.NettyRequestSender - Using pooled Channel '[id: 0x7c68b8df, L:/127.0.0.1:64390 - R:localhost/127.0.0.1:10889]' for 'POST' to 'http://localhost:10889/session/14f61660-7bcc-4279-b6a3-7163a94e0626/element/c99a4fe0-ee86-494c-af9d-cbd1f8d95be2/element'
15:50:26.692 [Forwarding findChildElement on session 14f61660-7bcc-4279-b6a3-7163a94e0626 to remote] DEBUG o.a.netty.request.NettyRequestSender - Using open Channel [id: 0x7c68b8df, L:/127.0.0.1:64390 - R:localhost/127.0.0.1:10889] for POST '/session/14f61660-7bcc-4279-b6a3-7163a94e0626/element/c99a4fe0-ee86-494c-af9d-cbd1f8d95be2/element'
15:50:26.696 [AsyncHttpClient-3-1] DEBUG o.a.netty.handler.HttpHandler - 

Request DefaultHttpRequest(decodeResult: success, version: HTTP/1.1)
POST /session/14f61660-7bcc-4279-b6a3-7163a94e0626/element/c99a4fe0-ee86-494c-af9d-cbd1f8d95be2/element HTTP/1.1
User-Agent: selenium/4.0.0-alpha-5 (java windows)
Content-Length: 97
Content-Type: application/json; charset=utf-8
host: localhost:10889
accept: */*

Response DefaultHttpResponse(decodeResult: success, version: HTTP/1.1)
HTTP/1.1 200 OK
content-type: application/json; charset=utf-8
cache-control: no-cache
content-length: 88
date: Thu, 25 Jun 2020 12:50:26 GMT

15:50:26.696 [AsyncHttpClient-3-1] DEBUG o.a.netty.channel.ChannelManager - Adding key: http://localhost:10889 for channel [id: 0x7c68b8df, L:/127.0.0.1:64390 - R:localhost/127.0.0.1:10889]
15:50:26.698 [Forwarding getElementAttribute on session 14f61660-7bcc-4279-b6a3-7163a94e0626 to remote] DEBUG o.a.netty.request.NettyRequestSender - Using pooled Channel '[id: 0x7c68b8df, L:/127.0.0.1:64390 - R:localhost/127.0.0.1:10889]' for 'POST' to 'http://localhost:10889/session/14f61660-7bcc-4279-b6a3-7163a94e0626/execute/sync'
15:50:26.699 [Forwarding getElementAttribute on session 14f61660-7bcc-4279-b6a3-7163a94e0626 to remote] DEBUG o.a.netty.request.NettyRequestSender - Using open Channel [id: 0x7c68b8df, L:/127.0.0.1:64390 - R:localhost/127.0.0.1:10889] for POST '/session/14f61660-7bcc-4279-b6a3-7163a94e0626/execute/sync'
15:50:26.717 [AsyncHttpClient-3-1] DEBUG o.a.netty.handler.HttpHandler - 

Request DefaultHttpRequest(decodeResult: success, version: HTTP/1.1)
POST /session/14f61660-7bcc-4279-b6a3-7163a94e0626/execute/sync HTTP/1.1
User-Agent: selenium/4.0.0-alpha-5 (java windows)
Content-Length: 39635
Content-Type: application/json; charset=utf-8
host: localhost:10889
accept: */*

Response DefaultHttpResponse(decodeResult: success, version: HTTP/1.1)
HTTP/1.1 200 OK
content-type: application/json; charset=utf-8
cache-control: no-cache
content-length: 15
date: Thu, 25 Jun 2020 12:50:26 GMT

15:50:26.717 [AsyncHttpClient-3-1] DEBUG o.a.netty.channel.ChannelManager - Adding key: http://localhost:10889 for channel [id: 0x7c68b8df, L:/127.0.0.1:64390 - R:localhost/127.0.0.1:10889]
15:50:26.717 [Forwarding findChildElement on session 14f61660-7bcc-4279-b6a3-7163a94e0626 to remote] DEBUG o.a.netty.request.NettyRequestSender - Using pooled Channel '[id: 0x7c68b8df, L:/127.0.0.1:64390 - R:localhost/127.0.0.1:10889]' for 'POST' to 'http://localhost:10889/session/14f61660-7bcc-4279-b6a3-7163a94e0626/element/6d051b16-1b10-4719-a845-7293792d85ee/element'
15:50:26.717 [Forwarding findChildElement on session 14f61660-7bcc-4279-b6a3-7163a94e0626 to remote] DEBUG o.a.netty.request.NettyRequestSender - Using open Channel [id: 0x7c68b8df, L:/127.0.0.1:64390 - R:localhost/127.0.0.1:10889] for POST '/session/14f61660-7bcc-4279-b6a3-7163a94e0626/element/6d051b16-1b10-4719-a845-7293792d85ee/element'
15:50:26.721 [AsyncHttpClient-3-1] DEBUG o.a.netty.handler.HttpHandler - 

Request DefaultHttpRequest(decodeResult: success, version: HTTP/1.1)
POST /session/14f61660-7bcc-4279-b6a3-7163a94e0626/element/6d051b16-1b10-4719-a845-7293792d85ee/element HTTP/1.1
User-Agent: selenium/4.0.0-alpha-5 (java windows)
Content-Length: 103
Content-Type: application/json; charset=utf-8
host: localhost:10889
accept: */*

Response DefaultHttpResponse(decodeResult: success, version: HTTP/1.1)
HTTP/1.1 200 OK
content-type: application/json; charset=utf-8
cache-control: no-cache
content-length: 88
date: Thu, 25 Jun 2020 12:50:26 GMT

15:50:26.721 [AsyncHttpClient-3-1] DEBUG o.a.netty.channel.ChannelManager - Adding key: http://localhost:10889 for channel [id: 0x7c68b8df, L:/127.0.0.1:64390 - R:localhost/127.0.0.1:10889]
15:50:26.722 [Forwarding getElementText on session 14f61660-7bcc-4279-b6a3-7163a94e0626 to remote] DEBUG o.a.netty.request.NettyRequestSender - Using pooled Channel '[id: 0x7c68b8df, L:/127.0.0.1:64390 - R:localhost/127.0.0.1:10889]' for 'GET' to 'http://localhost:10889/session/14f61660-7bcc-4279-b6a3-7163a94e0626/element/44f93c35-1ed0-4b0f-bc0c-268f2f9ebd49/text'
15:50:26.722 [Forwarding getElementText on session 14f61660-7bcc-4279-b6a3-7163a94e0626 to remote] DEBUG o.a.netty.request.NettyRequestSender - Using open Channel [id: 0x7c68b8df, L:/127.0.0.1:64390 - R:localhost/127.0.0.1:10889] for GET '/session/14f61660-7bcc-4279-b6a3-7163a94e0626/element/44f93c35-1ed0-4b0f-bc0c-268f2f9ebd49/text'
15:50:26.726 [AsyncHttpClient-3-1] DEBUG o.a.netty.handler.HttpHandler - 

Request DefaultFullHttpRequest(decodeResult: success, version: HTTP/1.1, content: EmptyByteBufBE)
GET /session/14f61660-7bcc-4279-b6a3-7163a94e0626/element/44f93c35-1ed0-4b0f-bc0c-268f2f9ebd49/text HTTP/1.1
User-Agent: selenium/4.0.0-alpha-5 (java windows)
Cache-Control: no-cache
host: localhost:10889
accept: */*

Response DefaultHttpResponse(decodeResult: success, version: HTTP/1.1)
HTTP/1.1 200 OK
content-type: application/json; charset=utf-8
cache-control: no-cache
content-length: 19
date: Thu, 25 Jun 2020 12:50:26 GMT

15:50:26.726 [AsyncHttpClient-3-1] DEBUG o.a.netty.channel.ChannelManager - Adding key: http://localhost:10889 for channel [id: 0x7c68b8df, L:/127.0.0.1:64390 - R:localhost/127.0.0.1:10889]
15:50:26.727 [Forwarding findChildElement on session 14f61660-7bcc-4279-b6a3-7163a94e0626 to remote] DEBUG o.a.netty.request.NettyRequestSender - Using pooled Channel '[id: 0x7c68b8df, L:/127.0.0.1:64390 - R:localhost/127.0.0.1:10889]' for 'POST' to 'http://localhost:10889/session/14f61660-7bcc-4279-b6a3-7163a94e0626/element/6d051b16-1b10-4719-a845-7293792d85ee/element'
15:50:26.727 [Forwarding findChildElement on session 14f61660-7bcc-4279-b6a3-7163a94e0626 to remote] DEBUG o.a.netty.request.NettyRequestSender - Using open Channel [id: 0x7c68b8df, L:/127.0.0.1:64390 - R:localhost/127.0.0.1:10889] for POST '/session/14f61660-7bcc-4279-b6a3-7163a94e0626/element/6d051b16-1b10-4719-a845-7293792d85ee/element'
15:50:26.730 [AsyncHttpClient-3-1] DEBUG o.a.netty.handler.HttpHandler - 

Request DefaultHttpRequest(decodeResult: success, version: HTTP/1.1)
POST /session/14f61660-7bcc-4279-b6a3-7163a94e0626/element/6d051b16-1b10-4719-a845-7293792d85ee/element HTTP/1.1
User-Agent: selenium/4.0.0-alpha-5 (java windows)
Content-Length: 103
Content-Type: application/json; charset=utf-8
host: localhost:10889
accept: */*

Response DefaultHttpResponse(decodeResult: success, version: HTTP/1.1)
HTTP/1.1 200 OK
content-type: application/json; charset=utf-8
cache-control: no-cache
content-length: 88
date: Thu, 25 Jun 2020 12:50:26 GMT

15:50:26.731 [AsyncHttpClient-3-1] DEBUG o.a.netty.channel.ChannelManager - Adding key: http://localhost:10889 for channel [id: 0x7c68b8df, L:/127.0.0.1:64390 - R:localhost/127.0.0.1:10889]
15:50:26.731 [Forwarding getElementText on session 14f61660-7bcc-4279-b6a3-7163a94e0626 to remote] DEBUG o.a.netty.request.NettyRequestSender - Using pooled Channel '[id: 0x7c68b8df, L:/127.0.0.1:64390 - R:localhost/127.0.0.1:10889]' for 'GET' to 'http://localhost:10889/session/14f61660-7bcc-4279-b6a3-7163a94e0626/element/2996cf24-dfdc-4587-83c9-d9c8d6bbc317/text'
15:50:26.731 [Forwarding getElementText on session 14f61660-7bcc-4279-b6a3-7163a94e0626 to remote] DEBUG o.a.netty.request.NettyRequestSender - Using open Channel [id: 0x7c68b8df, L:/127.0.0.1:64390 - R:localhost/127.0.0.1:10889] for GET '/session/14f61660-7bcc-4279-b6a3-7163a94e0626/element/2996cf24-dfdc-4587-83c9-d9c8d6bbc317/text'
15:50:26.735 [AsyncHttpClient-3-1] DEBUG o.a.netty.handler.HttpHandler - 

Request DefaultFullHttpRequest(decodeResult: success, version: HTTP/1.1, content: EmptyByteBufBE)
GET /session/14f61660-7bcc-4279-b6a3-7163a94e0626/element/2996cf24-dfdc-4587-83c9-d9c8d6bbc317/text HTTP/1.1
User-Agent: selenium/4.0.0-alpha-5 (java windows)
Cache-Control: no-cache
host: localhost:10889
accept: */*

Response DefaultHttpResponse(decodeResult: success, version: HTTP/1.1)
HTTP/1.1 200 OK
content-type: application/json; charset=utf-8
cache-control: no-cache
content-length: 19
date: Thu, 25 Jun 2020 12:50:26 GMT

15:50:26.735 [AsyncHttpClient-3-1] DEBUG o.a.netty.channel.ChannelManager - Adding key: http://localhost:10889 for channel [id: 0x7c68b8df, L:/127.0.0.1:64390 - R:localhost/127.0.0.1:10889]
15:50:26.736 [Forwarding findChildElement on session 14f61660-7bcc-4279-b6a3-7163a94e0626 to remote] DEBUG o.a.netty.request.NettyRequestSender - Using pooled Channel '[id: 0x7c68b8df, L:/127.0.0.1:64390 - R:localhost/127.0.0.1:10889]' for 'POST' to 'http://localhost:10889/session/14f61660-7bcc-4279-b6a3-7163a94e0626/element/6d051b16-1b10-4719-a845-7293792d85ee/element'
15:50:26.736 [Forwarding findChildElement on session 14f61660-7bcc-4279-b6a3-7163a94e0626 to remote] DEBUG o.a.netty.request.NettyRequestSender - Using open Channel [id: 0x7c68b8df, L:/127.0.0.1:64390 - R:localhost/127.0.0.1:10889] for POST '/session/14f61660-7bcc-4279-b6a3-7163a94e0626/element/6d051b16-1b10-4719-a845-7293792d85ee/element'
15:50:26.740 [AsyncHttpClient-3-1] DEBUG o.a.netty.handler.HttpHandler - 

Request DefaultHttpRequest(decodeResult: success, version: HTTP/1.1)
POST /session/14f61660-7bcc-4279-b6a3-7163a94e0626/element/6d051b16-1b10-4719-a845-7293792d85ee/element HTTP/1.1
User-Agent: selenium/4.0.0-alpha-5 (java windows)
Content-Length: 103
Content-Type: application/json; charset=utf-8
host: localhost:10889
accept: */*

Response DefaultHttpResponse(decodeResult: success, version: HTTP/1.1)
HTTP/1.1 200 OK
content-type: application/json; charset=utf-8
cache-control: no-cache
content-length: 88
date: Thu, 25 Jun 2020 12:50:26 GMT

15:50:26.740 [AsyncHttpClient-3-1] DEBUG o.a.netty.channel.ChannelManager - Adding key: http://localhost:10889 for channel [id: 0x7c68b8df, L:/127.0.0.1:64390 - R:localhost/127.0.0.1:10889]
15:50:26.740 [Forwarding getElementText on session 14f61660-7bcc-4279-b6a3-7163a94e0626 to remote] DEBUG o.a.netty.request.NettyRequestSender - Using pooled Channel '[id: 0x7c68b8df, L:/127.0.0.1:64390 - R:localhost/127.0.0.1:10889]' for 'GET' to 'http://localhost:10889/session/14f61660-7bcc-4279-b6a3-7163a94e0626/element/c2a7705b-6d99-46eb-ab2f-5078106831e1/text'
15:50:26.740 [Forwarding getElementText on session 14f61660-7bcc-4279-b6a3-7163a94e0626 to remote] DEBUG o.a.netty.request.NettyRequestSender - Using open Channel [id: 0x7c68b8df, L:/127.0.0.1:64390 - R:localhost/127.0.0.1:10889] for GET '/session/14f61660-7bcc-4279-b6a3-7163a94e0626/element/c2a7705b-6d99-46eb-ab2f-5078106831e1/text'
15:50:26.744 [AsyncHttpClient-3-1] DEBUG o.a.netty.handler.HttpHandler - 

Request DefaultFullHttpRequest(decodeResult: success, version: HTTP/1.1, content: EmptyByteBufBE)
GET /session/14f61660-7bcc-4279-b6a3-7163a94e0626/element/c2a7705b-6d99-46eb-ab2f-5078106831e1/text HTTP/1.1
User-Agent: selenium/4.0.0-alpha-5 (java windows)
Cache-Control: no-cache
host: localhost:10889
accept: */*

Response DefaultHttpResponse(decodeResult: success, version: HTTP/1.1)
HTTP/1.1 200 OK
content-type: application/json; charset=utf-8
cache-control: no-cache
content-length: 23
date: Thu, 25 Jun 2020 12:50:26 GMT

15:50:26.745 [AsyncHttpClient-3-1] DEBUG o.a.netty.channel.ChannelManager - Adding key: http://localhost:10889 for channel [id: 0x7c68b8df, L:/127.0.0.1:64390 - R:localhost/127.0.0.1:10889]
15:50:26.745 [Forwarding findChildElement on session 14f61660-7bcc-4279-b6a3-7163a94e0626 to remote] DEBUG o.a.netty.request.NettyRequestSender - Using pooled Channel '[id: 0x7c68b8df, L:/127.0.0.1:64390 - R:localhost/127.0.0.1:10889]' for 'POST' to 'http://localhost:10889/session/14f61660-7bcc-4279-b6a3-7163a94e0626/element/6d051b16-1b10-4719-a845-7293792d85ee/element'
15:50:26.745 [Forwarding findChildElement on session 14f61660-7bcc-4279-b6a3-7163a94e0626 to remote] DEBUG o.a.netty.request.NettyRequestSender - Using open Channel [id: 0x7c68b8df, L:/127.0.0.1:64390 - R:localhost/127.0.0.1:10889] for POST '/session/14f61660-7bcc-4279-b6a3-7163a94e0626/element/6d051b16-1b10-4719-a845-7293792d85ee/element'
15:50:26.750 [AsyncHttpClient-3-1] DEBUG o.a.netty.handler.HttpHandler - 

Request DefaultHttpRequest(decodeResult: success, version: HTTP/1.1)
POST /session/14f61660-7bcc-4279-b6a3-7163a94e0626/element/6d051b16-1b10-4719-a845-7293792d85ee/element HTTP/1.1
User-Agent: selenium/4.0.0-alpha-5 (java windows)
Content-Length: 103
Content-Type: application/json; charset=utf-8
host: localhost:10889
accept: */*

Response DefaultHttpResponse(decodeResult: success, version: HTTP/1.1)
HTTP/1.1 200 OK
content-type: application/json; charset=utf-8
cache-control: no-cache
content-length: 88
date: Thu, 25 Jun 2020 12:50:26 GMT

15:50:26.750 [AsyncHttpClient-3-1] DEBUG o.a.netty.channel.ChannelManager - Adding key: http://localhost:10889 for channel [id: 0x7c68b8df, L:/127.0.0.1:64390 - R:localhost/127.0.0.1:10889]
15:50:26.750 [Forwarding getElementText on session 14f61660-7bcc-4279-b6a3-7163a94e0626 to remote] DEBUG o.a.netty.request.NettyRequestSender - Using pooled Channel '[id: 0x7c68b8df, L:/127.0.0.1:64390 - R:localhost/127.0.0.1:10889]' for 'GET' to 'http://localhost:10889/session/14f61660-7bcc-4279-b6a3-7163a94e0626/element/3255b3e2-1ff2-4f65-a7d3-911e5ea9adae/text'
15:50:26.750 [Forwarding getElementText on session 14f61660-7bcc-4279-b6a3-7163a94e0626 to remote] DEBUG o.a.netty.request.NettyRequestSender - Using open Channel [id: 0x7c68b8df, L:/127.0.0.1:64390 - R:localhost/127.0.0.1:10889] for GET '/session/14f61660-7bcc-4279-b6a3-7163a94e0626/element/3255b3e2-1ff2-4f65-a7d3-911e5ea9adae/text'
15:50:26.755 [AsyncHttpClient-3-1] DEBUG o.a.netty.handler.HttpHandler - 

Request DefaultFullHttpRequest(decodeResult: success, version: HTTP/1.1, content: EmptyByteBufBE)
GET /session/14f61660-7bcc-4279-b6a3-7163a94e0626/element/3255b3e2-1ff2-4f65-a7d3-911e5ea9adae/text HTTP/1.1
User-Agent: selenium/4.0.0-alpha-5 (java windows)
Cache-Control: no-cache
host: localhost:10889
accept: */*

Response DefaultHttpResponse(decodeResult: success, version: HTTP/1.1)
HTTP/1.1 200 OK
content-type: application/json; charset=utf-8
cache-control: no-cache
content-length: 43
date: Thu, 25 Jun 2020 12:50:26 GMT

15:50:26.755 [AsyncHttpClient-3-1] DEBUG o.a.netty.channel.ChannelManager - Adding key: http://localhost:10889 for channel [id: 0x7c68b8df, L:/127.0.0.1:64390 - R:localhost/127.0.0.1:10889]
15:50:26.756 [Forwarding findChildElement on session 14f61660-7bcc-4279-b6a3-7163a94e0626 to remote] DEBUG o.a.netty.request.NettyRequestSender - Using pooled Channel '[id: 0x7c68b8df, L:/127.0.0.1:64390 - R:localhost/127.0.0.1:10889]' for 'POST' to 'http://localhost:10889/session/14f61660-7bcc-4279-b6a3-7163a94e0626/element/6d051b16-1b10-4719-a845-7293792d85ee/element'
15:50:26.756 [Forwarding findChildElement on session 14f61660-7bcc-4279-b6a3-7163a94e0626 to remote] DEBUG o.a.netty.request.NettyRequestSender - Using open Channel [id: 0x7c68b8df, L:/127.0.0.1:64390 - R:localhost/127.0.0.1:10889] for POST '/session/14f61660-7bcc-4279-b6a3-7163a94e0626/element/6d051b16-1b10-4719-a845-7293792d85ee/element'
15:50:26.760 [AsyncHttpClient-3-1] DEBUG o.a.netty.handler.HttpHandler - 

Request DefaultHttpRequest(decodeResult: success, version: HTTP/1.1)
POST /session/14f61660-7bcc-4279-b6a3-7163a94e0626/element/6d051b16-1b10-4719-a845-7293792d85ee/element HTTP/1.1
User-Agent: selenium/4.0.0-alpha-5 (java windows)
Content-Length: 103
Content-Type: application/json; charset=utf-8
host: localhost:10889
accept: */*

Response DefaultHttpResponse(decodeResult: success, version: HTTP/1.1)
HTTP/1.1 200 OK
content-type: application/json; charset=utf-8
cache-control: no-cache
content-length: 88
date: Thu, 25 Jun 2020 12:50:26 GMT

15:50:26.760 [AsyncHttpClient-3-1] DEBUG o.a.netty.channel.ChannelManager - Adding key: http://localhost:10889 for channel [id: 0x7c68b8df, L:/127.0.0.1:64390 - R:localhost/127.0.0.1:10889]
15:50:26.760 [Forwarding getElementText on session 14f61660-7bcc-4279-b6a3-7163a94e0626 to remote] DEBUG o.a.netty.request.NettyRequestSender - Using pooled Channel '[id: 0x7c68b8df, L:/127.0.0.1:64390 - R:localhost/127.0.0.1:10889]' for 'GET' to 'http://localhost:10889/session/14f61660-7bcc-4279-b6a3-7163a94e0626/element/e31bdf7d-8680-4aa8-8b0b-b5c7861c9c4f/text'
15:50:26.760 [Forwarding getElementText on session 14f61660-7bcc-4279-b6a3-7163a94e0626 to remote] DEBUG o.a.netty.request.NettyRequestSender - Using open Channel [id: 0x7c68b8df, L:/127.0.0.1:64390 - R:localhost/127.0.0.1:10889] for GET '/session/14f61660-7bcc-4279-b6a3-7163a94e0626/element/e31bdf7d-8680-4aa8-8b0b-b5c7861c9c4f/text'
15:50:26.767 [AsyncHttpClient-3-1] DEBUG o.a.netty.handler.HttpHandler - 

Request DefaultFullHttpRequest(decodeResult: success, version: HTTP/1.1, content: EmptyByteBufBE)
GET /session/14f61660-7bcc-4279-b6a3-7163a94e0626/element/e31bdf7d-8680-4aa8-8b0b-b5c7861c9c4f/text HTTP/1.1
User-Agent: selenium/4.0.0-alpha-5 (java windows)
Cache-Control: no-cache
host: localhost:10889
accept: */*

Response DefaultHttpResponse(decodeResult: success, version: HTTP/1.1)
HTTP/1.1 200 OK
content-type: application/json; charset=utf-8
cache-control: no-cache
content-length: 60
date: Thu, 25 Jun 2020 12:50:26 GMT

15:50:26.768 [AsyncHttpClient-3-1] DEBUG o.a.netty.channel.ChannelManager - Adding key: http://localhost:10889 for channel [id: 0x7c68b8df, L:/127.0.0.1:64390 - R:localhost/127.0.0.1:10889]
15:50:26.768 [Forwarding findChildElement on session 14f61660-7bcc-4279-b6a3-7163a94e0626 to remote] DEBUG o.a.netty.request.NettyRequestSender - Using pooled Channel '[id: 0x7c68b8df, L:/127.0.0.1:64390 - R:localhost/127.0.0.1:10889]' for 'POST' to 'http://localhost:10889/session/14f61660-7bcc-4279-b6a3-7163a94e0626/element/6d051b16-1b10-4719-a845-7293792d85ee/element'
15:50:26.768 [Forwarding findChildElement on session 14f61660-7bcc-4279-b6a3-7163a94e0626 to remote] DEBUG o.a.netty.request.NettyRequestSender - Using open Channel [id: 0x7c68b8df, L:/127.0.0.1:64390 - R:localhost/127.0.0.1:10889] for POST '/session/14f61660-7bcc-4279-b6a3-7163a94e0626/element/6d051b16-1b10-4719-a845-7293792d85ee/element'
15:50:26.772 [AsyncHttpClient-3-1] DEBUG o.a.netty.handler.HttpHandler - 

Request DefaultHttpRequest(decodeResult: success, version: HTTP/1.1)
POST /session/14f61660-7bcc-4279-b6a3-7163a94e0626/element/6d051b16-1b10-4719-a845-7293792d85ee/element HTTP/1.1
User-Agent: selenium/4.0.0-alpha-5 (java windows)
Content-Length: 97
Content-Type: application/json; charset=utf-8
host: localhost:10889
accept: */*

Response DefaultHttpResponse(decodeResult: success, version: HTTP/1.1)
HTTP/1.1 200 OK
content-type: application/json; charset=utf-8
cache-control: no-cache
content-length: 88
date: Thu, 25 Jun 2020 12:50:26 GMT

15:50:26.772 [AsyncHttpClient-3-1] DEBUG o.a.netty.channel.ChannelManager - Adding key: http://localhost:10889 for channel [id: 0x7c68b8df, L:/127.0.0.1:64390 - R:localhost/127.0.0.1:10889]
15:50:26.775 [Forwarding getElementAttribute on session 14f61660-7bcc-4279-b6a3-7163a94e0626 to remote] DEBUG o.a.netty.request.NettyRequestSender - Using pooled Channel '[id: 0x7c68b8df, L:/127.0.0.1:64390 - R:localhost/127.0.0.1:10889]' for 'POST' to 'http://localhost:10889/session/14f61660-7bcc-4279-b6a3-7163a94e0626/execute/sync'
15:50:26.775 [Forwarding getElementAttribute on session 14f61660-7bcc-4279-b6a3-7163a94e0626 to remote] DEBUG o.a.netty.request.NettyRequestSender - Using open Channel [id: 0x7c68b8df, L:/127.0.0.1:64390 - R:localhost/127.0.0.1:10889] for POST '/session/14f61660-7bcc-4279-b6a3-7163a94e0626/execute/sync'
15:50:26.789 [AsyncHttpClient-3-1] DEBUG o.a.netty.handler.HttpHandler - 

Request DefaultHttpRequest(decodeResult: success, version: HTTP/1.1)
POST /session/14f61660-7bcc-4279-b6a3-7163a94e0626/execute/sync HTTP/1.1
User-Agent: selenium/4.0.0-alpha-5 (java windows)
Content-Length: 39635
Content-Type: application/json; charset=utf-8
host: localhost:10889
accept: */*

Response DefaultHttpResponse(decodeResult: success, version: HTTP/1.1)
HTTP/1.1 200 OK
content-type: application/json; charset=utf-8
cache-control: no-cache
content-length: 15
date: Thu, 25 Jun 2020 12:50:26 GMT

15:50:26.789 [AsyncHttpClient-3-1] DEBUG o.a.netty.channel.ChannelManager - Adding key: http://localhost:10889 for channel [id: 0x7c68b8df, L:/127.0.0.1:64390 - R:localhost/127.0.0.1:10889]
15:50:26.789 [Forwarding findChildElement on session 14f61660-7bcc-4279-b6a3-7163a94e0626 to remote] DEBUG o.a.netty.request.NettyRequestSender - Using pooled Channel '[id: 0x7c68b8df, L:/127.0.0.1:64390 - R:localhost/127.0.0.1:10889]' for 'POST' to 'http://localhost:10889/session/14f61660-7bcc-4279-b6a3-7163a94e0626/element/c3e7a2a0-9628-4ec3-8da2-792c9552cd88/element'
15:50:26.789 [Forwarding findChildElement on session 14f61660-7bcc-4279-b6a3-7163a94e0626 to remote] DEBUG o.a.netty.request.NettyRequestSender - Using open Channel [id: 0x7c68b8df, L:/127.0.0.1:64390 - R:localhost/127.0.0.1:10889] for POST '/session/14f61660-7bcc-4279-b6a3-7163a94e0626/element/c3e7a2a0-9628-4ec3-8da2-792c9552cd88/element'
15:50:26.793 [AsyncHttpClient-3-1] DEBUG o.a.netty.handler.HttpHandler - 

Request DefaultHttpRequest(decodeResult: success, version: HTTP/1.1)
POST /session/14f61660-7bcc-4279-b6a3-7163a94e0626/element/c3e7a2a0-9628-4ec3-8da2-792c9552cd88/element HTTP/1.1
User-Agent: selenium/4.0.0-alpha-5 (java windows)
Content-Length: 103
Content-Type: application/json; charset=utf-8
host: localhost:10889
accept: */*

Response DefaultHttpResponse(decodeResult: success, version: HTTP/1.1)
HTTP/1.1 200 OK
content-type: application/json; charset=utf-8
cache-control: no-cache
content-length: 88
date: Thu, 25 Jun 2020 12:50:26 GMT

15:50:26.793 [AsyncHttpClient-3-1] DEBUG o.a.netty.channel.ChannelManager - Adding key: http://localhost:10889 for channel [id: 0x7c68b8df, L:/127.0.0.1:64390 - R:localhost/127.0.0.1:10889]
15:50:26.794 [Forwarding getElementText on session 14f61660-7bcc-4279-b6a3-7163a94e0626 to remote] DEBUG o.a.netty.request.NettyRequestSender - Using pooled Channel '[id: 0x7c68b8df, L:/127.0.0.1:64390 - R:localhost/127.0.0.1:10889]' for 'GET' to 'http://localhost:10889/session/14f61660-7bcc-4279-b6a3-7163a94e0626/element/316693ff-c08b-449c-96d4-50e42bacf00d/text'
15:50:26.794 [Forwarding getElementText on session 14f61660-7bcc-4279-b6a3-7163a94e0626 to remote] DEBUG o.a.netty.request.NettyRequestSender - Using open Channel [id: 0x7c68b8df, L:/127.0.0.1:64390 - R:localhost/127.0.0.1:10889] for GET '/session/14f61660-7bcc-4279-b6a3-7163a94e0626/element/316693ff-c08b-449c-96d4-50e42bacf00d/text'
15:50:26.798 [AsyncHttpClient-3-1] DEBUG o.a.netty.handler.HttpHandler - 

Request DefaultFullHttpRequest(decodeResult: success, version: HTTP/1.1, content: EmptyByteBufBE)
GET /session/14f61660-7bcc-4279-b6a3-7163a94e0626/element/316693ff-c08b-449c-96d4-50e42bacf00d/text HTTP/1.1
User-Agent: selenium/4.0.0-alpha-5 (java windows)
Cache-Control: no-cache
host: localhost:10889
accept: */*

Response DefaultHttpResponse(decodeResult: success, version: HTTP/1.1)
HTTP/1.1 200 OK
content-type: application/json; charset=utf-8
cache-control: no-cache
content-length: 19
date: Thu, 25 Jun 2020 12:50:26 GMT

15:50:26.798 [AsyncHttpClient-3-1] DEBUG o.a.netty.channel.ChannelManager - Adding key: http://localhost:10889 for channel [id: 0x7c68b8df, L:/127.0.0.1:64390 - R:localhost/127.0.0.1:10889]
15:50:26.798 [Forwarding findChildElement on session 14f61660-7bcc-4279-b6a3-7163a94e0626 to remote] DEBUG o.a.netty.request.NettyRequestSender - Using pooled Channel '[id: 0x7c68b8df, L:/127.0.0.1:64390 - R:localhost/127.0.0.1:10889]' for 'POST' to 'http://localhost:10889/session/14f61660-7bcc-4279-b6a3-7163a94e0626/element/c3e7a2a0-9628-4ec3-8da2-792c9552cd88/element'
15:50:26.798 [Forwarding findChildElement on session 14f61660-7bcc-4279-b6a3-7163a94e0626 to remote] DEBUG o.a.netty.request.NettyRequestSender - Using open Channel [id: 0x7c68b8df, L:/127.0.0.1:64390 - R:localhost/127.0.0.1:10889] for POST '/session/14f61660-7bcc-4279-b6a3-7163a94e0626/element/c3e7a2a0-9628-4ec3-8da2-792c9552cd88/element'
15:50:26.802 [AsyncHttpClient-3-1] DEBUG o.a.netty.handler.HttpHandler - 

Request DefaultHttpRequest(decodeResult: success, version: HTTP/1.1)
POST /session/14f61660-7bcc-4279-b6a3-7163a94e0626/element/c3e7a2a0-9628-4ec3-8da2-792c9552cd88/element HTTP/1.1
User-Agent: selenium/4.0.0-alpha-5 (java windows)
Content-Length: 103
Content-Type: application/json; charset=utf-8
host: localhost:10889
accept: */*

Response DefaultHttpResponse(decodeResult: success, version: HTTP/1.1)
HTTP/1.1 200 OK
content-type: application/json; charset=utf-8
cache-control: no-cache
content-length: 88
date: Thu, 25 Jun 2020 12:50:26 GMT

15:50:26.802 [AsyncHttpClient-3-1] DEBUG o.a.netty.channel.ChannelManager - Adding key: http://localhost:10889 for channel [id: 0x7c68b8df, L:/127.0.0.1:64390 - R:localhost/127.0.0.1:10889]
15:50:26.802 [Forwarding getElementText on session 14f61660-7bcc-4279-b6a3-7163a94e0626 to remote] DEBUG o.a.netty.request.NettyRequestSender - Using pooled Channel '[id: 0x7c68b8df, L:/127.0.0.1:64390 - R:localhost/127.0.0.1:10889]' for 'GET' to 'http://localhost:10889/session/14f61660-7bcc-4279-b6a3-7163a94e0626/element/f64f4af5-22c0-4c72-b136-4b24359973d4/text'
15:50:26.803 [Forwarding getElementText on session 14f61660-7bcc-4279-b6a3-7163a94e0626 to remote] DEBUG o.a.netty.request.NettyRequestSender - Using open Channel [id: 0x7c68b8df, L:/127.0.0.1:64390 - R:localhost/127.0.0.1:10889] for GET '/session/14f61660-7bcc-4279-b6a3-7163a94e0626/element/f64f4af5-22c0-4c72-b136-4b24359973d4/text'
15:50:26.807 [AsyncHttpClient-3-1] DEBUG o.a.netty.handler.HttpHandler - 

Request DefaultFullHttpRequest(decodeResult: success, version: HTTP/1.1, content: EmptyByteBufBE)
GET /session/14f61660-7bcc-4279-b6a3-7163a94e0626/element/f64f4af5-22c0-4c72-b136-4b24359973d4/text HTTP/1.1
User-Agent: selenium/4.0.0-alpha-5 (java windows)
Cache-Control: no-cache
host: localhost:10889
accept: */*

Response DefaultHttpResponse(decodeResult: success, version: HTTP/1.1)
HTTP/1.1 200 OK
content-type: application/json; charset=utf-8
cache-control: no-cache
content-length: 19
date: Thu, 25 Jun 2020 12:50:26 GMT

15:50:26.807 [AsyncHttpClient-3-1] DEBUG o.a.netty.channel.ChannelManager - Adding key: http://localhost:10889 for channel [id: 0x7c68b8df, L:/127.0.0.1:64390 - R:localhost/127.0.0.1:10889]
15:50:26.807 [Forwarding findChildElement on session 14f61660-7bcc-4279-b6a3-7163a94e0626 to remote] DEBUG o.a.netty.request.NettyRequestSender - Using pooled Channel '[id: 0x7c68b8df, L:/127.0.0.1:64390 - R:localhost/127.0.0.1:10889]' for 'POST' to 'http://localhost:10889/session/14f61660-7bcc-4279-b6a3-7163a94e0626/element/c3e7a2a0-9628-4ec3-8da2-792c9552cd88/element'
15:50:26.807 [Forwarding findChildElement on session 14f61660-7bcc-4279-b6a3-7163a94e0626 to remote] DEBUG o.a.netty.request.NettyRequestSender - Using open Channel [id: 0x7c68b8df, L:/127.0.0.1:64390 - R:localhost/127.0.0.1:10889] for POST '/session/14f61660-7bcc-4279-b6a3-7163a94e0626/element/c3e7a2a0-9628-4ec3-8da2-792c9552cd88/element'
15:50:26.811 [AsyncHttpClient-3-1] DEBUG o.a.netty.handler.HttpHandler - 

Request DefaultHttpRequest(decodeResult: success, version: HTTP/1.1)
POST /session/14f61660-7bcc-4279-b6a3-7163a94e0626/element/c3e7a2a0-9628-4ec3-8da2-792c9552cd88/element HTTP/1.1
User-Agent: selenium/4.0.0-alpha-5 (java windows)
Content-Length: 103
Content-Type: application/json; charset=utf-8
host: localhost:10889
accept: */*

Response DefaultHttpResponse(decodeResult: success, version: HTTP/1.1)
HTTP/1.1 200 OK
content-type: application/json; charset=utf-8
cache-control: no-cache
content-length: 88
date: Thu, 25 Jun 2020 12:50:26 GMT

15:50:26.811 [AsyncHttpClient-3-1] DEBUG o.a.netty.channel.ChannelManager - Adding key: http://localhost:10889 for channel [id: 0x7c68b8df, L:/127.0.0.1:64390 - R:localhost/127.0.0.1:10889]
15:50:26.811 [Forwarding getElementText on session 14f61660-7bcc-4279-b6a3-7163a94e0626 to remote] DEBUG o.a.netty.request.NettyRequestSender - Using pooled Channel '[id: 0x7c68b8df, L:/127.0.0.1:64390 - R:localhost/127.0.0.1:10889]' for 'GET' to 'http://localhost:10889/session/14f61660-7bcc-4279-b6a3-7163a94e0626/element/c593e65e-1506-4a1d-b350-98b8e79dc3f6/text'
15:50:26.811 [Forwarding getElementText on session 14f61660-7bcc-4279-b6a3-7163a94e0626 to remote] DEBUG o.a.netty.request.NettyRequestSender - Using open Channel [id: 0x7c68b8df, L:/127.0.0.1:64390 - R:localhost/127.0.0.1:10889] for GET '/session/14f61660-7bcc-4279-b6a3-7163a94e0626/element/c593e65e-1506-4a1d-b350-98b8e79dc3f6/text'
15:50:26.815 [AsyncHttpClient-3-1] DEBUG o.a.netty.handler.HttpHandler - 

Request DefaultFullHttpRequest(decodeResult: success, version: HTTP/1.1, content: EmptyByteBufBE)
GET /session/14f61660-7bcc-4279-b6a3-7163a94e0626/element/c593e65e-1506-4a1d-b350-98b8e79dc3f6/text HTTP/1.1
User-Agent: selenium/4.0.0-alpha-5 (java windows)
Cache-Control: no-cache
host: localhost:10889
accept: */*

Response DefaultHttpResponse(decodeResult: success, version: HTTP/1.1)
HTTP/1.1 200 OK
content-type: application/json; charset=utf-8
cache-control: no-cache
content-length: 23
date: Thu, 25 Jun 2020 12:50:26 GMT

15:50:26.815 [AsyncHttpClient-3-1] DEBUG o.a.netty.channel.ChannelManager - Adding key: http://localhost:10889 for channel [id: 0x7c68b8df, L:/127.0.0.1:64390 - R:localhost/127.0.0.1:10889]
15:50:26.816 [Forwarding findChildElement on session 14f61660-7bcc-4279-b6a3-7163a94e0626 to remote] DEBUG o.a.netty.request.NettyRequestSender - Using pooled Channel '[id: 0x7c68b8df, L:/127.0.0.1:64390 - R:localhost/127.0.0.1:10889]' for 'POST' to 'http://localhost:10889/session/14f61660-7bcc-4279-b6a3-7163a94e0626/element/c3e7a2a0-9628-4ec3-8da2-792c9552cd88/element'
15:50:26.816 [Forwarding findChildElement on session 14f61660-7bcc-4279-b6a3-7163a94e0626 to remote] DEBUG o.a.netty.request.NettyRequestSender - Using open Channel [id: 0x7c68b8df, L:/127.0.0.1:64390 - R:localhost/127.0.0.1:10889] for POST '/session/14f61660-7bcc-4279-b6a3-7163a94e0626/element/c3e7a2a0-9628-4ec3-8da2-792c9552cd88/element'
15:50:26.820 [AsyncHttpClient-3-1] DEBUG o.a.netty.handler.HttpHandler - 

Request DefaultHttpRequest(decodeResult: success, version: HTTP/1.1)
POST /session/14f61660-7bcc-4279-b6a3-7163a94e0626/element/c3e7a2a0-9628-4ec3-8da2-792c9552cd88/element HTTP/1.1
User-Agent: selenium/4.0.0-alpha-5 (java windows)
Content-Length: 103
Content-Type: application/json; charset=utf-8
host: localhost:10889
accept: */*

Response DefaultHttpResponse(decodeResult: success, version: HTTP/1.1)
HTTP/1.1 200 OK
content-type: application/json; charset=utf-8
cache-control: no-cache
content-length: 88
date: Thu, 25 Jun 2020 12:50:26 GMT

15:50:26.820 [AsyncHttpClient-3-1] DEBUG o.a.netty.channel.ChannelManager - Adding key: http://localhost:10889 for channel [id: 0x7c68b8df, L:/127.0.0.1:64390 - R:localhost/127.0.0.1:10889]
15:50:26.820 [Forwarding getElementText on session 14f61660-7bcc-4279-b6a3-7163a94e0626 to remote] DEBUG o.a.netty.request.NettyRequestSender - Using pooled Channel '[id: 0x7c68b8df, L:/127.0.0.1:64390 - R:localhost/127.0.0.1:10889]' for 'GET' to 'http://localhost:10889/session/14f61660-7bcc-4279-b6a3-7163a94e0626/element/576a8827-3958-4898-ab96-f501e90d9c7d/text'
15:50:26.820 [Forwarding getElementText on session 14f61660-7bcc-4279-b6a3-7163a94e0626 to remote] DEBUG o.a.netty.request.NettyRequestSender - Using open Channel [id: 0x7c68b8df, L:/127.0.0.1:64390 - R:localhost/127.0.0.1:10889] for GET '/session/14f61660-7bcc-4279-b6a3-7163a94e0626/element/576a8827-3958-4898-ab96-f501e90d9c7d/text'
15:50:26.824 [AsyncHttpClient-3-1] DEBUG o.a.netty.handler.HttpHandler - 

Request DefaultFullHttpRequest(decodeResult: success, version: HTTP/1.1, content: EmptyByteBufBE)
GET /session/14f61660-7bcc-4279-b6a3-7163a94e0626/element/576a8827-3958-4898-ab96-f501e90d9c7d/text HTTP/1.1
User-Agent: selenium/4.0.0-alpha-5 (java windows)
Cache-Control: no-cache
host: localhost:10889
accept: */*

Response DefaultHttpResponse(decodeResult: success, version: HTTP/1.1)
HTTP/1.1 200 OK
content-type: application/json; charset=utf-8
cache-control: no-cache
content-length: 43
date: Thu, 25 Jun 2020 12:50:26 GMT

15:50:26.825 [AsyncHttpClient-3-1] DEBUG o.a.netty.channel.ChannelManager - Adding key: http://localhost:10889 for channel [id: 0x7c68b8df, L:/127.0.0.1:64390 - R:localhost/127.0.0.1:10889]
15:50:26.825 [Forwarding findChildElement on session 14f61660-7bcc-4279-b6a3-7163a94e0626 to remote] DEBUG o.a.netty.request.NettyRequestSender - Using pooled Channel '[id: 0x7c68b8df, L:/127.0.0.1:64390 - R:localhost/127.0.0.1:10889]' for 'POST' to 'http://localhost:10889/session/14f61660-7bcc-4279-b6a3-7163a94e0626/element/c3e7a2a0-9628-4ec3-8da2-792c9552cd88/element'
15:50:26.825 [Forwarding findChildElement on session 14f61660-7bcc-4279-b6a3-7163a94e0626 to remote] DEBUG o.a.netty.request.NettyRequestSender - Using open Channel [id: 0x7c68b8df, L:/127.0.0.1:64390 - R:localhost/127.0.0.1:10889] for POST '/session/14f61660-7bcc-4279-b6a3-7163a94e0626/element/c3e7a2a0-9628-4ec3-8da2-792c9552cd88/element'
15:50:26.829 [AsyncHttpClient-3-1] DEBUG o.a.netty.handler.HttpHandler - 

Request DefaultHttpRequest(decodeResult: success, version: HTTP/1.1)
POST /session/14f61660-7bcc-4279-b6a3-7163a94e0626/element/c3e7a2a0-9628-4ec3-8da2-792c9552cd88/element HTTP/1.1
User-Agent: selenium/4.0.0-alpha-5 (java windows)
Content-Length: 103
Content-Type: application/json; charset=utf-8
host: localhost:10889
accept: */*

Response DefaultHttpResponse(decodeResult: success, version: HTTP/1.1)
HTTP/1.1 200 OK
content-type: application/json; charset=utf-8
cache-control: no-cache
content-length: 88
date: Thu, 25 Jun 2020 12:50:26 GMT

15:50:26.829 [AsyncHttpClient-3-1] DEBUG o.a.netty.channel.ChannelManager - Adding key: http://localhost:10889 for channel [id: 0x7c68b8df, L:/127.0.0.1:64390 - R:localhost/127.0.0.1:10889]
15:50:26.829 [Forwarding getElementText on session 14f61660-7bcc-4279-b6a3-7163a94e0626 to remote] DEBUG o.a.netty.request.NettyRequestSender - Using pooled Channel '[id: 0x7c68b8df, L:/127.0.0.1:64390 - R:localhost/127.0.0.1:10889]' for 'GET' to 'http://localhost:10889/session/14f61660-7bcc-4279-b6a3-7163a94e0626/element/1d2dfd80-1136-4e59-8bb3-a2ee8ff52caf/text'
15:50:26.829 [Forwarding getElementText on session 14f61660-7bcc-4279-b6a3-7163a94e0626 to remote] DEBUG o.a.netty.request.NettyRequestSender - Using open Channel [id: 0x7c68b8df, L:/127.0.0.1:64390 - R:localhost/127.0.0.1:10889] for GET '/session/14f61660-7bcc-4279-b6a3-7163a94e0626/element/1d2dfd80-1136-4e59-8bb3-a2ee8ff52caf/text'
15:50:26.836 [AsyncHttpClient-3-1] DEBUG o.a.netty.handler.HttpHandler - 

Request DefaultFullHttpRequest(decodeResult: success, version: HTTP/1.1, content: EmptyByteBufBE)
GET /session/14f61660-7bcc-4279-b6a3-7163a94e0626/element/1d2dfd80-1136-4e59-8bb3-a2ee8ff52caf/text HTTP/1.1
User-Agent: selenium/4.0.0-alpha-5 (java windows)
Cache-Control: no-cache
host: localhost:10889
accept: */*

Response DefaultHttpResponse(decodeResult: success, version: HTTP/1.1)
HTTP/1.1 200 OK
content-type: application/json; charset=utf-8
cache-control: no-cache
content-length: 60
date: Thu, 25 Jun 2020 12:50:26 GMT

15:50:26.836 [AsyncHttpClient-3-1] DEBUG o.a.netty.channel.ChannelManager - Adding key: http://localhost:10889 for channel [id: 0x7c68b8df, L:/127.0.0.1:64390 - R:localhost/127.0.0.1:10889]
15:50:26.836 [Forwarding findChildElement on session 14f61660-7bcc-4279-b6a3-7163a94e0626 to remote] DEBUG o.a.netty.request.NettyRequestSender - Using pooled Channel '[id: 0x7c68b8df, L:/127.0.0.1:64390 - R:localhost/127.0.0.1:10889]' for 'POST' to 'http://localhost:10889/session/14f61660-7bcc-4279-b6a3-7163a94e0626/element/c3e7a2a0-9628-4ec3-8da2-792c9552cd88/element'
15:50:26.837 [Forwarding findChildElement on session 14f61660-7bcc-4279-b6a3-7163a94e0626 to remote] DEBUG o.a.netty.request.NettyRequestSender - Using open Channel [id: 0x7c68b8df, L:/127.0.0.1:64390 - R:localhost/127.0.0.1:10889] for POST '/session/14f61660-7bcc-4279-b6a3-7163a94e0626/element/c3e7a2a0-9628-4ec3-8da2-792c9552cd88/element'
15:50:26.840 [AsyncHttpClient-3-1] DEBUG o.a.netty.handler.HttpHandler - 

Request DefaultHttpRequest(decodeResult: success, version: HTTP/1.1)
POST /session/14f61660-7bcc-4279-b6a3-7163a94e0626/element/c3e7a2a0-9628-4ec3-8da2-792c9552cd88/element HTTP/1.1
User-Agent: selenium/4.0.0-alpha-5 (java windows)
Content-Length: 97
Content-Type: application/json; charset=utf-8
host: localhost:10889
accept: */*

Response DefaultHttpResponse(decodeResult: success, version: HTTP/1.1)
HTTP/1.1 200 OK
content-type: application/json; charset=utf-8
cache-control: no-cache
content-length: 88
date: Thu, 25 Jun 2020 12:50:26 GMT

15:50:26.840 [AsyncHttpClient-3-1] DEBUG o.a.netty.channel.ChannelManager - Adding key: http://localhost:10889 for channel [id: 0x7c68b8df, L:/127.0.0.1:64390 - R:localhost/127.0.0.1:10889]
15:50:26.843 [Forwarding getElementAttribute on session 14f61660-7bcc-4279-b6a3-7163a94e0626 to remote] DEBUG o.a.netty.request.NettyRequestSender - Using pooled Channel '[id: 0x7c68b8df, L:/127.0.0.1:64390 - R:localhost/127.0.0.1:10889]' for 'POST' to 'http://localhost:10889/session/14f61660-7bcc-4279-b6a3-7163a94e0626/execute/sync'
15:50:26.843 [Forwarding getElementAttribute on session 14f61660-7bcc-4279-b6a3-7163a94e0626 to remote] DEBUG o.a.netty.request.NettyRequestSender - Using open Channel [id: 0x7c68b8df, L:/127.0.0.1:64390 - R:localhost/127.0.0.1:10889] for POST '/session/14f61660-7bcc-4279-b6a3-7163a94e0626/execute/sync'
15:50:26.855 [AsyncHttpClient-3-1] DEBUG o.a.netty.handler.HttpHandler - 

Request DefaultHttpRequest(decodeResult: success, version: HTTP/1.1)
POST /session/14f61660-7bcc-4279-b6a3-7163a94e0626/execute/sync HTTP/1.1
User-Agent: selenium/4.0.0-alpha-5 (java windows)
Content-Length: 39635
Content-Type: application/json; charset=utf-8
host: localhost:10889
accept: */*

Response DefaultHttpResponse(decodeResult: success, version: HTTP/1.1)
HTTP/1.1 200 OK
content-type: application/json; charset=utf-8
cache-control: no-cache
content-length: 15
date: Thu, 25 Jun 2020 12:50:26 GMT

15:50:26.855 [AsyncHttpClient-3-1] DEBUG o.a.netty.channel.ChannelManager - Adding key: http://localhost:10889 for channel [id: 0x7c68b8df, L:/127.0.0.1:64390 - R:localhost/127.0.0.1:10889]
15:50:26.855 [Forwarding findChildElement on session 14f61660-7bcc-4279-b6a3-7163a94e0626 to remote] DEBUG o.a.netty.request.NettyRequestSender - Using pooled Channel '[id: 0x7c68b8df, L:/127.0.0.1:64390 - R:localhost/127.0.0.1:10889]' for 'POST' to 'http://localhost:10889/session/14f61660-7bcc-4279-b6a3-7163a94e0626/element/29edc31f-20aa-4907-b403-0f044b0617b5/element'
15:50:26.855 [Forwarding findChildElement on session 14f61660-7bcc-4279-b6a3-7163a94e0626 to remote] DEBUG o.a.netty.request.NettyRequestSender - Using open Channel [id: 0x7c68b8df, L:/127.0.0.1:64390 - R:localhost/127.0.0.1:10889] for POST '/session/14f61660-7bcc-4279-b6a3-7163a94e0626/element/29edc31f-20aa-4907-b403-0f044b0617b5/element'
15:50:26.859 [AsyncHttpClient-3-1] DEBUG o.a.netty.handler.HttpHandler - 

Request DefaultHttpRequest(decodeResult: success, version: HTTP/1.1)
POST /session/14f61660-7bcc-4279-b6a3-7163a94e0626/element/29edc31f-20aa-4907-b403-0f044b0617b5/element HTTP/1.1
User-Agent: selenium/4.0.0-alpha-5 (java windows)
Content-Length: 103
Content-Type: application/json; charset=utf-8
host: localhost:10889
accept: */*

Response DefaultHttpResponse(decodeResult: success, version: HTTP/1.1)
HTTP/1.1 200 OK
content-type: application/json; charset=utf-8
cache-control: no-cache
content-length: 88
date: Thu, 25 Jun 2020 12:50:26 GMT

15:50:26.859 [AsyncHttpClient-3-1] DEBUG o.a.netty.channel.ChannelManager - Adding key: http://localhost:10889 for channel [id: 0x7c68b8df, L:/127.0.0.1:64390 - R:localhost/127.0.0.1:10889]
15:50:26.859 [Forwarding getElementText on session 14f61660-7bcc-4279-b6a3-7163a94e0626 to remote] DEBUG o.a.netty.request.NettyRequestSender - Using pooled Channel '[id: 0x7c68b8df, L:/127.0.0.1:64390 - R:localhost/127.0.0.1:10889]' for 'GET' to 'http://localhost:10889/session/14f61660-7bcc-4279-b6a3-7163a94e0626/element/e1c09889-b756-4e05-8b9f-a4fac168d0bd/text'
15:50:26.859 [Forwarding getElementText on session 14f61660-7bcc-4279-b6a3-7163a94e0626 to remote] DEBUG o.a.netty.request.NettyRequestSender - Using open Channel [id: 0x7c68b8df, L:/127.0.0.1:64390 - R:localhost/127.0.0.1:10889] for GET '/session/14f61660-7bcc-4279-b6a3-7163a94e0626/element/e1c09889-b756-4e05-8b9f-a4fac168d0bd/text'
15:50:26.863 [AsyncHttpClient-3-1] DEBUG o.a.netty.handler.HttpHandler - 

Request DefaultFullHttpRequest(decodeResult: success, version: HTTP/1.1, content: EmptyByteBufBE)
GET /session/14f61660-7bcc-4279-b6a3-7163a94e0626/element/e1c09889-b756-4e05-8b9f-a4fac168d0bd/text HTTP/1.1
User-Agent: selenium/4.0.0-alpha-5 (java windows)
Cache-Control: no-cache
host: localhost:10889
accept: */*

Response DefaultHttpResponse(decodeResult: success, version: HTTP/1.1)
HTTP/1.1 200 OK
content-type: application/json; charset=utf-8
cache-control: no-cache
content-length: 19
date: Thu, 25 Jun 2020 12:50:26 GMT

15:50:26.863 [AsyncHttpClient-3-1] DEBUG o.a.netty.channel.ChannelManager - Adding key: http://localhost:10889 for channel [id: 0x7c68b8df, L:/127.0.0.1:64390 - R:localhost/127.0.0.1:10889]
15:50:26.864 [Forwarding findChildElement on session 14f61660-7bcc-4279-b6a3-7163a94e0626 to remote] DEBUG o.a.netty.request.NettyRequestSender - Using pooled Channel '[id: 0x7c68b8df, L:/127.0.0.1:64390 - R:localhost/127.0.0.1:10889]' for 'POST' to 'http://localhost:10889/session/14f61660-7bcc-4279-b6a3-7163a94e0626/element/29edc31f-20aa-4907-b403-0f044b0617b5/element'
15:50:26.864 [Forwarding findChildElement on session 14f61660-7bcc-4279-b6a3-7163a94e0626 to remote] DEBUG o.a.netty.request.NettyRequestSender - Using open Channel [id: 0x7c68b8df, L:/127.0.0.1:64390 - R:localhost/127.0.0.1:10889] for POST '/session/14f61660-7bcc-4279-b6a3-7163a94e0626/element/29edc31f-20aa-4907-b403-0f044b0617b5/element'
15:50:26.868 [AsyncHttpClient-3-1] DEBUG o.a.netty.handler.HttpHandler - 

Request DefaultHttpRequest(decodeResult: success, version: HTTP/1.1)
POST /session/14f61660-7bcc-4279-b6a3-7163a94e0626/element/29edc31f-20aa-4907-b403-0f044b0617b5/element HTTP/1.1
User-Agent: selenium/4.0.0-alpha-5 (java windows)
Content-Length: 103
Content-Type: application/json; charset=utf-8
host: localhost:10889
accept: */*

Response DefaultHttpResponse(decodeResult: success, version: HTTP/1.1)
HTTP/1.1 200 OK
content-type: application/json; charset=utf-8
cache-control: no-cache
content-length: 88
date: Thu, 25 Jun 2020 12:50:26 GMT

15:50:26.868 [AsyncHttpClient-3-1] DEBUG o.a.netty.channel.ChannelManager - Adding key: http://localhost:10889 for channel [id: 0x7c68b8df, L:/127.0.0.1:64390 - R:localhost/127.0.0.1:10889]
15:50:26.868 [Forwarding getElementText on session 14f61660-7bcc-4279-b6a3-7163a94e0626 to remote] DEBUG o.a.netty.request.NettyRequestSender - Using pooled Channel '[id: 0x7c68b8df, L:/127.0.0.1:64390 - R:localhost/127.0.0.1:10889]' for 'GET' to 'http://localhost:10889/session/14f61660-7bcc-4279-b6a3-7163a94e0626/element/f634afea-a0ba-4f8d-836f-37e2a0ddffc3/text'
15:50:26.868 [Forwarding getElementText on session 14f61660-7bcc-4279-b6a3-7163a94e0626 to remote] DEBUG o.a.netty.request.NettyRequestSender - Using open Channel [id: 0x7c68b8df, L:/127.0.0.1:64390 - R:localhost/127.0.0.1:10889] for GET '/session/14f61660-7bcc-4279-b6a3-7163a94e0626/element/f634afea-a0ba-4f8d-836f-37e2a0ddffc3/text'
15:50:26.873 [AsyncHttpClient-3-1] DEBUG o.a.netty.handler.HttpHandler - 

Request DefaultFullHttpRequest(decodeResult: success, version: HTTP/1.1, content: EmptyByteBufBE)
GET /session/14f61660-7bcc-4279-b6a3-7163a94e0626/element/f634afea-a0ba-4f8d-836f-37e2a0ddffc3/text HTTP/1.1
User-Agent: selenium/4.0.0-alpha-5 (java windows)
Cache-Control: no-cache
host: localhost:10889
accept: */*

Response DefaultHttpResponse(decodeResult: success, version: HTTP/1.1)
HTTP/1.1 200 OK
content-type: application/json; charset=utf-8
cache-control: no-cache
content-length: 19
date: Thu, 25 Jun 2020 12:50:26 GMT

15:50:26.873 [AsyncHttpClient-3-1] DEBUG o.a.netty.channel.ChannelManager - Adding key: http://localhost:10889 for channel [id: 0x7c68b8df, L:/127.0.0.1:64390 - R:localhost/127.0.0.1:10889]
15:50:26.873 [Forwarding findChildElement on session 14f61660-7bcc-4279-b6a3-7163a94e0626 to remote] DEBUG o.a.netty.request.NettyRequestSender - Using pooled Channel '[id: 0x7c68b8df, L:/127.0.0.1:64390 - R:localhost/127.0.0.1:10889]' for 'POST' to 'http://localhost:10889/session/14f61660-7bcc-4279-b6a3-7163a94e0626/element/29edc31f-20aa-4907-b403-0f044b0617b5/element'
15:50:26.873 [Forwarding findChildElement on session 14f61660-7bcc-4279-b6a3-7163a94e0626 to remote] DEBUG o.a.netty.request.NettyRequestSender - Using open Channel [id: 0x7c68b8df, L:/127.0.0.1:64390 - R:localhost/127.0.0.1:10889] for POST '/session/14f61660-7bcc-4279-b6a3-7163a94e0626/element/29edc31f-20aa-4907-b403-0f044b0617b5/element'
15:50:26.877 [AsyncHttpClient-3-1] DEBUG o.a.netty.handler.HttpHandler - 

Request DefaultHttpRequest(decodeResult: success, version: HTTP/1.1)
POST /session/14f61660-7bcc-4279-b6a3-7163a94e0626/element/29edc31f-20aa-4907-b403-0f044b0617b5/element HTTP/1.1
User-Agent: selenium/4.0.0-alpha-5 (java windows)
Content-Length: 103
Content-Type: application/json; charset=utf-8
host: localhost:10889
accept: */*

Response DefaultHttpResponse(decodeResult: success, version: HTTP/1.1)
HTTP/1.1 200 OK
content-type: application/json; charset=utf-8
cache-control: no-cache
content-length: 88
date: Thu, 25 Jun 2020 12:50:26 GMT

15:50:26.877 [AsyncHttpClient-3-1] DEBUG o.a.netty.channel.ChannelManager - Adding key: http://localhost:10889 for channel [id: 0x7c68b8df, L:/127.0.0.1:64390 - R:localhost/127.0.0.1:10889]
15:50:26.878 [Forwarding getElementText on session 14f61660-7bcc-4279-b6a3-7163a94e0626 to remote] DEBUG o.a.netty.request.NettyRequestSender - Using pooled Channel '[id: 0x7c68b8df, L:/127.0.0.1:64390 - R:localhost/127.0.0.1:10889]' for 'GET' to 'http://localhost:10889/session/14f61660-7bcc-4279-b6a3-7163a94e0626/element/a327441f-f2e6-4a44-a64b-ded2a526c2c8/text'
15:50:26.878 [Forwarding getElementText on session 14f61660-7bcc-4279-b6a3-7163a94e0626 to remote] DEBUG o.a.netty.request.NettyRequestSender - Using open Channel [id: 0x7c68b8df, L:/127.0.0.1:64390 - R:localhost/127.0.0.1:10889] for GET '/session/14f61660-7bcc-4279-b6a3-7163a94e0626/element/a327441f-f2e6-4a44-a64b-ded2a526c2c8/text'
15:50:26.882 [AsyncHttpClient-3-1] DEBUG o.a.netty.handler.HttpHandler - 

Request DefaultFullHttpRequest(decodeResult: success, version: HTTP/1.1, content: EmptyByteBufBE)
GET /session/14f61660-7bcc-4279-b6a3-7163a94e0626/element/a327441f-f2e6-4a44-a64b-ded2a526c2c8/text HTTP/1.1
User-Agent: selenium/4.0.0-alpha-5 (java windows)
Cache-Control: no-cache
host: localhost:10889
accept: */*

Response DefaultHttpResponse(decodeResult: success, version: HTTP/1.1)
HTTP/1.1 200 OK
content-type: application/json; charset=utf-8
cache-control: no-cache
content-length: 23
date: Thu, 25 Jun 2020 12:50:26 GMT

15:50:26.882 [AsyncHttpClient-3-1] DEBUG o.a.netty.channel.ChannelManager - Adding key: http://localhost:10889 for channel [id: 0x7c68b8df, L:/127.0.0.1:64390 - R:localhost/127.0.0.1:10889]
15:50:26.883 [Forwarding findChildElement on session 14f61660-7bcc-4279-b6a3-7163a94e0626 to remote] DEBUG o.a.netty.request.NettyRequestSender - Using pooled Channel '[id: 0x7c68b8df, L:/127.0.0.1:64390 - R:localhost/127.0.0.1:10889]' for 'POST' to 'http://localhost:10889/session/14f61660-7bcc-4279-b6a3-7163a94e0626/element/29edc31f-20aa-4907-b403-0f044b0617b5/element'
15:50:26.883 [Forwarding findChildElement on session 14f61660-7bcc-4279-b6a3-7163a94e0626 to remote] DEBUG o.a.netty.request.NettyRequestSender - Using open Channel [id: 0x7c68b8df, L:/127.0.0.1:64390 - R:localhost/127.0.0.1:10889] for POST '/session/14f61660-7bcc-4279-b6a3-7163a94e0626/element/29edc31f-20aa-4907-b403-0f044b0617b5/element'
15:50:26.886 [AsyncHttpClient-3-1] DEBUG o.a.netty.handler.HttpHandler - 

Request DefaultHttpRequest(decodeResult: success, version: HTTP/1.1)
POST /session/14f61660-7bcc-4279-b6a3-7163a94e0626/element/29edc31f-20aa-4907-b403-0f044b0617b5/element HTTP/1.1
User-Agent: selenium/4.0.0-alpha-5 (java windows)
Content-Length: 103
Content-Type: application/json; charset=utf-8
host: localhost:10889
accept: */*

Response DefaultHttpResponse(decodeResult: success, version: HTTP/1.1)
HTTP/1.1 200 OK
content-type: application/json; charset=utf-8
cache-control: no-cache
content-length: 88
date: Thu, 25 Jun 2020 12:50:26 GMT

15:50:26.886 [AsyncHttpClient-3-1] DEBUG o.a.netty.channel.ChannelManager - Adding key: http://localhost:10889 for channel [id: 0x7c68b8df, L:/127.0.0.1:64390 - R:localhost/127.0.0.1:10889]
15:50:26.887 [Forwarding getElementText on session 14f61660-7bcc-4279-b6a3-7163a94e0626 to remote] DEBUG o.a.netty.request.NettyRequestSender - Using pooled Channel '[id: 0x7c68b8df, L:/127.0.0.1:64390 - R:localhost/127.0.0.1:10889]' for 'GET' to 'http://localhost:10889/session/14f61660-7bcc-4279-b6a3-7163a94e0626/element/ba92b113-6187-4291-b5f1-b17d8386551a/text'
15:50:26.887 [Forwarding getElementText on session 14f61660-7bcc-4279-b6a3-7163a94e0626 to remote] DEBUG o.a.netty.request.NettyRequestSender - Using open Channel [id: 0x7c68b8df, L:/127.0.0.1:64390 - R:localhost/127.0.0.1:10889] for GET '/session/14f61660-7bcc-4279-b6a3-7163a94e0626/element/ba92b113-6187-4291-b5f1-b17d8386551a/text'
15:50:26.891 [AsyncHttpClient-3-1] DEBUG o.a.netty.handler.HttpHandler - 

Request DefaultFullHttpRequest(decodeResult: success, version: HTTP/1.1, content: EmptyByteBufBE)
GET /session/14f61660-7bcc-4279-b6a3-7163a94e0626/element/ba92b113-6187-4291-b5f1-b17d8386551a/text HTTP/1.1
User-Agent: selenium/4.0.0-alpha-5 (java windows)
Cache-Control: no-cache
host: localhost:10889
accept: */*

Response DefaultHttpResponse(decodeResult: success, version: HTTP/1.1)
HTTP/1.1 200 OK
content-type: application/json; charset=utf-8
cache-control: no-cache
content-length: 43
date: Thu, 25 Jun 2020 12:50:26 GMT

15:50:26.891 [AsyncHttpClient-3-1] DEBUG o.a.netty.channel.ChannelManager - Adding key: http://localhost:10889 for channel [id: 0x7c68b8df, L:/127.0.0.1:64390 - R:localhost/127.0.0.1:10889]
15:50:26.892 [Forwarding findChildElement on session 14f61660-7bcc-4279-b6a3-7163a94e0626 to remote] DEBUG o.a.netty.request.NettyRequestSender - Using pooled Channel '[id: 0x7c68b8df, L:/127.0.0.1:64390 - R:localhost/127.0.0.1:10889]' for 'POST' to 'http://localhost:10889/session/14f61660-7bcc-4279-b6a3-7163a94e0626/element/29edc31f-20aa-4907-b403-0f044b0617b5/element'
15:50:26.892 [Forwarding findChildElement on session 14f61660-7bcc-4279-b6a3-7163a94e0626 to remote] DEBUG o.a.netty.request.NettyRequestSender - Using open Channel [id: 0x7c68b8df, L:/127.0.0.1:64390 - R:localhost/127.0.0.1:10889] for POST '/session/14f61660-7bcc-4279-b6a3-7163a94e0626/element/29edc31f-20aa-4907-b403-0f044b0617b5/element'
15:50:26.895 [AsyncHttpClient-3-1] DEBUG o.a.netty.handler.HttpHandler - 

Request DefaultHttpRequest(decodeResult: success, version: HTTP/1.1)
POST /session/14f61660-7bcc-4279-b6a3-7163a94e0626/element/29edc31f-20aa-4907-b403-0f044b0617b5/element HTTP/1.1
User-Agent: selenium/4.0.0-alpha-5 (java windows)
Content-Length: 103
Content-Type: application/json; charset=utf-8
host: localhost:10889
accept: */*

Response DefaultHttpResponse(decodeResult: success, version: HTTP/1.1)
HTTP/1.1 200 OK
content-type: application/json; charset=utf-8
cache-control: no-cache
content-length: 88
date: Thu, 25 Jun 2020 12:50:26 GMT

15:50:26.895 [AsyncHttpClient-3-1] DEBUG o.a.netty.channel.ChannelManager - Adding key: http://localhost:10889 for channel [id: 0x7c68b8df, L:/127.0.0.1:64390 - R:localhost/127.0.0.1:10889]
15:50:26.895 [Forwarding getElementText on session 14f61660-7bcc-4279-b6a3-7163a94e0626 to remote] DEBUG o.a.netty.request.NettyRequestSender - Using pooled Channel '[id: 0x7c68b8df, L:/127.0.0.1:64390 - R:localhost/127.0.0.1:10889]' for 'GET' to 'http://localhost:10889/session/14f61660-7bcc-4279-b6a3-7163a94e0626/element/026b6bd1-c3dc-4477-8ec9-0673416e0834/text'
15:50:26.896 [Forwarding getElementText on session 14f61660-7bcc-4279-b6a3-7163a94e0626 to remote] DEBUG o.a.netty.request.NettyRequestSender - Using open Channel [id: 0x7c68b8df, L:/127.0.0.1:64390 - R:localhost/127.0.0.1:10889] for GET '/session/14f61660-7bcc-4279-b6a3-7163a94e0626/element/026b6bd1-c3dc-4477-8ec9-0673416e0834/text'
15:50:26.903 [AsyncHttpClient-3-1] DEBUG o.a.netty.handler.HttpHandler - 

Request DefaultFullHttpRequest(decodeResult: success, version: HTTP/1.1, content: EmptyByteBufBE)
GET /session/14f61660-7bcc-4279-b6a3-7163a94e0626/element/026b6bd1-c3dc-4477-8ec9-0673416e0834/text HTTP/1.1
User-Agent: selenium/4.0.0-alpha-5 (java windows)
Cache-Control: no-cache
host: localhost:10889
accept: */*

Response DefaultHttpResponse(decodeResult: success, version: HTTP/1.1)
HTTP/1.1 200 OK
content-type: application/json; charset=utf-8
cache-control: no-cache
content-length: 60
date: Thu, 25 Jun 2020 12:50:26 GMT

15:50:26.903 [AsyncHttpClient-3-1] DEBUG o.a.netty.channel.ChannelManager - Adding key: http://localhost:10889 for channel [id: 0x7c68b8df, L:/127.0.0.1:64390 - R:localhost/127.0.0.1:10889]
15:50:26.903 [Forwarding findChildElement on session 14f61660-7bcc-4279-b6a3-7163a94e0626 to remote] DEBUG o.a.netty.request.NettyRequestSender - Using pooled Channel '[id: 0x7c68b8df, L:/127.0.0.1:64390 - R:localhost/127.0.0.1:10889]' for 'POST' to 'http://localhost:10889/session/14f61660-7bcc-4279-b6a3-7163a94e0626/element/29edc31f-20aa-4907-b403-0f044b0617b5/element'
15:50:26.903 [Forwarding findChildElement on session 14f61660-7bcc-4279-b6a3-7163a94e0626 to remote] DEBUG o.a.netty.request.NettyRequestSender - Using open Channel [id: 0x7c68b8df, L:/127.0.0.1:64390 - R:localhost/127.0.0.1:10889] for POST '/session/14f61660-7bcc-4279-b6a3-7163a94e0626/element/29edc31f-20aa-4907-b403-0f044b0617b5/element'
15:50:26.907 [AsyncHttpClient-3-1] DEBUG o.a.netty.handler.HttpHandler - 

Request DefaultHttpRequest(decodeResult: success, version: HTTP/1.1)
POST /session/14f61660-7bcc-4279-b6a3-7163a94e0626/element/29edc31f-20aa-4907-b403-0f044b0617b5/element HTTP/1.1
User-Agent: selenium/4.0.0-alpha-5 (java windows)
Content-Length: 97
Content-Type: application/json; charset=utf-8
host: localhost:10889
accept: */*

Response DefaultHttpResponse(decodeResult: success, version: HTTP/1.1)
HTTP/1.1 200 OK
content-type: application/json; charset=utf-8
cache-control: no-cache
content-length: 88
date: Thu, 25 Jun 2020 12:50:26 GMT

15:50:26.907 [AsyncHttpClient-3-1] DEBUG o.a.netty.channel.ChannelManager - Adding key: http://localhost:10889 for channel [id: 0x7c68b8df, L:/127.0.0.1:64390 - R:localhost/127.0.0.1:10889]
15:50:26.909 [Forwarding getElementAttribute on session 14f61660-7bcc-4279-b6a3-7163a94e0626 to remote] DEBUG o.a.netty.request.NettyRequestSender - Using pooled Channel '[id: 0x7c68b8df, L:/127.0.0.1:64390 - R:localhost/127.0.0.1:10889]' for 'POST' to 'http://localhost:10889/session/14f61660-7bcc-4279-b6a3-7163a94e0626/execute/sync'
15:50:26.909 [Forwarding getElementAttribute on session 14f61660-7bcc-4279-b6a3-7163a94e0626 to remote] DEBUG o.a.netty.request.NettyRequestSender - Using open Channel [id: 0x7c68b8df, L:/127.0.0.1:64390 - R:localhost/127.0.0.1:10889] for POST '/session/14f61660-7bcc-4279-b6a3-7163a94e0626/execute/sync'
15:50:26.923 [AsyncHttpClient-3-1] DEBUG o.a.netty.handler.HttpHandler - 

Request DefaultHttpRequest(decodeResult: success, version: HTTP/1.1)
POST /session/14f61660-7bcc-4279-b6a3-7163a94e0626/execute/sync HTTP/1.1
User-Agent: selenium/4.0.0-alpha-5 (java windows)
Content-Length: 39635
Content-Type: application/json; charset=utf-8
host: localhost:10889
accept: */*

Response DefaultHttpResponse(decodeResult: success, version: HTTP/1.1)
HTTP/1.1 200 OK
content-type: application/json; charset=utf-8
cache-control: no-cache
content-length: 15
date: Thu, 25 Jun 2020 12:50:26 GMT

15:50:26.923 [AsyncHttpClient-3-1] DEBUG o.a.netty.channel.ChannelManager - Adding key: http://localhost:10889 for channel [id: 0x7c68b8df, L:/127.0.0.1:64390 - R:localhost/127.0.0.1:10889]
15:50:26.924 [Forwarding findChildElement on session 14f61660-7bcc-4279-b6a3-7163a94e0626 to remote] DEBUG o.a.netty.request.NettyRequestSender - Using pooled Channel '[id: 0x7c68b8df, L:/127.0.0.1:64390 - R:localhost/127.0.0.1:10889]' for 'POST' to 'http://localhost:10889/session/14f61660-7bcc-4279-b6a3-7163a94e0626/element/350a694e-0971-4093-97c9-ed8d40834b88/element'
15:50:26.924 [Forwarding findChildElement on session 14f61660-7bcc-4279-b6a3-7163a94e0626 to remote] DEBUG o.a.netty.request.NettyRequestSender - Using open Channel [id: 0x7c68b8df, L:/127.0.0.1:64390 - R:localhost/127.0.0.1:10889] for POST '/session/14f61660-7bcc-4279-b6a3-7163a94e0626/element/350a694e-0971-4093-97c9-ed8d40834b88/element'
15:50:26.928 [AsyncHttpClient-3-1] DEBUG o.a.netty.handler.HttpHandler - 

Request DefaultHttpRequest(decodeResult: success, version: HTTP/1.1)
POST /session/14f61660-7bcc-4279-b6a3-7163a94e0626/element/350a694e-0971-4093-97c9-ed8d40834b88/element HTTP/1.1
User-Agent: selenium/4.0.0-alpha-5 (java windows)
Content-Length: 103
Content-Type: application/json; charset=utf-8
host: localhost:10889
accept: */*

Response DefaultHttpResponse(decodeResult: success, version: HTTP/1.1)
HTTP/1.1 200 OK
content-type: application/json; charset=utf-8
cache-control: no-cache
content-length: 88
date: Thu, 25 Jun 2020 12:50:26 GMT

15:50:26.928 [AsyncHttpClient-3-1] DEBUG o.a.netty.channel.ChannelManager - Adding key: http://localhost:10889 for channel [id: 0x7c68b8df, L:/127.0.0.1:64390 - R:localhost/127.0.0.1:10889]
15:50:26.929 [Forwarding getElementText on session 14f61660-7bcc-4279-b6a3-7163a94e0626 to remote] DEBUG o.a.netty.request.NettyRequestSender - Using pooled Channel '[id: 0x7c68b8df, L:/127.0.0.1:64390 - R:localhost/127.0.0.1:10889]' for 'GET' to 'http://localhost:10889/session/14f61660-7bcc-4279-b6a3-7163a94e0626/element/a25a94a0-1ce5-4c0e-9c3c-ef5a0b47bb7a/text'
15:50:26.929 [Forwarding getElementText on session 14f61660-7bcc-4279-b6a3-7163a94e0626 to remote] DEBUG o.a.netty.request.NettyRequestSender - Using open Channel [id: 0x7c68b8df, L:/127.0.0.1:64390 - R:localhost/127.0.0.1:10889] for GET '/session/14f61660-7bcc-4279-b6a3-7163a94e0626/element/a25a94a0-1ce5-4c0e-9c3c-ef5a0b47bb7a/text'
15:50:26.936 [AsyncHttpClient-3-1] DEBUG o.a.netty.handler.HttpHandler - 

Request DefaultFullHttpRequest(decodeResult: success, version: HTTP/1.1, content: EmptyByteBufBE)
GET /session/14f61660-7bcc-4279-b6a3-7163a94e0626/element/a25a94a0-1ce5-4c0e-9c3c-ef5a0b47bb7a/text HTTP/1.1
User-Agent: selenium/4.0.0-alpha-5 (java windows)
Cache-Control: no-cache
host: localhost:10889
accept: */*

Response DefaultHttpResponse(decodeResult: success, version: HTTP/1.1)
HTTP/1.1 200 OK
content-type: application/json; charset=utf-8
cache-control: no-cache
content-length: 19
date: Thu, 25 Jun 2020 12:50:26 GMT

15:50:26.936 [AsyncHttpClient-3-1] DEBUG o.a.netty.channel.ChannelManager - Adding key: http://localhost:10889 for channel [id: 0x7c68b8df, L:/127.0.0.1:64390 - R:localhost/127.0.0.1:10889]
15:50:26.937 [Forwarding findChildElement on session 14f61660-7bcc-4279-b6a3-7163a94e0626 to remote] DEBUG o.a.netty.request.NettyRequestSender - Using pooled Channel '[id: 0x7c68b8df, L:/127.0.0.1:64390 - R:localhost/127.0.0.1:10889]' for 'POST' to 'http://localhost:10889/session/14f61660-7bcc-4279-b6a3-7163a94e0626/element/350a694e-0971-4093-97c9-ed8d40834b88/element'
15:50:26.937 [Forwarding findChildElement on session 14f61660-7bcc-4279-b6a3-7163a94e0626 to remote] DEBUG o.a.netty.request.NettyRequestSender - Using open Channel [id: 0x7c68b8df, L:/127.0.0.1:64390 - R:localhost/127.0.0.1:10889] for POST '/session/14f61660-7bcc-4279-b6a3-7163a94e0626/element/350a694e-0971-4093-97c9-ed8d40834b88/element'
15:50:26.940 [AsyncHttpClient-3-1] DEBUG o.a.netty.handler.HttpHandler - 

Request DefaultHttpRequest(decodeResult: success, version: HTTP/1.1)
POST /session/14f61660-7bcc-4279-b6a3-7163a94e0626/element/350a694e-0971-4093-97c9-ed8d40834b88/element HTTP/1.1
User-Agent: selenium/4.0.0-alpha-5 (java windows)
Content-Length: 103
Content-Type: application/json; charset=utf-8
host: localhost:10889
accept: */*

Response DefaultHttpResponse(decodeResult: success, version: HTTP/1.1)
HTTP/1.1 200 OK
content-type: application/json; charset=utf-8
cache-control: no-cache
content-length: 88
date: Thu, 25 Jun 2020 12:50:26 GMT

15:50:26.941 [AsyncHttpClient-3-1] DEBUG o.a.netty.channel.ChannelManager - Adding key: http://localhost:10889 for channel [id: 0x7c68b8df, L:/127.0.0.1:64390 - R:localhost/127.0.0.1:10889]
15:50:26.941 [Forwarding getElementText on session 14f61660-7bcc-4279-b6a3-7163a94e0626 to remote] DEBUG o.a.netty.request.NettyRequestSender - Using pooled Channel '[id: 0x7c68b8df, L:/127.0.0.1:64390 - R:localhost/127.0.0.1:10889]' for 'GET' to 'http://localhost:10889/session/14f61660-7bcc-4279-b6a3-7163a94e0626/element/dd6e7ffa-c3d7-4cc5-b157-ada15746aa61/text'
15:50:26.941 [Forwarding getElementText on session 14f61660-7bcc-4279-b6a3-7163a94e0626 to remote] DEBUG o.a.netty.request.NettyRequestSender - Using open Channel [id: 0x7c68b8df, L:/127.0.0.1:64390 - R:localhost/127.0.0.1:10889] for GET '/session/14f61660-7bcc-4279-b6a3-7163a94e0626/element/dd6e7ffa-c3d7-4cc5-b157-ada15746aa61/text'
15:50:26.945 [AsyncHttpClient-3-1] DEBUG o.a.netty.handler.HttpHandler - 

Request DefaultFullHttpRequest(decodeResult: success, version: HTTP/1.1, content: EmptyByteBufBE)
GET /session/14f61660-7bcc-4279-b6a3-7163a94e0626/element/dd6e7ffa-c3d7-4cc5-b157-ada15746aa61/text HTTP/1.1
User-Agent: selenium/4.0.0-alpha-5 (java windows)
Cache-Control: no-cache
host: localhost:10889
accept: */*

Response DefaultHttpResponse(decodeResult: success, version: HTTP/1.1)
HTTP/1.1 200 OK
content-type: application/json; charset=utf-8
cache-control: no-cache
content-length: 19
date: Thu, 25 Jun 2020 12:50:26 GMT

15:50:26.945 [AsyncHttpClient-3-1] DEBUG o.a.netty.channel.ChannelManager - Adding key: http://localhost:10889 for channel [id: 0x7c68b8df, L:/127.0.0.1:64390 - R:localhost/127.0.0.1:10889]
15:50:26.945 [Forwarding findChildElement on session 14f61660-7bcc-4279-b6a3-7163a94e0626 to remote] DEBUG o.a.netty.request.NettyRequestSender - Using pooled Channel '[id: 0x7c68b8df, L:/127.0.0.1:64390 - R:localhost/127.0.0.1:10889]' for 'POST' to 'http://localhost:10889/session/14f61660-7bcc-4279-b6a3-7163a94e0626/element/350a694e-0971-4093-97c9-ed8d40834b88/element'
15:50:26.945 [Forwarding findChildElement on session 14f61660-7bcc-4279-b6a3-7163a94e0626 to remote] DEBUG o.a.netty.request.NettyRequestSender - Using open Channel [id: 0x7c68b8df, L:/127.0.0.1:64390 - R:localhost/127.0.0.1:10889] for POST '/session/14f61660-7bcc-4279-b6a3-7163a94e0626/element/350a694e-0971-4093-97c9-ed8d40834b88/element'
15:50:26.949 [AsyncHttpClient-3-1] DEBUG o.a.netty.handler.HttpHandler - 

Request DefaultHttpRequest(decodeResult: success, version: HTTP/1.1)
POST /session/14f61660-7bcc-4279-b6a3-7163a94e0626/element/350a694e-0971-4093-97c9-ed8d40834b88/element HTTP/1.1
User-Agent: selenium/4.0.0-alpha-5 (java windows)
Content-Length: 103
Content-Type: application/json; charset=utf-8
host: localhost:10889
accept: */*

Response DefaultHttpResponse(decodeResult: success, version: HTTP/1.1)
HTTP/1.1 200 OK
content-type: application/json; charset=utf-8
cache-control: no-cache
content-length: 88
date: Thu, 25 Jun 2020 12:50:26 GMT

15:50:26.949 [AsyncHttpClient-3-1] DEBUG o.a.netty.channel.ChannelManager - Adding key: http://localhost:10889 for channel [id: 0x7c68b8df, L:/127.0.0.1:64390 - R:localhost/127.0.0.1:10889]
15:50:26.949 [Forwarding getElementText on session 14f61660-7bcc-4279-b6a3-7163a94e0626 to remote] DEBUG o.a.netty.request.NettyRequestSender - Using pooled Channel '[id: 0x7c68b8df, L:/127.0.0.1:64390 - R:localhost/127.0.0.1:10889]' for 'GET' to 'http://localhost:10889/session/14f61660-7bcc-4279-b6a3-7163a94e0626/element/f320624f-2e69-4a73-9fff-7fcb8340d47d/text'
15:50:26.949 [Forwarding getElementText on session 14f61660-7bcc-4279-b6a3-7163a94e0626 to remote] DEBUG o.a.netty.request.NettyRequestSender - Using open Channel [id: 0x7c68b8df, L:/127.0.0.1:64390 - R:localhost/127.0.0.1:10889] for GET '/session/14f61660-7bcc-4279-b6a3-7163a94e0626/element/f320624f-2e69-4a73-9fff-7fcb8340d47d/text'
15:50:26.954 [AsyncHttpClient-3-1] DEBUG o.a.netty.handler.HttpHandler - 

Request DefaultFullHttpRequest(decodeResult: success, version: HTTP/1.1, content: EmptyByteBufBE)
GET /session/14f61660-7bcc-4279-b6a3-7163a94e0626/element/f320624f-2e69-4a73-9fff-7fcb8340d47d/text HTTP/1.1
User-Agent: selenium/4.0.0-alpha-5 (java windows)
Cache-Control: no-cache
host: localhost:10889
accept: */*

Response DefaultHttpResponse(decodeResult: success, version: HTTP/1.1)
HTTP/1.1 200 OK
content-type: application/json; charset=utf-8
cache-control: no-cache
content-length: 23
date: Thu, 25 Jun 2020 12:50:26 GMT

15:50:26.954 [AsyncHttpClient-3-1] DEBUG o.a.netty.channel.ChannelManager - Adding key: http://localhost:10889 for channel [id: 0x7c68b8df, L:/127.0.0.1:64390 - R:localhost/127.0.0.1:10889]
15:50:26.955 [Forwarding findChildElement on session 14f61660-7bcc-4279-b6a3-7163a94e0626 to remote] DEBUG o.a.netty.request.NettyRequestSender - Using pooled Channel '[id: 0x7c68b8df, L:/127.0.0.1:64390 - R:localhost/127.0.0.1:10889]' for 'POST' to 'http://localhost:10889/session/14f61660-7bcc-4279-b6a3-7163a94e0626/element/350a694e-0971-4093-97c9-ed8d40834b88/element'
15:50:26.955 [Forwarding findChildElement on session 14f61660-7bcc-4279-b6a3-7163a94e0626 to remote] DEBUG o.a.netty.request.NettyRequestSender - Using open Channel [id: 0x7c68b8df, L:/127.0.0.1:64390 - R:localhost/127.0.0.1:10889] for POST '/session/14f61660-7bcc-4279-b6a3-7163a94e0626/element/350a694e-0971-4093-97c9-ed8d40834b88/element'
15:50:26.959 [AsyncHttpClient-3-1] DEBUG o.a.netty.handler.HttpHandler - 

Request DefaultHttpRequest(decodeResult: success, version: HTTP/1.1)
POST /session/14f61660-7bcc-4279-b6a3-7163a94e0626/element/350a694e-0971-4093-97c9-ed8d40834b88/element HTTP/1.1
User-Agent: selenium/4.0.0-alpha-5 (java windows)
Content-Length: 103
Content-Type: application/json; charset=utf-8
host: localhost:10889
accept: */*

Response DefaultHttpResponse(decodeResult: success, version: HTTP/1.1)
HTTP/1.1 200 OK
content-type: application/json; charset=utf-8
cache-control: no-cache
content-length: 88
date: Thu, 25 Jun 2020 12:50:26 GMT

15:50:26.959 [AsyncHttpClient-3-1] DEBUG o.a.netty.channel.ChannelManager - Adding key: http://localhost:10889 for channel [id: 0x7c68b8df, L:/127.0.0.1:64390 - R:localhost/127.0.0.1:10889]
15:50:26.959 [Forwarding getElementText on session 14f61660-7bcc-4279-b6a3-7163a94e0626 to remote] DEBUG o.a.netty.request.NettyRequestSender - Using pooled Channel '[id: 0x7c68b8df, L:/127.0.0.1:64390 - R:localhost/127.0.0.1:10889]' for 'GET' to 'http://localhost:10889/session/14f61660-7bcc-4279-b6a3-7163a94e0626/element/6e9bb31d-9ea3-40c8-b4da-134e44b53f79/text'
15:50:26.960 [Forwarding getElementText on session 14f61660-7bcc-4279-b6a3-7163a94e0626 to remote] DEBUG o.a.netty.request.NettyRequestSender - Using open Channel [id: 0x7c68b8df, L:/127.0.0.1:64390 - R:localhost/127.0.0.1:10889] for GET '/session/14f61660-7bcc-4279-b6a3-7163a94e0626/element/6e9bb31d-9ea3-40c8-b4da-134e44b53f79/text'
15:50:26.964 [AsyncHttpClient-3-1] DEBUG o.a.netty.handler.HttpHandler - 

Request DefaultFullHttpRequest(decodeResult: success, version: HTTP/1.1, content: EmptyByteBufBE)
GET /session/14f61660-7bcc-4279-b6a3-7163a94e0626/element/6e9bb31d-9ea3-40c8-b4da-134e44b53f79/text HTTP/1.1
User-Agent: selenium/4.0.0-alpha-5 (java windows)
Cache-Control: no-cache
host: localhost:10889
accept: */*

Response DefaultHttpResponse(decodeResult: success, version: HTTP/1.1)
HTTP/1.1 200 OK
content-type: application/json; charset=utf-8
cache-control: no-cache
content-length: 43
date: Thu, 25 Jun 2020 12:50:26 GMT

15:50:26.964 [AsyncHttpClient-3-1] DEBUG o.a.netty.channel.ChannelManager - Adding key: http://localhost:10889 for channel [id: 0x7c68b8df, L:/127.0.0.1:64390 - R:localhost/127.0.0.1:10889]
15:50:26.964 [Forwarding findChildElement on session 14f61660-7bcc-4279-b6a3-7163a94e0626 to remote] DEBUG o.a.netty.request.NettyRequestSender - Using pooled Channel '[id: 0x7c68b8df, L:/127.0.0.1:64390 - R:localhost/127.0.0.1:10889]' for 'POST' to 'http://localhost:10889/session/14f61660-7bcc-4279-b6a3-7163a94e0626/element/350a694e-0971-4093-97c9-ed8d40834b88/element'
15:50:26.964 [Forwarding findChildElement on session 14f61660-7bcc-4279-b6a3-7163a94e0626 to remote] DEBUG o.a.netty.request.NettyRequestSender - Using open Channel [id: 0x7c68b8df, L:/127.0.0.1:64390 - R:localhost/127.0.0.1:10889] for POST '/session/14f61660-7bcc-4279-b6a3-7163a94e0626/element/350a694e-0971-4093-97c9-ed8d40834b88/element'
15:50:26.968 [AsyncHttpClient-3-1] DEBUG o.a.netty.handler.HttpHandler - 

Request DefaultHttpRequest(decodeResult: success, version: HTTP/1.1)
POST /session/14f61660-7bcc-4279-b6a3-7163a94e0626/element/350a694e-0971-4093-97c9-ed8d40834b88/element HTTP/1.1
User-Agent: selenium/4.0.0-alpha-5 (java windows)
Content-Length: 103
Content-Type: application/json; charset=utf-8
host: localhost:10889
accept: */*

Response DefaultHttpResponse(decodeResult: success, version: HTTP/1.1)
HTTP/1.1 200 OK
content-type: application/json; charset=utf-8
cache-control: no-cache
content-length: 88
date: Thu, 25 Jun 2020 12:50:26 GMT

15:50:26.968 [AsyncHttpClient-3-1] DEBUG o.a.netty.channel.ChannelManager - Adding key: http://localhost:10889 for channel [id: 0x7c68b8df, L:/127.0.0.1:64390 - R:localhost/127.0.0.1:10889]
15:50:26.968 [Forwarding getElementText on session 14f61660-7bcc-4279-b6a3-7163a94e0626 to remote] DEBUG o.a.netty.request.NettyRequestSender - Using pooled Channel '[id: 0x7c68b8df, L:/127.0.0.1:64390 - R:localhost/127.0.0.1:10889]' for 'GET' to 'http://localhost:10889/session/14f61660-7bcc-4279-b6a3-7163a94e0626/element/9f279f0b-a296-4931-8166-4974b4eec030/text'
15:50:26.969 [Forwarding getElementText on session 14f61660-7bcc-4279-b6a3-7163a94e0626 to remote] DEBUG o.a.netty.request.NettyRequestSender - Using open Channel [id: 0x7c68b8df, L:/127.0.0.1:64390 - R:localhost/127.0.0.1:10889] for GET '/session/14f61660-7bcc-4279-b6a3-7163a94e0626/element/9f279f0b-a296-4931-8166-4974b4eec030/text'
15:50:26.975 [AsyncHttpClient-3-1] DEBUG o.a.netty.handler.HttpHandler - 

Request DefaultFullHttpRequest(decodeResult: success, version: HTTP/1.1, content: EmptyByteBufBE)
GET /session/14f61660-7bcc-4279-b6a3-7163a94e0626/element/9f279f0b-a296-4931-8166-4974b4eec030/text HTTP/1.1
User-Agent: selenium/4.0.0-alpha-5 (java windows)
Cache-Control: no-cache
host: localhost:10889
accept: */*

Response DefaultHttpResponse(decodeResult: success, version: HTTP/1.1)
HTTP/1.1 200 OK
content-type: application/json; charset=utf-8
cache-control: no-cache
content-length: 60
date: Thu, 25 Jun 2020 12:50:26 GMT

15:50:26.975 [AsyncHttpClient-3-1] DEBUG o.a.netty.channel.ChannelManager - Adding key: http://localhost:10889 for channel [id: 0x7c68b8df, L:/127.0.0.1:64390 - R:localhost/127.0.0.1:10889]
15:50:26.976 [Forwarding findChildElement on session 14f61660-7bcc-4279-b6a3-7163a94e0626 to remote] DEBUG o.a.netty.request.NettyRequestSender - Using pooled Channel '[id: 0x7c68b8df, L:/127.0.0.1:64390 - R:localhost/127.0.0.1:10889]' for 'POST' to 'http://localhost:10889/session/14f61660-7bcc-4279-b6a3-7163a94e0626/element/350a694e-0971-4093-97c9-ed8d40834b88/element'
15:50:26.976 [Forwarding findChildElement on session 14f61660-7bcc-4279-b6a3-7163a94e0626 to remote] DEBUG o.a.netty.request.NettyRequestSender - Using open Channel [id: 0x7c68b8df, L:/127.0.0.1:64390 - R:localhost/127.0.0.1:10889] for POST '/session/14f61660-7bcc-4279-b6a3-7163a94e0626/element/350a694e-0971-4093-97c9-ed8d40834b88/element'
15:50:26.979 [AsyncHttpClient-3-1] DEBUG o.a.netty.handler.HttpHandler - 

Request DefaultHttpRequest(decodeResult: success, version: HTTP/1.1)
POST /session/14f61660-7bcc-4279-b6a3-7163a94e0626/element/350a694e-0971-4093-97c9-ed8d40834b88/element HTTP/1.1
User-Agent: selenium/4.0.0-alpha-5 (java windows)
Content-Length: 97
Content-Type: application/json; charset=utf-8
host: localhost:10889
accept: */*

Response DefaultHttpResponse(decodeResult: success, version: HTTP/1.1)
HTTP/1.1 200 OK
content-type: application/json; charset=utf-8
cache-control: no-cache
content-length: 88
date: Thu, 25 Jun 2020 12:50:26 GMT

15:50:26.980 [AsyncHttpClient-3-1] DEBUG o.a.netty.channel.ChannelManager - Adding key: http://localhost:10889 for channel [id: 0x7c68b8df, L:/127.0.0.1:64390 - R:localhost/127.0.0.1:10889]
15:50:26.982 [Forwarding getElementAttribute on session 14f61660-7bcc-4279-b6a3-7163a94e0626 to remote] DEBUG o.a.netty.request.NettyRequestSender - Using pooled Channel '[id: 0x7c68b8df, L:/127.0.0.1:64390 - R:localhost/127.0.0.1:10889]' for 'POST' to 'http://localhost:10889/session/14f61660-7bcc-4279-b6a3-7163a94e0626/execute/sync'
15:50:26.982 [Forwarding getElementAttribute on session 14f61660-7bcc-4279-b6a3-7163a94e0626 to remote] DEBUG o.a.netty.request.NettyRequestSender - Using open Channel [id: 0x7c68b8df, L:/127.0.0.1:64390 - R:localhost/127.0.0.1:10889] for POST '/session/14f61660-7bcc-4279-b6a3-7163a94e0626/execute/sync'
15:50:27.001 [AsyncHttpClient-3-1] DEBUG o.a.netty.handler.HttpHandler - 

Request DefaultHttpRequest(decodeResult: success, version: HTTP/1.1)
POST /session/14f61660-7bcc-4279-b6a3-7163a94e0626/execute/sync HTTP/1.1
User-Agent: selenium/4.0.0-alpha-5 (java windows)
Content-Length: 39635
Content-Type: application/json; charset=utf-8
host: localhost:10889
accept: */*

Response DefaultHttpResponse(decodeResult: success, version: HTTP/1.1)
HTTP/1.1 200 OK
content-type: application/json; charset=utf-8
cache-control: no-cache
content-length: 15
date: Thu, 25 Jun 2020 12:50:26 GMT

15:50:27.001 [AsyncHttpClient-3-1] DEBUG o.a.netty.channel.ChannelManager - Adding key: http://localhost:10889 for channel [id: 0x7c68b8df, L:/127.0.0.1:64390 - R:localhost/127.0.0.1:10889]
15:50:27.002 [Forwarding findChildElement on session 14f61660-7bcc-4279-b6a3-7163a94e0626 to remote] DEBUG o.a.netty.request.NettyRequestSender - Using pooled Channel '[id: 0x7c68b8df, L:/127.0.0.1:64390 - R:localhost/127.0.0.1:10889]' for 'POST' to 'http://localhost:10889/session/14f61660-7bcc-4279-b6a3-7163a94e0626/element/793af660-d5b0-4b37-b966-4e0f2c78e08e/element'
15:50:27.002 [Forwarding findChildElement on session 14f61660-7bcc-4279-b6a3-7163a94e0626 to remote] DEBUG o.a.netty.request.NettyRequestSender - Using open Channel [id: 0x7c68b8df, L:/127.0.0.1:64390 - R:localhost/127.0.0.1:10889] for POST '/session/14f61660-7bcc-4279-b6a3-7163a94e0626/element/793af660-d5b0-4b37-b966-4e0f2c78e08e/element'
15:50:27.006 [AsyncHttpClient-3-1] DEBUG o.a.netty.handler.HttpHandler - 

Request DefaultHttpRequest(decodeResult: success, version: HTTP/1.1)
POST /session/14f61660-7bcc-4279-b6a3-7163a94e0626/element/793af660-d5b0-4b37-b966-4e0f2c78e08e/element HTTP/1.1
User-Agent: selenium/4.0.0-alpha-5 (java windows)
Content-Length: 103
Content-Type: application/json; charset=utf-8
host: localhost:10889
accept: */*

Response DefaultHttpResponse(decodeResult: success, version: HTTP/1.1)
HTTP/1.1 200 OK
content-type: application/json; charset=utf-8
cache-control: no-cache
content-length: 88
date: Thu, 25 Jun 2020 12:50:27 GMT

15:50:27.006 [AsyncHttpClient-3-1] DEBUG o.a.netty.channel.ChannelManager - Adding key: http://localhost:10889 for channel [id: 0x7c68b8df, L:/127.0.0.1:64390 - R:localhost/127.0.0.1:10889]
15:50:27.006 [Forwarding getElementText on session 14f61660-7bcc-4279-b6a3-7163a94e0626 to remote] DEBUG o.a.netty.request.NettyRequestSender - Using pooled Channel '[id: 0x7c68b8df, L:/127.0.0.1:64390 - R:localhost/127.0.0.1:10889]' for 'GET' to 'http://localhost:10889/session/14f61660-7bcc-4279-b6a3-7163a94e0626/element/8136683d-dfc4-4ee2-af7a-50416909c92a/text'
15:50:27.006 [Forwarding getElementText on session 14f61660-7bcc-4279-b6a3-7163a94e0626 to remote] DEBUG o.a.netty.request.NettyRequestSender - Using open Channel [id: 0x7c68b8df, L:/127.0.0.1:64390 - R:localhost/127.0.0.1:10889] for GET '/session/14f61660-7bcc-4279-b6a3-7163a94e0626/element/8136683d-dfc4-4ee2-af7a-50416909c92a/text'
15:50:27.011 [AsyncHttpClient-3-1] DEBUG o.a.netty.handler.HttpHandler - 

Request DefaultFullHttpRequest(decodeResult: success, version: HTTP/1.1, content: EmptyByteBufBE)
GET /session/14f61660-7bcc-4279-b6a3-7163a94e0626/element/8136683d-dfc4-4ee2-af7a-50416909c92a/text HTTP/1.1
User-Agent: selenium/4.0.0-alpha-5 (java windows)
Cache-Control: no-cache
host: localhost:10889
accept: */*

Response DefaultHttpResponse(decodeResult: success, version: HTTP/1.1)
HTTP/1.1 200 OK
content-type: application/json; charset=utf-8
cache-control: no-cache
content-length: 19
date: Thu, 25 Jun 2020 12:50:27 GMT

15:50:27.011 [AsyncHttpClient-3-1] DEBUG o.a.netty.channel.ChannelManager - Adding key: http://localhost:10889 for channel [id: 0x7c68b8df, L:/127.0.0.1:64390 - R:localhost/127.0.0.1:10889]
15:50:27.011 [Forwarding findChildElement on session 14f61660-7bcc-4279-b6a3-7163a94e0626 to remote] DEBUG o.a.netty.request.NettyRequestSender - Using pooled Channel '[id: 0x7c68b8df, L:/127.0.0.1:64390 - R:localhost/127.0.0.1:10889]' for 'POST' to 'http://localhost:10889/session/14f61660-7bcc-4279-b6a3-7163a94e0626/element/793af660-d5b0-4b37-b966-4e0f2c78e08e/element'
15:50:27.011 [Forwarding findChildElement on session 14f61660-7bcc-4279-b6a3-7163a94e0626 to remote] DEBUG o.a.netty.request.NettyRequestSender - Using open Channel [id: 0x7c68b8df, L:/127.0.0.1:64390 - R:localhost/127.0.0.1:10889] for POST '/session/14f61660-7bcc-4279-b6a3-7163a94e0626/element/793af660-d5b0-4b37-b966-4e0f2c78e08e/element'
15:50:27.015 [AsyncHttpClient-3-1] DEBUG o.a.netty.handler.HttpHandler - 

Request DefaultHttpRequest(decodeResult: success, version: HTTP/1.1)
POST /session/14f61660-7bcc-4279-b6a3-7163a94e0626/element/793af660-d5b0-4b37-b966-4e0f2c78e08e/element HTTP/1.1
User-Agent: selenium/4.0.0-alpha-5 (java windows)
Content-Length: 103
Content-Type: application/json; charset=utf-8
host: localhost:10889
accept: */*

Response DefaultHttpResponse(decodeResult: success, version: HTTP/1.1)
HTTP/1.1 200 OK
content-type: application/json; charset=utf-8
cache-control: no-cache
content-length: 88
date: Thu, 25 Jun 2020 12:50:27 GMT

15:50:27.015 [AsyncHttpClient-3-1] DEBUG o.a.netty.channel.ChannelManager - Adding key: http://localhost:10889 for channel [id: 0x7c68b8df, L:/127.0.0.1:64390 - R:localhost/127.0.0.1:10889]
15:50:27.015 [Forwarding getElementText on session 14f61660-7bcc-4279-b6a3-7163a94e0626 to remote] DEBUG o.a.netty.request.NettyRequestSender - Using pooled Channel '[id: 0x7c68b8df, L:/127.0.0.1:64390 - R:localhost/127.0.0.1:10889]' for 'GET' to 'http://localhost:10889/session/14f61660-7bcc-4279-b6a3-7163a94e0626/element/56b6dc17-ee75-464b-99f7-b6d20f86aaad/text'
15:50:27.015 [Forwarding getElementText on session 14f61660-7bcc-4279-b6a3-7163a94e0626 to remote] DEBUG o.a.netty.request.NettyRequestSender - Using open Channel [id: 0x7c68b8df, L:/127.0.0.1:64390 - R:localhost/127.0.0.1:10889] for GET '/session/14f61660-7bcc-4279-b6a3-7163a94e0626/element/56b6dc17-ee75-464b-99f7-b6d20f86aaad/text'
15:50:27.020 [AsyncHttpClient-3-1] DEBUG o.a.netty.handler.HttpHandler - 

Request DefaultFullHttpRequest(decodeResult: success, version: HTTP/1.1, content: EmptyByteBufBE)
GET /session/14f61660-7bcc-4279-b6a3-7163a94e0626/element/56b6dc17-ee75-464b-99f7-b6d20f86aaad/text HTTP/1.1
User-Agent: selenium/4.0.0-alpha-5 (java windows)
Cache-Control: no-cache
host: localhost:10889
accept: */*

Response DefaultHttpResponse(decodeResult: success, version: HTTP/1.1)
HTTP/1.1 200 OK
content-type: application/json; charset=utf-8
cache-control: no-cache
content-length: 19
date: Thu, 25 Jun 2020 12:50:27 GMT

15:50:27.020 [AsyncHttpClient-3-1] DEBUG o.a.netty.channel.ChannelManager - Adding key: http://localhost:10889 for channel [id: 0x7c68b8df, L:/127.0.0.1:64390 - R:localhost/127.0.0.1:10889]
15:50:27.021 [Forwarding findChildElement on session 14f61660-7bcc-4279-b6a3-7163a94e0626 to remote] DEBUG o.a.netty.request.NettyRequestSender - Using pooled Channel '[id: 0x7c68b8df, L:/127.0.0.1:64390 - R:localhost/127.0.0.1:10889]' for 'POST' to 'http://localhost:10889/session/14f61660-7bcc-4279-b6a3-7163a94e0626/element/793af660-d5b0-4b37-b966-4e0f2c78e08e/element'
15:50:27.021 [Forwarding findChildElement on session 14f61660-7bcc-4279-b6a3-7163a94e0626 to remote] DEBUG o.a.netty.request.NettyRequestSender - Using open Channel [id: 0x7c68b8df, L:/127.0.0.1:64390 - R:localhost/127.0.0.1:10889] for POST '/session/14f61660-7bcc-4279-b6a3-7163a94e0626/element/793af660-d5b0-4b37-b966-4e0f2c78e08e/element'
15:50:27.025 [AsyncHttpClient-3-1] DEBUG o.a.netty.handler.HttpHandler - 

Request DefaultHttpRequest(decodeResult: success, version: HTTP/1.1)
POST /session/14f61660-7bcc-4279-b6a3-7163a94e0626/element/793af660-d5b0-4b37-b966-4e0f2c78e08e/element HTTP/1.1
User-Agent: selenium/4.0.0-alpha-5 (java windows)
Content-Length: 103
Content-Type: application/json; charset=utf-8
host: localhost:10889
accept: */*

Response DefaultHttpResponse(decodeResult: success, version: HTTP/1.1)
HTTP/1.1 200 OK
content-type: application/json; charset=utf-8
cache-control: no-cache
content-length: 88
date: Thu, 25 Jun 2020 12:50:27 GMT

15:50:27.025 [AsyncHttpClient-3-1] DEBUG o.a.netty.channel.ChannelManager - Adding key: http://localhost:10889 for channel [id: 0x7c68b8df, L:/127.0.0.1:64390 - R:localhost/127.0.0.1:10889]
15:50:27.025 [Forwarding getElementText on session 14f61660-7bcc-4279-b6a3-7163a94e0626 to remote] DEBUG o.a.netty.request.NettyRequestSender - Using pooled Channel '[id: 0x7c68b8df, L:/127.0.0.1:64390 - R:localhost/127.0.0.1:10889]' for 'GET' to 'http://localhost:10889/session/14f61660-7bcc-4279-b6a3-7163a94e0626/element/43558054-2a83-48c8-8c99-f50edfe746b6/text'
15:50:27.025 [Forwarding getElementText on session 14f61660-7bcc-4279-b6a3-7163a94e0626 to remote] DEBUG o.a.netty.request.NettyRequestSender - Using open Channel [id: 0x7c68b8df, L:/127.0.0.1:64390 - R:localhost/127.0.0.1:10889] for GET '/session/14f61660-7bcc-4279-b6a3-7163a94e0626/element/43558054-2a83-48c8-8c99-f50edfe746b6/text'
15:50:27.029 [AsyncHttpClient-3-1] DEBUG o.a.netty.handler.HttpHandler - 

Request DefaultFullHttpRequest(decodeResult: success, version: HTTP/1.1, content: EmptyByteBufBE)
GET /session/14f61660-7bcc-4279-b6a3-7163a94e0626/element/43558054-2a83-48c8-8c99-f50edfe746b6/text HTTP/1.1
User-Agent: selenium/4.0.0-alpha-5 (java windows)
Cache-Control: no-cache
host: localhost:10889
accept: */*

Response DefaultHttpResponse(decodeResult: success, version: HTTP/1.1)
HTTP/1.1 200 OK
content-type: application/json; charset=utf-8
cache-control: no-cache
content-length: 23
date: Thu, 25 Jun 2020 12:50:27 GMT

15:50:27.029 [AsyncHttpClient-3-1] DEBUG o.a.netty.channel.ChannelManager - Adding key: http://localhost:10889 for channel [id: 0x7c68b8df, L:/127.0.0.1:64390 - R:localhost/127.0.0.1:10889]
15:50:27.030 [Forwarding findChildElement on session 14f61660-7bcc-4279-b6a3-7163a94e0626 to remote] DEBUG o.a.netty.request.NettyRequestSender - Using pooled Channel '[id: 0x7c68b8df, L:/127.0.0.1:64390 - R:localhost/127.0.0.1:10889]' for 'POST' to 'http://localhost:10889/session/14f61660-7bcc-4279-b6a3-7163a94e0626/element/793af660-d5b0-4b37-b966-4e0f2c78e08e/element'
15:50:27.030 [Forwarding findChildElement on session 14f61660-7bcc-4279-b6a3-7163a94e0626 to remote] DEBUG o.a.netty.request.NettyRequestSender - Using open Channel [id: 0x7c68b8df, L:/127.0.0.1:64390 - R:localhost/127.0.0.1:10889] for POST '/session/14f61660-7bcc-4279-b6a3-7163a94e0626/element/793af660-d5b0-4b37-b966-4e0f2c78e08e/element'
15:50:27.033 [AsyncHttpClient-3-1] DEBUG o.a.netty.handler.HttpHandler - 

Request DefaultHttpRequest(decodeResult: success, version: HTTP/1.1)
POST /session/14f61660-7bcc-4279-b6a3-7163a94e0626/element/793af660-d5b0-4b37-b966-4e0f2c78e08e/element HTTP/1.1
User-Agent: selenium/4.0.0-alpha-5 (java windows)
Content-Length: 103
Content-Type: application/json; charset=utf-8
host: localhost:10889
accept: */*

Response DefaultHttpResponse(decodeResult: success, version: HTTP/1.1)
HTTP/1.1 200 OK
content-type: application/json; charset=utf-8
cache-control: no-cache
content-length: 88
date: Thu, 25 Jun 2020 12:50:27 GMT

15:50:27.033 [AsyncHttpClient-3-1] DEBUG o.a.netty.channel.ChannelManager - Adding key: http://localhost:10889 for channel [id: 0x7c68b8df, L:/127.0.0.1:64390 - R:localhost/127.0.0.1:10889]
15:50:27.034 [Forwarding getElementText on session 14f61660-7bcc-4279-b6a3-7163a94e0626 to remote] DEBUG o.a.netty.request.NettyRequestSender - Using pooled Channel '[id: 0x7c68b8df, L:/127.0.0.1:64390 - R:localhost/127.0.0.1:10889]' for 'GET' to 'http://localhost:10889/session/14f61660-7bcc-4279-b6a3-7163a94e0626/element/9194e6f7-837d-4d46-9128-b3eecf0f9b1f/text'
15:50:27.034 [Forwarding getElementText on session 14f61660-7bcc-4279-b6a3-7163a94e0626 to remote] DEBUG o.a.netty.request.NettyRequestSender - Using open Channel [id: 0x7c68b8df, L:/127.0.0.1:64390 - R:localhost/127.0.0.1:10889] for GET '/session/14f61660-7bcc-4279-b6a3-7163a94e0626/element/9194e6f7-837d-4d46-9128-b3eecf0f9b1f/text'
15:50:27.039 [AsyncHttpClient-3-1] DEBUG o.a.netty.handler.HttpHandler - 

Request DefaultFullHttpRequest(decodeResult: success, version: HTTP/1.1, content: EmptyByteBufBE)
GET /session/14f61660-7bcc-4279-b6a3-7163a94e0626/element/9194e6f7-837d-4d46-9128-b3eecf0f9b1f/text HTTP/1.1
User-Agent: selenium/4.0.0-alpha-5 (java windows)
Cache-Control: no-cache
host: localhost:10889
accept: */*

Response DefaultHttpResponse(decodeResult: success, version: HTTP/1.1)
HTTP/1.1 200 OK
content-type: application/json; charset=utf-8
cache-control: no-cache
content-length: 19
date: Thu, 25 Jun 2020 12:50:27 GMT

15:50:27.039 [AsyncHttpClient-3-1] DEBUG o.a.netty.channel.ChannelManager - Adding key: http://localhost:10889 for channel [id: 0x7c68b8df, L:/127.0.0.1:64390 - R:localhost/127.0.0.1:10889]
15:50:27.039 [Forwarding findChildElement on session 14f61660-7bcc-4279-b6a3-7163a94e0626 to remote] DEBUG o.a.netty.request.NettyRequestSender - Using pooled Channel '[id: 0x7c68b8df, L:/127.0.0.1:64390 - R:localhost/127.0.0.1:10889]' for 'POST' to 'http://localhost:10889/session/14f61660-7bcc-4279-b6a3-7163a94e0626/element/793af660-d5b0-4b37-b966-4e0f2c78e08e/element'
15:50:27.039 [Forwarding findChildElement on session 14f61660-7bcc-4279-b6a3-7163a94e0626 to remote] DEBUG o.a.netty.request.NettyRequestSender - Using open Channel [id: 0x7c68b8df, L:/127.0.0.1:64390 - R:localhost/127.0.0.1:10889] for POST '/session/14f61660-7bcc-4279-b6a3-7163a94e0626/element/793af660-d5b0-4b37-b966-4e0f2c78e08e/element'
15:50:27.043 [AsyncHttpClient-3-1] DEBUG o.a.netty.handler.HttpHandler - 

Request DefaultHttpRequest(decodeResult: success, version: HTTP/1.1)
POST /session/14f61660-7bcc-4279-b6a3-7163a94e0626/element/793af660-d5b0-4b37-b966-4e0f2c78e08e/element HTTP/1.1
User-Agent: selenium/4.0.0-alpha-5 (java windows)
Content-Length: 103
Content-Type: application/json; charset=utf-8
host: localhost:10889
accept: */*

Response DefaultHttpResponse(decodeResult: success, version: HTTP/1.1)
HTTP/1.1 200 OK
content-type: application/json; charset=utf-8
cache-control: no-cache
content-length: 88
date: Thu, 25 Jun 2020 12:50:27 GMT

15:50:27.043 [AsyncHttpClient-3-1] DEBUG o.a.netty.channel.ChannelManager - Adding key: http://localhost:10889 for channel [id: 0x7c68b8df, L:/127.0.0.1:64390 - R:localhost/127.0.0.1:10889]
15:50:27.044 [Forwarding getElementText on session 14f61660-7bcc-4279-b6a3-7163a94e0626 to remote] DEBUG o.a.netty.request.NettyRequestSender - Using pooled Channel '[id: 0x7c68b8df, L:/127.0.0.1:64390 - R:localhost/127.0.0.1:10889]' for 'GET' to 'http://localhost:10889/session/14f61660-7bcc-4279-b6a3-7163a94e0626/element/122e1cc9-13fd-4403-ac88-9a86af336bb4/text'
15:50:27.044 [Forwarding getElementText on session 14f61660-7bcc-4279-b6a3-7163a94e0626 to remote] DEBUG o.a.netty.request.NettyRequestSender - Using open Channel [id: 0x7c68b8df, L:/127.0.0.1:64390 - R:localhost/127.0.0.1:10889] for GET '/session/14f61660-7bcc-4279-b6a3-7163a94e0626/element/122e1cc9-13fd-4403-ac88-9a86af336bb4/text'
15:50:27.050 [AsyncHttpClient-3-1] DEBUG o.a.netty.handler.HttpHandler - 

Request DefaultFullHttpRequest(decodeResult: success, version: HTTP/1.1, content: EmptyByteBufBE)
GET /session/14f61660-7bcc-4279-b6a3-7163a94e0626/element/122e1cc9-13fd-4403-ac88-9a86af336bb4/text HTTP/1.1
User-Agent: selenium/4.0.0-alpha-5 (java windows)
Cache-Control: no-cache
host: localhost:10889
accept: */*

Response DefaultHttpResponse(decodeResult: success, version: HTTP/1.1)
HTTP/1.1 200 OK
content-type: application/json; charset=utf-8
cache-control: no-cache
content-length: 28
date: Thu, 25 Jun 2020 12:50:27 GMT

15:50:27.051 [AsyncHttpClient-3-1] DEBUG o.a.netty.channel.ChannelManager - Adding key: http://localhost:10889 for channel [id: 0x7c68b8df, L:/127.0.0.1:64390 - R:localhost/127.0.0.1:10889]
15:50:27.051 [Forwarding findChildElement on session 14f61660-7bcc-4279-b6a3-7163a94e0626 to remote] DEBUG o.a.netty.request.NettyRequestSender - Using pooled Channel '[id: 0x7c68b8df, L:/127.0.0.1:64390 - R:localhost/127.0.0.1:10889]' for 'POST' to 'http://localhost:10889/session/14f61660-7bcc-4279-b6a3-7163a94e0626/element/793af660-d5b0-4b37-b966-4e0f2c78e08e/element'
15:50:27.052 [Forwarding findChildElement on session 14f61660-7bcc-4279-b6a3-7163a94e0626 to remote] DEBUG o.a.netty.request.NettyRequestSender - Using open Channel [id: 0x7c68b8df, L:/127.0.0.1:64390 - R:localhost/127.0.0.1:10889] for POST '/session/14f61660-7bcc-4279-b6a3-7163a94e0626/element/793af660-d5b0-4b37-b966-4e0f2c78e08e/element'
15:50:27.056 [AsyncHttpClient-3-1] DEBUG o.a.netty.handler.HttpHandler - 

Request DefaultHttpRequest(decodeResult: success, version: HTTP/1.1)
POST /session/14f61660-7bcc-4279-b6a3-7163a94e0626/element/793af660-d5b0-4b37-b966-4e0f2c78e08e/element HTTP/1.1
User-Agent: selenium/4.0.0-alpha-5 (java windows)
Content-Length: 97
Content-Type: application/json; charset=utf-8
host: localhost:10889
accept: */*

Response DefaultHttpResponse(decodeResult: success, version: HTTP/1.1)
HTTP/1.1 200 OK
content-type: application/json; charset=utf-8
cache-control: no-cache
content-length: 88
date: Thu, 25 Jun 2020 12:50:27 GMT

15:50:27.056 [AsyncHttpClient-3-1] DEBUG o.a.netty.channel.ChannelManager - Adding key: http://localhost:10889 for channel [id: 0x7c68b8df, L:/127.0.0.1:64390 - R:localhost/127.0.0.1:10889]
15:50:27.059 [Forwarding getElementAttribute on session 14f61660-7bcc-4279-b6a3-7163a94e0626 to remote] DEBUG o.a.netty.request.NettyRequestSender - Using pooled Channel '[id: 0x7c68b8df, L:/127.0.0.1:64390 - R:localhost/127.0.0.1:10889]' for 'POST' to 'http://localhost:10889/session/14f61660-7bcc-4279-b6a3-7163a94e0626/execute/sync'
15:50:27.059 [Forwarding getElementAttribute on session 14f61660-7bcc-4279-b6a3-7163a94e0626 to remote] DEBUG o.a.netty.request.NettyRequestSender - Using open Channel [id: 0x7c68b8df, L:/127.0.0.1:64390 - R:localhost/127.0.0.1:10889] for POST '/session/14f61660-7bcc-4279-b6a3-7163a94e0626/execute/sync'
15:50:27.071 [AsyncHttpClient-3-1] DEBUG o.a.netty.handler.HttpHandler - 

Request DefaultHttpRequest(decodeResult: success, version: HTTP/1.1)
POST /session/14f61660-7bcc-4279-b6a3-7163a94e0626/execute/sync HTTP/1.1
User-Agent: selenium/4.0.0-alpha-5 (java windows)
Content-Length: 39635
Content-Type: application/json; charset=utf-8
host: localhost:10889
accept: */*

Response DefaultHttpResponse(decodeResult: success, version: HTTP/1.1)
HTTP/1.1 200 OK
content-type: application/json; charset=utf-8
cache-control: no-cache
content-length: 15
date: Thu, 25 Jun 2020 12:50:27 GMT

15:50:27.071 [AsyncHttpClient-3-1] DEBUG o.a.netty.channel.ChannelManager - Adding key: http://localhost:10889 for channel [id: 0x7c68b8df, L:/127.0.0.1:64390 - R:localhost/127.0.0.1:10889]
15:50:27.071 [Forwarding findChildElement on session 14f61660-7bcc-4279-b6a3-7163a94e0626 to remote] DEBUG o.a.netty.request.NettyRequestSender - Using pooled Channel '[id: 0x7c68b8df, L:/127.0.0.1:64390 - R:localhost/127.0.0.1:10889]' for 'POST' to 'http://localhost:10889/session/14f61660-7bcc-4279-b6a3-7163a94e0626/element/a1927ffe-2a10-41e5-902d-d8c47f0fd55f/element'
15:50:27.071 [Forwarding findChildElement on session 14f61660-7bcc-4279-b6a3-7163a94e0626 to remote] DEBUG o.a.netty.request.NettyRequestSender - Using open Channel [id: 0x7c68b8df, L:/127.0.0.1:64390 - R:localhost/127.0.0.1:10889] for POST '/session/14f61660-7bcc-4279-b6a3-7163a94e0626/element/a1927ffe-2a10-41e5-902d-d8c47f0fd55f/element'
15:50:27.075 [AsyncHttpClient-3-1] DEBUG o.a.netty.handler.HttpHandler - 

Request DefaultHttpRequest(decodeResult: success, version: HTTP/1.1)
POST /session/14f61660-7bcc-4279-b6a3-7163a94e0626/element/a1927ffe-2a10-41e5-902d-d8c47f0fd55f/element HTTP/1.1
User-Agent: selenium/4.0.0-alpha-5 (java windows)
Content-Length: 103
Content-Type: application/json; charset=utf-8
host: localhost:10889
accept: */*

Response DefaultHttpResponse(decodeResult: success, version: HTTP/1.1)
HTTP/1.1 200 OK
content-type: application/json; charset=utf-8
cache-control: no-cache
content-length: 88
date: Thu, 25 Jun 2020 12:50:27 GMT

15:50:27.075 [AsyncHttpClient-3-1] DEBUG o.a.netty.channel.ChannelManager - Adding key: http://localhost:10889 for channel [id: 0x7c68b8df, L:/127.0.0.1:64390 - R:localhost/127.0.0.1:10889]
15:50:27.075 [Forwarding getElementText on session 14f61660-7bcc-4279-b6a3-7163a94e0626 to remote] DEBUG o.a.netty.request.NettyRequestSender - Using pooled Channel '[id: 0x7c68b8df, L:/127.0.0.1:64390 - R:localhost/127.0.0.1:10889]' for 'GET' to 'http://localhost:10889/session/14f61660-7bcc-4279-b6a3-7163a94e0626/element/cd47b913-dafe-4cd3-ba2f-83d3eda4c603/text'
15:50:27.075 [Forwarding getElementText on session 14f61660-7bcc-4279-b6a3-7163a94e0626 to remote] DEBUG o.a.netty.request.NettyRequestSender - Using open Channel [id: 0x7c68b8df, L:/127.0.0.1:64390 - R:localhost/127.0.0.1:10889] for GET '/session/14f61660-7bcc-4279-b6a3-7163a94e0626/element/cd47b913-dafe-4cd3-ba2f-83d3eda4c603/text'
15:50:27.080 [AsyncHttpClient-3-1] DEBUG o.a.netty.handler.HttpHandler - 

Request DefaultFullHttpRequest(decodeResult: success, version: HTTP/1.1, content: EmptyByteBufBE)
GET /session/14f61660-7bcc-4279-b6a3-7163a94e0626/element/cd47b913-dafe-4cd3-ba2f-83d3eda4c603/text HTTP/1.1
User-Agent: selenium/4.0.0-alpha-5 (java windows)
Cache-Control: no-cache
host: localhost:10889
accept: */*

Response DefaultHttpResponse(decodeResult: success, version: HTTP/1.1)
HTTP/1.1 200 OK
content-type: application/json; charset=utf-8
cache-control: no-cache
content-length: 19
date: Thu, 25 Jun 2020 12:50:27 GMT

15:50:27.080 [AsyncHttpClient-3-1] DEBUG o.a.netty.channel.ChannelManager - Adding key: http://localhost:10889 for channel [id: 0x7c68b8df, L:/127.0.0.1:64390 - R:localhost/127.0.0.1:10889]
15:50:27.080 [Forwarding findChildElement on session 14f61660-7bcc-4279-b6a3-7163a94e0626 to remote] DEBUG o.a.netty.request.NettyRequestSender - Using pooled Channel '[id: 0x7c68b8df, L:/127.0.0.1:64390 - R:localhost/127.0.0.1:10889]' for 'POST' to 'http://localhost:10889/session/14f61660-7bcc-4279-b6a3-7163a94e0626/element/a1927ffe-2a10-41e5-902d-d8c47f0fd55f/element'
15:50:27.080 [Forwarding findChildElement on session 14f61660-7bcc-4279-b6a3-7163a94e0626 to remote] DEBUG o.a.netty.request.NettyRequestSender - Using open Channel [id: 0x7c68b8df, L:/127.0.0.1:64390 - R:localhost/127.0.0.1:10889] for POST '/session/14f61660-7bcc-4279-b6a3-7163a94e0626/element/a1927ffe-2a10-41e5-902d-d8c47f0fd55f/element'
15:50:27.099 [AsyncHttpClient-3-1] DEBUG o.a.netty.handler.HttpHandler - 

Request DefaultHttpRequest(decodeResult: success, version: HTTP/1.1)
POST /session/14f61660-7bcc-4279-b6a3-7163a94e0626/element/a1927ffe-2a10-41e5-902d-d8c47f0fd55f/element HTTP/1.1
User-Agent: selenium/4.0.0-alpha-5 (java windows)
Content-Length: 103
Content-Type: application/json; charset=utf-8
host: localhost:10889
accept: */*

Response DefaultHttpResponse(decodeResult: success, version: HTTP/1.1)
HTTP/1.1 200 OK
content-type: application/json; charset=utf-8
cache-control: no-cache
content-length: 88
date: Thu, 25 Jun 2020 12:50:27 GMT

15:50:27.099 [AsyncHttpClient-3-1] DEBUG o.a.netty.channel.ChannelManager - Adding key: http://localhost:10889 for channel [id: 0x7c68b8df, L:/127.0.0.1:64390 - R:localhost/127.0.0.1:10889]
15:50:27.099 [Forwarding getElementText on session 14f61660-7bcc-4279-b6a3-7163a94e0626 to remote] DEBUG o.a.netty.request.NettyRequestSender - Using pooled Channel '[id: 0x7c68b8df, L:/127.0.0.1:64390 - R:localhost/127.0.0.1:10889]' for 'GET' to 'http://localhost:10889/session/14f61660-7bcc-4279-b6a3-7163a94e0626/element/335d3119-ce1b-470c-85a6-c6b99066ba44/text'
15:50:27.099 [Forwarding getElementText on session 14f61660-7bcc-4279-b6a3-7163a94e0626 to remote] DEBUG o.a.netty.request.NettyRequestSender - Using open Channel [id: 0x7c68b8df, L:/127.0.0.1:64390 - R:localhost/127.0.0.1:10889] for GET '/session/14f61660-7bcc-4279-b6a3-7163a94e0626/element/335d3119-ce1b-470c-85a6-c6b99066ba44/text'
15:50:27.105 [AsyncHttpClient-3-1] DEBUG o.a.netty.handler.HttpHandler - 

Request DefaultFullHttpRequest(decodeResult: success, version: HTTP/1.1, content: EmptyByteBufBE)
GET /session/14f61660-7bcc-4279-b6a3-7163a94e0626/element/335d3119-ce1b-470c-85a6-c6b99066ba44/text HTTP/1.1
User-Agent: selenium/4.0.0-alpha-5 (java windows)
Cache-Control: no-cache
host: localhost:10889
accept: */*

Response DefaultHttpResponse(decodeResult: success, version: HTTP/1.1)
HTTP/1.1 200 OK
content-type: application/json; charset=utf-8
cache-control: no-cache
content-length: 19
date: Thu, 25 Jun 2020 12:50:27 GMT

15:50:27.105 [AsyncHttpClient-3-1] DEBUG o.a.netty.channel.ChannelManager - Adding key: http://localhost:10889 for channel [id: 0x7c68b8df, L:/127.0.0.1:64390 - R:localhost/127.0.0.1:10889]
15:50:27.105 [Forwarding findChildElement on session 14f61660-7bcc-4279-b6a3-7163a94e0626 to remote] DEBUG o.a.netty.request.NettyRequestSender - Using pooled Channel '[id: 0x7c68b8df, L:/127.0.0.1:64390 - R:localhost/127.0.0.1:10889]' for 'POST' to 'http://localhost:10889/session/14f61660-7bcc-4279-b6a3-7163a94e0626/element/a1927ffe-2a10-41e5-902d-d8c47f0fd55f/element'
15:50:27.105 [Forwarding findChildElement on session 14f61660-7bcc-4279-b6a3-7163a94e0626 to remote] DEBUG o.a.netty.request.NettyRequestSender - Using open Channel [id: 0x7c68b8df, L:/127.0.0.1:64390 - R:localhost/127.0.0.1:10889] for POST '/session/14f61660-7bcc-4279-b6a3-7163a94e0626/element/a1927ffe-2a10-41e5-902d-d8c47f0fd55f/element'
15:50:27.109 [AsyncHttpClient-3-1] DEBUG o.a.netty.handler.HttpHandler - 

Request DefaultHttpRequest(decodeResult: success, version: HTTP/1.1)
POST /session/14f61660-7bcc-4279-b6a3-7163a94e0626/element/a1927ffe-2a10-41e5-902d-d8c47f0fd55f/element HTTP/1.1
User-Agent: selenium/4.0.0-alpha-5 (java windows)
Content-Length: 103
Content-Type: application/json; charset=utf-8
host: localhost:10889
accept: */*

Response DefaultHttpResponse(decodeResult: success, version: HTTP/1.1)
HTTP/1.1 200 OK
content-type: application/json; charset=utf-8
cache-control: no-cache
content-length: 88
date: Thu, 25 Jun 2020 12:50:27 GMT

15:50:27.110 [AsyncHttpClient-3-1] DEBUG o.a.netty.channel.ChannelManager - Adding key: http://localhost:10889 for channel [id: 0x7c68b8df, L:/127.0.0.1:64390 - R:localhost/127.0.0.1:10889]
15:50:27.110 [Forwarding getElementText on session 14f61660-7bcc-4279-b6a3-7163a94e0626 to remote] DEBUG o.a.netty.request.NettyRequestSender - Using pooled Channel '[id: 0x7c68b8df, L:/127.0.0.1:64390 - R:localhost/127.0.0.1:10889]' for 'GET' to 'http://localhost:10889/session/14f61660-7bcc-4279-b6a3-7163a94e0626/element/e7d56195-7bb3-4c4f-ba98-5eee8468272c/text'
15:50:27.110 [Forwarding getElementText on session 14f61660-7bcc-4279-b6a3-7163a94e0626 to remote] DEBUG o.a.netty.request.NettyRequestSender - Using open Channel [id: 0x7c68b8df, L:/127.0.0.1:64390 - R:localhost/127.0.0.1:10889] for GET '/session/14f61660-7bcc-4279-b6a3-7163a94e0626/element/e7d56195-7bb3-4c4f-ba98-5eee8468272c/text'
15:50:27.116 [AsyncHttpClient-3-1] DEBUG o.a.netty.handler.HttpHandler - 

Request DefaultFullHttpRequest(decodeResult: success, version: HTTP/1.1, content: EmptyByteBufBE)
GET /session/14f61660-7bcc-4279-b6a3-7163a94e0626/element/e7d56195-7bb3-4c4f-ba98-5eee8468272c/text HTTP/1.1
User-Agent: selenium/4.0.0-alpha-5 (java windows)
Cache-Control: no-cache
host: localhost:10889
accept: */*

Response DefaultHttpResponse(decodeResult: success, version: HTTP/1.1)
HTTP/1.1 200 OK
content-type: application/json; charset=utf-8
cache-control: no-cache
content-length: 12
date: Thu, 25 Jun 2020 12:50:27 GMT

15:50:27.116 [AsyncHttpClient-3-1] DEBUG o.a.netty.channel.ChannelManager - Adding key: http://localhost:10889 for channel [id: 0x7c68b8df, L:/127.0.0.1:64390 - R:localhost/127.0.0.1:10889]
15:50:27.117 [Forwarding findChildElement on session 14f61660-7bcc-4279-b6a3-7163a94e0626 to remote] DEBUG o.a.netty.request.NettyRequestSender - Using pooled Channel '[id: 0x7c68b8df, L:/127.0.0.1:64390 - R:localhost/127.0.0.1:10889]' for 'POST' to 'http://localhost:10889/session/14f61660-7bcc-4279-b6a3-7163a94e0626/element/a1927ffe-2a10-41e5-902d-d8c47f0fd55f/element'
15:50:27.117 [Forwarding findChildElement on session 14f61660-7bcc-4279-b6a3-7163a94e0626 to remote] DEBUG o.a.netty.request.NettyRequestSender - Using open Channel [id: 0x7c68b8df, L:/127.0.0.1:64390 - R:localhost/127.0.0.1:10889] for POST '/session/14f61660-7bcc-4279-b6a3-7163a94e0626/element/a1927ffe-2a10-41e5-902d-d8c47f0fd55f/element'
15:50:27.121 [AsyncHttpClient-3-1] DEBUG o.a.netty.handler.HttpHandler - 

Request DefaultHttpRequest(decodeResult: success, version: HTTP/1.1)
POST /session/14f61660-7bcc-4279-b6a3-7163a94e0626/element/a1927ffe-2a10-41e5-902d-d8c47f0fd55f/element HTTP/1.1
User-Agent: selenium/4.0.0-alpha-5 (java windows)
Content-Length: 103
Content-Type: application/json; charset=utf-8
host: localhost:10889
accept: */*

Response DefaultHttpResponse(decodeResult: success, version: HTTP/1.1)
HTTP/1.1 200 OK
content-type: application/json; charset=utf-8
cache-control: no-cache
content-length: 88
date: Thu, 25 Jun 2020 12:50:27 GMT

15:50:27.122 [AsyncHttpClient-3-1] DEBUG o.a.netty.channel.ChannelManager - Adding key: http://localhost:10889 for channel [id: 0x7c68b8df, L:/127.0.0.1:64390 - R:localhost/127.0.0.1:10889]
15:50:27.122 [Forwarding getElementText on session 14f61660-7bcc-4279-b6a3-7163a94e0626 to remote] DEBUG o.a.netty.request.NettyRequestSender - Using pooled Channel '[id: 0x7c68b8df, L:/127.0.0.1:64390 - R:localhost/127.0.0.1:10889]' for 'GET' to 'http://localhost:10889/session/14f61660-7bcc-4279-b6a3-7163a94e0626/element/d6417490-9e4a-49a1-812e-d2a749dd645a/text'
15:50:27.122 [Forwarding getElementText on session 14f61660-7bcc-4279-b6a3-7163a94e0626 to remote] DEBUG o.a.netty.request.NettyRequestSender - Using open Channel [id: 0x7c68b8df, L:/127.0.0.1:64390 - R:localhost/127.0.0.1:10889] for GET '/session/14f61660-7bcc-4279-b6a3-7163a94e0626/element/d6417490-9e4a-49a1-812e-d2a749dd645a/text'
15:50:27.127 [AsyncHttpClient-3-1] DEBUG o.a.netty.handler.HttpHandler - 

Request DefaultFullHttpRequest(decodeResult: success, version: HTTP/1.1, content: EmptyByteBufBE)
GET /session/14f61660-7bcc-4279-b6a3-7163a94e0626/element/d6417490-9e4a-49a1-812e-d2a749dd645a/text HTTP/1.1
User-Agent: selenium/4.0.0-alpha-5 (java windows)
Cache-Control: no-cache
host: localhost:10889
accept: */*

Response DefaultHttpResponse(decodeResult: success, version: HTTP/1.1)
HTTP/1.1 200 OK
content-type: application/json; charset=utf-8
cache-control: no-cache
content-length: 19
date: Thu, 25 Jun 2020 12:50:27 GMT

15:50:27.128 [AsyncHttpClient-3-1] DEBUG o.a.netty.channel.ChannelManager - Adding key: http://localhost:10889 for channel [id: 0x7c68b8df, L:/127.0.0.1:64390 - R:localhost/127.0.0.1:10889]
15:50:27.128 [Forwarding findChildElement on session 14f61660-7bcc-4279-b6a3-7163a94e0626 to remote] DEBUG o.a.netty.request.NettyRequestSender - Using pooled Channel '[id: 0x7c68b8df, L:/127.0.0.1:64390 - R:localhost/127.0.0.1:10889]' for 'POST' to 'http://localhost:10889/session/14f61660-7bcc-4279-b6a3-7163a94e0626/element/a1927ffe-2a10-41e5-902d-d8c47f0fd55f/element'
15:50:27.128 [Forwarding findChildElement on session 14f61660-7bcc-4279-b6a3-7163a94e0626 to remote] DEBUG o.a.netty.request.NettyRequestSender - Using open Channel [id: 0x7c68b8df, L:/127.0.0.1:64390 - R:localhost/127.0.0.1:10889] for POST '/session/14f61660-7bcc-4279-b6a3-7163a94e0626/element/a1927ffe-2a10-41e5-902d-d8c47f0fd55f/element'
15:50:27.134 [AsyncHttpClient-3-1] DEBUG o.a.netty.handler.HttpHandler - 

Request DefaultHttpRequest(decodeResult: success, version: HTTP/1.1)
POST /session/14f61660-7bcc-4279-b6a3-7163a94e0626/element/a1927ffe-2a10-41e5-902d-d8c47f0fd55f/element HTTP/1.1
User-Agent: selenium/4.0.0-alpha-5 (java windows)
Content-Length: 103
Content-Type: application/json; charset=utf-8
host: localhost:10889
accept: */*

Response DefaultHttpResponse(decodeResult: success, version: HTTP/1.1)
HTTP/1.1 200 OK
content-type: application/json; charset=utf-8
cache-control: no-cache
content-length: 88
date: Thu, 25 Jun 2020 12:50:27 GMT

15:50:27.134 [AsyncHttpClient-3-1] DEBUG o.a.netty.channel.ChannelManager - Adding key: http://localhost:10889 for channel [id: 0x7c68b8df, L:/127.0.0.1:64390 - R:localhost/127.0.0.1:10889]
15:50:27.134 [Forwarding getElementText on session 14f61660-7bcc-4279-b6a3-7163a94e0626 to remote] DEBUG o.a.netty.request.NettyRequestSender - Using pooled Channel '[id: 0x7c68b8df, L:/127.0.0.1:64390 - R:localhost/127.0.0.1:10889]' for 'GET' to 'http://localhost:10889/session/14f61660-7bcc-4279-b6a3-7163a94e0626/element/f3135b6b-a7e2-43b4-b10a-b55d309bbedf/text'
15:50:27.134 [Forwarding getElementText on session 14f61660-7bcc-4279-b6a3-7163a94e0626 to remote] DEBUG o.a.netty.request.NettyRequestSender - Using open Channel [id: 0x7c68b8df, L:/127.0.0.1:64390 - R:localhost/127.0.0.1:10889] for GET '/session/14f61660-7bcc-4279-b6a3-7163a94e0626/element/f3135b6b-a7e2-43b4-b10a-b55d309bbedf/text'
15:50:27.140 [AsyncHttpClient-3-1] DEBUG o.a.netty.handler.HttpHandler - 

Request DefaultFullHttpRequest(decodeResult: success, version: HTTP/1.1, content: EmptyByteBufBE)
GET /session/14f61660-7bcc-4279-b6a3-7163a94e0626/element/f3135b6b-a7e2-43b4-b10a-b55d309bbedf/text HTTP/1.1
User-Agent: selenium/4.0.0-alpha-5 (java windows)
Cache-Control: no-cache
host: localhost:10889
accept: */*

Response DefaultHttpResponse(decodeResult: success, version: HTTP/1.1)
HTTP/1.1 200 OK
content-type: application/json; charset=utf-8
cache-control: no-cache
content-length: 28
date: Thu, 25 Jun 2020 12:50:27 GMT

15:50:27.141 [AsyncHttpClient-3-1] DEBUG o.a.netty.channel.ChannelManager - Adding key: http://localhost:10889 for channel [id: 0x7c68b8df, L:/127.0.0.1:64390 - R:localhost/127.0.0.1:10889]
15:50:27.141 [Forwarding findChildElement on session 14f61660-7bcc-4279-b6a3-7163a94e0626 to remote] DEBUG o.a.netty.request.NettyRequestSender - Using pooled Channel '[id: 0x7c68b8df, L:/127.0.0.1:64390 - R:localhost/127.0.0.1:10889]' for 'POST' to 'http://localhost:10889/session/14f61660-7bcc-4279-b6a3-7163a94e0626/element/a1927ffe-2a10-41e5-902d-d8c47f0fd55f/element'
15:50:27.141 [Forwarding findChildElement on session 14f61660-7bcc-4279-b6a3-7163a94e0626 to remote] DEBUG o.a.netty.request.NettyRequestSender - Using open Channel [id: 0x7c68b8df, L:/127.0.0.1:64390 - R:localhost/127.0.0.1:10889] for POST '/session/14f61660-7bcc-4279-b6a3-7163a94e0626/element/a1927ffe-2a10-41e5-902d-d8c47f0fd55f/element'
15:50:27.145 [AsyncHttpClient-3-1] DEBUG o.a.netty.handler.HttpHandler - 

Request DefaultHttpRequest(decodeResult: success, version: HTTP/1.1)
POST /session/14f61660-7bcc-4279-b6a3-7163a94e0626/element/a1927ffe-2a10-41e5-902d-d8c47f0fd55f/element HTTP/1.1
User-Agent: selenium/4.0.0-alpha-5 (java windows)
Content-Length: 97
Content-Type: application/json; charset=utf-8
host: localhost:10889
accept: */*

Response DefaultHttpResponse(decodeResult: success, version: HTTP/1.1)
HTTP/1.1 200 OK
content-type: application/json; charset=utf-8
cache-control: no-cache
content-length: 88
date: Thu, 25 Jun 2020 12:50:27 GMT

15:50:27.145 [AsyncHttpClient-3-1] DEBUG o.a.netty.channel.ChannelManager - Adding key: http://localhost:10889 for channel [id: 0x7c68b8df, L:/127.0.0.1:64390 - R:localhost/127.0.0.1:10889]
15:50:27.151 [Forwarding getElementAttribute on session 14f61660-7bcc-4279-b6a3-7163a94e0626 to remote] DEBUG o.a.netty.request.NettyRequestSender - Using pooled Channel '[id: 0x7c68b8df, L:/127.0.0.1:64390 - R:localhost/127.0.0.1:10889]' for 'POST' to 'http://localhost:10889/session/14f61660-7bcc-4279-b6a3-7163a94e0626/execute/sync'
15:50:27.151 [Forwarding getElementAttribute on session 14f61660-7bcc-4279-b6a3-7163a94e0626 to remote] DEBUG o.a.netty.request.NettyRequestSender - Using open Channel [id: 0x7c68b8df, L:/127.0.0.1:64390 - R:localhost/127.0.0.1:10889] for POST '/session/14f61660-7bcc-4279-b6a3-7163a94e0626/execute/sync'
15:50:27.164 [AsyncHttpClient-3-1] DEBUG o.a.netty.handler.HttpHandler - 

Request DefaultHttpRequest(decodeResult: success, version: HTTP/1.1)
POST /session/14f61660-7bcc-4279-b6a3-7163a94e0626/execute/sync HTTP/1.1
User-Agent: selenium/4.0.0-alpha-5 (java windows)
Content-Length: 39635
Content-Type: application/json; charset=utf-8
host: localhost:10889
accept: */*

Response DefaultHttpResponse(decodeResult: success, version: HTTP/1.1)
HTTP/1.1 200 OK
content-type: application/json; charset=utf-8
cache-control: no-cache
content-length: 15
date: Thu, 25 Jun 2020 12:50:27 GMT

15:50:27.164 [AsyncHttpClient-3-1] DEBUG o.a.netty.channel.ChannelManager - Adding key: http://localhost:10889 for channel [id: 0x7c68b8df, L:/127.0.0.1:64390 - R:localhost/127.0.0.1:10889]
15:50:27.165 [Forwarding findChildElement on session 14f61660-7bcc-4279-b6a3-7163a94e0626 to remote] DEBUG o.a.netty.request.NettyRequestSender - Using pooled Channel '[id: 0x7c68b8df, L:/127.0.0.1:64390 - R:localhost/127.0.0.1:10889]' for 'POST' to 'http://localhost:10889/session/14f61660-7bcc-4279-b6a3-7163a94e0626/element/590b15d2-fcad-4ee7-ad58-3594e48225b4/element'
15:50:27.165 [Forwarding findChildElement on session 14f61660-7bcc-4279-b6a3-7163a94e0626 to remote] DEBUG o.a.netty.request.NettyRequestSender - Using open Channel [id: 0x7c68b8df, L:/127.0.0.1:64390 - R:localhost/127.0.0.1:10889] for POST '/session/14f61660-7bcc-4279-b6a3-7163a94e0626/element/590b15d2-fcad-4ee7-ad58-3594e48225b4/element'
15:50:27.169 [AsyncHttpClient-3-1] DEBUG o.a.netty.handler.HttpHandler - 

Request DefaultHttpRequest(decodeResult: success, version: HTTP/1.1)
POST /session/14f61660-7bcc-4279-b6a3-7163a94e0626/element/590b15d2-fcad-4ee7-ad58-3594e48225b4/element HTTP/1.1
User-Agent: selenium/4.0.0-alpha-5 (java windows)
Content-Length: 103
Content-Type: application/json; charset=utf-8
host: localhost:10889
accept: */*

Response DefaultHttpResponse(decodeResult: success, version: HTTP/1.1)
HTTP/1.1 200 OK
content-type: application/json; charset=utf-8
cache-control: no-cache
content-length: 88
date: Thu, 25 Jun 2020 12:50:27 GMT

15:50:27.169 [AsyncHttpClient-3-1] DEBUG o.a.netty.channel.ChannelManager - Adding key: http://localhost:10889 for channel [id: 0x7c68b8df, L:/127.0.0.1:64390 - R:localhost/127.0.0.1:10889]
15:50:27.169 [Forwarding getElementText on session 14f61660-7bcc-4279-b6a3-7163a94e0626 to remote] DEBUG o.a.netty.request.NettyRequestSender - Using pooled Channel '[id: 0x7c68b8df, L:/127.0.0.1:64390 - R:localhost/127.0.0.1:10889]' for 'GET' to 'http://localhost:10889/session/14f61660-7bcc-4279-b6a3-7163a94e0626/element/adcde248-7445-4036-a928-d39302fde285/text'
15:50:27.170 [Forwarding getElementText on session 14f61660-7bcc-4279-b6a3-7163a94e0626 to remote] DEBUG o.a.netty.request.NettyRequestSender - Using open Channel [id: 0x7c68b8df, L:/127.0.0.1:64390 - R:localhost/127.0.0.1:10889] for GET '/session/14f61660-7bcc-4279-b6a3-7163a94e0626/element/adcde248-7445-4036-a928-d39302fde285/text'
15:50:27.174 [AsyncHttpClient-3-1] DEBUG o.a.netty.handler.HttpHandler - 

Request DefaultFullHttpRequest(decodeResult: success, version: HTTP/1.1, content: EmptyByteBufBE)
GET /session/14f61660-7bcc-4279-b6a3-7163a94e0626/element/adcde248-7445-4036-a928-d39302fde285/text HTTP/1.1
User-Agent: selenium/4.0.0-alpha-5 (java windows)
Cache-Control: no-cache
host: localhost:10889
accept: */*

Response DefaultHttpResponse(decodeResult: success, version: HTTP/1.1)
HTTP/1.1 200 OK
content-type: application/json; charset=utf-8
cache-control: no-cache
content-length: 19
date: Thu, 25 Jun 2020 12:50:27 GMT

15:50:27.174 [AsyncHttpClient-3-1] DEBUG o.a.netty.channel.ChannelManager - Adding key: http://localhost:10889 for channel [id: 0x7c68b8df, L:/127.0.0.1:64390 - R:localhost/127.0.0.1:10889]
15:50:27.175 [Forwarding findChildElement on session 14f61660-7bcc-4279-b6a3-7163a94e0626 to remote] DEBUG o.a.netty.request.NettyRequestSender - Using pooled Channel '[id: 0x7c68b8df, L:/127.0.0.1:64390 - R:localhost/127.0.0.1:10889]' for 'POST' to 'http://localhost:10889/session/14f61660-7bcc-4279-b6a3-7163a94e0626/element/590b15d2-fcad-4ee7-ad58-3594e48225b4/element'
15:50:27.175 [Forwarding findChildElement on session 14f61660-7bcc-4279-b6a3-7163a94e0626 to remote] DEBUG o.a.netty.request.NettyRequestSender - Using open Channel [id: 0x7c68b8df, L:/127.0.0.1:64390 - R:localhost/127.0.0.1:10889] for POST '/session/14f61660-7bcc-4279-b6a3-7163a94e0626/element/590b15d2-fcad-4ee7-ad58-3594e48225b4/element'
15:50:27.179 [AsyncHttpClient-3-1] DEBUG o.a.netty.handler.HttpHandler - 

Request DefaultHttpRequest(decodeResult: success, version: HTTP/1.1)
POST /session/14f61660-7bcc-4279-b6a3-7163a94e0626/element/590b15d2-fcad-4ee7-ad58-3594e48225b4/element HTTP/1.1
User-Agent: selenium/4.0.0-alpha-5 (java windows)
Content-Length: 103
Content-Type: application/json; charset=utf-8
host: localhost:10889
accept: */*

Response DefaultHttpResponse(decodeResult: success, version: HTTP/1.1)
HTTP/1.1 200 OK
content-type: application/json; charset=utf-8
cache-control: no-cache
content-length: 88
date: Thu, 25 Jun 2020 12:50:27 GMT

15:50:27.179 [AsyncHttpClient-3-1] DEBUG o.a.netty.channel.ChannelManager - Adding key: http://localhost:10889 for channel [id: 0x7c68b8df, L:/127.0.0.1:64390 - R:localhost/127.0.0.1:10889]
15:50:27.179 [Forwarding getElementText on session 14f61660-7bcc-4279-b6a3-7163a94e0626 to remote] DEBUG o.a.netty.request.NettyRequestSender - Using pooled Channel '[id: 0x7c68b8df, L:/127.0.0.1:64390 - R:localhost/127.0.0.1:10889]' for 'GET' to 'http://localhost:10889/session/14f61660-7bcc-4279-b6a3-7163a94e0626/element/b2422a41-0647-498c-8f0b-7eb8283e9fc9/text'
15:50:27.179 [Forwarding getElementText on session 14f61660-7bcc-4279-b6a3-7163a94e0626 to remote] DEBUG o.a.netty.request.NettyRequestSender - Using open Channel [id: 0x7c68b8df, L:/127.0.0.1:64390 - R:localhost/127.0.0.1:10889] for GET '/session/14f61660-7bcc-4279-b6a3-7163a94e0626/element/b2422a41-0647-498c-8f0b-7eb8283e9fc9/text'
15:50:27.184 [AsyncHttpClient-3-1] DEBUG o.a.netty.handler.HttpHandler - 

Request DefaultFullHttpRequest(decodeResult: success, version: HTTP/1.1, content: EmptyByteBufBE)
GET /session/14f61660-7bcc-4279-b6a3-7163a94e0626/element/b2422a41-0647-498c-8f0b-7eb8283e9fc9/text HTTP/1.1
User-Agent: selenium/4.0.0-alpha-5 (java windows)
Cache-Control: no-cache
host: localhost:10889
accept: */*

Response DefaultHttpResponse(decodeResult: success, version: HTTP/1.1)
HTTP/1.1 200 OK
content-type: application/json; charset=utf-8
cache-control: no-cache
content-length: 19
date: Thu, 25 Jun 2020 12:50:27 GMT

15:50:27.184 [AsyncHttpClient-3-1] DEBUG o.a.netty.channel.ChannelManager - Adding key: http://localhost:10889 for channel [id: 0x7c68b8df, L:/127.0.0.1:64390 - R:localhost/127.0.0.1:10889]
15:50:27.184 [Forwarding findChildElement on session 14f61660-7bcc-4279-b6a3-7163a94e0626 to remote] DEBUG o.a.netty.request.NettyRequestSender - Using pooled Channel '[id: 0x7c68b8df, L:/127.0.0.1:64390 - R:localhost/127.0.0.1:10889]' for 'POST' to 'http://localhost:10889/session/14f61660-7bcc-4279-b6a3-7163a94e0626/element/590b15d2-fcad-4ee7-ad58-3594e48225b4/element'
15:50:27.185 [Forwarding findChildElement on session 14f61660-7bcc-4279-b6a3-7163a94e0626 to remote] DEBUG o.a.netty.request.NettyRequestSender - Using open Channel [id: 0x7c68b8df, L:/127.0.0.1:64390 - R:localhost/127.0.0.1:10889] for POST '/session/14f61660-7bcc-4279-b6a3-7163a94e0626/element/590b15d2-fcad-4ee7-ad58-3594e48225b4/element'
15:50:27.189 [AsyncHttpClient-3-1] DEBUG o.a.netty.handler.HttpHandler - 

Request DefaultHttpRequest(decodeResult: success, version: HTTP/1.1)
POST /session/14f61660-7bcc-4279-b6a3-7163a94e0626/element/590b15d2-fcad-4ee7-ad58-3594e48225b4/element HTTP/1.1
User-Agent: selenium/4.0.0-alpha-5 (java windows)
Content-Length: 103
Content-Type: application/json; charset=utf-8
host: localhost:10889
accept: */*

Response DefaultHttpResponse(decodeResult: success, version: HTTP/1.1)
HTTP/1.1 200 OK
content-type: application/json; charset=utf-8
cache-control: no-cache
content-length: 88
date: Thu, 25 Jun 2020 12:50:27 GMT

15:50:27.189 [AsyncHttpClient-3-1] DEBUG o.a.netty.channel.ChannelManager - Adding key: http://localhost:10889 for channel [id: 0x7c68b8df, L:/127.0.0.1:64390 - R:localhost/127.0.0.1:10889]
15:50:27.189 [Forwarding getElementText on session 14f61660-7bcc-4279-b6a3-7163a94e0626 to remote] DEBUG o.a.netty.request.NettyRequestSender - Using pooled Channel '[id: 0x7c68b8df, L:/127.0.0.1:64390 - R:localhost/127.0.0.1:10889]' for 'GET' to 'http://localhost:10889/session/14f61660-7bcc-4279-b6a3-7163a94e0626/element/b5ffe731-8593-4f14-a584-1de03c559ddf/text'
15:50:27.189 [Forwarding getElementText on session 14f61660-7bcc-4279-b6a3-7163a94e0626 to remote] DEBUG o.a.netty.request.NettyRequestSender - Using open Channel [id: 0x7c68b8df, L:/127.0.0.1:64390 - R:localhost/127.0.0.1:10889] for GET '/session/14f61660-7bcc-4279-b6a3-7163a94e0626/element/b5ffe731-8593-4f14-a584-1de03c559ddf/text'
15:50:27.194 [AsyncHttpClient-3-1] DEBUG o.a.netty.handler.HttpHandler - 

Request DefaultFullHttpRequest(decodeResult: success, version: HTTP/1.1, content: EmptyByteBufBE)
GET /session/14f61660-7bcc-4279-b6a3-7163a94e0626/element/b5ffe731-8593-4f14-a584-1de03c559ddf/text HTTP/1.1
User-Agent: selenium/4.0.0-alpha-5 (java windows)
Cache-Control: no-cache
host: localhost:10889
accept: */*

Response DefaultHttpResponse(decodeResult: success, version: HTTP/1.1)
HTTP/1.1 200 OK
content-type: application/json; charset=utf-8
cache-control: no-cache
content-length: 23
date: Thu, 25 Jun 2020 12:50:27 GMT

15:50:27.194 [AsyncHttpClient-3-1] DEBUG o.a.netty.channel.ChannelManager - Adding key: http://localhost:10889 for channel [id: 0x7c68b8df, L:/127.0.0.1:64390 - R:localhost/127.0.0.1:10889]
15:50:27.194 [Forwarding findChildElement on session 14f61660-7bcc-4279-b6a3-7163a94e0626 to remote] DEBUG o.a.netty.request.NettyRequestSender - Using pooled Channel '[id: 0x7c68b8df, L:/127.0.0.1:64390 - R:localhost/127.0.0.1:10889]' for 'POST' to 'http://localhost:10889/session/14f61660-7bcc-4279-b6a3-7163a94e0626/element/590b15d2-fcad-4ee7-ad58-3594e48225b4/element'
15:50:27.194 [Forwarding findChildElement on session 14f61660-7bcc-4279-b6a3-7163a94e0626 to remote] DEBUG o.a.netty.request.NettyRequestSender - Using open Channel [id: 0x7c68b8df, L:/127.0.0.1:64390 - R:localhost/127.0.0.1:10889] for POST '/session/14f61660-7bcc-4279-b6a3-7163a94e0626/element/590b15d2-fcad-4ee7-ad58-3594e48225b4/element'
15:50:27.198 [AsyncHttpClient-3-1] DEBUG o.a.netty.handler.HttpHandler - 

Request DefaultHttpRequest(decodeResult: success, version: HTTP/1.1)
POST /session/14f61660-7bcc-4279-b6a3-7163a94e0626/element/590b15d2-fcad-4ee7-ad58-3594e48225b4/element HTTP/1.1
User-Agent: selenium/4.0.0-alpha-5 (java windows)
Content-Length: 103
Content-Type: application/json; charset=utf-8
host: localhost:10889
accept: */*

Response DefaultHttpResponse(decodeResult: success, version: HTTP/1.1)
HTTP/1.1 200 OK
content-type: application/json; charset=utf-8
cache-control: no-cache
content-length: 88
date: Thu, 25 Jun 2020 12:50:27 GMT

15:50:27.198 [AsyncHttpClient-3-1] DEBUG o.a.netty.channel.ChannelManager - Adding key: http://localhost:10889 for channel [id: 0x7c68b8df, L:/127.0.0.1:64390 - R:localhost/127.0.0.1:10889]
15:50:27.198 [Forwarding getElementText on session 14f61660-7bcc-4279-b6a3-7163a94e0626 to remote] DEBUG o.a.netty.request.NettyRequestSender - Using pooled Channel '[id: 0x7c68b8df, L:/127.0.0.1:64390 - R:localhost/127.0.0.1:10889]' for 'GET' to 'http://localhost:10889/session/14f61660-7bcc-4279-b6a3-7163a94e0626/element/f6fbbac1-61ab-492a-97a0-617784cdb85f/text'
15:50:27.198 [Forwarding getElementText on session 14f61660-7bcc-4279-b6a3-7163a94e0626 to remote] DEBUG o.a.netty.request.NettyRequestSender - Using open Channel [id: 0x7c68b8df, L:/127.0.0.1:64390 - R:localhost/127.0.0.1:10889] for GET '/session/14f61660-7bcc-4279-b6a3-7163a94e0626/element/f6fbbac1-61ab-492a-97a0-617784cdb85f/text'
15:50:27.205 [AsyncHttpClient-3-1] DEBUG o.a.netty.handler.HttpHandler - 

Request DefaultFullHttpRequest(decodeResult: success, version: HTTP/1.1, content: EmptyByteBufBE)
GET /session/14f61660-7bcc-4279-b6a3-7163a94e0626/element/f6fbbac1-61ab-492a-97a0-617784cdb85f/text HTTP/1.1
User-Agent: selenium/4.0.0-alpha-5 (java windows)
Cache-Control: no-cache
host: localhost:10889
accept: */*

Response DefaultHttpResponse(decodeResult: success, version: HTTP/1.1)
HTTP/1.1 200 OK
content-type: application/json; charset=utf-8
cache-control: no-cache
content-length: 43
date: Thu, 25 Jun 2020 12:50:27 GMT

15:50:27.205 [AsyncHttpClient-3-1] DEBUG o.a.netty.channel.ChannelManager - Adding key: http://localhost:10889 for channel [id: 0x7c68b8df, L:/127.0.0.1:64390 - R:localhost/127.0.0.1:10889]
15:50:27.205 [Forwarding findChildElement on session 14f61660-7bcc-4279-b6a3-7163a94e0626 to remote] DEBUG o.a.netty.request.NettyRequestSender - Using pooled Channel '[id: 0x7c68b8df, L:/127.0.0.1:64390 - R:localhost/127.0.0.1:10889]' for 'POST' to 'http://localhost:10889/session/14f61660-7bcc-4279-b6a3-7163a94e0626/element/590b15d2-fcad-4ee7-ad58-3594e48225b4/element'
15:50:27.205 [Forwarding findChildElement on session 14f61660-7bcc-4279-b6a3-7163a94e0626 to remote] DEBUG o.a.netty.request.NettyRequestSender - Using open Channel [id: 0x7c68b8df, L:/127.0.0.1:64390 - R:localhost/127.0.0.1:10889] for POST '/session/14f61660-7bcc-4279-b6a3-7163a94e0626/element/590b15d2-fcad-4ee7-ad58-3594e48225b4/element'
15:50:27.230 [AsyncHttpClient-3-1] DEBUG o.a.netty.handler.HttpHandler - 

Request DefaultHttpRequest(decodeResult: success, version: HTTP/1.1)
POST /session/14f61660-7bcc-4279-b6a3-7163a94e0626/element/590b15d2-fcad-4ee7-ad58-3594e48225b4/element HTTP/1.1
User-Agent: selenium/4.0.0-alpha-5 (java windows)
Content-Length: 103
Content-Type: application/json; charset=utf-8
host: localhost:10889
accept: */*

Response DefaultHttpResponse(decodeResult: success, version: HTTP/1.1)
HTTP/1.1 200 OK
content-type: application/json; charset=utf-8
cache-control: no-cache
content-length: 88
date: Thu, 25 Jun 2020 12:50:27 GMT

15:50:27.230 [AsyncHttpClient-3-1] DEBUG o.a.netty.channel.ChannelManager - Adding key: http://localhost:10889 for channel [id: 0x7c68b8df, L:/127.0.0.1:64390 - R:localhost/127.0.0.1:10889]
15:50:27.230 [Forwarding getElementText on session 14f61660-7bcc-4279-b6a3-7163a94e0626 to remote] DEBUG o.a.netty.request.NettyRequestSender - Using pooled Channel '[id: 0x7c68b8df, L:/127.0.0.1:64390 - R:localhost/127.0.0.1:10889]' for 'GET' to 'http://localhost:10889/session/14f61660-7bcc-4279-b6a3-7163a94e0626/element/3d0ef553-9ba3-4e9c-abbd-b6cd8e6d5387/text'
15:50:27.230 [Forwarding getElementText on session 14f61660-7bcc-4279-b6a3-7163a94e0626 to remote] DEBUG o.a.netty.request.NettyRequestSender - Using open Channel [id: 0x7c68b8df, L:/127.0.0.1:64390 - R:localhost/127.0.0.1:10889] for GET '/session/14f61660-7bcc-4279-b6a3-7163a94e0626/element/3d0ef553-9ba3-4e9c-abbd-b6cd8e6d5387/text'
15:50:27.246 [AsyncHttpClient-3-1] DEBUG o.a.netty.handler.HttpHandler - 

Request DefaultFullHttpRequest(decodeResult: success, version: HTTP/1.1, content: EmptyByteBufBE)
GET /session/14f61660-7bcc-4279-b6a3-7163a94e0626/element/3d0ef553-9ba3-4e9c-abbd-b6cd8e6d5387/text HTTP/1.1
User-Agent: selenium/4.0.0-alpha-5 (java windows)
Cache-Control: no-cache
host: localhost:10889
accept: */*

Response DefaultHttpResponse(decodeResult: success, version: HTTP/1.1)
HTTP/1.1 200 OK
content-type: application/json; charset=utf-8
cache-control: no-cache
content-length: 60
date: Thu, 25 Jun 2020 12:50:27 GMT

15:50:27.246 [AsyncHttpClient-3-1] DEBUG o.a.netty.channel.ChannelManager - Adding key: http://localhost:10889 for channel [id: 0x7c68b8df, L:/127.0.0.1:64390 - R:localhost/127.0.0.1:10889]
15:50:27.247 [Forwarding findChildElement on session 14f61660-7bcc-4279-b6a3-7163a94e0626 to remote] DEBUG o.a.netty.request.NettyRequestSender - Using pooled Channel '[id: 0x7c68b8df, L:/127.0.0.1:64390 - R:localhost/127.0.0.1:10889]' for 'POST' to 'http://localhost:10889/session/14f61660-7bcc-4279-b6a3-7163a94e0626/element/590b15d2-fcad-4ee7-ad58-3594e48225b4/element'
15:50:27.247 [Forwarding findChildElement on session 14f61660-7bcc-4279-b6a3-7163a94e0626 to remote] DEBUG o.a.netty.request.NettyRequestSender - Using open Channel [id: 0x7c68b8df, L:/127.0.0.1:64390 - R:localhost/127.0.0.1:10889] for POST '/session/14f61660-7bcc-4279-b6a3-7163a94e0626/element/590b15d2-fcad-4ee7-ad58-3594e48225b4/element'
15:50:27.253 [AsyncHttpClient-3-1] DEBUG o.a.netty.handler.HttpHandler - 

Request DefaultHttpRequest(decodeResult: success, version: HTTP/1.1)
POST /session/14f61660-7bcc-4279-b6a3-7163a94e0626/element/590b15d2-fcad-4ee7-ad58-3594e48225b4/element HTTP/1.1
User-Agent: selenium/4.0.0-alpha-5 (java windows)
Content-Length: 97
Content-Type: application/json; charset=utf-8
host: localhost:10889
accept: */*

Response DefaultHttpResponse(decodeResult: success, version: HTTP/1.1)
HTTP/1.1 200 OK
content-type: application/json; charset=utf-8
cache-control: no-cache
content-length: 88
date: Thu, 25 Jun 2020 12:50:27 GMT

15:50:27.253 [AsyncHttpClient-3-1] DEBUG o.a.netty.channel.ChannelManager - Adding key: http://localhost:10889 for channel [id: 0x7c68b8df, L:/127.0.0.1:64390 - R:localhost/127.0.0.1:10889]
15:50:27.257 [Forwarding getElementAttribute on session 14f61660-7bcc-4279-b6a3-7163a94e0626 to remote] DEBUG o.a.netty.request.NettyRequestSender - Using pooled Channel '[id: 0x7c68b8df, L:/127.0.0.1:64390 - R:localhost/127.0.0.1:10889]' for 'POST' to 'http://localhost:10889/session/14f61660-7bcc-4279-b6a3-7163a94e0626/execute/sync'
15:50:27.257 [Forwarding getElementAttribute on session 14f61660-7bcc-4279-b6a3-7163a94e0626 to remote] DEBUG o.a.netty.request.NettyRequestSender - Using open Channel [id: 0x7c68b8df, L:/127.0.0.1:64390 - R:localhost/127.0.0.1:10889] for POST '/session/14f61660-7bcc-4279-b6a3-7163a94e0626/execute/sync'
15:50:27.269 [AsyncHttpClient-3-1] DEBUG o.a.netty.handler.HttpHandler - 

Request DefaultHttpRequest(decodeResult: success, version: HTTP/1.1)
POST /session/14f61660-7bcc-4279-b6a3-7163a94e0626/execute/sync HTTP/1.1
User-Agent: selenium/4.0.0-alpha-5 (java windows)
Content-Length: 39635
Content-Type: application/json; charset=utf-8
host: localhost:10889
accept: */*

Response DefaultHttpResponse(decodeResult: success, version: HTTP/1.1)
HTTP/1.1 200 OK
content-type: application/json; charset=utf-8
cache-control: no-cache
content-length: 15
date: Thu, 25 Jun 2020 12:50:27 GMT

15:50:27.269 [AsyncHttpClient-3-1] DEBUG o.a.netty.channel.ChannelManager - Adding key: http://localhost:10889 for channel [id: 0x7c68b8df, L:/127.0.0.1:64390 - R:localhost/127.0.0.1:10889]
15:50:27.269 [Forwarding findChildElement on session 14f61660-7bcc-4279-b6a3-7163a94e0626 to remote] DEBUG o.a.netty.request.NettyRequestSender - Using pooled Channel '[id: 0x7c68b8df, L:/127.0.0.1:64390 - R:localhost/127.0.0.1:10889]' for 'POST' to 'http://localhost:10889/session/14f61660-7bcc-4279-b6a3-7163a94e0626/element/44e4453d-00c8-43dc-8152-1d2581b60119/element'
15:50:27.270 [Forwarding findChildElement on session 14f61660-7bcc-4279-b6a3-7163a94e0626 to remote] DEBUG o.a.netty.request.NettyRequestSender - Using open Channel [id: 0x7c68b8df, L:/127.0.0.1:64390 - R:localhost/127.0.0.1:10889] for POST '/session/14f61660-7bcc-4279-b6a3-7163a94e0626/element/44e4453d-00c8-43dc-8152-1d2581b60119/element'
15:50:27.275 [AsyncHttpClient-3-1] DEBUG o.a.netty.handler.HttpHandler - 

Request DefaultHttpRequest(decodeResult: success, version: HTTP/1.1)
POST /session/14f61660-7bcc-4279-b6a3-7163a94e0626/element/44e4453d-00c8-43dc-8152-1d2581b60119/element HTTP/1.1
User-Agent: selenium/4.0.0-alpha-5 (java windows)
Content-Length: 103
Content-Type: application/json; charset=utf-8
host: localhost:10889
accept: */*

Response DefaultHttpResponse(decodeResult: success, version: HTTP/1.1)
HTTP/1.1 200 OK
content-type: application/json; charset=utf-8
cache-control: no-cache
content-length: 88
date: Thu, 25 Jun 2020 12:50:27 GMT

15:50:27.275 [AsyncHttpClient-3-1] DEBUG o.a.netty.channel.ChannelManager - Adding key: http://localhost:10889 for channel [id: 0x7c68b8df, L:/127.0.0.1:64390 - R:localhost/127.0.0.1:10889]
15:50:27.275 [Forwarding getElementText on session 14f61660-7bcc-4279-b6a3-7163a94e0626 to remote] DEBUG o.a.netty.request.NettyRequestSender - Using pooled Channel '[id: 0x7c68b8df, L:/127.0.0.1:64390 - R:localhost/127.0.0.1:10889]' for 'GET' to 'http://localhost:10889/session/14f61660-7bcc-4279-b6a3-7163a94e0626/element/e771a140-7384-4457-883f-af85de3fed0d/text'
15:50:27.275 [Forwarding getElementText on session 14f61660-7bcc-4279-b6a3-7163a94e0626 to remote] DEBUG o.a.netty.request.NettyRequestSender - Using open Channel [id: 0x7c68b8df, L:/127.0.0.1:64390 - R:localhost/127.0.0.1:10889] for GET '/session/14f61660-7bcc-4279-b6a3-7163a94e0626/element/e771a140-7384-4457-883f-af85de3fed0d/text'
15:50:27.288 [AsyncHttpClient-3-1] DEBUG o.a.netty.handler.HttpHandler - 

Request DefaultFullHttpRequest(decodeResult: success, version: HTTP/1.1, content: EmptyByteBufBE)
GET /session/14f61660-7bcc-4279-b6a3-7163a94e0626/element/e771a140-7384-4457-883f-af85de3fed0d/text HTTP/1.1
User-Agent: selenium/4.0.0-alpha-5 (java windows)
Cache-Control: no-cache
host: localhost:10889
accept: */*

Response DefaultHttpResponse(decodeResult: success, version: HTTP/1.1)
HTTP/1.1 200 OK
content-type: application/json; charset=utf-8
cache-control: no-cache
content-length: 19
date: Thu, 25 Jun 2020 12:50:27 GMT

15:50:27.288 [AsyncHttpClient-3-1] DEBUG o.a.netty.channel.ChannelManager - Adding key: http://localhost:10889 for channel [id: 0x7c68b8df, L:/127.0.0.1:64390 - R:localhost/127.0.0.1:10889]
15:50:27.289 [Forwarding findChildElement on session 14f61660-7bcc-4279-b6a3-7163a94e0626 to remote] DEBUG o.a.netty.request.NettyRequestSender - Using pooled Channel '[id: 0x7c68b8df, L:/127.0.0.1:64390 - R:localhost/127.0.0.1:10889]' for 'POST' to 'http://localhost:10889/session/14f61660-7bcc-4279-b6a3-7163a94e0626/element/44e4453d-00c8-43dc-8152-1d2581b60119/element'
15:50:27.289 [Forwarding findChildElement on session 14f61660-7bcc-4279-b6a3-7163a94e0626 to remote] DEBUG o.a.netty.request.NettyRequestSender - Using open Channel [id: 0x7c68b8df, L:/127.0.0.1:64390 - R:localhost/127.0.0.1:10889] for POST '/session/14f61660-7bcc-4279-b6a3-7163a94e0626/element/44e4453d-00c8-43dc-8152-1d2581b60119/element'
15:50:27.293 [AsyncHttpClient-3-1] DEBUG o.a.netty.handler.HttpHandler - 

Request DefaultHttpRequest(decodeResult: success, version: HTTP/1.1)
POST /session/14f61660-7bcc-4279-b6a3-7163a94e0626/element/44e4453d-00c8-43dc-8152-1d2581b60119/element HTTP/1.1
User-Agent: selenium/4.0.0-alpha-5 (java windows)
Content-Length: 103
Content-Type: application/json; charset=utf-8
host: localhost:10889
accept: */*

Response DefaultHttpResponse(decodeResult: success, version: HTTP/1.1)
HTTP/1.1 200 OK
content-type: application/json; charset=utf-8
cache-control: no-cache
content-length: 88
date: Thu, 25 Jun 2020 12:50:27 GMT

15:50:27.293 [AsyncHttpClient-3-1] DEBUG o.a.netty.channel.ChannelManager - Adding key: http://localhost:10889 for channel [id: 0x7c68b8df, L:/127.0.0.1:64390 - R:localhost/127.0.0.1:10889]
15:50:27.293 [Forwarding getElementText on session 14f61660-7bcc-4279-b6a3-7163a94e0626 to remote] DEBUG o.a.netty.request.NettyRequestSender - Using pooled Channel '[id: 0x7c68b8df, L:/127.0.0.1:64390 - R:localhost/127.0.0.1:10889]' for 'GET' to 'http://localhost:10889/session/14f61660-7bcc-4279-b6a3-7163a94e0626/element/20507428-7fbe-417d-9518-e66708c3cd81/text'
15:50:27.293 [Forwarding getElementText on session 14f61660-7bcc-4279-b6a3-7163a94e0626 to remote] DEBUG o.a.netty.request.NettyRequestSender - Using open Channel [id: 0x7c68b8df, L:/127.0.0.1:64390 - R:localhost/127.0.0.1:10889] for GET '/session/14f61660-7bcc-4279-b6a3-7163a94e0626/element/20507428-7fbe-417d-9518-e66708c3cd81/text'
15:50:27.299 [AsyncHttpClient-3-1] DEBUG o.a.netty.handler.HttpHandler - 

Request DefaultFullHttpRequest(decodeResult: success, version: HTTP/1.1, content: EmptyByteBufBE)
GET /session/14f61660-7bcc-4279-b6a3-7163a94e0626/element/20507428-7fbe-417d-9518-e66708c3cd81/text HTTP/1.1
User-Agent: selenium/4.0.0-alpha-5 (java windows)
Cache-Control: no-cache
host: localhost:10889
accept: */*

Response DefaultHttpResponse(decodeResult: success, version: HTTP/1.1)
HTTP/1.1 200 OK
content-type: application/json; charset=utf-8
cache-control: no-cache
content-length: 19
date: Thu, 25 Jun 2020 12:50:27 GMT

15:50:27.299 [AsyncHttpClient-3-1] DEBUG o.a.netty.channel.ChannelManager - Adding key: http://localhost:10889 for channel [id: 0x7c68b8df, L:/127.0.0.1:64390 - R:localhost/127.0.0.1:10889]
15:50:27.299 [Forwarding findChildElement on session 14f61660-7bcc-4279-b6a3-7163a94e0626 to remote] DEBUG o.a.netty.request.NettyRequestSender - Using pooled Channel '[id: 0x7c68b8df, L:/127.0.0.1:64390 - R:localhost/127.0.0.1:10889]' for 'POST' to 'http://localhost:10889/session/14f61660-7bcc-4279-b6a3-7163a94e0626/element/44e4453d-00c8-43dc-8152-1d2581b60119/element'
15:50:27.299 [Forwarding findChildElement on session 14f61660-7bcc-4279-b6a3-7163a94e0626 to remote] DEBUG o.a.netty.request.NettyRequestSender - Using open Channel [id: 0x7c68b8df, L:/127.0.0.1:64390 - R:localhost/127.0.0.1:10889] for POST '/session/14f61660-7bcc-4279-b6a3-7163a94e0626/element/44e4453d-00c8-43dc-8152-1d2581b60119/element'
15:50:27.303 [AsyncHttpClient-3-1] DEBUG o.a.netty.handler.HttpHandler - 

Request DefaultHttpRequest(decodeResult: success, version: HTTP/1.1)
POST /session/14f61660-7bcc-4279-b6a3-7163a94e0626/element/44e4453d-00c8-43dc-8152-1d2581b60119/element HTTP/1.1
User-Agent: selenium/4.0.0-alpha-5 (java windows)
Content-Length: 103
Content-Type: application/json; charset=utf-8
host: localhost:10889
accept: */*

Response DefaultHttpResponse(decodeResult: success, version: HTTP/1.1)
HTTP/1.1 200 OK
content-type: application/json; charset=utf-8
cache-control: no-cache
content-length: 88
date: Thu, 25 Jun 2020 12:50:27 GMT

15:50:27.303 [AsyncHttpClient-3-1] DEBUG o.a.netty.channel.ChannelManager - Adding key: http://localhost:10889 for channel [id: 0x7c68b8df, L:/127.0.0.1:64390 - R:localhost/127.0.0.1:10889]
15:50:27.304 [Forwarding getElementText on session 14f61660-7bcc-4279-b6a3-7163a94e0626 to remote] DEBUG o.a.netty.request.NettyRequestSender - Using pooled Channel '[id: 0x7c68b8df, L:/127.0.0.1:64390 - R:localhost/127.0.0.1:10889]' for 'GET' to 'http://localhost:10889/session/14f61660-7bcc-4279-b6a3-7163a94e0626/element/241809a0-0b72-410a-b0f1-32c8511fa710/text'
15:50:27.304 [Forwarding getElementText on session 14f61660-7bcc-4279-b6a3-7163a94e0626 to remote] DEBUG o.a.netty.request.NettyRequestSender - Using open Channel [id: 0x7c68b8df, L:/127.0.0.1:64390 - R:localhost/127.0.0.1:10889] for GET '/session/14f61660-7bcc-4279-b6a3-7163a94e0626/element/241809a0-0b72-410a-b0f1-32c8511fa710/text'
15:50:27.308 [AsyncHttpClient-3-1] DEBUG o.a.netty.handler.HttpHandler - 

Request DefaultFullHttpRequest(decodeResult: success, version: HTTP/1.1, content: EmptyByteBufBE)
GET /session/14f61660-7bcc-4279-b6a3-7163a94e0626/element/241809a0-0b72-410a-b0f1-32c8511fa710/text HTTP/1.1
User-Agent: selenium/4.0.0-alpha-5 (java windows)
Cache-Control: no-cache
host: localhost:10889
accept: */*

Response DefaultHttpResponse(decodeResult: success, version: HTTP/1.1)
HTTP/1.1 200 OK
content-type: application/json; charset=utf-8
cache-control: no-cache
content-length: 23
date: Thu, 25 Jun 2020 12:50:27 GMT

15:50:27.308 [AsyncHttpClient-3-1] DEBUG o.a.netty.channel.ChannelManager - Adding key: http://localhost:10889 for channel [id: 0x7c68b8df, L:/127.0.0.1:64390 - R:localhost/127.0.0.1:10889]
15:50:27.309 [Forwarding findChildElement on session 14f61660-7bcc-4279-b6a3-7163a94e0626 to remote] DEBUG o.a.netty.request.NettyRequestSender - Using pooled Channel '[id: 0x7c68b8df, L:/127.0.0.1:64390 - R:localhost/127.0.0.1:10889]' for 'POST' to 'http://localhost:10889/session/14f61660-7bcc-4279-b6a3-7163a94e0626/element/44e4453d-00c8-43dc-8152-1d2581b60119/element'
15:50:27.309 [Forwarding findChildElement on session 14f61660-7bcc-4279-b6a3-7163a94e0626 to remote] DEBUG o.a.netty.request.NettyRequestSender - Using open Channel [id: 0x7c68b8df, L:/127.0.0.1:64390 - R:localhost/127.0.0.1:10889] for POST '/session/14f61660-7bcc-4279-b6a3-7163a94e0626/element/44e4453d-00c8-43dc-8152-1d2581b60119/element'
15:50:27.313 [AsyncHttpClient-3-1] DEBUG o.a.netty.handler.HttpHandler - 

Request DefaultHttpRequest(decodeResult: success, version: HTTP/1.1)
POST /session/14f61660-7bcc-4279-b6a3-7163a94e0626/element/44e4453d-00c8-43dc-8152-1d2581b60119/element HTTP/1.1
User-Agent: selenium/4.0.0-alpha-5 (java windows)
Content-Length: 103
Content-Type: application/json; charset=utf-8
host: localhost:10889
accept: */*

Response DefaultHttpResponse(decodeResult: success, version: HTTP/1.1)
HTTP/1.1 200 OK
content-type: application/json; charset=utf-8
cache-control: no-cache
content-length: 88
date: Thu, 25 Jun 2020 12:50:27 GMT

15:50:27.313 [AsyncHttpClient-3-1] DEBUG o.a.netty.channel.ChannelManager - Adding key: http://localhost:10889 for channel [id: 0x7c68b8df, L:/127.0.0.1:64390 - R:localhost/127.0.0.1:10889]
15:50:27.313 [Forwarding getElementText on session 14f61660-7bcc-4279-b6a3-7163a94e0626 to remote] DEBUG o.a.netty.request.NettyRequestSender - Using pooled Channel '[id: 0x7c68b8df, L:/127.0.0.1:64390 - R:localhost/127.0.0.1:10889]' for 'GET' to 'http://localhost:10889/session/14f61660-7bcc-4279-b6a3-7163a94e0626/element/e36948a6-63c5-408c-8882-12d95c2b65f8/text'
15:50:27.313 [Forwarding getElementText on session 14f61660-7bcc-4279-b6a3-7163a94e0626 to remote] DEBUG o.a.netty.request.NettyRequestSender - Using open Channel [id: 0x7c68b8df, L:/127.0.0.1:64390 - R:localhost/127.0.0.1:10889] for GET '/session/14f61660-7bcc-4279-b6a3-7163a94e0626/element/e36948a6-63c5-408c-8882-12d95c2b65f8/text'
15:50:27.318 [AsyncHttpClient-3-1] DEBUG o.a.netty.handler.HttpHandler - 

Request DefaultFullHttpRequest(decodeResult: success, version: HTTP/1.1, content: EmptyByteBufBE)
GET /session/14f61660-7bcc-4279-b6a3-7163a94e0626/element/e36948a6-63c5-408c-8882-12d95c2b65f8/text HTTP/1.1
User-Agent: selenium/4.0.0-alpha-5 (java windows)
Cache-Control: no-cache
host: localhost:10889
accept: */*

Response DefaultHttpResponse(decodeResult: success, version: HTTP/1.1)
HTTP/1.1 200 OK
content-type: application/json; charset=utf-8
cache-control: no-cache
content-length: 45
date: Thu, 25 Jun 2020 12:50:27 GMT

15:50:27.319 [AsyncHttpClient-3-1] DEBUG o.a.netty.channel.ChannelManager - Adding key: http://localhost:10889 for channel [id: 0x7c68b8df, L:/127.0.0.1:64390 - R:localhost/127.0.0.1:10889]
15:50:27.319 [Forwarding findChildElement on session 14f61660-7bcc-4279-b6a3-7163a94e0626 to remote] DEBUG o.a.netty.request.NettyRequestSender - Using pooled Channel '[id: 0x7c68b8df, L:/127.0.0.1:64390 - R:localhost/127.0.0.1:10889]' for 'POST' to 'http://localhost:10889/session/14f61660-7bcc-4279-b6a3-7163a94e0626/element/44e4453d-00c8-43dc-8152-1d2581b60119/element'
15:50:27.319 [Forwarding findChildElement on session 14f61660-7bcc-4279-b6a3-7163a94e0626 to remote] DEBUG o.a.netty.request.NettyRequestSender - Using open Channel [id: 0x7c68b8df, L:/127.0.0.1:64390 - R:localhost/127.0.0.1:10889] for POST '/session/14f61660-7bcc-4279-b6a3-7163a94e0626/element/44e4453d-00c8-43dc-8152-1d2581b60119/element'
15:50:27.324 [AsyncHttpClient-3-1] DEBUG o.a.netty.handler.HttpHandler - 

Request DefaultHttpRequest(decodeResult: success, version: HTTP/1.1)
POST /session/14f61660-7bcc-4279-b6a3-7163a94e0626/element/44e4453d-00c8-43dc-8152-1d2581b60119/element HTTP/1.1
User-Agent: selenium/4.0.0-alpha-5 (java windows)
Content-Length: 103
Content-Type: application/json; charset=utf-8
host: localhost:10889
accept: */*

Response DefaultHttpResponse(decodeResult: success, version: HTTP/1.1)
HTTP/1.1 200 OK
content-type: application/json; charset=utf-8
cache-control: no-cache
content-length: 88
date: Thu, 25 Jun 2020 12:50:27 GMT

15:50:27.324 [AsyncHttpClient-3-1] DEBUG o.a.netty.channel.ChannelManager - Adding key: http://localhost:10889 for channel [id: 0x7c68b8df, L:/127.0.0.1:64390 - R:localhost/127.0.0.1:10889]
15:50:27.325 [Forwarding getElementText on session 14f61660-7bcc-4279-b6a3-7163a94e0626 to remote] DEBUG o.a.netty.request.NettyRequestSender - Using pooled Channel '[id: 0x7c68b8df, L:/127.0.0.1:64390 - R:localhost/127.0.0.1:10889]' for 'GET' to 'http://localhost:10889/session/14f61660-7bcc-4279-b6a3-7163a94e0626/element/772dcbfd-97ee-43e2-a7e8-9fc39981abc6/text'
15:50:27.325 [Forwarding getElementText on session 14f61660-7bcc-4279-b6a3-7163a94e0626 to remote] DEBUG o.a.netty.request.NettyRequestSender - Using open Channel [id: 0x7c68b8df, L:/127.0.0.1:64390 - R:localhost/127.0.0.1:10889] for GET '/session/14f61660-7bcc-4279-b6a3-7163a94e0626/element/772dcbfd-97ee-43e2-a7e8-9fc39981abc6/text'
15:50:27.333 [AsyncHttpClient-3-1] DEBUG o.a.netty.handler.HttpHandler - 

Request DefaultFullHttpRequest(decodeResult: success, version: HTTP/1.1, content: EmptyByteBufBE)
GET /session/14f61660-7bcc-4279-b6a3-7163a94e0626/element/772dcbfd-97ee-43e2-a7e8-9fc39981abc6/text HTTP/1.1
User-Agent: selenium/4.0.0-alpha-5 (java windows)
Cache-Control: no-cache
host: localhost:10889
accept: */*

Response DefaultHttpResponse(decodeResult: success, version: HTTP/1.1)
HTTP/1.1 200 OK
content-type: application/json; charset=utf-8
cache-control: no-cache
content-length: 62
date: Thu, 25 Jun 2020 12:50:27 GMT

15:50:27.333 [AsyncHttpClient-3-1] DEBUG o.a.netty.channel.ChannelManager - Adding key: http://localhost:10889 for channel [id: 0x7c68b8df, L:/127.0.0.1:64390 - R:localhost/127.0.0.1:10889]
15:50:27.334 [Forwarding findChildElement on session 14f61660-7bcc-4279-b6a3-7163a94e0626 to remote] DEBUG o.a.netty.request.NettyRequestSender - Using pooled Channel '[id: 0x7c68b8df, L:/127.0.0.1:64390 - R:localhost/127.0.0.1:10889]' for 'POST' to 'http://localhost:10889/session/14f61660-7bcc-4279-b6a3-7163a94e0626/element/44e4453d-00c8-43dc-8152-1d2581b60119/element'
15:50:27.334 [Forwarding findChildElement on session 14f61660-7bcc-4279-b6a3-7163a94e0626 to remote] DEBUG o.a.netty.request.NettyRequestSender - Using open Channel [id: 0x7c68b8df, L:/127.0.0.1:64390 - R:localhost/127.0.0.1:10889] for POST '/session/14f61660-7bcc-4279-b6a3-7163a94e0626/element/44e4453d-00c8-43dc-8152-1d2581b60119/element'
15:50:27.337 [AsyncHttpClient-3-1] DEBUG o.a.netty.handler.HttpHandler - 

Request DefaultHttpRequest(decodeResult: success, version: HTTP/1.1)
POST /session/14f61660-7bcc-4279-b6a3-7163a94e0626/element/44e4453d-00c8-43dc-8152-1d2581b60119/element HTTP/1.1
User-Agent: selenium/4.0.0-alpha-5 (java windows)
Content-Length: 97
Content-Type: application/json; charset=utf-8
host: localhost:10889
accept: */*

Response DefaultHttpResponse(decodeResult: success, version: HTTP/1.1)
HTTP/1.1 200 OK
content-type: application/json; charset=utf-8
cache-control: no-cache
content-length: 88
date: Thu, 25 Jun 2020 12:50:27 GMT

15:50:27.338 [AsyncHttpClient-3-1] DEBUG o.a.netty.channel.ChannelManager - Adding key: http://localhost:10889 for channel [id: 0x7c68b8df, L:/127.0.0.1:64390 - R:localhost/127.0.0.1:10889]
15:50:27.340 [Forwarding getElementAttribute on session 14f61660-7bcc-4279-b6a3-7163a94e0626 to remote] DEBUG o.a.netty.request.NettyRequestSender - Using pooled Channel '[id: 0x7c68b8df, L:/127.0.0.1:64390 - R:localhost/127.0.0.1:10889]' for 'POST' to 'http://localhost:10889/session/14f61660-7bcc-4279-b6a3-7163a94e0626/execute/sync'
15:50:27.340 [Forwarding getElementAttribute on session 14f61660-7bcc-4279-b6a3-7163a94e0626 to remote] DEBUG o.a.netty.request.NettyRequestSender - Using open Channel [id: 0x7c68b8df, L:/127.0.0.1:64390 - R:localhost/127.0.0.1:10889] for POST '/session/14f61660-7bcc-4279-b6a3-7163a94e0626/execute/sync'
15:50:27.352 [AsyncHttpClient-3-1] DEBUG o.a.netty.handler.HttpHandler - 

Request DefaultHttpRequest(decodeResult: success, version: HTTP/1.1)
POST /session/14f61660-7bcc-4279-b6a3-7163a94e0626/execute/sync HTTP/1.1
User-Agent: selenium/4.0.0-alpha-5 (java windows)
Content-Length: 39635
Content-Type: application/json; charset=utf-8
host: localhost:10889
accept: */*

Response DefaultHttpResponse(decodeResult: success, version: HTTP/1.1)
HTTP/1.1 200 OK
content-type: application/json; charset=utf-8
cache-control: no-cache
content-length: 15
date: Thu, 25 Jun 2020 12:50:27 GMT

15:50:27.353 [AsyncHttpClient-3-1] DEBUG o.a.netty.channel.ChannelManager - Adding key: http://localhost:10889 for channel [id: 0x7c68b8df, L:/127.0.0.1:64390 - R:localhost/127.0.0.1:10889]
15:50:27.353 [Forwarding findChildElement on session 14f61660-7bcc-4279-b6a3-7163a94e0626 to remote] DEBUG o.a.netty.request.NettyRequestSender - Using pooled Channel '[id: 0x7c68b8df, L:/127.0.0.1:64390 - R:localhost/127.0.0.1:10889]' for 'POST' to 'http://localhost:10889/session/14f61660-7bcc-4279-b6a3-7163a94e0626/element/ae6a5b41-1ece-4303-b079-109923b902be/element'
15:50:27.353 [Forwarding findChildElement on session 14f61660-7bcc-4279-b6a3-7163a94e0626 to remote] DEBUG o.a.netty.request.NettyRequestSender - Using open Channel [id: 0x7c68b8df, L:/127.0.0.1:64390 - R:localhost/127.0.0.1:10889] for POST '/session/14f61660-7bcc-4279-b6a3-7163a94e0626/element/ae6a5b41-1ece-4303-b079-109923b902be/element'
15:50:27.358 [AsyncHttpClient-3-1] DEBUG o.a.netty.handler.HttpHandler - 

Request DefaultHttpRequest(decodeResult: success, version: HTTP/1.1)
POST /session/14f61660-7bcc-4279-b6a3-7163a94e0626/element/ae6a5b41-1ece-4303-b079-109923b902be/element HTTP/1.1
User-Agent: selenium/4.0.0-alpha-5 (java windows)
Content-Length: 103
Content-Type: application/json; charset=utf-8
host: localhost:10889
accept: */*

Response DefaultHttpResponse(decodeResult: success, version: HTTP/1.1)
HTTP/1.1 200 OK
content-type: application/json; charset=utf-8
cache-control: no-cache
content-length: 88
date: Thu, 25 Jun 2020 12:50:27 GMT

15:50:27.358 [AsyncHttpClient-3-1] DEBUG o.a.netty.channel.ChannelManager - Adding key: http://localhost:10889 for channel [id: 0x7c68b8df, L:/127.0.0.1:64390 - R:localhost/127.0.0.1:10889]
15:50:27.358 [Forwarding getElementText on session 14f61660-7bcc-4279-b6a3-7163a94e0626 to remote] DEBUG o.a.netty.request.NettyRequestSender - Using pooled Channel '[id: 0x7c68b8df, L:/127.0.0.1:64390 - R:localhost/127.0.0.1:10889]' for 'GET' to 'http://localhost:10889/session/14f61660-7bcc-4279-b6a3-7163a94e0626/element/9aee536e-4a80-4e6d-aa68-55786e70caaa/text'
15:50:27.358 [Forwarding getElementText on session 14f61660-7bcc-4279-b6a3-7163a94e0626 to remote] DEBUG o.a.netty.request.NettyRequestSender - Using open Channel [id: 0x7c68b8df, L:/127.0.0.1:64390 - R:localhost/127.0.0.1:10889] for GET '/session/14f61660-7bcc-4279-b6a3-7163a94e0626/element/9aee536e-4a80-4e6d-aa68-55786e70caaa/text'
15:50:27.364 [AsyncHttpClient-3-1] DEBUG o.a.netty.handler.HttpHandler - 

Request DefaultFullHttpRequest(decodeResult: success, version: HTTP/1.1, content: EmptyByteBufBE)
GET /session/14f61660-7bcc-4279-b6a3-7163a94e0626/element/9aee536e-4a80-4e6d-aa68-55786e70caaa/text HTTP/1.1
User-Agent: selenium/4.0.0-alpha-5 (java windows)
Cache-Control: no-cache
host: localhost:10889
accept: */*

Response DefaultHttpResponse(decodeResult: success, version: HTTP/1.1)
HTTP/1.1 200 OK
content-type: application/json; charset=utf-8
cache-control: no-cache
content-length: 19
date: Thu, 25 Jun 2020 12:50:27 GMT

15:50:27.364 [AsyncHttpClient-3-1] DEBUG o.a.netty.channel.ChannelManager - Adding key: http://localhost:10889 for channel [id: 0x7c68b8df, L:/127.0.0.1:64390 - R:localhost/127.0.0.1:10889]
15:50:27.364 [Forwarding findChildElement on session 14f61660-7bcc-4279-b6a3-7163a94e0626 to remote] DEBUG o.a.netty.request.NettyRequestSender - Using pooled Channel '[id: 0x7c68b8df, L:/127.0.0.1:64390 - R:localhost/127.0.0.1:10889]' for 'POST' to 'http://localhost:10889/session/14f61660-7bcc-4279-b6a3-7163a94e0626/element/ae6a5b41-1ece-4303-b079-109923b902be/element'
15:50:27.364 [Forwarding findChildElement on session 14f61660-7bcc-4279-b6a3-7163a94e0626 to remote] DEBUG o.a.netty.request.NettyRequestSender - Using open Channel [id: 0x7c68b8df, L:/127.0.0.1:64390 - R:localhost/127.0.0.1:10889] for POST '/session/14f61660-7bcc-4279-b6a3-7163a94e0626/element/ae6a5b41-1ece-4303-b079-109923b902be/element'
15:50:27.368 [AsyncHttpClient-3-1] DEBUG o.a.netty.handler.HttpHandler - 

Request DefaultHttpRequest(decodeResult: success, version: HTTP/1.1)
POST /session/14f61660-7bcc-4279-b6a3-7163a94e0626/element/ae6a5b41-1ece-4303-b079-109923b902be/element HTTP/1.1
User-Agent: selenium/4.0.0-alpha-5 (java windows)
Content-Length: 103
Content-Type: application/json; charset=utf-8
host: localhost:10889
accept: */*

Response DefaultHttpResponse(decodeResult: success, version: HTTP/1.1)
HTTP/1.1 200 OK
content-type: application/json; charset=utf-8
cache-control: no-cache
content-length: 88
date: Thu, 25 Jun 2020 12:50:27 GMT

15:50:27.368 [AsyncHttpClient-3-1] DEBUG o.a.netty.channel.ChannelManager - Adding key: http://localhost:10889 for channel [id: 0x7c68b8df, L:/127.0.0.1:64390 - R:localhost/127.0.0.1:10889]
15:50:27.369 [Forwarding getElementText on session 14f61660-7bcc-4279-b6a3-7163a94e0626 to remote] DEBUG o.a.netty.request.NettyRequestSender - Using pooled Channel '[id: 0x7c68b8df, L:/127.0.0.1:64390 - R:localhost/127.0.0.1:10889]' for 'GET' to 'http://localhost:10889/session/14f61660-7bcc-4279-b6a3-7163a94e0626/element/2c57c32d-6698-4f72-a774-384a84c448c1/text'
15:50:27.369 [Forwarding getElementText on session 14f61660-7bcc-4279-b6a3-7163a94e0626 to remote] DEBUG o.a.netty.request.NettyRequestSender - Using open Channel [id: 0x7c68b8df, L:/127.0.0.1:64390 - R:localhost/127.0.0.1:10889] for GET '/session/14f61660-7bcc-4279-b6a3-7163a94e0626/element/2c57c32d-6698-4f72-a774-384a84c448c1/text'
15:50:27.373 [AsyncHttpClient-3-1] DEBUG o.a.netty.handler.HttpHandler - 

Request DefaultFullHttpRequest(decodeResult: success, version: HTTP/1.1, content: EmptyByteBufBE)
GET /session/14f61660-7bcc-4279-b6a3-7163a94e0626/element/2c57c32d-6698-4f72-a774-384a84c448c1/text HTTP/1.1
User-Agent: selenium/4.0.0-alpha-5 (java windows)
Cache-Control: no-cache
host: localhost:10889
accept: */*

Response DefaultHttpResponse(decodeResult: success, version: HTTP/1.1)
HTTP/1.1 200 OK
content-type: application/json; charset=utf-8
cache-control: no-cache
content-length: 19
date: Thu, 25 Jun 2020 12:50:27 GMT

15:50:27.374 [AsyncHttpClient-3-1] DEBUG o.a.netty.channel.ChannelManager - Adding key: http://localhost:10889 for channel [id: 0x7c68b8df, L:/127.0.0.1:64390 - R:localhost/127.0.0.1:10889]
15:50:27.374 [Forwarding findChildElement on session 14f61660-7bcc-4279-b6a3-7163a94e0626 to remote] DEBUG o.a.netty.request.NettyRequestSender - Using pooled Channel '[id: 0x7c68b8df, L:/127.0.0.1:64390 - R:localhost/127.0.0.1:10889]' for 'POST' to 'http://localhost:10889/session/14f61660-7bcc-4279-b6a3-7163a94e0626/element/ae6a5b41-1ece-4303-b079-109923b902be/element'
15:50:27.374 [Forwarding findChildElement on session 14f61660-7bcc-4279-b6a3-7163a94e0626 to remote] DEBUG o.a.netty.request.NettyRequestSender - Using open Channel [id: 0x7c68b8df, L:/127.0.0.1:64390 - R:localhost/127.0.0.1:10889] for POST '/session/14f61660-7bcc-4279-b6a3-7163a94e0626/element/ae6a5b41-1ece-4303-b079-109923b902be/element'
15:50:27.378 [AsyncHttpClient-3-1] DEBUG o.a.netty.handler.HttpHandler - 

Request DefaultHttpRequest(decodeResult: success, version: HTTP/1.1)
POST /session/14f61660-7bcc-4279-b6a3-7163a94e0626/element/ae6a5b41-1ece-4303-b079-109923b902be/element HTTP/1.1
User-Agent: selenium/4.0.0-alpha-5 (java windows)
Content-Length: 103
Content-Type: application/json; charset=utf-8
host: localhost:10889
accept: */*

Response DefaultHttpResponse(decodeResult: success, version: HTTP/1.1)
HTTP/1.1 200 OK
content-type: application/json; charset=utf-8
cache-control: no-cache
content-length: 88
date: Thu, 25 Jun 2020 12:50:27 GMT

15:50:27.378 [AsyncHttpClient-3-1] DEBUG o.a.netty.channel.ChannelManager - Adding key: http://localhost:10889 for channel [id: 0x7c68b8df, L:/127.0.0.1:64390 - R:localhost/127.0.0.1:10889]
15:50:27.378 [Forwarding getElementText on session 14f61660-7bcc-4279-b6a3-7163a94e0626 to remote] DEBUG o.a.netty.request.NettyRequestSender - Using pooled Channel '[id: 0x7c68b8df, L:/127.0.0.1:64390 - R:localhost/127.0.0.1:10889]' for 'GET' to 'http://localhost:10889/session/14f61660-7bcc-4279-b6a3-7163a94e0626/element/d4219965-4ad1-4fad-b33d-2add07d9a4d0/text'
15:50:27.378 [Forwarding getElementText on session 14f61660-7bcc-4279-b6a3-7163a94e0626 to remote] DEBUG o.a.netty.request.NettyRequestSender - Using open Channel [id: 0x7c68b8df, L:/127.0.0.1:64390 - R:localhost/127.0.0.1:10889] for GET '/session/14f61660-7bcc-4279-b6a3-7163a94e0626/element/d4219965-4ad1-4fad-b33d-2add07d9a4d0/text'
15:50:27.383 [AsyncHttpClient-3-1] DEBUG o.a.netty.handler.HttpHandler - 

Request DefaultFullHttpRequest(decodeResult: success, version: HTTP/1.1, content: EmptyByteBufBE)
GET /session/14f61660-7bcc-4279-b6a3-7163a94e0626/element/d4219965-4ad1-4fad-b33d-2add07d9a4d0/text HTTP/1.1
User-Agent: selenium/4.0.0-alpha-5 (java windows)
Cache-Control: no-cache
host: localhost:10889
accept: */*

Response DefaultHttpResponse(decodeResult: success, version: HTTP/1.1)
HTTP/1.1 200 OK
content-type: application/json; charset=utf-8
cache-control: no-cache
content-length: 23
date: Thu, 25 Jun 2020 12:50:27 GMT

15:50:27.383 [AsyncHttpClient-3-1] DEBUG o.a.netty.channel.ChannelManager - Adding key: http://localhost:10889 for channel [id: 0x7c68b8df, L:/127.0.0.1:64390 - R:localhost/127.0.0.1:10889]
15:50:27.384 [Forwarding findChildElement on session 14f61660-7bcc-4279-b6a3-7163a94e0626 to remote] DEBUG o.a.netty.request.NettyRequestSender - Using pooled Channel '[id: 0x7c68b8df, L:/127.0.0.1:64390 - R:localhost/127.0.0.1:10889]' for 'POST' to 'http://localhost:10889/session/14f61660-7bcc-4279-b6a3-7163a94e0626/element/ae6a5b41-1ece-4303-b079-109923b902be/element'
15:50:27.384 [Forwarding findChildElement on session 14f61660-7bcc-4279-b6a3-7163a94e0626 to remote] DEBUG o.a.netty.request.NettyRequestSender - Using open Channel [id: 0x7c68b8df, L:/127.0.0.1:64390 - R:localhost/127.0.0.1:10889] for POST '/session/14f61660-7bcc-4279-b6a3-7163a94e0626/element/ae6a5b41-1ece-4303-b079-109923b902be/element'
15:50:27.388 [AsyncHttpClient-3-1] DEBUG o.a.netty.handler.HttpHandler - 

Request DefaultHttpRequest(decodeResult: success, version: HTTP/1.1)
POST /session/14f61660-7bcc-4279-b6a3-7163a94e0626/element/ae6a5b41-1ece-4303-b079-109923b902be/element HTTP/1.1
User-Agent: selenium/4.0.0-alpha-5 (java windows)
Content-Length: 103
Content-Type: application/json; charset=utf-8
host: localhost:10889
accept: */*

Response DefaultHttpResponse(decodeResult: success, version: HTTP/1.1)
HTTP/1.1 200 OK
content-type: application/json; charset=utf-8
cache-control: no-cache
content-length: 88
date: Thu, 25 Jun 2020 12:50:27 GMT

15:50:27.388 [AsyncHttpClient-3-1] DEBUG o.a.netty.channel.ChannelManager - Adding key: http://localhost:10889 for channel [id: 0x7c68b8df, L:/127.0.0.1:64390 - R:localhost/127.0.0.1:10889]
15:50:27.388 [Forwarding getElementText on session 14f61660-7bcc-4279-b6a3-7163a94e0626 to remote] DEBUG o.a.netty.request.NettyRequestSender - Using pooled Channel '[id: 0x7c68b8df, L:/127.0.0.1:64390 - R:localhost/127.0.0.1:10889]' for 'GET' to 'http://localhost:10889/session/14f61660-7bcc-4279-b6a3-7163a94e0626/element/533272a1-61bd-4f92-91f5-5ec27601767b/text'
15:50:27.388 [Forwarding getElementText on session 14f61660-7bcc-4279-b6a3-7163a94e0626 to remote] DEBUG o.a.netty.request.NettyRequestSender - Using open Channel [id: 0x7c68b8df, L:/127.0.0.1:64390 - R:localhost/127.0.0.1:10889] for GET '/session/14f61660-7bcc-4279-b6a3-7163a94e0626/element/533272a1-61bd-4f92-91f5-5ec27601767b/text'
15:50:27.394 [AsyncHttpClient-3-1] DEBUG o.a.netty.handler.HttpHandler - 

Request DefaultFullHttpRequest(decodeResult: success, version: HTTP/1.1, content: EmptyByteBufBE)
GET /session/14f61660-7bcc-4279-b6a3-7163a94e0626/element/533272a1-61bd-4f92-91f5-5ec27601767b/text HTTP/1.1
User-Agent: selenium/4.0.0-alpha-5 (java windows)
Cache-Control: no-cache
host: localhost:10889
accept: */*

Response DefaultHttpResponse(decodeResult: success, version: HTTP/1.1)
HTTP/1.1 200 OK
content-type: application/json; charset=utf-8
cache-control: no-cache
content-length: 45
date: Thu, 25 Jun 2020 12:50:27 GMT

15:50:27.394 [AsyncHttpClient-3-1] DEBUG o.a.netty.channel.ChannelManager - Adding key: http://localhost:10889 for channel [id: 0x7c68b8df, L:/127.0.0.1:64390 - R:localhost/127.0.0.1:10889]
15:50:27.394 [Forwarding findChildElement on session 14f61660-7bcc-4279-b6a3-7163a94e0626 to remote] DEBUG o.a.netty.request.NettyRequestSender - Using pooled Channel '[id: 0x7c68b8df, L:/127.0.0.1:64390 - R:localhost/127.0.0.1:10889]' for 'POST' to 'http://localhost:10889/session/14f61660-7bcc-4279-b6a3-7163a94e0626/element/ae6a5b41-1ece-4303-b079-109923b902be/element'
15:50:27.394 [Forwarding findChildElement on session 14f61660-7bcc-4279-b6a3-7163a94e0626 to remote] DEBUG o.a.netty.request.NettyRequestSender - Using open Channel [id: 0x7c68b8df, L:/127.0.0.1:64390 - R:localhost/127.0.0.1:10889] for POST '/session/14f61660-7bcc-4279-b6a3-7163a94e0626/element/ae6a5b41-1ece-4303-b079-109923b902be/element'
15:50:27.398 [AsyncHttpClient-3-1] DEBUG o.a.netty.handler.HttpHandler - 

Request DefaultHttpRequest(decodeResult: success, version: HTTP/1.1)
POST /session/14f61660-7bcc-4279-b6a3-7163a94e0626/element/ae6a5b41-1ece-4303-b079-109923b902be/element HTTP/1.1
User-Agent: selenium/4.0.0-alpha-5 (java windows)
Content-Length: 103
Content-Type: application/json; charset=utf-8
host: localhost:10889
accept: */*

Response DefaultHttpResponse(decodeResult: success, version: HTTP/1.1)
HTTP/1.1 200 OK
content-type: application/json; charset=utf-8
cache-control: no-cache
content-length: 88
date: Thu, 25 Jun 2020 12:50:27 GMT

15:50:27.398 [AsyncHttpClient-3-1] DEBUG o.a.netty.channel.ChannelManager - Adding key: http://localhost:10889 for channel [id: 0x7c68b8df, L:/127.0.0.1:64390 - R:localhost/127.0.0.1:10889]
15:50:27.398 [Forwarding getElementText on session 14f61660-7bcc-4279-b6a3-7163a94e0626 to remote] DEBUG o.a.netty.request.NettyRequestSender - Using pooled Channel '[id: 0x7c68b8df, L:/127.0.0.1:64390 - R:localhost/127.0.0.1:10889]' for 'GET' to 'http://localhost:10889/session/14f61660-7bcc-4279-b6a3-7163a94e0626/element/aa3e2557-ac83-40ca-83d6-811d95093ac1/text'
15:50:27.398 [Forwarding getElementText on session 14f61660-7bcc-4279-b6a3-7163a94e0626 to remote] DEBUG o.a.netty.request.NettyRequestSender - Using open Channel [id: 0x7c68b8df, L:/127.0.0.1:64390 - R:localhost/127.0.0.1:10889] for GET '/session/14f61660-7bcc-4279-b6a3-7163a94e0626/element/aa3e2557-ac83-40ca-83d6-811d95093ac1/text'
15:50:27.407 [AsyncHttpClient-3-1] DEBUG o.a.netty.handler.HttpHandler - 

Request DefaultFullHttpRequest(decodeResult: success, version: HTTP/1.1, content: EmptyByteBufBE)
GET /session/14f61660-7bcc-4279-b6a3-7163a94e0626/element/aa3e2557-ac83-40ca-83d6-811d95093ac1/text HTTP/1.1
User-Agent: selenium/4.0.0-alpha-5 (java windows)
Cache-Control: no-cache
host: localhost:10889
accept: */*

Response DefaultHttpResponse(decodeResult: success, version: HTTP/1.1)
HTTP/1.1 200 OK
content-type: application/json; charset=utf-8
cache-control: no-cache
content-length: 62
date: Thu, 25 Jun 2020 12:50:27 GMT

15:50:27.407 [AsyncHttpClient-3-1] DEBUG o.a.netty.channel.ChannelManager - Adding key: http://localhost:10889 for channel [id: 0x7c68b8df, L:/127.0.0.1:64390 - R:localhost/127.0.0.1:10889]
15:50:27.408 [Forwarding findChildElement on session 14f61660-7bcc-4279-b6a3-7163a94e0626 to remote] DEBUG o.a.netty.request.NettyRequestSender - Using pooled Channel '[id: 0x7c68b8df, L:/127.0.0.1:64390 - R:localhost/127.0.0.1:10889]' for 'POST' to 'http://localhost:10889/session/14f61660-7bcc-4279-b6a3-7163a94e0626/element/ae6a5b41-1ece-4303-b079-109923b902be/element'
15:50:27.408 [Forwarding findChildElement on session 14f61660-7bcc-4279-b6a3-7163a94e0626 to remote] DEBUG o.a.netty.request.NettyRequestSender - Using open Channel [id: 0x7c68b8df, L:/127.0.0.1:64390 - R:localhost/127.0.0.1:10889] for POST '/session/14f61660-7bcc-4279-b6a3-7163a94e0626/element/ae6a5b41-1ece-4303-b079-109923b902be/element'
15:50:27.411 [AsyncHttpClient-3-1] DEBUG o.a.netty.handler.HttpHandler - 

Request DefaultHttpRequest(decodeResult: success, version: HTTP/1.1)
POST /session/14f61660-7bcc-4279-b6a3-7163a94e0626/element/ae6a5b41-1ece-4303-b079-109923b902be/element HTTP/1.1
User-Agent: selenium/4.0.0-alpha-5 (java windows)
Content-Length: 97
Content-Type: application/json; charset=utf-8
host: localhost:10889
accept: */*

Response DefaultHttpResponse(decodeResult: success, version: HTTP/1.1)
HTTP/1.1 200 OK
content-type: application/json; charset=utf-8
cache-control: no-cache
content-length: 88
date: Thu, 25 Jun 2020 12:50:27 GMT

15:50:27.411 [AsyncHttpClient-3-1] DEBUG o.a.netty.channel.ChannelManager - Adding key: http://localhost:10889 for channel [id: 0x7c68b8df, L:/127.0.0.1:64390 - R:localhost/127.0.0.1:10889]
15:50:27.414 [Forwarding getElementAttribute on session 14f61660-7bcc-4279-b6a3-7163a94e0626 to remote] DEBUG o.a.netty.request.NettyRequestSender - Using pooled Channel '[id: 0x7c68b8df, L:/127.0.0.1:64390 - R:localhost/127.0.0.1:10889]' for 'POST' to 'http://localhost:10889/session/14f61660-7bcc-4279-b6a3-7163a94e0626/execute/sync'
15:50:27.414 [Forwarding getElementAttribute on session 14f61660-7bcc-4279-b6a3-7163a94e0626 to remote] DEBUG o.a.netty.request.NettyRequestSender - Using open Channel [id: 0x7c68b8df, L:/127.0.0.1:64390 - R:localhost/127.0.0.1:10889] for POST '/session/14f61660-7bcc-4279-b6a3-7163a94e0626/execute/sync'
15:50:27.428 [AsyncHttpClient-3-1] DEBUG o.a.netty.handler.HttpHandler - 

Request DefaultHttpRequest(decodeResult: success, version: HTTP/1.1)
POST /session/14f61660-7bcc-4279-b6a3-7163a94e0626/execute/sync HTTP/1.1
User-Agent: selenium/4.0.0-alpha-5 (java windows)
Content-Length: 39635
Content-Type: application/json; charset=utf-8
host: localhost:10889
accept: */*

Response DefaultHttpResponse(decodeResult: success, version: HTTP/1.1)
HTTP/1.1 200 OK
content-type: application/json; charset=utf-8
cache-control: no-cache
content-length: 15
date: Thu, 25 Jun 2020 12:50:27 GMT

15:50:27.428 [AsyncHttpClient-3-1] DEBUG o.a.netty.channel.ChannelManager - Adding key: http://localhost:10889 for channel [id: 0x7c68b8df, L:/127.0.0.1:64390 - R:localhost/127.0.0.1:10889]
15:50:27.428 [Forwarding findChildElement on session 14f61660-7bcc-4279-b6a3-7163a94e0626 to remote] DEBUG o.a.netty.request.NettyRequestSender - Using pooled Channel '[id: 0x7c68b8df, L:/127.0.0.1:64390 - R:localhost/127.0.0.1:10889]' for 'POST' to 'http://localhost:10889/session/14f61660-7bcc-4279-b6a3-7163a94e0626/element/ebd20109-29d4-407f-8525-98b2405f9f24/element'
15:50:27.428 [Forwarding findChildElement on session 14f61660-7bcc-4279-b6a3-7163a94e0626 to remote] DEBUG o.a.netty.request.NettyRequestSender - Using open Channel [id: 0x7c68b8df, L:/127.0.0.1:64390 - R:localhost/127.0.0.1:10889] for POST '/session/14f61660-7bcc-4279-b6a3-7163a94e0626/element/ebd20109-29d4-407f-8525-98b2405f9f24/element'
15:50:27.432 [AsyncHttpClient-3-1] DEBUG o.a.netty.handler.HttpHandler - 

Request DefaultHttpRequest(decodeResult: success, version: HTTP/1.1)
POST /session/14f61660-7bcc-4279-b6a3-7163a94e0626/element/ebd20109-29d4-407f-8525-98b2405f9f24/element HTTP/1.1
User-Agent: selenium/4.0.0-alpha-5 (java windows)
Content-Length: 103
Content-Type: application/json; charset=utf-8
host: localhost:10889
accept: */*

Response DefaultHttpResponse(decodeResult: success, version: HTTP/1.1)
HTTP/1.1 200 OK
content-type: application/json; charset=utf-8
cache-control: no-cache
content-length: 88
date: Thu, 25 Jun 2020 12:50:27 GMT

15:50:27.433 [AsyncHttpClient-3-1] DEBUG o.a.netty.channel.ChannelManager - Adding key: http://localhost:10889 for channel [id: 0x7c68b8df, L:/127.0.0.1:64390 - R:localhost/127.0.0.1:10889]
15:50:27.433 [Forwarding getElementText on session 14f61660-7bcc-4279-b6a3-7163a94e0626 to remote] DEBUG o.a.netty.request.NettyRequestSender - Using pooled Channel '[id: 0x7c68b8df, L:/127.0.0.1:64390 - R:localhost/127.0.0.1:10889]' for 'GET' to 'http://localhost:10889/session/14f61660-7bcc-4279-b6a3-7163a94e0626/element/675a1ead-6948-4e00-a7f8-d84f36d4fd06/text'
15:50:27.433 [Forwarding getElementText on session 14f61660-7bcc-4279-b6a3-7163a94e0626 to remote] DEBUG o.a.netty.request.NettyRequestSender - Using open Channel [id: 0x7c68b8df, L:/127.0.0.1:64390 - R:localhost/127.0.0.1:10889] for GET '/session/14f61660-7bcc-4279-b6a3-7163a94e0626/element/675a1ead-6948-4e00-a7f8-d84f36d4fd06/text'
15:50:27.438 [AsyncHttpClient-3-1] DEBUG o.a.netty.handler.HttpHandler - 

Request DefaultFullHttpRequest(decodeResult: success, version: HTTP/1.1, content: EmptyByteBufBE)
GET /session/14f61660-7bcc-4279-b6a3-7163a94e0626/element/675a1ead-6948-4e00-a7f8-d84f36d4fd06/text HTTP/1.1
User-Agent: selenium/4.0.0-alpha-5 (java windows)
Cache-Control: no-cache
host: localhost:10889
accept: */*

Response DefaultHttpResponse(decodeResult: success, version: HTTP/1.1)
HTTP/1.1 200 OK
content-type: application/json; charset=utf-8
cache-control: no-cache
content-length: 19
date: Thu, 25 Jun 2020 12:50:27 GMT

15:50:27.438 [AsyncHttpClient-3-1] DEBUG o.a.netty.channel.ChannelManager - Adding key: http://localhost:10889 for channel [id: 0x7c68b8df, L:/127.0.0.1:64390 - R:localhost/127.0.0.1:10889]
15:50:27.438 [Forwarding findChildElement on session 14f61660-7bcc-4279-b6a3-7163a94e0626 to remote] DEBUG o.a.netty.request.NettyRequestSender - Using pooled Channel '[id: 0x7c68b8df, L:/127.0.0.1:64390 - R:localhost/127.0.0.1:10889]' for 'POST' to 'http://localhost:10889/session/14f61660-7bcc-4279-b6a3-7163a94e0626/element/ebd20109-29d4-407f-8525-98b2405f9f24/element'
15:50:27.438 [Forwarding findChildElement on session 14f61660-7bcc-4279-b6a3-7163a94e0626 to remote] DEBUG o.a.netty.request.NettyRequestSender - Using open Channel [id: 0x7c68b8df, L:/127.0.0.1:64390 - R:localhost/127.0.0.1:10889] for POST '/session/14f61660-7bcc-4279-b6a3-7163a94e0626/element/ebd20109-29d4-407f-8525-98b2405f9f24/element'
15:50:27.442 [AsyncHttpClient-3-1] DEBUG o.a.netty.handler.HttpHandler - 

Request DefaultHttpRequest(decodeResult: success, version: HTTP/1.1)
POST /session/14f61660-7bcc-4279-b6a3-7163a94e0626/element/ebd20109-29d4-407f-8525-98b2405f9f24/element HTTP/1.1
User-Agent: selenium/4.0.0-alpha-5 (java windows)
Content-Length: 103
Content-Type: application/json; charset=utf-8
host: localhost:10889
accept: */*

Response DefaultHttpResponse(decodeResult: success, version: HTTP/1.1)
HTTP/1.1 200 OK
content-type: application/json; charset=utf-8
cache-control: no-cache
content-length: 88
date: Thu, 25 Jun 2020 12:50:27 GMT

15:50:27.442 [AsyncHttpClient-3-1] DEBUG o.a.netty.channel.ChannelManager - Adding key: http://localhost:10889 for channel [id: 0x7c68b8df, L:/127.0.0.1:64390 - R:localhost/127.0.0.1:10889]
15:50:27.443 [Forwarding getElementText on session 14f61660-7bcc-4279-b6a3-7163a94e0626 to remote] DEBUG o.a.netty.request.NettyRequestSender - Using pooled Channel '[id: 0x7c68b8df, L:/127.0.0.1:64390 - R:localhost/127.0.0.1:10889]' for 'GET' to 'http://localhost:10889/session/14f61660-7bcc-4279-b6a3-7163a94e0626/element/870c2ccf-209a-4540-a10b-d57dc3824937/text'
15:50:27.443 [Forwarding getElementText on session 14f61660-7bcc-4279-b6a3-7163a94e0626 to remote] DEBUG o.a.netty.request.NettyRequestSender - Using open Channel [id: 0x7c68b8df, L:/127.0.0.1:64390 - R:localhost/127.0.0.1:10889] for GET '/session/14f61660-7bcc-4279-b6a3-7163a94e0626/element/870c2ccf-209a-4540-a10b-d57dc3824937/text'
15:50:27.448 [AsyncHttpClient-3-1] DEBUG o.a.netty.handler.HttpHandler - 

Request DefaultFullHttpRequest(decodeResult: success, version: HTTP/1.1, content: EmptyByteBufBE)
GET /session/14f61660-7bcc-4279-b6a3-7163a94e0626/element/870c2ccf-209a-4540-a10b-d57dc3824937/text HTTP/1.1
User-Agent: selenium/4.0.0-alpha-5 (java windows)
Cache-Control: no-cache
host: localhost:10889
accept: */*

Response DefaultHttpResponse(decodeResult: success, version: HTTP/1.1)
HTTP/1.1 200 OK
content-type: application/json; charset=utf-8
cache-control: no-cache
content-length: 19
date: Thu, 25 Jun 2020 12:50:27 GMT

15:50:27.448 [AsyncHttpClient-3-1] DEBUG o.a.netty.channel.ChannelManager - Adding key: http://localhost:10889 for channel [id: 0x7c68b8df, L:/127.0.0.1:64390 - R:localhost/127.0.0.1:10889]
15:50:27.448 [Forwarding findChildElement on session 14f61660-7bcc-4279-b6a3-7163a94e0626 to remote] DEBUG o.a.netty.request.NettyRequestSender - Using pooled Channel '[id: 0x7c68b8df, L:/127.0.0.1:64390 - R:localhost/127.0.0.1:10889]' for 'POST' to 'http://localhost:10889/session/14f61660-7bcc-4279-b6a3-7163a94e0626/element/ebd20109-29d4-407f-8525-98b2405f9f24/element'
15:50:27.448 [Forwarding findChildElement on session 14f61660-7bcc-4279-b6a3-7163a94e0626 to remote] DEBUG o.a.netty.request.NettyRequestSender - Using open Channel [id: 0x7c68b8df, L:/127.0.0.1:64390 - R:localhost/127.0.0.1:10889] for POST '/session/14f61660-7bcc-4279-b6a3-7163a94e0626/element/ebd20109-29d4-407f-8525-98b2405f9f24/element'
15:50:27.452 [AsyncHttpClient-3-1] DEBUG o.a.netty.handler.HttpHandler - 

Request DefaultHttpRequest(decodeResult: success, version: HTTP/1.1)
POST /session/14f61660-7bcc-4279-b6a3-7163a94e0626/element/ebd20109-29d4-407f-8525-98b2405f9f24/element HTTP/1.1
User-Agent: selenium/4.0.0-alpha-5 (java windows)
Content-Length: 103
Content-Type: application/json; charset=utf-8
host: localhost:10889
accept: */*

Response DefaultHttpResponse(decodeResult: success, version: HTTP/1.1)
HTTP/1.1 200 OK
content-type: application/json; charset=utf-8
cache-control: no-cache
content-length: 88
date: Thu, 25 Jun 2020 12:50:27 GMT

15:50:27.452 [AsyncHttpClient-3-1] DEBUG o.a.netty.channel.ChannelManager - Adding key: http://localhost:10889 for channel [id: 0x7c68b8df, L:/127.0.0.1:64390 - R:localhost/127.0.0.1:10889]
15:50:27.453 [Forwarding getElementText on session 14f61660-7bcc-4279-b6a3-7163a94e0626 to remote] DEBUG o.a.netty.request.NettyRequestSender - Using pooled Channel '[id: 0x7c68b8df, L:/127.0.0.1:64390 - R:localhost/127.0.0.1:10889]' for 'GET' to 'http://localhost:10889/session/14f61660-7bcc-4279-b6a3-7163a94e0626/element/16f38682-29e8-4398-9ad6-2b2885483202/text'
15:50:27.453 [Forwarding getElementText on session 14f61660-7bcc-4279-b6a3-7163a94e0626 to remote] DEBUG o.a.netty.request.NettyRequestSender - Using open Channel [id: 0x7c68b8df, L:/127.0.0.1:64390 - R:localhost/127.0.0.1:10889] for GET '/session/14f61660-7bcc-4279-b6a3-7163a94e0626/element/16f38682-29e8-4398-9ad6-2b2885483202/text'
15:50:27.458 [AsyncHttpClient-3-1] DEBUG o.a.netty.handler.HttpHandler - 

Request DefaultFullHttpRequest(decodeResult: success, version: HTTP/1.1, content: EmptyByteBufBE)
GET /session/14f61660-7bcc-4279-b6a3-7163a94e0626/element/16f38682-29e8-4398-9ad6-2b2885483202/text HTTP/1.1
User-Agent: selenium/4.0.0-alpha-5 (java windows)
Cache-Control: no-cache
host: localhost:10889
accept: */*

Response DefaultHttpResponse(decodeResult: success, version: HTTP/1.1)
HTTP/1.1 200 OK
content-type: application/json; charset=utf-8
cache-control: no-cache
content-length: 23
date: Thu, 25 Jun 2020 12:50:27 GMT

15:50:27.458 [AsyncHttpClient-3-1] DEBUG o.a.netty.channel.ChannelManager - Adding key: http://localhost:10889 for channel [id: 0x7c68b8df, L:/127.0.0.1:64390 - R:localhost/127.0.0.1:10889]
15:50:27.458 [Forwarding findChildElement on session 14f61660-7bcc-4279-b6a3-7163a94e0626 to remote] DEBUG o.a.netty.request.NettyRequestSender - Using pooled Channel '[id: 0x7c68b8df, L:/127.0.0.1:64390 - R:localhost/127.0.0.1:10889]' for 'POST' to 'http://localhost:10889/session/14f61660-7bcc-4279-b6a3-7163a94e0626/element/ebd20109-29d4-407f-8525-98b2405f9f24/element'
15:50:27.458 [Forwarding findChildElement on session 14f61660-7bcc-4279-b6a3-7163a94e0626 to remote] DEBUG o.a.netty.request.NettyRequestSender - Using open Channel [id: 0x7c68b8df, L:/127.0.0.1:64390 - R:localhost/127.0.0.1:10889] for POST '/session/14f61660-7bcc-4279-b6a3-7163a94e0626/element/ebd20109-29d4-407f-8525-98b2405f9f24/element'
15:50:27.463 [AsyncHttpClient-3-1] DEBUG o.a.netty.handler.HttpHandler - 

Request DefaultHttpRequest(decodeResult: success, version: HTTP/1.1)
POST /session/14f61660-7bcc-4279-b6a3-7163a94e0626/element/ebd20109-29d4-407f-8525-98b2405f9f24/element HTTP/1.1
User-Agent: selenium/4.0.0-alpha-5 (java windows)
Content-Length: 103
Content-Type: application/json; charset=utf-8
host: localhost:10889
accept: */*

Response DefaultHttpResponse(decodeResult: success, version: HTTP/1.1)
HTTP/1.1 200 OK
content-type: application/json; charset=utf-8
cache-control: no-cache
content-length: 88
date: Thu, 25 Jun 2020 12:50:27 GMT

15:50:27.463 [AsyncHttpClient-3-1] DEBUG o.a.netty.channel.ChannelManager - Adding key: http://localhost:10889 for channel [id: 0x7c68b8df, L:/127.0.0.1:64390 - R:localhost/127.0.0.1:10889]
15:50:27.463 [Forwarding getElementText on session 14f61660-7bcc-4279-b6a3-7163a94e0626 to remote] DEBUG o.a.netty.request.NettyRequestSender - Using pooled Channel '[id: 0x7c68b8df, L:/127.0.0.1:64390 - R:localhost/127.0.0.1:10889]' for 'GET' to 'http://localhost:10889/session/14f61660-7bcc-4279-b6a3-7163a94e0626/element/629fc577-194c-40e8-9ad5-8e75018b5047/text'
15:50:27.463 [Forwarding getElementText on session 14f61660-7bcc-4279-b6a3-7163a94e0626 to remote] DEBUG o.a.netty.request.NettyRequestSender - Using open Channel [id: 0x7c68b8df, L:/127.0.0.1:64390 - R:localhost/127.0.0.1:10889] for GET '/session/14f61660-7bcc-4279-b6a3-7163a94e0626/element/629fc577-194c-40e8-9ad5-8e75018b5047/text'
15:50:27.470 [AsyncHttpClient-3-1] DEBUG o.a.netty.handler.HttpHandler - 

Request DefaultFullHttpRequest(decodeResult: success, version: HTTP/1.1, content: EmptyByteBufBE)
GET /session/14f61660-7bcc-4279-b6a3-7163a94e0626/element/629fc577-194c-40e8-9ad5-8e75018b5047/text HTTP/1.1
User-Agent: selenium/4.0.0-alpha-5 (java windows)
Cache-Control: no-cache
host: localhost:10889
accept: */*

Response DefaultHttpResponse(decodeResult: success, version: HTTP/1.1)
HTTP/1.1 200 OK
content-type: application/json; charset=utf-8
cache-control: no-cache
content-length: 45
date: Thu, 25 Jun 2020 12:50:27 GMT

15:50:27.470 [AsyncHttpClient-3-1] DEBUG o.a.netty.channel.ChannelManager - Adding key: http://localhost:10889 for channel [id: 0x7c68b8df, L:/127.0.0.1:64390 - R:localhost/127.0.0.1:10889]
15:50:27.471 [Forwarding findChildElement on session 14f61660-7bcc-4279-b6a3-7163a94e0626 to remote] DEBUG o.a.netty.request.NettyRequestSender - Using pooled Channel '[id: 0x7c68b8df, L:/127.0.0.1:64390 - R:localhost/127.0.0.1:10889]' for 'POST' to 'http://localhost:10889/session/14f61660-7bcc-4279-b6a3-7163a94e0626/element/ebd20109-29d4-407f-8525-98b2405f9f24/element'
15:50:27.471 [Forwarding findChildElement on session 14f61660-7bcc-4279-b6a3-7163a94e0626 to remote] DEBUG o.a.netty.request.NettyRequestSender - Using open Channel [id: 0x7c68b8df, L:/127.0.0.1:64390 - R:localhost/127.0.0.1:10889] for POST '/session/14f61660-7bcc-4279-b6a3-7163a94e0626/element/ebd20109-29d4-407f-8525-98b2405f9f24/element'
15:50:27.476 [AsyncHttpClient-3-1] DEBUG o.a.netty.handler.HttpHandler - 

Request DefaultHttpRequest(decodeResult: success, version: HTTP/1.1)
POST /session/14f61660-7bcc-4279-b6a3-7163a94e0626/element/ebd20109-29d4-407f-8525-98b2405f9f24/element HTTP/1.1
User-Agent: selenium/4.0.0-alpha-5 (java windows)
Content-Length: 103
Content-Type: application/json; charset=utf-8
host: localhost:10889
accept: */*

Response DefaultHttpResponse(decodeResult: success, version: HTTP/1.1)
HTTP/1.1 200 OK
content-type: application/json; charset=utf-8
cache-control: no-cache
content-length: 88
date: Thu, 25 Jun 2020 12:50:27 GMT

15:50:27.476 [AsyncHttpClient-3-1] DEBUG o.a.netty.channel.ChannelManager - Adding key: http://localhost:10889 for channel [id: 0x7c68b8df, L:/127.0.0.1:64390 - R:localhost/127.0.0.1:10889]
15:50:27.476 [Forwarding getElementText on session 14f61660-7bcc-4279-b6a3-7163a94e0626 to remote] DEBUG o.a.netty.request.NettyRequestSender - Using pooled Channel '[id: 0x7c68b8df, L:/127.0.0.1:64390 - R:localhost/127.0.0.1:10889]' for 'GET' to 'http://localhost:10889/session/14f61660-7bcc-4279-b6a3-7163a94e0626/element/2b31e7a6-d7c5-49c0-b9a2-ae7b2cd6bb61/text'
15:50:27.476 [Forwarding getElementText on session 14f61660-7bcc-4279-b6a3-7163a94e0626 to remote] DEBUG o.a.netty.request.NettyRequestSender - Using open Channel [id: 0x7c68b8df, L:/127.0.0.1:64390 - R:localhost/127.0.0.1:10889] for GET '/session/14f61660-7bcc-4279-b6a3-7163a94e0626/element/2b31e7a6-d7c5-49c0-b9a2-ae7b2cd6bb61/text'
15:50:27.490 [AsyncHttpClient-3-1] DEBUG o.a.netty.handler.HttpHandler - 

Request DefaultFullHttpRequest(decodeResult: success, version: HTTP/1.1, content: EmptyByteBufBE)
GET /session/14f61660-7bcc-4279-b6a3-7163a94e0626/element/2b31e7a6-d7c5-49c0-b9a2-ae7b2cd6bb61/text HTTP/1.1
User-Agent: selenium/4.0.0-alpha-5 (java windows)
Cache-Control: no-cache
host: localhost:10889
accept: */*

Response DefaultHttpResponse(decodeResult: success, version: HTTP/1.1)
HTTP/1.1 200 OK
content-type: application/json; charset=utf-8
cache-control: no-cache
content-length: 62
date: Thu, 25 Jun 2020 12:50:27 GMT

15:50:27.490 [AsyncHttpClient-3-1] DEBUG o.a.netty.channel.ChannelManager - Adding key: http://localhost:10889 for channel [id: 0x7c68b8df, L:/127.0.0.1:64390 - R:localhost/127.0.0.1:10889]
15:50:27.491 [Forwarding findChildElement on session 14f61660-7bcc-4279-b6a3-7163a94e0626 to remote] DEBUG o.a.netty.request.NettyRequestSender - Using pooled Channel '[id: 0x7c68b8df, L:/127.0.0.1:64390 - R:localhost/127.0.0.1:10889]' for 'POST' to 'http://localhost:10889/session/14f61660-7bcc-4279-b6a3-7163a94e0626/element/ebd20109-29d4-407f-8525-98b2405f9f24/element'
15:50:27.491 [Forwarding findChildElement on session 14f61660-7bcc-4279-b6a3-7163a94e0626 to remote] DEBUG o.a.netty.request.NettyRequestSender - Using open Channel [id: 0x7c68b8df, L:/127.0.0.1:64390 - R:localhost/127.0.0.1:10889] for POST '/session/14f61660-7bcc-4279-b6a3-7163a94e0626/element/ebd20109-29d4-407f-8525-98b2405f9f24/element'
15:50:27.497 [AsyncHttpClient-3-1] DEBUG o.a.netty.handler.HttpHandler - 

Request DefaultHttpRequest(decodeResult: success, version: HTTP/1.1)
POST /session/14f61660-7bcc-4279-b6a3-7163a94e0626/element/ebd20109-29d4-407f-8525-98b2405f9f24/element HTTP/1.1
User-Agent: selenium/4.0.0-alpha-5 (java windows)
Content-Length: 97
Content-Type: application/json; charset=utf-8
host: localhost:10889
accept: */*

Response DefaultHttpResponse(decodeResult: success, version: HTTP/1.1)
HTTP/1.1 200 OK
content-type: application/json; charset=utf-8
cache-control: no-cache
content-length: 88
date: Thu, 25 Jun 2020 12:50:27 GMT

15:50:27.497 [AsyncHttpClient-3-1] DEBUG o.a.netty.channel.ChannelManager - Adding key: http://localhost:10889 for channel [id: 0x7c68b8df, L:/127.0.0.1:64390 - R:localhost/127.0.0.1:10889]
15:50:27.503 [Forwarding getElementAttribute on session 14f61660-7bcc-4279-b6a3-7163a94e0626 to remote] DEBUG o.a.netty.request.NettyRequestSender - Using pooled Channel '[id: 0x7c68b8df, L:/127.0.0.1:64390 - R:localhost/127.0.0.1:10889]' for 'POST' to 'http://localhost:10889/session/14f61660-7bcc-4279-b6a3-7163a94e0626/execute/sync'
15:50:27.503 [Forwarding getElementAttribute on session 14f61660-7bcc-4279-b6a3-7163a94e0626 to remote] DEBUG o.a.netty.request.NettyRequestSender - Using open Channel [id: 0x7c68b8df, L:/127.0.0.1:64390 - R:localhost/127.0.0.1:10889] for POST '/session/14f61660-7bcc-4279-b6a3-7163a94e0626/execute/sync'
15:50:27.517 [AsyncHttpClient-3-1] DEBUG o.a.netty.handler.HttpHandler - 

Request DefaultHttpRequest(decodeResult: success, version: HTTP/1.1)
POST /session/14f61660-7bcc-4279-b6a3-7163a94e0626/execute/sync HTTP/1.1
User-Agent: selenium/4.0.0-alpha-5 (java windows)
Content-Length: 39635
Content-Type: application/json; charset=utf-8
host: localhost:10889
accept: */*

Response DefaultHttpResponse(decodeResult: success, version: HTTP/1.1)
HTTP/1.1 200 OK
content-type: application/json; charset=utf-8
cache-control: no-cache
content-length: 15
date: Thu, 25 Jun 2020 12:50:27 GMT

15:50:27.517 [AsyncHttpClient-3-1] DEBUG o.a.netty.channel.ChannelManager - Adding key: http://localhost:10889 for channel [id: 0x7c68b8df, L:/127.0.0.1:64390 - R:localhost/127.0.0.1:10889]
15:50:27.518 [Forwarding findElements on session 14f61660-7bcc-4279-b6a3-7163a94e0626 to remote] DEBUG o.a.netty.request.NettyRequestSender - Using pooled Channel '[id: 0x7c68b8df, L:/127.0.0.1:64390 - R:localhost/127.0.0.1:10889]' for 'POST' to 'http://localhost:10889/session/14f61660-7bcc-4279-b6a3-7163a94e0626/elements'
15:50:27.518 [Forwarding findElements on session 14f61660-7bcc-4279-b6a3-7163a94e0626 to remote] DEBUG o.a.netty.request.NettyRequestSender - Using open Channel [id: 0x7c68b8df, L:/127.0.0.1:64390 - R:localhost/127.0.0.1:10889] for POST '/session/14f61660-7bcc-4279-b6a3-7163a94e0626/elements'
15:50:27.546 [AsyncHttpClient-3-1] DEBUG o.a.netty.handler.HttpHandler - 

Request DefaultHttpRequest(decodeResult: success, version: HTTP/1.1)
POST /session/14f61660-7bcc-4279-b6a3-7163a94e0626/elements HTTP/1.1
User-Agent: selenium/4.0.0-alpha-5 (java windows)
Content-Length: 64
Content-Type: application/json; charset=utf-8
host: localhost:10889
accept: */*

Response DefaultHttpResponse(decodeResult: success, version: HTTP/1.1)
HTTP/1.1 200 OK
content-type: application/json; charset=utf-8
cache-control: no-cache
content-length: 4514
date: Thu, 25 Jun 2020 12:50:27 GMT

15:50:27.546 [AsyncHttpClient-3-1] DEBUG o.a.netty.channel.ChannelManager - Adding key: http://localhost:10889 for channel [id: 0x7c68b8df, L:/127.0.0.1:64390 - R:localhost/127.0.0.1:10889]
15:50:27.549 [Test worker] INFO  my.pkg.addressbook.tests.TestBase - Stop test testContactModification
]]></system-out>
  <system-err><![CDATA[]]></system-err>
</testsuite>
